Loading page file profiles/lab06/pages/0x2a44b.yaml
Loading page file profiles/lab06/pages/0x2a460.yaml
Loading page file profiles/lab06/pages/0x2a4e3.yaml
Loading page file profiles/lab06/pages/0x2a4e5.yaml
Loading page file profiles/lab06/pages/0x2a800.yaml
Loading page file profiles/lab06/pages/0x2a804.yaml
Loading page file profiles/lab06/pages/0x2a805.yaml
Round 1
Subround 1
not enough
     Count  Value
58       1    1.0
385      1    1.0
285      1    1.0
117      1    1.0
79       1    1.0
39       1    1.0
490      1    1.0
56       1    1.0
423      1    1.0
91       1    1.0
497      1    1.0
492      1    1.0
495      1    1.0
234      1    1.0
225      1    1.0
499      1    1.0
82       1    1.0
177      1    1.0
246      1    1.0
112      1    1.0
     Count  Value
58       1    1.0
385      1    1.0
285      1    1.0
117      1    1.0
79       1    1.0
39       1    1.0
490      1    1.0
56       1    1.0
423      1    1.0
91       1    1.0
Current: [2, 3, 14, 15, 16, 17, 21, 22, 30, 31, 33, 36, 39, 40, 43, 44, 45, 46, 49, 50, 51, 52, 56, 57, 58, 60, 62, 63, 66, 68, 69, 71, 77, 79, 82, 84, 85, 87, 88, 89, 90, 91, 93, 94, 98, 99, 103, 107, 111, 112, 114, 115, 116, 117, 119, 121, 123, 124, 125, 129, 132, 134, 135, 137, 138, 139, 142, 147, 149, 153, 154, 156, 158, 159, 166, 167, 171, 172, 173, 174, 175, 177, 178, 180, 182, 184, 186, 187, 188, 189, 190, 191, 197, 200, 202, 203, 204, 207, 208, 210, 213, 214, 215, 217, 218, 219, 220, 222, 223, 225, 226, 230, 231, 232, 234, 235, 236, 238, 242, 243, 244, 246, 251, 254, 256, 258, 263, 265, 267, 269, 272, 273, 274, 275, 276, 277, 280, 283, 284, 285, 286, 288, 291, 292, 294, 295, 298, 299, 305, 306, 307, 309, 310, 312, 314, 315, 318, 320, 321, 323, 327, 328, 329, 330, 331, 332, 333, 334, 335, 339, 340, 341, 342, 352, 356, 357, 367, 368, 369, 370, 371, 374, 375, 376, 379, 382, 383, 385, 386, 389, 390, 392, 393, 394, 397, 400, 404, 405, 406, 407, 408, 409, 410, 413, 414, 416, 418, 419, 421, 423, 424, 427, 428, 431, 434, 435, 436, 440, 441, 442, 446, 447, 448, 451, 454, 455, 457, 458, 461, 462, 464, 469, 470, 473, 474, 475, 478, 479, 481, 483, 485, 489, 490, 492, 493, 494, 495, 496, 497, 499, 500, 502, 506, 507, 508, 511]
Subround 2
not enough
     Count  Value
218      2    1.0
138      2    1.0
93       2    1.0
235      2    1.0
379      2    1.0
269      2    1.0
356      2    1.0
171      2    1.0
341      2    1.0
368      2    1.0
489      2    1.0
374      2    1.0
156      2    1.0
116      2    1.0
256      2    1.0
500      2    1.0
511      2    1.0
285      2    1.0
117      2    1.0
107      2    1.0
     Count  Value
218      2    1.0
138      2    1.0
93       2    1.0
235      2    1.0
379      2    1.0
269      2    1.0
356      2    1.0
171      2    1.0
341      2    1.0
368      2    1.0
Current: [2, 14, 16, 17, 21, 22, 30, 31, 33, 36, 40, 43, 46, 49, 52, 56, 66, 68, 69, 71, 77, 79, 82, 84, 87, 89, 93, 98, 99, 103, 107, 111, 116, 117, 121, 123, 132, 134, 137, 138, 139, 149, 156, 159, 167, 171, 177, 184, 186, 189, 190, 191, 197, 202, 207, 210, 214, 217, 218, 220, 230, 235, 242, 243, 244, 254, 256, 258, 263, 269, 272, 275, 276, 277, 283, 285, 286, 288, 291, 294, 295, 299, 305, 306, 307, 310, 320, 323, 328, 330, 331, 334, 339, 341, 356, 357, 368, 374, 375, 379, 382, 386, 390, 397, 404, 405, 408, 409, 410, 413, 416, 424, 427, 431, 435, 454, 458, 464, 469, 473, 479, 481, 489, 490, 494, 495, 496, 499, 500, 508, 511]
Subround 3
not enough
     Count  Value
258      3    1.0
356      3    1.0
21       3    1.0
469      3    1.0
138      3    1.0
107      3    1.0
93       3    1.0
235      3    1.0
269      3    1.0
171      3    1.0
117      3    1.0
341      3    1.0
374      3    1.0
156      3    1.0
116      3    1.0
256      3    1.0
500      3    1.0
511      3    1.0
84       3    1.0
294      3    1.0
     Count  Value
258      3    1.0
356      3    1.0
21       3    1.0
469      3    1.0
138      3    1.0
107      3    1.0
93       3    1.0
235      3    1.0
269      3    1.0
171      3    1.0
Current: [2, 14, 17, 21, 22, 30, 31, 33, 36, 40, 46, 49, 52, 56, 68, 69, 71, 77, 79, 84, 87, 89, 93, 98, 99, 107, 111, 116, 117, 121, 123, 134, 137, 138, 139, 149, 156, 159, 167, 171, 184, 186, 189, 190, 191, 197, 202, 210, 214, 217, 218, 220, 230, 235, 242, 243, 244, 254, 256, 258, 263, 269, 272, 275, 276, 277, 283, 285, 286, 288, 291, 294, 299, 305, 306, 307, 310, 323, 328, 330, 331, 334, 339, 341, 356, 357, 368, 374, 375, 382, 386, 390, 397, 409, 410, 413, 416, 424, 431, 435, 454, 458, 464, 469, 479, 481, 494, 495, 499, 500, 508, 511]
Subround 4
not enough
     Count  Value
93       4    1.0
186      4    1.0
339      4    1.0
499      4    1.0
299      4    1.0
189      4    1.0
413      4    1.0
409      4    1.0
230      4    1.0
275      4    1.0
306      4    1.0
52       4    1.0
191      4    1.0
30       4    1.0
134      4    1.0
40       4    1.0
87       4    1.0
49       4    1.0
56       4    1.0
285      4    1.0
     Count  Value
93       4    1.0
186      4    1.0
339      4    1.0
499      4    1.0
299      4    1.0
189      4    1.0
413      4    1.0
409      4    1.0
230      4    1.0
275      4    1.0
Current: [2, 6, 7, 11, 14, 17, 18, 21, 22, 29, 30, 31, 33, 34, 36, 37, 40, 45, 46, 49, 52, 54, 56, 63, 68, 69, 71, 77, 79, 82, 84, 87, 89, 90, 91, 93, 95, 98, 99, 105, 107, 111, 116, 117, 121, 123, 130, 134, 137, 138, 139, 141, 146, 149, 151, 156, 157, 159, 167, 171, 176, 177, 181, 184, 186, 189, 190, 191, 194, 195, 196, 197, 198, 199, 202, 207, 210, 214, 215, 216, 217, 218, 220, 224, 227, 228, 230, 233, 235, 237, 242, 243, 244, 248, 252, 253, 254, 256, 257, 258, 259, 263, 269, 270, 272, 273, 275, 276, 277, 278, 281, 283, 285, 286, 288, 291, 294, 295, 299, 300, 305, 306, 307, 310, 316, 323, 328, 330, 331, 334, 339, 341, 344, 347, 350, 353, 356, 357, 368, 374, 375, 377, 379, 382, 386, 390, 397, 403, 404, 406, 408, 409, 410, 413, 416, 424, 427, 429, 431, 435, 436, 444, 447, 449, 454, 456, 458, 464, 465, 469, 471, 479, 481, 489, 494, 495, 498, 499, 500, 504, 508, 511]
Subround 5
not enough
     Count  Value
375      5    1.0
339      5    1.0
107      5    1.0
306      5    1.0
276      5    1.0
409      5    1.0
283      4    0.8
454      4    0.8
481      4    0.8
458      4    0.8
36       4    0.8
202      4    0.8
294      4    0.8
228      4    0.8
270      4    0.8
84       4    0.8
286      4    0.8
21       4    0.8
469      4    0.8
138      4    0.8
     Count  Value
375      5    1.0
339      5    1.0
107      5    1.0
306      5    1.0
276      5    1.0
409      5    1.0
283      4    0.8
454      4    0.8
481      4    0.8
458      4    0.8
Current: [2, 14, 17, 21, 30, 31, 33, 36, 40, 46, 49, 52, 56, 68, 69, 71, 77, 82, 84, 87, 89, 93, 98, 99, 107, 111, 116, 117, 121, 123, 134, 137, 138, 139, 149, 156, 159, 167, 171, 184, 186, 189, 190, 191, 197, 202, 210, 214, 217, 218, 220, 228, 230, 235, 242, 243, 244, 254, 256, 257, 258, 263, 269, 270, 272, 275, 276, 283, 285, 286, 288, 291, 294, 295, 299, 306, 307, 310, 323, 328, 330, 331, 334, 339, 341, 356, 357, 368, 374, 375, 382, 386, 390, 397, 404, 409, 410, 413, 416, 424, 431, 435, 454, 458, 464, 465, 469, 479, 481, 494, 495, 499, 500, 508, 511]
Subround 6
not enough
     Count     Value
409      6  1.000000
306      6  1.000000
375      6  1.000000
276      6  1.000000
339      6  1.000000
197      5  0.833333
511      5  0.833333
285      5  0.833333
117      5  0.833333
235      5  0.833333
186      5  0.833333
500      5  0.833333
242      5  0.833333
323      5  0.833333
87       5  0.833333
184      5  0.833333
244      5  0.833333
40       5  0.833333
49       5  0.833333
269      5  0.833333
     Count     Value
409      6  1.000000
306      6  1.000000
375      6  1.000000
276      6  1.000000
339      6  1.000000
197      5  0.833333
511      5  0.833333
285      5  0.833333
117      5  0.833333
235      5  0.833333
Current: [14, 21, 31, 40, 46, 49, 68, 69, 87, 98, 107, 117, 121, 156, 159, 167, 171, 184, 186, 189, 190, 197, 202, 210, 217, 235, 242, 244, 256, 263, 269, 276, 285, 291, 294, 299, 306, 307, 323, 330, 334, 339, 356, 368, 375, 382, 397, 409, 413, 431, 435, 458, 494, 499, 500, 508, 511]
Subround 7
not enough
     Count     Value
306      7  1.000000
276      7  1.000000
31       6  0.857143
291      6  0.857143
330      6  0.857143
431      6  0.857143
299      6  0.857143
217      6  0.857143
339      6  0.857143
323      6  0.857143
256      6  0.857143
210      6  0.857143
107      6  0.857143
117      6  0.857143
307      6  0.857143
171      6  0.857143
409      6  0.857143
508      6  0.857143
375      6  0.857143
331      5  0.714286
     Count     Value
306      7  1.000000
276      7  1.000000
31       6  0.857143
291      6  0.857143
330      6  0.857143
431      6  0.857143
299      6  0.857143
217      6  0.857143
339      6  0.857143
323      6  0.857143
Current: [2, 6, 14, 17, 21, 23, 29, 31, 34, 36, 40, 46, 49, 52, 67, 68, 69, 77, 84, 87, 98, 99, 103, 105, 107, 117, 121, 134, 137, 138, 139, 149, 150, 156, 159, 167, 171, 184, 186, 189, 190, 191, 192, 197, 202, 210, 217, 218, 228, 230, 235, 242, 243, 244, 248, 256, 257, 258, 263, 269, 272, 275, 276, 283, 285, 288, 291, 294, 295, 299, 305, 306, 307, 310, 323, 330, 331, 334, 339, 341, 352, 356, 357, 368, 375, 382, 397, 403, 404, 406, 409, 410, 413, 416, 430, 431, 435, 436, 454, 458, 464, 465, 469, 479, 481, 487, 494, 499, 500, 504, 508, 511]
Subround 8
not enough
     Count  Value
276      8  1.000
323      7  0.875
339      7  0.875
217      7  0.875
210      7  0.875
306      7  0.875
107      7  0.875
228      6  0.750
291      6  0.750
334      6  0.750
121      6  0.750
159      6  0.750
248      6  0.750
242      6  0.750
331      6  0.750
469      6  0.750
397      6  0.750
305      6  0.750
416      6  0.750
99       6  0.750
     Count  Value
276      8  1.000
323      7  0.875
339      7  0.875
217      7  0.875
210      7  0.875
306      7  0.875
107      7  0.875
228      6  0.750
291      6  0.750
334      6  0.750
Current: [6, 21, 31, 34, 40, 52, 67, 69, 77, 84, 87, 98, 99, 103, 107, 117, 121, 137, 138, 149, 150, 159, 171, 190, 191, 192, 210, 217, 228, 230, 242, 243, 244, 248, 256, 258, 263, 269, 272, 275, 276, 283, 288, 291, 295, 299, 305, 306, 307, 323, 330, 331, 334, 339, 341, 352, 375, 382, 397, 403, 404, 409, 413, 416, 430, 431, 436, 454, 465, 469, 479, 481, 494, 500, 508]
Subround 9
not enough
     Count     Value
276      9  1.000000
210      8  0.888889
217      8  0.888889
339      8  0.888889
323      8  0.888889
330      7  0.777778
288      7  0.777778
409      7  0.777778
299      7  0.777778
481      7  0.777778
230      7  0.777778
416      7  0.777778
305      7  0.777778
431      7  0.777778
242      7  0.777778
243      7  0.777778
159      7  0.777778
99       7  0.777778
334      7  0.777778
306      7  0.777778
     Count     Value
276      9  1.000000
210      8  0.888889
217      8  0.888889
339      8  0.888889
323      8  0.888889
330      7  0.777778
288      7  0.777778
409      7  0.777778
299      7  0.777778
481      7  0.777778
Current: [69, 77, 99, 107, 117, 138, 150, 159, 191, 192, 210, 217, 230, 242, 243, 256, 263, 269, 272, 276, 288, 299, 305, 306, 323, 330, 334, 339, 352, 382, 397, 403, 409, 416, 430, 431, 436, 465, 469, 481, 494, 508]
Subround 10
not enough
     Count  Value
276     10    1.0
339      9    0.9
210      9    0.9
323      9    0.9
217      9    0.9
288      8    0.8
305      8    0.8
352      8    0.8
77       8    0.8
192      8    0.8
334      8    0.8
465      8    0.8
481      8    0.8
117      8    0.8
69       8    0.8
330      8    0.8
243      8    0.8
107      8    0.8
397      8    0.8
416      8    0.8
     Count  Value
276     10    1.0
339      9    0.9
210      9    0.9
323      9    0.9
217      9    0.9
288      8    0.8
305      8    0.8
352      8    0.8
77       8    0.8
192      8    0.8
Current: [69, 77, 107, 117, 192, 210, 217, 243, 276, 288, 305, 323, 330, 334, 339, 352, 397, 416, 465, 481]
Subround 11
not enough
     Count     Value
210     10  0.909091
339     10  0.909091
323     10  0.909091
276     10  0.909091
117      9  0.818182
334      9  0.818182
481      9  0.818182
416      9  0.818182
217      9  0.818182
397      9  0.818182
69       9  0.818182
352      9  0.818182
243      9  0.818182
192      9  0.818182
275      8  0.727273
299      8  0.727273
348      8  0.727273
402      8  0.727273
499      8  0.727273
47       8  0.727273
     Count     Value
210     10  0.909091
339     10  0.909091
323     10  0.909091
276     10  0.909091
117      9  0.818182
334      9  0.818182
481      9  0.818182
416      9  0.818182
217      9  0.818182
397      9  0.818182
Current: [5, 31, 34, 47, 52, 57, 69, 71, 77, 99, 107, 117, 137, 149, 158, 192, 202, 210, 217, 218, 230, 243, 244, 252, 256, 269, 272, 275, 276, 288, 296, 299, 305, 323, 330, 333, 334, 339, 348, 352, 375, 397, 402, 416, 424, 430, 431, 465, 477, 481, 490, 499, 500, 505]
Subround 12
not enough
     Count     Value
339     11  0.916667
323     11  0.916667
210     10  0.833333
217     10  0.833333
352     10  0.833333
243     10  0.833333
192     10  0.833333
334     10  0.833333
276     10  0.833333
69      10  0.833333
117      9  0.750000
57       9  0.750000
481      9  0.750000
158      9  0.750000
47       9  0.750000
424      9  0.750000
275      9  0.750000
252      9  0.750000
430      9  0.750000
397      9  0.750000
     Count     Value
339     11  0.916667
323     11  0.916667
210     10  0.833333
217     10  0.833333
352     10  0.833333
243     10  0.833333
192     10  0.833333
334     10  0.833333
276     10  0.833333
69      10  0.833333
Current: [5, 47, 57, 69, 71, 117, 137, 158, 192, 210, 217, 218, 230, 243, 244, 252, 269, 275, 276, 323, 334, 339, 348, 352, 397, 416, 424, 430, 477, 481, 505]
Subround 13
not enough
     Count     Value
323     12  0.923077
339     12  0.923077
69      11  0.846154
243     11  0.846154
276     11  0.846154
481     10  0.769231
252     10  0.769231
217     10  0.769231
416     10  0.769231
424     10  0.769231
47      10  0.769231
334     10  0.769231
57      10  0.769231
269     10  0.769231
397     10  0.769231
275     10  0.769231
210     10  0.769231
352     10  0.769231
137     10  0.769231
192     10  0.769231
     Count     Value
323     12  0.923077
339     12  0.923077
69      11  0.846154
243     11  0.846154
276     11  0.846154
481     10  0.769231
252     10  0.769231
217     10  0.769231
416     10  0.769231
424     10  0.769231
Current: [47, 57, 69, 137, 192, 210, 217, 243, 252, 269, 275, 276, 323, 334, 339, 352, 397, 416, 424, 481]
Subround 14
not enough
     Count     Value
339     13  0.928571
69      12  0.857143
323     12  0.857143
243     12  0.857143
192     11  0.785714
57      11  0.785714
210     11  0.785714
352     11  0.785714
47      11  0.785714
397     11  0.785714
276     11  0.785714
424     11  0.785714
416     11  0.785714
252     11  0.785714
137     11  0.785714
272     10  0.714286
156     10  0.714286
481     10  0.714286
150     10  0.714286
490     10  0.714286
     Count     Value
339     13  0.928571
69      12  0.857143
323     12  0.857143
243     12  0.857143
192     11  0.785714
57      11  0.785714
210     11  0.785714
352     11  0.785714
47      11  0.785714
397     11  0.785714
Current: [31, 34, 47, 52, 57, 69, 99, 137, 150, 156, 158, 192, 210, 217, 218, 227, 230, 243, 244, 252, 269, 272, 275, 276, 299, 323, 334, 339, 352, 397, 402, 416, 424, 430, 477, 481, 490, 505]
Subround 15
not enough
     Count     Value
339     14  0.933333
243     13  0.866667
137     12  0.800000
424     12  0.800000
192     12  0.800000
210     12  0.800000
323     12  0.800000
252     12  0.800000
276     12  0.800000
397     12  0.800000
69      12  0.800000
269     11  0.733333
57      11  0.733333
227     11  0.733333
416     11  0.733333
99      11  0.733333
275     11  0.733333
230     11  0.733333
31      11  0.733333
430     11  0.733333
     Count     Value
339     14  0.933333
243     13  0.866667
137     12  0.800000
424     12  0.800000
192     12  0.800000
210     12  0.800000
323     12  0.800000
252     12  0.800000
276     12  0.800000
397     12  0.800000
Current: [31, 47, 57, 69, 99, 137, 150, 158, 192, 210, 217, 227, 230, 243, 244, 252, 269, 272, 275, 276, 323, 339, 352, 397, 416, 424, 430, 505]
Subround 16
not enough
     Count   Value
339     15  0.9375
243     14  0.8750
397     13  0.8125
252     13  0.8125
210     13  0.8125
137     13  0.8125
276     13  0.8125
99      12  0.7500
230     12  0.7500
69      12  0.7500
430     12  0.7500
57      12  0.7500
192     12  0.7500
275     12  0.7500
150     12  0.7500
323     12  0.7500
424     12  0.7500
505     12  0.7500
272     12  0.7500
269     12  0.7500
     Count   Value
339     15  0.9375
243     14  0.8750
397     13  0.8125
252     13  0.8125
210     13  0.8125
137     13  0.8125
276     13  0.8125
99      12  0.7500
230     12  0.7500
69      12  0.7500
Current: [57, 69, 99, 137, 150, 192, 210, 227, 230, 243, 252, 269, 272, 275, 276, 323, 339, 397, 416, 424, 430, 505]
Subround 17
not enough
     Count     Value
339     16  0.941176
243     15  0.882353
252     14  0.823529
137     14  0.823529
227     13  0.764706
57      13  0.764706
230     13  0.764706
505     13  0.764706
323     13  0.764706
272     13  0.764706
99      13  0.764706
276     13  0.764706
192     13  0.764706
210     13  0.764706
424     13  0.764706
416     13  0.764706
397     13  0.764706
244     12  0.705882
269     12  0.705882
52      12  0.705882
     Count     Value
339     16  0.941176
243     15  0.882353
252     14  0.823529
137     14  0.823529
227     13  0.764706
57      13  0.764706
230     13  0.764706
505     13  0.764706
323     13  0.764706
272     13  0.764706
Current: [5, 34, 47, 52, 57, 69, 99, 121, 137, 138, 150, 158, 192, 210, 227, 230, 243, 244, 252, 269, 272, 275, 276, 294, 323, 339, 352, 382, 397, 398, 410, 416, 424, 430, 461, 465, 505]
Subround 18
not enough
     Count     Value
339     17  0.944444
243     16  0.888889
252     15  0.833333
276     14  0.777778
227     14  0.777778
416     14  0.777778
57      14  0.777778
137     14  0.777778
210     14  0.777778
397     14  0.777778
424     13  0.722222
410     13  0.722222
272     13  0.722222
99      13  0.722222
5       13  0.722222
461     13  0.722222
323     13  0.722222
69      13  0.722222
230     13  0.722222
505     13  0.722222
     Count     Value
339     17  0.944444
243     16  0.888889
252     15  0.833333
276     14  0.777778
227     14  0.777778
416     14  0.777778
57      14  0.777778
137     14  0.777778
210     14  0.777778
397     14  0.777778
Current: [5, 47, 52, 57, 69, 99, 137, 138, 158, 192, 210, 227, 230, 243, 252, 269, 272, 275, 276, 294, 323, 339, 382, 397, 398, 410, 416, 424, 430, 461, 465, 505]
Subround 19
not enough
     Count     Value
339     18  0.947368
243     17  0.894737
210     15  0.789474
416     15  0.789474
227     15  0.789474
252     15  0.789474
137     15  0.789474
465     14  0.736842
138     14  0.736842
382     14  0.736842
410     14  0.736842
276     14  0.736842
57      14  0.736842
397     14  0.736842
398     14  0.736842
158     14  0.736842
230     13  0.684211
150     13  0.684211
47      13  0.684211
368     13  0.684211
     Count     Value
339     18  0.947368
243     17  0.894737
210     15  0.789474
416     15  0.789474
227     15  0.789474
252     15  0.789474
137     15  0.789474
465     14  0.736842
138     14  0.736842
382     14  0.736842
Current: [57, 137, 138, 158, 210, 227, 243, 252, 276, 339, 382, 397, 398, 410, 416, 465]
Subround 20
     Count  Value
339     19   0.95
243     18   0.90
416     16   0.80
137     16   0.80
252     15   0.75
227     15   0.75
276     15   0.75
382     15   0.75
158     15   0.75
210     15   0.75
465     14   0.70
402     14   0.70
6       14   0.70
145     14   0.70
400     14   0.70
0       14   0.70
461     14   0.70
454     14   0.70
5       14   0.70
150     14   0.70
     Count  Value
339     19   0.95
243     18   0.90
416     16   0.80
137     16   0.80
252     15   0.75
227     15   0.75
276     15   0.75
382     15   0.75
158     15   0.75
210     15   0.75
Current: [137, 158, 210, 227, 243, 252, 276, 339, 382, 416]
Round 2
Subround 1
not enough
     Count     Value
339     20  0.952381
243     18  0.857143
416     17  0.809524
137     17  0.809524
252     16  0.761905
382     16  0.761905
227     15  0.714286
276     15  0.714286
158     15  0.714286
210     15  0.714286
465     14  0.666667
402     14  0.666667
6       14  0.666667
145     14  0.666667
400     14  0.666667
0       14  0.666667
461     14  0.666667
454     14  0.666667
5       14  0.666667
150     14  0.666667
     Count  Value
137      1    1.0
382      1    1.0
339      1    1.0
416      1    1.0
252      1    1.0
Current: [137, 243, 339, 416]
Subround 2
not enough
     Count     Value
339     20  0.909091
243     19  0.863636
137     18  0.818182
252     17  0.772727
416     17  0.772727
210     16  0.727273
158     16  0.727273
382     16  0.727273
227     15  0.681818
276     15  0.681818
465     14  0.636364
6       14  0.636364
402     14  0.636364
145     14  0.636364
400     14  0.636364
0       14  0.636364
461     14  0.636364
454     14  0.636364
5       14  0.636364
150     14  0.636364
     Count  Value
137      2    1.0
252      2    1.0
382      1    0.5
339      1    0.5
416      1    0.5
210      1    0.5
243      1    0.5
158      1    0.5
Current: [137, 243, 339]
Subround 3
not enough
     Count     Value
339     21  0.913043
243     19  0.826087
137     19  0.826087
416     17  0.739130
210     17  0.739130
252     17  0.739130
158     17  0.739130
276     16  0.695652
382     16  0.695652
227     15  0.652174
465     14  0.608696
6       14  0.608696
402     14  0.608696
145     14  0.608696
400     14  0.608696
0       14  0.608696
461     14  0.608696
454     14  0.608696
5       14  0.608696
150     14  0.608696
     Count     Value
137      3  1.000000
339      2  0.666667
252      2  0.666667
210      2  0.666667
158      2  0.666667
382      1  0.333333
416      1  0.333333
243      1  0.333333
276      1  0.333333
Current: [137, 243, 339]
Subround 4
not enough
     Count     Value
339     22  0.916667
137     19  0.791667
243     19  0.791667
252     18  0.750000
158     18  0.750000
416     18  0.750000
210     17  0.708333
382     17  0.708333
276     16  0.666667
227     15  0.625000
465     14  0.583333
6       14  0.583333
402     14  0.583333
145     14  0.583333
400     14  0.583333
0       14  0.583333
461     14  0.583333
454     14  0.583333
5       14  0.583333
150     14  0.583333
     Count  Value
137      3   0.75
339      3   0.75
252      3   0.75
158      3   0.75
382      2   0.50
416      2   0.50
210      2   0.50
243      1   0.25
276      1   0.25
Current: [339]
Subround 5
not enough
     Count  Value
339     22   0.88
137     19   0.76
252     19   0.76
243     19   0.76
158     19   0.76
416     19   0.76
210     18   0.72
382     18   0.72
276     16   0.64
227     15   0.60
465     14   0.56
6       14   0.56
402     14   0.56
145     14   0.56
400     14   0.56
0       14   0.56
461     14   0.56
454     14   0.56
5       14   0.56
150     14   0.56
     Count  Value
252      4    0.8
158      4    0.8
137      3    0.6
382      3    0.6
339      3    0.6
416      3    0.6
210      3    0.6
243      1    0.2
276      1    0.2
Current: [339]
Subround 6
not enough
     Count     Value
339     22  0.846154
243     20  0.769231
416     20  0.769231
137     20  0.769231
210     19  0.730769
252     19  0.730769
158     19  0.730769
382     18  0.692308
227     16  0.615385
276     16  0.615385
465     14  0.538462
6       14  0.538462
402     14  0.538462
145     14  0.538462
400     14  0.538462
0       14  0.538462
461     14  0.538462
454     14  0.538462
5       14  0.538462
150     14  0.538462
     Count     Value
137      4  0.666667
416      4  0.666667
252      4  0.666667
210      4  0.666667
158      4  0.666667
382      3  0.500000
339      3  0.500000
243      2  0.333333
276      1  0.166667
227      1  0.166667
Current: [339]
Subround 7
not enough
     Count     Value
339     23  0.851852
243     21  0.777778
416     21  0.777778
137     21  0.777778
210     19  0.703704
252     19  0.703704
158     19  0.703704
382     18  0.666667
227     17  0.629630
276     16  0.592593
465     14  0.518519
6       14  0.518519
402     14  0.518519
145     14  0.518519
400     14  0.518519
0       14  0.518519
461     14  0.518519
454     14  0.518519
5       14  0.518519
150     14  0.518519
     Count     Value
137      5  0.714286
416      5  0.714286
339      4  0.571429
252      4  0.571429
210      4  0.571429
158      4  0.571429
382      3  0.428571
243      3  0.428571
227      2  0.285714
276      1  0.142857
Current: [339]
Subround 8
not enough
     Count     Value
339     24  0.857143
243     21  0.750000
416     21  0.750000
137     21  0.750000
210     20  0.714286
252     20  0.714286
158     20  0.714286
382     19  0.678571
227     17  0.607143
276     16  0.571429
465     14  0.500000
6       14  0.500000
402     14  0.500000
145     14  0.500000
400     14  0.500000
0       14  0.500000
461     14  0.500000
454     14  0.500000
5       14  0.500000
150     14  0.500000
     Count  Value
137      5  0.625
339      5  0.625
416      5  0.625
252      5  0.625
210      5  0.625
158      5  0.625
382      4  0.500
243      3  0.375
227      2  0.250
276      1  0.125
Current: [339]
Subround 9
not enough
     Count     Value
339     25  0.862069
416     22  0.758621
210     21  0.724138
243     21  0.724138
137     21  0.724138
252     20  0.689655
158     20  0.689655
382     19  0.655172
227     18  0.620690
276     17  0.586207
465     14  0.482759
6       14  0.482759
402     14  0.482759
145     14  0.482759
400     14  0.482759
0       14  0.482759
461     14  0.482759
454     14  0.482759
5       14  0.482759
150     14  0.482759
     Count     Value
339      6  0.666667
416      6  0.666667
210      6  0.666667
137      5  0.555556
252      5  0.555556
158      5  0.555556
382      4  0.444444
243      3  0.333333
227      3  0.333333
276      2  0.222222
Current: [339]
Subround 10
     Count     Value
339     26  0.866667
210     22  0.733333
416     22  0.733333
137     22  0.733333
243     21  0.700000
252     20  0.666667
158     20  0.666667
227     19  0.633333
382     19  0.633333
276     18  0.600000
465     14  0.466667
6       14  0.466667
402     14  0.466667
145     14  0.466667
400     14  0.466667
0       14  0.466667
461     14  0.466667
454     14  0.466667
5       14  0.466667
150     14  0.466667
     Count  Value
339      7    0.7
210      7    0.7
137      6    0.6
416      6    0.6
252      5    0.5
158      5    0.5
382      4    0.4
227      4    0.4
243      3    0.3
276      3    0.3
Current: [339]
Winning offset:
[339]
2021-09-08 01:38:22.961660
2021-09-08 01:40:01.203004
0:01:38.241344
