Loading page file profiles/lab06/pages/0x2a44b.yaml
Loading page file profiles/lab06/pages/0x2a460.yaml
Loading page file profiles/lab06/pages/0x2a4e3.yaml
Loading page file profiles/lab06/pages/0x2a4e5.yaml
Loading page file profiles/lab06/pages/0x2a800.yaml
Loading page file profiles/lab06/pages/0x2a804.yaml
Loading page file profiles/lab06/pages/0x2a805.yaml
Round 1
Subround 1
not enough
     Count  Value
236      1    1.0
250      1    1.0
474      1    1.0
126      1    1.0
282      1    1.0
400      1    1.0
79       1    1.0
273      1    1.0
177      1    1.0
308      1    1.0
291      1    1.0
503      1    1.0
489      1    1.0
31       1    1.0
309      1    1.0
199      1    1.0
164      1    1.0
468      1    1.0
486      1    1.0
72       1    1.0
     Count  Value
236      1    1.0
250      1    1.0
474      1    1.0
126      1    1.0
282      1    1.0
400      1    1.0
79       1    1.0
273      1    1.0
177      1    1.0
308      1    1.0
Current: [1, 6, 7, 11, 15, 16, 17, 18, 23, 24, 26, 28, 31, 33, 35, 37, 38, 39, 42, 43, 48, 50, 54, 55, 56, 57, 59, 60, 61, 64, 65, 70, 71, 72, 73, 74, 75, 77, 79, 80, 82, 84, 85, 86, 87, 93, 94, 97, 100, 103, 108, 112, 115, 116, 117, 120, 122, 124, 125, 126, 127, 129, 133, 136, 137, 140, 144, 145, 146, 147, 151, 155, 156, 157, 158, 159, 161, 163, 164, 165, 166, 167, 170, 171, 172, 176, 177, 183, 187, 188, 189, 193, 195, 196, 197, 198, 199, 200, 201, 204, 205, 206, 207, 209, 212, 214, 215, 218, 225, 229, 232, 234, 236, 239, 240, 243, 244, 245, 248, 249, 250, 251, 254, 255, 256, 257, 262, 264, 265, 267, 270, 272, 273, 277, 280, 281, 282, 283, 286, 288, 290, 291, 292, 293, 294, 297, 300, 301, 302, 304, 305, 306, 307, 308, 309, 310, 316, 317, 318, 320, 321, 322, 323, 327, 328, 331, 333, 334, 335, 338, 339, 341, 344, 345, 346, 348, 352, 356, 360, 364, 365, 366, 368, 369, 370, 371, 374, 376, 378, 380, 385, 386, 390, 397, 398, 399, 400, 401, 402, 403, 404, 408, 409, 410, 411, 412, 417, 421, 423, 424, 425, 427, 428, 430, 433, 435, 437, 438, 441, 445, 446, 447, 448, 449, 452, 455, 458, 460, 462, 463, 464, 465, 468, 469, 470, 471, 474, 475, 477, 480, 481, 482, 483, 485, 486, 488, 489, 491, 495, 498, 499, 500, 501, 503, 510, 511]
Subround 2
not enough
     Count  Value
206      2    1.0
195      2    1.0
94       2    1.0
409      2    1.0
428      2    1.0
488      2    1.0
170      2    1.0
24       2    1.0
201      2    1.0
322      2    1.0
146      2    1.0
6        2    1.0
196      2    1.0
112      2    1.0
339      2    1.0
61       2    1.0
147      2    1.0
56       2    1.0
255      2    1.0
482      2    1.0
     Count  Value
206      2    1.0
195      2    1.0
94       2    1.0
409      2    1.0
428      2    1.0
488      2    1.0
170      2    1.0
24       2    1.0
201      2    1.0
322      2    1.0
Current: [6, 16, 18, 23, 24, 26, 28, 35, 37, 38, 39, 42, 48, 50, 54, 56, 57, 59, 60, 61, 65, 71, 77, 80, 82, 84, 87, 94, 103, 112, 116, 117, 124, 127, 129, 133, 136, 137, 144, 145, 146, 147, 155, 161, 164, 166, 170, 171, 172, 188, 193, 195, 196, 198, 201, 204, 206, 207, 209, 214, 225, 229, 234, 239, 249, 251, 254, 255, 262, 265, 280, 282, 283, 290, 301, 305, 307, 308, 309, 310, 316, 318, 320, 321, 322, 323, 327, 328, 333, 334, 335, 338, 339, 348, 352, 365, 368, 370, 371, 374, 385, 386, 398, 400, 402, 403, 404, 409, 410, 412, 421, 423, 424, 425, 428, 437, 438, 445, 448, 460, 462, 463, 468, 469, 470, 471, 480, 482, 488, 489, 491, 498, 499, 501, 511]
Subround 3
not enough
     Count  Value
437      3    1.0
254      3    1.0
438      3    1.0
499      3    1.0
448      3    1.0
307      3    1.0
301      3    1.0
42       3    1.0
469      3    1.0
290      3    1.0
65       3    1.0
321      3    1.0
144      3    1.0
60       3    1.0
404      3    1.0
339      3    1.0
71       3    1.0
323      3    1.0
511      3    1.0
188      3    1.0
     Count  Value
437      3    1.0
254      3    1.0
438      3    1.0
499      3    1.0
448      3    1.0
307      3    1.0
301      3    1.0
42       3    1.0
469      3    1.0
290      3    1.0
Current: [6, 18, 24, 26, 37, 42, 54, 56, 57, 60, 61, 65, 71, 77, 82, 94, 112, 116, 127, 129, 137, 144, 147, 161, 170, 171, 188, 196, 201, 206, 234, 239, 249, 254, 262, 265, 280, 282, 290, 301, 305, 307, 309, 320, 321, 322, 323, 338, 339, 370, 374, 386, 398, 400, 402, 403, 404, 410, 421, 437, 438, 448, 460, 463, 468, 469, 470, 480, 488, 489, 498, 499, 501, 511]
Subround 4
not enough
     Count  Value
26       4    1.0
470      4    1.0
321      4    1.0
24       4    1.0
448      4    1.0
60       4    1.0
404      4    1.0
323      4    1.0
147      4    1.0
56       4    1.0
488      4    1.0
201      4    1.0
338      4    1.0
322      4    1.0
206      4    1.0
249      4    1.0
398      4    1.0
460      4    1.0
421      4    1.0
468      4    1.0
     Count  Value
26       4    1.0
470      4    1.0
321      4    1.0
24       4    1.0
448      4    1.0
60       4    1.0
404      4    1.0
323      4    1.0
147      4    1.0
56       4    1.0
Current: [6, 7, 16, 17, 18, 19, 23, 24, 26, 35, 37, 39, 42, 48, 49, 50, 54, 55, 56, 57, 60, 61, 65, 71, 75, 76, 77, 78, 79, 80, 81, 82, 86, 94, 97, 112, 113, 116, 117, 124, 126, 127, 129, 137, 138, 144, 147, 156, 159, 161, 164, 166, 170, 171, 177, 187, 188, 193, 195, 196, 198, 201, 206, 207, 209, 212, 214, 229, 232, 234, 235, 239, 240, 243, 244, 249, 254, 255, 262, 265, 266, 275, 277, 280, 282, 288, 290, 291, 300, 301, 302, 305, 306, 307, 309, 312, 316, 320, 321, 322, 323, 335, 338, 339, 342, 348, 351, 352, 355, 360, 364, 365, 366, 367, 368, 370, 371, 374, 376, 383, 386, 387, 398, 400, 402, 403, 404, 407, 409, 410, 411, 412, 417, 421, 423, 424, 427, 428, 433, 437, 438, 446, 448, 450, 451, 460, 463, 464, 468, 469, 470, 471, 472, 480, 482, 485, 486, 488, 489, 490, 491, 496, 498, 499, 501, 510, 511]
Subround 5
not enough
     Count  Value
116      5    1.0
501      5    1.0
56       5    1.0
6        5    1.0
339      5    1.0
161      5    1.0
469      5    1.0
437      5    1.0
82       5    1.0
460      5    1.0
307      5    1.0
470      5    1.0
448      5    1.0
468      5    1.0
147      5    1.0
488      5    1.0
322      5    1.0
249      5    1.0
398      5    1.0
24       5    1.0
     Count  Value
116      5    1.0
501      5    1.0
56       5    1.0
6        5    1.0
339      5    1.0
161      5    1.0
469      5    1.0
437      5    1.0
82       5    1.0
460      5    1.0
Current: [6, 7, 17, 24, 26, 37, 39, 42, 48, 49, 50, 55, 56, 60, 65, 71, 75, 78, 82, 86, 97, 112, 116, 126, 127, 137, 147, 156, 159, 161, 164, 171, 177, 187, 193, 196, 201, 206, 207, 209, 212, 214, 229, 234, 235, 240, 244, 249, 254, 262, 265, 266, 277, 280, 288, 291, 300, 302, 305, 307, 312, 316, 321, 322, 323, 338, 339, 351, 352, 355, 360, 364, 365, 370, 371, 376, 383, 386, 387, 398, 400, 403, 404, 407, 411, 412, 421, 423, 424, 427, 428, 437, 438, 446, 448, 451, 460, 468, 469, 470, 471, 472, 480, 482, 485, 488, 496, 499, 501]
Subround 6
not enough
     Count     Value
448      6  1.000000
470      6  1.000000
6        6  1.000000
322      6  1.000000
24       6  1.000000
469      6  1.000000
307      6  1.000000
339      6  1.000000
501      6  1.000000
161      6  1.000000
147      6  1.000000
488      5  0.833333
371      5  0.833333
387      5  0.833333
75       5  0.833333
7        5  0.833333
370      5  0.833333
316      5  0.833333
240      5  0.833333
196      5  0.833333
     Count  Value
448      6    1.0
470      6    1.0
6        6    1.0
322      6    1.0
24       6    1.0
469      6    1.0
307      6    1.0
339      6    1.0
501      6    1.0
161      6    1.0
Current: [6, 7, 24, 26, 48, 50, 56, 60, 75, 82, 86, 116, 147, 161, 164, 187, 196, 201, 207, 209, 234, 240, 249, 254, 262, 265, 288, 300, 307, 316, 322, 323, 339, 351, 355, 360, 365, 370, 371, 376, 387, 398, 404, 407, 411, 424, 428, 437, 446, 448, 460, 468, 469, 470, 472, 480, 485, 488, 499, 501]
Subround 7
not enough
     Count     Value
6        7  1.000000
322      7  1.000000
470      7  1.000000
448      7  1.000000
147      7  1.000000
307      7  1.000000
339      7  1.000000
234      6  0.857143
26       6  0.857143
501      6  0.857143
187      6  0.857143
288      6  0.857143
75       6  0.857143
371      6  0.857143
196      6  0.857143
376      6  0.857143
365      6  0.857143
468      6  0.857143
164      6  0.857143
209      6  0.857143
     Count     Value
6        7  1.000000
322      7  1.000000
470      7  1.000000
448      7  1.000000
147      7  1.000000
307      7  1.000000
339      7  1.000000
234      6  0.857143
26       6  0.857143
501      6  0.857143
Current: [1, 6, 7, 12, 24, 26, 39, 40, 48, 50, 52, 55, 56, 57, 60, 67, 72, 75, 82, 85, 86, 97, 104, 106, 113, 116, 122, 126, 127, 129, 131, 133, 137, 138, 142, 147, 151, 153, 155, 161, 164, 171, 187, 188, 190, 196, 198, 201, 207, 209, 212, 214, 215, 224, 229, 234, 240, 244, 248, 249, 254, 255, 259, 262, 265, 270, 286, 288, 291, 296, 300, 301, 302, 307, 312, 316, 317, 320, 321, 322, 323, 331, 333, 335, 338, 339, 346, 351, 355, 360, 365, 366, 368, 369, 370, 371, 372, 374, 376, 383, 387, 396, 398, 399, 400, 404, 407, 411, 412, 421, 424, 427, 428, 431, 437, 446, 448, 450, 460, 468, 469, 470, 472, 477, 480, 485, 486, 488, 498, 499, 501, 511]
Subround 8
not enough
     Count  Value
448      8  1.000
6        8  1.000
339      8  1.000
470      8  1.000
322      8  1.000
307      8  1.000
116      7  0.875
485      7  0.875
387      7  0.875
365      7  0.875
371      7  0.875
48       7  0.875
288      7  0.875
254      7  0.875
469      7  0.875
147      7  0.875
376      7  0.875
164      7  0.875
437      7  0.875
161      7  0.875
     Count  Value
448      8  1.000
6        8  1.000
339      8  1.000
470      8  1.000
322      8  1.000
307      8  1.000
116      7  0.875
485      7  0.875
387      7  0.875
365      7  0.875
Current: [6, 12, 24, 26, 39, 48, 50, 55, 60, 67, 75, 82, 86, 104, 116, 122, 126, 127, 147, 151, 153, 155, 161, 164, 171, 187, 188, 190, 196, 201, 209, 212, 224, 229, 234, 240, 244, 248, 254, 262, 265, 286, 288, 296, 300, 302, 307, 312, 317, 322, 331, 335, 338, 339, 346, 360, 365, 369, 370, 371, 372, 374, 376, 387, 398, 399, 400, 404, 411, 427, 428, 431, 437, 446, 448, 460, 468, 469, 470, 472, 477, 485, 486, 501]
Subround 9
not enough
     Count     Value
322      9  1.000000
6        9  1.000000
339      9  1.000000
470      8  0.888889
24       8  0.888889
60       8  0.888889
404      8  0.888889
460      8  0.888889
164      8  0.888889
448      8  0.888889
288      8  0.888889
307      8  0.888889
365      8  0.888889
116      8  0.888889
501      7  0.777778
387      7  0.777778
153      7  0.777778
254      7  0.777778
469      7  0.777778
48       7  0.777778
     Count     Value
322      9  1.000000
6        9  1.000000
339      9  1.000000
470      8  0.888889
24       8  0.888889
60       8  0.888889
404      8  0.888889
460      8  0.888889
164      8  0.888889
448      8  0.888889
Current: [6, 24, 39, 48, 60, 67, 75, 82, 104, 116, 122, 147, 153, 155, 161, 164, 196, 201, 209, 212, 229, 240, 248, 254, 288, 296, 302, 307, 317, 322, 335, 338, 339, 346, 365, 370, 371, 376, 387, 400, 404, 411, 428, 437, 448, 460, 468, 469, 470, 477, 485, 486, 501]
Subround 10
not enough
     Count  Value
339     10    1.0
322      9    0.9
404      9    0.9
6        9    0.9
448      9    0.9
365      9    0.9
116      9    0.9
307      8    0.8
229      8    0.8
485      8    0.8
460      8    0.8
370      8    0.8
155      8    0.8
60       8    0.8
296      8    0.8
288      8    0.8
428      8    0.8
48       8    0.8
470      8    0.8
75       8    0.8
     Count  Value
339     10    1.0
322      9    0.9
404      9    0.9
6        9    0.9
448      9    0.9
365      9    0.9
116      9    0.9
307      8    0.8
229      8    0.8
485      8    0.8
Current: [6, 24, 39, 48, 60, 67, 75, 104, 116, 122, 147, 155, 161, 164, 196, 201, 212, 229, 288, 296, 302, 307, 322, 339, 365, 370, 387, 404, 428, 448, 460, 468, 470, 477, 485, 486, 501]
Subround 11
not enough
     Count     Value
339     11  1.000000
6       10  0.909091
116     10  0.909091
448     10  0.909091
404     10  0.909091
147      9  0.818182
48       9  0.818182
164      9  0.818182
229      9  0.818182
501      9  0.818182
460      9  0.818182
365      9  0.818182
370      9  0.818182
307      9  0.818182
486      9  0.818182
485      9  0.818182
67       9  0.818182
302      9  0.818182
212      9  0.818182
104      9  0.818182
     Count     Value
339     11  1.000000
6       10  0.909091
116     10  0.909091
448     10  0.909091
404     10  0.909091
147      9  0.818182
48       9  0.818182
164      9  0.818182
229      9  0.818182
501      9  0.818182
Current: [6, 20, 24, 39, 48, 55, 60, 67, 72, 75, 86, 103, 104, 106, 116, 122, 126, 129, 147, 151, 155, 156, 161, 164, 187, 194, 196, 201, 205, 212, 229, 240, 262, 266, 288, 296, 302, 307, 317, 321, 322, 331, 339, 364, 365, 366, 367, 370, 376, 379, 387, 391, 398, 399, 404, 410, 426, 428, 437, 446, 448, 450, 458, 460, 463, 468, 469, 470, 477, 480, 485, 486, 496, 498, 501]
Subround 12
not enough
     Count     Value
339     12  1.000000
404     11  0.916667
6       11  0.916667
302     10  0.833333
104     10  0.833333
387     10  0.833333
67      10  0.833333
322     10  0.833333
196     10  0.833333
48      10  0.833333
486     10  0.833333
122     10  0.833333
307     10  0.833333
501     10  0.833333
370     10  0.833333
116     10  0.833333
428     10  0.833333
365     10  0.833333
448     10  0.833333
126      9  0.750000
     Count     Value
339     12  1.000000
404     11  0.916667
6       11  0.916667
302     10  0.833333
104     10  0.833333
387     10  0.833333
67      10  0.833333
322     10  0.833333
196     10  0.833333
48      10  0.833333
Current: [6, 39, 48, 55, 60, 67, 104, 116, 122, 126, 129, 147, 151, 155, 156, 164, 187, 194, 196, 201, 205, 212, 229, 240, 262, 296, 302, 307, 322, 331, 339, 364, 365, 367, 370, 379, 387, 391, 404, 428, 448, 450, 458, 460, 463, 468, 485, 486, 496, 501]
Subround 13
not enough
     Count     Value
339     12  0.923077
6       12  0.923077
448     11  0.846154
370     11  0.846154
501     11  0.846154
404     11  0.846154
486     11  0.846154
48      11  0.846154
122     11  0.846154
104     11  0.846154
387     11  0.846154
196     11  0.846154
322     11  0.846154
307     11  0.846154
116     11  0.846154
67      10  0.769231
458     10  0.769231
367     10  0.769231
60      10  0.769231
155     10  0.769231
     Count     Value
339     12  0.923077
6       12  0.923077
448     11  0.846154
370     11  0.846154
501     11  0.846154
404     11  0.846154
486     11  0.846154
48      11  0.846154
122     11  0.846154
104     11  0.846154
Current: [6, 39, 48, 60, 67, 104, 116, 122, 126, 129, 155, 156, 164, 194, 196, 262, 302, 307, 322, 339, 364, 365, 367, 370, 387, 391, 404, 428, 448, 458, 460, 468, 486, 496, 501]
Subround 14
not enough
     Count     Value
339     13  0.928571
122     12  0.857143
307     12  0.857143
6       12  0.857143
104     12  0.857143
116     12  0.857143
387     12  0.857143
404     12  0.857143
370     11  0.785714
67      11  0.785714
448     11  0.785714
60      11  0.785714
164     11  0.785714
48      11  0.785714
486     11  0.785714
364     11  0.785714
322     11  0.785714
196     11  0.785714
391     11  0.785714
194     11  0.785714
     Count     Value
339     13  0.928571
122     12  0.857143
307     12  0.857143
6       12  0.857143
104     12  0.857143
116     12  0.857143
387     12  0.857143
404     12  0.857143
370     11  0.785714
67      11  0.785714
Current: [6, 39, 48, 60, 63, 67, 73, 75, 86, 104, 112, 116, 122, 126, 129, 151, 155, 156, 164, 194, 196, 200, 201, 205, 206, 229, 232, 240, 248, 262, 296, 302, 307, 322, 339, 341, 364, 365, 367, 370, 387, 391, 404, 423, 424, 428, 446, 448, 450, 458, 460, 468, 485, 486, 496, 501]
Subround 15
not enough
     Count     Value
339     14  0.933333
104     13  0.866667
116     13  0.866667
404     13  0.866667
387     13  0.866667
262     12  0.800000
67      12  0.800000
367     12  0.800000
129     12  0.800000
448     12  0.800000
307     12  0.800000
370     12  0.800000
196     12  0.800000
122     12  0.800000
322     12  0.800000
364     12  0.800000
6       12  0.800000
486     12  0.800000
164     12  0.800000
423     11  0.733333
     Count     Value
339     14  0.933333
104     13  0.866667
116     13  0.866667
404     13  0.866667
387     13  0.866667
262     12  0.800000
67      12  0.800000
367     12  0.800000
129     12  0.800000
448     12  0.800000
Current: [6, 39, 48, 60, 67, 73, 104, 116, 122, 126, 129, 151, 155, 164, 194, 196, 200, 205, 240, 262, 302, 307, 322, 339, 364, 365, 367, 370, 387, 391, 404, 423, 424, 446, 448, 468, 486, 496, 501]
Subround 16
not enough
     Count   Value
339     15  0.9375
104     14  0.8750
387     14  0.8750
122     13  0.8125
367     13  0.8125
6       13  0.8125
404     13  0.8125
164     13  0.8125
322     13  0.8125
116     13  0.8125
196     13  0.8125
424     12  0.7500
448     12  0.7500
446     12  0.7500
486     12  0.7500
391     12  0.7500
307     12  0.7500
73      12  0.7500
370     12  0.7500
67      12  0.7500
     Count   Value
339     15  0.9375
104     14  0.8750
387     14  0.8750
122     13  0.8125
367     13  0.8125
6       13  0.8125
404     13  0.8125
164     13  0.8125
322     13  0.8125
116     13  0.8125
Current: [6, 39, 67, 73, 104, 116, 122, 129, 151, 155, 164, 196, 200, 262, 302, 307, 322, 339, 364, 367, 370, 387, 391, 404, 424, 446, 448, 486, 496, 501]
Subround 17
not enough
     Count     Value
339     16  0.941176
104     15  0.882353
387     15  0.882353
196     14  0.823529
164     14  0.823529
367     14  0.823529
6       14  0.823529
122     14  0.823529
116     14  0.823529
322     14  0.823529
73      13  0.764706
364     13  0.764706
404     13  0.764706
151     13  0.764706
496     13  0.764706
67      13  0.764706
39      13  0.764706
501     13  0.764706
446     13  0.764706
391     13  0.764706
     Count     Value
339     16  0.941176
104     15  0.882353
387     15  0.882353
196     14  0.823529
164     14  0.823529
367     14  0.823529
6       14  0.823529
122     14  0.823529
116     14  0.823529
322     14  0.823529
Current: [6, 39, 60, 63, 67, 73, 104, 116, 122, 126, 129, 130, 147, 151, 155, 164, 196, 199, 200, 229, 248, 262, 275, 291, 296, 300, 302, 307, 322, 339, 345, 364, 367, 370, 387, 391, 403, 404, 423, 424, 446, 447, 448, 480, 485, 486, 496, 501, 509, 510, 511]
Subround 18
not enough
     Count     Value
339     16  0.888889
387     16  0.888889
164     15  0.833333
6       15  0.833333
104     15  0.833333
116     15  0.833333
122     15  0.833333
322     14  0.777778
364     14  0.777778
501     14  0.777778
196     14  0.777778
367     14  0.777778
73      14  0.777778
291     13  0.722222
496     13  0.722222
447     13  0.722222
67      13  0.722222
509     13  0.722222
126     13  0.722222
510     13  0.722222
     Count     Value
339     16  0.888889
387     16  0.888889
164     15  0.833333
6       15  0.833333
104     15  0.833333
116     15  0.833333
122     15  0.833333
322     14  0.777778
364     14  0.777778
501     14  0.777778
Current: [6, 39, 67, 73, 104, 116, 122, 126, 151, 164, 196, 200, 262, 291, 302, 322, 339, 345, 364, 367, 370, 387, 391, 403, 404, 446, 447, 480, 496, 501, 509, 510]
Subround 19
not enough
     Count     Value
116     16  0.842105
164     16  0.842105
6       16  0.842105
104     16  0.842105
387     16  0.842105
339     16  0.842105
501     15  0.789474
322     15  0.789474
122     15  0.789474
345     14  0.736842
446     14  0.736842
262     14  0.736842
67      14  0.736842
509     14  0.736842
367     14  0.736842
364     14  0.736842
404     14  0.736842
447     14  0.736842
480     14  0.736842
291     14  0.736842
     Count     Value
116     16  0.842105
164     16  0.842105
6       16  0.842105
104     16  0.842105
387     16  0.842105
339     16  0.842105
501     15  0.789474
322     15  0.789474
122     15  0.789474
345     14  0.736842
Current: [6, 67, 73, 104, 116, 122, 126, 164, 196, 262, 291, 302, 322, 339, 345, 364, 367, 387, 404, 446, 447, 480, 496, 501, 509]
Subround 20
     Count  Value
164     17   0.85
339     17   0.85
501     16   0.80
6       16   0.80
122     16   0.80
387     16   0.80
116     16   0.80
104     16   0.80
322     15   0.75
196     15   0.75
447     15   0.75
73      15   0.75
446     15   0.75
302     15   0.75
20      14   0.70
355     14   0.70
229     14   0.70
429     14   0.70
262     14   0.70
345     14   0.70
     Count  Value
164     17   0.85
339     17   0.85
501     16   0.80
6       16   0.80
122     16   0.80
387     16   0.80
116     16   0.80
104     16   0.80
322     15   0.75
196     15   0.75
Current: [6, 73, 104, 116, 122, 164, 196, 302, 322, 339, 387, 446, 447, 501]
Round 2
Subround 1
not enough
     Count     Value
164     18  0.857143
339     18  0.857143
501     17  0.809524
122     17  0.809524
104     17  0.809524
6       16  0.761905
196     16  0.761905
387     16  0.761905
73      16  0.761905
116     16  0.761905
322     15  0.714286
447     15  0.714286
446     15  0.714286
302     15  0.714286
20      14  0.666667
355     14  0.666667
229     14  0.666667
429     14  0.666667
262     14  0.666667
345     14  0.666667
     Count  Value
501      1    1.0
196      1    1.0
73       1    1.0
122      1    1.0
104      1    1.0
164      1    1.0
339      1    1.0
Current: [104, 122, 164, 339, 501]
Subround 2
not enough
     Count     Value
164     18  0.818182
501     18  0.818182
122     18  0.818182
339     18  0.818182
387     17  0.772727
73      17  0.772727
104     17  0.772727
6       16  0.727273
322     16  0.727273
196     16  0.727273
447     16  0.727273
116     16  0.727273
446     16  0.727273
302     15  0.681818
20      14  0.636364
355     14  0.636364
229     14  0.636364
429     14  0.636364
262     14  0.636364
345     14  0.636364
     Count  Value
501      2    1.0
73       2    1.0
122      2    1.0
196      1    0.5
104      1    0.5
164      1    0.5
339      1    0.5
387      1    0.5
446      1    0.5
322      1    0.5
Current: [122, 164, 339, 501]
Subround 3
not enough
     Count     Value
122     19  0.826087
339     19  0.826087
164     18  0.782609
501     18  0.782609
104     18  0.782609
322     17  0.739130
387     17  0.739130
447     17  0.739130
73      17  0.739130
116     17  0.739130
196     16  0.695652
446     16  0.695652
302     16  0.695652
6       16  0.695652
20      14  0.608696
355     14  0.608696
229     14  0.608696
429     14  0.608696
345     14  0.608696
262     14  0.608696
     Count     Value
122      3  1.000000
501      2  0.666667
73       2  0.666667
104      2  0.666667
339      2  0.666667
322      2  0.666667
447      2  0.666667
196      1  0.333333
164      1  0.333333
387      1  0.333333
Current: [122, 339]
Subround 4
not enough
     Count     Value
122     20  0.833333
339     20  0.833333
164     19  0.791667
501     19  0.791667
104     18  0.750000
116     18  0.750000
322     17  0.708333
196     17  0.708333
387     17  0.708333
447     17  0.708333
73      17  0.708333
302     17  0.708333
446     16  0.666667
6       16  0.666667
355     14  0.583333
20      14  0.583333
229     14  0.583333
429     14  0.583333
345     14  0.583333
262     14  0.583333
     Count  Value
122      4   1.00
501      3   0.75
339      3   0.75
196      2   0.50
73       2   0.50
104      2   0.50
164      2   0.50
322      2   0.50
447      2   0.50
302      2   0.50
Current: [122, 339]
Subround 5
not enough
     Count  Value
122     21   0.84
339     21   0.84
164     20   0.80
501     19   0.76
104     18   0.72
322     18   0.72
196     18   0.72
116     18   0.72
302     18   0.72
447     17   0.68
446     17   0.68
73      17   0.68
387     17   0.68
6       16   0.64
429     14   0.56
496     14   0.56
420     14   0.56
367     14   0.56
130     14   0.56
262     14   0.56
     Count  Value
122      5    1.0
339      4    0.8
501      3    0.6
196      3    0.6
164      3    0.6
322      3    0.6
302      3    0.6
73       2    0.4
104      2    0.4
446      2    0.4
Current: [122, 339]
Subround 6
not enough
     Count     Value
339     22  0.846154
122     22  0.846154
164     21  0.807692
501     20  0.769231
302     19  0.730769
116     18  0.692308
322     18  0.692308
196     18  0.692308
104     18  0.692308
73      18  0.692308
387     17  0.653846
6       17  0.653846
446     17  0.653846
447     17  0.653846
262     14  0.538462
496     14  0.538462
367     14  0.538462
130     14  0.538462
420     14  0.538462
75      14  0.538462
     Count     Value
122      6  1.000000
339      5  0.833333
501      4  0.666667
164      4  0.666667
302      4  0.666667
196      3  0.500000
73       3  0.500000
322      3  0.500000
104      2  0.333333
446      2  0.333333
Current: [122, 164, 339]
Subround 7
not enough
     Count     Value
122     23  0.851852
339     23  0.851852
164     21  0.777778
501     20  0.740741
322     19  0.703704
196     19  0.703704
116     19  0.703704
302     19  0.703704
73      18  0.666667
104     18  0.666667
6       18  0.666667
446     18  0.666667
447     17  0.629630
387     17  0.629630
496     14  0.518519
420     14  0.518519
367     14  0.518519
130     14  0.518519
345     14  0.518519
262     14  0.518519
     Count     Value
122      7  1.000000
339      6  0.857143
501      4  0.571429
196      4  0.571429
164      4  0.571429
322      4  0.571429
302      4  0.571429
73       3  0.428571
446      3  0.428571
116      3  0.428571
Current: [122, 339]
Subround 8
not enough
     Count     Value
339     24  0.857143
122     23  0.821429
164     21  0.750000
501     21  0.750000
196     20  0.714286
322     19  0.678571
116     19  0.678571
446     19  0.678571
302     19  0.678571
6       19  0.678571
447     18  0.642857
104     18  0.642857
73      18  0.642857
387     18  0.642857
429     14  0.500000
496     14  0.500000
420     14  0.500000
367     14  0.500000
130     14  0.500000
262     14  0.500000
     Count  Value
122      7  0.875
339      7  0.875
501      5  0.625
196      5  0.625
164      4  0.500
446      4  0.500
322      4  0.500
302      4  0.500
73       3  0.375
447      3  0.375
Current: [122, 339]
Subround 9
not enough
     Count     Value
122     24  0.827586
339     24  0.827586
164     22  0.758621
501     21  0.724138
322     20  0.689655
196     20  0.689655
116     20  0.689655
302     20  0.689655
73      19  0.655172
104     19  0.655172
6       19  0.655172
446     19  0.655172
447     18  0.620690
387     18  0.620690
496     14  0.482759
420     14  0.482759
367     14  0.482759
130     14  0.482759
345     14  0.482759
262     14  0.482759
     Count     Value
122      8  0.888889
339      7  0.777778
501      5  0.555556
196      5  0.555556
164      5  0.555556
322      5  0.555556
302      5  0.555556
73       4  0.444444
446      4  0.444444
116      4  0.444444
Current: [122, 339]
Subround 10
     Count     Value
339     25  0.833333
122     24  0.800000
164     22  0.733333
501     22  0.733333
116     21  0.700000
104     20  0.666667
322     20  0.666667
196     20  0.666667
73      20  0.666667
302     20  0.666667
447     19  0.633333
6       19  0.633333
446     19  0.633333
387     19  0.633333
229     14  0.466667
496     14  0.466667
420     14  0.466667
367     14  0.466667
130     14  0.466667
262     14  0.466667
     Count  Value
122      8    0.8
339      8    0.8
501      6    0.6
196      5    0.5
73       5    0.5
164      5    0.5
322      5    0.5
302      5    0.5
116      5    0.5
104      4    0.4
Current: [339]
Winning offset:
[339]
2021-09-08 05:21:04.301256
2021-09-08 05:22:42.647365
0:01:38.346109
