Loading page file profiles/lab06/pages/0x2a44b.yaml
Loading page file profiles/lab06/pages/0x2a460.yaml
Loading page file profiles/lab06/pages/0x2a4e3.yaml
Loading page file profiles/lab06/pages/0x2a4e5.yaml
Loading page file profiles/lab06/pages/0x2a800.yaml
Loading page file profiles/lab06/pages/0x2a804.yaml
Loading page file profiles/lab06/pages/0x2a805.yaml
Round 1
Subround 1
not enough
     Count  Value
158      1    1.0
304      1    1.0
36       1    1.0
370      1    1.0
484      1    1.0
388      1    1.0
174      1    1.0
463      1    1.0
242      1    1.0
350      1    1.0
335      1    1.0
48       1    1.0
284      1    1.0
110      1    1.0
281      1    1.0
346      1    1.0
66       1    1.0
359      1    1.0
132      1    1.0
37       1    1.0
     Count  Value
158      1    1.0
304      1    1.0
36       1    1.0
370      1    1.0
484      1    1.0
388      1    1.0
174      1    1.0
463      1    1.0
242      1    1.0
350      1    1.0
Current: [4, 7, 9, 10, 16, 23, 24, 28, 31, 32, 34, 35, 36, 37, 38, 39, 40, 41, 44, 45, 47, 48, 49, 50, 51, 52, 54, 56, 58, 64, 66, 68, 69, 72, 76, 80, 83, 84, 85, 87, 89, 90, 91, 92, 94, 96, 97, 100, 104, 107, 110, 114, 117, 118, 119, 120, 122, 123, 125, 131, 132, 133, 134, 135, 140, 141, 142, 144, 146, 151, 153, 154, 157, 158, 161, 162, 165, 166, 167, 169, 171, 174, 176, 179, 180, 181, 182, 183, 184, 186, 187, 189, 196, 199, 202, 203, 205, 207, 211, 213, 216, 217, 218, 219, 222, 225, 227, 228, 230, 231, 233, 234, 236, 237, 238, 239, 240, 242, 243, 245, 247, 251, 253, 254, 255, 256, 259, 262, 263, 266, 268, 269, 273, 274, 278, 279, 281, 283, 284, 285, 286, 287, 288, 290, 292, 293, 295, 296, 300, 303, 304, 306, 307, 308, 309, 313, 314, 316, 319, 321, 322, 323, 326, 327, 328, 330, 331, 333, 334, 335, 338, 339, 341, 342, 343, 345, 346, 347, 350, 353, 354, 356, 357, 359, 360, 365, 366, 370, 371, 375, 376, 377, 378, 379, 382, 386, 388, 389, 390, 395, 396, 397, 398, 402, 403, 405, 406, 407, 409, 414, 417, 421, 422, 428, 429, 430, 433, 436, 438, 439, 440, 441, 442, 444, 446, 447, 449, 450, 452, 453, 459, 460, 461, 463, 473, 474, 475, 476, 479, 482, 483, 484, 486, 487, 493, 494, 495, 497, 500, 501, 502, 504, 505, 506, 508, 511]
Subround 2
not enough
     Count  Value
158      2    1.0
303      2    1.0
292      2    1.0
375      2    1.0
184      2    1.0
398      2    1.0
287      2    1.0
133      2    1.0
316      2    1.0
293      2    1.0
165      2    1.0
255      2    1.0
123      2    1.0
405      2    1.0
114      2    1.0
118      2    1.0
422      2    1.0
319      2    1.0
39       2    1.0
353      2    1.0
     Count  Value
158      2    1.0
303      2    1.0
292      2    1.0
375      2    1.0
184      2    1.0
398      2    1.0
287      2    1.0
133      2    1.0
316      2    1.0
293      2    1.0
Current: [10, 16, 24, 32, 34, 37, 39, 40, 45, 49, 50, 51, 54, 58, 64, 68, 72, 80, 84, 87, 91, 92, 96, 97, 100, 104, 114, 118, 119, 122, 123, 125, 132, 133, 142, 144, 151, 154, 158, 165, 167, 179, 180, 182, 184, 199, 205, 207, 211, 216, 217, 219, 222, 227, 228, 230, 237, 240, 243, 251, 255, 256, 259, 266, 268, 278, 279, 284, 285, 287, 288, 292, 293, 295, 303, 304, 306, 309, 313, 316, 319, 326, 328, 334, 335, 339, 342, 345, 350, 353, 354, 356, 365, 366, 371, 375, 389, 397, 398, 402, 403, 405, 406, 407, 414, 421, 422, 428, 429, 430, 439, 440, 441, 442, 450, 452, 459, 460, 461, 473, 476, 479, 486, 487, 500, 504, 505, 506, 508, 511]
Subround 3
not enough
     Count     Value
339      3  1.000000
158      2  0.666667
370      2  0.666667
388      2  0.666667
174      2  0.666667
463      2  0.666667
242      2  0.666667
350      2  0.666667
335      2  0.666667
48       2  0.666667
284      2  0.666667
110      2  0.666667
281      2  0.666667
346      2  0.666667
66       2  0.666667
359      2  0.666667
132      2  0.666667
37       2  0.666667
309      2  0.666667
40       2  0.666667
     Count     Value
339      3  1.000000
158      2  0.666667
370      2  0.666667
388      2  0.666667
174      2  0.666667
463      2  0.666667
242      2  0.666667
350      2  0.666667
335      2  0.666667
48       2  0.666667
Current: [339]
Subround 4
not enough
     Count  Value
339      4   1.00
158      3   0.75
422      3   0.75
120      3   0.75
396      3   0.75
133      3   0.75
157      3   0.75
293      3   0.75
165      3   0.75
395      3   0.75
296      3   0.75
353      3   0.75
37       3   0.75
484      3   0.75
388      3   0.75
242      3   0.75
284      3   0.75
110      3   0.75
346      3   0.75
66       3   0.75
     Count  Value
339      4   1.00
158      3   0.75
422      3   0.75
120      3   0.75
396      3   0.75
133      3   0.75
157      3   0.75
293      3   0.75
165      3   0.75
395      3   0.75
Current: [16, 23, 24, 31, 32, 37, 38, 40, 49, 50, 52, 64, 66, 84, 87, 89, 90, 91, 94, 100, 110, 117, 120, 125, 131, 133, 135, 140, 141, 144, 154, 157, 158, 161, 165, 171, 179, 183, 184, 199, 202, 203, 205, 211, 213, 219, 227, 228, 236, 237, 238, 240, 242, 243, 245, 253, 256, 259, 266, 268, 269, 274, 278, 279, 284, 286, 288, 290, 293, 296, 304, 307, 309, 321, 322, 323, 326, 327, 331, 333, 334, 339, 341, 343, 346, 347, 353, 359, 360, 368, 375, 376, 377, 379, 382, 386, 388, 389, 390, 395, 396, 403, 406, 407, 414, 417, 422, 429, 439, 441, 442, 449, 453, 459, 461, 473, 474, 475, 479, 482, 483, 484, 486, 493, 494, 497, 501, 504]
Subround 5
not enough
     Count  Value
158      4    0.8
475      4    0.8
110      4    0.8
284      4    0.8
242      4    0.8
388      4    0.8
484      4    0.8
353      4    0.8
395      4    0.8
133      4    0.8
417      4    0.8
184      4    0.8
375      4    0.8
429      4    0.8
64       4    0.8
66       4    0.8
179      4    0.8
386      4    0.8
52       4    0.8
90       4    0.8
     Count  Value
158      4    0.8
475      4    0.8
110      4    0.8
284      4    0.8
242      4    0.8
388      4    0.8
484      4    0.8
353      4    0.8
395      4    0.8
133      4    0.8
Current: [32, 38, 40, 49, 50, 52, 64, 66, 87, 89, 90, 100, 110, 125, 133, 135, 140, 141, 144, 158, 161, 179, 184, 199, 203, 205, 211, 219, 227, 228, 236, 238, 240, 242, 243, 245, 256, 266, 269, 278, 279, 284, 286, 288, 307, 321, 322, 326, 327, 331, 333, 339, 343, 346, 353, 360, 368, 375, 376, 377, 379, 386, 388, 390, 395, 403, 406, 407, 417, 429, 449, 453, 474, 475, 482, 483, 484, 493, 494, 497, 501]
Subround 6
not enough
     Count     Value
38       5  0.833333
501      5  0.833333
203      5  0.833333
266      5  0.833333
321      5  0.833333
360      5  0.833333
100      5  0.833333
236      5  0.833333
199      5  0.833333
379      5  0.833333
375      5  0.833333
326      5  0.833333
32       5  0.833333
161      5  0.833333
238      5  0.833333
327      5  0.833333
453      5  0.833333
125      5  0.833333
243      5  0.833333
497      5  0.833333
     Count     Value
38       5  0.833333
501      5  0.833333
203      5  0.833333
266      5  0.833333
321      5  0.833333
360      5  0.833333
100      5  0.833333
236      5  0.833333
199      5  0.833333
379      5  0.833333
Current: [32, 38, 49, 52, 64, 100, 125, 133, 135, 140, 161, 199, 203, 205, 227, 228, 236, 238, 242, 243, 245, 266, 284, 288, 321, 326, 327, 343, 353, 360, 368, 375, 377, 379, 386, 388, 417, 429, 449, 453, 474, 475, 497, 501]
Subround 7
not enough
     Count     Value
38       6  0.857143
353      6  0.857143
388      6  0.857143
205      6  0.857143
321      6  0.857143
284      6  0.857143
474      6  0.857143
377      6  0.857143
379      6  0.857143
135      6  0.857143
327      6  0.857143
238      6  0.857143
161      6  0.857143
501      6  0.857143
140      6  0.857143
32       6  0.857143
497      6  0.857143
243      6  0.857143
125      6  0.857143
52       6  0.857143
     Count     Value
38       6  0.857143
353      6  0.857143
388      6  0.857143
205      6  0.857143
321      6  0.857143
284      6  0.857143
474      6  0.857143
377      6  0.857143
379      6  0.857143
135      6  0.857143
Current: [3, 8, 13, 16, 17, 18, 23, 24, 31, 32, 38, 41, 45, 47, 49, 52, 54, 55, 64, 76, 81, 83, 84, 87, 91, 100, 107, 109, 111, 125, 131, 133, 134, 135, 137, 140, 145, 153, 154, 157, 158, 161, 165, 173, 175, 185, 186, 196, 199, 202, 203, 205, 211, 217, 219, 227, 228, 236, 238, 242, 243, 245, 253, 258, 263, 266, 267, 271, 277, 284, 285, 288, 293, 294, 300, 302, 304, 306, 307, 313, 319, 321, 323, 326, 327, 333, 338, 339, 343, 344, 345, 350, 353, 360, 366, 367, 368, 375, 377, 379, 381, 386, 388, 389, 398, 404, 414, 417, 424, 429, 444, 446, 449, 453, 459, 461, 462, 465, 473, 474, 475, 476, 483, 489, 495, 497, 499, 501]
Subround 8
not enough
     Count  Value
38       7  0.875
474      7  0.875
32       7  0.875
205      7  0.875
100      7  0.875
379      7  0.875
203      7  0.875
497      7  0.875
501      7  0.875
238      7  0.875
284      7  0.875
133      7  0.875
475      7  0.875
288      7  0.875
266      7  0.875
360      7  0.875
161      7  0.875
321      7  0.875
271      6  0.750
302      6  0.750
     Count  Value
38       7  0.875
474      7  0.875
32       7  0.875
205      7  0.875
100      7  0.875
379      7  0.875
203      7  0.875
497      7  0.875
501      7  0.875
238      7  0.875
Current: [16, 17, 23, 24, 32, 38, 47, 52, 54, 64, 76, 84, 87, 91, 100, 109, 111, 125, 131, 133, 135, 140, 145, 154, 158, 161, 185, 186, 199, 203, 205, 228, 236, 238, 243, 253, 258, 263, 266, 267, 271, 284, 285, 288, 294, 300, 302, 304, 319, 321, 326, 327, 339, 343, 344, 345, 350, 353, 360, 366, 367, 368, 377, 379, 381, 388, 414, 424, 429, 446, 449, 461, 462, 465, 474, 475, 497, 501]
Subround 9
not enough
     Count     Value
379      8  0.888889
377      7  0.777778
32       7  0.777778
366      7  0.777778
205      7  0.777778
199      7  0.777778
302      7  0.777778
135      7  0.777778
339      7  0.777778
133      7  0.777778
140      7  0.777778
161      7  0.777778
300      7  0.777778
238      7  0.777778
327      7  0.777778
38       7  0.777778
475      7  0.777778
52       7  0.777778
360      7  0.777778
288      7  0.777778
     Count     Value
379      8  0.888889
377      7  0.777778
32       7  0.777778
366      7  0.777778
205      7  0.777778
199      7  0.777778
302      7  0.777778
135      7  0.777778
339      7  0.777778
133      7  0.777778
Current: [32, 38, 52, 100, 125, 133, 135, 140, 161, 199, 203, 205, 228, 236, 238, 266, 284, 288, 300, 302, 321, 327, 339, 353, 360, 366, 377, 379, 388, 449, 474, 475, 497, 501]
Subround 10
not enough
     Count  Value
327      8    0.8
300      8    0.8
288      8    0.8
140      8    0.8
133      8    0.8
501      8    0.8
339      8    0.8
135      8    0.8
379      8    0.8
366      8    0.8
497      8    0.8
203      8    0.8
353      8    0.8
38       8    0.8
32       8    0.8
236      8    0.8
238      8    0.8
83       7    0.7
161      7    0.7
31       7    0.7
     Count  Value
327      8    0.8
300      8    0.8
288      8    0.8
140      8    0.8
133      8    0.8
501      8    0.8
339      8    0.8
135      8    0.8
379      8    0.8
366      8    0.8
Current: [32, 38, 133, 135, 140, 203, 236, 238, 288, 300, 327, 339, 353, 366, 379, 497, 501]
Subround 11
not enough
     Count     Value
366      9  0.818182
203      9  0.818182
379      9  0.818182
353      9  0.818182
32       9  0.818182
327      9  0.818182
238      9  0.818182
133      9  0.818182
501      9  0.818182
339      9  0.818182
109      8  0.727273
84       8  0.727273
497      8  0.727273
294      8  0.727273
47       8  0.727273
302      8  0.727273
135      8  0.727273
140      8  0.727273
165      8  0.727273
41       8  0.727273
     Count     Value
366      9  0.818182
203      9  0.818182
379      9  0.818182
353      9  0.818182
32       9  0.818182
327      9  0.818182
238      9  0.818182
133      9  0.818182
501      9  0.818182
339      9  0.818182
Current: [31, 32, 38, 41, 47, 52, 54, 83, 84, 109, 125, 131, 133, 135, 140, 157, 161, 165, 175, 196, 203, 228, 236, 238, 258, 263, 267, 277, 285, 288, 294, 300, 302, 313, 326, 327, 339, 353, 366, 367, 377, 379, 386, 404, 429, 449, 460, 473, 475, 497, 501]
Subround 12
not enough
     Count     Value
327     10  0.833333
339     10  0.833333
32      10  0.833333
133     10  0.833333
263      9  0.750000
135      9  0.750000
353      9  0.750000
501      9  0.750000
165      9  0.750000
157      9  0.750000
109      9  0.750000
31       9  0.750000
54       9  0.750000
377      9  0.750000
473      9  0.750000
404      9  0.750000
285      9  0.750000
52       9  0.750000
379      9  0.750000
367      9  0.750000
     Count     Value
327     10  0.833333
339     10  0.833333
32      10  0.833333
133     10  0.833333
263      9  0.750000
135      9  0.750000
353      9  0.750000
501      9  0.750000
165      9  0.750000
157      9  0.750000
Current: [31, 32, 41, 52, 54, 84, 109, 125, 133, 135, 157, 165, 203, 236, 238, 263, 277, 285, 294, 300, 302, 313, 326, 327, 339, 353, 366, 367, 377, 379, 404, 473, 501]
Subround 13
not enough
     Count     Value
339     11  0.846154
32      10  0.769231
133     10  0.769231
501     10  0.769231
353     10  0.769231
203     10  0.769231
238     10  0.769231
327     10  0.769231
366     10  0.769231
41       9  0.692308
84       9  0.692308
294      9  0.692308
135      9  0.692308
302      9  0.692308
109      9  0.692308
140      9  0.692308
319      9  0.692308
326      9  0.692308
47       9  0.692308
429      9  0.692308
     Count     Value
339     11  0.846154
32      10  0.769231
133     10  0.769231
501     10  0.769231
353     10  0.769231
203     10  0.769231
238     10  0.769231
327     10  0.769231
366     10  0.769231
41       9  0.692308
Current: [32, 133, 203, 238, 327, 339, 353, 366, 501]
Subround 14
not enough
     Count     Value
339     12  0.857143
203     11  0.785714
263     10  0.714286
501     10  0.714286
366     10  0.714286
404     10  0.714286
47      10  0.714286
83      10  0.714286
135     10  0.714286
52      10  0.714286
140     10  0.714286
196     10  0.714286
131     10  0.714286
288     10  0.714286
473     10  0.714286
175     10  0.714286
285     10  0.714286
379     10  0.714286
300     10  0.714286
353     10  0.714286
     Count     Value
339     12  0.857143
203     11  0.785714
263     10  0.714286
501     10  0.714286
366     10  0.714286
404     10  0.714286
47      10  0.714286
83      10  0.714286
135     10  0.714286
52      10  0.714286
Current: [31, 32, 41, 47, 52, 83, 131, 133, 135, 140, 161, 175, 196, 203, 228, 238, 263, 285, 288, 300, 326, 327, 339, 353, 366, 379, 404, 473, 501]
Subround 15
not enough
     Count     Value
339     13  0.866667
52      11  0.733333
133     11  0.733333
353     11  0.733333
41      11  0.733333
238     11  0.733333
327     11  0.733333
196     11  0.733333
366     11  0.733333
501     11  0.733333
131     11  0.733333
203     11  0.733333
175     11  0.733333
83      11  0.733333
64      10  0.666667
294     10  0.666667
386     10  0.666667
253     10  0.666667
492     10  0.666667
32      10  0.666667
     Count     Value
339     13  0.866667
52      11  0.733333
133     11  0.733333
353     11  0.733333
41      11  0.733333
238     11  0.733333
327     11  0.733333
196     11  0.733333
366     11  0.733333
501     11  0.733333
Current: [41, 52, 83, 131, 133, 175, 196, 203, 238, 327, 339, 353, 366, 501]
Subround 16
not enough
     Count   Value
339     14  0.8750
501     12  0.7500
83      12  0.7500
52      12  0.7500
133     12  0.7500
131     12  0.7500
175     12  0.7500
404     11  0.6875
366     11  0.6875
302     11  0.6875
294     11  0.6875
285     11  0.6875
242     11  0.6875
377     11  0.6875
327     11  0.6875
267     11  0.6875
64      11  0.6875
253     11  0.6875
379     11  0.6875
203     11  0.6875
     Count   Value
339     14  0.8750
501     12  0.7500
83      12  0.7500
52      12  0.7500
133     12  0.7500
131     12  0.7500
175     12  0.7500
404     11  0.6875
366     11  0.6875
302     11  0.6875
Current: [52, 83, 131, 133, 175, 339, 501]
Subround 17
not enough
     Count     Value
339     14  0.823529
133     13  0.764706
83      13  0.764706
52      13  0.764706
64      12  0.705882
366     12  0.705882
404     12  0.705882
228     12  0.705882
203     12  0.705882
388     12  0.705882
267     12  0.705882
367     12  0.705882
429     12  0.705882
131     12  0.705882
501     12  0.705882
263     12  0.705882
175     12  0.705882
253     12  0.705882
379     12  0.705882
55      11  0.647059
     Count     Value
339     14  0.823529
133     13  0.764706
83      13  0.764706
52      13  0.764706
64      12  0.705882
366     12  0.705882
404     12  0.705882
228     12  0.705882
203     12  0.705882
388     12  0.705882
Current: [52, 64, 83, 131, 133, 175, 203, 228, 253, 263, 267, 339, 366, 367, 379, 388, 404, 429, 501]
Subround 18
not enough
     Count     Value
339     14  0.777778
83      14  0.777778
253     13  0.722222
404     13  0.722222
379     13  0.722222
367     13  0.722222
133     13  0.722222
52      13  0.722222
429     13  0.722222
31      12  0.666667
263     12  0.666667
426     12  0.666667
501     12  0.666667
211     12  0.666667
406     12  0.666667
492     12  0.666667
131     12  0.666667
175     12  0.666667
294     12  0.666667
240     12  0.666667
     Count     Value
339     14  0.777778
83      14  0.777778
253     13  0.722222
404     13  0.722222
379     13  0.722222
367     13  0.722222
133     13  0.722222
52      13  0.722222
429     13  0.722222
31      12  0.666667
Current: [52, 83, 133, 253, 339, 367, 379, 404, 429]
Subround 19
not enough
     Count     Value
339     15  0.789474
253     14  0.736842
404     14  0.736842
83      14  0.736842
367     14  0.736842
379     14  0.736842
429     14  0.736842
211     13  0.684211
64      13  0.684211
459     13  0.684211
473     13  0.684211
52      13  0.684211
353     13  0.684211
240     13  0.684211
165     13  0.684211
31      13  0.684211
431     13  0.684211
293     13  0.684211
284     13  0.684211
279     13  0.684211
     Count     Value
339     15  0.789474
253     14  0.736842
404     14  0.736842
83      14  0.736842
367     14  0.736842
379     14  0.736842
429     14  0.736842
211     13  0.684211
64      13  0.684211
459     13  0.684211
Current: [83, 253, 339, 367, 379, 404, 429]
Subround 20
     Count  Value
339     16   0.80
379     15   0.75
253     15   0.75
429     15   0.75
83      15   0.75
459     14   0.70
140     14   0.70
133     14   0.70
426     14   0.70
240     14   0.70
131     14   0.70
473     14   0.70
236     14   0.70
367     14   0.70
431     14   0.70
109     14   0.70
404     14   0.70
492     14   0.70
288     14   0.70
406     14   0.70
     Count  Value
339     16   0.80
379     15   0.75
253     15   0.75
429     15   0.75
83      15   0.75
459     14   0.70
140     14   0.70
133     14   0.70
426     14   0.70
240     14   0.70
Current: [83, 253, 339, 379, 429]
Round 2
Subround 1
not enough
     Count     Value
339     17  0.809524
253     16  0.761905
429     16  0.761905
379     15  0.714286
83      15  0.714286
459     14  0.666667
140     14  0.666667
133     14  0.666667
426     14  0.666667
240     14  0.666667
131     14  0.666667
473     14  0.666667
236     14  0.666667
367     14  0.666667
431     14  0.666667
109     14  0.666667
404     14  0.666667
492     14  0.666667
288     14  0.666667
406     14  0.666667
     Count  Value
253      1    1.0
339      1    1.0
429      1    1.0
Current: [339]
Subround 2
not enough
     Count     Value
339     17  0.772727
429     16  0.727273
83      16  0.727273
253     16  0.727273
379     16  0.727273
158     14  0.636364
492     14  0.636364
140     14  0.636364
133     14  0.636364
426     14  0.636364
240     14  0.636364
473     14  0.636364
236     14  0.636364
367     14  0.636364
109     14  0.636364
459     14  0.636364
279     14  0.636364
284     14  0.636364
52      14  0.636364
406     14  0.636364
     Count  Value
253      1    0.5
339      1    0.5
429      1    0.5
379      1    0.5
158      1    0.5
83       1    0.5
no winner, not enough
Current: []
Subround 3
not enough
     Count     Value
339     17  0.739130
83      17  0.739130
379     17  0.739130
429     16  0.695652
253     16  0.695652
158     15  0.652174
492     14  0.608696
140     14  0.608696
133     14  0.608696
426     14  0.608696
240     14  0.608696
473     14  0.608696
236     14  0.608696
367     14  0.608696
109     14  0.608696
459     14  0.608696
279     14  0.608696
284     14  0.608696
52      14  0.608696
406     14  0.608696
     Count     Value
379      2  0.666667
158      2  0.666667
83       2  0.666667
253      1  0.333333
339      1  0.333333
429      1  0.333333
no winner, not enough
Current: []
Subround 4
not enough
     Count     Value
339     18  0.750000
83      18  0.750000
379     17  0.708333
158     16  0.666667
429     16  0.666667
253     16  0.666667
492     14  0.583333
140     14  0.583333
133     14  0.583333
426     14  0.583333
240     14  0.583333
473     14  0.583333
236     14  0.583333
367     14  0.583333
109     14  0.583333
459     14  0.583333
279     14  0.583333
284     14  0.583333
52      14  0.583333
406     14  0.583333
     Count  Value
158      3   0.75
83       3   0.75
339      2   0.50
379      2   0.50
253      1   0.25
429      1   0.25
no winner, not enough
Current: []
Subround 5
not enough
     Count  Value
83      19   0.76
339     18   0.72
379     18   0.72
158     17   0.68
429     16   0.64
253     16   0.64
492     14   0.56
140     14   0.56
133     14   0.56
426     14   0.56
240     14   0.56
473     14   0.56
236     14   0.56
367     14   0.56
109     14   0.56
459     14   0.56
279     14   0.56
284     14   0.56
52      14   0.56
406     14   0.56
     Count  Value
158      4    0.8
83       4    0.8
379      3    0.6
339      2    0.4
253      1    0.2
429      1    0.2
no winner, not enough
Current: []
Subround 6
not enough
     Count     Value
83      20  0.769231
158     18  0.692308
339     18  0.692308
379     18  0.692308
429     17  0.653846
253     16  0.615385
492     14  0.538462
140     14  0.538462
133     14  0.538462
426     14  0.538462
240     14  0.538462
473     14  0.538462
236     14  0.538462
367     14  0.538462
109     14  0.538462
459     14  0.538462
279     14  0.538462
284     14  0.538462
52      14  0.538462
406     14  0.538462
     Count     Value
158      5  0.833333
83       5  0.833333
379      3  0.500000
339      2  0.333333
429      2  0.333333
253      1  0.166667
Current: [83, 158]
Subround 7
not enough
     Count     Value
83      21  0.777778
339     19  0.703704
379     19  0.703704
158     18  0.666667
429     17  0.629630
253     16  0.592593
492     14  0.518519
140     14  0.518519
133     14  0.518519
426     14  0.518519
240     14  0.518519
473     14  0.518519
236     14  0.518519
367     14  0.518519
109     14  0.518519
459     14  0.518519
279     14  0.518519
284     14  0.518519
52      14  0.518519
406     14  0.518519
     Count     Value
83       6  0.857143
158      5  0.714286
379      4  0.571429
339      3  0.428571
429      2  0.285714
253      1  0.142857
Current: [83]
Subround 8
not enough
     Count     Value
83      21  0.750000
339     20  0.714286
158     19  0.678571
379     19  0.678571
429     18  0.642857
253     16  0.571429
492     14  0.500000
140     14  0.500000
133     14  0.500000
426     14  0.500000
240     14  0.500000
473     14  0.500000
236     14  0.500000
367     14  0.500000
109     14  0.500000
459     14  0.500000
279     14  0.500000
284     14  0.500000
52      14  0.500000
406     14  0.500000
     Count  Value
158      6  0.750
83       6  0.750
339      4  0.500
379      4  0.500
429      3  0.375
253      1  0.125
no winner, not enough
Current: []
Subround 9
not enough
     Count     Value
83      22  0.758621
339     21  0.724138
379     20  0.689655
158     19  0.655172
429     18  0.620690
253     16  0.551724
492     14  0.482759
140     14  0.482759
133     14  0.482759
426     14  0.482759
240     14  0.482759
473     14  0.482759
236     14  0.482759
367     14  0.482759
109     14  0.482759
459     14  0.482759
279     14  0.482759
284     14  0.482759
52      14  0.482759
406     14  0.482759
     Count     Value
83       7  0.777778
158      6  0.666667
339      5  0.555556
379      5  0.555556
429      3  0.333333
253      1  0.111111
no winner, not enough
Current: []
Subround 10
     Count     Value
83      23  0.766667
339     22  0.733333
379     20  0.666667
158     19  0.633333
429     18  0.600000
253     17  0.566667
492     14  0.466667
140     14  0.466667
133     14  0.466667
426     14  0.466667
240     14  0.466667
473     14  0.466667
236     14  0.466667
367     14  0.466667
109     14  0.466667
459     14  0.466667
279     14  0.466667
284     14  0.466667
52      14  0.466667
406     14  0.466667
     Count  Value
83       8    0.8
339      6    0.6
158      6    0.6
379      5    0.5
429      3    0.3
253      2    0.2
no winner, not enough
Current: []
Subround 11
     Count     Value
83      23  0.741935
339     22  0.709677
379     21  0.677419
158     20  0.645161
429     19  0.612903
253     17  0.548387
492     14  0.451613
140     14  0.451613
133     14  0.451613
426     14  0.451613
240     14  0.451613
473     14  0.451613
236     14  0.451613
367     14  0.451613
109     14  0.451613
459     14  0.451613
279     14  0.451613
284     14  0.451613
52      14  0.451613
406     14  0.451613
     Count     Value
83       8  0.727273
158      7  0.636364
339      6  0.545455
379      6  0.545455
429      4  0.363636
253      2  0.181818
no winner, not enough
Current: []
Subround 12
     Count    Value
83      24  0.75000
339     22  0.68750
379     21  0.65625
158     20  0.62500
429     20  0.62500
253     18  0.56250
492     14  0.43750
140     14  0.43750
133     14  0.43750
426     14  0.43750
240     14  0.43750
473     14  0.43750
236     14  0.43750
367     14  0.43750
109     14  0.43750
459     14  0.43750
279     14  0.43750
284     14  0.43750
52      14  0.43750
406     14  0.43750
     Count     Value
83       9  0.750000
158      7  0.583333
339      6  0.500000
379      6  0.500000
429      5  0.416667
253      3  0.250000
no winner, not enough
Current: []
Subround 13
     Count     Value
83      24  0.727273
339     23  0.696970
379     22  0.666667
429     21  0.636364
158     20  0.606061
253     18  0.545455
492     14  0.424242
140     14  0.424242
133     14  0.424242
426     14  0.424242
240     14  0.424242
473     14  0.424242
236     14  0.424242
367     14  0.424242
109     14  0.424242
459     14  0.424242
279     14  0.424242
284     14  0.424242
52      14  0.424242
406     14  0.424242
     Count     Value
83       9  0.692308
339      7  0.538462
379      7  0.538462
158      7  0.538462
429      6  0.461538
253      3  0.230769
no winner, not enough
Current: []
Subround 14
     Count     Value
339     24  0.705882
83      24  0.705882
379     22  0.647059
158     21  0.617647
429     21  0.617647
253     19  0.558824
492     14  0.411765
140     14  0.411765
133     14  0.411765
426     14  0.411765
240     14  0.411765
473     14  0.411765
236     14  0.411765
367     14  0.411765
109     14  0.411765
459     14  0.411765
279     14  0.411765
284     14  0.411765
52      14  0.411765
406     14  0.411765
     Count     Value
83       9  0.642857
339      8  0.571429
158      8  0.571429
379      7  0.500000
429      6  0.428571
253      4  0.285714
no winner, not enough
Current: []
Subround 15
     Count     Value
339     25  0.714286
83      24  0.685714
158     22  0.628571
379     22  0.628571
429     21  0.600000
253     20  0.571429
492     14  0.400000
140     14  0.400000
133     14  0.400000
426     14  0.400000
240     14  0.400000
473     14  0.400000
236     14  0.400000
367     14  0.400000
109     14  0.400000
459     14  0.400000
279     14  0.400000
284     14  0.400000
52      14  0.400000
406     14  0.400000
     Count     Value
339      9  0.600000
158      9  0.600000
83       9  0.600000
379      7  0.466667
429      6  0.400000
253      5  0.333333
no winner, not enough
Current: []
Subround 16
     Count     Value
339     26  0.722222
83      24  0.666667
379     23  0.638889
158     22  0.611111
429     21  0.583333
253     21  0.583333
492     14  0.388889
140     14  0.388889
133     14  0.388889
426     14  0.388889
240     14  0.388889
473     14  0.388889
236     14  0.388889
367     14  0.388889
109     14  0.388889
459     14  0.388889
279     14  0.388889
284     14  0.388889
52      14  0.388889
406     14  0.388889
     Count   Value
339     10  0.6250
158      9  0.5625
83       9  0.5625
379      8  0.5000
253      6  0.3750
429      6  0.3750
no winner, not enough
Current: []
Subround 17
     Count     Value
339     26  0.702703
83      25  0.675676
158     23  0.621622
379     23  0.621622
429     22  0.594595
253     21  0.567568
492     14  0.378378
140     14  0.378378
133     14  0.378378
426     14  0.378378
240     14  0.378378
473     14  0.378378
236     14  0.378378
367     14  0.378378
109     14  0.378378
459     14  0.378378
279     14  0.378378
284     14  0.378378
52      14  0.378378
406     14  0.378378
     Count     Value
339     10  0.588235
158     10  0.588235
83      10  0.588235
379      8  0.470588
429      7  0.411765
253      6  0.352941
no winner, not enough
Current: []
Subround 18
     Count     Value
339     27  0.710526
83      26  0.684211
379     24  0.631579
158     23  0.605263
429     22  0.578947
253     21  0.552632
492     14  0.368421
140     14  0.368421
133     14  0.368421
426     14  0.368421
240     14  0.368421
473     14  0.368421
236     14  0.368421
367     14  0.368421
109     14  0.368421
459     14  0.368421
279     14  0.368421
284     14  0.368421
52      14  0.368421
406     14  0.368421
     Count     Value
339     11  0.611111
83      11  0.611111
158     10  0.555556
379      9  0.500000
429      7  0.388889
253      6  0.333333
no winner, not enough
Current: []
Subround 19
     Count     Value
339     27  0.692308
83      27  0.692308
158     24  0.615385
379     24  0.615385
429     22  0.564103
253     22  0.564103
492     14  0.358974
140     14  0.358974
133     14  0.358974
426     14  0.358974
240     14  0.358974
473     14  0.358974
236     14  0.358974
367     14  0.358974
109     14  0.358974
459     14  0.358974
279     14  0.358974
284     14  0.358974
52      14  0.358974
406     14  0.358974
     Count     Value
83      12  0.631579
339     11  0.578947
158     11  0.578947
379      9  0.473684
253      7  0.368421
429      7  0.368421
no winner, not enough
Current: []
Subround 20
     Count  Value
83      28  0.700
339     27  0.675
158     25  0.625
379     24  0.600
429     23  0.575
253     22  0.550
492     14  0.350
140     14  0.350
133     14  0.350
426     14  0.350
240     14  0.350
473     14  0.350
236     14  0.350
367     14  0.350
109     14  0.350
459     14  0.350
279     14  0.350
284     14  0.350
52      14  0.350
406     14  0.350
     Count  Value
83      13   0.65
158     12   0.60
339     11   0.55
379      9   0.45
429      8   0.40
253      7   0.35
no winner, not enough
Current: []
Subround 21
     Count     Value
339     28  0.682927
83      28  0.682927
158     25  0.609756
379     25  0.609756
429     23  0.560976
253     23  0.560976
492     14  0.341463
140     14  0.341463
133     14  0.341463
426     14  0.341463
240     14  0.341463
473     14  0.341463
236     14  0.341463
367     14  0.341463
109     14  0.341463
459     14  0.341463
279     14  0.341463
284     14  0.341463
52      14  0.341463
406     14  0.341463
     Count     Value
83      13  0.619048
339     12  0.571429
158     12  0.571429
379     10  0.476190
253      8  0.380952
429      8  0.380952
no winner, not enough
Current: []
Subround 22
     Count     Value
339     29  0.690476
83      28  0.666667
379     26  0.619048
158     25  0.595238
429     24  0.571429
253     23  0.547619
492     14  0.333333
140     14  0.333333
133     14  0.333333
426     14  0.333333
240     14  0.333333
473     14  0.333333
236     14  0.333333
367     14  0.333333
109     14  0.333333
459     14  0.333333
279     14  0.333333
284     14  0.333333
52      14  0.333333
406     14  0.333333
     Count     Value
339     13  0.590909
83      13  0.590909
158     12  0.545455
379     11  0.500000
429      9  0.409091
253      8  0.363636
no winner, not enough
Current: []
Subround 23
     Count     Value
339     30  0.697674
83      28  0.651163
158     26  0.604651
379     26  0.604651
429     24  0.558140
253     24  0.558140
492     14  0.325581
140     14  0.325581
133     14  0.325581
426     14  0.325581
240     14  0.325581
473     14  0.325581
236     14  0.325581
367     14  0.325581
109     14  0.325581
459     14  0.325581
279     14  0.325581
284     14  0.325581
52      14  0.325581
406     14  0.325581
     Count     Value
339     14  0.608696
158     13  0.565217
83      13  0.565217
379     11  0.478261
253      9  0.391304
429      9  0.391304
no winner, not enough
Current: []
Subround 24
     Count     Value
339     31  0.704545
83      28  0.636364
379     27  0.613636
158     26  0.590909
253     25  0.568182
429     24  0.545455
492     14  0.318182
140     14  0.318182
133     14  0.318182
426     14  0.318182
240     14  0.318182
473     14  0.318182
236     14  0.318182
367     14  0.318182
109     14  0.318182
459     14  0.318182
279     14  0.318182
284     14  0.318182
52      14  0.318182
406     14  0.318182
     Count     Value
339     15  0.625000
158     13  0.541667
83      13  0.541667
379     12  0.500000
253     10  0.416667
429      9  0.375000
no winner, not enough
Current: []
Subround 25
     Count     Value
339     31  0.688889
83      29  0.644444
379     27  0.600000
158     26  0.577778
253     26  0.577778
429     25  0.555556
492     14  0.311111
140     14  0.311111
133     14  0.311111
426     14  0.311111
240     14  0.311111
473     14  0.311111
236     14  0.311111
367     14  0.311111
109     14  0.311111
459     14  0.311111
279     14  0.311111
284     14  0.311111
52      14  0.311111
406     14  0.311111
     Count  Value
339     15   0.60
83      14   0.56
158     13   0.52
379     12   0.48
253     11   0.44
429     10   0.40
no winner, not enough
Current: []
Subround 26
     Count     Value
339     32  0.695652
83      30  0.652174
158     27  0.586957
379     27  0.586957
253     26  0.565217
429     25  0.543478
492     14  0.304348
140     14  0.304348
133     14  0.304348
426     14  0.304348
240     14  0.304348
473     14  0.304348
236     14  0.304348
367     14  0.304348
109     14  0.304348
459     14  0.304348
279     14  0.304348
284     14  0.304348
52      14  0.304348
406     14  0.304348
     Count     Value
339     16  0.615385
83      15  0.576923
158     14  0.538462
379     12  0.461538
253     11  0.423077
429     10  0.384615
no winner, not enough
Current: []
Subround 27
     Count     Value
339     33  0.702128
83      30  0.638298
158     28  0.595745
253     27  0.574468
379     27  0.574468
429     25  0.531915
492     14  0.297872
140     14  0.297872
133     14  0.297872
426     14  0.297872
240     14  0.297872
473     14  0.297872
236     14  0.297872
367     14  0.297872
109     14  0.297872
459     14  0.297872
279     14  0.297872
284     14  0.297872
52      14  0.297872
406     14  0.297872
     Count     Value
339     17  0.629630
158     15  0.555556
83      15  0.555556
253     12  0.444444
379     12  0.444444
429     10  0.370370
no winner, not enough
Current: []
Subround 28
     Count     Value
339     34  0.708333
83      30  0.625000
158     28  0.583333
379     28  0.583333
253     27  0.562500
429     26  0.541667
492     14  0.291667
140     14  0.291667
133     14  0.291667
426     14  0.291667
240     14  0.291667
473     14  0.291667
236     14  0.291667
367     14  0.291667
109     14  0.291667
459     14  0.291667
279     14  0.291667
284     14  0.291667
52      14  0.291667
406     14  0.291667
     Count     Value
339     18  0.642857
158     15  0.535714
83      15  0.535714
379     13  0.464286
253     12  0.428571
429     11  0.392857
no winner, not enough
Current: []
Subround 29
     Count     Value
339     34  0.693878
83      31  0.632653
158     29  0.591837
253     28  0.571429
379     28  0.571429
429     26  0.530612
492     14  0.285714
140     14  0.285714
133     14  0.285714
426     14  0.285714
240     14  0.285714
473     14  0.285714
236     14  0.285714
367     14  0.285714
109     14  0.285714
459     14  0.285714
279     14  0.285714
284     14  0.285714
52      14  0.285714
406     14  0.285714
     Count     Value
339     18  0.620690
158     16  0.551724
83      16  0.551724
253     13  0.448276
379     13  0.448276
429     11  0.379310
no winner, not enough
Current: []
Subround 30
     Count  Value
339     35   0.70
83      31   0.62
158     29   0.58
253     29   0.58
379     29   0.58
429     26   0.52
492     14   0.28
140     14   0.28
133     14   0.28
426     14   0.28
240     14   0.28
473     14   0.28
236     14   0.28
367     14   0.28
109     14   0.28
459     14   0.28
279     14   0.28
284     14   0.28
52      14   0.28
406     14   0.28
     Count     Value
339     19  0.633333
158     16  0.533333
83      16  0.533333
253     14  0.466667
379     14  0.466667
429     11  0.366667
Rest half winner
Current: [1, 3, 8, 9, 17, 18, 19, 21, 24, 29, 31, 32, 37, 38, 40, 41, 42, 44, 46, 47, 49, 52, 55, 57, 59, 60, 62, 64, 66, 70, 71, 72, 76, 81, 83, 87, 88, 90, 91, 94, 96, 97, 98, 100, 101, 102, 104, 105, 106, 107, 108, 109, 112, 113, 116, 121, 122, 125, 126, 131, 133, 134, 135, 136, 139, 140, 141, 143, 145, 150, 154, 155, 157, 158, 160, 161, 162, 164, 165, 169, 170, 171, 173, 175, 178, 179, 180, 181, 185, 186, 189, 191, 195, 196, 197, 198, 199, 202, 203, 205, 210, 211, 216, 217, 218, 219, 220, 222, 224, 228, 230, 233, 236, 237, 238, 240, 242, 243, 245, 249, 250, 251, 253, 256, 257, 258, 262, 263, 266, 267, 269, 271, 272, 273, 277, 278, 279, 280, 282, 284, 285, 286, 287, 288, 290, 293, 294, 300, 302, 305, 306, 307, 308, 309, 311, 312, 313, 317, 318, 319, 321, 323, 326, 327, 330, 333, 339, 341, 343, 344, 349, 350, 353, 357, 358, 359, 360, 363, 364, 366, 367, 370, 372, 375, 376, 377, 378, 379, 381, 384, 386, 387, 388, 390, 393, 395, 397, 399, 401, 402, 403, 404, 405, 406, 407, 410, 413, 414, 415, 417, 418, 421, 423, 424, 426, 427, 429, 431, 435, 437, 440, 441, 444, 445, 446, 448, 449, 453, 455, 458, 459, 462, 464, 465, 466, 473, 474, 475, 476, 477, 478, 482, 483, 484, 486, 490, 492, 493, 494, 496, 497, 499, 501, 505, 506, 507]
Round 3
Subround 1
not enough
     Count  Value
466      1    1.0
97       1    1.0
60       1    1.0
185      1    1.0
339      1    1.0
164      1    1.0
333      1    1.0
21       1    1.0
484      1    1.0
476      1    1.0
343      1    1.0
70       1    1.0
42       1    1.0
388      1    1.0
266      1    1.0
233      1    1.0
195      1    1.0
441      1    1.0
499      1    1.0
341      1    1.0
     Count  Value
466      1    1.0
97       1    1.0
60       1    1.0
185      1    1.0
339      1    1.0
164      1    1.0
333      1    1.0
21       1    1.0
484      1    1.0
476      1    1.0
Current: [1, 3, 8, 9, 17, 21, 32, 38, 41, 42, 44, 47, 52, 59, 60, 62, 70, 72, 88, 91, 94, 97, 100, 106, 112, 113, 126, 134, 136, 139, 140, 141, 143, 145, 157, 160, 162, 164, 170, 171, 173, 175, 178, 179, 181, 185, 186, 189, 195, 205, 211, 216, 217, 220, 224, 228, 233, 238, 245, 256, 263, 266, 267, 269, 273, 277, 280, 285, 287, 293, 294, 300, 307, 309, 311, 313, 317, 321, 323, 326, 327, 330, 333, 339, 341, 343, 344, 349, 350, 353, 357, 358, 364, 370, 375, 378, 381, 384, 388, 393, 395, 403, 404, 406, 418, 421, 427, 435, 441, 446, 448, 453, 466, 474, 475, 476, 477, 478, 482, 483, 484, 493, 496, 499, 501, 505, 506, 507]
Subround 2
not enough
     Count  Value
466      2    1.0
100      2    1.0
60       2    1.0
404      2    1.0
97       2    1.0
245      2    1.0
421      2    1.0
446      2    1.0
317      2    1.0
134      2    1.0
186      2    1.0
506      2    1.0
228      2    1.0
273      2    1.0
311      2    1.0
344      2    1.0
185      2    1.0
143      2    1.0
38       2    1.0
484      2    1.0
     Count  Value
466      2    1.0
100      2    1.0
60       2    1.0
404      2    1.0
97       2    1.0
245      2    1.0
421      2    1.0
446      2    1.0
317      2    1.0
134      2    1.0
Current: [3, 9, 21, 32, 38, 42, 60, 72, 97, 100, 112, 134, 136, 140, 143, 145, 160, 164, 173, 175, 179, 185, 186, 220, 224, 228, 233, 238, 245, 263, 267, 273, 277, 280, 294, 311, 313, 317, 323, 326, 330, 344, 353, 357, 358, 364, 393, 404, 421, 435, 441, 446, 466, 474, 475, 476, 478, 484, 493, 499, 505, 506, 507]
Subround 3
not enough
     Count     Value
466      3  1.000000
9        3  1.000000
164      3  1.000000
42       3  1.000000
220      3  1.000000
474      3  1.000000
112      3  1.000000
280      3  1.000000
357      3  1.000000
478      3  1.000000
317      3  1.000000
245      2  0.666667
21       2  0.666667
170      2  0.666667
404      2  0.666667
60       2  0.666667
421      2  0.666667
185      2  0.666667
178      2  0.666667
339      2  0.666667
     Count  Value
466      3    1.0
9        3    1.0
164      3    1.0
42       3    1.0
220      3    1.0
474      3    1.0
112      3    1.0
280      3    1.0
357      3    1.0
478      3    1.0
Current: [9, 42, 112, 164, 220, 280, 317, 357, 466, 474, 478]
Subround 4
not enough
     Count  Value
164      4   1.00
112      4   1.00
357      4   1.00
220      4   1.00
42       4   1.00
474      4   1.00
466      3   0.75
9        3   0.75
21       3   0.75
484      3   0.75
343      3   0.75
388      3   0.75
195      3   0.75
441      3   0.75
427      3   0.75
211      3   0.75
185      3   0.75
507      3   0.75
300      3   0.75
3        3   0.75
     Count  Value
164      4   1.00
112      4   1.00
357      4   1.00
220      4   1.00
42       4   1.00
474      4   1.00
466      3   0.75
9        3   0.75
21       3   0.75
484      3   0.75
Current: [42, 112, 164, 220, 357, 474]
Subround 5
not enough
     Count  Value
220      4    0.8
317      4    0.8
112      4    0.8
263      4    0.8
179      4    0.8
62       4    0.8
474      4    0.8
224      4    0.8
446      4    0.8
217      4    0.8
287      4    0.8
256      4    0.8
164      4    0.8
1        4    0.8
42       4    0.8
507      4    0.8
280      4    0.8
211      4    0.8
197      4    0.8
357      4    0.8
     Count  Value
220      4    0.8
317      4    0.8
112      4    0.8
263      4    0.8
179      4    0.8
62       4    0.8
474      4    0.8
224      4    0.8
446      4    0.8
217      4    0.8
no winner, not enough
Current: []
Subround 6
not enough
     Count     Value
164      5  0.833333
280      5  0.833333
197      5  0.833333
317      5  0.833333
224      5  0.833333
1        5  0.833333
507      5  0.833333
466      4  0.666667
205      4  0.666667
143      4  0.666667
256      4  0.666667
429      4  0.666667
448      4  0.666667
287      4  0.666667
446      4  0.666667
91       4  0.666667
285      4  0.666667
41       4  0.666667
381      4  0.666667
175      4  0.666667
     Count     Value
164      5  0.833333
280      5  0.833333
197      5  0.833333
317      5  0.833333
224      5  0.833333
1        5  0.833333
507      5  0.833333
466      4  0.666667
205      4  0.666667
143      4  0.666667
Current: [1, 164, 197, 224, 280, 317, 507]
Subround 7
not enough
     Count     Value
1        6  0.857143
466      5  0.714286
224      5  0.714286
220      5  0.714286
112      5  0.714286
141      5  0.714286
217      5  0.714286
179      5  0.714286
393      5  0.714286
280      5  0.714286
32       5  0.714286
62       5  0.714286
41       5  0.714286
140      5  0.714286
91       5  0.714286
446      5  0.714286
317      5  0.714286
256      5  0.714286
143      5  0.714286
164      5  0.714286
     Count     Value
1        6  0.857143
466      5  0.714286
224      5  0.714286
220      5  0.714286
112      5  0.714286
141      5  0.714286
217      5  0.714286
179      5  0.714286
393      5  0.714286
280      5  0.714286
Current: [1]
Subround 8
not enough
     Count  Value
32       6  0.750
197      6  0.750
91       6  0.750
1        6  0.750
507      6  0.750
211      6  0.750
179      6  0.750
112      6  0.750
164      6  0.750
317      6  0.750
88       6  0.750
406      6  0.750
357      6  0.750
217      6  0.750
42       5  0.625
388      5  0.625
233      5  0.625
360      5  0.625
87       5  0.625
427      5  0.625
     Count  Value
32       6   0.75
197      6   0.75
91       6   0.75
1        6   0.75
507      6   0.75
211      6   0.75
179      6   0.75
112      6   0.75
164      6   0.75
317      6   0.75
no winner, not enough
Current: []
Subround 9
not enough
     Count     Value
1        7  0.777778
466      6  0.666667
41       6  0.666667
220      6  0.666667
112      6  0.666667
141      6  0.666667
217      6  0.666667
179      6  0.666667
393      6  0.666667
280      6  0.666667
32       6  0.666667
62       6  0.666667
224      6  0.666667
91       6  0.666667
140      6  0.666667
446      6  0.666667
317      6  0.666667
256      6  0.666667
170      6  0.666667
143      6  0.666667
     Count     Value
1        7  0.777778
466      6  0.666667
41       6  0.666667
220      6  0.666667
112      6  0.666667
141      6  0.666667
217      6  0.666667
179      6  0.666667
393      6  0.666667
280      6  0.666667
no winner, not enough
Current: []
Subround 10
     Count  Value
466      7    0.7
88       7    0.7
256      7    0.7
62       7    0.7
1        7    0.7
507      7    0.7
179      7    0.7
112      7    0.7
42       7    0.7
140      7    0.7
170      7    0.7
446      7    0.7
280      7    0.7
313      7    0.7
224      7    0.7
217      7    0.7
32       7    0.7
97       6    0.6
393      6    0.6
427      6    0.6
     Count  Value
466      7    0.7
88       7    0.7
256      7    0.7
62       7    0.7
1        7    0.7
507      7    0.7
179      7    0.7
112      7    0.7
42       7    0.7
140      7    0.7
no winner, not enough
Current: []
Subround 11
     Count     Value
466      8  0.727273
313      8  0.727273
507      8  0.727273
1        8  0.727273
170      8  0.727273
446      8  0.727273
32       8  0.727273
112      8  0.727273
217      8  0.727273
179      8  0.727273
91       7  0.636364
499      7  0.636364
285      7  0.636364
448      7  0.636364
287      7  0.636364
307      7  0.636364
256      7  0.636364
363      7  0.636364
41       7  0.636364
211      7  0.636364
     Count     Value
466      8  0.727273
313      8  0.727273
507      8  0.727273
1        8  0.727273
170      8  0.727273
446      8  0.727273
32       8  0.727273
112      8  0.727273
217      8  0.727273
179      8  0.727273
no winner, not enough
Current: []
Subround 12
     Count     Value
466      9  0.750000
217      9  0.750000
507      9  0.750000
446      9  0.750000
313      9  0.750000
112      9  0.750000
179      9  0.750000
170      9  0.750000
339      8  0.666667
32       8  0.666667
263      8  0.666667
62       8  0.666667
8        8  0.666667
441      8  0.666667
164      8  0.666667
280      8  0.666667
499      8  0.666667
91       8  0.666667
211      8  0.666667
287      8  0.666667
     Count     Value
466      9  0.750000
217      9  0.750000
507      9  0.750000
446      9  0.750000
313      9  0.750000
112      9  0.750000
179      9  0.750000
170      9  0.750000
339      8  0.666667
32       8  0.666667
no winner, not enough
Current: []
Subround 13
     Count     Value
466     10  0.769231
313     10  0.769231
507     10  0.769231
170     10  0.769231
263      9  0.692308
441      9  0.692308
318      9  0.692308
179      9  0.692308
446      9  0.692308
217      9  0.692308
287      9  0.692308
280      9  0.692308
32       9  0.692308
1        9  0.692308
339      9  0.692308
112      9  0.692308
363      8  0.615385
143      8  0.615385
76       8  0.615385
256      8  0.615385
     Count     Value
466     10  0.769231
313     10  0.769231
507     10  0.769231
170     10  0.769231
263      9  0.692308
441      9  0.692308
318      9  0.692308
179      9  0.692308
446      9  0.692308
217      9  0.692308
no winner, not enough
Current: []
Subround 14
     Count     Value
507     11  0.785714
313     11  0.785714
466     10  0.714286
179     10  0.714286
217     10  0.714286
263     10  0.714286
170     10  0.714286
1       10  0.714286
446     10  0.714286
339     10  0.714286
32       9  0.642857
318      9  0.642857
143      9  0.642857
307      9  0.642857
505      9  0.642857
287      9  0.642857
363      9  0.642857
499      9  0.642857
441      9  0.642857
17       9  0.642857
     Count     Value
507     11  0.785714
313     11  0.785714
466     10  0.714286
179     10  0.714286
217     10  0.714286
263     10  0.714286
170     10  0.714286
1       10  0.714286
446     10  0.714286
339     10  0.714286
no winner, not enough
Current: []
Subround 15
     Count     Value
507     12  0.800000
313     12  0.800000
466     11  0.733333
1       11  0.733333
179     11  0.733333
339     11  0.733333
170     11  0.733333
446     11  0.733333
263     11  0.733333
363     10  0.666667
17      10  0.666667
164     10  0.666667
112     10  0.666667
224     10  0.666667
32      10  0.666667
217     10  0.666667
287     10  0.666667
505     10  0.666667
390      9  0.600000
29       9  0.600000
     Count     Value
507     12  0.800000
313     12  0.800000
466     11  0.733333
1       11  0.733333
179     11  0.733333
339     11  0.733333
170     11  0.733333
446     11  0.733333
263     11  0.733333
363     10  0.666667
no winner, not enough
Current: []
Subround 16
     Count   Value
507     13  0.8125
313     13  0.8125
466     12  0.7500
179     12  0.7500
263     12  0.7500
170     12  0.7500
446     12  0.7500
217     11  0.6875
32      11  0.6875
339     11  0.6875
1       11  0.6875
17      11  0.6875
164     11  0.6875
262     10  0.6250
141     10  0.6250
363     10  0.6250
344     10  0.6250
311     10  0.6250
8       10  0.6250
125     10  0.6250
     Count   Value
507     13  0.8125
313     13  0.8125
466     12  0.7500
179     12  0.7500
263     12  0.7500
170     12  0.7500
446     12  0.7500
217     11  0.6875
32      11  0.6875
339     11  0.6875
Current: [313, 507]
Round 4
Subround 1
not enough
     Count     Value
507     14  0.823529
313     13  0.764706
466     12  0.705882
179     12  0.705882
263     12  0.705882
170     12  0.705882
446     12  0.705882
217     11  0.647059
32      11  0.647059
339     11  0.647059
1       11  0.647059
17      11  0.647059
164     11  0.647059
262     10  0.588235
141     10  0.588235
363     10  0.588235
344     10  0.588235
311     10  0.588235
8       10  0.588235
125     10  0.588235
     Count  Value
507      1    1.0
Current: [507]
Subround 2
not enough
     Count     Value
507     14  0.777778
313     14  0.777778
466     12  0.666667
179     12  0.666667
263     12  0.666667
170     12  0.666667
446     12  0.666667
217     11  0.611111
32      11  0.611111
339     11  0.611111
1       11  0.611111
17      11  0.611111
164     11  0.611111
262     10  0.555556
141     10  0.555556
363     10  0.555556
344     10  0.555556
311     10  0.555556
8       10  0.555556
125     10  0.555556
     Count  Value
507      1    0.5
313      1    0.5
no winner, not enough
Current: []
Subround 3
not enough
     Count     Value
313     15  0.789474
507     14  0.736842
466     12  0.631579
179     12  0.631579
263     12  0.631579
170     12  0.631579
446     12  0.631579
217     11  0.578947
32      11  0.578947
339     11  0.578947
1       11  0.578947
17      11  0.578947
164     11  0.578947
262     10  0.526316
141     10  0.526316
363     10  0.526316
344     10  0.526316
311     10  0.526316
8       10  0.526316
125     10  0.526316
     Count     Value
313      2  0.666667
507      1  0.333333
no winner, not enough
Current: []
Subround 4
not enough
     Count  Value
507     15   0.75
313     15   0.75
466     12   0.60
179     12   0.60
263     12   0.60
170     12   0.60
446     12   0.60
217     11   0.55
32      11   0.55
339     11   0.55
1       11   0.55
17      11   0.55
164     11   0.55
262     10   0.50
141     10   0.50
363     10   0.50
344     10   0.50
311     10   0.50
8       10   0.50
125     10   0.50
     Count  Value
507      2    0.5
313      2    0.5
no winner, not enough
Current: []
Subround 5
not enough
     Count     Value
313     16  0.761905
507     15  0.714286
466     12  0.571429
179     12  0.571429
263     12  0.571429
170     12  0.571429
446     12  0.571429
217     11  0.523810
32      11  0.523810
339     11  0.523810
1       11  0.523810
17      11  0.523810
164     11  0.523810
262     10  0.476190
141     10  0.476190
363     10  0.476190
344     10  0.476190
311     10  0.476190
8       10  0.476190
125     10  0.476190
     Count  Value
313      3    0.6
507      2    0.4
no winner, not enough
Current: []
Subround 6
not enough
     Count     Value
313     17  0.772727
507     15  0.681818
466     12  0.545455
179     12  0.545455
263     12  0.545455
170     12  0.545455
446     12  0.545455
217     11  0.500000
32      11  0.500000
339     11  0.500000
1       11  0.500000
17      11  0.500000
164     11  0.500000
262     10  0.454545
141     10  0.454545
363     10  0.454545
344     10  0.454545
311     10  0.454545
8       10  0.454545
125     10  0.454545
     Count     Value
313      4  0.666667
507      2  0.333333
no winner, not enough
Current: []
Subround 7
not enough
     Count     Value
313     18  0.782609
507     15  0.652174
466     12  0.521739
179     12  0.521739
263     12  0.521739
170     12  0.521739
446     12  0.521739
217     11  0.478261
32      11  0.478261
339     11  0.478261
1       11  0.478261
17      11  0.478261
164     11  0.478261
262     10  0.434783
141     10  0.434783
363     10  0.434783
344     10  0.434783
311     10  0.434783
8       10  0.434783
125     10  0.434783
     Count     Value
313      5  0.714286
507      2  0.285714
no winner, not enough
Current: []
Subround 8
not enough
     Count     Value
313     19  0.791667
507     15  0.625000
466     12  0.500000
179     12  0.500000
263     12  0.500000
170     12  0.500000
446     12  0.500000
217     11  0.458333
32      11  0.458333
339     11  0.458333
1       11  0.458333
17      11  0.458333
164     11  0.458333
262     10  0.416667
141     10  0.416667
363     10  0.416667
344     10  0.416667
311     10  0.416667
8       10  0.416667
125     10  0.416667
     Count  Value
313      6   0.75
507      2   0.25
no winner, not enough
Current: []
Subround 9
not enough
     Count  Value
313     20   0.80
507     15   0.60
466     12   0.48
179     12   0.48
263     12   0.48
170     12   0.48
446     12   0.48
217     11   0.44
32      11   0.44
339     11   0.44
1       11   0.44
17      11   0.44
164     11   0.44
262     10   0.40
141     10   0.40
363     10   0.40
344     10   0.40
311     10   0.40
8       10   0.40
125     10   0.40
     Count     Value
313      7  0.777778
507      2  0.222222
no winner, not enough
Current: []
Subround 10
     Count     Value
313     20  0.769231
507     16  0.615385
466     12  0.461538
179     12  0.461538
263     12  0.461538
170     12  0.461538
446     12  0.461538
217     11  0.423077
32      11  0.423077
339     11  0.423077
1       11  0.423077
17      11  0.423077
164     11  0.423077
262     10  0.384615
141     10  0.384615
363     10  0.384615
344     10  0.384615
311     10  0.384615
8       10  0.384615
125     10  0.384615
     Count  Value
313      7    0.7
507      3    0.3
no winner, not enough
Current: []
Subround 11
     Count     Value
313     21  0.777778
507     16  0.592593
466     12  0.444444
179     12  0.444444
263     12  0.444444
170     12  0.444444
446     12  0.444444
217     11  0.407407
32      11  0.407407
339     11  0.407407
1       11  0.407407
17      11  0.407407
164     11  0.407407
262     10  0.370370
141     10  0.370370
363     10  0.370370
344     10  0.370370
311     10  0.370370
8       10  0.370370
125     10  0.370370
     Count     Value
313      8  0.727273
507      3  0.272727
no winner, not enough
Current: []
Subround 12
     Count     Value
313     21  0.750000
507     17  0.607143
466     12  0.428571
179     12  0.428571
263     12  0.428571
170     12  0.428571
446     12  0.428571
217     11  0.392857
32      11  0.392857
339     11  0.392857
1       11  0.392857
17      11  0.392857
164     11  0.392857
262     10  0.357143
141     10  0.357143
363     10  0.357143
344     10  0.357143
311     10  0.357143
8       10  0.357143
125     10  0.357143
     Count     Value
313      8  0.666667
507      4  0.333333
no winner, not enough
Current: []
Subround 13
     Count     Value
313     22  0.758621
507     17  0.586207
466     12  0.413793
179     12  0.413793
263     12  0.413793
170     12  0.413793
446     12  0.413793
217     11  0.379310
32      11  0.379310
339     11  0.379310
1       11  0.379310
17      11  0.379310
164     11  0.379310
262     10  0.344828
141     10  0.344828
363     10  0.344828
344     10  0.344828
311     10  0.344828
8       10  0.344828
125     10  0.344828
     Count     Value
313      9  0.692308
507      4  0.307692
no winner, not enough
Current: []
Subround 14
     Count     Value
313     22  0.733333
507     18  0.600000
466     12  0.400000
179     12  0.400000
263     12  0.400000
170     12  0.400000
446     12  0.400000
217     11  0.366667
32      11  0.366667
339     11  0.366667
1       11  0.366667
17      11  0.366667
164     11  0.366667
262     10  0.333333
141     10  0.333333
363     10  0.333333
344     10  0.333333
311     10  0.333333
8       10  0.333333
125     10  0.333333
     Count     Value
313      9  0.642857
507      5  0.357143
no winner, not enough
Current: []
Subround 15
     Count     Value
313     23  0.741935
507     18  0.580645
466     12  0.387097
179     12  0.387097
263     12  0.387097
170     12  0.387097
446     12  0.387097
217     11  0.354839
32      11  0.354839
339     11  0.354839
1       11  0.354839
17      11  0.354839
164     11  0.354839
262     10  0.322581
141     10  0.322581
363     10  0.322581
344     10  0.322581
311     10  0.322581
8       10  0.322581
125     10  0.322581
     Count     Value
313     10  0.666667
507      5  0.333333
no winner, not enough
Current: []
Subround 16
     Count    Value
313     24  0.75000
507     18  0.56250
466     12  0.37500
179     12  0.37500
263     12  0.37500
170     12  0.37500
446     12  0.37500
217     11  0.34375
32      11  0.34375
339     11  0.34375
1       11  0.34375
17      11  0.34375
164     11  0.34375
262     10  0.31250
141     10  0.31250
363     10  0.31250
344     10  0.31250
311     10  0.31250
8       10  0.31250
125     10  0.31250
     Count   Value
313     11  0.6875
507      5  0.3125
no winner, not enough
Current: []
Subround 17
     Count     Value
313     25  0.757576
507     18  0.545455
466     12  0.363636
179     12  0.363636
263     12  0.363636
170     12  0.363636
446     12  0.363636
217     11  0.333333
32      11  0.333333
339     11  0.333333
1       11  0.333333
17      11  0.333333
164     11  0.333333
262     10  0.303030
141     10  0.303030
363     10  0.303030
344     10  0.303030
311     10  0.303030
8       10  0.303030
125     10  0.303030
     Count     Value
313     12  0.705882
507      5  0.294118
no winner, not enough
Current: []
Subround 18
     Count     Value
313     25  0.735294
507     19  0.558824
466     12  0.352941
179     12  0.352941
263     12  0.352941
170     12  0.352941
446     12  0.352941
217     11  0.323529
32      11  0.323529
339     11  0.323529
1       11  0.323529
17      11  0.323529
164     11  0.323529
262     10  0.294118
141     10  0.294118
363     10  0.294118
344     10  0.294118
311     10  0.294118
8       10  0.294118
125     10  0.294118
     Count     Value
313     12  0.666667
507      6  0.333333
no winner, not enough
Current: []
Subround 19
     Count     Value
313     26  0.742857
507     19  0.542857
466     12  0.342857
179     12  0.342857
263     12  0.342857
170     12  0.342857
446     12  0.342857
217     11  0.314286
32      11  0.314286
339     11  0.314286
1       11  0.314286
17      11  0.314286
164     11  0.314286
262     10  0.285714
141     10  0.285714
363     10  0.285714
344     10  0.285714
311     10  0.285714
8       10  0.285714
125     10  0.285714
     Count     Value
313     13  0.684211
507      6  0.315789
no winner, not enough
Current: []
Subround 20
     Count     Value
313     26  0.722222
507     20  0.555556
466     12  0.333333
179     12  0.333333
263     12  0.333333
170     12  0.333333
446     12  0.333333
217     11  0.305556
32      11  0.305556
339     11  0.305556
1       11  0.305556
17      11  0.305556
164     11  0.305556
262     10  0.277778
141     10  0.277778
363     10  0.277778
344     10  0.277778
311     10  0.277778
8       10  0.277778
125     10  0.277778
     Count  Value
313     13   0.65
507      7   0.35
no winner, not enough
Current: []
Subround 21
     Count     Value
313     26  0.702703
507     21  0.567568
466     12  0.324324
179     12  0.324324
263     12  0.324324
170     12  0.324324
446     12  0.324324
217     11  0.297297
32      11  0.297297
339     11  0.297297
1       11  0.297297
17      11  0.297297
164     11  0.297297
262     10  0.270270
141     10  0.270270
363     10  0.270270
344     10  0.270270
311     10  0.270270
8       10  0.270270
125     10  0.270270
     Count     Value
313     13  0.619048
507      8  0.380952
no winner, not enough
Current: []
Subround 22
     Count     Value
313     27  0.710526
507     21  0.552632
466     12  0.315789
179     12  0.315789
263     12  0.315789
170     12  0.315789
446     12  0.315789
217     11  0.289474
32      11  0.289474
339     11  0.289474
1       11  0.289474
17      11  0.289474
164     11  0.289474
262     10  0.263158
141     10  0.263158
363     10  0.263158
344     10  0.263158
311     10  0.263158
8       10  0.263158
125     10  0.263158
     Count     Value
313     14  0.636364
507      8  0.363636
no winner, not enough
Current: []
Subround 23
     Count     Value
313     28  0.717949
507     21  0.538462
466     12  0.307692
179     12  0.307692
263     12  0.307692
170     12  0.307692
446     12  0.307692
217     11  0.282051
32      11  0.282051
339     11  0.282051
1       11  0.282051
17      11  0.282051
164     11  0.282051
262     10  0.256410
141     10  0.256410
363     10  0.256410
344     10  0.256410
311     10  0.256410
8       10  0.256410
125     10  0.256410
     Count     Value
313     15  0.652174
507      8  0.347826
no winner, not enough
Current: []
Subround 24
     Count  Value
313     29  0.725
507     21  0.525
466     12  0.300
179     12  0.300
263     12  0.300
170     12  0.300
446     12  0.300
217     11  0.275
32      11  0.275
339     11  0.275
1       11  0.275
17      11  0.275
164     11  0.275
262     10  0.250
141     10  0.250
363     10  0.250
344     10  0.250
311     10  0.250
8       10  0.250
125     10  0.250
     Count     Value
313     16  0.666667
507      8  0.333333
no winner, not enough
Current: []
Subround 25
     Count     Value
313     30  0.731707
507     21  0.512195
466     12  0.292683
179     12  0.292683
263     12  0.292683
170     12  0.292683
446     12  0.292683
217     11  0.268293
32      11  0.268293
339     11  0.268293
1       11  0.268293
17      11  0.268293
164     11  0.268293
262     10  0.243902
141     10  0.243902
363     10  0.243902
344     10  0.243902
311     10  0.243902
8       10  0.243902
125     10  0.243902
     Count  Value
313     17   0.68
507      8   0.32
no winner, not enough
Current: []
Subround 26
     Count     Value
313     31  0.738095
507     21  0.500000
466     12  0.285714
179     12  0.285714
263     12  0.285714
170     12  0.285714
446     12  0.285714
217     11  0.261905
32      11  0.261905
339     11  0.261905
1       11  0.261905
17      11  0.261905
164     11  0.261905
262     10  0.238095
141     10  0.238095
363     10  0.238095
344     10  0.238095
311     10  0.238095
8       10  0.238095
125     10  0.238095
     Count     Value
313     18  0.692308
507      8  0.307692
no winner, not enough
Current: []
Subround 27
     Count     Value
313     31  0.720930
507     22  0.511628
466     12  0.279070
179     12  0.279070
263     12  0.279070
170     12  0.279070
446     12  0.279070
217     11  0.255814
32      11  0.255814
339     11  0.255814
1       11  0.255814
17      11  0.255814
164     11  0.255814
262     10  0.232558
141     10  0.232558
363     10  0.232558
344     10  0.232558
311     10  0.232558
8       10  0.232558
125     10  0.232558
     Count     Value
313     18  0.666667
507      9  0.333333
no winner, not enough
Current: []
Subround 28
     Count     Value
313     31  0.704545
507     23  0.522727
466     12  0.272727
179     12  0.272727
263     12  0.272727
170     12  0.272727
446     12  0.272727
217     11  0.250000
32      11  0.250000
339     11  0.250000
1       11  0.250000
17      11  0.250000
164     11  0.250000
262     10  0.227273
141     10  0.227273
363     10  0.227273
344     10  0.227273
311     10  0.227273
8       10  0.227273
125     10  0.227273
     Count     Value
313     18  0.642857
507     10  0.357143
no winner, not enough
Current: []
Subround 29
     Count     Value
313     32  0.711111
507     23  0.511111
466     12  0.266667
179     12  0.266667
263     12  0.266667
170     12  0.266667
446     12  0.266667
217     11  0.244444
32      11  0.244444
339     11  0.244444
1       11  0.244444
17      11  0.244444
164     11  0.244444
262     10  0.222222
141     10  0.222222
363     10  0.222222
344     10  0.222222
311     10  0.222222
8       10  0.222222
125     10  0.222222
     Count     Value
313     19  0.655172
507     10  0.344828
no winner, not enough
Current: []
Subround 30
     Count     Value
313     32  0.695652
507     24  0.521739
466     12  0.260870
179     12  0.260870
263     12  0.260870
170     12  0.260870
446     12  0.260870
217     11  0.239130
32      11  0.239130
339     11  0.239130
1       11  0.239130
17      11  0.239130
164     11  0.239130
262     10  0.217391
141     10  0.217391
363     10  0.217391
344     10  0.217391
311     10  0.217391
8       10  0.217391
125     10  0.217391
     Count     Value
313     19  0.633333
507     11  0.366667
Rest half winner
Current: [1, 3, 8, 17, 29, 32, 38, 40, 41, 42, 47, 49, 52, 59, 60, 62, 64, 66, 72, 76, 81, 87, 88, 90, 91, 94, 97, 98, 101, 104, 105, 107, 109, 112, 113, 116, 125, 126, 133, 139, 141, 143, 145, 150, 160, 164, 169, 170, 171, 175, 179, 181, 185, 191, 195, 197, 205, 211, 217, 218, 224, 233, 245, 250, 256, 257, 258, 262, 263, 267, 272, 277, 280, 285, 287, 293, 302, 305, 306, 307, 308, 311, 312, 313, 318, 323, 339, 344, 360, 363, 370, 375, 376, 377, 378, 381, 384, 387, 390, 393, 397, 399, 401, 405, 407, 413, 414, 418, 421, 423, 427, 429, 441, 446, 448, 449, 453, 465, 466, 474, 477, 478, 486, 492, 494, 499, 505, 507]
Round 5
Subround 1
not enough
     Count  Value
169      1    1.0
141      1    1.0
8        1    1.0
250      1    1.0
360      1    1.0
446      1    1.0
384      1    1.0
448      1    1.0
81       1    1.0
293      1    1.0
91       1    1.0
52       1    1.0
474      1    1.0
101      1    1.0
164      1    1.0
375      1    1.0
262      1    1.0
64       1    1.0
97       1    1.0
401      1    1.0
     Count  Value
169      1    1.0
141      1    1.0
8        1    1.0
250      1    1.0
360      1    1.0
446      1    1.0
384      1    1.0
448      1    1.0
81       1    1.0
293      1    1.0
Current: [1, 8, 29, 40, 41, 52, 62, 64, 81, 87, 90, 91, 97, 101, 105, 107, 116, 125, 141, 143, 160, 164, 169, 170, 175, 181, 185, 195, 205, 217, 224, 250, 262, 267, 272, 287, 293, 305, 306, 307, 311, 313, 318, 323, 339, 360, 370, 375, 376, 377, 378, 384, 387, 393, 397, 401, 418, 429, 446, 448, 474, 477, 486, 499]
Subround 2
not enough
     Count  Value
262      2    1.0
446      2    1.0
486      2    1.0
40       2    1.0
160      2    1.0
307      2    1.0
125      2    1.0
305      2    1.0
8        2    1.0
250      2    1.0
81       2    1.0
87       2    1.0
293      2    1.0
164      2    1.0
375      2    1.0
64       2    1.0
401      2    1.0
387      2    1.0
429      2    1.0
29       2    1.0
     Count  Value
262      2    1.0
446      2    1.0
486      2    1.0
40       2    1.0
160      2    1.0
307      2    1.0
125      2    1.0
305      2    1.0
8        2    1.0
250      2    1.0
Current: [1, 8, 29, 40, 41, 64, 81, 87, 125, 160, 164, 170, 181, 185, 217, 250, 262, 272, 293, 305, 307, 313, 339, 370, 375, 387, 393, 401, 429, 446, 486]
Subround 3
not enough
     Count     Value
339      3  1.000000
185      3  1.000000
375      3  1.000000
393      3  1.000000
1        3  1.000000
486      3  1.000000
195      2  0.666667
64       2  0.666667
262      2  0.666667
101      2  0.666667
52       2  0.666667
474      2  0.666667
401      2  0.666667
91       2  0.666667
293      2  0.666667
81       2  0.666667
448      2  0.666667
384      2  0.666667
97       2  0.666667
387      2  0.666667
     Count     Value
339      3  1.000000
185      3  1.000000
375      3  1.000000
393      3  1.000000
1        3  1.000000
486      3  1.000000
195      2  0.666667
64       2  0.666667
262      2  0.666667
101      2  0.666667
Current: [1, 185, 339, 375, 393, 486]
Subround 4
not enough
     Count  Value
375      4   1.00
339      4   1.00
164      3   0.75
49       3   0.75
143      3   0.75
499      3   0.75
8        3   0.75
112      3   0.75
446      3   0.75
384      3   0.75
81       3   0.75
293      3   0.75
393      3   0.75
486      3   0.75
262      3   0.75
64       3   0.75
401      3   0.75
116      3   0.75
224      3   0.75
429      3   0.75
     Count  Value
375      4   1.00
339      4   1.00
164      3   0.75
49       3   0.75
143      3   0.75
499      3   0.75
8        3   0.75
112      3   0.75
446      3   0.75
384      3   0.75
Current: [339, 375]
Subround 5
not enough
     Count  Value
339      5    1.0
375      5    1.0
393      4    0.8
429      4    0.8
262      4    0.8
313      4    0.8
164      4    0.8
116      4    0.8
8        4    0.8
112      4    0.8
377      4    0.8
185      4    0.8
446      4    0.8
474      3    0.6
302      3    0.6
224      3    0.6
91       3    0.6
64       3    0.6
97       3    0.6
401      3    0.6
     Count  Value
339      5    1.0
375      5    1.0
393      4    0.8
429      4    0.8
262      4    0.8
313      4    0.8
164      4    0.8
116      4    0.8
8        4    0.8
112      4    0.8
Current: [339, 375]
Subround 6
not enough
     Count     Value
339      6  1.000000
446      5  0.833333
262      5  0.833333
116      5  0.833333
8        5  0.833333
375      5  0.833333
393      5  0.833333
112      5  0.833333
377      5  0.833333
164      5  0.833333
448      4  0.666667
384      4  0.666667
360      4  0.666667
401      4  0.666667
305      4  0.666667
125      4  0.666667
91       4  0.666667
141      4  0.666667
143      4  0.666667
52       4  0.666667
     Count     Value
339      6  1.000000
446      5  0.833333
262      5  0.833333
116      5  0.833333
8        5  0.833333
375      5  0.833333
393      5  0.833333
112      5  0.833333
377      5  0.833333
164      5  0.833333
Current: [8, 112, 116, 164, 262, 339, 375, 377, 393, 446]
Subround 7
not enough
     Count     Value
339      7  1.000000
393      6  0.857143
262      6  0.857143
164      6  0.857143
448      5  0.714286
52       5  0.714286
143      5  0.714286
49       5  0.714286
8        5  0.714286
360      5  0.714286
446      5  0.714286
91       5  0.714286
474      5  0.714286
218      5  0.714286
375      5  0.714286
64       5  0.714286
150      5  0.714286
116      5  0.714286
105      5  0.714286
378      5  0.714286
     Count     Value
339      7  1.000000
393      6  0.857143
262      6  0.857143
164      6  0.857143
448      5  0.714286
52       5  0.714286
143      5  0.714286
49       5  0.714286
8        5  0.714286
360      5  0.714286
Current: [164, 262, 339, 393]
Subround 8
not enough
     Count  Value
339      7  0.875
393      7  0.875
164      6  0.750
52       6  0.750
262      6  0.750
116      6  0.750
378      6  0.750
218      6  0.750
313      6  0.750
105      6  0.750
112      6  0.750
150      6  0.750
8        6  0.750
66       5  0.625
413      5  0.625
446      5  0.625
384      5  0.625
308      5  0.625
448      5  0.625
258      5  0.625
     Count  Value
339      7  0.875
393      7  0.875
164      6  0.750
52       6  0.750
262      6  0.750
116      6  0.750
378      6  0.750
218      6  0.750
313      6  0.750
105      6  0.750
Current: [339, 393]
Subround 9
not enough
     Count     Value
339      8  0.888889
218      7  0.777778
164      7  0.777778
262      7  0.777778
393      7  0.777778
112      7  0.777778
8        6  0.666667
105      6  0.666667
116      6  0.666667
143      6  0.666667
64       6  0.666667
305      6  0.666667
150      6  0.666667
378      6  0.666667
360      6  0.666667
446      6  0.666667
448      6  0.666667
91       6  0.666667
52       6  0.666667
49       6  0.666667
     Count     Value
339      8  0.888889
218      7  0.777778
164      7  0.777778
262      7  0.777778
393      7  0.777778
112      7  0.777778
8        6  0.666667
105      6  0.666667
116      6  0.666667
143      6  0.666667
Current: [339]
Subround 10
     Count  Value
339      9    0.9
112      8    0.8
218      8    0.8
164      7    0.7
378      7    0.7
384      7    0.7
393      7    0.7
143      7    0.7
52       7    0.7
49       7    0.7
262      7    0.7
64       7    0.7
302      7    0.7
116      7    0.7
446      7    0.7
141      7    0.7
66       7    0.7
150      7    0.7
272      6    0.6
474      6    0.6
     Count  Value
339      9    0.9
112      8    0.8
218      8    0.8
164      7    0.7
378      7    0.7
384      7    0.7
393      7    0.7
143      7    0.7
52       7    0.7
49       7    0.7
Current: [339]
Winning offset:
[339]
2021-09-08 01:59:51.133807
2021-09-08 02:05:22.487360
0:05:31.353553
