Loading page file profiles/lab06/pages/0x2a44b.yaml
Loading page file profiles/lab06/pages/0x2a460.yaml
Loading page file profiles/lab06/pages/0x2a4e3.yaml
Loading page file profiles/lab06/pages/0x2a4e5.yaml
Loading page file profiles/lab06/pages/0x2a800.yaml
Loading page file profiles/lab06/pages/0x2a804.yaml
Loading page file profiles/lab06/pages/0x2a805.yaml
Round 1
Subround 1
not enough
     Count  Value
56       1    1.0
137      1    1.0
164      1    1.0
192      1    1.0
508      1    1.0
275      1    1.0
362      1    1.0
422      1    1.0
183      1    1.0
453      1    1.0
464      1    1.0
10       1    1.0
266      1    1.0
72       1    1.0
28       1    1.0
44       1    1.0
205      1    1.0
196      1    1.0
252      1    1.0
218      1    1.0
     Count  Value
56       1    1.0
137      1    1.0
164      1    1.0
192      1    1.0
508      1    1.0
275      1    1.0
362      1    1.0
422      1    1.0
183      1    1.0
453      1    1.0
Current: [0, 1, 3, 4, 5, 7, 8, 9, 10, 14, 18, 19, 21, 22, 25, 27, 28, 30, 32, 33, 36, 38, 41, 44, 45, 46, 48, 49, 51, 52, 53, 54, 56, 57, 59, 60, 61, 62, 63, 64, 65, 68, 69, 72, 73, 78, 80, 81, 83, 84, 87, 88, 90, 93, 94, 95, 97, 101, 102, 103, 105, 106, 107, 110, 112, 113, 114, 115, 119, 120, 121, 122, 127, 130, 133, 134, 136, 137, 138, 142, 145, 147, 149, 150, 157, 158, 161, 164, 167, 171, 176, 177, 178, 181, 182, 183, 185, 186, 187, 191, 192, 194, 195, 196, 199, 200, 205, 206, 210, 211, 213, 216, 217, 218, 219, 220, 221, 223, 225, 226, 227, 229, 230, 231, 233, 239, 240, 242, 243, 244, 247, 248, 250, 251, 252, 253, 254, 256, 259, 263, 265, 266, 267, 270, 271, 273, 274, 275, 283, 285, 287, 293, 299, 300, 305, 308, 310, 312, 315, 316, 318, 320, 322, 323, 325, 332, 333, 335, 336, 337, 338, 341, 342, 344, 345, 346, 348, 351, 352, 353, 355, 356, 359, 360, 362, 364, 365, 367, 369, 371, 374, 376, 378, 381, 384, 389, 393, 395, 399, 401, 402, 404, 405, 406, 409, 410, 412, 414, 415, 417, 419, 422, 426, 428, 429, 430, 431, 434, 435, 436, 438, 441, 442, 445, 446, 447, 448, 453, 454, 457, 458, 459, 460, 463, 464, 466, 470, 471, 472, 473, 477, 481, 482, 483, 485, 488, 493, 494, 495, 497, 499, 503, 504, 506, 508, 511]
Subround 2
not enough
     Count  Value
22       2    1.0
355      2    1.0
393      2    1.0
18       2    1.0
485      2    1.0
441      2    1.0
9        2    1.0
161      2    1.0
242      2    1.0
254      2    1.0
226      2    1.0
199      2    1.0
243      2    1.0
381      2    1.0
194      2    1.0
430      2    1.0
53       2    1.0
61       2    1.0
68       2    1.0
130      2    1.0
     Count  Value
22       2    1.0
355      2    1.0
393      2    1.0
18       2    1.0
485      2    1.0
441      2    1.0
9        2    1.0
161      2    1.0
242      2    1.0
254      2    1.0
Current: [1, 3, 7, 9, 10, 18, 22, 25, 33, 36, 38, 49, 53, 60, 61, 63, 68, 73, 80, 81, 84, 87, 94, 101, 105, 106, 107, 110, 113, 119, 127, 130, 136, 137, 138, 142, 150, 157, 158, 161, 167, 176, 177, 178, 182, 183, 191, 194, 196, 199, 210, 211, 216, 217, 221, 223, 226, 227, 229, 230, 231, 242, 243, 247, 248, 250, 251, 254, 259, 265, 267, 270, 271, 273, 285, 287, 293, 315, 318, 323, 335, 336, 341, 342, 344, 348, 351, 352, 353, 355, 359, 362, 365, 369, 374, 376, 378, 381, 384, 389, 393, 399, 401, 404, 409, 410, 417, 419, 422, 426, 428, 430, 435, 441, 448, 453, 464, 471, 472, 481, 482, 485, 494, 495, 497, 499, 503, 504, 508]
Subround 3
not enough
     Count  Value
158      3    1.0
419      3    1.0
448      3    1.0
430      3    1.0
243      3    1.0
94       3    1.0
242      3    1.0
137      3    1.0
87       3    1.0
485      3    1.0
248      3    1.0
157      3    1.0
348      3    1.0
426      3    1.0
130      3    1.0
105      3    1.0
110      3    1.0
341      3    1.0
494      3    1.0
226      3    1.0
     Count  Value
158      3    1.0
419      3    1.0
448      3    1.0
430      3    1.0
243      3    1.0
94       3    1.0
242      3    1.0
137      3    1.0
87       3    1.0
485      3    1.0
Current: [60, 61, 68, 87, 94, 105, 107, 110, 119, 130, 137, 157, 158, 210, 211, 217, 226, 242, 243, 248, 341, 342, 348, 355, 378, 419, 422, 426, 430, 448, 464, 481, 485, 494, 504, 508]
Subround 4
not enough
     Count  Value
157      4   1.00
87       4   1.00
68       4   1.00
448      4   1.00
210      4   1.00
348      4   1.00
61       4   1.00
378      4   1.00
158      4   1.00
60       4   1.00
494      4   1.00
481      4   1.00
248      4   1.00
508      4   1.00
137      4   1.00
464      4   1.00
130      4   1.00
422      4   1.00
243      4   1.00
164      3   0.75
     Count  Value
157      4    1.0
87       4    1.0
68       4    1.0
448      4    1.0
210      4    1.0
348      4    1.0
61       4    1.0
378      4    1.0
158      4    1.0
60       4    1.0
Current: [0, 5, 8, 9, 10, 14, 18, 22, 27, 28, 30, 34, 36, 38, 41, 43, 44, 48, 49, 55, 59, 60, 61, 63, 65, 68, 80, 82, 87, 93, 94, 101, 103, 105, 107, 110, 111, 113, 119, 120, 121, 122, 130, 133, 136, 137, 140, 142, 147, 150, 157, 158, 161, 164, 171, 177, 178, 179, 181, 182, 183, 185, 196, 199, 202, 205, 206, 210, 211, 217, 218, 226, 227, 228, 231, 239, 240, 242, 243, 244, 245, 248, 250, 251, 253, 254, 267, 271, 275, 293, 300, 312, 315, 316, 318, 320, 322, 323, 332, 333, 335, 336, 341, 342, 345, 348, 355, 356, 359, 362, 365, 367, 376, 377, 378, 384, 399, 401, 404, 406, 412, 414, 417, 418, 419, 422, 426, 429, 430, 431, 433, 434, 441, 448, 452, 453, 457, 461, 464, 477, 481, 482, 485, 491, 492, 494, 495, 504, 508, 511]
Subround 5
not enough
     Count  Value
157      5    1.0
210      5    1.0
130      5    1.0
68       5    1.0
158      5    1.0
60       5    1.0
494      5    1.0
464      5    1.0
61       5    1.0
137      5    1.0
422      5    1.0
87       5    1.0
243      5    1.0
348      5    1.0
481      5    1.0
399      4    0.8
504      4    0.8
248      4    0.8
206      4    0.8
63       4    0.8
     Count  Value
157      5    1.0
210      5    1.0
130      5    1.0
68       5    1.0
158      5    1.0
60       5    1.0
494      5    1.0
464      5    1.0
61       5    1.0
137      5    1.0
Current: [5, 8, 9, 10, 18, 22, 30, 38, 43, 48, 55, 60, 61, 63, 65, 68, 82, 87, 93, 94, 101, 105, 110, 119, 121, 122, 130, 133, 136, 137, 142, 147, 150, 157, 158, 161, 179, 202, 206, 210, 227, 228, 239, 240, 243, 244, 248, 251, 267, 315, 316, 332, 333, 335, 345, 348, 359, 365, 377, 378, 399, 401, 412, 417, 422, 426, 430, 431, 433, 448, 452, 453, 461, 464, 477, 481, 485, 492, 494, 495, 504, 508]
Subround 6
not enough
     Count     Value
210      6  1.000000
494      6  1.000000
481      6  1.000000
68       6  1.000000
243      6  1.000000
61       6  1.000000
130      6  1.000000
348      6  1.000000
60       6  1.000000
105      5  0.833333
267      5  0.833333
227      5  0.833333
315      5  0.833333
136      5  0.833333
110      5  0.833333
94       5  0.833333
158      5  0.833333
426      5  0.833333
133      5  0.833333
240      5  0.833333
     Count     Value
210      6  1.000000
494      6  1.000000
481      6  1.000000
68       6  1.000000
243      6  1.000000
61       6  1.000000
130      6  1.000000
348      6  1.000000
60       6  1.000000
105      5  0.833333
Current: [8, 18, 22, 55, 60, 61, 63, 65, 68, 82, 87, 94, 105, 110, 121, 130, 133, 136, 137, 157, 158, 202, 210, 227, 240, 243, 251, 267, 315, 316, 332, 348, 377, 378, 399, 401, 417, 422, 426, 430, 448, 453, 461, 464, 477, 481, 494, 504, 508]
Subround 7
not enough
     Count     Value
243      7  1.000000
61       7  1.000000
130      7  1.000000
430      6  0.857143
68       6  0.857143
65       6  0.857143
315      6  0.857143
210      6  0.857143
94       6  0.857143
399      6  0.857143
202      6  0.857143
240      6  0.857143
22       6  0.857143
60       6  0.857143
157      6  0.857143
332      6  0.857143
348      6  0.857143
461      6  0.857143
18       6  0.857143
227      6  0.857143
     Count     Value
243      7  1.000000
61       7  1.000000
130      7  1.000000
430      6  0.857143
68       6  0.857143
65       6  0.857143
315      6  0.857143
210      6  0.857143
94       6  0.857143
399      6  0.857143
Current: [3, 5, 8, 10, 15, 18, 21, 22, 27, 48, 50, 51, 55, 60, 61, 63, 65, 68, 82, 87, 94, 105, 110, 113, 119, 120, 121, 130, 133, 136, 137, 147, 150, 152, 157, 158, 171, 173, 176, 179, 196, 199, 202, 205, 206, 210, 224, 226, 227, 228, 234, 240, 242, 243, 244, 245, 250, 251, 252, 257, 267, 271, 284, 291, 293, 298, 299, 311, 315, 316, 320, 321, 322, 323, 332, 336, 339, 341, 345, 348, 354, 355, 356, 367, 369, 377, 378, 392, 395, 398, 399, 401, 403, 404, 406, 415, 417, 422, 426, 429, 430, 433, 448, 453, 457, 461, 464, 470, 471, 477, 481, 483, 485, 489, 494, 495, 501, 504, 508]
Subround 8
not enough
     Count  Value
130      8  1.000
243      8  1.000
61       8  1.000
68       7  0.875
315      7  0.875
348      7  0.875
94       7  0.875
481      7  0.875
422      7  0.875
494      7  0.875
22       7  0.875
240      7  0.875
461      7  0.875
202      7  0.875
293      6  0.750
378      6  0.750
355      6  0.750
176      6  0.750
171      6  0.750
430      6  0.750
     Count  Value
130      8  1.000
243      8  1.000
61       8  1.000
68       7  0.875
315      7  0.875
348      7  0.875
94       7  0.875
481      7  0.875
422      7  0.875
494      7  0.875
Current: [5, 8, 18, 21, 22, 27, 50, 51, 55, 60, 61, 65, 68, 82, 94, 105, 119, 120, 121, 130, 133, 136, 137, 152, 157, 158, 171, 173, 176, 179, 196, 199, 202, 210, 226, 227, 228, 240, 243, 252, 284, 291, 293, 315, 316, 321, 332, 336, 348, 354, 355, 378, 395, 398, 399, 401, 415, 417, 422, 430, 453, 457, 461, 464, 470, 481, 485, 494, 495]
Subround 9
not enough
     Count     Value
130      8  0.888889
243      8  0.888889
494      8  0.888889
315      8  0.888889
22       8  0.888889
61       8  0.888889
202      7  0.777778
82       7  0.777778
284      7  0.777778
348      7  0.777778
461      7  0.777778
157      7  0.777778
5        7  0.777778
398      7  0.777778
378      7  0.777778
136      7  0.777778
240      7  0.777778
227      7  0.777778
199      7  0.777778
430      7  0.777778
     Count     Value
130      8  0.888889
243      8  0.888889
494      8  0.888889
315      8  0.888889
22       8  0.888889
61       8  0.888889
202      7  0.777778
82       7  0.777778
284      7  0.777778
348      7  0.777778
Current: [5, 22, 60, 61, 65, 68, 82, 94, 105, 119, 130, 133, 136, 152, 157, 171, 199, 202, 210, 227, 240, 243, 252, 284, 315, 316, 348, 354, 355, 378, 395, 398, 415, 422, 430, 453, 457, 461, 481, 494]
Subround 10
not enough
     Count  Value
494      9    0.9
65       8    0.8
5        8    0.8
453      8    0.8
422      8    0.8
130      8    0.8
61       8    0.8
378      8    0.8
481      8    0.8
461      8    0.8
22       8    0.8
82       8    0.8
240      8    0.8
105      8    0.8
243      8    0.8
202      8    0.8
119      8    0.8
354      8    0.8
133      8    0.8
171      8    0.8
     Count  Value
494      9    0.9
65       8    0.8
5        8    0.8
453      8    0.8
422      8    0.8
130      8    0.8
61       8    0.8
378      8    0.8
481      8    0.8
461      8    0.8
Current: [5, 22, 61, 65, 82, 105, 119, 130, 133, 157, 171, 202, 210, 240, 243, 315, 348, 354, 355, 378, 422, 430, 453, 461, 481, 494]
Subround 11
not enough
     Count     Value
494     10  0.909091
130      9  0.818182
22       9  0.818182
430      9  0.818182
243      9  0.818182
378      9  0.818182
481      9  0.818182
61       9  0.818182
240      9  0.818182
171      9  0.818182
315      9  0.818182
82       8  0.727273
202      8  0.727273
345      8  0.727273
502      8  0.727273
94       8  0.727273
461      8  0.727273
152      8  0.727273
210      8  0.727273
119      8  0.727273
     Count     Value
494     10  0.909091
130      9  0.818182
22       9  0.818182
430      9  0.818182
243      9  0.818182
378      9  0.818182
481      9  0.818182
61       9  0.818182
240      9  0.818182
171      9  0.818182
Current: [5, 10, 22, 48, 60, 61, 65, 72, 82, 94, 105, 119, 130, 133, 136, 152, 157, 171, 186, 199, 202, 210, 230, 240, 243, 244, 252, 293, 315, 316, 336, 339, 345, 348, 354, 355, 378, 395, 401, 415, 422, 430, 453, 457, 461, 481, 494, 495, 502]
Subround 12
not enough
     Count     Value
243     10  0.833333
130     10  0.833333
430     10  0.833333
494     10  0.833333
94       9  0.750000
401      9  0.750000
61       9  0.750000
348      9  0.750000
481      9  0.750000
171      9  0.750000
244      9  0.750000
119      9  0.750000
378      9  0.750000
252      9  0.750000
133      9  0.750000
22       9  0.750000
240      9  0.750000
199      9  0.750000
502      9  0.750000
457      9  0.750000
     Count     Value
243     10  0.833333
130     10  0.833333
430     10  0.833333
494     10  0.833333
94       9  0.750000
401      9  0.750000
61       9  0.750000
348      9  0.750000
481      9  0.750000
171      9  0.750000
Current: [22, 61, 72, 94, 119, 130, 133, 136, 157, 171, 199, 202, 210, 240, 243, 244, 252, 315, 316, 348, 378, 401, 430, 457, 481, 494, 495, 502]
Subround 13
not enough
     Count     Value
494     11  0.846154
130     10  0.769231
199     10  0.769231
252     10  0.769231
348     10  0.769231
171     10  0.769231
430     10  0.769231
502     10  0.769231
378     10  0.769231
22      10  0.769231
315     10  0.769231
243     10  0.769231
240     10  0.769231
316     10  0.769231
61      10  0.769231
244     10  0.769231
495     10  0.769231
481     10  0.769231
133     10  0.769231
251      9  0.692308
     Count     Value
494     11  0.846154
130     10  0.769231
199     10  0.769231
252     10  0.769231
348     10  0.769231
171     10  0.769231
430     10  0.769231
502     10  0.769231
378     10  0.769231
22      10  0.769231
Current: [22, 61, 130, 133, 171, 199, 240, 243, 244, 252, 315, 316, 348, 378, 430, 481, 494, 495, 502]
Subround 14
not enough
     Count     Value
240     11  0.785714
494     11  0.785714
495     11  0.785714
378     11  0.785714
22      11  0.785714
502     11  0.785714
348     11  0.785714
243     11  0.785714
315     11  0.785714
171     11  0.785714
199     11  0.785714
244     11  0.785714
252     11  0.785714
65      10  0.714286
430     10  0.714286
202     10  0.714286
230     10  0.714286
61      10  0.714286
401     10  0.714286
136     10  0.714286
     Count     Value
240     11  0.785714
494     11  0.785714
495     11  0.785714
378     11  0.785714
22      11  0.785714
502     11  0.785714
348     11  0.785714
243     11  0.785714
315     11  0.785714
171     11  0.785714
Current: [22, 48, 61, 65, 94, 130, 133, 136, 152, 171, 186, 199, 202, 210, 230, 240, 243, 244, 251, 252, 277, 293, 315, 316, 339, 348, 354, 355, 378, 401, 422, 430, 457, 481, 494, 495, 502]
Subround 15
not enough
     Count     Value
171     12  0.800000
244     12  0.800000
495     12  0.800000
243     12  0.800000
502     12  0.800000
315     12  0.800000
199     12  0.800000
348     12  0.800000
22      12  0.800000
457     11  0.733333
354     11  0.733333
339     11  0.733333
65      11  0.733333
186     11  0.733333
48      11  0.733333
355     11  0.733333
378     11  0.733333
293     11  0.733333
202     11  0.733333
210     11  0.733333
     Count     Value
171     12  0.800000
244     12  0.800000
495     12  0.800000
243     12  0.800000
502     12  0.800000
315     12  0.800000
199     12  0.800000
348     12  0.800000
22      12  0.800000
457     11  0.733333
Current: [22, 48, 65, 94, 136, 171, 186, 199, 202, 210, 240, 243, 244, 251, 252, 277, 293, 315, 339, 348, 354, 355, 378, 422, 457, 494, 495, 502]
Subround 16
not enough
     Count   Value
171     13  0.8125
495     13  0.8125
315     13  0.8125
22      13  0.8125
339     12  0.7500
65      12  0.7500
457     12  0.7500
210     12  0.7500
251     12  0.7500
348     12  0.7500
244     12  0.7500
502     12  0.7500
202     12  0.7500
48      12  0.7500
136     12  0.7500
243     12  0.7500
199     12  0.7500
150     11  0.6875
94      11  0.6875
119     11  0.6875
     Count   Value
171     13  0.8125
495     13  0.8125
315     13  0.8125
22      13  0.8125
339     12  0.7500
65      12  0.7500
457     12  0.7500
210     12  0.7500
251     12  0.7500
348     12  0.7500
Current: [22, 48, 65, 136, 171, 199, 202, 210, 243, 244, 251, 315, 339, 348, 457, 495, 502]
Subround 17
not enough
     Count     Value
495     14  0.823529
315     14  0.823529
22      14  0.823529
171     14  0.823529
339     13  0.764706
210     13  0.764706
48      13  0.764706
136     13  0.764706
502     13  0.764706
202     13  0.764706
251     13  0.764706
243     13  0.764706
252     12  0.705882
378     12  0.705882
354     12  0.705882
481     12  0.705882
50      12  0.705882
65      12  0.705882
199     12  0.705882
145     12  0.705882
     Count     Value
495     14  0.823529
315     14  0.823529
22      14  0.823529
171     14  0.823529
339     13  0.764706
210     13  0.764706
48      13  0.764706
136     13  0.764706
502     13  0.764706
202     13  0.764706
Current: [22, 48, 50, 65, 82, 119, 133, 136, 145, 167, 171, 199, 202, 210, 240, 243, 244, 251, 252, 315, 316, 339, 348, 354, 355, 378, 422, 426, 457, 481, 495, 502]
Subround 18
not enough
     Count     Value
171     15  0.833333
202     14  0.777778
315     14  0.777778
495     14  0.777778
243     14  0.777778
339     14  0.777778
48      14  0.777778
22      14  0.777778
210     14  0.777778
199     13  0.722222
355     13  0.722222
502     13  0.722222
426     13  0.722222
457     13  0.722222
133     13  0.722222
244     13  0.722222
50      13  0.722222
240     13  0.722222
316     13  0.722222
251     13  0.722222
     Count     Value
171     15  0.833333
202     14  0.777778
315     14  0.777778
495     14  0.777778
243     14  0.777778
339     14  0.777778
48      14  0.777778
22      14  0.777778
210     14  0.777778
199     13  0.722222
Current: [22, 48, 50, 133, 136, 171, 199, 202, 210, 240, 243, 244, 251, 315, 316, 339, 348, 355, 426, 457, 481, 495, 502]
Subround 19
not enough
     Count     Value
171     16  0.842105
48      15  0.789474
339     15  0.789474
210     15  0.789474
243     15  0.789474
202     15  0.789474
133     14  0.736842
50      14  0.736842
426     14  0.736842
481     14  0.736842
457     14  0.736842
22      14  0.736842
315     14  0.736842
240     14  0.736842
244     14  0.736842
348     14  0.736842
355     14  0.736842
316     14  0.736842
199     14  0.736842
495     14  0.736842
     Count     Value
171     16  0.842105
48      15  0.789474
339     15  0.789474
210     15  0.789474
243     15  0.789474
202     15  0.789474
133     14  0.736842
50      14  0.736842
426     14  0.736842
481     14  0.736842
Current: [22, 48, 50, 133, 171, 199, 202, 210, 240, 243, 244, 315, 316, 339, 348, 355, 426, 457, 481, 495]
Subround 20
     Count  Value
171     17   0.85
210     16   0.80
243     16   0.80
48      16   0.80
339     16   0.80
240     15   0.75
495     15   0.75
22      15   0.75
481     15   0.75
315     15   0.75
202     15   0.75
348     15   0.75
50      15   0.75
502     14   0.70
457     14   0.70
133     14   0.70
55      14   0.70
331     14   0.70
426     14   0.70
136     14   0.70
     Count  Value
171     17   0.85
210     16   0.80
243     16   0.80
48      16   0.80
339     16   0.80
240     15   0.75
495     15   0.75
22      15   0.75
481     15   0.75
315     15   0.75
Current: [22, 48, 50, 171, 202, 210, 240, 243, 315, 339, 348, 481, 495]
Round 2
Subround 1
not enough
     Count     Value
171     18  0.857143
339     17  0.809524
210     17  0.809524
495     16  0.761905
243     16  0.761905
315     16  0.761905
481     16  0.761905
48      16  0.761905
348     16  0.761905
22      15  0.714286
202     15  0.714286
240     15  0.714286
50      15  0.714286
457     14  0.666667
55      14  0.666667
502     14  0.666667
133     14  0.666667
331     14  0.666667
426     14  0.666667
136     14  0.666667
     Count  Value
495      1    1.0
481      1    1.0
210      1    1.0
315      1    1.0
171      1    1.0
339      1    1.0
348      1    1.0
Current: [171, 210, 339]
Subround 2
not enough
     Count     Value
339     18  0.818182
171     18  0.818182
481     17  0.772727
243     17  0.772727
210     17  0.772727
315     16  0.727273
240     16  0.727273
50      16  0.727273
348     16  0.727273
495     16  0.727273
22      16  0.727273
48      16  0.727273
202     15  0.681818
355     14  0.636364
331     14  0.636364
502     14  0.636364
244     14  0.636364
316     14  0.636364
105     14  0.636364
136     14  0.636364
     Count  Value
481      2    1.0
339      2    1.0
495      1    0.5
210      1    0.5
315      1    0.5
171      1    0.5
348      1    0.5
243      1    0.5
240      1    0.5
56       1    0.5
Current: [171, 339]
Subround 3
not enough
     Count     Value
171     19  0.826087
339     19  0.826087
210     18  0.782609
243     18  0.782609
22      17  0.739130
50      17  0.739130
481     17  0.739130
48      16  0.695652
240     16  0.695652
315     16  0.695652
348     16  0.695652
495     16  0.695652
202     15  0.652174
426     14  0.608696
61      14  0.608696
331     14  0.608696
105     14  0.608696
133     14  0.608696
199     14  0.608696
502     14  0.608696
     Count     Value
339      3  1.000000
481      2  0.666667
210      2  0.666667
171      2  0.666667
243      2  0.666667
56       2  0.666667
22       2  0.666667
50       2  0.666667
495      1  0.333333
315      1  0.333333
Current: [171, 339]
Subround 4
not enough
     Count     Value
171     20  0.833333
210     19  0.791667
243     19  0.791667
339     19  0.791667
481     18  0.750000
22      18  0.750000
50      17  0.708333
315     17  0.708333
48      16  0.666667
240     16  0.666667
348     16  0.666667
202     16  0.666667
495     16  0.666667
426     14  0.583333
61      14  0.583333
331     14  0.583333
105     14  0.583333
133     14  0.583333
199     14  0.583333
502     14  0.583333
     Count  Value
481      3   0.75
210      3   0.75
171      3   0.75
339      3   0.75
243      3   0.75
22       3   0.75
315      2   0.50
56       2   0.50
50       2   0.50
495      1   0.25
Current: [171]
Subround 5
not enough
     Count  Value
210     20   0.80
171     20   0.80
339     19   0.76
243     19   0.76
22      18   0.72
50      18   0.72
481     18   0.72
240     17   0.68
315     17   0.68
348     17   0.68
202     17   0.68
495     17   0.68
48      16   0.64
61      14   0.56
426     14   0.56
331     14   0.56
105     14   0.56
133     14   0.56
199     14   0.56
502     14   0.56
     Count  Value
210      4    0.8
481      3    0.6
171      3    0.6
339      3    0.6
243      3    0.6
56       3    0.6
22       3    0.6
50       3    0.6
495      2    0.4
315      2    0.4
no winner, not enough
Current: []
Subround 6
not enough
     Count     Value
210     20  0.769231
171     20  0.769231
339     20  0.769231
22      19  0.730769
243     19  0.730769
50      19  0.730769
481     18  0.692308
202     18  0.692308
240     18  0.692308
348     17  0.653846
48      17  0.653846
495     17  0.653846
315     17  0.653846
61      14  0.538462
55      14  0.538462
105     14  0.538462
426     14  0.538462
199     14  0.538462
331     14  0.538462
244     14  0.538462
     Count     Value
210      4  0.666667
339      4  0.666667
56       4  0.666667
22       4  0.666667
50       4  0.666667
481      3  0.500000
171      3  0.500000
243      3  0.500000
240      3  0.500000
202      3  0.500000
no winner, not enough
Current: []
Subround 7
not enough
     Count     Value
210     21  0.777778
171     21  0.777778
243     20  0.740741
339     20  0.740741
50      20  0.740741
481     19  0.703704
22      19  0.703704
240     18  0.666667
315     18  0.666667
495     18  0.666667
202     18  0.666667
348     17  0.629630
48      17  0.629630
61      14  0.518519
55      14  0.518519
355     14  0.518519
502     14  0.518519
331     14  0.518519
244     14  0.518519
251     14  0.518519
     Count     Value
210      5  0.714286
50       5  0.714286
481      4  0.571429
171      4  0.571429
339      4  0.571429
243      4  0.571429
56       4  0.571429
22       4  0.571429
495      3  0.428571
315      3  0.428571
no winner, not enough
Current: []
Subround 8
not enough
     Count     Value
171     22  0.785714
210     21  0.750000
243     21  0.750000
50      21  0.750000
339     21  0.750000
22      20  0.714286
481     19  0.678571
315     19  0.678571
240     18  0.642857
202     18  0.642857
495     18  0.642857
348     17  0.607143
48      17  0.607143
133     14  0.500000
244     14  0.500000
426     14  0.500000
105     14  0.500000
199     14  0.500000
502     14  0.500000
61      14  0.500000
     Count  Value
50       6  0.750
210      5  0.625
171      5  0.625
339      5  0.625
243      5  0.625
56       5  0.625
22       5  0.625
481      4  0.500
315      4  0.500
495      3  0.375
no winner, not enough
Current: []
Subround 9
not enough
     Count     Value
171     23  0.793103
339     22  0.758621
50      21  0.724138
210     21  0.724138
243     21  0.724138
481     20  0.689655
22      20  0.689655
495     19  0.655172
315     19  0.655172
48      18  0.620690
202     18  0.620690
348     18  0.620690
240     18  0.620690
105     14  0.482759
502     14  0.482759
426     14  0.482759
61      14  0.482759
355     14  0.482759
244     14  0.482759
133     14  0.482759
     Count     Value
171      6  0.666667
339      6  0.666667
56       6  0.666667
50       6  0.666667
481      5  0.555556
210      5  0.555556
243      5  0.555556
22       5  0.555556
495      4  0.444444
315      4  0.444444
no winner, not enough
Current: []
Subround 10
     Count     Value
171     23  0.766667
339     23  0.766667
210     22  0.733333
243     22  0.733333
50      21  0.700000
22      21  0.700000
495     20  0.666667
315     20  0.666667
481     20  0.666667
48      19  0.633333
202     18  0.600000
348     18  0.600000
240     18  0.600000
105     14  0.466667
426     14  0.466667
502     14  0.466667
355     14  0.466667
61      14  0.466667
244     14  0.466667
133     14  0.466667
     Count  Value
339      7    0.7
210      6    0.6
171      6    0.6
243      6    0.6
56       6    0.6
22       6    0.6
50       6    0.6
495      5    0.5
481      5    0.5
315      5    0.5
no winner, not enough
Current: []
Subround 11
     Count     Value
171     24  0.774194
339     24  0.774194
210     23  0.741935
50      22  0.709677
243     22  0.709677
22      21  0.677419
495     20  0.645161
481     20  0.645161
315     20  0.645161
348     19  0.612903
48      19  0.612903
240     19  0.612903
202     18  0.580645
457     14  0.451613
105     14  0.451613
426     14  0.451613
56      14  0.451613
355     14  0.451613
502     14  0.451613
251     14  0.451613
     Count     Value
339      8  0.727273
210      7  0.636364
171      7  0.636364
56       7  0.636364
50       7  0.636364
243      6  0.545455
22       6  0.545455
495      5  0.454545
481      5  0.454545
315      5  0.454545
no winner, not enough
Current: []
Subround 12
     Count    Value
339     25  0.78125
171     24  0.75000
210     24  0.75000
22      22  0.68750
50      22  0.68750
243     22  0.68750
481     21  0.65625
48      20  0.62500
495     20  0.62500
348     20  0.62500
315     20  0.62500
240     19  0.59375
202     18  0.56250
56      15  0.46875
355     14  0.43750
502     14  0.43750
457     14  0.43750
251     14  0.43750
199     14  0.43750
426     14  0.43750
     Count     Value
339      9  0.750000
210      8  0.666667
56       8  0.666667
171      7  0.583333
22       7  0.583333
50       7  0.583333
481      6  0.500000
243      6  0.500000
495      5  0.416667
315      5  0.416667
no winner, not enough
Current: []
Subround 13
     Count     Value
171     25  0.757576
339     25  0.757576
210     24  0.727273
50      23  0.696970
243     23  0.696970
22      22  0.666667
495     21  0.636364
481     21  0.636364
315     21  0.636364
48      20  0.606061
348     20  0.606061
240     20  0.606061
202     19  0.575758
56      15  0.454545
355     14  0.424242
502     14  0.424242
457     14  0.424242
251     14  0.424242
199     14  0.424242
426     14  0.424242
     Count     Value
339      9  0.692308
210      8  0.615385
171      8  0.615385
56       8  0.615385
50       8  0.615385
243      7  0.538462
22       7  0.538462
495      6  0.461538
481      6  0.461538
315      6  0.461538
no winner, not enough
Current: []
Subround 14
     Count     Value
171     26  0.764706
339     26  0.764706
210     24  0.705882
50      24  0.705882
243     23  0.676471
22      22  0.647059
315     22  0.647059
48      21  0.617647
495     21  0.617647
348     21  0.617647
481     21  0.617647
240     21  0.617647
202     19  0.558824
56      15  0.441176
355     14  0.411765
502     14  0.411765
457     14  0.411765
251     14  0.411765
199     14  0.411765
426     14  0.411765
     Count     Value
339     10  0.714286
171      9  0.642857
50       9  0.642857
210      8  0.571429
56       8  0.571429
315      7  0.500000
243      7  0.500000
22       7  0.500000
495      6  0.428571
481      6  0.428571
no winner, not enough
Current: []
Subround 15
     Count     Value
171     26  0.742857
339     26  0.742857
210     25  0.714286
50      24  0.685714
243     24  0.685714
22      23  0.657143
495     22  0.628571
481     22  0.628571
315     22  0.628571
48      21  0.600000
348     21  0.600000
240     21  0.600000
202     20  0.571429
56      16  0.457143
355     14  0.400000
502     14  0.400000
457     14  0.400000
251     14  0.400000
199     14  0.400000
426     14  0.400000
     Count     Value
339     10  0.666667
210      9  0.600000
171      9  0.600000
56       9  0.600000
50       9  0.600000
243      8  0.533333
22       8  0.533333
495      7  0.466667
481      7  0.466667
315      7  0.466667
no winner, not enough
Current: []
Subround 16
     Count     Value
171     26  0.722222
210     26  0.722222
339     26  0.722222
50      25  0.694444
243     24  0.666667
495     23  0.638889
22      23  0.638889
315     23  0.638889
48      22  0.611111
348     22  0.611111
481     22  0.611111
240     21  0.583333
202     21  0.583333
56      16  0.444444
355     14  0.388889
502     14  0.388889
457     14  0.388889
251     14  0.388889
199     14  0.388889
426     14  0.388889
     Count   Value
210     10  0.6250
339     10  0.6250
50      10  0.6250
171      9  0.5625
56       9  0.5625
495      8  0.5000
315      8  0.5000
243      8  0.5000
22       8  0.5000
481      7  0.4375
no winner, not enough
Current: []
Subround 17
     Count     Value
339     27  0.729730
171     26  0.702703
210     26  0.702703
50      25  0.675676
243     25  0.675676
22      24  0.648649
495     23  0.621622
481     23  0.621622
315     23  0.621622
48      22  0.594595
348     22  0.594595
240     22  0.594595
202     22  0.594595
56      17  0.459459
355     14  0.378378
502     14  0.378378
457     14  0.378378
251     14  0.378378
199     14  0.378378
426     14  0.378378
     Count     Value
339     11  0.647059
210     10  0.588235
56      10  0.588235
50      10  0.588235
171      9  0.529412
243      9  0.529412
22       9  0.529412
495      8  0.470588
481      8  0.470588
315      8  0.470588
no winner, not enough
Current: []
Subround 18
     Count     Value
171     27  0.710526
339     27  0.710526
210     26  0.684211
22      25  0.657895
50      25  0.657895
243     25  0.657895
495     24  0.631579
315     24  0.631579
48      23  0.605263
348     23  0.605263
481     23  0.605263
240     23  0.605263
202     22  0.578947
56      17  0.447368
355     14  0.368421
502     14  0.368421
457     14  0.368421
251     14  0.368421
199     14  0.368421
426     14  0.368421
     Count     Value
339     11  0.611111
210     10  0.555556
171     10  0.555556
56      10  0.555556
22      10  0.555556
50      10  0.555556
495      9  0.500000
315      9  0.500000
243      9  0.500000
481      8  0.444444
no winner, not enough
Current: []
Subround 19
     Count     Value
339     28  0.717949
171     27  0.692308
210     27  0.692308
50      26  0.666667
243     26  0.666667
22      25  0.641026
495     24  0.615385
348     24  0.615385
315     24  0.615385
48      23  0.589744
481     23  0.589744
240     23  0.589744
202     23  0.589744
56      18  0.461538
355     14  0.358974
502     14  0.358974
457     14  0.358974
251     14  0.358974
199     14  0.358974
426     14  0.358974
     Count     Value
339     12  0.631579
210     11  0.578947
56      11  0.578947
50      11  0.578947
171     10  0.526316
243     10  0.526316
22      10  0.526316
495      9  0.473684
315      9  0.473684
348      9  0.473684
no winner, not enough
Current: []
Subround 20
     Count  Value
339     29  0.725
171     27  0.675
210     27  0.675
243     27  0.675
22      26  0.650
50      26  0.650
348     25  0.625
48      24  0.600
495     24  0.600
481     24  0.600
315     24  0.600
240     23  0.575
202     23  0.575
56      19  0.475
355     14  0.350
502     14  0.350
457     14  0.350
251     14  0.350
199     14  0.350
426     14  0.350
     Count  Value
339     13   0.65
56      12   0.60
210     11   0.55
243     11   0.55
22      11   0.55
50      11   0.55
171     10   0.50
348     10   0.50
495      9   0.45
481      9   0.45
no winner, not enough
Current: []
Subround 21
     Count     Value
339     29  0.707317
171     28  0.682927
210     28  0.682927
50      27  0.658537
243     27  0.658537
22      26  0.634146
495     25  0.609756
348     25  0.609756
315     25  0.609756
48      24  0.585366
481     24  0.585366
240     24  0.585366
202     24  0.585366
56      19  0.463415
355     14  0.341463
502     14  0.341463
457     14  0.341463
251     14  0.341463
199     14  0.341463
426     14  0.341463
     Count     Value
339     13  0.619048
210     12  0.571429
56      12  0.571429
50      12  0.571429
171     11  0.523810
243     11  0.523810
22      11  0.523810
495     10  0.476190
315     10  0.476190
348     10  0.476190
no winner, not enough
Current: []
Subround 22
     Count     Value
339     30  0.714286
171     28  0.666667
210     28  0.666667
50      28  0.666667
243     28  0.666667
22      27  0.642857
495     26  0.619048
48      25  0.595238
348     25  0.595238
240     25  0.595238
315     25  0.595238
481     24  0.571429
202     24  0.571429
56      19  0.452381
355     14  0.333333
502     14  0.333333
457     14  0.333333
251     14  0.333333
199     14  0.333333
426     14  0.333333
     Count     Value
339     14  0.636364
50      13  0.590909
210     12  0.545455
243     12  0.545455
56      12  0.545455
22      12  0.545455
495     11  0.500000
171     11  0.500000
315     10  0.454545
348     10  0.454545
no winner, not enough
Current: []
Subround 23
     Count     Value
339     31  0.720930
171     29  0.674419
210     29  0.674419
50      28  0.651163
243     28  0.651163
22      27  0.627907
495     26  0.604651
348     26  0.604651
315     26  0.604651
48      25  0.581395
481     25  0.581395
240     25  0.581395
202     25  0.581395
56      19  0.441860
355     14  0.325581
502     14  0.325581
457     14  0.325581
251     14  0.325581
199     14  0.325581
426     14  0.325581
     Count     Value
339     15  0.652174
210     13  0.565217
50      13  0.565217
171     12  0.521739
243     12  0.521739
56      12  0.521739
22      12  0.521739
495     11  0.478261
315     11  0.478261
348     11  0.478261
no winner, not enough
Current: []
Subround 24
     Count     Value
339     32  0.727273
171     29  0.659091
210     29  0.659091
50      29  0.659091
243     29  0.659091
495     27  0.613636
22      27  0.613636
315     27  0.613636
48      26  0.590909
348     26  0.590909
481     26  0.590909
240     25  0.568182
202     25  0.568182
56      19  0.431818
355     14  0.318182
502     14  0.318182
457     14  0.318182
251     14  0.318182
199     14  0.318182
426     14  0.318182
     Count     Value
339     16  0.666667
50      14  0.583333
210     13  0.541667
243     13  0.541667
495     12  0.500000
315     12  0.500000
171     12  0.500000
56      12  0.500000
22      12  0.500000
481     11  0.458333
no winner, not enough
Current: []
Subround 25
     Count     Value
339     32  0.711111
171     30  0.666667
210     30  0.666667
50      29  0.644444
243     29  0.644444
22      28  0.622222
495     27  0.600000
348     27  0.600000
315     27  0.600000
48      26  0.577778
481     26  0.577778
240     26  0.577778
202     26  0.577778
56      20  0.444444
355     14  0.311111
502     14  0.311111
457     14  0.311111
251     14  0.311111
199     14  0.311111
426     14  0.311111
     Count  Value
339     16   0.64
210     14   0.56
50      14   0.56
171     13   0.52
243     13   0.52
56      13   0.52
22      13   0.52
495     12   0.48
315     12   0.48
348     12   0.48
no winner, not enough
Current: []
Subround 26
     Count     Value
339     33  0.717391
171     31  0.673913
210     31  0.673913
50      30  0.652174
243     30  0.652174
495     28  0.608696
22      28  0.608696
48      27  0.586957
348     27  0.586957
315     27  0.586957
481     26  0.565217
240     26  0.565217
202     26  0.565217
56      20  0.434783
355     14  0.304348
502     14  0.304348
457     14  0.304348
251     14  0.304348
199     14  0.304348
426     14  0.304348
     Count     Value
339     17  0.653846
210     15  0.576923
50      15  0.576923
171     14  0.538462
243     14  0.538462
495     13  0.500000
56      13  0.500000
22      13  0.500000
315     12  0.461538
348     12  0.461538
no winner, not enough
Current: []
Subround 27
     Count     Value
339     33  0.702128
171     31  0.659574
210     31  0.659574
50      30  0.638298
243     30  0.638298
22      29  0.617021
495     28  0.595745
348     28  0.595745
315     28  0.595745
48      27  0.574468
481     27  0.574468
240     27  0.574468
202     27  0.574468
56      21  0.446809
355     14  0.297872
502     14  0.297872
457     14  0.297872
251     14  0.297872
199     14  0.297872
426     14  0.297872
     Count     Value
339     17  0.629630
210     15  0.555556
50      15  0.555556
171     14  0.518519
243     14  0.518519
56      14  0.518519
22      14  0.518519
495     13  0.481481
315     13  0.481481
348     13  0.481481
no winner, not enough
Current: []
Subround 28
     Count     Value
339     34  0.708333
171     32  0.666667
210     31  0.645833
243     31  0.645833
22      30  0.625000
50      30  0.625000
495     29  0.604167
348     28  0.583333
315     28  0.583333
202     28  0.583333
48      27  0.562500
481     27  0.562500
240     27  0.562500
56      22  0.458333
355     14  0.291667
502     14  0.291667
457     14  0.291667
251     14  0.291667
199     14  0.291667
426     14  0.291667
     Count     Value
339     18  0.642857
210     15  0.535714
171     15  0.535714
243     15  0.535714
56      15  0.535714
22      15  0.535714
50      15  0.535714
495     14  0.500000
315     13  0.464286
348     13  0.464286
no winner, not enough
Current: []
Subround 29
     Count     Value
339     34  0.693878
171     32  0.653061
210     31  0.632653
50      31  0.632653
243     31  0.632653
495     30  0.612245
22      30  0.612245
348     29  0.591837
315     29  0.591837
48      28  0.571429
481     28  0.571429
240     28  0.571429
202     28  0.571429
56      22  0.448980
355     14  0.285714
502     14  0.285714
457     14  0.285714
251     14  0.285714
199     14  0.285714
426     14  0.285714
     Count     Value
339     18  0.620690
50      16  0.551724
495     15  0.517241
210     15  0.517241
171     15  0.517241
243     15  0.517241
56      15  0.517241
22      15  0.517241
315     14  0.482759
348     14  0.482759
no winner, not enough
Current: []
Subround 30
     Count  Value
339     34   0.68
171     32   0.64
50      32   0.64
210     31   0.62
243     31   0.62
495     30   0.60
348     30   0.60
22      30   0.60
48      29   0.58
481     29   0.58
240     29   0.58
315     29   0.58
202     29   0.58
56      23   0.46
355     14   0.28
502     14   0.28
457     14   0.28
251     14   0.28
199     14   0.28
426     14   0.28
     Count     Value
339     18  0.600000
50      17  0.566667
56      16  0.533333
495     15  0.500000
210     15  0.500000
171     15  0.500000
348     15  0.500000
243     15  0.500000
22      15  0.500000
481     14  0.466667
Rest half winner
Current: [5, 8, 11, 14, 15, 16, 17, 18, 20, 21, 22, 23, 24, 25, 26, 27, 28, 29, 30, 31, 34, 35, 38, 41, 42, 46, 47, 48, 50, 51, 52, 54, 55, 56, 57, 58, 59, 60, 61, 63, 64, 65, 66, 67, 68, 71, 72, 79, 81, 82, 84, 87, 89, 91, 93, 94, 96, 99, 105, 106, 107, 109, 113, 115, 116, 118, 119, 120, 123, 126, 127, 128, 130, 131, 132, 133, 135, 136, 137, 139, 141, 143, 144, 145, 147, 148, 150, 152, 156, 157, 158, 160, 163, 164, 166, 167, 170, 171, 172, 173, 174, 176, 179, 181, 183, 184, 186, 188, 191, 193, 196, 199, 201, 202, 204, 205, 207, 209, 210, 211, 213, 214, 216, 220, 222, 223, 224, 227, 228, 229, 230, 231, 232, 233, 240, 241, 242, 243, 244, 245, 246, 249, 250, 251, 252, 258, 262, 266, 273, 274, 275, 277, 278, 279, 284, 285, 288, 291, 293, 296, 298, 304, 309, 311, 314, 315, 316, 318, 319, 320, 325, 329, 330, 331, 332, 333, 334, 336, 338, 339, 340, 342, 343, 345, 348, 353, 354, 355, 357, 358, 360, 365, 369, 371, 373, 375, 376, 378, 384, 387, 390, 394, 395, 397, 399, 401, 404, 406, 409, 415, 417, 420, 421, 422, 423, 426, 427, 428, 430, 432, 433, 434, 436, 438, 440, 441, 443, 446, 450, 453, 454, 455, 457, 461, 462, 464, 470, 471, 473, 477, 480, 481, 483, 486, 487, 489, 490, 492, 494, 495, 502, 504, 506, 507, 509, 511]
Round 3
Subround 1
not enough
     Count  Value
360      1    1.0
91       1    1.0
209      1    1.0
156      1    1.0
23       1    1.0
296      1    1.0
298      1    1.0
443      1    1.0
229      1    1.0
24       1    1.0
378      1    1.0
57       1    1.0
483      1    1.0
51       1    1.0
233      1    1.0
304      1    1.0
438      1    1.0
464      1    1.0
231      1    1.0
26       1    1.0
     Count  Value
360      1    1.0
91       1    1.0
209      1    1.0
156      1    1.0
23       1    1.0
296      1    1.0
298      1    1.0
443      1    1.0
229      1    1.0
24       1    1.0
Current: [21, 22, 23, 24, 25, 26, 35, 38, 47, 48, 50, 51, 52, 57, 58, 61, 63, 64, 65, 66, 68, 71, 81, 82, 91, 93, 94, 99, 107, 109, 116, 120, 126, 128, 132, 135, 136, 139, 143, 144, 147, 150, 156, 158, 163, 164, 167, 171, 173, 176, 179, 181, 183, 184, 186, 191, 193, 199, 201, 204, 209, 214, 222, 224, 227, 228, 229, 230, 231, 232, 233, 242, 243, 244, 246, 252, 266, 274, 275, 278, 284, 296, 298, 304, 309, 314, 318, 319, 325, 332, 333, 334, 340, 345, 348, 354, 360, 369, 373, 378, 384, 390, 394, 395, 406, 415, 420, 426, 427, 434, 436, 438, 443, 454, 464, 470, 473, 480, 483, 486, 487, 489, 490, 492, 494, 495, 504, 507]
Subround 2
not enough
     Count  Value
360      2    1.0
167      2    1.0
26       2    1.0
171      2    1.0
176      2    1.0
204      2    1.0
25       2    1.0
163      2    1.0
201      2    1.0
150      2    1.0
354      2    1.0
434      2    1.0
50       2    1.0
275      2    1.0
93       2    1.0
426      2    1.0
193      2    1.0
116      2    1.0
504      2    1.0
231      2    1.0
     Count  Value
360      2    1.0
167      2    1.0
26       2    1.0
171      2    1.0
176      2    1.0
204      2    1.0
25       2    1.0
163      2    1.0
201      2    1.0
150      2    1.0
Current: [22, 23, 25, 26, 38, 48, 50, 63, 68, 91, 93, 94, 99, 116, 120, 126, 143, 150, 163, 164, 167, 171, 176, 181, 183, 184, 193, 199, 201, 204, 214, 222, 224, 227, 228, 229, 231, 233, 242, 243, 246, 252, 275, 304, 334, 354, 360, 390, 420, 426, 434, 443, 454, 464, 473, 489, 490, 504, 507]
Subround 3
not enough
     Count  Value
360      3    1.0
489      3    1.0
183      3    1.0
354      3    1.0
224      3    1.0
143      3    1.0
434      3    1.0
228      3    1.0
214      3    1.0
201      3    1.0
167      3    1.0
199      3    1.0
193      3    1.0
454      3    1.0
164      3    1.0
227      3    1.0
204      3    1.0
390      3    1.0
473      3    1.0
38       3    1.0
     Count  Value
360      3    1.0
489      3    1.0
183      3    1.0
354      3    1.0
224      3    1.0
143      3    1.0
434      3    1.0
228      3    1.0
214      3    1.0
201      3    1.0
Current: [23, 26, 38, 48, 143, 164, 167, 171, 181, 183, 193, 199, 201, 204, 214, 224, 227, 228, 229, 231, 304, 354, 360, 390, 434, 454, 473, 489, 490]
Subround 4
not enough
     Count  Value
183      4   1.00
390      4   1.00
38       4   1.00
167      4   1.00
201      4   1.00
224      4   1.00
204      4   1.00
199      4   1.00
171      4   1.00
23       4   1.00
231      4   1.00
473      4   1.00
107      3   0.75
143      3   0.75
394      3   0.75
214      3   0.75
21       3   0.75
209      3   0.75
360      3   0.75
443      3   0.75
     Count  Value
183      4    1.0
390      4    1.0
38       4    1.0
167      4    1.0
201      4    1.0
224      4    1.0
204      4    1.0
199      4    1.0
171      4    1.0
23       4    1.0
Current: [23, 38, 167, 171, 183, 199, 201, 204, 224, 231, 390, 473]
Subround 5
not enough
     Count  Value
171      5    1.0
204      5    1.0
38       5    1.0
23       5    1.0
390      5    1.0
167      5    1.0
14       4    0.8
119      4    0.8
193      4    0.8
309      4    0.8
360      4    0.8
242      4    0.8
183      4    0.8
22       4    0.8
334      4    0.8
91       4    0.8
441      4    0.8
266      4    0.8
132      4    0.8
214      4    0.8
     Count  Value
171      5    1.0
204      5    1.0
38       5    1.0
23       5    1.0
390      5    1.0
167      5    1.0
14       4    0.8
119      4    0.8
193      4    0.8
309      4    0.8
Current: [23, 38, 167, 171, 204, 390]
Subround 6
not enough
     Count     Value
38       6  1.000000
204      6  1.000000
360      5  0.833333
171      5  0.833333
338      5  0.833333
258      5  0.833333
167      5  0.833333
119      5  0.833333
441      5  0.833333
5        5  0.833333
60       5  0.833333
339      5  0.833333
26       5  0.833333
199      5  0.833333
483      5  0.833333
23       5  0.833333
390      5  0.833333
214      5  0.833333
183      5  0.833333
174      5  0.833333
     Count     Value
38       6  1.000000
204      6  1.000000
360      5  0.833333
171      5  0.833333
338      5  0.833333
258      5  0.833333
167      5  0.833333
119      5  0.833333
441      5  0.833333
5        5  0.833333
Current: [5, 23, 26, 38, 48, 60, 91, 119, 164, 167, 171, 174, 181, 183, 199, 204, 214, 224, 227, 258, 334, 338, 339, 360, 390, 441, 454, 483, 490]
Subround 7
not enough
     Count     Value
38       7  1.000000
5        6  0.857143
227      6  0.857143
167      6  0.857143
454      6  0.857143
258      6  0.857143
199      6  0.857143
26       6  0.857143
483      6  0.857143
119      6  0.857143
204      6  0.857143
339      6  0.857143
48       6  0.857143
60       5  0.714286
183      5  0.714286
176      5  0.714286
506      5  0.714286
222      5  0.714286
360      5  0.714286
23       5  0.714286
     Count     Value
38       7  1.000000
5        6  0.857143
227      6  0.857143
167      6  0.857143
454      6  0.857143
258      6  0.857143
199      6  0.857143
26       6  0.857143
483      6  0.857143
119      6  0.857143
Current: [5, 26, 38, 48, 119, 167, 199, 204, 227, 258, 339, 454, 483]
Subround 8
not enough
     Count  Value
38       8  1.000
227      7  0.875
167      7  0.875
26       7  0.875
119      7  0.875
339      7  0.875
5        7  0.875
228      6  0.750
454      6  0.750
199      6  0.750
231      6  0.750
506      6  0.750
304      6  0.750
164      6  0.750
224      6  0.750
483      6  0.750
24       6  0.750
23       6  0.750
343      6  0.750
28       6  0.750
     Count  Value
38       8  1.000
227      7  0.875
167      7  0.875
26       7  0.875
119      7  0.875
339      7  0.875
5        7  0.875
228      6  0.750
454      6  0.750
199      6  0.750
Current: [5, 26, 38, 119, 167, 227, 339]
Subround 9
not enough
     Count     Value
38       8  0.888889
26       8  0.888889
339      8  0.888889
60       7  0.777778
454      7  0.777778
42       7  0.777778
164      7  0.777778
338      7  0.777778
167      7  0.777778
5        7  0.777778
91       7  0.777778
227      7  0.777778
119      7  0.777778
483      7  0.777778
258      7  0.777778
24       7  0.777778
23       7  0.777778
48       7  0.777778
209      6  0.666667
231      6  0.666667
     Count     Value
38       8  0.888889
26       8  0.888889
339      8  0.888889
60       7  0.777778
454      7  0.777778
42       7  0.777778
164      7  0.777778
338      7  0.777778
167      7  0.777778
5        7  0.777778
Current: [26, 38, 339]
Subround 10
     Count  Value
339      9    0.9
258      8    0.8
38       8    0.8
48       8    0.8
42       8    0.8
119      8    0.8
26       8    0.8
60       8    0.8
227      8    0.8
354      7    0.7
343      7    0.7
183      7    0.7
207      7    0.7
266      7    0.7
338      7    0.7
309      7    0.7
167      7    0.7
201      7    0.7
204      7    0.7
143      7    0.7
     Count  Value
339      9    0.9
258      8    0.8
38       8    0.8
48       8    0.8
42       8    0.8
119      8    0.8
26       8    0.8
60       8    0.8
227      8    0.8
354      7    0.7
Current: [339]
Winning offset:
[339]
2021-09-08 02:17:12.217521
2021-09-08 02:20:22.990663
0:03:10.773142
