Loading page file profiles/lab06/pages/0x2a44b.yaml
Loading page file profiles/lab06/pages/0x2a460.yaml
Loading page file profiles/lab06/pages/0x2a4e3.yaml
Loading page file profiles/lab06/pages/0x2a4e5.yaml
Loading page file profiles/lab06/pages/0x2a800.yaml
Loading page file profiles/lab06/pages/0x2a804.yaml
Loading page file profiles/lab06/pages/0x2a805.yaml
Round 1
Subround 1
not enough
     Count  Value
358      1    1.0
67       1    1.0
239      1    1.0
60       1    1.0
505      1    1.0
252      1    1.0
413      1    1.0
410      1    1.0
142      1    1.0
174      1    1.0
229      1    1.0
348      1    1.0
351      1    1.0
204      1    1.0
14       1    1.0
36       1    1.0
411      1    1.0
484      1    1.0
390      1    1.0
496      1    1.0
     Count  Value
358      1    1.0
67       1    1.0
239      1    1.0
60       1    1.0
505      1    1.0
252      1    1.0
413      1    1.0
410      1    1.0
142      1    1.0
174      1    1.0
Current: [4, 7, 8, 9, 11, 12, 14, 16, 18, 19, 23, 25, 26, 28, 29, 31, 32, 36, 37, 39, 40, 41, 42, 43, 44, 46, 48, 50, 51, 52, 55, 57, 58, 59, 60, 62, 65, 67, 70, 71, 73, 74, 77, 78, 79, 80, 81, 86, 88, 89, 90, 91, 92, 94, 100, 102, 104, 105, 106, 107, 108, 109, 111, 112, 115, 117, 120, 123, 124, 127, 128, 130, 132, 134, 135, 136, 137, 138, 141, 142, 143, 144, 145, 146, 147, 150, 151, 153, 155, 156, 157, 158, 161, 162, 163, 164, 165, 166, 172, 173, 174, 176, 177, 178, 179, 181, 187, 190, 191, 192, 193, 195, 200, 204, 205, 207, 208, 212, 213, 214, 217, 218, 221, 222, 225, 229, 230, 231, 239, 245, 246, 249, 251, 252, 256, 258, 263, 264, 265, 269, 271, 274, 276, 277, 278, 279, 282, 286, 287, 289, 294, 296, 299, 300, 302, 304, 305, 307, 308, 309, 315, 317, 318, 319, 320, 325, 327, 328, 330, 332, 334, 339, 340, 343, 345, 346, 348, 351, 356, 358, 360, 361, 363, 365, 366, 368, 372, 373, 378, 380, 382, 385, 389, 390, 396, 404, 407, 408, 409, 410, 411, 412, 413, 414, 415, 416, 418, 419, 420, 421, 422, 423, 428, 429, 430, 431, 432, 434, 439, 440, 442, 444, 445, 446, 447, 449, 450, 451, 452, 456, 458, 460, 462, 463, 465, 467, 468, 469, 473, 475, 478, 481, 483, 484, 489, 495, 496, 501, 502, 503, 504, 505, 506, 507, 508, 511]
Subround 2
not enough
     Count  Value
358      2    1.0
231      2    1.0
214      2    1.0
178      2    1.0
465      2    1.0
177      2    1.0
207      2    1.0
330      2    1.0
217      2    1.0
356      2    1.0
80       2    1.0
109      2    1.0
31       2    1.0
52       2    1.0
279      2    1.0
442      2    1.0
385      2    1.0
141      2    1.0
225      2    1.0
318      2    1.0
     Count  Value
358      2    1.0
231      2    1.0
214      2    1.0
178      2    1.0
465      2    1.0
177      2    1.0
207      2    1.0
330      2    1.0
217      2    1.0
356      2    1.0
Current: [7, 12, 18, 25, 26, 28, 29, 31, 32, 36, 37, 39, 43, 46, 50, 51, 52, 55, 57, 58, 60, 62, 65, 71, 78, 79, 80, 81, 86, 88, 90, 100, 102, 107, 109, 112, 115, 117, 127, 132, 134, 137, 138, 141, 144, 145, 151, 155, 157, 158, 161, 164, 177, 178, 181, 191, 200, 204, 207, 212, 214, 217, 221, 225, 229, 230, 231, 245, 246, 249, 258, 263, 269, 271, 277, 279, 286, 289, 294, 304, 307, 317, 318, 319, 325, 328, 330, 332, 339, 340, 345, 346, 356, 358, 360, 363, 366, 368, 373, 382, 385, 396, 408, 409, 410, 411, 415, 416, 429, 430, 439, 440, 442, 445, 446, 450, 456, 465, 467, 469, 473, 475, 481, 484, 489, 495, 496, 506, 507]
Subround 3
not enough
     Count  Value
429      3    1.0
507      3    1.0
373      3    1.0
396      3    1.0
450      3    1.0
214      3    1.0
346      3    1.0
178      3    1.0
39       3    1.0
31       3    1.0
465      3    1.0
177      3    1.0
207      3    1.0
151      3    1.0
245      3    1.0
231      3    1.0
29       3    1.0
408      3    1.0
181      3    1.0
481      3    1.0
     Count  Value
429      3    1.0
507      3    1.0
373      3    1.0
396      3    1.0
450      3    1.0
214      3    1.0
346      3    1.0
178      3    1.0
39       3    1.0
31       3    1.0
Current: [12, 26, 29, 31, 36, 39, 52, 58, 62, 79, 80, 88, 109, 115, 117, 127, 132, 141, 151, 161, 177, 178, 181, 207, 214, 231, 245, 249, 271, 279, 286, 289, 304, 307, 318, 325, 332, 339, 340, 346, 360, 368, 373, 396, 408, 411, 429, 430, 446, 450, 456, 465, 475, 481, 507]
Subround 4
not enough
     Count  Value
161      4    1.0
58       4    1.0
80       4    1.0
279      4    1.0
289      4    1.0
79       4    1.0
109      4    1.0
286      4    1.0
446      4    1.0
332      4    1.0
339      4    1.0
429      4    1.0
207      4    1.0
368      4    1.0
318      4    1.0
178      4    1.0
465      4    1.0
214      4    1.0
39       4    1.0
304      4    1.0
     Count  Value
161      4    1.0
58       4    1.0
80       4    1.0
279      4    1.0
289      4    1.0
79       4    1.0
109      4    1.0
286      4    1.0
446      4    1.0
332      4    1.0
Current: [7, 8, 10, 12, 16, 19, 26, 28, 29, 31, 32, 33, 36, 37, 39, 41, 42, 46, 49, 50, 52, 56, 58, 60, 62, 67, 70, 72, 78, 79, 80, 81, 82, 88, 94, 99, 109, 114, 115, 117, 123, 127, 130, 132, 135, 141, 142, 146, 151, 154, 157, 161, 162, 165, 172, 177, 178, 181, 187, 198, 207, 214, 218, 221, 229, 230, 231, 245, 249, 251, 252, 263, 269, 271, 274, 276, 279, 283, 286, 289, 299, 302, 304, 307, 310, 312, 315, 317, 318, 319, 325, 327, 328, 332, 339, 340, 343, 346, 356, 358, 360, 363, 368, 373, 374, 382, 384, 386, 396, 405, 408, 410, 411, 418, 420, 422, 426, 429, 430, 439, 440, 441, 442, 445, 446, 450, 451, 456, 457, 465, 468, 475, 479, 481, 484, 485, 489, 490, 495, 502, 505, 506, 507]
Subround 5
not enough
     Count  Value
151      5    1.0
339      5    1.0
271      5    1.0
456      5    1.0
214      5    1.0
465      5    1.0
39       5    1.0
109      4    0.8
346      4    0.8
507      4    0.8
178      4    0.8
46       4    0.8
396      4    0.8
230      4    0.8
81       4    0.8
360      4    0.8
251      4    0.8
58       4    0.8
142      4    0.8
450      4    0.8
     Count  Value
151      5    1.0
339      5    1.0
271      5    1.0
456      5    1.0
214      5    1.0
465      5    1.0
39       5    1.0
109      4    0.8
346      4    0.8
507      4    0.8
Current: [12, 26, 29, 32, 33, 36, 39, 46, 58, 62, 79, 80, 81, 82, 88, 109, 127, 132, 141, 142, 146, 151, 161, 177, 178, 181, 207, 214, 230, 231, 251, 271, 274, 279, 286, 289, 299, 304, 307, 312, 317, 318, 325, 332, 339, 343, 346, 356, 360, 363, 368, 373, 386, 396, 408, 411, 429, 430, 442, 446, 450, 451, 456, 457, 465, 468, 475, 481, 505, 506, 507]
Subround 6
not enough
     Count     Value
465      6  1.000000
271      6  1.000000
456      6  1.000000
339      6  1.000000
58       5  0.833333
161      5  0.833333
317      5  0.833333
29       5  0.833333
181      5  0.833333
363      5  0.833333
289      5  0.833333
81       5  0.833333
79       5  0.833333
408      5  0.833333
251      5  0.833333
127      5  0.833333
39       5  0.833333
506      5  0.833333
373      5  0.833333
343      5  0.833333
     Count     Value
465      6  1.000000
271      6  1.000000
456      6  1.000000
339      6  1.000000
58       5  0.833333
161      5  0.833333
317      5  0.833333
29       5  0.833333
181      5  0.833333
363      5  0.833333
Current: [12, 29, 36, 39, 46, 58, 62, 79, 80, 81, 127, 141, 146, 151, 161, 181, 207, 214, 230, 231, 251, 271, 279, 289, 307, 317, 318, 339, 343, 363, 373, 408, 442, 456, 465, 475, 481, 505, 506]
Subround 7
not enough
     Count     Value
339      7  1.000000
456      7  1.000000
214      6  0.857143
271      6  0.857143
307      6  0.857143
207      6  0.857143
81       6  0.857143
475      6  0.857143
127      6  0.857143
505      6  0.857143
279      6  0.857143
39       6  0.857143
481      6  0.857143
442      6  0.857143
465      6  0.857143
79       6  0.857143
251      6  0.857143
145      5  0.714286
35       5  0.714286
37       5  0.714286
     Count     Value
339      7  1.000000
456      7  1.000000
214      6  0.857143
271      6  0.857143
307      6  0.857143
207      6  0.857143
81       6  0.857143
475      6  0.857143
127      6  0.857143
505      6  0.857143
Current: [7, 12, 16, 29, 32, 33, 34, 35, 36, 37, 39, 40, 46, 48, 49, 51, 52, 55, 58, 59, 60, 62, 65, 70, 79, 80, 81, 82, 88, 100, 109, 127, 141, 142, 144, 145, 146, 151, 154, 161, 164, 177, 181, 182, 195, 196, 198, 207, 214, 221, 228, 230, 231, 251, 271, 274, 279, 283, 286, 289, 301, 302, 304, 307, 312, 317, 318, 321, 325, 328, 332, 338, 339, 343, 354, 358, 360, 363, 373, 383, 384, 385, 386, 396, 408, 427, 429, 437, 439, 442, 445, 446, 448, 450, 451, 456, 457, 465, 475, 477, 481, 490, 495, 496, 505, 506]
Subround 8
not enough
     Count  Value
456      8  1.000
339      8  1.000
127      7  0.875
475      7  0.875
481      7  0.875
505      7  0.875
214      7  0.875
465      7  0.875
207      7  0.875
442      7  0.875
279      7  0.875
271      7  0.875
37       6  0.750
325      6  0.750
274      6  0.750
81       6  0.750
360      6  0.750
251      6  0.750
58       6  0.750
145      6  0.750
     Count  Value
456      8  1.000
339      8  1.000
127      7  0.875
475      7  0.875
481      7  0.875
505      7  0.875
214      7  0.875
465      7  0.875
207      7  0.875
442      7  0.875
Current: [12, 16, 33, 35, 37, 39, 48, 58, 59, 62, 79, 80, 81, 82, 88, 109, 127, 144, 145, 146, 154, 181, 182, 207, 214, 230, 251, 271, 274, 279, 283, 289, 301, 304, 307, 312, 318, 321, 325, 328, 332, 339, 354, 360, 373, 383, 386, 396, 408, 429, 437, 442, 445, 446, 448, 450, 451, 456, 457, 465, 475, 481, 490, 495, 505]
Subround 9
not enough
     Count     Value
339      9  1.000000
271      8  0.888889
505      8  0.888889
214      8  0.888889
456      8  0.888889
127      8  0.888889
442      8  0.888889
274      7  0.777778
408      7  0.777778
373      7  0.777778
181      7  0.777778
495      7  0.777778
62       7  0.777778
325      7  0.777778
328      7  0.777778
354      7  0.777778
182      7  0.777778
81       7  0.777778
37       7  0.777778
445      7  0.777778
     Count     Value
339      9  1.000000
271      8  0.888889
505      8  0.888889
214      8  0.888889
456      8  0.888889
127      8  0.888889
442      8  0.888889
274      7  0.777778
408      7  0.777778
373      7  0.777778
Current: [16, 35, 37, 58, 59, 62, 80, 81, 82, 109, 127, 146, 154, 181, 182, 207, 214, 271, 274, 279, 304, 307, 318, 321, 325, 328, 332, 339, 354, 373, 383, 396, 408, 442, 445, 456, 465, 475, 481, 495, 505]
Subround 10
not enough
     Count  Value
339     10    1.0
271      9    0.9
62       8    0.8
495      8    0.8
154      8    0.8
354      8    0.8
214      8    0.8
16       8    0.8
383      8    0.8
481      8    0.8
321      8    0.8
307      8    0.8
325      8    0.8
505      8    0.8
318      8    0.8
181      8    0.8
146      8    0.8
127      8    0.8
456      8    0.8
442      8    0.8
     Count  Value
339     10    1.0
271      9    0.9
62       8    0.8
495      8    0.8
154      8    0.8
354      8    0.8
214      8    0.8
16       8    0.8
383      8    0.8
481      8    0.8
Current: [16, 62, 81, 127, 146, 154, 181, 214, 271, 307, 318, 321, 325, 339, 354, 383, 442, 456, 481, 495, 505]
Subround 11
not enough
     Count     Value
339     11  1.000000
505      9  0.818182
456      9  0.818182
442      9  0.818182
127      9  0.818182
271      9  0.818182
214      9  0.818182
328      8  0.727273
325      8  0.727273
62       8  0.727273
354      8  0.727273
274      8  0.727273
182      8  0.727273
181      8  0.727273
373      8  0.727273
408      8  0.727273
495      8  0.727273
81       8  0.727273
58       8  0.727273
445      8  0.727273
     Count     Value
339     11  1.000000
505      9  0.818182
456      9  0.818182
442      9  0.818182
127      9  0.818182
271      9  0.818182
214      9  0.818182
328      8  0.727273
325      8  0.727273
62       8  0.727273
Current: [16, 35, 37, 58, 59, 62, 80, 81, 82, 109, 127, 146, 154, 181, 182, 207, 214, 271, 274, 279, 304, 307, 318, 321, 325, 328, 332, 339, 354, 373, 383, 396, 408, 442, 445, 456, 465, 475, 481, 495, 505]
Subround 12
not enough
     Count     Value
339     12  1.000000
442     10  0.833333
456     10  0.833333
271     10  0.833333
154      9  0.750000
321      9  0.750000
445      9  0.750000
58       9  0.750000
127      9  0.750000
325      9  0.750000
475      9  0.750000
16       9  0.750000
214      9  0.750000
328      9  0.750000
182      9  0.750000
465      9  0.750000
62       9  0.750000
80       9  0.750000
505      9  0.750000
81       9  0.750000
     Count     Value
339     12  1.000000
442     10  0.833333
456     10  0.833333
271     10  0.833333
154      9  0.750000
321      9  0.750000
445      9  0.750000
58       9  0.750000
127      9  0.750000
325      9  0.750000
Current: [16, 58, 62, 80, 81, 127, 154, 182, 207, 214, 271, 321, 325, 328, 339, 442, 445, 456, 465, 475, 505]
Subround 13
not enough
     Count     Value
339     13  1.000000
442     11  0.846154
505     10  0.769231
456     10  0.769231
271     10  0.769231
214     10  0.769231
328      9  0.692308
325      9  0.692308
127      9  0.692308
62       9  0.692308
354      9  0.692308
274      9  0.692308
182      9  0.692308
161      9  0.692308
181      9  0.692308
373      9  0.692308
408      9  0.692308
495      9  0.692308
81       9  0.692308
58       9  0.692308
     Count     Value
339     13  1.000000
442     11  0.846154
505     10  0.769231
456     10  0.769231
271     10  0.769231
214     10  0.769231
328      9  0.692308
325      9  0.692308
127      9  0.692308
62       9  0.692308
Current: [214, 271, 339, 442, 456, 505]
Subround 14
not enough
     Count     Value
339     14  1.000000
442     12  0.857143
307     10  0.714286
271     10  0.714286
274     10  0.714286
445     10  0.714286
161     10  0.714286
181     10  0.714286
481     10  0.714286
325     10  0.714286
332     10  0.714286
354     10  0.714286
396     10  0.714286
214     10  0.714286
465     10  0.714286
207     10  0.714286
62      10  0.714286
59      10  0.714286
304     10  0.714286
82      10  0.714286
     Count     Value
339     14  1.000000
442     12  0.857143
307     10  0.714286
271     10  0.714286
274     10  0.714286
445     10  0.714286
161     10  0.714286
181     10  0.714286
481     10  0.714286
325     10  0.714286
Current: [59, 62, 82, 146, 154, 161, 181, 207, 214, 271, 274, 304, 307, 318, 325, 332, 339, 354, 396, 442, 445, 456, 465, 481, 505]
Subround 15
not enough
     Count     Value
339     15  1.000000
442     13  0.866667
354     11  0.733333
332     11  0.733333
181     11  0.733333
82      11  0.733333
505     11  0.733333
481     11  0.733333
146     11  0.733333
207     11  0.733333
304     11  0.733333
154     11  0.733333
396     10  0.666667
214     10  0.666667
328     10  0.666667
62      10  0.666667
271     10  0.666667
447     10  0.666667
255     10  0.666667
46      10  0.666667
     Count     Value
339     15  1.000000
442     13  0.866667
354     11  0.733333
332     11  0.733333
181     11  0.733333
82      11  0.733333
505     11  0.733333
481     11  0.733333
146     11  0.733333
207     11  0.733333
Current: [82, 146, 154, 181, 207, 304, 332, 339, 354, 442, 481, 505]
Subround 16
not enough
     Count   Value
339     16  1.0000
442     14  0.8750
304     12  0.7500
505     12  0.7500
332     12  0.7500
207     12  0.7500
181     12  0.7500
46      11  0.6875
481     11  0.6875
199     11  0.6875
274     11  0.6875
447     11  0.6875
82      11  0.6875
154     11  0.6875
495     11  0.6875
396     11  0.6875
214     11  0.6875
301     11  0.6875
325     11  0.6875
445     11  0.6875
     Count   Value
339     16  1.0000
442     14  0.8750
304     12  0.7500
505     12  0.7500
332     12  0.7500
207     12  0.7500
181     12  0.7500
46      11  0.6875
481     11  0.6875
199     11  0.6875
Current: [181, 207, 304, 332, 339, 442, 505]
Subround 17
not enough
     Count     Value
339     17  1.000000
442     14  0.823529
332     13  0.764706
181     13  0.764706
505     13  0.764706
304     13  0.764706
301     12  0.705882
114     12  0.705882
325     12  0.705882
46      12  0.705882
447     12  0.705882
410     12  0.705882
318     12  0.705882
274     12  0.705882
445     12  0.705882
271     12  0.705882
62      12  0.705882
214     12  0.705882
79      12  0.705882
495     12  0.705882
     Count     Value
339     17  1.000000
442     14  0.823529
332     13  0.764706
181     13  0.764706
505     13  0.764706
304     13  0.764706
301     12  0.705882
114     12  0.705882
325     12  0.705882
46      12  0.705882
Current: [46, 59, 62, 79, 114, 181, 199, 207, 214, 271, 274, 301, 304, 318, 325, 332, 339, 396, 410, 442, 445, 447, 495, 505]
Subround 18
not enough
     Count     Value
339     18  1.000000
181     14  0.777778
442     14  0.777778
505     14  0.777778
271     13  0.722222
114     13  0.722222
396     13  0.722222
332     13  0.722222
79      13  0.722222
62      13  0.722222
199     13  0.722222
445     13  0.722222
318     13  0.722222
207     13  0.722222
214     13  0.722222
304     13  0.722222
274     12  0.666667
242     12  0.666667
60      12  0.666667
65      12  0.666667
     Count     Value
339     18  1.000000
181     14  0.777778
442     14  0.777778
505     14  0.777778
271     13  0.722222
114     13  0.722222
396     13  0.722222
332     13  0.722222
79      13  0.722222
62      13  0.722222
Current: [62, 79, 114, 181, 199, 207, 214, 271, 304, 318, 332, 339, 396, 442, 445, 505]
Subround 19
not enough
     Count     Value
339     19  1.000000
442     15  0.789474
505     14  0.736842
181     14  0.736842
199     14  0.736842
332     14  0.736842
396     14  0.736842
271     14  0.736842
304     14  0.736842
318     13  0.684211
114     13  0.684211
447     13  0.684211
62      13  0.684211
325     13  0.684211
317     13  0.684211
301     13  0.684211
79      13  0.684211
445     13  0.684211
36      13  0.684211
65      13  0.684211
     Count     Value
339     19  1.000000
442     15  0.789474
505     14  0.736842
181     14  0.736842
199     14  0.736842
332     14  0.736842
396     14  0.736842
271     14  0.736842
304     14  0.736842
318     13  0.684211
Current: [181, 199, 271, 304, 332, 339, 396, 442, 505]
Subround 20
     Count  Value
339     20   1.00
442     15   0.75
332     15   0.75
271     15   0.75
429     14   0.70
214     14   0.70
181     14   0.70
495     14   0.70
65      14   0.70
481     14   0.70
325     14   0.70
301     14   0.70
396     14   0.70
62      14   0.70
304     14   0.70
505     14   0.70
199     14   0.70
465     13   0.65
502     13   0.65
328     13   0.65
     Count  Value
339     20   1.00
442     15   0.75
332     15   0.75
271     15   0.75
429     14   0.70
214     14   0.70
181     14   0.70
495     14   0.70
65      14   0.70
481     14   0.70
Current: [271, 332, 339, 442]
Round 2
Subround 1
not enough
     Count     Value
339     20  0.952381
442     16  0.761905
332     16  0.761905
271     15  0.714286
429     14  0.666667
214     14  0.666667
181     14  0.666667
495     14  0.666667
65      14  0.666667
481     14  0.666667
325     14  0.666667
301     14  0.666667
396     14  0.666667
62      14  0.666667
304     14  0.666667
505     14  0.666667
199     14  0.666667
465     13  0.619048
502     13  0.619048
328     13  0.619048
     Count  Value
442      1    1.0
332      1    1.0
Current: [339]
Subround 2
not enough
     Count     Value
339     20  0.909091
442     17  0.772727
332     16  0.727273
271     16  0.727273
429     14  0.636364
214     14  0.636364
181     14  0.636364
495     14  0.636364
65      14  0.636364
481     14  0.636364
325     14  0.636364
301     14  0.636364
396     14  0.636364
62      14  0.636364
304     14  0.636364
505     14  0.636364
199     14  0.636364
465     13  0.590909
502     13  0.590909
328     13  0.590909
     Count  Value
442      2    1.0
332      1    0.5
271      1    0.5
Current: [339]
Subround 3
not enough
     Count     Value
339     21  0.913043
442     17  0.739130
332     17  0.739130
271     16  0.695652
429     14  0.608696
214     14  0.608696
181     14  0.608696
495     14  0.608696
65      14  0.608696
481     14  0.608696
325     14  0.608696
301     14  0.608696
396     14  0.608696
62      14  0.608696
304     14  0.608696
505     14  0.608696
199     14  0.608696
465     13  0.565217
502     13  0.565217
328     13  0.565217
     Count     Value
442      2  0.666667
332      2  0.666667
271      1  0.333333
339      1  0.333333
Current: [339]
Subround 4
not enough
     Count     Value
339     22  0.916667
332     18  0.750000
442     17  0.708333
271     16  0.666667
429     14  0.583333
214     14  0.583333
181     14  0.583333
495     14  0.583333
65      14  0.583333
481     14  0.583333
325     14  0.583333
301     14  0.583333
396     14  0.583333
62      14  0.583333
304     14  0.583333
505     14  0.583333
199     14  0.583333
465     13  0.541667
502     13  0.541667
328     13  0.541667
     Count  Value
332      3   0.75
442      2   0.50
339      2   0.50
271      1   0.25
Current: [339]
Subround 5
not enough
     Count  Value
339     23   0.92
332     18   0.72
442     17   0.68
271     17   0.68
429     14   0.56
214     14   0.56
181     14   0.56
495     14   0.56
65      14   0.56
481     14   0.56
325     14   0.56
301     14   0.56
396     14   0.56
62      14   0.56
304     14   0.56
505     14   0.56
199     14   0.56
465     13   0.52
502     13   0.52
328     13   0.52
     Count  Value
332      3    0.6
339      3    0.6
442      2    0.4
271      2    0.4
Current: [339]
Subround 6
not enough
     Count     Value
339     24  0.923077
442     18  0.692308
332     18  0.692308
271     17  0.653846
429     14  0.538462
214     14  0.538462
181     14  0.538462
495     14  0.538462
65      14  0.538462
481     14  0.538462
325     14  0.538462
301     14  0.538462
396     14  0.538462
62      14  0.538462
304     14  0.538462
505     14  0.538462
199     14  0.538462
465     13  0.500000
502     13  0.500000
328     13  0.500000
     Count     Value
339      4  0.666667
442      3  0.500000
332      3  0.500000
271      2  0.333333
Current: [339]
Subround 7
not enough
     Count     Value
339     24  0.888889
442     19  0.703704
332     18  0.666667
271     18  0.666667
429     14  0.518519
214     14  0.518519
181     14  0.518519
495     14  0.518519
65      14  0.518519
481     14  0.518519
325     14  0.518519
301     14  0.518519
396     14  0.518519
62      14  0.518519
304     14  0.518519
505     14  0.518519
199     14  0.518519
465     13  0.481481
502     13  0.481481
328     13  0.481481
     Count     Value
442      4  0.571429
339      4  0.571429
332      3  0.428571
271      3  0.428571
Current: [339]
Subround 8
not enough
     Count     Value
339     25  0.892857
442     19  0.678571
271     19  0.678571
332     18  0.642857
429     14  0.500000
214     14  0.500000
181     14  0.500000
495     14  0.500000
65      14  0.500000
481     14  0.500000
325     14  0.500000
301     14  0.500000
396     14  0.500000
62      14  0.500000
304     14  0.500000
505     14  0.500000
199     14  0.500000
465     13  0.464286
502     13  0.464286
328     13  0.464286
     Count  Value
339      5  0.625
442      4  0.500
271      4  0.500
332      3  0.375
Current: [339]
Subround 9
not enough
     Count     Value
339     26  0.896552
271     20  0.689655
442     19  0.655172
332     18  0.620690
429     14  0.482759
214     14  0.482759
181     14  0.482759
495     14  0.482759
65      14  0.482759
481     14  0.482759
325     14  0.482759
301     14  0.482759
396     14  0.482759
62      14  0.482759
304     14  0.482759
505     14  0.482759
199     14  0.482759
465     13  0.448276
502     13  0.448276
328     13  0.448276
     Count     Value
339      6  0.666667
271      5  0.555556
442      4  0.444444
332      3  0.333333
Current: [339]
Subround 10
     Count     Value
339     26  0.866667
271     21  0.700000
442     19  0.633333
332     19  0.633333
429     14  0.466667
214     14  0.466667
181     14  0.466667
495     14  0.466667
65      14  0.466667
481     14  0.466667
325     14  0.466667
301     14  0.466667
396     14  0.466667
62      14  0.466667
304     14  0.466667
505     14  0.466667
199     14  0.466667
465     13  0.433333
502     13  0.433333
328     13  0.433333
     Count  Value
271      6    0.6
339      6    0.6
442      4    0.4
332      4    0.4
Current: [339]
Winning offset:
[339]
2021-09-08 02:20:24.908770
2021-09-08 02:22:03.163361
0:01:38.254591
