Loading page file profiles/lab06/pages/0x2a44b.yaml
Loading page file profiles/lab06/pages/0x2a460.yaml
Loading page file profiles/lab06/pages/0x2a4e3.yaml
Loading page file profiles/lab06/pages/0x2a4e5.yaml
Loading page file profiles/lab06/pages/0x2a800.yaml
Loading page file profiles/lab06/pages/0x2a804.yaml
Loading page file profiles/lab06/pages/0x2a805.yaml
Round 1
Subround 1
not enough
     Count  Value
42       1    1.0
105      1    1.0
296      1    1.0
160      1    1.0
149      1    1.0
381      1    1.0
392      1    1.0
343      1    1.0
128      1    1.0
27       1    1.0
332      1    1.0
166      1    1.0
298      1    1.0
350      1    1.0
62       1    1.0
404      1    1.0
471      1    1.0
258      1    1.0
212      1    1.0
398      1    1.0
     Count  Value
42       1    1.0
105      1    1.0
296      1    1.0
160      1    1.0
149      1    1.0
381      1    1.0
392      1    1.0
343      1    1.0
128      1    1.0
27       1    1.0
Current: [3, 4, 5, 7, 11, 12, 14, 16, 17, 18, 21, 24, 26, 27, 30, 31, 34, 39, 42, 43, 45, 46, 50, 53, 54, 56, 62, 63, 66, 69, 70, 72, 73, 74, 75, 78, 79, 85, 92, 94, 95, 97, 104, 105, 108, 116, 119, 124, 126, 128, 130, 133, 134, 135, 139, 140, 143, 144, 146, 147, 148, 149, 150, 151, 152, 156, 159, 160, 165, 166, 168, 169, 171, 173, 175, 177, 178, 180, 181, 183, 185, 186, 188, 191, 192, 194, 198, 203, 204, 207, 208, 211, 212, 213, 214, 216, 217, 219, 222, 225, 226, 229, 231, 232, 233, 234, 235, 236, 238, 240, 241, 242, 248, 251, 252, 253, 255, 257, 258, 260, 261, 264, 266, 267, 268, 270, 271, 272, 273, 274, 275, 276, 277, 279, 280, 281, 282, 284, 285, 286, 289, 295, 296, 297, 298, 299, 300, 301, 303, 305, 306, 307, 308, 309, 310, 311, 316, 317, 318, 319, 320, 322, 323, 326, 331, 332, 334, 335, 337, 338, 340, 341, 342, 343, 347, 350, 353, 354, 355, 359, 361, 364, 365, 366, 367, 369, 370, 371, 373, 374, 375, 376, 377, 380, 381, 382, 383, 385, 387, 389, 390, 392, 393, 396, 397, 398, 400, 404, 405, 407, 411, 412, 417, 418, 419, 421, 426, 429, 430, 432, 436, 439, 441, 442, 443, 444, 446, 448, 450, 451, 452, 453, 456, 460, 462, 463, 464, 467, 468, 469, 470, 471, 472, 479, 480, 482, 483, 491, 492, 497, 501, 504, 505, 507, 508, 511]
Subround 2
not enough
     Count  Value
75       2    1.0
374      2    1.0
66       2    1.0
139      2    1.0
462      2    1.0
439      2    1.0
214      2    1.0
412      2    1.0
135      2    1.0
322      2    1.0
152      2    1.0
79       2    1.0
284      2    1.0
370      2    1.0
31       2    1.0
393      2    1.0
453      2    1.0
361      2    1.0
191      2    1.0
299      2    1.0
     Count  Value
75       2    1.0
374      2    1.0
66       2    1.0
139      2    1.0
462      2    1.0
439      2    1.0
214      2    1.0
412      2    1.0
135      2    1.0
322      2    1.0
Current: [7, 11, 12, 14, 16, 17, 18, 31, 43, 53, 54, 66, 70, 73, 74, 75, 79, 85, 92, 124, 128, 130, 135, 139, 146, 149, 150, 151, 152, 156, 159, 165, 175, 183, 188, 191, 198, 203, 204, 211, 212, 214, 217, 222, 229, 231, 232, 236, 238, 240, 241, 242, 251, 252, 255, 257, 261, 264, 266, 267, 268, 273, 275, 279, 280, 282, 284, 295, 298, 299, 306, 307, 308, 309, 311, 317, 318, 322, 323, 331, 334, 340, 343, 347, 350, 353, 359, 361, 370, 371, 374, 377, 380, 387, 389, 392, 393, 396, 397, 398, 412, 417, 419, 421, 426, 429, 436, 439, 453, 456, 462, 467, 471, 472, 482, 497, 501, 507, 508]
Subround 3
not enough
     Count     Value
128      3  1.000000
371      3  1.000000
361      3  1.000000
306      3  1.000000
139      3  1.000000
159      3  1.000000
412      3  1.000000
267      3  1.000000
282      3  1.000000
284      3  1.000000
191      3  1.000000
353      3  1.000000
212      2  0.666667
266      2  0.666667
398      2  0.666667
258      2  0.666667
471      2  0.666667
404      2  0.666667
501      2  0.666667
407      2  0.666667
     Count  Value
128      3    1.0
371      3    1.0
361      3    1.0
306      3    1.0
139      3    1.0
159      3    1.0
412      3    1.0
267      3    1.0
282      3    1.0
284      3    1.0
Current: [128, 139, 159, 191, 267, 282, 284, 306, 353, 361, 371, 412]
Subround 4
not enough
     Count  Value
267      4   1.00
284      4   1.00
371      4   1.00
361      4   1.00
159      4   1.00
479      3   0.75
191      3   0.75
491      3   0.75
337      3   0.75
299      3   0.75
419      3   0.75
462      3   0.75
439      3   0.75
207      3   0.75
477      3   0.75
253      3   0.75
8        3   0.75
511      3   0.75
282      3   0.75
341      3   0.75
     Count  Value
267      4   1.00
284      4   1.00
371      4   1.00
361      4   1.00
159      4   1.00
479      3   0.75
191      3   0.75
491      3   0.75
337      3   0.75
299      3   0.75
Current: [5, 7, 8, 11, 12, 14, 18, 21, 24, 26, 30, 31, 42, 43, 45, 46, 50, 54, 56, 70, 73, 74, 75, 92, 94, 95, 104, 105, 119, 128, 130, 133, 139, 140, 143, 148, 149, 151, 159, 165, 168, 169, 171, 177, 180, 181, 185, 188, 191, 192, 194, 198, 207, 208, 212, 219, 225, 226, 229, 231, 235, 236, 241, 253, 258, 261, 264, 267, 268, 274, 275, 276, 282, 284, 285, 289, 296, 298, 299, 303, 306, 308, 309, 311, 316, 317, 320, 331, 334, 337, 339, 341, 342, 343, 353, 354, 361, 366, 367, 369, 371, 373, 374, 375, 377, 381, 389, 392, 396, 397, 398, 400, 407, 412, 417, 418, 419, 421, 429, 433, 436, 439, 441, 442, 443, 444, 448, 460, 462, 467, 468, 471, 477, 479, 482, 491, 492, 501, 504, 507, 511]
Subround 5
not enough
     Count  Value
371      5    1.0
267      5    1.0
361      5    1.0
284      5    1.0
303      4    0.8
429      4    0.8
151      4    0.8
159      4    0.8
171      4    0.8
285      4    0.8
268      4    0.8
417      4    0.8
42       4    0.8
444      4    0.8
296      4    0.8
149      4    0.8
381      4    0.8
343      4    0.8
298      4    0.8
258      4    0.8
     Count  Value
371      5    1.0
267      5    1.0
361      5    1.0
284      5    1.0
303      4    0.8
429      4    0.8
151      4    0.8
159      4    0.8
171      4    0.8
285      4    0.8
Current: [5, 7, 8, 11, 14, 18, 21, 24, 26, 30, 31, 42, 43, 45, 50, 54, 56, 70, 74, 92, 94, 95, 104, 105, 130, 133, 143, 148, 149, 151, 159, 165, 168, 169, 171, 177, 180, 181, 185, 188, 191, 192, 194, 207, 208, 212, 219, 226, 229, 231, 235, 241, 253, 258, 261, 264, 267, 268, 274, 275, 276, 284, 285, 289, 296, 298, 303, 308, 309, 316, 317, 320, 331, 334, 339, 341, 343, 353, 361, 366, 367, 371, 373, 374, 375, 377, 381, 389, 397, 400, 407, 412, 417, 418, 419, 421, 429, 433, 439, 441, 442, 443, 444, 448, 460, 462, 467, 468, 477, 479, 482, 491, 492, 501, 507, 511]
Subround 6
not enough
     Count     Value
361      6  1.000000
371      6  1.000000
284      6  1.000000
5        5  0.833333
130      5  0.833333
491      5  0.833333
339      5  0.833333
511      5  0.833333
42       5  0.833333
274      5  0.833333
366      5  0.833333
377      5  0.833333
31       5  0.833333
460      5  0.833333
441      5  0.833333
477      5  0.833333
165      5  0.833333
26       5  0.833333
105      5  0.833333
21       5  0.833333
     Count     Value
361      6  1.000000
371      6  1.000000
284      6  1.000000
5        5  0.833333
130      5  0.833333
491      5  0.833333
339      5  0.833333
511      5  0.833333
42       5  0.833333
274      5  0.833333
Current: [5, 7, 8, 14, 21, 26, 30, 31, 42, 104, 105, 130, 133, 149, 159, 165, 177, 192, 194, 226, 235, 267, 268, 274, 275, 276, 284, 298, 308, 309, 316, 317, 320, 339, 361, 366, 367, 371, 377, 381, 400, 407, 421, 441, 443, 444, 448, 460, 468, 477, 491, 501, 511]
Subround 7
not enough
     Count     Value
371      7  1.000000
267      6  0.857143
284      6  0.857143
339      6  0.857143
192      6  0.857143
361      6  0.857143
226      6  0.857143
7        6  0.857143
56       5  0.714286
148      5  0.714286
443      5  0.714286
82       5  0.714286
276      5  0.714286
444      5  0.714286
466      5  0.714286
353      5  0.714286
429      5  0.714286
151      5  0.714286
159      5  0.714286
171      5  0.714286
     Count     Value
371      7  1.000000
267      6  0.857143
284      6  0.857143
339      6  0.857143
192      6  0.857143
361      6  0.857143
226      6  0.857143
7        6  0.857143
56       5  0.714286
148      5  0.714286
Current: [5, 7, 8, 11, 14, 18, 21, 24, 26, 30, 31, 42, 43, 45, 50, 54, 56, 70, 74, 82, 92, 94, 95, 104, 105, 129, 130, 133, 143, 148, 149, 151, 157, 159, 165, 168, 169, 171, 177, 181, 191, 192, 194, 207, 208, 212, 219, 226, 229, 231, 235, 241, 253, 258, 261, 263, 264, 267, 268, 274, 275, 276, 282, 284, 285, 289, 296, 298, 303, 308, 309, 316, 317, 320, 330, 334, 339, 341, 343, 353, 361, 366, 367, 371, 373, 374, 375, 377, 381, 389, 397, 400, 407, 412, 418, 419, 421, 429, 433, 439, 441, 443, 444, 448, 449, 460, 462, 466, 467, 468, 477, 479, 482, 491, 492, 501, 507, 511]
Subround 8
not enough
     Count  Value
371      7  0.875
339      7  0.875
284      6  0.750
296      6  0.750
285      6  0.750
171      6  0.750
159      6  0.750
151      6  0.750
444      6  0.750
181      6  0.750
421      6  0.750
235      6  0.750
462      6  0.750
42       6  0.750
298      6  0.750
148      6  0.750
373      6  0.750
11       6  0.750
367      6  0.750
50       6  0.750
     Count  Value
371      7  0.875
339      7  0.875
284      6  0.750
296      6  0.750
285      6  0.750
171      6  0.750
159      6  0.750
151      6  0.750
444      6  0.750
181      6  0.750
Current: [5, 7, 11, 14, 18, 30, 42, 43, 50, 54, 82, 92, 104, 105, 129, 143, 148, 151, 157, 159, 165, 168, 169, 171, 181, 192, 194, 208, 219, 226, 231, 235, 253, 258, 264, 267, 274, 275, 282, 284, 285, 296, 298, 316, 320, 330, 334, 339, 361, 367, 371, 373, 374, 397, 400, 412, 418, 421, 433, 441, 444, 462, 467, 482, 491]
Subround 9
not enough
     Count     Value
371      8  0.888889
334      7  0.777778
284      7  0.777778
7        7  0.777778
298      7  0.777778
192      7  0.777778
397      7  0.777778
226      7  0.777778
339      7  0.777778
169      7  0.777778
482      7  0.777778
296      7  0.777778
194      7  0.777778
361      7  0.777778
444      7  0.777778
43       7  0.777778
267      7  0.777778
171      7  0.777778
208      7  0.777778
330      7  0.777778
     Count     Value
371      8  0.888889
334      7  0.777778
284      7  0.777778
7        7  0.777778
298      7  0.777778
192      7  0.777778
397      7  0.777778
226      7  0.777778
339      7  0.777778
169      7  0.777778
Current: [7, 43, 169, 171, 192, 194, 208, 226, 267, 284, 296, 298, 330, 334, 339, 361, 371, 397, 444, 482]
Subround 10
not enough
     Count  Value
361      8    0.8
171      8    0.8
298      8    0.8
7        8    0.8
169      8    0.8
267      8    0.8
226      8    0.8
482      8    0.8
296      8    0.8
339      8    0.8
371      8    0.8
285      7    0.7
421      7    0.7
268      7    0.7
303      7    0.7
444      7    0.7
276      7    0.7
181      7    0.7
159      7    0.7
42       7    0.7
     Count  Value
361      8    0.8
171      8    0.8
298      8    0.8
7        8    0.8
169      8    0.8
267      8    0.8
226      8    0.8
482      8    0.8
296      8    0.8
339      8    0.8
Current: [7, 169, 171, 226, 267, 296, 298, 339, 361, 371, 482]
Subround 11
not enough
     Count     Value
339      9  0.818182
7        9  0.818182
296      9  0.818182
371      9  0.818182
361      9  0.818182
482      9  0.818182
18       8  0.727273
507      8  0.727273
358      8  0.727273
171      8  0.727273
60       8  0.727273
389      8  0.727273
267      8  0.727273
285      8  0.727273
250      8  0.727273
397      8  0.727273
206      8  0.727273
42       8  0.727273
276      8  0.727273
181      8  0.727273
     Count     Value
339      9  0.818182
7        9  0.818182
296      9  0.818182
371      9  0.818182
361      9  0.818182
482      9  0.818182
18       8  0.727273
507      8  0.727273
358      8  0.727273
171      8  0.727273
Current: [7, 8, 14, 18, 42, 56, 60, 70, 105, 143, 148, 168, 169, 171, 181, 191, 194, 206, 226, 250, 267, 276, 284, 285, 296, 298, 339, 358, 361, 371, 375, 389, 397, 400, 412, 414, 462, 468, 477, 482, 492, 507]
Subround 12
not enough
     Count     Value
482     10  0.833333
361     10  0.833333
339     10  0.833333
105      9  0.750000
389      9  0.750000
226      9  0.750000
56       9  0.750000
206      9  0.750000
267      9  0.750000
492      9  0.750000
191      9  0.750000
462      9  0.750000
507      9  0.750000
60       9  0.750000
412      9  0.750000
7        9  0.750000
477      9  0.750000
168      9  0.750000
371      9  0.750000
298      9  0.750000
     Count     Value
482     10  0.833333
361     10  0.833333
339     10  0.833333
105      9  0.750000
389      9  0.750000
226      9  0.750000
56       9  0.750000
206      9  0.750000
267      9  0.750000
492      9  0.750000
Current: [7, 56, 60, 70, 105, 143, 168, 169, 181, 191, 206, 226, 267, 285, 296, 298, 339, 361, 371, 389, 412, 462, 477, 482, 492, 507]
Subround 13
not enough
     Count     Value
339     11  0.846154
361     11  0.846154
477     10  0.769231
389     10  0.769231
298     10  0.769231
168     10  0.769231
206     10  0.769231
105     10  0.769231
507     10  0.769231
143     10  0.769231
181     10  0.769231
70      10  0.769231
482     10  0.769231
462     10  0.769231
412     10  0.769231
492     10  0.769231
285     10  0.769231
191     10  0.769231
56      10  0.769231
267     10  0.769231
     Count     Value
339     11  0.846154
361     11  0.846154
477     10  0.769231
389     10  0.769231
298     10  0.769231
168     10  0.769231
206     10  0.769231
105     10  0.769231
507     10  0.769231
143     10  0.769231
Current: [56, 70, 105, 143, 168, 181, 191, 206, 267, 285, 298, 339, 361, 389, 412, 462, 477, 482, 492, 507]
Subround 14
not enough
     Count     Value
361     12  0.857143
339     12  0.857143
389     11  0.785714
181     11  0.785714
298     11  0.785714
168     11  0.785714
507     11  0.785714
477     11  0.785714
191     11  0.785714
492     11  0.785714
165     10  0.714286
263     10  0.714286
317     10  0.714286
511     10  0.714286
267     10  0.714286
226     10  0.714286
250     10  0.714286
462     10  0.714286
56      10  0.714286
438     10  0.714286
     Count     Value
361     12  0.857143
339     12  0.857143
389     11  0.785714
181     11  0.785714
298     11  0.785714
168     11  0.785714
507     11  0.785714
477     11  0.785714
191     11  0.785714
492     11  0.785714
Current: [7, 30, 54, 56, 60, 70, 90, 92, 99, 105, 143, 165, 168, 181, 191, 206, 212, 226, 243, 250, 253, 263, 267, 285, 296, 298, 317, 339, 361, 373, 386, 389, 401, 412, 418, 429, 438, 462, 477, 482, 492, 507, 511]
Subround 15
not enough
     Count     Value
339     13  0.866667
361     13  0.866667
168     12  0.800000
389     12  0.800000
298     12  0.800000
191     12  0.800000
507     12  0.800000
477     12  0.800000
438     11  0.733333
401     11  0.733333
99      11  0.733333
181     11  0.733333
386     11  0.733333
511     11  0.733333
267     11  0.733333
7       11  0.733333
165     11  0.733333
90      11  0.733333
373     11  0.733333
243     11  0.733333
     Count     Value
339     13  0.866667
361     13  0.866667
168     12  0.800000
389     12  0.800000
298     12  0.800000
191     12  0.800000
507     12  0.800000
477     12  0.800000
438     11  0.733333
401     11  0.733333
Current: [7, 30, 54, 90, 92, 99, 165, 168, 181, 191, 212, 226, 243, 250, 253, 267, 285, 298, 317, 339, 361, 373, 386, 389, 401, 418, 438, 477, 492, 507, 511]
Subround 16
not enough
     Count   Value
339     14  0.8750
168     13  0.8125
298     13  0.8125
507     13  0.8125
389     13  0.8125
361     13  0.8125
267     12  0.7500
226     12  0.7500
165     12  0.7500
253     12  0.7500
250     12  0.7500
418     12  0.7500
7       12  0.7500
285     12  0.7500
30      12  0.7500
191     12  0.7500
386     12  0.7500
212     12  0.7500
438     12  0.7500
477     12  0.7500
     Count   Value
339     14  0.8750
168     13  0.8125
298     13  0.8125
507     13  0.8125
389     13  0.8125
361     13  0.8125
267     12  0.7500
226     12  0.7500
165     12  0.7500
253     12  0.7500
Current: [7, 30, 99, 165, 168, 191, 212, 226, 250, 253, 267, 285, 298, 339, 361, 373, 386, 389, 418, 438, 477, 492, 507]
Subround 17
not enough
     Count     Value
339     15  0.882353
168     14  0.823529
389     14  0.823529
298     14  0.823529
212     13  0.764706
250     13  0.764706
477     13  0.764706
7       13  0.764706
418     13  0.764706
267     13  0.764706
507     13  0.764706
361     13  0.764706
373     13  0.764706
165     13  0.764706
492     13  0.764706
285     13  0.764706
99      13  0.764706
386     13  0.764706
226     12  0.705882
253     12  0.705882
     Count     Value
339     15  0.882353
168     14  0.823529
389     14  0.823529
298     14  0.823529
212     13  0.764706
250     13  0.764706
477     13  0.764706
7       13  0.764706
418     13  0.764706
267     13  0.764706
Current: [0, 7, 30, 45, 50, 56, 99, 105, 137, 143, 159, 165, 168, 173, 191, 212, 226, 242, 250, 253, 260, 267, 285, 289, 298, 314, 339, 361, 373, 386, 389, 412, 418, 429, 438, 444, 447, 469, 477, 492, 507]
Subround 18
not enough
     Count     Value
339     16  0.888889
298     15  0.833333
168     15  0.833333
389     14  0.777778
477     14  0.777778
99      14  0.777778
361     14  0.777778
418     14  0.777778
267     14  0.777778
212     14  0.777778
7       14  0.777778
507     14  0.777778
373     14  0.777778
0       13  0.722222
165     13  0.722222
250     13  0.722222
56      13  0.722222
429     13  0.722222
438     13  0.722222
492     13  0.722222
     Count     Value
339     16  0.888889
298     15  0.833333
168     15  0.833333
389     14  0.777778
477     14  0.777778
99      14  0.777778
361     14  0.777778
418     14  0.777778
267     14  0.777778
212     14  0.777778
Current: [0, 7, 30, 50, 56, 99, 105, 137, 165, 168, 191, 212, 242, 250, 267, 285, 298, 339, 361, 373, 386, 389, 412, 418, 429, 438, 469, 477, 492, 507]
Subround 19
not enough
     Count     Value
339     17  0.894737
298     16  0.842105
418     15  0.789474
507     15  0.789474
361     15  0.789474
99      15  0.789474
7       15  0.789474
168     15  0.789474
285     14  0.736842
492     14  0.736842
267     14  0.736842
105     14  0.736842
212     14  0.736842
373     14  0.736842
137     14  0.736842
165     14  0.736842
0       14  0.736842
477     14  0.736842
191     14  0.736842
412     14  0.736842
     Count     Value
339     17  0.894737
298     16  0.842105
418     15  0.789474
507     15  0.789474
361     15  0.789474
99      15  0.789474
7       15  0.789474
168     15  0.789474
285     14  0.736842
492     14  0.736842
Current: [0, 7, 99, 105, 137, 165, 168, 191, 212, 242, 267, 285, 298, 339, 361, 373, 389, 412, 418, 477, 492, 507]
Subround 20
     Count  Value
339     17   0.85
168     16   0.80
418     16   0.80
507     16   0.80
298     16   0.80
99      15   0.75
412     15   0.75
389     15   0.75
7       15   0.75
242     15   0.75
373     15   0.75
361     15   0.75
482     14   0.70
263     14   0.70
398     14   0.70
285     14   0.70
143     14   0.70
243     14   0.70
212     14   0.70
137     14   0.70
     Count  Value
339     17   0.85
168     16   0.80
418     16   0.80
507     16   0.80
298     16   0.80
99      15   0.75
412     15   0.75
389     15   0.75
7       15   0.75
242     15   0.75
Current: [7, 99, 168, 242, 298, 339, 361, 373, 389, 412, 418, 507]
Round 2
Subround 1
not enough
     Count     Value
339     18  0.857143
418     17  0.809524
298     17  0.809524
168     16  0.761905
389     16  0.761905
7       16  0.761905
507     16  0.761905
361     16  0.761905
99      15  0.714286
412     15  0.714286
242     15  0.714286
373     15  0.714286
482     14  0.666667
263     14  0.666667
398     14  0.666667
285     14  0.666667
143     14  0.666667
243     14  0.666667
212     14  0.666667
137     14  0.666667
     Count  Value
339      1    1.0
418      1    1.0
298      1    1.0
389      1    1.0
361      1    1.0
7        1    1.0
Current: [298, 339, 418]
Subround 2
not enough
     Count     Value
339     19  0.863636
298     18  0.818182
168     17  0.772727
418     17  0.772727
507     17  0.772727
99      16  0.727273
412     16  0.727273
389     16  0.727273
7       16  0.727273
361     16  0.727273
242     15  0.681818
373     15  0.681818
482     14  0.636364
263     14  0.636364
398     14  0.636364
285     14  0.636364
143     14  0.636364
243     14  0.636364
212     14  0.636364
137     14  0.636364
     Count  Value
339      2    1.0
298      2    1.0
418      1    0.5
389      1    0.5
361      1    0.5
7        1    0.5
168      1    0.5
507      1    0.5
99       1    0.5
412      1    0.5
Current: [298, 339]
Subround 3
not enough
     Count     Value
339     20  0.869565
298     19  0.826087
168     17  0.739130
99      17  0.739130
418     17  0.739130
389     17  0.739130
7       17  0.739130
507     17  0.739130
361     17  0.739130
412     16  0.695652
242     15  0.652174
373     15  0.652174
482     14  0.608696
263     14  0.608696
398     14  0.608696
285     14  0.608696
143     14  0.608696
243     14  0.608696
212     14  0.608696
137     14  0.608696
     Count     Value
339      3  1.000000
298      3  1.000000
389      2  0.666667
361      2  0.666667
7        2  0.666667
99       2  0.666667
418      1  0.333333
168      1  0.333333
507      1  0.333333
412      1  0.333333
Current: [298, 339]
Subround 4
not enough
     Count     Value
339     21  0.875000
298     19  0.791667
168     18  0.750000
389     18  0.750000
361     18  0.750000
99      17  0.708333
418     17  0.708333
412     17  0.708333
7       17  0.708333
507     17  0.708333
373     16  0.666667
242     15  0.625000
482     14  0.583333
263     14  0.583333
398     14  0.583333
285     14  0.583333
143     14  0.583333
243     14  0.583333
212     14  0.583333
137     14  0.583333
     Count  Value
339      4   1.00
298      3   0.75
389      3   0.75
361      3   0.75
7        2   0.50
168      2   0.50
99       2   0.50
412      2   0.50
418      1   0.25
507      1   0.25
Current: [339]
Subround 5
not enough
     Count  Value
339     22   0.88
168     19   0.76
389     19   0.76
298     19   0.76
412     18   0.72
361     18   0.72
99      17   0.68
418     17   0.68
7       17   0.68
507     17   0.68
373     17   0.68
242     16   0.64
482     14   0.56
263     14   0.56
398     14   0.56
285     14   0.56
143     14   0.56
243     14   0.56
212     14   0.56
137     14   0.56
     Count  Value
339      5    1.0
389      4    0.8
298      3    0.6
361      3    0.6
168      3    0.6
412      3    0.6
7        2    0.4
99       2    0.4
373      2    0.4
418      1    0.2
Current: [339]
Subround 6
not enough
     Count     Value
339     23  0.884615
168     20  0.769231
389     20  0.769231
298     19  0.730769
361     19  0.730769
99      18  0.692308
412     18  0.692308
373     18  0.692308
418     17  0.653846
7       17  0.653846
507     17  0.653846
242     16  0.615385
482     14  0.538462
263     14  0.538462
398     14  0.538462
285     14  0.538462
143     14  0.538462
243     14  0.538462
212     14  0.538462
137     14  0.538462
     Count     Value
339      6  1.000000
389      5  0.833333
361      4  0.666667
168      4  0.666667
298      3  0.500000
99       3  0.500000
412      3  0.500000
373      3  0.500000
7        2  0.333333
418      1  0.166667
Current: [339]
Subround 7
not enough
     Count     Value
339     23  0.851852
389     21  0.777778
168     20  0.740741
298     20  0.740741
412     19  0.703704
373     19  0.703704
361     19  0.703704
99      18  0.666667
507     18  0.666667
418     17  0.629630
7       17  0.629630
242     17  0.629630
482     14  0.518519
263     14  0.518519
398     14  0.518519
285     14  0.518519
143     14  0.518519
243     14  0.518519
212     14  0.518519
137     14  0.518519
     Count     Value
339      6  0.857143
389      6  0.857143
298      4  0.571429
361      4  0.571429
168      4  0.571429
412      4  0.571429
373      4  0.571429
99       3  0.428571
7        2  0.285714
507      2  0.285714
Current: [339]
Subround 8
not enough
     Count     Value
339     23  0.821429
389     22  0.785714
168     21  0.750000
298     21  0.750000
361     20  0.714286
412     19  0.678571
507     19  0.678571
373     19  0.678571
99      18  0.642857
7       18  0.642857
418     17  0.607143
242     17  0.607143
482     14  0.500000
263     14  0.500000
398     14  0.500000
285     14  0.500000
143     14  0.500000
243     14  0.500000
212     14  0.500000
137     14  0.500000
     Count  Value
389      7  0.875
339      6  0.750
298      5  0.625
361      5  0.625
168      5  0.625
412      4  0.500
373      4  0.500
7        3  0.375
507      3  0.375
99       3  0.375
Current: [339]
Subround 9
not enough
     Count     Value
339     24  0.827586
389     22  0.758621
168     21  0.724138
298     21  0.724138
412     20  0.689655
373     20  0.689655
361     20  0.689655
99      19  0.655172
507     19  0.655172
418     18  0.620690
7       18  0.620690
242     18  0.620690
482     14  0.482759
263     14  0.482759
398     14  0.482759
285     14  0.482759
143     14  0.482759
243     14  0.482759
212     14  0.482759
137     14  0.482759
     Count     Value
339      7  0.777778
389      7  0.777778
298      5  0.555556
361      5  0.555556
168      5  0.555556
412      5  0.555556
373      5  0.555556
99       4  0.444444
7        3  0.333333
507      3  0.333333
Current: [339]
Subround 10
     Count     Value
339     25  0.833333
389     22  0.733333
168     21  0.700000
412     21  0.700000
298     21  0.700000
361     21  0.700000
507     20  0.666667
373     20  0.666667
99      19  0.633333
418     19  0.633333
7       19  0.633333
242     18  0.600000
482     14  0.466667
263     14  0.466667
398     14  0.466667
285     14  0.466667
143     14  0.466667
243     14  0.466667
212     14  0.466667
137     14  0.466667
     Count  Value
339      8    0.8
389      7    0.7
361      6    0.6
412      6    0.6
298      5    0.5
168      5    0.5
373      5    0.5
7        4    0.4
507      4    0.4
99       4    0.4
Current: [339]
Winning offset:
[339]
2021-09-08 02:27:30.750969
2021-09-08 02:29:09.031360
0:01:38.280391
