Loading page file profiles/lab06/pages/0x2a44b.yaml
Loading page file profiles/lab06/pages/0x2a460.yaml
Loading page file profiles/lab06/pages/0x2a4e3.yaml
Loading page file profiles/lab06/pages/0x2a4e5.yaml
Loading page file profiles/lab06/pages/0x2a800.yaml
Loading page file profiles/lab06/pages/0x2a804.yaml
Loading page file profiles/lab06/pages/0x2a805.yaml
Round 1
Subround 1
not enough
     Count  Value
97       1    1.0
199      1    1.0
390      1    1.0
382      1    1.0
422      1    1.0
211      1    1.0
486      1    1.0
149      1    1.0
473      1    1.0
384      1    1.0
301      1    1.0
169      1    1.0
381      1    1.0
484      1    1.0
237      1    1.0
280      1    1.0
437      1    1.0
477      1    1.0
337      1    1.0
410      1    1.0
     Count  Value
97       1    1.0
199      1    1.0
390      1    1.0
382      1    1.0
422      1    1.0
211      1    1.0
486      1    1.0
149      1    1.0
473      1    1.0
384      1    1.0
Current: [0, 1, 2, 3, 4, 6, 7, 8, 11, 12, 13, 14, 15, 16, 19, 20, 23, 24, 26, 29, 30, 31, 32, 33, 35, 37, 38, 45, 46, 48, 50, 52, 54, 58, 63, 66, 68, 74, 77, 78, 80, 88, 90, 91, 92, 94, 97, 99, 101, 102, 105, 106, 110, 113, 114, 118, 121, 123, 124, 125, 128, 129, 132, 134, 135, 136, 137, 138, 140, 143, 144, 149, 152, 153, 154, 155, 156, 158, 159, 160, 162, 164, 167, 169, 173, 177, 179, 181, 184, 187, 188, 190, 191, 192, 194, 195, 196, 199, 200, 201, 202, 203, 204, 205, 207, 208, 210, 211, 212, 217, 218, 220, 226, 227, 228, 229, 230, 231, 234, 235, 236, 237, 239, 240, 241, 245, 246, 247, 252, 255, 256, 258, 261, 263, 271, 272, 273, 274, 276, 277, 278, 280, 281, 282, 287, 290, 291, 293, 296, 298, 300, 301, 303, 304, 309, 311, 312, 318, 319, 321, 322, 324, 327, 330, 331, 332, 337, 339, 340, 344, 345, 346, 348, 351, 352, 353, 355, 358, 359, 360, 363, 364, 366, 368, 371, 376, 377, 378, 380, 381, 382, 384, 386, 387, 388, 390, 391, 395, 398, 401, 404, 407, 408, 410, 411, 412, 418, 420, 422, 423, 424, 425, 430, 433, 434, 437, 441, 442, 444, 446, 447, 449, 451, 455, 457, 458, 459, 460, 462, 465, 467, 472, 473, 475, 476, 477, 478, 480, 481, 483, 484, 486, 492, 494, 496, 497, 500, 501, 502, 504, 505, 506, 507, 508, 509, 510]
Subround 2
not enough
     Count  Value
97       2    1.0
101      2    1.0
48       2    1.0
508      2    1.0
58       2    1.0
102      2    1.0
153      2    1.0
418      2    1.0
143      2    1.0
15       2    1.0
339      2    1.0
196      2    1.0
296      2    1.0
204      2    1.0
458      2    1.0
173      2    1.0
1        2    1.0
355      2    1.0
462      2    1.0
457      2    1.0
     Count  Value
97       2    1.0
101      2    1.0
48       2    1.0
508      2    1.0
58       2    1.0
102      2    1.0
153      2    1.0
418      2    1.0
143      2    1.0
15       2    1.0
Current: [1, 6, 8, 12, 15, 16, 20, 24, 26, 30, 32, 37, 38, 46, 48, 50, 58, 63, 78, 80, 88, 91, 92, 97, 101, 102, 114, 118, 123, 124, 125, 129, 134, 137, 143, 153, 156, 158, 159, 162, 164, 169, 173, 179, 181, 196, 201, 202, 203, 204, 211, 218, 227, 228, 230, 237, 240, 252, 255, 256, 263, 276, 277, 287, 291, 296, 300, 301, 312, 318, 324, 331, 332, 339, 340, 345, 351, 353, 355, 359, 360, 364, 368, 376, 377, 378, 380, 381, 384, 386, 391, 395, 408, 410, 411, 418, 420, 422, 423, 424, 425, 430, 434, 446, 455, 457, 458, 460, 462, 465, 476, 477, 484, 486, 497, 501, 504, 508, 509]
Subround 3
not enough
     Count  Value
97       3    1.0
143      3    1.0
457      3    1.0
48       3    1.0
508      3    1.0
58       3    1.0
102      3    1.0
418      3    1.0
15       3    1.0
277      3    1.0
339      3    1.0
196      3    1.0
296      3    1.0
204      3    1.0
355      3    1.0
462      3    1.0
101      3    1.0
37       3    1.0
368      3    1.0
509      3    1.0
     Count  Value
97       3    1.0
143      3    1.0
457      3    1.0
48       3    1.0
508      3    1.0
58       3    1.0
102      3    1.0
418      3    1.0
15       3    1.0
277      3    1.0
Current: [8, 12, 15, 16, 20, 24, 26, 30, 37, 46, 48, 50, 58, 63, 80, 88, 91, 97, 101, 102, 114, 123, 124, 125, 129, 137, 143, 156, 158, 159, 162, 169, 181, 196, 201, 203, 204, 211, 227, 228, 230, 237, 240, 256, 263, 277, 287, 291, 296, 300, 301, 312, 318, 331, 332, 339, 340, 353, 355, 360, 368, 376, 378, 380, 381, 384, 391, 395, 408, 410, 411, 418, 422, 423, 424, 425, 430, 434, 446, 455, 457, 460, 462, 465, 476, 477, 484, 486, 497, 501, 504, 508, 509]
Subround 4
not enough
     Count  Value
8        4    1.0
460      4    1.0
486      4    1.0
384      4    1.0
381      4    1.0
353      4    1.0
484      4    1.0
477      4    1.0
465      4    1.0
423      4    1.0
424      4    1.0
332      4    1.0
181      4    1.0
63       4    1.0
230      4    1.0
26       4    1.0
211      4    1.0
462      4    1.0
204      4    1.0
196      4    1.0
     Count  Value
8        4    1.0
460      4    1.0
486      4    1.0
384      4    1.0
381      4    1.0
353      4    1.0
484      4    1.0
477      4    1.0
465      4    1.0
423      4    1.0
Current: [1, 6, 8, 12, 15, 16, 20, 24, 26, 28, 30, 32, 34, 37, 39, 40, 46, 48, 50, 57, 58, 63, 70, 75, 76, 78, 80, 81, 88, 91, 97, 98, 99, 101, 102, 104, 106, 107, 108, 110, 111, 114, 115, 116, 119, 120, 123, 124, 125, 129, 130, 137, 141, 143, 150, 154, 156, 158, 159, 160, 161, 162, 169, 172, 173, 176, 179, 181, 183, 189, 193, 196, 201, 202, 203, 204, 211, 216, 218, 219, 222, 227, 228, 230, 235, 237, 240, 252, 256, 260, 263, 264, 270, 275, 277, 281, 287, 291, 296, 297, 298, 300, 301, 304, 307, 312, 314, 318, 331, 332, 334, 336, 337, 339, 340, 345, 346, 349, 353, 355, 358, 359, 360, 367, 368, 372, 375, 376, 377, 378, 380, 381, 382, 383, 384, 390, 391, 395, 405, 408, 410, 411, 418, 422, 423, 424, 425, 428, 430, 434, 442, 443, 444, 446, 454, 455, 457, 460, 462, 465, 476, 477, 484, 485, 486, 487, 497, 501, 503, 504, 505, 508, 509]
Subround 5
not enough
     Count  Value
339      5    1.0
114      5    1.0
384      5    1.0
486      5    1.0
181      5    1.0
332      5    1.0
15       5    1.0
484      5    1.0
318      5    1.0
26       5    1.0
263      5    1.0
340      5    1.0
425      4    0.8
462      4    0.8
50       4    0.8
196      4    0.8
296      4    0.8
204      4    0.8
355      4    0.8
422      4    0.8
     Count  Value
339      5    1.0
114      5    1.0
384      5    1.0
486      5    1.0
181      5    1.0
332      5    1.0
15       5    1.0
484      5    1.0
318      5    1.0
26       5    1.0
Current: [8, 12, 15, 16, 20, 24, 26, 28, 30, 32, 37, 39, 46, 48, 50, 58, 63, 80, 88, 91, 97, 98, 99, 101, 102, 106, 114, 123, 124, 125, 129, 137, 143, 156, 158, 159, 160, 162, 169, 181, 193, 196, 201, 203, 204, 211, 219, 222, 228, 230, 240, 256, 263, 270, 281, 287, 296, 298, 300, 312, 318, 331, 332, 334, 336, 339, 340, 345, 346, 353, 355, 367, 368, 376, 378, 380, 381, 384, 391, 405, 408, 411, 418, 422, 423, 424, 425, 428, 434, 446, 455, 457, 460, 462, 465, 476, 477, 484, 486, 501, 508, 509]
Subround 6
not enough
     Count     Value
15       6  1.000000
486      6  1.000000
26       6  1.000000
484      6  1.000000
181      6  1.000000
339      6  1.000000
418      5  0.833333
318      5  0.833333
162      5  0.833333
159      5  0.833333
156      5  0.833333
20       5  0.833333
300      5  0.833333
16       5  0.833333
80       5  0.833333
345      5  0.833333
346      5  0.833333
287      5  0.833333
143      5  0.833333
222      5  0.833333
     Count     Value
15       6  1.000000
486      6  1.000000
26       6  1.000000
484      6  1.000000
181      6  1.000000
339      6  1.000000
418      5  0.833333
318      5  0.833333
162      5  0.833333
159      5  0.833333
Current: [15, 16, 20, 26, 28, 30, 32, 37, 48, 50, 58, 63, 80, 91, 97, 101, 106, 114, 124, 143, 156, 159, 160, 162, 181, 193, 196, 219, 222, 263, 281, 287, 300, 318, 331, 332, 334, 339, 340, 345, 346, 367, 378, 381, 384, 418, 422, 425, 428, 434, 457, 465, 476, 484, 486, 501]
Subround 7
not enough
     Count     Value
339      7  1.000000
318      6  0.857143
263      6  0.857143
30       6  0.857143
15       6  0.857143
332      6  0.857143
486      6  0.857143
384      6  0.857143
26       6  0.857143
181      6  0.857143
114      6  0.857143
484      6  0.857143
340      6  0.857143
287      5  0.714286
106      5  0.714286
48       5  0.714286
508      5  0.714286
58       5  0.714286
102      5  0.714286
346      5  0.714286
     Count     Value
339      7  1.000000
318      6  0.857143
263      6  0.857143
30       6  0.857143
15       6  0.857143
332      6  0.857143
486      6  0.857143
384      6  0.857143
26       6  0.857143
181      6  0.857143
Current: [8, 12, 15, 16, 20, 24, 26, 28, 30, 32, 37, 39, 48, 50, 57, 58, 63, 80, 88, 91, 97, 99, 101, 102, 106, 114, 123, 124, 125, 129, 137, 143, 156, 158, 159, 160, 162, 169, 181, 193, 196, 201, 203, 204, 211, 219, 222, 228, 230, 240, 256, 263, 270, 281, 287, 289, 296, 298, 300, 312, 318, 331, 332, 334, 336, 339, 340, 345, 346, 353, 355, 367, 368, 376, 378, 380, 381, 384, 391, 405, 408, 411, 418, 422, 423, 424, 425, 428, 434, 446, 455, 457, 460, 462, 465, 476, 477, 484, 486, 501, 508, 509]
Subround 8
not enough
     Count  Value
339      8  1.000
263      7  0.875
30       7  0.875
384      7  0.875
114      7  0.875
15       7  0.875
486      7  0.875
332      7  0.875
181      6  0.750
465      6  0.750
460      6  0.750
434      6  0.750
422      6  0.750
353      6  0.750
99       6  0.750
477      6  0.750
484      6  0.750
289      6  0.750
281      6  0.750
381      6  0.750
     Count  Value
339      8  1.000
263      7  0.875
30       7  0.875
384      7  0.875
114      7  0.875
15       7  0.875
486      7  0.875
332      7  0.875
181      6  0.750
465      6  0.750
Current: [8, 12, 15, 16, 26, 30, 37, 58, 80, 99, 101, 102, 106, 114, 124, 129, 143, 158, 159, 162, 181, 193, 196, 201, 219, 222, 230, 263, 270, 281, 289, 296, 312, 318, 331, 332, 339, 340, 346, 353, 355, 381, 384, 405, 408, 411, 422, 428, 434, 446, 457, 460, 462, 465, 477, 484, 486, 501, 509]
Subround 9
not enough
     Count     Value
339      9  1.000000
486      8  0.888889
30       8  0.888889
15       7  0.777778
106      7  0.777778
159      7  0.777778
26       7  0.777778
230      7  0.777778
457      7  0.777778
411      7  0.777778
332      7  0.777778
222      7  0.777778
99       7  0.777778
196      7  0.777778
158      7  0.777778
434      7  0.777778
318      7  0.777778
263      7  0.777778
270      7  0.777778
201      7  0.777778
     Count     Value
339      9  1.000000
486      8  0.888889
30       8  0.888889
15       7  0.777778
106      7  0.777778
159      7  0.777778
26       7  0.777778
230      7  0.777778
457      7  0.777778
411      7  0.777778
Current: [8, 12, 15, 16, 26, 30, 58, 99, 106, 114, 158, 159, 196, 201, 222, 230, 263, 270, 281, 318, 332, 339, 340, 355, 384, 411, 434, 457, 477, 484, 486]
Subround 10
not enough
     Count  Value
339     10    1.0
30       9    0.9
486      9    0.9
457      8    0.8
114      8    0.8
230      8    0.8
196      8    0.8
332      8    0.8
15       8    0.8
318      8    0.8
201      8    0.8
270      8    0.8
281      8    0.8
411      8    0.8
434      8    0.8
477      8    0.8
484      8    0.8
384      8    0.8
12       8    0.8
222      8    0.8
     Count  Value
339     10    1.0
30       9    0.9
486      9    0.9
457      8    0.8
114      8    0.8
230      8    0.8
196      8    0.8
332      8    0.8
15       8    0.8
318      8    0.8
Current: [12, 15, 30, 114, 196, 201, 222, 230, 270, 281, 318, 332, 339, 384, 411, 434, 457, 477, 484, 486]
Subround 11
not enough
     Count     Value
339     11  1.000000
30       9  0.818182
12       9  0.818182
486      9  0.818182
58       8  0.727273
196      8  0.727273
318      8  0.727273
8        8  0.727273
384      8  0.727273
201      8  0.727273
222      8  0.727273
158      8  0.727273
484      8  0.727273
270      8  0.727273
281      8  0.727273
159      8  0.727273
106      8  0.727273
355      8  0.727273
428      8  0.727273
26       8  0.727273
     Count     Value
339     11  1.000000
30       9  0.818182
12       9  0.818182
486      9  0.818182
58       8  0.727273
196      8  0.727273
318      8  0.727273
8        8  0.727273
384      8  0.727273
201      8  0.727273
Current: [8, 12, 15, 16, 26, 30, 58, 99, 106, 114, 129, 158, 159, 181, 196, 201, 222, 230, 270, 281, 318, 332, 339, 340, 355, 384, 411, 428, 434, 457, 477, 484, 486]
Subround 12
not enough
     Count     Value
339     12  1.000000
281      9  0.750000
332      9  0.750000
8        9  0.750000
30       9  0.750000
12       9  0.750000
26       9  0.750000
16       9  0.750000
114      9  0.750000
159      9  0.750000
477      9  0.750000
270      9  0.750000
484      9  0.750000
15       9  0.750000
384      9  0.750000
428      9  0.750000
486      9  0.750000
129      9  0.750000
344      8  0.666667
181      8  0.666667
     Count  Value
339     12   1.00
281      9   0.75
332      9   0.75
8        9   0.75
30       9   0.75
12       9   0.75
26       9   0.75
16       9   0.75
114      9   0.75
159      9   0.75
Current: [8, 12, 15, 16, 26, 30, 114, 129, 159, 270, 281, 332, 339, 384, 428, 477, 484, 486]
Subround 13
not enough
     Count     Value
339     13  1.000000
12      10  0.769231
486     10  0.769231
30      10  0.769231
129     10  0.769231
106      9  0.692308
26       9  0.692308
8        9  0.692308
158      9  0.692308
15       9  0.692308
169      9  0.692308
196      9  0.692308
428      9  0.692308
355      9  0.692308
434      9  0.692308
349      9  0.692308
201      9  0.692308
58       9  0.692308
332      9  0.692308
318      9  0.692308
     Count     Value
339     13  1.000000
12      10  0.769231
486     10  0.769231
30      10  0.769231
129     10  0.769231
106      9  0.692308
26       9  0.692308
8        9  0.692308
158      9  0.692308
15       9  0.692308
Current: [12, 30, 129, 339, 486]
Subround 14
not enough
     Count     Value
339     14  1.000000
129     11  0.785714
486     11  0.785714
318     10  0.714286
484     10  0.714286
169     10  0.714286
384     10  0.714286
434     10  0.714286
428     10  0.714286
12      10  0.714286
114     10  0.714286
58      10  0.714286
270     10  0.714286
349     10  0.714286
99      10  0.714286
30      10  0.714286
106     10  0.714286
56      10  0.714286
196     10  0.714286
402      9  0.642857
     Count     Value
339     14  1.000000
129     11  0.785714
486     11  0.785714
318     10  0.714286
484     10  0.714286
169     10  0.714286
384     10  0.714286
434     10  0.714286
428     10  0.714286
12      10  0.714286
Current: [12, 30, 56, 58, 99, 106, 114, 129, 169, 196, 270, 318, 339, 349, 384, 428, 434, 484, 486]
Subround 15
not enough
     Count     Value
339     15  1.000000
129     12  0.800000
486     11  0.733333
484     11  0.733333
384     11  0.733333
428     11  0.733333
12      11  0.733333
349     10  0.666667
279     10  0.666667
332     10  0.666667
237     10  0.666667
158     10  0.666667
460     10  0.666667
169     10  0.666667
434     10  0.666667
477     10  0.666667
353     10  0.666667
402     10  0.666667
270     10  0.666667
16      10  0.666667
     Count     Value
339     15  1.000000
129     12  0.800000
486     11  0.733333
484     11  0.733333
384     11  0.733333
428     11  0.733333
12      11  0.733333
349     10  0.666667
279     10  0.666667
332     10  0.666667
Current: [12, 129, 339, 384, 428, 484, 486]
Subround 16
not enough
     Count   Value
339     16  1.0000
129     13  0.8125
486     12  0.7500
384     12  0.7500
484     12  0.7500
457     11  0.6875
428     11  0.6875
26      11  0.6875
12      11  0.6875
160     11  0.6875
114     11  0.6875
477     11  0.6875
193     11  0.6875
15      11  0.6875
237     11  0.6875
169     11  0.6875
368     11  0.6875
8       10  0.6250
123     10  0.6250
279     10  0.6250
     Count   Value
339     16  1.0000
129     13  0.8125
486     12  0.7500
384     12  0.7500
484     12  0.7500
457     11  0.6875
428     11  0.6875
26      11  0.6875
12      11  0.6875
160     11  0.6875
Current: [129, 339, 384, 484, 486]
Subround 17
not enough
     Count     Value
339     16  0.941176
129     14  0.823529
384     13  0.764706
484     13  0.764706
15      12  0.705882
160     12  0.705882
477     12  0.705882
237     12  0.705882
169     12  0.705882
368     12  0.705882
486     12  0.705882
114     12  0.705882
26      12  0.705882
193     12  0.705882
457     12  0.705882
418     11  0.647059
383     11  0.647059
230     11  0.647059
80      11  0.647059
20      11  0.647059
     Count     Value
339     16  0.941176
129     14  0.823529
384     13  0.764706
484     13  0.764706
15      12  0.705882
160     12  0.705882
477     12  0.705882
237     12  0.705882
169     12  0.705882
368     12  0.705882
Current: [15, 26, 114, 129, 160, 169, 193, 237, 339, 368, 384, 457, 477, 484, 486]
Subround 18
not enough
     Count     Value
339     17  0.944444
129     14  0.777778
384     14  0.777778
484     14  0.777778
486     13  0.722222
114     13  0.722222
169     13  0.722222
477     13  0.722222
457     13  0.722222
383     12  0.666667
162     12  0.666667
318     12  0.666667
324     12  0.666667
144     12  0.666667
368     12  0.666667
263     12  0.666667
331     12  0.666667
193     12  0.666667
160     12  0.666667
15      12  0.666667
     Count     Value
339     17  0.944444
129     14  0.777778
384     14  0.777778
484     14  0.777778
486     13  0.722222
114     13  0.722222
169     13  0.722222
477     13  0.722222
457     13  0.722222
383     12  0.666667
Current: [114, 129, 169, 339, 384, 457, 477, 484, 486]
Subround 19
not enough
     Count     Value
339     18  0.947368
384     15  0.789474
129     15  0.789474
477     14  0.736842
484     14  0.736842
486     14  0.736842
114     14  0.736842
368     13  0.684211
102     13  0.684211
331     13  0.684211
160     13  0.684211
237     13  0.684211
169     13  0.684211
2       13  0.684211
15      13  0.684211
162     13  0.684211
103     13  0.684211
457     13  0.684211
490     13  0.684211
263     13  0.684211
     Count     Value
339     18  0.947368
384     15  0.789474
129     15  0.789474
477     14  0.736842
484     14  0.736842
486     14  0.736842
114     14  0.736842
368     13  0.684211
102     13  0.684211
331     13  0.684211
Current: [114, 129, 339, 384, 477, 484, 486]
Subround 20
     Count  Value
339     19   0.95
129     16   0.80
486     15   0.75
384     15   0.75
457     14   0.70
477     14   0.70
169     14   0.70
162     14   0.70
368     14   0.70
237     14   0.70
484     14   0.70
114     14   0.70
160     13   0.65
324     13   0.65
331     13   0.65
305     13   0.65
103     13   0.65
80      13   0.65
16      13   0.65
107     13   0.65
     Count  Value
339     19   0.95
129     16   0.80
486     15   0.75
384     15   0.75
457     14   0.70
477     14   0.70
169     14   0.70
162     14   0.70
368     14   0.70
237     14   0.70
Current: [129, 339, 384, 486]
Round 2
Subround 1
not enough
     Count     Value
339     20  0.952381
486     16  0.761905
129     16  0.761905
384     15  0.714286
457     14  0.666667
477     14  0.666667
169     14  0.666667
162     14  0.666667
368     14  0.666667
237     14  0.666667
484     14  0.666667
114     14  0.666667
160     13  0.619048
324     13  0.619048
331     13  0.619048
305     13  0.619048
103     13  0.619048
80      13  0.619048
16      13  0.619048
107     13  0.619048
     Count  Value
486      1    1.0
339      1    1.0
Current: [339]
Subround 2
not enough
     Count     Value
339     20  0.909091
129     17  0.772727
486     16  0.727273
384     16  0.727273
457     14  0.636364
477     14  0.636364
169     14  0.636364
162     14  0.636364
368     14  0.636364
237     14  0.636364
484     14  0.636364
114     14  0.636364
160     13  0.590909
324     13  0.590909
331     13  0.590909
305     13  0.590909
103     13  0.590909
80      13  0.590909
16      13  0.590909
107     13  0.590909
     Count  Value
486      1    0.5
339      1    0.5
129      1    0.5
384      1    0.5
Current: [339]
Subround 3
not enough
     Count     Value
339     21  0.913043
486     17  0.739130
129     17  0.739130
384     16  0.695652
457     14  0.608696
477     14  0.608696
169     14  0.608696
162     14  0.608696
368     14  0.608696
237     14  0.608696
484     14  0.608696
114     14  0.608696
160     13  0.565217
324     13  0.565217
331     13  0.565217
305     13  0.565217
103     13  0.565217
80      13  0.565217
16      13  0.565217
107     13  0.565217
     Count     Value
486      2  0.666667
339      2  0.666667
129      1  0.333333
384      1  0.333333
Current: [339]
Subround 4
not enough
     Count     Value
339     22  0.916667
129     18  0.750000
486     17  0.708333
384     16  0.666667
457     14  0.583333
477     14  0.583333
169     14  0.583333
162     14  0.583333
368     14  0.583333
237     14  0.583333
484     14  0.583333
114     14  0.583333
160     13  0.541667
324     13  0.541667
331     13  0.541667
305     13  0.541667
103     13  0.541667
80      13  0.541667
16      13  0.541667
107     13  0.541667
     Count  Value
339      3   0.75
486      2   0.50
129      2   0.50
384      1   0.25
Current: [339]
Subround 5
not enough
     Count  Value
339     22   0.88
486     18   0.72
129     18   0.72
384     17   0.68
457     14   0.56
477     14   0.56
169     14   0.56
162     14   0.56
368     14   0.56
237     14   0.56
484     14   0.56
114     14   0.56
160     13   0.52
324     13   0.52
331     13   0.52
305     13   0.52
103     13   0.52
80      13   0.52
16      13   0.52
107     13   0.52
     Count  Value
486      3    0.6
339      3    0.6
129      2    0.4
384      2    0.4
Current: [339]
Subround 6
not enough
     Count     Value
339     23  0.884615
486     19  0.730769
129     18  0.692308
384     17  0.653846
457     14  0.538462
477     14  0.538462
169     14  0.538462
162     14  0.538462
368     14  0.538462
237     14  0.538462
484     14  0.538462
114     14  0.538462
160     13  0.500000
324     13  0.500000
331     13  0.500000
305     13  0.500000
103     13  0.500000
80      13  0.500000
16      13  0.500000
107     13  0.500000
     Count     Value
486      4  0.666667
339      4  0.666667
129      2  0.333333
384      2  0.333333
Current: [339]
Subround 7
not enough
     Count     Value
339     24  0.888889
486     20  0.740741
129     18  0.666667
384     17  0.629630
457     14  0.518519
477     14  0.518519
169     14  0.518519
162     14  0.518519
368     14  0.518519
237     14  0.518519
484     14  0.518519
114     14  0.518519
160     13  0.481481
324     13  0.481481
331     13  0.481481
305     13  0.481481
103     13  0.481481
80      13  0.481481
16      13  0.481481
107     13  0.481481
     Count     Value
486      5  0.714286
339      5  0.714286
129      2  0.285714
384      2  0.285714
Current: [339]
Subround 8
not enough
     Count     Value
339     24  0.857143
486     21  0.750000
129     18  0.642857
384     18  0.642857
457     14  0.500000
477     14  0.500000
169     14  0.500000
162     14  0.500000
368     14  0.500000
237     14  0.500000
484     14  0.500000
114     14  0.500000
160     13  0.464286
324     13  0.464286
331     13  0.464286
305     13  0.464286
103     13  0.464286
80      13  0.464286
16      13  0.464286
107     13  0.464286
     Count  Value
486      6  0.750
339      5  0.625
384      3  0.375
129      2  0.250
Current: [339]
Subround 9
not enough
     Count     Value
339     24  0.827586
486     21  0.724138
129     19  0.655172
384     19  0.655172
457     14  0.482759
477     14  0.482759
169     14  0.482759
162     14  0.482759
368     14  0.482759
237     14  0.482759
484     14  0.482759
114     14  0.482759
160     13  0.448276
324     13  0.448276
331     13  0.448276
305     13  0.448276
103     13  0.448276
80      13  0.448276
16      13  0.448276
107     13  0.448276
     Count     Value
486      6  0.666667
339      5  0.555556
384      4  0.444444
129      3  0.333333
Current: [339]
Subround 10
     Count     Value
339     25  0.833333
486     21  0.700000
129     20  0.666667
384     19  0.633333
457     14  0.466667
477     14  0.466667
169     14  0.466667
162     14  0.466667
368     14  0.466667
237     14  0.466667
484     14  0.466667
114     14  0.466667
160     13  0.433333
324     13  0.433333
331     13  0.433333
305     13  0.433333
103     13  0.433333
80      13  0.433333
16      13  0.433333
107     13  0.433333
     Count  Value
486      6    0.6
339      6    0.6
129      4    0.4
384      4    0.4
Current: [339]
Winning offset:
[339]
2021-09-08 02:32:42.626009
2021-09-08 02:34:20.851360
0:01:38.225351
