Loading page file profiles/lab06/pages/0x2a44b.yaml
Loading page file profiles/lab06/pages/0x2a460.yaml
Loading page file profiles/lab06/pages/0x2a4e3.yaml
Loading page file profiles/lab06/pages/0x2a4e5.yaml
Loading page file profiles/lab06/pages/0x2a800.yaml
Loading page file profiles/lab06/pages/0x2a804.yaml
Loading page file profiles/lab06/pages/0x2a805.yaml
Round 1
Subround 1
not enough
     Count  Value
383      1    1.0
21       1    1.0
61       1    1.0
275      1    1.0
501      1    1.0
281      1    1.0
134      1    1.0
420      1    1.0
299      1    1.0
401      1    1.0
67       1    1.0
393      1    1.0
224      1    1.0
421      1    1.0
227      1    1.0
194      1    1.0
257      1    1.0
291      1    1.0
347      1    1.0
89       1    1.0
     Count  Value
383      1    1.0
21       1    1.0
61       1    1.0
275      1    1.0
501      1    1.0
281      1    1.0
134      1    1.0
420      1    1.0
299      1    1.0
401      1    1.0
Current: [0, 1, 3, 4, 6, 9, 11, 13, 16, 21, 24, 26, 28, 29, 30, 31, 32, 33, 36, 38, 43, 44, 48, 49, 50, 52, 54, 55, 56, 57, 60, 61, 62, 63, 66, 67, 71, 74, 76, 77, 81, 84, 86, 87, 88, 89, 91, 92, 93, 95, 96, 99, 100, 103, 105, 108, 110, 111, 114, 115, 117, 118, 120, 121, 122, 125, 126, 129, 131, 134, 137, 140, 142, 144, 146, 147, 149, 155, 158, 159, 160, 161, 162, 164, 165, 166, 168, 169, 171, 174, 177, 178, 180, 182, 183, 185, 186, 190, 192, 193, 194, 196, 203, 206, 208, 211, 213, 215, 219, 222, 223, 224, 227, 228, 230, 232, 235, 238, 239, 243, 244, 245, 246, 250, 252, 253, 255, 257, 262, 263, 264, 266, 273, 274, 275, 276, 278, 280, 281, 283, 286, 289, 291, 293, 294, 295, 296, 299, 301, 303, 304, 307, 308, 309, 310, 311, 312, 313, 317, 320, 322, 323, 325, 327, 330, 331, 333, 334, 336, 338, 339, 341, 342, 345, 347, 348, 351, 356, 357, 358, 360, 362, 363, 364, 367, 368, 370, 371, 373, 375, 380, 383, 385, 388, 389, 390, 391, 392, 393, 396, 401, 404, 407, 409, 412, 413, 415, 418, 420, 421, 424, 427, 429, 430, 431, 432, 435, 436, 437, 438, 440, 441, 443, 445, 447, 453, 456, 457, 458, 459, 460, 462, 464, 465, 466, 468, 471, 473, 476, 478, 480, 482, 483, 484, 486, 491, 492, 493, 498, 500, 501, 502, 505, 506, 507, 508]
Subround 2
not enough
     Count  Value
84       2    1.0
468      2    1.0
108      2    1.0
388      2    1.0
471      2    1.0
232      2    1.0
60       2    1.0
457      2    1.0
99       2    1.0
11       2    1.0
473      2    1.0
13       2    1.0
169      2    1.0
230      2    1.0
443      2    1.0
31       2    1.0
88       2    1.0
228      2    1.0
66       2    1.0
158      2    1.0
     Count  Value
84       2    1.0
468      2    1.0
108      2    1.0
388      2    1.0
471      2    1.0
232      2    1.0
60       2    1.0
457      2    1.0
99       2    1.0
11       2    1.0
Current: [0, 1, 3, 4, 9, 11, 13, 24, 28, 29, 31, 32, 33, 36, 44, 54, 56, 57, 60, 63, 66, 71, 74, 77, 84, 86, 88, 91, 92, 93, 95, 99, 100, 103, 105, 108, 111, 121, 122, 131, 134, 137, 155, 158, 160, 161, 162, 164, 168, 169, 171, 174, 190, 194, 196, 203, 206, 208, 211, 213, 228, 230, 232, 235, 244, 250, 252, 257, 266, 275, 276, 280, 286, 294, 295, 299, 301, 303, 307, 312, 313, 322, 325, 333, 339, 345, 348, 351, 364, 370, 371, 373, 380, 385, 388, 396, 412, 413, 415, 420, 421, 431, 435, 438, 443, 445, 457, 458, 459, 462, 464, 466, 468, 471, 473, 480, 482, 483, 484, 492, 500, 502, 505, 508]
Subround 3
not enough
     Count  Value
473      3    1.0
505      3    1.0
32       3    1.0
194      3    1.0
413      3    1.0
345      3    1.0
280      3    1.0
56       3    1.0
339      3    1.0
74       3    1.0
312      3    1.0
122      3    1.0
294      3    1.0
105      3    1.0
303      3    1.0
438      3    1.0
483      3    1.0
244      3    1.0
435      3    1.0
322      3    1.0
     Count  Value
473      3    1.0
505      3    1.0
32       3    1.0
194      3    1.0
413      3    1.0
345      3    1.0
280      3    1.0
56       3    1.0
339      3    1.0
74       3    1.0
Current: [4, 13, 32, 56, 66, 71, 74, 77, 91, 103, 105, 122, 131, 162, 168, 190, 194, 208, 244, 250, 280, 294, 295, 299, 303, 312, 313, 322, 339, 345, 380, 413, 421, 435, 438, 473, 483, 484, 492, 505]
Subround 4
not enough
     Count  Value
438      4    1.0
294      4    1.0
4        4    1.0
162      4    1.0
71       4    1.0
74       4    1.0
103      4    1.0
322      4    1.0
492      4    1.0
13       4    1.0
250      4    1.0
483      4    1.0
295      4    1.0
131      4    1.0
413      4    1.0
435      4    1.0
380      4    1.0
32       4    1.0
339      4    1.0
56       4    1.0
     Count  Value
438      4    1.0
294      4    1.0
4        4    1.0
162      4    1.0
71       4    1.0
74       4    1.0
103      4    1.0
322      4    1.0
492      4    1.0
13       4    1.0
Current: [0, 2, 3, 4, 6, 10, 11, 13, 16, 19, 24, 31, 32, 33, 36, 37, 44, 46, 54, 56, 59, 60, 66, 71, 74, 77, 79, 84, 88, 91, 93, 100, 103, 105, 108, 113, 114, 117, 118, 121, 122, 131, 134, 142, 146, 149, 155, 158, 162, 164, 168, 169, 174, 181, 190, 194, 204, 206, 208, 211, 214, 223, 227, 228, 230, 232, 239, 240, 243, 244, 246, 250, 252, 255, 260, 264, 273, 275, 280, 293, 294, 295, 296, 299, 301, 302, 303, 304, 308, 310, 312, 313, 315, 317, 322, 333, 334, 335, 336, 339, 345, 357, 358, 363, 373, 375, 378, 380, 388, 389, 390, 393, 396, 401, 404, 409, 413, 414, 421, 429, 430, 433, 435, 438, 447, 451, 456, 457, 459, 460, 464, 466, 468, 471, 473, 476, 483, 484, 486, 491, 492, 493, 498, 502, 505, 508, 510]
Subround 5
not enough
     Count  Value
322      5    1.0
435      5    1.0
250      5    1.0
103      5    1.0
491      4    0.8
303      4    0.8
294      4    0.8
114      4    0.8
313      4    0.8
339      4    0.8
492      4    0.8
56       4    0.8
162      4    0.8
252      4    0.8
190      4    0.8
484      4    0.8
146      4    0.8
333      4    0.8
345      4    0.8
121      4    0.8
     Count  Value
322      5    1.0
435      5    1.0
250      5    1.0
103      5    1.0
491      4    0.8
303      4    0.8
294      4    0.8
114      4    0.8
313      4    0.8
339      4    0.8
Current: [3, 4, 13, 24, 31, 32, 56, 66, 71, 74, 79, 84, 88, 91, 100, 103, 105, 114, 117, 121, 122, 131, 146, 155, 162, 164, 190, 194, 227, 232, 240, 244, 250, 252, 280, 294, 295, 299, 302, 303, 304, 312, 313, 322, 333, 334, 339, 345, 373, 380, 390, 409, 413, 414, 421, 435, 438, 447, 460, 464, 473, 483, 484, 491, 492, 493, 498, 505, 510]
Subround 6
not enough
     Count     Value
250      6  1.000000
103      6  1.000000
3        5  0.833333
460      5  0.833333
483      5  0.833333
413      5  0.833333
390      5  0.833333
74       5  0.833333
304      5  0.833333
194      5  0.833333
312      5  0.833333
421      5  0.833333
299      5  0.833333
505      5  0.833333
91       5  0.833333
66       5  0.833333
510      5  0.833333
88       5  0.833333
484      5  0.833333
84       5  0.833333
     Count     Value
250      6  1.000000
103      6  1.000000
3        5  0.833333
460      5  0.833333
483      5  0.833333
413      5  0.833333
390      5  0.833333
74       5  0.833333
304      5  0.833333
194      5  0.833333
Current: [3, 24, 32, 56, 66, 71, 74, 84, 88, 91, 103, 146, 194, 250, 295, 299, 303, 304, 312, 313, 322, 339, 345, 380, 390, 413, 421, 435, 447, 460, 483, 484, 505, 510]
Subround 7
not enough
     Count     Value
103      6  0.857143
339      6  0.857143
435      6  0.857143
250      6  0.857143
322      6  0.857143
421      5  0.714286
32       5  0.714286
66       5  0.714286
88       5  0.714286
31       5  0.714286
409      5  0.714286
13       5  0.714286
473      5  0.714286
232      5  0.714286
84       5  0.714286
155      5  0.714286
280      5  0.714286
299      5  0.714286
312      5  0.714286
313      5  0.714286
     Count     Value
103      6  0.857143
339      6  0.857143
435      6  0.857143
250      6  0.857143
322      6  0.857143
421      5  0.714286
32       5  0.714286
66       5  0.714286
88       5  0.714286
31       5  0.714286
Current: [3, 4, 13, 24, 31, 32, 56, 66, 71, 74, 79, 84, 88, 91, 100, 103, 114, 117, 121, 122, 131, 146, 155, 162, 164, 190, 194, 227, 232, 240, 244, 250, 252, 280, 294, 295, 299, 302, 303, 304, 312, 313, 322, 333, 334, 339, 345, 364, 373, 380, 390, 409, 413, 414, 421, 435, 438, 447, 460, 464, 473, 483, 484, 491, 492, 493, 498, 505, 510]
Subround 8
not enough
     Count  Value
250      7  0.875
435      7  0.875
322      7  0.875
103      6  0.750
84       6  0.750
240      6  0.750
447      6  0.750
491      6  0.750
492      6  0.750
510      6  0.750
232      6  0.750
299      6  0.750
304      6  0.750
71       6  0.750
4        6  0.750
498      6  0.750
302      6  0.750
13       6  0.750
409      6  0.750
390      6  0.750
     Count  Value
250      7  0.875
435      7  0.875
322      7  0.875
103      6  0.750
84       6  0.750
240      6  0.750
447      6  0.750
491      6  0.750
492      6  0.750
510      6  0.750
Current: [4, 13, 24, 56, 66, 71, 74, 79, 84, 100, 103, 114, 122, 155, 227, 232, 240, 250, 299, 302, 304, 312, 322, 333, 339, 380, 390, 409, 414, 435, 447, 460, 491, 492, 498, 510]
Subround 9
not enough
     Count     Value
322      8  0.888889
435      8  0.888889
312      7  0.777778
122      7  0.777778
447      7  0.777778
240      7  0.777778
79       7  0.777778
498      7  0.777778
66       7  0.777778
302      7  0.777778
510      7  0.777778
103      7  0.777778
71       7  0.777778
299      7  0.777778
155      7  0.777778
339      7  0.777778
74       7  0.777778
56       7  0.777778
250      7  0.777778
114      6  0.666667
     Count     Value
322      8  0.888889
435      8  0.888889
312      7  0.777778
122      7  0.777778
447      7  0.777778
240      7  0.777778
79       7  0.777778
498      7  0.777778
66       7  0.777778
302      7  0.777778
Current: [56, 66, 71, 74, 79, 103, 122, 155, 240, 250, 299, 302, 312, 322, 339, 435, 447, 498, 510]
Subround 10
not enough
     Count  Value
435      9    0.9
155      8    0.8
302      8    0.8
299      8    0.8
74       8    0.8
312      8    0.8
447      8    0.8
322      8    0.8
79       8    0.8
510      8    0.8
339      8    0.8
56       8    0.8
250      8    0.8
227      7    0.7
66       7    0.7
134      7    0.7
393      7    0.7
317      7    0.7
121      7    0.7
334      7    0.7
     Count  Value
435      9    0.9
155      8    0.8
302      8    0.8
299      8    0.8
74       8    0.8
312      8    0.8
447      8    0.8
322      8    0.8
79       8    0.8
510      8    0.8
Current: [56, 74, 79, 155, 250, 299, 302, 312, 322, 339, 435, 447, 510]
Subround 11
not enough
     Count     Value
435     10  0.909091
312      9  0.818182
510      9  0.818182
322      9  0.818182
155      9  0.818182
250      9  0.818182
79       9  0.818182
447      9  0.818182
339      9  0.818182
299      9  0.818182
122      8  0.727273
498      8  0.727273
317      8  0.727273
413      8  0.727273
103      8  0.727273
313      8  0.727273
243      8  0.727273
466      8  0.727273
302      8  0.727273
283      8  0.727273
     Count     Value
435     10  0.909091
312      9  0.818182
510      9  0.818182
322      9  0.818182
155      9  0.818182
250      9  0.818182
79       9  0.818182
447      9  0.818182
339      9  0.818182
299      9  0.818182
Current: [56, 71, 74, 79, 84, 95, 103, 122, 128, 134, 155, 164, 232, 243, 250, 283, 299, 302, 312, 313, 317, 322, 336, 339, 342, 366, 393, 410, 413, 435, 438, 440, 447, 466, 483, 498, 510]
Subround 12
not enough
     Count     Value
339     10  0.833333
299     10  0.833333
435     10  0.833333
312     10  0.833333
155     10  0.833333
250     10  0.833333
79      10  0.833333
128      9  0.750000
498      9  0.750000
440      9  0.750000
393      9  0.750000
56       9  0.750000
447      9  0.750000
342      9  0.750000
95       9  0.750000
283      9  0.750000
483      9  0.750000
510      9  0.750000
164      9  0.750000
84       9  0.750000
     Count     Value
339     10  0.833333
299     10  0.833333
435     10  0.833333
312     10  0.833333
155     10  0.833333
250     10  0.833333
79      10  0.833333
128      9  0.750000
498      9  0.750000
440      9  0.750000
Current: [56, 79, 84, 95, 128, 134, 155, 164, 250, 283, 299, 312, 322, 339, 342, 366, 393, 413, 435, 440, 447, 483, 498, 510]
Subround 13
not enough
     Count     Value
339     11  0.846154
56      10  0.769231
498     10  0.769231
312     10  0.769231
155     10  0.769231
250     10  0.769231
95      10  0.769231
128     10  0.769231
413     10  0.769231
299     10  0.769231
510     10  0.769231
435     10  0.769231
84      10  0.769231
342     10  0.769231
79      10  0.769231
447     10  0.769231
483     10  0.769231
366     10  0.769231
283      9  0.692308
466      9  0.692308
     Count     Value
339     11  0.846154
56      10  0.769231
498     10  0.769231
312     10  0.769231
155     10  0.769231
250     10  0.769231
95      10  0.769231
128     10  0.769231
413     10  0.769231
299     10  0.769231
Current: [56, 79, 84, 95, 128, 155, 250, 299, 312, 339, 342, 366, 413, 435, 447, 483, 498, 510]
Subround 14
not enough
     Count     Value
339     12  0.857143
299     11  0.785714
250     11  0.785714
79      11  0.785714
155     11  0.785714
510     11  0.785714
435     11  0.785714
312     11  0.785714
342     11  0.785714
56      11  0.785714
84      11  0.785714
318     10  0.714286
393     10  0.714286
345     10  0.714286
164     10  0.714286
103     10  0.714286
413     10  0.714286
447     10  0.714286
114     10  0.714286
134     10  0.714286
     Count     Value
339     12  0.857143
299     11  0.785714
250     11  0.785714
79      11  0.785714
155     11  0.785714
510     11  0.785714
435     11  0.785714
312     11  0.785714
342     11  0.785714
56      11  0.785714
Current: [56, 71, 79, 84, 95, 103, 114, 125, 128, 134, 155, 164, 215, 232, 250, 293, 299, 302, 312, 313, 318, 339, 342, 345, 366, 393, 401, 413, 435, 440, 447, 477, 483, 498, 510]
Subround 15
not enough
     Count     Value
339     13  0.866667
84      12  0.800000
510     12  0.800000
342     12  0.800000
312     12  0.800000
56      12  0.800000
299     12  0.800000
477     11  0.733333
79      11  0.733333
440     11  0.733333
435     11  0.733333
232     11  0.733333
95      11  0.733333
366     11  0.733333
155     11  0.733333
313     11  0.733333
134     11  0.733333
114     11  0.733333
250     11  0.733333
401     11  0.733333
     Count     Value
339     13  0.866667
84      12  0.800000
510     12  0.800000
342     12  0.800000
312     12  0.800000
56      12  0.800000
299     12  0.800000
477     11  0.733333
79      11  0.733333
440     11  0.733333
Current: [56, 71, 79, 84, 95, 103, 114, 134, 155, 164, 215, 232, 250, 293, 299, 312, 313, 339, 342, 366, 393, 401, 435, 440, 477, 510]
Subround 16
not enough
     Count   Value
339     14  0.8750
342     13  0.8125
299     13  0.8125
510     13  0.8125
71      12  0.7500
440     12  0.7500
250     12  0.7500
84      12  0.7500
232     12  0.7500
134     12  0.7500
401     12  0.7500
393     12  0.7500
56      12  0.7500
293     12  0.7500
312     12  0.7500
79      12  0.7500
343     11  0.6875
114     11  0.6875
494     11  0.6875
421     11  0.6875
     Count   Value
339     14  0.8750
342     13  0.8125
299     13  0.8125
510     13  0.8125
71      12  0.7500
440     12  0.7500
250     12  0.7500
84      12  0.7500
232     12  0.7500
134     12  0.7500
Current: [56, 71, 79, 84, 134, 232, 250, 293, 299, 312, 339, 342, 393, 401, 440, 510]
Subround 17
not enough
     Count     Value
339     15  0.882353
510     14  0.823529
56      13  0.764706
299     13  0.764706
84      13  0.764706
312     13  0.764706
342     13  0.764706
250     13  0.764706
134     13  0.764706
401     12  0.705882
232     12  0.705882
393     12  0.705882
95      12  0.705882
103     12  0.705882
413     12  0.705882
164     12  0.705882
114     12  0.705882
79      12  0.705882
293     12  0.705882
440     12  0.705882
     Count     Value
339     15  0.882353
510     14  0.823529
56      13  0.764706
299     13  0.764706
84      13  0.764706
312     13  0.764706
342     13  0.764706
250     13  0.764706
134     13  0.764706
401     12  0.705882
Current: [17, 56, 71, 79, 84, 95, 103, 114, 134, 155, 164, 232, 250, 293, 299, 312, 336, 339, 342, 345, 366, 393, 401, 413, 435, 440, 469, 510]
Subround 18
not enough
     Count     Value
339     16  0.888889
510     15  0.833333
299     14  0.777778
312     14  0.777778
250     14  0.777778
345     13  0.722222
134     13  0.722222
232     13  0.722222
342     13  0.722222
84      13  0.722222
95      13  0.722222
155     13  0.722222
56      13  0.722222
103     13  0.722222
79      13  0.722222
17      13  0.722222
366     13  0.722222
413     13  0.722222
164     13  0.722222
440     13  0.722222
     Count     Value
339     16  0.888889
510     15  0.833333
299     14  0.777778
312     14  0.777778
250     14  0.777778
345     13  0.722222
134     13  0.722222
232     13  0.722222
342     13  0.722222
84      13  0.722222
Current: [17, 56, 79, 84, 95, 103, 114, 134, 155, 164, 232, 250, 299, 312, 339, 342, 345, 366, 413, 440, 510]
Subround 19
not enough
     Count     Value
339     17  0.894737
312     15  0.789474
250     15  0.789474
510     15  0.789474
299     15  0.789474
164     14  0.736842
440     14  0.736842
345     14  0.736842
114     14  0.736842
155     14  0.736842
79      14  0.736842
232     14  0.736842
17      14  0.736842
366     14  0.736842
420     13  0.684211
56      13  0.684211
373     13  0.684211
292     13  0.684211
150     13  0.684211
105     13  0.684211
     Count     Value
339     17  0.894737
312     15  0.789474
250     15  0.789474
510     15  0.789474
299     15  0.789474
164     14  0.736842
440     14  0.736842
345     14  0.736842
114     14  0.736842
155     14  0.736842
Current: [17, 79, 114, 155, 164, 232, 250, 299, 312, 339, 345, 366, 440, 510]
Subround 20
     Count  Value
339     18   0.90
299     16   0.80
312     15   0.75
440     15   0.75
345     15   0.75
250     15   0.75
510     15   0.75
114     14   0.70
292     14   0.70
366     14   0.70
150     14   0.70
164     14   0.70
420     14   0.70
232     14   0.70
421     14   0.70
105     14   0.70
134     14   0.70
106     14   0.70
155     14   0.70
3       14   0.70
     Count  Value
339     18   0.90
299     16   0.80
312     15   0.75
440     15   0.75
345     15   0.75
250     15   0.75
510     15   0.75
114     14   0.70
292     14   0.70
366     14   0.70
Current: [250, 299, 312, 339, 345, 440, 510]
Round 2
Subround 1
not enough
     Count     Value
339     19  0.904762
299     17  0.809524
510     16  0.761905
250     15  0.714286
440     15  0.714286
345     15  0.714286
312     15  0.714286
155     14  0.666667
3       14  0.666667
366     14  0.666667
164     14  0.666667
114     14  0.666667
79      14  0.666667
103     14  0.666667
232     14  0.666667
342     14  0.666667
105     14  0.666667
461     14  0.666667
95      14  0.666667
421     14  0.666667
     Count  Value
510      1    1.0
383      1    1.0
339      1    1.0
299      1    1.0
Current: [299, 339]
Subround 2
not enough
     Count     Value
339     20  0.909091
299     17  0.772727
510     16  0.727273
345     16  0.727273
440     16  0.727273
250     15  0.681818
312     15  0.681818
366     14  0.636364
56      14  0.636364
114     14  0.636364
106     14  0.636364
3       14  0.636364
93      14  0.636364
103     14  0.636364
421     14  0.636364
420     14  0.636364
134     14  0.636364
17      14  0.636364
232     14  0.636364
342     14  0.636364
     Count  Value
383      2    1.0
339      2    1.0
510      1    0.5
299      1    0.5
345      1    0.5
440      1    0.5
Current: [339]
Subround 3
not enough
     Count     Value
339     21  0.913043
299     18  0.782609
510     17  0.739130
345     17  0.739130
440     16  0.695652
250     15  0.652174
312     15  0.652174
366     14  0.608696
56      14  0.608696
114     14  0.608696
106     14  0.608696
3       14  0.608696
93      14  0.608696
103     14  0.608696
421     14  0.608696
420     14  0.608696
134     14  0.608696
17      14  0.608696
232     14  0.608696
342     14  0.608696
     Count     Value
339      3  1.000000
510      2  0.666667
383      2  0.666667
299      2  0.666667
345      2  0.666667
440      1  0.333333
Current: [339]
Subround 4
not enough
     Count     Value
339     22  0.916667
510     18  0.750000
345     18  0.750000
299     18  0.750000
440     17  0.708333
250     15  0.625000
312     15  0.625000
366     14  0.583333
56      14  0.583333
114     14  0.583333
106     14  0.583333
3       14  0.583333
93      14  0.583333
103     14  0.583333
421     14  0.583333
420     14  0.583333
134     14  0.583333
17      14  0.583333
232     14  0.583333
342     14  0.583333
     Count  Value
339      4   1.00
510      3   0.75
345      3   0.75
383      2   0.50
299      2   0.50
440      2   0.50
Current: [339]
Subround 5
not enough
     Count  Value
339     23   0.92
299     19   0.76
510     18   0.72
345     18   0.72
440     17   0.68
250     16   0.64
312     16   0.64
366     14   0.56
56      14   0.56
114     14   0.56
106     14   0.56
3       14   0.56
93      14   0.56
103     14   0.56
421     14   0.56
420     14   0.56
134     14   0.56
17      14   0.56
232     14   0.56
342     14   0.56
     Count  Value
339      5    1.0
510      3    0.6
299      3    0.6
345      3    0.6
383      2    0.4
440      2    0.4
250      1    0.2
312      1    0.2
Current: [339]
Subround 6
not enough
     Count     Value
339     23  0.884615
510     19  0.730769
345     19  0.730769
299     19  0.730769
250     17  0.653846
312     17  0.653846
440     17  0.653846
366     14  0.538462
56      14  0.538462
114     14  0.538462
106     14  0.538462
3       14  0.538462
93      14  0.538462
103     14  0.538462
421     14  0.538462
420     14  0.538462
134     14  0.538462
17      14  0.538462
232     14  0.538462
342     14  0.538462
     Count     Value
339      5  0.833333
510      4  0.666667
345      4  0.666667
299      3  0.500000
383      2  0.333333
440      2  0.333333
250      2  0.333333
312      2  0.333333
Current: [339]
Subround 7
not enough
     Count     Value
339     24  0.888889
345     20  0.740741
510     19  0.703704
299     19  0.703704
250     18  0.666667
312     18  0.666667
440     17  0.629630
366     14  0.518519
56      14  0.518519
114     14  0.518519
106     14  0.518519
3       14  0.518519
93      14  0.518519
103     14  0.518519
421     14  0.518519
420     14  0.518519
134     14  0.518519
17      14  0.518519
232     14  0.518519
342     14  0.518519
     Count     Value
339      6  0.857143
345      5  0.714286
510      4  0.571429
299      3  0.428571
250      3  0.428571
312      3  0.428571
383      2  0.285714
440      2  0.285714
Current: [339]
Subround 8
not enough
     Count     Value
339     25  0.892857
345     21  0.750000
510     20  0.714286
250     19  0.678571
299     19  0.678571
312     18  0.642857
440     17  0.607143
366     14  0.500000
56      14  0.500000
114     14  0.500000
106     14  0.500000
3       14  0.500000
93      14  0.500000
103     14  0.500000
421     14  0.500000
420     14  0.500000
134     14  0.500000
17      14  0.500000
232     14  0.500000
342     14  0.500000
     Count  Value
339      7  0.875
345      6  0.750
510      5  0.625
250      4  0.500
299      3  0.375
312      3  0.375
383      2  0.250
440      2  0.250
Current: [339]
Subround 9
not enough
     Count     Value
339     25  0.862069
510     21  0.724138
345     21  0.724138
299     20  0.689655
250     19  0.655172
440     18  0.620690
312     18  0.620690
93      14  0.482759
106     14  0.482759
95      14  0.482759
164     14  0.482759
103     14  0.482759
421     14  0.482759
105     14  0.482759
3       14  0.482759
56      14  0.482759
461     14  0.482759
17      14  0.482759
155     14  0.482759
366     14  0.482759
     Count     Value
339      7  0.777778
510      6  0.666667
345      6  0.666667
299      4  0.444444
250      4  0.444444
383      3  0.333333
440      3  0.333333
312      3  0.333333
Current: [339]
Subround 10
     Count     Value
339     25  0.833333
510     22  0.733333
345     21  0.700000
250     20  0.666667
299     20  0.666667
440     19  0.633333
312     18  0.600000
93      14  0.466667
106     14  0.466667
95      14  0.466667
164     14  0.466667
103     14  0.466667
421     14  0.466667
105     14  0.466667
3       14  0.466667
56      14  0.466667
461     14  0.466667
17      14  0.466667
155     14  0.466667
366     14  0.466667
     Count  Value
510      7    0.7
339      7    0.7
345      6    0.6
250      5    0.5
383      4    0.4
299      4    0.4
440      4    0.4
312      3    0.3
Current: [339]
Winning offset:
[339]
2021-09-08 02:34:22.742439
2021-09-08 02:36:01.071368
0:01:38.328929
