Loading page file profiles/lab06/pages/0x2a44b.yaml
Loading page file profiles/lab06/pages/0x2a460.yaml
Loading page file profiles/lab06/pages/0x2a4e3.yaml
Loading page file profiles/lab06/pages/0x2a4e5.yaml
Loading page file profiles/lab06/pages/0x2a800.yaml
Loading page file profiles/lab06/pages/0x2a804.yaml
Loading page file profiles/lab06/pages/0x2a805.yaml
Round 1
Subround 1
not enough
     Count  Value
71       1    1.0
262      1    1.0
169      1    1.0
429      1    1.0
425      1    1.0
282      1    1.0
400      1    1.0
213      1    1.0
191      1    1.0
456      1    1.0
91       1    1.0
507      1    1.0
180      1    1.0
39       1    1.0
462      1    1.0
446      1    1.0
102      1    1.0
144      1    1.0
149      1    1.0
420      1    1.0
     Count  Value
71       1    1.0
262      1    1.0
169      1    1.0
429      1    1.0
425      1    1.0
282      1    1.0
400      1    1.0
213      1    1.0
191      1    1.0
456      1    1.0
Current: [4, 5, 6, 10, 13, 16, 17, 20, 21, 23, 25, 26, 28, 31, 32, 35, 37, 39, 40, 41, 44, 45, 47, 48, 50, 51, 53, 56, 57, 58, 62, 65, 66, 67, 69, 70, 71, 74, 75, 76, 78, 81, 84, 85, 87, 90, 91, 94, 95, 96, 97, 99, 101, 102, 106, 110, 111, 116, 121, 122, 123, 125, 127, 129, 130, 131, 134, 135, 137, 138, 140, 141, 142, 144, 145, 146, 147, 149, 150, 152, 153, 154, 155, 156, 163, 165, 169, 170, 171, 175, 177, 180, 181, 182, 189, 191, 192, 193, 197, 198, 199, 200, 202, 204, 210, 212, 213, 216, 218, 224, 225, 226, 227, 228, 229, 234, 235, 237, 241, 242, 244, 246, 248, 249, 250, 251, 252, 254, 255, 256, 257, 259, 261, 262, 263, 264, 266, 267, 268, 270, 271, 272, 273, 277, 279, 280, 281, 282, 285, 292, 294, 297, 306, 307, 308, 310, 311, 313, 314, 316, 317, 319, 320, 321, 322, 323, 324, 328, 331, 332, 335, 336, 342, 344, 345, 347, 348, 352, 356, 357, 358, 360, 365, 366, 367, 368, 371, 374, 375, 376, 377, 379, 380, 381, 384, 386, 391, 400, 404, 407, 408, 410, 412, 416, 420, 421, 423, 425, 428, 429, 431, 433, 434, 438, 439, 441, 442, 443, 444, 445, 446, 449, 450, 453, 455, 456, 457, 459, 462, 463, 465, 466, 467, 469, 471, 472, 474, 477, 479, 483, 487, 489, 492, 493, 496, 497, 499, 502, 503, 504, 505, 506, 507, 508, 509, 511]
Subround 2
not enough
     Count  Value
455      2    1.0
261      2    1.0
368      2    1.0
170      2    1.0
307      2    1.0
377      2    1.0
345      2    1.0
140      2    1.0
32       2    1.0
84       2    1.0
152      2    1.0
310      2    1.0
254      2    1.0
26       2    1.0
425      2    1.0
213      2    1.0
180      2    1.0
446      2    1.0
102      2    1.0
280      2    1.0
     Count  Value
455      2    1.0
261      2    1.0
368      2    1.0
170      2    1.0
307      2    1.0
377      2    1.0
345      2    1.0
140      2    1.0
32       2    1.0
84       2    1.0
Current: [4, 13, 16, 20, 26, 28, 32, 37, 40, 41, 45, 47, 48, 53, 56, 57, 58, 65, 66, 70, 74, 75, 84, 90, 94, 96, 102, 106, 110, 111, 122, 123, 127, 138, 140, 142, 145, 146, 147, 152, 154, 156, 170, 171, 175, 177, 180, 181, 182, 193, 197, 204, 210, 212, 213, 216, 218, 225, 226, 229, 234, 241, 244, 249, 254, 255, 256, 257, 259, 261, 267, 268, 270, 272, 273, 280, 306, 307, 310, 311, 313, 316, 319, 320, 321, 323, 331, 332, 342, 344, 345, 356, 365, 366, 367, 368, 375, 376, 377, 384, 412, 416, 421, 423, 425, 439, 443, 446, 450, 455, 457, 466, 471, 477, 487, 492, 493, 497, 502, 503, 511]
Subround 3
not enough
     Count  Value
503      3    1.0
177      3    1.0
204      3    1.0
65       3    1.0
216      3    1.0
4        3    1.0
455      3    1.0
56       3    1.0
111      3    1.0
241      3    1.0
331      3    1.0
450      3    1.0
90       3    1.0
110      3    1.0
268      3    1.0
146      3    1.0
323      3    1.0
147      3    1.0
229      3    1.0
127      3    1.0
     Count  Value
503      3    1.0
177      3    1.0
204      3    1.0
65       3    1.0
216      3    1.0
4        3    1.0
455      3    1.0
56       3    1.0
111      3    1.0
241      3    1.0
Current: [4, 13, 16, 20, 28, 37, 41, 48, 56, 65, 74, 90, 102, 106, 110, 111, 122, 127, 138, 142, 145, 146, 147, 152, 170, 175, 177, 181, 204, 212, 216, 229, 234, 241, 249, 255, 256, 257, 261, 268, 272, 273, 280, 311, 313, 323, 331, 332, 377, 412, 416, 439, 450, 455, 487, 503]
Subround 4
not enough
     Count  Value
450      4    1.0
234      4    1.0
122      4    1.0
16       4    1.0
146      4    1.0
177      4    1.0
241      4    1.0
455      4    1.0
102      4    1.0
257      4    1.0
74       4    1.0
313      4    1.0
249      4    1.0
170      4    1.0
90       4    1.0
4        4    1.0
65       4    1.0
412      4    1.0
13       4    1.0
111      4    1.0
     Count  Value
450      4    1.0
234      4    1.0
122      4    1.0
16       4    1.0
146      4    1.0
177      4    1.0
241      4    1.0
455      4    1.0
102      4    1.0
257      4    1.0
Current: [3, 4, 5, 10, 13, 16, 20, 21, 25, 26, 28, 31, 37, 41, 45, 48, 51, 56, 58, 62, 65, 66, 74, 76, 79, 84, 88, 90, 91, 94, 96, 98, 102, 106, 110, 111, 113, 115, 116, 122, 126, 127, 138, 140, 141, 142, 145, 146, 147, 149, 152, 154, 162, 164, 165, 168, 170, 175, 177, 180, 181, 188, 189, 191, 192, 197, 198, 200, 204, 208, 212, 213, 215, 216, 223, 226, 227, 228, 229, 234, 239, 241, 249, 252, 254, 255, 256, 257, 259, 261, 263, 268, 270, 271, 272, 273, 280, 283, 284, 294, 295, 297, 303, 310, 311, 312, 313, 321, 322, 323, 331, 332, 344, 347, 348, 352, 356, 365, 366, 374, 377, 380, 381, 391, 400, 403, 412, 413, 416, 419, 421, 427, 432, 434, 439, 443, 444, 449, 450, 452, 455, 456, 457, 462, 467, 470, 477, 484, 487, 489, 502, 503, 504, 505, 509]
Subround 5
not enough
     Count  Value
90       5    1.0
177      5    1.0
241      5    1.0
455      5    1.0
212      5    1.0
272      5    1.0
16       5    1.0
111      5    1.0
313      5    1.0
257      5    1.0
450      5    1.0
234      5    1.0
487      5    1.0
102      5    1.0
13       5    1.0
146      5    1.0
170      5    1.0
4        5    1.0
122      5    1.0
249      5    1.0
     Count  Value
90       5    1.0
177      5    1.0
241      5    1.0
455      5    1.0
212      5    1.0
272      5    1.0
16       5    1.0
111      5    1.0
313      5    1.0
257      5    1.0
Current: [3, 4, 5, 13, 16, 20, 21, 25, 26, 28, 31, 45, 51, 58, 62, 65, 74, 76, 79, 84, 88, 90, 91, 94, 96, 98, 102, 111, 113, 115, 122, 126, 140, 141, 146, 149, 154, 162, 164, 165, 168, 170, 177, 180, 181, 188, 189, 191, 192, 197, 198, 200, 208, 212, 213, 215, 223, 227, 228, 234, 239, 241, 249, 252, 254, 257, 263, 271, 272, 273, 283, 284, 294, 295, 297, 303, 310, 312, 313, 321, 322, 331, 332, 344, 347, 348, 352, 356, 365, 366, 374, 380, 381, 391, 400, 403, 412, 413, 419, 421, 432, 443, 444, 450, 452, 455, 456, 457, 462, 467, 470, 477, 484, 487, 489, 502, 503, 505, 509]
Subround 6
not enough
     Count     Value
212      6  1.000000
487      6  1.000000
412      6  1.000000
257      6  1.000000
170      6  1.000000
102      6  1.000000
455      6  1.000000
28       6  1.000000
16       6  1.000000
249      6  1.000000
450      6  1.000000
188      5  0.833333
5        5  0.833333
200      5  0.833333
452      5  0.833333
198      5  0.833333
79       5  0.833333
162      5  0.833333
381      5  0.833333
297      5  0.833333
     Count  Value
212      6    1.0
487      6    1.0
412      6    1.0
257      6    1.0
170      6    1.0
102      6    1.0
455      6    1.0
28       6    1.0
16       6    1.0
249      6    1.0
Current: [3, 4, 5, 13, 16, 28, 45, 74, 79, 88, 90, 94, 98, 102, 111, 122, 141, 146, 154, 162, 164, 168, 170, 177, 188, 191, 192, 197, 198, 200, 212, 213, 215, 228, 234, 241, 249, 252, 257, 272, 283, 295, 297, 313, 322, 332, 344, 347, 348, 352, 356, 366, 374, 381, 391, 400, 403, 412, 419, 421, 443, 450, 452, 455, 456, 457, 462, 487, 509]
Subround 7
not enough
     Count     Value
450      7  1.000000
16       7  1.000000
412      7  1.000000
257      7  1.000000
102      7  1.000000
212      7  1.000000
487      7  1.000000
170      7  1.000000
455      7  1.000000
28       6  0.857143
356      6  0.857143
45       6  0.857143
421      6  0.857143
79       6  0.857143
192      6  0.857143
391      6  0.857143
198      6  0.857143
94       6  0.857143
297      6  0.857143
452      6  0.857143
     Count     Value
450      7  1.000000
16       7  1.000000
412      7  1.000000
257      7  1.000000
102      7  1.000000
212      7  1.000000
487      7  1.000000
170      7  1.000000
455      7  1.000000
28       6  0.857143
Current: [2, 3, 4, 5, 9, 13, 16, 19, 23, 28, 42, 43, 45, 48, 55, 61, 62, 65, 69, 74, 79, 88, 90, 94, 98, 100, 102, 105, 110, 111, 115, 122, 126, 128, 132, 133, 138, 139, 141, 142, 143, 146, 152, 154, 160, 162, 164, 168, 170, 173, 175, 177, 181, 183, 188, 191, 192, 194, 197, 198, 200, 212, 213, 215, 216, 228, 234, 239, 241, 246, 249, 251, 252, 257, 258, 259, 261, 263, 268, 270, 272, 283, 291, 295, 297, 299, 300, 304, 308, 311, 312, 313, 322, 325, 327, 332, 344, 347, 348, 351, 352, 353, 356, 357, 361, 366, 374, 377, 381, 391, 393, 400, 403, 408, 412, 414, 416, 418, 419, 421, 432, 443, 450, 452, 453, 455, 456, 457, 458, 459, 462, 465, 469, 473, 479, 487, 501, 502, 509]
Subround 8
not enough
     Count  Value
412      8  1.000
212      8  1.000
487      7  0.875
45       7  0.875
74       7  0.875
215      7  0.875
197      7  0.875
154      7  0.875
164      7  0.875
16       7  0.875
102      7  0.875
421      7  0.875
455      7  0.875
257      7  0.875
213      7  0.875
450      7  0.875
403      7  0.875
170      7  0.875
283      7  0.875
79       7  0.875
     Count  Value
412      8  1.000
212      8  1.000
487      7  0.875
45       7  0.875
74       7  0.875
215      7  0.875
197      7  0.875
154      7  0.875
164      7  0.875
16       7  0.875
Current: [2, 3, 4, 5, 9, 13, 16, 23, 28, 42, 45, 48, 55, 61, 62, 74, 79, 88, 94, 98, 100, 102, 111, 115, 122, 138, 143, 146, 152, 154, 162, 164, 168, 170, 175, 177, 188, 191, 192, 197, 198, 200, 212, 213, 215, 216, 228, 239, 241, 246, 249, 251, 252, 257, 258, 261, 263, 268, 270, 272, 283, 291, 295, 297, 299, 304, 311, 312, 313, 322, 325, 327, 332, 344, 348, 351, 353, 356, 366, 374, 377, 381, 391, 393, 400, 403, 412, 419, 421, 450, 452, 455, 456, 458, 459, 462, 465, 473, 479, 487, 502, 509]
Subround 9
not enough
     Count     Value
412      9  1.000000
487      8  0.888889
164      8  0.888889
257      8  0.888889
212      8  0.888889
356      8  0.888889
421      8  0.888889
45       8  0.888889
16       8  0.888889
455      8  0.888889
450      8  0.888889
102      8  0.888889
213      8  0.888889
462      7  0.777778
88       7  0.777778
239      7  0.777778
381      7  0.777778
297      7  0.777778
215      7  0.777778
188      7  0.777778
     Count     Value
412      9  1.000000
487      8  0.888889
164      8  0.888889
257      8  0.888889
212      8  0.888889
356      8  0.888889
421      8  0.888889
45       8  0.888889
16       8  0.888889
455      8  0.888889
Current: [3, 5, 16, 28, 45, 62, 74, 79, 88, 94, 102, 111, 122, 146, 152, 154, 162, 164, 168, 170, 188, 191, 192, 197, 198, 212, 213, 215, 228, 239, 249, 252, 257, 268, 283, 297, 304, 322, 332, 344, 348, 351, 353, 356, 366, 374, 381, 391, 400, 403, 412, 419, 421, 450, 452, 455, 456, 462, 473, 487]
Subround 10
not enough
     Count  Value
455      9    0.9
421      9    0.9
257      9    0.9
356      9    0.9
212      9    0.9
450      9    0.9
16       9    0.9
102      9    0.9
412      9    0.9
268      8    0.8
164      8    0.8
473      8    0.8
487      8    0.8
94       8    0.8
249      8    0.8
154      8    0.8
374      8    0.8
252      8    0.8
146      8    0.8
88       8    0.8
     Count  Value
455      9    0.9
421      9    0.9
257      9    0.9
356      9    0.9
212      9    0.9
450      9    0.9
16       9    0.9
102      9    0.9
412      9    0.9
268      8    0.8
Current: [16, 45, 79, 88, 94, 102, 111, 122, 146, 154, 162, 164, 191, 192, 198, 212, 213, 215, 228, 239, 249, 252, 257, 268, 283, 297, 304, 332, 344, 351, 356, 374, 381, 412, 419, 421, 450, 455, 456, 473, 487]
Subround 11
not enough
     Count     Value
16      10  0.909091
257     10  0.909091
212     10  0.909091
412     10  0.909091
102     10  0.909091
421     10  0.909091
191      9  0.818182
268      9  0.818182
356      9  0.818182
79       9  0.818182
239      9  0.818182
450      9  0.818182
215      9  0.818182
283      9  0.818182
88       9  0.818182
162      9  0.818182
455      9  0.818182
419      9  0.818182
374      9  0.818182
332      9  0.818182
     Count     Value
16      10  0.909091
257     10  0.909091
212     10  0.909091
412     10  0.909091
102     10  0.909091
421     10  0.909091
191      9  0.818182
268      9  0.818182
356      9  0.818182
79       9  0.818182
Current: [3, 5, 16, 45, 55, 69, 74, 79, 88, 94, 102, 111, 115, 122, 132, 146, 154, 160, 162, 164, 170, 173, 183, 188, 191, 192, 198, 212, 213, 215, 228, 239, 249, 252, 254, 257, 261, 268, 272, 283, 295, 297, 304, 325, 327, 332, 339, 344, 348, 351, 353, 356, 366, 374, 377, 381, 391, 393, 400, 412, 416, 418, 419, 421, 450, 455, 456, 458, 473, 487, 489, 503]
Subround 12
not enough
     Count     Value
257     11  0.916667
102     11  0.916667
332     10  0.833333
239     10  0.833333
268     10  0.833333
79      10  0.833333
94      10  0.833333
450     10  0.833333
374     10  0.833333
215     10  0.833333
421     10  0.833333
283     10  0.833333
212     10  0.833333
88      10  0.833333
356     10  0.833333
412     10  0.833333
191     10  0.833333
16      10  0.833333
416      9  0.750000
198      9  0.750000
     Count     Value
257     11  0.916667
102     11  0.916667
332     10  0.833333
239     10  0.833333
268     10  0.833333
79      10  0.833333
94      10  0.833333
450     10  0.833333
374     10  0.833333
215     10  0.833333
Current: [3, 5, 16, 55, 69, 79, 88, 94, 102, 122, 146, 154, 160, 162, 164, 170, 183, 191, 192, 198, 212, 215, 239, 252, 257, 268, 272, 283, 295, 304, 332, 339, 351, 353, 356, 374, 377, 400, 412, 416, 419, 421, 450, 455, 456, 503]
Subround 13
not enough
     Count     Value
102     12  0.923077
88      11  0.846154
374     11  0.846154
257     11  0.846154
332     11  0.846154
450     11  0.846154
268     11  0.846154
94      11  0.846154
283     11  0.846154
215     11  0.846154
191     11  0.846154
239     11  0.846154
295     10  0.769231
16      10  0.769231
3       10  0.769231
212     10  0.769231
419     10  0.769231
304     10  0.769231
503     10  0.769231
421     10  0.769231
     Count     Value
102     12  0.923077
88      11  0.846154
374     11  0.846154
257     11  0.846154
332     11  0.846154
450     11  0.846154
268     11  0.846154
94      11  0.846154
283     11  0.846154
215     11  0.846154
Current: [3, 5, 16, 55, 69, 79, 88, 94, 102, 122, 146, 154, 160, 164, 170, 183, 191, 192, 212, 215, 239, 252, 257, 268, 283, 295, 304, 332, 339, 351, 353, 356, 374, 377, 400, 412, 416, 419, 421, 450, 503]
Subround 14
not enough
     Count     Value
102     13  0.928571
332     12  0.857143
215     12  0.857143
283     12  0.857143
257     12  0.857143
88      11  0.785714
416     11  0.785714
400     11  0.785714
450     11  0.785714
374     11  0.785714
191     11  0.785714
239     11  0.785714
412     11  0.785714
351     11  0.785714
79      11  0.785714
94      11  0.785714
164     11  0.785714
268     11  0.785714
421     11  0.785714
339     11  0.785714
     Count     Value
102     13  0.928571
332     12  0.857143
215     12  0.857143
283     12  0.857143
257     12  0.857143
88      11  0.785714
416     11  0.785714
400     11  0.785714
450     11  0.785714
374     11  0.785714
Current: [3, 5, 16, 53, 55, 61, 69, 73, 74, 79, 88, 94, 97, 102, 122, 128, 138, 141, 142, 146, 154, 160, 162, 164, 168, 170, 183, 191, 192, 198, 212, 215, 234, 239, 252, 257, 258, 263, 268, 283, 291, 295, 304, 322, 332, 339, 344, 351, 353, 354, 356, 374, 377, 400, 412, 416, 419, 421, 450, 452, 455, 459, 493, 503]
Subround 15
not enough
     Count     Value
102     14  0.933333
332     13  0.866667
283     12  0.800000
268     12  0.800000
450     12  0.800000
88      12  0.800000
215     12  0.800000
192     12  0.800000
239     12  0.800000
170     12  0.800000
94      12  0.800000
400     12  0.800000
191     12  0.800000
257     12  0.800000
374     12  0.800000
339     12  0.800000
69      11  0.733333
412     11  0.733333
183     11  0.733333
3       11  0.733333
     Count     Value
102     14  0.933333
332     13  0.866667
283     12  0.800000
268     12  0.800000
450     12  0.800000
88      12  0.800000
215     12  0.800000
192     12  0.800000
239     12  0.800000
170     12  0.800000
Current: [3, 16, 53, 55, 61, 69, 73, 79, 88, 94, 102, 122, 160, 164, 170, 183, 191, 192, 212, 215, 239, 252, 257, 263, 268, 283, 295, 304, 332, 339, 351, 353, 356, 374, 377, 400, 412, 416, 419, 421, 450, 493, 503]
Subround 16
not enough
     Count   Value
102     15  0.9375
339     13  0.8125
332     13  0.8125
450     13  0.8125
400     13  0.8125
374     13  0.8125
268     13  0.8125
215     13  0.8125
88      13  0.8125
192     13  0.8125
79      12  0.7500
16      12  0.7500
416     12  0.7500
356     12  0.7500
239     12  0.7500
263     12  0.7500
412     12  0.7500
252     12  0.7500
160     12  0.7500
69      12  0.7500
     Count   Value
102     15  0.9375
339     13  0.8125
332     13  0.8125
450     13  0.8125
400     13  0.8125
374     13  0.8125
268     13  0.8125
215     13  0.8125
88      13  0.8125
192     13  0.8125
Current: [3, 16, 53, 61, 69, 79, 88, 94, 102, 160, 170, 191, 192, 215, 239, 252, 257, 263, 268, 283, 332, 339, 351, 356, 374, 400, 412, 416, 419, 450, 493]
Subround 17
not enough
     Count     Value
102     16  0.941176
374     14  0.823529
215     14  0.823529
339     14  0.823529
450     14  0.823529
192     14  0.823529
493     13  0.764706
400     13  0.764706
257     13  0.764706
88      13  0.764706
419     13  0.764706
170     13  0.764706
283     13  0.764706
191     13  0.764706
79      13  0.764706
16      13  0.764706
252     13  0.764706
416     13  0.764706
268     13  0.764706
332     13  0.764706
     Count     Value
102     16  0.941176
374     14  0.823529
215     14  0.823529
339     14  0.823529
450     14  0.823529
192     14  0.823529
493     13  0.764706
400     13  0.764706
257     13  0.764706
88      13  0.764706
Current: [3, 16, 53, 61, 69, 73, 79, 88, 91, 94, 102, 152, 154, 160, 162, 164, 167, 170, 183, 191, 192, 200, 215, 239, 252, 257, 263, 268, 283, 291, 295, 304, 312, 322, 332, 339, 351, 353, 356, 374, 377, 400, 412, 416, 419, 443, 450, 455, 473, 493, 503]
Subround 18
not enough
     Count     Value
102     16  0.888889
192     15  0.833333
339     15  0.833333
215     15  0.833333
252     14  0.777778
170     14  0.777778
419     14  0.777778
374     14  0.777778
493     14  0.777778
263     14  0.777778
268     14  0.777778
257     14  0.777778
191     14  0.777778
450     14  0.777778
416     13  0.722222
79      13  0.722222
400     13  0.722222
332     13  0.722222
200     13  0.722222
239     13  0.722222
     Count     Value
102     16  0.888889
192     15  0.833333
339     15  0.833333
215     15  0.833333
252     14  0.777778
170     14  0.777778
419     14  0.777778
374     14  0.777778
493     14  0.777778
263     14  0.777778
Current: [3, 16, 79, 88, 94, 102, 152, 162, 164, 167, 170, 183, 191, 192, 200, 215, 239, 252, 257, 263, 268, 283, 332, 339, 353, 374, 400, 412, 416, 419, 450, 493]
Subround 19
not enough
     Count     Value
192     16  0.842105
102     16  0.842105
339     16  0.842105
252     15  0.789474
263     15  0.789474
419     15  0.789474
493     15  0.789474
170     15  0.789474
215     15  0.789474
257     15  0.789474
191     15  0.789474
374     14  0.736842
412     14  0.736842
268     14  0.736842
94      14  0.736842
164     14  0.736842
239     14  0.736842
450     14  0.736842
79      14  0.736842
416     14  0.736842
     Count     Value
192     16  0.842105
102     16  0.842105
339     16  0.842105
252     15  0.789474
263     15  0.789474
419     15  0.789474
493     15  0.789474
170     15  0.789474
215     15  0.789474
257     15  0.789474
Current: [79, 94, 102, 152, 162, 164, 170, 183, 191, 192, 200, 215, 239, 252, 257, 263, 268, 339, 374, 412, 416, 419, 450, 493]
Subround 20
     Count  Value
339     17   0.85
102     17   0.85
170     16   0.80
419     16   0.80
192     16   0.80
257     16   0.80
263     15   0.75
374     15   0.75
412     15   0.75
252     15   0.75
191     15   0.75
493     15   0.75
450     15   0.75
416     15   0.75
215     15   0.75
3       14   0.70
216     14   0.70
353     14   0.70
94      14   0.70
152     14   0.70
     Count  Value
339     17   0.85
102     17   0.85
170     16   0.80
419     16   0.80
192     16   0.80
257     16   0.80
263     15   0.75
374     15   0.75
412     15   0.75
252     15   0.75
Current: [102, 170, 191, 192, 215, 252, 257, 263, 339, 374, 412, 416, 419, 450, 493]
Round 2
Subround 1
not enough
     Count     Value
339     18  0.857143
170     17  0.809524
419     17  0.809524
102     17  0.809524
257     17  0.809524
263     16  0.761905
374     16  0.761905
192     16  0.761905
252     16  0.761905
191     16  0.761905
412     15  0.714286
493     15  0.714286
450     15  0.714286
416     15  0.714286
215     15  0.714286
3       14  0.666667
216     14  0.666667
353     14  0.666667
94      14  0.666667
152     14  0.666667
     Count  Value
191      1    1.0
263      1    1.0
170      1    1.0
252      1    1.0
419      1    1.0
257      1    1.0
374      1    1.0
339      1    1.0
Current: [102, 170, 257, 339, 419]
Subround 2
not enough
     Count     Value
339     19  0.863636
257     18  0.818182
419     17  0.772727
170     17  0.772727
252     17  0.772727
102     17  0.772727
374     17  0.772727
263     16  0.727273
493     16  0.727273
215     16  0.727273
412     16  0.727273
192     16  0.727273
416     16  0.727273
191     16  0.727273
450     15  0.681818
216     14  0.636364
94      14  0.636364
3       14  0.636364
353     14  0.636364
152     14  0.636364
     Count  Value
252      2    1.0
257      2    1.0
374      2    1.0
339      2    1.0
191      1    0.5
263      1    0.5
170      1    0.5
419      1    0.5
416      1    0.5
412      1    0.5
Current: [257, 339]
Subround 3
not enough
     Count     Value
339     20  0.869565
102     18  0.782609
257     18  0.782609
170     18  0.782609
252     17  0.739130
263     17  0.739130
192     17  0.739130
191     17  0.739130
374     17  0.739130
419     17  0.739130
412     16  0.695652
215     16  0.695652
450     16  0.695652
416     16  0.695652
493     16  0.695652
183     14  0.608696
283     14  0.608696
465     14  0.608696
344     14  0.608696
200     14  0.608696
     Count     Value
339      3  1.000000
191      2  0.666667
263      2  0.666667
170      2  0.666667
252      2  0.666667
257      2  0.666667
374      2  0.666667
419      1  0.333333
416      1  0.333333
412      1  0.333333
Current: [339]
Subround 4
not enough
     Count     Value
339     21  0.875000
170     19  0.791667
102     18  0.750000
252     18  0.750000
257     18  0.750000
191     18  0.750000
192     17  0.708333
493     17  0.708333
416     17  0.708333
263     17  0.708333
374     17  0.708333
215     17  0.708333
412     17  0.708333
419     17  0.708333
450     16  0.666667
183     14  0.583333
465     14  0.583333
344     14  0.583333
200     14  0.583333
421     14  0.583333
     Count  Value
339      4   1.00
191      3   0.75
170      3   0.75
252      3   0.75
263      2   0.50
257      2   0.50
374      2   0.50
416      2   0.50
412      2   0.50
493      2   0.50
Current: [339]
Subround 5
not enough
     Count  Value
339     22   0.88
170     20   0.80
252     19   0.76
191     19   0.76
102     18   0.72
416     18   0.72
412     18   0.72
257     18   0.72
215     18   0.72
263     18   0.72
192     17   0.68
493     17   0.68
374     17   0.68
419     17   0.68
450     16   0.64
465     14   0.56
183     14   0.56
344     14   0.56
200     14   0.56
421     14   0.56
     Count  Value
339      5    1.0
191      4    0.8
170      4    0.8
252      4    0.8
263      3    0.6
416      3    0.6
412      3    0.6
215      3    0.6
257      2    0.4
374      2    0.4
Current: [339]
Subround 6
not enough
     Count     Value
339     23  0.884615
252     20  0.769231
170     20  0.769231
191     20  0.769231
102     19  0.730769
215     19  0.730769
263     19  0.730769
257     18  0.692308
374     18  0.692308
412     18  0.692308
416     18  0.692308
192     17  0.653846
493     17  0.653846
419     17  0.653846
450     16  0.615385
216     14  0.538462
344     14  0.538462
239     14  0.538462
421     14  0.538462
164     14  0.538462
     Count     Value
339      6  1.000000
191      5  0.833333
252      5  0.833333
263      4  0.666667
170      4  0.666667
215      4  0.666667
374      3  0.500000
416      3  0.500000
412      3  0.500000
257      2  0.333333
Current: [339]
Subround 7
not enough
     Count     Value
339     24  0.888889
252     21  0.777778
191     21  0.777778
215     20  0.740741
102     20  0.740741
170     20  0.740741
412     19  0.703704
374     19  0.703704
263     19  0.703704
416     18  0.666667
257     18  0.666667
419     17  0.629630
493     17  0.629630
192     17  0.629630
450     16  0.592593
473     14  0.518519
216     14  0.518519
421     14  0.518519
3       14  0.518519
465     14  0.518519
     Count     Value
339      7  1.000000
191      6  0.857143
252      6  0.857143
215      5  0.714286
263      4  0.571429
170      4  0.571429
374      4  0.571429
412      4  0.571429
416      3  0.428571
71       3  0.428571
Current: [339]
Subround 8
not enough
     Count     Value
339     25  0.892857
252     22  0.785714
102     21  0.750000
215     21  0.750000
191     21  0.750000
263     20  0.714286
412     20  0.714286
170     20  0.714286
416     19  0.678571
374     19  0.678571
257     19  0.678571
493     17  0.607143
419     17  0.607143
192     17  0.607143
450     16  0.571429
473     14  0.500000
216     14  0.500000
465     14  0.500000
3       14  0.500000
421     14  0.500000
     Count  Value
339      8  1.000
252      7  0.875
191      6  0.750
215      6  0.750
263      5  0.625
412      5  0.625
170      4  0.500
374      4  0.500
416      4  0.500
102      4  0.500
Current: [339]
Subround 9
not enough
     Count     Value
339     26  0.896552
252     22  0.758621
412     21  0.724138
102     21  0.724138
215     21  0.724138
191     21  0.724138
263     20  0.689655
374     20  0.689655
170     20  0.689655
416     19  0.655172
257     19  0.655172
192     18  0.620690
419     18  0.620690
493     18  0.620690
450     17  0.586207
473     14  0.482759
216     14  0.482759
465     14  0.482759
3       14  0.482759
268     14  0.482759
     Count     Value
339      9  1.000000
252      7  0.777778
191      6  0.666667
412      6  0.666667
215      6  0.666667
263      5  0.555556
374      5  0.555556
170      4  0.444444
416      4  0.444444
71       4  0.444444
Current: [339]
Subround 10
     Count     Value
339     27  0.900000
215     22  0.733333
412     22  0.733333
102     22  0.733333
252     22  0.733333
374     21  0.700000
191     21  0.700000
170     20  0.666667
263     20  0.666667
257     20  0.666667
192     19  0.633333
419     19  0.633333
416     19  0.633333
493     18  0.600000
450     17  0.566667
465     14  0.466667
283     14  0.466667
268     14  0.466667
3       14  0.466667
473     14  0.466667
     Count  Value
339     10    1.0
252      7    0.7
412      7    0.7
215      7    0.7
191      6    0.6
374      6    0.6
263      5    0.5
102      5    0.5
170      4    0.4
257      4    0.4
Current: [339]
Winning offset:
[339]
2021-09-08 02:36:02.960753
2021-09-08 02:37:41.315361
0:01:38.354608
