Loading page file profiles/lab06/pages/0x2a44b.yaml
Loading page file profiles/lab06/pages/0x2a460.yaml
Loading page file profiles/lab06/pages/0x2a4e3.yaml
Loading page file profiles/lab06/pages/0x2a4e5.yaml
Loading page file profiles/lab06/pages/0x2a800.yaml
Loading page file profiles/lab06/pages/0x2a804.yaml
Loading page file profiles/lab06/pages/0x2a805.yaml
Round 1
Subround 1
not enough
     Count  Value
188      1    1.0
21       1    1.0
413      1    1.0
310      1    1.0
485      1    1.0
421      1    1.0
308      1    1.0
393      1    1.0
295      1    1.0
189      1    1.0
222      1    1.0
293      1    1.0
49       1    1.0
65       1    1.0
477      1    1.0
388      1    1.0
250      1    1.0
354      1    1.0
498      1    1.0
491      1    1.0
     Count  Value
188      1    1.0
21       1    1.0
413      1    1.0
310      1    1.0
485      1    1.0
421      1    1.0
308      1    1.0
393      1    1.0
295      1    1.0
189      1    1.0
Current: [5, 6, 9, 12, 13, 14, 16, 19, 20, 21, 23, 27, 31, 34, 35, 36, 41, 43, 45, 49, 52, 53, 54, 58, 60, 61, 63, 64, 65, 68, 74, 75, 77, 81, 84, 86, 88, 90, 92, 94, 95, 100, 103, 104, 105, 106, 107, 108, 109, 111, 112, 113, 117, 118, 120, 121, 123, 125, 126, 127, 128, 130, 131, 133, 134, 140, 141, 143, 144, 145, 146, 149, 151, 155, 159, 160, 161, 163, 164, 169, 171, 174, 175, 177, 178, 179, 184, 186, 187, 188, 189, 195, 199, 201, 205, 206, 210, 214, 216, 217, 220, 221, 222, 224, 227, 228, 230, 231, 234, 237, 241, 243, 244, 245, 248, 250, 252, 253, 254, 256, 257, 258, 262, 264, 271, 274, 275, 277, 279, 280, 281, 283, 286, 287, 288, 291, 292, 293, 294, 295, 296, 297, 298, 301, 303, 305, 306, 307, 308, 310, 311, 312, 315, 317, 322, 333, 334, 335, 339, 346, 347, 348, 349, 350, 351, 354, 357, 358, 362, 364, 369, 374, 377, 380, 381, 382, 385, 386, 387, 388, 389, 390, 391, 393, 394, 395, 396, 397, 398, 399, 401, 402, 405, 406, 407, 408, 409, 410, 412, 413, 414, 415, 417, 421, 422, 425, 426, 428, 429, 431, 432, 433, 434, 437, 438, 439, 440, 442, 443, 444, 445, 450, 451, 452, 453, 454, 457, 459, 460, 461, 462, 468, 469, 470, 472, 473, 474, 475, 477, 480, 482, 483, 485, 486, 488, 490, 491, 494, 495, 496, 498, 500, 504, 508, 509, 511]
Subround 2
not enough
     Count  Value
188      2    1.0
224      2    1.0
422      2    1.0
407      2    1.0
6        2    1.0
75       2    1.0
145      2    1.0
12       2    1.0
311      2    1.0
106      2    1.0
280      2    1.0
175      2    1.0
511      2    1.0
159      2    1.0
377      2    1.0
228      2    1.0
310      2    1.0
308      2    1.0
295      2    1.0
339      2    1.0
     Count  Value
188      2    1.0
224      2    1.0
422      2    1.0
407      2    1.0
6        2    1.0
75       2    1.0
145      2    1.0
12       2    1.0
311      2    1.0
106      2    1.0
Current: [5, 6, 9, 12, 13, 16, 27, 41, 45, 58, 60, 61, 63, 68, 74, 75, 77, 81, 86, 90, 94, 95, 104, 105, 106, 108, 111, 113, 117, 120, 121, 125, 141, 143, 145, 146, 155, 159, 171, 175, 184, 186, 188, 189, 195, 201, 210, 217, 221, 224, 228, 237, 241, 245, 248, 252, 254, 256, 258, 264, 280, 287, 291, 294, 295, 297, 305, 308, 310, 311, 317, 335, 339, 348, 350, 351, 357, 362, 369, 377, 385, 386, 387, 389, 390, 395, 398, 405, 407, 408, 410, 422, 425, 426, 428, 432, 434, 437, 438, 439, 442, 443, 444, 445, 451, 452, 454, 461, 462, 468, 469, 470, 473, 480, 488, 490, 491, 494, 498, 500, 508, 509, 511]
Subround 3
not enough
     Count  Value
117      3    1.0
13       3    1.0
498      3    1.0
108      3    1.0
141      3    1.0
125      3    1.0
294      3    1.0
348      3    1.0
27       3    1.0
469      3    1.0
425      3    1.0
508      3    1.0
432      3    1.0
362      3    1.0
357      3    1.0
155      3    1.0
86       3    1.0
311      3    1.0
256      3    1.0
339      3    1.0
     Count  Value
117      3    1.0
13       3    1.0
498      3    1.0
108      3    1.0
141      3    1.0
125      3    1.0
294      3    1.0
348      3    1.0
27       3    1.0
469      3    1.0
Current: [13, 27, 63, 86, 108, 117, 125, 141, 155, 217, 256, 294, 311, 339, 348, 357, 362, 407, 425, 432, 469, 498, 508]
Subround 4
not enough
     Count  Value
125      4   1.00
117      4   1.00
256      4   1.00
469      4   1.00
407      4   1.00
357      4   1.00
339      4   1.00
27       4   1.00
217      4   1.00
508      4   1.00
311      4   1.00
108      4   1.00
425      4   1.00
293      3   0.75
140      3   0.75
280      3   0.75
189      3   0.75
295      3   0.75
417      3   0.75
413      3   0.75
     Count  Value
125      4    1.0
117      4    1.0
256      4    1.0
469      4    1.0
407      4    1.0
357      4    1.0
339      4    1.0
27       4    1.0
217      4    1.0
508      4    1.0
Current: [3, 5, 9, 12, 13, 19, 20, 27, 30, 31, 36, 41, 45, 49, 53, 63, 64, 65, 74, 86, 88, 90, 91, 92, 100, 103, 104, 108, 111, 117, 123, 125, 128, 133, 140, 141, 145, 146, 151, 155, 159, 161, 163, 169, 171, 174, 177, 184, 186, 188, 189, 199, 217, 227, 233, 243, 245, 248, 256, 257, 258, 274, 279, 280, 281, 283, 291, 293, 294, 295, 297, 305, 308, 310, 311, 315, 317, 322, 333, 334, 335, 339, 346, 347, 348, 354, 357, 362, 366, 369, 377, 378, 384, 385, 390, 391, 394, 395, 396, 398, 402, 403, 407, 410, 412, 413, 414, 417, 421, 422, 425, 429, 431, 432, 435, 437, 443, 444, 445, 451, 453, 457, 458, 468, 469, 482, 486, 488, 494, 496, 498, 500, 508, 511]
Subround 5
not enough
     Count  Value
407      5    1.0
27       5    1.0
425      5    1.0
217      5    1.0
508      5    1.0
117      5    1.0
188      4    0.8
429      4    0.8
108      4    0.8
283      4    0.8
5        4    0.8
333      4    0.8
245      4    0.8
347      4    0.8
369      4    0.8
20       4    0.8
395      4    0.8
339      4    0.8
227      4    0.8
281      4    0.8
     Count  Value
407      5    1.0
27       5    1.0
425      5    1.0
217      5    1.0
508      5    1.0
117      5    1.0
188      4    0.8
429      4    0.8
108      4    0.8
283      4    0.8
Current: [3, 5, 12, 20, 27, 31, 41, 45, 53, 64, 74, 86, 88, 90, 91, 103, 104, 108, 117, 123, 125, 128, 140, 146, 151, 169, 171, 184, 186, 188, 189, 199, 217, 227, 233, 243, 245, 248, 256, 258, 279, 281, 283, 293, 308, 310, 311, 317, 322, 333, 334, 335, 339, 346, 347, 354, 357, 362, 366, 369, 377, 378, 384, 390, 394, 395, 396, 398, 402, 407, 412, 414, 421, 422, 425, 429, 431, 435, 443, 444, 445, 453, 457, 468, 469, 482, 488, 494, 496, 508, 511]
Subround 6
not enough
     Count     Value
27       6  1.000000
425      6  1.000000
407      6  1.000000
117      6  1.000000
217      6  1.000000
494      5  0.833333
322      5  0.833333
64       5  0.833333
395      5  0.833333
293      5  0.833333
41       5  0.833333
357      5  0.833333
128      5  0.833333
31       5  0.833333
53       5  0.833333
189      5  0.833333
414      5  0.833333
402      5  0.833333
317      5  0.833333
281      5  0.833333
     Count     Value
27       6  1.000000
425      6  1.000000
407      6  1.000000
117      6  1.000000
217      6  1.000000
494      5  0.833333
322      5  0.833333
64       5  0.833333
395      5  0.833333
293      5  0.833333
Current: [3, 27, 31, 41, 45, 53, 64, 88, 90, 91, 103, 104, 108, 117, 123, 128, 140, 146, 171, 184, 186, 189, 217, 233, 243, 281, 293, 308, 310, 317, 322, 333, 335, 346, 357, 369, 377, 378, 390, 395, 402, 407, 414, 421, 425, 494, 508]
Subround 7
not enough
     Count     Value
217      7  1.000000
322      6  0.857143
3        6  0.857143
117      6  0.857143
90       6  0.857143
407      6  0.857143
108      6  0.857143
317      6  0.857143
281      6  0.857143
184      6  0.857143
402      6  0.857143
508      6  0.857143
103      6  0.857143
140      6  0.857143
390      6  0.857143
104      6  0.857143
308      6  0.857143
41       6  0.857143
27       6  0.857143
425      6  0.857143
     Count     Value
217      7  1.000000
322      6  0.857143
3        6  0.857143
117      6  0.857143
90       6  0.857143
407      6  0.857143
108      6  0.857143
317      6  0.857143
281      6  0.857143
184      6  0.857143
Current: [3, 5, 12, 13, 27, 31, 37, 41, 45, 53, 64, 74, 83, 85, 88, 89, 90, 91, 94, 102, 103, 104, 107, 108, 117, 119, 121, 123, 125, 126, 128, 140, 145, 146, 151, 169, 171, 176, 181, 184, 186, 188, 189, 199, 217, 227, 233, 243, 248, 256, 258, 269, 279, 281, 283, 293, 296, 297, 308, 310, 311, 317, 322, 330, 333, 334, 335, 346, 347, 348, 354, 357, 359, 362, 369, 377, 378, 387, 390, 391, 394, 395, 398, 402, 407, 412, 414, 421, 425, 439, 443, 451, 455, 457, 468, 469, 485, 488, 494, 496, 503, 508]
Subround 8
not enough
     Count  Value
217      8  1.000
407      7  0.875
108      7  0.875
27       7  0.875
402      7  0.875
103      7  0.875
390      7  0.875
281      7  0.875
425      7  0.875
64       7  0.875
308      7  0.875
140      7  0.875
189      6  0.750
357      6  0.750
398      6  0.750
151      6  0.750
90       6  0.750
335      6  0.750
317      6  0.750
13       6  0.750
     Count  Value
217      8  1.000
407      7  0.875
108      7  0.875
27       7  0.875
402      7  0.875
103      7  0.875
390      7  0.875
281      7  0.875
425      7  0.875
64       7  0.875
Current: [3, 12, 13, 27, 31, 41, 45, 53, 64, 88, 89, 90, 94, 103, 104, 108, 117, 119, 123, 126, 128, 140, 146, 151, 184, 186, 189, 217, 233, 248, 269, 281, 283, 293, 308, 311, 317, 322, 330, 333, 335, 346, 347, 348, 357, 362, 369, 378, 390, 391, 395, 398, 402, 407, 414, 421, 425, 443, 451, 455, 457, 469, 494, 508]
Subround 9
not enough
     Count     Value
425      8  0.888889
103      8  0.888889
308      8  0.888889
407      8  0.888889
64       8  0.888889
217      8  0.888889
402      8  0.888889
108      8  0.888889
390      8  0.888889
494      7  0.777778
469      7  0.777778
455      7  0.777778
398      7  0.777778
53       7  0.777778
128      7  0.777778
31       7  0.777778
330      7  0.777778
27       7  0.777778
508      7  0.777778
362      7  0.777778
     Count     Value
425      8  0.888889
103      8  0.888889
308      8  0.888889
407      8  0.888889
64       8  0.888889
217      8  0.888889
402      8  0.888889
108      8  0.888889
390      8  0.888889
494      7  0.777778
Current: [3, 27, 31, 45, 53, 64, 89, 103, 104, 108, 117, 128, 140, 184, 217, 281, 293, 308, 311, 330, 335, 346, 362, 369, 390, 395, 398, 402, 407, 425, 443, 451, 455, 469, 494, 508]
Subround 10
not enough
     Count  Value
103      9    0.9
390      9    0.9
407      9    0.9
108      9    0.9
455      8    0.8
281      8    0.8
308      8    0.8
184      8    0.8
293      8    0.8
469      8    0.8
451      8    0.8
3        8    0.8
494      8    0.8
398      8    0.8
45       8    0.8
217      8    0.8
402      8    0.8
425      8    0.8
508      8    0.8
89       8    0.8
     Count  Value
103      9    0.9
390      9    0.9
407      9    0.9
108      9    0.9
455      8    0.8
281      8    0.8
308      8    0.8
184      8    0.8
293      8    0.8
469      8    0.8
Current: [3, 45, 64, 89, 103, 108, 140, 184, 217, 281, 293, 308, 369, 390, 395, 398, 402, 407, 425, 451, 455, 469, 494, 508]
Subround 11
not enough
     Count     Value
390     10  0.909091
407     10  0.909091
108     10  0.909091
494      9  0.818182
402      9  0.818182
369      9  0.818182
3        9  0.818182
425      9  0.818182
398      9  0.818182
64       9  0.818182
281      9  0.818182
508      9  0.818182
395      9  0.818182
89       9  0.818182
455      9  0.818182
103      9  0.818182
184      9  0.818182
451      8  0.727273
86       8  0.727273
269      8  0.727273
     Count     Value
390     10  0.909091
407     10  0.909091
108     10  0.909091
494      9  0.818182
402      9  0.818182
369      9  0.818182
3        9  0.818182
425      9  0.818182
398      9  0.818182
64       9  0.818182
Current: [3, 13, 45, 64, 86, 89, 102, 103, 104, 108, 117, 119, 140, 171, 184, 210, 217, 227, 233, 269, 281, 293, 308, 310, 311, 322, 335, 339, 346, 357, 369, 377, 378, 390, 391, 395, 398, 402, 407, 411, 425, 443, 451, 455, 457, 463, 469, 480, 494, 508]
Subround 12
not enough
     Count     Value
108     11  0.916667
395     10  0.833333
508     10  0.833333
398     10  0.833333
89      10  0.833333
390     10  0.833333
103     10  0.833333
455     10  0.833333
407     10  0.833333
3       10  0.833333
494     10  0.833333
451      9  0.750000
184      9  0.750000
140      9  0.750000
391      9  0.750000
281      9  0.750000
293      9  0.750000
308      9  0.750000
86       9  0.750000
402      9  0.750000
     Count     Value
108     11  0.916667
395     10  0.833333
508     10  0.833333
398     10  0.833333
89      10  0.833333
390     10  0.833333
103     10  0.833333
455     10  0.833333
407     10  0.833333
3       10  0.833333
Current: [3, 45, 64, 86, 89, 103, 104, 108, 140, 184, 217, 233, 281, 293, 308, 339, 369, 390, 391, 395, 398, 402, 407, 411, 425, 443, 451, 455, 494, 508]
Subround 13
not enough
     Count     Value
108     11  0.846154
455     11  0.846154
390     11  0.846154
407     11  0.846154
508     10  0.769231
494     10  0.769231
391     10  0.769231
3       10  0.769231
402     10  0.769231
184     10  0.769231
103     10  0.769231
104     10  0.769231
339     10  0.769231
233     10  0.769231
425     10  0.769231
398     10  0.769231
395     10  0.769231
64      10  0.769231
89      10  0.769231
86      10  0.769231
     Count     Value
108     11  0.846154
455     11  0.846154
390     11  0.846154
407     11  0.846154
508     10  0.769231
494     10  0.769231
391     10  0.769231
3       10  0.769231
402     10  0.769231
184     10  0.769231
Current: [3, 64, 86, 89, 103, 104, 108, 184, 233, 339, 390, 391, 395, 398, 402, 407, 425, 455, 494, 508]
Subround 14
not enough
     Count     Value
108     12  0.857143
407     12  0.857143
89      11  0.785714
3       11  0.785714
455     11  0.785714
402     11  0.785714
390     11  0.785714
425     11  0.785714
103     11  0.785714
184     11  0.785714
398     11  0.785714
233     10  0.714286
369     10  0.714286
322     10  0.714286
454     10  0.714286
391     10  0.714286
119     10  0.714286
508     10  0.714286
102     10  0.714286
494     10  0.714286
     Count     Value
108     12  0.857143
407     12  0.857143
89      11  0.785714
3       11  0.785714
455     11  0.785714
402     11  0.785714
390     11  0.785714
425     11  0.785714
103     11  0.785714
184     11  0.785714
Current: [3, 5, 53, 64, 86, 89, 102, 103, 104, 108, 115, 119, 145, 154, 165, 170, 184, 207, 210, 233, 293, 308, 311, 322, 335, 339, 369, 378, 390, 391, 395, 398, 402, 407, 411, 421, 425, 443, 454, 455, 494, 506, 508]
Subround 15
not enough
     Count     Value
425     12  0.800000
455     12  0.800000
390     12  0.800000
108     12  0.800000
407     12  0.800000
3       12  0.800000
402     11  0.733333
165     11  0.733333
339     11  0.733333
103     11  0.733333
104     11  0.733333
494     11  0.733333
184     11  0.733333
391     11  0.733333
233     11  0.733333
398     11  0.733333
395     11  0.733333
421     11  0.733333
64      11  0.733333
89      11  0.733333
     Count     Value
425     12  0.800000
455     12  0.800000
390     12  0.800000
108     12  0.800000
407     12  0.800000
3       12  0.800000
402     11  0.733333
165     11  0.733333
339     11  0.733333
103     11  0.733333
Current: [3, 64, 89, 103, 104, 108, 165, 184, 233, 339, 378, 390, 391, 395, 398, 402, 407, 421, 425, 455, 494]
Subround 16
not enough
     Count   Value
64      12  0.7500
108     12  0.7500
165     12  0.7500
391     12  0.7500
233     12  0.7500
3       12  0.7500
407     12  0.7500
425     12  0.7500
103     12  0.7500
421     12  0.7500
390     12  0.7500
398     12  0.7500
455     12  0.7500
339     12  0.7500
115     11  0.6875
170     11  0.6875
357     11  0.6875
494     11  0.6875
168     11  0.6875
145     11  0.6875
     Count  Value
64      12   0.75
108     12   0.75
165     12   0.75
391     12   0.75
233     12   0.75
3       12   0.75
407     12   0.75
425     12   0.75
103     12   0.75
421     12   0.75
Current: [3, 64, 103, 108, 165, 233, 339, 390, 391, 398, 407, 421, 425, 455]
Subround 17
not enough
     Count     Value
339     13  0.764706
103     13  0.764706
64      13  0.764706
165     13  0.764706
421     13  0.764706
391     13  0.764706
398     13  0.764706
357     12  0.705882
233     12  0.705882
104     12  0.705882
145     12  0.705882
390     12  0.705882
86      12  0.705882
100     12  0.705882
63      12  0.705882
3       12  0.705882
414     12  0.705882
154     12  0.705882
407     12  0.705882
455     12  0.705882
     Count     Value
339     13  0.764706
103     13  0.764706
64      13  0.764706
165     13  0.764706
421     13  0.764706
391     13  0.764706
398     13  0.764706
357     12  0.705882
233     12  0.705882
104     12  0.705882
Current: [3, 53, 63, 64, 86, 100, 102, 103, 104, 108, 115, 128, 145, 154, 165, 221, 233, 308, 322, 339, 357, 390, 391, 398, 407, 414, 421, 425, 443, 455, 511]
Subround 18
not enough
     Count     Value
339     14  0.777778
64      14  0.777778
165     14  0.777778
391     14  0.777778
3       13  0.722222
308     13  0.722222
154     13  0.722222
443     13  0.722222
511     13  0.722222
407     13  0.722222
103     13  0.722222
398     13  0.722222
53      13  0.722222
115     13  0.722222
86      13  0.722222
357     13  0.722222
233     13  0.722222
414     13  0.722222
421     13  0.722222
390     13  0.722222
     Count     Value
339     14  0.777778
64      14  0.777778
165     14  0.777778
391     14  0.777778
3       13  0.722222
308     13  0.722222
154     13  0.722222
443     13  0.722222
511     13  0.722222
407     13  0.722222
Current: [3, 53, 64, 86, 103, 115, 154, 165, 233, 308, 339, 357, 390, 391, 398, 407, 414, 421, 443, 511]
Subround 19
not enough
     Count     Value
391     15  0.789474
339     15  0.789474
64      15  0.789474
165     14  0.736842
154     14  0.736842
357     14  0.736842
53      14  0.736842
308     14  0.736842
443     14  0.736842
414     14  0.736842
3       14  0.736842
86      14  0.736842
233     14  0.736842
407     14  0.736842
511     14  0.736842
45      13  0.684211
398     13  0.684211
402     13  0.684211
293     13  0.684211
425     13  0.684211
     Count     Value
391     15  0.789474
339     15  0.789474
64      15  0.789474
165     14  0.736842
154     14  0.736842
357     14  0.736842
53      14  0.736842
308     14  0.736842
443     14  0.736842
414     14  0.736842
Current: [3, 53, 64, 86, 154, 165, 233, 308, 339, 357, 391, 407, 414, 443, 511]
Subround 20
     Count  Value
339     16   0.80
391     16   0.80
86      15   0.75
53      15   0.75
165     15   0.75
511     15   0.75
64      15   0.75
308     15   0.75
154     15   0.75
233     14   0.70
293     14   0.70
278     14   0.70
378     14   0.70
407     14   0.70
332     14   0.70
402     14   0.70
362     14   0.70
414     14   0.70
3       14   0.70
443     14   0.70
     Count  Value
339     16   0.80
391     16   0.80
86      15   0.75
53      15   0.75
165     15   0.75
511     15   0.75
64      15   0.75
308     15   0.75
154     15   0.75
233     14   0.70
Current: [53, 64, 86, 154, 165, 308, 339, 391, 511]
Round 2
Subround 1
not enough
     Count     Value
339     16  0.761905
308     16  0.761905
165     16  0.761905
391     16  0.761905
511     16  0.761905
64      16  0.761905
154     16  0.761905
86      15  0.714286
53      15  0.714286
233     14  0.666667
293     14  0.666667
278     14  0.666667
378     14  0.666667
407     14  0.666667
332     14  0.666667
402     14  0.666667
362     14  0.666667
414     14  0.666667
3       14  0.666667
443     14  0.666667
     Count  Value
511      1    1.0
64       1    1.0
154      1    1.0
308      1    1.0
165      1    1.0
no winner, not enough
Current: []
Subround 2
not enough
     Count     Value
165     17  0.772727
391     17  0.772727
154     17  0.772727
308     17  0.772727
339     16  0.727273
511     16  0.727273
64      16  0.727273
86      15  0.681818
53      15  0.681818
233     14  0.636364
293     14  0.636364
278     14  0.636364
378     14  0.636364
407     14  0.636364
332     14  0.636364
402     14  0.636364
362     14  0.636364
414     14  0.636364
3       14  0.636364
443     14  0.636364
     Count  Value
154      2    1.0
308      2    1.0
165      2    1.0
511      1    0.5
64       1    0.5
391      1    0.5
188      1    0.5
no winner, not enough
Current: []
Subround 3
not enough
     Count     Value
165     18  0.782609
154     18  0.782609
308     18  0.782609
339     17  0.739130
391     17  0.739130
511     16  0.695652
64      16  0.695652
86      16  0.695652
53      15  0.652174
233     14  0.608696
293     14  0.608696
278     14  0.608696
378     14  0.608696
407     14  0.608696
332     14  0.608696
402     14  0.608696
362     14  0.608696
414     14  0.608696
3       14  0.608696
443     14  0.608696
     Count     Value
154      3  1.000000
308      3  1.000000
165      3  1.000000
511      1  0.333333
64       1  0.333333
391      1  0.333333
188      1  0.333333
339      1  0.333333
86       1  0.333333
no winner, not enough
Current: []
Subround 4
not enough
     Count     Value
308     19  0.791667
339     18  0.750000
165     18  0.750000
391     18  0.750000
154     18  0.750000
86      17  0.708333
64      17  0.708333
511     16  0.666667
53      15  0.625000
233     14  0.583333
293     14  0.583333
278     14  0.583333
378     14  0.583333
407     14  0.583333
332     14  0.583333
402     14  0.583333
362     14  0.583333
414     14  0.583333
3       14  0.583333
443     14  0.583333
     Count  Value
308      4   1.00
154      3   0.75
165      3   0.75
64       2   0.50
391      2   0.50
339      2   0.50
86       2   0.50
511      1   0.25
188      1   0.25
no winner, not enough
Current: []
Subround 5
not enough
     Count  Value
308     20   0.80
339     19   0.76
165     19   0.76
86      18   0.72
391     18   0.72
154     18   0.72
64      17   0.68
511     16   0.64
53      15   0.60
233     14   0.56
293     14   0.56
278     14   0.56
378     14   0.56
407     14   0.56
332     14   0.56
402     14   0.56
362     14   0.56
414     14   0.56
3       14   0.56
443     14   0.56
     Count  Value
308      5    1.0
165      4    0.8
154      3    0.6
339      3    0.6
86       3    0.6
64       2    0.4
391      2    0.4
188      2    0.4
511      1    0.2
Current: [308]
Subround 6
not enough
     Count     Value
308     21  0.807692
339     20  0.769231
165     20  0.769231
391     19  0.730769
86      18  0.692308
64      18  0.692308
154     18  0.692308
511     16  0.615385
53      15  0.576923
233     14  0.538462
293     14  0.538462
278     14  0.538462
378     14  0.538462
407     14  0.538462
332     14  0.538462
402     14  0.538462
362     14  0.538462
414     14  0.538462
3       14  0.538462
443     14  0.538462
     Count     Value
308      6  1.000000
165      5  0.833333
339      4  0.666667
64       3  0.500000
154      3  0.500000
391      3  0.500000
86       3  0.500000
188      2  0.333333
511      1  0.166667
Current: [308]
Subround 7
not enough
     Count     Value
339     21  0.777778
308     21  0.777778
165     21  0.777778
86      19  0.703704
64      19  0.703704
391     19  0.703704
154     18  0.666667
511     16  0.592593
53      15  0.555556
3       14  0.518519
414     14  0.518519
293     14  0.518519
233     14  0.518519
378     14  0.518519
499     14  0.518519
332     14  0.518519
402     14  0.518519
362     14  0.518519
278     14  0.518519
407     14  0.518519
     Count     Value
308      6  0.857143
165      6  0.857143
339      5  0.714286
64       4  0.571429
86       4  0.571429
154      3  0.428571
391      3  0.428571
188      3  0.428571
511      1  0.142857
Current: [165, 308]
Subround 8
not enough
     Count     Value
339     22  0.785714
165     22  0.785714
308     21  0.750000
86      20  0.714286
64      19  0.678571
391     19  0.678571
154     18  0.642857
511     17  0.607143
53      15  0.535714
3       14  0.500000
414     14  0.500000
293     14  0.500000
233     14  0.500000
378     14  0.500000
499     14  0.500000
332     14  0.500000
402     14  0.500000
362     14  0.500000
278     14  0.500000
407     14  0.500000
     Count  Value
165      7  0.875
308      6  0.750
339      6  0.750
86       5  0.625
64       4  0.500
188      4  0.500
154      3  0.375
391      3  0.375
511      2  0.250
Current: [165]
Subround 9
not enough
     Count     Value
339     22  0.758621
308     22  0.758621
165     22  0.758621
86      20  0.689655
64      20  0.689655
154     19  0.655172
391     19  0.655172
511     18  0.620690
53      16  0.551724
3       14  0.482759
414     14  0.482759
293     14  0.482759
233     14  0.482759
378     14  0.482759
499     14  0.482759
332     14  0.482759
402     14  0.482759
362     14  0.482759
278     14  0.482759
407     14  0.482759
     Count     Value
308      7  0.777778
165      7  0.777778
339      6  0.666667
64       5  0.555556
86       5  0.555556
154      4  0.444444
188      4  0.444444
511      3  0.333333
391      3  0.333333
53       1  0.111111
no winner, not enough
Current: []
Subround 10
     Count     Value
339     23  0.766667
308     22  0.733333
165     22  0.733333
64      21  0.700000
154     20  0.666667
86      20  0.666667
391     20  0.666667
511     18  0.600000
53      16  0.533333
188     14  0.466667
414     14  0.466667
293     14  0.466667
233     14  0.466667
378     14  0.466667
499     14  0.466667
332     14  0.466667
402     14  0.466667
362     14  0.466667
278     14  0.466667
407     14  0.466667
     Count  Value
308      7    0.7
165      7    0.7
339      7    0.7
64       6    0.6
154      5    0.5
188      5    0.5
86       5    0.5
391      4    0.4
511      3    0.3
53       1    0.1
no winner, not enough
Current: []
Subround 11
     Count     Value
339     23  0.741935
308     23  0.741935
64      22  0.709677
165     22  0.709677
86      21  0.677419
154     20  0.645161
391     20  0.645161
511     19  0.612903
53      17  0.548387
188     14  0.451613
414     14  0.451613
293     14  0.451613
233     14  0.451613
378     14  0.451613
499     14  0.451613
332     14  0.451613
402     14  0.451613
362     14  0.451613
278     14  0.451613
407     14  0.451613
     Count     Value
308      8  0.727273
64       7  0.636364
165      7  0.636364
339      7  0.636364
86       6  0.545455
154      5  0.454545
188      5  0.454545
511      4  0.363636
391      4  0.363636
53       2  0.181818
no winner, not enough
Current: []
Subround 12
     Count    Value
339     24  0.75000
308     23  0.71875
86      22  0.68750
64      22  0.68750
165     22  0.68750
154     21  0.65625
391     21  0.65625
511     20  0.62500
53      17  0.53125
188     14  0.43750
414     14  0.43750
293     14  0.43750
233     14  0.43750
378     14  0.43750
499     14  0.43750
332     14  0.43750
402     14  0.43750
362     14  0.43750
278     14  0.43750
407     14  0.43750
     Count     Value
308      8  0.666667
339      8  0.666667
64       7  0.583333
165      7  0.583333
86       7  0.583333
154      6  0.500000
511      5  0.416667
391      5  0.416667
188      5  0.416667
53       2  0.166667
no winner, not enough
Current: []
Subround 13
     Count     Value
339     24  0.727273
308     24  0.727273
86      23  0.696970
64      23  0.696970
165     23  0.696970
154     21  0.636364
391     21  0.636364
511     20  0.606061
53      17  0.515152
188     15  0.454545
414     14  0.424242
293     14  0.424242
233     14  0.424242
378     14  0.424242
499     14  0.424242
332     14  0.424242
402     14  0.424242
362     14  0.424242
278     14  0.424242
407     14  0.424242
     Count     Value
308      9  0.692308
64       8  0.615385
165      8  0.615385
339      8  0.615385
86       8  0.615385
154      6  0.461538
188      6  0.461538
511      5  0.384615
391      5  0.384615
53       2  0.153846
no winner, not enough
Current: []
Subround 14
     Count     Value
339     25  0.735294
86      24  0.705882
308     24  0.705882
165     24  0.705882
64      23  0.676471
391     22  0.647059
154     21  0.617647
511     20  0.588235
53      17  0.500000
188     16  0.470588
414     14  0.411765
293     14  0.411765
233     14  0.411765
378     14  0.411765
499     14  0.411765
332     14  0.411765
402     14  0.411765
362     14  0.411765
278     14  0.411765
407     14  0.411765
     Count     Value
308      9  0.642857
165      9  0.642857
339      9  0.642857
86       9  0.642857
64       8  0.571429
188      7  0.500000
154      6  0.428571
391      6  0.428571
511      5  0.357143
53       2  0.142857
no winner, not enough
Current: []
Subround 15
     Count     Value
339     26  0.742857
308     25  0.714286
165     25  0.714286
86      24  0.685714
64      24  0.685714
391     23  0.657143
154     21  0.600000
511     20  0.571429
53      17  0.485714
188     16  0.457143
414     14  0.400000
293     14  0.400000
233     14  0.400000
378     14  0.400000
499     14  0.400000
332     14  0.400000
402     14  0.400000
362     14  0.400000
278     14  0.400000
407     14  0.400000
     Count     Value
308     10  0.666667
165     10  0.666667
339     10  0.666667
64       9  0.600000
86       9  0.600000
391      7  0.466667
188      7  0.466667
154      6  0.400000
511      5  0.333333
53       2  0.133333
no winner, not enough
Current: []
Subround 16
     Count     Value
339     27  0.750000
86      25  0.694444
64      25  0.694444
308     25  0.694444
165     25  0.694444
391     23  0.638889
154     22  0.611111
511     20  0.555556
188     17  0.472222
53      17  0.472222
414     14  0.388889
293     14  0.388889
233     14  0.388889
378     14  0.388889
499     14  0.388889
332     14  0.388889
402     14  0.388889
362     14  0.388889
278     14  0.388889
407     14  0.388889
     Count   Value
339     11  0.6875
64      10  0.6250
308     10  0.6250
165     10  0.6250
86      10  0.6250
188      8  0.5000
154      7  0.4375
391      7  0.4375
511      5  0.3125
53       2  0.1250
no winner, not enough
Current: []
Subround 17
     Count     Value
339     28  0.756757
86      26  0.702703
308     26  0.702703
64      25  0.675676
165     25  0.675676
391     23  0.621622
154     22  0.594595
511     20  0.540541
188     18  0.486486
53      18  0.486486
414     14  0.378378
293     14  0.378378
233     14  0.378378
378     14  0.378378
499     14  0.378378
332     14  0.378378
402     14  0.378378
362     14  0.378378
278     14  0.378378
407     14  0.378378
     Count     Value
339     12  0.705882
308     11  0.647059
86      11  0.647059
64      10  0.588235
165     10  0.588235
188      9  0.529412
154      7  0.411765
391      7  0.411765
511      5  0.294118
53       3  0.176471
no winner, not enough
Current: []
Subround 18
     Count     Value
339     28  0.736842
86      27  0.710526
64      26  0.684211
308     26  0.684211
165     26  0.684211
154     23  0.605263
391     23  0.605263
511     20  0.526316
188     19  0.500000
53      18  0.473684
414     14  0.368421
293     14  0.368421
233     14  0.368421
378     14  0.368421
499     14  0.368421
332     14  0.368421
402     14  0.368421
362     14  0.368421
278     14  0.368421
407     14  0.368421
     Count     Value
339     12  0.666667
86      12  0.666667
64      11  0.611111
308     11  0.611111
165     11  0.611111
188     10  0.555556
154      8  0.444444
391      7  0.388889
511      5  0.277778
53       3  0.166667
no winner, not enough
Current: []
Subround 19
     Count     Value
339     29  0.743590
86      27  0.692308
308     27  0.692308
165     27  0.692308
64      26  0.666667
391     24  0.615385
154     23  0.589744
511     21  0.538462
188     19  0.487179
53      18  0.461538
414     14  0.358974
293     14  0.358974
233     14  0.358974
378     14  0.358974
499     14  0.358974
332     14  0.358974
402     14  0.358974
362     14  0.358974
278     14  0.358974
407     14  0.358974
     Count     Value
339     13  0.684211
308     12  0.631579
165     12  0.631579
86      12  0.631579
64      11  0.578947
188     10  0.526316
154      8  0.421053
391      8  0.421053
511      6  0.315789
53       3  0.157895
no winner, not enough
Current: []
Subround 20
     Count  Value
339     30  0.750
308     28  0.700
86      27  0.675
64      27  0.675
165     27  0.675
391     25  0.625
154     23  0.575
511     21  0.525
188     20  0.500
53      18  0.450
414     14  0.350
293     14  0.350
233     14  0.350
378     14  0.350
499     14  0.350
332     14  0.350
402     14  0.350
362     14  0.350
278     14  0.350
407     14  0.350
     Count  Value
339     14   0.70
308     13   0.65
64      12   0.60
165     12   0.60
86      12   0.60
188     11   0.55
391      9   0.45
154      8   0.40
511      6   0.30
53       3   0.15
no winner, not enough
Current: []
Subround 21
     Count     Value
339     31  0.756098
308     29  0.707317
64      28  0.682927
86      27  0.658537
165     27  0.658537
391     26  0.634146
154     23  0.560976
188     21  0.512195
511     21  0.512195
53      18  0.439024
414     14  0.341463
293     14  0.341463
233     14  0.341463
378     14  0.341463
499     14  0.341463
332     14  0.341463
402     14  0.341463
362     14  0.341463
278     14  0.341463
407     14  0.341463
     Count     Value
339     15  0.714286
308     14  0.666667
64      13  0.619048
165     12  0.571429
188     12  0.571429
86      12  0.571429
391     10  0.476190
154      8  0.380952
511      6  0.285714
53       3  0.142857
no winner, not enough
Current: []
Subround 22
     Count     Value
339     32  0.761905
308     30  0.714286
86      28  0.666667
64      28  0.666667
165     27  0.642857
391     26  0.619048
154     23  0.547619
511     22  0.523810
188     21  0.500000
53      19  0.452381
414     14  0.333333
293     14  0.333333
233     14  0.333333
378     14  0.333333
499     14  0.333333
332     14  0.333333
402     14  0.333333
362     14  0.333333
278     14  0.333333
407     14  0.333333
     Count     Value
339     16  0.727273
308     15  0.681818
64      13  0.590909
86      13  0.590909
165     12  0.545455
188     12  0.545455
391     10  0.454545
154      8  0.363636
511      7  0.318182
53       4  0.181818
no winner, not enough
Current: []
Subround 23
     Count     Value
339     32  0.744186
308     30  0.697674
64      29  0.674419
86      28  0.651163
165     28  0.651163
391     27  0.627907
154     24  0.558140
188     22  0.511628
511     22  0.511628
53      19  0.441860
414     14  0.325581
293     14  0.325581
233     14  0.325581
378     14  0.325581
499     14  0.325581
332     14  0.325581
402     14  0.325581
362     14  0.325581
278     14  0.325581
407     14  0.325581
     Count     Value
339     16  0.695652
308     15  0.652174
64      14  0.608696
165     13  0.565217
188     13  0.565217
86      13  0.565217
391     11  0.478261
154      9  0.391304
511      7  0.304348
53       4  0.173913
no winner, not enough
Current: []
Subround 24
     Count     Value
339     33  0.750000
308     30  0.681818
64      29  0.659091
86      28  0.636364
391     28  0.636364
165     28  0.636364
154     25  0.568182
511     23  0.522727
188     22  0.500000
53      20  0.454545
414     14  0.318182
293     14  0.318182
233     14  0.318182
378     14  0.318182
499     14  0.318182
332     14  0.318182
402     14  0.318182
362     14  0.318182
278     14  0.318182
407     14  0.318182
     Count     Value
339     17  0.708333
308     15  0.625000
64      14  0.583333
165     13  0.541667
188     13  0.541667
86      13  0.541667
391     12  0.500000
154     10  0.416667
511      8  0.333333
53       5  0.208333
no winner, not enough
Current: []
Subround 25
     Count     Value
339     34  0.755556
64      30  0.666667
308     30  0.666667
391     29  0.644444
165     29  0.644444
86      28  0.622222
154     26  0.577778
511     23  0.511111
188     22  0.488889
53      20  0.444444
414     14  0.311111
293     14  0.311111
233     14  0.311111
378     14  0.311111
499     14  0.311111
332     14  0.311111
402     14  0.311111
362     14  0.311111
278     14  0.311111
407     14  0.311111
     Count  Value
339     18   0.72
64      15   0.60
308     15   0.60
165     14   0.56
391     13   0.52
188     13   0.52
86      13   0.52
154     11   0.44
511      8   0.32
53       5   0.20
no winner, not enough
Current: []
Subround 26
     Count     Value
339     34  0.739130
64      31  0.673913
308     31  0.673913
391     30  0.652174
86      29  0.630435
165     29  0.630435
154     26  0.565217
511     24  0.521739
188     22  0.478261
53      20  0.434783
414     14  0.304348
293     14  0.304348
233     14  0.304348
378     14  0.304348
499     14  0.304348
332     14  0.304348
402     14  0.304348
362     14  0.304348
278     14  0.304348
407     14  0.304348
     Count     Value
339     18  0.692308
64      16  0.615385
308     16  0.615385
165     14  0.538462
391     14  0.538462
86      14  0.538462
188     13  0.500000
154     11  0.423077
511      9  0.346154
53       5  0.192308
no winner, not enough
Current: []
Subround 27
     Count     Value
339     35  0.744681
64      32  0.680851
308     31  0.659574
391     30  0.638298
165     30  0.638298
86      29  0.617021
154     27  0.574468
511     25  0.531915
188     22  0.468085
53      20  0.425532
414     14  0.297872
293     14  0.297872
233     14  0.297872
378     14  0.297872
499     14  0.297872
332     14  0.297872
402     14  0.297872
362     14  0.297872
278     14  0.297872
407     14  0.297872
     Count     Value
339     19  0.703704
64      17  0.629630
308     16  0.592593
165     15  0.555556
391     14  0.518519
86      14  0.518519
188     13  0.481481
154     12  0.444444
511     10  0.370370
53       5  0.185185
no winner, not enough
Current: []
Subround 28
     Count     Value
339     36  0.750000
64      32  0.666667
308     31  0.645833
165     31  0.645833
86      30  0.625000
391     30  0.625000
154     27  0.562500
511     25  0.520833
188     23  0.479167
53      21  0.437500
414     14  0.291667
293     14  0.291667
233     14  0.291667
378     14  0.291667
499     14  0.291667
332     14  0.291667
402     14  0.291667
362     14  0.291667
278     14  0.291667
407     14  0.291667
     Count     Value
339     20  0.714286
64      17  0.607143
308     16  0.571429
165     16  0.571429
86      15  0.535714
391     14  0.500000
188     14  0.500000
154     12  0.428571
511     10  0.357143
53       6  0.214286
no winner, not enough
Current: []
Subround 29
     Count     Value
339     37  0.755102
64      33  0.673469
165     32  0.653061
391     31  0.632653
308     31  0.632653
86      30  0.612245
154     28  0.571429
511     25  0.510204
188     23  0.469388
53      21  0.428571
414     14  0.285714
293     14  0.285714
233     14  0.285714
378     14  0.285714
499     14  0.285714
332     14  0.285714
402     14  0.285714
362     14  0.285714
278     14  0.285714
407     14  0.285714
     Count     Value
339     21  0.724138
64      18  0.620690
165     17  0.586207
308     16  0.551724
391     15  0.517241
86      15  0.517241
188     14  0.482759
154     13  0.448276
511     10  0.344828
53       6  0.206897
no winner, not enough
Current: []
Subround 30
     Count  Value
339     38   0.76
64      33   0.66
165     32   0.64
86      31   0.62
391     31   0.62
308     31   0.62
154     29   0.58
511     25   0.50
188     24   0.48
53      22   0.44
414     14   0.28
293     14   0.28
233     14   0.28
378     14   0.28
499     14   0.28
332     14   0.28
402     14   0.28
362     14   0.28
278     14   0.28
407     14   0.28
     Count     Value
339     22  0.733333
64      18  0.600000
165     17  0.566667
308     16  0.533333
86      16  0.533333
391     15  0.500000
188     15  0.500000
154     14  0.466667
511     10  0.333333
53       7  0.233333
Rest half winner
Current: [3, 5, 9, 10, 12, 13, 14, 15, 16, 18, 20, 22, 24, 26, 27, 28, 29, 30, 31, 32, 36, 41, 42, 45, 46, 47, 48, 52, 53, 56, 57, 59, 62, 63, 64, 65, 68, 72, 73, 74, 79, 80, 81, 83, 86, 89, 90, 91, 94, 95, 96, 98, 100, 102, 103, 104, 107, 108, 110, 111, 115, 117, 119, 120, 121, 122, 123, 126, 128, 132, 133, 139, 140, 142, 143, 144, 145, 147, 151, 153, 154, 157, 160, 161, 163, 165, 166, 167, 168, 170, 172, 177, 178, 183, 184, 185, 186, 188, 193, 198, 199, 200, 201, 203, 204, 206, 207, 208, 213, 214, 215, 216, 221, 222, 224, 225, 227, 230, 233, 237, 238, 241, 242, 245, 249, 250, 253, 255, 256, 257, 258, 261, 262, 263, 264, 266, 267, 268, 269, 270, 278, 279, 281, 282, 283, 284, 287, 288, 293, 295, 297, 298, 300, 308, 309, 310, 311, 314, 316, 318, 319, 321, 322, 327, 330, 332, 333, 334, 335, 336, 338, 339, 346, 347, 348, 353, 356, 357, 361, 362, 363, 365, 366, 367, 369, 374, 376, 377, 378, 383, 384, 385, 387, 388, 390, 391, 393, 395, 398, 402, 403, 407, 409, 410, 411, 414, 415, 418, 421, 423, 425, 426, 427, 428, 429, 430, 431, 432, 435, 439, 440, 441, 442, 443, 445, 446, 451, 452, 454, 455, 458, 461, 463, 464, 469, 470, 472, 473, 476, 477, 480, 481, 482, 483, 486, 488, 494, 497, 499, 500, 503, 505, 506, 508, 509, 511]
Round 3
Subround 1
not enough
     Count  Value
178      1    1.0
300      1    1.0
133      1    1.0
203      1    1.0
16       1    1.0
163      1    1.0
132      1    1.0
309      1    1.0
199      1    1.0
115      1    1.0
167      1    1.0
505      1    1.0
319      1    1.0
28       1    1.0
253      1    1.0
26       1    1.0
508      1    1.0
74       1    1.0
268      1    1.0
227      1    1.0
     Count  Value
178      1    1.0
300      1    1.0
133      1    1.0
203      1    1.0
16       1    1.0
163      1    1.0
132      1    1.0
309      1    1.0
199      1    1.0
115      1    1.0
Current: [3, 5, 10, 12, 16, 20, 24, 26, 27, 28, 29, 31, 32, 42, 46, 47, 48, 52, 56, 63, 64, 72, 74, 79, 83, 90, 95, 96, 100, 110, 111, 115, 117, 120, 132, 133, 140, 144, 153, 157, 161, 163, 166, 167, 170, 178, 183, 184, 193, 198, 199, 203, 204, 206, 207, 208, 213, 225, 227, 230, 242, 245, 250, 253, 255, 256, 257, 263, 264, 267, 268, 284, 287, 288, 293, 297, 300, 308, 309, 310, 318, 319, 339, 346, 347, 353, 356, 357, 362, 365, 367, 374, 383, 385, 390, 391, 393, 395, 402, 403, 410, 415, 418, 421, 423, 425, 429, 431, 443, 445, 446, 451, 452, 454, 455, 469, 473, 480, 483, 486, 488, 497, 499, 500, 505, 506, 508, 511]
Subround 2
not enough
     Count  Value
506      2    1.0
115      2    1.0
28       2    1.0
253      2    1.0
74       2    1.0
227      2    1.0
365      2    1.0
117      2    1.0
140      2    1.0
418      2    1.0
446      2    1.0
511      2    1.0
374      2    1.0
455      2    1.0
255      2    1.0
52       2    1.0
429      2    1.0
198      2    1.0
318      2    1.0
167      2    1.0
     Count  Value
506      2    1.0
115      2    1.0
28       2    1.0
253      2    1.0
74       2    1.0
227      2    1.0
365      2    1.0
117      2    1.0
140      2    1.0
418      2    1.0
Current: [10, 12, 24, 28, 29, 31, 52, 63, 64, 72, 74, 79, 100, 110, 115, 117, 120, 133, 140, 144, 153, 161, 167, 170, 183, 193, 198, 203, 227, 245, 250, 253, 255, 263, 264, 284, 287, 308, 318, 339, 357, 362, 365, 367, 374, 383, 390, 393, 403, 410, 415, 418, 421, 425, 429, 431, 446, 455, 473, 480, 486, 488, 499, 500, 506, 511]
Subround 3
not enough
     Count     Value
480      3  1.000000
393      3  1.000000
418      3  1.000000
455      3  1.000000
486      3  1.000000
100      3  1.000000
64       3  1.000000
199      2  0.666667
309      2  0.666667
132      2  0.666667
163      2  0.666667
16       2  0.666667
178      2  0.666667
167      2  0.666667
203      2  0.666667
133      2  0.666667
506      2  0.666667
367      2  0.666667
293      2  0.666667
115      2  0.666667
     Count     Value
480      3  1.000000
393      3  1.000000
418      3  1.000000
455      3  1.000000
486      3  1.000000
100      3  1.000000
64       3  1.000000
199      2  0.666667
309      2  0.666667
132      2  0.666667
Current: [64, 100, 393, 418, 455, 480, 486]
Subround 4
not enough
     Count  Value
64       4   1.00
455      4   1.00
446      3   0.75
319      3   0.75
253      3   0.75
26       3   0.75
365      3   0.75
117      3   0.75
140      3   0.75
418      3   0.75
46       3   0.75
178      3   0.75
199      3   0.75
511      3   0.75
62       3   0.75
242      3   0.75
356      3   0.75
52       3   0.75
391      3   0.75
225      3   0.75
     Count  Value
64       4   1.00
455      4   1.00
446      3   0.75
319      3   0.75
253      3   0.75
26       3   0.75
365      3   0.75
117      3   0.75
140      3   0.75
418      3   0.75
Current: [64, 455]
Subround 5
not enough
     Count  Value
455      5    1.0
339      4    0.8
207      4    0.8
225      4    0.8
120      4    0.8
486      4    0.8
451      4    0.8
395      4    0.8
480      4    0.8
52       4    0.8
356      4    0.8
100      4    0.8
383      4    0.8
26       4    0.8
365      4    0.8
454      4    0.8
64       4    0.8
253      4    0.8
418      4    0.8
309      3    0.6
     Count  Value
455      5    1.0
339      4    0.8
207      4    0.8
225      4    0.8
120      4    0.8
486      4    0.8
451      4    0.8
395      4    0.8
480      4    0.8
52       4    0.8
Current: [455]
Subround 6
not enough
     Count     Value
455      6  1.000000
120      5  0.833333
395      5  0.833333
480      5  0.833333
365      5  0.833333
253      5  0.833333
64       5  0.833333
225      5  0.833333
486      5  0.833333
383      5  0.833333
339      5  0.833333
5        4  0.666667
445      4  0.666667
140      4  0.666667
418      4  0.666667
161      4  0.666667
233      4  0.666667
356      4  0.666667
52       4  0.666667
216      4  0.666667
     Count     Value
455      6  1.000000
120      5  0.833333
395      5  0.833333
480      5  0.833333
365      5  0.833333
253      5  0.833333
64       5  0.833333
225      5  0.833333
486      5  0.833333
383      5  0.833333
Current: [64, 120, 225, 253, 339, 365, 383, 395, 455, 480, 486]
Subround 7
not enough
     Count     Value
455      7  1.000000
64       6  0.857143
383      6  0.857143
339      6  0.857143
120      6  0.857143
167      5  0.714286
393      5  0.714286
480      5  0.714286
395      5  0.714286
357      5  0.714286
356      5  0.714286
445      5  0.714286
407      5  0.714286
123      5  0.714286
206      5  0.714286
486      5  0.714286
100      5  0.714286
184      5  0.714286
225      5  0.714286
111      5  0.714286
     Count     Value
455      7  1.000000
64       6  0.857143
383      6  0.857143
339      6  0.857143
120      6  0.857143
167      5  0.714286
393      5  0.714286
480      5  0.714286
395      5  0.714286
357      5  0.714286
Current: [64, 120, 339, 383, 455]
Subround 8
not enough
     Count  Value
455      7  0.875
120      7  0.875
64       7  0.875
24       6  0.750
480      6  0.750
393      6  0.750
16       6  0.750
407      6  0.750
365      6  0.750
418      6  0.750
357      6  0.750
100      6  0.750
111      6  0.750
383      6  0.750
356      6  0.750
95       6  0.750
486      6  0.750
167      6  0.750
339      6  0.750
423      5  0.625
     Count  Value
455      7  0.875
120      7  0.875
64       7  0.875
24       6  0.750
480      6  0.750
393      6  0.750
16       6  0.750
407      6  0.750
365      6  0.750
418      6  0.750
Current: [64, 120, 455]
Subround 9
not enough
     Count     Value
455      8  0.888889
120      7  0.777778
383      7  0.777778
339      7  0.777778
64       7  0.777778
486      7  0.777778
100      6  0.666667
184      6  0.666667
357      6  0.666667
415      6  0.666667
407      6  0.666667
215      6  0.666667
199      6  0.666667
123      6  0.666667
225      6  0.666667
95       6  0.666667
356      6  0.666667
111      6  0.666667
445      6  0.666667
480      6  0.666667
     Count     Value
455      8  0.888889
120      7  0.777778
383      7  0.777778
339      7  0.777778
64       7  0.777778
486      7  0.777778
100      6  0.666667
184      6  0.666667
357      6  0.666667
415      6  0.666667
Current: [455]
Subround 10
     Count  Value
455      9    0.9
339      8    0.8
120      7    0.7
253      7    0.7
393      7    0.7
407      7    0.7
383      7    0.7
418      7    0.7
356      7    0.7
402      7    0.7
123      7    0.7
486      7    0.7
415      7    0.7
24       7    0.7
167      7    0.7
16       7    0.7
95       7    0.7
199      7    0.7
347      7    0.7
225      7    0.7
     Count  Value
455      9    0.9
339      8    0.8
120      7    0.7
253      7    0.7
393      7    0.7
407      7    0.7
383      7    0.7
418      7    0.7
356      7    0.7
402      7    0.7
Current: [455]
Winning offset:
[455]
2021-09-08 02:49:48.702775
2021-09-08 02:52:59.435361
0:03:10.732586
