Loading page file profiles/lab06/pages/0x2a44b.yaml
Loading page file profiles/lab06/pages/0x2a460.yaml
Loading page file profiles/lab06/pages/0x2a4e3.yaml
Loading page file profiles/lab06/pages/0x2a4e5.yaml
Loading page file profiles/lab06/pages/0x2a800.yaml
Loading page file profiles/lab06/pages/0x2a804.yaml
Loading page file profiles/lab06/pages/0x2a805.yaml
Round 1
Subround 1
not enough
     Count  Value
2        1    1.0
198      1    1.0
300      1    1.0
34       1    1.0
199      1    1.0
399      1    1.0
4        1    1.0
20       1    1.0
43       1    1.0
171      1    1.0
478      1    1.0
91       1    1.0
496      1    1.0
35       1    1.0
289      1    1.0
18       1    1.0
78       1    1.0
219      1    1.0
232      1    1.0
367      1    1.0
     Count  Value
2        1    1.0
198      1    1.0
300      1    1.0
34       1    1.0
199      1    1.0
399      1    1.0
4        1    1.0
20       1    1.0
43       1    1.0
171      1    1.0
Current: [2, 3, 4, 5, 6, 8, 9, 11, 12, 17, 18, 20, 22, 23, 25, 27, 28, 30, 32, 34, 35, 36, 39, 40, 41, 42, 43, 46, 49, 50, 52, 54, 55, 61, 63, 64, 67, 70, 71, 72, 73, 75, 77, 78, 79, 80, 81, 83, 86, 87, 91, 92, 94, 96, 98, 100, 101, 102, 103, 104, 105, 107, 112, 113, 116, 118, 121, 123, 124, 127, 129, 131, 133, 135, 137, 138, 143, 144, 150, 156, 157, 158, 159, 160, 161, 162, 164, 167, 169, 170, 171, 173, 175, 176, 177, 178, 183, 186, 187, 188, 189, 190, 191, 193, 196, 198, 199, 200, 204, 205, 206, 208, 209, 210, 211, 212, 214, 219, 224, 225, 226, 229, 230, 231, 232, 235, 237, 239, 240, 242, 244, 245, 249, 250, 252, 254, 256, 257, 259, 260, 261, 263, 265, 266, 267, 270, 277, 278, 282, 286, 289, 291, 292, 294, 296, 298, 299, 300, 301, 302, 303, 304, 305, 307, 308, 309, 311, 313, 314, 316, 318, 319, 320, 321, 324, 328, 330, 333, 334, 336, 337, 338, 339, 343, 346, 349, 351, 353, 355, 357, 360, 361, 362, 365, 367, 368, 373, 375, 376, 377, 378, 381, 385, 393, 395, 397, 399, 405, 409, 410, 412, 415, 421, 422, 423, 424, 426, 427, 429, 431, 433, 435, 436, 440, 441, 445, 448, 450, 451, 453, 454, 456, 458, 459, 461, 462, 467, 469, 475, 477, 478, 480, 483, 484, 487, 490, 493, 496, 497, 498, 499, 501, 502, 506, 508, 511]
Subround 2
not enough
     Count  Value
475      2    1.0
210      2    1.0
32       2    1.0
484      2    1.0
75       2    1.0
353      2    1.0
235      2    1.0
456      2    1.0
143      2    1.0
27       2    1.0
278      2    1.0
77       2    1.0
212      2    1.0
30       2    1.0
8        2    1.0
177      2    1.0
193      2    1.0
190      2    1.0
365      2    1.0
229      2    1.0
     Count  Value
475      2    1.0
210      2    1.0
32       2    1.0
484      2    1.0
75       2    1.0
353      2    1.0
235      2    1.0
456      2    1.0
143      2    1.0
27       2    1.0
Current: [4, 5, 6, 8, 9, 11, 12, 17, 18, 27, 30, 32, 34, 35, 36, 42, 54, 67, 71, 72, 73, 75, 77, 79, 92, 94, 96, 98, 100, 101, 102, 104, 112, 116, 118, 121, 123, 124, 127, 135, 137, 138, 143, 144, 150, 157, 160, 161, 162, 164, 170, 171, 173, 177, 178, 186, 189, 190, 193, 199, 204, 205, 208, 210, 212, 214, 219, 229, 235, 239, 245, 249, 250, 252, 254, 259, 263, 265, 266, 270, 277, 278, 282, 289, 291, 292, 301, 308, 309, 311, 314, 318, 324, 330, 333, 334, 337, 338, 339, 346, 349, 351, 353, 355, 360, 361, 365, 367, 375, 385, 399, 422, 433, 435, 440, 441, 445, 456, 461, 462, 467, 469, 475, 477, 480, 484, 493, 496, 498, 499, 502, 508, 511]
Subround 3
not enough
     Count  Value
205      3    1.0
435      3    1.0
252      3    1.0
291      3    1.0
124      3    1.0
98       3    1.0
339      3    1.0
259      3    1.0
173      3    1.0
178      3    1.0
433      3    1.0
337      3    1.0
330      3    1.0
311      3    1.0
493      3    1.0
462      3    1.0
245      3    1.0
309      3    1.0
96       3    1.0
190      3    1.0
     Count  Value
205      3    1.0
435      3    1.0
252      3    1.0
291      3    1.0
124      3    1.0
98       3    1.0
339      3    1.0
259      3    1.0
173      3    1.0
178      3    1.0
Current: [6, 8, 9, 11, 17, 32, 35, 96, 98, 112, 121, 124, 135, 171, 173, 178, 186, 190, 199, 205, 239, 245, 252, 259, 270, 291, 309, 311, 330, 337, 339, 355, 433, 435, 461, 462, 493]
Subround 4
not enough
     Count  Value
96       4   1.00
339      4   1.00
309      4   1.00
205      4   1.00
35       4   1.00
337      4   1.00
433      4   1.00
9        4   1.00
291      4   1.00
178      4   1.00
112      4   1.00
6        4   1.00
8        4   1.00
124      4   1.00
493      4   1.00
173      4   1.00
435      4   1.00
171      3   0.75
20       3   0.75
4        3   0.75
     Count  Value
96       4    1.0
339      4    1.0
309      4    1.0
205      4    1.0
35       4    1.0
337      4    1.0
433      4    1.0
9        4    1.0
291      4    1.0
178      4    1.0
Current: [2, 3, 4, 6, 8, 9, 11, 12, 17, 20, 23, 25, 28, 30, 32, 35, 41, 42, 44, 49, 52, 54, 56, 58, 63, 64, 67, 70, 77, 78, 79, 83, 89, 96, 98, 101, 102, 104, 105, 106, 109, 112, 113, 118, 121, 123, 124, 127, 135, 141, 156, 157, 160, 161, 167, 168, 169, 170, 171, 173, 175, 178, 186, 187, 189, 190, 193, 199, 201, 204, 205, 206, 209, 210, 214, 229, 230, 237, 239, 242, 244, 245, 252, 254, 259, 260, 261, 263, 264, 270, 277, 278, 286, 291, 301, 302, 304, 309, 311, 313, 314, 324, 330, 337, 338, 339, 349, 351, 353, 355, 361, 362, 364, 365, 367, 373, 375, 378, 381, 385, 389, 393, 412, 416, 418, 420, 421, 423, 424, 433, 435, 437, 440, 453, 459, 461, 462, 469, 471, 475, 480, 483, 484, 487, 490, 493, 496, 499, 501, 502, 508, 511]
Subround 5
not enough
     Count  Value
309      5    1.0
339      5    1.0
178      5    1.0
112      5    1.0
6        5    1.0
433      5    1.0
8        5    1.0
291      4    0.8
277      4    0.8
175      4    0.8
77       4    0.8
484      4    0.8
32       4    0.8
63       4    0.8
190      4    0.8
105      4    0.8
170      4    0.8
64       4    0.8
96       4    0.8
420      4    0.8
     Count  Value
309      5    1.0
339      5    1.0
178      5    1.0
112      5    1.0
6        5    1.0
433      5    1.0
8        5    1.0
291      4    0.8
277      4    0.8
175      4    0.8
Current: [6, 8, 9, 12, 17, 20, 23, 32, 35, 41, 63, 64, 77, 83, 96, 98, 101, 102, 105, 112, 118, 121, 124, 135, 141, 156, 160, 169, 170, 171, 173, 175, 178, 187, 190, 193, 199, 204, 205, 206, 214, 244, 252, 259, 264, 270, 277, 291, 301, 309, 324, 330, 337, 339, 351, 355, 361, 365, 367, 420, 433, 435, 461, 484, 487, 490, 493, 496, 502, 508]
Subround 6
not enough
     Count     Value
433      6  1.000000
339      6  1.000000
309      6  1.000000
112      6  1.000000
77       5  0.833333
252      5  0.833333
175      5  0.833333
205      5  0.833333
214      5  0.833333
160      5  0.833333
41       5  0.833333
435      5  0.833333
102      5  0.833333
270      5  0.833333
83       5  0.833333
8        5  0.833333
121      5  0.833333
135      5  0.833333
171      5  0.833333
330      5  0.833333
     Count     Value
433      6  1.000000
339      6  1.000000
309      6  1.000000
112      6  1.000000
77       5  0.833333
252      5  0.833333
175      5  0.833333
205      5  0.833333
214      5  0.833333
160      5  0.833333
Current: [6, 8, 9, 32, 41, 63, 77, 83, 101, 102, 112, 121, 135, 156, 160, 170, 171, 175, 178, 205, 214, 244, 252, 259, 270, 309, 324, 330, 337, 339, 351, 361, 367, 420, 433, 435, 496]
Subround 7
not enough
     Count     Value
433      7  1.000000
112      7  1.000000
309      7  1.000000
339      7  1.000000
214      6  0.857143
121      6  0.857143
361      6  0.857143
6        6  0.857143
83       6  0.857143
252      6  0.857143
420      6  0.857143
77       6  0.857143
205      6  0.857143
259      6  0.857143
63       6  0.857143
324      6  0.857143
170      6  0.857143
351      6  0.857143
367      6  0.857143
178      6  0.857143
     Count     Value
433      7  1.000000
112      7  1.000000
309      7  1.000000
339      7  1.000000
214      6  0.857143
121      6  0.857143
361      6  0.857143
6        6  0.857143
83       6  0.857143
252      6  0.857143
Current: [6, 8, 9, 15, 16, 20, 25, 27, 28, 30, 32, 36, 41, 49, 50, 54, 56, 58, 61, 63, 70, 73, 76, 77, 79, 82, 83, 89, 94, 99, 101, 102, 105, 109, 112, 113, 121, 123, 127, 135, 144, 156, 157, 160, 162, 170, 171, 175, 178, 183, 187, 188, 199, 205, 209, 210, 214, 221, 224, 236, 239, 244, 245, 252, 254, 257, 259, 263, 264, 270, 282, 286, 289, 291, 302, 303, 304, 309, 314, 324, 330, 336, 337, 339, 344, 351, 353, 361, 364, 367, 368, 369, 373, 375, 389, 393, 395, 409, 416, 420, 421, 422, 426, 428, 429, 433, 435, 440, 444, 462, 469, 475, 480, 483, 487, 495, 496, 499, 507, 511]
Subround 8
not enough
     Count  Value
339      8  1.000
112      8  1.000
309      8  1.000
83       7  0.875
101      7  0.875
171      7  0.875
121      7  0.875
135      7  0.875
433      7  0.875
77       7  0.875
259      7  0.875
160      7  0.875
178      7  0.875
330      7  0.875
337      7  0.875
420      7  0.875
245      6  0.750
25       6  0.750
214      6  0.750
303      6  0.750
     Count  Value
339      8  1.000
112      8  1.000
309      8  1.000
83       7  0.875
101      7  0.875
171      7  0.875
121      7  0.875
135      7  0.875
433      7  0.875
77       7  0.875
Current: [6, 9, 15, 20, 25, 27, 32, 36, 49, 54, 56, 63, 73, 76, 77, 79, 83, 101, 102, 109, 112, 121, 123, 135, 144, 157, 160, 170, 171, 175, 178, 199, 205, 209, 214, 221, 236, 239, 244, 245, 252, 259, 263, 286, 289, 291, 302, 303, 309, 314, 324, 330, 337, 339, 351, 361, 364, 367, 373, 395, 409, 416, 420, 421, 422, 426, 429, 433, 435, 475, 480, 495, 496, 499, 507, 511]
Subround 9
not enough
     Count     Value
112      9  1.000000
339      9  1.000000
309      9  1.000000
160      8  0.888889
420      8  0.888889
330      8  0.888889
178      8  0.888889
171      8  0.888889
77       8  0.888889
135      8  0.888889
83       8  0.888889
259      8  0.888889
121      8  0.888889
337      8  0.888889
101      8  0.888889
236      7  0.777778
54       7  0.777778
239      7  0.777778
49       7  0.777778
25       7  0.777778
     Count     Value
112      9  1.000000
339      9  1.000000
309      9  1.000000
160      8  0.888889
420      8  0.888889
330      8  0.888889
178      8  0.888889
171      8  0.888889
77       8  0.888889
135      8  0.888889
Current: [15, 20, 25, 27, 32, 36, 49, 54, 56, 73, 77, 79, 83, 101, 109, 112, 121, 123, 135, 144, 157, 160, 171, 175, 178, 199, 209, 221, 236, 239, 245, 259, 263, 286, 291, 302, 303, 309, 314, 330, 337, 339, 361, 364, 373, 395, 409, 416, 420, 421, 422, 426, 429, 433, 475, 480, 495, 499, 507, 511]
Subround 10
not enough
     Count  Value
309     10    1.0
339     10    1.0
121      9    0.9
112      9    0.9
178      9    0.9
135      9    0.9
77       9    0.9
337      9    0.9
330      9    0.9
395      8    0.8
361      8    0.8
36       8    0.8
302      8    0.8
171      8    0.8
209      8    0.8
420      8    0.8
475      8    0.8
54       8    0.8
123      8    0.8
83       8    0.8
     Count  Value
309     10    1.0
339     10    1.0
121      9    0.9
112      9    0.9
178      9    0.9
135      9    0.9
77       9    0.9
337      9    0.9
330      9    0.9
395      8    0.8
Current: [15, 27, 36, 54, 56, 77, 83, 101, 112, 121, 123, 135, 160, 171, 175, 178, 209, 236, 239, 245, 259, 302, 309, 314, 330, 337, 339, 361, 373, 395, 416, 420, 421, 422, 426, 475, 495, 511]
Subround 11
not enough
     Count     Value
339     11  1.000000
121     10  0.909091
337     10  0.909091
112     10  0.909091
309     10  0.909091
83       9  0.818182
361      9  0.818182
56       9  0.818182
160      9  0.818182
259      9  0.818182
77       9  0.818182
245      9  0.818182
420      9  0.818182
330      9  0.818182
302      9  0.818182
395      9  0.818182
171      9  0.818182
135      9  0.818182
178      9  0.818182
101      9  0.818182
     Count     Value
339     11  1.000000
121     10  0.909091
337     10  0.909091
112     10  0.909091
309     10  0.909091
83       9  0.818182
361      9  0.818182
56       9  0.818182
160      9  0.818182
259      9  0.818182
Current: [9, 15, 18, 20, 25, 27, 31, 32, 33, 34, 36, 54, 56, 77, 79, 83, 101, 109, 112, 121, 123, 135, 144, 157, 160, 164, 171, 175, 178, 199, 209, 236, 239, 245, 259, 291, 298, 302, 303, 309, 314, 330, 337, 339, 361, 364, 373, 389, 395, 416, 420, 421, 422, 426, 429, 433, 475, 480, 495, 511]
Subround 12
not enough
     Count     Value
339     12  1.000000
112     11  0.916667
83      10  0.833333
420     10  0.833333
56      10  0.833333
171     10  0.833333
101     10  0.833333
259     10  0.833333
309     10  0.833333
395     10  0.833333
135     10  0.833333
121     10  0.833333
330     10  0.833333
337     10  0.833333
178     10  0.833333
15       9  0.750000
164      9  0.750000
433      9  0.750000
20       9  0.750000
364      9  0.750000
     Count     Value
339     12  1.000000
112     11  0.916667
83      10  0.833333
420     10  0.833333
56      10  0.833333
171     10  0.833333
101     10  0.833333
259     10  0.833333
309     10  0.833333
395     10  0.833333
Current: [9, 15, 18, 20, 25, 33, 34, 56, 77, 79, 83, 101, 112, 121, 135, 144, 160, 164, 171, 175, 178, 209, 236, 245, 259, 298, 302, 309, 330, 337, 339, 361, 364, 373, 389, 395, 420, 422, 433, 480, 495, 511]
Subround 13
not enough
     Count     Value
339     13  1.000000
83      11  0.846154
420     11  0.846154
121     11  0.846154
395     11  0.846154
135     11  0.846154
337     11  0.846154
171     11  0.846154
112     11  0.846154
330     11  0.846154
361     10  0.769231
77      10  0.769231
209     10  0.769231
389     10  0.769231
309     10  0.769231
245     10  0.769231
160     10  0.769231
236     10  0.769231
56      10  0.769231
259     10  0.769231
     Count     Value
339     13  1.000000
83      11  0.846154
420     11  0.846154
121     11  0.846154
395     11  0.846154
135     11  0.846154
337     11  0.846154
171     11  0.846154
112     11  0.846154
330     11  0.846154
Current: [9, 56, 77, 83, 101, 112, 121, 135, 160, 171, 178, 209, 236, 245, 259, 302, 309, 330, 337, 339, 361, 389, 395, 420, 433]
Subround 14
not enough
     Count     Value
339     14  1.000000
83      12  0.857143
395     12  0.857143
330     12  0.857143
121     12  0.857143
309     11  0.785714
337     11  0.785714
209     11  0.785714
236     11  0.785714
77      11  0.785714
245     11  0.785714
171     11  0.785714
112     11  0.785714
302     11  0.785714
135     11  0.785714
420     11  0.785714
259     11  0.785714
9       11  0.785714
101     11  0.785714
123     10  0.714286
     Count     Value
339     14  1.000000
83      12  0.857143
395     12  0.857143
330     12  0.857143
121     12  0.857143
309     11  0.785714
337     11  0.785714
209     11  0.785714
236     11  0.785714
77      11  0.785714
Current: [9, 18, 20, 36, 56, 77, 83, 101, 109, 112, 121, 123, 135, 144, 160, 171, 175, 178, 209, 236, 245, 249, 259, 286, 291, 302, 309, 324, 330, 337, 339, 361, 364, 373, 386, 389, 395, 416, 420, 433, 435, 475, 480, 495]
Subround 15
not enough
     Count     Value
339     15  1.000000
395     12  0.800000
9       12  0.800000
337     12  0.800000
330     12  0.800000
121     12  0.800000
302     12  0.800000
83      12  0.800000
259     12  0.800000
101     12  0.800000
386     11  0.733333
36      11  0.733333
209     11  0.733333
77      11  0.733333
175     11  0.733333
389     11  0.733333
420     11  0.733333
480     11  0.733333
309     11  0.733333
245     11  0.733333
     Count  Value
339     15    1.0
395     12    0.8
9       12    0.8
337     12    0.8
330     12    0.8
121     12    0.8
302     12    0.8
83      12    0.8
259     12    0.8
101     12    0.8
Current: [9, 18, 36, 56, 77, 83, 101, 112, 121, 135, 144, 171, 175, 209, 236, 245, 249, 259, 286, 302, 309, 324, 330, 337, 339, 361, 386, 389, 395, 420, 480]
Subround 16
not enough
     Count   Value
339     16  1.0000
259     13  0.8125
395     13  0.8125
302     13  0.8125
9       13  0.8125
83      13  0.8125
36      12  0.7500
112     12  0.7500
330     12  0.7500
249     12  0.7500
361     12  0.7500
135     12  0.7500
121     12  0.7500
389     12  0.7500
324     12  0.7500
144     12  0.7500
337     12  0.7500
101     12  0.7500
286     12  0.7500
171     12  0.7500
     Count   Value
339     16  1.0000
259     13  0.8125
395     13  0.8125
302     13  0.8125
9       13  0.8125
83      13  0.8125
36      12  0.7500
112     12  0.7500
330     12  0.7500
249     12  0.7500
Current: [9, 36, 83, 101, 112, 121, 135, 144, 171, 209, 249, 259, 286, 302, 324, 330, 337, 339, 361, 389, 395, 480]
Subround 17
not enough
     Count     Value
339     17  1.000000
395     13  0.764706
83      13  0.764706
337     13  0.764706
330     13  0.764706
121     13  0.764706
302     13  0.764706
101     13  0.764706
9       13  0.764706
259     13  0.764706
36      12  0.705882
286     12  0.705882
175     12  0.705882
209     12  0.705882
361     12  0.705882
135     12  0.705882
480     12  0.705882
249     12  0.705882
112     12  0.705882
18      12  0.705882
     Count     Value
339     17  1.000000
395     13  0.764706
83      13  0.764706
337     13  0.764706
330     13  0.764706
121     13  0.764706
302     13  0.764706
101     13  0.764706
9       13  0.764706
259     13  0.764706
Current: [9, 18, 36, 56, 63, 77, 79, 83, 101, 112, 121, 135, 144, 171, 175, 209, 236, 245, 249, 259, 286, 302, 309, 324, 330, 337, 339, 361, 386, 389, 395, 420, 480]
Subround 18
not enough
     Count     Value
339     17  0.944444
101     14  0.777778
395     14  0.777778
330     14  0.777778
83      14  0.777778
302     14  0.777778
121     14  0.777778
389     13  0.722222
259     13  0.722222
337     13  0.722222
245     13  0.722222
309     13  0.722222
63      13  0.722222
209     13  0.722222
36      13  0.722222
112     13  0.722222
324     13  0.722222
135     13  0.722222
361     13  0.722222
79      13  0.722222
     Count     Value
339     17  0.944444
101     14  0.777778
395     14  0.777778
330     14  0.777778
83      14  0.777778
302     14  0.777778
121     14  0.777778
389     13  0.722222
259     13  0.722222
337     13  0.722222
Current: [9, 36, 63, 79, 83, 101, 112, 121, 135, 209, 236, 245, 259, 286, 302, 309, 324, 330, 337, 339, 361, 389, 395, 420, 480]
Subround 19
not enough
     Count     Value
339     17  0.894737
330     15  0.789474
112     14  0.736842
337     14  0.736842
121     14  0.736842
36      14  0.736842
302     14  0.736842
9       14  0.736842
101     14  0.736842
480     14  0.736842
83      14  0.736842
395     14  0.736842
135     13  0.684211
79      13  0.684211
324     13  0.684211
511     13  0.684211
245     13  0.684211
309     13  0.684211
286     13  0.684211
221     13  0.684211
     Count     Value
339     17  0.894737
330     15  0.789474
112     14  0.736842
337     14  0.736842
121     14  0.736842
36      14  0.736842
302     14  0.736842
9       14  0.736842
101     14  0.736842
480     14  0.736842
Current: [9, 36, 83, 101, 112, 121, 302, 330, 337, 339, 395, 480]
Subround 20
     Count  Value
339     18   0.90
395     15   0.75
330     15   0.75
112     15   0.75
337     14   0.70
83      14   0.70
245     14   0.70
309     14   0.70
302     14   0.70
175     14   0.70
209     14   0.70
420     14   0.70
36      14   0.70
361     14   0.70
121     14   0.70
171     14   0.70
77      14   0.70
324     14   0.70
286     14   0.70
135     14   0.70
     Count  Value
339     18   0.90
395     15   0.75
330     15   0.75
112     15   0.75
337     14   0.70
83      14   0.70
245     14   0.70
309     14   0.70
302     14   0.70
175     14   0.70
Current: [112, 330, 339, 395]
Round 2
Subround 1
not enough
     Count     Value
339     19  0.904762
112     16  0.761905
395     15  0.714286
330     15  0.714286
83      14  0.666667
337     14  0.666667
245     14  0.666667
309     14  0.666667
302     14  0.666667
175     14  0.666667
209     14  0.666667
420     14  0.666667
36      14  0.666667
361     14  0.666667
121     14  0.666667
171     14  0.666667
77      14  0.666667
324     14  0.666667
286     14  0.666667
135     14  0.666667
     Count  Value
112      1    1.0
339      1    1.0
Current: [339]
Subround 2
not enough
     Count     Value
339     19  0.863636
112     17  0.772727
330     16  0.727273
395     15  0.681818
83      14  0.636364
337     14  0.636364
245     14  0.636364
309     14  0.636364
302     14  0.636364
175     14  0.636364
209     14  0.636364
420     14  0.636364
36      14  0.636364
361     14  0.636364
121     14  0.636364
171     14  0.636364
77      14  0.636364
324     14  0.636364
286     14  0.636364
135     14  0.636364
     Count  Value
112      2    1.0
339      1    0.5
330      1    0.5
Current: [339]
Subround 3
not enough
     Count     Value
339     20  0.869565
112     18  0.782609
330     16  0.695652
395     15  0.652174
83      14  0.608696
337     14  0.608696
245     14  0.608696
309     14  0.608696
302     14  0.608696
175     14  0.608696
209     14  0.608696
420     14  0.608696
36      14  0.608696
361     14  0.608696
121     14  0.608696
171     14  0.608696
77      14  0.608696
324     14  0.608696
286     14  0.608696
135     14  0.608696
     Count     Value
112      3  1.000000
339      2  0.666667
330      1  0.333333
Current: [339]
Subround 4
not enough
     Count     Value
339     21  0.875000
112     18  0.750000
395     16  0.666667
330     16  0.666667
83      14  0.583333
337     14  0.583333
245     14  0.583333
309     14  0.583333
302     14  0.583333
175     14  0.583333
209     14  0.583333
420     14  0.583333
36      14  0.583333
361     14  0.583333
121     14  0.583333
171     14  0.583333
77      14  0.583333
324     14  0.583333
286     14  0.583333
135     14  0.583333
     Count  Value
112      3   0.75
339      3   0.75
330      1   0.25
395      1   0.25
Current: [339]
Subround 5
not enough
     Count  Value
339     22   0.88
112     19   0.76
395     16   0.64
330     16   0.64
83      14   0.56
337     14   0.56
245     14   0.56
309     14   0.56
302     14   0.56
175     14   0.56
209     14   0.56
420     14   0.56
36      14   0.56
361     14   0.56
121     14   0.56
171     14   0.56
77      14   0.56
324     14   0.56
286     14   0.56
135     14   0.56
     Count  Value
112      4    0.8
339      4    0.8
330      1    0.2
395      1    0.2
Current: [339]
Subround 6
not enough
     Count     Value
339     23  0.884615
112     19  0.730769
395     17  0.653846
330     16  0.615385
83      14  0.538462
337     14  0.538462
245     14  0.538462
309     14  0.538462
302     14  0.538462
175     14  0.538462
209     14  0.538462
420     14  0.538462
36      14  0.538462
361     14  0.538462
121     14  0.538462
171     14  0.538462
77      14  0.538462
324     14  0.538462
286     14  0.538462
135     14  0.538462
     Count     Value
339      5  0.833333
112      4  0.666667
395      2  0.333333
330      1  0.166667
Current: [339]
Subround 7
not enough
     Count     Value
339     23  0.851852
112     20  0.740741
395     17  0.629630
330     17  0.629630
83      14  0.518519
337     14  0.518519
245     14  0.518519
309     14  0.518519
302     14  0.518519
175     14  0.518519
209     14  0.518519
420     14  0.518519
36      14  0.518519
361     14  0.518519
121     14  0.518519
171     14  0.518519
77      14  0.518519
324     14  0.518519
286     14  0.518519
135     14  0.518519
     Count     Value
112      5  0.714286
339      5  0.714286
330      2  0.285714
395      2  0.285714
Current: [339]
Subround 8
not enough
     Count     Value
339     24  0.857143
112     20  0.714286
330     18  0.642857
395     17  0.607143
83      14  0.500000
337     14  0.500000
245     14  0.500000
309     14  0.500000
302     14  0.500000
175     14  0.500000
209     14  0.500000
420     14  0.500000
36      14  0.500000
361     14  0.500000
121     14  0.500000
171     14  0.500000
77      14  0.500000
324     14  0.500000
286     14  0.500000
135     14  0.500000
     Count  Value
339      6  0.750
112      5  0.625
330      3  0.375
395      2  0.250
Current: [339]
Subround 9
not enough
     Count     Value
339     24  0.827586
112     21  0.724138
330     19  0.655172
395     17  0.586207
83      14  0.482759
337     14  0.482759
245     14  0.482759
309     14  0.482759
302     14  0.482759
175     14  0.482759
209     14  0.482759
420     14  0.482759
36      14  0.482759
361     14  0.482759
121     14  0.482759
171     14  0.482759
77      14  0.482759
324     14  0.482759
286     14  0.482759
135     14  0.482759
     Count     Value
112      6  0.666667
339      6  0.666667
330      4  0.444444
395      2  0.222222
Current: [339]
Subround 10
     Count     Value
339     24  0.800000
112     21  0.700000
330     20  0.666667
395     18  0.600000
83      14  0.466667
337     14  0.466667
245     14  0.466667
309     14  0.466667
302     14  0.466667
175     14  0.466667
209     14  0.466667
420     14  0.466667
36      14  0.466667
361     14  0.466667
121     14  0.466667
171     14  0.466667
77      14  0.466667
324     14  0.466667
286     14  0.466667
135     14  0.466667
     Count  Value
112      6    0.6
339      6    0.6
330      5    0.5
395      3    0.3
no winner, not enough
Current: []
Subround 11
     Count     Value
339     25  0.806452
112     22  0.709677
330     20  0.645161
395     18  0.580645
83      14  0.451613
337     14  0.451613
245     14  0.451613
309     14  0.451613
302     14  0.451613
175     14  0.451613
209     14  0.451613
420     14  0.451613
36      14  0.451613
361     14  0.451613
121     14  0.451613
171     14  0.451613
77      14  0.451613
324     14  0.451613
286     14  0.451613
135     14  0.451613
     Count     Value
112      7  0.636364
339      7  0.636364
330      5  0.454545
395      3  0.272727
Current: [339]
Winning offset:
[339]
2021-09-08 02:54:41.657869
2021-09-08 02:56:22.919367
0:01:41.261498
