Loading page file profiles/lab06/pages/0x2a44b.yaml
Loading page file profiles/lab06/pages/0x2a460.yaml
Loading page file profiles/lab06/pages/0x2a4e3.yaml
Loading page file profiles/lab06/pages/0x2a4e5.yaml
Loading page file profiles/lab06/pages/0x2a800.yaml
Loading page file profiles/lab06/pages/0x2a804.yaml
Loading page file profiles/lab06/pages/0x2a805.yaml
Round 1
Subround 1
not enough
     Count  Value
407      1    1.0
439      1    1.0
223      1    1.0
420      1    1.0
54       1    1.0
415      1    1.0
406      1    1.0
429      1    1.0
416      1    1.0
348      1    1.0
503      1    1.0
355      1    1.0
189      1    1.0
427      1    1.0
6        1    1.0
301      1    1.0
220      1    1.0
146      1    1.0
35       1    1.0
281      1    1.0
     Count  Value
407      1    1.0
439      1    1.0
223      1    1.0
420      1    1.0
54       1    1.0
415      1    1.0
406      1    1.0
429      1    1.0
416      1    1.0
348      1    1.0
Current: [2, 4, 6, 7, 8, 11, 13, 16, 17, 19, 20, 21, 24, 29, 32, 33, 34, 35, 37, 38, 39, 41, 42, 43, 45, 46, 48, 49, 53, 54, 55, 60, 63, 65, 68, 73, 77, 82, 83, 85, 88, 92, 93, 94, 97, 99, 100, 102, 105, 109, 110, 112, 115, 119, 124, 126, 127, 128, 130, 131, 132, 134, 136, 137, 138, 139, 140, 142, 144, 146, 149, 150, 151, 154, 156, 157, 159, 161, 162, 164, 168, 169, 172, 173, 176, 177, 181, 182, 184, 185, 187, 189, 192, 194, 195, 199, 205, 206, 207, 208, 210, 212, 213, 220, 221, 223, 226, 227, 230, 231, 232, 234, 247, 248, 251, 257, 258, 259, 260, 265, 266, 268, 270, 272, 273, 276, 278, 281, 282, 283, 284, 286, 289, 295, 299, 301, 302, 304, 310, 311, 312, 313, 314, 315, 317, 318, 320, 321, 322, 324, 325, 326, 327, 329, 330, 331, 332, 333, 335, 338, 339, 340, 343, 347, 348, 355, 356, 357, 361, 365, 366, 369, 370, 374, 375, 376, 377, 378, 381, 385, 386, 388, 389, 390, 392, 393, 394, 395, 396, 397, 402, 404, 406, 407, 409, 410, 412, 415, 416, 417, 419, 420, 421, 423, 426, 427, 428, 429, 430, 432, 433, 434, 437, 438, 439, 440, 441, 442, 446, 450, 452, 453, 455, 456, 458, 459, 460, 461, 463, 464, 466, 467, 468, 469, 470, 471, 475, 476, 479, 480, 482, 483, 485, 486, 489, 490, 491, 496, 497, 498, 500, 501, 503, 507, 510, 511]
Subround 2
not enough
     Count  Value
376      2    1.0
159      2    1.0
149      2    1.0
205      2    1.0
194      2    1.0
332      2    1.0
77       2    1.0
510      2    1.0
366      2    1.0
93       2    1.0
73       2    1.0
38       2    1.0
8        2    1.0
130      2    1.0
273      2    1.0
227      2    1.0
11       2    1.0
172      2    1.0
327      2    1.0
404      2    1.0
     Count  Value
376      2    1.0
159      2    1.0
149      2    1.0
205      2    1.0
194      2    1.0
332      2    1.0
77       2    1.0
510      2    1.0
366      2    1.0
93       2    1.0
Current: [6, 8, 11, 16, 19, 34, 38, 42, 43, 45, 48, 55, 63, 68, 73, 77, 83, 93, 94, 100, 102, 105, 109, 115, 124, 127, 130, 132, 136, 140, 144, 146, 149, 151, 154, 156, 157, 159, 162, 164, 169, 172, 177, 181, 185, 189, 192, 194, 195, 199, 205, 212, 213, 223, 226, 227, 231, 234, 248, 251, 258, 265, 270, 272, 273, 278, 282, 286, 289, 299, 301, 302, 311, 312, 313, 314, 315, 317, 324, 325, 327, 330, 332, 333, 338, 339, 343, 347, 348, 355, 361, 366, 369, 376, 377, 388, 390, 392, 393, 404, 406, 409, 410, 415, 419, 423, 426, 428, 429, 430, 432, 433, 437, 438, 439, 440, 441, 453, 459, 463, 464, 468, 470, 476, 482, 483, 486, 491, 496, 497, 500, 501, 503, 510]
Subround 3
not enough
     Count     Value
144      3  1.000000
38       3  1.000000
130      3  1.000000
251      3  1.000000
157      3  1.000000
124      3  1.000000
343      3  1.000000
177      3  1.000000
325      3  1.000000
199      3  1.000000
410      3  1.000000
327      3  1.000000
406      3  1.000000
159      3  1.000000
390      3  1.000000
156      3  1.000000
192      3  1.000000
339      3  1.000000
333      2  0.666667
284      2  0.666667
     Count  Value
144      3    1.0
38       3    1.0
130      3    1.0
251      3    1.0
157      3    1.0
124      3    1.0
343      3    1.0
177      3    1.0
325      3    1.0
199      3    1.0
Current: [38, 124, 130, 144, 156, 157, 159, 177, 192, 199, 251, 325, 327, 339, 343, 390, 406, 410]
Subround 4
not enough
     Count  Value
156      4   1.00
130      4   1.00
124      4   1.00
199      4   1.00
157      4   1.00
327      4   1.00
192      4   1.00
406      4   1.00
343      4   1.00
149      3   0.75
510      3   0.75
77       3   0.75
159      3   0.75
38       3   0.75
492      3   0.75
287      3   0.75
273      3   0.75
374      3   0.75
246      3   0.75
204      3   0.75
     Count  Value
156      4   1.00
130      4   1.00
124      4   1.00
199      4   1.00
157      4   1.00
327      4   1.00
192      4   1.00
406      4   1.00
343      4   1.00
149      3   0.75
Current: [7, 16, 17, 29, 34, 35, 37, 38, 42, 43, 45, 51, 53, 55, 63, 68, 77, 83, 87, 97, 100, 105, 109, 124, 127, 128, 130, 132, 134, 138, 140, 144, 149, 150, 156, 157, 159, 162, 164, 168, 173, 176, 177, 181, 189, 192, 195, 199, 204, 206, 210, 220, 223, 226, 228, 232, 246, 248, 251, 257, 258, 259, 260, 270, 272, 273, 276, 277, 282, 283, 284, 285, 287, 291, 295, 299, 301, 302, 304, 310, 311, 313, 314, 317, 322, 324, 325, 327, 329, 335, 338, 339, 340, 343, 348, 361, 365, 374, 375, 376, 381, 386, 388, 390, 392, 393, 402, 406, 410, 412, 416, 417, 426, 427, 428, 429, 430, 433, 438, 440, 441, 442, 458, 459, 460, 461, 463, 467, 468, 469, 470, 471, 480, 489, 491, 492, 497, 500, 503, 510]
Subround 5
not enough
     Count  Value
156      5    1.0
343      5    1.0
199      5    1.0
157      5    1.0
406      5    1.0
327      5    1.0
192      5    1.0
124      5    1.0
130      5    1.0
302      4    0.8
491      4    0.8
314      4    0.8
497      4    0.8
426      4    0.8
37       4    0.8
77       4    0.8
270      4    0.8
489      4    0.8
176      4    0.8
149      4    0.8
     Count  Value
156      5    1.0
343      5    1.0
199      5    1.0
157      5    1.0
406      5    1.0
327      5    1.0
192      5    1.0
124      5    1.0
130      5    1.0
302      4    0.8
Current: [7, 16, 17, 29, 34, 35, 37, 42, 43, 45, 51, 53, 55, 63, 68, 77, 83, 87, 97, 100, 105, 109, 124, 127, 128, 130, 132, 134, 138, 140, 149, 150, 156, 157, 162, 164, 168, 173, 176, 181, 189, 192, 195, 199, 204, 206, 210, 220, 223, 226, 228, 232, 246, 248, 257, 258, 259, 260, 270, 272, 273, 276, 277, 282, 283, 284, 285, 287, 291, 295, 299, 301, 302, 304, 310, 311, 313, 314, 317, 322, 324, 327, 329, 335, 338, 339, 340, 343, 348, 361, 365, 374, 375, 376, 381, 386, 388, 392, 393, 402, 406, 412, 416, 417, 426, 427, 428, 429, 430, 433, 438, 440, 441, 442, 458, 459, 460, 461, 463, 467, 468, 469, 470, 471, 480, 489, 491, 492, 497, 500, 503, 510]
Subround 6
not enough
     Count     Value
156      6  1.000000
406      6  1.000000
285      5  0.833333
376      5  0.833333
206      5  0.833333
77       5  0.833333
327      5  0.833333
149      5  0.833333
324      5  0.833333
276      5  0.833333
140      5  0.833333
134      5  0.833333
302      5  0.833333
55       5  0.833333
491      5  0.833333
458      5  0.833333
124      5  0.833333
162      5  0.833333
442      5  0.833333
402      5  0.833333
     Count     Value
156      6  1.000000
406      6  1.000000
285      5  0.833333
376      5  0.833333
206      5  0.833333
77       5  0.833333
327      5  0.833333
149      5  0.833333
324      5  0.833333
276      5  0.833333
Current: [16, 34, 42, 43, 55, 63, 77, 87, 97, 109, 124, 130, 134, 140, 149, 156, 157, 162, 164, 181, 192, 199, 206, 220, 223, 228, 232, 246, 258, 259, 272, 273, 276, 284, 285, 287, 291, 295, 299, 301, 302, 304, 314, 324, 327, 339, 340, 343, 348, 365, 375, 376, 386, 392, 402, 406, 416, 427, 428, 430, 441, 442, 458, 460, 461, 469, 470, 489, 491, 497, 503]
Subround 7
not enough
     Count     Value
156      7  1.000000
406      7  1.000000
314      6  0.857143
34       6  0.857143
287      6  0.857143
284      6  0.857143
223      6  0.857143
442      6  0.857143
162      6  0.857143
392      6  0.857143
402      6  0.857143
232      6  0.857143
470      6  0.857143
299      6  0.857143
441      6  0.857143
164      6  0.857143
416      6  0.857143
348      6  0.857143
503      6  0.857143
491      6  0.857143
     Count     Value
156      7  1.000000
406      7  1.000000
314      6  0.857143
34       6  0.857143
287      6  0.857143
284      6  0.857143
223      6  0.857143
442      6  0.857143
162      6  0.857143
392      6  0.857143
Current: [0, 1, 15, 16, 23, 25, 34, 42, 43, 44, 55, 58, 61, 62, 63, 74, 76, 77, 79, 87, 91, 97, 109, 118, 124, 130, 132, 134, 140, 143, 149, 156, 157, 159, 160, 162, 164, 165, 176, 180, 181, 183, 188, 191, 192, 193, 195, 199, 206, 214, 220, 223, 228, 232, 246, 249, 250, 251, 258, 259, 272, 273, 275, 276, 284, 285, 287, 288, 291, 292, 295, 299, 300, 301, 302, 304, 306, 307, 314, 317, 320, 324, 325, 327, 331, 339, 340, 341, 343, 344, 345, 348, 361, 363, 365, 367, 368, 375, 376, 386, 392, 401, 402, 403, 406, 412, 416, 426, 427, 428, 430, 440, 441, 442, 443, 444, 447, 449, 458, 460, 461, 462, 467, 469, 470, 472, 474, 475, 477, 481, 489, 491, 492, 497, 499, 500, 503, 508]
Subround 8
not enough
     Count  Value
156      8  1.000
427      7  0.875
181      7  0.875
469      7  0.875
442      7  0.875
470      7  0.875
164      7  0.875
87       7  0.875
375      7  0.875
109      7  0.875
299      7  0.875
430      7  0.875
259      7  0.875
497      7  0.875
503      7  0.875
406      7  0.875
392      7  0.875
295      7  0.875
324      7  0.875
402      7  0.875
     Count  Value
156      8  1.000
427      7  0.875
181      7  0.875
469      7  0.875
442      7  0.875
470      7  0.875
164      7  0.875
87       7  0.875
375      7  0.875
109      7  0.875
Current: [0, 16, 23, 25, 34, 42, 44, 55, 58, 61, 62, 63, 74, 76, 77, 79, 87, 97, 109, 124, 130, 132, 134, 140, 143, 149, 156, 157, 160, 162, 164, 165, 176, 181, 188, 220, 223, 228, 232, 246, 249, 250, 258, 259, 273, 276, 284, 285, 287, 288, 291, 292, 295, 299, 300, 301, 302, 304, 306, 307, 314, 317, 320, 324, 327, 339, 340, 341, 348, 363, 365, 367, 368, 375, 376, 392, 402, 406, 416, 426, 427, 428, 430, 441, 442, 447, 449, 458, 469, 470, 474, 475, 481, 489, 491, 492, 497, 499, 503, 508]
Subround 9
not enough
     Count     Value
156      9  1.000000
140      8  0.888889
301      8  0.888889
392      8  0.888889
442      8  0.888889
375      8  0.888889
470      8  0.888889
497      8  0.888889
469      8  0.888889
259      8  0.888889
295      8  0.888889
181      8  0.888889
430      8  0.888889
503      8  0.888889
427      8  0.888889
291      8  0.888889
324      8  0.888889
339      8  0.888889
109      8  0.888889
164      8  0.888889
     Count     Value
156      9  1.000000
140      8  0.888889
301      8  0.888889
392      8  0.888889
442      8  0.888889
375      8  0.888889
470      8  0.888889
497      8  0.888889
469      8  0.888889
259      8  0.888889
Current: [0, 25, 42, 44, 55, 58, 61, 62, 63, 74, 76, 77, 79, 87, 109, 124, 130, 132, 140, 143, 156, 157, 160, 164, 165, 176, 181, 188, 228, 246, 249, 250, 258, 259, 276, 288, 291, 292, 295, 299, 300, 301, 306, 307, 317, 320, 324, 327, 339, 341, 363, 367, 375, 392, 402, 406, 426, 427, 430, 441, 442, 447, 449, 458, 469, 470, 474, 475, 481, 492, 497, 499, 503, 508]
Subround 10
not enough
     Count  Value
156     10    1.0
140      9    0.9
375      9    0.9
181      9    0.9
339      9    0.9
497      9    0.9
469      9    0.9
301      9    0.9
427      9    0.9
367      8    0.8
470      8    0.8
406      8    0.8
447      8    0.8
176      8    0.8
324      8    0.8
55       8    0.8
250      8    0.8
76       8    0.8
499      8    0.8
317      8    0.8
     Count  Value
156     10    1.0
140      9    0.9
375      9    0.9
181      9    0.9
339      9    0.9
497      9    0.9
469      9    0.9
301      9    0.9
427      9    0.9
367      8    0.8
Current: [0, 42, 44, 55, 63, 74, 76, 77, 109, 124, 130, 140, 156, 157, 164, 165, 176, 181, 249, 250, 259, 276, 291, 295, 299, 301, 307, 317, 324, 327, 339, 341, 363, 367, 375, 392, 402, 406, 426, 427, 430, 441, 442, 447, 458, 469, 470, 475, 497, 499, 503]
Subround 11
not enough
     Count     Value
427     10  0.909091
156     10  0.909091
375     10  0.909091
181     10  0.909091
140     10  0.909091
475      9  0.818182
470      9  0.818182
430      9  0.818182
497      9  0.818182
250      9  0.818182
109      9  0.818182
442      9  0.818182
164      9  0.818182
392      9  0.818182
317      9  0.818182
469      9  0.818182
259      9  0.818182
503      9  0.818182
406      9  0.818182
301      9  0.818182
     Count     Value
427     10  0.909091
156     10  0.909091
375     10  0.909091
181     10  0.909091
140     10  0.909091
475      9  0.818182
470      9  0.818182
430      9  0.818182
497      9  0.818182
250      9  0.818182
Current: [0, 2, 23, 37, 42, 44, 55, 63, 68, 74, 76, 77, 109, 124, 130, 132, 134, 140, 143, 149, 156, 157, 164, 165, 176, 181, 220, 246, 249, 250, 258, 259, 276, 282, 285, 291, 295, 299, 301, 302, 307, 310, 317, 320, 321, 324, 327, 339, 340, 341, 363, 367, 375, 391, 392, 402, 406, 426, 427, 430, 440, 441, 442, 447, 449, 458, 459, 469, 470, 475, 481, 492, 497, 499, 503, 508]
Subround 12
not enough
     Count     Value
140     11  0.916667
375     11  0.916667
427     11  0.916667
181     11  0.916667
156     11  0.916667
363     10  0.833333
392     10  0.833333
441     10  0.833333
497     10  0.833333
74      10  0.833333
164     10  0.833333
475     10  0.833333
250     10  0.833333
55      10  0.833333
109     10  0.833333
249     10  0.833333
470     10  0.833333
339     10  0.833333
157     10  0.833333
442      9  0.750000
     Count     Value
140     11  0.916667
375     11  0.916667
427     11  0.916667
181     11  0.916667
156     11  0.916667
363     10  0.833333
392     10  0.833333
441     10  0.833333
497     10  0.833333
74      10  0.833333
Current: [0, 2, 44, 55, 63, 68, 74, 76, 109, 130, 132, 140, 143, 156, 157, 164, 165, 176, 181, 220, 249, 250, 258, 259, 282, 291, 295, 301, 317, 320, 321, 324, 327, 339, 340, 363, 375, 391, 392, 406, 427, 430, 441, 442, 447, 469, 470, 475, 481, 497, 499, 503, 508]
Subround 13
not enough
     Count     Value
427     12  0.923077
140     12  0.923077
250     11  0.846154
109     11  0.846154
339     11  0.846154
55      11  0.846154
181     11  0.846154
156     11  0.846154
497     11  0.846154
375     11  0.846154
220     10  0.769231
301     10  0.769231
503     10  0.769231
165     10  0.769231
470     10  0.769231
469     10  0.769231
259     10  0.769231
475     10  0.769231
176     10  0.769231
320     10  0.769231
     Count     Value
427     12  0.923077
140     12  0.923077
250     11  0.846154
109     11  0.846154
339     11  0.846154
55      11  0.846154
181     11  0.846154
156     11  0.846154
497     11  0.846154
375     11  0.846154
Current: [44, 55, 63, 74, 109, 140, 143, 156, 157, 164, 165, 176, 181, 220, 249, 250, 259, 282, 291, 301, 317, 320, 327, 339, 363, 375, 391, 392, 427, 441, 442, 469, 470, 475, 497, 499, 503]
Subround 14
not enough
     Count     Value
55      12  0.857143
427     12  0.857143
181     12  0.857143
339     12  0.857143
156     12  0.857143
140     12  0.857143
375     12  0.857143
497     12  0.857143
475     11  0.785714
259     11  0.785714
469     11  0.785714
157     11  0.785714
320     11  0.785714
291     11  0.785714
220     11  0.785714
250     11  0.785714
165     11  0.785714
164     11  0.785714
109     11  0.785714
44      11  0.785714
     Count     Value
55      12  0.857143
427     12  0.857143
181     12  0.857143
339     12  0.857143
156     12  0.857143
140     12  0.857143
375     12  0.857143
497     12  0.857143
475     11  0.785714
259     11  0.785714
Current: [0, 23, 42, 44, 55, 61, 63, 66, 74, 76, 88, 100, 109, 130, 132, 140, 143, 156, 157, 159, 164, 165, 176, 181, 220, 221, 242, 249, 250, 258, 259, 276, 278, 280, 282, 285, 291, 301, 302, 310, 317, 320, 327, 339, 340, 363, 375, 391, 392, 402, 410, 427, 430, 441, 442, 462, 469, 470, 473, 475, 481, 497, 499, 503]
Subround 15
not enough
     Count     Value
339     13  0.866667
427     13  0.866667
140     13  0.866667
250     12  0.800000
109     12  0.800000
55      12  0.800000
156     12  0.800000
181     12  0.800000
497     12  0.800000
375     12  0.800000
301     11  0.733333
165     11  0.733333
220     11  0.733333
503     11  0.733333
470     11  0.733333
469     11  0.733333
259     11  0.733333
475     11  0.733333
176     11  0.733333
320     11  0.733333
     Count     Value
339     13  0.866667
427     13  0.866667
140     13  0.866667
250     12  0.800000
109     12  0.800000
55      12  0.800000
156     12  0.800000
181     12  0.800000
497     12  0.800000
375     12  0.800000
Current: [44, 55, 63, 74, 109, 140, 143, 156, 157, 164, 165, 176, 181, 220, 249, 250, 259, 282, 291, 301, 317, 320, 327, 339, 363, 375, 391, 392, 427, 441, 442, 469, 470, 475, 497, 499, 503]
Subround 16
not enough
     Count   Value
427     14  0.8750
339     14  0.8750
140     14  0.8750
250     13  0.8125
156     13  0.8125
497     13  0.8125
176     12  0.7500
181     12  0.7500
282     12  0.7500
469     12  0.7500
143     12  0.7500
441     12  0.7500
327     12  0.7500
301     12  0.7500
375     12  0.7500
55      12  0.7500
442     12  0.7500
470     12  0.7500
499     12  0.7500
109     12  0.7500
     Count   Value
427     14  0.8750
339     14  0.8750
140     14  0.8750
250     13  0.8125
156     13  0.8125
497     13  0.8125
176     12  0.7500
181     12  0.7500
282     12  0.7500
469     12  0.7500
Current: [44, 55, 63, 109, 140, 143, 156, 176, 181, 250, 282, 291, 301, 327, 339, 375, 427, 441, 442, 469, 470, 497, 499]
Subround 17
not enough
     Count     Value
140     15  0.882353
427     15  0.882353
156     14  0.823529
339     14  0.823529
109     13  0.764706
181     13  0.764706
55      13  0.764706
44      13  0.764706
469     13  0.764706
143     13  0.764706
470     13  0.764706
301     13  0.764706
497     13  0.764706
282     13  0.764706
250     13  0.764706
176     13  0.764706
63      13  0.764706
441     13  0.764706
375     12  0.705882
291     12  0.705882
     Count     Value
140     15  0.882353
427     15  0.882353
156     14  0.823529
339     14  0.823529
109     13  0.764706
181     13  0.764706
55      13  0.764706
44      13  0.764706
469     13  0.764706
143     13  0.764706
Current: [0, 42, 44, 55, 63, 76, 109, 130, 140, 143, 156, 157, 176, 181, 221, 250, 259, 272, 282, 291, 301, 302, 310, 317, 324, 327, 339, 340, 375, 406, 410, 427, 441, 442, 469, 470, 497, 499, 503, 508]
Subround 18
not enough
     Count     Value
427     16  0.888889
140     16  0.888889
339     15  0.833333
497     14  0.777778
301     14  0.777778
470     14  0.777778
156     14  0.777778
109     14  0.777778
250     14  0.777778
63      14  0.777778
327     13  0.722222
157     13  0.722222
282     13  0.722222
272     13  0.722222
143     13  0.722222
310     13  0.722222
181     13  0.722222
44      13  0.722222
176     13  0.722222
324     13  0.722222
     Count     Value
427     16  0.888889
140     16  0.888889
339     15  0.833333
497     14  0.777778
301     14  0.777778
470     14  0.777778
156     14  0.777778
109     14  0.777778
250     14  0.777778
63      14  0.777778
Current: [0, 42, 44, 55, 63, 109, 140, 143, 156, 157, 176, 181, 250, 272, 282, 291, 301, 310, 324, 327, 339, 340, 427, 441, 442, 469, 470, 497]
Subround 19
not enough
     Count     Value
140     17  0.894737
339     16  0.842105
427     16  0.842105
63      15  0.789474
250     15  0.789474
497     15  0.789474
301     15  0.789474
42      14  0.736842
109     14  0.736842
282     14  0.736842
327     14  0.736842
157     14  0.736842
0       14  0.736842
272     14  0.736842
470     14  0.736842
324     14  0.736842
156     14  0.736842
310     14  0.736842
291     14  0.736842
442     14  0.736842
     Count     Value
140     17  0.894737
339     16  0.842105
427     16  0.842105
63      15  0.789474
250     15  0.789474
497     15  0.789474
301     15  0.789474
42      14  0.736842
109     14  0.736842
282     14  0.736842
Current: [0, 42, 63, 109, 140, 156, 157, 250, 272, 282, 291, 301, 310, 324, 327, 339, 427, 442, 470, 497]
Subround 20
     Count  Value
427     17   0.85
339     17   0.85
140     17   0.85
497     16   0.80
301     16   0.80
250     16   0.80
291     15   0.75
42      15   0.75
442     15   0.75
470     15   0.75
63      15   0.75
282     15   0.75
164     14   0.70
285     14   0.70
0       14   0.70
410     14   0.70
375     14   0.70
310     14   0.70
156     14   0.70
55      14   0.70
     Count  Value
427     17   0.85
339     17   0.85
140     17   0.85
497     16   0.80
301     16   0.80
250     16   0.80
291     15   0.75
42      15   0.75
442     15   0.75
470     15   0.75
Current: [42, 63, 140, 250, 282, 291, 301, 339, 427, 442, 470, 497]
Round 2
Subround 1
not enough
     Count     Value
339     18  0.857143
497     17  0.809524
427     17  0.809524
140     17  0.809524
291     16  0.761905
250     16  0.761905
442     16  0.761905
63      16  0.761905
301     16  0.761905
282     16  0.761905
470     15  0.714286
42      15  0.714286
156     14  0.666667
375     14  0.666667
164     14  0.666667
285     14  0.666667
0       14  0.666667
410     14  0.666667
310     14  0.666667
55      14  0.666667
     Count  Value
497      1    1.0
291      1    1.0
339      1    1.0
442      1    1.0
63       1    1.0
282      1    1.0
Current: [140, 339, 427, 497]
Subround 2
not enough
     Count     Value
339     19  0.863636
497     18  0.818182
140     18  0.818182
301     17  0.772727
427     17  0.772727
250     17  0.772727
291     16  0.727273
42      16  0.727273
442     16  0.727273
63      16  0.727273
282     16  0.727273
470     15  0.681818
164     14  0.636364
285     14  0.636364
0       14  0.636364
410     14  0.636364
375     14  0.636364
310     14  0.636364
156     14  0.636364
55      14  0.636364
     Count  Value
497      2    1.0
339      2    1.0
291      1    0.5
442      1    0.5
63       1    0.5
282      1    0.5
42       1    0.5
301      1    0.5
140      1    0.5
250      1    0.5
Current: [140, 339, 497]
Subround 3
not enough
     Count     Value
339     20  0.869565
497     18  0.782609
427     18  0.782609
140     18  0.782609
291     17  0.739130
250     17  0.739130
42      17  0.739130
442     17  0.739130
63      17  0.739130
301     17  0.739130
282     16  0.695652
470     15  0.652174
375     14  0.608696
164     14  0.608696
285     14  0.608696
0       14  0.608696
410     14  0.608696
156     14  0.608696
310     14  0.608696
55      14  0.608696
     Count     Value
339      3  1.000000
497      2  0.666667
291      2  0.666667
442      2  0.666667
63       2  0.666667
42       2  0.666667
282      1  0.333333
301      1  0.333333
140      1  0.333333
250      1  0.333333
Current: [339]
Subround 4
not enough
     Count     Value
339     21  0.875000
497     19  0.791667
140     19  0.791667
301     18  0.750000
427     18  0.750000
291     17  0.708333
250     17  0.708333
42      17  0.708333
442     17  0.708333
63      17  0.708333
282     17  0.708333
470     16  0.666667
164     14  0.583333
285     14  0.583333
0       14  0.583333
410     14  0.583333
375     14  0.583333
310     14  0.583333
156     14  0.583333
55      14  0.583333
     Count  Value
339      4   1.00
497      3   0.75
291      2   0.50
442      2   0.50
63       2   0.50
282      2   0.50
42       2   0.50
301      2   0.50
140      2   0.50
250      1   0.25
Current: [339]
Subround 5
not enough
     Count  Value
339     22   0.88
497     19   0.76
301     19   0.76
427     19   0.76
140     19   0.76
250     18   0.72
42      18   0.72
291     17   0.68
442     17   0.68
470     17   0.68
63      17   0.68
282     17   0.68
164     14   0.56
285     14   0.56
0       14   0.56
410     14   0.56
375     14   0.56
310     14   0.56
156     14   0.56
55      14   0.56
     Count  Value
339      5    1.0
497      3    0.6
42       3    0.6
301      3    0.6
291      2    0.4
442      2    0.4
63       2    0.4
282      2    0.4
140      2    0.4
250      2    0.4
Current: [339]
Subround 6
not enough
     Count     Value
339     23  0.884615
427     20  0.769231
140     20  0.769231
497     19  0.730769
301     19  0.730769
250     19  0.730769
42      18  0.692308
282     18  0.692308
63      18  0.692308
291     17  0.653846
470     17  0.653846
442     17  0.653846
375     14  0.538462
164     14  0.538462
285     14  0.538462
0       14  0.538462
410     14  0.538462
310     14  0.538462
156     14  0.538462
55      14  0.538462
     Count     Value
339      6  1.000000
497      3  0.500000
63       3  0.500000
282      3  0.500000
42       3  0.500000
301      3  0.500000
140      3  0.500000
250      3  0.500000
427      3  0.500000
291      2  0.333333
Current: [339]
Subround 7
not enough
     Count     Value
339     23  0.851852
497     20  0.740741
301     20  0.740741
427     20  0.740741
140     20  0.740741
250     19  0.703704
42      19  0.703704
291     18  0.666667
442     18  0.666667
470     18  0.666667
63      18  0.666667
282     18  0.666667
164     14  0.518519
285     14  0.518519
0       14  0.518519
410     14  0.518519
375     14  0.518519
310     14  0.518519
156     14  0.518519
55      14  0.518519
     Count     Value
339      6  0.857143
497      4  0.571429
42       4  0.571429
301      4  0.571429
291      3  0.428571
442      3  0.428571
63       3  0.428571
282      3  0.428571
140      3  0.428571
250      3  0.428571
Current: [339]
Subround 8
not enough
     Count     Value
339     24  0.857143
497     21  0.750000
301     20  0.714286
427     20  0.714286
250     20  0.714286
140     20  0.714286
42      20  0.714286
291     19  0.678571
282     19  0.678571
470     18  0.642857
63      18  0.642857
442     18  0.642857
164     14  0.500000
285     14  0.500000
0       14  0.500000
410     14  0.500000
375     14  0.500000
310     14  0.500000
156     14  0.500000
55      14  0.500000
     Count  Value
339      7  0.875
497      5  0.625
42       5  0.625
291      4  0.500
282      4  0.500
301      4  0.500
250      4  0.500
442      3  0.375
63       3  0.375
140      3  0.375
Current: [339]
Subround 9
not enough
     Count     Value
339     25  0.862069
497     21  0.724138
301     21  0.724138
427     21  0.724138
140     21  0.724138
250     20  0.689655
42      20  0.689655
291     19  0.655172
442     19  0.655172
470     19  0.655172
282     19  0.655172
63      18  0.620690
164     14  0.482759
285     14  0.482759
0       14  0.482759
410     14  0.482759
375     14  0.482759
310     14  0.482759
156     14  0.482759
55      14  0.482759
     Count     Value
339      8  0.888889
497      5  0.555556
42       5  0.555556
301      5  0.555556
291      4  0.444444
442      4  0.444444
282      4  0.444444
140      4  0.444444
250      4  0.444444
427      4  0.444444
Current: [339]
Subround 10
     Count     Value
339     26  0.866667
497     21  0.700000
42      21  0.700000
301     21  0.700000
427     21  0.700000
250     21  0.700000
140     21  0.700000
442     20  0.666667
470     20  0.666667
291     19  0.633333
63      19  0.633333
282     19  0.633333
375     14  0.466667
164     14  0.466667
285     14  0.466667
0       14  0.466667
410     14  0.466667
310     14  0.466667
156     14  0.466667
55      14  0.466667
     Count  Value
339      9    0.9
42       6    0.6
497      5    0.5
442      5    0.5
301      5    0.5
250      5    0.5
470      5    0.5
291      4    0.4
63       4    0.4
282      4    0.4
Current: [339]
Winning offset:
[339]
2021-09-08 03:06:27.581748
2021-09-08 03:08:05.859362
0:01:38.277614
