Loading page file profiles/lab06/pages/0x2a44b.yaml
Loading page file profiles/lab06/pages/0x2a460.yaml
Loading page file profiles/lab06/pages/0x2a4e3.yaml
Loading page file profiles/lab06/pages/0x2a4e5.yaml
Loading page file profiles/lab06/pages/0x2a800.yaml
Loading page file profiles/lab06/pages/0x2a804.yaml
Loading page file profiles/lab06/pages/0x2a805.yaml
Round 1
Subround 1
not enough
     Count  Value
377      1    1.0
434      1    1.0
275      1    1.0
351      1    1.0
65       1    1.0
239      1    1.0
204      1    1.0
106      1    1.0
215      1    1.0
456      1    1.0
180      1    1.0
263      1    1.0
289      1    1.0
120      1    1.0
493      1    1.0
503      1    1.0
97       1    1.0
59       1    1.0
366      1    1.0
401      1    1.0
     Count  Value
377      1    1.0
434      1    1.0
275      1    1.0
351      1    1.0
65       1    1.0
239      1    1.0
204      1    1.0
106      1    1.0
215      1    1.0
456      1    1.0
Current: [2, 3, 4, 5, 7, 8, 11, 14, 19, 22, 23, 25, 26, 27, 28, 29, 30, 33, 34, 35, 38, 39, 40, 44, 47, 50, 51, 52, 53, 57, 58, 59, 63, 65, 66, 68, 69, 70, 71, 72, 74, 77, 78, 81, 83, 85, 86, 89, 90, 92, 94, 96, 97, 98, 99, 101, 103, 104, 106, 107, 109, 113, 115, 118, 120, 121, 124, 125, 127, 129, 130, 131, 134, 136, 137, 138, 141, 145, 146, 149, 150, 152, 154, 155, 158, 161, 163, 166, 168, 169, 171, 174, 175, 176, 177, 178, 180, 181, 183, 184, 185, 186, 187, 192, 193, 194, 196, 199, 203, 204, 206, 207, 209, 215, 218, 219, 220, 221, 223, 224, 226, 230, 231, 232, 233, 235, 237, 239, 241, 244, 247, 248, 252, 254, 257, 258, 259, 260, 261, 263, 266, 268, 275, 276, 279, 280, 284, 285, 287, 288, 289, 291, 295, 300, 306, 307, 308, 309, 311, 314, 316, 318, 322, 326, 329, 332, 333, 336, 339, 340, 342, 346, 347, 348, 350, 351, 352, 354, 355, 356, 359, 361, 362, 365, 366, 367, 370, 371, 374, 375, 377, 380, 382, 384, 385, 386, 389, 390, 395, 397, 400, 401, 404, 405, 406, 407, 411, 414, 415, 416, 418, 421, 422, 423, 425, 428, 429, 434, 436, 438, 439, 440, 443, 444, 445, 446, 448, 449, 452, 454, 456, 459, 461, 462, 464, 470, 474, 475, 476, 477, 478, 479, 485, 486, 488, 491, 492, 493, 494, 495, 499, 500, 502, 503, 505, 510]
Subround 2
not enough
     Count  Value
336      2    1.0
405      2    1.0
361      2    1.0
407      2    1.0
494      2    1.0
306      2    1.0
285      2    1.0
25       2    1.0
74       2    1.0
309      2    1.0
362      2    1.0
171      2    1.0
400      2    1.0
38       2    1.0
505      2    1.0
342      2    1.0
141      2    1.0
443      2    1.0
406      2    1.0
47       2    1.0
     Count  Value
336      2    1.0
405      2    1.0
361      2    1.0
407      2    1.0
494      2    1.0
306      2    1.0
285      2    1.0
25       2    1.0
74       2    1.0
309      2    1.0
Current: [2, 3, 4, 5, 7, 8, 11, 22, 25, 28, 33, 34, 38, 39, 40, 47, 50, 52, 63, 65, 66, 72, 74, 85, 90, 92, 94, 96, 101, 103, 115, 118, 120, 121, 125, 127, 130, 134, 138, 141, 145, 149, 163, 166, 171, 174, 176, 177, 178, 180, 185, 193, 194, 196, 199, 206, 207, 209, 215, 220, 221, 226, 230, 233, 235, 239, 248, 254, 257, 258, 275, 276, 280, 285, 288, 289, 306, 309, 322, 326, 336, 342, 347, 350, 351, 355, 356, 361, 362, 366, 367, 371, 374, 380, 384, 385, 386, 389, 400, 401, 404, 405, 406, 407, 414, 418, 422, 423, 428, 429, 436, 443, 444, 446, 448, 449, 452, 454, 459, 464, 474, 476, 479, 486, 488, 494, 505, 510]
Subround 3
not enough
     Count  Value
94       3    1.0
257      3    1.0
185      3    1.0
138      3    1.0
446      3    1.0
374      3    1.0
4        3    1.0
476      3    1.0
428      3    1.0
336      3    1.0
118      3    1.0
125      3    1.0
479      3    1.0
141      3    1.0
342      3    1.0
505      3    1.0
400      3    1.0
171      3    1.0
309      3    1.0
25       3    1.0
     Count  Value
94       3    1.0
257      3    1.0
185      3    1.0
138      3    1.0
446      3    1.0
374      3    1.0
4        3    1.0
476      3    1.0
428      3    1.0
336      3    1.0
Current: [4, 5, 22, 25, 28, 33, 34, 40, 47, 52, 65, 72, 94, 96, 103, 115, 118, 120, 125, 127, 130, 134, 138, 141, 145, 149, 171, 174, 177, 180, 185, 194, 199, 206, 207, 209, 221, 226, 235, 239, 248, 254, 257, 258, 276, 280, 285, 288, 309, 322, 336, 342, 347, 351, 355, 361, 366, 367, 371, 374, 380, 384, 389, 400, 401, 404, 405, 407, 422, 423, 428, 429, 443, 446, 448, 449, 454, 459, 464, 474, 476, 479, 488, 494, 505, 510]
Subround 4
not enough
     Count  Value
367      4    1.0
459      4    1.0
448      4    1.0
366      4    1.0
248      4    1.0
235      4    1.0
221      4    1.0
72       4    1.0
405      4    1.0
145      4    1.0
389      4    1.0
209      4    1.0
361      4    1.0
443      4    1.0
134      4    1.0
130      4    1.0
120      4    1.0
488      4    1.0
180      4    1.0
355      4    1.0
     Count  Value
367      4    1.0
459      4    1.0
448      4    1.0
366      4    1.0
248      4    1.0
235      4    1.0
221      4    1.0
72       4    1.0
405      4    1.0
145      4    1.0
Current: [2, 3, 4, 5, 7, 10, 14, 16, 22, 25, 28, 30, 33, 34, 39, 40, 44, 47, 49, 50, 52, 57, 58, 63, 65, 72, 74, 76, 85, 89, 94, 96, 97, 98, 101, 103, 108, 111, 115, 118, 120, 125, 127, 130, 134, 138, 141, 145, 149, 163, 169, 171, 174, 177, 180, 185, 189, 194, 199, 202, 206, 207, 209, 215, 218, 221, 223, 226, 230, 231, 233, 235, 239, 248, 251, 254, 256, 257, 258, 261, 262, 276, 278, 280, 281, 285, 288, 289, 294, 299, 300, 302, 309, 317, 322, 326, 327, 329, 335, 336, 338, 339, 340, 342, 343, 347, 350, 351, 355, 361, 362, 363, 364, 366, 367, 371, 374, 377, 380, 383, 384, 385, 386, 389, 391, 392, 393, 400, 401, 404, 405, 407, 408, 412, 415, 422, 423, 424, 425, 427, 428, 429, 434, 438, 443, 446, 447, 448, 449, 452, 454, 456, 459, 464, 468, 473, 474, 476, 479, 480, 485, 486, 488, 494, 495, 497, 502, 505, 510]
Subround 5
not enough
     Count  Value
355      5    1.0
336      4    0.8
476      4    0.8
342      4    0.8
141      4    0.8
479      4    0.8
125      4    0.8
118      4    0.8
428      4    0.8
374      4    0.8
400      4    0.8
446      4    0.8
4        4    0.8
138      4    0.8
185      4    0.8
257      4    0.8
505      4    0.8
171      4    0.8
448      4    0.8
309      4    0.8
     Count  Value
355      5    1.0
336      4    0.8
476      4    0.8
342      4    0.8
141      4    0.8
479      4    0.8
125      4    0.8
118      4    0.8
428      4    0.8
374      4    0.8
Current: [2, 4, 5, 22, 25, 28, 33, 34, 40, 47, 52, 65, 72, 94, 96, 103, 115, 118, 120, 125, 127, 130, 134, 138, 141, 145, 149, 171, 174, 177, 180, 185, 194, 199, 206, 207, 209, 221, 226, 235, 239, 248, 254, 257, 258, 276, 280, 285, 288, 309, 322, 336, 339, 342, 347, 351, 355, 361, 366, 367, 371, 374, 380, 384, 389, 400, 401, 404, 405, 407, 422, 423, 428, 429, 443, 446, 448, 449, 454, 459, 464, 474, 476, 479, 488, 494, 505, 510]
Subround 6
not enough
     Count     Value
103      5  0.833333
120      5  0.833333
443      5  0.833333
510      5  0.833333
209      5  0.833333
459      5  0.833333
177      5  0.833333
125      5  0.833333
72       5  0.833333
449      5  0.833333
2        5  0.833333
367      5  0.833333
448      5  0.833333
474      5  0.833333
401      5  0.833333
366      5  0.833333
355      5  0.833333
94       5  0.833333
180      5  0.833333
351      5  0.833333
     Count     Value
103      5  0.833333
120      5  0.833333
443      5  0.833333
510      5  0.833333
209      5  0.833333
459      5  0.833333
177      5  0.833333
125      5  0.833333
72       5  0.833333
449      5  0.833333
Current: [2, 22, 33, 34, 72, 94, 103, 115, 118, 120, 125, 134, 171, 174, 177, 180, 209, 254, 257, 276, 288, 309, 322, 339, 351, 355, 366, 367, 374, 384, 400, 401, 404, 407, 428, 443, 448, 449, 454, 459, 474, 476, 479, 510]
Subround 7
not enough
     Count     Value
115      6  0.857143
103      6  0.857143
288      6  0.857143
174      6  0.857143
443      6  0.857143
257      6  0.857143
134      6  0.857143
404      6  0.857143
254      6  0.857143
309      6  0.857143
374      6  0.857143
34       6  0.857143
94       6  0.857143
177      6  0.857143
400      6  0.857143
33       6  0.857143
118      6  0.857143
510      6  0.857143
479      6  0.857143
209      6  0.857143
     Count     Value
115      6  0.857143
103      6  0.857143
288      6  0.857143
174      6  0.857143
443      6  0.857143
257      6  0.857143
134      6  0.857143
404      6  0.857143
254      6  0.857143
309      6  0.857143
Current: [2, 4, 7, 11, 12, 14, 22, 25, 27, 33, 34, 35, 44, 50, 57, 63, 64, 67, 72, 74, 75, 76, 80, 94, 97, 98, 101, 103, 108, 115, 118, 120, 125, 134, 162, 163, 166, 169, 171, 174, 176, 177, 178, 180, 182, 188, 195, 196, 198, 207, 209, 215, 218, 251, 254, 257, 262, 275, 276, 288, 294, 295, 301, 309, 319, 322, 325, 326, 327, 333, 335, 339, 343, 344, 351, 355, 356, 362, 363, 364, 366, 367, 374, 380, 382, 383, 384, 387, 393, 396, 399, 400, 401, 404, 405, 407, 418, 424, 425, 428, 436, 438, 443, 447, 448, 449, 452, 454, 459, 468, 473, 474, 476, 478, 479, 480, 485, 497, 498, 505, 510]
Subround 8
not enough
     Count  Value
94       7  0.875
479      7  0.875
339      7  0.875
474      7  0.875
2        7  0.875
309      7  0.875
322      7  0.875
276      7  0.875
120      7  0.875
134      7  0.875
118      7  0.875
103      7  0.875
443      6  0.750
162      6  0.750
366      6  0.750
344      6  0.750
76       6  0.750
64       6  0.750
177      6  0.750
367      6  0.750
     Count  Value
94       7  0.875
479      7  0.875
339      7  0.875
474      7  0.875
2        7  0.875
309      7  0.875
322      7  0.875
276      7  0.875
120      7  0.875
134      7  0.875
Current: [2, 4, 7, 11, 14, 22, 25, 33, 34, 50, 57, 64, 67, 72, 76, 94, 97, 103, 115, 118, 120, 134, 162, 163, 166, 169, 174, 176, 177, 178, 180, 182, 209, 215, 218, 254, 257, 262, 276, 288, 294, 309, 322, 325, 326, 327, 333, 335, 339, 343, 344, 355, 362, 363, 366, 367, 374, 380, 382, 384, 393, 400, 404, 407, 424, 428, 438, 443, 448, 449, 452, 454, 459, 473, 474, 476, 478, 479, 480, 510]
Subround 9
not enough
     Count     Value
2        8  0.888889
322      8  0.888889
94       8  0.888889
118      8  0.888889
33       7  0.777778
254      7  0.777778
180      7  0.777778
120      7  0.777778
366      7  0.777778
474      7  0.777778
454      7  0.777778
367      7  0.777778
115      7  0.777778
384      7  0.777778
510      7  0.777778
327      7  0.777778
209      7  0.777778
448      7  0.777778
288      7  0.777778
309      7  0.777778
     Count     Value
2        8  0.888889
322      8  0.888889
94       8  0.888889
118      8  0.888889
33       7  0.777778
254      7  0.777778
180      7  0.777778
120      7  0.777778
366      7  0.777778
474      7  0.777778
Current: [2, 22, 25, 33, 50, 64, 72, 94, 103, 115, 118, 120, 134, 162, 166, 174, 180, 209, 254, 257, 276, 288, 294, 309, 322, 327, 339, 366, 367, 374, 380, 384, 393, 400, 404, 448, 454, 459, 474, 479, 510]
Subround 10
not enough
     Count  Value
94       9    0.9
118      9    0.9
2        9    0.9
134      8    0.8
174      8    0.8
366      8    0.8
120      8    0.8
115      8    0.8
166      8    0.8
327      8    0.8
474      8    0.8
322      8    0.8
367      8    0.8
404      8    0.8
257      8    0.8
454      8    0.8
288      8    0.8
479      8    0.8
400      8    0.8
339      8    0.8
     Count  Value
94       9    0.9
118      9    0.9
2        9    0.9
134      8    0.8
174      8    0.8
366      8    0.8
120      8    0.8
115      8    0.8
166      8    0.8
327      8    0.8
Current: [2, 94, 115, 118, 120, 134, 166, 174, 209, 257, 288, 322, 327, 339, 366, 367, 400, 404, 454, 474, 479]
Subround 11
not enough
     Count     Value
118     10  0.909091
94      10  0.909091
479      9  0.818182
322      9  0.818182
288      9  0.818182
209      9  0.818182
134      9  0.818182
404      9  0.818182
327      9  0.818182
2        9  0.818182
474      9  0.818182
115      9  0.818182
366      9  0.818182
166      9  0.818182
257      9  0.818182
339      9  0.818182
400      9  0.818182
174      9  0.818182
454      9  0.818182
50       8  0.727273
     Count     Value
118     10  0.909091
94      10  0.909091
479      9  0.818182
322      9  0.818182
288      9  0.818182
209      9  0.818182
134      9  0.818182
404      9  0.818182
327      9  0.818182
2        9  0.818182
Current: [2, 3, 4, 11, 14, 27, 40, 44, 50, 63, 64, 75, 80, 94, 95, 115, 118, 120, 134, 163, 166, 169, 174, 176, 177, 178, 194, 209, 219, 236, 257, 262, 276, 288, 309, 322, 327, 333, 339, 351, 355, 366, 367, 396, 400, 404, 424, 435, 443, 449, 452, 454, 468, 474, 476, 479]
Subround 12
not enough
     Count     Value
404     10  0.833333
400     10  0.833333
474     10  0.833333
118     10  0.833333
94      10  0.833333
339     10  0.833333
454     10  0.833333
2        9  0.750000
366      9  0.750000
80       9  0.750000
134      9  0.750000
209      9  0.750000
327      9  0.750000
176      9  0.750000
262      9  0.750000
194      9  0.750000
120      9  0.750000
424      9  0.750000
169      9  0.750000
63       9  0.750000
     Count     Value
404     10  0.833333
400     10  0.833333
474     10  0.833333
118     10  0.833333
94      10  0.833333
339     10  0.833333
454     10  0.833333
2        9  0.750000
366      9  0.750000
80       9  0.750000
Current: [2, 4, 14, 27, 40, 44, 50, 63, 64, 75, 80, 94, 115, 118, 120, 134, 166, 169, 174, 176, 194, 209, 257, 262, 276, 288, 322, 327, 339, 366, 396, 400, 404, 424, 454, 468, 474, 476, 479]
Subround 13
not enough
     Count     Value
94      11  0.846154
118     11  0.846154
454     11  0.846154
339     11  0.846154
424     10  0.769231
288     10  0.769231
262     10  0.769231
327     10  0.769231
322     10  0.769231
166     10  0.769231
479     10  0.769231
64      10  0.769231
257     10  0.769231
400     10  0.769231
404     10  0.769231
468     10  0.769231
474     10  0.769231
134     10  0.769231
40      10  0.769231
2       10  0.769231
     Count     Value
94      11  0.846154
118     11  0.846154
454     11  0.846154
339     11  0.846154
424     10  0.769231
288     10  0.769231
262     10  0.769231
327     10  0.769231
322     10  0.769231
166     10  0.769231
Current: [2, 40, 64, 94, 118, 134, 166, 176, 257, 262, 288, 322, 327, 339, 400, 404, 424, 454, 468, 474, 479]
Subround 14
not enough
     Count     Value
339     12  0.857143
454     12  0.857143
176     11  0.785714
479     11  0.785714
118     11  0.785714
404     11  0.785714
468     11  0.785714
474     11  0.785714
166     11  0.785714
94      11  0.785714
424     11  0.785714
288     11  0.785714
327     11  0.785714
182     10  0.714286
322     10  0.714286
169     10  0.714286
400     10  0.714286
75      10  0.714286
476     10  0.714286
396     10  0.714286
     Count     Value
339     12  0.857143
454     12  0.857143
176     11  0.785714
479     11  0.785714
118     11  0.785714
404     11  0.785714
468     11  0.785714
474     11  0.785714
166     11  0.785714
94      11  0.785714
Current: [2, 5, 11, 14, 27, 40, 44, 64, 75, 80, 82, 94, 118, 120, 134, 163, 166, 169, 176, 178, 182, 194, 209, 219, 257, 262, 288, 301, 322, 327, 333, 339, 351, 367, 396, 400, 404, 424, 443, 452, 454, 468, 474, 476, 479]
Subround 15
not enough
     Count     Value
339     13  0.866667
424     12  0.800000
288     12  0.800000
474     12  0.800000
176     12  0.800000
166     12  0.800000
454     12  0.800000
479     12  0.800000
327     12  0.800000
14      11  0.733333
396     11  0.733333
351     11  0.733333
75      11  0.733333
118     11  0.733333
169     11  0.733333
367     11  0.733333
2       11  0.733333
443     11  0.733333
82      11  0.733333
404     11  0.733333
     Count     Value
339     13  0.866667
424     12  0.800000
288     12  0.800000
474     12  0.800000
176     12  0.800000
166     12  0.800000
454     12  0.800000
479     12  0.800000
327     12  0.800000
14      11  0.733333
Current: [2, 5, 11, 14, 40, 44, 64, 75, 82, 94, 118, 163, 166, 169, 176, 178, 194, 219, 288, 301, 327, 333, 339, 351, 367, 396, 404, 424, 443, 452, 454, 468, 474, 476, 479]
Subround 16
not enough
     Count   Value
339     14  0.8750
424     13  0.8125
327     13  0.8125
479     13  0.8125
454     13  0.8125
11      12  0.7500
14      12  0.7500
178     12  0.7500
443     12  0.7500
2       12  0.7500
166     12  0.7500
474     12  0.7500
351     12  0.7500
176     12  0.7500
396     12  0.7500
118     12  0.7500
169     12  0.7500
75      12  0.7500
40      12  0.7500
288     12  0.7500
     Count   Value
339     14  0.8750
424     13  0.8125
327     13  0.8125
479     13  0.8125
454     13  0.8125
11      12  0.7500
14      12  0.7500
178     12  0.7500
443     12  0.7500
2       12  0.7500
Current: [2, 11, 14, 40, 75, 118, 166, 169, 176, 178, 288, 327, 339, 351, 396, 424, 443, 454, 474, 479]
Subround 17
not enough
     Count     Value
339     15  0.882353
424     14  0.823529
479     14  0.823529
327     14  0.823529
454     13  0.764706
178     13  0.764706
11      13  0.764706
288     13  0.764706
176     13  0.764706
396     13  0.764706
2       13  0.764706
474     13  0.764706
14      13  0.764706
40      13  0.764706
169     13  0.764706
305     12  0.705882
180     12  0.705882
367     12  0.705882
351     12  0.705882
75      12  0.705882
     Count     Value
339     15  0.882353
424     14  0.823529
479     14  0.823529
327     14  0.823529
454     13  0.764706
178     13  0.764706
11      13  0.764706
288     13  0.764706
176     13  0.764706
396     13  0.764706
Current: [2, 3, 5, 11, 14, 16, 40, 64, 75, 82, 118, 134, 166, 169, 176, 178, 180, 288, 305, 327, 339, 351, 367, 396, 399, 424, 443, 447, 454, 474, 476, 479]
Subround 18
not enough
     Count     Value
339     16  0.888889
327     15  0.833333
424     15  0.833333
2       14  0.777778
169     14  0.777778
479     14  0.777778
396     14  0.777778
474     13  0.722222
305     13  0.722222
14      13  0.722222
16      13  0.722222
476     13  0.722222
454     13  0.722222
178     13  0.722222
134     13  0.722222
176     13  0.722222
5       13  0.722222
288     13  0.722222
11      13  0.722222
64      13  0.722222
     Count     Value
339     16  0.888889
327     15  0.833333
424     15  0.833333
2       14  0.777778
169     14  0.777778
479     14  0.777778
396     14  0.777778
474     13  0.722222
305     13  0.722222
14      13  0.722222
Current: [2, 5, 11, 14, 16, 40, 64, 75, 134, 169, 176, 178, 288, 305, 327, 339, 396, 424, 454, 474, 476, 479]
Subround 19
not enough
     Count     Value
339     16  0.842105
327     15  0.789474
169     15  0.789474
479     15  0.789474
424     15  0.789474
2       14  0.736842
288     14  0.736842
14      14  0.736842
178     14  0.736842
176     14  0.736842
396     14  0.736842
454     14  0.736842
40      14  0.736842
11      14  0.736842
82      13  0.684211
305     13  0.684211
379     13  0.684211
53      13  0.684211
399     13  0.684211
118     13  0.684211
     Count     Value
339     16  0.842105
327     15  0.789474
169     15  0.789474
479     15  0.789474
424     15  0.789474
2       14  0.736842
288     14  0.736842
14      14  0.736842
178     14  0.736842
176     14  0.736842
Current: [2, 11, 14, 40, 169, 176, 178, 288, 327, 339, 396, 424, 454, 479]
Subround 20
     Count  Value
339     17   0.85
169     16   0.80
424     15   0.75
40      15   0.75
327     15   0.75
454     15   0.75
288     15   0.75
479     15   0.75
178     15   0.75
14      15   0.75
447     14   0.70
11      14   0.70
396     14   0.70
351     14   0.70
448     14   0.70
443     14   0.70
64      14   0.70
2       14   0.70
367     14   0.70
5       14   0.70
     Count  Value
339     17   0.85
169     16   0.80
424     15   0.75
40      15   0.75
327     15   0.75
454     15   0.75
288     15   0.75
479     15   0.75
178     15   0.75
14      15   0.75
Current: [14, 40, 169, 178, 288, 327, 339, 424, 454, 479]
Round 2
Subround 1
not enough
     Count     Value
339     17  0.809524
424     16  0.761905
454     16  0.761905
327     16  0.761905
169     16  0.761905
178     16  0.761905
14      16  0.761905
288     15  0.714286
479     15  0.714286
40      15  0.714286
2       14  0.666667
11      14  0.666667
138     14  0.666667
75      14  0.666667
176     14  0.666667
5       14  0.666667
396     14  0.666667
367     14  0.666667
443     14  0.666667
64      14  0.666667
     Count  Value
178      1    1.0
14       1    1.0
424      1    1.0
454      1    1.0
327      1    1.0
Current: [339]
Subround 2
not enough
     Count     Value
339     18  0.818182
424     17  0.772727
327     17  0.772727
479     16  0.727273
169     16  0.727273
454     16  0.727273
288     16  0.727273
178     16  0.727273
14      16  0.727273
40      15  0.681818
11      14  0.636364
75      14  0.636364
64      14  0.636364
448     14  0.636364
396     14  0.636364
447     14  0.636364
2       14  0.636364
351     14  0.636364
443     14  0.636364
138     14  0.636364
     Count  Value
424      2    1.0
327      2    1.0
178      1    0.5
14       1    0.5
454      1    0.5
288      1    0.5
479      1    0.5
339      1    0.5
Current: [339]
Subround 3
not enough
     Count     Value
339     19  0.826087
327     18  0.782609
424     17  0.739130
169     17  0.739130
288     17  0.739130
40      16  0.695652
454     16  0.695652
479     16  0.695652
178     16  0.695652
14      16  0.695652
447     14  0.608696
11      14  0.608696
396     14  0.608696
351     14  0.608696
448     14  0.608696
443     14  0.608696
64      14  0.608696
2       14  0.608696
367     14  0.608696
5       14  0.608696
     Count     Value
327      3  1.000000
424      2  0.666667
288      2  0.666667
339      2  0.666667
178      1  0.333333
14       1  0.333333
454      1  0.333333
479      1  0.333333
169      1  0.333333
40       1  0.333333
Current: [339]
Subround 4
not enough
     Count     Value
339     20  0.833333
424     18  0.750000
327     18  0.750000
169     18  0.750000
454     17  0.708333
288     17  0.708333
479     17  0.708333
40      16  0.666667
178     16  0.666667
14      16  0.666667
447     14  0.583333
11      14  0.583333
396     14  0.583333
351     14  0.583333
448     14  0.583333
443     14  0.583333
64      14  0.583333
2       14  0.583333
367     14  0.583333
5       14  0.583333
     Count  Value
424      3   0.75
327      3   0.75
339      3   0.75
454      2   0.50
288      2   0.50
479      2   0.50
169      2   0.50
178      1   0.25
14       1   0.25
40       1   0.25
Current: [339]
Subround 5
not enough
     Count  Value
339     21   0.84
327     19   0.76
169     19   0.76
424     18   0.72
479     17   0.68
14      17   0.68
454     17   0.68
288     17   0.68
40      17   0.68
178     16   0.64
443     14   0.56
64      14   0.56
138     14   0.56
351     14   0.56
447     14   0.56
396     14   0.56
11      14   0.56
367     14   0.56
448     14   0.56
2       14   0.56
     Count  Value
327      4    0.8
339      4    0.8
424      3    0.6
169      3    0.6
14       2    0.4
454      2    0.4
288      2    0.4
479      2    0.4
40       2    0.4
178      1    0.2
Current: [339]
Subround 6
not enough
     Count     Value
339     22  0.846154
327     20  0.769231
424     19  0.730769
169     19  0.730769
454     18  0.692308
288     18  0.692308
479     17  0.653846
14      17  0.653846
40      17  0.653846
178     16  0.615385
443     14  0.538462
64      14  0.538462
138     14  0.538462
351     14  0.538462
447     14  0.538462
396     14  0.538462
11      14  0.538462
367     14  0.538462
448     14  0.538462
2       14  0.538462
     Count     Value
327      5  0.833333
339      5  0.833333
424      4  0.666667
454      3  0.500000
288      3  0.500000
169      3  0.500000
14       2  0.333333
479      2  0.333333
40       2  0.333333
178      1  0.166667
Current: [339]
Subround 7
not enough
     Count     Value
339     23  0.851852
327     21  0.777778
169     20  0.740741
424     19  0.703704
454     19  0.703704
14      18  0.666667
288     18  0.666667
479     17  0.629630
40      17  0.629630
178     16  0.592593
443     14  0.518519
64      14  0.518519
138     14  0.518519
351     14  0.518519
447     14  0.518519
396     14  0.518519
11      14  0.518519
367     14  0.518519
448     14  0.518519
2       14  0.518519
     Count     Value
327      6  0.857143
339      6  0.857143
424      4  0.571429
454      4  0.571429
169      4  0.571429
14       3  0.428571
288      3  0.428571
479      2  0.285714
40       2  0.285714
178      1  0.142857
Current: [339]
Subround 8
not enough
     Count     Value
339     24  0.857143
327     22  0.785714
169     20  0.714286
424     19  0.678571
14      19  0.678571
454     19  0.678571
288     19  0.678571
479     17  0.607143
178     17  0.607143
40      17  0.607143
2       14  0.500000
64      14  0.500000
443     14  0.500000
351     14  0.500000
447     14  0.500000
396     14  0.500000
11      14  0.500000
367     14  0.500000
448     14  0.500000
5       14  0.500000
     Count  Value
327      7  0.875
339      7  0.875
14       4  0.500
424      4  0.500
454      4  0.500
288      4  0.500
169      4  0.500
178      2  0.250
479      2  0.250
40       2  0.250
Current: [339]
Subround 9
not enough
     Count     Value
339     25  0.862069
327     23  0.793103
288     20  0.689655
169     20  0.689655
14      20  0.689655
424     19  0.655172
454     19  0.655172
178     18  0.620690
40      17  0.586207
479     17  0.586207
367     14  0.482759
75      14  0.482759
64      14  0.482759
448     14  0.482759
396     14  0.482759
447     14  0.482759
2       14  0.482759
11      14  0.482759
351     14  0.482759
443     14  0.482759
     Count     Value
327      8  0.888889
339      8  0.888889
14       5  0.555556
288      5  0.555556
424      4  0.444444
454      4  0.444444
169      4  0.444444
178      3  0.333333
479      2  0.222222
40       2  0.222222
Current: [339]
Subround 10
     Count     Value
339     26  0.866667
327     23  0.766667
169     21  0.700000
288     21  0.700000
14      20  0.666667
424     19  0.633333
454     19  0.633333
479     18  0.600000
178     18  0.600000
40      18  0.600000
2       14  0.466667
64      14  0.466667
443     14  0.466667
351     14  0.466667
447     14  0.466667
396     14  0.466667
11      14  0.466667
367     14  0.466667
448     14  0.466667
5       14  0.466667
     Count  Value
339      9    0.9
327      8    0.8
288      6    0.6
14       5    0.5
169      5    0.5
424      4    0.4
454      4    0.4
178      3    0.3
479      3    0.3
40       3    0.3
Current: [339]
Winning offset:
[339]
2021-09-08 01:44:55.643445
2021-09-08 01:46:33.907396
0:01:38.263951
