Loading page file profiles/lab06/pages/0x2a44b.yaml
Loading page file profiles/lab06/pages/0x2a460.yaml
Loading page file profiles/lab06/pages/0x2a4e3.yaml
Loading page file profiles/lab06/pages/0x2a4e5.yaml
Loading page file profiles/lab06/pages/0x2a800.yaml
Loading page file profiles/lab06/pages/0x2a804.yaml
Loading page file profiles/lab06/pages/0x2a805.yaml
Round 1
Subround 1
not enough
     Count  Value
196      1    1.0
45       1    1.0
209      1    1.0
291      1    1.0
177      1    1.0
330      1    1.0
79       1    1.0
390      1    1.0
353      1    1.0
462      1    1.0
339      1    1.0
138      1    1.0
284      1    1.0
249      1    1.0
155      1    1.0
331      1    1.0
384      1    1.0
510      1    1.0
501      1    1.0
263      1    1.0
     Count  Value
196      1    1.0
45       1    1.0
209      1    1.0
291      1    1.0
177      1    1.0
330      1    1.0
79       1    1.0
390      1    1.0
353      1    1.0
462      1    1.0
Current: [0, 1, 2, 5, 7, 8, 9, 10, 16, 19, 23, 24, 25, 28, 31, 32, 34, 37, 38, 41, 44, 45, 50, 52, 55, 56, 61, 62, 65, 67, 72, 73, 74, 76, 79, 80, 81, 83, 84, 85, 86, 89, 91, 98, 101, 105, 110, 113, 114, 115, 116, 119, 121, 123, 126, 127, 128, 129, 133, 135, 136, 137, 138, 139, 140, 145, 149, 150, 152, 153, 155, 156, 161, 163, 165, 167, 168, 170, 171, 173, 177, 180, 181, 182, 183, 185, 190, 191, 192, 194, 196, 197, 200, 203, 204, 209, 210, 211, 212, 213, 214, 215, 216, 220, 221, 222, 224, 225, 227, 228, 229, 231, 233, 235, 240, 241, 244, 246, 247, 249, 250, 251, 252, 255, 256, 263, 265, 267, 268, 269, 271, 273, 275, 276, 278, 279, 282, 284, 288, 289, 291, 292, 293, 295, 296, 297, 298, 300, 302, 303, 307, 309, 311, 314, 316, 321, 322, 324, 328, 329, 330, 331, 332, 334, 337, 339, 342, 346, 347, 348, 349, 350, 352, 353, 355, 356, 361, 364, 365, 366, 367, 368, 370, 371, 374, 376, 379, 380, 382, 383, 384, 386, 387, 389, 390, 391, 392, 393, 396, 397, 402, 404, 405, 406, 407, 408, 413, 415, 417, 420, 421, 422, 426, 427, 428, 430, 431, 432, 437, 439, 440, 441, 447, 449, 452, 453, 454, 456, 457, 458, 461, 462, 465, 466, 468, 470, 476, 477, 478, 481, 484, 485, 489, 490, 491, 492, 493, 495, 497, 499, 501, 502, 505, 506, 508, 510]
Subround 2
not enough
     Count  Value
428      2    1.0
265      2    1.0
81       2    1.0
8        2    1.0
216      2    1.0
191      2    1.0
437      2    1.0
190      2    1.0
334      2    1.0
441      2    1.0
246      2    1.0
297      2    1.0
298      2    1.0
271      2    1.0
177      2    1.0
330      2    1.0
79       2    1.0
390      2    1.0
353      2    1.0
462      2    1.0
     Count  Value
428      2    1.0
265      2    1.0
81       2    1.0
8        2    1.0
216      2    1.0
191      2    1.0
437      2    1.0
190      2    1.0
334      2    1.0
441      2    1.0
Current: [1, 5, 7, 8, 19, 23, 25, 31, 34, 45, 50, 52, 55, 56, 61, 65, 72, 73, 79, 81, 83, 84, 86, 98, 101, 105, 115, 116, 119, 121, 127, 128, 129, 133, 135, 136, 138, 139, 140, 149, 152, 153, 155, 163, 165, 167, 170, 177, 182, 183, 190, 191, 192, 200, 210, 212, 215, 216, 222, 227, 228, 229, 233, 235, 244, 246, 247, 249, 250, 255, 265, 269, 271, 273, 275, 276, 279, 289, 293, 295, 297, 298, 307, 314, 316, 321, 322, 324, 328, 330, 332, 334, 339, 346, 347, 350, 353, 355, 361, 368, 380, 386, 387, 389, 390, 404, 405, 407, 417, 420, 421, 422, 428, 431, 437, 441, 449, 453, 461, 462, 466, 470, 476, 484, 489, 491, 493, 495, 497, 502, 505, 506, 510]
Subround 3
not enough
     Count     Value
271      3  1.000000
328      3  1.000000
307      3  1.000000
19       3  1.000000
1        3  1.000000
149      3  1.000000
138      3  1.000000
502      3  1.000000
298      3  1.000000
470      3  1.000000
462      2  0.666667
339      2  0.666667
155      2  0.666667
353      2  0.666667
284      2  0.666667
390      2  0.666667
79       2  0.666667
249      2  0.666667
384      2  0.666667
177      2  0.666667
     Count  Value
271      3    1.0
328      3    1.0
307      3    1.0
19       3    1.0
1        3    1.0
149      3    1.0
138      3    1.0
502      3    1.0
298      3    1.0
470      3    1.0
Current: [1, 19, 138, 149, 271, 298, 307, 328, 470, 502]
Subround 4
not enough
     Count  Value
19       4   1.00
149      4   1.00
271      4   1.00
298      4   1.00
328      4   1.00
502      4   1.00
138      4   1.00
1        4   1.00
127      3   0.75
190      3   0.75
297      3   0.75
212      3   0.75
81       3   0.75
8        3   0.75
216      3   0.75
110      3   0.75
246      3   0.75
478      3   0.75
476      3   0.75
330      3   0.75
     Count  Value
19       4   1.00
149      4   1.00
271      4   1.00
298      4   1.00
328      4   1.00
502      4   1.00
138      4   1.00
1        4   1.00
127      3   0.75
190      3   0.75
Current: [0, 1, 5, 8, 9, 19, 24, 25, 28, 31, 41, 44, 45, 61, 62, 73, 79, 80, 81, 83, 85, 86, 89, 91, 105, 110, 113, 115, 121, 126, 127, 135, 136, 138, 149, 150, 152, 153, 155, 161, 163, 182, 183, 190, 192, 197, 200, 212, 214, 215, 216, 221, 222, 228, 229, 233, 235, 240, 246, 250, 252, 255, 256, 268, 271, 273, 275, 276, 293, 295, 297, 298, 303, 307, 311, 321, 322, 328, 329, 330, 337, 339, 346, 347, 348, 349, 350, 352, 353, 356, 361, 364, 366, 380, 382, 383, 389, 390, 392, 404, 405, 408, 415, 417, 426, 428, 431, 432, 452, 454, 457, 458, 462, 465, 466, 468, 470, 476, 478, 481, 484, 489, 491, 492, 493, 497, 502, 510]
Subround 5
not enough
     Count  Value
19       5    1.0
149      4    0.8
163      4    0.8
216      4    0.8
454      4    0.8
408      4    0.8
468      4    0.8
275      4    0.8
405      4    0.8
153      4    0.8
5        4    0.8
200      4    0.8
452      4    0.8
404      4    0.8
240      4    0.8
481      4    0.8
252      4    0.8
502      4    0.8
364      4    0.8
390      4    0.8
     Count  Value
19       5    1.0
149      4    0.8
163      4    0.8
216      4    0.8
454      4    0.8
408      4    0.8
468      4    0.8
275      4    0.8
405      4    0.8
153      4    0.8
Current: [1, 5, 19, 73, 79, 85, 105, 110, 138, 149, 153, 163, 200, 215, 216, 240, 252, 271, 275, 276, 298, 307, 321, 328, 337, 364, 380, 390, 392, 404, 405, 408, 415, 432, 452, 454, 468, 481, 497, 502, 510]
Subround 6
not enough
     Count     Value
19       6  1.000000
405      5  0.833333
415      5  0.833333
252      5  0.833333
364      5  0.833333
328      5  0.833333
380      5  0.833333
163      5  0.833333
502      5  0.833333
454      5  0.833333
408      5  0.833333
240      5  0.833333
392      5  0.833333
73       5  0.833333
468      5  0.833333
298      5  0.833333
510      5  0.833333
452      5  0.833333
271      5  0.833333
200      5  0.833333
     Count     Value
19       6  1.000000
405      5  0.833333
415      5  0.833333
252      5  0.833333
364      5  0.833333
328      5  0.833333
380      5  0.833333
163      5  0.833333
502      5  0.833333
454      5  0.833333
Current: [19, 73, 163, 200, 240, 252, 271, 298, 328, 364, 380, 392, 404, 405, 408, 415, 452, 454, 468, 502, 510]
Subround 7
not enough
     Count     Value
19       7  1.000000
163      6  0.857143
73       6  0.857143
252      6  0.857143
392      6  0.857143
240      6  0.857143
328      6  0.857143
200      6  0.857143
364      6  0.857143
271      6  0.857143
502      6  0.857143
468      6  0.857143
415      5  0.714286
382      5  0.714286
298      5  0.714286
246      5  0.714286
371      5  0.714286
342      5  0.714286
334      5  0.714286
437      5  0.714286
     Count     Value
19       7  1.000000
163      6  0.857143
73       6  0.857143
252      6  0.857143
392      6  0.857143
240      6  0.857143
328      6  0.857143
200      6  0.857143
364      6  0.857143
271      6  0.857143
Current: [1, 5, 8, 9, 10, 15, 19, 31, 45, 47, 73, 77, 89, 105, 110, 113, 119, 122, 126, 128, 133, 135, 146, 152, 153, 161, 163, 165, 168, 171, 177, 185, 194, 196, 200, 209, 212, 214, 215, 222, 224, 225, 229, 233, 234, 240, 246, 252, 263, 268, 271, 275, 296, 298, 303, 307, 316, 323, 328, 330, 334, 337, 342, 348, 353, 364, 366, 371, 374, 380, 382, 385, 392, 404, 405, 408, 413, 415, 426, 437, 452, 454, 456, 462, 468, 481, 491, 495, 502, 510]
Subround 8
not enough
     Count  Value
200      7  0.875
240      7  0.875
392      7  0.875
73       7  0.875
364      7  0.875
252      7  0.875
163      7  0.875
19       7  0.875
468      7  0.875
502      6  0.750
415      6  0.750
122      6  0.750
10       6  0.750
366      6  0.750
456      6  0.750
316      6  0.750
5        6  0.750
168      6  0.750
374      6  0.750
133      6  0.750
     Count  Value
200      7  0.875
240      7  0.875
392      7  0.875
73       7  0.875
364      7  0.875
252      7  0.875
163      7  0.875
19       7  0.875
468      7  0.875
502      6  0.750
Current: [1, 5, 10, 15, 19, 31, 73, 77, 89, 113, 122, 126, 133, 152, 153, 161, 163, 165, 168, 171, 177, 194, 196, 200, 209, 214, 215, 234, 240, 252, 268, 271, 275, 298, 307, 316, 323, 328, 330, 334, 337, 342, 353, 364, 366, 374, 380, 382, 385, 392, 408, 413, 415, 454, 456, 468, 491, 495, 502, 510]
Subround 9
not enough
     Count     Value
19       8  0.888889
468      7  0.777778
200      7  0.777778
364      7  0.777778
328      7  0.777778
413      7  0.777778
240      7  0.777778
392      7  0.777778
252      7  0.777778
73       7  0.777778
502      7  0.777778
271      7  0.777778
163      7  0.777778
495      6  0.666667
374      6  0.666667
128      6  0.666667
380      6  0.666667
126      6  0.666667
296      6  0.666667
385      6  0.666667
     Count     Value
19       8  0.888889
468      7  0.777778
200      7  0.777778
364      7  0.777778
328      7  0.777778
413      7  0.777778
240      7  0.777778
392      7  0.777778
252      7  0.777778
73       7  0.777778
Current: [19, 73, 163, 200, 240, 252, 271, 328, 364, 392, 413, 468, 502]
Subround 10
not enough
     Count  Value
200      8    0.8
19       8    0.8
163      8    0.8
328      8    0.8
9        7    0.7
146      7    0.7
316      7    0.7
105      7    0.7
168      7    0.7
229      7    0.7
1        7    0.7
47       7    0.7
240      7    0.7
323      7    0.7
371      7    0.7
252      7    0.7
502      7    0.7
468      7    0.7
405      7    0.7
5        7    0.7
     Count  Value
200      8    0.8
19       8    0.8
163      8    0.8
328      8    0.8
9        7    0.7
146      7    0.7
316      7    0.7
105      7    0.7
168      7    0.7
229      7    0.7
Current: [19, 163, 200, 328]
Subround 11
not enough
     Count     Value
328      9  0.818182
196      8  0.727273
404      8  0.727273
452      8  0.727273
8        8  0.727273
224      8  0.727273
194      8  0.727273
408      8  0.727273
110      8  0.727273
392      8  0.727273
330      8  0.727273
119      8  0.727273
323      8  0.727273
481      8  0.727273
353      8  0.727273
146      8  0.727273
405      8  0.727273
5        8  0.727273
200      8  0.727273
163      8  0.727273
     Count     Value
328      9  0.818182
196      8  0.727273
404      8  0.727273
452      8  0.727273
8        8  0.727273
224      8  0.727273
194      8  0.727273
408      8  0.727273
110      8  0.727273
392      8  0.727273
Current: [1, 5, 8, 19, 45, 47, 110, 119, 146, 163, 168, 194, 196, 200, 215, 224, 229, 316, 323, 328, 330, 353, 366, 371, 392, 404, 405, 408, 452, 481]
Subround 12
not enough
     Count     Value
196      9  0.750000
404      9  0.750000
371      9  0.750000
405      9  0.750000
5        9  0.750000
200      9  0.750000
229      9  0.750000
316      9  0.750000
481      9  0.750000
392      9  0.750000
215      9  0.750000
328      9  0.750000
194      9  0.750000
163      9  0.750000
45       9  0.750000
323      9  0.750000
276      8  0.666667
290      8  0.666667
57       8  0.666667
8        8  0.666667
     Count  Value
196      9   0.75
404      9   0.75
371      9   0.75
405      9   0.75
5        9   0.75
200      9   0.75
229      9   0.75
316      9   0.75
481      9   0.75
392      9   0.75
Current: [5, 45, 163, 194, 196, 200, 215, 229, 316, 323, 328, 371, 392, 404, 405, 481]
Subround 13
not enough
     Count     Value
194     10  0.769231
404     10  0.769231
392     10  0.769231
45      10  0.769231
405     10  0.769231
316     10  0.769231
371     10  0.769231
200     10  0.769231
215     10  0.769231
323     10  0.769231
163     10  0.769231
300      9  0.692308
196      9  0.692308
452      9  0.692308
227      9  0.692308
366      9  0.692308
330      9  0.692308
481      9  0.692308
378      9  0.692308
57       9  0.692308
     Count     Value
194     10  0.769231
404     10  0.769231
392     10  0.769231
45      10  0.769231
405     10  0.769231
316     10  0.769231
371     10  0.769231
200     10  0.769231
215     10  0.769231
323     10  0.769231
Current: [45, 163, 194, 200, 215, 316, 323, 371, 392, 404, 405]
Subround 14
not enough
     Count     Value
404     11  0.785714
371     11  0.785714
215     11  0.785714
405     11  0.785714
200     11  0.785714
45      10  0.714286
510     10  0.714286
316     10  0.714286
456     10  0.714286
328     10  0.714286
72      10  0.714286
5       10  0.714286
392     10  0.714286
9       10  0.714286
366     10  0.714286
90      10  0.714286
300     10  0.714286
481     10  0.714286
323     10  0.714286
346     10  0.714286
     Count     Value
404     11  0.785714
371     11  0.785714
215     11  0.785714
405     11  0.785714
200     11  0.785714
45      10  0.714286
510     10  0.714286
316     10  0.714286
456     10  0.714286
328     10  0.714286
Current: [5, 9, 21, 45, 61, 72, 90, 103, 105, 110, 163, 194, 200, 215, 300, 316, 323, 328, 346, 366, 371, 392, 404, 405, 419, 452, 456, 481, 510]
Subround 15
not enough
     Count     Value
45      11  0.733333
404     11  0.733333
163     11  0.733333
405     11  0.733333
371     11  0.733333
215     11  0.733333
200     11  0.733333
194     11  0.733333
392     11  0.733333
316     11  0.733333
323     11  0.733333
346     10  0.666667
276     10  0.666667
303     10  0.666667
452     10  0.666667
481     10  0.666667
5       10  0.666667
133     10  0.666667
61      10  0.666667
300     10  0.666667
     Count     Value
45      11  0.733333
404     11  0.733333
163     11  0.733333
405     11  0.733333
371     11  0.733333
215     11  0.733333
200     11  0.733333
194     11  0.733333
392     11  0.733333
316     11  0.733333
Current: [45, 163, 194, 200, 215, 316, 323, 371, 392, 404, 405]
Subround 16
not enough
     Count   Value
163     12  0.7500
371     12  0.7500
405     12  0.7500
392     12  0.7500
200     12  0.7500
194     12  0.7500
404     12  0.7500
300     11  0.6875
21      11  0.6875
328     11  0.6875
495     11  0.6875
55      11  0.6875
378     11  0.6875
61      11  0.6875
165     11  0.6875
346     11  0.6875
316     11  0.6875
419     11  0.6875
5       11  0.6875
133     11  0.6875
     Count   Value
163     12  0.7500
371     12  0.7500
405     12  0.7500
392     12  0.7500
200     12  0.7500
194     12  0.7500
404     12  0.7500
300     11  0.6875
21      11  0.6875
328     11  0.6875
Current: [163, 194, 200, 371, 392, 404, 405]
Subround 17
not enough
     Count     Value
392     13  0.764706
200     13  0.764706
404     13  0.764706
405     13  0.764706
194     13  0.764706
163     13  0.764706
371     13  0.764706
366     12  0.705882
300     12  0.705882
346     12  0.705882
5       12  0.705882
133     12  0.705882
227     12  0.705882
105     12  0.705882
9       12  0.705882
196     12  0.705882
55      12  0.705882
510     12  0.705882
231     12  0.705882
72      12  0.705882
     Count     Value
392     13  0.764706
200     13  0.764706
404     13  0.764706
405     13  0.764706
194     13  0.764706
163     13  0.764706
371     13  0.764706
366     12  0.705882
300     12  0.705882
346     12  0.705882
Current: [5, 9, 21, 55, 61, 72, 90, 105, 110, 133, 146, 163, 165, 194, 196, 200, 227, 231, 300, 328, 346, 366, 371, 378, 392, 404, 405, 419, 495, 510]
Subround 18
not enough
     Count     Value
405     14  0.777778
163     14  0.777778
194     14  0.777778
392     14  0.777778
133     13  0.722222
72      13  0.722222
328     13  0.722222
105     13  0.722222
419     13  0.722222
200     13  0.722222
371     13  0.722222
196     13  0.722222
165     13  0.722222
404     13  0.722222
510     13  0.722222
234     12  0.666667
123     12  0.666667
495     12  0.666667
47      12  0.666667
300     12  0.666667
     Count     Value
405     14  0.777778
163     14  0.777778
194     14  0.777778
392     14  0.777778
133     13  0.722222
72      13  0.722222
328     13  0.722222
105     13  0.722222
419     13  0.722222
200     13  0.722222
Current: [72, 105, 133, 163, 165, 194, 196, 200, 328, 371, 392, 404, 405, 419, 510]
Subround 19
not enough
     Count     Value
200     14  0.736842
404     14  0.736842
392     14  0.736842
72      14  0.736842
194     14  0.736842
405     14  0.736842
419     14  0.736842
165     14  0.736842
371     14  0.736842
163     14  0.736842
21      13  0.684211
5       13  0.684211
55      13  0.684211
105     13  0.684211
146     13  0.684211
300     13  0.684211
346     13  0.684211
9       13  0.684211
349     13  0.684211
133     13  0.684211
     Count     Value
200     14  0.736842
404     14  0.736842
392     14  0.736842
72      14  0.736842
194     14  0.736842
405     14  0.736842
419     14  0.736842
165     14  0.736842
371     14  0.736842
163     14  0.736842
Current: [72, 163, 165, 194, 200, 371, 392, 404, 405, 419]
Subround 20
     Count  Value
392     15   0.75
405     15   0.75
371     15   0.75
72      15   0.75
419     15   0.75
163     14   0.70
378     14   0.70
105     14   0.70
110     14   0.70
21      14   0.70
510     14   0.70
171     14   0.70
227     14   0.70
221     14   0.70
55      14   0.70
492     14   0.70
495     14   0.70
346     14   0.70
194     14   0.70
5       14   0.70
     Count  Value
392     15   0.75
405     15   0.75
371     15   0.75
72      15   0.75
419     15   0.75
163     14   0.70
378     14   0.70
105     14   0.70
110     14   0.70
21      14   0.70
Current: [72, 371, 392, 405, 419]
Round 2
Subround 1
not enough
     Count     Value
405     16  0.761905
371     16  0.761905
392     15  0.714286
72      15  0.714286
419     15  0.714286
163     14  0.666667
378     14  0.666667
105     14  0.666667
110     14  0.666667
21      14  0.666667
510     14  0.666667
171     14  0.666667
227     14  0.666667
221     14  0.666667
55      14  0.666667
196     14  0.666667
495     14  0.666667
346     14  0.666667
194     14  0.666667
5       14  0.666667
     Count  Value
405      1    1.0
371      1    1.0
196      1    1.0
no winner, not enough
Current: []
Subround 2
not enough
     Count     Value
405     17  0.772727
371     17  0.772727
196     15  0.681818
72      15  0.681818
419     15  0.681818
392     15  0.681818
5       14  0.636364
221     14  0.636364
378     14  0.636364
105     14  0.636364
110     14  0.636364
21      14  0.636364
510     14  0.636364
171     14  0.636364
200     14  0.636364
90      14  0.636364
227     14  0.636364
404     14  0.636364
55      14  0.636364
163     14  0.636364
     Count  Value
405      2    1.0
371      2    1.0
196      2    1.0
no winner, not enough
Current: []
Subround 3
not enough
     Count     Value
371     18  0.782609
405     17  0.739130
196     16  0.695652
72      16  0.695652
419     15  0.652174
392     15  0.652174
5       14  0.608696
221     14  0.608696
378     14  0.608696
105     14  0.608696
110     14  0.608696
21      14  0.608696
510     14  0.608696
171     14  0.608696
200     14  0.608696
90      14  0.608696
227     14  0.608696
404     14  0.608696
55      14  0.608696
163     14  0.608696
     Count     Value
371      3  1.000000
196      3  1.000000
405      2  0.666667
72       1  0.333333
no winner, not enough
Current: []
Subround 4
not enough
     Count     Value
371     19  0.791667
196     17  0.708333
405     17  0.708333
72      16  0.666667
419     16  0.666667
392     15  0.625000
5       14  0.583333
221     14  0.583333
378     14  0.583333
105     14  0.583333
110     14  0.583333
21      14  0.583333
510     14  0.583333
171     14  0.583333
200     14  0.583333
90      14  0.583333
227     14  0.583333
404     14  0.583333
55      14  0.583333
163     14  0.583333
     Count  Value
371      4   1.00
196      4   1.00
405      2   0.50
72       1   0.25
419      1   0.25
no winner, not enough
Current: []
Subround 5
not enough
     Count  Value
371     19   0.76
196     18   0.72
405     17   0.68
72      17   0.68
419     16   0.64
392     16   0.64
5       14   0.56
221     14   0.56
378     14   0.56
105     14   0.56
110     14   0.56
21      14   0.56
510     14   0.56
171     14   0.56
200     14   0.56
90      14   0.56
227     14   0.56
404     14   0.56
55      14   0.56
163     14   0.56
     Count  Value
196      5    1.0
371      4    0.8
405      2    0.4
72       2    0.4
419      1    0.2
392      1    0.2
Current: [196]
Subround 6
not enough
     Count     Value
371     19  0.730769
196     18  0.692308
405     18  0.692308
72      17  0.653846
419     17  0.653846
392     17  0.653846
5       14  0.538462
221     14  0.538462
378     14  0.538462
105     14  0.538462
110     14  0.538462
21      14  0.538462
510     14  0.538462
171     14  0.538462
200     14  0.538462
90      14  0.538462
227     14  0.538462
404     14  0.538462
55      14  0.538462
163     14  0.538462
     Count     Value
196      5  0.833333
371      4  0.666667
405      3  0.500000
72       2  0.333333
419      2  0.333333
392      2  0.333333
Current: [196]
Subround 7
not enough
     Count     Value
371     20  0.740741
196     19  0.703704
405     18  0.666667
72      18  0.666667
419     17  0.629630
392     17  0.629630
5       14  0.518519
221     14  0.518519
378     14  0.518519
105     14  0.518519
110     14  0.518519
21      14  0.518519
510     14  0.518519
171     14  0.518519
200     14  0.518519
90      14  0.518519
227     14  0.518519
404     14  0.518519
55      14  0.518519
163     14  0.518519
     Count     Value
196      6  0.857143
371      5  0.714286
405      3  0.428571
72       3  0.428571
419      2  0.285714
392      2  0.285714
Current: [196]
Subround 8
not enough
     Count     Value
196     20  0.714286
371     20  0.714286
405     19  0.678571
72      19  0.678571
419     17  0.607143
392     17  0.607143
5       14  0.500000
221     14  0.500000
378     14  0.500000
105     14  0.500000
110     14  0.500000
21      14  0.500000
510     14  0.500000
171     14  0.500000
200     14  0.500000
90      14  0.500000
227     14  0.500000
404     14  0.500000
55      14  0.500000
163     14  0.500000
     Count  Value
196      7  0.875
371      5  0.625
405      4  0.500
72       4  0.500
419      2  0.250
392      2  0.250
Current: [196]
Subround 9
not enough
     Count     Value
371     21  0.724138
196     20  0.689655
405     19  0.655172
72      19  0.655172
419     18  0.620690
392     18  0.620690
5       14  0.482759
221     14  0.482759
378     14  0.482759
105     14  0.482759
110     14  0.482759
21      14  0.482759
510     14  0.482759
171     14  0.482759
200     14  0.482759
90      14  0.482759
227     14  0.482759
404     14  0.482759
55      14  0.482759
163     14  0.482759
     Count     Value
196      7  0.777778
371      6  0.666667
405      4  0.444444
72       4  0.444444
419      3  0.333333
392      3  0.333333
no winner, not enough
Current: []
Subround 10
     Count     Value
371     22  0.733333
196     21  0.700000
405     19  0.633333
72      19  0.633333
419     19  0.633333
392     18  0.600000
5       14  0.466667
221     14  0.466667
378     14  0.466667
105     14  0.466667
110     14  0.466667
21      14  0.466667
510     14  0.466667
171     14  0.466667
200     14  0.466667
90      14  0.466667
227     14  0.466667
404     14  0.466667
55      14  0.466667
163     14  0.466667
     Count  Value
196      8    0.8
371      7    0.7
405      4    0.4
72       4    0.4
419      4    0.4
392      3    0.3
no winner, not enough
Current: []
Subround 11
     Count     Value
371     22  0.709677
196     21  0.677419
405     20  0.645161
72      20  0.645161
419     19  0.612903
392     19  0.612903
5       14  0.451613
221     14  0.451613
378     14  0.451613
105     14  0.451613
110     14  0.451613
21      14  0.451613
510     14  0.451613
171     14  0.451613
200     14  0.451613
90      14  0.451613
227     14  0.451613
404     14  0.451613
55      14  0.451613
163     14  0.451613
     Count     Value
196      8  0.727273
371      7  0.636364
405      5  0.454545
72       5  0.454545
419      4  0.363636
392      4  0.363636
no winner, not enough
Current: []
Subround 12
     Count    Value
371     23  0.71875
196     21  0.65625
405     21  0.65625
72      20  0.62500
419     20  0.62500
392     19  0.59375
5       14  0.43750
221     14  0.43750
378     14  0.43750
105     14  0.43750
110     14  0.43750
21      14  0.43750
510     14  0.43750
171     14  0.43750
200     14  0.43750
90      14  0.43750
227     14  0.43750
404     14  0.43750
55      14  0.43750
163     14  0.43750
     Count     Value
371      8  0.666667
196      8  0.666667
405      6  0.500000
72       5  0.416667
419      5  0.416667
392      4  0.333333
no winner, not enough
Current: []
Subround 13
     Count     Value
371     24  0.727273
196     21  0.636364
405     21  0.636364
419     21  0.636364
72      20  0.606061
392     20  0.606061
5       14  0.424242
221     14  0.424242
378     14  0.424242
105     14  0.424242
110     14  0.424242
21      14  0.424242
510     14  0.424242
171     14  0.424242
200     14  0.424242
90      14  0.424242
227     14  0.424242
404     14  0.424242
55      14  0.424242
163     14  0.424242
     Count     Value
371      9  0.692308
196      8  0.615385
405      6  0.461538
419      6  0.461538
72       5  0.384615
392      5  0.384615
no winner, not enough
Current: []
Subround 14
     Count     Value
371     24  0.705882
405     22  0.647059
419     22  0.647059
196     21  0.617647
392     21  0.617647
72      20  0.588235
165     14  0.411765
221     14  0.411765
378     14  0.411765
105     14  0.411765
110     14  0.411765
21      14  0.411765
510     14  0.411765
171     14  0.411765
200     14  0.411765
90      14  0.411765
5       14  0.411765
227     14  0.411765
55      14  0.411765
163     14  0.411765
     Count     Value
371      9  0.642857
196      8  0.571429
405      7  0.500000
419      7  0.500000
392      6  0.428571
72       5  0.357143
no winner, not enough
Current: []
Subround 15
     Count     Value
371     24  0.685714
419     23  0.657143
392     22  0.628571
405     22  0.628571
72      21  0.600000
196     21  0.600000
5       14  0.400000
221     14  0.400000
378     14  0.400000
105     14  0.400000
110     14  0.400000
21      14  0.400000
510     14  0.400000
171     14  0.400000
200     14  0.400000
90      14  0.400000
227     14  0.400000
404     14  0.400000
55      14  0.400000
163     14  0.400000
     Count     Value
371      9  0.600000
196      8  0.533333
419      8  0.533333
405      7  0.466667
392      7  0.466667
72       6  0.400000
no winner, not enough
Current: []
Subround 16
     Count     Value
371     25  0.694444
419     24  0.666667
405     23  0.638889
392     22  0.611111
72      21  0.583333
196     21  0.583333
5       14  0.388889
221     14  0.388889
378     14  0.388889
105     14  0.388889
110     14  0.388889
21      14  0.388889
510     14  0.388889
171     14  0.388889
200     14  0.388889
90      14  0.388889
227     14  0.388889
404     14  0.388889
55      14  0.388889
163     14  0.388889
     Count   Value
371     10  0.6250
419      9  0.5625
405      8  0.5000
196      8  0.5000
392      7  0.4375
72       6  0.3750
no winner, not enough
Current: []
Subround 17
     Count     Value
371     25  0.675676
419     24  0.648649
392     23  0.621622
405     23  0.621622
72      22  0.594595
196     22  0.594595
5       14  0.378378
221     14  0.378378
378     14  0.378378
105     14  0.378378
110     14  0.378378
21      14  0.378378
510     14  0.378378
171     14  0.378378
200     14  0.378378
90      14  0.378378
227     14  0.378378
404     14  0.378378
55      14  0.378378
163     14  0.378378
     Count     Value
371     10  0.588235
196      9  0.529412
419      9  0.529412
405      8  0.470588
392      8  0.470588
72       7  0.411765
no winner, not enough
Current: []
Subround 18
     Count     Value
371     25  0.657895
405     24  0.631579
419     24  0.631579
196     23  0.605263
72      23  0.605263
392     23  0.605263
5       14  0.368421
221     14  0.368421
378     14  0.368421
105     14  0.368421
110     14  0.368421
21      14  0.368421
510     14  0.368421
171     14  0.368421
200     14  0.368421
90      14  0.368421
227     14  0.368421
404     14  0.368421
55      14  0.368421
163     14  0.368421
     Count     Value
371     10  0.555556
196     10  0.555556
405      9  0.500000
419      9  0.500000
72       8  0.444444
392      8  0.444444
no winner, not enough
Current: []
Subround 19
     Count     Value
405     25  0.641026
371     25  0.641026
419     25  0.641026
72      24  0.615385
196     23  0.589744
392     23  0.589744
5       14  0.358974
221     14  0.358974
378     14  0.358974
105     14  0.358974
110     14  0.358974
21      14  0.358974
510     14  0.358974
171     14  0.358974
200     14  0.358974
90      14  0.358974
227     14  0.358974
404     14  0.358974
55      14  0.358974
163     14  0.358974
     Count     Value
405     10  0.526316
371     10  0.526316
196     10  0.526316
419     10  0.526316
72       9  0.473684
392      8  0.421053
no winner, not enough
Current: []
Subround 20
     Count  Value
405     26  0.650
371     25  0.625
72      25  0.625
419     25  0.625
196     24  0.600
392     23  0.575
5       14  0.350
221     14  0.350
378     14  0.350
105     14  0.350
110     14  0.350
21      14  0.350
510     14  0.350
171     14  0.350
200     14  0.350
90      14  0.350
227     14  0.350
404     14  0.350
55      14  0.350
163     14  0.350
     Count  Value
405     11   0.55
196     11   0.55
371     10   0.50
72      10   0.50
419     10   0.50
392      8   0.40
no winner, not enough
Current: []
Subround 21
     Count     Value
405     26  0.634146
371     26  0.634146
196     25  0.609756
72      25  0.609756
419     25  0.609756
392     24  0.585366
5       14  0.341463
221     14  0.341463
378     14  0.341463
105     14  0.341463
110     14  0.341463
21      14  0.341463
510     14  0.341463
171     14  0.341463
200     14  0.341463
90      14  0.341463
227     14  0.341463
404     14  0.341463
55      14  0.341463
163     14  0.341463
     Count     Value
196     12  0.571429
405     11  0.523810
371     11  0.523810
72      10  0.476190
419     10  0.476190
392      9  0.428571
no winner, not enough
Current: []
Subround 22
     Count     Value
371     27  0.642857
405     26  0.619048
72      26  0.619048
419     26  0.619048
196     25  0.595238
392     24  0.571429
5       14  0.333333
221     14  0.333333
378     14  0.333333
105     14  0.333333
110     14  0.333333
21      14  0.333333
510     14  0.333333
171     14  0.333333
200     14  0.333333
90      14  0.333333
227     14  0.333333
404     14  0.333333
55      14  0.333333
163     14  0.333333
     Count     Value
371     12  0.545455
196     12  0.545455
405     11  0.500000
72      11  0.500000
419     11  0.500000
392      9  0.409091
no winner, not enough
Current: []
Subround 23
     Count     Value
405     27  0.627907
371     27  0.627907
72      27  0.627907
196     26  0.604651
419     26  0.604651
392     24  0.558140
5       14  0.325581
221     14  0.325581
378     14  0.325581
105     14  0.325581
110     14  0.325581
21      14  0.325581
510     14  0.325581
171     14  0.325581
200     14  0.325581
90      14  0.325581
227     14  0.325581
404     14  0.325581
55      14  0.325581
163     14  0.325581
     Count     Value
196     13  0.565217
405     12  0.521739
371     12  0.521739
72      12  0.521739
419     11  0.478261
392      9  0.391304
no winner, not enough
Current: []
Subround 24
     Count     Value
405     28  0.636364
196     27  0.613636
371     27  0.613636
72      27  0.613636
419     26  0.590909
392     25  0.568182
5       14  0.318182
221     14  0.318182
378     14  0.318182
105     14  0.318182
110     14  0.318182
21      14  0.318182
510     14  0.318182
171     14  0.318182
200     14  0.318182
90      14  0.318182
227     14  0.318182
404     14  0.318182
55      14  0.318182
163     14  0.318182
     Count     Value
196     14  0.583333
405     13  0.541667
371     12  0.500000
72      12  0.500000
419     11  0.458333
392     10  0.416667
no winner, not enough
Current: []
Subround 25
     Count     Value
405     29  0.644444
371     28  0.622222
196     27  0.600000
72      27  0.600000
419     27  0.600000
392     25  0.555556
5       14  0.311111
221     14  0.311111
378     14  0.311111
105     14  0.311111
110     14  0.311111
21      14  0.311111
510     14  0.311111
171     14  0.311111
200     14  0.311111
90      14  0.311111
227     14  0.311111
404     14  0.311111
55      14  0.311111
163     14  0.311111
     Count  Value
405     14   0.56
196     14   0.56
371     13   0.52
72      12   0.48
419     12   0.48
392     10   0.40
no winner, not enough
Current: []
Subround 26
     Count     Value
405     29  0.630435
196     28  0.608696
371     28  0.608696
419     28  0.608696
72      27  0.586957
392     26  0.565217
5       14  0.304348
221     14  0.304348
378     14  0.304348
105     14  0.304348
110     14  0.304348
21      14  0.304348
510     14  0.304348
171     14  0.304348
200     14  0.304348
90      14  0.304348
227     14  0.304348
404     14  0.304348
55      14  0.304348
163     14  0.304348
     Count     Value
196     15  0.576923
405     14  0.538462
371     13  0.500000
419     13  0.500000
72      12  0.461538
392     11  0.423077
no winner, not enough
Current: []
Subround 27
     Count     Value
405     30  0.638298
371     29  0.617021
196     28  0.595745
72      28  0.595745
419     28  0.595745
392     26  0.553191
5       14  0.297872
221     14  0.297872
378     14  0.297872
105     14  0.297872
110     14  0.297872
21      14  0.297872
510     14  0.297872
171     14  0.297872
200     14  0.297872
90      14  0.297872
227     14  0.297872
404     14  0.297872
55      14  0.297872
163     14  0.297872
     Count     Value
405     15  0.555556
196     15  0.555556
371     14  0.518519
72      13  0.481481
419     13  0.481481
392     11  0.407407
no winner, not enough
Current: []
Subround 28
     Count     Value
405     30  0.625000
371     30  0.625000
196     29  0.604167
72      29  0.604167
419     28  0.583333
392     26  0.541667
5       14  0.291667
221     14  0.291667
378     14  0.291667
105     14  0.291667
110     14  0.291667
21      14  0.291667
510     14  0.291667
171     14  0.291667
200     14  0.291667
90      14  0.291667
227     14  0.291667
404     14  0.291667
55      14  0.291667
163     14  0.291667
     Count     Value
196     16  0.571429
405     15  0.535714
371     15  0.535714
72      14  0.500000
419     13  0.464286
392     11  0.392857
no winner, not enough
Current: []
Subround 29
     Count     Value
405     31  0.632653
371     31  0.632653
196     29  0.591837
72      29  0.591837
419     28  0.571429
392     27  0.551020
5       14  0.285714
221     14  0.285714
378     14  0.285714
105     14  0.285714
110     14  0.285714
21      14  0.285714
510     14  0.285714
171     14  0.285714
200     14  0.285714
90      14  0.285714
227     14  0.285714
404     14  0.285714
55      14  0.285714
163     14  0.285714
     Count     Value
405     16  0.551724
371     16  0.551724
196     16  0.551724
72      14  0.482759
419     13  0.448276
392     12  0.413793
no winner, not enough
Current: []
Subround 30
     Count  Value
405     32   0.64
371     31   0.62
196     30   0.60
72      29   0.58
419     28   0.56
392     28   0.56
5       14   0.28
221     14   0.28
378     14   0.28
105     14   0.28
110     14   0.28
21      14   0.28
510     14   0.28
171     14   0.28
200     14   0.28
90      14   0.28
227     14   0.28
404     14   0.28
55      14   0.28
163     14   0.28
     Count     Value
405     17  0.566667
196     17  0.566667
371     16  0.533333
72      14  0.466667
419     13  0.433333
392     13  0.433333
Rest half winner
Current: [1, 3, 5, 6, 7, 8, 9, 11, 12, 13, 15, 16, 17, 18, 19, 20, 21, 23, 25, 26, 29, 33, 34, 37, 39, 41, 43, 44, 45, 46, 47, 48, 49, 55, 56, 57, 58, 59, 60, 61, 66, 67, 71, 72, 73, 74, 76, 78, 90, 92, 96, 99, 101, 103, 105, 106, 107, 108, 109, 110, 114, 115, 116, 117, 119, 121, 122, 123, 124, 125, 126, 128, 129, 131, 132, 133, 134, 138, 139, 146, 149, 152, 154, 155, 160, 161, 162, 163, 164, 165, 166, 168, 170, 171, 172, 173, 174, 175, 177, 179, 181, 182, 186, 189, 190, 193, 194, 196, 197, 200, 202, 204, 209, 215, 218, 220, 221, 223, 225, 226, 227, 229, 230, 231, 233, 234, 235, 239, 240, 246, 250, 253, 254, 259, 263, 265, 266, 267, 275, 276, 277, 279, 280, 288, 289, 290, 294, 298, 299, 300, 302, 303, 310, 311, 312, 316, 317, 318, 323, 328, 330, 332, 335, 336, 338, 339, 340, 341, 342, 343, 345, 346, 348, 349, 350, 351, 356, 357, 360, 363, 364, 366, 368, 371, 372, 373, 374, 375, 376, 378, 380, 385, 386, 390, 392, 394, 396, 399, 400, 402, 403, 404, 405, 406, 407, 408, 412, 413, 414, 415, 416, 417, 418, 419, 423, 426, 427, 430, 435, 436, 438, 442, 443, 444, 446, 448, 452, 453, 454, 456, 459, 463, 466, 468, 469, 470, 472, 474, 476, 480, 481, 485, 487, 488, 491, 492, 495, 497, 498, 500, 501, 502, 503, 505, 509, 510]
Round 3
Subround 1
not enough
     Count  Value
134      1    1.0
488      1    1.0
380      1    1.0
55       1    1.0
339      1    1.0
20       1    1.0
501      1    1.0
74       1    1.0
200      1    1.0
45       1    1.0
48       1    1.0
129      1    1.0
122      1    1.0
101      1    1.0
99       1    1.0
3        1    1.0
9        1    1.0
403      1    1.0
138      1    1.0
385      1    1.0
     Count  Value
134      1    1.0
488      1    1.0
380      1    1.0
55       1    1.0
339      1    1.0
20       1    1.0
501      1    1.0
74       1    1.0
200      1    1.0
45       1    1.0
Current: [3, 5, 6, 9, 11, 12, 13, 15, 18, 19, 20, 21, 23, 29, 34, 39, 45, 48, 49, 55, 56, 59, 61, 66, 71, 74, 76, 78, 96, 99, 101, 105, 106, 107, 108, 114, 119, 122, 126, 129, 133, 134, 138, 139, 146, 152, 155, 164, 166, 170, 172, 175, 179, 182, 189, 196, 197, 200, 202, 209, 218, 220, 223, 229, 230, 233, 234, 239, 246, 250, 253, 254, 263, 266, 267, 275, 276, 279, 294, 312, 316, 318, 328, 336, 339, 340, 349, 351, 356, 357, 360, 363, 371, 375, 378, 380, 385, 386, 390, 396, 399, 403, 404, 405, 412, 413, 415, 417, 418, 419, 423, 426, 427, 436, 443, 444, 446, 453, 454, 466, 472, 474, 476, 488, 491, 501, 505, 509]
Subround 2
not enough
     Count  Value
396      2    1.0
129      2    1.0
385      2    1.0
436      2    1.0
413      2    1.0
239      2    1.0
18       2    1.0
363      2    1.0
505      2    1.0
56       2    1.0
349      2    1.0
316      2    1.0
146      2    1.0
170      2    1.0
23       2    1.0
107      2    1.0
202      2    1.0
61       2    1.0
509      2    1.0
3        2    1.0
     Count  Value
396      2    1.0
129      2    1.0
385      2    1.0
436      2    1.0
413      2    1.0
239      2    1.0
18       2    1.0
363      2    1.0
505      2    1.0
56       2    1.0
Current: [3, 12, 15, 18, 23, 34, 45, 55, 56, 61, 66, 74, 107, 114, 119, 129, 133, 146, 152, 166, 170, 175, 189, 196, 197, 200, 202, 209, 220, 233, 234, 239, 253, 254, 266, 275, 279, 294, 316, 328, 339, 340, 349, 357, 363, 375, 380, 385, 386, 396, 413, 417, 436, 443, 444, 453, 454, 474, 476, 488, 505, 509]
Subround 3
not enough
     Count  Value
55       3    1.0
436      3    1.0
488      3    1.0
239      3    1.0
119      3    1.0
275      3    1.0
220      3    1.0
443      3    1.0
152      3    1.0
363      3    1.0
34       3    1.0
166      3    1.0
56       3    1.0
349      3    1.0
175      3    1.0
197      3    1.0
15       3    1.0
12       3    1.0
339      3    1.0
266      3    1.0
     Count  Value
55       3    1.0
436      3    1.0
488      3    1.0
239      3    1.0
119      3    1.0
275      3    1.0
220      3    1.0
443      3    1.0
152      3    1.0
363      3    1.0
Current: [3, 12, 15, 34, 45, 55, 56, 74, 119, 129, 133, 152, 166, 170, 175, 189, 196, 197, 200, 202, 209, 220, 239, 253, 254, 266, 275, 294, 339, 340, 349, 357, 363, 375, 380, 413, 436, 443, 454, 474, 476, 488]
Subround 4
not enough
     Count  Value
339      4    1.0
239      4    1.0
200      4    1.0
166      4    1.0
220      4    1.0
170      4    1.0
55       4    1.0
3        4    1.0
133      4    1.0
340      4    1.0
357      4    1.0
15       4    1.0
129      4    1.0
476      4    1.0
413      4    1.0
196      4    1.0
56       4    1.0
202      4    1.0
266      4    1.0
254      4    1.0
     Count  Value
339      4    1.0
239      4    1.0
200      4    1.0
166      4    1.0
220      4    1.0
170      4    1.0
55       4    1.0
3        4    1.0
133      4    1.0
340      4    1.0
Current: [3, 12, 15, 45, 55, 56, 129, 133, 166, 170, 196, 197, 200, 202, 209, 220, 239, 254, 266, 339, 340, 349, 357, 375, 413, 476]
Subround 5
not enough
     Count  Value
340      5    1.0
266      5    1.0
476      5    1.0
129      5    1.0
197      5    1.0
209      5    1.0
375      5    1.0
357      5    1.0
15       5    1.0
133      5    1.0
339      5    1.0
12       5    1.0
239      5    1.0
196      5    1.0
220      4    0.8
341      4    0.8
152      4    0.8
66       4    0.8
163      4    0.8
166      4    0.8
     Count  Value
340      5    1.0
266      5    1.0
476      5    1.0
129      5    1.0
197      5    1.0
209      5    1.0
375      5    1.0
357      5    1.0
15       5    1.0
133      5    1.0
Current: [12, 15, 129, 133, 196, 197, 209, 239, 266, 339, 340, 357, 375, 476]
Subround 6
not enough
     Count     Value
197      6  1.000000
339      6  1.000000
12       6  1.000000
375      6  1.000000
129      6  1.000000
266      5  0.833333
152      5  0.833333
253      5  0.833333
133      5  0.833333
55       5  0.833333
453      5  0.833333
146      5  0.833333
220      5  0.833333
15       5  0.833333
233      5  0.833333
181      5  0.833333
413      5  0.833333
239      5  0.833333
503      5  0.833333
56       5  0.833333
     Count     Value
197      6  1.000000
339      6  1.000000
12       6  1.000000
375      6  1.000000
129      6  1.000000
266      5  0.833333
152      5  0.833333
253      5  0.833333
133      5  0.833333
55       5  0.833333
Current: [12, 15, 55, 56, 129, 133, 146, 152, 170, 181, 189, 196, 197, 209, 220, 233, 239, 253, 254, 266, 339, 340, 357, 375, 413, 453, 476, 501, 503]
Subround 7
not enough
     Count     Value
375      7  1.000000
339      7  1.000000
197      7  1.000000
170      6  0.857143
239      6  0.857143
196      6  0.857143
476      6  0.857143
133      6  0.857143
357      6  0.857143
12       6  0.857143
129      6  0.857143
253      6  0.857143
254      6  0.857143
266      6  0.857143
342      5  0.714286
146      5  0.714286
67       5  0.714286
323      5  0.714286
202      5  0.714286
56       5  0.714286
     Count     Value
375      7  1.000000
339      7  1.000000
197      7  1.000000
170      6  0.857143
239      6  0.857143
196      6  0.857143
476      6  0.857143
133      6  0.857143
357      6  0.857143
12       6  0.857143
Current: [12, 129, 133, 170, 196, 197, 239, 253, 254, 266, 339, 357, 375, 476]
Subround 8
not enough
     Count  Value
197      8  1.000
375      8  1.000
266      7  0.875
339      7  0.875
196      7  0.875
476      7  0.875
55       6  0.750
45       6  0.750
253      6  0.750
146      6  0.750
220      6  0.750
335      6  0.750
152      6  0.750
200      6  0.750
223      6  0.750
129      6  0.750
133      6  0.750
163      6  0.750
11       6  0.750
413      6  0.750
     Count  Value
197      8  1.000
375      8  1.000
266      7  0.875
339      7  0.875
196      7  0.875
476      7  0.875
55       6  0.750
45       6  0.750
253      6  0.750
146      6  0.750
Current: [196, 197, 266, 339, 375, 476]
Subround 9
not enough
     Count     Value
197      9  1.000000
375      9  1.000000
339      8  0.888889
266      8  0.888889
476      8  0.888889
45       7  0.777778
55       7  0.777778
399      7  0.777778
119      7  0.777778
129      7  0.777778
453      7  0.777778
253      7  0.777778
11       7  0.777778
196      7  0.777778
413      7  0.777778
209      7  0.777778
200      7  0.777778
466      7  0.777778
67       7  0.777778
190      7  0.777778
     Count     Value
197      9  1.000000
375      9  1.000000
339      8  0.888889
266      8  0.888889
476      8  0.888889
45       7  0.777778
55       7  0.777778
399      7  0.777778
119      7  0.777778
129      7  0.777778
Current: [197, 266, 339, 375, 476]
Subround 10
     Count  Value
375     10    1.0
339      9    0.9
476      9    0.9
197      9    0.9
266      9    0.9
67       8    0.8
129      8    0.8
190      8    0.8
466      8    0.8
253      8    0.8
399      8    0.8
55       8    0.8
11       8    0.8
45       7    0.7
74       7    0.7
200      7    0.7
263      7    0.7
34       7    0.7
323      7    0.7
122      7    0.7
     Count  Value
375     10    1.0
339      9    0.9
476      9    0.9
197      9    0.9
266      9    0.9
67       8    0.8
129      8    0.8
190      8    0.8
466      8    0.8
253      8    0.8
Current: [197, 266, 339, 375, 476]
Round 4
Subround 1
not enough
     Count     Value
339     10  0.909091
375     10  0.909091
476     10  0.909091
197     10  0.909091
266      9  0.818182
67       8  0.727273
129      8  0.727273
190      8  0.727273
466      8  0.727273
253      8  0.727273
399      8  0.727273
55       8  0.727273
11       8  0.727273
45       7  0.636364
74       7  0.636364
200      7  0.636364
263      7  0.636364
34       7  0.636364
323      7  0.636364
122      7  0.636364
     Count  Value
197      1    1.0
476      1    1.0
339      1    1.0
Current: [197, 266, 339, 375, 476]
Subround 2
not enough
     Count     Value
339     11  0.916667
476     11  0.916667
375     10  0.833333
197     10  0.833333
266     10  0.833333
67       8  0.666667
129      8  0.666667
190      8  0.666667
466      8  0.666667
253      8  0.666667
399      8  0.666667
55       8  0.666667
11       8  0.666667
45       7  0.583333
74       7  0.583333
200      7  0.583333
263      7  0.583333
34       7  0.583333
323      7  0.583333
122      7  0.583333
     Count  Value
476      2    1.0
339      2    1.0
197      1    0.5
266      1    0.5
Current: [197, 266, 339, 375, 476]
Subround 3
not enough
     Count     Value
197     11  0.846154
375     11  0.846154
339     11  0.846154
476     11  0.846154
266     10  0.769231
399      8  0.615385
190      8  0.615385
129      8  0.615385
466      8  0.615385
67       8  0.615385
11       8  0.615385
253      8  0.615385
55       8  0.615385
106      7  0.538462
90       7  0.538462
146      7  0.538462
290      7  0.538462
220      7  0.538462
402      7  0.538462
34       7  0.538462
     Count     Value
197      2  0.666667
476      2  0.666667
339      2  0.666667
266      1  0.333333
375      1  0.333333
134      1  0.333333
Current: [197, 339, 375, 476]
Subround 4
not enough
     Count     Value
375     12  0.857143
339     12  0.857143
476     11  0.785714
197     11  0.785714
266     10  0.714286
399      8  0.571429
55       8  0.571429
67       8  0.571429
466      8  0.571429
253      8  0.571429
129      8  0.571429
190      8  0.571429
11       8  0.571429
378      7  0.500000
312      7  0.500000
402      7  0.500000
275      7  0.500000
119      7  0.500000
202      7  0.500000
34       7  0.500000
     Count  Value
339      3   0.75
197      2   0.50
476      2   0.50
375      2   0.50
134      2   0.50
266      1   0.25
Current: [339, 375]
Subround 5
not enough
     Count     Value
339     13  0.866667
375     12  0.800000
476     12  0.800000
197     12  0.800000
266     10  0.666667
399      8  0.533333
55       8  0.533333
67       8  0.533333
466      8  0.533333
253      8  0.533333
129      8  0.533333
190      8  0.533333
11       8  0.533333
378      7  0.466667
312      7  0.466667
402      7  0.466667
275      7  0.466667
119      7  0.466667
202      7  0.466667
34       7  0.466667
     Count  Value
339      4    0.8
197      3    0.6
476      3    0.6
375      2    0.4
134      2    0.4
266      1    0.2
Current: [339]
Subround 6
not enough
     Count   Value
339     14  0.8750
375     13  0.8125
476     12  0.7500
197     12  0.7500
266     10  0.6250
399      8  0.5000
55       8  0.5000
67       8  0.5000
466      8  0.5000
134      8  0.5000
129      8  0.5000
190      8  0.5000
11       8  0.5000
253      8  0.5000
378      7  0.4375
312      7  0.4375
402      7  0.4375
275      7  0.4375
119      7  0.4375
202      7  0.4375
     Count     Value
339      5  0.833333
197      3  0.500000
476      3  0.500000
375      3  0.500000
134      3  0.500000
266      1  0.166667
Current: [339, 375]
Subround 7
not enough
     Count     Value
339     15  0.882353
375     14  0.823529
476     12  0.705882
197     12  0.705882
266     11  0.647059
399      8  0.470588
55       8  0.470588
67       8  0.470588
466      8  0.470588
134      8  0.470588
129      8  0.470588
190      8  0.470588
11       8  0.470588
253      8  0.470588
378      7  0.411765
312      7  0.411765
402      7  0.411765
275      7  0.411765
119      7  0.411765
202      7  0.411765
     Count     Value
339      6  0.857143
375      4  0.571429
197      3  0.428571
476      3  0.428571
134      3  0.428571
266      2  0.285714
Current: [339, 375]
Subround 8
not enough
     Count     Value
339     16  0.888889
375     14  0.777778
476     13  0.722222
197     12  0.666667
266     11  0.611111
134      9  0.500000
129      8  0.444444
399      8  0.444444
466      8  0.444444
67       8  0.444444
190      8  0.444444
11       8  0.444444
55       8  0.444444
253      8  0.444444
402      7  0.388889
312      7  0.388889
378      7  0.388889
275      7  0.388889
34       7  0.388889
119      7  0.388889
     Count  Value
339      7  0.875
476      4  0.500
375      4  0.500
134      4  0.500
197      3  0.375
266      2  0.250
Current: [339]
Subround 9
not enough
     Count     Value
339     16  0.842105
375     15  0.789474
476     14  0.736842
266     12  0.631579
197     12  0.631579
134      9  0.473684
129      8  0.421053
399      8  0.421053
466      8  0.421053
67       8  0.421053
190      8  0.421053
11       8  0.421053
55       8  0.421053
253      8  0.421053
402      7  0.368421
312      7  0.368421
378      7  0.368421
275      7  0.368421
34       7  0.368421
119      7  0.368421
     Count     Value
339      7  0.777778
476      5  0.555556
375      5  0.555556
134      4  0.444444
197      3  0.333333
266      3  0.333333
Current: [339]
Subround 10
     Count  Value
339     17   0.85
375     15   0.75
476     14   0.70
266     13   0.65
197     13   0.65
134      9   0.45
129      8   0.40
399      8   0.40
466      8   0.40
67       8   0.40
190      8   0.40
11       8   0.40
55       8   0.40
253      8   0.40
402      7   0.35
312      7   0.35
378      7   0.35
275      7   0.35
34       7   0.35
119      7   0.35
     Count  Value
339      8    0.8
476      5    0.5
375      5    0.5
197      4    0.4
266      4    0.4
134      4    0.4
Current: [339]
Winning offset:
[339]
2021-09-08 03:14:43.891154
2021-09-08 03:18:24.711358
0:03:40.820204
