Loading page file profiles/lab06/pages/0x2a44b.yaml
Loading page file profiles/lab06/pages/0x2a460.yaml
Loading page file profiles/lab06/pages/0x2a4e3.yaml
Loading page file profiles/lab06/pages/0x2a4e5.yaml
Loading page file profiles/lab06/pages/0x2a800.yaml
Loading page file profiles/lab06/pages/0x2a804.yaml
Loading page file profiles/lab06/pages/0x2a805.yaml
Round 1
Subround 1
not enough
     Count  Value
129      1    1.0
326      1    1.0
312      1    1.0
237      1    1.0
337      1    1.0
158      1    1.0
221      1    1.0
382      1    1.0
195      1    1.0
321      1    1.0
11       1    1.0
161      1    1.0
248      1    1.0
210      1    1.0
1        1    1.0
145      1    1.0
367      1    1.0
224      1    1.0
465      1    1.0
10       1    1.0
     Count  Value
129      1    1.0
326      1    1.0
312      1    1.0
237      1    1.0
337      1    1.0
158      1    1.0
221      1    1.0
382      1    1.0
195      1    1.0
321      1    1.0
Current: [0, 1, 2, 3, 5, 6, 7, 8, 9, 10, 11, 12, 15, 18, 19, 20, 23, 24, 29, 31, 33, 35, 38, 40, 43, 45, 46, 47, 50, 52, 53, 56, 57, 58, 61, 64, 65, 67, 70, 71, 77, 78, 79, 82, 86, 88, 91, 92, 94, 98, 99, 100, 101, 102, 104, 105, 107, 114, 121, 122, 123, 124, 126, 127, 129, 131, 136, 138, 139, 141, 143, 144, 145, 146, 149, 150, 151, 152, 158, 160, 161, 162, 163, 164, 165, 171, 172, 177, 179, 183, 185, 187, 188, 190, 193, 195, 198, 200, 202, 204, 210, 212, 213, 215, 216, 218, 221, 223, 224, 225, 229, 231, 232, 235, 236, 237, 238, 239, 240, 241, 243, 245, 246, 248, 249, 251, 252, 254, 255, 256, 260, 261, 262, 272, 275, 276, 279, 281, 282, 283, 286, 287, 288, 289, 291, 293, 294, 296, 298, 303, 304, 305, 309, 312, 313, 315, 317, 321, 323, 324, 326, 328, 330, 332, 333, 334, 337, 338, 339, 340, 341, 342, 343, 344, 345, 346, 347, 349, 350, 352, 354, 355, 359, 366, 367, 368, 374, 375, 377, 379, 380, 382, 383, 384, 386, 387, 388, 390, 391, 394, 397, 398, 400, 401, 404, 405, 407, 409, 412, 413, 419, 420, 423, 424, 433, 434, 435, 437, 439, 440, 441, 447, 448, 449, 454, 455, 457, 459, 460, 462, 463, 465, 467, 469, 472, 473, 474, 476, 477, 478, 479, 480, 483, 484, 485, 489, 490, 491, 492, 496, 497, 498, 500, 501, 507, 509]
Subround 2
not enough
     Count  Value
291      2    1.0
224      2    1.0
40       2    1.0
467      2    1.0
165      2    1.0
484      2    1.0
448      2    1.0
231      2    1.0
455      2    1.0
412      2    1.0
6        2    1.0
53       2    1.0
127      2    1.0
312      2    1.0
237      2    1.0
337      2    1.0
158      2    1.0
195      2    1.0
321      2    1.0
11       2    1.0
     Count  Value
291      2    1.0
224      2    1.0
40       2    1.0
467      2    1.0
165      2    1.0
484      2    1.0
448      2    1.0
231      2    1.0
455      2    1.0
412      2    1.0
Current: [5, 6, 9, 11, 20, 24, 31, 35, 40, 46, 47, 50, 52, 53, 57, 61, 64, 65, 71, 78, 79, 86, 88, 98, 100, 102, 104, 114, 121, 122, 123, 124, 126, 127, 131, 136, 139, 141, 145, 150, 151, 158, 160, 165, 171, 172, 185, 187, 193, 195, 198, 202, 213, 216, 223, 224, 225, 229, 231, 232, 235, 236, 237, 239, 240, 249, 251, 255, 261, 262, 275, 276, 281, 282, 288, 291, 294, 303, 304, 309, 312, 313, 317, 321, 323, 328, 330, 332, 333, 337, 338, 339, 340, 344, 345, 347, 349, 352, 359, 366, 367, 375, 377, 379, 380, 383, 386, 391, 394, 400, 401, 404, 405, 409, 412, 413, 424, 433, 434, 435, 439, 440, 447, 448, 455, 459, 460, 462, 467, 469, 473, 474, 478, 480, 484, 485, 489, 491, 497, 498, 500, 507]
Subround 3
not enough
     Count  Value
312      3    1.0
198      3    1.0
185      3    1.0
71       3    1.0
102      3    1.0
139      3    1.0
288      3    1.0
104      3    1.0
424      3    1.0
251      3    1.0
124      3    1.0
52       3    1.0
333      3    1.0
380      3    1.0
394      3    1.0
79       3    1.0
187      3    1.0
317      3    1.0
121      3    1.0
64       3    1.0
     Count  Value
312      3    1.0
198      3    1.0
185      3    1.0
71       3    1.0
102      3    1.0
139      3    1.0
288      3    1.0
104      3    1.0
424      3    1.0
251      3    1.0
Current: [5, 9, 11, 31, 35, 50, 52, 61, 64, 71, 79, 86, 88, 100, 102, 104, 121, 122, 123, 124, 126, 136, 139, 158, 171, 172, 185, 187, 198, 202, 216, 224, 229, 235, 239, 240, 251, 255, 261, 262, 275, 281, 282, 288, 291, 303, 304, 309, 312, 317, 321, 328, 330, 332, 333, 338, 339, 340, 359, 366, 367, 377, 379, 380, 383, 386, 394, 401, 409, 413, 424, 433, 435, 440, 447, 448, 455, 460, 462, 473, 474, 478, 480, 498]
Subround 4
not enough
     Count  Value
104      4    1.0
455      4    1.0
198      4    1.0
255      4    1.0
377      4    1.0
158      4    1.0
100      4    1.0
281      4    1.0
435      4    1.0
413      4    1.0
126      4    1.0
304      4    1.0
433      4    1.0
185      4    1.0
262      4    1.0
383      4    1.0
136      4    1.0
498      4    1.0
288      4    1.0
291      4    1.0
     Count  Value
104      4    1.0
455      4    1.0
198      4    1.0
255      4    1.0
377      4    1.0
158      4    1.0
100      4    1.0
281      4    1.0
435      4    1.0
413      4    1.0
Current: [3, 5, 6, 8, 9, 10, 11, 12, 15, 16, 20, 21, 23, 31, 33, 34, 35, 47, 50, 52, 53, 54, 57, 61, 64, 65, 71, 75, 79, 81, 85, 86, 88, 91, 94, 100, 101, 102, 104, 106, 110, 111, 114, 121, 122, 123, 124, 125, 126, 127, 131, 136, 139, 145, 147, 151, 158, 162, 165, 171, 172, 174, 179, 182, 185, 187, 192, 198, 202, 210, 211, 212, 216, 218, 219, 222, 224, 225, 227, 229, 234, 235, 237, 239, 240, 241, 249, 251, 255, 261, 262, 266, 269, 275, 276, 280, 281, 282, 285, 288, 291, 293, 296, 298, 299, 303, 304, 309, 312, 317, 321, 323, 324, 328, 330, 332, 333, 337, 338, 339, 340, 341, 342, 344, 345, 347, 355, 359, 366, 367, 374, 377, 379, 380, 383, 386, 390, 394, 399, 400, 401, 405, 407, 408, 409, 412, 413, 422, 423, 424, 433, 434, 435, 440, 447, 448, 452, 455, 459, 460, 462, 463, 472, 473, 474, 478, 479, 480, 485, 491, 497, 498, 500, 503, 504, 505, 507, 510]
Subround 5
not enough
     Count  Value
460      5    1.0
123      5    1.0
255      5    1.0
377      5    1.0
338      5    1.0
288      5    1.0
104      5    1.0
424      5    1.0
126      5    1.0
394      5    1.0
100      5    1.0
187      5    1.0
473      5    1.0
498      5    1.0
198      5    1.0
435      5    1.0
9        5    1.0
262      5    1.0
480      5    1.0
64       5    1.0
     Count  Value
460      5    1.0
123      5    1.0
255      5    1.0
377      5    1.0
338      5    1.0
288      5    1.0
104      5    1.0
424      5    1.0
126      5    1.0
394      5    1.0
Current: [3, 8, 9, 10, 12, 20, 21, 23, 33, 34, 47, 50, 57, 61, 64, 65, 79, 81, 85, 91, 94, 100, 101, 104, 106, 110, 111, 114, 122, 123, 125, 126, 127, 131, 136, 145, 151, 158, 162, 165, 171, 172, 174, 182, 185, 187, 198, 210, 212, 218, 219, 222, 224, 225, 234, 237, 240, 249, 255, 262, 266, 269, 276, 280, 281, 285, 288, 291, 293, 296, 298, 299, 304, 312, 317, 321, 323, 324, 330, 337, 338, 339, 341, 342, 344, 345, 347, 355, 374, 377, 383, 390, 394, 399, 400, 405, 407, 408, 412, 413, 422, 423, 424, 433, 434, 435, 452, 455, 460, 472, 473, 474, 478, 479, 480, 485, 498, 507, 510]
Subround 6
not enough
     Count     Value
480      6  1.000000
291      6  1.000000
498      6  1.000000
473      6  1.000000
198      6  1.000000
123      6  1.000000
460      6  1.000000
474      6  1.000000
104      6  1.000000
288      6  1.000000
187      6  1.000000
394      6  1.000000
255      6  1.000000
158      6  1.000000
50       6  1.000000
126      6  1.000000
405      5  0.833333
100      5  0.833333
323      5  0.833333
240      5  0.833333
     Count  Value
480      6    1.0
291      6    1.0
498      6    1.0
473      6    1.0
198      6    1.0
123      6    1.0
460      6    1.0
474      6    1.0
104      6    1.0
288      6    1.0
Current: [9, 20, 33, 47, 50, 57, 64, 85, 94, 100, 101, 104, 106, 111, 114, 123, 125, 126, 136, 158, 171, 172, 182, 187, 198, 212, 218, 219, 222, 224, 240, 255, 262, 266, 269, 276, 280, 281, 288, 291, 293, 299, 304, 317, 321, 323, 337, 338, 339, 345, 347, 355, 377, 383, 394, 400, 405, 407, 412, 413, 423, 424, 433, 435, 455, 460, 472, 473, 474, 480, 485, 498, 507]
Subround 7
not enough
     Count     Value
474      7  1.000000
126      7  1.000000
104      7  1.000000
288      7  1.000000
394      7  1.000000
158      7  1.000000
480      7  1.000000
187      7  1.000000
473      7  1.000000
460      7  1.000000
198      7  1.000000
423      6  0.857143
405      6  0.857143
291      6  0.857143
424      6  0.857143
182      6  0.857143
317      6  0.857143
111      6  0.857143
435      6  0.857143
212      6  0.857143
     Count  Value
474      7    1.0
126      7    1.0
104      7    1.0
288      7    1.0
394      7    1.0
158      7    1.0
480      7    1.0
187      7    1.0
473      7    1.0
460      7    1.0
Current: [5, 9, 10, 20, 28, 31, 32, 33, 34, 43, 47, 50, 51, 53, 54, 57, 62, 64, 65, 67, 70, 73, 75, 81, 82, 85, 94, 100, 101, 104, 106, 111, 112, 114, 123, 125, 126, 136, 140, 144, 151, 158, 171, 172, 182, 187, 192, 198, 210, 211, 212, 218, 219, 222, 224, 231, 232, 235, 239, 240, 241, 242, 247, 255, 261, 262, 266, 269, 275, 276, 277, 280, 281, 285, 288, 289, 291, 292, 293, 296, 298, 299, 303, 304, 307, 317, 321, 323, 328, 332, 334, 337, 338, 339, 345, 347, 351, 355, 359, 366, 368, 377, 378, 383, 386, 390, 393, 394, 398, 400, 405, 407, 412, 413, 417, 422, 423, 424, 433, 435, 439, 447, 455, 459, 460, 463, 464, 472, 473, 474, 475, 478, 480, 483, 485, 491, 497, 498, 507]
Subround 8
not enough
     Count  Value
187      8  1.000
480      8  1.000
394      8  1.000
460      8  1.000
474      8  1.000
158      8  1.000
126      8  1.000
276      7  0.875
255      7  0.875
485      7  0.875
507      7  0.875
317      7  0.875
212      7  0.875
281      7  0.875
101      7  0.875
280      7  0.875
473      7  0.875
111      7  0.875
288      7  0.875
182      7  0.875
     Count  Value
187      8  1.000
480      8  1.000
394      8  1.000
460      8  1.000
474      8  1.000
158      8  1.000
126      8  1.000
276      7  0.875
255      7  0.875
485      7  0.875
Current: [5, 9, 33, 34, 50, 51, 54, 57, 64, 75, 81, 85, 94, 100, 101, 104, 106, 111, 112, 123, 125, 126, 140, 144, 158, 171, 172, 182, 187, 192, 198, 210, 212, 218, 219, 222, 224, 231, 232, 240, 241, 242, 255, 262, 266, 275, 276, 280, 281, 285, 288, 289, 291, 292, 293, 296, 298, 299, 303, 304, 317, 323, 334, 337, 339, 345, 347, 359, 366, 377, 378, 383, 393, 394, 398, 400, 405, 412, 423, 424, 433, 435, 455, 459, 460, 463, 464, 473, 474, 475, 478, 480, 485, 491, 498, 507]
Subround 9
not enough
     Count     Value
394      9  1.000000
460      9  1.000000
126      9  1.000000
480      9  1.000000
158      9  1.000000
187      9  1.000000
212      8  0.888889
106      8  0.888889
255      8  0.888889
435      8  0.888889
412      8  0.888889
507      8  0.888889
171      8  0.888889
57       8  0.888889
266      8  0.888889
182      8  0.888889
485      8  0.888889
94       8  0.888889
317      8  0.888889
33       8  0.888889
     Count     Value
394      9  1.000000
460      9  1.000000
126      9  1.000000
480      9  1.000000
158      9  1.000000
187      9  1.000000
212      8  0.888889
106      8  0.888889
255      8  0.888889
435      8  0.888889
Current: [5, 33, 34, 51, 54, 57, 64, 75, 81, 85, 94, 100, 101, 104, 106, 111, 112, 126, 140, 144, 158, 171, 182, 187, 192, 198, 210, 212, 219, 224, 231, 232, 240, 241, 242, 255, 262, 266, 275, 276, 280, 281, 285, 288, 289, 291, 292, 296, 298, 299, 303, 317, 323, 334, 339, 345, 347, 359, 366, 378, 383, 393, 394, 398, 400, 412, 433, 435, 459, 460, 463, 464, 473, 474, 475, 480, 485, 491, 498, 507]
Subround 10
not enough
     Count  Value
480     10    1.0
158     10    1.0
187     10    1.0
101      9    0.9
394      9    0.9
182      9    0.9
224      9    0.9
339      9    0.9
33       9    0.9
435      9    0.9
94       9    0.9
126      9    0.9
255      9    0.9
400      9    0.9
281      9    0.9
460      9    0.9
507      9    0.9
485      9    0.9
398      8    0.8
85       8    0.8
     Count  Value
480     10    1.0
158     10    1.0
187     10    1.0
101      9    0.9
394      9    0.9
182      9    0.9
224      9    0.9
339      9    0.9
33       9    0.9
435      9    0.9
Current: [5, 33, 34, 54, 57, 75, 85, 94, 100, 101, 106, 111, 126, 144, 158, 171, 182, 187, 212, 219, 224, 231, 242, 255, 262, 266, 275, 276, 280, 281, 288, 289, 291, 292, 296, 299, 317, 339, 345, 347, 383, 393, 394, 398, 400, 412, 433, 435, 459, 460, 474, 475, 480, 485, 491, 498, 507]
Subround 11
not enough
     Count     Value
339     10  0.909091
158     10  0.909091
126     10  0.909091
480     10  0.909091
187     10  0.909091
460     10  0.909091
171      9  0.818182
383      9  0.818182
400      9  0.818182
255      9  0.818182
394      9  0.818182
507      9  0.818182
276      9  0.818182
212      9  0.818182
33       9  0.818182
57       9  0.818182
101      9  0.818182
106      9  0.818182
485      9  0.818182
498      9  0.818182
     Count     Value
339     10  0.909091
158     10  0.909091
126     10  0.909091
480     10  0.909091
187     10  0.909091
460     10  0.909091
171      9  0.818182
383      9  0.818182
400      9  0.818182
255      9  0.818182
Current: [5, 33, 34, 50, 51, 54, 57, 64, 75, 81, 85, 94, 100, 101, 104, 106, 111, 112, 126, 144, 158, 171, 182, 187, 192, 198, 210, 212, 219, 224, 231, 232, 240, 241, 242, 255, 262, 266, 275, 276, 280, 281, 285, 288, 289, 291, 292, 296, 298, 299, 303, 317, 323, 334, 339, 345, 347, 359, 366, 378, 383, 393, 394, 398, 400, 412, 433, 435, 459, 460, 463, 464, 473, 474, 475, 480, 485, 491, 498, 507]
Subround 12
not enough
     Count     Value
460     11  0.916667
339     11  0.916667
480     11  0.916667
435     10  0.833333
317     10  0.833333
126     10  0.833333
171     10  0.833333
498     10  0.833333
485     10  0.833333
255     10  0.833333
394     10  0.833333
101     10  0.833333
400     10  0.833333
383     10  0.833333
106     10  0.833333
474     10  0.833333
280     10  0.833333
224     10  0.833333
94      10  0.833333
158     10  0.833333
     Count     Value
460     11  0.916667
339     11  0.916667
480     11  0.916667
435     10  0.833333
317     10  0.833333
126     10  0.833333
171     10  0.833333
498     10  0.833333
485     10  0.833333
255     10  0.833333
Current: [33, 34, 51, 54, 57, 64, 81, 85, 94, 100, 101, 106, 111, 112, 126, 144, 158, 171, 182, 187, 192, 212, 224, 231, 232, 240, 242, 255, 262, 266, 276, 280, 281, 285, 291, 292, 296, 303, 317, 323, 339, 378, 383, 393, 394, 398, 400, 412, 435, 460, 463, 464, 473, 474, 480, 485, 491, 498, 507]
Subround 13
not enough
     Count     Value
339     12  0.923077
412     11  0.846154
460     11  0.846154
158     11  0.846154
182     11  0.846154
187     11  0.846154
498     11  0.846154
171     11  0.846154
480     11  0.846154
485     11  0.846154
126     11  0.846154
378     10  0.769231
106     10  0.769231
212     10  0.769231
394     10  0.769231
507     10  0.769231
292     10  0.769231
255     10  0.769231
266     10  0.769231
435     10  0.769231
     Count     Value
339     12  0.923077
412     11  0.846154
460     11  0.846154
158     11  0.846154
182     11  0.846154
187     11  0.846154
498     11  0.846154
171     11  0.846154
480     11  0.846154
485     11  0.846154
Current: [54, 85, 94, 101, 106, 111, 126, 158, 171, 182, 187, 212, 224, 231, 232, 255, 266, 276, 280, 281, 285, 292, 303, 317, 323, 339, 378, 383, 393, 394, 400, 412, 435, 460, 474, 480, 485, 498, 507]
Subround 14
not enough
     Count     Value
339     13  0.928571
158     12  0.857143
412     12  0.857143
171     12  0.857143
498     12  0.857143
182     12  0.857143
54      11  0.785714
212     11  0.785714
393     11  0.785714
303     11  0.785714
507     11  0.785714
480     11  0.785714
94      11  0.785714
474     11  0.785714
106     11  0.785714
485     11  0.785714
280     11  0.785714
378     11  0.785714
292     11  0.785714
101     11  0.785714
     Count     Value
339     13  0.928571
158     12  0.857143
412     12  0.857143
171     12  0.857143
498     12  0.857143
182     12  0.857143
54      11  0.785714
212     11  0.785714
393     11  0.785714
303     11  0.785714
Current: [5, 33, 34, 50, 51, 54, 85, 94, 100, 101, 104, 106, 111, 112, 123, 124, 126, 158, 171, 182, 187, 192, 210, 212, 224, 231, 232, 240, 242, 255, 266, 276, 280, 281, 285, 292, 293, 303, 317, 323, 339, 340, 346, 359, 378, 383, 393, 394, 400, 412, 435, 460, 474, 480, 485, 491, 498, 507]
Subround 15
not enough
     Count     Value
339     14  0.933333
498     13  0.866667
158     13  0.866667
182     13  0.866667
54      12  0.800000
480     12  0.800000
474     12  0.800000
303     12  0.800000
412     12  0.800000
85      12  0.800000
292     12  0.800000
485     12  0.800000
94      12  0.800000
255     12  0.800000
187     12  0.800000
126     12  0.800000
280     12  0.800000
171     12  0.800000
101     12  0.800000
51      11  0.733333
     Count     Value
339     14  0.933333
498     13  0.866667
158     13  0.866667
182     13  0.866667
54      12  0.800000
480     12  0.800000
474     12  0.800000
303     12  0.800000
412     12  0.800000
85      12  0.800000
Current: [5, 33, 34, 50, 51, 54, 85, 94, 100, 101, 106, 111, 112, 123, 126, 158, 171, 182, 187, 192, 210, 212, 240, 242, 255, 276, 280, 281, 292, 303, 317, 339, 340, 346, 359, 378, 383, 393, 394, 412, 435, 460, 474, 480, 485, 491, 498, 507]
Subround 16
not enough
     Count   Value
339     15  0.9375
182     14  0.8750
158     14  0.8750
498     14  0.8750
94      13  0.8125
255     13  0.8125
171     13  0.8125
126     13  0.8125
480     13  0.8125
54      13  0.8125
101     13  0.8125
317     12  0.7500
33      12  0.7500
359     12  0.7500
303     12  0.7500
112     12  0.7500
51      12  0.7500
192     12  0.7500
280     12  0.7500
346     12  0.7500
     Count   Value
339     15  0.9375
182     14  0.8750
158     14  0.8750
498     14  0.8750
94      13  0.8125
255     13  0.8125
171     13  0.8125
126     13  0.8125
480     13  0.8125
54      13  0.8125
Current: [33, 34, 51, 54, 85, 94, 101, 106, 112, 126, 158, 171, 182, 187, 192, 212, 242, 255, 280, 281, 292, 303, 317, 339, 346, 359, 383, 412, 474, 480, 485, 498]
Subround 17
not enough
     Count     Value
339     16  0.941176
182     15  0.882353
498     14  0.823529
255     14  0.823529
171     14  0.823529
54      14  0.823529
480     14  0.823529
126     14  0.823529
158     14  0.823529
346     13  0.764706
112     13  0.764706
212     13  0.764706
33      13  0.764706
101     13  0.764706
94      13  0.764706
474     13  0.764706
383     13  0.764706
412     13  0.764706
192     13  0.764706
51      13  0.764706
     Count     Value
339     16  0.941176
182     15  0.882353
498     14  0.823529
255     14  0.823529
171     14  0.823529
54      14  0.823529
480     14  0.823529
126     14  0.823529
158     14  0.823529
346     13  0.764706
Current: [33, 34, 51, 54, 64, 85, 94, 101, 106, 112, 124, 126, 127, 158, 171, 182, 187, 192, 210, 212, 242, 255, 280, 281, 285, 292, 303, 317, 339, 346, 347, 359, 383, 395, 412, 438, 460, 474, 480, 485, 491, 498]
Subround 18
not enough
     Count     Value
182     16  0.888889
339     16  0.888889
480     15  0.833333
255     15  0.833333
498     15  0.833333
51      14  0.777778
94      14  0.777778
126     14  0.777778
192     14  0.777778
101     14  0.777778
171     14  0.777778
158     14  0.777778
212     14  0.777778
34      14  0.777778
54      14  0.777778
438     13  0.722222
127     13  0.722222
303     13  0.722222
383     13  0.722222
292     13  0.722222
     Count     Value
182     16  0.888889
339     16  0.888889
480     15  0.833333
255     15  0.833333
498     15  0.833333
51      14  0.777778
94      14  0.777778
126     14  0.777778
192     14  0.777778
101     14  0.777778
Current: [33, 34, 51, 54, 94, 101, 106, 112, 126, 127, 158, 171, 182, 192, 210, 212, 242, 255, 292, 303, 317, 339, 346, 359, 383, 412, 438, 460, 474, 480, 485, 498]
Subround 19
not enough
     Count     Value
182     17  0.894737
339     16  0.842105
480     16  0.842105
212     15  0.789474
34      15  0.789474
54      15  0.789474
255     15  0.789474
192     15  0.789474
498     15  0.789474
94      14  0.736842
438     14  0.736842
346     14  0.736842
474     14  0.736842
171     14  0.736842
303     14  0.736842
210     14  0.736842
101     14  0.736842
51      14  0.736842
359     14  0.736842
485     14  0.736842
     Count     Value
182     17  0.894737
339     16  0.842105
480     16  0.842105
212     15  0.789474
34      15  0.789474
54      15  0.789474
255     15  0.789474
192     15  0.789474
498     15  0.789474
94      14  0.736842
Current: [34, 51, 54, 94, 101, 126, 158, 171, 182, 192, 210, 212, 255, 303, 339, 346, 359, 438, 474, 480, 485, 498]
Subround 20
     Count  Value
182     18   0.90
339     17   0.85
480     17   0.85
54      16   0.80
255     16   0.80
192     15   0.75
498     15   0.75
485     15   0.75
94      15   0.75
212     15   0.75
359     15   0.75
210     15   0.75
438     15   0.75
158     15   0.75
126     15   0.75
101     15   0.75
34      15   0.75
262     14   0.70
383     14   0.70
5       14   0.70
     Count  Value
182     18   0.90
339     17   0.85
480     17   0.85
54      16   0.80
255     16   0.80
192     15   0.75
498     15   0.75
485     15   0.75
94      15   0.75
212     15   0.75
Current: [34, 54, 94, 101, 126, 158, 182, 192, 210, 212, 255, 339, 359, 438, 480, 485, 498]
Round 2
Subround 1
not enough
     Count     Value
182     18  0.857143
339     18  0.857143
480     18  0.857143
54      17  0.809524
255     17  0.809524
192     16  0.761905
498     16  0.761905
485     16  0.761905
94      16  0.761905
101     16  0.761905
212     15  0.714286
359     15  0.714286
210     15  0.714286
438     15  0.714286
158     15  0.714286
126     15  0.714286
34      15  0.714286
262     14  0.666667
383     14  0.666667
5       14  0.666667
     Count  Value
54       1    1.0
101      1    1.0
192      1    1.0
255      1    1.0
94       1    1.0
485      1    1.0
480      1    1.0
498      1    1.0
339      1    1.0
Current: [54, 182, 255, 339, 480]
Subround 2
not enough
     Count     Value
339     19  0.863636
182     18  0.818182
54      18  0.818182
480     18  0.818182
192     17  0.772727
498     17  0.772727
485     17  0.772727
255     17  0.772727
94      16  0.727273
212     16  0.727273
210     16  0.727273
438     16  0.727273
126     16  0.727273
101     16  0.727273
158     15  0.681818
34      15  0.681818
359     15  0.681818
57      14  0.636364
262     14  0.636364
383     14  0.636364
     Count  Value
54       2    1.0
192      2    1.0
485      2    1.0
498      2    1.0
339      2    1.0
101      1    0.5
255      1    0.5
94       1    0.5
480      1    0.5
126      1    0.5
Current: [54, 182, 339, 480]
Subround 3
not enough
     Count     Value
339     20  0.869565
54      19  0.826087
182     18  0.782609
255     18  0.782609
480     18  0.782609
192     17  0.739130
498     17  0.739130
485     17  0.739130
212     17  0.739130
438     17  0.739130
126     17  0.739130
101     17  0.739130
210     16  0.695652
34      16  0.695652
359     16  0.695652
94      16  0.695652
158     15  0.652174
81      14  0.608696
507     14  0.608696
171     14  0.608696
     Count     Value
54       3  1.000000
339      3  1.000000
101      2  0.666667
192      2  0.666667
255      2  0.666667
485      2  0.666667
498      2  0.666667
126      2  0.666667
212      2  0.666667
438      2  0.666667
Current: [54, 339]
Subround 4
not enough
     Count     Value
339     21  0.875000
255     19  0.791667
54      19  0.791667
480     19  0.791667
126     18  0.750000
182     18  0.750000
212     18  0.750000
438     18  0.750000
498     17  0.708333
485     17  0.708333
94      17  0.708333
192     17  0.708333
34      17  0.708333
101     17  0.708333
158     16  0.666667
359     16  0.666667
210     16  0.666667
118     14  0.583333
262     14  0.583333
383     14  0.583333
     Count  Value
339      4   1.00
54       3   0.75
255      3   0.75
126      3   0.75
212      3   0.75
438      3   0.75
101      2   0.50
192      2   0.50
94       2   0.50
485      2   0.50
Current: [339]
Subround 5
not enough
     Count  Value
339     21   0.84
54      20   0.80
126     19   0.76
182     19   0.76
255     19   0.76
480     19   0.76
438     19   0.76
498     18   0.72
212     18   0.72
192     18   0.72
101     18   0.72
34      17   0.68
210     17   0.68
485     17   0.68
94      17   0.68
359     17   0.68
158     16   0.64
292     14   0.56
81      14   0.56
262     14   0.56
     Count  Value
54       4    0.8
126      4    0.8
438      4    0.8
339      4    0.8
498      3    0.6
101      3    0.6
255      3    0.6
212      3    0.6
192      3    0.6
94       2    0.4
Current: [339]
Subround 6
not enough
     Count     Value
339     22  0.846154
54      21  0.807692
126     20  0.769231
480     20  0.769231
101     19  0.730769
182     19  0.730769
255     19  0.730769
438     19  0.730769
192     19  0.730769
94      18  0.692308
498     18  0.692308
359     18  0.692308
212     18  0.692308
34      18  0.692308
485     17  0.653846
210     17  0.653846
158     16  0.615385
5       14  0.538462
383     14  0.538462
281     14  0.538462
     Count     Value
54       5  0.833333
126      5  0.833333
339      5  0.833333
101      4  0.666667
192      4  0.666667
438      4  0.666667
255      3  0.500000
94       3  0.500000
480      3  0.500000
498      3  0.500000
Current: [54, 339]
Subround 7
not enough
     Count     Value
339     23  0.851852
126     21  0.777778
54      21  0.777778
182     20  0.740741
255     20  0.740741
480     20  0.740741
101     20  0.740741
192     20  0.740741
94      19  0.703704
438     19  0.703704
212     19  0.703704
498     18  0.666667
34      18  0.666667
359     18  0.666667
210     17  0.629630
158     17  0.629630
485     17  0.629630
281     14  0.518519
51      14  0.518519
5       14  0.518519
     Count     Value
339      6  0.857143
126      6  0.857143
101      5  0.714286
54       5  0.714286
192      5  0.714286
94       4  0.571429
255      4  0.571429
212      4  0.571429
438      4  0.571429
480      3  0.428571
Current: [339]
Subround 8
not enough
     Count     Value
339     23  0.821429
126     22  0.785714
54      22  0.785714
182     21  0.750000
255     21  0.750000
101     21  0.750000
480     20  0.714286
192     20  0.714286
94      19  0.678571
34      19  0.678571
359     19  0.678571
438     19  0.678571
212     19  0.678571
498     18  0.642857
210     18  0.642857
158     17  0.607143
485     17  0.607143
281     14  0.500000
51      14  0.500000
5       14  0.500000
     Count  Value
126      7  0.875
339      6  0.750
101      6  0.750
54       6  0.750
255      5  0.625
192      5  0.625
94       4  0.500
212      4  0.500
438      4  0.500
34       4  0.500
Current: [339]
Subround 9
not enough
     Count     Value
339     24  0.827586
126     22  0.758621
54      22  0.758621
182     21  0.724138
255     21  0.724138
480     21  0.724138
101     21  0.724138
192     21  0.724138
94      20  0.689655
438     20  0.689655
212     20  0.689655
498     19  0.655172
34      19  0.655172
359     19  0.655172
210     18  0.620690
158     18  0.620690
485     18  0.620690
281     14  0.482759
51      14  0.482759
5       14  0.482759
     Count     Value
126      7  0.777778
339      7  0.777778
101      6  0.666667
54       6  0.666667
192      6  0.666667
94       5  0.555556
255      5  0.555556
212      5  0.555556
438      5  0.555556
480      4  0.444444
Current: [339]
Subround 10
     Count     Value
339     24  0.800000
126     23  0.766667
54      23  0.766667
101     22  0.733333
182     22  0.733333
94      21  0.700000
212     21  0.700000
255     21  0.700000
480     21  0.700000
192     21  0.700000
34      20  0.666667
438     20  0.666667
359     20  0.666667
210     19  0.633333
498     19  0.633333
485     18  0.600000
158     18  0.600000
292     14  0.466667
81      14  0.466667
262     14  0.466667
     Count  Value
126      8    0.8
339      7    0.7
101      7    0.7
54       7    0.7
94       6    0.6
192      6    0.6
212      6    0.6
255      5    0.5
438      5    0.5
34       5    0.5
no winner, not enough
Current: []
Subround 11
     Count     Value
339     25  0.806452
126     24  0.774194
54      24  0.774194
182     23  0.741935
94      22  0.709677
212     22  0.709677
101     22  0.709677
438     21  0.677419
255     21  0.677419
480     21  0.677419
192     21  0.677419
34      20  0.645161
359     20  0.645161
158     19  0.612903
498     19  0.612903
210     19  0.612903
485     18  0.580645
81      14  0.451613
507     14  0.451613
171     14  0.451613
     Count     Value
126      9  0.818182
339      8  0.727273
54       8  0.727273
94       7  0.636364
101      7  0.636364
212      7  0.636364
192      6  0.545455
438      6  0.545455
255      5  0.454545
34       5  0.454545
Current: [339]
Winning offset:
[339]
2021-09-08 03:18:26.585708
2021-09-08 03:20:07.939362
0:01:41.353654
