Loading page file profiles/lab06/pages/0x2a44b.yaml
Loading page file profiles/lab06/pages/0x2a460.yaml
Loading page file profiles/lab06/pages/0x2a4e3.yaml
Loading page file profiles/lab06/pages/0x2a4e5.yaml
Loading page file profiles/lab06/pages/0x2a800.yaml
Loading page file profiles/lab06/pages/0x2a804.yaml
Loading page file profiles/lab06/pages/0x2a805.yaml
Round 1
Subround 1
not enough
     Count  Value
401      1    1.0
62       1    1.0
437      1    1.0
392      1    1.0
475      1    1.0
83       1    1.0
313      1    1.0
433      1    1.0
235      1    1.0
358      1    1.0
363      1    1.0
267      1    1.0
276      1    1.0
260      1    1.0
189      1    1.0
347      1    1.0
86       1    1.0
81       1    1.0
80       1    1.0
394      1    1.0
     Count  Value
401      1    1.0
62       1    1.0
437      1    1.0
392      1    1.0
475      1    1.0
83       1    1.0
313      1    1.0
433      1    1.0
235      1    1.0
358      1    1.0
Current: [2, 4, 6, 8, 9, 10, 13, 15, 17, 18, 20, 22, 23, 26, 27, 28, 29, 31, 35, 43, 47, 48, 49, 53, 56, 58, 59, 62, 63, 64, 65, 66, 67, 70, 72, 74, 75, 76, 77, 80, 81, 82, 83, 84, 86, 87, 90, 91, 92, 95, 97, 98, 103, 104, 105, 108, 109, 110, 111, 112, 116, 121, 122, 125, 126, 129, 132, 135, 136, 142, 147, 153, 159, 161, 164, 165, 166, 167, 168, 169, 170, 171, 173, 177, 178, 181, 185, 186, 189, 190, 192, 193, 197, 199, 204, 206, 212, 213, 214, 215, 216, 217, 219, 222, 224, 226, 229, 231, 233, 234, 235, 237, 241, 244, 245, 247, 248, 249, 251, 252, 253, 254, 255, 258, 260, 263, 267, 268, 269, 271, 272, 274, 275, 276, 277, 278, 282, 287, 289, 290, 291, 293, 294, 295, 298, 301, 305, 306, 307, 308, 309, 312, 313, 315, 317, 318, 319, 320, 324, 329, 330, 331, 332, 333, 335, 336, 340, 341, 342, 344, 345, 347, 348, 349, 351, 356, 357, 358, 360, 362, 363, 364, 365, 367, 380, 382, 383, 385, 386, 387, 390, 391, 392, 393, 394, 395, 398, 400, 401, 403, 404, 405, 408, 410, 412, 414, 416, 417, 419, 420, 421, 423, 427, 429, 430, 431, 432, 433, 436, 437, 440, 442, 447, 448, 450, 451, 453, 455, 456, 458, 459, 460, 461, 462, 467, 468, 473, 474, 475, 480, 481, 482, 483, 484, 485, 487, 489, 494, 495, 496, 499, 500, 504, 506, 508, 509]
Subround 2
not enough
     Count  Value
206      2    1.0
212      2    1.0
484      2    1.0
467      2    1.0
317      2    1.0
186      2    1.0
217      2    1.0
509      2    1.0
28       2    1.0
451      2    1.0
295      2    1.0
391      2    1.0
306      2    1.0
308      2    1.0
301      2    1.0
450      2    1.0
274      2    1.0
320      2    1.0
468      2    1.0
167      2    1.0
     Count  Value
206      2    1.0
212      2    1.0
484      2    1.0
467      2    1.0
317      2    1.0
186      2    1.0
217      2    1.0
509      2    1.0
28       2    1.0
451      2    1.0
Current: [6, 15, 17, 18, 20, 27, 28, 31, 35, 43, 48, 53, 56, 59, 63, 66, 67, 70, 75, 81, 82, 83, 84, 86, 87, 90, 95, 110, 121, 122, 125, 135, 142, 153, 159, 161, 166, 167, 168, 171, 173, 177, 186, 190, 192, 197, 206, 212, 215, 216, 217, 222, 224, 226, 241, 244, 248, 251, 252, 254, 255, 258, 260, 263, 267, 271, 274, 277, 278, 287, 294, 295, 301, 306, 308, 312, 315, 317, 318, 320, 324, 329, 331, 332, 340, 341, 348, 349, 351, 356, 357, 358, 362, 363, 382, 387, 390, 391, 392, 393, 394, 405, 416, 420, 423, 429, 430, 431, 433, 437, 440, 448, 450, 451, 459, 460, 467, 468, 473, 481, 482, 483, 484, 495, 496, 500, 509]
Subround 3
not enough
     Count  Value
433      3    1.0
451      3    1.0
125      3    1.0
391      3    1.0
75       3    1.0
450      3    1.0
423      3    1.0
509      3    1.0
15       3    1.0
496      3    1.0
460      3    1.0
318      3    1.0
312      3    1.0
308      3    1.0
6        3    1.0
252      3    1.0
287      3    1.0
482      3    1.0
405      3    1.0
340      3    1.0
     Count  Value
433      3    1.0
451      3    1.0
125      3    1.0
391      3    1.0
75       3    1.0
450      3    1.0
423      3    1.0
509      3    1.0
15       3    1.0
496      3    1.0
Current: [6, 15, 17, 18, 48, 59, 63, 66, 70, 75, 81, 84, 86, 90, 122, 125, 135, 159, 161, 166, 171, 177, 186, 215, 217, 252, 254, 260, 267, 271, 287, 306, 308, 312, 315, 318, 320, 329, 332, 340, 348, 357, 358, 390, 391, 394, 405, 423, 429, 433, 450, 451, 460, 482, 483, 496, 509]
Subround 4
not enough
     Count  Value
177      4    1.0
166      4    1.0
271      4    1.0
215      4    1.0
254      4    1.0
394      4    1.0
90       4    1.0
312      4    1.0
496      4    1.0
161      4    1.0
70       4    1.0
125      4    1.0
17       4    1.0
252      4    1.0
340      4    1.0
348      4    1.0
287      4    1.0
308      4    1.0
318      4    1.0
391      4    1.0
     Count  Value
177      4    1.0
166      4    1.0
271      4    1.0
215      4    1.0
254      4    1.0
394      4    1.0
90       4    1.0
312      4    1.0
496      4    1.0
161      4    1.0
Current: [6, 15, 17, 18, 20, 25, 35, 37, 48, 53, 54, 58, 59, 61, 62, 63, 64, 66, 70, 74, 75, 81, 82, 84, 86, 90, 104, 110, 121, 122, 125, 129, 135, 140, 142, 147, 152, 153, 159, 161, 166, 167, 171, 177, 178, 179, 181, 186, 188, 190, 197, 204, 208, 212, 214, 215, 217, 219, 226, 229, 234, 237, 248, 251, 252, 253, 254, 255, 258, 260, 262, 263, 267, 271, 276, 278, 281, 286, 287, 289, 290, 298, 299, 305, 306, 308, 312, 315, 318, 319, 320, 329, 330, 332, 336, 339, 340, 341, 348, 349, 351, 357, 358, 362, 364, 365, 380, 382, 385, 386, 390, 391, 393, 394, 395, 396, 397, 405, 420, 423, 429, 430, 431, 432, 433, 434, 435, 440, 442, 444, 450, 451, 455, 456, 458, 459, 460, 473, 474, 479, 482, 483, 484, 485, 492, 496, 500, 505, 508, 509]
Subround 5
not enough
     Count  Value
423      5    1.0
358      5    1.0
320      5    1.0
308      5    1.0
450      5    1.0
159      4    0.8
252      4    0.8
63       4    0.8
255      4    0.8
315      4    0.8
142      4    0.8
217      4    0.8
340      4    0.8
15       4    0.8
186      4    0.8
312      4    0.8
339      4    0.8
6        4    0.8
460      4    0.8
18       4    0.8
     Count  Value
423      5    1.0
358      5    1.0
320      5    1.0
308      5    1.0
450      5    1.0
159      4    0.8
252      4    0.8
63       4    0.8
255      4    0.8
315      4    0.8
Current: [6, 15, 17, 18, 48, 59, 63, 66, 70, 81, 84, 86, 90, 122, 125, 135, 142, 152, 159, 161, 166, 171, 177, 178, 186, 215, 217, 252, 254, 255, 260, 267, 271, 287, 306, 308, 312, 315, 318, 320, 329, 339, 340, 348, 357, 358, 382, 390, 391, 394, 405, 423, 429, 433, 435, 450, 451, 460, 482, 483, 496, 509]
Subround 6
not enough
     Count     Value
423      6  1.000000
308      6  1.000000
177      5  0.833333
135      5  0.833333
433      5  0.833333
358      5  0.833333
186      5  0.833333
267      5  0.833333
48       5  0.833333
260      5  0.833333
178      5  0.833333
320      5  0.833333
122      5  0.833333
394      5  0.833333
357      5  0.833333
17       5  0.833333
70       5  0.833333
482      5  0.833333
483      5  0.833333
451      5  0.833333
     Count     Value
423      6  1.000000
308      6  1.000000
177      5  0.833333
135      5  0.833333
433      5  0.833333
358      5  0.833333
186      5  0.833333
267      5  0.833333
48       5  0.833333
260      5  0.833333
Current: [17, 48, 59, 70, 122, 135, 142, 161, 177, 178, 186, 215, 254, 255, 260, 267, 271, 308, 320, 339, 348, 357, 358, 390, 394, 423, 433, 450, 451, 482, 483]
Subround 7
not enough
     Count     Value
320      6  0.857143
423      6  0.857143
358      6  0.857143
308      6  0.857143
450      6  0.857143
339      6  0.857143
177      5  0.714286
125      5  0.714286
15       5  0.714286
318      5  0.714286
287      5  0.714286
152      5  0.714286
382      5  0.714286
18       5  0.714286
509      5  0.714286
496      5  0.714286
460      5  0.714286
306      5  0.714286
6        5  0.714286
405      5  0.714286
     Count     Value
320      6  0.857143
423      6  0.857143
358      6  0.857143
308      6  0.857143
450      6  0.857143
339      6  0.857143
177      5  0.714286
125      5  0.714286
15       5  0.714286
318      5  0.714286
Current: [6, 15, 17, 18, 48, 59, 63, 66, 70, 81, 84, 86, 122, 125, 135, 142, 152, 159, 161, 166, 171, 177, 178, 186, 215, 217, 252, 254, 255, 260, 267, 271, 287, 306, 308, 312, 315, 318, 320, 329, 339, 340, 348, 357, 358, 382, 390, 391, 394, 405, 421, 423, 429, 433, 434, 435, 450, 451, 460, 482, 483, 496, 509]
Subround 8
not enough
     Count  Value
423      7  0.875
320      7  0.875
308      7  0.875
358      7  0.875
318      6  0.750
339      6  0.750
509      6  0.750
15       6  0.750
255      6  0.750
252      6  0.750
460      6  0.750
496      6  0.750
429      6  0.750
357      6  0.750
217      6  0.750
267      6  0.750
63       6  0.750
166      6  0.750
122      6  0.750
152      6  0.750
     Count  Value
423      7  0.875
320      7  0.875
308      7  0.875
358      7  0.875
318      6  0.750
339      6  0.750
509      6  0.750
15       6  0.750
255      6  0.750
252      6  0.750
Current: [15, 18, 59, 63, 66, 122, 152, 166, 215, 217, 252, 255, 267, 287, 308, 318, 320, 339, 357, 358, 391, 423, 429, 434, 450, 460, 482, 496, 509]
Subround 9
not enough
     Count     Value
320      8  0.888889
308      8  0.888889
215      7  0.777778
18       7  0.777778
63       7  0.777778
255      7  0.777778
423      7  0.777778
429      7  0.777778
357      7  0.777778
358      7  0.777778
509      7  0.777778
460      7  0.777778
15       7  0.777778
217      7  0.777778
318      7  0.777778
391      7  0.777778
122      7  0.777778
484      6  0.666667
306      6  0.666667
289      6  0.666667
     Count     Value
320      8  0.888889
308      8  0.888889
215      7  0.777778
18       7  0.777778
63       7  0.777778
255      7  0.777778
423      7  0.777778
429      7  0.777778
357      7  0.777778
358      7  0.777778
Current: [15, 18, 63, 122, 215, 217, 255, 308, 318, 320, 357, 358, 391, 423, 429, 460, 509]
Subround 10
not enough
     Count  Value
308      8    0.8
217      8    0.8
460      8    0.8
18       8    0.8
215      8    0.8
391      8    0.8
429      8    0.8
122      8    0.8
318      8    0.8
320      8    0.8
386      7    0.7
63       7    0.7
70       7    0.7
271      7    0.7
66       7    0.7
268      7    0.7
380      7    0.7
258      7    0.7
216      7    0.7
234      7    0.7
     Count  Value
308      8    0.8
217      8    0.8
460      8    0.8
18       8    0.8
215      8    0.8
391      8    0.8
429      8    0.8
122      8    0.8
318      8    0.8
320      8    0.8
Current: [18, 122, 215, 217, 308, 318, 320, 391, 429, 460]
Subround 11
not enough
     Count     Value
320      9  0.818182
318      9  0.818182
308      9  0.818182
429      8  0.727273
255      8  0.727273
18       8  0.727273
460      8  0.727273
483      8  0.727273
423      8  0.727273
357      8  0.727273
215      8  0.727273
358      8  0.727273
122      8  0.727273
15       8  0.727273
391      8  0.727273
217      8  0.727273
63       8  0.727273
509      8  0.727273
339      8  0.727273
0        8  0.727273
     Count     Value
320      9  0.818182
318      9  0.818182
308      9  0.818182
429      8  0.727273
255      8  0.727273
18       8  0.727273
460      8  0.727273
483      8  0.727273
423      8  0.727273
357      8  0.727273
Current: [0, 15, 18, 42, 63, 122, 215, 217, 255, 308, 318, 320, 339, 357, 358, 391, 423, 429, 460, 483, 509]
Subround 12
not enough
     Count     Value
320      9  0.750000
63       9  0.750000
357      9  0.750000
339      9  0.750000
460      9  0.750000
308      9  0.750000
358      9  0.750000
509      9  0.750000
215      9  0.750000
18       9  0.750000
318      9  0.750000
122      9  0.750000
423      9  0.750000
0        9  0.750000
15       8  0.666667
36       8  0.666667
434      8  0.666667
281      8  0.666667
290      8  0.666667
289      8  0.666667
     Count  Value
320      9   0.75
63       9   0.75
357      9   0.75
339      9   0.75
460      9   0.75
308      9   0.75
358      9   0.75
509      9   0.75
215      9   0.75
18       9   0.75
Current: [0, 18, 63, 122, 215, 308, 318, 320, 339, 357, 358, 423, 460, 509]
Subround 13
not enough
     Count     Value
339     10  0.769231
18      10  0.769231
318     10  0.769231
320     10  0.769231
308     10  0.769231
0       10  0.769231
423     10  0.769231
391      9  0.692308
15       9  0.692308
217      9  0.692308
351      9  0.692308
509      9  0.692308
36       9  0.692308
386      9  0.692308
159      9  0.692308
258      9  0.692308
63       9  0.692308
122      9  0.692308
255      9  0.692308
455      9  0.692308
     Count     Value
339     10  0.769231
18      10  0.769231
318     10  0.769231
320     10  0.769231
308     10  0.769231
0       10  0.769231
423     10  0.769231
391      9  0.692308
15       9  0.692308
217      9  0.692308
Current: [0, 18, 308, 318, 320, 339, 423]
Subround 14
not enough
     Count     Value
339     11  0.785714
0       11  0.785714
351     10  0.714286
363     10  0.714286
357     10  0.714286
460     10  0.714286
215     10  0.714286
318     10  0.714286
208     10  0.714286
462     10  0.714286
308     10  0.714286
509     10  0.714286
36      10  0.714286
18      10  0.714286
423     10  0.714286
484     10  0.714286
320     10  0.714286
271     10  0.714286
386     10  0.714286
122     10  0.714286
     Count     Value
339     11  0.785714
0       11  0.785714
351     10  0.714286
363     10  0.714286
357     10  0.714286
460     10  0.714286
215     10  0.714286
318     10  0.714286
208     10  0.714286
462     10  0.714286
Current: [0, 15, 18, 36, 122, 208, 215, 271, 308, 318, 320, 339, 351, 357, 363, 386, 423, 460, 462, 484, 509]
Subround 15
not enough
     Count     Value
15      11  0.733333
208     11  0.733333
36      11  0.733333
351     11  0.733333
339     11  0.733333
122     11  0.733333
215     11  0.733333
462     11  0.733333
0       11  0.733333
484     11  0.733333
363     11  0.733333
509     11  0.733333
357     11  0.733333
423     11  0.733333
234     10  0.666667
332     10  0.666667
404     10  0.666667
340     10  0.666667
458     10  0.666667
75      10  0.666667
     Count     Value
15      11  0.733333
208     11  0.733333
36      11  0.733333
351     11  0.733333
339     11  0.733333
122     11  0.733333
215     11  0.733333
462     11  0.733333
0       11  0.733333
484     11  0.733333
Current: [0, 15, 36, 122, 208, 215, 339, 351, 357, 363, 423, 462, 484, 509]
Subround 16
not enough
     Count   Value
339     12  0.7500
15      12  0.7500
0       12  0.7500
484     12  0.7500
351     12  0.7500
363     12  0.7500
36      12  0.7500
423     12  0.7500
462     12  0.7500
217     11  0.6875
31      11  0.6875
340     11  0.6875
126     11  0.6875
509     11  0.6875
460     11  0.6875
122     11  0.6875
419     11  0.6875
308     11  0.6875
159     11  0.6875
35      11  0.6875
     Count   Value
339     12  0.7500
15      12  0.7500
0       12  0.7500
484     12  0.7500
351     12  0.7500
363     12  0.7500
36      12  0.7500
423     12  0.7500
462     12  0.7500
217     11  0.6875
Current: [0, 15, 36, 339, 351, 363, 423, 462, 484]
Subround 17
not enough
     Count     Value
462     13  0.764706
484     13  0.764706
423     13  0.764706
0       13  0.764706
339     13  0.764706
15      13  0.764706
351     13  0.764706
363     13  0.764706
271     12  0.705882
458     12  0.705882
80      12  0.705882
340     12  0.705882
159     12  0.705882
226     12  0.705882
404     12  0.705882
58      12  0.705882
299     12  0.705882
126     12  0.705882
75      12  0.705882
36      12  0.705882
     Count     Value
462     13  0.764706
484     13  0.764706
423     13  0.764706
0       13  0.764706
339     13  0.764706
15      13  0.764706
351     13  0.764706
363     13  0.764706
271     12  0.705882
458     12  0.705882
Current: [0, 15, 31, 35, 36, 58, 59, 75, 80, 126, 159, 161, 190, 217, 226, 234, 271, 299, 308, 332, 339, 340, 349, 351, 363, 386, 404, 419, 423, 458, 460, 462, 464, 484, 509]
Subround 18
not enough
     Count     Value
462     14  0.777778
15      14  0.777778
351     14  0.777778
339     14  0.777778
126     13  0.722222
0       13  0.722222
226     13  0.722222
363     13  0.722222
460     13  0.722222
190     13  0.722222
423     13  0.722222
308     13  0.722222
419     13  0.722222
58      13  0.722222
340     13  0.722222
159     13  0.722222
332     13  0.722222
349     13  0.722222
35      13  0.722222
484     13  0.722222
     Count     Value
462     14  0.777778
15      14  0.777778
351     14  0.777778
339     14  0.777778
126     13  0.722222
0       13  0.722222
226     13  0.722222
363     13  0.722222
460     13  0.722222
190     13  0.722222
Current: [0, 15, 35, 58, 59, 80, 126, 159, 190, 226, 234, 271, 308, 332, 339, 340, 349, 351, 363, 404, 419, 423, 460, 462, 484]
Subround 19
not enough
     Count     Value
339     15  0.789474
15      14  0.736842
271     14  0.736842
462     14  0.736842
351     14  0.736842
484     14  0.736842
423     14  0.736842
0       14  0.736842
460     14  0.736842
58      13  0.684211
386     13  0.684211
190     13  0.684211
299     13  0.684211
36      13  0.684211
458     13  0.684211
340     13  0.684211
217     13  0.684211
308     13  0.684211
419     13  0.684211
75      13  0.684211
     Count     Value
339     15  0.789474
15      14  0.736842
271     14  0.736842
462     14  0.736842
351     14  0.736842
484     14  0.736842
423     14  0.736842
0       14  0.736842
460     14  0.736842
58      13  0.684211
Current: [0, 15, 271, 339, 351, 423, 460, 462, 484]
Subround 20
     Count  Value
339     16   0.80
484     15   0.75
271     15   0.75
0       15   0.75
351     15   0.75
460     15   0.75
464     14   0.70
349     14   0.70
386     14   0.70
419     14   0.70
423     14   0.70
299     14   0.70
404     14   0.70
462     14   0.70
161     14   0.70
15      14   0.70
217     14   0.70
363     14   0.70
80      14   0.70
226     14   0.70
     Count  Value
339     16   0.80
484     15   0.75
271     15   0.75
0       15   0.75
351     15   0.75
460     15   0.75
464     14   0.70
349     14   0.70
386     14   0.70
419     14   0.70
Current: [0, 271, 339, 351, 460, 484]
Round 2
Subround 1
not enough
     Count     Value
271     16  0.761905
339     16  0.761905
0       16  0.761905
351     16  0.761905
484     15  0.714286
460     15  0.714286
464     14  0.666667
349     14  0.666667
386     14  0.666667
419     14  0.666667
423     14  0.666667
299     14  0.666667
404     14  0.666667
462     14  0.666667
161     14  0.666667
15      14  0.666667
217     14  0.666667
363     14  0.666667
80      14  0.666667
226     14  0.666667
     Count  Value
351      1    1.0
271      1    1.0
0        1    1.0
no winner, not enough
Current: []
Subround 2
not enough
     Count     Value
339     17  0.772727
0       17  0.772727
351     17  0.772727
271     16  0.727273
484     15  0.681818
460     15  0.681818
464     14  0.636364
349     14  0.636364
386     14  0.636364
419     14  0.636364
423     14  0.636364
299     14  0.636364
404     14  0.636364
462     14  0.636364
161     14  0.636364
15      14  0.636364
217     14  0.636364
363     14  0.636364
80      14  0.636364
226     14  0.636364
     Count  Value
351      2    1.0
0        2    1.0
271      1    0.5
339      1    0.5
no winner, not enough
Current: []
Subround 3
not enough
     Count     Value
339     18  0.782609
271     17  0.739130
0       17  0.739130
351     17  0.739130
484     16  0.695652
460     15  0.652174
464     14  0.608696
349     14  0.608696
386     14  0.608696
419     14  0.608696
423     14  0.608696
299     14  0.608696
404     14  0.608696
462     14  0.608696
161     14  0.608696
15      14  0.608696
217     14  0.608696
363     14  0.608696
80      14  0.608696
226     14  0.608696
     Count     Value
351      2  0.666667
271      2  0.666667
0        2  0.666667
339      2  0.666667
484      1  0.333333
no winner, not enough
Current: []
Subround 4
not enough
     Count     Value
339     19  0.791667
271     18  0.750000
0       17  0.708333
351     17  0.708333
484     16  0.666667
460     16  0.666667
464     14  0.583333
349     14  0.583333
386     14  0.583333
419     14  0.583333
423     14  0.583333
299     14  0.583333
404     14  0.583333
462     14  0.583333
161     14  0.583333
15      14  0.583333
217     14  0.583333
363     14  0.583333
80      14  0.583333
226     14  0.583333
     Count  Value
271      3   0.75
339      3   0.75
351      2   0.50
0        2   0.50
484      1   0.25
460      1   0.25
no winner, not enough
Current: []
Subround 5
not enough
     Count  Value
339     20   0.80
271     19   0.76
0       17   0.68
351     17   0.68
460     17   0.68
484     16   0.64
464     14   0.56
349     14   0.56
386     14   0.56
419     14   0.56
423     14   0.56
299     14   0.56
404     14   0.56
462     14   0.56
161     14   0.56
15      14   0.56
217     14   0.56
363     14   0.56
80      14   0.56
226     14   0.56
     Count  Value
271      4    0.8
339      4    0.8
351      2    0.4
0        2    0.4
460      2    0.4
484      1    0.2
no winner, not enough
Current: []
Subround 6
not enough
     Count     Value
339     21  0.807692
271     20  0.769231
460     18  0.692308
0       17  0.653846
351     17  0.653846
484     16  0.615385
464     14  0.538462
349     14  0.538462
386     14  0.538462
419     14  0.538462
423     14  0.538462
299     14  0.538462
404     14  0.538462
462     14  0.538462
161     14  0.538462
15      14  0.538462
217     14  0.538462
363     14  0.538462
80      14  0.538462
226     14  0.538462
     Count     Value
271      5  0.833333
339      5  0.833333
460      3  0.500000
351      2  0.333333
0        2  0.333333
484      1  0.166667
Current: [339]
Subround 7
not enough
     Count     Value
339     22  0.814815
271     20  0.740741
0       18  0.666667
460     18  0.666667
484     17  0.629630
351     17  0.629630
464     14  0.518519
349     14  0.518519
386     14  0.518519
419     14  0.518519
423     14  0.518519
299     14  0.518519
404     14  0.518519
462     14  0.518519
161     14  0.518519
15      14  0.518519
217     14  0.518519
363     14  0.518519
80      14  0.518519
226     14  0.518519
     Count     Value
339      6  0.857143
271      5  0.714286
0        3  0.428571
460      3  0.428571
351      2  0.285714
484      2  0.285714
Current: [339]
Subround 8
not enough
     Count     Value
339     22  0.785714
271     21  0.750000
0       19  0.678571
484     18  0.642857
460     18  0.642857
351     17  0.607143
464     14  0.500000
349     14  0.500000
386     14  0.500000
419     14  0.500000
423     14  0.500000
299     14  0.500000
404     14  0.500000
462     14  0.500000
161     14  0.500000
15      14  0.500000
217     14  0.500000
363     14  0.500000
80      14  0.500000
226     14  0.500000
     Count  Value
271      6  0.750
339      6  0.750
0        4  0.500
484      3  0.375
460      3  0.375
351      2  0.250
no winner, not enough
Current: []
Subround 9
not enough
     Count     Value
339     23  0.793103
271     22  0.758621
0       19  0.655172
484     18  0.620690
351     18  0.620690
460     18  0.620690
464     14  0.482759
349     14  0.482759
386     14  0.482759
419     14  0.482759
423     14  0.482759
299     14  0.482759
404     14  0.482759
462     14  0.482759
161     14  0.482759
15      14  0.482759
217     14  0.482759
363     14  0.482759
80      14  0.482759
226     14  0.482759
     Count     Value
271      7  0.777778
339      7  0.777778
0        4  0.444444
351      3  0.333333
484      3  0.333333
460      3  0.333333
no winner, not enough
Current: []
Subround 10
     Count     Value
339     24  0.800000
271     23  0.766667
0       19  0.633333
460     19  0.633333
484     18  0.600000
351     18  0.600000
464     14  0.466667
349     14  0.466667
386     14  0.466667
419     14  0.466667
423     14  0.466667
299     14  0.466667
404     14  0.466667
462     14  0.466667
161     14  0.466667
15      14  0.466667
217     14  0.466667
363     14  0.466667
80      14  0.466667
226     14  0.466667
     Count  Value
271      8    0.8
339      8    0.8
0        4    0.4
460      4    0.4
351      3    0.3
484      3    0.3
no winner, not enough
Current: []
Subround 11
     Count     Value
339     25  0.806452
271     23  0.741935
0       20  0.645161
460     20  0.645161
484     18  0.580645
351     18  0.580645
464     14  0.451613
349     14  0.451613
386     14  0.451613
419     14  0.451613
423     14  0.451613
299     14  0.451613
404     14  0.451613
462     14  0.451613
161     14  0.451613
15      14  0.451613
217     14  0.451613
363     14  0.451613
80      14  0.451613
226     14  0.451613
     Count     Value
339      9  0.818182
271      8  0.727273
0        5  0.454545
460      5  0.454545
351      3  0.272727
484      3  0.272727
Current: [339]
Winning offset:
[339]
2021-09-08 03:25:28.393930
2021-09-08 03:27:09.707360
0:01:41.313430
