Loading page file profiles/lab06/pages/0x2a44b.yaml
Loading page file profiles/lab06/pages/0x2a460.yaml
Loading page file profiles/lab06/pages/0x2a4e3.yaml
Loading page file profiles/lab06/pages/0x2a4e5.yaml
Loading page file profiles/lab06/pages/0x2a800.yaml
Loading page file profiles/lab06/pages/0x2a804.yaml
Loading page file profiles/lab06/pages/0x2a805.yaml
Round 1
Subround 1
not enough
     Count  Value
224      1    1.0
272      1    1.0
144      1    1.0
455      1    1.0
56       1    1.0
359      1    1.0
414      1    1.0
42       1    1.0
238      1    1.0
71       1    1.0
134      1    1.0
256      1    1.0
372      1    1.0
126      1    1.0
181      1    1.0
123      1    1.0
490      1    1.0
185      1    1.0
452      1    1.0
156      1    1.0
     Count  Value
224      1    1.0
272      1    1.0
144      1    1.0
455      1    1.0
56       1    1.0
359      1    1.0
414      1    1.0
42       1    1.0
238      1    1.0
71       1    1.0
Current: [0, 1, 2, 3, 4, 5, 6, 8, 11, 14, 16, 17, 18, 20, 21, 22, 24, 25, 27, 28, 29, 30, 33, 35, 36, 39, 40, 42, 43, 47, 48, 49, 50, 51, 53, 55, 56, 61, 63, 66, 69, 71, 74, 75, 78, 79, 80, 81, 85, 86, 89, 90, 91, 93, 96, 98, 101, 104, 105, 107, 109, 111, 112, 113, 114, 116, 117, 118, 121, 122, 123, 125, 126, 127, 128, 129, 131, 134, 137, 138, 139, 140, 141, 143, 144, 147, 148, 149, 150, 152, 153, 156, 160, 164, 168, 169, 170, 172, 173, 177, 178, 179, 181, 182, 183, 185, 186, 187, 189, 191, 194, 196, 197, 198, 199, 200, 202, 203, 205, 206, 207, 213, 215, 216, 217, 219, 224, 226, 229, 234, 236, 237, 238, 240, 241, 242, 244, 247, 249, 251, 253, 256, 258, 259, 260, 261, 267, 270, 271, 272, 277, 278, 284, 289, 290, 291, 292, 294, 295, 296, 300, 302, 306, 310, 312, 313, 315, 318, 321, 323, 324, 325, 327, 333, 334, 338, 339, 340, 341, 344, 346, 348, 349, 353, 356, 357, 358, 359, 361, 364, 367, 369, 372, 373, 374, 380, 384, 385, 386, 391, 392, 397, 398, 401, 404, 408, 414, 416, 420, 423, 427, 429, 430, 432, 434, 435, 440, 442, 444, 447, 450, 451, 452, 453, 455, 456, 460, 461, 462, 463, 466, 467, 468, 469, 471, 473, 474, 475, 476, 477, 479, 485, 486, 487, 488, 490, 491, 492, 493, 495, 496, 500, 501, 502, 507, 508]
Subround 2
not enough
     Count  Value
224      2    1.0
296      2    1.0
47       2    1.0
353      2    1.0
306      2    1.0
216      2    1.0
267      2    1.0
173      2    1.0
323      2    1.0
277      2    1.0
205      2    1.0
391      2    1.0
29       2    1.0
79       2    1.0
423      2    1.0
66       2    1.0
144      2    1.0
455      2    1.0
56       2    1.0
63       2    1.0
     Count  Value
224      2    1.0
296      2    1.0
47       2    1.0
353      2    1.0
306      2    1.0
216      2    1.0
267      2    1.0
173      2    1.0
323      2    1.0
277      2    1.0
Current: [1, 6, 8, 11, 16, 17, 21, 22, 25, 27, 29, 30, 33, 35, 36, 40, 42, 43, 47, 49, 53, 56, 61, 63, 66, 69, 74, 79, 81, 85, 90, 91, 98, 101, 104, 105, 107, 109, 112, 113, 116, 118, 121, 122, 123, 125, 131, 143, 144, 148, 149, 150, 153, 156, 168, 173, 177, 181, 183, 185, 187, 196, 200, 203, 205, 207, 213, 215, 216, 217, 224, 226, 234, 237, 238, 240, 244, 249, 251, 253, 258, 260, 261, 267, 277, 292, 296, 300, 302, 306, 321, 323, 325, 334, 339, 341, 344, 353, 356, 357, 358, 361, 369, 372, 373, 386, 391, 392, 397, 404, 408, 423, 440, 444, 447, 450, 451, 455, 463, 468, 473, 474, 476, 477, 491, 496, 500]
Subround 3
not enough
     Count     Value
125      3  1.000000
237      3  1.000000
207      3  1.000000
98       3  1.000000
43       3  1.000000
143      3  1.000000
323      3  1.000000
11       3  1.000000
123      3  1.000000
16       3  1.000000
339      3  1.000000
244      3  1.000000
181      3  1.000000
372      3  1.000000
121      3  1.000000
430      2  0.666667
185      2  0.666667
452      2  0.666667
156      2  0.666667
126      2  0.666667
     Count  Value
125      3    1.0
237      3    1.0
207      3    1.0
98       3    1.0
43       3    1.0
143      3    1.0
323      3    1.0
11       3    1.0
123      3    1.0
16       3    1.0
Current: [11, 16, 43, 98, 121, 123, 125, 143, 181, 207, 237, 244, 323, 339, 372]
Subround 4
not enough
     Count  Value
123      4   1.00
143      4   1.00
121      4   1.00
323      4   1.00
455      3   0.75
75       3   0.75
267      3   0.75
429      3   0.75
173      3   0.75
391      3   0.75
14       3   0.75
199      3   0.75
56       3   0.75
63       3   0.75
414      3   0.75
42       3   0.75
238      3   0.75
71       3   0.75
134      3   0.75
256      3   0.75
     Count  Value
123      4   1.00
143      4   1.00
121      4   1.00
323      4   1.00
455      3   0.75
75       3   0.75
267      3   0.75
429      3   0.75
173      3   0.75
391      3   0.75
Current: [0, 11, 14, 16, 21, 25, 27, 28, 30, 35, 36, 39, 40, 42, 43, 46, 47, 48, 51, 53, 56, 61, 63, 69, 71, 75, 78, 80, 81, 85, 86, 90, 91, 94, 96, 98, 109, 112, 113, 116, 118, 121, 122, 123, 125, 128, 129, 134, 139, 140, 143, 148, 149, 160, 168, 170, 173, 178, 181, 183, 186, 191, 194, 196, 199, 207, 215, 217, 224, 236, 237, 238, 241, 242, 244, 249, 251, 253, 256, 258, 259, 261, 267, 270, 290, 291, 294, 295, 302, 318, 321, 323, 324, 327, 333, 334, 339, 340, 341, 346, 365, 369, 372, 374, 377, 380, 384, 385, 391, 398, 404, 414, 416, 429, 434, 440, 442, 444, 447, 450, 453, 455, 460, 463, 466, 467, 469, 474, 476, 477, 487, 488, 489, 493, 495, 496, 501, 502, 507, 508]
Subround 5
not enough
     Count  Value
123      5    1.0
224      4    0.8
267      4    0.8
47       4    0.8
63       4    0.8
27       4    0.8
121      4    0.8
129      4    0.8
339      4    0.8
467      4    0.8
434      4    0.8
270      4    0.8
170      4    0.8
113      4    0.8
416      4    0.8
178      4    0.8
334      4    0.8
380      4    0.8
460      4    0.8
242      4    0.8
     Count  Value
123      5    1.0
224      4    0.8
267      4    0.8
47       4    0.8
63       4    0.8
27       4    0.8
121      4    0.8
129      4    0.8
339      4    0.8
467      4    0.8
Current: [0, 11, 25, 27, 42, 43, 47, 61, 63, 69, 71, 75, 80, 81, 94, 109, 113, 116, 118, 121, 123, 125, 129, 140, 143, 149, 160, 170, 178, 181, 183, 191, 196, 215, 217, 224, 237, 241, 242, 244, 253, 267, 270, 290, 294, 302, 318, 323, 327, 333, 334, 339, 341, 346, 374, 380, 384, 385, 391, 398, 414, 416, 429, 434, 440, 444, 447, 450, 455, 460, 466, 467, 476, 477, 487, 488, 489, 493, 495, 496, 502, 508]
Subround 6
not enough
     Count     Value
416      5  0.833333
27       5  0.833333
63       5  0.833333
450      5  0.833333
217      5  0.833333
466      5  0.833333
267      5  0.833333
294      5  0.833333
440      5  0.833333
495      5  0.833333
318      5  0.833333
302      5  0.833333
488      5  0.833333
391      5  0.833333
69       5  0.833333
196      5  0.833333
42       5  0.833333
80       5  0.833333
71       5  0.833333
493      5  0.833333
     Count     Value
416      5  0.833333
27       5  0.833333
63       5  0.833333
450      5  0.833333
217      5  0.833333
466      5  0.833333
267      5  0.833333
294      5  0.833333
440      5  0.833333
495      5  0.833333
Current: [11, 27, 42, 63, 69, 71, 80, 81, 94, 123, 143, 160, 196, 215, 217, 242, 253, 267, 294, 302, 318, 339, 341, 380, 391, 416, 440, 444, 447, 450, 466, 467, 488, 489, 493, 495, 508]
Subround 7
not enough
     Count     Value
495      6  0.857143
217      6  0.857143
488      6  0.857143
267      6  0.857143
253      6  0.857143
27       6  0.857143
440      6  0.857143
489      6  0.857143
318      6  0.857143
69       6  0.857143
42       6  0.857143
339      6  0.857143
341      6  0.857143
81       6  0.857143
123      6  0.857143
80       6  0.857143
178      5  0.714286
19       5  0.714286
94       5  0.714286
443      5  0.714286
     Count     Value
495      6  0.857143
217      6  0.857143
488      6  0.857143
267      6  0.857143
253      6  0.857143
27       6  0.857143
440      6  0.857143
489      6  0.857143
318      6  0.857143
69       6  0.857143
Current: [7, 11, 14, 19, 20, 25, 27, 33, 42, 47, 48, 61, 63, 69, 71, 75, 80, 81, 94, 109, 113, 118, 123, 129, 140, 143, 149, 160, 178, 183, 196, 215, 217, 224, 235, 237, 240, 241, 242, 244, 253, 262, 267, 290, 291, 294, 296, 302, 318, 323, 324, 339, 341, 353, 358, 361, 364, 380, 384, 385, 391, 398, 410, 416, 434, 440, 443, 444, 447, 450, 455, 460, 464, 466, 467, 476, 477, 488, 489, 492, 493, 495, 496, 502, 504, 508]
Subround 8
not enough
     Count  Value
253      7  0.875
318      7  0.875
495      7  0.875
217      7  0.875
27       7  0.875
488      7  0.875
42       7  0.875
123      7  0.875
69       7  0.875
489      7  0.875
466      6  0.750
440      6  0.750
129      6  0.750
416      6  0.750
178      6  0.750
460      6  0.750
240      6  0.750
20       6  0.750
291      6  0.750
410      6  0.750
     Count  Value
253      7  0.875
318      7  0.875
495      7  0.875
217      7  0.875
27       7  0.875
488      7  0.875
42       7  0.875
123      7  0.875
69       7  0.875
489      7  0.875
Current: [7, 11, 20, 25, 27, 33, 42, 47, 48, 69, 71, 80, 81, 123, 129, 140, 160, 178, 183, 215, 217, 240, 253, 267, 290, 291, 302, 318, 323, 324, 339, 341, 353, 361, 384, 385, 391, 398, 410, 416, 440, 443, 455, 460, 464, 466, 476, 477, 488, 489, 493, 495, 504]
Subround 9
not enough
     Count     Value
253      8  0.888889
217      7  0.777778
267      7  0.777778
440      7  0.777778
291      7  0.777778
466      7  0.777778
123      7  0.777778
488      7  0.777778
341      7  0.777778
42       7  0.777778
69       7  0.777778
460      7  0.777778
318      7  0.777778
27       7  0.777778
48       7  0.777778
7        7  0.777778
489      7  0.777778
80       7  0.777778
361      7  0.777778
81       7  0.777778
     Count     Value
253      8  0.888889
217      7  0.777778
267      7  0.777778
440      7  0.777778
291      7  0.777778
466      7  0.777778
123      7  0.777778
488      7  0.777778
341      7  0.777778
42       7  0.777778
Current: [7, 11, 27, 42, 48, 69, 80, 81, 123, 215, 217, 253, 267, 291, 318, 341, 361, 440, 455, 460, 466, 488, 489, 495]
Subround 10
not enough
     Count  Value
341      8    0.8
215      8    0.8
7        8    0.8
217      8    0.8
253      8    0.8
267      8    0.8
488      8    0.8
123      8    0.8
11       8    0.8
69       8    0.8
42       8    0.8
455      8    0.8
48       8    0.8
134      7    0.7
296      7    0.7
440      7    0.7
291      7    0.7
160      7    0.7
386      7    0.7
27       7    0.7
     Count  Value
341      8    0.8
215      8    0.8
7        8    0.8
217      8    0.8
253      8    0.8
267      8    0.8
488      8    0.8
123      8    0.8
11       8    0.8
69       8    0.8
Current: [7, 11, 42, 48, 69, 123, 215, 217, 253, 267, 341, 455, 488]
Subround 11
not enough
     Count     Value
253      9  0.818182
75       8  0.727273
440      8  0.727273
267      8  0.727273
123      8  0.727273
291      8  0.727273
341      8  0.727273
488      8  0.727273
460      8  0.727273
318      8  0.727273
69       8  0.727273
42       8  0.727273
27       8  0.727273
48       8  0.727273
489      8  0.727273
7        8  0.727273
11       8  0.727273
80       8  0.727273
217      8  0.727273
81       8  0.727273
     Count     Value
253      9  0.818182
75       8  0.727273
440      8  0.727273
267      8  0.727273
123      8  0.727273
291      8  0.727273
341      8  0.727273
488      8  0.727273
460      8  0.727273
318      8  0.727273
Current: [7, 11, 27, 42, 48, 69, 75, 80, 81, 123, 215, 217, 253, 267, 291, 318, 341, 440, 455, 460, 488, 489, 495]
Subround 12
not enough
     Count     Value
253     10  0.833333
495      9  0.750000
460      9  0.750000
7        9  0.750000
42       9  0.750000
69       9  0.750000
488      9  0.750000
217      9  0.750000
267      9  0.750000
75       9  0.750000
27       9  0.750000
341      9  0.750000
81       9  0.750000
291      9  0.750000
48       9  0.750000
455      9  0.750000
474      8  0.666667
80       8  0.666667
262      8  0.666667
327      8  0.666667
     Count     Value
253     10  0.833333
495      9  0.750000
460      9  0.750000
7        9  0.750000
42       9  0.750000
69       9  0.750000
488      9  0.750000
217      9  0.750000
267      9  0.750000
75       9  0.750000
Current: [7, 27, 42, 48, 69, 75, 81, 217, 253, 267, 291, 341, 455, 460, 488, 495]
Subround 13
not enough
     Count     Value
253     10  0.769231
75      10  0.769231
455     10  0.769231
339      9  0.692308
495      9  0.692308
440      9  0.692308
123      9  0.692308
267      9  0.692308
291      9  0.692308
460      9  0.692308
488      9  0.692308
69       9  0.692308
42       9  0.692308
318      9  0.692308
27       9  0.692308
48       9  0.692308
7        9  0.692308
341      9  0.692308
11       9  0.692308
217      9  0.692308
     Count     Value
253     10  0.769231
75      10  0.769231
455     10  0.769231
339      9  0.692308
495      9  0.692308
440      9  0.692308
123      9  0.692308
267      9  0.692308
291      9  0.692308
460      9  0.692308
Current: [75, 253, 455]
Subround 14
not enough
     Count     Value
75      11  0.785714
339     10  0.714286
215     10  0.714286
489     10  0.714286
318     10  0.714286
80      10  0.714286
123     10  0.714286
42      10  0.714286
455     10  0.714286
440     10  0.714286
291     10  0.714286
217     10  0.714286
69      10  0.714286
253     10  0.714286
11       9  0.642857
323      9  0.642857
410      9  0.642857
509      9  0.642857
353      9  0.642857
63       9  0.642857
     Count     Value
75      11  0.785714
339     10  0.714286
215     10  0.714286
489     10  0.714286
318     10  0.714286
80      10  0.714286
123     10  0.714286
42      10  0.714286
455     10  0.714286
440     10  0.714286
Current: [42, 69, 75, 80, 123, 215, 217, 253, 291, 318, 339, 440, 455, 489]
Subround 15
not enough
     Count     Value
318     11  0.733333
75      11  0.733333
69      11  0.733333
123     11  0.733333
217     11  0.733333
489     11  0.733333
339     11  0.733333
63      10  0.666667
495     10  0.666667
496     10  0.666667
240     10  0.666667
477     10  0.666667
327     10  0.666667
324     10  0.666667
241     10  0.666667
504     10  0.666667
493     10  0.666667
398     10  0.666667
80      10  0.666667
440     10  0.666667
     Count     Value
318     11  0.733333
75      11  0.733333
69      11  0.733333
123     11  0.733333
217     11  0.733333
489     11  0.733333
339     11  0.733333
63      10  0.666667
495     10  0.666667
496     10  0.666667
Current: [69, 75, 123, 217, 318, 339, 489]
Subround 16
not enough
     Count   Value
339     12  0.7500
123     12  0.7500
318     12  0.7500
224     11  0.6875
496     11  0.6875
495     11  0.6875
97      11  0.6875
69      11  0.6875
253     11  0.6875
493     11  0.6875
217     11  0.6875
385     11  0.6875
160     11  0.6875
294     11  0.6875
291     11  0.6875
139     11  0.6875
477     11  0.6875
324     11  0.6875
240     11  0.6875
80      11  0.6875
     Count   Value
339     12  0.7500
123     12  0.7500
318     12  0.7500
224     11  0.6875
496     11  0.6875
495     11  0.6875
97      11  0.6875
69      11  0.6875
253     11  0.6875
493     11  0.6875
Current: [123, 318, 339]
Subround 17
not enough
     Count     Value
123     13  0.764706
318     13  0.764706
224     12  0.705882
489     12  0.705882
410     12  0.705882
339     12  0.705882
324     12  0.705882
495     12  0.705882
477     12  0.705882
160     12  0.705882
80      12  0.705882
504     12  0.705882
493     12  0.705882
464     12  0.705882
294     12  0.705882
42      12  0.705882
253     12  0.705882
496     12  0.705882
385     12  0.705882
25      12  0.705882
     Count     Value
123     13  0.764706
318     13  0.764706
224     12  0.705882
489     12  0.705882
410     12  0.705882
339     12  0.705882
324     12  0.705882
495     12  0.705882
477     12  0.705882
160     12  0.705882
Current: [25, 42, 80, 123, 160, 224, 253, 294, 318, 324, 339, 353, 385, 410, 464, 477, 489, 493, 495, 496, 504]
Subround 18
not enough
     Count     Value
495     13  0.722222
489     13  0.722222
123     13  0.722222
339     13  0.722222
410     13  0.722222
318     13  0.722222
160     13  0.722222
496     13  0.722222
224     12  0.666667
493     12  0.666667
492     12  0.666667
217     12  0.666667
398     12  0.666667
504     12  0.666667
361     12  0.666667
163     12  0.666667
425     12  0.666667
55      12  0.666667
428     12  0.666667
311     12  0.666667
     Count     Value
495     13  0.722222
489     13  0.722222
123     13  0.722222
339     13  0.722222
410     13  0.722222
318     13  0.722222
160     13  0.722222
496     13  0.722222
224     12  0.666667
493     12  0.666667
Current: [123, 160, 318, 339, 410, 489, 495, 496]
Subround 19
not enough
     Count     Value
123     14  0.736842
224     13  0.684211
496     13  0.684211
489     13  0.684211
294     13  0.684211
339     13  0.684211
410     13  0.684211
495     13  0.684211
253     13  0.684211
353     13  0.684211
385     13  0.684211
42      13  0.684211
160     13  0.684211
464     13  0.684211
504     13  0.684211
493     13  0.684211
324     13  0.684211
25      13  0.684211
481     13  0.684211
318     13  0.684211
     Count     Value
123     14  0.736842
224     13  0.684211
496     13  0.684211
489     13  0.684211
294     13  0.684211
339     13  0.684211
410     13  0.684211
495     13  0.684211
253     13  0.684211
353     13  0.684211
Current: [123]
Subround 20
     Count  Value
224     14   0.70
489     14   0.70
294     14   0.70
339     14   0.70
353     14   0.70
42      14   0.70
123     14   0.70
324     14   0.70
318     14   0.70
477     14   0.70
495     14   0.70
160     14   0.70
253     14   0.70
365     13   0.65
481     13   0.65
428     13   0.65
311     13   0.65
496     13   0.65
488     13   0.65
464     13   0.65
     Count  Value
224     14    0.7
489     14    0.7
294     14    0.7
339     14    0.7
353     14    0.7
42      14    0.7
123     14    0.7
324     14    0.7
318     14    0.7
477     14    0.7
no winner, not enough
Current: []
Subround 21
     Count     Value
224     15  0.714286
160     15  0.714286
294     15  0.714286
339     15  0.714286
353     15  0.714286
495     15  0.714286
42      15  0.714286
123     15  0.714286
318     15  0.714286
477     15  0.714286
492     14  0.666667
116     14  0.666667
409     14  0.666667
252     14  0.666667
311     14  0.666667
80      14  0.666667
324     14  0.666667
481     14  0.666667
380     14  0.666667
204     14  0.666667
     Count     Value
224     15  0.714286
160     15  0.714286
294     15  0.714286
339     15  0.714286
353     15  0.714286
495     15  0.714286
42      15  0.714286
123     15  0.714286
318     15  0.714286
477     15  0.714286
Current: [42, 123, 160, 224, 294, 318, 339, 353, 477, 495]
Round 2
Subround 1
not enough
     Count     Value
224     16  0.727273
160     16  0.727273
339     16  0.727273
353     16  0.727273
495     16  0.727273
294     15  0.681818
42      15  0.681818
123     15  0.681818
318     15  0.681818
477     15  0.681818
492     14  0.636364
116     14  0.636364
409     14  0.636364
252     14  0.636364
311     14  0.636364
80      14  0.636364
324     14  0.636364
481     14  0.636364
380     14  0.636364
204     14  0.636364
     Count  Value
495      1    1.0
353      1    1.0
339      1    1.0
160      1    1.0
224      1    1.0
no winner, not enough
Current: []
Subround 2
not enough
     Count     Value
224     17  0.739130
160     17  0.739130
353     17  0.739130
339     16  0.695652
495     16  0.695652
318     16  0.695652
477     16  0.695652
294     15  0.652174
42      15  0.652174
123     15  0.652174
80      14  0.608696
253     14  0.608696
398     14  0.608696
361     14  0.608696
290     14  0.608696
293     14  0.608696
380     14  0.608696
481     14  0.608696
252     14  0.608696
324     14  0.608696
     Count  Value
353      2    1.0
160      2    1.0
224      2    1.0
495      1    0.5
339      1    0.5
477      1    0.5
318      1    0.5
no winner, not enough
Current: []
Subround 3
not enough
     Count     Value
224     18  0.750000
353     18  0.750000
160     17  0.708333
339     17  0.708333
495     17  0.708333
477     17  0.708333
318     16  0.666667
42      15  0.625000
123     15  0.625000
294     15  0.625000
492     14  0.583333
365     14  0.583333
252     14  0.583333
481     14  0.583333
80      14  0.583333
324     14  0.583333
409     14  0.583333
204     14  0.583333
469     14  0.583333
380     14  0.583333
     Count     Value
353      3  1.000000
224      3  1.000000
495      2  0.666667
339      2  0.666667
160      2  0.666667
477      2  0.666667
318      1  0.333333
no winner, not enough
Current: []
Subround 4
not enough
     Count  Value
224     19   0.76
353     19   0.76
339     18   0.72
160     17   0.68
495     17   0.68
318     17   0.68
477     17   0.68
42      16   0.64
294     15   0.60
123     15   0.60
80      14   0.56
253     14   0.56
398     14   0.56
361     14   0.56
290     14   0.56
293     14   0.56
380     14   0.56
481     14   0.56
252     14   0.56
324     14   0.56
     Count  Value
353      4   1.00
224      4   1.00
339      3   0.75
495      2   0.50
160      2   0.50
477      2   0.50
318      2   0.50
42       1   0.25
no winner, not enough
Current: []
Subround 5
not enough
     Count     Value
224     20  0.769231
339     19  0.730769
353     19  0.730769
495     18  0.692308
318     18  0.692308
160     17  0.653846
42      17  0.653846
477     17  0.653846
294     15  0.576923
123     15  0.576923
80      14  0.538462
253     14  0.538462
398     14  0.538462
361     14  0.538462
290     14  0.538462
293     14  0.538462
380     14  0.538462
481     14  0.538462
252     14  0.538462
409     14  0.538462
     Count  Value
224      5    1.0
353      4    0.8
339      4    0.8
495      3    0.6
318      3    0.6
160      2    0.4
477      2    0.4
42       2    0.4
Current: [224]
Subround 6
not enough
     Count     Value
224     20  0.740741
339     20  0.740741
318     19  0.703704
353     19  0.703704
495     19  0.703704
42      18  0.666667
477     18  0.666667
160     17  0.629630
294     15  0.555556
123     15  0.555556
80      14  0.518519
253     14  0.518519
398     14  0.518519
361     14  0.518519
290     14  0.518519
293     14  0.518519
380     14  0.518519
481     14  0.518519
252     14  0.518519
409     14  0.518519
     Count     Value
339      5  0.833333
224      5  0.833333
495      4  0.666667
353      4  0.666667
318      4  0.666667
477      3  0.500000
42       3  0.500000
160      2  0.333333
Current: [224, 339]
Subround 7
not enough
     Count     Value
339     21  0.750000
224     20  0.714286
318     20  0.714286
353     20  0.714286
495     20  0.714286
42      19  0.678571
477     18  0.642857
160     17  0.607143
294     15  0.535714
123     15  0.535714
80      14  0.500000
253     14  0.500000
398     14  0.500000
361     14  0.500000
290     14  0.500000
293     14  0.500000
380     14  0.500000
481     14  0.500000
252     14  0.500000
409     14  0.500000
     Count     Value
339      6  0.857143
495      5  0.714286
353      5  0.714286
224      5  0.714286
318      5  0.714286
42       4  0.571429
477      3  0.428571
160      2  0.285714
Current: [339]
Subround 8
not enough
     Count     Value
339     22  0.758621
318     21  0.724138
353     21  0.724138
224     20  0.689655
495     20  0.689655
42      19  0.655172
477     19  0.655172
160     17  0.586207
123     16  0.551724
294     15  0.517241
80      14  0.482759
253     14  0.482759
398     14  0.482759
361     14  0.482759
290     14  0.482759
293     14  0.482759
380     14  0.482759
481     14  0.482759
252     14  0.482759
409     14  0.482759
     Count  Value
339      7  0.875
353      6  0.750
318      6  0.750
495      5  0.625
224      5  0.625
477      4  0.500
42       4  0.500
160      2  0.250
123      1  0.125
Current: [339]
Subround 9
not enough
     Count     Value
318     22  0.733333
339     22  0.733333
224     21  0.700000
353     21  0.700000
495     20  0.666667
42      20  0.666667
477     20  0.666667
160     17  0.566667
294     16  0.533333
123     16  0.533333
80      14  0.466667
253     14  0.466667
398     14  0.466667
361     14  0.466667
290     14  0.466667
293     14  0.466667
380     14  0.466667
481     14  0.466667
252     14  0.466667
409     14  0.466667
     Count     Value
339      7  0.777778
318      7  0.777778
353      6  0.666667
224      6  0.666667
495      5  0.555556
477      5  0.555556
42       5  0.555556
160      2  0.222222
123      1  0.111111
294      1  0.111111
no winner, not enough
Current: []
Subround 10
     Count     Value
339     23  0.741935
224     22  0.709677
318     22  0.709677
353     21  0.677419
477     21  0.677419
495     20  0.645161
42      20  0.645161
160     18  0.580645
123     17  0.548387
294     16  0.516129
204     14  0.451613
252     14  0.451613
324     14  0.451613
80      14  0.451613
409     14  0.451613
253     14  0.451613
481     14  0.451613
380     14  0.451613
293     14  0.451613
290     14  0.451613
     Count  Value
339      8    0.8
224      7    0.7
318      7    0.7
353      6    0.6
477      6    0.6
495      5    0.5
42       5    0.5
160      3    0.3
123      2    0.2
294      1    0.1
no winner, not enough
Current: []
Subround 11
     Count    Value
339     24  0.75000
318     23  0.71875
224     22  0.68750
353     21  0.65625
495     21  0.65625
477     21  0.65625
42      20  0.62500
160     19  0.59375
123     17  0.53125
294     17  0.53125
492     14  0.43750
365     14  0.43750
252     14  0.43750
481     14  0.43750
80      14  0.43750
324     14  0.43750
409     14  0.43750
204     14  0.43750
469     14  0.43750
380     14  0.43750
     Count     Value
339      9  0.818182
318      8  0.727273
224      7  0.636364
495      6  0.545455
353      6  0.545455
477      6  0.545455
42       5  0.454545
160      4  0.363636
123      2  0.181818
294      2  0.181818
Current: [339]
Winning offset:
[339]
2021-09-08 01:46:35.886005
2021-09-08 01:48:20.726550
0:01:44.840545
