Loading page file profiles/lab06/pages/0x2a44b.yaml
Loading page file profiles/lab06/pages/0x2a460.yaml
Loading page file profiles/lab06/pages/0x2a4e3.yaml
Loading page file profiles/lab06/pages/0x2a4e5.yaml
Loading page file profiles/lab06/pages/0x2a800.yaml
Loading page file profiles/lab06/pages/0x2a804.yaml
Loading page file profiles/lab06/pages/0x2a805.yaml
Round 1
Subround 1
not enough
     Count  Value
211      1    1.0
213      1    1.0
242      1    1.0
339      1    1.0
403      1    1.0
259      1    1.0
455      1    1.0
351      1    1.0
180      1    1.0
399      1    1.0
115      1    1.0
270      1    1.0
504      1    1.0
243      1    1.0
307      1    1.0
85       1    1.0
401      1    1.0
276      1    1.0
418      1    1.0
302      1    1.0
     Count  Value
211      1    1.0
213      1    1.0
242      1    1.0
339      1    1.0
403      1    1.0
259      1    1.0
455      1    1.0
351      1    1.0
180      1    1.0
399      1    1.0
Current: [0, 1, 4, 6, 15, 16, 17, 18, 19, 21, 24, 26, 28, 31, 33, 34, 35, 36, 37, 38, 44, 45, 47, 48, 50, 51, 55, 56, 57, 58, 61, 64, 65, 66, 67, 68, 69, 71, 73, 74, 75, 76, 79, 80, 81, 83, 84, 85, 89, 91, 92, 93, 95, 96, 100, 104, 105, 108, 111, 114, 115, 116, 117, 118, 119, 120, 121, 123, 124, 128, 129, 132, 133, 138, 142, 144, 145, 150, 151, 152, 153, 154, 157, 158, 162, 165, 171, 172, 173, 176, 177, 178, 179, 180, 185, 187, 190, 191, 192, 194, 195, 196, 199, 200, 201, 203, 204, 207, 208, 210, 211, 213, 214, 217, 223, 226, 228, 229, 236, 237, 240, 241, 242, 243, 244, 246, 249, 251, 256, 257, 259, 260, 262, 264, 269, 270, 271, 272, 273, 274, 275, 276, 278, 279, 280, 281, 283, 288, 291, 293, 294, 295, 296, 297, 298, 300, 302, 303, 306, 307, 308, 309, 311, 313, 314, 315, 317, 318, 319, 320, 321, 322, 325, 327, 328, 330, 333, 336, 338, 339, 340, 343, 344, 345, 346, 347, 351, 354, 355, 356, 363, 364, 366, 368, 371, 378, 380, 381, 387, 388, 393, 395, 399, 400, 401, 403, 404, 407, 408, 409, 410, 417, 418, 424, 427, 429, 430, 433, 434, 435, 436, 437, 442, 443, 446, 448, 449, 451, 452, 453, 454, 455, 458, 464, 466, 475, 477, 478, 479, 483, 484, 485, 486, 488, 489, 490, 491, 492, 493, 497, 498, 500, 501, 504, 510, 511]
Subround 2
not enough
     Count  Value
200      2    1.0
275      2    1.0
228      2    1.0
497      2    1.0
201      2    1.0
478      2    1.0
73       2    1.0
429      2    1.0
407      2    1.0
249      2    1.0
207      2    1.0
152      2    1.0
15       2    1.0
486      2    1.0
295      2    1.0
92       2    1.0
452      2    1.0
317      2    1.0
38       2    1.0
281      2    1.0
     Count  Value
200      2    1.0
275      2    1.0
228      2    1.0
497      2    1.0
201      2    1.0
478      2    1.0
73       2    1.0
429      2    1.0
407      2    1.0
249      2    1.0
Current: [4, 6, 15, 16, 19, 24, 33, 35, 37, 38, 48, 51, 55, 56, 58, 64, 67, 71, 73, 75, 80, 81, 91, 92, 93, 95, 96, 100, 104, 105, 111, 115, 118, 119, 123, 124, 132, 144, 151, 152, 157, 162, 172, 176, 179, 180, 190, 191, 194, 200, 201, 203, 207, 210, 223, 228, 236, 237, 241, 243, 246, 249, 251, 271, 272, 275, 278, 281, 283, 291, 293, 295, 296, 298, 300, 302, 307, 309, 311, 313, 314, 317, 318, 319, 322, 328, 338, 339, 340, 354, 355, 356, 371, 387, 393, 399, 407, 410, 417, 418, 429, 435, 436, 442, 446, 448, 449, 452, 454, 455, 464, 478, 486, 488, 490, 492, 497, 498, 510]
Subround 3
not enough
     Count  Value
157      3    1.0
272      3    1.0
180      3    1.0
115      3    1.0
243      3    1.0
407      3    1.0
172      3    1.0
55       3    1.0
56       3    1.0
203      3    1.0
313      3    1.0
452      3    1.0
51       3    1.0
210      3    1.0
490      3    1.0
37       3    1.0
33       3    1.0
35       3    1.0
339      3    1.0
417      3    1.0
     Count  Value
157      3    1.0
272      3    1.0
180      3    1.0
115      3    1.0
243      3    1.0
407      3    1.0
172      3    1.0
55       3    1.0
56       3    1.0
203      3    1.0
Current: [33, 35, 37, 51, 55, 56, 71, 81, 115, 157, 172, 180, 203, 210, 243, 272, 291, 313, 318, 339, 355, 371, 407, 417, 452, 490, 498]
Subround 4
not enough
     Count  Value
115      4   1.00
291      4   1.00
417      4   1.00
318      4   1.00
371      4   1.00
203      4   1.00
272      4   1.00
37       4   1.00
33       4   1.00
407      3   0.75
200      3   0.75
429      3   0.75
275      3   0.75
511      3   0.75
207      3   0.75
277      3   0.75
478      3   0.75
152      3   0.75
186      3   0.75
202      3   0.75
     Count  Value
115      4   1.00
291      4   1.00
417      4   1.00
318      4   1.00
371      4   1.00
203      4   1.00
272      4   1.00
37       4   1.00
33       4   1.00
407      3   0.75
Current: [14, 16, 20, 28, 33, 34, 35, 37, 41, 44, 45, 46, 47, 48, 51, 53, 55, 56, 58, 64, 65, 69, 71, 74, 79, 81, 84, 85, 91, 93, 95, 100, 104, 115, 120, 129, 142, 144, 150, 152, 157, 165, 172, 173, 176, 179, 180, 182, 186, 190, 191, 199, 200, 201, 202, 203, 207, 210, 216, 217, 240, 241, 242, 243, 251, 262, 264, 270, 271, 272, 275, 277, 283, 287, 289, 291, 302, 303, 304, 313, 318, 319, 320, 321, 322, 330, 333, 338, 339, 343, 345, 352, 355, 356, 360, 364, 371, 380, 386, 387, 388, 394, 395, 399, 402, 404, 407, 408, 410, 417, 418, 421, 424, 427, 429, 430, 434, 442, 443, 446, 452, 454, 457, 466, 470, 473, 478, 479, 484, 486, 490, 492, 496, 498, 500, 503, 510, 511]
Subround 5
not enough
     Count  Value
33       5    1.0
371      5    1.0
37       5    1.0
318      5    1.0
427      4    0.8
430      4    0.8
452      4    0.8
395      4    0.8
165      4    0.8
74       4    0.8
69       4    0.8
454      4    0.8
442      4    0.8
100      4    0.8
410      4    0.8
190      4    0.8
201      4    0.8
408      4    0.8
272      4    0.8
199      4    0.8
     Count  Value
33       5    1.0
371      5    1.0
37       5    1.0
318      5    1.0
427      4    0.8
430      4    0.8
452      4    0.8
395      4    0.8
165      4    0.8
74       4    0.8
Current: [33, 37, 47, 51, 55, 56, 69, 71, 74, 81, 91, 93, 100, 104, 115, 129, 150, 157, 165, 172, 173, 180, 186, 190, 191, 199, 201, 203, 207, 210, 217, 241, 243, 251, 270, 272, 277, 291, 302, 313, 318, 322, 339, 360, 364, 371, 387, 395, 408, 410, 417, 424, 427, 430, 442, 443, 452, 454, 457, 470, 479, 484, 492, 510, 511]
Subround 6
not enough
     Count     Value
33       6  1.000000
371      6  1.000000
318      6  1.000000
37       6  1.000000
470      5  0.833333
510      5  0.833333
69       5  0.833333
387      5  0.833333
150      5  0.833333
56       5  0.833333
173      5  0.833333
207      5  0.833333
291      5  0.833333
217      5  0.833333
51       5  0.833333
210      5  0.833333
339      5  0.833333
243      5  0.833333
270      5  0.833333
251      5  0.833333
     Count     Value
33       6  1.000000
371      6  1.000000
318      6  1.000000
37       6  1.000000
470      5  0.833333
510      5  0.833333
69       5  0.833333
387      5  0.833333
150      5  0.833333
56       5  0.833333
Current: [33, 37, 47, 51, 56, 69, 150, 173, 180, 199, 201, 207, 210, 217, 243, 251, 270, 272, 277, 291, 313, 318, 339, 371, 387, 395, 417, 470, 492, 510, 511]
Subround 7
not enough
     Count     Value
318      7  1.000000
33       6  0.857143
270      6  0.857143
291      6  0.857143
277      6  0.857143
251      6  0.857143
339      6  0.857143
470      6  0.857143
173      6  0.857143
492      6  0.857143
387      6  0.857143
210      6  0.857143
51       6  0.857143
37       6  0.857143
150      6  0.857143
371      6  0.857143
257      5  0.714286
490      5  0.714286
100      5  0.714286
86       5  0.714286
     Count     Value
318      7  1.000000
33       6  0.857143
270      6  0.857143
291      6  0.857143
277      6  0.857143
251      6  0.857143
339      6  0.857143
470      6  0.857143
173      6  0.857143
492      6  0.857143
Current: [4, 6, 14, 33, 36, 37, 41, 47, 51, 56, 61, 69, 71, 74, 79, 81, 85, 86, 93, 100, 101, 104, 105, 128, 129, 145, 149, 150, 152, 159, 165, 172, 173, 180, 189, 190, 191, 196, 199, 201, 207, 210, 217, 243, 251, 257, 270, 271, 272, 277, 289, 291, 302, 306, 311, 313, 318, 319, 321, 326, 338, 339, 354, 360, 371, 386, 387, 395, 399, 408, 410, 417, 421, 424, 427, 429, 435, 442, 443, 450, 452, 453, 454, 463, 470, 478, 479, 484, 485, 490, 492, 506, 510, 511]
Subround 8
not enough
     Count  Value
277      7  0.875
270      7  0.875
37       7  0.875
33       7  0.875
318      7  0.875
371      7  0.875
470      7  0.875
251      7  0.875
452      6  0.750
450      6  0.750
173      6  0.750
354      6  0.750
306      6  0.750
207      6  0.750
71       6  0.750
172      6  0.750
150      6  0.750
479      6  0.750
360      6  0.750
159      6  0.750
     Count  Value
277      7  0.875
270      7  0.875
37       7  0.875
33       7  0.875
318      7  0.875
371      7  0.875
470      7  0.875
251      7  0.875
452      6  0.750
450      6  0.750
Current: [33, 37, 41, 51, 69, 71, 79, 104, 145, 149, 150, 152, 159, 172, 173, 190, 191, 196, 201, 207, 210, 251, 270, 277, 291, 306, 313, 318, 326, 339, 354, 360, 371, 387, 399, 408, 410, 417, 427, 435, 443, 450, 452, 453, 454, 463, 470, 479, 484, 485, 490, 492, 506, 510, 511]
Subround 9
not enough
     Count     Value
270      8  0.888889
318      8  0.888889
277      8  0.888889
33       7  0.777778
470      7  0.777778
79       7  0.777778
463      7  0.777778
453      7  0.777778
339      7  0.777778
51       7  0.777778
427      7  0.777778
37       7  0.777778
450      7  0.777778
410      7  0.777778
196      7  0.777778
371      7  0.777778
408      7  0.777778
452      7  0.777778
201      7  0.777778
152      7  0.777778
     Count     Value
270      8  0.888889
318      8  0.888889
277      8  0.888889
33       7  0.777778
470      7  0.777778
79       7  0.777778
463      7  0.777778
453      7  0.777778
339      7  0.777778
51       7  0.777778
Current: [33, 37, 51, 79, 152, 173, 196, 201, 207, 251, 270, 277, 291, 306, 313, 318, 339, 371, 408, 410, 427, 450, 452, 453, 463, 470, 492]
Subround 10
not enough
     Count  Value
270      9    0.9
277      8    0.8
371      8    0.8
313      8    0.8
450      8    0.8
37       8    0.8
463      8    0.8
453      8    0.8
427      8    0.8
339      8    0.8
410      8    0.8
79       8    0.8
207      8    0.8
251      8    0.8
452      8    0.8
492      8    0.8
173      8    0.8
318      8    0.8
152      8    0.8
24       7    0.7
     Count  Value
270      9    0.9
277      8    0.8
371      8    0.8
313      8    0.8
450      8    0.8
37       8    0.8
463      8    0.8
453      8    0.8
427      8    0.8
339      8    0.8
Current: [37, 79, 152, 173, 207, 251, 270, 277, 313, 318, 339, 371, 410, 427, 450, 452, 453, 463, 492]
Subround 11
not enough
     Count     Value
339      9  0.818182
318      9  0.818182
270      9  0.818182
277      9  0.818182
291      8  0.727273
410      8  0.727273
313      8  0.727273
408      8  0.727273
51       8  0.727273
470      8  0.727273
152      8  0.727273
463      8  0.727273
427      8  0.727273
33       8  0.727273
79       8  0.727273
371      8  0.727273
251      8  0.727273
450      8  0.727273
201      8  0.727273
196      8  0.727273
     Count     Value
339      9  0.818182
318      9  0.818182
270      9  0.818182
277      9  0.818182
291      8  0.727273
410      8  0.727273
313      8  0.727273
408      8  0.727273
51       8  0.727273
470      8  0.727273
Current: [33, 37, 51, 79, 152, 173, 196, 201, 207, 251, 270, 277, 291, 306, 313, 318, 339, 371, 408, 410, 427, 450, 452, 453, 463, 470, 492]
Subround 12
not enough
     Count     Value
270     10  0.833333
318     10  0.833333
277     10  0.833333
339     10  0.833333
251      9  0.750000
371      9  0.750000
207      9  0.750000
306      9  0.750000
37       9  0.750000
427      9  0.750000
410      9  0.750000
79       9  0.750000
450      9  0.750000
452      9  0.750000
492      9  0.750000
173      9  0.750000
201      9  0.750000
313      9  0.750000
408      9  0.750000
470      9  0.750000
     Count     Value
270     10  0.833333
318     10  0.833333
277     10  0.833333
339     10  0.833333
251      9  0.750000
371      9  0.750000
207      9  0.750000
306      9  0.750000
37       9  0.750000
427      9  0.750000
Current: [37, 79, 173, 201, 207, 251, 270, 277, 306, 313, 318, 339, 371, 408, 410, 427, 450, 452, 470, 492]
Subround 13
not enough
     Count     Value
339     11  0.846154
470     10  0.769231
313     10  0.769231
318     10  0.769231
277     10  0.769231
270     10  0.769231
380      9  0.692308
463      9  0.692308
201      9  0.692308
306      9  0.692308
371      9  0.692308
408      9  0.692308
237      9  0.692308
410      9  0.692308
399      9  0.692308
251      9  0.692308
453      9  0.692308
443      9  0.692308
33       9  0.692308
37       9  0.692308
     Count     Value
339     11  0.846154
470     10  0.769231
313     10  0.769231
318     10  0.769231
277     10  0.769231
270     10  0.769231
380      9  0.692308
463      9  0.692308
201      9  0.692308
306      9  0.692308
Current: [270, 277, 313, 318, 339, 470]
Subround 14
not enough
     Count     Value
339     12  0.857143
410     10  0.714286
104     10  0.714286
427     10  0.714286
450     10  0.714286
492     10  0.714286
277     10  0.714286
270     10  0.714286
453     10  0.714286
371     10  0.714286
291     10  0.714286
313     10  0.714286
318     10  0.714286
463     10  0.714286
207     10  0.714286
173     10  0.714286
470     10  0.714286
452      9  0.642857
454      9  0.642857
201      9  0.642857
     Count     Value
339     12  0.857143
410     10  0.714286
104     10  0.714286
427     10  0.714286
450     10  0.714286
492     10  0.714286
277     10  0.714286
270     10  0.714286
453     10  0.714286
371     10  0.714286
Current: [104, 173, 207, 270, 277, 291, 313, 318, 339, 371, 410, 427, 450, 453, 463, 470, 492]
Subround 15
not enough
     Count     Value
339     13  0.866667
371     11  0.733333
173     11  0.733333
450     11  0.733333
427     11  0.733333
291     11  0.733333
463     11  0.733333
104     11  0.733333
453     11  0.733333
492     11  0.733333
207     11  0.733333
410     11  0.733333
277     10  0.666667
156     10  0.666667
81      10  0.666667
270     10  0.666667
56      10  0.666667
470     10  0.666667
149     10  0.666667
338     10  0.666667
     Count     Value
339     13  0.866667
371     11  0.733333
173     11  0.733333
450     11  0.733333
427     11  0.733333
291     11  0.733333
463     11  0.733333
104     11  0.733333
453     11  0.733333
492     11  0.733333
Current: [104, 173, 207, 291, 339, 371, 410, 427, 450, 453, 463, 492]
Subround 16
not enough
     Count   Value
339     14  0.8750
463     12  0.7500
207     12  0.7500
291     12  0.7500
104     12  0.7500
453     12  0.7500
371     12  0.7500
84      11  0.6875
277     11  0.6875
346     11  0.6875
270     11  0.6875
470     11  0.6875
429     11  0.6875
100     11  0.6875
410     11  0.6875
149     11  0.6875
156     11  0.6875
36      11  0.6875
387     11  0.6875
450     11  0.6875
     Count   Value
339     14  0.8750
463     12  0.7500
207     12  0.7500
291     12  0.7500
104     12  0.7500
453     12  0.7500
371     12  0.7500
84      11  0.6875
277     11  0.6875
346     11  0.6875
Current: [104, 207, 291, 339, 371, 453, 463]
Subround 17
not enough
     Count     Value
339     15  0.882353
453     13  0.764706
463     13  0.764706
104     13  0.764706
371     13  0.764706
207     13  0.764706
291     13  0.764706
470     12  0.705882
313     12  0.705882
81      12  0.705882
410     12  0.705882
100     12  0.705882
492     12  0.705882
56      12  0.705882
432     12  0.705882
330     12  0.705882
190     12  0.705882
427     12  0.705882
173     12  0.705882
19      12  0.705882
     Count     Value
339     15  0.882353
453     13  0.764706
463     13  0.764706
104     13  0.764706
371     13  0.764706
207     13  0.764706
291     13  0.764706
470     12  0.705882
313     12  0.705882
81      12  0.705882
Current: [19, 51, 56, 81, 100, 104, 149, 173, 190, 207, 291, 313, 330, 339, 371, 410, 427, 432, 453, 463, 470, 492]
Subround 18
not enough
     Count     Value
339     16  0.888889
104     14  0.777778
371     14  0.777778
463     14  0.777778
291     13  0.722222
51      13  0.722222
470     13  0.722222
100     13  0.722222
149     13  0.722222
330     13  0.722222
453     13  0.722222
492     13  0.722222
432     13  0.722222
173     13  0.722222
81      13  0.722222
207     13  0.722222
354     12  0.666667
338     12  0.666667
162     12  0.666667
36      12  0.666667
     Count     Value
339     16  0.888889
104     14  0.777778
371     14  0.777778
463     14  0.777778
291     13  0.722222
51      13  0.722222
470     13  0.722222
100     13  0.722222
149     13  0.722222
330     13  0.722222
Current: [51, 81, 100, 104, 149, 173, 207, 291, 330, 339, 371, 432, 453, 463, 470, 492]
Subround 19
not enough
     Count     Value
339     17  0.894737
463     14  0.736842
104     14  0.736842
453     14  0.736842
51      14  0.736842
371     14  0.736842
81      14  0.736842
330     14  0.736842
470     14  0.736842
100     14  0.736842
251     13  0.684211
281     13  0.684211
432     13  0.684211
435     13  0.684211
138     13  0.684211
355     13  0.684211
270     13  0.684211
122     13  0.684211
208     13  0.684211
242     13  0.684211
     Count     Value
339     17  0.894737
463     14  0.736842
104     14  0.736842
453     14  0.736842
51      14  0.736842
371     14  0.736842
81      14  0.736842
330     14  0.736842
470     14  0.736842
100     14  0.736842
Current: [51, 81, 100, 104, 330, 339, 371, 453, 463, 470]
Subround 20
     Count  Value
339     18   0.90
453     15   0.75
371     15   0.75
463     15   0.75
104     15   0.75
291     14   0.70
470     14   0.70
122     14   0.70
492     14   0.70
207     14   0.70
330     14   0.70
100     14   0.70
138     14   0.70
242     14   0.70
173     14   0.70
81      14   0.70
281     14   0.70
56      14   0.70
51      14   0.70
355     14   0.70
     Count  Value
339     18   0.90
453     15   0.75
371     15   0.75
463     15   0.75
104     15   0.75
291     14   0.70
470     14   0.70
122     14   0.70
492     14   0.70
207     14   0.70
Current: [104, 339, 371, 453, 463]
Round 2
Subround 1
not enough
     Count     Value
339     19  0.904762
463     16  0.761905
371     15  0.714286
104     15  0.714286
453     15  0.714286
56      14  0.666667
291     14  0.666667
173     14  0.666667
122     14  0.666667
492     14  0.666667
207     14  0.666667
138     14  0.666667
81      14  0.666667
355     14  0.666667
330     14  0.666667
242     14  0.666667
100     14  0.666667
470     14  0.666667
281     14  0.666667
51      14  0.666667
     Count  Value
339      1    1.0
211      1    1.0
463      1    1.0
Current: [339]
Subround 2
not enough
     Count     Value
339     20  0.909091
463     17  0.772727
453     16  0.727273
371     15  0.681818
104     15  0.681818
56      14  0.636364
291     14  0.636364
173     14  0.636364
122     14  0.636364
492     14  0.636364
207     14  0.636364
138     14  0.636364
81      14  0.636364
355     14  0.636364
330     14  0.636364
242     14  0.636364
100     14  0.636364
470     14  0.636364
281     14  0.636364
51      14  0.636364
     Count  Value
339      2    1.0
463      2    1.0
211      1    0.5
453      1    0.5
Current: [339]
Subround 3
not enough
     Count     Value
339     21  0.913043
463     18  0.782609
104     16  0.695652
453     16  0.695652
371     15  0.652174
56      14  0.608696
291     14  0.608696
173     14  0.608696
122     14  0.608696
492     14  0.608696
207     14  0.608696
138     14  0.608696
81      14  0.608696
355     14  0.608696
330     14  0.608696
242     14  0.608696
100     14  0.608696
470     14  0.608696
281     14  0.608696
51      14  0.608696
     Count     Value
339      3  1.000000
463      3  1.000000
211      1  0.333333
453      1  0.333333
104      1  0.333333
Current: [339]
Subround 4
not enough
     Count     Value
339     22  0.916667
463     19  0.791667
453     16  0.666667
104     16  0.666667
371     15  0.625000
51      14  0.583333
56      14  0.583333
470     14  0.583333
281     14  0.583333
81      14  0.583333
242     14  0.583333
122     14  0.583333
492     14  0.583333
330     14  0.583333
291     14  0.583333
207     14  0.583333
100     14  0.583333
173     14  0.583333
355     14  0.583333
138     14  0.583333
     Count  Value
339      4   1.00
463      4   1.00
211      2   0.50
453      1   0.25
104      1   0.25
Current: [339]
Subround 5
not enough
     Count  Value
339     23   0.92
463     19   0.76
453     17   0.68
104     16   0.64
371     15   0.60
122     14   0.56
242     14   0.56
81      14   0.56
291     14   0.56
211     14   0.56
492     14   0.56
470     14   0.56
281     14   0.56
56      14   0.56
100     14   0.56
355     14   0.56
330     14   0.56
51      14   0.56
207     14   0.56
173     14   0.56
     Count  Value
339      5    1.0
463      4    0.8
211      3    0.6
453      2    0.4
104      1    0.2
Current: [339]
Subround 6
not enough
     Count     Value
339     24  0.923077
463     19  0.730769
453     18  0.692308
104     16  0.615385
371     15  0.576923
211     15  0.576923
281     14  0.538462
470     14  0.538462
492     14  0.538462
56      14  0.538462
291     14  0.538462
100     14  0.538462
81      14  0.538462
355     14  0.538462
242     14  0.538462
122     14  0.538462
330     14  0.538462
51      14  0.538462
207     14  0.538462
173     14  0.538462
     Count     Value
339      6  1.000000
211      4  0.666667
463      4  0.666667
453      3  0.500000
104      1  0.166667
Current: [339]
Subround 7
not enough
     Count     Value
339     25  0.925926
453     19  0.703704
463     19  0.703704
104     16  0.592593
211     16  0.592593
371     15  0.555556
281     14  0.518519
56      14  0.518519
470     14  0.518519
492     14  0.518519
100     14  0.518519
291     14  0.518519
81      14  0.518519
355     14  0.518519
242     14  0.518519
122     14  0.518519
330     14  0.518519
51      14  0.518519
207     14  0.518519
173     14  0.518519
     Count     Value
339      7  1.000000
211      5  0.714286
463      4  0.571429
453      4  0.571429
104      1  0.142857
Current: [339]
Subround 8
not enough
     Count     Value
339     26  0.928571
453     20  0.714286
463     19  0.678571
104     17  0.607143
211     16  0.571429
371     15  0.535714
281     14  0.500000
56      14  0.500000
470     14  0.500000
492     14  0.500000
100     14  0.500000
291     14  0.500000
81      14  0.500000
355     14  0.500000
242     14  0.500000
122     14  0.500000
330     14  0.500000
51      14  0.500000
207     14  0.500000
173     14  0.500000
     Count  Value
339      8  1.000
211      5  0.625
453      5  0.625
463      4  0.500
104      2  0.250
Current: [339]
Subround 9
not enough
     Count     Value
339     27  0.931034
453     20  0.689655
463     19  0.655172
104     18  0.620690
211     17  0.586207
371     15  0.517241
281     14  0.482759
56      14  0.482759
470     14  0.482759
492     14  0.482759
100     14  0.482759
291     14  0.482759
81      14  0.482759
355     14  0.482759
242     14  0.482759
122     14  0.482759
330     14  0.482759
51      14  0.482759
207     14  0.482759
173     14  0.482759
     Count     Value
339      9  1.000000
211      6  0.666667
453      5  0.555556
463      4  0.444444
104      3  0.333333
Current: [339]
Subround 10
     Count     Value
339     28  0.933333
453     20  0.666667
104     19  0.633333
463     19  0.633333
211     17  0.566667
371     16  0.533333
281     14  0.466667
56      14  0.466667
470     14  0.466667
492     14  0.466667
100     14  0.466667
291     14  0.466667
81      14  0.466667
355     14  0.466667
242     14  0.466667
122     14  0.466667
330     14  0.466667
51      14  0.466667
207     14  0.466667
173     14  0.466667
     Count  Value
339     10    1.0
211      6    0.6
453      5    0.5
463      4    0.4
104      4    0.4
371      1    0.1
Current: [339]
Winning offset:
[339]
2021-09-08 03:37:52.489724
2021-09-08 03:39:30.739360
0:01:38.249636
