Loading page file profiles/lab06/pages/0x2a44b.yaml
Loading page file profiles/lab06/pages/0x2a460.yaml
Loading page file profiles/lab06/pages/0x2a4e3.yaml
Loading page file profiles/lab06/pages/0x2a4e5.yaml
Loading page file profiles/lab06/pages/0x2a800.yaml
Loading page file profiles/lab06/pages/0x2a804.yaml
Loading page file profiles/lab06/pages/0x2a805.yaml
Round 1
Subround 1
not enough
     Count  Value
461      1    1.0
470      1    1.0
360      1    1.0
56       1    1.0
396      1    1.0
476      1    1.0
353      1    1.0
76       1    1.0
191      1    1.0
419      1    1.0
340      1    1.0
200      1    1.0
502      1    1.0
465      1    1.0
292      1    1.0
290      1    1.0
510      1    1.0
363      1    1.0
40       1    1.0
103      1    1.0
     Count  Value
461      1    1.0
470      1    1.0
360      1    1.0
56       1    1.0
396      1    1.0
476      1    1.0
353      1    1.0
76       1    1.0
191      1    1.0
419      1    1.0
Current: [2, 4, 5, 6, 7, 9, 11, 12, 13, 15, 18, 19, 23, 25, 30, 33, 34, 35, 36, 40, 41, 43, 44, 45, 47, 51, 52, 53, 55, 56, 57, 61, 64, 68, 70, 71, 74, 75, 76, 77, 79, 83, 86, 89, 90, 94, 95, 96, 99, 100, 101, 103, 106, 107, 112, 115, 116, 120, 122, 123, 124, 125, 126, 128, 129, 130, 132, 136, 140, 142, 145, 146, 149, 150, 151, 155, 158, 159, 160, 161, 162, 166, 167, 170, 173, 175, 176, 177, 178, 179, 190, 191, 195, 197, 199, 200, 201, 203, 207, 215, 220, 223, 224, 225, 227, 228, 229, 232, 234, 235, 243, 244, 248, 249, 250, 253, 257, 258, 260, 261, 263, 264, 265, 266, 270, 273, 274, 275, 276, 277, 278, 281, 284, 286, 287, 289, 290, 292, 293, 294, 295, 298, 302, 303, 305, 306, 311, 313, 316, 317, 319, 322, 323, 327, 333, 334, 336, 337, 340, 341, 342, 343, 349, 350, 351, 353, 355, 357, 359, 360, 363, 364, 365, 366, 367, 368, 369, 370, 372, 373, 374, 375, 378, 379, 380, 381, 382, 383, 390, 391, 392, 393, 395, 396, 397, 398, 402, 404, 405, 406, 408, 409, 410, 412, 413, 415, 417, 419, 420, 421, 422, 423, 424, 425, 426, 427, 429, 432, 434, 435, 437, 439, 440, 442, 444, 447, 450, 451, 454, 459, 461, 465, 467, 470, 472, 475, 476, 477, 478, 479, 481, 483, 484, 485, 490, 491, 496, 497, 498, 499, 502, 504, 506, 508, 510, 511]
Subround 2
not enough
     Count  Value
461      2    1.0
145      2    1.0
408      2    1.0
34       2    1.0
390      2    1.0
249      2    1.0
286      2    1.0
124      2    1.0
511      2    1.0
383      2    1.0
349      2    1.0
224      2    1.0
378      2    1.0
472      2    1.0
298      2    1.0
9        2    1.0
317      2    1.0
197      2    1.0
360      2    1.0
235      2    1.0
     Count  Value
461      2    1.0
145      2    1.0
408      2    1.0
34       2    1.0
390      2    1.0
249      2    1.0
286      2    1.0
124      2    1.0
511      2    1.0
383      2    1.0
Current: [2, 7, 9, 12, 18, 19, 30, 34, 36, 40, 44, 45, 47, 51, 52, 53, 61, 71, 75, 76, 77, 86, 89, 90, 95, 96, 100, 101, 106, 112, 124, 126, 128, 132, 142, 145, 149, 150, 155, 159, 160, 161, 162, 166, 167, 170, 178, 190, 191, 197, 199, 203, 215, 220, 223, 224, 228, 229, 232, 235, 244, 249, 253, 261, 264, 270, 273, 274, 277, 281, 284, 286, 287, 289, 293, 294, 295, 298, 302, 305, 311, 317, 319, 327, 333, 337, 340, 342, 349, 353, 355, 360, 365, 366, 367, 372, 375, 378, 379, 380, 381, 383, 390, 391, 397, 408, 409, 410, 415, 420, 434, 442, 444, 451, 459, 461, 465, 470, 472, 476, 479, 484, 496, 498, 510, 511]
Subround 3
not enough
     Count  Value
311      3    1.0
51       3    1.0
220      3    1.0
355      3    1.0
444      3    1.0
261      3    1.0
319      3    1.0
132      3    1.0
112      3    1.0
367      3    1.0
375      3    1.0
190      3    1.0
379      3    1.0
409      3    1.0
159      3    1.0
305      3    1.0
162      3    1.0
229      3    1.0
101      3    1.0
7        3    1.0
     Count  Value
311      3    1.0
51       3    1.0
220      3    1.0
355      3    1.0
444      3    1.0
261      3    1.0
319      3    1.0
132      3    1.0
112      3    1.0
367      3    1.0
Current: [7, 9, 19, 34, 47, 51, 76, 95, 96, 101, 112, 132, 142, 155, 159, 160, 162, 170, 178, 190, 203, 220, 229, 261, 264, 281, 286, 289, 302, 305, 311, 319, 342, 353, 355, 366, 367, 372, 375, 379, 390, 409, 415, 434, 444, 459, 465, 472, 476, 510, 511]
Subround 4
not enough
     Count  Value
261      4    1.0
444      4    1.0
51       4    1.0
9        4    1.0
7        4    1.0
132      4    1.0
112      4    1.0
286      4    1.0
375      4    1.0
190      4    1.0
159      4    1.0
302      4    1.0
511      4    1.0
510      4    1.0
342      4    1.0
203      4    1.0
229      4    1.0
353      4    1.0
476      4    1.0
472      4    1.0
     Count  Value
261      4    1.0
444      4    1.0
51       4    1.0
9        4    1.0
7        4    1.0
132      4    1.0
112      4    1.0
286      4    1.0
375      4    1.0
190      4    1.0
Current: [2, 6, 7, 9, 15, 18, 19, 30, 34, 35, 43, 45, 47, 51, 53, 54, 55, 58, 71, 74, 76, 83, 95, 96, 101, 106, 112, 115, 126, 130, 132, 142, 144, 145, 148, 155, 159, 160, 162, 165, 167, 168, 170, 178, 190, 191, 192, 195, 197, 199, 203, 215, 220, 223, 224, 227, 229, 232, 235, 238, 240, 244, 247, 253, 254, 255, 256, 261, 264, 265, 272, 274, 277, 278, 281, 284, 286, 287, 289, 291, 292, 293, 301, 302, 303, 304, 305, 306, 310, 311, 316, 319, 327, 329, 340, 342, 343, 351, 353, 355, 360, 363, 365, 366, 367, 368, 370, 372, 374, 375, 376, 378, 379, 380, 385, 390, 391, 392, 396, 397, 398, 404, 409, 412, 415, 420, 425, 426, 427, 429, 433, 434, 442, 444, 446, 447, 450, 451, 459, 461, 465, 467, 470, 472, 476, 477, 479, 480, 482, 483, 500, 508, 510, 511]
Subround 5
not enough
     Count  Value
101      5    1.0
159      5    1.0
367      4    0.8
170      4    0.8
390      4    0.8
34       4    0.8
132      4    0.8
112      4    0.8
281      4    0.8
375      4    0.8
190      4    0.8
379      4    0.8
155      4    0.8
261      4    0.8
264      4    0.8
434      4    0.8
444      4    0.8
342      4    0.8
355      4    0.8
319      4    0.8
     Count  Value
101      5    1.0
159      5    1.0
367      4    0.8
170      4    0.8
390      4    0.8
34       4    0.8
132      4    0.8
112      4    0.8
281      4    0.8
375      4    0.8
Current: [7, 9, 19, 34, 45, 47, 51, 58, 76, 95, 96, 101, 112, 132, 142, 155, 159, 160, 162, 170, 178, 190, 203, 220, 229, 261, 264, 281, 286, 302, 305, 311, 316, 319, 342, 353, 355, 366, 367, 372, 375, 379, 390, 409, 415, 426, 434, 444, 447, 451, 459, 465, 472, 476, 510, 511]
Subround 6
not enough
     Count     Value
159      6  1.000000
142      5  0.833333
178      5  0.833333
319      5  0.833333
286      5  0.833333
302      5  0.833333
511      5  0.833333
76       5  0.833333
472      5  0.833333
9        5  0.833333
390      5  0.833333
409      5  0.833333
379      5  0.833333
190      5  0.833333
375      5  0.833333
476      5  0.833333
101      5  0.833333
465      5  0.833333
132      5  0.833333
415      5  0.833333
     Count     Value
159      6  1.000000
142      5  0.833333
178      5  0.833333
319      5  0.833333
286      5  0.833333
302      5  0.833333
511      5  0.833333
76       5  0.833333
472      5  0.833333
9        5  0.833333
Current: [7, 9, 47, 51, 76, 101, 132, 142, 159, 160, 178, 190, 220, 261, 286, 302, 319, 366, 367, 375, 379, 390, 409, 415, 465, 472, 476, 511]
Subround 7
not enough
     Count     Value
159      7  1.000000
375      6  0.857143
465      6  0.857143
7        6  0.857143
302      6  0.857143
409      6  0.857143
472      6  0.857143
367      6  0.857143
261      6  0.857143
76       6  0.857143
142      6  0.857143
132      6  0.857143
476      6  0.857143
286      6  0.857143
190      6  0.857143
379      6  0.857143
511      6  0.857143
178      6  0.857143
9        6  0.857143
51       6  0.857143
     Count     Value
159      7  1.000000
375      6  0.857143
465      6  0.857143
7        6  0.857143
302      6  0.857143
409      6  0.857143
472      6  0.857143
367      6  0.857143
261      6  0.857143
76       6  0.857143
Current: [6, 7, 9, 18, 27, 30, 35, 36, 41, 44, 47, 49, 51, 55, 56, 74, 76, 77, 79, 83, 84, 94, 100, 101, 106, 120, 128, 130, 132, 136, 142, 144, 148, 159, 160, 167, 168, 178, 190, 191, 195, 202, 218, 220, 222, 227, 232, 234, 238, 240, 243, 247, 248, 253, 257, 261, 265, 270, 272, 273, 274, 275, 286, 289, 290, 295, 298, 302, 303, 306, 317, 319, 323, 327, 329, 333, 337, 339, 343, 355, 357, 360, 363, 365, 366, 367, 368, 370, 375, 376, 379, 385, 390, 393, 396, 397, 405, 409, 410, 412, 414, 415, 423, 427, 429, 439, 454, 458, 459, 461, 464, 465, 467, 471, 472, 476, 477, 494, 496, 498, 500, 504, 508, 511]
Subround 8
not enough
     Count  Value
286      7  0.875
159      7  0.875
132      7  0.875
160      7  0.875
261      7  0.875
47       7  0.875
379      7  0.875
367      7  0.875
178      7  0.875
472      7  0.875
415      7  0.875
142      7  0.875
9        7  0.875
409      7  0.875
51       7  0.875
397      6  0.750
370      6  0.750
393      6  0.750
218      6  0.750
461      6  0.750
     Count  Value
286      7  0.875
159      7  0.875
132      7  0.875
160      7  0.875
261      7  0.875
47       7  0.875
379      7  0.875
367      7  0.875
178      7  0.875
472      7  0.875
Current: [7, 9, 18, 27, 41, 44, 47, 51, 55, 74, 76, 77, 83, 94, 101, 120, 128, 132, 142, 148, 159, 160, 167, 178, 190, 191, 195, 202, 218, 220, 227, 238, 240, 243, 253, 257, 261, 270, 273, 275, 286, 290, 298, 302, 303, 306, 319, 327, 329, 355, 363, 365, 366, 367, 368, 370, 375, 379, 385, 390, 393, 396, 397, 405, 409, 415, 423, 427, 458, 461, 464, 465, 471, 472, 476, 494, 500, 511]
Subround 9
not enough
     Count     Value
47       8  0.888889
261      8  0.888889
159      8  0.888889
142      8  0.888889
409      8  0.888889
9        8  0.888889
51       8  0.888889
286      8  0.888889
160      8  0.888889
367      8  0.888889
379      8  0.888889
390      7  0.777778
83       7  0.777778
273      7  0.777778
472      7  0.777778
220      7  0.777778
396      7  0.777778
191      7  0.777778
465      7  0.777778
363      7  0.777778
     Count     Value
47       8  0.888889
261      8  0.888889
159      8  0.888889
142      8  0.888889
409      8  0.888889
9        8  0.888889
51       8  0.888889
286      8  0.888889
160      8  0.888889
367      8  0.888889
Current: [7, 9, 18, 41, 44, 47, 51, 55, 77, 83, 101, 120, 132, 142, 148, 159, 160, 167, 178, 190, 191, 202, 218, 220, 238, 240, 253, 257, 261, 273, 286, 303, 306, 327, 329, 363, 366, 367, 379, 385, 390, 396, 397, 409, 415, 423, 458, 461, 464, 465, 471, 472, 494]
Subround 10
not enough
     Count  Value
367      9    0.9
160      9    0.9
286      9    0.9
142      9    0.9
261      9    0.9
397      8    0.8
167      8    0.8
159      8    0.8
202      8    0.8
379      8    0.8
423      8    0.8
240      8    0.8
464      8    0.8
120      8    0.8
273      8    0.8
83       8    0.8
494      8    0.8
329      8    0.8
385      8    0.8
327      8    0.8
     Count  Value
367      9    0.9
160      9    0.9
286      9    0.9
142      9    0.9
261      9    0.9
397      8    0.8
167      8    0.8
159      8    0.8
202      8    0.8
379      8    0.8
Current: [7, 9, 41, 44, 47, 51, 83, 101, 120, 142, 159, 160, 167, 191, 202, 240, 257, 261, 273, 286, 306, 327, 329, 366, 367, 379, 385, 390, 397, 409, 415, 423, 461, 464, 494]
Subround 11
not enough
     Count     Value
160     10  0.909091
329      9  0.818182
379      9  0.818182
159      9  0.818182
367      9  0.818182
101      9  0.818182
41       9  0.818182
397      9  0.818182
167      9  0.818182
461      9  0.818182
51       9  0.818182
142      9  0.818182
423      9  0.818182
9        9  0.818182
273      9  0.818182
286      9  0.818182
390      9  0.818182
120      9  0.818182
261      9  0.818182
494      9  0.818182
     Count     Value
160     10  0.909091
329      9  0.818182
379      9  0.818182
159      9  0.818182
367      9  0.818182
101      9  0.818182
41       9  0.818182
397      9  0.818182
167      9  0.818182
461      9  0.818182
Current: [7, 9, 18, 29, 35, 41, 44, 47, 51, 55, 64, 77, 83, 101, 120, 132, 133, 136, 142, 143, 148, 159, 160, 167, 178, 190, 191, 202, 238, 240, 253, 257, 261, 270, 273, 286, 297, 298, 303, 306, 327, 329, 355, 357, 366, 367, 379, 385, 390, 396, 397, 409, 415, 423, 458, 461, 464, 465, 471, 472, 494, 496, 509]
Subround 12
not enough
     Count     Value
461     10  0.833333
160     10  0.833333
261     10  0.833333
390     10  0.833333
9       10  0.833333
51      10  0.833333
47      10  0.833333
367     10  0.833333
415     10  0.833333
101     10  0.833333
379     10  0.833333
41      10  0.833333
297      9  0.750000
190      9  0.750000
273      9  0.750000
240      9  0.750000
423      9  0.750000
159      9  0.750000
385      9  0.750000
355      9  0.750000
     Count     Value
461     10  0.833333
160     10  0.833333
261     10  0.833333
390     10  0.833333
9       10  0.833333
51      10  0.833333
47      10  0.833333
367     10  0.833333
415     10  0.833333
101     10  0.833333
Current: [7, 9, 18, 41, 47, 51, 77, 83, 101, 120, 133, 142, 159, 160, 167, 178, 190, 240, 253, 257, 261, 270, 273, 286, 297, 306, 327, 329, 355, 367, 379, 385, 390, 397, 415, 423, 458, 461, 465, 472, 494, 509]
Subround 13
not enough
     Count     Value
415     11  0.846154
101     11  0.846154
41      11  0.846154
390     11  0.846154
379     11  0.846154
461     10  0.769231
83      10  0.769231
261     10  0.769231
367     10  0.769231
327     10  0.769231
306     10  0.769231
257     10  0.769231
159     10  0.769231
190     10  0.769231
133     10  0.769231
18      10  0.769231
509     10  0.769231
167     10  0.769231
355     10  0.769231
385     10  0.769231
     Count     Value
415     11  0.846154
101     11  0.846154
41      11  0.846154
390     11  0.846154
379     11  0.846154
461     10  0.769231
83      10  0.769231
261     10  0.769231
367     10  0.769231
327     10  0.769231
Current: [9, 18, 41, 47, 51, 77, 83, 101, 133, 159, 160, 167, 190, 240, 253, 257, 261, 270, 306, 327, 355, 367, 379, 385, 390, 415, 458, 461, 509]
Subround 14
not enough
     Count     Value
379     12  0.857143
390     12  0.857143
41      12  0.857143
190     11  0.785714
77      11  0.785714
306     11  0.785714
355     11  0.785714
160     11  0.785714
83      11  0.785714
159     11  0.785714
367     11  0.785714
101     11  0.785714
18      11  0.785714
9       11  0.785714
47      11  0.785714
415     11  0.785714
458     11  0.785714
240     10  0.714286
286     10  0.714286
247     10  0.714286
     Count     Value
379     12  0.857143
390     12  0.857143
41      12  0.857143
190     11  0.785714
77      11  0.785714
306     11  0.785714
355     11  0.785714
160     11  0.785714
83      11  0.785714
159     11  0.785714
Current: [9, 18, 41, 47, 51, 54, 77, 83, 94, 101, 130, 133, 138, 142, 148, 159, 160, 167, 172, 190, 227, 240, 246, 247, 253, 257, 261, 270, 275, 286, 306, 327, 329, 336, 339, 355, 367, 379, 385, 390, 397, 402, 409, 414, 415, 423, 458, 461, 464, 465, 472, 494, 508, 509]
Subround 15
not enough
     Count     Value
160     12  0.800000
18      12  0.800000
379     12  0.800000
41      12  0.800000
159     12  0.800000
367     12  0.800000
415     12  0.800000
390     12  0.800000
47      12  0.800000
101     11  0.733333
461     11  0.733333
247     11  0.733333
54      11  0.733333
336     11  0.733333
355     11  0.733333
509     11  0.733333
133     11  0.733333
402     11  0.733333
227     11  0.733333
83      11  0.733333
     Count     Value
160     12  0.800000
18      12  0.800000
379     12  0.800000
41      12  0.800000
159     12  0.800000
367     12  0.800000
415     12  0.800000
390     12  0.800000
47      12  0.800000
101     11  0.733333
Current: [9, 18, 41, 47, 51, 54, 77, 83, 101, 133, 142, 159, 160, 172, 190, 227, 240, 247, 253, 257, 261, 306, 336, 339, 355, 367, 379, 390, 402, 409, 414, 415, 458, 461, 494, 508, 509]
Subround 16
not enough
     Count   Value
41      13  0.8125
415     13  0.8125
379     13  0.8125
367     13  0.8125
160     13  0.8125
18      12  0.7500
402     12  0.7500
508     12  0.7500
257     12  0.7500
83      12  0.7500
227     12  0.7500
458     12  0.7500
339     12  0.7500
261     12  0.7500
172     12  0.7500
253     12  0.7500
390     12  0.7500
355     12  0.7500
54      12  0.7500
47      12  0.7500
     Count   Value
41      13  0.8125
415     13  0.8125
379     13  0.8125
367     13  0.8125
160     13  0.8125
18      12  0.7500
402     12  0.7500
508     12  0.7500
257     12  0.7500
83      12  0.7500
Current: [18, 41, 47, 54, 83, 133, 142, 159, 160, 172, 190, 227, 253, 257, 261, 336, 339, 355, 367, 379, 390, 402, 415, 458, 494, 508]
Subround 17
not enough
     Count     Value
160     14  0.823529
367     14  0.823529
415     14  0.823529
41      14  0.823529
379     14  0.823529
257     13  0.764706
508     13  0.764706
336     13  0.764706
18      13  0.764706
190     13  0.764706
402     13  0.764706
172     13  0.764706
142     13  0.764706
355     13  0.764706
261     13  0.764706
227     13  0.764706
83      13  0.764706
339     13  0.764706
133     13  0.764706
54      13  0.764706
     Count     Value
160     14  0.823529
367     14  0.823529
415     14  0.823529
41      14  0.823529
379     14  0.823529
257     13  0.764706
508     13  0.764706
336     13  0.764706
18      13  0.764706
190     13  0.764706
Current: [9, 18, 41, 47, 54, 77, 83, 94, 96, 120, 133, 142, 148, 159, 160, 167, 172, 181, 190, 202, 227, 232, 243, 246, 253, 257, 261, 275, 286, 293, 327, 336, 339, 354, 355, 367, 370, 379, 390, 393, 397, 402, 415, 429, 458, 461, 464, 465, 494, 508, 510]
Subround 18
not enough
     Count     Value
367     15  0.833333
160     15  0.833333
379     15  0.833333
508     14  0.777778
355     14  0.777778
415     14  0.777778
172     14  0.777778
133     14  0.777778
336     14  0.777778
458     14  0.777778
18      14  0.777778
402     14  0.777778
41      14  0.777778
494     14  0.777778
253     14  0.777778
227     14  0.777778
370     13  0.722222
54      13  0.722222
461     13  0.722222
190     13  0.722222
     Count     Value
367     15  0.833333
160     15  0.833333
379     15  0.833333
508     14  0.777778
355     14  0.777778
415     14  0.777778
172     14  0.777778
133     14  0.777778
336     14  0.777778
458     14  0.777778
Current: [18, 41, 54, 77, 83, 133, 142, 159, 160, 167, 172, 181, 190, 227, 253, 257, 261, 275, 286, 293, 336, 339, 355, 367, 370, 379, 397, 402, 415, 429, 458, 461, 464, 465, 494, 508]
Subround 19
not enough
     Count     Value
367     15  0.789474
41      15  0.789474
415     15  0.789474
379     15  0.789474
160     15  0.789474
461     14  0.736842
257     14  0.736842
336     14  0.736842
18      14  0.736842
190     14  0.736842
133     14  0.736842
142     14  0.736842
339     14  0.736842
275     14  0.736842
355     14  0.736842
261     14  0.736842
227     14  0.736842
83      14  0.736842
508     14  0.736842
402     14  0.736842
     Count     Value
367     15  0.789474
41      15  0.789474
415     15  0.789474
379     15  0.789474
160     15  0.789474
461     14  0.736842
257     14  0.736842
336     14  0.736842
18      14  0.736842
190     14  0.736842
Current: [18, 41, 54, 83, 133, 142, 160, 172, 190, 227, 253, 257, 261, 275, 336, 339, 355, 367, 379, 402, 415, 458, 461, 494, 508]
Subround 20
     Count  Value
160     16   0.80
415     16   0.80
41      16   0.80
461     15   0.75
339     15   0.75
367     15   0.75
261     15   0.75
142     15   0.75
458     15   0.75
379     15   0.75
18      15   0.75
336     15   0.75
508     15   0.75
253     15   0.75
83      15   0.75
393     14   0.70
181     14   0.70
159     14   0.70
402     14   0.70
96      14   0.70
     Count  Value
160     16   0.80
415     16   0.80
41      16   0.80
461     15   0.75
339     15   0.75
367     15   0.75
261     15   0.75
142     15   0.75
458     15   0.75
379     15   0.75
Current: [18, 41, 83, 142, 160, 253, 261, 336, 339, 367, 379, 415, 458, 461, 508]
Round 2
Subround 1
not enough
     Count     Value
461     16  0.761905
253     16  0.761905
160     16  0.761905
261     16  0.761905
41      16  0.761905
379     16  0.761905
508     16  0.761905
339     16  0.761905
458     16  0.761905
415     16  0.761905
336     15  0.714286
367     15  0.714286
142     15  0.714286
83      15  0.714286
18      15  0.714286
232     14  0.666667
172     14  0.666667
402     14  0.666667
257     14  0.666667
494     14  0.666667
     Count  Value
339      1    1.0
470      1    1.0
458      1    1.0
253      1    1.0
461      1    1.0
508      1    1.0
379      1    1.0
261      1    1.0
no winner, not enough
Current: []
Subround 2
not enough
     Count     Value
461     17  0.772727
415     17  0.772727
458     17  0.772727
339     17  0.772727
379     17  0.772727
261     17  0.772727
160     16  0.727273
83      16  0.727273
253     16  0.727273
508     16  0.727273
41      16  0.727273
142     15  0.681818
367     15  0.681818
336     15  0.681818
18      15  0.681818
190     14  0.636364
159     14  0.636364
355     14  0.636364
120     14  0.636364
133     14  0.636364
     Count  Value
339      2    1.0
470      2    1.0
458      2    1.0
461      2    1.0
379      2    1.0
261      2    1.0
253      1    0.5
508      1    0.5
415      1    0.5
83       1    0.5
no winner, not enough
Current: []
Subround 3
not enough
     Count     Value
461     18  0.782609
458     18  0.782609
339     18  0.782609
379     18  0.782609
415     17  0.739130
83      17  0.739130
261     17  0.739130
508     17  0.739130
160     16  0.695652
367     16  0.695652
142     16  0.695652
253     16  0.695652
41      16  0.695652
336     15  0.652174
18      15  0.652174
190     14  0.608696
159     14  0.608696
355     14  0.608696
120     14  0.608696
133     14  0.608696
     Count     Value
339      3  1.000000
458      3  1.000000
461      3  1.000000
379      3  1.000000
470      2  0.666667
508      2  0.666667
261      2  0.666667
83       2  0.666667
253      1  0.333333
415      1  0.333333
no winner, not enough
Current: []
Subround 4
not enough
     Count     Value
461     19  0.791667
339     19  0.791667
379     19  0.791667
415     18  0.750000
458     18  0.750000
261     18  0.750000
367     17  0.708333
83      17  0.708333
253     17  0.708333
508     17  0.708333
142     16  0.666667
160     16  0.666667
336     16  0.666667
41      16  0.666667
18      15  0.625000
190     14  0.583333
159     14  0.583333
355     14  0.583333
120     14  0.583333
133     14  0.583333
     Count  Value
339      4   1.00
461      4   1.00
379      4   1.00
458      3   0.75
261      3   0.75
470      2   0.50
253      2   0.50
508      2   0.50
415      2   0.50
83       2   0.50
no winner, not enough
Current: []
Subround 5
not enough
     Count  Value
339     20   0.80
379     20   0.80
461     19   0.76
415     19   0.76
261     19   0.76
367     18   0.72
83      18   0.72
253     18   0.72
458     18   0.72
508     17   0.68
336     17   0.68
142     16   0.64
160     16   0.64
41      16   0.64
18      15   0.60
190     14   0.56
120     14   0.56
159     14   0.56
355     14   0.56
133     14   0.56
     Count  Value
339      5    1.0
379      5    1.0
461      4    0.8
261      4    0.8
458      3    0.6
253      3    0.6
415      3    0.6
83       3    0.6
367      3    0.6
470      2    0.4
Current: [339, 379]
Subround 6
not enough
     Count     Value
339     21  0.807692
379     21  0.807692
461     20  0.769231
415     19  0.730769
458     19  0.730769
367     19  0.730769
261     19  0.730769
83      18  0.692308
253     18  0.692308
336     17  0.653846
508     17  0.653846
41      17  0.653846
160     16  0.615385
142     16  0.615385
18      16  0.615385
190     14  0.538462
159     14  0.538462
355     14  0.538462
120     14  0.538462
133     14  0.538462
     Count     Value
339      6  1.000000
379      6  1.000000
461      5  0.833333
458      4  0.666667
261      4  0.666667
367      4  0.666667
470      3  0.500000
253      3  0.500000
415      3  0.500000
83       3  0.500000
Current: [339, 379]
Subround 7
not enough
     Count     Value
379     22  0.814815
339     21  0.777778
461     20  0.740741
415     20  0.740741
458     20  0.740741
261     20  0.740741
367     19  0.703704
83      18  0.666667
253     18  0.666667
508     18  0.666667
160     17  0.629630
336     17  0.629630
41      17  0.629630
18      17  0.629630
142     16  0.592593
190     14  0.518519
159     14  0.518519
355     14  0.518519
120     14  0.518519
133     14  0.518519
     Count     Value
379      7  1.000000
339      6  0.857143
458      5  0.714286
461      5  0.714286
261      5  0.714286
470      4  0.571429
415      4  0.571429
367      4  0.571429
253      3  0.428571
508      3  0.428571
Current: [379]
Subround 8
not enough
     Count     Value
339     22  0.785714
379     22  0.785714
458     21  0.750000
461     20  0.714286
415     20  0.714286
367     20  0.714286
261     20  0.714286
253     19  0.678571
508     19  0.678571
160     18  0.642857
83      18  0.642857
41      18  0.642857
18      18  0.642857
336     17  0.607143
142     16  0.571429
190     14  0.500000
159     14  0.500000
355     14  0.500000
120     14  0.500000
133     14  0.500000
     Count  Value
339      7  0.875
379      7  0.875
458      6  0.750
461      5  0.625
261      5  0.625
367      5  0.625
470      4  0.500
253      4  0.500
508      4  0.500
415      4  0.500
Current: [339, 379]
Subround 9
not enough
     Count     Value
339     23  0.793103
379     23  0.793103
261     21  0.724138
415     21  0.724138
458     21  0.724138
367     20  0.689655
461     20  0.689655
83      19  0.655172
253     19  0.655172
508     19  0.655172
160     18  0.620690
336     18  0.620690
41      18  0.620690
18      18  0.620690
142     17  0.586207
159     14  0.482759
133     14  0.482759
355     14  0.482759
190     14  0.482759
470     14  0.482759
     Count     Value
339      8  0.888889
379      8  0.888889
458      6  0.666667
261      6  0.666667
470      5  0.555556
461      5  0.555556
415      5  0.555556
367      5  0.555556
253      4  0.444444
508      4  0.444444
Current: [339, 379]
Subround 10
     Count     Value
379     24  0.800000
339     23  0.766667
458     22  0.733333
461     21  0.700000
415     21  0.700000
261     21  0.700000
367     20  0.666667
253     20  0.666667
83      19  0.633333
508     19  0.633333
41      19  0.633333
18      19  0.633333
142     18  0.600000
160     18  0.600000
336     18  0.600000
470     15  0.500000
159     14  0.466667
133     14  0.466667
355     14  0.466667
190     14  0.466667
     Count  Value
379      9    0.9
339      8    0.8
458      7    0.7
470      6    0.6
461      6    0.6
261      6    0.6
253      5    0.5
415      5    0.5
367      5    0.5
508      4    0.4
Current: [379]
Winning offset:
[379]
2021-09-08 03:45:06.393438
2021-09-08 03:46:44.735385
0:01:38.341947
