Loading page file profiles/lab06/pages/0x2a44b.yaml
Loading page file profiles/lab06/pages/0x2a460.yaml
Loading page file profiles/lab06/pages/0x2a4e3.yaml
Loading page file profiles/lab06/pages/0x2a4e5.yaml
Loading page file profiles/lab06/pages/0x2a800.yaml
Loading page file profiles/lab06/pages/0x2a804.yaml
Loading page file profiles/lab06/pages/0x2a805.yaml
Round 1
Subround 1
not enough
     Count  Value
159      1    1.0
291      1    1.0
457      1    1.0
90       1    1.0
504      1    1.0
128      1    1.0
487      1    1.0
197      1    1.0
290      1    1.0
238      1    1.0
147      1    1.0
84       1    1.0
219      1    1.0
59       1    1.0
247      1    1.0
225      1    1.0
423      1    1.0
50       1    1.0
24       1    1.0
205      1    1.0
     Count  Value
159      1    1.0
291      1    1.0
457      1    1.0
90       1    1.0
504      1    1.0
128      1    1.0
487      1    1.0
197      1    1.0
290      1    1.0
238      1    1.0
Current: [0, 2, 3, 5, 6, 7, 8, 11, 12, 13, 14, 16, 19, 21, 23, 24, 25, 29, 36, 37, 38, 42, 49, 50, 51, 54, 57, 59, 60, 63, 64, 65, 67, 68, 69, 71, 78, 79, 80, 84, 85, 86, 88, 89, 90, 91, 93, 94, 95, 99, 105, 107, 110, 113, 116, 120, 121, 122, 123, 125, 126, 128, 135, 138, 142, 143, 146, 147, 148, 150, 153, 154, 156, 157, 159, 162, 163, 164, 165, 172, 174, 176, 177, 178, 179, 180, 182, 183, 184, 185, 190, 192, 197, 199, 201, 203, 205, 206, 207, 208, 212, 213, 215, 217, 218, 219, 220, 221, 223, 225, 226, 227, 228, 234, 238, 239, 241, 243, 245, 246, 247, 248, 254, 256, 258, 260, 262, 264, 266, 271, 273, 276, 278, 279, 280, 282, 283, 285, 287, 288, 290, 291, 294, 302, 303, 304, 306, 307, 309, 313, 316, 317, 318, 319, 321, 325, 328, 331, 334, 336, 337, 338, 339, 343, 344, 346, 349, 350, 352, 353, 354, 357, 359, 360, 361, 362, 365, 367, 368, 369, 370, 372, 374, 378, 380, 381, 384, 388, 390, 394, 395, 396, 397, 398, 400, 402, 403, 405, 407, 408, 409, 410, 411, 412, 415, 418, 419, 421, 422, 423, 425, 426, 427, 428, 433, 435, 436, 438, 439, 440, 441, 443, 448, 449, 450, 451, 452, 453, 454, 455, 456, 457, 459, 460, 461, 463, 469, 472, 473, 474, 477, 478, 479, 481, 482, 484, 487, 491, 496, 497, 499, 501, 504, 506, 508, 509]
Subround 2
not enough
     Count  Value
159      2    1.0
120      2    1.0
478      2    1.0
411      2    1.0
85       2    1.0
180      2    1.0
78       2    1.0
374      2    1.0
428      2    1.0
496      2    1.0
336      2    1.0
427      2    1.0
71       2    1.0
331      2    1.0
262      2    1.0
457      2    1.0
90       2    1.0
128      2    1.0
487      2    1.0
110      2    1.0
     Count  Value
159      2    1.0
120      2    1.0
478      2    1.0
411      2    1.0
85       2    1.0
180      2    1.0
78       2    1.0
374      2    1.0
428      2    1.0
496      2    1.0
Current: [2, 3, 6, 8, 12, 13, 16, 24, 25, 38, 42, 50, 51, 57, 59, 63, 64, 67, 68, 71, 78, 84, 85, 90, 91, 93, 99, 107, 110, 120, 121, 122, 123, 125, 126, 128, 138, 147, 148, 150, 153, 156, 159, 172, 174, 178, 179, 180, 184, 190, 197, 199, 203, 205, 206, 215, 217, 219, 220, 221, 223, 225, 227, 243, 248, 256, 258, 262, 264, 266, 271, 273, 276, 280, 283, 288, 302, 309, 313, 316, 318, 319, 321, 325, 328, 331, 336, 339, 343, 344, 352, 353, 362, 367, 370, 372, 374, 378, 381, 388, 390, 397, 400, 403, 405, 408, 409, 411, 415, 418, 423, 426, 427, 428, 433, 436, 439, 443, 451, 453, 457, 459, 460, 461, 463, 473, 478, 487, 496, 509]
Subround 3
not enough
     Count  Value
68       3    1.0
266      3    1.0
221      3    1.0
220      3    1.0
42       3    1.0
411      3    1.0
283      3    1.0
107      3    1.0
174      3    1.0
223      3    1.0
25       3    1.0
427      3    1.0
374      3    1.0
403      3    1.0
428      3    1.0
126      3    1.0
496      3    1.0
273      3    1.0
400      3    1.0
418      3    1.0
     Count  Value
68       3    1.0
266      3    1.0
221      3    1.0
220      3    1.0
42       3    1.0
411      3    1.0
283      3    1.0
107      3    1.0
174      3    1.0
223      3    1.0
Current: [2, 3, 8, 12, 25, 38, 42, 50, 51, 57, 59, 64, 67, 68, 71, 93, 107, 110, 120, 122, 125, 126, 138, 148, 150, 156, 174, 178, 197, 203, 205, 206, 219, 220, 221, 223, 227, 243, 248, 256, 258, 264, 266, 271, 273, 283, 302, 309, 318, 321, 325, 328, 331, 336, 339, 343, 362, 372, 374, 378, 390, 400, 403, 409, 411, 418, 426, 427, 428, 439, 443, 451, 457, 461, 463, 487, 496]
Subround 4
not enough
     Count  Value
266      4    1.0
138      4    1.0
411      4    1.0
256      4    1.0
64       4    1.0
248      4    1.0
302      4    1.0
378      4    1.0
2        4    1.0
443      4    1.0
339      4    1.0
50       4    1.0
243      4    1.0
93       4    1.0
418      4    1.0
126      4    1.0
67       4    1.0
428      4    1.0
463      4    1.0
461      4    1.0
     Count  Value
266      4    1.0
138      4    1.0
411      4    1.0
256      4    1.0
64       4    1.0
248      4    1.0
302      4    1.0
378      4    1.0
2        4    1.0
443      4    1.0
Current: [2, 3, 8, 12, 13, 14, 20, 25, 26, 27, 30, 34, 36, 38, 42, 45, 47, 50, 51, 57, 59, 64, 67, 68, 69, 71, 78, 83, 84, 86, 88, 89, 90, 91, 93, 94, 99, 102, 107, 110, 111, 120, 122, 123, 125, 126, 137, 138, 147, 148, 150, 153, 156, 159, 172, 174, 175, 178, 192, 194, 197, 199, 202, 203, 205, 206, 210, 219, 220, 221, 223, 226, 227, 229, 241, 243, 246, 247, 248, 254, 256, 258, 259, 262, 263, 264, 266, 271, 272, 273, 275, 280, 283, 286, 288, 289, 297, 302, 305, 309, 313, 318, 320, 321, 323, 324, 325, 326, 328, 330, 331, 334, 336, 339, 340, 343, 353, 354, 355, 360, 362, 364, 367, 368, 372, 374, 377, 378, 384, 390, 393, 395, 397, 400, 403, 405, 409, 410, 411, 414, 418, 420, 421, 423, 425, 426, 427, 428, 430, 433, 434, 439, 443, 451, 453, 456, 457, 459, 460, 461, 463, 473, 478, 481, 482, 484, 487, 490, 492, 496, 499, 501, 509]
Subround 5
not enough
     Count  Value
339      5    1.0
50       5    1.0
411      5    1.0
258      5    1.0
309      5    1.0
148      5    1.0
197      5    1.0
3        5    1.0
343      5    1.0
451      5    1.0
59       5    1.0
443      5    1.0
120      5    1.0
206      5    1.0
67       5    1.0
248      5    1.0
42       5    1.0
256      5    1.0
93       5    1.0
397      4    0.8
     Count  Value
339      5    1.0
50       5    1.0
411      5    1.0
258      5    1.0
309      5    1.0
148      5    1.0
197      5    1.0
3        5    1.0
343      5    1.0
451      5    1.0
Current: [2, 3, 8, 20, 25, 27, 30, 34, 38, 42, 50, 59, 64, 67, 84, 86, 88, 90, 91, 93, 102, 110, 120, 122, 123, 125, 126, 138, 147, 148, 153, 156, 159, 175, 178, 194, 197, 202, 205, 206, 210, 219, 220, 227, 229, 241, 243, 246, 248, 254, 256, 258, 259, 263, 264, 266, 271, 272, 273, 280, 289, 297, 302, 305, 309, 318, 321, 323, 326, 328, 330, 331, 336, 339, 343, 354, 360, 362, 364, 367, 372, 378, 395, 397, 400, 405, 409, 410, 411, 414, 418, 420, 421, 425, 426, 428, 430, 434, 439, 443, 451, 456, 457, 459, 461, 463, 473, 481, 487, 490]
Subround 6
not enough
     Count     Value
339      6  1.000000
120      6  1.000000
343      6  1.000000
50       6  1.000000
256      6  1.000000
197      6  1.000000
206      6  1.000000
309      6  1.000000
443      6  1.000000
67       6  1.000000
271      5  0.833333
321      5  0.833333
459      5  0.833333
243      5  0.833333
148      5  0.833333
272      5  0.833333
326      5  0.833333
138      5  0.833333
258      5  0.833333
248      5  0.833333
     Count  Value
339      6    1.0
120      6    1.0
343      6    1.0
50       6    1.0
256      6    1.0
197      6    1.0
206      6    1.0
309      6    1.0
443      6    1.0
67       6    1.0
Current: [2, 3, 8, 27, 34, 38, 42, 50, 59, 64, 67, 84, 86, 88, 90, 93, 120, 122, 125, 126, 138, 148, 175, 197, 206, 220, 241, 243, 248, 256, 258, 263, 266, 271, 272, 273, 280, 302, 305, 309, 321, 326, 328, 330, 331, 336, 339, 343, 364, 395, 397, 405, 409, 411, 414, 430, 443, 451, 459, 463, 473, 487]
Subround 7
not enough
     Count     Value
67       7  1.000000
339      7  1.000000
443      7  1.000000
120      6  0.857143
451      6  0.857143
248      6  0.857143
256      6  0.857143
50       6  0.857143
309      6  0.857143
258      6  0.857143
59       6  0.857143
473      6  0.857143
197      6  0.857143
42       6  0.857143
93       6  0.857143
411      6  0.857143
305      6  0.857143
125      6  0.857143
328      6  0.857143
343      6  0.857143
     Count     Value
67       7  1.000000
339      7  1.000000
443      7  1.000000
120      6  0.857143
451      6  0.857143
248      6  0.857143
256      6  0.857143
50       6  0.857143
309      6  0.857143
258      6  0.857143
Current: [2, 3, 8, 20, 25, 27, 30, 34, 37, 38, 42, 50, 59, 64, 67, 84, 86, 88, 90, 91, 93, 102, 110, 120, 122, 123, 125, 126, 138, 143, 147, 148, 153, 156, 159, 175, 194, 197, 202, 205, 206, 210, 219, 220, 221, 227, 233, 241, 243, 246, 248, 254, 256, 258, 259, 262, 263, 264, 266, 271, 272, 273, 280, 289, 297, 302, 305, 309, 318, 321, 323, 326, 328, 330, 331, 336, 339, 343, 355, 362, 364, 367, 372, 378, 384, 395, 397, 400, 402, 405, 409, 411, 414, 418, 420, 421, 425, 426, 428, 430, 443, 451, 456, 457, 459, 461, 463, 473, 481, 487, 490, 505, 509]
Subround 8
not enough
     Count  Value
67       8  1.000
443      8  1.000
339      8  1.000
120      7  0.875
206      7  0.875
256      7  0.875
263      7  0.875
451      7  0.875
473      7  0.875
258      7  0.875
3        7  0.875
197      7  0.875
309      7  0.875
411      7  0.875
50       7  0.875
328      7  0.875
395      6  0.750
93       6  0.750
126      6  0.750
233      6  0.750
     Count  Value
67       8  1.000
443      8  1.000
339      8  1.000
120      7  0.875
206      7  0.875
256      7  0.875
263      7  0.875
451      7  0.875
473      7  0.875
258      7  0.875
Current: [3, 8, 20, 25, 42, 50, 59, 67, 84, 88, 91, 93, 120, 123, 125, 126, 147, 148, 153, 156, 175, 194, 197, 205, 206, 219, 220, 227, 233, 246, 248, 256, 258, 263, 264, 280, 297, 302, 305, 309, 318, 323, 328, 330, 336, 339, 343, 364, 367, 372, 384, 395, 397, 409, 411, 414, 421, 425, 428, 430, 443, 451, 457, 473, 490, 505]
Subround 9
not enough
     Count     Value
339      9  1.000000
256      8  0.888889
120      8  0.888889
67       8  0.888889
443      8  0.888889
309      8  0.888889
302      7  0.777778
220      7  0.777778
147      7  0.777778
42       7  0.777778
197      7  0.777778
473      7  0.777778
263      7  0.777778
8        7  0.777778
88       7  0.777778
50       7  0.777778
153      7  0.777778
428      7  0.777778
3        7  0.777778
258      7  0.777778
     Count     Value
339      9  1.000000
256      8  0.888889
120      8  0.888889
67       8  0.888889
443      8  0.888889
309      8  0.888889
302      7  0.777778
220      7  0.777778
147      7  0.777778
42       7  0.777778
Current: [3, 8, 42, 50, 59, 67, 88, 93, 120, 125, 147, 153, 197, 205, 206, 220, 227, 248, 256, 258, 263, 302, 305, 309, 328, 339, 343, 411, 428, 430, 443, 451, 473]
Subround 10
not enough
     Count  Value
67       9    0.9
339      9    0.9
120      9    0.9
256      9    0.9
305      8    0.8
343      8    0.8
309      8    0.8
443      8    0.8
473      8    0.8
8        8    0.8
302      8    0.8
147      8    0.8
451      8    0.8
42       8    0.8
227      8    0.8
88       8    0.8
258      8    0.8
248      8    0.8
125      8    0.8
272      7    0.7
     Count  Value
67       9    0.9
339      9    0.9
120      9    0.9
256      9    0.9
305      8    0.8
343      8    0.8
309      8    0.8
443      8    0.8
473      8    0.8
8        8    0.8
Current: [8, 42, 67, 88, 120, 125, 147, 227, 248, 256, 258, 302, 305, 309, 339, 343, 443, 451, 473]
Subround 11
not enough
     Count     Value
339     10  0.909091
120     10  0.909091
256     10  0.909091
42       9  0.818182
473      9  0.818182
258      9  0.818182
125      9  0.818182
343      9  0.818182
451      9  0.818182
305      9  0.818182
227      9  0.818182
248      9  0.818182
88       9  0.818182
67       9  0.818182
272      8  0.727273
185      8  0.727273
241      8  0.727273
156      8  0.727273
159      8  0.727273
8        8  0.727273
     Count     Value
339     10  0.909091
120     10  0.909091
256     10  0.909091
42       9  0.818182
473      9  0.818182
258      9  0.818182
125      9  0.818182
343      9  0.818182
451      9  0.818182
305      9  0.818182
Current: [1, 2, 8, 20, 27, 37, 42, 67, 88, 91, 120, 123, 125, 147, 148, 156, 159, 185, 192, 194, 197, 227, 241, 248, 256, 258, 261, 262, 272, 286, 302, 305, 309, 321, 330, 336, 339, 343, 355, 367, 372, 378, 395, 397, 409, 420, 443, 451, 457, 473, 481, 484, 509]
Subround 12
not enough
     Count     Value
339     11  0.916667
256     10  0.833333
42      10  0.833333
248     10  0.833333
88      10  0.833333
120     10  0.833333
258     10  0.833333
286      9  0.750000
397      9  0.750000
473      9  0.750000
194      9  0.750000
484      9  0.750000
27       9  0.750000
343      9  0.750000
395      9  0.750000
192      9  0.750000
443      9  0.750000
8        9  0.750000
302      9  0.750000
20       9  0.750000
     Count     Value
339     11  0.916667
256     10  0.833333
42      10  0.833333
248     10  0.833333
88      10  0.833333
120     10  0.833333
258     10  0.833333
286      9  0.750000
397      9  0.750000
473      9  0.750000
Current: [1, 2, 8, 20, 27, 42, 67, 88, 120, 123, 125, 192, 194, 227, 248, 256, 258, 262, 286, 302, 305, 330, 336, 339, 343, 372, 378, 395, 397, 443, 451, 457, 473, 481, 484]
Subround 13
not enough
     Count     Value
339     12  0.923077
120     11  0.846154
258     11  0.846154
256     11  0.846154
451     10  0.769231
443     10  0.769231
8       10  0.769231
123     10  0.769231
2       10  0.769231
42      10  0.769231
305     10  0.769231
88      10  0.769231
395     10  0.769231
336     10  0.769231
473     10  0.769231
343     10  0.769231
227     10  0.769231
67      10  0.769231
248     10  0.769231
125      9  0.692308
     Count     Value
339     12  0.923077
120     11  0.846154
258     11  0.846154
256     11  0.846154
451     10  0.769231
443     10  0.769231
8       10  0.769231
123     10  0.769231
2       10  0.769231
42      10  0.769231
Current: [2, 8, 42, 67, 88, 120, 123, 227, 248, 256, 258, 305, 336, 339, 343, 395, 443, 451, 473]
Subround 14
not enough
     Count     Value
339     13  0.928571
256     12  0.857143
120     11  0.785714
305     11  0.785714
343     11  0.785714
258     11  0.785714
88      11  0.785714
336     11  0.785714
248     11  0.785714
2       11  0.785714
42      11  0.785714
443     11  0.785714
473     10  0.714286
205     10  0.714286
1       10  0.714286
272     10  0.714286
286     10  0.714286
20      10  0.714286
395     10  0.714286
484     10  0.714286
     Count     Value
339     13  0.928571
256     12  0.857143
120     11  0.785714
305     11  0.785714
343     11  0.785714
258     11  0.785714
88      11  0.785714
336     11  0.785714
248     11  0.785714
2       11  0.785714
Current: [1, 2, 3, 8, 20, 42, 67, 88, 120, 123, 148, 192, 194, 197, 205, 206, 220, 227, 248, 254, 256, 258, 262, 272, 286, 305, 309, 330, 336, 339, 343, 366, 372, 395, 443, 451, 457, 473, 481, 484, 509]
Subround 15
not enough
     Count     Value
339     14  0.933333
256     12  0.800000
258     12  0.800000
120     12  0.800000
88      12  0.800000
227     11  0.733333
336     11  0.733333
8       11  0.733333
473     11  0.733333
395     11  0.733333
443     11  0.733333
451     11  0.733333
1       11  0.733333
2       11  0.733333
248     11  0.733333
123     11  0.733333
67      11  0.733333
343     11  0.733333
42      11  0.733333
305     11  0.733333
     Count     Value
339     14  0.933333
256     12  0.800000
258     12  0.800000
120     12  0.800000
88      12  0.800000
227     11  0.733333
336     11  0.733333
8       11  0.733333
473     11  0.733333
395     11  0.733333
Current: [1, 2, 8, 42, 67, 88, 120, 123, 227, 248, 256, 258, 305, 336, 339, 343, 395, 443, 451, 473]
Subround 16
not enough
     Count   Value
339     14  0.8750
88      13  0.8125
256     13  0.8125
258     13  0.8125
120     13  0.8125
395     12  0.7500
343     12  0.7500
123     12  0.7500
1       12  0.7500
473     12  0.7500
336     12  0.7500
2       12  0.7500
220     11  0.6875
194     11  0.6875
283     11  0.6875
309     11  0.6875
90      11  0.6875
324     11  0.6875
302     11  0.6875
8       11  0.6875
     Count   Value
339     14  0.8750
88      13  0.8125
256     13  0.8125
258     13  0.8125
120     13  0.8125
395     12  0.7500
343     12  0.7500
123     12  0.7500
1       12  0.7500
473     12  0.7500
Current: [1, 2, 88, 120, 123, 256, 258, 336, 339, 343, 395, 473]
Subround 17
not enough
     Count     Value
339     15  0.882353
256     14  0.823529
120     14  0.823529
258     14  0.823529
343     13  0.764706
88      13  0.764706
473     13  0.764706
123     13  0.764706
336     13  0.764706
395     13  0.764706
2       13  0.764706
283     12  0.705882
309     12  0.705882
324     12  0.705882
143     12  0.705882
8       12  0.705882
355     12  0.705882
272     12  0.705882
330     12  0.705882
153     12  0.705882
     Count     Value
339     15  0.882353
256     14  0.823529
120     14  0.823529
258     14  0.823529
343     13  0.764706
88      13  0.764706
473     13  0.764706
123     13  0.764706
336     13  0.764706
395     13  0.764706
Current: [1, 2, 8, 88, 90, 120, 123, 125, 143, 147, 153, 186, 205, 206, 254, 256, 258, 272, 283, 309, 324, 330, 336, 339, 343, 355, 372, 395, 451, 473]
Subround 18
not enough
     Count     Value
339     16  0.888889
258     15  0.833333
120     15  0.833333
336     14  0.777778
395     14  0.777778
88      14  0.777778
343     14  0.777778
256     14  0.777778
123     13  0.722222
355     13  0.722222
153     13  0.722222
324     13  0.722222
309     13  0.722222
125     13  0.722222
8       13  0.722222
473     13  0.722222
2       13  0.722222
205     13  0.722222
330     13  0.722222
1       13  0.722222
     Count     Value
339     16  0.888889
258     15  0.833333
120     15  0.833333
336     14  0.777778
395     14  0.777778
88      14  0.777778
343     14  0.777778
256     14  0.777778
123     13  0.722222
355     13  0.722222
Current: [1, 2, 8, 88, 120, 123, 125, 153, 205, 256, 258, 309, 324, 330, 336, 339, 343, 355, 395, 473]
Subround 19
not enough
     Count     Value
339     16  0.842105
120     15  0.789474
88      15  0.789474
258     15  0.789474
395     14  0.736842
8       14  0.736842
1       14  0.736842
324     14  0.736842
256     14  0.736842
123     14  0.736842
336     14  0.736842
343     14  0.736842
473     13  0.684211
205     13  0.684211
355     13  0.684211
186     13  0.684211
272     13  0.684211
2       13  0.684211
147     13  0.684211
330     13  0.684211
     Count     Value
339     16  0.842105
120     15  0.789474
88      15  0.789474
258     15  0.789474
395     14  0.736842
8       14  0.736842
1       14  0.736842
324     14  0.736842
256     14  0.736842
123     14  0.736842
Current: [1, 8, 88, 120, 123, 256, 258, 324, 336, 339, 343, 395]
Subround 20
     Count  Value
339     17   0.85
120     15   0.75
258     15   0.75
256     15   0.75
123     15   0.75
1       15   0.75
88      15   0.75
343     15   0.75
324     15   0.75
336     15   0.75
309     14   0.70
283     14   0.70
153     14   0.70
147     14   0.70
272     14   0.70
8       14   0.70
248     14   0.70
451     14   0.70
186     14   0.70
395     14   0.70
     Count  Value
339     17   0.85
120     15   0.75
258     15   0.75
256     15   0.75
123     15   0.75
1       15   0.75
88      15   0.75
343     15   0.75
324     15   0.75
336     15   0.75
Current: [1, 88, 120, 123, 256, 258, 324, 336, 339, 343]
Round 2
Subround 1
not enough
     Count     Value
339     18  0.857143
120     16  0.761905
123     16  0.761905
1       16  0.761905
343     16  0.761905
324     15  0.714286
258     15  0.714286
256     15  0.714286
88      15  0.714286
336     15  0.714286
395     14  0.666667
330     14  0.666667
186     14  0.666667
451     14  0.666667
248     14  0.666667
8       14  0.666667
272     14  0.666667
153     14  0.666667
283     14  0.666667
309     14  0.666667
     Count  Value
120      1    1.0
123      1    1.0
1        1    1.0
339      1    1.0
343      1    1.0
Current: [339]
Subround 2
not enough
     Count     Value
339     19  0.863636
1       17  0.772727
343     17  0.772727
324     16  0.727273
258     16  0.727273
120     16  0.727273
123     16  0.727273
88      15  0.681818
336     15  0.681818
256     15  0.681818
330     14  0.636364
186     14  0.636364
451     14  0.636364
248     14  0.636364
395     14  0.636364
8       14  0.636364
153     14  0.636364
283     14  0.636364
309     14  0.636364
147     14  0.636364
     Count  Value
1        2    1.0
339      2    1.0
343      2    1.0
120      1    0.5
123      1    0.5
324      1    0.5
258      1    0.5
Current: [339]
Subround 3
not enough
     Count     Value
339     20  0.869565
120     17  0.739130
123     17  0.739130
1       17  0.739130
343     17  0.739130
324     16  0.695652
258     16  0.695652
88      16  0.695652
336     16  0.695652
256     15  0.652174
395     14  0.608696
330     14  0.608696
186     14  0.608696
451     14  0.608696
248     14  0.608696
8       14  0.608696
272     14  0.608696
153     14  0.608696
283     14  0.608696
309     14  0.608696
     Count     Value
339      3  1.000000
120      2  0.666667
123      2  0.666667
1        2  0.666667
343      2  0.666667
324      1  0.333333
258      1  0.333333
88       1  0.333333
336      1  0.333333
Current: [339]
Subround 4
not enough
     Count     Value
339     21  0.875000
1       18  0.750000
120     18  0.750000
324     17  0.708333
123     17  0.708333
343     17  0.708333
336     17  0.708333
258     16  0.666667
88      16  0.666667
256     15  0.625000
272     14  0.583333
330     14  0.583333
186     14  0.583333
451     14  0.583333
248     14  0.583333
395     14  0.583333
147     14  0.583333
8       14  0.583333
153     14  0.583333
283     14  0.583333
     Count  Value
339      4   1.00
120      3   0.75
1        3   0.75
123      2   0.50
343      2   0.50
324      2   0.50
336      2   0.50
258      1   0.25
88       1   0.25
Current: [339]
Subround 5
not enough
     Count  Value
339     22   0.88
120     18   0.72
1       18   0.72
343     18   0.72
336     17   0.68
258     17   0.68
123     17   0.68
88      17   0.68
324     17   0.68
256     16   0.64
8       14   0.56
330     14   0.56
186     14   0.56
451     14   0.56
248     14   0.56
206     14   0.56
395     14   0.56
153     14   0.56
283     14   0.56
309     14   0.56
     Count  Value
339      5    1.0
120      3    0.6
1        3    0.6
343      3    0.6
123      2    0.4
324      2    0.4
258      2    0.4
88       2    0.4
336      2    0.4
256      1    0.2
Current: [339]
Subround 6
not enough
     Count     Value
339     23  0.884615
343     19  0.730769
88      18  0.692308
120     18  0.692308
258     18  0.692308
123     18  0.692308
1       18  0.692308
336     17  0.653846
324     17  0.653846
256     16  0.615385
309     14  0.538462
283     14  0.538462
153     14  0.538462
147     14  0.538462
395     14  0.538462
8       14  0.538462
272     14  0.538462
248     14  0.538462
451     14  0.538462
186     14  0.538462
     Count     Value
339      6  1.000000
343      4  0.666667
120      3  0.500000
123      3  0.500000
1        3  0.500000
258      3  0.500000
88       3  0.500000
324      2  0.333333
336      2  0.333333
256      1  0.166667
Current: [339]
Subround 7
not enough
     Count     Value
339     24  0.888889
120     19  0.703704
258     19  0.703704
1       19  0.703704
343     19  0.703704
324     18  0.666667
88      18  0.666667
123     18  0.666667
336     17  0.629630
256     16  0.592593
395     14  0.518519
330     14  0.518519
186     14  0.518519
451     14  0.518519
248     14  0.518519
8       14  0.518519
272     14  0.518519
153     14  0.518519
283     14  0.518519
309     14  0.518519
     Count     Value
339      7  1.000000
120      4  0.571429
1        4  0.571429
343      4  0.571429
258      4  0.571429
123      3  0.428571
324      3  0.428571
88       3  0.428571
336      2  0.285714
256      1  0.142857
Current: [339]
Subround 8
not enough
     Count     Value
339     24  0.857143
120     20  0.714286
258     20  0.714286
1       20  0.714286
123     19  0.678571
343     19  0.678571
336     18  0.642857
324     18  0.642857
88      18  0.642857
256     16  0.571429
272     14  0.500000
395     14  0.500000
330     14  0.500000
186     14  0.500000
451     14  0.500000
248     14  0.500000
206     14  0.500000
147     14  0.500000
8       14  0.500000
153     14  0.500000
     Count  Value
339      7  0.875
120      5  0.625
1        5  0.625
258      5  0.625
123      4  0.500
343      4  0.500
324      3  0.375
88       3  0.375
336      3  0.375
256      1  0.125
Current: [339]
Subround 9
not enough
     Count     Value
339     25  0.862069
1       21  0.724138
120     20  0.689655
258     20  0.689655
123     19  0.655172
88      19  0.655172
343     19  0.655172
336     19  0.655172
324     18  0.620690
256     17  0.586207
147     14  0.482759
395     14  0.482759
330     14  0.482759
186     14  0.482759
451     14  0.482759
248     14  0.482759
206     14  0.482759
309     14  0.482759
8       14  0.482759
272     14  0.482759
     Count     Value
339      8  0.888889
1        6  0.666667
120      5  0.555556
258      5  0.555556
123      4  0.444444
343      4  0.444444
88       4  0.444444
336      4  0.444444
324      3  0.333333
256      2  0.222222
Current: [339]
Subround 10
     Count     Value
339     25  0.833333
120     21  0.700000
258     21  0.700000
1       21  0.700000
123     20  0.666667
88      20  0.666667
343     19  0.633333
336     19  0.633333
256     18  0.600000
324     18  0.600000
147     14  0.466667
395     14  0.466667
330     14  0.466667
186     14  0.466667
451     14  0.466667
248     14  0.466667
206     14  0.466667
309     14  0.466667
8       14  0.466667
272     14  0.466667
     Count  Value
339      8    0.8
120      6    0.6
1        6    0.6
258      6    0.6
123      5    0.5
88       5    0.5
343      4    0.4
336      4    0.4
324      3    0.3
256      3    0.3
Current: [339]
Winning offset:
[339]
2021-09-08 03:46:46.623948
2021-09-08 03:48:24.951360
0:01:38.327412
