Loading page file profiles/lab06/pages/0x2a44b.yaml
Loading page file profiles/lab06/pages/0x2a460.yaml
Loading page file profiles/lab06/pages/0x2a4e3.yaml
Loading page file profiles/lab06/pages/0x2a4e5.yaml
Loading page file profiles/lab06/pages/0x2a800.yaml
Loading page file profiles/lab06/pages/0x2a804.yaml
Loading page file profiles/lab06/pages/0x2a805.yaml
Round 1
Subround 1
not enough
     Count  Value
432      1    1.0
251      1    1.0
283      1    1.0
4        1    1.0
40       1    1.0
404      1    1.0
426      1    1.0
6        1    1.0
499      1    1.0
30       1    1.0
137      1    1.0
510      1    1.0
323      1    1.0
298      1    1.0
154      1    1.0
253      1    1.0
388      1    1.0
284      1    1.0
204      1    1.0
349      1    1.0
     Count  Value
432      1    1.0
251      1    1.0
283      1    1.0
4        1    1.0
40       1    1.0
404      1    1.0
426      1    1.0
6        1    1.0
499      1    1.0
30       1    1.0
Current: [0, 1, 3, 4, 5, 6, 8, 9, 11, 14, 17, 18, 20, 21, 23, 27, 28, 29, 30, 35, 36, 39, 40, 43, 44, 46, 47, 50, 53, 54, 59, 61, 62, 64, 66, 67, 68, 69, 71, 73, 76, 80, 82, 86, 89, 92, 95, 99, 101, 102, 104, 107, 108, 109, 111, 112, 113, 117, 118, 119, 121, 123, 127, 128, 130, 131, 132, 133, 134, 137, 139, 143, 144, 148, 149, 151, 152, 154, 156, 157, 160, 161, 163, 164, 169, 171, 172, 173, 174, 176, 178, 180, 182, 183, 189, 191, 195, 196, 197, 199, 204, 206, 207, 210, 211, 212, 213, 214, 220, 221, 222, 223, 226, 228, 229, 237, 239, 244, 247, 248, 249, 251, 253, 254, 256, 260, 263, 264, 265, 266, 267, 272, 273, 275, 276, 277, 280, 282, 283, 284, 285, 286, 288, 289, 290, 291, 292, 293, 294, 296, 298, 299, 301, 302, 304, 305, 306, 307, 308, 311, 315, 317, 318, 320, 321, 322, 323, 324, 325, 327, 334, 340, 341, 344, 345, 347, 348, 349, 354, 355, 357, 358, 367, 368, 369, 371, 372, 373, 374, 375, 379, 380, 382, 383, 384, 386, 387, 388, 389, 391, 392, 394, 395, 398, 400, 402, 404, 405, 407, 411, 413, 415, 423, 424, 426, 430, 432, 441, 442, 443, 446, 448, 449, 450, 457, 458, 460, 462, 464, 465, 467, 469, 470, 471, 473, 474, 475, 476, 477, 479, 481, 482, 485, 486, 487, 491, 492, 496, 497, 499, 500, 501, 503, 506, 508, 510]
Subround 2
not enough
     Count  Value
180      2    1.0
108      2    1.0
211      2    1.0
128      2    1.0
293      2    1.0
473      2    1.0
291      2    1.0
27       2    1.0
39       2    1.0
139      2    1.0
104      2    1.0
476      2    1.0
288      2    1.0
244      2    1.0
18       2    1.0
430      2    1.0
263      2    1.0
237      2    1.0
348      2    1.0
107      2    1.0
     Count  Value
180      2    1.0
108      2    1.0
211      2    1.0
128      2    1.0
293      2    1.0
473      2    1.0
291      2    1.0
27       2    1.0
39       2    1.0
139      2    1.0
Current: [0, 4, 5, 6, 9, 11, 14, 18, 20, 21, 23, 27, 28, 30, 35, 36, 39, 40, 43, 50, 53, 54, 61, 64, 68, 73, 76, 82, 89, 95, 102, 104, 107, 108, 118, 119, 128, 134, 139, 143, 149, 151, 152, 160, 164, 169, 172, 176, 178, 180, 182, 183, 191, 195, 196, 199, 206, 207, 211, 212, 229, 237, 239, 244, 248, 253, 254, 260, 263, 264, 265, 273, 276, 277, 282, 283, 285, 288, 289, 291, 293, 299, 301, 304, 307, 308, 311, 315, 322, 334, 340, 348, 357, 367, 371, 372, 374, 379, 382, 384, 387, 388, 391, 394, 405, 407, 411, 423, 424, 430, 441, 442, 446, 457, 458, 465, 470, 471, 473, 475, 476, 479, 482, 487, 500, 508]
Subround 3
not enough
     Count  Value
253      3    1.0
27       3    1.0
430      3    1.0
391      3    1.0
206      3    1.0
411      3    1.0
95       3    1.0
382      3    1.0
108      3    1.0
211      3    1.0
407      3    1.0
311      3    1.0
476      3    1.0
288      3    1.0
76       3    1.0
263      3    1.0
487      3    1.0
372      3    1.0
61       3    1.0
371      3    1.0
     Count  Value
253      3    1.0
27       3    1.0
430      3    1.0
391      3    1.0
206      3    1.0
411      3    1.0
95       3    1.0
382      3    1.0
108      3    1.0
211      3    1.0
Current: [0, 6, 20, 21, 27, 36, 40, 61, 64, 68, 76, 89, 95, 108, 118, 149, 151, 160, 164, 169, 180, 195, 196, 206, 207, 211, 212, 244, 248, 253, 263, 285, 288, 293, 311, 315, 334, 357, 371, 372, 374, 382, 387, 391, 394, 407, 411, 430, 446, 465, 476, 487]
Subround 4
not enough
     Count  Value
391      4    1.0
315      4    1.0
160      4    1.0
374      4    1.0
446      4    1.0
263      4    1.0
21       4    1.0
465      4    1.0
40       4    1.0
293      4    1.0
6        4    1.0
164      4    1.0
311      4    1.0
212      4    1.0
372      4    1.0
61       4    1.0
244      4    1.0
20       4    1.0
357      4    1.0
108      4    1.0
     Count  Value
391      4    1.0
315      4    1.0
160      4    1.0
374      4    1.0
446      4    1.0
263      4    1.0
21       4    1.0
465      4    1.0
40       4    1.0
293      4    1.0
Current: [0, 3, 4, 6, 8, 14, 18, 20, 21, 23, 27, 30, 34, 36, 39, 40, 43, 47, 52, 59, 61, 64, 68, 74, 76, 79, 89, 95, 102, 108, 112, 118, 131, 134, 139, 140, 143, 148, 149, 150, 151, 154, 156, 157, 160, 164, 169, 180, 183, 189, 191, 195, 196, 202, 204, 206, 207, 208, 211, 212, 217, 223, 228, 232, 237, 241, 244, 246, 247, 248, 249, 253, 255, 262, 263, 264, 265, 267, 272, 273, 274, 282, 283, 285, 288, 292, 293, 295, 299, 304, 307, 309, 311, 312, 315, 317, 318, 319, 322, 323, 324, 325, 332, 334, 336, 337, 341, 345, 348, 349, 350, 357, 358, 367, 371, 372, 373, 374, 376, 380, 382, 383, 384, 385, 387, 391, 392, 394, 398, 400, 402, 405, 407, 411, 413, 418, 422, 423, 426, 430, 431, 442, 443, 445, 446, 447, 457, 458, 465, 466, 469, 470, 471, 472, 473, 475, 476, 482, 487, 493, 497, 500, 502, 510]
Subround 5
not enough
     Count  Value
151      5    1.0
160      5    1.0
387      5    1.0
211      5    1.0
336      4    0.8
273      4    0.8
411      4    0.8
164      4    0.8
382      4    0.8
118      4    0.8
112      4    0.8
108      4    0.8
293      4    0.8
39       4    0.8
180      4    0.8
207      4    0.8
430      4    0.8
391      4    0.8
288      4    0.8
263      4    0.8
     Count  Value
151      5    1.0
160      5    1.0
387      5    1.0
211      5    1.0
336      4    0.8
273      4    0.8
411      4    0.8
164      4    0.8
382      4    0.8
118      4    0.8
Current: [0, 3, 6, 8, 18, 20, 21, 23, 36, 39, 40, 43, 61, 68, 76, 89, 95, 108, 112, 118, 140, 149, 151, 154, 160, 164, 169, 180, 183, 195, 196, 204, 207, 211, 212, 217, 244, 246, 248, 253, 255, 262, 263, 273, 283, 288, 293, 304, 307, 311, 312, 315, 318, 324, 334, 336, 341, 349, 357, 358, 371, 372, 374, 382, 383, 384, 387, 391, 394, 405, 407, 411, 418, 430, 446, 447, 457, 458, 465, 466, 470, 487, 500, 502]
Subround 6
not enough
     Count     Value
160      6  1.000000
465      5  0.833333
0        5  0.833333
405      5  0.833333
470      5  0.833333
315      5  0.833333
447      5  0.833333
39       5  0.833333
293      5  0.833333
118      5  0.833333
394      5  0.833333
255      5  0.833333
140      5  0.833333
248      5  0.833333
288      5  0.833333
374      5  0.833333
384      5  0.833333
371      5  0.833333
21       5  0.833333
283      5  0.833333
     Count     Value
160      6  1.000000
465      5  0.833333
0        5  0.833333
405      5  0.833333
470      5  0.833333
315      5  0.833333
447      5  0.833333
39       5  0.833333
293      5  0.833333
118      5  0.833333
Current: [0, 3, 6, 20, 21, 36, 39, 40, 61, 76, 89, 108, 112, 118, 140, 149, 151, 160, 169, 196, 204, 211, 248, 255, 262, 283, 288, 293, 304, 315, 334, 349, 358, 371, 372, 374, 382, 384, 387, 391, 394, 405, 430, 447, 465, 470, 487, 502]
Subround 7
not enough
     Count     Value
160      7  1.000000
315      6  0.857143
387      6  0.857143
384      6  0.857143
3        6  0.857143
371      6  0.857143
502      6  0.857143
36       6  0.857143
262      6  0.857143
118      6  0.857143
394      6  0.857143
21       6  0.857143
40       6  0.857143
112      5  0.714286
286      5  0.714286
139      5  0.714286
382      5  0.714286
108      5  0.714286
211      5  0.714286
293      5  0.714286
     Count     Value
160      7  1.000000
315      6  0.857143
387      6  0.857143
384      6  0.857143
3        6  0.857143
371      6  0.857143
502      6  0.857143
36       6  0.857143
262      6  0.857143
118      6  0.857143
Current: [0, 3, 6, 20, 21, 23, 36, 39, 40, 43, 61, 64, 68, 70, 74, 76, 79, 89, 95, 108, 112, 118, 137, 139, 140, 144, 149, 151, 154, 160, 161, 162, 164, 169, 173, 174, 179, 180, 183, 195, 196, 204, 207, 211, 217, 228, 244, 246, 248, 253, 255, 262, 263, 272, 273, 283, 286, 288, 293, 295, 301, 304, 307, 311, 315, 318, 322, 324, 334, 336, 348, 349, 357, 358, 367, 368, 371, 372, 374, 382, 383, 384, 387, 391, 394, 405, 407, 410, 411, 430, 435, 438, 446, 447, 449, 458, 462, 465, 470, 479, 487, 488, 500, 502]
Subround 8
not enough
     Count  Value
160      8  1.000
118      7  0.875
384      7  0.875
36       7  0.875
21       7  0.875
262      7  0.875
3        6  0.750
180      6  0.750
430      6  0.750
318      6  0.750
173      6  0.750
95       6  0.750
462      6  0.750
246      6  0.750
367      6  0.750
164      6  0.750
407      6  0.750
372      6  0.750
76       6  0.750
371      6  0.750
     Count  Value
160      8  1.000
118      7  0.875
384      7  0.875
36       7  0.875
21       7  0.875
262      7  0.875
3        6  0.750
180      6  0.750
430      6  0.750
318      6  0.750
Current: [0, 3, 21, 36, 40, 43, 70, 76, 79, 95, 108, 118, 140, 144, 151, 160, 162, 164, 169, 173, 180, 195, 211, 244, 246, 248, 262, 283, 286, 301, 304, 315, 318, 322, 324, 357, 358, 367, 371, 372, 382, 384, 387, 394, 407, 411, 430, 435, 446, 447, 449, 462, 465, 502]
Subround 9
not enough
     Count     Value
160      9  1.000000
21       8  0.888889
384      8  0.888889
262      8  0.888889
36       8  0.888889
118      8  0.888889
173      7  0.777778
70       7  0.777778
372      7  0.777778
0        7  0.777778
162      7  0.777778
446      7  0.777778
357      7  0.777778
462      7  0.777778
246      7  0.777778
447      7  0.777778
322      7  0.777778
95       7  0.777778
411      7  0.777778
211      7  0.777778
     Count     Value
160      9  1.000000
21       8  0.888889
384      8  0.888889
262      8  0.888889
36       8  0.888889
118      8  0.888889
173      7  0.777778
70       7  0.777778
372      7  0.777778
0        7  0.777778
Current: [0, 21, 36, 43, 70, 76, 79, 95, 108, 118, 140, 144, 151, 160, 162, 164, 169, 173, 195, 211, 244, 246, 248, 262, 283, 286, 301, 322, 324, 357, 358, 367, 372, 384, 407, 411, 430, 435, 446, 447, 449, 462]
Subround 10
not enough
     Count  Value
36       9    0.9
384      9    0.9
160      9    0.9
118      9    0.9
283      8    0.8
0        8    0.8
95       8    0.8
244      8    0.8
21       8    0.8
173      8    0.8
372      8    0.8
324      8    0.8
76       8    0.8
367      8    0.8
248      8    0.8
162      8    0.8
446      8    0.8
108      8    0.8
262      8    0.8
407      8    0.8
     Count  Value
36       9    0.9
384      9    0.9
160      9    0.9
118      9    0.9
283      8    0.8
0        8    0.8
95       8    0.8
244      8    0.8
21       8    0.8
173      8    0.8
Current: [0, 21, 36, 76, 95, 108, 118, 160, 162, 173, 244, 248, 262, 283, 324, 367, 372, 384, 407, 446]
Subround 11
not enough
     Count     Value
160     10  0.909091
0        9  0.818182
36       9  0.818182
244      9  0.818182
76       9  0.818182
262      9  0.818182
407      9  0.818182
446      9  0.818182
108      9  0.818182
118      9  0.818182
384      9  0.818182
372      9  0.818182
115      8  0.727273
320      8  0.727273
70       8  0.727273
381      8  0.727273
156      8  0.727273
462      8  0.727273
153      8  0.727273
276      8  0.727273
     Count     Value
160     10  0.909091
0        9  0.818182
36       9  0.818182
244      9  0.818182
76       9  0.818182
262      9  0.818182
407      9  0.818182
446      9  0.818182
108      9  0.818182
118      9  0.818182
Current: [0, 21, 28, 36, 43, 70, 76, 79, 95, 108, 115, 117, 118, 119, 140, 150, 153, 156, 160, 162, 173, 189, 211, 244, 246, 248, 256, 262, 276, 283, 286, 297, 304, 320, 324, 358, 367, 372, 381, 384, 390, 407, 446, 447, 462]
Subround 12
not enough
     Count     Value
160     11  0.916667
76      10  0.833333
446     10  0.833333
384     10  0.833333
407     10  0.833333
246      9  0.750000
140      9  0.750000
21       9  0.750000
0        9  0.750000
115      9  0.750000
156      9  0.750000
117      9  0.750000
108      9  0.750000
367      9  0.750000
70       9  0.750000
36       9  0.750000
256      9  0.750000
162      9  0.750000
262      9  0.750000
390      9  0.750000
     Count     Value
160     11  0.916667
76      10  0.833333
446     10  0.833333
384     10  0.833333
407     10  0.833333
246      9  0.750000
140      9  0.750000
21       9  0.750000
0        9  0.750000
115      9  0.750000
Current: [0, 21, 28, 36, 43, 70, 76, 95, 108, 115, 117, 118, 140, 150, 156, 160, 162, 244, 246, 248, 256, 262, 286, 297, 324, 367, 372, 384, 390, 407, 446]
Subround 13
not enough
     Count     Value
160     12  0.923077
76      11  0.846154
446     11  0.846154
384     11  0.846154
407     11  0.846154
21      10  0.769231
140     10  0.769231
43      10  0.769231
150     10  0.769231
162     10  0.769231
390     10  0.769231
286     10  0.769231
95      10  0.769231
115     10  0.769231
297     10  0.769231
256     10  0.769231
248     10  0.769231
262     10  0.769231
36      10  0.769231
70      10  0.769231
     Count     Value
160     12  0.923077
76      11  0.846154
446     11  0.846154
384     11  0.846154
407     11  0.846154
21      10  0.769231
140     10  0.769231
43      10  0.769231
150     10  0.769231
162     10  0.769231
Current: [21, 28, 36, 43, 70, 76, 95, 115, 117, 140, 150, 160, 162, 246, 248, 256, 262, 286, 297, 367, 384, 390, 407, 446]
Subround 14
not enough
     Count     Value
407     12  0.857143
160     12  0.857143
384     12  0.857143
446     12  0.857143
162     11  0.785714
36      11  0.785714
367     11  0.785714
286     11  0.785714
76      11  0.785714
297     11  0.785714
248     11  0.785714
117     11  0.785714
70      11  0.785714
21      11  0.785714
140     11  0.785714
256     11  0.785714
244     10  0.714286
456     10  0.714286
43      10  0.714286
381     10  0.714286
     Count     Value
407     12  0.857143
160     12  0.857143
384     12  0.857143
446     12  0.857143
162     11  0.785714
36      11  0.785714
367     11  0.785714
286     11  0.785714
76      11  0.785714
297     11  0.785714
Current: [3, 15, 20, 21, 28, 36, 37, 43, 66, 70, 76, 78, 95, 110, 115, 117, 118, 140, 144, 150, 151, 160, 162, 169, 172, 180, 191, 241, 244, 246, 248, 256, 262, 270, 286, 297, 311, 317, 339, 367, 381, 384, 390, 407, 411, 443, 446, 449, 456]
Subround 15
not enough
     Count     Value
446     13  0.866667
384     13  0.866667
407     13  0.866667
256     12  0.800000
297     12  0.800000
248     12  0.800000
117     12  0.800000
36      12  0.800000
21      12  0.800000
70      12  0.800000
140     12  0.800000
367     12  0.800000
286     12  0.800000
160     12  0.800000
66      11  0.733333
78      11  0.733333
270     11  0.733333
244     11  0.733333
311     11  0.733333
15      11  0.733333
     Count     Value
446     13  0.866667
384     13  0.866667
407     13  0.866667
256     12  0.800000
297     12  0.800000
248     12  0.800000
117     12  0.800000
36      12  0.800000
21      12  0.800000
70      12  0.800000
Current: [15, 20, 21, 28, 36, 37, 66, 70, 76, 78, 110, 117, 118, 140, 144, 151, 160, 162, 169, 172, 180, 191, 241, 244, 248, 256, 270, 286, 297, 311, 317, 367, 381, 384, 407, 411, 443, 446, 449, 456]
Subround 16
not enough
     Count   Value
446     14  0.8750
384     14  0.8750
70      13  0.8125
21      13  0.8125
407     13  0.8125
140     13  0.8125
297     13  0.8125
367     12  0.7500
443     12  0.7500
78      12  0.7500
144     12  0.7500
66      12  0.7500
248     12  0.7500
118     12  0.7500
180     12  0.7500
456     12  0.7500
28      12  0.7500
15      12  0.7500
160     12  0.7500
449     12  0.7500
     Count   Value
446     14  0.8750
384     14  0.8750
70      13  0.8125
21      13  0.8125
407     13  0.8125
140     13  0.8125
297     13  0.8125
367     12  0.7500
443     12  0.7500
78      12  0.7500
Current: [15, 21, 28, 36, 66, 70, 78, 117, 118, 140, 144, 160, 180, 241, 248, 256, 286, 297, 311, 367, 384, 407, 443, 446, 449, 456]
Subround 17
not enough
     Count     Value
446     15  0.882353
21      14  0.823529
297     14  0.823529
384     14  0.823529
140     14  0.823529
70      13  0.764706
36      13  0.764706
443     13  0.764706
311     13  0.764706
144     13  0.764706
28      13  0.764706
78      13  0.764706
180     13  0.764706
66      13  0.764706
160     13  0.764706
407     13  0.764706
189     12  0.705882
41      12  0.705882
176     12  0.705882
132     12  0.705882
     Count     Value
446     15  0.882353
21      14  0.823529
297     14  0.823529
384     14  0.823529
140     14  0.823529
70      13  0.764706
36      13  0.764706
443     13  0.764706
311     13  0.764706
144     13  0.764706
Current: [3, 15, 21, 28, 36, 41, 43, 66, 70, 76, 78, 104, 115, 117, 118, 132, 140, 144, 160, 176, 180, 189, 191, 221, 241, 248, 251, 256, 259, 262, 263, 270, 275, 286, 290, 297, 307, 310, 311, 339, 359, 367, 384, 390, 407, 443, 446, 449, 456]
Subround 18
not enough
     Count     Value
446     16  0.888889
21      15  0.833333
140     14  0.777778
160     14  0.777778
78      14  0.777778
443     14  0.777778
297     14  0.777778
70      14  0.777778
36      14  0.777778
66      14  0.777778
311     14  0.777778
144     14  0.777778
28      14  0.777778
384     14  0.777778
241     13  0.722222
15      13  0.722222
290     13  0.722222
41      13  0.722222
339     13  0.722222
189     13  0.722222
     Count     Value
446     16  0.888889
21      15  0.833333
140     14  0.777778
160     14  0.777778
78      14  0.777778
443     14  0.777778
297     14  0.777778
70      14  0.777778
36      14  0.777778
66      14  0.777778
Current: [15, 21, 28, 36, 41, 66, 70, 76, 78, 132, 140, 144, 160, 176, 180, 189, 191, 241, 256, 290, 297, 311, 339, 384, 407, 443, 446, 449, 456]
Subround 19
not enough
     Count     Value
446     17  0.894737
21      16  0.842105
140     15  0.789474
70      15  0.789474
144     15  0.789474
66      15  0.789474
384     15  0.789474
311     15  0.789474
297     15  0.789474
160     14  0.736842
15      14  0.736842
339     14  0.736842
36      14  0.736842
456     14  0.736842
290     14  0.736842
132     14  0.736842
28      14  0.736842
78      14  0.736842
189     14  0.736842
41      14  0.736842
     Count     Value
446     17  0.894737
21      16  0.842105
140     15  0.789474
70      15  0.789474
144     15  0.789474
66      15  0.789474
384     15  0.789474
311     15  0.789474
297     15  0.789474
160     14  0.736842
Current: [15, 21, 28, 36, 41, 66, 70, 76, 78, 132, 140, 144, 160, 189, 290, 297, 311, 339, 384, 443, 446, 456]
Subround 20
     Count  Value
446     17   0.85
21      16   0.80
140     16   0.80
144     16   0.80
384     15   0.75
339     15   0.75
189     15   0.75
443     15   0.75
36      15   0.75
66      15   0.75
311     15   0.75
456     15   0.75
290     15   0.75
297     15   0.75
15      15   0.75
70      15   0.75
239     14   0.70
326     14   0.70
510     14   0.70
310     14   0.70
     Count  Value
446     17   0.85
21      16   0.80
140     16   0.80
144     16   0.80
384     15   0.75
339     15   0.75
189     15   0.75
443     15   0.75
36      15   0.75
66      15   0.75
Current: [15, 21, 36, 66, 70, 140, 144, 189, 290, 297, 311, 339, 384, 443, 446, 456]
Round 2
Subround 1
not enough
     Count     Value
446     18  0.857143
384     16  0.761905
290     16  0.761905
189     16  0.761905
443     16  0.761905
140     16  0.761905
144     16  0.761905
66      16  0.761905
70      16  0.761905
21      16  0.761905
15      16  0.761905
456     15  0.714286
36      15  0.714286
311     15  0.714286
297     15  0.714286
339     15  0.714286
28      14  0.666667
310     14  0.666667
510     14  0.666667
78      14  0.666667
     Count  Value
15       1    1.0
70       1    1.0
446      1    1.0
66       1    1.0
384      1    1.0
290      1    1.0
443      1    1.0
189      1    1.0
Current: [446]
Subround 2
not enough
     Count     Value
446     19  0.863636
189     17  0.772727
21      17  0.772727
140     17  0.772727
144     17  0.772727
384     16  0.727273
311     16  0.727273
443     16  0.727273
339     16  0.727273
66      16  0.727273
290     16  0.727273
297     16  0.727273
15      16  0.727273
70      16  0.727273
456     15  0.681818
36      15  0.681818
239     14  0.636364
326     14  0.636364
510     14  0.636364
310     14  0.636364
     Count  Value
446      2    1.0
189      2    1.0
15       1    0.5
70       1    0.5
66       1    0.5
384      1    0.5
290      1    0.5
443      1    0.5
339      1    0.5
140      1    0.5
Current: [446]
Subround 3
not enough
     Count     Value
446     19  0.826087
189     18  0.782609
140     18  0.782609
384     17  0.739130
339     17  0.739130
70      17  0.739130
21      17  0.739130
15      17  0.739130
297     17  0.739130
144     17  0.739130
443     16  0.695652
66      16  0.695652
311     16  0.695652
456     16  0.695652
290     16  0.695652
36      15  0.652174
326     14  0.608696
510     14  0.608696
310     14  0.608696
28      14  0.608696
     Count     Value
189      3  1.000000
15       2  0.666667
70       2  0.666667
446      2  0.666667
384      2  0.666667
339      2  0.666667
140      2  0.666667
297      2  0.666667
66       1  0.333333
290      1  0.333333
Current: [446]
Subround 4
not enough
     Count     Value
446     20  0.833333
384     18  0.750000
339     18  0.750000
70      18  0.750000
189     18  0.750000
297     18  0.750000
140     18  0.750000
443     17  0.708333
144     17  0.708333
66      17  0.708333
15      17  0.708333
21      17  0.708333
311     16  0.666667
36      16  0.666667
456     16  0.666667
290     16  0.666667
239     14  0.583333
326     14  0.583333
510     14  0.583333
310     14  0.583333
     Count  Value
70       3   0.75
446      3   0.75
384      3   0.75
189      3   0.75
339      3   0.75
297      3   0.75
15       2   0.50
66       2   0.50
443      2   0.50
140      2   0.50
Current: [446]
Subround 5
not enough
     Count  Value
446     21   0.84
384     19   0.76
339     19   0.76
70      19   0.76
189     19   0.76
297     18   0.72
140     18   0.72
144     18   0.72
443     17   0.68
66      17   0.68
456     17   0.68
290     17   0.68
15      17   0.68
21      17   0.68
311     16   0.64
36      16   0.64
239     14   0.56
326     14   0.56
510     14   0.56
310     14   0.56
     Count  Value
70       4    0.8
446      4    0.8
384      4    0.8
189      4    0.8
339      4    0.8
297      3    0.6
15       2    0.4
66       2    0.4
290      2    0.4
443      2    0.4
Current: [446]
Subround 6
not enough
     Count     Value
446     22  0.846154
70      20  0.769231
189     20  0.769231
339     20  0.769231
384     19  0.730769
144     18  0.692308
15      18  0.692308
297     18  0.692308
290     18  0.692308
456     18  0.692308
140     18  0.692308
443     17  0.653846
66      17  0.653846
311     17  0.653846
21      17  0.653846
36      16  0.615385
510     14  0.538462
310     14  0.538462
28      14  0.538462
326     14  0.538462
     Count     Value
70       5  0.833333
446      5  0.833333
189      5  0.833333
339      5  0.833333
384      4  0.666667
15       3  0.500000
290      3  0.500000
297      3  0.500000
456      3  0.500000
66       2  0.333333
Current: [446]
Subround 7
not enough
     Count     Value
446     23  0.851852
384     20  0.740741
339     20  0.740741
70      20  0.740741
189     20  0.740741
15      19  0.703704
297     19  0.703704
140     19  0.703704
144     18  0.666667
66      18  0.666667
456     18  0.666667
290     18  0.666667
21      18  0.666667
311     17  0.629630
36      17  0.629630
443     17  0.629630
239     14  0.518519
326     14  0.518519
510     14  0.518519
310     14  0.518519
     Count     Value
446      6  0.857143
70       5  0.714286
384      5  0.714286
189      5  0.714286
339      5  0.714286
15       4  0.571429
297      4  0.571429
66       3  0.428571
290      3  0.428571
140      3  0.428571
Current: [446]
Subround 8
not enough
     Count     Value
446     23  0.821429
70      21  0.750000
339     21  0.750000
384     20  0.714286
15      20  0.714286
189     20  0.714286
144     19  0.678571
21      19  0.678571
297     19  0.678571
290     19  0.678571
456     19  0.678571
140     19  0.678571
66      18  0.642857
311     18  0.642857
36      17  0.607143
443     17  0.607143
510     14  0.500000
310     14  0.500000
28      14  0.500000
326     14  0.500000
     Count  Value
70       6  0.750
446      6  0.750
339      6  0.750
15       5  0.625
384      5  0.625
189      5  0.625
290      4  0.500
297      4  0.500
456      4  0.500
66       3  0.375
Current: [446]
Subround 9
not enough
     Count     Value
446     24  0.827586
384     21  0.724138
70      21  0.724138
189     21  0.724138
339     21  0.724138
144     20  0.689655
21      20  0.689655
15      20  0.689655
297     20  0.689655
290     20  0.689655
140     20  0.689655
456     19  0.655172
66      18  0.620690
311     18  0.620690
36      17  0.586207
443     17  0.586207
510     14  0.482759
310     14  0.482759
28      14  0.482759
326     14  0.482759
     Count     Value
446      7  0.777778
70       6  0.666667
384      6  0.666667
189      6  0.666667
339      6  0.666667
15       5  0.555556
290      5  0.555556
297      5  0.555556
140      4  0.444444
21       4  0.444444
Current: [446]
Subround 10
     Count     Value
446     24  0.800000
384     22  0.733333
189     22  0.733333
70      21  0.700000
15      21  0.700000
290     21  0.700000
339     21  0.700000
144     20  0.666667
21      20  0.666667
297     20  0.666667
456     20  0.666667
140     20  0.666667
66      19  0.633333
311     19  0.633333
443     18  0.600000
36      17  0.566667
510     14  0.466667
310     14  0.466667
28      14  0.466667
326     14  0.466667
     Count  Value
446      7    0.7
384      7    0.7
189      7    0.7
15       6    0.6
70       6    0.6
290      6    0.6
339      6    0.6
297      5    0.5
456      5    0.5
66       4    0.4
no winner, not enough
Current: []
Subround 11
     Count     Value
446     24  0.774194
384     22  0.709677
70      22  0.709677
189     22  0.709677
339     22  0.709677
144     21  0.677419
21      21  0.677419
15      21  0.677419
297     21  0.677419
290     21  0.677419
140     21  0.677419
456     20  0.645161
311     20  0.645161
66      19  0.612903
36      18  0.580645
443     18  0.580645
310     14  0.451613
28      14  0.451613
510     14  0.451613
78      14  0.451613
     Count     Value
70       7  0.636364
446      7  0.636364
384      7  0.636364
189      7  0.636364
339      7  0.636364
15       6  0.545455
290      6  0.545455
297      6  0.545455
140      5  0.454545
21       5  0.454545
no winner, not enough
Current: []
Subround 12
     Count    Value
446     24  0.75000
384     23  0.71875
70      23  0.71875
189     23  0.71875
339     23  0.71875
21      22  0.68750
15      22  0.68750
140     22  0.68750
144     21  0.65625
297     21  0.65625
290     21  0.65625
456     20  0.62500
311     20  0.62500
443     19  0.59375
66      19  0.59375
36      18  0.56250
28      14  0.43750
310     14  0.43750
78      14  0.43750
510     14  0.43750
     Count     Value
70       8  0.666667
384      8  0.666667
189      8  0.666667
339      8  0.666667
15       7  0.583333
446      7  0.583333
290      6  0.500000
140      6  0.500000
21       6  0.500000
297      6  0.500000
no winner, not enough
Current: []
Subround 13
     Count     Value
384     24  0.727273
70      24  0.727273
446     24  0.727273
189     24  0.727273
339     24  0.727273
21      23  0.696970
15      22  0.666667
290     22  0.666667
140     22  0.666667
144     21  0.636364
297     21  0.636364
443     20  0.606061
66      20  0.606061
311     20  0.606061
456     20  0.606061
36      18  0.545455
510     14  0.424242
310     14  0.424242
28      14  0.424242
326     14  0.424242
     Count     Value
70       9  0.692308
384      9  0.692308
189      9  0.692308
339      9  0.692308
15       7  0.538462
446      7  0.538462
290      7  0.538462
21       7  0.538462
140      6  0.461538
297      6  0.461538
no winner, not enough
Current: []
Subround 14
     Count     Value
70      25  0.735294
189     25  0.735294
339     25  0.735294
384     24  0.705882
446     24  0.705882
21      23  0.676471
15      23  0.676471
290     23  0.676471
140     23  0.676471
297     22  0.647059
144     21  0.617647
456     21  0.617647
443     20  0.588235
66      20  0.588235
311     20  0.588235
36      18  0.529412
310     14  0.411765
28      14  0.411765
510     14  0.411765
78      14  0.411765
     Count     Value
70      10  0.714286
189     10  0.714286
339     10  0.714286
384      9  0.642857
15       8  0.571429
290      8  0.571429
446      7  0.500000
140      7  0.500000
21       7  0.500000
297      7  0.500000
no winner, not enough
Current: []
Subround 15
     Count     Value
339     26  0.742857
384     25  0.714286
70      25  0.714286
446     25  0.714286
189     25  0.714286
21      24  0.685714
15      24  0.685714
140     24  0.685714
290     23  0.657143
144     22  0.628571
297     22  0.628571
456     21  0.600000
311     21  0.600000
443     20  0.571429
66      20  0.571429
36      18  0.514286
28      14  0.400000
310     14  0.400000
78      14  0.400000
510     14  0.400000
     Count     Value
339     11  0.733333
70      10  0.666667
384     10  0.666667
189     10  0.666667
15       9  0.600000
446      8  0.533333
290      8  0.533333
140      8  0.533333
21       8  0.533333
297      7  0.466667
no winner, not enough
Current: []
Subround 16
     Count     Value
339     27  0.750000
70      26  0.722222
384     25  0.694444
446     25  0.694444
15      25  0.694444
189     25  0.694444
140     25  0.694444
21      24  0.666667
144     23  0.638889
290     23  0.638889
297     22  0.611111
311     22  0.611111
66      21  0.583333
456     21  0.583333
443     20  0.555556
36      19  0.527778
510     14  0.388889
310     14  0.388889
28      14  0.388889
326     14  0.388889
     Count   Value
339     12  0.7500
70      11  0.6875
15      10  0.6250
384     10  0.6250
189     10  0.6250
140      9  0.5625
446      8  0.5000
290      8  0.5000
21       8  0.5000
297      7  0.4375
no winner, not enough
Current: []
Subround 17
     Count     Value
339     28  0.756757
384     26  0.702703
70      26  0.702703
446     26  0.702703
21      25  0.675676
15      25  0.675676
189     25  0.675676
140     25  0.675676
144     24  0.648649
297     23  0.621622
290     23  0.621622
456     22  0.594595
311     22  0.594595
443     21  0.567568
66      21  0.567568
36      19  0.513514
28      14  0.378378
310     14  0.378378
78      14  0.378378
510     14  0.378378
     Count     Value
339     13  0.764706
70      11  0.647059
384     11  0.647059
15      10  0.588235
189     10  0.588235
446      9  0.529412
140      9  0.529412
21       9  0.529412
290      8  0.470588
297      8  0.470588
no winner, not enough
Current: []
Subround 18
     Count     Value
339     29  0.763158
384     27  0.710526
70      26  0.684211
21      26  0.684211
446     26  0.684211
15      26  0.684211
189     25  0.657895
140     25  0.657895
144     24  0.631579
297     24  0.631579
290     24  0.631579
456     23  0.605263
311     22  0.578947
443     22  0.578947
66      21  0.552632
36      19  0.500000
28      14  0.368421
310     14  0.368421
78      14  0.368421
510     14  0.368421
     Count     Value
339     14  0.777778
384     12  0.666667
15      11  0.611111
70      11  0.611111
189     10  0.555556
21      10  0.555556
446      9  0.500000
290      9  0.500000
140      9  0.500000
297      9  0.500000
no winner, not enough
Current: []
Subround 19
     Count     Value
339     30  0.769231
384     27  0.692308
70      27  0.692308
21      26  0.666667
446     26  0.666667
15      26  0.666667
189     26  0.666667
140     26  0.666667
144     25  0.641026
297     24  0.615385
290     24  0.615385
456     23  0.589744
311     23  0.589744
443     22  0.564103
66      22  0.564103
36      20  0.512821
28      14  0.358974
310     14  0.358974
78      14  0.358974
510     14  0.358974
     Count     Value
339     15  0.789474
70      12  0.631579
384     12  0.631579
15      11  0.578947
189     11  0.578947
140     10  0.526316
21      10  0.526316
446      9  0.473684
290      9  0.473684
297      9  0.473684
no winner, not enough
Current: []
Subround 20
     Count  Value
339     31  0.775
384     28  0.700
70      27  0.675
21      27  0.675
446     27  0.675
15      27  0.675
189     26  0.650
140     26  0.650
297     25  0.625
290     25  0.625
144     25  0.625
66      23  0.575
311     23  0.575
456     23  0.575
443     22  0.550
36      20  0.500
326     14  0.350
510     14  0.350
310     14  0.350
28      14  0.350
     Count  Value
339     16   0.80
384     13   0.65
15      12   0.60
70      12   0.60
189     11   0.55
21      11   0.55
446     10   0.50
290     10   0.50
140     10   0.50
297     10   0.50
no winner, not enough
Current: []
Subround 21
     Count     Value
339     31  0.756098
384     28  0.682927
70      28  0.682927
446     28  0.682927
15      28  0.682927
21      27  0.658537
189     27  0.658537
140     27  0.658537
144     25  0.609756
297     25  0.609756
290     25  0.609756
311     24  0.585366
443     23  0.560976
66      23  0.560976
456     23  0.560976
36      21  0.512195
310     14  0.341463
28      14  0.341463
510     14  0.341463
78      14  0.341463
     Count     Value
339     16  0.761905
15      13  0.619048
70      13  0.619048
384     13  0.619048
189     12  0.571429
446     11  0.523810
140     11  0.523810
21      11  0.523810
290     10  0.476190
297     10  0.476190
no winner, not enough
Current: []
Subround 22
     Count     Value
339     31  0.738095
446     29  0.690476
15      29  0.690476
384     28  0.666667
70      28  0.666667
189     28  0.666667
140     28  0.666667
21      27  0.642857
297     26  0.619048
290     26  0.619048
144     25  0.595238
456     24  0.571429
311     24  0.571429
443     24  0.571429
66      23  0.547619
36      21  0.500000
28      14  0.333333
310     14  0.333333
78      14  0.333333
510     14  0.333333
     Count     Value
339     16  0.727273
15      14  0.636364
70      13  0.590909
384     13  0.590909
189     13  0.590909
446     12  0.545455
140     12  0.545455
290     11  0.500000
21      11  0.500000
297     11  0.500000
no winner, not enough
Current: []
Subround 23
     Count     Value
339     32  0.744186
384     29  0.674419
70      29  0.674419
446     29  0.674419
15      29  0.674419
21      28  0.651163
189     28  0.651163
140     28  0.651163
297     27  0.627907
144     26  0.604651
290     26  0.604651
311     25  0.581395
443     24  0.558140
66      24  0.558140
456     24  0.558140
36      21  0.488372
310     14  0.325581
28      14  0.325581
510     14  0.325581
78      14  0.325581
     Count     Value
339     17  0.739130
15      14  0.608696
70      14  0.608696
384     14  0.608696
189     13  0.565217
446     12  0.521739
140     12  0.521739
21      12  0.521739
297     12  0.521739
290     11  0.478261
no winner, not enough
Current: []
Subround 24
     Count     Value
339     32  0.727273
384     30  0.681818
70      30  0.681818
446     30  0.681818
15      30  0.681818
189     29  0.659091
21      28  0.636364
140     28  0.636364
144     27  0.613636
297     27  0.613636
290     26  0.590909
311     26  0.590909
66      25  0.568182
443     24  0.545455
456     24  0.545455
36      21  0.477273
510     14  0.318182
310     14  0.318182
28      14  0.318182
326     14  0.318182
     Count     Value
339     17  0.708333
15      15  0.625000
70      15  0.625000
384     15  0.625000
189     14  0.583333
446     13  0.541667
140     12  0.500000
21      12  0.500000
297     12  0.500000
290     11  0.458333
no winner, not enough
Current: []
Subround 25
     Count     Value
339     33  0.733333
384     31  0.688889
70      31  0.688889
446     30  0.666667
15      30  0.666667
189     30  0.666667
21      29  0.644444
140     28  0.622222
144     28  0.622222
297     27  0.600000
66      26  0.577778
311     26  0.577778
290     26  0.577778
443     25  0.555556
456     24  0.533333
36      21  0.466667
239     14  0.311111
326     14  0.311111
510     14  0.311111
310     14  0.311111
     Count  Value
339     18   0.72
70      16   0.64
384     16   0.64
15      15   0.60
189     15   0.60
446     13   0.52
21      13   0.52
140     12   0.48
297     12   0.48
144     12   0.48
no winner, not enough
Current: []
Subround 26
     Count     Value
339     33  0.717391
384     31  0.673913
70      31  0.673913
446     31  0.673913
189     31  0.673913
21      30  0.652174
15      30  0.652174
144     29  0.630435
140     28  0.608696
66      27  0.586957
290     27  0.586957
297     27  0.586957
311     26  0.565217
443     26  0.565217
456     25  0.543478
36      21  0.456522
239     14  0.304348
326     14  0.304348
510     14  0.304348
310     14  0.304348
     Count     Value
339     18  0.692308
70      16  0.615385
384     16  0.615385
189     16  0.615385
15      15  0.576923
446     14  0.538462
21      14  0.538462
144     13  0.500000
66      12  0.461538
290     12  0.461538
no winner, not enough
Current: []
Subround 27
     Count     Value
339     34  0.723404
70      32  0.680851
384     31  0.659574
446     31  0.659574
15      31  0.659574
189     31  0.659574
21      30  0.638298
140     29  0.617021
144     29  0.617021
297     28  0.595745
290     28  0.595745
66      27  0.574468
311     27  0.574468
443     26  0.553191
456     25  0.531915
36      22  0.468085
326     14  0.297872
510     14  0.297872
310     14  0.297872
28      14  0.297872
     Count     Value
339     19  0.703704
70      17  0.629630
15      16  0.592593
384     16  0.592593
189     16  0.592593
446     14  0.518519
21      14  0.518519
290     13  0.481481
140     13  0.481481
297     13  0.481481
no winner, not enough
Current: []
Subround 28
     Count     Value
339     35  0.729167
70      33  0.687500
446     32  0.666667
15      32  0.666667
384     31  0.645833
189     31  0.645833
21      30  0.625000
140     30  0.625000
144     29  0.604167
66      28  0.583333
311     28  0.583333
290     28  0.583333
297     28  0.583333
443     26  0.541667
456     25  0.520833
36      23  0.479167
239     14  0.291667
326     14  0.291667
510     14  0.291667
310     14  0.291667
     Count     Value
339     20  0.714286
70      18  0.642857
15      17  0.607143
384     16  0.571429
189     16  0.571429
446     15  0.535714
140     14  0.500000
21      14  0.500000
66      13  0.464286
290     13  0.464286
no winner, not enough
Current: []
Subround 29
     Count     Value
339     35  0.714286
70      33  0.673469
446     33  0.673469
384     32  0.653061
15      32  0.653061
21      31  0.632653
189     31  0.632653
140     30  0.612245
144     30  0.612245
297     29  0.591837
290     29  0.591837
66      28  0.571429
311     28  0.571429
443     27  0.551020
456     26  0.530612
36      23  0.469388
326     14  0.285714
510     14  0.285714
310     14  0.285714
28      14  0.285714
     Count     Value
339     20  0.689655
70      18  0.620690
15      17  0.586207
384     17  0.586207
446     16  0.551724
189     16  0.551724
21      15  0.517241
290     14  0.482759
140     14  0.482759
297     14  0.482759
no winner, not enough
Current: []
Subround 30
     Count  Value
339     36   0.72
384     33   0.66
70      33   0.66
446     33   0.66
15      33   0.66
21      32   0.64
189     31   0.62
140     31   0.62
144     31   0.62
297     29   0.58
290     29   0.58
66      28   0.56
311     28   0.56
443     27   0.54
456     27   0.54
36      24   0.48
326     14   0.28
510     14   0.28
310     14   0.28
28      14   0.28
     Count     Value
339     21  0.700000
15      18  0.600000
70      18  0.600000
384     18  0.600000
446     16  0.533333
189     16  0.533333
21      16  0.533333
140     15  0.500000
144     15  0.500000
290     14  0.466667
Rest half winner
Current: [0, 1, 3, 4, 9, 12, 13, 15, 16, 19, 20, 21, 28, 30, 31, 36, 37, 41, 42, 43, 45, 49, 50, 52, 57, 61, 65, 66, 69, 70, 73, 74, 76, 78, 79, 82, 83, 85, 87, 93, 95, 97, 100, 102, 104, 107, 108, 110, 111, 112, 115, 117, 118, 125, 127, 128, 129, 130, 132, 134, 135, 137, 139, 140, 141, 142, 144, 146, 148, 149, 150, 151, 153, 154, 155, 156, 158, 159, 160, 161, 162, 164, 167, 169, 170, 171, 172, 173, 175, 176, 178, 179, 180, 181, 183, 184, 185, 187, 189, 191, 193, 194, 195, 196, 199, 201, 203, 204, 205, 207, 208, 209, 212, 213, 215, 217, 219, 220, 221, 222, 228, 229, 234, 235, 237, 239, 241, 244, 245, 246, 248, 250, 251, 252, 253, 255, 256, 259, 262, 263, 265, 266, 270, 271, 273, 274, 275, 276, 278, 282, 283, 284, 286, 287, 288, 290, 292, 294, 295, 297, 298, 300, 307, 308, 310, 311, 312, 313, 317, 318, 319, 320, 322, 324, 325, 326, 328, 332, 333, 334, 337, 338, 339, 340, 342, 343, 344, 346, 347, 348, 349, 350, 356, 357, 358, 359, 360, 364, 367, 368, 370, 371, 372, 374, 376, 378, 380, 381, 384, 385, 390, 391, 394, 395, 398, 401, 404, 407, 408, 410, 411, 412, 414, 417, 419, 420, 422, 423, 430, 431, 435, 439, 440, 443, 446, 447, 448, 449, 454, 456, 458, 465, 466, 467, 468, 472, 477, 478, 479, 488, 495, 502, 503, 504, 509, 510]
Round 3
Subround 1
not enough
     Count  Value
344      1    1.0
307      1    1.0
141      1    1.0
135      1    1.0
458      1    1.0
313      1    1.0
57       1    1.0
472      1    1.0
1        1    1.0
297      1    1.0
412      1    1.0
504      1    1.0
467      1    1.0
286      1    1.0
137      1    1.0
65       1    1.0
276      1    1.0
454      1    1.0
404      1    1.0
128      1    1.0
     Count  Value
344      1    1.0
307      1    1.0
141      1    1.0
135      1    1.0
458      1    1.0
313      1    1.0
57       1    1.0
472      1    1.0
1        1    1.0
297      1    1.0
Current: [0, 1, 13, 15, 28, 41, 42, 49, 57, 65, 66, 70, 73, 74, 87, 95, 97, 100, 102, 107, 110, 111, 118, 125, 128, 129, 130, 132, 134, 135, 137, 139, 141, 144, 146, 148, 151, 154, 159, 160, 161, 162, 164, 170, 171, 172, 175, 176, 178, 180, 183, 189, 191, 193, 194, 207, 208, 209, 212, 219, 228, 229, 235, 237, 244, 251, 252, 276, 282, 283, 284, 286, 287, 288, 290, 295, 297, 298, 300, 307, 310, 312, 313, 317, 318, 319, 322, 324, 328, 332, 334, 337, 339, 343, 344, 348, 350, 358, 359, 360, 367, 370, 371, 378, 380, 385, 401, 404, 408, 411, 412, 414, 420, 431, 443, 446, 447, 449, 454, 458, 465, 467, 468, 472, 478, 495, 502, 504]
Subround 2
not enough
     Count  Value
135      2    1.0
431      2    1.0
137      2    1.0
65       2    1.0
276      2    1.0
404      2    1.0
128      2    1.0
478      2    1.0
343      2    1.0
208      2    1.0
161      2    1.0
244      2    1.0
148      2    1.0
339      2    1.0
358      2    1.0
125      2    1.0
107      2    1.0
49       2    1.0
298      2    1.0
207      2    1.0
     Count  Value
135      2    1.0
431      2    1.0
137      2    1.0
65       2    1.0
276      2    1.0
404      2    1.0
128      2    1.0
478      2    1.0
343      2    1.0
208      2    1.0
Current: [13, 15, 28, 49, 57, 65, 100, 102, 107, 110, 111, 125, 128, 129, 130, 132, 134, 135, 137, 139, 141, 148, 151, 154, 161, 162, 170, 171, 175, 178, 191, 194, 207, 208, 212, 219, 235, 244, 251, 276, 282, 283, 297, 298, 310, 313, 318, 319, 322, 328, 332, 334, 339, 343, 348, 358, 370, 371, 380, 385, 404, 411, 420, 431, 447, 458, 467, 478, 504]
Subround 3
not enough
     Count  Value
137      3    1.0
191      3    1.0
431      3    1.0
332      3    1.0
334      3    1.0
328      3    1.0
111      3    1.0
358      3    1.0
298      3    1.0
318      3    1.0
380      3    1.0
107      3    1.0
130      3    1.0
171      3    1.0
151      3    1.0
339      3    1.0
447      3    1.0
141      3    1.0
297      3    1.0
244      3    1.0
     Count  Value
137      3    1.0
191      3    1.0
431      3    1.0
332      3    1.0
334      3    1.0
328      3    1.0
111      3    1.0
358      3    1.0
298      3    1.0
318      3    1.0
Current: [57, 102, 107, 111, 130, 135, 137, 141, 151, 161, 171, 191, 244, 297, 298, 318, 328, 332, 334, 339, 358, 380, 404, 420, 431, 447, 458]
Subround 4
not enough
     Count  Value
332      4   1.00
298      4   1.00
151      4   1.00
191      4   1.00
107      4   1.00
318      4   1.00
130      4   1.00
135      4   1.00
141      4   1.00
420      4   1.00
328      4   1.00
358      4   1.00
339      4   1.00
207      3   0.75
150      3   0.75
49       3   0.75
401      3   0.75
144      3   0.75
311      3   0.75
465      3   0.75
     Count  Value
332      4    1.0
298      4    1.0
151      4    1.0
191      4    1.0
107      4    1.0
318      4    1.0
130      4    1.0
135      4    1.0
141      4    1.0
420      4    1.0
Current: [107, 130, 135, 141, 151, 191, 298, 318, 328, 332, 339, 358, 420]
Subround 5
not enough
     Count  Value
339      5    1.0
332      5    1.0
318      5    1.0
420      5    1.0
151      5    1.0
191      5    1.0
358      5    1.0
282      4    0.8
171      4    0.8
150      4    0.8
110      4    0.8
161      4    0.8
385      4    0.8
102      4    0.8
141      4    0.8
447      4    0.8
334      4    0.8
465      4    0.8
317      4    0.8
328      4    0.8
     Count  Value
339      5    1.0
332      5    1.0
318      5    1.0
420      5    1.0
151      5    1.0
191      5    1.0
358      5    1.0
282      4    0.8
171      4    0.8
150      4    0.8
Current: [151, 191, 318, 332, 339, 358, 420]
Subround 6
not enough
     Count     Value
358      6  1.000000
339      6  1.000000
318      6  1.000000
328      5  0.833333
209      5  0.833333
150      5  0.833333
181      5  0.833333
311      5  0.833333
282      5  0.833333
130      5  0.833333
97       5  0.833333
404      5  0.833333
139      5  0.833333
42       5  0.833333
458      5  0.833333
144      5  0.833333
151      5  0.833333
191      5  0.833333
171      5  0.833333
332      5  0.833333
     Count     Value
358      6  1.000000
339      6  1.000000
318      6  1.000000
328      5  0.833333
209      5  0.833333
150      5  0.833333
181      5  0.833333
311      5  0.833333
282      5  0.833333
130      5  0.833333
Current: [42, 65, 97, 130, 139, 144, 150, 151, 171, 181, 191, 209, 282, 311, 318, 328, 332, 339, 358, 404, 420, 447, 458, 467, 504]
Subround 7
not enough
     Count     Value
339      7  1.000000
65       6  0.857143
181      6  0.857143
404      6  0.857143
318      6  0.857143
42       6  0.857143
332      6  0.857143
504      6  0.857143
458      6  0.857143
130      6  0.857143
420      6  0.857143
171      6  0.857143
328      6  0.857143
358      6  0.857143
151      6  0.857143
317      5  0.714286
137      5  0.714286
311      5  0.714286
110      5  0.714286
150      5  0.714286
     Count     Value
339      7  1.000000
65       6  0.857143
181      6  0.857143
404      6  0.857143
318      6  0.857143
42       6  0.857143
332      6  0.857143
504      6  0.857143
458      6  0.857143
130      6  0.857143
Current: [42, 65, 130, 151, 171, 181, 318, 328, 332, 339, 358, 404, 420, 458, 504]
Subround 8
not enough
     Count  Value
339      8  1.000
328      7  0.875
130      7  0.875
181      7  0.875
358      7  0.875
42       7  0.875
404      6  0.750
65       6  0.750
282      6  0.750
171      6  0.750
82       6  0.750
102      6  0.750
318      6  0.750
110      6  0.750
141      6  0.750
504      6  0.750
458      6  0.750
256      6  0.750
95       6  0.750
332      6  0.750
     Count  Value
339      8  1.000
328      7  0.875
130      7  0.875
181      7  0.875
358      7  0.875
42       7  0.875
404      6  0.750
65       6  0.750
282      6  0.750
171      6  0.750
Current: [42, 130, 181, 328, 339, 358]
Subround 9
not enough
     Count     Value
339      9  1.000000
181      8  0.888889
42       8  0.888889
95       7  0.777778
282      7  0.777778
449      7  0.777778
130      7  0.777778
139      7  0.777778
311      7  0.777778
358      7  0.777778
404      7  0.777778
191      7  0.777778
372      7  0.777778
328      7  0.777778
209      7  0.777778
171      7  0.777778
65       7  0.777778
49       7  0.777778
504      7  0.777778
132      7  0.777778
     Count     Value
339      9  1.000000
181      8  0.888889
42       8  0.888889
95       7  0.777778
282      7  0.777778
449      7  0.777778
130      7  0.777778
139      7  0.777778
311      7  0.777778
358      7  0.777778
Current: [42, 181, 339]
Subround 10
     Count  Value
339     10    1.0
42       9    0.9
49       8    0.8
449      8    0.8
404      8    0.8
130      8    0.8
139      8    0.8
431      8    0.8
132      8    0.8
283      8    0.8
181      8    0.8
458      8    0.8
235      8    0.8
504      8    0.8
118      7    0.7
234      7    0.7
95       7    0.7
153      7    0.7
332      7    0.7
208      7    0.7
     Count  Value
339     10    1.0
42       9    0.9
49       8    0.8
449      8    0.8
404      8    0.8
130      8    0.8
139      8    0.8
431      8    0.8
132      8    0.8
283      8    0.8
Current: [42, 339]
Round 4
Subround 1
not enough
     Count     Value
339     11  1.000000
42       9  0.818182
49       8  0.727273
449      8  0.727273
404      8  0.727273
130      8  0.727273
139      8  0.727273
431      8  0.727273
132      8  0.727273
283      8  0.727273
181      8  0.727273
458      8  0.727273
235      8  0.727273
504      8  0.727273
118      7  0.636364
234      7  0.636364
95       7  0.636364
153      7  0.636364
332      7  0.636364
208      7  0.636364
     Count  Value
339      1    1.0
Current: [42, 339]
Subround 2
not enough
     Count     Value
339     12  1.000000
42       9  0.750000
49       8  0.666667
449      8  0.666667
404      8  0.666667
130      8  0.666667
139      8  0.666667
431      8  0.666667
132      8  0.666667
283      8  0.666667
181      8  0.666667
458      8  0.666667
235      8  0.666667
504      8  0.666667
118      7  0.583333
234      7  0.583333
95       7  0.583333
153      7  0.583333
332      7  0.583333
208      7  0.583333
     Count  Value
339      2    1.0
Current: [339]
Subround 3
not enough
     Count     Value
339     13  1.000000
42       9  0.692308
49       8  0.615385
449      8  0.615385
404      8  0.615385
130      8  0.615385
139      8  0.615385
431      8  0.615385
132      8  0.615385
283      8  0.615385
181      8  0.615385
458      8  0.615385
235      8  0.615385
504      8  0.615385
118      7  0.538462
234      7  0.538462
95       7  0.538462
153      7  0.538462
332      7  0.538462
208      7  0.538462
     Count  Value
339      3    1.0
Current: [339]
Subround 4
not enough
     Count     Value
339     14  1.000000
42       9  0.642857
49       8  0.571429
449      8  0.571429
404      8  0.571429
130      8  0.571429
139      8  0.571429
431      8  0.571429
132      8  0.571429
283      8  0.571429
181      8  0.571429
458      8  0.571429
235      8  0.571429
504      8  0.571429
118      7  0.500000
234      7  0.500000
95       7  0.500000
153      7  0.500000
332      7  0.500000
208      7  0.500000
     Count  Value
339      4    1.0
Current: [339]
Subround 5
not enough
     Count     Value
339     14  0.933333
42      10  0.666667
49       8  0.533333
449      8  0.533333
404      8  0.533333
130      8  0.533333
139      8  0.533333
431      8  0.533333
132      8  0.533333
283      8  0.533333
181      8  0.533333
458      8  0.533333
235      8  0.533333
504      8  0.533333
118      7  0.466667
234      7  0.466667
95       7  0.466667
153      7  0.466667
332      7  0.466667
208      7  0.466667
     Count  Value
339      4    0.8
42       1    0.2
Current: [339]
Subround 6
not enough
     Count   Value
339     15  0.9375
42      10  0.6250
49       8  0.5000
449      8  0.5000
404      8  0.5000
130      8  0.5000
139      8  0.5000
431      8  0.5000
132      8  0.5000
283      8  0.5000
181      8  0.5000
458      8  0.5000
235      8  0.5000
504      8  0.5000
118      7  0.4375
234      7  0.4375
95       7  0.4375
153      7  0.4375
332      7  0.4375
208      7  0.4375
     Count     Value
339      5  0.833333
42       1  0.166667
Current: [339]
Subround 7
not enough
     Count     Value
339     15  0.882353
42      11  0.647059
49       8  0.470588
449      8  0.470588
404      8  0.470588
130      8  0.470588
139      8  0.470588
431      8  0.470588
132      8  0.470588
283      8  0.470588
181      8  0.470588
458      8  0.470588
235      8  0.470588
504      8  0.470588
118      7  0.411765
234      7  0.411765
95       7  0.411765
153      7  0.411765
332      7  0.411765
208      7  0.411765
     Count     Value
339      5  0.714286
42       2  0.285714
Current: [339]
Subround 8
not enough
     Count     Value
339     16  0.888889
42      11  0.611111
49       8  0.444444
449      8  0.444444
404      8  0.444444
130      8  0.444444
139      8  0.444444
431      8  0.444444
132      8  0.444444
283      8  0.444444
181      8  0.444444
458      8  0.444444
235      8  0.444444
504      8  0.444444
118      7  0.388889
234      7  0.388889
95       7  0.388889
153      7  0.388889
332      7  0.388889
208      7  0.388889
     Count  Value
339      6   0.75
42       2   0.25
Current: [339]
Subround 9
not enough
     Count     Value
339     16  0.842105
42      12  0.631579
49       8  0.421053
449      8  0.421053
404      8  0.421053
130      8  0.421053
139      8  0.421053
431      8  0.421053
132      8  0.421053
283      8  0.421053
181      8  0.421053
458      8  0.421053
235      8  0.421053
504      8  0.421053
118      7  0.368421
234      7  0.368421
95       7  0.368421
153      7  0.368421
332      7  0.368421
208      7  0.368421
     Count     Value
339      6  0.666667
42       3  0.333333
Current: [339]
Subround 10
     Count  Value
339     17   0.85
42      12   0.60
49       8   0.40
449      8   0.40
404      8   0.40
130      8   0.40
139      8   0.40
431      8   0.40
132      8   0.40
283      8   0.40
181      8   0.40
458      8   0.40
235      8   0.40
504      8   0.40
118      7   0.35
234      7   0.35
95       7   0.35
153      7   0.35
332      7   0.35
208      7   0.35
     Count  Value
339      7    0.7
42       3    0.3
Current: [339]
Winning offset:
[339]
2021-09-08 03:48:26.838562
2021-09-08 03:52:07.815358
0:03:40.976796
