Loading page file profiles/lab06/pages/0x2a44b.yaml
Loading page file profiles/lab06/pages/0x2a460.yaml
Loading page file profiles/lab06/pages/0x2a4e3.yaml
Loading page file profiles/lab06/pages/0x2a4e5.yaml
Loading page file profiles/lab06/pages/0x2a800.yaml
Loading page file profiles/lab06/pages/0x2a804.yaml
Loading page file profiles/lab06/pages/0x2a805.yaml
Round 1
Subround 1
not enough
     Count  Value
380      1    1.0
12       1    1.0
460      1    1.0
176      1    1.0
405      1    1.0
334      1    1.0
455      1    1.0
51       1    1.0
221      1    1.0
57       1    1.0
288      1    1.0
276      1    1.0
359      1    1.0
414      1    1.0
257      1    1.0
209      1    1.0
2        1    1.0
311      1    1.0
9        1    1.0
343      1    1.0
     Count  Value
380      1    1.0
12       1    1.0
460      1    1.0
176      1    1.0
405      1    1.0
334      1    1.0
455      1    1.0
51       1    1.0
221      1    1.0
57       1    1.0
Current: [2, 4, 5, 6, 8, 9, 10, 11, 12, 13, 14, 15, 16, 18, 19, 21, 22, 25, 28, 29, 31, 32, 33, 34, 35, 38, 42, 45, 47, 51, 53, 55, 57, 58, 59, 62, 66, 67, 68, 69, 73, 74, 76, 79, 82, 84, 85, 88, 93, 94, 95, 98, 99, 104, 105, 106, 114, 115, 119, 120, 124, 125, 126, 127, 128, 131, 132, 135, 137, 138, 141, 142, 146, 147, 148, 152, 153, 156, 157, 158, 160, 161, 162, 165, 167, 175, 176, 178, 182, 185, 186, 187, 188, 190, 191, 192, 194, 196, 197, 198, 201, 203, 205, 206, 209, 212, 218, 221, 224, 225, 232, 236, 237, 241, 243, 244, 246, 249, 251, 252, 253, 254, 256, 257, 260, 262, 265, 266, 267, 269, 271, 272, 273, 275, 276, 278, 281, 282, 285, 286, 287, 288, 289, 292, 298, 299, 300, 303, 304, 308, 309, 311, 312, 314, 316, 321, 325, 326, 327, 328, 330, 331, 332, 334, 335, 336, 337, 339, 341, 342, 343, 344, 345, 347, 350, 351, 353, 356, 357, 358, 359, 362, 363, 368, 369, 372, 373, 375, 377, 379, 380, 381, 383, 384, 385, 386, 387, 388, 389, 390, 392, 393, 394, 395, 396, 397, 404, 405, 406, 412, 414, 415, 416, 420, 423, 425, 428, 430, 434, 435, 436, 437, 439, 441, 445, 446, 448, 449, 450, 452, 454, 455, 456, 460, 464, 466, 468, 472, 473, 476, 477, 479, 481, 482, 483, 487, 488, 489, 491, 494, 502, 504, 505, 506, 508, 509]
Subround 2
not enough
     Count  Value
380      2    1.0
460      2    1.0
347      2    1.0
434      2    1.0
275      2    1.0
345      2    1.0
153      2    1.0
45       2    1.0
157      2    1.0
201      2    1.0
392      2    1.0
390      2    1.0
120      2    1.0
251      2    1.0
29       2    1.0
358      2    1.0
187      2    1.0
386      2    1.0
436      2    1.0
128      2    1.0
     Count  Value
380      2    1.0
460      2    1.0
347      2    1.0
434      2    1.0
275      2    1.0
345      2    1.0
153      2    1.0
45       2    1.0
157      2    1.0
201      2    1.0
Current: [4, 5, 6, 12, 13, 14, 19, 21, 22, 28, 29, 31, 32, 33, 45, 47, 57, 58, 62, 73, 74, 79, 82, 84, 88, 93, 94, 99, 104, 105, 114, 119, 120, 128, 131, 142, 146, 148, 153, 156, 157, 160, 162, 165, 175, 182, 187, 201, 206, 209, 218, 221, 232, 241, 243, 244, 246, 251, 252, 254, 257, 262, 272, 273, 275, 281, 285, 289, 299, 304, 308, 309, 316, 321, 328, 330, 331, 334, 339, 341, 345, 347, 350, 351, 356, 357, 358, 359, 363, 369, 372, 377, 379, 380, 381, 383, 384, 385, 386, 388, 390, 392, 393, 394, 395, 396, 405, 414, 423, 434, 436, 439, 445, 446, 452, 454, 455, 460, 464, 468, 473, 476, 477, 481, 487, 491, 504, 505]
Subround 3
not enough
     Count     Value
308      3  1.000000
289      3  1.000000
244      3  1.000000
221      3  1.000000
93       3  1.000000
481      3  1.000000
369      3  1.000000
491      3  1.000000
339      3  1.000000
347      3  1.000000
275      3  1.000000
504      3  1.000000
414      2  0.666667
359      2  0.666667
276      2  0.666667
257      2  0.666667
209      2  0.666667
2        2  0.666667
311      2  0.666667
9        2  0.666667
     Count  Value
308      3    1.0
289      3    1.0
244      3    1.0
221      3    1.0
93       3    1.0
481      3    1.0
369      3    1.0
491      3    1.0
339      3    1.0
347      3    1.0
Current: [93, 221, 244, 275, 289, 308, 339, 347, 369, 481, 491, 504]
Subround 4
not enough
     Count  Value
491      4   1.00
339      4   1.00
221      4   1.00
369      4   1.00
244      4   1.00
481      4   1.00
278      3   0.75
82       3   0.75
275      3   0.75
192      3   0.75
153      3   0.75
157      3   0.75
201      3   0.75
185      3   0.75
392      3   0.75
120      3   0.75
126      3   0.75
251      3   0.75
265      3   0.75
187      3   0.75
     Count  Value
491      4   1.00
339      4   1.00
221      4   1.00
369      4   1.00
244      4   1.00
481      4   1.00
278      3   0.75
82       3   0.75
275      3   0.75
192      3   0.75
Current: [2, 4, 6, 8, 9, 10, 12, 13, 15, 19, 21, 31, 32, 33, 53, 58, 59, 67, 72, 73, 76, 82, 85, 93, 97, 104, 105, 115, 120, 124, 125, 126, 127, 131, 132, 141, 146, 152, 153, 157, 160, 165, 167, 175, 176, 182, 185, 186, 187, 188, 192, 198, 201, 203, 206, 209, 212, 220, 221, 232, 236, 237, 238, 243, 244, 246, 249, 251, 254, 265, 267, 271, 275, 278, 281, 285, 287, 289, 298, 300, 304, 308, 311, 314, 316, 325, 326, 327, 328, 330, 331, 336, 339, 343, 347, 351, 357, 359, 362, 369, 373, 386, 389, 391, 392, 397, 405, 412, 414, 415, 416, 428, 430, 435, 436, 441, 445, 449, 450, 456, 464, 466, 476, 479, 481, 482, 483, 486, 487, 489, 491, 504, 506]
Subround 5
not enough
     Count  Value
339      5    1.0
308      4    0.8
289      4    0.8
244      4    0.8
221      4    0.8
59       4    0.8
212      4    0.8
504      4    0.8
369      4    0.8
481      4    0.8
93       4    0.8
491      4    0.8
347      4    0.8
257      3    0.6
209      3    0.6
359      3    0.6
2        3    0.6
311      3    0.6
9        3    0.6
276      3    0.6
     Count  Value
339      5    1.0
308      4    0.8
289      4    0.8
244      4    0.8
221      4    0.8
59       4    0.8
212      4    0.8
504      4    0.8
369      4    0.8
481      4    0.8
Current: [59, 93, 212, 221, 244, 289, 308, 339, 347, 369, 481, 491, 504]
Subround 6
not enough
     Count     Value
339      6  1.000000
244      5  0.833333
212      5  0.833333
369      5  0.833333
347      5  0.833333
308      5  0.833333
491      5  0.833333
59       5  0.833333
314      4  0.666667
29       4  0.666667
201      4  0.666667
185      4  0.666667
390      4  0.666667
120      4  0.666667
481      4  0.666667
126      4  0.666667
358      4  0.666667
345      4  0.666667
488      4  0.666667
34       4  0.666667
     Count     Value
339      6  1.000000
244      5  0.833333
212      5  0.833333
369      5  0.833333
347      5  0.833333
308      5  0.833333
491      5  0.833333
59       5  0.833333
314      4  0.666667
29       4  0.666667
Current: [59, 212, 244, 308, 339, 347, 369, 491]
Subround 7
not enough
     Count     Value
339      7  1.000000
59       6  0.857143
125      5  0.714286
148      5  0.714286
73       5  0.714286
246      5  0.714286
312      5  0.714286
197      5  0.714286
308      5  0.714286
491      5  0.714286
97       5  0.714286
393      5  0.714286
369      5  0.714286
88       5  0.714286
12       5  0.714286
175      5  0.714286
147      5  0.714286
203      5  0.714286
321      5  0.714286
236      5  0.714286
     Count     Value
339      7  1.000000
59       6  0.857143
125      5  0.714286
148      5  0.714286
73       5  0.714286
246      5  0.714286
312      5  0.714286
197      5  0.714286
308      5  0.714286
491      5  0.714286
Current: [5, 6, 12, 15, 59, 73, 88, 97, 119, 125, 147, 148, 175, 185, 197, 203, 209, 212, 221, 236, 244, 246, 282, 308, 309, 312, 321, 327, 339, 344, 345, 347, 369, 393, 445, 481, 487, 491, 504, 506]
Subround 8
not enough
     Count  Value
339      7  0.875
344      6  0.750
491      6  0.750
119      6  0.750
147      6  0.750
175      6  0.750
73       6  0.750
312      6  0.750
221      6  0.750
209      6  0.750
282      6  0.750
504      6  0.750
244      6  0.750
369      6  0.750
148      6  0.750
236      6  0.750
506      6  0.750
59       6  0.750
6        6  0.750
345      5  0.625
     Count  Value
339      7  0.875
344      6  0.750
491      6  0.750
119      6  0.750
147      6  0.750
175      6  0.750
73       6  0.750
312      6  0.750
221      6  0.750
209      6  0.750
Current: [6, 59, 73, 119, 147, 148, 175, 209, 221, 236, 244, 282, 312, 339, 344, 369, 491, 504, 506]
Subround 9
not enough
     Count     Value
339      8  0.888889
369      7  0.777778
175      7  0.777778
119      7  0.777778
209      7  0.777778
6        7  0.777778
344      7  0.777778
312      7  0.777778
59       7  0.777778
483      6  0.666667
147      6  0.666667
12       6  0.666667
395      6  0.666667
435      6  0.666667
236      6  0.666667
393      6  0.666667
430      6  0.666667
15       6  0.666667
172      6  0.666667
321      6  0.666667
     Count     Value
339      8  0.888889
369      7  0.777778
175      7  0.777778
119      7  0.777778
209      7  0.777778
6        7  0.777778
344      7  0.777778
312      7  0.777778
59       7  0.777778
483      6  0.666667
Current: [6, 59, 119, 175, 209, 312, 339, 344, 369]
Subround 10
not enough
     Count  Value
339      9    0.9
312      8    0.8
175      8    0.8
344      8    0.8
119      8    0.8
236      7    0.7
435      7    0.7
430      7    0.7
265      7    0.7
481      7    0.7
191      7    0.7
393      7    0.7
506      7    0.7
476      7    0.7
308      7    0.7
292      7    0.7
153      7    0.7
246      7    0.7
195      7    0.7
73       7    0.7
     Count  Value
339      9    0.9
312      8    0.8
175      8    0.8
344      8    0.8
119      8    0.8
236      7    0.7
435      7    0.7
430      7    0.7
265      7    0.7
481      7    0.7
Current: [119, 175, 312, 339, 344]
Subround 11
not enough
     Count     Value
339     10  0.909091
175      8  0.727273
6        8  0.727273
59       8  0.727273
379      8  0.727273
344      8  0.727273
119      8  0.727273
481      8  0.727273
312      8  0.727273
209      8  0.727273
321      7  0.636364
395      7  0.636364
236      7  0.636364
12       7  0.636364
435      7  0.636364
397      7  0.636364
85       7  0.636364
141      7  0.636364
148      7  0.636364
113      7  0.636364
     Count     Value
339     10  0.909091
175      8  0.727273
6        8  0.727273
59       8  0.727273
379      8  0.727273
344      8  0.727273
119      8  0.727273
481      8  0.727273
312      8  0.727273
209      8  0.727273
Current: [6, 59, 119, 175, 209, 312, 339, 344, 379, 481]
Subround 12
not enough
     Count     Value
339     11  0.916667
59       9  0.750000
119      9  0.750000
379      9  0.750000
312      9  0.750000
397      8  0.666667
55       8  0.666667
124      8  0.666667
430      8  0.666667
421      8  0.666667
450      8  0.666667
84       8  0.666667
73       8  0.666667
221      8  0.666667
243      8  0.666667
97       8  0.666667
209      8  0.666667
481      8  0.666667
12       8  0.666667
491      8  0.666667
     Count     Value
339     11  0.916667
59       9  0.750000
119      9  0.750000
379      9  0.750000
312      9  0.750000
397      8  0.666667
55       8  0.666667
124      8  0.666667
430      8  0.666667
421      8  0.666667
Current: [59, 119, 312, 339, 379]
Subround 13
not enough
     Count     Value
339     12  0.923077
379     10  0.769231
312     10  0.769231
59      10  0.769231
47       9  0.692308
344      9  0.692308
300      9  0.692308
73       9  0.692308
153      9  0.692308
55       9  0.692308
504      9  0.692308
397      9  0.692308
292      9  0.692308
119      9  0.692308
197      9  0.692308
6        9  0.692308
7        8  0.615385
246      8  0.615385
138      8  0.615385
167      8  0.615385
     Count     Value
339     12  0.923077
379     10  0.769231
312     10  0.769231
59      10  0.769231
47       9  0.692308
344      9  0.692308
300      9  0.692308
73       9  0.692308
153      9  0.692308
55       9  0.692308
Current: [59, 312, 339, 379]
Subround 14
not enough
     Count     Value
339     13  0.928571
312     11  0.785714
292     10  0.714286
504     10  0.714286
379     10  0.714286
6       10  0.714286
59      10  0.714286
300     10  0.714286
489      9  0.642857
125      9  0.642857
491      9  0.642857
321      9  0.642857
93       9  0.642857
393      9  0.642857
358      9  0.642857
425      9  0.642857
502      9  0.642857
344      9  0.642857
259      9  0.642857
241      9  0.642857
     Count     Value
339     13  0.928571
312     11  0.785714
292     10  0.714286
504     10  0.714286
379     10  0.714286
6       10  0.714286
59      10  0.714286
300     10  0.714286
489      9  0.642857
125      9  0.642857
Current: [6, 59, 292, 300, 312, 339, 379, 504]
Subround 15
not enough
     Count     Value
339     14  0.933333
59      11  0.733333
379     11  0.733333
312     11  0.733333
285     10  0.666667
449     10  0.666667
327     10  0.666667
397     10  0.666667
395     10  0.666667
55      10  0.666667
344     10  0.666667
393     10  0.666667
119     10  0.666667
321     10  0.666667
251     10  0.666667
506     10  0.666667
477     10  0.666667
47      10  0.666667
358     10  0.666667
504     10  0.666667
     Count     Value
339     14  0.933333
59      11  0.733333
379     11  0.733333
312     11  0.733333
285     10  0.666667
449     10  0.666667
327     10  0.666667
397     10  0.666667
395     10  0.666667
55      10  0.666667
Current: [59, 312, 339, 379]
Subround 16
not enough
     Count   Value
339     14  0.8750
312     12  0.7500
395     11  0.6875
6       11  0.6875
397     11  0.6875
449     11  0.6875
379     11  0.6875
358     11  0.6875
327     11  0.6875
59      11  0.6875
157     11  0.6875
300     11  0.6875
487     10  0.6250
105     10  0.6250
285     10  0.6250
203     10  0.6250
363     10  0.6250
292     10  0.6250
246     10  0.6250
218     10  0.6250
     Count   Value
339     14  0.8750
312     12  0.7500
395     11  0.6875
6       11  0.6875
397     11  0.6875
449     11  0.6875
379     11  0.6875
358     11  0.6875
327     11  0.6875
59      11  0.6875
Current: [312, 339]
Subround 17
not enough
     Count     Value
339     15  0.882353
358     12  0.705882
300     12  0.705882
379     12  0.705882
59      12  0.705882
157     12  0.705882
395     12  0.705882
312     12  0.705882
393     11  0.647059
191     11  0.647059
397     11  0.647059
304     11  0.647059
481     11  0.647059
251     11  0.647059
138     11  0.647059
146     11  0.647059
171     11  0.647059
449     11  0.647059
119     11  0.647059
132     11  0.647059
     Count     Value
339     15  0.882353
358     12  0.705882
300     12  0.705882
379     12  0.705882
59      12  0.705882
157     12  0.705882
395     12  0.705882
312     12  0.705882
393     11  0.647059
191     11  0.647059
Current: [59, 157, 300, 312, 339, 358, 379, 395]
Subround 18
not enough
     Count     Value
339     16  0.888889
59      13  0.722222
358     13  0.722222
395     13  0.722222
449     12  0.666667
327     12  0.666667
345     12  0.666667
481     12  0.666667
132     12  0.666667
310     12  0.666667
203     12  0.666667
393     12  0.666667
300     12  0.666667
379     12  0.666667
387     12  0.666667
69      12  0.666667
312     12  0.666667
19      12  0.666667
195     12  0.666667
157     12  0.666667
     Count     Value
339     16  0.888889
59      13  0.722222
358     13  0.722222
395     13  0.722222
449     12  0.666667
327     12  0.666667
345     12  0.666667
481     12  0.666667
132     12  0.666667
310     12  0.666667
Current: [59, 339, 358, 395]
Subround 19
not enough
     Count     Value
339     16  0.842105
358     14  0.736842
157     13  0.684211
397     13  0.684211
72      13  0.684211
309     13  0.684211
312     13  0.684211
481     13  0.684211
285     13  0.684211
395     13  0.684211
310     13  0.684211
300     13  0.684211
59      13  0.684211
321     12  0.631579
335     12  0.631579
345     12  0.631579
153     12  0.631579
435     12  0.631579
191     12  0.631579
393     12  0.631579
     Count     Value
339     16  0.842105
358     14  0.736842
157     13  0.684211
397     13  0.684211
72      13  0.684211
309     13  0.684211
312     13  0.684211
481     13  0.684211
285     13  0.684211
395     13  0.684211
Current: [339, 358]
Subround 20
     Count  Value
339     17   0.85
300     14   0.70
310     14   0.70
397     14   0.70
312     14   0.70
157     14   0.70
358     14   0.70
309     13   0.65
421     13   0.65
19      13   0.65
141     13   0.65
29      13   0.65
94      13   0.65
204     13   0.65
506     13   0.65
72      13   0.65
185     13   0.65
191     13   0.65
481     13   0.65
132     13   0.65
     Count  Value
339     17   0.85
300     14   0.70
310     14   0.70
397     14   0.70
312     14   0.70
157     14   0.70
358     14   0.70
309     13   0.65
421     13   0.65
19      13   0.65
Current: [339]
Winning offset:
[339]
2021-09-08 03:53:49.893316
2021-09-08 03:54:58.003366
0:01:08.110050
