Loading page file profiles/lab06/pages/0x2a44b.yaml
Loading page file profiles/lab06/pages/0x2a460.yaml
Loading page file profiles/lab06/pages/0x2a4e3.yaml
Loading page file profiles/lab06/pages/0x2a4e5.yaml
Loading page file profiles/lab06/pages/0x2a800.yaml
Loading page file profiles/lab06/pages/0x2a804.yaml
Loading page file profiles/lab06/pages/0x2a805.yaml
Round 1
Subround 1
not enough
     Count  Value
382      1    1.0
375      1    1.0
165      1    1.0
69       1    1.0
487      1    1.0
65       1    1.0
357      1    1.0
350      1    1.0
67       1    1.0
55       1    1.0
379      1    1.0
333      1    1.0
510      1    1.0
53       1    1.0
299      1    1.0
381      1    1.0
441      1    1.0
195      1    1.0
72       1    1.0
80       1    1.0
     Count  Value
382      1    1.0
375      1    1.0
165      1    1.0
69       1    1.0
487      1    1.0
65       1    1.0
357      1    1.0
350      1    1.0
67       1    1.0
55       1    1.0
Current: [0, 2, 3, 4, 5, 7, 8, 11, 16, 17, 18, 19, 20, 21, 22, 26, 28, 32, 33, 35, 36, 38, 39, 42, 45, 46, 48, 49, 50, 53, 54, 55, 59, 60, 65, 66, 67, 69, 70, 72, 73, 74, 75, 76, 78, 79, 80, 82, 86, 89, 90, 91, 92, 96, 98, 99, 100, 101, 108, 111, 116, 120, 122, 124, 125, 126, 128, 135, 136, 139, 142, 144, 148, 149, 152, 154, 155, 157, 159, 163, 164, 165, 166, 167, 168, 169, 171, 172, 174, 175, 176, 178, 179, 180, 181, 183, 186, 187, 188, 191, 192, 195, 198, 202, 205, 207, 208, 210, 214, 216, 217, 219, 221, 224, 227, 231, 232, 235, 236, 241, 245, 246, 248, 249, 250, 256, 264, 265, 270, 271, 273, 277, 281, 283, 284, 285, 286, 288, 289, 290, 291, 293, 294, 298, 299, 303, 304, 305, 306, 308, 309, 312, 313, 314, 318, 319, 321, 322, 325, 326, 327, 329, 331, 333, 334, 335, 336, 339, 342, 346, 348, 350, 353, 355, 356, 357, 361, 364, 365, 366, 367, 368, 370, 372, 373, 374, 375, 378, 379, 381, 382, 383, 385, 386, 387, 388, 390, 394, 396, 401, 402, 405, 406, 407, 409, 411, 414, 417, 418, 420, 423, 424, 425, 427, 431, 432, 433, 434, 435, 436, 440, 441, 443, 445, 446, 448, 449, 450, 451, 456, 457, 458, 461, 463, 464, 465, 466, 469, 474, 475, 478, 481, 483, 484, 487, 493, 498, 500, 502, 503, 505, 506, 507, 508, 509, 510]
Subround 2
not enough
     Count  Value
235      2    1.0
59       2    1.0
221      2    1.0
89       2    1.0
21       2    1.0
0        2    1.0
124      2    1.0
335      2    1.0
2        2    1.0
339      2    1.0
159      2    1.0
313      2    1.0
181      2    1.0
314      2    1.0
231      2    1.0
246      2    1.0
165      2    1.0
69       2    1.0
487      2    1.0
357      2    1.0
     Count  Value
235      2    1.0
59       2    1.0
221      2    1.0
89       2    1.0
21       2    1.0
0        2    1.0
124      2    1.0
335      2    1.0
2        2    1.0
339      2    1.0
Current: [0, 2, 3, 11, 17, 20, 21, 22, 36, 38, 39, 46, 49, 53, 55, 59, 60, 69, 74, 76, 79, 80, 82, 89, 98, 100, 108, 124, 125, 126, 155, 159, 164, 165, 168, 169, 174, 175, 179, 181, 183, 186, 188, 192, 195, 198, 202, 207, 208, 210, 214, 217, 219, 221, 224, 227, 231, 232, 235, 236, 245, 246, 248, 249, 250, 256, 264, 265, 271, 277, 283, 288, 291, 293, 298, 299, 304, 306, 308, 313, 314, 318, 321, 322, 333, 334, 335, 336, 339, 353, 355, 356, 357, 365, 366, 368, 372, 378, 381, 383, 387, 388, 390, 394, 396, 402, 405, 411, 420, 423, 427, 431, 433, 435, 440, 448, 450, 451, 456, 458, 464, 466, 469, 475, 478, 481, 483, 484, 487, 498, 500, 502, 503, 506, 509]
Subround 3
not enough
     Count  Value
335      3    1.0
179      3    1.0
192      3    1.0
20       3    1.0
368      3    1.0
126      3    1.0
334      3    1.0
232      3    1.0
440      3    1.0
60       3    1.0
169      3    1.0
509      3    1.0
298      3    1.0
198      3    1.0
186      3    1.0
256      3    1.0
313      3    1.0
76       3    1.0
396      3    1.0
125      3    1.0
     Count  Value
335      3    1.0
179      3    1.0
192      3    1.0
20       3    1.0
368      3    1.0
126      3    1.0
334      3    1.0
232      3    1.0
440      3    1.0
60       3    1.0
Current: [0, 2, 3, 11, 17, 20, 21, 22, 36, 38, 39, 46, 49, 55, 59, 60, 69, 74, 76, 79, 80, 82, 98, 100, 108, 124, 125, 126, 155, 159, 164, 165, 168, 169, 175, 179, 181, 186, 188, 192, 195, 198, 202, 207, 208, 210, 217, 219, 221, 231, 232, 235, 245, 246, 248, 249, 250, 256, 264, 265, 271, 277, 283, 291, 298, 299, 304, 306, 308, 313, 314, 318, 333, 334, 335, 336, 339, 353, 355, 357, 365, 366, 368, 372, 378, 381, 383, 387, 388, 390, 394, 396, 402, 405, 411, 420, 423, 427, 431, 435, 440, 450, 451, 456, 458, 466, 469, 475, 478, 481, 483, 484, 487, 498, 500, 502, 503, 506, 509]
Subround 4
not enough
     Count  Value
353      4    1.0
175      4    1.0
217      4    1.0
456      4    1.0
440      4    1.0
431      4    1.0
232      4    1.0
265      4    1.0
20       4    1.0
3        4    1.0
378      4    1.0
168      4    1.0
179      4    1.0
277      4    1.0
271      4    1.0
298      4    1.0
405      4    1.0
108      4    1.0
509      4    1.0
169      4    1.0
     Count  Value
353      4    1.0
175      4    1.0
217      4    1.0
456      4    1.0
440      4    1.0
431      4    1.0
232      4    1.0
265      4    1.0
20       4    1.0
3        4    1.0
Current: [0, 2, 3, 10, 11, 13, 17, 20, 21, 22, 27, 32, 36, 38, 39, 46, 47, 49, 55, 58, 59, 60, 63, 69, 72, 74, 76, 77, 79, 80, 82, 83, 85, 89, 94, 95, 98, 100, 102, 107, 108, 124, 125, 126, 132, 133, 137, 141, 145, 153, 155, 159, 161, 164, 165, 168, 169, 173, 175, 179, 181, 184, 186, 188, 189, 192, 195, 197, 198, 202, 207, 208, 209, 210, 215, 217, 218, 219, 221, 222, 227, 228, 230, 231, 232, 234, 235, 238, 240, 245, 246, 247, 248, 249, 250, 253, 256, 258, 264, 265, 271, 274, 277, 283, 288, 291, 293, 298, 299, 304, 306, 308, 313, 314, 318, 328, 333, 334, 335, 336, 339, 351, 353, 355, 356, 357, 365, 366, 368, 372, 375, 378, 381, 382, 383, 387, 388, 390, 393, 394, 396, 398, 399, 402, 403, 405, 411, 420, 423, 427, 431, 435, 440, 444, 448, 450, 451, 456, 457, 458, 459, 466, 467, 469, 472, 475, 477, 478, 481, 482, 483, 484, 487, 490, 492, 494, 498, 500, 502, 503, 504, 506, 509]
Subround 5
not enough
     Count  Value
353      5    1.0
357      5    1.0
335      5    1.0
60       5    1.0
175      5    1.0
420      5    1.0
80       5    1.0
502      5    1.0
159      5    1.0
339      5    1.0
456      5    1.0
431      5    1.0
509      5    1.0
169      5    1.0
378      5    1.0
299      5    1.0
3        5    1.0
405      5    1.0
498      5    1.0
366      5    1.0
     Count  Value
353      5    1.0
357      5    1.0
335      5    1.0
60       5    1.0
175      5    1.0
420      5    1.0
80       5    1.0
502      5    1.0
159      5    1.0
339      5    1.0
Current: [0, 3, 20, 21, 22, 32, 36, 38, 47, 49, 58, 60, 69, 77, 80, 82, 83, 94, 95, 98, 100, 102, 107, 108, 124, 125, 132, 133, 141, 155, 159, 161, 164, 168, 169, 175, 179, 181, 184, 186, 188, 195, 197, 198, 202, 208, 209, 210, 215, 217, 218, 231, 232, 234, 235, 240, 245, 247, 248, 250, 256, 264, 265, 271, 274, 277, 283, 291, 298, 299, 308, 328, 333, 334, 335, 339, 351, 353, 357, 366, 372, 375, 378, 383, 388, 393, 394, 399, 405, 420, 427, 431, 435, 440, 444, 450, 451, 456, 459, 467, 475, 477, 478, 481, 482, 487, 494, 498, 500, 502, 509]
Subround 6
not enough
     Count     Value
256      6  1.000000
21       6  1.000000
277      6  1.000000
159      6  1.000000
509      6  1.000000
378      6  1.000000
175      6  1.000000
231      6  1.000000
498      6  1.000000
357      6  1.000000
366      6  1.000000
308      6  1.000000
339      6  1.000000
208      6  1.000000
155      6  1.000000
250      5  0.833333
69       5  0.833333
20       5  0.833333
168      5  0.833333
3        5  0.833333
     Count  Value
256      6    1.0
21       6    1.0
277      6    1.0
159      6    1.0
509      6    1.0
378      6    1.0
175      6    1.0
231      6    1.0
498      6    1.0
357      6    1.0
Current: [0, 3, 20, 21, 36, 47, 49, 58, 60, 69, 77, 80, 94, 108, 124, 141, 155, 159, 164, 168, 169, 175, 181, 184, 197, 202, 208, 210, 217, 218, 231, 232, 234, 240, 245, 247, 248, 250, 256, 264, 271, 274, 277, 298, 299, 308, 328, 334, 335, 339, 351, 353, 357, 366, 372, 375, 378, 383, 394, 405, 420, 431, 440, 451, 456, 459, 477, 487, 494, 498, 502, 509]
Subround 7
not enough
     Count     Value
366      7  1.000000
231      7  1.000000
277      7  1.000000
498      7  1.000000
339      7  1.000000
256      7  1.000000
21       7  1.000000
208      6  0.857143
197      6  0.857143
94       6  0.857143
159      6  0.857143
509      6  0.857143
335      6  0.857143
169      6  0.857143
0        6  0.857143
334      6  0.857143
175      6  0.857143
210      6  0.857143
60       6  0.857143
308      6  0.857143
     Count     Value
366      7  1.000000
231      7  1.000000
277      7  1.000000
498      7  1.000000
339      7  1.000000
256      7  1.000000
21       7  1.000000
208      6  0.857143
197      6  0.857143
94       6  0.857143
Current: [0, 3, 7, 13, 14, 17, 20, 21, 22, 29, 32, 36, 47, 49, 56, 57, 58, 59, 60, 64, 69, 77, 78, 80, 81, 83, 89, 94, 99, 102, 107, 108, 124, 126, 133, 141, 146, 151, 155, 159, 164, 168, 169, 172, 175, 179, 181, 184, 186, 188, 192, 197, 198, 202, 205, 208, 210, 217, 218, 221, 228, 231, 232, 234, 235, 240, 245, 247, 248, 250, 253, 256, 264, 265, 271, 274, 275, 277, 283, 298, 299, 304, 308, 313, 314, 318, 328, 331, 333, 334, 335, 339, 351, 353, 355, 356, 357, 364, 365, 366, 372, 373, 375, 378, 381, 383, 390, 394, 402, 403, 405, 410, 420, 427, 431, 440, 441, 444, 451, 456, 459, 469, 477, 479, 481, 482, 484, 486, 487, 492, 494, 498, 502, 504, 506, 507, 509]
Subround 8
not enough
     Count  Value
498      8  1.000
21       8  1.000
339      8  1.000
277      8  1.000
366      8  1.000
256      8  1.000
60       7  0.875
47       7  0.875
248      7  0.875
197      7  0.875
502      7  0.875
420      7  0.875
175      7  0.875
308      7  0.875
218      7  0.875
459      7  0.875
141      7  0.875
94       7  0.875
155      7  0.875
231      7  0.875
     Count  Value
498      8  1.000
21       8  1.000
339      8  1.000
277      8  1.000
366      8  1.000
256      8  1.000
60       7  0.875
47       7  0.875
248      7  0.875
197      7  0.875
Current: [0, 3, 7, 17, 21, 29, 36, 47, 56, 58, 59, 60, 69, 78, 80, 94, 102, 107, 108, 124, 133, 141, 146, 155, 159, 164, 168, 169, 172, 175, 181, 186, 188, 197, 202, 205, 208, 210, 218, 221, 231, 232, 245, 247, 248, 250, 253, 256, 264, 274, 277, 283, 298, 299, 304, 308, 314, 318, 334, 335, 339, 351, 353, 355, 357, 365, 366, 372, 375, 378, 381, 383, 390, 410, 420, 441, 444, 451, 459, 469, 479, 481, 482, 487, 492, 494, 498, 502, 504, 506, 507, 509]
Subround 9
not enough
     Count     Value
277      9  1.000000
366      9  1.000000
339      9  1.000000
498      9  1.000000
256      9  1.000000
155      8  0.888889
248      8  0.888889
420      8  0.888889
60       8  0.888889
175      8  0.888889
141      8  0.888889
21       8  0.888889
357      8  0.888889
308      8  0.888889
459      8  0.888889
481      7  0.777778
482      7  0.777778
299      7  0.777778
94       7  0.777778
298      7  0.777778
     Count     Value
277      9  1.000000
366      9  1.000000
339      9  1.000000
498      9  1.000000
256      9  1.000000
155      8  0.888889
248      8  0.888889
420      8  0.888889
60       8  0.888889
175      8  0.888889
Current: [7, 21, 47, 56, 58, 59, 60, 69, 78, 80, 94, 102, 108, 124, 133, 141, 146, 155, 164, 169, 175, 181, 186, 197, 202, 218, 231, 232, 245, 247, 248, 253, 256, 264, 277, 283, 298, 299, 304, 308, 314, 318, 335, 339, 357, 366, 372, 375, 381, 410, 420, 441, 459, 481, 482, 487, 492, 498, 502, 504, 506]
Subround 10
not enough
     Count  Value
498     10    1.0
366     10    1.0
256     10    1.0
339     10    1.0
21       9    0.9
277      9    0.9
308      9    0.9
155      9    0.9
420      9    0.9
60       9    0.9
299      8    0.8
375      8    0.8
169      8    0.8
482      8    0.8
298      8    0.8
253      8    0.8
175      8    0.8
80       8    0.8
231      8    0.8
357      8    0.8
     Count  Value
498     10    1.0
366     10    1.0
256     10    1.0
339     10    1.0
21       9    0.9
277      9    0.9
308      9    0.9
155      9    0.9
420      9    0.9
60       9    0.9
Current: [21, 59, 60, 69, 78, 80, 124, 133, 141, 146, 155, 164, 169, 175, 181, 186, 218, 231, 245, 247, 248, 253, 256, 264, 277, 283, 298, 299, 304, 308, 339, 357, 366, 375, 410, 420, 459, 482, 487, 498, 506]
Subround 11
not enough
     Count     Value
498     11  1.000000
256     11  1.000000
339     11  1.000000
366     11  1.000000
277     10  0.909091
308     10  0.909091
60      10  0.909091
21      10  0.909091
155     10  0.909091
482      9  0.818182
124      9  0.818182
59       9  0.818182
253      9  0.818182
181      9  0.818182
245      9  0.818182
231      9  0.818182
420      9  0.818182
69       9  0.818182
487      9  0.818182
169      9  0.818182
     Count     Value
498     11  1.000000
256     11  1.000000
339     11  1.000000
366     11  1.000000
277     10  0.909091
308     10  0.909091
60      10  0.909091
21      10  0.909091
155     10  0.909091
482      9  0.818182
Current: [13, 21, 26, 27, 29, 38, 58, 59, 60, 64, 69, 77, 78, 80, 89, 93, 107, 124, 133, 141, 146, 154, 155, 159, 164, 169, 172, 175, 181, 186, 197, 205, 218, 224, 231, 232, 245, 247, 248, 250, 253, 256, 264, 274, 277, 279, 283, 298, 299, 304, 308, 333, 334, 339, 341, 351, 357, 366, 371, 372, 375, 381, 382, 383, 388, 390, 410, 420, 440, 459, 475, 479, 482, 484, 485, 487, 494, 498, 506]
Subround 12
not enough
     Count     Value
339     12  1.000000
256     12  1.000000
498     11  0.916667
366     11  0.916667
308     11  0.916667
59      10  0.833333
487     10  0.833333
60      10  0.833333
245     10  0.833333
78      10  0.833333
21      10  0.833333
133     10  0.833333
124     10  0.833333
181     10  0.833333
69      10  0.833333
231     10  0.833333
218     10  0.833333
164     10  0.833333
155     10  0.833333
283     10  0.833333
     Count     Value
339     12  1.000000
256     12  1.000000
498     11  0.916667
366     11  0.916667
308     11  0.916667
59      10  0.833333
487     10  0.833333
60      10  0.833333
245     10  0.833333
78      10  0.833333
Current: [21, 26, 27, 38, 59, 60, 69, 78, 80, 93, 124, 133, 141, 146, 154, 155, 164, 169, 181, 186, 218, 231, 245, 247, 253, 256, 264, 274, 277, 283, 298, 299, 304, 308, 333, 339, 351, 366, 381, 382, 390, 410, 420, 440, 475, 482, 484, 487, 494, 498, 506]
Subround 13
not enough
     Count     Value
339     13  1.000000
256     12  0.923077
498     12  0.923077
181     11  0.846154
21      11  0.846154
60      11  0.846154
277     11  0.846154
155     11  0.846154
308     11  0.846154
366     11  0.846154
299     10  0.769231
78      10  0.769231
410     10  0.769231
169     10  0.769231
298     10  0.769231
487     10  0.769231
231     10  0.769231
80      10  0.769231
124     10  0.769231
381     10  0.769231
     Count     Value
339     13  1.000000
256     12  0.923077
498     12  0.923077
181     11  0.846154
21      11  0.846154
60      11  0.846154
277     11  0.846154
155     11  0.846154
308     11  0.846154
366     11  0.846154
Current: [21, 59, 60, 69, 78, 80, 124, 133, 146, 155, 164, 169, 181, 186, 218, 231, 245, 247, 253, 256, 264, 277, 283, 298, 299, 304, 308, 339, 366, 381, 410, 420, 482, 487, 498, 506]
Subround 14
not enough
     Count     Value
339     14  1.000000
256     13  0.928571
366     12  0.857143
181     12  0.857143
21      12  0.857143
155     12  0.857143
277     12  0.857143
498     12  0.857143
247     11  0.785714
169     11  0.785714
308     11  0.785714
381     11  0.785714
299     11  0.785714
487     11  0.785714
245     11  0.785714
283     11  0.785714
60      11  0.785714
59      11  0.785714
124     11  0.785714
264     11  0.785714
     Count     Value
339     14  1.000000
256     13  0.928571
366     12  0.857143
181     12  0.857143
21      12  0.857143
155     12  0.857143
277     12  0.857143
498     12  0.857143
247     11  0.785714
169     11  0.785714
Current: [21, 26, 27, 29, 38, 59, 60, 69, 78, 80, 89, 93, 107, 124, 133, 141, 146, 155, 164, 169, 175, 181, 186, 218, 231, 245, 247, 253, 256, 264, 277, 283, 298, 299, 304, 308, 334, 339, 341, 357, 366, 381, 382, 388, 410, 420, 459, 467, 482, 484, 485, 487, 498, 506]
Subround 15
not enough
     Count     Value
339     15  1.000000
256     14  0.933333
181     13  0.866667
366     13  0.866667
21      13  0.866667
155     13  0.866667
277     12  0.800000
245     12  0.800000
308     12  0.800000
133     12  0.800000
247     12  0.800000
498     12  0.800000
59      12  0.800000
124     12  0.800000
487     12  0.800000
299     12  0.800000
264     12  0.800000
506     11  0.733333
298     11  0.733333
29      11  0.733333
     Count     Value
339     15  1.000000
256     14  0.933333
181     13  0.866667
366     13  0.866667
21      13  0.866667
155     13  0.866667
277     12  0.800000
245     12  0.800000
308     12  0.800000
133     12  0.800000
Current: [21, 26, 27, 29, 59, 60, 78, 80, 89, 93, 107, 124, 133, 141, 155, 169, 175, 181, 245, 247, 253, 256, 264, 277, 283, 298, 299, 308, 334, 339, 357, 366, 381, 382, 410, 420, 459, 484, 485, 487, 498, 506]
Subround 16
not enough
     Count   Value
339     16  1.0000
256     14  0.8750
21      14  0.8750
124     13  0.8125
487     13  0.8125
308     13  0.8125
366     13  0.8125
247     13  0.8125
133     13  0.8125
299     13  0.8125
155     13  0.8125
181     13  0.8125
169     12  0.7500
277     12  0.7500
245     12  0.7500
357     12  0.7500
382     12  0.7500
59      12  0.7500
498     12  0.7500
78      12  0.7500
     Count   Value
339     16  1.0000
256     14  0.8750
21      14  0.8750
124     13  0.8125
487     13  0.8125
308     13  0.8125
366     13  0.8125
247     13  0.8125
133     13  0.8125
299     13  0.8125
Current: [21, 26, 27, 59, 78, 93, 124, 133, 141, 155, 169, 175, 181, 245, 247, 256, 264, 277, 283, 299, 308, 339, 357, 366, 382, 410, 420, 487, 498, 506]
Subround 17
not enough
     Count     Value
339     17  1.000000
21      15  0.882353
247     14  0.823529
181     14  0.823529
256     14  0.823529
155     14  0.823529
366     14  0.823529
26      13  0.764706
133     13  0.764706
245     13  0.764706
93      13  0.764706
382     13  0.764706
141     13  0.764706
299     13  0.764706
487     13  0.764706
59      13  0.764706
124     13  0.764706
506     13  0.764706
308     13  0.764706
410     13  0.764706
     Count     Value
339     17  1.000000
21      15  0.882353
247     14  0.823529
181     14  0.823529
256     14  0.823529
155     14  0.823529
366     14  0.823529
26      13  0.764706
133     13  0.764706
245     13  0.764706
Current: [16, 21, 26, 27, 59, 60, 78, 93, 94, 124, 133, 141, 146, 155, 169, 175, 181, 245, 247, 253, 256, 264, 277, 281, 283, 298, 299, 304, 307, 308, 318, 339, 357, 366, 382, 388, 405, 410, 411, 420, 459, 467, 484, 487, 498, 502, 503, 506]
Subround 18
not enough
     Count     Value
339     18  1.000000
181     15  0.833333
21      15  0.833333
155     15  0.833333
410     14  0.777778
256     14  0.777778
506     14  0.777778
366     14  0.777778
26      14  0.777778
133     14  0.777778
247     14  0.777778
141     14  0.777778
245     14  0.777778
382     14  0.777778
283     14  0.777778
420     13  0.722222
308     13  0.722222
298     13  0.722222
503     13  0.722222
467     13  0.722222
     Count     Value
339     18  1.000000
181     15  0.833333
21      15  0.833333
155     15  0.833333
410     14  0.777778
256     14  0.777778
506     14  0.777778
366     14  0.777778
26      14  0.777778
133     14  0.777778
Current: [16, 21, 26, 59, 60, 93, 94, 124, 133, 141, 146, 155, 181, 245, 247, 256, 264, 277, 283, 298, 299, 308, 339, 366, 382, 388, 410, 420, 467, 487, 502, 503, 506]
Subround 19
not enough
     Count     Value
339     19  1.000000
155     16  0.842105
283     15  0.789474
245     15  0.789474
21      15  0.789474
382     15  0.789474
141     15  0.789474
181     15  0.789474
277     14  0.736842
298     14  0.736842
503     14  0.736842
93      14  0.736842
124     14  0.736842
502     14  0.736842
299     14  0.736842
388     14  0.736842
308     14  0.736842
256     14  0.736842
26      14  0.736842
487     14  0.736842
     Count     Value
339     19  1.000000
155     16  0.842105
283     15  0.789474
245     15  0.789474
21      15  0.789474
382     15  0.789474
141     15  0.789474
181     15  0.789474
277     14  0.736842
298     14  0.736842
Current: [21, 26, 93, 124, 133, 141, 146, 155, 181, 245, 247, 256, 277, 283, 298, 299, 308, 339, 366, 382, 388, 410, 487, 502, 503, 506]
Subround 20
     Count  Value
339     20   1.00
382     16   0.80
141     16   0.80
283     16   0.80
21      16   0.80
155     16   0.80
245     16   0.80
277     15   0.75
26      15   0.75
502     15   0.75
366     15   0.75
506     15   0.75
256     15   0.75
181     15   0.75
487     15   0.75
503     15   0.75
410     15   0.75
388     15   0.75
93      15   0.75
371     14   0.70
     Count  Value
339     20   1.00
382     16   0.80
141     16   0.80
283     16   0.80
21      16   0.80
155     16   0.80
245     16   0.80
277     15   0.75
26      15   0.75
502     15   0.75
Current: [21, 26, 93, 141, 155, 181, 245, 256, 277, 283, 339, 366, 382, 388, 410, 487, 502, 503, 506]
Round 2
Subround 1
not enough
     Count     Value
339     21  1.000000
382     17  0.809524
155     17  0.809524
21      17  0.809524
245     17  0.809524
283     17  0.809524
26      16  0.761905
366     16  0.761905
277     16  0.761905
503     16  0.761905
141     16  0.761905
181     15  0.714286
410     15  0.714286
388     15  0.714286
93      15  0.714286
502     15  0.714286
506     15  0.714286
256     15  0.714286
487     15  0.714286
133     14  0.666667
     Count  Value
283      1    1.0
277      1    1.0
366      1    1.0
26       1    1.0
21       1    1.0
155      1    1.0
503      1    1.0
339      1    1.0
382      1    1.0
245      1    1.0
Current: [21, 155, 245, 283, 339, 382]
Subround 2
not enough
     Count     Value
339     22  1.000000
155     18  0.818182
382     17  0.772727
277     17  0.772727
26      17  0.772727
141     17  0.772727
21      17  0.772727
283     17  0.772727
245     17  0.772727
366     16  0.727273
506     16  0.727273
181     16  0.727273
487     16  0.727273
503     16  0.727273
93      16  0.727273
388     16  0.727273
410     15  0.681818
502     15  0.681818
256     15  0.681818
38      14  0.636364
     Count  Value
277      2    1.0
26       2    1.0
155      2    1.0
339      2    1.0
283      1    0.5
366      1    0.5
21       1    0.5
503      1    0.5
382      1    0.5
245      1    0.5
Current: [155, 339]
Subround 3
not enough
     Count     Value
339     23  1.000000
155     19  0.826087
277     18  0.782609
26      18  0.782609
141     18  0.782609
283     18  0.782609
382     17  0.739130
506     17  0.739130
21      17  0.739130
93      17  0.739130
245     17  0.739130
366     16  0.695652
181     16  0.695652
487     16  0.695652
503     16  0.695652
388     16  0.695652
410     16  0.695652
502     15  0.652174
256     15  0.652174
298     14  0.608696
     Count     Value
26       3  1.000000
155      3  1.000000
339      3  1.000000
277      3  1.000000
283      2  0.666667
506      2  0.666667
93       2  0.666667
141      2  0.666667
410      1  0.333333
181      1  0.333333
Current: [155, 339]
Subround 4
not enough
     Count     Value
339     23  0.958333
141     19  0.791667
283     19  0.791667
155     19  0.791667
382     18  0.750000
245     18  0.750000
26      18  0.750000
506     18  0.750000
93      18  0.750000
21      18  0.750000
277     18  0.750000
410     17  0.708333
388     17  0.708333
487     17  0.708333
366     16  0.666667
181     16  0.666667
503     16  0.666667
502     15  0.625000
256     15  0.625000
371     14  0.583333
     Count  Value
283      3   0.75
26       3   0.75
155      3   0.75
93       3   0.75
339      3   0.75
506      3   0.75
277      3   0.75
141      3   0.75
487      2   0.50
410      2   0.50
Current: [339]
Subround 5
not enough
     Count  Value
339     24   0.96
155     20   0.80
382     19   0.76
283     19   0.76
277     19   0.76
21      19   0.76
506     19   0.76
141     19   0.76
93      18   0.72
26      18   0.72
388     18   0.72
245     18   0.72
487     17   0.68
410     17   0.68
366     16   0.64
256     16   0.64
502     16   0.64
181     16   0.64
503     16   0.64
299     14   0.56
     Count  Value
506      4    0.8
155      4    0.8
277      4    0.8
339      4    0.8
283      3    0.6
382      3    0.6
388      3    0.6
93       3    0.6
141      3    0.6
21       3    0.6
Current: [339]
Subround 6
not enough
     Count     Value
339     25  0.961538
382     20  0.769231
155     20  0.769231
21      20  0.769231
141     19  0.730769
26      19  0.730769
277     19  0.730769
388     19  0.730769
283     19  0.730769
506     19  0.730769
245     18  0.692308
487     18  0.692308
93      18  0.692308
410     18  0.692308
366     17  0.653846
256     17  0.653846
181     16  0.615385
502     16  0.615385
503     16  0.615385
124     14  0.538462
     Count     Value
339      5  0.833333
506      4  0.666667
26       4  0.666667
21       4  0.666667
155      4  0.666667
382      4  0.666667
388      4  0.666667
277      4  0.666667
283      3  0.500000
375      3  0.500000
Current: [339]
Subround 7
not enough
     Count     Value
339     26  0.962963
382     21  0.777778
21      21  0.777778
141     20  0.740741
277     20  0.740741
155     20  0.740741
506     19  0.703704
245     19  0.703704
388     19  0.703704
487     19  0.703704
283     19  0.703704
26      19  0.703704
93      18  0.666667
410     18  0.666667
366     17  0.629630
181     17  0.629630
502     17  0.629630
503     17  0.629630
256     17  0.629630
124     14  0.518519
     Count     Value
339      6  0.857143
21       5  0.714286
382      5  0.714286
277      5  0.714286
141      4  0.571429
26       4  0.571429
155      4  0.571429
388      4  0.571429
487      4  0.571429
506      4  0.571429
Current: [339]
Subround 8
not enough
     Count     Value
339     26  0.928571
382     22  0.785714
21      22  0.785714
277     21  0.750000
26      20  0.714286
141     20  0.714286
155     20  0.714286
487     19  0.678571
93      19  0.678571
245     19  0.678571
506     19  0.678571
388     19  0.678571
410     19  0.678571
283     19  0.678571
502     18  0.642857
181     18  0.642857
503     18  0.642857
256     17  0.607143
366     17  0.607143
375     15  0.535714
     Count  Value
21       6  0.750
339      6  0.750
382      6  0.750
277      6  0.750
26       5  0.625
141      4  0.500
155      4  0.500
375      4  0.500
410      4  0.500
487      4  0.500
Current: [339]
Subround 9
not enough
     Count     Value
339     27  0.931034
382     22  0.758621
21      22  0.758621
277     21  0.724138
141     21  0.724138
155     21  0.724138
26      20  0.689655
283     20  0.689655
506     20  0.689655
245     20  0.689655
388     20  0.689655
410     19  0.655172
487     19  0.655172
502     19  0.655172
93      19  0.655172
503     18  0.620690
256     18  0.620690
181     18  0.620690
366     18  0.620690
375     15  0.517241
     Count     Value
339      7  0.777778
21       6  0.666667
382      6  0.666667
277      6  0.666667
141      5  0.555556
26       5  0.555556
155      5  0.555556
388      5  0.555556
506      5  0.555556
93       4  0.444444
Current: [339]
Subround 10
     Count     Value
339     28  0.933333
382     22  0.733333
141     22  0.733333
155     22  0.733333
21      22  0.733333
26      21  0.700000
245     21  0.700000
506     21  0.700000
277     21  0.700000
388     20  0.666667
502     20  0.666667
283     20  0.666667
487     19  0.633333
503     19  0.633333
256     19  0.633333
181     19  0.633333
93      19  0.633333
410     19  0.633333
366     18  0.600000
375     15  0.500000
     Count  Value
339      8    0.8
141      6    0.6
26       6    0.6
21       6    0.6
155      6    0.6
382      6    0.6
277      6    0.6
506      6    0.6
388      5    0.5
502      5    0.5
Current: [339]
Winning offset:
[339]
2021-09-08 03:56:39.992517
2021-09-08 03:58:18.294432
0:01:38.301915
