Loading page file profiles/lab06/pages/0x2a44b.yaml
Loading page file profiles/lab06/pages/0x2a460.yaml
Loading page file profiles/lab06/pages/0x2a4e3.yaml
Loading page file profiles/lab06/pages/0x2a4e5.yaml
Loading page file profiles/lab06/pages/0x2a800.yaml
Loading page file profiles/lab06/pages/0x2a804.yaml
Loading page file profiles/lab06/pages/0x2a805.yaml
Round 1
Subround 1
not enough
     Count  Value
40       1    1.0
479      1    1.0
227      1    1.0
91       1    1.0
245      1    1.0
289      1    1.0
310      1    1.0
443      1    1.0
472      1    1.0
148      1    1.0
342      1    1.0
497      1    1.0
444      1    1.0
389      1    1.0
379      1    1.0
288      1    1.0
112      1    1.0
341      1    1.0
353      1    1.0
450      1    1.0
     Count  Value
40       1    1.0
479      1    1.0
227      1    1.0
91       1    1.0
245      1    1.0
289      1    1.0
310      1    1.0
443      1    1.0
472      1    1.0
148      1    1.0
Current: [0, 1, 3, 4, 5, 6, 7, 10, 11, 12, 15, 16, 19, 21, 22, 23, 25, 26, 27, 29, 32, 36, 37, 40, 41, 42, 45, 46, 47, 50, 53, 54, 56, 60, 62, 63, 64, 67, 69, 70, 71, 73, 74, 76, 80, 84, 85, 87, 88, 91, 93, 95, 102, 103, 106, 107, 108, 109, 110, 112, 114, 115, 117, 118, 119, 121, 122, 123, 128, 131, 132, 134, 141, 144, 146, 148, 154, 155, 157, 158, 159, 161, 162, 164, 165, 169, 171, 173, 178, 180, 182, 185, 186, 188, 189, 192, 193, 196, 205, 209, 210, 211, 212, 215, 219, 220, 222, 223, 225, 226, 227, 228, 230, 231, 234, 237, 238, 240, 243, 244, 245, 249, 250, 254, 255, 258, 260, 263, 268, 273, 279, 282, 283, 284, 287, 288, 289, 293, 295, 297, 299, 301, 302, 304, 305, 306, 307, 310, 313, 314, 315, 316, 319, 321, 322, 325, 327, 332, 333, 334, 335, 336, 341, 342, 343, 346, 347, 349, 351, 353, 354, 360, 361, 362, 364, 369, 372, 375, 379, 382, 383, 385, 386, 387, 388, 389, 393, 396, 399, 402, 403, 406, 410, 412, 414, 415, 416, 418, 419, 421, 422, 423, 424, 425, 426, 427, 430, 431, 432, 433, 434, 437, 441, 442, 443, 444, 445, 448, 449, 450, 451, 453, 454, 458, 459, 460, 463, 464, 465, 466, 467, 469, 472, 473, 474, 476, 478, 479, 483, 485, 486, 487, 490, 491, 494, 495, 496, 497, 498, 499, 500, 501, 503, 505, 506, 511]
Subround 2
not enough
     Count  Value
40       2    1.0
437      2    1.0
396      2    1.0
10       2    1.0
185      2    1.0
64       2    1.0
336      2    1.0
343      2    1.0
158      2    1.0
360      2    1.0
23       2    1.0
335      2    1.0
162      2    1.0
91       2    1.0
245      2    1.0
472      2    1.0
497      2    1.0
389      2    1.0
288      2    1.0
69       2    1.0
     Count  Value
40       2    1.0
437      2    1.0
396      2    1.0
10       2    1.0
185      2    1.0
64       2    1.0
336      2    1.0
343      2    1.0
158      2    1.0
360      2    1.0
Current: [10, 15, 22, 23, 36, 37, 40, 41, 47, 56, 62, 63, 64, 69, 71, 74, 80, 91, 93, 107, 112, 114, 115, 117, 118, 123, 132, 134, 146, 154, 157, 158, 161, 162, 165, 178, 182, 185, 186, 192, 205, 211, 212, 215, 222, 225, 226, 228, 237, 243, 245, 250, 255, 263, 273, 279, 283, 284, 287, 288, 295, 301, 302, 305, 307, 313, 315, 316, 327, 334, 335, 336, 341, 343, 346, 349, 353, 360, 361, 382, 383, 386, 389, 393, 396, 399, 406, 414, 416, 418, 421, 422, 430, 432, 433, 434, 437, 441, 442, 445, 448, 450, 451, 459, 460, 464, 467, 469, 472, 476, 478, 479, 483, 490, 496, 497, 500, 501, 506]
Subround 3
not enough
     Count  Value
40       3    1.0
343      3    1.0
62       3    1.0
437      3    1.0
396      3    1.0
10       3    1.0
185      3    1.0
336      3    1.0
158      3    1.0
211      3    1.0
360      3    1.0
23       3    1.0
335      3    1.0
162      3    1.0
91       3    1.0
245      3    1.0
284      3    1.0
80       3    1.0
389      3    1.0
74       3    1.0
     Count  Value
40       3    1.0
343      3    1.0
62       3    1.0
437      3    1.0
396      3    1.0
10       3    1.0
185      3    1.0
336      3    1.0
158      3    1.0
211      3    1.0
Current: [10, 15, 22, 23, 36, 40, 41, 47, 56, 62, 63, 71, 74, 80, 91, 93, 107, 115, 117, 132, 146, 158, 161, 162, 178, 182, 185, 186, 192, 211, 212, 225, 226, 228, 237, 243, 245, 250, 263, 273, 279, 283, 284, 287, 288, 295, 301, 307, 313, 315, 316, 327, 334, 335, 336, 343, 346, 349, 353, 360, 361, 382, 383, 386, 389, 393, 396, 399, 406, 414, 416, 418, 421, 422, 430, 433, 434, 437, 441, 442, 445, 450, 451, 460, 467, 469, 472, 476, 479, 483, 490, 496, 500, 501, 506]
Subround 4
not enough
     Count  Value
40       4    1.0
346      4    1.0
23       4    1.0
360      4    1.0
158      4    1.0
437      4    1.0
62       4    1.0
315      4    1.0
211      4    1.0
80       4    1.0
71       4    1.0
434      4    1.0
273      4    1.0
283      4    1.0
212      4    1.0
225      4    1.0
22       4    1.0
501      4    1.0
295      4    1.0
226      4    1.0
     Count  Value
40       4    1.0
346      4    1.0
23       4    1.0
360      4    1.0
158      4    1.0
437      4    1.0
62       4    1.0
315      4    1.0
211      4    1.0
80       4    1.0
Current: [0, 10, 15, 20, 22, 23, 29, 30, 31, 34, 36, 38, 40, 41, 47, 53, 54, 56, 59, 61, 62, 63, 70, 71, 73, 74, 80, 90, 91, 93, 94, 96, 107, 112, 115, 117, 123, 127, 129, 132, 134, 139, 144, 146, 151, 152, 158, 161, 162, 165, 168, 176, 178, 182, 185, 186, 190, 192, 195, 198, 200, 207, 211, 212, 215, 222, 225, 226, 228, 230, 237, 240, 242, 243, 245, 248, 250, 263, 270, 272, 273, 274, 279, 283, 284, 287, 288, 290, 292, 295, 297, 301, 302, 305, 307, 310, 313, 315, 316, 317, 323, 327, 329, 334, 335, 336, 339, 343, 345, 346, 349, 353, 354, 360, 361, 367, 370, 373, 376, 380, 382, 383, 384, 386, 389, 393, 394, 396, 399, 406, 414, 415, 416, 418, 421, 422, 423, 430, 433, 434, 435, 437, 441, 442, 443, 445, 448, 450, 451, 457, 458, 459, 460, 462, 464, 465, 467, 469, 472, 476, 478, 479, 480, 483, 488, 490, 493, 496, 500, 501, 506, 508, 510]
Subround 5
not enough
     Count  Value
40       5    1.0
71       5    1.0
335      5    1.0
360      5    1.0
158      5    1.0
62       5    1.0
211      5    1.0
80       5    1.0
346      5    1.0
273      5    1.0
434      5    1.0
283      5    1.0
212      5    1.0
225      5    1.0
22       5    1.0
501      5    1.0
295      5    1.0
226      5    1.0
245      5    1.0
288      5    1.0
     Count  Value
40       5    1.0
71       5    1.0
335      5    1.0
360      5    1.0
158      5    1.0
62       5    1.0
211      5    1.0
80       5    1.0
346      5    1.0
273      5    1.0
Current: [0, 20, 22, 23, 29, 30, 31, 34, 36, 38, 40, 47, 53, 54, 59, 61, 62, 63, 70, 71, 73, 80, 90, 91, 93, 94, 96, 107, 112, 115, 117, 123, 127, 129, 139, 144, 151, 152, 158, 165, 168, 176, 178, 186, 190, 195, 198, 200, 207, 211, 212, 215, 222, 225, 226, 228, 242, 245, 248, 263, 270, 272, 273, 274, 279, 283, 288, 290, 292, 295, 297, 302, 305, 307, 310, 315, 317, 323, 327, 329, 334, 335, 339, 345, 346, 349, 353, 360, 367, 373, 376, 380, 383, 384, 386, 389, 394, 399, 406, 414, 415, 422, 423, 430, 433, 434, 435, 437, 441, 442, 443, 448, 450, 457, 458, 460, 462, 464, 465, 467, 469, 476, 478, 479, 483, 488, 493, 501, 508, 510]
Subround 6
not enough
     Count  Value
40       6    1.0
479      6    1.0
263      6    1.0
22       6    1.0
360      6    1.0
63       6    1.0
406      6    1.0
273      6    1.0
476      6    1.0
178      6    1.0
414      6    1.0
107      6    1.0
71       6    1.0
62       6    1.0
450      6    1.0
245      6    1.0
430      6    1.0
225      6    1.0
158      6    1.0
383      6    1.0
     Count  Value
40       6    1.0
479      6    1.0
263      6    1.0
22       6    1.0
360      6    1.0
63       6    1.0
406      6    1.0
273      6    1.0
476      6    1.0
178      6    1.0
Current: [0, 22, 23, 30, 36, 38, 40, 47, 53, 54, 59, 61, 62, 63, 70, 71, 80, 91, 94, 96, 107, 112, 115, 117, 139, 151, 152, 158, 178, 186, 190, 195, 198, 211, 212, 215, 222, 225, 226, 228, 245, 248, 263, 270, 273, 274, 279, 283, 288, 290, 295, 302, 307, 310, 315, 334, 335, 345, 346, 349, 353, 360, 373, 383, 384, 386, 399, 406, 414, 415, 422, 430, 433, 434, 437, 441, 442, 443, 448, 450, 457, 460, 465, 469, 476, 478, 479, 483, 488, 501]
Subround 7
not enough
     Count     Value
245      7  1.000000
273      7  1.000000
406      7  1.000000
40       6  0.857143
107      6  0.857143
422      6  0.857143
469      6  0.857143
22       6  0.857143
414      6  0.857143
334      6  0.857143
295      6  0.857143
279      6  0.857143
476      6  0.857143
263      6  0.857143
115      6  0.857143
63       6  0.857143
274      6  0.857143
270      6  0.857143
225      6  0.857143
212      6  0.857143
     Count     Value
245      7  1.000000
273      7  1.000000
406      7  1.000000
40       6  0.857143
107      6  0.857143
422      6  0.857143
469      6  0.857143
22       6  0.857143
414      6  0.857143
334      6  0.857143
Current: [0, 20, 22, 23, 29, 30, 31, 34, 36, 38, 40, 41, 47, 53, 54, 59, 61, 62, 63, 70, 71, 73, 80, 90, 91, 93, 94, 96, 106, 107, 112, 115, 117, 123, 127, 135, 139, 144, 149, 151, 152, 158, 161, 168, 176, 178, 186, 190, 195, 198, 200, 207, 211, 212, 215, 222, 225, 226, 228, 240, 242, 245, 248, 263, 270, 272, 273, 274, 279, 283, 288, 290, 292, 293, 295, 297, 302, 305, 307, 310, 313, 315, 317, 329, 334, 335, 345, 346, 349, 353, 360, 371, 373, 380, 382, 383, 384, 386, 389, 399, 406, 412, 414, 415, 422, 423, 430, 431, 433, 434, 435, 437, 441, 442, 443, 448, 450, 457, 458, 460, 462, 463, 464, 465, 467, 469, 476, 478, 479, 483, 488, 501, 508, 510]
Subround 8
not enough
     Count  Value
406      8  1.000
245      8  1.000
158      7  0.875
80       7  0.875
441      7  0.875
228      7  0.875
469      7  0.875
476      7  0.875
115      7  0.875
36       7  0.875
222      7  0.875
430      7  0.875
335      7  0.875
178      7  0.875
248      7  0.875
279      7  0.875
307      7  0.875
295      7  0.875
22       7  0.875
71       7  0.875
     Count  Value
406      8  1.000
245      8  1.000
158      7  0.875
80       7  0.875
441      7  0.875
228      7  0.875
469      7  0.875
476      7  0.875
115      7  0.875
36       7  0.875
Current: [22, 30, 36, 38, 40, 47, 59, 62, 63, 71, 80, 90, 91, 93, 94, 106, 107, 115, 117, 139, 144, 149, 152, 158, 178, 186, 195, 200, 207, 211, 212, 215, 222, 225, 228, 242, 245, 248, 263, 270, 273, 274, 279, 288, 290, 295, 297, 302, 307, 310, 315, 317, 334, 335, 345, 346, 349, 353, 360, 371, 373, 382, 383, 389, 399, 406, 414, 415, 422, 423, 430, 434, 441, 442, 443, 450, 457, 458, 460, 465, 467, 469, 476, 478, 479, 483, 508]
Subround 9
not enough
     Count     Value
406      9  1.000000
245      9  1.000000
476      8  0.888889
307      8  0.888889
279      8  0.888889
222      8  0.888889
295      8  0.888889
228      8  0.888889
115      8  0.888889
178      8  0.888889
36       8  0.888889
22       8  0.888889
80       8  0.888889
215      8  0.888889
373      8  0.888889
71       8  0.888889
273      8  0.888889
483      8  0.888889
211      7  0.777778
450      7  0.777778
     Count     Value
406      9  1.000000
245      9  1.000000
476      8  0.888889
307      8  0.888889
279      8  0.888889
222      8  0.888889
295      8  0.888889
228      8  0.888889
115      8  0.888889
178      8  0.888889
Current: [22, 36, 38, 40, 47, 63, 71, 80, 94, 106, 115, 139, 144, 149, 152, 158, 178, 195, 207, 211, 212, 215, 222, 228, 242, 245, 248, 273, 279, 288, 290, 295, 302, 307, 310, 315, 317, 335, 349, 360, 373, 382, 383, 389, 406, 422, 423, 430, 441, 442, 450, 457, 458, 460, 465, 469, 476, 478, 479, 483, 508]
Subround 10
not enough
     Count  Value
245     10    1.0
80       9    0.9
476      9    0.9
36       9    0.9
178      9    0.9
406      9    0.9
307      9    0.9
222      9    0.9
215      9    0.9
71       9    0.9
22       9    0.9
228      9    0.9
483      9    0.9
389      8    0.8
288      8    0.8
478      8    0.8
441      8    0.8
115      8    0.8
315      8    0.8
63       8    0.8
     Count  Value
245     10    1.0
80       9    0.9
476      9    0.9
36       9    0.9
178      9    0.9
406      9    0.9
307      9    0.9
222      9    0.9
215      9    0.9
71       9    0.9
Current: [22, 36, 63, 71, 80, 115, 139, 149, 152, 158, 178, 195, 211, 212, 215, 222, 228, 245, 273, 279, 288, 295, 307, 315, 317, 335, 360, 373, 382, 389, 406, 423, 430, 441, 442, 469, 476, 478, 479, 483]
Subround 11
not enough
     Count     Value
245     11  1.000000
222     10  0.909091
476     10  0.909091
406     10  0.909091
71      10  0.909091
228     10  0.909091
307     10  0.909091
215     10  0.909091
22       9  0.818182
479      9  0.818182
430      9  0.818182
36       9  0.818182
295      9  0.818182
178      9  0.818182
315      9  0.818182
335      9  0.818182
279      9  0.818182
373      9  0.818182
80       9  0.818182
273      9  0.818182
     Count     Value
245     11  1.000000
222     10  0.909091
476     10  0.909091
406     10  0.909091
71      10  0.909091
228     10  0.909091
307     10  0.909091
215     10  0.909091
22       9  0.818182
479      9  0.818182
Current: [22, 29, 36, 47, 62, 63, 71, 80, 93, 104, 106, 115, 139, 149, 152, 158, 165, 169, 178, 195, 207, 211, 212, 215, 222, 228, 242, 245, 273, 279, 282, 284, 288, 290, 295, 305, 307, 310, 315, 317, 335, 349, 351, 360, 361, 373, 382, 389, 406, 418, 422, 423, 430, 432, 441, 442, 445, 457, 458, 460, 464, 465, 469, 476, 478, 479, 483, 496]
Subround 12
not enough
     Count     Value
245     11  0.916667
307     11  0.916667
228     11  0.916667
315     10  0.833333
476     10  0.833333
430     10  0.833333
71      10  0.833333
295     10  0.833333
279     10  0.833333
479     10  0.833333
273     10  0.833333
335     10  0.833333
222     10  0.833333
406     10  0.833333
215     10  0.833333
63       9  0.750000
373      9  0.750000
282      9  0.750000
169      9  0.750000
465      9  0.750000
     Count     Value
245     11  0.916667
307     11  0.916667
228     11  0.916667
315     10  0.833333
476     10  0.833333
430     10  0.833333
71      10  0.833333
295     10  0.833333
279     10  0.833333
479     10  0.833333
Current: [22, 29, 36, 47, 62, 63, 71, 80, 93, 104, 149, 165, 169, 178, 195, 215, 222, 228, 245, 273, 279, 282, 284, 288, 295, 307, 315, 335, 373, 389, 406, 418, 430, 441, 445, 458, 465, 469, 476, 478, 479, 483, 496]
Subround 13
not enough
     Count     Value
228     12  0.923077
245     12  0.923077
71      11  0.846154
307     11  0.846154
215     11  0.846154
279     11  0.846154
273     11  0.846154
295     11  0.846154
315     11  0.846154
36      10  0.769231
165     10  0.769231
441     10  0.769231
476     10  0.769231
478     10  0.769231
479     10  0.769231
430     10  0.769231
335     10  0.769231
373     10  0.769231
418     10  0.769231
284     10  0.769231
     Count     Value
228     12  0.923077
245     12  0.923077
71      11  0.846154
307     11  0.846154
215     11  0.846154
279     11  0.846154
273     11  0.846154
295     11  0.846154
315     11  0.846154
36      10  0.769231
Current: [36, 71, 80, 165, 178, 195, 215, 222, 228, 245, 273, 279, 284, 295, 307, 315, 335, 373, 406, 418, 430, 441, 469, 476, 478, 479]
Subround 14
not enough
     Count     Value
228     13  0.928571
215     12  0.857143
273     12  0.857143
279     12  0.857143
245     12  0.857143
295     12  0.857143
430     11  0.785714
478     11  0.785714
315     11  0.785714
71      11  0.785714
469     11  0.785714
335     11  0.785714
307     11  0.785714
165     11  0.785714
195     11  0.785714
418     11  0.785714
441     11  0.785714
406     10  0.714286
373     10  0.714286
284     10  0.714286
     Count     Value
228     13  0.928571
215     12  0.857143
273     12  0.857143
279     12  0.857143
245     12  0.857143
295     12  0.857143
430     11  0.785714
478     11  0.785714
315     11  0.785714
71      11  0.785714
Current: [29, 36, 47, 61, 71, 80, 90, 93, 94, 104, 165, 169, 178, 195, 215, 222, 228, 240, 245, 273, 274, 279, 284, 288, 290, 295, 298, 307, 315, 335, 373, 383, 406, 410, 418, 422, 430, 431, 432, 437, 441, 442, 445, 450, 469, 476, 478, 479, 480]
Subround 15
not enough
     Count     Value
228     14  0.933333
295     13  0.866667
245     13  0.866667
279     13  0.866667
469     12  0.800000
273     12  0.800000
195     12  0.800000
307     12  0.800000
478     12  0.800000
315     12  0.800000
215     12  0.800000
432     11  0.733333
222     11  0.733333
80      11  0.733333
36      11  0.733333
29      11  0.733333
418     11  0.733333
441     11  0.733333
479     11  0.733333
335     11  0.733333
     Count     Value
228     14  0.933333
295     13  0.866667
245     13  0.866667
279     13  0.866667
469     12  0.800000
273     12  0.800000
195     12  0.800000
307     12  0.800000
478     12  0.800000
315     12  0.800000
Current: [29, 36, 47, 61, 71, 80, 93, 165, 195, 215, 222, 228, 245, 273, 279, 288, 290, 295, 307, 315, 335, 373, 383, 410, 418, 422, 430, 432, 441, 445, 450, 469, 478, 479, 480]
Subround 16
not enough
     Count   Value
228     15  0.9375
245     14  0.8750
295     14  0.8750
279     13  0.8125
215     13  0.8125
478     13  0.8125
307     13  0.8125
445     12  0.7500
273     12  0.7500
441     12  0.7500
29      12  0.7500
165     12  0.7500
450     12  0.7500
288     12  0.7500
383     12  0.7500
418     12  0.7500
47      12  0.7500
290     12  0.7500
432     12  0.7500
422     12  0.7500
     Count   Value
228     15  0.9375
245     14  0.8750
295     14  0.8750
279     13  0.8125
215     13  0.8125
478     13  0.8125
307     13  0.8125
445     12  0.7500
273     12  0.7500
441     12  0.7500
Current: [29, 47, 165, 195, 215, 228, 245, 273, 279, 288, 290, 295, 307, 315, 383, 418, 422, 432, 441, 445, 450, 469, 478]
Subround 17
not enough
     Count     Value
228     16  0.941176
245     15  0.882353
215     14  0.823529
295     14  0.823529
307     14  0.823529
478     14  0.823529
279     14  0.823529
422     13  0.764706
290     13  0.764706
441     13  0.764706
288     13  0.764706
445     13  0.764706
165     13  0.764706
432     13  0.764706
418     13  0.764706
315     13  0.764706
450     13  0.764706
47      13  0.764706
457     12  0.705882
34      12  0.705882
     Count     Value
228     16  0.941176
245     15  0.882353
215     14  0.823529
295     14  0.823529
307     14  0.823529
478     14  0.823529
279     14  0.823529
422     13  0.764706
290     13  0.764706
441     13  0.764706
Current: [29, 31, 34, 47, 62, 63, 104, 165, 190, 195, 204, 207, 215, 225, 228, 240, 245, 273, 274, 279, 284, 288, 290, 295, 298, 301, 307, 310, 315, 335, 339, 371, 383, 406, 418, 422, 431, 432, 437, 441, 445, 450, 457, 467, 469, 476, 478, 483, 486]
Subround 18
not enough
     Count     Value
228     16  0.888889
245     15  0.833333
279     15  0.833333
478     15  0.833333
307     15  0.833333
165     14  0.777778
295     14  0.777778
215     14  0.777778
422     14  0.777778
290     14  0.777778
450     14  0.777778
432     13  0.722222
441     13  0.722222
31      13  0.722222
204     13  0.722222
476     13  0.722222
104     13  0.722222
240     13  0.722222
288     13  0.722222
486     13  0.722222
     Count     Value
228     16  0.888889
245     15  0.833333
279     15  0.833333
478     15  0.833333
307     15  0.833333
165     14  0.777778
295     14  0.777778
215     14  0.777778
422     14  0.777778
290     14  0.777778
Current: [29, 31, 34, 47, 104, 165, 190, 204, 215, 228, 240, 245, 279, 288, 290, 295, 298, 301, 307, 310, 315, 383, 406, 418, 422, 432, 441, 445, 450, 457, 469, 476, 478, 483, 486]
Subround 19
not enough
     Count     Value
228     16  0.842105
245     16  0.842105
279     16  0.842105
450     15  0.789474
422     15  0.789474
295     15  0.789474
478     15  0.789474
307     15  0.789474
418     14  0.736842
104     14  0.736842
290     14  0.736842
240     14  0.736842
288     14  0.736842
441     14  0.736842
315     14  0.736842
301     14  0.736842
469     14  0.736842
47      14  0.736842
31      14  0.736842
445     14  0.736842
     Count     Value
228     16  0.842105
245     16  0.842105
279     16  0.842105
450     15  0.789474
422     15  0.789474
295     15  0.789474
478     15  0.789474
307     15  0.789474
418     14  0.736842
104     14  0.736842
Current: [31, 47, 104, 165, 215, 228, 240, 245, 279, 288, 290, 295, 301, 307, 315, 418, 422, 441, 445, 450, 469, 478]
Subround 20
     Count  Value
245     17   0.85
228     16   0.80
295     16   0.80
450     16   0.80
279     16   0.80
469     15   0.75
478     15   0.75
315     15   0.75
165     15   0.75
422     15   0.75
307     15   0.75
441     15   0.75
418     15   0.75
47      15   0.75
274     14   0.70
290     14   0.70
301     14   0.70
445     14   0.70
273     14   0.70
207     14   0.70
     Count  Value
245     17   0.85
228     16   0.80
295     16   0.80
450     16   0.80
279     16   0.80
469     15   0.75
478     15   0.75
315     15   0.75
165     15   0.75
422     15   0.75
Current: [47, 165, 228, 245, 279, 295, 307, 315, 418, 422, 441, 450, 469, 478]
Round 2
Subround 1
not enough
     Count     Value
245     18  0.857143
295     17  0.809524
469     16  0.761905
228     16  0.761905
478     16  0.761905
315     16  0.761905
165     16  0.761905
450     16  0.761905
279     16  0.761905
441     16  0.761905
422     15  0.714286
307     15  0.714286
418     15  0.714286
47      15  0.714286
274     14  0.666667
290     14  0.666667
301     14  0.666667
445     14  0.666667
273     14  0.666667
207     14  0.666667
     Count  Value
295      1    1.0
469      1    1.0
478      1    1.0
165      1    1.0
245      1    1.0
441      1    1.0
315      1    1.0
Current: [245, 295]
Subround 2
not enough
     Count     Value
245     18  0.818182
295     18  0.818182
469     17  0.772727
478     17  0.772727
165     17  0.772727
450     17  0.772727
441     17  0.772727
228     16  0.727273
315     16  0.727273
279     16  0.727273
418     16  0.727273
47      15  0.681818
307     15  0.681818
422     15  0.681818
476     14  0.636364
480     14  0.636364
371     14  0.636364
486     14  0.636364
104     14  0.636364
240     14  0.636364
     Count  Value
295      2    1.0
469      2    1.0
478      2    1.0
165      2    1.0
441      2    1.0
245      1    0.5
315      1    0.5
418      1    0.5
450      1    0.5
Current: [245, 295]
Subround 3
not enough
     Count     Value
245     19  0.826087
469     18  0.782609
295     18  0.782609
450     18  0.782609
441     18  0.782609
228     17  0.739130
478     17  0.739130
315     17  0.739130
165     17  0.739130
279     16  0.695652
307     16  0.695652
418     16  0.695652
47      15  0.652174
422     15  0.652174
457     14  0.608696
480     14  0.608696
371     14  0.608696
486     14  0.608696
104     14  0.608696
240     14  0.608696
     Count     Value
469      3  1.000000
441      3  1.000000
295      2  0.666667
478      2  0.666667
165      2  0.666667
245      2  0.666667
315      2  0.666667
450      2  0.666667
418      1  0.333333
228      1  0.333333
Current: [245]
Subround 4
not enough
     Count     Value
245     20  0.833333
295     19  0.791667
450     19  0.791667
469     18  0.750000
478     18  0.750000
315     18  0.750000
165     18  0.750000
441     18  0.750000
228     17  0.708333
418     17  0.708333
307     16  0.666667
279     16  0.666667
47      15  0.625000
422     15  0.625000
31      14  0.583333
274     14  0.583333
480     14  0.583333
207     14  0.583333
371     14  0.583333
486     14  0.583333
     Count  Value
295      3   0.75
469      3   0.75
478      3   0.75
165      3   0.75
245      3   0.75
441      3   0.75
315      3   0.75
450      3   0.75
418      2   0.50
228      1   0.25
Current: [245]
Subround 5
not enough
     Count  Value
245     20   0.80
469     19   0.76
478     19   0.76
295     19   0.76
441     19   0.76
450     19   0.76
228     18   0.72
315     18   0.72
165     18   0.72
418     18   0.72
279     17   0.68
307     16   0.64
422     16   0.64
47      15   0.60
31      14   0.56
274     14   0.56
480     14   0.56
207     14   0.56
371     14   0.56
486     14   0.56
     Count  Value
469      4    0.8
478      4    0.8
441      4    0.8
295      3    0.6
165      3    0.6
245      3    0.6
315      3    0.6
418      3    0.6
450      3    0.6
228      2    0.4
no winner, not enough
Current: []
Subround 6
not enough
     Count     Value
469     20  0.769231
450     20  0.769231
295     20  0.769231
245     20  0.769231
478     19  0.730769
441     19  0.730769
228     19  0.730769
418     19  0.730769
315     18  0.692308
279     18  0.692308
165     18  0.692308
47      16  0.615385
307     16  0.615385
422     16  0.615385
339     14  0.538462
273     14  0.538462
301     14  0.538462
104     14  0.538462
240     14  0.538462
480     14  0.538462
     Count     Value
469      5  0.833333
295      4  0.666667
478      4  0.666667
441      4  0.666667
418      4  0.666667
450      4  0.666667
165      3  0.500000
245      3  0.500000
315      3  0.500000
228      3  0.500000
Current: [469]
Subround 7
not enough
     Count     Value
450     21  0.777778
469     20  0.740741
245     20  0.740741
295     20  0.740741
441     20  0.740741
228     19  0.703704
478     19  0.703704
315     19  0.703704
165     19  0.703704
418     19  0.703704
279     18  0.666667
307     17  0.629630
47      17  0.629630
422     17  0.629630
31      14  0.518519
274     14  0.518519
480     14  0.518519
207     14  0.518519
371     14  0.518519
486     14  0.518519
     Count     Value
469      5  0.714286
441      5  0.714286
450      5  0.714286
295      4  0.571429
478      4  0.571429
165      4  0.571429
315      4  0.571429
418      4  0.571429
245      3  0.428571
228      3  0.428571
no winner, not enough
Current: []
Subround 8
not enough
     Count     Value
450     22  0.785714
295     21  0.750000
469     20  0.714286
315     20  0.714286
165     20  0.714286
441     20  0.714286
228     20  0.714286
418     20  0.714286
245     20  0.714286
478     19  0.678571
422     18  0.642857
279     18  0.642857
47      17  0.607143
307     17  0.607143
301     14  0.500000
339     14  0.500000
104     14  0.500000
240     14  0.500000
480     14  0.500000
207     14  0.500000
     Count  Value
450      6  0.750
295      5  0.625
469      5  0.625
165      5  0.625
441      5  0.625
315      5  0.625
418      5  0.625
478      4  0.500
228      4  0.500
245      3  0.375
no winner, not enough
Current: []
Subround 9
not enough
     Count     Value
450     22  0.758621
315     21  0.724138
245     21  0.724138
295     21  0.724138
441     21  0.724138
469     20  0.689655
228     20  0.689655
478     20  0.689655
165     20  0.689655
418     20  0.689655
422     19  0.655172
307     18  0.620690
47      18  0.620690
279     18  0.620690
31      14  0.482759
274     14  0.482759
480     14  0.482759
207     14  0.482759
371     14  0.482759
486     14  0.482759
     Count     Value
441      6  0.666667
315      6  0.666667
450      6  0.666667
295      5  0.555556
469      5  0.555556
478      5  0.555556
165      5  0.555556
418      5  0.555556
245      4  0.444444
228      4  0.444444
no winner, not enough
Current: []
Subround 10
     Count     Value
450     23  0.766667
245     22  0.733333
295     22  0.733333
478     21  0.700000
315     21  0.700000
441     21  0.700000
469     20  0.666667
228     20  0.666667
165     20  0.666667
422     20  0.666667
418     20  0.666667
307     19  0.633333
279     19  0.633333
47      18  0.600000
476     14  0.466667
480     14  0.466667
371     14  0.466667
486     14  0.466667
104     14  0.466667
240     14  0.466667
     Count  Value
450      7    0.7
295      6    0.6
478      6    0.6
441      6    0.6
315      6    0.6
469      5    0.5
165      5    0.5
245      5    0.5
418      5    0.5
422      5    0.5
no winner, not enough
Current: []
Subround 11
     Count     Value
245     23  0.741935
450     23  0.741935
315     22  0.709677
295     22  0.709677
441     22  0.709677
418     21  0.677419
228     21  0.677419
478     21  0.677419
165     21  0.677419
422     20  0.645161
469     20  0.645161
47      19  0.612903
307     19  0.612903
279     19  0.612903
476     14  0.451613
480     14  0.451613
371     14  0.451613
486     14  0.451613
104     14  0.451613
240     14  0.451613
     Count     Value
441      7  0.636364
315      7  0.636364
450      7  0.636364
295      6  0.545455
478      6  0.545455
165      6  0.545455
245      6  0.545455
418      6  0.545455
469      5  0.454545
228      5  0.454545
no winner, not enough
Current: []
Subround 12
     Count    Value
245     24  0.75000
315     23  0.71875
295     23  0.71875
450     23  0.71875
418     22  0.68750
165     22  0.68750
441     22  0.68750
228     22  0.68750
478     21  0.65625
47      20  0.62500
422     20  0.62500
469     20  0.62500
307     19  0.59375
279     19  0.59375
240     14  0.43750
31      14  0.43750
371     14  0.43750
486     14  0.43750
104     14  0.43750
215     14  0.43750
     Count     Value
315      8  0.666667
295      7  0.583333
165      7  0.583333
245      7  0.583333
441      7  0.583333
418      7  0.583333
450      7  0.583333
478      6  0.500000
228      6  0.500000
469      5  0.416667
no winner, not enough
Current: []
Subround 13
     Count     Value
245     25  0.757576
450     24  0.727273
315     23  0.696970
295     23  0.696970
441     23  0.696970
418     22  0.666667
228     22  0.666667
165     22  0.666667
478     21  0.636364
422     21  0.636364
469     21  0.636364
47      20  0.606061
307     20  0.606061
279     20  0.606061
476     14  0.424242
480     14  0.424242
371     14  0.424242
486     14  0.424242
104     14  0.424242
240     14  0.424242
     Count     Value
245      8  0.615385
441      8  0.615385
315      8  0.615385
450      8  0.615385
295      7  0.538462
165      7  0.538462
418      7  0.538462
469      6  0.461538
478      6  0.461538
228      6  0.461538
no winner, not enough
Current: []
Subround 14
     Count     Value
245     26  0.764706
441     24  0.705882
450     24  0.705882
418     23  0.676471
228     23  0.676471
315     23  0.676471
295     23  0.676471
478     22  0.647059
165     22  0.647059
469     22  0.647059
47      21  0.617647
422     21  0.617647
307     20  0.588235
279     20  0.588235
31      14  0.411765
274     14  0.411765
480     14  0.411765
207     14  0.411765
371     14  0.411765
486     14  0.411765
     Count     Value
245      9  0.642857
441      9  0.642857
315      8  0.571429
418      8  0.571429
450      8  0.571429
295      7  0.500000
469      7  0.500000
478      7  0.500000
165      7  0.500000
228      7  0.500000
no winner, not enough
Current: []
Subround 15
     Count     Value
245     26  0.742857
450     25  0.714286
315     24  0.685714
441     24  0.685714
418     23  0.657143
478     23  0.657143
165     23  0.657143
295     23  0.657143
228     23  0.657143
47      22  0.628571
469     22  0.628571
307     21  0.600000
422     21  0.600000
279     21  0.600000
31      14  0.400000
476     14  0.400000
371     14  0.400000
486     14  0.400000
104     14  0.400000
240     14  0.400000
     Count     Value
245      9  0.600000
441      9  0.600000
315      9  0.600000
450      9  0.600000
478      8  0.533333
165      8  0.533333
418      8  0.533333
295      7  0.466667
469      7  0.466667
228      7  0.466667
no winner, not enough
Current: []
Subround 16
     Count     Value
245     27  0.750000
315     25  0.694444
450     25  0.694444
418     24  0.666667
478     24  0.666667
165     24  0.666667
295     24  0.666667
441     24  0.666667
228     23  0.638889
469     23  0.638889
47      22  0.611111
307     21  0.583333
279     21  0.583333
422     21  0.583333
31      14  0.388889
274     14  0.388889
480     14  0.388889
207     14  0.388889
371     14  0.388889
486     14  0.388889
     Count   Value
245     10  0.6250
315     10  0.6250
478      9  0.5625
165      9  0.5625
441      9  0.5625
418      9  0.5625
450      9  0.5625
295      8  0.5000
469      8  0.5000
228      7  0.4375
no winner, not enough
Current: []
Subround 17
     Count     Value
245     27  0.729730
450     26  0.702703
315     25  0.675676
441     25  0.675676
418     24  0.648649
478     24  0.648649
165     24  0.648649
295     24  0.648649
228     24  0.648649
47      23  0.621622
469     23  0.621622
307     22  0.594595
422     22  0.594595
279     22  0.594595
31      14  0.378378
476     14  0.378378
371     14  0.378378
486     14  0.378378
104     14  0.378378
240     14  0.378378
     Count     Value
245     10  0.588235
441     10  0.588235
315     10  0.588235
450     10  0.588235
478      9  0.529412
165      9  0.529412
418      9  0.529412
295      8  0.470588
469      8  0.470588
228      8  0.470588
no winner, not enough
Current: []
Subround 18
     Count     Value
245     28  0.736842
450     26  0.684211
418     25  0.657895
478     25  0.657895
315     25  0.657895
165     25  0.657895
295     25  0.657895
441     25  0.657895
228     24  0.631579
469     24  0.631579
307     23  0.605263
47      23  0.605263
279     22  0.578947
422     22  0.578947
31      14  0.368421
274     14  0.368421
480     14  0.368421
207     14  0.368421
371     14  0.368421
486     14  0.368421
     Count     Value
245     11  0.611111
478     10  0.555556
165     10  0.555556
441     10  0.555556
315     10  0.555556
418     10  0.555556
450     10  0.555556
295      9  0.500000
469      9  0.500000
228      8  0.444444
no winner, not enough
Current: []
Subround 19
     Count     Value
245     28  0.717949
450     27  0.692308
478     26  0.666667
315     26  0.666667
295     26  0.666667
441     26  0.666667
418     25  0.641026
165     25  0.641026
47      24  0.615385
228     24  0.615385
469     24  0.615385
307     23  0.589744
422     23  0.589744
279     22  0.564103
31      14  0.358974
476     14  0.358974
371     14  0.358974
486     14  0.358974
104     14  0.358974
240     14  0.358974
     Count     Value
478     11  0.578947
245     11  0.578947
441     11  0.578947
315     11  0.578947
450     11  0.578947
295     10  0.526316
165     10  0.526316
418     10  0.526316
469      9  0.473684
47       9  0.473684
no winner, not enough
Current: []
Subround 20
     Count  Value
245     29  0.725
450     28  0.700
478     27  0.675
295     27  0.675
418     26  0.650
315     26  0.650
441     26  0.650
165     25  0.625
228     24  0.600
422     24  0.600
307     24  0.600
469     24  0.600
47      24  0.600
279     22  0.550
476     14  0.350
480     14  0.350
371     14  0.350
486     14  0.350
104     14  0.350
240     14  0.350
     Count  Value
478     12   0.60
245     12   0.60
450     12   0.60
295     11   0.55
441     11   0.55
315     11   0.55
418     11   0.55
165     10   0.50
469      9   0.45
307      9   0.45
no winner, not enough
Current: []
Subround 21
     Count     Value
245     29  0.707317
450     28  0.682927
478     27  0.658537
315     27  0.658537
295     27  0.658537
441     27  0.658537
418     26  0.634146
165     26  0.634146
47      25  0.609756
228     25  0.609756
469     25  0.609756
307     24  0.585366
422     24  0.585366
279     23  0.560976
31      14  0.341463
476     14  0.341463
371     14  0.341463
486     14  0.341463
104     14  0.341463
240     14  0.341463
     Count     Value
478     12  0.571429
245     12  0.571429
441     12  0.571429
315     12  0.571429
450     12  0.571429
295     11  0.523810
165     11  0.523810
418     11  0.523810
469     10  0.476190
47      10  0.476190
no winner, not enough
Current: []
Subround 22
     Count     Value
245     29  0.690476
450     29  0.690476
478     28  0.666667
315     28  0.666667
418     27  0.642857
295     27  0.642857
441     27  0.642857
165     26  0.619048
228     25  0.595238
422     25  0.595238
307     25  0.595238
469     25  0.595238
47      25  0.595238
279     24  0.571429
476     14  0.333333
480     14  0.333333
371     14  0.333333
486     14  0.333333
104     14  0.333333
240     14  0.333333
     Count     Value
478     13  0.590909
315     13  0.590909
450     13  0.590909
245     12  0.545455
441     12  0.545455
418     12  0.545455
295     11  0.500000
165     11  0.500000
469     10  0.454545
307     10  0.454545
no winner, not enough
Current: []
Subround 23
     Count     Value
245     30  0.697674
450     29  0.674419
478     28  0.651163
315     28  0.651163
295     28  0.651163
441     28  0.651163
418     27  0.627907
165     27  0.627907
47      26  0.604651
228     26  0.604651
469     26  0.604651
307     25  0.581395
422     25  0.581395
279     24  0.558140
31      14  0.325581
476     14  0.325581
371     14  0.325581
486     14  0.325581
104     14  0.325581
240     14  0.325581
     Count     Value
478     13  0.565217
245     13  0.565217
441     13  0.565217
315     13  0.565217
450     13  0.565217
295     12  0.521739
165     12  0.521739
418     12  0.521739
469     11  0.478261
47      11  0.478261
no winner, not enough
Current: []
Subround 24
     Count     Value
245     31  0.704545
315     29  0.659091
295     29  0.659091
441     29  0.659091
450     29  0.659091
478     28  0.636364
165     28  0.636364
418     27  0.613636
47      27  0.613636
228     27  0.613636
469     26  0.590909
307     25  0.568182
422     25  0.568182
279     24  0.545455
31      14  0.318182
476     14  0.318182
371     14  0.318182
486     14  0.318182
104     14  0.318182
240     14  0.318182
     Count     Value
245     14  0.583333
441     14  0.583333
315     14  0.583333
295     13  0.541667
478     13  0.541667
165     13  0.541667
450     13  0.541667
418     12  0.500000
47      12  0.500000
469     11  0.458333
no winner, not enough
Current: []
Subround 25
     Count     Value
245     31  0.688889
450     30  0.666667
441     30  0.666667
315     29  0.644444
165     29  0.644444
295     29  0.644444
418     28  0.622222
47      28  0.622222
478     28  0.622222
228     27  0.600000
307     26  0.577778
469     26  0.577778
279     25  0.555556
422     25  0.555556
240     14  0.311111
476     14  0.311111
480     14  0.311111
371     14  0.311111
486     14  0.311111
104     14  0.311111
     Count  Value
441     15   0.60
165     14   0.56
245     14   0.56
315     14   0.56
450     14   0.56
295     13   0.52
478     13   0.52
418     13   0.52
47      13   0.52
469     11   0.44
no winner, not enough
Current: []
Subround 26
     Count     Value
245     31  0.673913
165     30  0.652174
295     30  0.652174
450     30  0.652174
441     30  0.652174
418     29  0.630435
478     29  0.630435
315     29  0.630435
47      28  0.608696
307     27  0.586957
228     27  0.586957
469     27  0.586957
422     26  0.565217
279     25  0.543478
240     14  0.304348
476     14  0.304348
480     14  0.304348
371     14  0.304348
486     14  0.304348
104     14  0.304348
     Count     Value
165     15  0.576923
441     15  0.576923
295     14  0.538462
478     14  0.538462
245     14  0.538462
315     14  0.538462
418     14  0.538462
450     14  0.538462
47      13  0.500000
469     12  0.461538
no winner, not enough
Current: []
Subround 27
     Count     Value
245     32  0.680851
450     31  0.659574
441     31  0.659574
418     30  0.638298
165     30  0.638298
295     30  0.638298
47      29  0.617021
478     29  0.617021
315     29  0.617021
228     28  0.595745
307     27  0.574468
469     27  0.574468
279     26  0.553191
422     26  0.553191
240     14  0.297872
476     14  0.297872
480     14  0.297872
371     14  0.297872
486     14  0.297872
104     14  0.297872
     Count     Value
441     16  0.592593
165     15  0.555556
245     15  0.555556
418     15  0.555556
450     15  0.555556
295     14  0.518519
478     14  0.518519
315     14  0.518519
47      14  0.518519
469     12  0.444444
no winner, not enough
Current: []
Subround 28
     Count     Value
245     33  0.687500
450     32  0.666667
418     31  0.645833
441     31  0.645833
165     30  0.625000
295     30  0.625000
47      30  0.625000
228     29  0.604167
478     29  0.604167
315     29  0.604167
307     28  0.583333
279     27  0.562500
469     27  0.562500
422     26  0.541667
240     14  0.291667
31      14  0.291667
480     14  0.291667
371     14  0.291667
486     14  0.291667
104     14  0.291667
     Count     Value
245     16  0.571429
441     16  0.571429
418     16  0.571429
450     16  0.571429
165     15  0.535714
47      15  0.535714
295     14  0.500000
478     14  0.500000
315     14  0.500000
228     13  0.464286
no winner, not enough
Current: []
Subround 29
     Count     Value
245     33  0.673469
450     32  0.653061
441     32  0.653061
418     31  0.632653
165     31  0.632653
295     31  0.632653
47      30  0.612245
478     30  0.612245
315     30  0.612245
228     29  0.591837
307     28  0.571429
469     28  0.571429
279     27  0.551020
422     27  0.551020
240     14  0.285714
476     14  0.285714
480     14  0.285714
371     14  0.285714
486     14  0.285714
104     14  0.285714
     Count     Value
441     17  0.586207
165     16  0.551724
245     16  0.551724
418     16  0.551724
450     16  0.551724
295     15  0.517241
478     15  0.517241
315     15  0.517241
47      15  0.517241
469     13  0.448276
no winner, not enough
Current: []
Subround 30
     Count  Value
245     33   0.66
441     33   0.66
450     33   0.66
165     32   0.64
295     32   0.64
418     31   0.62
47      30   0.60
478     30   0.60
315     30   0.60
228     30   0.60
469     29   0.58
307     28   0.56
422     28   0.56
279     27   0.54
31      14   0.28
476     14   0.28
371     14   0.28
486     14   0.28
104     14   0.28
240     14   0.28
     Count     Value
441     18  0.600000
165     17  0.566667
450     17  0.566667
295     16  0.533333
245     16  0.533333
418     16  0.533333
478     15  0.500000
315     15  0.500000
47      15  0.500000
469     14  0.466667
Rest half winner
Current: [2, 8, 10, 11, 15, 16, 17, 19, 21, 22, 23, 26, 28, 29, 30, 31, 32, 34, 36, 38, 41, 42, 43, 44, 47, 48, 50, 56, 59, 61, 62, 63, 66, 68, 70, 71, 73, 74, 80, 81, 82, 83, 85, 87, 88, 90, 91, 93, 94, 99, 100, 101, 103, 104, 106, 107, 109, 110, 112, 113, 114, 115, 117, 119, 123, 126, 127, 128, 129, 131, 132, 134, 135, 137, 139, 143, 144, 150, 151, 152, 158, 159, 161, 162, 165, 168, 169, 176, 178, 180, 183, 184, 186, 189, 190, 191, 192, 195, 200, 202, 204, 206, 207, 208, 211, 212, 213, 215, 217, 222, 223, 224, 225, 226, 227, 228, 229, 234, 235, 237, 238, 240, 242, 245, 246, 247, 248, 253, 255, 256, 258, 260, 262, 264, 268, 269, 272, 273, 274, 276, 279, 282, 284, 285, 288, 290, 292, 293, 295, 296, 298, 301, 305, 306, 307, 310, 312, 314, 315, 317, 319, 322, 323, 324, 328, 329, 331, 332, 335, 336, 338, 339, 343, 344, 346, 349, 350, 351, 352, 356, 359, 360, 361, 369, 370, 371, 373, 376, 377, 380, 382, 383, 384, 387, 388, 389, 393, 394, 397, 401, 406, 408, 410, 412, 414, 415, 418, 419, 420, 422, 423, 426, 430, 431, 432, 433, 434, 437, 441, 442, 443, 445, 447, 448, 450, 451, 457, 458, 461, 462, 464, 465, 467, 468, 469, 470, 471, 472, 476, 478, 479, 480, 483, 486, 488, 490, 491, 493, 496, 497, 498, 499, 500, 506, 508, 510]
Round 3
Subround 1
not enough
     Count  Value
434      1    1.0
356      1    1.0
247      1    1.0
113      1    1.0
253      1    1.0
61       1    1.0
346      1    1.0
17       1    1.0
306      1    1.0
215      1    1.0
371      1    1.0
91       1    1.0
315      1    1.0
301      1    1.0
307      1    1.0
248      1    1.0
103      1    1.0
242      1    1.0
109      1    1.0
100      1    1.0
     Count  Value
434      1    1.0
356      1    1.0
247      1    1.0
113      1    1.0
253      1    1.0
61       1    1.0
346      1    1.0
17       1    1.0
306      1    1.0
215      1    1.0
Current: [2, 8, 10, 11, 15, 17, 19, 23, 29, 30, 31, 32, 34, 36, 38, 41, 47, 50, 56, 61, 66, 70, 74, 83, 88, 91, 100, 101, 103, 104, 107, 109, 110, 113, 117, 123, 127, 128, 129, 132, 134, 137, 150, 151, 161, 162, 165, 169, 176, 178, 189, 192, 195, 204, 206, 208, 211, 212, 213, 215, 217, 222, 223, 226, 229, 235, 237, 240, 242, 247, 248, 253, 255, 256, 260, 264, 269, 288, 290, 295, 301, 306, 307, 314, 315, 317, 328, 329, 335, 343, 344, 346, 352, 356, 360, 361, 369, 371, 373, 377, 380, 383, 384, 387, 389, 394, 397, 406, 408, 410, 412, 418, 431, 434, 437, 441, 443, 458, 461, 462, 476, 479, 480, 483, 490, 497, 500, 508]
Subround 2
not enough
     Count  Value
344      2    1.0
290      2    1.0
217      2    1.0
288      2    1.0
47       2    1.0
443      2    1.0
437      2    1.0
356      2    1.0
66       2    1.0
117      2    1.0
208      2    1.0
329      2    1.0
406      2    1.0
34       2    1.0
113      2    1.0
377      2    1.0
269      2    1.0
346      2    1.0
17       2    1.0
206      2    1.0
     Count  Value
344      2    1.0
290      2    1.0
217      2    1.0
288      2    1.0
47       2    1.0
443      2    1.0
437      2    1.0
356      2    1.0
66       2    1.0
117      2    1.0
Current: [8, 15, 17, 30, 34, 36, 41, 47, 50, 66, 91, 109, 113, 117, 134, 137, 150, 151, 161, 169, 204, 206, 208, 211, 213, 217, 226, 255, 256, 264, 269, 288, 290, 301, 306, 307, 314, 315, 328, 329, 343, 344, 346, 356, 360, 369, 377, 383, 384, 389, 406, 412, 418, 437, 443, 497, 508]
Subround 3
not enough
     Count     Value
443      3  1.000000
36       3  1.000000
253      2  0.666667
215      2  0.666667
306      2  0.666667
17       2  0.666667
346      2  0.666667
61       2  0.666667
113      2  0.666667
91       2  0.666667
247      2  0.666667
461      2  0.666667
483      2  0.666667
117      2  0.666667
129      2  0.666667
317      2  0.666667
371      2  0.666667
315      2  0.666667
437      2  0.666667
301      2  0.666667
     Count     Value
443      3  1.000000
36       3  1.000000
253      2  0.666667
215      2  0.666667
306      2  0.666667
17       2  0.666667
346      2  0.666667
61       2  0.666667
113      2  0.666667
91       2  0.666667
Current: [36, 443]
Subround 4
not enough
     Count  Value
36       4   1.00
434      3   0.75
169      3   0.75
91       3   0.75
315      3   0.75
301      3   0.75
248      3   0.75
103      3   0.75
100      3   0.75
178      3   0.75
165      3   0.75
295      3   0.75
17       3   0.75
264      3   0.75
206      3   0.75
223      3   0.75
192      3   0.75
387      3   0.75
441      3   0.75
88       3   0.75
     Count  Value
36       4   1.00
434      3   0.75
169      3   0.75
91       3   0.75
315      3   0.75
301      3   0.75
248      3   0.75
103      3   0.75
100      3   0.75
178      3   0.75
Current: [36]
Subround 5
not enough
     Count  Value
36       5    1.0
288      4    0.8
339      4    0.8
443      4    0.8
389      4    0.8
61       3    0.6
253      3    0.6
113      3    0.6
247      3    0.6
461      3    0.6
483      3    0.6
117      3    0.6
17       3    0.6
129      3    0.6
317      3    0.6
132      3    0.6
437      3    0.6
397      3    0.6
123      3    0.6
346      3    0.6
     Count  Value
36       5    1.0
288      4    0.8
339      4    0.8
443      4    0.8
389      4    0.8
61       3    0.6
253      3    0.6
113      3    0.6
247      3    0.6
461      3    0.6
Current: [36]
Subround 6
not enough
     Count     Value
36       6  1.000000
443      5  0.833333
339      5  0.833333
389      5  0.833333
169      4  0.666667
301      4  0.666667
307      4  0.666667
248      4  0.666667
103      4  0.666667
242      4  0.666667
100      4  0.666667
178      4  0.666667
434      4  0.666667
457      4  0.666667
15       4  0.666667
500      4  0.666667
447      4  0.666667
213      4  0.666667
256      4  0.666667
377      4  0.666667
     Count     Value
36       6  1.000000
443      5  0.833333
339      5  0.833333
389      5  0.833333
169      4  0.666667
301      4  0.666667
307      4  0.666667
248      4  0.666667
103      4  0.666667
242      4  0.666667
Current: [36, 339, 389, 443]
Subround 7
not enough
     Count     Value
36       6  0.857143
339      5  0.714286
288      5  0.714286
443      5  0.714286
389      5  0.714286
434      4  0.571429
247      4  0.571429
461      4  0.571429
483      4  0.571429
117      4  0.571429
129      4  0.571429
317      4  0.571429
61       4  0.571429
132      4  0.571429
437      4  0.571429
397      4  0.571429
123      4  0.571429
204      4  0.571429
128      4  0.571429
253      4  0.571429
     Count     Value
36       6  0.857143
339      5  0.714286
288      5  0.714286
443      5  0.714286
389      5  0.714286
434      4  0.571429
247      4  0.571429
461      4  0.571429
483      4  0.571429
117      4  0.571429
Current: [36]
Subround 8
not enough
     Count  Value
36       6  0.750
339      6  0.750
128      5  0.625
224      5  0.625
483      5  0.625
344      5  0.625
223      5  0.625
117      5  0.625
377      5  0.625
10       5  0.625
387      5  0.625
8        5  0.625
441      5  0.625
34       5  0.625
329      5  0.625
208      5  0.625
437      5  0.625
443      5  0.625
458      5  0.625
123      5  0.625
     Count  Value
36       6  0.750
339      6  0.750
128      5  0.625
224      5  0.625
483      5  0.625
344      5  0.625
223      5  0.625
117      5  0.625
377      5  0.625
10       5  0.625
no winner, not enough
Current: []
Subround 9
not enough
     Count     Value
339      7  0.777778
36       7  0.777778
346      6  0.666667
306      6  0.666667
123      6  0.666667
229      6  0.666667
408      6  0.666667
288      6  0.666667
443      6  0.666667
458      6  0.666667
224      6  0.666667
2        6  0.666667
50       6  0.666667
483      6  0.666667
410      6  0.666667
222      6  0.666667
195      6  0.666667
248      6  0.666667
31       6  0.666667
91       6  0.666667
     Count     Value
339      7  0.777778
36       7  0.777778
346      6  0.666667
306      6  0.666667
123      6  0.666667
229      6  0.666667
408      6  0.666667
288      6  0.666667
443      6  0.666667
458      6  0.666667
no winner, not enough
Current: []
Subround 10
     Count  Value
339      8    0.8
36       8    0.8
389      7    0.7
306      7    0.7
91       7    0.7
248      7    0.7
443      7    0.7
229      7    0.7
408      7    0.7
50       7    0.7
500      6    0.6
15       6    0.6
88       6    0.6
215      6    0.6
371      6    0.6
269      6    0.6
315      6    0.6
223      6    0.6
109      6    0.6
100      6    0.6
     Count  Value
339      8    0.8
36       8    0.8
389      7    0.7
306      7    0.7
91       7    0.7
248      7    0.7
443      7    0.7
229      7    0.7
408      7    0.7
50       7    0.7
no winner, not enough
Current: []
Subround 11
     Count     Value
339      9  0.818182
36       8  0.727273
443      8  0.727273
306      7  0.636364
23       7  0.636364
50       7  0.636364
483      7  0.636364
410      7  0.636364
132      7  0.636364
2        7  0.636364
222      7  0.636364
458      7  0.636364
346      7  0.636364
224      7  0.636364
123      7  0.636364
91       7  0.636364
288      7  0.636364
8        7  0.636364
389      7  0.636364
31       7  0.636364
     Count     Value
339      9  0.818182
36       8  0.727273
443      8  0.727273
306      7  0.636364
23       7  0.636364
50       7  0.636364
483      7  0.636364
410      7  0.636364
132      7  0.636364
2        7  0.636364
Current: [339]
Winning offset:
[339]
2021-09-08 04:04:52.939014
2021-09-08 04:08:06.859365
0:03:13.920351
