Loading page file profiles/lab06/pages/0x2a44b.yaml
Loading page file profiles/lab06/pages/0x2a460.yaml
Loading page file profiles/lab06/pages/0x2a4e3.yaml
Loading page file profiles/lab06/pages/0x2a4e5.yaml
Loading page file profiles/lab06/pages/0x2a800.yaml
Loading page file profiles/lab06/pages/0x2a804.yaml
Loading page file profiles/lab06/pages/0x2a805.yaml
Round 1
Subround 1
not enough
     Count  Value
111      1    1.0
99       1    1.0
255      1    1.0
409      1    1.0
337      1    1.0
160      1    1.0
291      1    1.0
26       1    1.0
435      1    1.0
167      1    1.0
272      1    1.0
386      1    1.0
229      1    1.0
280      1    1.0
34       1    1.0
237      1    1.0
25       1    1.0
186      1    1.0
307      1    1.0
53       1    1.0
     Count  Value
111      1    1.0
99       1    1.0
255      1    1.0
409      1    1.0
337      1    1.0
160      1    1.0
291      1    1.0
26       1    1.0
435      1    1.0
167      1    1.0
Current: [0, 1, 6, 9, 16, 18, 20, 21, 22, 23, 25, 26, 27, 28, 29, 31, 34, 35, 36, 38, 39, 40, 42, 47, 48, 49, 51, 52, 53, 54, 56, 58, 60, 65, 67, 69, 70, 71, 72, 73, 74, 76, 77, 78, 79, 81, 82, 83, 84, 86, 90, 94, 99, 100, 102, 106, 107, 108, 111, 112, 113, 119, 121, 122, 123, 125, 127, 129, 130, 135, 137, 138, 140, 143, 145, 149, 150, 151, 153, 154, 156, 158, 160, 161, 162, 165, 167, 168, 169, 170, 171, 172, 173, 174, 177, 179, 182, 186, 187, 188, 192, 193, 194, 195, 196, 198, 199, 201, 206, 207, 210, 211, 213, 215, 216, 217, 221, 222, 223, 224, 226, 227, 229, 230, 231, 232, 233, 234, 236, 237, 240, 242, 243, 244, 246, 250, 253, 254, 255, 257, 260, 262, 272, 273, 274, 275, 278, 279, 280, 283, 284, 285, 287, 290, 291, 292, 293, 295, 297, 298, 300, 302, 303, 304, 306, 307, 309, 311, 312, 313, 315, 316, 318, 319, 320, 321, 322, 323, 326, 329, 330, 331, 332, 333, 335, 337, 339, 340, 341, 343, 348, 351, 352, 353, 354, 359, 363, 364, 365, 366, 370, 374, 376, 377, 379, 382, 384, 386, 389, 401, 402, 407, 409, 411, 414, 418, 420, 423, 425, 427, 429, 431, 432, 434, 435, 439, 443, 444, 448, 453, 455, 456, 457, 460, 465, 466, 467, 469, 470, 471, 474, 476, 477, 478, 479, 480, 481, 482, 491, 492, 494, 500, 503, 504, 508, 509]
Subround 2
not enough
     Count  Value
111      2    1.0
173      2    1.0
320      2    1.0
298      2    1.0
108      2    1.0
187      2    1.0
153      2    1.0
500      2    1.0
300      2    1.0
137      2    1.0
130      2    1.0
311      2    1.0
230      2    1.0
169      2    1.0
292      2    1.0
160      2    1.0
435      2    1.0
167      2    1.0
272      2    1.0
34       2    1.0
     Count  Value
111      2    1.0
173      2    1.0
320      2    1.0
298      2    1.0
108      2    1.0
187      2    1.0
153      2    1.0
500      2    1.0
300      2    1.0
137      2    1.0
Current: [0, 1, 16, 18, 20, 22, 29, 31, 34, 38, 40, 48, 49, 51, 52, 56, 60, 65, 67, 69, 70, 71, 73, 74, 76, 81, 86, 90, 94, 102, 106, 108, 111, 112, 119, 123, 125, 129, 130, 137, 138, 149, 151, 153, 160, 161, 162, 167, 169, 171, 173, 174, 179, 186, 187, 192, 193, 194, 210, 211, 217, 223, 224, 230, 231, 232, 234, 236, 244, 250, 262, 272, 273, 274, 275, 283, 290, 292, 293, 295, 298, 300, 302, 303, 304, 307, 311, 313, 316, 318, 319, 320, 321, 323, 326, 329, 330, 331, 332, 335, 339, 340, 341, 343, 351, 354, 359, 363, 365, 377, 379, 382, 401, 402, 411, 414, 420, 423, 425, 427, 432, 435, 439, 460, 465, 466, 469, 470, 474, 476, 478, 491, 500, 508, 509]
Subround 3
not enough
     Count     Value
16       3  1.000000
211      3  1.000000
339      3  1.000000
302      3  1.000000
474      3  1.000000
160      3  1.000000
439      3  1.000000
508      3  1.000000
411      3  1.000000
321      3  1.000000
236      3  1.000000
326      3  1.000000
363      3  1.000000
320      3  1.000000
293      3  1.000000
311      3  1.000000
435      3  1.000000
20       3  1.000000
290      3  1.000000
237      2  0.666667
     Count  Value
16       3    1.0
211      3    1.0
339      3    1.0
302      3    1.0
474      3    1.0
160      3    1.0
439      3    1.0
508      3    1.0
411      3    1.0
321      3    1.0
Current: [16, 20, 160, 211, 236, 290, 293, 302, 311, 320, 321, 326, 339, 363, 411, 435, 439, 474, 508]
Subround 4
not enough
     Count  Value
290      4   1.00
293      4   1.00
339      4   1.00
508      4   1.00
20       4   1.00
320      4   1.00
311      4   1.00
211      4   1.00
16       4   1.00
160      4   1.00
411      4   1.00
236      4   1.00
363      4   1.00
198      3   0.75
125      3   0.75
135      3   0.75
65       3   0.75
466      3   0.75
123      3   0.75
86       3   0.75
     Count  Value
290      4    1.0
293      4    1.0
339      4    1.0
508      4    1.0
20       4    1.0
320      4    1.0
311      4    1.0
211      4    1.0
16       4    1.0
160      4    1.0
Current: [1, 16, 20, 22, 23, 26, 27, 28, 29, 34, 35, 38, 49, 52, 60, 65, 67, 73, 81, 86, 91, 94, 100, 102, 107, 113, 119, 123, 125, 129, 130, 135, 137, 138, 149, 157, 160, 162, 167, 168, 169, 170, 173, 174, 177, 179, 188, 193, 194, 198, 201, 209, 211, 213, 217, 223, 224, 226, 229, 230, 232, 236, 240, 246, 250, 251, 254, 255, 273, 274, 279, 280, 287, 290, 292, 293, 302, 303, 304, 307, 311, 312, 313, 316, 320, 321, 323, 326, 329, 330, 331, 332, 337, 339, 340, 341, 343, 352, 359, 363, 364, 365, 370, 377, 379, 382, 386, 389, 401, 409, 411, 418, 420, 427, 429, 435, 439, 443, 453, 455, 456, 460, 465, 466, 467, 469, 470, 474, 476, 479, 480, 481, 482, 508]
Subround 5
not enough
     Count  Value
339      5    1.0
293      4    0.8
211      4    0.8
290      4    0.8
160      4    0.8
302      4    0.8
20       4    0.8
474      4    0.8
439      4    0.8
236      4    0.8
435      4    0.8
321      4    0.8
326      4    0.8
16       4    0.8
320      4    0.8
363      4    0.8
311      4    0.8
411      4    0.8
508      4    0.8
53       3    0.6
     Count  Value
339      5    1.0
293      4    0.8
211      4    0.8
290      4    0.8
160      4    0.8
302      4    0.8
20       4    0.8
474      4    0.8
439      4    0.8
236      4    0.8
Current: [16, 20, 160, 211, 236, 290, 293, 302, 311, 320, 321, 326, 339, 363, 411, 435, 439, 474, 508]
Subround 6
not enough
     Count     Value
339      6  1.000000
302      5  0.833333
326      5  0.833333
290      5  0.833333
236      5  0.833333
439      5  0.833333
321      5  0.833333
20       5  0.833333
211      5  0.833333
508      5  0.833333
160      5  0.833333
435      5  0.833333
477      4  0.666667
165      4  0.666667
187      4  0.666667
108      4  0.666667
144      4  0.666667
153      4  0.666667
162      4  0.666667
500      4  0.666667
     Count     Value
339      6  1.000000
302      5  0.833333
326      5  0.833333
290      5  0.833333
236      5  0.833333
439      5  0.833333
321      5  0.833333
20       5  0.833333
211      5  0.833333
508      5  0.833333
Current: [20, 160, 211, 236, 290, 302, 321, 326, 339, 435, 439, 508]
Subround 7
not enough
     Count     Value
339      7  1.000000
20       6  0.857143
211      6  0.857143
435      6  0.857143
236      6  0.857143
326      6  0.857143
290      6  0.857143
439      6  0.857143
246      5  0.714286
112      5  0.714286
457      5  0.714286
476      5  0.714286
320      5  0.714286
382      5  0.714286
370      5  0.714286
165      5  0.714286
157      5  0.714286
477      5  0.714286
508      5  0.714286
233      5  0.714286
     Count     Value
339      7  1.000000
20       6  0.857143
211      6  0.857143
435      6  0.857143
236      6  0.857143
326      6  0.857143
290      6  0.857143
439      6  0.857143
246      5  0.714286
112      5  0.714286
Current: [0, 9, 14, 18, 20, 27, 31, 34, 40, 47, 48, 49, 54, 67, 82, 91, 107, 112, 129, 130, 135, 144, 149, 153, 157, 160, 165, 167, 168, 169, 173, 179, 186, 187, 192, 195, 211, 216, 222, 223, 224, 226, 233, 236, 237, 246, 262, 277, 280, 290, 302, 312, 319, 320, 321, 326, 331, 339, 340, 343, 351, 363, 370, 376, 382, 384, 386, 411, 418, 423, 425, 435, 439, 453, 457, 465, 468, 469, 471, 474, 476, 477, 479, 491, 504, 508, 509]
Subround 8
not enough
     Count  Value
339      8  1.000
20       7  0.875
435      7  0.875
326      7  0.875
112      6  0.750
457      6  0.750
211      6  0.750
376      6  0.750
0        6  0.750
9        6  0.750
504      6  0.750
439      6  0.750
491      6  0.750
465      6  0.750
233      6  0.750
471      6  0.750
91       6  0.750
47       6  0.750
195      6  0.750
290      6  0.750
     Count  Value
339      8  1.000
20       7  0.875
435      7  0.875
326      7  0.875
112      6  0.750
457      6  0.750
211      6  0.750
376      6  0.750
0        6  0.750
9        6  0.750
Current: [0, 9, 14, 20, 27, 31, 40, 47, 49, 54, 91, 112, 129, 157, 167, 168, 186, 195, 211, 216, 222, 223, 224, 233, 236, 237, 290, 319, 326, 339, 370, 376, 386, 425, 435, 439, 453, 457, 465, 471, 476, 491, 504, 508]
Subround 9
not enough
     Count     Value
20       8  0.888889
339      8  0.888889
435      8  0.888889
376      7  0.777778
223      7  0.777778
167      7  0.777778
91       7  0.777778
186      7  0.777778
112      7  0.777778
168      7  0.777778
465      7  0.777778
319      7  0.777778
457      7  0.777778
40       7  0.777778
9        7  0.777778
508      7  0.777778
195      7  0.777778
49       7  0.777778
211      7  0.777778
453      7  0.777778
     Count     Value
20       8  0.888889
339      8  0.888889
435      8  0.888889
376      7  0.777778
223      7  0.777778
167      7  0.777778
91       7  0.777778
186      7  0.777778
112      7  0.777778
168      7  0.777778
Current: [9, 20, 27, 31, 40, 49, 91, 112, 129, 167, 168, 186, 195, 211, 222, 223, 224, 233, 319, 326, 339, 376, 425, 435, 453, 457, 465, 508]
Subround 10
not enough
     Count  Value
339      9    0.9
91       8    0.8
508      8    0.8
435      8    0.8
167      8    0.8
186      8    0.8
425      8    0.8
20       8    0.8
222      8    0.8
453      8    0.8
326      8    0.8
40       8    0.8
31       8    0.8
376      8    0.8
457      8    0.8
130      7    0.7
494      7    0.7
335      7    0.7
237      7    0.7
49       7    0.7
     Count  Value
339      9    0.9
91       8    0.8
508      8    0.8
435      8    0.8
167      8    0.8
186      8    0.8
425      8    0.8
20       8    0.8
222      8    0.8
453      8    0.8
Current: [20, 31, 40, 91, 167, 186, 222, 326, 339, 376, 425, 435, 453, 457, 508]
Subround 11
not enough
     Count     Value
339     10  0.909091
435      9  0.818182
186      9  0.818182
326      9  0.818182
20       9  0.818182
222      8  0.727273
376      8  0.727273
465      8  0.727273
168      8  0.727273
457      8  0.727273
319      8  0.727273
9        8  0.727273
195      8  0.727273
47       8  0.727273
211      8  0.727273
233      8  0.727273
49       8  0.727273
335      8  0.727273
223      8  0.727273
40       8  0.727273
     Count     Value
339     10  0.909091
435      9  0.818182
186      9  0.818182
326      9  0.818182
20       9  0.818182
222      8  0.727273
376      8  0.727273
465      8  0.727273
168      8  0.727273
457      8  0.727273
Current: [9, 20, 31, 40, 47, 48, 49, 64, 91, 129, 167, 168, 186, 195, 201, 211, 222, 223, 224, 233, 319, 326, 335, 339, 376, 425, 435, 453, 457, 465, 508]
Subround 12
not enough
     Count     Value
339     11  0.916667
435     10  0.833333
222      9  0.750000
508      9  0.750000
186      9  0.750000
319      9  0.750000
20       9  0.750000
195      9  0.750000
457      9  0.750000
91       9  0.750000
425      9  0.750000
48       9  0.750000
40       9  0.750000
31       9  0.750000
326      9  0.750000
453      9  0.750000
129      9  0.750000
54       8  0.666667
376      8  0.666667
237      8  0.666667
     Count     Value
339     11  0.916667
435     10  0.833333
222      9  0.750000
508      9  0.750000
186      9  0.750000
319      9  0.750000
20       9  0.750000
195      9  0.750000
457      9  0.750000
91       9  0.750000
Current: [20, 31, 40, 48, 91, 129, 186, 195, 222, 319, 326, 339, 425, 435, 453, 457, 508]
Subround 13
not enough
     Count     Value
339     12  0.923077
435     11  0.846154
222     10  0.769231
457     10  0.769231
326     10  0.769231
20      10  0.769231
48      10  0.769231
471      9  0.692308
192      9  0.692308
340      9  0.692308
439      9  0.692308
262      9  0.692308
211      9  0.692308
508      9  0.692308
216      9  0.692308
9        9  0.692308
504      9  0.692308
195      9  0.692308
91       9  0.692308
491      9  0.692308
     Count     Value
339     12  0.923077
435     11  0.846154
222     10  0.769231
457     10  0.769231
326     10  0.769231
20      10  0.769231
48      10  0.769231
471      9  0.692308
192      9  0.692308
340      9  0.692308
Current: [20, 48, 222, 326, 339, 435, 457]
Subround 14
not enough
     Count     Value
339     13  0.928571
20      11  0.785714
326     11  0.785714
435     11  0.785714
222     10  0.714286
439     10  0.714286
49      10  0.714286
316     10  0.714286
472     10  0.714286
417     10  0.714286
471     10  0.714286
192     10  0.714286
216     10  0.714286
340     10  0.714286
184     10  0.714286
186     10  0.714286
508     10  0.714286
262     10  0.714286
457     10  0.714286
31      10  0.714286
     Count     Value
339     13  0.928571
20      11  0.785714
326     11  0.785714
435     11  0.785714
222     10  0.714286
439     10  0.714286
49      10  0.714286
316     10  0.714286
472     10  0.714286
417     10  0.714286
Current: [9, 20, 31, 48, 49, 108, 129, 184, 186, 192, 216, 222, 262, 316, 319, 326, 339, 340, 386, 417, 435, 439, 453, 457, 471, 472, 508]
Subround 15
not enough
     Count     Value
339     14  0.933333
20      12  0.800000
472     11  0.733333
108     11  0.733333
453     11  0.733333
508     11  0.733333
186     11  0.733333
319     11  0.733333
192     11  0.733333
31      11  0.733333
216     11  0.733333
184     11  0.733333
49      11  0.733333
439     11  0.733333
326     11  0.733333
9       11  0.733333
262     11  0.733333
435     11  0.733333
340     11  0.733333
386     10  0.666667
     Count     Value
339     14  0.933333
20      12  0.800000
472     11  0.733333
108     11  0.733333
453     11  0.733333
508     11  0.733333
186     11  0.733333
319     11  0.733333
192     11  0.733333
31      11  0.733333
Current: [9, 20, 31, 49, 108, 184, 186, 192, 216, 262, 319, 326, 339, 340, 435, 439, 453, 472, 508]
Subround 16
not enough
     Count   Value
339     15  0.9375
20      12  0.7500
472     12  0.7500
108     12  0.7500
435     12  0.7500
439     12  0.7500
216     12  0.7500
192     12  0.7500
262     12  0.7500
9       12  0.7500
184     12  0.7500
453     12  0.7500
326     12  0.7500
471     11  0.6875
457     11  0.6875
130     11  0.6875
13      11  0.6875
280     11  0.6875
319     11  0.6875
498     11  0.6875
     Count   Value
339     15  0.9375
20      12  0.7500
472     12  0.7500
108     12  0.7500
435     12  0.7500
439     12  0.7500
216     12  0.7500
192     12  0.7500
262     12  0.7500
9       12  0.7500
Current: [9, 20, 108, 184, 192, 216, 262, 326, 339, 435, 439, 453, 472]
Subround 17
not enough
     Count     Value
339     16  0.941176
20      13  0.764706
192     13  0.764706
216     13  0.764706
9       13  0.764706
326     13  0.764706
472     13  0.764706
108     13  0.764706
439     12  0.705882
453     12  0.705882
298     12  0.705882
295     12  0.705882
31      12  0.705882
432     12  0.705882
340     12  0.705882
262     12  0.705882
319     12  0.705882
471     12  0.705882
49      12  0.705882
335     12  0.705882
     Count     Value
339     16  0.941176
20      13  0.764706
192     13  0.764706
216     13  0.764706
9       13  0.764706
326     13  0.764706
472     13  0.764706
108     13  0.764706
439     12  0.705882
453     12  0.705882
Current: [9, 13, 20, 31, 42, 49, 108, 130, 184, 186, 192, 216, 262, 295, 298, 319, 326, 335, 339, 340, 432, 435, 439, 453, 471, 472]
Subround 18
not enough
     Count     Value
339     17  0.944444
192     14  0.777778
216     14  0.777778
9       14  0.777778
20      14  0.777778
108     14  0.777778
262     13  0.722222
335     13  0.722222
435     13  0.722222
439     13  0.722222
130     13  0.722222
186     13  0.722222
472     13  0.722222
471     13  0.722222
453     13  0.722222
326     13  0.722222
295     13  0.722222
13      13  0.722222
49      13  0.722222
340     12  0.666667
     Count     Value
339     17  0.944444
192     14  0.777778
216     14  0.777778
9       14  0.777778
20      14  0.777778
108     14  0.777778
262     13  0.722222
335     13  0.722222
435     13  0.722222
439     13  0.722222
Current: [9, 13, 20, 49, 108, 130, 186, 192, 216, 262, 295, 326, 335, 339, 435, 439, 453, 471, 472]
Subround 19
not enough
     Count     Value
339     18  0.947368
192     14  0.736842
326     14  0.736842
216     14  0.736842
9       14  0.736842
20      14  0.736842
472     14  0.736842
108     14  0.736842
439     13  0.684211
298     13  0.684211
295     13  0.684211
31      13  0.684211
432     13  0.684211
340     13  0.684211
262     13  0.684211
319     13  0.684211
471     13  0.684211
49      13  0.684211
335     13  0.684211
42      13  0.684211
     Count     Value
339     18  0.947368
192     14  0.736842
326     14  0.736842
216     14  0.736842
9       14  0.736842
20      14  0.736842
472     14  0.736842
108     14  0.736842
439     13  0.684211
298     13  0.684211
Current: [9, 20, 108, 192, 216, 326, 339, 472]
Subround 20
     Count  Value
339     19   0.95
9       15   0.75
20      15   0.75
472     15   0.75
326     15   0.75
295     14   0.70
471     14   0.70
192     14   0.70
216     14   0.70
49      14   0.70
186     14   0.70
13      14   0.70
108     14   0.70
23      13   0.65
439     13   0.65
427     13   0.65
508     13   0.65
401     13   0.65
65      13   0.65
129     13   0.65
     Count  Value
339     19   0.95
9       15   0.75
20      15   0.75
472     15   0.75
326     15   0.75
295     14   0.70
471     14   0.70
192     14   0.70
216     14   0.70
49      14   0.70
Current: [9, 20, 326, 339, 472]
Round 2
Subround 1
not enough
     Count     Value
339     19  0.904762
9       16  0.761905
326     16  0.761905
20      15  0.714286
472     15  0.714286
295     14  0.666667
471     14  0.666667
192     14  0.666667
216     14  0.666667
49      14  0.666667
186     14  0.666667
13      14  0.666667
108     14  0.666667
23      13  0.619048
439     13  0.619048
427     13  0.619048
508     13  0.619048
401     13  0.619048
65      13  0.619048
129     13  0.619048
     Count  Value
111      1    1.0
9        1    1.0
326      1    1.0
Current: [339]
Subround 2
not enough
     Count     Value
339     20  0.909091
326     17  0.772727
9       16  0.727273
20      16  0.727273
472     15  0.681818
295     14  0.636364
471     14  0.636364
192     14  0.636364
216     14  0.636364
49      14  0.636364
186     14  0.636364
13      14  0.636364
108     14  0.636364
23      13  0.590909
439     13  0.590909
427     13  0.590909
508     13  0.590909
401     13  0.590909
65      13  0.590909
129     13  0.590909
     Count  Value
326      2    1.0
111      1    0.5
9        1    0.5
20       1    0.5
339      1    0.5
Current: [339]
Subround 3
not enough
     Count     Value
339     21  0.913043
326     18  0.782609
9       16  0.695652
20      16  0.695652
472     16  0.695652
295     14  0.608696
471     14  0.608696
192     14  0.608696
216     14  0.608696
49      14  0.608696
186     14  0.608696
13      14  0.608696
108     14  0.608696
23      13  0.565217
439     13  0.565217
427     13  0.565217
508     13  0.565217
401     13  0.565217
65      13  0.565217
129     13  0.565217
     Count     Value
326      3  1.000000
339      2  0.666667
111      1  0.333333
9        1  0.333333
20       1  0.333333
472      1  0.333333
Current: [339]
Subround 4
not enough
     Count     Value
339     22  0.916667
326     18  0.750000
9       17  0.708333
472     17  0.708333
20      16  0.666667
295     14  0.583333
471     14  0.583333
192     14  0.583333
216     14  0.583333
49      14  0.583333
186     14  0.583333
13      14  0.583333
108     14  0.583333
23      13  0.541667
439     13  0.541667
427     13  0.541667
508     13  0.541667
401     13  0.541667
65      13  0.541667
129     13  0.541667
     Count  Value
326      3   0.75
339      3   0.75
9        2   0.50
472      2   0.50
111      1   0.25
20       1   0.25
Current: [339]
Subround 5
not enough
     Count  Value
339     23   0.92
326     19   0.76
9       17   0.68
472     17   0.68
20      16   0.64
295     14   0.56
471     14   0.56
192     14   0.56
216     14   0.56
49      14   0.56
111     14   0.56
186     14   0.56
13      14   0.56
108     14   0.56
439     13   0.52
427     13   0.52
508     13   0.52
401     13   0.52
65      13   0.52
129     13   0.52
     Count  Value
326      4    0.8
339      4    0.8
111      2    0.4
9        2    0.4
472      2    0.4
20       1    0.2
Current: [339]
Subround 6
not enough
     Count     Value
339     24  0.923077
326     19  0.730769
9       18  0.692308
472     17  0.653846
20      16  0.615385
111     15  0.576923
49      14  0.538462
13      14  0.538462
295     14  0.538462
471     14  0.538462
192     14  0.538462
216     14  0.538462
186     14  0.538462
108     14  0.538462
107     13  0.500000
435     13  0.500000
427     13  0.500000
129     13  0.500000
508     13  0.500000
401     13  0.500000
     Count     Value
339      5  0.833333
326      4  0.666667
111      3  0.500000
9        3  0.500000
472      2  0.333333
20       1  0.166667
Current: [339]
Subround 7
not enough
     Count     Value
339     25  0.925926
9       19  0.703704
326     19  0.703704
20      17  0.629630
472     17  0.629630
111     15  0.555556
49      14  0.518519
13      14  0.518519
295     14  0.518519
471     14  0.518519
192     14  0.518519
216     14  0.518519
186     14  0.518519
108     14  0.518519
107     13  0.481481
435     13  0.481481
427     13  0.481481
129     13  0.481481
508     13  0.481481
401     13  0.481481
     Count     Value
339      6  0.857143
9        4  0.571429
326      4  0.571429
111      3  0.428571
20       2  0.285714
472      2  0.285714
Current: [339]
Subround 8
not enough
     Count     Value
339     26  0.928571
9       20  0.714286
326     19  0.678571
20      17  0.607143
472     17  0.607143
111     16  0.571429
49      14  0.500000
13      14  0.500000
295     14  0.500000
471     14  0.500000
192     14  0.500000
216     14  0.500000
186     14  0.500000
108     14  0.500000
107     13  0.464286
435     13  0.464286
427     13  0.464286
129     13  0.464286
508     13  0.464286
401     13  0.464286
     Count  Value
339      7  0.875
9        5  0.625
111      4  0.500
326      4  0.500
20       2  0.250
472      2  0.250
Current: [339]
Subround 9
not enough
     Count     Value
339     26  0.896552
9       20  0.689655
326     19  0.655172
20      18  0.620690
472     18  0.620690
111     17  0.586207
49      14  0.482759
13      14  0.482759
295     14  0.482759
471     14  0.482759
192     14  0.482759
216     14  0.482759
186     14  0.482759
108     14  0.482759
107     13  0.448276
435     13  0.448276
427     13  0.448276
129     13  0.448276
508     13  0.448276
401     13  0.448276
     Count     Value
339      7  0.777778
111      5  0.555556
9        5  0.555556
326      4  0.444444
20       3  0.333333
472      3  0.333333
Current: [339]
Subround 10
     Count     Value
339     26  0.866667
9       20  0.666667
326     20  0.666667
20      19  0.633333
472     19  0.633333
111     17  0.566667
49      14  0.466667
13      14  0.466667
295     14  0.466667
471     14  0.466667
192     14  0.466667
216     14  0.466667
186     14  0.466667
108     14  0.466667
107     13  0.433333
435     13  0.433333
427     13  0.433333
129     13  0.433333
508     13  0.433333
401     13  0.433333
     Count  Value
339      7    0.7
111      5    0.5
9        5    0.5
326      5    0.5
20       4    0.4
472      4    0.4
Current: [339]
Winning offset:
[339]
2021-09-08 04:11:51.408814
2021-09-08 04:13:29.627360
0:01:38.218546
