Loading page file profiles/lab06/pages/0x2a44b.yaml
Loading page file profiles/lab06/pages/0x2a460.yaml
Loading page file profiles/lab06/pages/0x2a4e3.yaml
Loading page file profiles/lab06/pages/0x2a4e5.yaml
Loading page file profiles/lab06/pages/0x2a800.yaml
Loading page file profiles/lab06/pages/0x2a804.yaml
Loading page file profiles/lab06/pages/0x2a805.yaml
Round 1
Subround 1
not enough
     Count  Value
485      1    1.0
428      1    1.0
236      1    1.0
462      1    1.0
130      1    1.0
89       1    1.0
8        1    1.0
235      1    1.0
195      1    1.0
91       1    1.0
474      1    1.0
410      1    1.0
424      1    1.0
429      1    1.0
82       1    1.0
106      1    1.0
400      1    1.0
136      1    1.0
260      1    1.0
139      1    1.0
     Count  Value
485      1    1.0
428      1    1.0
236      1    1.0
462      1    1.0
130      1    1.0
89       1    1.0
8        1    1.0
235      1    1.0
195      1    1.0
91       1    1.0
Current: [0, 1, 2, 5, 8, 10, 12, 14, 15, 18, 20, 23, 25, 27, 31, 35, 36, 38, 40, 42, 43, 44, 45, 50, 51, 56, 57, 59, 62, 63, 67, 70, 71, 72, 74, 75, 76, 78, 79, 81, 82, 83, 87, 88, 89, 91, 93, 97, 101, 102, 104, 105, 106, 107, 108, 109, 110, 111, 113, 115, 116, 117, 120, 121, 122, 124, 127, 128, 129, 130, 131, 132, 133, 135, 136, 138, 139, 141, 144, 146, 148, 151, 154, 155, 156, 157, 160, 161, 162, 165, 166, 167, 172, 173, 176, 179, 183, 187, 191, 192, 193, 195, 201, 202, 204, 206, 210, 213, 214, 217, 218, 220, 222, 223, 225, 228, 230, 231, 232, 233, 234, 235, 236, 237, 238, 239, 242, 244, 246, 248, 249, 251, 253, 255, 257, 259, 260, 261, 265, 266, 269, 271, 274, 275, 277, 278, 279, 284, 286, 287, 295, 305, 306, 309, 312, 316, 319, 326, 329, 330, 333, 334, 336, 338, 339, 340, 341, 343, 345, 346, 349, 355, 356, 358, 359, 364, 365, 366, 367, 368, 369, 371, 375, 376, 377, 378, 379, 380, 383, 384, 385, 386, 387, 388, 389, 400, 401, 404, 407, 408, 410, 412, 413, 416, 417, 418, 420, 421, 422, 423, 424, 426, 428, 429, 430, 431, 434, 439, 440, 441, 443, 444, 446, 448, 451, 452, 453, 457, 458, 461, 462, 463, 465, 466, 467, 469, 473, 474, 475, 477, 478, 481, 483, 485, 486, 487, 490, 491, 492, 493, 495, 496, 499, 500, 503, 507]
Subround 2
not enough
     Count  Value
154      2    1.0
75       2    1.0
466      2    1.0
421      2    1.0
138      2    1.0
72       2    1.0
218      2    1.0
330      2    1.0
10       2    1.0
384      2    1.0
379      2    1.0
122      2    1.0
404      2    1.0
183      2    1.0
339      2    1.0
111      2    1.0
431      2    1.0
345      2    1.0
56       2    1.0
107      2    1.0
     Count  Value
154      2    1.0
75       2    1.0
466      2    1.0
421      2    1.0
138      2    1.0
72       2    1.0
218      2    1.0
330      2    1.0
10       2    1.0
384      2    1.0
Current: [10, 14, 18, 20, 25, 36, 40, 45, 51, 56, 62, 63, 67, 70, 72, 74, 75, 76, 81, 82, 88, 89, 93, 97, 101, 102, 104, 107, 109, 111, 113, 115, 116, 117, 120, 122, 129, 131, 132, 135, 138, 144, 148, 151, 154, 156, 160, 162, 172, 173, 176, 179, 183, 192, 193, 201, 202, 210, 214, 217, 218, 220, 230, 231, 233, 234, 235, 236, 237, 238, 242, 244, 249, 251, 253, 255, 257, 265, 269, 279, 287, 306, 326, 329, 330, 333, 334, 338, 339, 345, 346, 349, 355, 356, 358, 359, 365, 366, 376, 377, 379, 380, 383, 384, 385, 388, 389, 400, 404, 410, 413, 416, 417, 418, 421, 426, 431, 443, 444, 448, 453, 457, 462, 463, 466, 467, 473, 481, 483, 487, 491, 495, 496, 499, 507]
Subround 3
not enough
     Count     Value
400      3  1.000000
380      3  1.000000
339      3  1.000000
242      3  1.000000
485      2  0.666667
333      2  0.666667
139      2  0.666667
260      2  0.666667
136      2  0.666667
106      2  0.666667
83       2  0.666667
82       2  0.666667
429      2  0.666667
424      2  0.666667
410      2  0.666667
474      2  0.666667
91       2  0.666667
79       2  0.666667
63       2  0.666667
89       2  0.666667
     Count     Value
400      3  1.000000
380      3  1.000000
339      3  1.000000
242      3  1.000000
485      2  0.666667
333      2  0.666667
139      2  0.666667
260      2  0.666667
136      2  0.666667
106      2  0.666667
Current: [242, 339, 380, 400]
Subround 4
not enough
     Count  Value
339      4   1.00
380      4   1.00
400      4   1.00
242      4   1.00
326      3   0.75
138      3   0.75
191      3   0.75
446      3   0.75
466      3   0.75
25       3   0.75
369      3   0.75
237      3   0.75
218      3   0.75
443      3   0.75
10       3   0.75
384      3   0.75
404      3   0.75
183      3   0.75
102      3   0.75
387      3   0.75
     Count  Value
339      4   1.00
380      4   1.00
400      4   1.00
242      4   1.00
326      3   0.75
138      3   0.75
191      3   0.75
446      3   0.75
466      3   0.75
25       3   0.75
Current: [2, 5, 10, 15, 20, 25, 27, 35, 40, 42, 43, 44, 50, 59, 63, 67, 71, 74, 76, 81, 82, 87, 89, 91, 93, 101, 102, 109, 113, 120, 127, 130, 131, 138, 146, 151, 155, 156, 157, 160, 161, 172, 183, 191, 192, 193, 202, 213, 214, 217, 218, 228, 232, 234, 235, 236, 237, 239, 242, 249, 255, 257, 260, 269, 271, 274, 275, 279, 286, 287, 295, 306, 309, 312, 316, 319, 326, 333, 338, 339, 343, 349, 352, 358, 368, 369, 376, 377, 378, 380, 384, 386, 387, 388, 400, 402, 404, 410, 417, 418, 420, 423, 424, 430, 431, 432, 434, 439, 440, 443, 446, 448, 461, 466, 473, 474, 478, 481, 483, 487, 492, 495, 496, 500]
Subround 5
not enough
     Count  Value
339      5    1.0
400      5    1.0
242      5    1.0
386      4    0.8
151      4    0.8
492      4    0.8
59       4    0.8
432      4    0.8
483      4    0.8
160      4    0.8
93       4    0.8
234      4    0.8
448      4    0.8
440      4    0.8
109      4    0.8
349      4    0.8
420      4    0.8
213      4    0.8
309      4    0.8
496      4    0.8
     Count  Value
339      5    1.0
400      5    1.0
242      5    1.0
386      4    0.8
151      4    0.8
492      4    0.8
59       4    0.8
432      4    0.8
483      4    0.8
160      4    0.8
Current: [2, 10, 20, 27, 42, 43, 50, 59, 63, 67, 71, 74, 76, 82, 87, 89, 91, 93, 101, 109, 127, 131, 146, 151, 156, 160, 172, 191, 192, 193, 213, 234, 235, 236, 237, 242, 249, 255, 260, 269, 271, 275, 279, 286, 287, 295, 306, 309, 312, 316, 319, 338, 339, 343, 349, 352, 358, 369, 376, 377, 380, 386, 387, 400, 402, 410, 417, 418, 420, 423, 430, 431, 432, 439, 440, 446, 448, 466, 474, 478, 483, 487, 492, 496]
Subround 6
not enough
     Count     Value
400      6  1.000000
339      6  1.000000
242      6  1.000000
249      5  0.833333
309      5  0.833333
71       5  0.833333
286      5  0.833333
2        5  0.833333
101      5  0.833333
440      5  0.833333
420      5  0.833333
74       5  0.833333
287      5  0.833333
417      5  0.833333
42       5  0.833333
172      5  0.833333
349      5  0.833333
432      5  0.833333
89       5  0.833333
483      5  0.833333
     Count     Value
400      6  1.000000
339      6  1.000000
242      6  1.000000
249      5  0.833333
309      5  0.833333
71       5  0.833333
286      5  0.833333
2        5  0.833333
101      5  0.833333
440      5  0.833333
Current: [2, 10, 42, 59, 71, 74, 76, 87, 89, 93, 101, 146, 156, 160, 172, 193, 237, 242, 249, 269, 271, 275, 286, 287, 309, 338, 339, 349, 358, 380, 386, 400, 402, 410, 417, 420, 432, 440, 448, 466, 474, 478, 483, 492, 496]
Subround 7
not enough
     Count     Value
339      7  1.000000
271      6  0.857143
309      6  0.857143
93       6  0.857143
242      6  0.857143
358      6  0.857143
172      6  0.857143
338      6  0.857143
400      6  0.857143
380      6  0.857143
402      6  0.857143
156      6  0.857143
10       6  0.857143
193      6  0.857143
418      5  0.714286
59       5  0.714286
432      5  0.714286
377      5  0.714286
349      5  0.714286
420      5  0.714286
     Count     Value
339      7  1.000000
271      6  0.857143
309      6  0.857143
93       6  0.857143
242      6  0.857143
358      6  0.857143
172      6  0.857143
338      6  0.857143
400      6  0.857143
380      6  0.857143
Current: [2, 10, 20, 27, 42, 43, 45, 50, 59, 63, 71, 74, 76, 87, 89, 91, 93, 101, 109, 119, 127, 128, 131, 146, 151, 156, 160, 172, 176, 191, 193, 207, 217, 220, 234, 235, 236, 237, 239, 242, 249, 255, 260, 267, 269, 271, 275, 286, 287, 295, 305, 309, 312, 316, 319, 338, 339, 343, 345, 349, 352, 358, 369, 376, 377, 380, 386, 387, 400, 402, 410, 413, 417, 418, 420, 423, 424, 431, 432, 439, 440, 444, 446, 448, 466, 474, 478, 483, 487, 492, 496]
Subround 8
not enough
     Count  Value
339      8  1.000
402      7  0.875
93       7  0.875
380      7  0.875
309      7  0.875
338      7  0.875
474      6  0.750
271      6  0.750
50       6  0.750
156      6  0.750
27       6  0.750
239      6  0.750
319      6  0.750
487      6  0.750
255      6  0.750
242      6  0.750
91       6  0.750
235      6  0.750
42       6  0.750
89       6  0.750
     Count  Value
339      8  1.000
402      7  0.875
93       7  0.875
380      7  0.875
309      7  0.875
338      7  0.875
474      6  0.750
271      6  0.750
50       6  0.750
156      6  0.750
Current: [10, 20, 27, 42, 45, 50, 59, 63, 71, 76, 87, 89, 91, 93, 101, 127, 128, 146, 156, 160, 172, 193, 207, 217, 235, 239, 242, 255, 260, 267, 271, 275, 295, 309, 312, 319, 338, 339, 345, 352, 358, 369, 380, 386, 400, 402, 417, 420, 432, 439, 444, 446, 448, 466, 474, 483, 487, 492]
Subround 9
not enough
     Count     Value
339      9  1.000000
309      8  0.888889
267      7  0.777778
420      7  0.777778
235      7  0.777778
466      7  0.777778
338      7  0.777778
91       7  0.777778
369      7  0.777778
446      7  0.777778
380      7  0.777778
432      7  0.777778
50       7  0.777778
76       7  0.777778
487      7  0.777778
217      7  0.777778
93       7  0.777778
400      7  0.777778
271      7  0.777778
402      7  0.777778
     Count     Value
339      9  1.000000
309      8  0.888889
267      7  0.777778
420      7  0.777778
235      7  0.777778
466      7  0.777778
338      7  0.777778
91       7  0.777778
369      7  0.777778
446      7  0.777778
Current: [50, 76, 91, 93, 217, 235, 267, 271, 309, 338, 339, 369, 380, 400, 402, 417, 420, 432, 446, 466, 487]
Subround 10
not enough
     Count  Value
339     10    1.0
400      8    0.8
380      8    0.8
93       8    0.8
267      8    0.8
338      8    0.8
309      8    0.8
235      8    0.8
417      8    0.8
466      8    0.8
369      8    0.8
29       7    0.7
483      7    0.7
71       7    0.7
151      7    0.7
440      7    0.7
59       7    0.7
172      7    0.7
377      7    0.7
201      7    0.7
     Count  Value
339     10    1.0
400      8    0.8
380      8    0.8
93       8    0.8
267      8    0.8
338      8    0.8
309      8    0.8
235      8    0.8
417      8    0.8
466      8    0.8
Current: [93, 235, 267, 309, 338, 339, 369, 380, 400, 417, 466]
Subround 11
not enough
     Count     Value
339     10  0.909091
235      9  0.818182
309      9  0.818182
29       8  0.727273
402      8  0.727273
417      8  0.727273
319      8  0.727273
316      8  0.727273
358      8  0.727273
271      8  0.727273
50       8  0.727273
487      8  0.727273
446      8  0.727273
377      8  0.727273
255      8  0.727273
440      8  0.727273
93       8  0.727273
269      8  0.727273
193      8  0.727273
369      8  0.727273
     Count     Value
339     10  0.909091
235      9  0.818182
309      9  0.818182
29       8  0.727273
402      8  0.727273
417      8  0.727273
319      8  0.727273
316      8  0.727273
358      8  0.727273
271      8  0.727273
Current: [29, 50, 76, 91, 93, 172, 193, 235, 242, 255, 267, 269, 271, 309, 312, 316, 319, 338, 339, 345, 358, 369, 377, 380, 387, 400, 402, 417, 420, 440, 446, 466, 487]
Subround 12
not enough
     Count     Value
339     11  0.916667
309     10  0.833333
312      9  0.750000
380      9  0.750000
387      9  0.750000
193      9  0.750000
487      9  0.750000
420      9  0.750000
235      9  0.750000
91       9  0.750000
446      9  0.750000
172      9  0.750000
345      9  0.750000
267      9  0.750000
377      9  0.750000
242      9  0.750000
271      9  0.750000
50       9  0.750000
255      9  0.750000
358      8  0.666667
     Count     Value
339     11  0.916667
309     10  0.833333
312      9  0.750000
380      9  0.750000
387      9  0.750000
193      9  0.750000
487      9  0.750000
420      9  0.750000
235      9  0.750000
91       9  0.750000
Current: [50, 91, 172, 193, 235, 242, 255, 267, 271, 309, 312, 339, 345, 377, 380, 387, 420, 446, 487]
Subround 13
not enough
     Count     Value
339     12  0.923077
309     11  0.846154
487     10  0.769231
345     10  0.769231
267     10  0.769231
50      10  0.769231
377     10  0.769231
255     10  0.769231
420     10  0.769231
242     10  0.769231
387     10  0.769231
380     10  0.769231
271     10  0.769231
446     10  0.769231
172     10  0.769231
312     10  0.769231
10       9  0.692308
277      9  0.692308
235      9  0.692308
483      9  0.692308
     Count     Value
339     12  0.923077
309     11  0.846154
487     10  0.769231
345     10  0.769231
267     10  0.769231
50      10  0.769231
377     10  0.769231
255     10  0.769231
420     10  0.769231
242     10  0.769231
Current: [50, 172, 242, 255, 267, 271, 309, 312, 339, 345, 377, 380, 387, 420, 446, 487]
Subround 14
not enough
     Count     Value
339     13  0.928571
172     11  0.785714
380     11  0.785714
446     11  0.785714
387     11  0.785714
309     11  0.785714
50      11  0.785714
271     11  0.785714
345     11  0.785714
312     10  0.714286
125     10  0.714286
487     10  0.714286
430     10  0.714286
267     10  0.714286
277     10  0.714286
461     10  0.714286
485     10  0.714286
192     10  0.714286
420     10  0.714286
402     10  0.714286
     Count     Value
339     13  0.928571
172     11  0.785714
380     11  0.785714
446     11  0.785714
387     11  0.785714
309     11  0.785714
50      11  0.785714
271     11  0.785714
345     11  0.785714
312     10  0.714286
Current: [10, 42, 50, 59, 91, 125, 172, 176, 192, 193, 197, 242, 255, 267, 271, 275, 277, 305, 309, 312, 339, 345, 377, 380, 384, 387, 402, 420, 430, 439, 446, 461, 483, 485, 487]
Subround 15
not enough
     Count     Value
339     13  0.866667
309     12  0.800000
380     12  0.800000
345     11  0.733333
377     11  0.733333
255     11  0.733333
267     11  0.733333
50      11  0.733333
387     11  0.733333
42      11  0.733333
242     11  0.733333
271     11  0.733333
420     11  0.733333
172     11  0.733333
197     11  0.733333
446     11  0.733333
312     11  0.733333
466     10  0.666667
193     10  0.666667
384     10  0.666667
     Count     Value
339     13  0.866667
309     12  0.800000
380     12  0.800000
345     11  0.733333
377     11  0.733333
255     11  0.733333
267     11  0.733333
50      11  0.733333
387     11  0.733333
42      11  0.733333
Current: [42, 50, 172, 197, 242, 255, 267, 271, 309, 312, 339, 345, 377, 380, 387, 420, 446]
Subround 16
not enough
     Count   Value
339     14  0.8750
267     12  0.7500
309     12  0.7500
380     12  0.7500
271     12  0.7500
387     12  0.7500
42      12  0.7500
446     12  0.7500
312     12  0.7500
172     12  0.7500
420     12  0.7500
281     11  0.6875
461     11  0.6875
60      11  0.6875
377     11  0.6875
242     11  0.6875
295     11  0.6875
345     11  0.6875
95      11  0.6875
402     11  0.6875
     Count  Value
339     14  0.875
267     12  0.750
309     12  0.750
380     12  0.750
271     12  0.750
387     12  0.750
42      12  0.750
446     12  0.750
312     12  0.750
172     12  0.750
Current: [42, 172, 267, 271, 309, 312, 339, 380, 387, 420, 446]
Subround 17
not enough
     Count     Value
339     14  0.823529
420     13  0.764706
387     13  0.764706
446     13  0.764706
271     13  0.764706
267     13  0.764706
42      13  0.764706
172     13  0.764706
312     13  0.764706
95      12  0.705882
225     12  0.705882
130     12  0.705882
174     12  0.705882
309     12  0.705882
60      12  0.705882
201     12  0.705882
461     12  0.705882
281     12  0.705882
380     12  0.705882
118     12  0.705882
     Count     Value
339     14  0.823529
420     13  0.764706
387     13  0.764706
446     13  0.764706
271     13  0.764706
267     13  0.764706
42      13  0.764706
172     13  0.764706
312     13  0.764706
95      12  0.705882
Current: [42, 60, 95, 118, 130, 172, 174, 201, 225, 267, 271, 275, 281, 295, 305, 309, 312, 339, 380, 387, 417, 420, 446, 461]
Subround 18
not enough
     Count     Value
339     15  0.833333
42      14  0.777778
172     14  0.777778
446     14  0.777778
387     14  0.777778
295     13  0.722222
174     13  0.722222
420     13  0.722222
201     13  0.722222
60      13  0.722222
461     13  0.722222
271     13  0.722222
312     13  0.722222
267     13  0.722222
225     13  0.722222
275     13  0.722222
167     12  0.666667
95      12  0.666667
345     12  0.666667
451     12  0.666667
     Count     Value
339     15  0.833333
42      14  0.777778
172     14  0.777778
446     14  0.777778
387     14  0.777778
295     13  0.722222
174     13  0.722222
420     13  0.722222
201     13  0.722222
60      13  0.722222
Current: [42, 60, 172, 174, 201, 225, 267, 271, 275, 295, 312, 339, 387, 420, 446, 461]
Subround 19
not enough
     Count     Value
446     15  0.789474
339     15  0.789474
172     15  0.789474
387     15  0.789474
174     14  0.736842
225     14  0.736842
60      14  0.736842
420     14  0.736842
295     14  0.736842
42      14  0.736842
461     14  0.736842
309     13  0.684211
450     13  0.684211
417     13  0.684211
95      13  0.684211
21      13  0.684211
356     13  0.684211
141     13  0.684211
93      13  0.684211
201     13  0.684211
     Count     Value
446     15  0.789474
339     15  0.789474
172     15  0.789474
387     15  0.789474
174     14  0.736842
225     14  0.736842
60      14  0.736842
420     14  0.736842
295     14  0.736842
42      14  0.736842
Current: [42, 60, 172, 174, 225, 295, 339, 387, 420, 446, 461]
Subround 20
     Count  Value
339     16   0.80
172     16   0.80
446     15   0.75
60      15   0.75
387     15   0.75
174     15   0.75
461     15   0.75
312     14   0.70
295     14   0.70
451     14   0.70
450     14   0.70
95      14   0.70
417     14   0.70
127     14   0.70
225     14   0.70
289     14   0.70
420     14   0.70
356     14   0.70
93      14   0.70
167     14   0.70
     Count  Value
339     16   0.80
172     16   0.80
446     15   0.75
60      15   0.75
387     15   0.75
174     15   0.75
461     15   0.75
312     14   0.70
295     14   0.70
451     14   0.70
Current: [60, 172, 174, 339, 387, 446, 461]
Round 2
Subround 1
not enough
     Count     Value
339     17  0.809524
172     17  0.809524
446     16  0.761905
387     16  0.761905
60      15  0.714286
174     15  0.714286
461     15  0.714286
312     14  0.666667
295     14  0.666667
451     14  0.666667
450     14  0.666667
95      14  0.666667
417     14  0.666667
127     14  0.666667
225     14  0.666667
289     14  0.666667
420     14  0.666667
356     14  0.666667
93      14  0.666667
167     14  0.666667
     Count  Value
339      1    1.0
172      1    1.0
446      1    1.0
387      1    1.0
Current: [172, 339]
Subround 2
not enough
     Count     Value
339     18  0.818182
172     18  0.818182
446     17  0.772727
387     16  0.727273
174     16  0.727273
60      15  0.681818
461     15  0.681818
312     14  0.636364
295     14  0.636364
451     14  0.636364
450     14  0.636364
95      14  0.636364
417     14  0.636364
127     14  0.636364
225     14  0.636364
289     14  0.636364
420     14  0.636364
356     14  0.636364
93      14  0.636364
167     14  0.636364
     Count  Value
339      2    1.0
172      2    1.0
446      2    1.0
387      1    0.5
174      1    0.5
Current: [172, 339]
Subround 3
not enough
     Count     Value
339     19  0.826087
172     18  0.782609
446     17  0.739130
387     17  0.739130
174     16  0.695652
461     16  0.695652
60      15  0.652174
295     14  0.608696
451     14  0.608696
95      14  0.608696
201     14  0.608696
242     14  0.608696
309     14  0.608696
271     14  0.608696
127     14  0.608696
167     14  0.608696
21      14  0.608696
93      14  0.608696
356     14  0.608696
312     14  0.608696
     Count     Value
339      3  1.000000
172      2  0.666667
446      2  0.666667
387      2  0.666667
174      1  0.333333
485      1  0.333333
461      1  0.333333
Current: [339]
Subround 4
not enough
     Count     Value
339     20  0.833333
172     19  0.791667
446     18  0.750000
387     17  0.708333
174     16  0.666667
461     16  0.666667
60      15  0.625000
309     14  0.583333
95      14  0.583333
93      14  0.583333
356     14  0.583333
201     14  0.583333
417     14  0.583333
225     14  0.583333
420     14  0.583333
271     14  0.583333
451     14  0.583333
21      14  0.583333
167     14  0.583333
289     14  0.583333
     Count  Value
339      4   1.00
172      3   0.75
446      3   0.75
387      2   0.50
485      2   0.50
174      1   0.25
461      1   0.25
Current: [339]
Subround 5
not enough
     Count  Value
339     21   0.84
172     20   0.80
446     18   0.72
174     17   0.68
387     17   0.68
60      16   0.64
461     16   0.64
309     14   0.56
95      14   0.56
93      14   0.56
356     14   0.56
201     14   0.56
417     14   0.56
225     14   0.56
420     14   0.56
271     14   0.56
451     14   0.56
21      14   0.56
167     14   0.56
289     14   0.56
     Count  Value
339      5    1.0
172      4    0.8
446      3    0.6
387      2    0.4
174      2    0.4
485      2    0.4
461      1    0.2
60       1    0.2
Current: [339]
Subround 6
not enough
     Count     Value
339     22  0.846154
172     20  0.769231
446     19  0.730769
174     18  0.692308
387     18  0.692308
60      16  0.615385
461     16  0.615385
309     14  0.538462
95      14  0.538462
93      14  0.538462
356     14  0.538462
201     14  0.538462
417     14  0.538462
225     14  0.538462
420     14  0.538462
271     14  0.538462
451     14  0.538462
21      14  0.538462
167     14  0.538462
289     14  0.538462
     Count     Value
339      6  1.000000
172      4  0.666667
446      4  0.666667
387      3  0.500000
174      3  0.500000
485      2  0.333333
461      1  0.166667
60       1  0.166667
Current: [339]
Subround 7
not enough
     Count     Value
339     23  0.851852
172     21  0.777778
174     19  0.703704
446     19  0.703704
387     18  0.666667
461     17  0.629630
60      16  0.592593
309     14  0.518519
95      14  0.518519
93      14  0.518519
356     14  0.518519
201     14  0.518519
417     14  0.518519
225     14  0.518519
420     14  0.518519
271     14  0.518519
451     14  0.518519
21      14  0.518519
167     14  0.518519
289     14  0.518519
     Count     Value
339      7  1.000000
172      5  0.714286
446      4  0.571429
174      4  0.571429
387      3  0.428571
485      2  0.285714
461      2  0.285714
60       1  0.142857
Current: [339]
Subround 8
not enough
     Count     Value
339     24  0.857143
172     21  0.750000
446     20  0.714286
174     19  0.678571
387     18  0.642857
461     18  0.642857
60      17  0.607143
309     14  0.500000
95      14  0.500000
93      14  0.500000
356     14  0.500000
201     14  0.500000
417     14  0.500000
225     14  0.500000
420     14  0.500000
271     14  0.500000
451     14  0.500000
21      14  0.500000
167     14  0.500000
289     14  0.500000
     Count  Value
339      8  1.000
172      5  0.625
446      5  0.625
174      4  0.500
387      3  0.375
461      3  0.375
485      2  0.250
60       2  0.250
Current: [339]
Subround 9
not enough
     Count     Value
339     25  0.862069
172     21  0.724138
446     20  0.689655
174     19  0.655172
387     19  0.655172
461     19  0.655172
60      18  0.620690
309     14  0.482759
95      14  0.482759
93      14  0.482759
356     14  0.482759
201     14  0.482759
417     14  0.482759
225     14  0.482759
420     14  0.482759
271     14  0.482759
451     14  0.482759
21      14  0.482759
167     14  0.482759
289     14  0.482759
     Count     Value
339      9  1.000000
172      5  0.555556
446      5  0.555556
387      4  0.444444
174      4  0.444444
461      4  0.444444
60       3  0.333333
485      2  0.222222
Current: [339]
Subround 10
     Count     Value
339     26  0.866667
172     21  0.700000
174     20  0.666667
446     20  0.666667
387     20  0.666667
60      19  0.633333
461     19  0.633333
309     14  0.466667
95      14  0.466667
93      14  0.466667
356     14  0.466667
201     14  0.466667
417     14  0.466667
225     14  0.466667
420     14  0.466667
271     14  0.466667
451     14  0.466667
21      14  0.466667
167     14  0.466667
289     14  0.466667
     Count  Value
339     10    1.0
172      5    0.5
446      5    0.5
387      5    0.5
174      5    0.5
461      4    0.4
60       4    0.4
485      2    0.2
Current: [339]
Winning offset:
[339]
2021-09-08 04:13:31.496989
2021-09-08 04:15:09.807369
0:01:38.310380
