Loading page file profiles/lab06/pages/0x2a44b.yaml
Loading page file profiles/lab06/pages/0x2a460.yaml
Loading page file profiles/lab06/pages/0x2a4e3.yaml
Loading page file profiles/lab06/pages/0x2a4e5.yaml
Loading page file profiles/lab06/pages/0x2a800.yaml
Loading page file profiles/lab06/pages/0x2a804.yaml
Loading page file profiles/lab06/pages/0x2a805.yaml
Round 1
Subround 1
not enough
     Count  Value
193      1    1.0
24       1    1.0
83       1    1.0
435      1    1.0
329      1    1.0
424      1    1.0
315      1    1.0
10       1    1.0
292      1    1.0
289      1    1.0
475      1    1.0
436      1    1.0
446      1    1.0
477      1    1.0
214      1    1.0
218      1    1.0
144      1    1.0
6        1    1.0
179      1    1.0
226      1    1.0
     Count  Value
193      1    1.0
24       1    1.0
83       1    1.0
435      1    1.0
329      1    1.0
424      1    1.0
315      1    1.0
10       1    1.0
292      1    1.0
289      1    1.0
Current: [2, 6, 7, 10, 12, 16, 19, 20, 21, 24, 27, 29, 31, 34, 35, 38, 40, 41, 44, 46, 47, 48, 49, 50, 51, 52, 53, 54, 55, 58, 60, 61, 63, 64, 65, 67, 69, 75, 80, 81, 83, 85, 87, 89, 92, 93, 94, 95, 96, 97, 98, 99, 103, 110, 116, 117, 119, 120, 121, 123, 124, 125, 126, 128, 129, 130, 131, 132, 134, 135, 140, 143, 144, 147, 149, 150, 152, 155, 157, 158, 159, 161, 163, 164, 166, 167, 168, 170, 171, 172, 174, 176, 177, 179, 180, 181, 187, 188, 192, 193, 195, 197, 201, 202, 203, 206, 207, 208, 210, 211, 214, 215, 216, 217, 218, 220, 226, 227, 229, 231, 234, 235, 237, 238, 239, 243, 244, 248, 252, 258, 259, 265, 266, 268, 271, 276, 278, 279, 280, 281, 284, 289, 290, 291, 292, 294, 297, 298, 299, 300, 303, 304, 308, 309, 311, 315, 316, 317, 318, 321, 322, 323, 325, 326, 329, 336, 339, 343, 344, 350, 354, 360, 361, 362, 364, 366, 367, 368, 369, 370, 376, 377, 378, 379, 380, 382, 383, 386, 392, 395, 397, 398, 400, 402, 404, 405, 409, 411, 413, 414, 415, 416, 419, 421, 422, 424, 427, 430, 431, 435, 436, 437, 438, 439, 440, 441, 444, 446, 447, 448, 451, 452, 453, 455, 456, 457, 458, 459, 461, 462, 463, 465, 467, 470, 472, 474, 475, 476, 477, 481, 482, 483, 484, 486, 487, 488, 494, 495, 499, 502, 504, 505, 506, 507, 508, 509]
Subround 2
not enough
     Count  Value
168      2    1.0
215      2    1.0
227      2    1.0
21       2    1.0
187      2    1.0
120      2    1.0
380      2    1.0
48       2    1.0
220      2    1.0
135      2    1.0
96       2    1.0
294      2    1.0
38       2    1.0
31       2    1.0
203      2    1.0
318      2    1.0
52       2    1.0
121      2    1.0
234      2    1.0
208      2    1.0
     Count  Value
168      2    1.0
215      2    1.0
227      2    1.0
21       2    1.0
187      2    1.0
120      2    1.0
380      2    1.0
48       2    1.0
220      2    1.0
135      2    1.0
Current: [7, 16, 21, 31, 35, 38, 46, 48, 52, 54, 58, 69, 75, 85, 87, 96, 99, 103, 116, 117, 120, 121, 123, 125, 130, 131, 135, 143, 144, 149, 150, 161, 163, 164, 166, 168, 170, 171, 179, 180, 181, 187, 192, 195, 197, 201, 202, 203, 206, 208, 210, 211, 214, 215, 216, 220, 226, 227, 234, 243, 244, 265, 266, 268, 271, 276, 278, 284, 289, 290, 294, 303, 304, 309, 311, 315, 318, 339, 350, 354, 361, 362, 367, 370, 377, 379, 380, 382, 392, 400, 402, 404, 405, 413, 421, 422, 430, 436, 437, 440, 441, 444, 446, 448, 455, 456, 458, 461, 463, 465, 470, 472, 474, 482, 487, 494, 499, 505, 507, 509]
Subround 3
not enough
     Count  Value
48       3    1.0
135      3    1.0
187      3    1.0
441      3    1.0
380      3    1.0
234      3    1.0
227      3    1.0
220      3    1.0
96       3    1.0
507      3    1.0
21       3    1.0
294      3    1.0
38       3    1.0
31       3    1.0
203      3    1.0
318      3    1.0
440      3    1.0
121      3    1.0
400      3    1.0
362      3    1.0
     Count  Value
48       3    1.0
135      3    1.0
187      3    1.0
441      3    1.0
380      3    1.0
234      3    1.0
227      3    1.0
220      3    1.0
96       3    1.0
507      3    1.0
Current: [7, 16, 21, 31, 35, 38, 46, 48, 52, 54, 58, 69, 75, 85, 87, 96, 99, 103, 116, 117, 120, 121, 123, 125, 130, 131, 135, 143, 144, 149, 150, 161, 163, 166, 168, 170, 171, 179, 180, 181, 187, 192, 195, 197, 201, 202, 203, 206, 208, 210, 211, 214, 215, 216, 220, 226, 227, 234, 243, 244, 265, 266, 268, 271, 276, 278, 284, 289, 290, 294, 303, 304, 309, 311, 315, 318, 339, 350, 354, 361, 362, 367, 370, 377, 379, 380, 382, 392, 400, 402, 404, 405, 413, 421, 422, 430, 436, 437, 440, 441, 444, 446, 448, 455, 456, 458, 461, 463, 465, 472, 474, 482, 487, 494, 499, 505, 507, 509]
Subround 4
not enough
     Count  Value
52       4    1.0
472      4    1.0
456      4    1.0
215      4    1.0
413      4    1.0
7        4    1.0
339      4    1.0
202      4    1.0
170      4    1.0
125      4    1.0
482      4    1.0
367      4    1.0
201      4    1.0
16       4    1.0
421      4    1.0
474      4    1.0
276      4    1.0
268      4    1.0
46       4    1.0
69       4    1.0
     Count  Value
52       4    1.0
472      4    1.0
456      4    1.0
215      4    1.0
413      4    1.0
7        4    1.0
339      4    1.0
202      4    1.0
170      4    1.0
125      4    1.0
Current: [0, 2, 5, 7, 16, 17, 21, 31, 35, 36, 38, 42, 43, 46, 48, 52, 54, 58, 59, 62, 69, 70, 75, 85, 87, 88, 96, 99, 103, 105, 107, 108, 109, 115, 116, 117, 118, 120, 121, 123, 125, 127, 130, 131, 135, 143, 144, 145, 149, 150, 161, 163, 164, 165, 166, 168, 170, 171, 179, 180, 181, 182, 187, 189, 192, 195, 197, 198, 201, 202, 203, 206, 208, 210, 211, 214, 215, 216, 219, 220, 222, 226, 227, 228, 234, 242, 243, 244, 257, 263, 265, 266, 267, 268, 271, 276, 277, 278, 282, 284, 288, 289, 290, 294, 295, 301, 302, 303, 304, 305, 307, 309, 311, 315, 318, 319, 332, 335, 337, 339, 349, 350, 351, 354, 355, 356, 357, 358, 361, 362, 367, 370, 377, 379, 380, 381, 382, 392, 400, 402, 404, 405, 408, 410, 412, 413, 421, 422, 423, 430, 432, 433, 436, 437, 440, 441, 444, 446, 448, 455, 456, 458, 461, 463, 465, 472, 473, 474, 476, 479, 482, 487, 494, 496, 497, 499, 501, 503, 505, 507, 509, 511]
Subround 5
not enough
     Count  Value
339      5    1.0
367      5    1.0
130      5    1.0
404      5    1.0
315      4    0.8
436      4    0.8
197      4    0.8
392      4    0.8
284      4    0.8
131      4    0.8
171      4    0.8
422      4    0.8
303      4    0.8
36       4    0.8
216      4    0.8
69       4    0.8
243      4    0.8
206      4    0.8
271      4    0.8
494      4    0.8
     Count  Value
339      5    1.0
367      5    1.0
130      5    1.0
404      5    1.0
315      4    0.8
436      4    0.8
197      4    0.8
392      4    0.8
284      4    0.8
131      4    0.8
Current: [7, 16, 21, 31, 35, 36, 38, 46, 48, 52, 54, 58, 69, 75, 85, 87, 96, 99, 103, 116, 117, 120, 123, 125, 130, 131, 135, 143, 144, 149, 150, 161, 163, 166, 168, 170, 171, 179, 180, 181, 182, 192, 195, 197, 201, 202, 203, 206, 210, 211, 214, 215, 216, 220, 226, 227, 234, 243, 244, 265, 266, 268, 271, 276, 278, 284, 290, 294, 303, 304, 307, 309, 311, 315, 318, 339, 350, 355, 361, 362, 367, 370, 377, 379, 380, 382, 392, 400, 402, 404, 405, 413, 421, 422, 430, 436, 437, 440, 441, 444, 446, 448, 455, 456, 458, 461, 463, 465, 472, 474, 479, 482, 487, 494, 499, 501, 505, 507, 509]
Subround 6
not enough
     Count     Value
404      6  1.000000
130      6  1.000000
149      5  0.833333
421      5  0.833333
243      5  0.833333
377      5  0.833333
472      5  0.833333
35       5  0.833333
379      5  0.833333
266      5  0.833333
16       5  0.833333
216      5  0.833333
440      5  0.833333
271      5  0.833333
150      5  0.833333
339      5  0.833333
311      5  0.833333
234      5  0.833333
367      5  0.833333
210      5  0.833333
     Count     Value
404      6  1.000000
130      6  1.000000
149      5  0.833333
421      5  0.833333
243      5  0.833333
377      5  0.833333
472      5  0.833333
35       5  0.833333
379      5  0.833333
266      5  0.833333
Current: [7, 16, 31, 35, 38, 46, 48, 54, 87, 116, 120, 130, 143, 144, 149, 150, 161, 163, 168, 171, 179, 180, 181, 182, 201, 202, 210, 211, 214, 216, 220, 226, 234, 243, 244, 265, 266, 268, 271, 276, 278, 290, 294, 303, 307, 309, 311, 315, 339, 350, 355, 362, 367, 370, 377, 379, 392, 404, 421, 436, 437, 440, 448, 455, 456, 463, 472, 479, 482, 501, 505, 507]
Subround 7
not enough
     Count     Value
404      6  0.857143
268      6  0.857143
315      6  0.857143
421      6  0.857143
303      6  0.857143
130      6  0.857143
161      6  0.857143
455      6  0.857143
143      6  0.857143
265      6  0.857143
339      6  0.857143
46       6  0.857143
379      6  0.857143
437      6  0.857143
31       6  0.857143
38       6  0.857143
311      6  0.857143
482      6  0.857143
367      6  0.857143
220      6  0.857143
     Count     Value
404      6  0.857143
268      6  0.857143
315      6  0.857143
421      6  0.857143
303      6  0.857143
130      6  0.857143
161      6  0.857143
455      6  0.857143
143      6  0.857143
265      6  0.857143
Current: [5, 7, 16, 21, 31, 35, 38, 46, 48, 54, 58, 69, 75, 85, 87, 96, 99, 103, 104, 116, 120, 123, 125, 127, 130, 143, 144, 149, 150, 156, 161, 163, 166, 168, 171, 179, 180, 181, 182, 192, 195, 196, 197, 201, 202, 208, 210, 211, 214, 215, 216, 220, 226, 227, 234, 243, 244, 259, 265, 266, 267, 268, 271, 276, 278, 288, 290, 294, 303, 307, 309, 311, 314, 315, 318, 335, 337, 339, 350, 355, 361, 362, 367, 370, 377, 379, 380, 385, 392, 400, 404, 405, 421, 430, 436, 437, 440, 441, 444, 446, 448, 455, 456, 458, 461, 463, 465, 470, 472, 474, 479, 482, 487, 490, 494, 499, 501, 505, 507, 509]
Subround 8
not enough
     Count  Value
367      7  0.875
437      7  0.875
339      7  0.875
38       7  0.875
161      7  0.875
379      7  0.875
143      7  0.875
482      7  0.875
201      7  0.875
311      7  0.875
220      7  0.875
265      7  0.875
315      7  0.875
268      7  0.875
509      6  0.750
335      6  0.750
35       6  0.750
380      6  0.750
421      6  0.750
75       6  0.750
     Count  Value
367      7  0.875
437      7  0.875
339      7  0.875
38       7  0.875
161      7  0.875
379      7  0.875
143      7  0.875
482      7  0.875
201      7  0.875
311      7  0.875
Current: [5, 7, 31, 35, 38, 46, 75, 85, 103, 116, 120, 125, 127, 130, 143, 150, 161, 163, 166, 181, 192, 195, 201, 202, 208, 211, 216, 220, 226, 234, 244, 265, 266, 267, 268, 271, 288, 294, 303, 307, 309, 311, 314, 315, 335, 339, 361, 367, 370, 377, 379, 380, 385, 392, 404, 421, 436, 437, 444, 455, 456, 461, 463, 465, 482, 494, 499, 501, 505, 507, 509]
Subround 9
not enough
     Count     Value
161      8  0.888889
339      8  0.888889
143      7  0.777778
38       7  0.777778
437      7  0.777778
404      7  0.777778
315      7  0.777778
380      7  0.777778
166      7  0.777778
130      7  0.777778
311      7  0.777778
307      7  0.777778
482      7  0.777778
367      7  0.777778
201      7  0.777778
303      7  0.777778
268      7  0.777778
46       7  0.777778
507      7  0.777778
455      7  0.777778
     Count     Value
161      8  0.888889
339      8  0.888889
143      7  0.777778
38       7  0.777778
437      7  0.777778
404      7  0.777778
315      7  0.777778
380      7  0.777778
166      7  0.777778
130      7  0.777778
Current: [38, 46, 130, 143, 161, 166, 201, 220, 226, 265, 268, 303, 307, 311, 315, 339, 367, 379, 380, 404, 437, 455, 482, 507]
Subround 10
not enough
     Count  Value
161      9    0.9
315      8    0.8
482      8    0.8
143      8    0.8
437      8    0.8
38       8    0.8
311      8    0.8
339      8    0.8
220      8    0.8
307      8    0.8
367      8    0.8
201      8    0.8
226      8    0.8
130      8    0.8
166      8    0.8
268      8    0.8
46       8    0.8
303      8    0.8
404      8    0.8
349      7    0.7
     Count  Value
161      9    0.9
315      8    0.8
482      8    0.8
143      8    0.8
437      8    0.8
38       8    0.8
311      8    0.8
339      8    0.8
220      8    0.8
307      8    0.8
Current: [38, 46, 130, 143, 161, 166, 201, 220, 226, 268, 303, 307, 311, 315, 339, 367, 404, 437, 482]
Subround 11
not enough
     Count     Value
161     10  0.909091
307      9  0.818182
268      9  0.818182
38       9  0.818182
367      9  0.818182
303      9  0.818182
311      9  0.818182
130      9  0.818182
143      9  0.818182
404      9  0.818182
437      9  0.818182
339      9  0.818182
201      9  0.818182
46       9  0.818182
220      9  0.818182
226      9  0.818182
509      8  0.727273
91       8  0.727273
362      8  0.727273
103      8  0.727273
     Count     Value
161     10  0.909091
307      9  0.818182
268      9  0.818182
38       9  0.818182
367      9  0.818182
303      9  0.818182
311      9  0.818182
130      9  0.818182
143      9  0.818182
404      9  0.818182
Current: [35, 38, 46, 58, 60, 69, 75, 85, 87, 91, 96, 99, 103, 116, 119, 130, 143, 161, 166, 168, 180, 181, 197, 201, 202, 216, 220, 226, 234, 244, 257, 267, 268, 276, 278, 290, 294, 303, 307, 311, 314, 315, 318, 321, 339, 349, 362, 367, 377, 400, 404, 405, 430, 437, 444, 446, 448, 470, 472, 474, 482, 487, 490, 501, 509]
Subround 12
not enough
     Count     Value
220     10  0.833333
404     10  0.833333
46      10  0.833333
307     10  0.833333
201     10  0.833333
367     10  0.833333
161     10  0.833333
311     10  0.833333
437     10  0.833333
130     10  0.833333
197      9  0.750000
35       9  0.750000
509      9  0.750000
60       9  0.750000
446      9  0.750000
314      9  0.750000
69       9  0.750000
216      9  0.750000
362      9  0.750000
303      9  0.750000
     Count     Value
220     10  0.833333
404     10  0.833333
46      10  0.833333
307     10  0.833333
201     10  0.833333
367     10  0.833333
161     10  0.833333
311     10  0.833333
437     10  0.833333
130     10  0.833333
Current: [35, 38, 46, 58, 60, 69, 96, 99, 103, 119, 130, 143, 161, 168, 181, 197, 201, 202, 216, 220, 226, 234, 244, 267, 268, 290, 303, 307, 311, 314, 315, 339, 362, 367, 404, 405, 437, 444, 446, 470, 472, 487, 490, 509]
Subround 13
not enough
     Count     Value
367     11  0.846154
220     11  0.846154
404     11  0.846154
130     11  0.846154
437     11  0.846154
168     10  0.769231
226     10  0.769231
444     10  0.769231
339     10  0.769231
161     10  0.769231
58      10  0.769231
311     10  0.769231
446     10  0.769231
60      10  0.769231
96      10  0.769231
35      10  0.769231
201     10  0.769231
362     10  0.769231
268     10  0.769231
405     10  0.769231
     Count     Value
367     11  0.846154
220     11  0.846154
404     11  0.846154
130     11  0.846154
437     11  0.846154
168     10  0.769231
226     10  0.769231
444     10  0.769231
339     10  0.769231
161     10  0.769231
Current: [35, 46, 58, 60, 96, 99, 130, 161, 168, 201, 220, 226, 267, 268, 290, 307, 311, 314, 339, 362, 367, 404, 405, 437, 444, 446, 487]
Subround 14
not enough
     Count     Value
437     12  0.857143
367     12  0.857143
220     12  0.857143
267     11  0.785714
404     11  0.785714
60      11  0.785714
290     11  0.785714
96      11  0.785714
35      11  0.785714
362     11  0.785714
311     11  0.785714
130     11  0.785714
268     11  0.785714
46      11  0.785714
446     11  0.785714
168     11  0.785714
314     11  0.785714
339     11  0.785714
99      11  0.785714
103     10  0.714286
     Count     Value
437     12  0.857143
367     12  0.857143
220     12  0.857143
267     11  0.785714
404     11  0.785714
60      11  0.785714
290     11  0.785714
96      11  0.785714
35      11  0.785714
362     11  0.785714
Current: [0, 35, 46, 58, 60, 69, 82, 96, 99, 103, 119, 130, 133, 143, 144, 161, 168, 181, 201, 216, 220, 226, 234, 244, 257, 267, 268, 272, 290, 303, 307, 311, 314, 330, 339, 357, 362, 367, 377, 379, 380, 404, 405, 437, 444, 446, 472, 482, 487, 505]
Subround 15
not enough
     Count     Value
220     12  0.800000
130     12  0.800000
437     12  0.800000
404     12  0.800000
339     12  0.800000
367     12  0.800000
46      11  0.733333
362     11  0.733333
405     11  0.733333
267     11  0.733333
268     11  0.733333
168     11  0.733333
58      11  0.733333
444     11  0.733333
307     11  0.733333
314     11  0.733333
35      11  0.733333
311     11  0.733333
201     11  0.733333
60      11  0.733333
     Count     Value
220     12  0.800000
130     12  0.800000
437     12  0.800000
404     12  0.800000
339     12  0.800000
367     12  0.800000
46      11  0.733333
362     11  0.733333
405     11  0.733333
267     11  0.733333
Current: [35, 46, 58, 60, 96, 99, 130, 161, 168, 201, 220, 226, 267, 268, 290, 307, 311, 314, 339, 362, 367, 404, 405, 437, 444, 446, 487]
Subround 16
not enough
     Count   Value
130     13  0.8125
437     13  0.8125
339     13  0.8125
99      12  0.7500
367     12  0.7500
307     12  0.7500
404     12  0.7500
220     12  0.7500
226     12  0.7500
46      12  0.7500
267     12  0.7500
446     11  0.6875
391     11  0.6875
311     11  0.6875
218     11  0.6875
216     11  0.6875
505     11  0.6875
103     11  0.6875
91      11  0.6875
144     11  0.6875
     Count   Value
130     13  0.8125
437     13  0.8125
339     13  0.8125
99      12  0.7500
367     12  0.7500
307     12  0.7500
404     12  0.7500
220     12  0.7500
226     12  0.7500
46      12  0.7500
Current: [46, 99, 130, 220, 226, 267, 307, 339, 367, 404, 437]
Subround 17
not enough
     Count     Value
130     14  0.823529
339     14  0.823529
226     13  0.764706
220     13  0.764706
367     13  0.764706
404     13  0.764706
437     13  0.764706
268     12  0.705882
35      12  0.705882
314     12  0.705882
440     12  0.705882
405     12  0.705882
161     12  0.705882
267     12  0.705882
444     12  0.705882
58      12  0.705882
272     12  0.705882
362     12  0.705882
201     12  0.705882
307     12  0.705882
     Count     Value
130     14  0.823529
339     14  0.823529
226     13  0.764706
220     13  0.764706
367     13  0.764706
404     13  0.764706
437     13  0.764706
268     12  0.705882
35      12  0.705882
314     12  0.705882
Current: [35, 46, 58, 82, 96, 99, 130, 161, 201, 220, 226, 244, 267, 268, 272, 307, 314, 339, 362, 367, 404, 405, 437, 440, 444, 446, 487, 490]
Subround 18
not enough
     Count     Value
130     15  0.833333
339     15  0.833333
220     14  0.777778
367     14  0.777778
404     13  0.722222
437     13  0.722222
362     13  0.722222
268     13  0.722222
226     13  0.722222
440     13  0.722222
446     13  0.722222
307     13  0.722222
35      12  0.666667
85      12  0.666667
267     12  0.666667
315     12  0.666667
26      12  0.666667
91      12  0.666667
144     12  0.666667
321     12  0.666667
     Count     Value
130     15  0.833333
339     15  0.833333
220     14  0.777778
367     14  0.777778
404     13  0.722222
437     13  0.722222
362     13  0.722222
268     13  0.722222
226     13  0.722222
440     13  0.722222
Current: [130, 220, 226, 268, 307, 339, 362, 367, 404, 437, 440, 446]
Subround 19
not enough
     Count     Value
339     16  0.842105
220     15  0.789474
130     15  0.789474
440     14  0.736842
404     14  0.736842
226     14  0.736842
367     14  0.736842
307     13  0.684211
268     13  0.684211
474     13  0.684211
362     13  0.684211
272     13  0.684211
213     13  0.684211
446     13  0.684211
60      13  0.684211
377     13  0.684211
35      13  0.684211
144     13  0.684211
437     13  0.684211
211     13  0.684211
     Count     Value
339     16  0.842105
220     15  0.789474
130     15  0.789474
440     14  0.736842
404     14  0.736842
226     14  0.736842
367     14  0.736842
307     13  0.684211
268     13  0.684211
474     13  0.684211
Current: [130, 220, 226, 339, 367, 404, 440]
Subround 20
     Count  Value
339     17   0.85
130     16   0.80
220     16   0.80
226     14   0.70
272     14   0.70
314     14   0.70
437     14   0.70
404     14   0.70
440     14   0.70
213     14   0.70
474     14   0.70
470     14   0.70
161     14   0.70
60      14   0.70
377     14   0.70
367     14   0.70
362     14   0.70
487     14   0.70
244     13   0.65
307     13   0.65
     Count  Value
339     17   0.85
130     16   0.80
220     16   0.80
226     14   0.70
272     14   0.70
314     14   0.70
437     14   0.70
404     14   0.70
440     14   0.70
213     14   0.70
Current: [130, 220, 339]
Round 2
Subround 1
not enough
     Count     Value
339     18  0.857143
220     17  0.809524
130     16  0.761905
226     14  0.666667
272     14  0.666667
314     14  0.666667
437     14  0.666667
404     14  0.666667
440     14  0.666667
213     14  0.666667
474     14  0.666667
470     14  0.666667
161     14  0.666667
60      14  0.666667
377     14  0.666667
367     14  0.666667
362     14  0.666667
487     14  0.666667
244     13  0.619048
307     13  0.619048
     Count  Value
220      1    1.0
339      1    1.0
Current: [220, 339]
Subround 2
not enough
     Count     Value
339     19  0.863636
130     17  0.772727
220     17  0.772727
226     14  0.636364
272     14  0.636364
314     14  0.636364
437     14  0.636364
404     14  0.636364
440     14  0.636364
213     14  0.636364
474     14  0.636364
470     14  0.636364
161     14  0.636364
60      14  0.636364
377     14  0.636364
367     14  0.636364
362     14  0.636364
487     14  0.636364
244     13  0.590909
307     13  0.590909
     Count  Value
339      2    1.0
220      1    0.5
130      1    0.5
Current: [339]
Subround 3
not enough
     Count     Value
339     20  0.869565
130     17  0.739130
220     17  0.739130
226     14  0.608696
272     14  0.608696
314     14  0.608696
437     14  0.608696
404     14  0.608696
440     14  0.608696
213     14  0.608696
474     14  0.608696
470     14  0.608696
161     14  0.608696
60      14  0.608696
377     14  0.608696
367     14  0.608696
362     14  0.608696
487     14  0.608696
244     13  0.565217
307     13  0.565217
     Count     Value
339      3  1.000000
220      1  0.333333
130      1  0.333333
193      1  0.333333
Current: [339]
Subround 4
not enough
     Count     Value
339     20  0.833333
220     18  0.750000
130     17  0.708333
226     14  0.583333
272     14  0.583333
314     14  0.583333
437     14  0.583333
404     14  0.583333
440     14  0.583333
213     14  0.583333
474     14  0.583333
470     14  0.583333
161     14  0.583333
60      14  0.583333
377     14  0.583333
367     14  0.583333
362     14  0.583333
487     14  0.583333
244     13  0.541667
307     13  0.541667
     Count  Value
339      3   0.75
220      2   0.50
193      2   0.50
130      1   0.25
Current: [339]
Subround 5
not enough
     Count  Value
339     20   0.80
130     18   0.72
220     18   0.72
60      14   0.56
161     14   0.56
226     14   0.56
272     14   0.56
437     14   0.56
404     14   0.56
314     14   0.56
213     14   0.56
470     14   0.56
440     14   0.56
367     14   0.56
377     14   0.56
362     14   0.56
474     14   0.56
487     14   0.56
361     13   0.52
230     13   0.52
     Count  Value
339      3    0.6
193      3    0.6
220      2    0.4
130      2    0.4
no winner, not enough
Current: []
Subround 6
not enough
     Count     Value
339     21  0.807692
220     18  0.692308
130     18  0.692308
193     14  0.538462
437     14  0.538462
362     14  0.538462
367     14  0.538462
226     14  0.538462
272     14  0.538462
404     14  0.538462
314     14  0.538462
440     14  0.538462
213     14  0.538462
470     14  0.538462
161     14  0.538462
377     14  0.538462
474     14  0.538462
60      14  0.538462
487     14  0.538462
105     13  0.500000
     Count     Value
339      4  0.666667
193      4  0.666667
220      2  0.333333
130      2  0.333333
Current: [339]
Subround 7
not enough
     Count     Value
339     22  0.814815
130     19  0.703704
220     18  0.666667
193     14  0.518519
437     14  0.518519
362     14  0.518519
367     14  0.518519
226     14  0.518519
272     14  0.518519
404     14  0.518519
314     14  0.518519
440     14  0.518519
213     14  0.518519
470     14  0.518519
161     14  0.518519
377     14  0.518519
474     14  0.518519
60      14  0.518519
487     14  0.518519
105     13  0.481481
     Count     Value
339      5  0.714286
193      4  0.571429
130      3  0.428571
220      2  0.285714
Current: [339]
Subround 8
not enough
     Count     Value
339     23  0.821429
130     19  0.678571
220     18  0.642857
193     15  0.535714
437     14  0.500000
362     14  0.500000
367     14  0.500000
226     14  0.500000
272     14  0.500000
404     14  0.500000
314     14  0.500000
440     14  0.500000
213     14  0.500000
470     14  0.500000
161     14  0.500000
377     14  0.500000
474     14  0.500000
60      14  0.500000
487     14  0.500000
105     13  0.464286
     Count  Value
339      6  0.750
193      5  0.625
130      3  0.375
220      2  0.250
Current: [339]
Subround 9
not enough
     Count     Value
339     24  0.827586
220     19  0.655172
130     19  0.655172
193     15  0.517241
437     14  0.482759
362     14  0.482759
367     14  0.482759
226     14  0.482759
272     14  0.482759
404     14  0.482759
314     14  0.482759
440     14  0.482759
213     14  0.482759
470     14  0.482759
161     14  0.482759
377     14  0.482759
474     14  0.482759
60      14  0.482759
487     14  0.482759
105     13  0.448276
     Count     Value
339      7  0.777778
193      5  0.555556
220      3  0.333333
130      3  0.333333
Current: [339]
Subround 10
     Count     Value
339     25  0.833333
220     19  0.633333
130     19  0.633333
193     16  0.533333
437     14  0.466667
362     14  0.466667
367     14  0.466667
226     14  0.466667
272     14  0.466667
404     14  0.466667
314     14  0.466667
440     14  0.466667
213     14  0.466667
470     14  0.466667
161     14  0.466667
377     14  0.466667
474     14  0.466667
60      14  0.466667
487     14  0.466667
105     13  0.433333
     Count  Value
339      8    0.8
193      6    0.6
220      3    0.3
130      3    0.3
Current: [339]
Winning offset:
[339]
2021-09-08 04:36:51.198824
2021-09-08 04:38:29.403368
0:01:38.204544
