Loading page file profiles/lab06/pages/0x2a44b.yaml
Loading page file profiles/lab06/pages/0x2a460.yaml
Loading page file profiles/lab06/pages/0x2a4e3.yaml
Loading page file profiles/lab06/pages/0x2a4e5.yaml
Loading page file profiles/lab06/pages/0x2a800.yaml
Loading page file profiles/lab06/pages/0x2a804.yaml
Loading page file profiles/lab06/pages/0x2a805.yaml
Round 1
Subround 1
not enough
     Count  Value
278      1    1.0
74       1    1.0
261      1    1.0
185      1    1.0
67       1    1.0
373      1    1.0
70       1    1.0
382      1    1.0
503      1    1.0
66       1    1.0
418      1    1.0
12       1    1.0
451      1    1.0
298      1    1.0
326      1    1.0
250      1    1.0
420      1    1.0
161      1    1.0
255      1    1.0
175      1    1.0
     Count  Value
278      1    1.0
74       1    1.0
261      1    1.0
185      1    1.0
67       1    1.0
373      1    1.0
70       1    1.0
382      1    1.0
503      1    1.0
66       1    1.0
Current: [0, 1, 5, 6, 8, 10, 12, 13, 14, 22, 23, 24, 26, 27, 30, 31, 33, 34, 35, 36, 39, 40, 45, 46, 50, 55, 56, 58, 59, 64, 66, 67, 70, 72, 73, 74, 75, 76, 77, 83, 88, 89, 91, 93, 94, 95, 98, 99, 101, 102, 106, 107, 109, 110, 112, 114, 116, 120, 121, 124, 127, 130, 131, 132, 134, 135, 137, 138, 140, 141, 142, 143, 144, 145, 148, 150, 155, 157, 158, 161, 166, 169, 173, 175, 177, 180, 181, 182, 183, 184, 185, 189, 190, 192, 194, 195, 196, 198, 199, 216, 218, 219, 221, 223, 224, 225, 229, 231, 232, 233, 234, 235, 236, 239, 242, 243, 244, 246, 248, 250, 251, 254, 255, 256, 257, 260, 261, 265, 266, 267, 268, 269, 271, 272, 273, 276, 278, 279, 281, 282, 283, 284, 286, 287, 290, 291, 292, 297, 298, 299, 301, 304, 305, 306, 307, 308, 311, 313, 317, 318, 319, 320, 322, 323, 324, 326, 328, 330, 332, 334, 335, 338, 340, 341, 342, 344, 347, 348, 350, 353, 355, 356, 357, 360, 361, 366, 367, 368, 370, 373, 374, 375, 379, 381, 382, 384, 386, 389, 390, 392, 393, 395, 397, 398, 399, 400, 401, 406, 408, 409, 410, 412, 413, 415, 416, 417, 418, 420, 423, 425, 430, 432, 434, 437, 438, 440, 442, 444, 445, 447, 449, 450, 451, 455, 458, 459, 461, 465, 466, 469, 470, 471, 475, 477, 485, 486, 488, 491, 493, 498, 499, 501, 503, 504, 506, 507]
Subround 2
not enough
     Count  Value
367      2    1.0
504      2    1.0
256      2    1.0
355      2    1.0
181      2    1.0
223      2    1.0
166      2    1.0
137      2    1.0
102      2    1.0
461      2    1.0
169      2    1.0
120      2    1.0
370      2    1.0
1        2    1.0
216      2    1.0
323      2    1.0
10       2    1.0
261      2    1.0
67       2    1.0
192      2    1.0
     Count  Value
367      2    1.0
504      2    1.0
256      2    1.0
355      2    1.0
181      2    1.0
223      2    1.0
166      2    1.0
137      2    1.0
102      2    1.0
461      2    1.0
Current: [1, 10, 14, 24, 26, 31, 35, 39, 50, 55, 56, 64, 67, 70, 73, 74, 75, 77, 89, 91, 93, 94, 98, 99, 101, 102, 112, 120, 121, 134, 137, 138, 141, 148, 157, 158, 166, 169, 173, 175, 180, 181, 182, 183, 189, 192, 195, 196, 198, 199, 216, 221, 223, 224, 225, 229, 231, 232, 233, 239, 243, 244, 246, 255, 256, 257, 260, 261, 265, 266, 273, 286, 287, 292, 297, 299, 304, 307, 313, 318, 323, 326, 338, 340, 341, 353, 355, 356, 360, 367, 370, 373, 382, 384, 390, 392, 393, 395, 399, 400, 401, 408, 409, 417, 418, 420, 425, 437, 444, 445, 449, 450, 451, 461, 466, 469, 485, 486, 499, 503, 504, 507]
Subround 3
not enough
     Count     Value
400      3  1.000000
384      3  1.000000
195      3  1.000000
138      3  1.000000
216      3  1.000000
74       3  1.000000
101      3  1.000000
169      3  1.000000
461      3  1.000000
75       3  1.000000
91       3  1.000000
199      3  1.000000
297      3  1.000000
121      3  1.000000
181      3  1.000000
39       2  0.666667
236      2  0.666667
488      2  0.666667
175      2  0.666667
417      2  0.666667
     Count  Value
400      3    1.0
384      3    1.0
195      3    1.0
138      3    1.0
216      3    1.0
74       3    1.0
101      3    1.0
169      3    1.0
461      3    1.0
75       3    1.0
Current: [74, 75, 91, 101, 121, 138, 169, 181, 195, 199, 216, 297, 384, 400, 461]
Subround 4
not enough
     Count  Value
199      4   1.00
216      4   1.00
195      4   1.00
138      4   1.00
91       4   1.00
400      4   1.00
75       4   1.00
384      4   1.00
74       4   1.00
169      4   1.00
223      3   0.75
5        3   0.75
430      3   0.75
461      3   0.75
120      3   0.75
278      3   0.75
10       3   0.75
412      3   0.75
67       3   0.75
373      3   0.75
     Count  Value
199      4    1.0
216      4    1.0
195      4    1.0
138      4    1.0
91       4    1.0
400      4    1.0
75       4    1.0
384      4    1.0
74       4    1.0
169      4    1.0
Current: [0, 5, 8, 10, 24, 27, 30, 35, 36, 50, 53, 56, 59, 64, 66, 67, 74, 75, 77, 91, 92, 97, 99, 101, 106, 107, 110, 120, 121, 131, 132, 138, 142, 150, 154, 155, 157, 161, 169, 180, 181, 184, 195, 196, 199, 216, 219, 223, 224, 229, 232, 235, 236, 239, 244, 245, 246, 248, 256, 257, 259, 260, 262, 268, 269, 272, 276, 278, 283, 284, 290, 297, 306, 307, 308, 313, 318, 322, 324, 326, 335, 336, 338, 339, 342, 343, 347, 348, 353, 355, 357, 360, 373, 375, 379, 381, 384, 386, 389, 392, 393, 400, 401, 406, 408, 409, 410, 412, 413, 420, 421, 422, 423, 425, 430, 432, 440, 444, 447, 455, 461, 471, 475, 476, 477, 486, 488, 493, 499, 501, 503, 504]
Subround 5
not enough
     Count  Value
199      5    1.0
216      5    1.0
400      5    1.0
138      5    1.0
195      5    1.0
75       5    1.0
91       5    1.0
384      5    1.0
74       5    1.0
169      5    1.0
30       4    0.8
406      4    0.8
375      4    0.8
326      4    0.8
423      4    0.8
347      4    0.8
471      4    0.8
106      4    0.8
324      4    0.8
343      4    0.8
     Count  Value
199      5    1.0
216      5    1.0
400      5    1.0
138      5    1.0
195      5    1.0
75       5    1.0
91       5    1.0
384      5    1.0
74       5    1.0
169      5    1.0
Current: [0, 5, 8, 10, 27, 30, 35, 36, 50, 53, 56, 59, 64, 66, 67, 74, 75, 91, 92, 97, 99, 106, 107, 110, 120, 131, 132, 138, 142, 154, 155, 169, 180, 184, 195, 196, 199, 216, 219, 223, 224, 229, 235, 236, 239, 244, 245, 246, 256, 257, 259, 260, 262, 268, 269, 272, 276, 283, 284, 306, 307, 308, 318, 322, 324, 326, 335, 336, 338, 339, 342, 343, 347, 348, 353, 355, 357, 360, 373, 375, 379, 381, 384, 386, 389, 392, 393, 400, 401, 406, 408, 409, 410, 412, 413, 421, 422, 423, 425, 430, 432, 440, 444, 447, 471, 475, 476, 477, 486, 488, 493, 499, 501, 503, 504]
Subround 6
not enough
     Count     Value
74       6  1.000000
400      6  1.000000
91       6  1.000000
199      6  1.000000
138      6  1.000000
75       6  1.000000
5        5  0.833333
64       5  0.833333
155      5  0.833333
477      5  0.833333
276      5  0.833333
342      5  0.833333
257      5  0.833333
269      5  0.833333
283      5  0.833333
107      5  0.833333
260      5  0.833333
339      5  0.833333
8        5  0.833333
59       5  0.833333
     Count     Value
74       6  1.000000
400      6  1.000000
91       6  1.000000
199      6  1.000000
138      6  1.000000
75       6  1.000000
5        5  0.833333
64       5  0.833333
155      5  0.833333
477      5  0.833333
Current: [5, 8, 10, 27, 30, 35, 36, 53, 59, 64, 66, 74, 75, 91, 92, 97, 106, 107, 138, 155, 169, 195, 199, 216, 219, 223, 235, 244, 256, 257, 259, 260, 269, 276, 283, 324, 338, 339, 342, 360, 384, 392, 393, 400, 406, 408, 412, 421, 430, 440, 447, 471, 476, 477, 486, 499, 501]
Subround 7
not enough
     Count     Value
138      7  1.000000
400      7  1.000000
74       7  1.000000
91       7  1.000000
75       7  1.000000
471      6  0.857143
219      6  0.857143
259      6  0.857143
36       6  0.857143
406      6  0.857143
338      6  0.857143
486      6  0.857143
35       6  0.857143
260      6  0.857143
235      6  0.857143
107      6  0.857143
106      6  0.857143
360      6  0.857143
283      6  0.857143
199      6  0.857143
     Count     Value
138      7  1.000000
400      7  1.000000
74       7  1.000000
91       7  1.000000
75       7  1.000000
471      6  0.857143
219      6  0.857143
259      6  0.857143
36       6  0.857143
406      6  0.857143
Current: [0, 5, 7, 8, 10, 17, 23, 27, 28, 30, 35, 36, 44, 48, 49, 50, 51, 53, 57, 59, 62, 64, 66, 74, 75, 78, 79, 85, 91, 92, 93, 95, 97, 99, 104, 106, 107, 114, 122, 123, 130, 133, 138, 139, 146, 147, 151, 155, 161, 163, 166, 168, 169, 174, 178, 191, 195, 197, 199, 205, 216, 219, 223, 226, 235, 244, 248, 253, 256, 257, 258, 259, 260, 269, 276, 278, 283, 285, 290, 291, 297, 317, 318, 324, 326, 338, 339, 342, 344, 351, 359, 360, 361, 364, 371, 380, 384, 386, 387, 392, 393, 394, 400, 402, 404, 406, 407, 408, 412, 421, 424, 427, 430, 432, 440, 444, 447, 467, 471, 472, 473, 476, 477, 486, 487, 489, 491, 492, 494, 495, 499, 501, 502, 507, 510]
Subround 8
not enough
     Count  Value
74       8  1.000
75       8  1.000
138      8  1.000
400      7  0.875
91       7  0.875
257      7  0.875
338      7  0.875
155      7  0.875
97       7  0.875
59       7  0.875
392      7  0.875
276      7  0.875
324      7  0.875
283      7  0.875
35       7  0.875
477      7  0.875
412      7  0.875
486      7  0.875
471      7  0.875
199      7  0.875
     Count  Value
74       8  1.000
75       8  1.000
138      8  1.000
400      7  0.875
91       7  0.875
257      7  0.875
338      7  0.875
155      7  0.875
97       7  0.875
59       7  0.875
Current: [5, 7, 8, 10, 23, 27, 30, 35, 36, 48, 49, 50, 51, 53, 59, 64, 66, 74, 75, 91, 92, 95, 97, 99, 106, 107, 123, 130, 138, 139, 155, 163, 166, 168, 169, 178, 191, 199, 205, 216, 219, 223, 226, 235, 244, 256, 257, 259, 260, 269, 276, 278, 283, 285, 291, 317, 324, 338, 339, 342, 351, 359, 360, 361, 364, 380, 386, 387, 392, 393, 394, 400, 406, 407, 408, 412, 424, 430, 440, 444, 467, 471, 472, 476, 477, 486, 487, 489, 491, 492, 494, 495, 499, 501, 510]
Subround 9
not enough
     Count     Value
138      9  1.000000
75       9  1.000000
74       9  1.000000
35       8  0.888889
392      8  0.888889
155      8  0.888889
471      8  0.888889
486      8  0.888889
276      8  0.888889
338      8  0.888889
97       8  0.888889
477      8  0.888889
59       8  0.888889
324      8  0.888889
199      8  0.888889
283      8  0.888889
400      8  0.888889
257      8  0.888889
51       7  0.777778
163      7  0.777778
     Count     Value
138      9  1.000000
75       9  1.000000
74       9  1.000000
35       8  0.888889
392      8  0.888889
155      8  0.888889
471      8  0.888889
486      8  0.888889
276      8  0.888889
338      8  0.888889
Current: [7, 23, 35, 48, 49, 50, 51, 59, 64, 74, 75, 91, 92, 95, 97, 123, 130, 138, 139, 155, 163, 166, 178, 191, 199, 205, 216, 226, 235, 244, 257, 260, 269, 276, 278, 283, 285, 291, 324, 338, 339, 359, 361, 364, 380, 386, 387, 392, 394, 400, 407, 412, 444, 467, 471, 472, 477, 486, 487, 491, 492, 494, 495]
Subround 10
not enough
     Count  Value
75      10    1.0
35       9    0.9
138      9    0.9
59       9    0.9
338      9    0.9
74       9    0.9
97       9    0.9
155      9    0.9
486      9    0.9
276      9    0.9
257      8    0.8
166      8    0.8
477      8    0.8
64       8    0.8
361      8    0.8
412      8    0.8
400      8    0.8
387      8    0.8
495      8    0.8
92       8    0.8
     Count  Value
75      10    1.0
35       9    0.9
138      9    0.9
59       9    0.9
338      9    0.9
74       9    0.9
97       9    0.9
155      9    0.9
486      9    0.9
276      9    0.9
Current: [35, 50, 59, 64, 74, 75, 91, 92, 95, 97, 130, 138, 139, 155, 163, 166, 191, 199, 257, 260, 276, 283, 285, 291, 324, 338, 339, 361, 364, 387, 392, 400, 407, 412, 467, 471, 477, 486, 492, 494, 495]
Subround 11
not enough
     Count     Value
338     10  0.909091
35      10  0.909091
486     10  0.909091
97      10  0.909091
75      10  0.909091
276     10  0.909091
59      10  0.909091
50       9  0.818182
91       9  0.818182
495      9  0.818182
139      9  0.818182
155      9  0.818182
400      9  0.818182
492      9  0.818182
467      9  0.818182
477      9  0.818182
138      9  0.818182
163      9  0.818182
392      9  0.818182
130      9  0.818182
     Count     Value
338     10  0.909091
35      10  0.909091
486     10  0.909091
97      10  0.909091
75      10  0.909091
276     10  0.909091
59      10  0.909091
50       9  0.818182
91       9  0.818182
495      9  0.818182
Current: [7, 8, 13, 21, 35, 36, 48, 49, 50, 53, 59, 64, 74, 75, 91, 92, 95, 97, 106, 107, 130, 132, 138, 139, 155, 158, 163, 166, 167, 168, 191, 198, 199, 205, 216, 223, 234, 235, 246, 248, 257, 259, 260, 276, 283, 285, 291, 310, 318, 324, 334, 338, 339, 342, 361, 364, 386, 387, 392, 394, 399, 400, 401, 404, 407, 412, 421, 425, 430, 442, 444, 467, 471, 477, 486, 489, 492, 494, 495]
Subround 12
not enough
     Count     Value
338     11  0.916667
35      11  0.916667
97      11  0.916667
59      11  0.916667
92      10  0.833333
400     10  0.833333
486     10  0.833333
467     10  0.833333
291     10  0.833333
276     10  0.833333
492     10  0.833333
75      10  0.833333
285     10  0.833333
494     10  0.833333
407     10  0.833333
259      9  0.750000
477      9  0.750000
205      9  0.750000
310      9  0.750000
401      9  0.750000
     Count     Value
338     11  0.916667
35      11  0.916667
97      11  0.916667
59      11  0.916667
92      10  0.833333
400     10  0.833333
486     10  0.833333
467     10  0.833333
291     10  0.833333
276     10  0.833333
Current: [21, 35, 48, 50, 59, 74, 75, 91, 92, 95, 97, 106, 107, 130, 132, 138, 139, 155, 163, 166, 167, 191, 205, 223, 235, 257, 259, 276, 285, 291, 310, 318, 324, 338, 339, 364, 386, 387, 392, 399, 400, 401, 407, 412, 421, 425, 430, 442, 444, 467, 477, 486, 489, 492, 494, 495]
Subround 13
not enough
     Count     Value
35      12  0.923077
338     12  0.923077
97      12  0.923077
59      12  0.923077
400     11  0.846154
407     11  0.846154
467     11  0.846154
285     11  0.846154
291     11  0.846154
92      11  0.846154
494     11  0.846154
492     11  0.846154
486     10  0.769231
259     10  0.769231
387     10  0.769231
364     10  0.769231
21      10  0.769231
107     10  0.769231
430     10  0.769231
421     10  0.769231
     Count     Value
35      12  0.923077
338     12  0.923077
97      12  0.923077
59      12  0.923077
400     11  0.846154
407     11  0.846154
467     11  0.846154
285     11  0.846154
291     11  0.846154
92      11  0.846154
Current: [21, 35, 48, 50, 59, 75, 92, 95, 97, 107, 132, 166, 167, 191, 205, 223, 235, 259, 276, 285, 291, 310, 338, 339, 364, 386, 387, 400, 407, 412, 421, 425, 430, 442, 444, 467, 486, 489, 492, 494]
Subround 14
not enough
     Count     Value
338     13  0.928571
35      13  0.928571
407     12  0.857143
97      12  0.857143
59      12  0.857143
291     12  0.857143
467     12  0.857143
492     12  0.857143
494     12  0.857143
92      12  0.857143
310     11  0.785714
386     11  0.785714
339     11  0.785714
489     11  0.785714
444     11  0.785714
412     11  0.785714
205     11  0.785714
167     11  0.785714
95      11  0.785714
400     11  0.785714
     Count     Value
338     13  0.928571
35      13  0.928571
407     12  0.857143
97      12  0.857143
59      12  0.857143
291     12  0.857143
467     12  0.857143
492     12  0.857143
494     12  0.857143
92      12  0.857143
Current: [5, 21, 23, 35, 48, 50, 59, 62, 75, 92, 95, 97, 103, 107, 122, 123, 130, 132, 163, 166, 167, 178, 191, 205, 214, 223, 224, 232, 235, 247, 259, 269, 276, 285, 291, 298, 310, 323, 324, 338, 339, 359, 364, 384, 386, 387, 392, 393, 400, 401, 402, 406, 407, 412, 416, 417, 421, 425, 430, 442, 444, 467, 477, 486, 487, 489, 492, 494, 495, 499]
Subround 15
not enough
     Count     Value
35      14  0.933333
92      13  0.866667
97      13  0.866667
338     13  0.866667
59      13  0.866667
486     12  0.800000
407     12  0.800000
467     12  0.800000
400     12  0.800000
339     12  0.800000
364     12  0.800000
494     12  0.800000
285     12  0.800000
291     12  0.800000
492     12  0.800000
107     11  0.733333
166     11  0.733333
444     11  0.733333
387     11  0.733333
359     11  0.733333
     Count     Value
35      14  0.933333
92      13  0.866667
97      13  0.866667
338     13  0.866667
59      13  0.866667
486     12  0.800000
407     12  0.800000
467     12  0.800000
400     12  0.800000
339     12  0.800000
Current: [5, 21, 35, 48, 59, 92, 95, 97, 107, 132, 166, 167, 178, 191, 205, 223, 224, 232, 235, 259, 276, 285, 291, 310, 338, 339, 359, 364, 386, 387, 392, 400, 401, 407, 412, 421, 425, 430, 442, 444, 467, 486, 489, 492, 494]
Subround 16
not enough
     Count   Value
92      14  0.8750
35      14  0.8750
59      14  0.8750
364     13  0.8125
338     13  0.8125
486     13  0.8125
494     13  0.8125
97      13  0.8125
339     13  0.8125
178     12  0.7500
467     12  0.7500
387     12  0.7500
444     12  0.7500
107     12  0.7500
386     12  0.7500
412     12  0.7500
132     12  0.7500
359     12  0.7500
400     12  0.7500
223     12  0.7500
     Count   Value
92      14  0.8750
35      14  0.8750
59      14  0.8750
364     13  0.8125
338     13  0.8125
486     13  0.8125
494     13  0.8125
97      13  0.8125
339     13  0.8125
178     12  0.7500
Current: [35, 59, 92, 95, 97, 107, 132, 167, 178, 191, 205, 223, 232, 235, 259, 285, 291, 310, 338, 339, 359, 364, 386, 387, 392, 400, 407, 412, 430, 444, 467, 486, 492, 494]
Subround 17
not enough
     Count     Value
92      15  0.882353
59      15  0.882353
486     14  0.823529
97      14  0.823529
35      14  0.823529
364     14  0.823529
494     13  0.764706
167     13  0.764706
444     13  0.764706
430     13  0.764706
492     13  0.764706
95      13  0.764706
386     13  0.764706
291     13  0.764706
107     13  0.764706
223     13  0.764706
338     13  0.764706
392     13  0.764706
178     13  0.764706
339     13  0.764706
     Count     Value
92      15  0.882353
59      15  0.882353
486     14  0.823529
97      14  0.823529
35      14  0.823529
364     14  0.823529
494     13  0.764706
167     13  0.764706
444     13  0.764706
430     13  0.764706
Current: [3, 16, 23, 29, 30, 35, 48, 59, 64, 74, 92, 95, 97, 102, 107, 122, 123, 132, 155, 163, 167, 178, 191, 205, 222, 223, 224, 231, 232, 235, 247, 259, 269, 285, 291, 298, 310, 323, 338, 339, 351, 359, 364, 386, 387, 392, 400, 402, 407, 412, 424, 430, 433, 444, 467, 477, 486, 489, 492, 494]
Subround 18
not enough
     Count     Value
92      16  0.888889
59      15  0.833333
486     15  0.833333
392     14  0.777778
97      14  0.777778
205     14  0.777778
95      14  0.777778
35      14  0.777778
178     14  0.777778
339     14  0.777778
492     14  0.777778
167     14  0.777778
494     14  0.777778
386     14  0.777778
364     14  0.777778
107     14  0.777778
338     14  0.777778
291     13  0.722222
48      13  0.722222
74      13  0.722222
     Count     Value
92      16  0.888889
59      15  0.833333
486     15  0.833333
392     14  0.777778
97      14  0.777778
205     14  0.777778
95      14  0.777778
35      14  0.777778
178     14  0.777778
339     14  0.777778
Current: [3, 16, 29, 30, 35, 48, 59, 64, 74, 92, 95, 97, 102, 107, 122, 132, 163, 167, 178, 191, 205, 223, 224, 231, 235, 247, 259, 269, 291, 338, 339, 351, 364, 386, 387, 392, 400, 407, 412, 424, 430, 444, 467, 486, 489, 492, 494]
Subround 19
not enough
     Count     Value
92      17  0.894737
486     16  0.842105
338     15  0.789474
494     15  0.789474
107     15  0.789474
167     15  0.789474
392     15  0.789474
492     15  0.789474
95      15  0.789474
59      15  0.789474
386     15  0.789474
97      15  0.789474
178     15  0.789474
259     14  0.736842
223     14  0.736842
3       14  0.736842
102     14  0.736842
489     14  0.736842
224     14  0.736842
16      14  0.736842
     Count     Value
92      17  0.894737
486     16  0.842105
338     15  0.789474
494     15  0.789474
107     15  0.789474
167     15  0.789474
392     15  0.789474
492     15  0.789474
95      15  0.789474
59      15  0.789474
Current: [3, 16, 35, 48, 59, 64, 92, 95, 97, 102, 107, 122, 132, 163, 167, 178, 191, 205, 223, 224, 231, 247, 259, 269, 338, 339, 351, 364, 386, 387, 392, 400, 407, 412, 467, 486, 489, 492, 494]
Subround 20
     Count  Value
92      18   0.90
95      16   0.80
392     16   0.80
494     16   0.80
486     16   0.80
167     15   0.75
364     15   0.75
64      15   0.75
386     15   0.75
400     15   0.75
247     15   0.75
259     15   0.75
387     15   0.75
269     15   0.75
224     15   0.75
492     15   0.75
122     15   0.75
407     15   0.75
102     15   0.75
339     15   0.75
     Count  Value
92      18   0.90
95      16   0.80
392     16   0.80
494     16   0.80
486     16   0.80
167     15   0.75
364     15   0.75
64      15   0.75
386     15   0.75
400     15   0.75
Current: [35, 59, 64, 92, 95, 97, 102, 107, 122, 163, 167, 178, 224, 247, 259, 269, 338, 339, 351, 364, 386, 387, 392, 400, 407, 467, 486, 489, 492, 494]
Round 2
Subround 1
not enough
     Count     Value
92      18  0.857143
494     17  0.809524
486     17  0.809524
407     16  0.761905
364     16  0.761905
64      16  0.761905
392     16  0.761905
247     16  0.761905
269     16  0.761905
224     16  0.761905
167     16  0.761905
122     16  0.761905
492     16  0.761905
351     16  0.761905
489     16  0.761905
95      16  0.761905
59      16  0.761905
107     16  0.761905
102     15  0.714286
339     15  0.714286
     Count  Value
122      1    1.0
59       1    1.0
407      1    1.0
269      1    1.0
486      1    1.0
64       1    1.0
494      1    1.0
224      1    1.0
107      1    1.0
489      1    1.0
Current: [92, 486, 494]
Subround 2
not enough
     Count     Value
92      19  0.863636
486     18  0.818182
494     18  0.818182
364     17  0.772727
64      17  0.772727
392     17  0.772727
122     17  0.772727
407     17  0.772727
492     17  0.772727
107     17  0.772727
269     16  0.727273
59      16  0.727273
386     16  0.727273
95      16  0.727273
489     16  0.727273
247     16  0.727273
259     16  0.727273
387     16  0.727273
224     16  0.727273
167     16  0.727273
     Count  Value
122      2    1.0
407      2    1.0
486      2    1.0
64       2    1.0
494      2    1.0
107      2    1.0
492      2    1.0
364      2    1.0
259      1    0.5
163      1    0.5
Current: [92, 486, 494]
Subround 3
not enough
     Count     Value
92      20  0.869565
486     19  0.826087
494     19  0.826087
364     18  0.782609
392     18  0.782609
122     18  0.782609
407     18  0.782609
107     18  0.782609
492     17  0.739130
64      17  0.739130
163     17  0.739130
339     17  0.739130
386     17  0.739130
224     17  0.739130
259     17  0.739130
387     16  0.695652
59      16  0.695652
95      16  0.695652
247     16  0.695652
351     16  0.695652
     Count     Value
122      3  1.000000
486      3  1.000000
107      3  1.000000
494      3  1.000000
364      3  1.000000
407      3  1.000000
64       2  0.666667
339      2  0.666667
224      2  0.666667
492      2  0.666667
Current: [92, 486, 494]
Subround 4
not enough
     Count     Value
92      20  0.833333
494     20  0.833333
407     19  0.791667
364     19  0.791667
392     19  0.791667
122     19  0.791667
486     19  0.791667
64      18  0.750000
259     18  0.750000
107     18  0.750000
467     17  0.708333
224     17  0.708333
386     17  0.708333
95      17  0.708333
489     17  0.708333
247     17  0.708333
163     17  0.708333
387     17  0.708333
351     17  0.708333
178     17  0.708333
     Count  Value
122      4   1.00
407      4   1.00
494      4   1.00
364      4   1.00
486      3   0.75
64       3   0.75
107      3   0.75
392      3   0.75
259      3   0.75
92       2   0.50
Current: [92, 494]
Subround 5
not enough
     Count  Value
92      20   0.80
486     20   0.80
392     20   0.80
494     20   0.80
407     20   0.80
364     19   0.76
64      19   0.76
122     19   0.76
107     19   0.76
387     18   0.72
259     18   0.72
386     18   0.72
95      18   0.72
247     18   0.72
492     18   0.72
339     18   0.72
163     18   0.72
224     17   0.68
467     17   0.68
351     17   0.68
     Count  Value
407      5    1.0
122      4    0.8
364      4    0.8
486      4    0.8
64       4    0.8
494      4    0.8
107      4    0.8
392      4    0.8
387      3    0.6
259      3    0.6
Current: [407]
Subround 6
not enough
     Count     Value
494     21  0.807692
486     21  0.807692
92      20  0.769231
364     20  0.769231
392     20  0.769231
122     20  0.769231
407     20  0.769231
339     19  0.730769
64      19  0.730769
386     19  0.730769
107     19  0.730769
163     18  0.692308
387     18  0.692308
59      18  0.692308
95      18  0.692308
247     18  0.692308
467     18  0.692308
259     18  0.692308
224     18  0.692308
351     18  0.692308
     Count     Value
122      5  0.833333
407      5  0.833333
486      5  0.833333
494      5  0.833333
364      5  0.833333
64       4  0.666667
107      4  0.666667
392      4  0.666667
386      4  0.666667
339      4  0.666667
Current: [486, 494]
Subround 7
not enough
     Count     Value
92      21  0.777778
494     21  0.777778
486     21  0.777778
407     21  0.777778
339     20  0.740741
364     20  0.740741
64      20  0.740741
386     20  0.740741
392     20  0.740741
122     20  0.740741
107     20  0.740741
163     19  0.703704
387     19  0.703704
95      19  0.703704
247     19  0.703704
259     19  0.703704
492     19  0.703704
224     18  0.666667
351     18  0.666667
467     18  0.666667
     Count     Value
407      6  0.857143
122      5  0.714286
486      5  0.714286
64       5  0.714286
494      5  0.714286
107      5  0.714286
386      5  0.714286
339      5  0.714286
364      5  0.714286
247      4  0.571429
Current: [407]
Subround 8
not enough
     Count     Value
92      22  0.785714
494     22  0.785714
407     22  0.785714
339     21  0.750000
392     21  0.750000
486     21  0.750000
122     21  0.750000
364     20  0.714286
64      20  0.714286
386     20  0.714286
247     20  0.714286
387     20  0.714286
107     20  0.714286
163     20  0.714286
467     19  0.678571
259     19  0.678571
489     19  0.678571
95      19  0.678571
59      19  0.678571
492     19  0.678571
     Count  Value
407      7  0.875
122      6  0.750
494      6  0.750
339      6  0.750
486      5  0.625
64       5  0.625
392      5  0.625
107      5  0.625
163      5  0.625
387      5  0.625
Current: [407]
Subround 9
not enough
     Count     Value
494     23  0.793103
92      22  0.758621
122     22  0.758621
407     22  0.758621
486     22  0.758621
339     21  0.724138
364     21  0.724138
392     21  0.724138
247     21  0.724138
107     21  0.724138
387     20  0.689655
163     20  0.689655
64      20  0.689655
386     20  0.689655
59      20  0.689655
259     20  0.689655
492     20  0.689655
224     19  0.655172
489     19  0.655172
95      19  0.655172
     Count     Value
122      7  0.777778
407      7  0.777778
494      7  0.777778
247      6  0.666667
486      6  0.666667
107      6  0.666667
339      6  0.666667
364      6  0.666667
392      5  0.555556
163      5  0.555556
no winner, not enough
Current: []
Subround 10
     Count     Value
494     24  0.800000
122     23  0.766667
407     23  0.766667
92      22  0.733333
486     22  0.733333
392     22  0.733333
247     22  0.733333
107     22  0.733333
387     21  0.700000
364     21  0.700000
339     21  0.700000
386     21  0.700000
259     21  0.700000
224     20  0.666667
64      20  0.666667
59      20  0.666667
492     20  0.666667
163     20  0.666667
178     19  0.633333
95      19  0.633333
     Count  Value
122      8    0.8
407      8    0.8
494      8    0.8
107      7    0.7
247      7    0.7
364      6    0.6
392      6    0.6
387      6    0.6
386      6    0.6
339      6    0.6
no winner, not enough
Current: []
Subround 11
     Count     Value
494     24  0.774194
92      23  0.741935
486     23  0.741935
407     23  0.741935
122     23  0.741935
107     23  0.741935
364     22  0.709677
392     22  0.709677
386     22  0.709677
339     22  0.709677
247     22  0.709677
259     22  0.709677
387     21  0.677419
492     21  0.677419
59      21  0.677419
64      20  0.645161
97      20  0.645161
400     20  0.645161
489     20  0.645161
163     20  0.645161
     Count     Value
122      8  0.727273
107      8  0.727273
407      8  0.727273
494      8  0.727273
386      7  0.636364
339      7  0.636364
247      7  0.636364
364      7  0.636364
259      7  0.636364
486      7  0.636364
no winner, not enough
Current: []
Subround 12
     Count    Value
122     24  0.75000
486     24  0.75000
494     24  0.75000
407     24  0.75000
107     24  0.75000
92      23  0.71875
392     23  0.71875
386     23  0.71875
364     22  0.68750
339     22  0.68750
247     22  0.68750
259     22  0.68750
387     21  0.65625
64      21  0.65625
97      21  0.65625
489     21  0.65625
59      21  0.65625
492     21  0.65625
35      20  0.62500
167     20  0.62500
     Count     Value
122      9  0.750000
407      9  0.750000
107      9  0.750000
486      8  0.666667
386      8  0.666667
494      8  0.666667
364      7  0.583333
392      7  0.583333
339      7  0.583333
247      7  0.583333
no winner, not enough
Current: []
Subround 13
     Count     Value
494     25  0.757576
92      24  0.727273
486     24  0.727273
407     24  0.727273
122     24  0.727273
107     24  0.727273
364     23  0.696970
392     23  0.696970
386     23  0.696970
339     23  0.696970
247     23  0.696970
259     23  0.696970
387     22  0.666667
492     22  0.666667
59      22  0.666667
64      21  0.636364
97      21  0.636364
400     21  0.636364
489     21  0.636364
163     21  0.636364
     Count     Value
122      9  0.692308
107      9  0.692308
407      9  0.692308
494      9  0.692308
386      8  0.615385
339      8  0.615385
247      8  0.615385
364      8  0.615385
259      8  0.615385
486      8  0.615385
no winner, not enough
Current: []
Subround 14
     Count     Value
494     26  0.764706
92      25  0.735294
486     25  0.735294
407     25  0.735294
122     25  0.735294
107     25  0.735294
247     24  0.705882
259     24  0.705882
339     24  0.705882
364     23  0.676471
392     23  0.676471
386     23  0.676471
59      22  0.647059
387     22  0.647059
224     22  0.647059
492     22  0.647059
467     22  0.647059
167     21  0.617647
35      21  0.617647
163     21  0.617647
     Count     Value
122     10  0.714286
494     10  0.714286
407     10  0.714286
107     10  0.714286
339      9  0.642857
247      9  0.642857
259      9  0.642857
486      9  0.642857
386      8  0.571429
364      8  0.571429
no winner, not enough
Current: []
Subround 15
     Count     Value
494     26  0.742857
92      25  0.714286
486     25  0.714286
407     25  0.714286
339     25  0.714286
122     25  0.714286
107     25  0.714286
364     24  0.685714
392     24  0.685714
386     24  0.685714
259     24  0.685714
247     24  0.685714
492     23  0.657143
59      23  0.657143
387     23  0.657143
97      22  0.628571
489     22  0.628571
467     22  0.628571
163     22  0.628571
64      22  0.628571
     Count     Value
122     10  0.666667
107     10  0.666667
407     10  0.666667
339     10  0.666667
494     10  0.666667
386      9  0.600000
247      9  0.600000
364      9  0.600000
259      9  0.600000
486      9  0.600000
no winner, not enough
Current: []
Subround 16
     Count     Value
494     27  0.750000
486     26  0.722222
339     26  0.722222
92      25  0.694444
364     25  0.694444
247     25  0.694444
259     25  0.694444
407     25  0.694444
122     25  0.694444
107     25  0.694444
59      24  0.666667
392     24  0.666667
386     24  0.666667
387     24  0.666667
467     23  0.638889
489     23  0.638889
492     23  0.638889
64      23  0.638889
35      22  0.611111
167     22  0.611111
     Count   Value
494     11  0.6875
339     11  0.6875
122     10  0.6250
247     10  0.6250
364     10  0.6250
107     10  0.6250
259     10  0.6250
486     10  0.6250
407     10  0.6250
386      9  0.5625
no winner, not enough
Current: []
Subround 17
     Count     Value
494     27  0.729730
92      26  0.702703
486     26  0.702703
407     26  0.702703
339     26  0.702703
122     26  0.702703
107     26  0.702703
364     25  0.675676
392     25  0.675676
386     25  0.675676
259     25  0.675676
247     25  0.675676
492     24  0.648649
59      24  0.648649
387     24  0.648649
97      23  0.621622
489     23  0.621622
467     23  0.621622
163     23  0.621622
64      23  0.621622
     Count     Value
122     11  0.647059
107     11  0.647059
407     11  0.647059
339     11  0.647059
494     11  0.647059
386     10  0.588235
247     10  0.588235
364     10  0.588235
259     10  0.588235
486     10  0.588235
no winner, not enough
Current: []
Subround 18
     Count     Value
486     27  0.710526
494     27  0.710526
407     27  0.710526
339     27  0.710526
92      26  0.684211
247     26  0.684211
259     26  0.684211
122     26  0.684211
107     26  0.684211
386     25  0.657895
364     25  0.657895
392     25  0.657895
387     25  0.657895
492     24  0.631579
489     24  0.631579
59      24  0.631579
400     24  0.631579
163     24  0.631579
467     24  0.631579
224     23  0.605263
     Count     Value
407     12  0.666667
339     12  0.666667
122     11  0.611111
494     11  0.611111
247     11  0.611111
107     11  0.611111
259     11  0.611111
486     11  0.611111
386     10  0.555556
364     10  0.555556
no winner, not enough
Current: []
Subround 19
     Count     Value
486     28  0.717949
339     28  0.717949
122     27  0.692308
494     27  0.692308
407     27  0.692308
107     27  0.692308
92      26  0.666667
364     26  0.666667
386     26  0.666667
247     26  0.666667
259     26  0.666667
387     25  0.641026
467     25  0.641026
392     25  0.641026
492     25  0.641026
64      24  0.615385
97      24  0.615385
400     24  0.615385
35      24  0.615385
224     24  0.615385
     Count     Value
339     13  0.684211
122     12  0.631579
107     12  0.631579
407     12  0.631579
486     12  0.631579
386     11  0.578947
247     11  0.578947
364     11  0.578947
259     11  0.578947
494     11  0.578947
no winner, not enough
Current: []
Subround 20
     Count  Value
339     29  0.725
107     28  0.700
486     28  0.700
122     28  0.700
407     28  0.700
364     27  0.675
386     27  0.675
494     27  0.675
259     27  0.675
392     26  0.650
247     26  0.650
92      26  0.650
492     26  0.650
467     26  0.650
387     25  0.625
489     25  0.625
163     25  0.625
224     24  0.600
269     24  0.600
35      24  0.600
     Count  Value
339     14   0.70
122     13   0.65
107     13   0.65
407     13   0.65
386     12   0.60
364     12   0.60
259     12   0.60
486     12   0.60
492     11   0.55
247     11   0.55
no winner, not enough
Current: []
Subround 21
     Count     Value
339     30  0.731707
107     28  0.682927
494     28  0.682927
259     28  0.682927
122     28  0.682927
486     28  0.682927
407     28  0.682927
364     27  0.658537
386     27  0.658537
247     27  0.658537
92      27  0.658537
492     26  0.634146
387     26  0.634146
392     26  0.634146
489     26  0.634146
467     26  0.634146
97      25  0.609756
64      25  0.609756
400     25  0.609756
163     25  0.609756
     Count     Value
339     15  0.714286
122     13  0.619048
107     13  0.619048
259     13  0.619048
407     13  0.619048
364     12  0.571429
386     12  0.571429
247     12  0.571429
486     12  0.571429
494     12  0.571429
no winner, not enough
Current: []
Subround 22
     Count     Value
339     31  0.738095
122     29  0.690476
486     29  0.690476
494     29  0.690476
407     29  0.690476
364     28  0.666667
247     28  0.666667
259     28  0.666667
92      28  0.666667
107     28  0.666667
386     27  0.642857
467     27  0.642857
224     26  0.619048
392     26  0.619048
489     26  0.619048
387     26  0.619048
492     26  0.619048
269     25  0.595238
35      25  0.595238
400     25  0.595238
     Count     Value
339     16  0.727273
122     14  0.636364
407     14  0.636364
107     13  0.590909
247     13  0.590909
364     13  0.590909
259     13  0.590909
486     13  0.590909
494     13  0.590909
386     12  0.545455
no winner, not enough
Current: []
Subround 23
     Count     Value
339     32  0.744186
122     30  0.697674
486     30  0.697674
494     30  0.697674
364     29  0.674419
259     29  0.674419
407     29  0.674419
107     29  0.674419
92      28  0.651163
247     28  0.651163
492     27  0.627907
386     27  0.627907
224     27  0.627907
387     27  0.627907
467     27  0.627907
489     26  0.604651
269     26  0.604651
392     26  0.604651
64      26  0.604651
351     26  0.604651
     Count     Value
339     17  0.739130
122     15  0.652174
494     14  0.608696
364     14  0.608696
107     14  0.608696
259     14  0.608696
407     14  0.608696
486     14  0.608696
247     13  0.565217
386     12  0.521739
no winner, not enough
Current: []
Subround 24
     Count     Value
339     33  0.750000
122     31  0.704545
486     31  0.704545
364     30  0.681818
494     30  0.681818
259     30  0.681818
407     30  0.681818
107     29  0.659091
387     28  0.636364
492     28  0.636364
386     28  0.636364
247     28  0.636364
92      28  0.636364
467     28  0.636364
224     27  0.613636
269     27  0.613636
64      27  0.613636
351     27  0.613636
489     26  0.590909
392     26  0.590909
     Count     Value
339     18  0.750000
122     16  0.666667
486     15  0.625000
364     15  0.625000
259     15  0.625000
407     15  0.625000
107     14  0.583333
494     14  0.583333
467     13  0.541667
387     13  0.541667
no winner, not enough
Current: []
Subround 25
     Count     Value
339     34  0.755556
122     31  0.688889
486     31  0.688889
364     31  0.688889
494     30  0.666667
259     30  0.666667
407     30  0.666667
107     30  0.666667
92      29  0.644444
224     28  0.622222
386     28  0.622222
247     28  0.622222
269     28  0.622222
387     28  0.622222
492     28  0.622222
467     28  0.622222
392     27  0.600000
64      27  0.600000
97      27  0.600000
351     27  0.600000
     Count  Value
339     19   0.76
122     16   0.64
364     16   0.64
107     15   0.60
259     15   0.60
407     15   0.60
486     15   0.60
494     14   0.56
224     13   0.52
492     13   0.52
no winner, not enough
Current: []
Subround 26
     Count     Value
339     35  0.760870
122     32  0.695652
364     32  0.695652
486     31  0.673913
407     31  0.673913
107     31  0.673913
92      30  0.652174
494     30  0.652174
259     30  0.652174
467     29  0.630435
224     29  0.630435
351     28  0.608696
97      28  0.608696
392     28  0.608696
386     28  0.608696
247     28  0.608696
387     28  0.608696
269     28  0.608696
492     28  0.608696
400     27  0.586957
     Count     Value
339     20  0.769231
122     17  0.653846
364     17  0.653846
107     16  0.615385
407     16  0.615385
259     15  0.576923
486     15  0.576923
494     14  0.538462
467     14  0.538462
224     14  0.538462
no winner, not enough
Current: []
Subround 27
     Count     Value
339     36  0.765957
122     32  0.680851
364     32  0.680851
486     31  0.659574
494     31  0.659574
407     31  0.659574
107     31  0.659574
92      30  0.638298
224     30  0.638298
467     30  0.638298
259     30  0.638298
97      29  0.617021
247     29  0.617021
387     29  0.617021
269     29  0.617021
492     29  0.617021
163     28  0.595745
386     28  0.595745
392     28  0.595745
351     28  0.595745
     Count     Value
339     21  0.777778
122     17  0.629630
364     17  0.629630
407     16  0.592593
107     16  0.592593
224     15  0.555556
467     15  0.555556
259     15  0.555556
494     15  0.555556
486     15  0.555556
no winner, not enough
Current: []
Subround 28
     Count     Value
339     37  0.770833
122     33  0.687500
364     32  0.666667
407     32  0.666667
107     31  0.645833
494     31  0.645833
486     31  0.645833
259     31  0.645833
492     30  0.625000
247     30  0.625000
224     30  0.625000
92      30  0.625000
467     30  0.625000
97      30  0.625000
163     29  0.604167
269     29  0.604167
387     29  0.604167
351     29  0.604167
386     29  0.604167
392     29  0.604167
     Count     Value
339     22  0.785714
122     18  0.642857
407     17  0.607143
364     17  0.607143
107     16  0.571429
259     16  0.571429
494     15  0.535714
97      15  0.535714
467     15  0.535714
492     15  0.535714
no winner, not enough
Current: []
Subround 29
     Count     Value
339     38  0.775510
122     34  0.693878
407     32  0.653061
107     32  0.653061
364     32  0.653061
494     32  0.653061
486     32  0.653061
259     31  0.632653
92      31  0.632653
467     31  0.632653
224     31  0.632653
492     30  0.612245
387     30  0.612245
247     30  0.612245
351     30  0.612245
97      30  0.612245
163     29  0.591837
392     29  0.591837
269     29  0.591837
386     29  0.591837
     Count     Value
339     23  0.793103
122     19  0.655172
407     17  0.586207
364     17  0.586207
107     17  0.586207
224     16  0.551724
467     16  0.551724
259     16  0.551724
494     16  0.551724
486     16  0.551724
no winner, not enough
Current: []
Subround 30
     Count  Value
339     39   0.78
122     34   0.68
107     33   0.66
364     33   0.66
494     33   0.66
224     32   0.64
407     32   0.64
467     32   0.64
486     32   0.64
387     31   0.62
259     31   0.62
247     31   0.62
351     31   0.62
92      31   0.62
492     30   0.60
97      30   0.60
163     29   0.58
392     29   0.58
269     29   0.58
386     29   0.58
     Count     Value
339     24  0.800000
122     19  0.633333
364     18  0.600000
107     18  0.600000
407     17  0.566667
467     17  0.566667
494     17  0.566667
224     17  0.566667
387     16  0.533333
351     16  0.533333
Rest half winner
Current: [0, 2, 3, 4, 5, 7, 8, 10, 13, 16, 21, 23, 24, 26, 29, 30, 35, 36, 37, 41, 43, 45, 47, 48, 49, 50, 51, 53, 59, 60, 62, 63, 64, 66, 70, 72, 73, 74, 75, 78, 81, 83, 84, 85, 87, 88, 90, 91, 92, 95, 96, 97, 99, 100, 101, 102, 103, 107, 108, 114, 122, 123, 130, 131, 132, 133, 135, 136, 137, 138, 139, 140, 141, 146, 147, 150, 151, 154, 155, 158, 160, 161, 163, 164, 166, 167, 168, 169, 170, 174, 177, 178, 180, 184, 186, 188, 191, 196, 198, 199, 201, 202, 203, 204, 205, 206, 207, 209, 210, 211, 212, 213, 214, 219, 220, 222, 223, 224, 226, 231, 232, 234, 235, 239, 244, 245, 247, 253, 256, 257, 259, 260, 264, 265, 269, 270, 271, 273, 275, 276, 278, 279, 281, 283, 284, 285, 288, 291, 293, 294, 295, 297, 298, 302, 306, 307, 310, 312, 314, 315, 317, 318, 322, 323, 324, 326, 327, 329, 334, 336, 337, 338, 339, 340, 349, 351, 355, 359, 360, 361, 363, 364, 366, 368, 370, 373, 375, 380, 381, 382, 384, 386, 387, 388, 391, 392, 393, 394, 395, 397, 398, 399, 400, 401, 402, 404, 406, 407, 409, 412, 414, 416, 418, 419, 420, 421, 422, 424, 425, 430, 433, 437, 442, 443, 444, 447, 454, 455, 456, 457, 460, 461, 463, 464, 467, 470, 472, 473, 476, 477, 479, 483, 484, 486, 487, 489, 492, 493, 494, 495, 501, 505, 507, 509, 510, 511]
Round 3
Subround 1
not enough
     Count  Value
265      1    1.0
373      1    1.0
359      1    1.0
3        1    1.0
191      1    1.0
35       1    1.0
92       1    1.0
198      1    1.0
49       1    1.0
95       1    1.0
45       1    1.0
151      1    1.0
29       1    1.0
285      1    1.0
323      1    1.0
13       1    1.0
461      1    1.0
245      1    1.0
62       1    1.0
177      1    1.0
     Count  Value
265      1    1.0
373      1    1.0
359      1    1.0
3        1    1.0
191      1    1.0
35       1    1.0
92       1    1.0
198      1    1.0
49       1    1.0
95       1    1.0
Current: [0, 2, 3, 7, 13, 16, 23, 29, 35, 41, 43, 45, 47, 48, 49, 50, 59, 62, 64, 66, 72, 73, 75, 78, 83, 84, 85, 90, 92, 95, 97, 99, 101, 102, 103, 108, 133, 137, 140, 141, 146, 147, 150, 151, 154, 155, 160, 161, 168, 169, 174, 177, 178, 184, 188, 191, 198, 204, 206, 209, 210, 212, 214, 219, 220, 232, 235, 245, 253, 256, 265, 269, 271, 275, 276, 283, 285, 291, 293, 298, 302, 310, 318, 322, 323, 326, 329, 334, 336, 337, 338, 339, 351, 359, 361, 363, 366, 370, 373, 380, 382, 384, 386, 387, 394, 397, 404, 418, 419, 420, 422, 437, 444, 447, 454, 460, 461, 467, 470, 472, 473, 476, 477, 479, 486, 489, 493, 507]
Subround 2
not enough
     Count  Value
265      2    1.0
422      2    1.0
29       2    1.0
285      2    1.0
323      2    1.0
62       2    1.0
382      2    1.0
220      2    1.0
232      2    1.0
473      2    1.0
23       2    1.0
467      2    1.0
0        2    1.0
447      2    1.0
204      2    1.0
97       2    1.0
47       2    1.0
206      2    1.0
95       2    1.0
49       2    1.0
     Count  Value
265      2    1.0
422      2    1.0
29       2    1.0
285      2    1.0
323      2    1.0
62       2    1.0
382      2    1.0
220      2    1.0
232      2    1.0
473      2    1.0
Current: [0, 2, 16, 23, 29, 35, 43, 47, 49, 59, 62, 64, 66, 83, 95, 97, 99, 101, 103, 133, 155, 160, 184, 188, 204, 206, 209, 214, 220, 232, 235, 253, 265, 271, 275, 285, 298, 302, 323, 326, 339, 359, 366, 370, 382, 384, 397, 419, 422, 437, 444, 447, 460, 467, 470, 473, 479, 507]
Subround 3
not enough
     Count     Value
275      3  1.000000
359      3  1.000000
447      3  1.000000
206      3  1.000000
97       3  1.000000
29       3  1.000000
265      2  0.666667
336      2  0.666667
188      2  0.666667
64       2  0.666667
191      2  0.666667
133      2  0.666667
154      2  0.666667
212      2  0.666667
83       2  0.666667
283      2  0.666667
103      2  0.666667
3        2  0.666667
35       2  0.666667
486      2  0.666667
     Count     Value
275      3  1.000000
359      3  1.000000
447      3  1.000000
206      3  1.000000
97       3  1.000000
29       3  1.000000
265      2  0.666667
336      2  0.666667
188      2  0.666667
64       2  0.666667
Current: [29, 97, 206, 275, 359, 447]
Subround 4
not enough
     Count  Value
29       4   1.00
447      4   1.00
97       4   1.00
220      3   0.75
285      3   0.75
323      3   0.75
21       3   0.75
177      3   0.75
487      3   0.75
137      3   0.75
122      3   0.75
386      3   0.75
210      3   0.75
265      3   0.75
363      3   0.75
397      3   0.75
146      3   0.75
421      3   0.75
380      3   0.75
0        3   0.75
     Count  Value
29       4   1.00
447      4   1.00
97       4   1.00
220      3   0.75
285      3   0.75
323      3   0.75
21       3   0.75
177      3   0.75
487      3   0.75
137      3   0.75
Current: [29, 97, 447]
Subround 5
not enough
     Count  Value
29       5    1.0
447      5    1.0
493      4    0.8
151      4    0.8
97       4    0.8
204      4    0.8
454      4    0.8
338      4    0.8
271      4    0.8
102      4    0.8
140      4    0.8
146      4    0.8
363      4    0.8
21       4    0.8
472      4    0.8
253      4    0.8
386      4    0.8
137      4    0.8
359      4    0.8
3        4    0.8
     Count  Value
29       5    1.0
447      5    1.0
493      4    0.8
151      4    0.8
97       4    0.8
204      4    0.8
454      4    0.8
338      4    0.8
271      4    0.8
102      4    0.8
Current: [29, 447]
Subround 6
not enough
     Count     Value
447      6  1.000000
29       5  0.833333
146      5  0.833333
21       5  0.833333
323      5  0.833333
285      5  0.833333
151      5  0.833333
137      5  0.833333
386      5  0.833333
275      5  0.833333
493      5  0.833333
253      5  0.833333
271      5  0.833333
235      5  0.833333
204      5  0.833333
102      5  0.833333
97       5  0.833333
472      5  0.833333
380      4  0.666667
424      4  0.666667
     Count     Value
447      6  1.000000
29       5  0.833333
146      5  0.833333
21       5  0.833333
323      5  0.833333
285      5  0.833333
151      5  0.833333
137      5  0.833333
386      5  0.833333
275      5  0.833333
Current: [21, 29, 97, 102, 137, 146, 151, 204, 235, 253, 271, 275, 285, 323, 386, 447, 472, 493]
Subround 7
not enough
     Count     Value
271      6  0.857143
275      6  0.857143
102      6  0.857143
97       6  0.857143
204      6  0.857143
447      6  0.857143
472      6  0.857143
146      6  0.857143
151      6  0.857143
235      6  0.857143
3        5  0.714286
285      5  0.714286
47       5  0.714286
198      5  0.714286
141      5  0.714286
409      5  0.714286
29       5  0.714286
454      5  0.714286
213      5  0.714286
140      5  0.714286
     Count     Value
271      6  0.857143
275      6  0.857143
102      6  0.857143
97       6  0.857143
204      6  0.857143
447      6  0.857143
472      6  0.857143
146      6  0.857143
151      6  0.857143
235      6  0.857143
Current: [97, 102, 146, 151, 204, 235, 271, 275, 447, 472]
Subround 8
not enough
     Count  Value
472      7  0.875
275      7  0.875
97       7  0.875
204      7  0.875
322      6  0.750
3        6  0.750
447      6  0.750
454      6  0.750
380      6  0.750
271      6  0.750
213      6  0.750
146      6  0.750
336      6  0.750
493      6  0.750
201      6  0.750
212      6  0.750
483      6  0.750
386      6  0.750
62       6  0.750
323      6  0.750
     Count  Value
472      7  0.875
275      7  0.875
97       7  0.875
204      7  0.875
322      6  0.750
3        6  0.750
447      6  0.750
454      6  0.750
380      6  0.750
271      6  0.750
Current: [97, 204, 275, 472]
Subround 9
not enough
     Count     Value
275      8  0.888889
97       8  0.888889
409      7  0.777778
493      7  0.777778
472      7  0.777778
447      7  0.777778
146      7  0.777778
204      7  0.777778
271      7  0.777778
323      7  0.777778
201      7  0.777778
235      7  0.777778
62       7  0.777778
140      6  0.666667
454      6  0.666667
102      6  0.666667
253      6  0.666667
338      6  0.666667
213      6  0.666667
380      6  0.666667
     Count     Value
275      8  0.888889
97       8  0.888889
409      7  0.777778
493      7  0.777778
472      7  0.777778
447      7  0.777778
146      7  0.777778
204      7  0.777778
271      7  0.777778
323      7  0.777778
Current: [97, 275]
Subround 10
     Count  Value
275      9    0.9
201      8    0.8
472      8    0.8
271      8    0.8
146      8    0.8
97       8    0.8
235      8    0.8
338      7    0.7
231      7    0.7
493      7    0.7
198      7    0.7
447      7    0.7
291      7    0.7
386      7    0.7
137      7    0.7
204      7    0.7
62       7    0.7
323      7    0.7
29       7    0.7
382      7    0.7
     Count  Value
275      9    0.9
201      8    0.8
472      8    0.8
271      8    0.8
146      8    0.8
97       8    0.8
235      8    0.8
338      7    0.7
231      7    0.7
493      7    0.7
Current: [275]
Winning offset:
[275]
2021-09-08 04:43:34.917645
2021-09-08 04:46:46.067362
0:03:11.149717
