Loading page file profiles/lab06/pages/0x2a44b.yaml
Loading page file profiles/lab06/pages/0x2a460.yaml
Loading page file profiles/lab06/pages/0x2a4e3.yaml
Loading page file profiles/lab06/pages/0x2a4e5.yaml
Loading page file profiles/lab06/pages/0x2a800.yaml
Loading page file profiles/lab06/pages/0x2a804.yaml
Loading page file profiles/lab06/pages/0x2a805.yaml
Round 1
Subround 1
not enough
     Count  Value
258      1    1.0
204      1    1.0
489      1    1.0
98       1    1.0
167      1    1.0
289      1    1.0
145      1    1.0
288      1    1.0
324      1    1.0
495      1    1.0
272      1    1.0
215      1    1.0
406      1    1.0
6        1    1.0
31       1    1.0
37       1    1.0
408      1    1.0
45       1    1.0
370      1    1.0
230      1    1.0
     Count  Value
258      1    1.0
204      1    1.0
489      1    1.0
98       1    1.0
167      1    1.0
289      1    1.0
145      1    1.0
288      1    1.0
324      1    1.0
495      1    1.0
Current: [0, 4, 6, 10, 12, 13, 17, 22, 26, 29, 31, 32, 33, 35, 36, 37, 41, 45, 47, 49, 50, 51, 54, 57, 58, 61, 62, 65, 66, 69, 70, 71, 72, 79, 83, 86, 87, 88, 89, 90, 93, 94, 97, 98, 100, 101, 103, 104, 105, 106, 110, 111, 112, 116, 122, 123, 125, 126, 127, 128, 130, 131, 133, 135, 138, 140, 143, 145, 147, 150, 151, 152, 153, 154, 155, 158, 159, 161, 166, 167, 168, 171, 172, 175, 178, 179, 181, 185, 186, 189, 193, 194, 199, 202, 204, 205, 211, 215, 216, 218, 219, 221, 223, 224, 226, 229, 230, 231, 236, 237, 238, 239, 240, 241, 242, 245, 246, 248, 250, 251, 253, 254, 256, 258, 259, 260, 262, 263, 268, 269, 270, 272, 273, 274, 277, 281, 284, 285, 286, 288, 289, 290, 291, 292, 293, 294, 295, 296, 298, 301, 303, 304, 306, 307, 309, 311, 312, 316, 319, 322, 324, 325, 326, 329, 331, 333, 334, 335, 338, 339, 341, 342, 344, 347, 352, 353, 356, 357, 366, 368, 369, 370, 371, 373, 374, 376, 380, 381, 383, 384, 386, 390, 394, 396, 397, 401, 402, 403, 404, 405, 406, 407, 408, 410, 411, 412, 413, 416, 417, 418, 420, 421, 422, 423, 427, 428, 430, 431, 434, 436, 437, 444, 445, 446, 450, 451, 457, 459, 460, 461, 462, 465, 467, 469, 470, 471, 473, 475, 476, 477, 478, 481, 484, 489, 490, 491, 492, 493, 494, 495, 496, 498, 499, 500, 506, 508]
Subround 2
not enough
     Count  Value
179      2    1.0
111      2    1.0
105      2    1.0
484      2    1.0
492      2    1.0
226      2    1.0
420      2    1.0
281      2    1.0
22       2    1.0
306      2    1.0
89       2    1.0
10       2    1.0
410      2    1.0
446      2    1.0
342      2    1.0
295      2    1.0
138      2    1.0
100      2    1.0
13       2    1.0
172      2    1.0
     Count  Value
179      2    1.0
111      2    1.0
105      2    1.0
484      2    1.0
492      2    1.0
226      2    1.0
420      2    1.0
281      2    1.0
22       2    1.0
306      2    1.0
Current: [6, 10, 13, 22, 29, 31, 35, 36, 37, 45, 54, 57, 66, 88, 89, 93, 98, 100, 101, 104, 105, 106, 111, 112, 123, 126, 133, 135, 138, 147, 151, 152, 153, 161, 166, 167, 172, 179, 189, 193, 199, 202, 205, 218, 223, 226, 230, 237, 238, 241, 242, 245, 246, 248, 250, 262, 263, 268, 270, 272, 273, 274, 277, 281, 289, 291, 292, 295, 296, 298, 306, 307, 309, 312, 319, 324, 325, 326, 331, 334, 338, 339, 342, 347, 352, 369, 370, 371, 373, 383, 384, 396, 397, 401, 404, 405, 407, 408, 410, 411, 412, 413, 416, 420, 422, 427, 428, 434, 436, 445, 446, 460, 461, 462, 465, 469, 475, 476, 478, 481, 484, 489, 492, 494, 498, 499, 500, 506]
Subround 3
not enough
     Count     Value
460      3  1.000000
274      3  1.000000
36       3  1.000000
326      3  1.000000
407      3  1.000000
88       3  1.000000
268      3  1.000000
295      3  1.000000
189      3  1.000000
112      3  1.000000
89       3  1.000000
230      3  1.000000
339      3  1.000000
171      2  0.666667
202      2  0.666667
370      2  0.666667
181      2  0.666667
45       2  0.666667
408      2  0.666667
37       2  0.666667
     Count  Value
460      3    1.0
274      3    1.0
36       3    1.0
326      3    1.0
407      3    1.0
88       3    1.0
268      3    1.0
295      3    1.0
189      3    1.0
112      3    1.0
Current: [36, 88, 89, 112, 189, 230, 268, 274, 295, 326, 339, 407, 460]
Subround 4
not enough
     Count  Value
268      4   1.00
89       4   1.00
36       4   1.00
88       4   1.00
460      4   1.00
230      4   1.00
407      4   1.00
326      4   1.00
274      4   1.00
189      4   1.00
339      4   1.00
461      3   0.75
492      3   0.75
484      3   0.75
281      3   0.75
342      3   0.75
168      3   0.75
229      3   0.75
295      3   0.75
403      3   0.75
     Count  Value
268      4    1.0
89       4    1.0
36       4    1.0
88       4    1.0
460      4    1.0
230      4    1.0
407      4    1.0
326      4    1.0
274      4    1.0
189      4    1.0
Current: [1, 10, 17, 22, 24, 26, 32, 33, 35, 36, 41, 45, 49, 50, 54, 57, 66, 67, 69, 70, 72, 83, 88, 89, 98, 100, 104, 106, 110, 111, 112, 116, 121, 125, 126, 127, 134, 140, 145, 147, 150, 151, 153, 155, 161, 166, 168, 171, 172, 179, 181, 185, 189, 199, 204, 211, 215, 216, 219, 223, 224, 229, 230, 237, 246, 251, 262, 263, 268, 269, 270, 272, 274, 281, 284, 286, 288, 293, 295, 296, 301, 303, 306, 316, 319, 325, 326, 329, 333, 334, 335, 338, 339, 342, 344, 352, 353, 356, 357, 377, 380, 381, 384, 390, 394, 401, 403, 405, 406, 407, 411, 413, 421, 423, 430, 444, 446, 450, 457, 459, 460, 461, 465, 469, 470, 475, 477, 481, 482, 483, 484, 489, 490, 492, 494, 495, 496, 499, 506, 509]
Subround 5
not enough
     Count  Value
36       5    1.0
339      5    1.0
268      5    1.0
171      4    0.8
89       4    0.8
407      4    0.8
230      4    0.8
384      4    0.8
98       4    0.8
33       4    0.8
496      4    0.8
199      4    0.8
494      4    0.8
329      4    0.8
112      4    0.8
172      4    0.8
270      4    0.8
430      4    0.8
224      4    0.8
509      4    0.8
     Count  Value
36       5    1.0
339      5    1.0
268      5    1.0
171      4    0.8
89       4    0.8
407      4    0.8
230      4    0.8
384      4    0.8
98       4    0.8
33       4    0.8
Current: [33, 36, 88, 89, 98, 110, 112, 116, 171, 172, 189, 199, 224, 230, 268, 270, 274, 295, 296, 316, 326, 329, 339, 377, 380, 384, 405, 407, 430, 460, 494, 496, 509]
Subround 6
not enough
     Count     Value
339      6  1.000000
33       5  0.833333
377      5  0.833333
407      5  0.833333
36       5  0.833333
380      5  0.833333
171      5  0.833333
89       5  0.833333
316      5  0.833333
88       5  0.833333
494      5  0.833333
268      5  0.833333
172      5  0.833333
83       4  0.666667
410      4  0.666667
22       4  0.666667
420      4  0.666667
285      4  0.666667
304      4  0.666667
175      4  0.666667
     Count     Value
339      6  1.000000
33       5  0.833333
377      5  0.833333
407      5  0.833333
36       5  0.833333
380      5  0.833333
171      5  0.833333
89       5  0.833333
316      5  0.833333
88       5  0.833333
Current: [33, 36, 88, 89, 171, 172, 268, 316, 339, 377, 380, 407, 494]
Subround 7
not enough
     Count     Value
339      7  1.000000
407      6  0.857143
380      6  0.857143
88       6  0.857143
268      6  0.857143
89       6  0.857143
36       6  0.857143
412      5  0.714286
496      5  0.714286
226      5  0.714286
253      5  0.714286
105      5  0.714286
100      5  0.714286
178      5  0.714286
172      5  0.714286
17       5  0.714286
444      5  0.714286
321      5  0.714286
224      5  0.714286
421      5  0.714286
     Count     Value
339      7  1.000000
407      6  0.857143
380      6  0.857143
88       6  0.857143
268      6  0.857143
89       6  0.857143
36       6  0.857143
412      5  0.714286
496      5  0.714286
226      5  0.714286
Current: [1, 17, 22, 32, 33, 36, 71, 79, 88, 89, 98, 100, 105, 110, 112, 123, 126, 127, 166, 171, 172, 178, 186, 189, 195, 202, 223, 224, 226, 230, 253, 259, 262, 268, 274, 287, 295, 296, 301, 304, 308, 316, 321, 326, 336, 338, 339, 377, 380, 403, 404, 405, 407, 408, 412, 421, 430, 444, 460, 469, 471, 473, 475, 494, 496, 509]
Subround 8
not enough
     Count  Value
407      7  0.875
339      7  0.875
268      7  0.875
89       7  0.875
444      6  0.750
377      6  0.750
308      6  0.750
509      6  0.750
1        6  0.750
172      6  0.750
321      6  0.750
223      6  0.750
404      6  0.750
195      6  0.750
301      6  0.750
17       6  0.750
494      6  0.750
496      6  0.750
112      6  0.750
32       6  0.750
     Count  Value
407      7  0.875
339      7  0.875
268      7  0.875
89       7  0.875
444      6  0.750
377      6  0.750
308      6  0.750
509      6  0.750
1        6  0.750
172      6  0.750
Current: [1, 17, 32, 36, 71, 88, 89, 100, 112, 123, 126, 171, 172, 186, 195, 202, 223, 262, 268, 287, 296, 301, 308, 316, 321, 336, 339, 377, 380, 404, 405, 407, 408, 421, 430, 444, 469, 473, 475, 494, 496, 509]
Subround 9
not enough
     Count     Value
268      8  0.888889
339      8  0.888889
408      7  0.777778
377      7  0.777778
71       7  0.777778
475      7  0.777778
473      7  0.777778
469      7  0.777778
195      7  0.777778
496      7  0.777778
421      7  0.777778
404      7  0.777778
444      7  0.777778
123      7  0.777778
494      7  0.777778
287      7  0.777778
301      7  0.777778
223      7  0.777778
202      7  0.777778
171      7  0.777778
     Count     Value
268      8  0.888889
339      8  0.888889
408      7  0.777778
377      7  0.777778
71       7  0.777778
475      7  0.777778
473      7  0.777778
469      7  0.777778
195      7  0.777778
496      7  0.777778
Current: [1, 71, 89, 123, 171, 195, 202, 223, 268, 287, 301, 308, 321, 339, 377, 404, 407, 408, 421, 444, 469, 473, 475, 494, 496]
Subround 10
not enough
     Count  Value
339      9    0.9
171      8    0.8
123      8    0.8
444      8    0.8
496      8    0.8
89       8    0.8
71       8    0.8
473      8    0.8
287      8    0.8
469      8    0.8
404      8    0.8
301      8    0.8
308      8    0.8
408      8    0.8
202      8    0.8
1        8    0.8
268      8    0.8
195      8    0.8
421      8    0.8
355      7    0.7
     Count  Value
339      9    0.9
171      8    0.8
123      8    0.8
444      8    0.8
496      8    0.8
89       8    0.8
71       8    0.8
473      8    0.8
287      8    0.8
469      8    0.8
Current: [1, 71, 89, 123, 171, 195, 202, 268, 287, 301, 308, 339, 404, 408, 421, 444, 469, 473, 496]
Subround 11
not enough
     Count     Value
339     10  0.909091
202      9  0.818182
421      9  0.818182
469      9  0.818182
195      9  0.818182
268      9  0.818182
444      8  0.727273
308      8  0.727273
1        8  0.727273
321      8  0.727273
496      8  0.727273
233      8  0.727273
89       8  0.727273
71       8  0.727273
21       8  0.727273
473      8  0.727273
404      8  0.727273
301      8  0.727273
287      8  0.727273
211      8  0.727273
     Count     Value
339     10  0.909091
202      9  0.818182
421      9  0.818182
469      9  0.818182
195      9  0.818182
268      9  0.818182
444      8  0.727273
308      8  0.727273
1        8  0.727273
321      8  0.727273
Current: [1, 21, 71, 89, 123, 171, 195, 202, 211, 223, 233, 268, 287, 301, 308, 319, 321, 336, 338, 339, 404, 408, 421, 444, 469, 473, 475, 496, 499]
Subround 12
not enough
     Count     Value
339     11  0.916667
195     10  0.833333
202     10  0.833333
268     10  0.833333
319      9  0.750000
1        9  0.750000
287      9  0.750000
211      9  0.750000
171      9  0.750000
71       9  0.750000
421      9  0.750000
444      9  0.750000
21       9  0.750000
469      9  0.750000
499      9  0.750000
226      8  0.666667
496      8  0.666667
20       8  0.666667
475      8  0.666667
135      8  0.666667
     Count     Value
339     11  0.916667
195     10  0.833333
202     10  0.833333
268     10  0.833333
319      9  0.750000
1        9  0.750000
287      9  0.750000
211      9  0.750000
171      9  0.750000
71       9  0.750000
Current: [1, 21, 71, 171, 195, 202, 211, 268, 287, 319, 339, 421, 444, 469, 499]
Subround 13
not enough
     Count     Value
339     12  0.923077
195     11  0.846154
268     10  0.769231
469     10  0.769231
319     10  0.769231
421     10  0.769231
202     10  0.769231
444      9  0.692308
321      9  0.692308
287      9  0.692308
135      9  0.692308
496      9  0.692308
172      9  0.692308
71       9  0.692308
470      9  0.692308
473      9  0.692308
475      9  0.692308
404      9  0.692308
407      9  0.692308
171      9  0.692308
     Count     Value
339     12  0.923077
195     11  0.846154
268     10  0.769231
469     10  0.769231
319     10  0.769231
421     10  0.769231
202     10  0.769231
444      9  0.692308
321      9  0.692308
287      9  0.692308
Current: [195, 202, 268, 319, 339, 421, 469]
Subround 14
not enough
     Count     Value
339     13  0.928571
195     11  0.785714
268     11  0.785714
202     11  0.785714
319     11  0.785714
287     10  0.714286
274     10  0.714286
367     10  0.714286
510     10  0.714286
470     10  0.714286
264     10  0.714286
171     10  0.714286
336     10  0.714286
321     10  0.714286
496     10  0.714286
28      10  0.714286
126     10  0.714286
123     10  0.714286
233     10  0.714286
135     10  0.714286
     Count     Value
339     13  0.928571
195     11  0.785714
268     11  0.785714
202     11  0.785714
319     11  0.785714
287     10  0.714286
274     10  0.714286
367     10  0.714286
510     10  0.714286
470     10  0.714286
Current: [28, 123, 126, 135, 171, 195, 202, 211, 233, 264, 268, 274, 287, 319, 321, 336, 339, 367, 404, 421, 469, 470, 473, 475, 496, 499, 510]
Subround 15
not enough
     Count     Value
339     14  0.933333
319     12  0.800000
367     11  0.733333
469     11  0.733333
421     11  0.733333
268     11  0.733333
171     11  0.733333
195     11  0.733333
473     11  0.733333
470     11  0.733333
336     11  0.733333
499     11  0.733333
202     11  0.733333
287     11  0.733333
412     10  0.666667
224     10  0.666667
122     10  0.666667
381     10  0.666667
396     10  0.666667
172     10  0.666667
     Count     Value
339     14  0.933333
319     12  0.800000
367     11  0.733333
469     11  0.733333
421     11  0.733333
268     11  0.733333
171     11  0.733333
195     11  0.733333
473     11  0.733333
470     11  0.733333
Current: [171, 195, 202, 268, 287, 319, 336, 339, 367, 421, 469, 470, 473, 499]
Subround 16
not enough
     Count   Value
339     15  0.9375
319     13  0.8125
287     12  0.7500
367     12  0.7500
499     12  0.7500
171     12  0.7500
469     12  0.7500
195     12  0.7500
470     12  0.7500
126     11  0.6875
224     11  0.6875
396     11  0.6875
511     11  0.6875
268     11  0.6875
405     11  0.6875
110     11  0.6875
211     11  0.6875
202     11  0.6875
122     11  0.6875
473     11  0.6875
     Count   Value
339     15  0.9375
319     13  0.8125
287     12  0.7500
367     12  0.7500
499     12  0.7500
171     12  0.7500
469     12  0.7500
195     12  0.7500
470     12  0.7500
126     11  0.6875
Current: [171, 195, 287, 319, 339, 367, 469, 470, 499]
Subround 17
not enough
     Count     Value
339     15  0.882353
470     13  0.764706
319     13  0.764706
195     13  0.764706
405     12  0.705882
211     12  0.705882
511     12  0.705882
1       12  0.705882
28      12  0.705882
394     12  0.705882
287     12  0.705882
367     12  0.705882
469     12  0.705882
473     12  0.705882
202     12  0.705882
499     12  0.705882
171     12  0.705882
336     12  0.705882
421     11  0.647059
510     11  0.647059
     Count     Value
339     15  0.882353
470     13  0.764706
319     13  0.764706
195     13  0.764706
405     12  0.705882
211     12  0.705882
511     12  0.705882
1       12  0.705882
28      12  0.705882
394     12  0.705882
Current: [1, 28, 171, 195, 202, 211, 287, 319, 336, 339, 367, 394, 405, 469, 470, 473, 499, 511]
Subround 18
not enough
     Count     Value
339     15  0.833333
470     14  0.777778
195     13  0.722222
319     13  0.722222
336     13  0.722222
405     13  0.722222
367     13  0.722222
28      13  0.722222
473     13  0.722222
394     13  0.722222
287     13  0.722222
469     13  0.722222
499     13  0.722222
32      12  0.666667
377     12  0.666667
79      12  0.666667
423     12  0.666667
211     12  0.666667
223     12  0.666667
202     12  0.666667
     Count     Value
339     15  0.833333
470     14  0.777778
195     13  0.722222
319     13  0.722222
336     13  0.722222
405     13  0.722222
367     13  0.722222
28      13  0.722222
473     13  0.722222
394     13  0.722222
Current: [28, 195, 287, 319, 336, 339, 367, 394, 405, 469, 470, 473, 499]
Subround 19
not enough
     Count     Value
339     16  0.842105
470     15  0.789474
473     14  0.736842
287     14  0.736842
469     14  0.736842
405     14  0.736842
394     14  0.736842
268     13  0.684211
195     13  0.684211
32      13  0.684211
28      13  0.684211
377     13  0.684211
329     13  0.684211
336     13  0.684211
367     13  0.684211
79      13  0.684211
110     13  0.684211
319     13  0.684211
223     13  0.684211
321     13  0.684211
     Count     Value
339     16  0.842105
470     15  0.789474
473     14  0.736842
287     14  0.736842
469     14  0.736842
405     14  0.736842
394     14  0.736842
268     13  0.684211
195     13  0.684211
32      13  0.684211
Current: [287, 339, 394, 405, 469, 470, 473]
Subround 20
     Count  Value
339     17   0.85
470     15   0.75
469     15   0.75
473     15   0.75
405     15   0.75
287     15   0.75
394     15   0.75
367     14   0.70
171     14   0.70
268     14   0.70
223     14   0.70
428     14   0.70
110     14   0.70
377     14   0.70
28      14   0.70
319     14   0.70
499     14   0.70
204     13   0.65
336     13   0.65
135     13   0.65
     Count  Value
339     17   0.85
470     15   0.75
469     15   0.75
473     15   0.75
405     15   0.75
287     15   0.75
394     15   0.75
367     14   0.70
171     14   0.70
268     14   0.70
Current: [287, 339, 394, 405, 469, 470, 473]
Round 2
Subround 1
not enough
     Count     Value
339     17  0.809524
473     16  0.761905
405     16  0.761905
287     16  0.761905
394     16  0.761905
470     15  0.714286
469     15  0.714286
367     14  0.666667
171     14  0.666667
268     14  0.666667
223     14  0.666667
428     14  0.666667
110     14  0.666667
377     14  0.666667
28      14  0.666667
319     14  0.666667
499     14  0.666667
204     13  0.619048
336     13  0.619048
135     13  0.619048
     Count  Value
394      1    1.0
405      1    1.0
473      1    1.0
287      1    1.0
Current: [339]
Subround 2
not enough
     Count     Value
339     18  0.818182
405     17  0.772727
394     17  0.772727
470     16  0.727273
473     16  0.727273
287     16  0.727273
469     15  0.681818
367     14  0.636364
171     14  0.636364
268     14  0.636364
223     14  0.636364
428     14  0.636364
110     14  0.636364
377     14  0.636364
28      14  0.636364
319     14  0.636364
499     14  0.636364
204     13  0.590909
336     13  0.590909
135     13  0.590909
     Count  Value
394      2    1.0
405      2    1.0
473      1    0.5
287      1    0.5
470      1    0.5
339      1    0.5
Current: [339]
Subround 3
not enough
     Count     Value
339     19  0.826087
405     18  0.782609
394     18  0.782609
470     17  0.739130
473     16  0.695652
287     16  0.695652
469     15  0.652174
367     14  0.608696
171     14  0.608696
268     14  0.608696
223     14  0.608696
428     14  0.608696
110     14  0.608696
377     14  0.608696
28      14  0.608696
319     14  0.608696
499     14  0.608696
204     13  0.565217
336     13  0.565217
135     13  0.565217
     Count     Value
394      3  1.000000
405      3  1.000000
470      2  0.666667
339      2  0.666667
473      1  0.333333
287      1  0.333333
Current: [339]
Subround 4
not enough
     Count     Value
339     20  0.833333
405     19  0.791667
394     19  0.791667
470     17  0.708333
473     16  0.666667
287     16  0.666667
469     15  0.625000
268     14  0.583333
28      14  0.583333
223     14  0.583333
319     14  0.583333
367     14  0.583333
499     14  0.583333
428     14  0.583333
110     14  0.583333
171     14  0.583333
377     14  0.583333
321     13  0.541667
50      13  0.541667
423     13  0.541667
     Count  Value
394      4   1.00
405      4   1.00
339      3   0.75
470      2   0.50
473      1   0.25
287      1   0.25
258      1   0.25
Current: [339]
Subround 5
not enough
     Count  Value
339     21   0.84
405     20   0.80
394     19   0.76
470     18   0.72
473     17   0.68
287     16   0.64
469     15   0.60
268     14   0.56
28      14   0.56
223     14   0.56
319     14   0.56
367     14   0.56
499     14   0.56
428     14   0.56
110     14   0.56
171     14   0.56
377     14   0.56
321     13   0.52
50      13   0.52
423     13   0.52
     Count  Value
405      5    1.0
394      4    0.8
339      4    0.8
470      3    0.6
473      2    0.4
287      1    0.2
258      1    0.2
Current: [339]
Subround 6
not enough
     Count     Value
339     22  0.846154
405     21  0.807692
394     20  0.769231
470     18  0.692308
473     17  0.653846
287     17  0.653846
469     15  0.576923
268     14  0.538462
28      14  0.538462
223     14  0.538462
319     14  0.538462
367     14  0.538462
499     14  0.538462
428     14  0.538462
110     14  0.538462
171     14  0.538462
377     14  0.538462
321     13  0.500000
50      13  0.500000
423     13  0.500000
     Count     Value
405      6  1.000000
394      5  0.833333
339      5  0.833333
470      3  0.500000
473      2  0.333333
287      2  0.333333
258      1  0.166667
Current: [339, 405]
Subround 7
not enough
     Count     Value
339     23  0.851852
405     22  0.814815
394     20  0.740741
470     19  0.703704
287     18  0.666667
473     17  0.629630
469     15  0.555556
28      14  0.518519
268     14  0.518519
223     14  0.518519
319     14  0.518519
367     14  0.518519
499     14  0.518519
428     14  0.518519
110     14  0.518519
171     14  0.518519
377     14  0.518519
321     13  0.481481
50      13  0.481481
423     13  0.481481
     Count     Value
405      7  1.000000
339      6  0.857143
394      5  0.714286
470      4  0.571429
287      3  0.428571
473      2  0.285714
258      1  0.142857
Current: [339, 405]
Subround 8
not enough
     Count     Value
405     23  0.821429
339     23  0.821429
394     20  0.714286
470     19  0.678571
473     18  0.642857
287     18  0.642857
469     16  0.571429
268     14  0.500000
28      14  0.500000
223     14  0.500000
319     14  0.500000
367     14  0.500000
499     14  0.500000
428     14  0.500000
110     14  0.500000
171     14  0.500000
377     14  0.500000
321     13  0.464286
50      13  0.464286
423     13  0.464286
     Count  Value
405      8  1.000
339      6  0.750
394      5  0.625
470      4  0.500
473      3  0.375
287      3  0.375
258      2  0.250
469      1  0.125
Current: [339, 405]
Subround 9
not enough
     Count     Value
339     24  0.827586
405     23  0.793103
394     21  0.724138
470     20  0.689655
287     19  0.655172
473     18  0.620690
469     16  0.551724
28      14  0.482759
268     14  0.482759
223     14  0.482759
319     14  0.482759
367     14  0.482759
499     14  0.482759
428     14  0.482759
110     14  0.482759
171     14  0.482759
377     14  0.482759
321     13  0.448276
50      13  0.448276
423     13  0.448276
     Count     Value
405      8  0.888889
339      7  0.777778
394      6  0.666667
470      5  0.555556
287      4  0.444444
473      3  0.333333
258      2  0.222222
469      1  0.111111
Current: [339]
Subround 10
     Count     Value
339     25  0.833333
405     24  0.800000
394     22  0.733333
470     20  0.666667
287     19  0.633333
473     18  0.600000
469     16  0.533333
171     14  0.466667
110     14  0.466667
268     14  0.466667
377     14  0.466667
319     14  0.466667
367     14  0.466667
428     14  0.466667
28      14  0.466667
499     14  0.466667
223     14  0.466667
71      13  0.433333
79      13  0.433333
309     13  0.433333
     Count  Value
405      9    0.9
339      8    0.8
394      7    0.7
470      5    0.5
287      4    0.4
473      3    0.3
258      3    0.3
469      1    0.1
Current: [339]
Winning offset:
[339]
2021-09-08 04:46:47.997815
2021-09-08 04:48:26.311361
0:01:38.313546
