Loading page file profiles/lab06/pages/0x2a44b.yaml
Loading page file profiles/lab06/pages/0x2a460.yaml
Loading page file profiles/lab06/pages/0x2a4e3.yaml
Loading page file profiles/lab06/pages/0x2a4e5.yaml
Loading page file profiles/lab06/pages/0x2a800.yaml
Loading page file profiles/lab06/pages/0x2a804.yaml
Loading page file profiles/lab06/pages/0x2a805.yaml
Round 1
Subround 1
not enough
     Count  Value
319      1    1.0
312      1    1.0
46       1    1.0
215      1    1.0
267      1    1.0
294      1    1.0
308      1    1.0
111      1    1.0
302      1    1.0
469      1    1.0
414      1    1.0
460      1    1.0
381      1    1.0
341      1    1.0
420      1    1.0
67       1    1.0
249      1    1.0
259      1    1.0
27       1    1.0
24       1    1.0
     Count  Value
319      1    1.0
312      1    1.0
46       1    1.0
215      1    1.0
267      1    1.0
294      1    1.0
308      1    1.0
111      1    1.0
302      1    1.0
469      1    1.0
Current: [3, 4, 6, 7, 9, 10, 12, 16, 20, 24, 27, 28, 29, 30, 34, 35, 38, 39, 40, 41, 45, 46, 48, 56, 60, 65, 66, 67, 69, 72, 76, 78, 80, 81, 82, 84, 86, 87, 88, 91, 93, 94, 97, 99, 100, 101, 102, 104, 107, 108, 109, 111, 112, 114, 115, 117, 118, 119, 120, 121, 124, 126, 130, 132, 134, 135, 136, 139, 140, 141, 142, 143, 144, 146, 147, 152, 153, 155, 157, 160, 167, 170, 171, 172, 173, 178, 179, 181, 182, 186, 187, 188, 190, 191, 193, 194, 195, 197, 200, 202, 206, 207, 214, 215, 218, 221, 222, 224, 225, 230, 231, 235, 236, 238, 240, 243, 246, 247, 248, 249, 251, 252, 255, 257, 258, 259, 260, 264, 267, 269, 271, 272, 274, 275, 279, 281, 282, 285, 286, 288, 292, 294, 296, 297, 300, 302, 304, 307, 308, 309, 310, 312, 313, 315, 317, 319, 320, 321, 323, 326, 328, 330, 331, 332, 333, 337, 338, 341, 342, 351, 354, 355, 356, 357, 360, 361, 363, 366, 367, 369, 376, 381, 382, 383, 384, 385, 387, 388, 389, 390, 391, 395, 396, 399, 400, 402, 405, 406, 407, 409, 412, 414, 417, 419, 420, 422, 423, 424, 426, 427, 428, 429, 431, 432, 436, 438, 439, 440, 441, 444, 445, 449, 452, 453, 458, 460, 461, 462, 466, 468, 469, 470, 474, 476, 477, 480, 483, 485, 486, 487, 491, 492, 493, 494, 495, 496, 497, 501, 504, 505, 506, 507, 508, 509, 510, 511]
Subround 2
not enough
     Count  Value
319      2    1.0
330      2    1.0
88       2    1.0
155      2    1.0
146      2    1.0
361      2    1.0
7        2    1.0
108      2    1.0
384      2    1.0
12       2    1.0
81       2    1.0
112      2    1.0
38       2    1.0
509      2    1.0
46       2    1.0
267      2    1.0
294      2    1.0
308      2    1.0
111      2    1.0
302      2    1.0
     Count  Value
319      2    1.0
330      2    1.0
88       2    1.0
155      2    1.0
146      2    1.0
361      2    1.0
7        2    1.0
108      2    1.0
384      2    1.0
12       2    1.0
Current: [3, 6, 7, 12, 16, 27, 28, 29, 34, 35, 38, 39, 40, 45, 46, 60, 67, 76, 80, 81, 84, 88, 93, 94, 97, 99, 101, 104, 107, 108, 109, 111, 112, 114, 115, 117, 118, 121, 132, 136, 139, 140, 144, 146, 153, 155, 179, 181, 187, 188, 191, 193, 194, 195, 200, 206, 207, 214, 224, 230, 235, 236, 247, 248, 255, 259, 267, 272, 274, 281, 288, 292, 294, 296, 297, 300, 302, 304, 308, 309, 313, 317, 319, 320, 323, 326, 328, 330, 333, 338, 351, 354, 356, 361, 363, 367, 369, 382, 383, 384, 385, 395, 396, 402, 406, 407, 412, 414, 417, 419, 420, 422, 423, 427, 428, 429, 432, 436, 438, 441, 445, 449, 458, 460, 461, 462, 466, 468, 469, 470, 476, 485, 487, 491, 494, 496, 507, 509]
Subround 3
not enough
     Count  Value
319      3    1.0
67       3    1.0
146      3    1.0
361      3    1.0
7        3    1.0
108      3    1.0
81       3    1.0
330      3    1.0
112      3    1.0
509      3    1.0
46       3    1.0
267      3    1.0
294      3    1.0
308      3    1.0
111      3    1.0
414      3    1.0
460      3    1.0
155      3    1.0
193      3    1.0
38       3    1.0
     Count  Value
319      3    1.0
67       3    1.0
146      3    1.0
361      3    1.0
7        3    1.0
108      3    1.0
81       3    1.0
330      3    1.0
112      3    1.0
509      3    1.0
Current: [3, 6, 7, 12, 16, 27, 28, 29, 35, 38, 39, 46, 67, 76, 80, 81, 93, 94, 97, 99, 101, 104, 107, 108, 109, 111, 112, 114, 115, 118, 121, 136, 144, 146, 155, 181, 187, 191, 193, 195, 200, 207, 224, 230, 247, 255, 259, 267, 274, 288, 292, 294, 296, 297, 300, 304, 308, 313, 317, 319, 326, 328, 330, 333, 354, 356, 361, 363, 367, 369, 383, 385, 395, 406, 407, 414, 417, 420, 422, 423, 427, 429, 436, 441, 445, 449, 458, 460, 461, 462, 466, 470, 476, 496, 507, 509]
Subround 4
not enough
     Count  Value
449      4    1.0
420      4    1.0
267      4    1.0
308      4    1.0
111      4    1.0
107      4    1.0
274      4    1.0
466      4    1.0
414      4    1.0
67       4    1.0
427      4    1.0
354      4    1.0
27       4    1.0
423      4    1.0
328      4    1.0
114      4    1.0
288      4    1.0
304      4    1.0
200      4    1.0
46       4    1.0
     Count  Value
449      4    1.0
420      4    1.0
267      4    1.0
308      4    1.0
111      4    1.0
107      4    1.0
274      4    1.0
466      4    1.0
414      4    1.0
67       4    1.0
Current: [0, 3, 6, 7, 11, 12, 15, 16, 21, 23, 27, 28, 29, 32, 35, 36, 37, 38, 39, 40, 41, 45, 46, 49, 59, 60, 67, 68, 69, 76, 80, 81, 84, 85, 87, 88, 93, 94, 97, 99, 101, 104, 107, 108, 109, 110, 111, 112, 114, 115, 118, 121, 124, 136, 138, 139, 140, 141, 144, 146, 152, 155, 163, 164, 175, 181, 187, 191, 193, 194, 195, 200, 201, 207, 208, 214, 224, 229, 230, 233, 236, 238, 242, 247, 248, 255, 259, 264, 267, 272, 274, 279, 285, 288, 292, 293, 294, 296, 297, 300, 302, 303, 304, 308, 311, 313, 317, 319, 323, 326, 328, 329, 330, 333, 334, 338, 339, 349, 351, 353, 354, 356, 361, 362, 363, 366, 367, 369, 375, 382, 383, 385, 393, 395, 396, 404, 406, 407, 412, 414, 416, 417, 420, 422, 423, 427, 428, 429, 436, 441, 445, 449, 450, 458, 460, 461, 462, 465, 466, 470, 476, 483, 491, 496, 499, 500, 507, 509]
Subround 5
not enough
     Count  Value
288      5    1.0
308      5    1.0
207      5    1.0
112      5    1.0
191      5    1.0
121      5    1.0
361      5    1.0
146      5    1.0
114      5    1.0
328      5    1.0
155      5    1.0
429      5    1.0
354      5    1.0
449      5    1.0
115      5    1.0
230      5    1.0
466      5    1.0
107      5    1.0
385      5    1.0
35       5    1.0
     Count  Value
288      5    1.0
308      5    1.0
207      5    1.0
112      5    1.0
191      5    1.0
121      5    1.0
361      5    1.0
146      5    1.0
114      5    1.0
328      5    1.0
Current: [0, 3, 6, 7, 11, 15, 16, 23, 27, 32, 35, 37, 38, 39, 40, 41, 46, 49, 59, 60, 67, 69, 76, 80, 81, 84, 85, 94, 97, 99, 104, 107, 108, 109, 110, 111, 112, 114, 115, 121, 124, 139, 140, 141, 144, 146, 155, 164, 175, 181, 187, 191, 200, 207, 208, 230, 238, 247, 255, 259, 264, 267, 272, 274, 279, 288, 292, 296, 303, 304, 308, 311, 313, 323, 328, 330, 333, 339, 354, 356, 361, 363, 367, 369, 385, 395, 396, 404, 406, 412, 414, 416, 420, 422, 423, 427, 429, 436, 441, 449, 450, 460, 461, 465, 466, 470, 483, 491, 496, 500]
Subround 6
not enough
     Count  Value
155      6    1.0
333      6    1.0
406      6    1.0
114      6    1.0
361      6    1.0
7        6    1.0
328      6    1.0
99       6    1.0
308      6    1.0
420      6    1.0
67       6    1.0
429      6    1.0
304      6    1.0
191      6    1.0
423      6    1.0
115      6    1.0
436      6    1.0
200      6    1.0
107      6    1.0
449      6    1.0
     Count  Value
155      6    1.0
333      6    1.0
406      6    1.0
114      6    1.0
361      6    1.0
7        6    1.0
328      6    1.0
99       6    1.0
308      6    1.0
420      6    1.0
Current: [0, 3, 6, 7, 23, 27, 35, 38, 39, 40, 41, 46, 49, 59, 67, 80, 81, 85, 97, 99, 107, 108, 109, 110, 112, 114, 115, 121, 139, 140, 146, 155, 164, 175, 181, 191, 200, 207, 230, 255, 274, 288, 296, 304, 308, 311, 313, 323, 328, 333, 339, 354, 361, 363, 367, 385, 404, 406, 412, 416, 420, 422, 423, 429, 436, 449, 461, 465, 466, 496]
Subround 7
not enough
     Count     Value
354      7  1.000000
406      7  1.000000
333      7  1.000000
449      7  1.000000
99       7  1.000000
155      7  1.000000
207      7  1.000000
107      7  1.000000
121      6  0.857143
308      6  0.857143
175      6  0.857143
38       6  0.857143
46       6  0.857143
461      6  0.857143
112      6  0.857143
466      6  0.857143
115      6  0.857143
429      6  0.857143
23       6  0.857143
49       6  0.857143
     Count     Value
354      7  1.000000
406      7  1.000000
333      7  1.000000
449      7  1.000000
99       7  1.000000
155      7  1.000000
207      7  1.000000
107      7  1.000000
121      6  0.857143
308      6  0.857143
Current: [0, 3, 6, 7, 11, 15, 23, 27, 32, 35, 37, 38, 39, 40, 41, 46, 49, 59, 60, 67, 76, 80, 81, 84, 85, 94, 97, 99, 107, 108, 109, 110, 111, 112, 114, 115, 121, 132, 133, 139, 140, 141, 144, 146, 155, 164, 175, 181, 187, 191, 195, 200, 207, 208, 230, 238, 242, 247, 255, 259, 260, 264, 267, 272, 274, 288, 292, 293, 296, 297, 303, 304, 308, 311, 313, 319, 323, 328, 330, 333, 338, 339, 354, 361, 362, 363, 366, 367, 369, 375, 385, 395, 396, 404, 406, 412, 414, 416, 417, 419, 420, 422, 423, 429, 436, 441, 449, 450, 461, 465, 466, 470, 483, 491, 496]
Subround 8
not enough
     Count  Value
99       8  1.000
107      8  1.000
406      8  1.000
230      7  0.875
207      7  0.875
67       7  0.875
461      7  0.875
121      7  0.875
361      7  0.875
7        7  0.875
436      7  0.875
339      7  0.875
333      7  0.875
328      7  0.875
304      7  0.875
308      7  0.875
354      7  0.875
155      7  0.875
140      7  0.875
97       7  0.875
     Count  Value
99       8  1.000
107      8  1.000
406      8  1.000
230      7  0.875
207      7  0.875
67       7  0.875
461      7  0.875
121      7  0.875
361      7  0.875
7        7  0.875
Current: [0, 3, 7, 15, 23, 27, 35, 37, 38, 39, 40, 46, 49, 59, 60, 67, 80, 81, 84, 85, 94, 97, 99, 107, 108, 109, 110, 112, 114, 115, 121, 133, 139, 140, 141, 146, 155, 164, 175, 181, 187, 191, 195, 200, 207, 230, 255, 260, 264, 274, 292, 296, 303, 304, 308, 311, 313, 319, 328, 330, 333, 339, 354, 361, 362, 363, 366, 385, 395, 406, 412, 414, 417, 420, 423, 429, 436, 449, 461, 465, 466, 470, 491]
Subround 9
not enough
     Count     Value
406      9  1.000000
333      8  0.888889
466      8  0.888889
449      8  0.888889
354      8  0.888889
7        8  0.888889
181      8  0.888889
304      8  0.888889
107      8  0.888889
97       8  0.888889
121      8  0.888889
328      8  0.888889
207      8  0.888889
339      8  0.888889
99       8  0.888889
49       7  0.777778
395      7  0.777778
423      7  0.777778
67       7  0.777778
114      7  0.777778
     Count     Value
406      9  1.000000
333      8  0.888889
466      8  0.888889
449      8  0.888889
354      8  0.888889
7        8  0.888889
181      8  0.888889
304      8  0.888889
107      8  0.888889
97       8  0.888889
Current: [3, 7, 38, 40, 46, 49, 67, 85, 97, 99, 107, 108, 109, 110, 112, 114, 115, 121, 133, 139, 140, 146, 155, 164, 175, 181, 191, 200, 207, 230, 255, 304, 308, 311, 313, 319, 328, 333, 339, 354, 361, 362, 385, 395, 406, 414, 423, 436, 449, 461, 466]
Subround 10
not enough
     Count  Value
406      9    0.9
181      9    0.9
304      9    0.9
121      9    0.9
339      9    0.9
328      9    0.9
99       9    0.9
423      8    0.8
115      8    0.8
155      8    0.8
449      8    0.8
319      8    0.8
308      8    0.8
466      8    0.8
146      8    0.8
46       8    0.8
164      8    0.8
112      8    0.8
354      8    0.8
108      8    0.8
     Count  Value
406      9    0.9
181      9    0.9
304      9    0.9
121      9    0.9
339      9    0.9
328      9    0.9
99       9    0.9
423      8    0.8
115      8    0.8
155      8    0.8
Current: [7, 38, 46, 49, 85, 97, 99, 107, 108, 112, 114, 115, 121, 133, 139, 140, 146, 155, 164, 181, 207, 230, 304, 308, 313, 319, 328, 333, 339, 354, 362, 385, 406, 423, 449, 466]
Subround 11
not enough
     Count     Value
339     10  0.909091
99      10  0.909091
406     10  0.909091
319      9  0.818182
146      9  0.818182
354      9  0.818182
449      9  0.818182
107      9  0.818182
140      9  0.818182
38       9  0.818182
133      9  0.818182
423      9  0.818182
112      9  0.818182
304      9  0.818182
333      9  0.818182
85       9  0.818182
207      9  0.818182
121      9  0.818182
230      9  0.818182
164      9  0.818182
     Count     Value
339     10  0.909091
99      10  0.909091
406     10  0.909091
319      9  0.818182
146      9  0.818182
354      9  0.818182
449      9  0.818182
107      9  0.818182
140      9  0.818182
38       9  0.818182
Current: [0, 7, 23, 32, 38, 40, 46, 49, 67, 85, 89, 97, 99, 101, 107, 108, 110, 112, 114, 115, 121, 133, 139, 140, 141, 146, 155, 164, 175, 181, 200, 207, 223, 224, 230, 233, 255, 258, 259, 260, 262, 292, 296, 304, 308, 313, 319, 328, 330, 333, 339, 354, 356, 362, 385, 395, 406, 414, 419, 423, 429, 436, 438, 449, 461, 466, 491]
Subround 12
not enough
     Count     Value
99      11  0.916667
339     11  0.916667
333     10  0.833333
121     10  0.833333
7       10  0.833333
328     10  0.833333
406     10  0.833333
164     10  0.833333
449     10  0.833333
85      10  0.833333
181     10  0.833333
112     10  0.833333
133     10  0.833333
292      9  0.750000
230      9  0.750000
319      9  0.750000
200      9  0.750000
438      9  0.750000
101      9  0.750000
354      9  0.750000
     Count     Value
99      11  0.916667
339     11  0.916667
333     10  0.833333
121     10  0.833333
7       10  0.833333
328     10  0.833333
406     10  0.833333
164     10  0.833333
449     10  0.833333
85      10  0.833333
Current: [7, 23, 32, 38, 46, 67, 85, 97, 99, 101, 107, 110, 112, 114, 121, 133, 140, 146, 164, 181, 200, 207, 230, 233, 255, 292, 304, 308, 313, 319, 328, 330, 333, 339, 354, 385, 406, 414, 419, 423, 436, 438, 449]
Subround 13
not enough
     Count     Value
339     12  0.923077
99      12  0.923077
449     11  0.846154
164     11  0.846154
328     11  0.846154
121     11  0.846154
112     11  0.846154
133     11  0.846154
85      11  0.846154
181     11  0.846154
67      10  0.769231
107     10  0.769231
114     10  0.769231
319     10  0.769231
308     10  0.769231
436     10  0.769231
406     10  0.769231
200     10  0.769231
304     10  0.769231
230     10  0.769231
     Count     Value
339     12  0.923077
99      12  0.923077
449     11  0.846154
164     11  0.846154
328     11  0.846154
121     11  0.846154
112     11  0.846154
133     11  0.846154
85      11  0.846154
181     11  0.846154
Current: [7, 23, 38, 46, 67, 85, 97, 99, 107, 112, 114, 121, 133, 164, 181, 200, 230, 233, 255, 304, 308, 319, 328, 330, 333, 339, 406, 414, 419, 436, 449]
Subround 14
not enough
     Count     Value
339     13  0.928571
99      13  0.928571
121     12  0.857143
164     12  0.857143
133     12  0.857143
112     12  0.857143
328     12  0.857143
85      12  0.857143
181     12  0.857143
319     11  0.785714
23      11  0.785714
107     11  0.785714
97      11  0.785714
330     11  0.785714
38      11  0.785714
308     11  0.785714
67      11  0.785714
436     11  0.785714
449     11  0.785714
230     11  0.785714
     Count     Value
339     13  0.928571
99      13  0.928571
121     12  0.857143
164     12  0.857143
133     12  0.857143
112     12  0.857143
328     12  0.857143
85      12  0.857143
181     12  0.857143
319     11  0.785714
Current: [7, 20, 23, 32, 38, 46, 49, 67, 85, 95, 97, 99, 107, 110, 112, 114, 121, 132, 133, 145, 164, 181, 187, 191, 200, 207, 215, 224, 228, 230, 233, 255, 261, 304, 308, 319, 328, 330, 333, 339, 406, 414, 416, 419, 436, 449, 483]
Subround 15
not enough
     Count     Value
339     14  0.933333
99      13  0.866667
319     12  0.800000
328     12  0.800000
121     12  0.800000
67      12  0.800000
112     12  0.800000
38      12  0.800000
164     12  0.800000
85      12  0.800000
23      12  0.800000
107     12  0.800000
133     12  0.800000
449     12  0.800000
436     12  0.800000
181     12  0.800000
261     11  0.733333
110     11  0.733333
414     11  0.733333
230     11  0.733333
     Count     Value
339     14  0.933333
99      13  0.866667
319     12  0.800000
328     12  0.800000
121     12  0.800000
67      12  0.800000
112     12  0.800000
38      12  0.800000
164     12  0.800000
85      12  0.800000
Current: [7, 20, 23, 38, 67, 85, 97, 99, 107, 110, 112, 121, 132, 133, 164, 181, 191, 215, 228, 230, 233, 255, 261, 304, 308, 319, 328, 330, 339, 414, 419, 436, 449, 483]
Subround 16
not enough
     Count   Value
339     15  0.9375
99      14  0.8750
319     13  0.8125
181     13  0.8125
67      13  0.8125
112     13  0.8125
38      13  0.8125
436     13  0.8125
121     13  0.8125
85      13  0.8125
328     13  0.8125
164     13  0.8125
233     12  0.7500
449     12  0.7500
255     12  0.7500
133     12  0.7500
107     12  0.7500
330     12  0.7500
261     12  0.7500
230     12  0.7500
     Count   Value
339     15  0.9375
99      14  0.8750
319     13  0.8125
181     13  0.8125
67      13  0.8125
112     13  0.8125
38      13  0.8125
436     13  0.8125
121     13  0.8125
85      13  0.8125
Current: [23, 38, 67, 85, 99, 107, 110, 112, 121, 132, 133, 164, 181, 191, 215, 228, 230, 233, 255, 261, 319, 328, 330, 339, 419, 436, 449]
Subround 17
not enough
     Count     Value
339     16  0.941176
99      15  0.882353
319     14  0.823529
67      14  0.823529
85      14  0.823529
328     14  0.823529
164     14  0.823529
436     14  0.823529
181     13  0.764706
121     13  0.764706
110     13  0.764706
215     13  0.764706
112     13  0.764706
38      13  0.764706
228     12  0.705882
362     12  0.705882
146     12  0.705882
132     12  0.705882
7       12  0.705882
233     12  0.705882
     Count     Value
339     16  0.941176
99      15  0.882353
319     14  0.823529
67      14  0.823529
85      14  0.823529
328     14  0.823529
164     14  0.823529
436     14  0.823529
181     13  0.764706
121     13  0.764706
Current: [0, 3, 7, 10, 20, 23, 38, 40, 67, 85, 95, 97, 99, 107, 110, 112, 121, 132, 133, 145, 146, 164, 181, 191, 215, 224, 228, 230, 233, 247, 255, 261, 313, 319, 328, 330, 333, 339, 362, 363, 383, 414, 419, 436, 449, 461]
Subround 18
not enough
     Count     Value
339     17  0.944444
99      16  0.888889
164     15  0.833333
436     15  0.833333
67      15  0.833333
85      15  0.833333
121     14  0.777778
328     14  0.777778
215     14  0.777778
112     14  0.777778
110     14  0.777778
319     14  0.777778
181     13  0.722222
383     13  0.722222
247     13  0.722222
132     13  0.722222
228     13  0.722222
230     13  0.722222
414     13  0.722222
461     13  0.722222
     Count     Value
339     17  0.944444
99      16  0.888889
164     15  0.833333
436     15  0.833333
67      15  0.833333
85      15  0.833333
121     14  0.777778
328     14  0.777778
215     14  0.777778
112     14  0.777778
Current: [3, 10, 23, 38, 40, 67, 85, 95, 99, 107, 110, 112, 121, 132, 164, 181, 215, 228, 230, 247, 255, 319, 328, 333, 339, 362, 363, 383, 414, 419, 436, 461]
Subround 19
not enough
     Count     Value
339     18  0.947368
99      17  0.894737
85      16  0.842105
164     16  0.842105
67      16  0.842105
436     16  0.842105
215     15  0.789474
40      14  0.736842
247     14  0.736842
328     14  0.736842
132     14  0.736842
110     14  0.736842
107     14  0.736842
121     14  0.736842
319     14  0.736842
181     14  0.736842
112     14  0.736842
255     14  0.736842
10      13  0.684211
20      13  0.684211
     Count     Value
339     18  0.947368
99      17  0.894737
85      16  0.842105
164     16  0.842105
67      16  0.842105
436     16  0.842105
215     15  0.789474
40      14  0.736842
247     14  0.736842
328     14  0.736842
Current: [40, 67, 85, 99, 107, 110, 112, 121, 132, 164, 181, 215, 247, 255, 319, 328, 339, 436]
Subround 20
     Count  Value
339     19   0.95
99      17   0.85
436     16   0.80
67      16   0.80
164     16   0.80
85      16   0.80
40      15   0.75
247     15   0.75
181     15   0.75
215     15   0.75
328     15   0.75
132     15   0.75
121     15   0.75
95      14   0.70
176     14   0.70
228     14   0.70
319     14   0.70
145     14   0.70
255     14   0.70
362     14   0.70
     Count  Value
339     19   0.95
99      17   0.85
436     16   0.80
67      16   0.80
164     16   0.80
85      16   0.80
40      15   0.75
247     15   0.75
181     15   0.75
215     15   0.75
Current: [40, 67, 85, 99, 121, 132, 164, 181, 215, 247, 328, 339, 436]
Round 2
Subround 1
not enough
     Count     Value
339     20  0.952381
436     17  0.809524
99      17  0.809524
67      17  0.809524
164     16  0.761905
247     16  0.761905
40      16  0.761905
215     16  0.761905
85      16  0.761905
132     15  0.714286
328     15  0.714286
181     15  0.714286
121     15  0.714286
319     15  0.714286
95      14  0.666667
176     14  0.666667
228     14  0.666667
145     14  0.666667
255     14  0.666667
362     14  0.666667
     Count  Value
319      1    1.0
40       1    1.0
247      1    1.0
436      1    1.0
215      1    1.0
339      1    1.0
67       1    1.0
Current: [67, 99, 339, 436]
Subround 2
not enough
     Count     Value
339     21  0.954545
436     17  0.772727
40      17  0.772727
67      17  0.772727
164     17  0.772727
85      17  0.772727
99      17  0.772727
247     16  0.727273
181     16  0.727273
319     16  0.727273
121     16  0.727273
215     16  0.727273
328     15  0.681818
132     15  0.681818
95      14  0.636364
176     14  0.636364
228     14  0.636364
145     14  0.636364
255     14  0.636364
362     14  0.636364
     Count  Value
319      2    1.0
40       2    1.0
339      2    1.0
247      1    0.5
436      1    0.5
215      1    0.5
67       1    0.5
164      1    0.5
181      1    0.5
121      1    0.5
Current: [339]
Subround 3
not enough
     Count     Value
339     21  0.913043
436     18  0.782609
40      18  0.782609
164     18  0.782609
85      18  0.782609
67      17  0.739130
121     17  0.739130
181     17  0.739130
99      17  0.739130
247     16  0.695652
319     16  0.695652
132     16  0.695652
215     16  0.695652
328     15  0.652174
176     14  0.608696
95      14  0.608696
228     14  0.608696
145     14  0.608696
255     14  0.608696
362     14  0.608696
     Count     Value
40       3  1.000000
319      2  0.666667
436      2  0.666667
339      2  0.666667
164      2  0.666667
181      2  0.666667
121      2  0.666667
85       2  0.666667
247      1  0.333333
215      1  0.333333
Current: [339]
Subround 4
not enough
     Count     Value
339     22  0.916667
164     19  0.791667
436     18  0.750000
40      18  0.750000
67      18  0.750000
121     18  0.750000
85      18  0.750000
99      18  0.750000
247     17  0.708333
181     17  0.708333
319     17  0.708333
132     16  0.666667
215     16  0.666667
328     15  0.625000
176     14  0.583333
95      14  0.583333
228     14  0.583333
145     14  0.583333
255     14  0.583333
362     14  0.583333
     Count  Value
319      3   0.75
40       3   0.75
339      3   0.75
164      3   0.75
121      3   0.75
247      2   0.50
436      2   0.50
67       2   0.50
181      2   0.50
85       2   0.50
Current: [339]
Subround 5
not enough
     Count  Value
339     23   0.92
436     19   0.76
164     19   0.76
85      19   0.76
99      19   0.76
40      18   0.72
67      18   0.72
121     18   0.72
247     18   0.72
181     17   0.68
319     17   0.68
132     17   0.68
215     17   0.68
328     15   0.60
176     14   0.56
95      14   0.56
228     14   0.56
145     14   0.56
255     14   0.56
362     14   0.56
     Count  Value
339      4    0.8
319      3    0.6
40       3    0.6
247      3    0.6
436      3    0.6
164      3    0.6
121      3    0.6
85       3    0.6
215      2    0.4
67       2    0.4
Current: [339]
Subround 6
not enough
     Count     Value
339     23  0.884615
436     20  0.769231
164     20  0.769231
85      20  0.769231
40      19  0.730769
247     19  0.730769
99      19  0.730769
67      18  0.692308
121     18  0.692308
181     18  0.692308
319     17  0.653846
132     17  0.653846
215     17  0.653846
328     16  0.615385
176     14  0.538462
95      14  0.538462
228     14  0.538462
145     14  0.538462
255     14  0.538462
362     14  0.538462
     Count     Value
40       4  0.666667
247      4  0.666667
436      4  0.666667
339      4  0.666667
164      4  0.666667
85       4  0.666667
319      3  0.500000
181      3  0.500000
121      3  0.500000
215      2  0.333333
Current: [339]
Subround 7
not enough
     Count     Value
339     24  0.888889
164     21  0.777778
436     20  0.740741
40      20  0.740741
85      20  0.740741
99      20  0.740741
67      19  0.703704
247     19  0.703704
181     18  0.666667
215     18  0.666667
132     18  0.666667
121     18  0.666667
319     17  0.629630
328     16  0.592593
95      14  0.518519
176     14  0.518519
228     14  0.518519
145     14  0.518519
255     14  0.518519
362     14  0.518519
     Count     Value
40       5  0.714286
339      5  0.714286
164      5  0.714286
247      4  0.571429
436      4  0.571429
85       4  0.571429
319      3  0.428571
215      3  0.428571
67       3  0.428571
181      3  0.428571
Current: [339]
Subround 8
not enough
     Count     Value
339     25  0.892857
164     21  0.750000
99      21  0.750000
436     20  0.714286
40      20  0.714286
67      20  0.714286
85      20  0.714286
247     19  0.678571
181     19  0.678571
132     19  0.678571
319     18  0.642857
121     18  0.642857
215     18  0.642857
328     17  0.607143
95      14  0.500000
176     14  0.500000
228     14  0.500000
145     14  0.500000
255     14  0.500000
362     14  0.500000
     Count  Value
339      6  0.750
40       5  0.625
164      5  0.625
319      4  0.500
247      4  0.500
436      4  0.500
67       4  0.500
181      4  0.500
85       4  0.500
132      4  0.500
Current: [339]
Subround 9
not enough
     Count     Value
339     25  0.862069
164     22  0.758621
436     21  0.724138
40      21  0.724138
67      21  0.724138
99      21  0.724138
247     20  0.689655
85      20  0.689655
181     19  0.655172
215     19  0.655172
132     19  0.655172
121     19  0.655172
319     18  0.620690
328     17  0.586207
95      14  0.482759
176     14  0.482759
228     14  0.482759
145     14  0.482759
255     14  0.482759
362     14  0.482759
     Count     Value
40       6  0.666667
339      6  0.666667
164      6  0.666667
247      5  0.555556
436      5  0.555556
67       5  0.555556
319      4  0.444444
215      4  0.444444
181      4  0.444444
121      4  0.444444
Current: [339]
Subround 10
     Count     Value
339     26  0.866667
164     23  0.766667
436     22  0.733333
40      22  0.733333
67      22  0.733333
247     21  0.700000
99      21  0.700000
121     20  0.666667
85      20  0.666667
181     19  0.633333
215     19  0.633333
132     19  0.633333
319     18  0.600000
328     17  0.566667
176     14  0.466667
95      14  0.466667
228     14  0.466667
145     14  0.466667
255     14  0.466667
362     14  0.466667
     Count  Value
40       7    0.7
339      7    0.7
164      7    0.7
247      6    0.6
436      6    0.6
67       6    0.6
121      5    0.5
319      4    0.4
215      4    0.4
181      4    0.4
Current: [339]
Winning offset:
[339]
2021-09-08 04:57:58.609676
2021-09-08 04:59:36.863361
0:01:38.253685
