Loading page file profiles/lab06/pages/0x2a44b.yaml
Loading page file profiles/lab06/pages/0x2a460.yaml
Loading page file profiles/lab06/pages/0x2a4e3.yaml
Loading page file profiles/lab06/pages/0x2a4e5.yaml
Loading page file profiles/lab06/pages/0x2a800.yaml
Loading page file profiles/lab06/pages/0x2a804.yaml
Loading page file profiles/lab06/pages/0x2a805.yaml
Round 1
Subround 1
not enough
     Count  Value
103      1    1.0
443      1    1.0
341      1    1.0
167      1    1.0
135      1    1.0
244      1    1.0
373      1    1.0
309      1    1.0
49       1    1.0
406      1    1.0
30       1    1.0
497      1    1.0
258      1    1.0
182      1    1.0
7        1    1.0
366      1    1.0
178      1    1.0
442      1    1.0
124      1    1.0
18       1    1.0
     Count  Value
103      1    1.0
443      1    1.0
341      1    1.0
167      1    1.0
135      1    1.0
244      1    1.0
373      1    1.0
309      1    1.0
49       1    1.0
406      1    1.0
Current: [0, 6, 7, 8, 9, 10, 11, 13, 18, 20, 21, 22, 25, 26, 30, 33, 34, 35, 37, 43, 44, 45, 46, 49, 52, 54, 55, 56, 60, 61, 62, 63, 64, 65, 67, 68, 69, 70, 72, 77, 80, 83, 84, 85, 86, 87, 89, 90, 92, 95, 96, 98, 101, 103, 106, 107, 112, 115, 116, 117, 119, 123, 124, 125, 128, 129, 130, 132, 133, 134, 135, 137, 148, 150, 151, 154, 159, 160, 161, 164, 167, 168, 170, 174, 175, 178, 181, 182, 183, 187, 191, 192, 193, 194, 196, 198, 201, 203, 204, 209, 210, 212, 213, 217, 218, 220, 221, 222, 226, 229, 230, 231, 234, 235, 238, 240, 241, 244, 245, 246, 247, 248, 249, 250, 253, 258, 259, 260, 263, 265, 271, 272, 273, 275, 276, 279, 284, 285, 286, 288, 291, 293, 294, 295, 297, 298, 299, 301, 304, 306, 308, 309, 311, 313, 316, 319, 320, 321, 323, 324, 326, 327, 328, 329, 331, 332, 333, 334, 335, 338, 339, 341, 342, 343, 344, 348, 351, 352, 355, 358, 359, 360, 363, 365, 366, 369, 371, 373, 376, 377, 378, 381, 383, 384, 387, 388, 389, 394, 396, 397, 399, 400, 401, 405, 406, 409, 410, 413, 415, 416, 418, 419, 423, 425, 428, 430, 431, 433, 436, 437, 438, 442, 443, 444, 447, 448, 449, 450, 456, 457, 458, 460, 462, 464, 465, 466, 467, 469, 470, 471, 477, 483, 484, 485, 486, 487, 491, 492, 495, 496, 497, 499, 505, 508, 509, 511]
Subround 2
not enough
     Count  Value
103      2    1.0
275      2    1.0
352      2    1.0
483      2    1.0
192      2    1.0
433      2    1.0
241      2    1.0
486      2    1.0
87       2    1.0
377      2    1.0
410      2    1.0
449      2    1.0
341      2    1.0
373      2    1.0
309      2    1.0
30       2    1.0
182      2    1.0
7        2    1.0
442      2    1.0
331      2    1.0
     Count  Value
103      2    1.0
275      2    1.0
352      2    1.0
483      2    1.0
192      2    1.0
433      2    1.0
241      2    1.0
486      2    1.0
87       2    1.0
377      2    1.0
Current: [7, 8, 9, 10, 30, 35, 43, 52, 54, 55, 62, 64, 67, 69, 72, 77, 80, 84, 85, 86, 87, 89, 92, 98, 101, 103, 106, 107, 115, 116, 117, 119, 125, 129, 130, 132, 134, 151, 159, 164, 170, 175, 182, 183, 191, 192, 196, 201, 203, 204, 212, 218, 220, 229, 231, 234, 235, 241, 245, 246, 247, 253, 263, 272, 275, 285, 294, 295, 299, 301, 306, 309, 316, 319, 320, 321, 323, 331, 333, 334, 338, 339, 341, 342, 344, 348, 352, 355, 359, 360, 365, 373, 377, 383, 387, 389, 396, 399, 400, 401, 409, 410, 413, 415, 418, 423, 428, 433, 438, 442, 443, 444, 448, 449, 457, 462, 467, 483, 484, 486, 491, 492, 505, 508]
Subround 3
not enough
     Count     Value
339      3  1.000000
103      2  0.666667
442      2  0.666667
135      2  0.666667
244      2  0.666667
373      2  0.666667
309      2  0.666667
49       2  0.666667
406      2  0.666667
30       2  0.666667
497      2  0.666667
258      2  0.666667
182      2  0.666667
7        2  0.666667
366      2  0.666667
178      2  0.666667
124      2  0.666667
341      2  0.666667
18       2  0.666667
331      2  0.666667
     Count     Value
339      3  1.000000
103      2  0.666667
442      2  0.666667
135      2  0.666667
244      2  0.666667
373      2  0.666667
309      2  0.666667
49       2  0.666667
406      2  0.666667
30       2  0.666667
Current: [339]
Subround 4
not enough
     Count  Value
339      4   1.00
103      3   0.75
107      3   0.75
496      3   0.75
96       3   0.75
61       3   0.75
511      3   0.75
396      3   0.75
92       3   0.75
419      3   0.75
428      3   0.75
116      3   0.75
221      3   0.75
294      3   0.75
25       3   0.75
295      3   0.75
201      3   0.75
21       3   0.75
324      3   0.75
359      3   0.75
     Count  Value
339      4   1.00
103      3   0.75
107      3   0.75
496      3   0.75
96       3   0.75
61       3   0.75
511      3   0.75
396      3   0.75
92       3   0.75
419      3   0.75
Current: [6, 9, 10, 11, 18, 20, 21, 25, 26, 34, 35, 44, 45, 46, 52, 54, 55, 56, 60, 61, 62, 63, 65, 67, 69, 72, 77, 80, 84, 92, 95, 96, 101, 103, 106, 107, 112, 115, 116, 119, 124, 125, 129, 130, 133, 134, 135, 137, 150, 151, 154, 159, 164, 167, 168, 178, 183, 187, 193, 198, 201, 212, 217, 218, 221, 226, 230, 234, 235, 238, 245, 247, 249, 263, 271, 272, 273, 275, 294, 295, 297, 299, 304, 309, 311, 324, 339, 342, 348, 352, 359, 363, 365, 376, 377, 378, 383, 388, 389, 394, 396, 399, 400, 401, 410, 413, 419, 423, 425, 428, 433, 436, 438, 447, 449, 457, 460, 462, 464, 466, 470, 471, 484, 486, 487, 491, 495, 496, 497, 505, 508, 511]
Subround 5
not enough
     Count  Value
339      5    1.0
103      4    0.8
471      4    0.8
425      4    0.8
348      4    0.8
69       4    0.8
423      4    0.8
376      4    0.8
311      4    0.8
378      4    0.8
299      4    0.8
245      4    0.8
487      4    0.8
226      4    0.8
34       4    0.8
413      4    0.8
436      4    0.8
130      4    0.8
505      4    0.8
52       4    0.8
     Count  Value
339      5    1.0
103      4    0.8
471      4    0.8
425      4    0.8
348      4    0.8
69       4    0.8
423      4    0.8
376      4    0.8
311      4    0.8
378      4    0.8
Current: [34, 44, 46, 52, 54, 61, 63, 67, 69, 95, 96, 101, 103, 106, 130, 134, 135, 168, 178, 187, 212, 221, 226, 238, 245, 294, 297, 299, 311, 339, 342, 348, 376, 378, 396, 399, 413, 423, 425, 428, 436, 449, 462, 470, 471, 487, 505]
Subround 6
not enough
     Count     Value
339      6  1.000000
44       5  0.833333
63       5  0.833333
462      5  0.833333
348      5  0.833333
471      5  0.833333
46       5  0.833333
134      5  0.833333
425      5  0.833333
470      5  0.833333
294      5  0.833333
221      5  0.833333
178      5  0.833333
69       5  0.833333
95       5  0.833333
423      5  0.833333
487      5  0.833333
34       5  0.833333
378      5  0.833333
299      5  0.833333
     Count     Value
339      6  1.000000
44       5  0.833333
63       5  0.833333
462      5  0.833333
348      5  0.833333
471      5  0.833333
46       5  0.833333
134      5  0.833333
425      5  0.833333
470      5  0.833333
Current: [34, 44, 46, 61, 63, 69, 95, 96, 134, 178, 221, 226, 294, 299, 339, 348, 376, 378, 399, 423, 425, 462, 470, 471, 487]
Subround 7
not enough
     Count     Value
339      7  1.000000
487      6  0.857143
103      5  0.714286
396      5  0.714286
449      5  0.714286
335      5  0.714286
101      5  0.714286
462      5  0.714286
294      5  0.714286
221      5  0.714286
428      5  0.714286
92       5  0.714286
96       5  0.714286
61       5  0.714286
297      5  0.714286
399      5  0.714286
196      5  0.714286
52       5  0.714286
425      5  0.714286
348      5  0.714286
     Count     Value
339      7  1.000000
487      6  0.857143
103      5  0.714286
396      5  0.714286
449      5  0.714286
335      5  0.714286
101      5  0.714286
462      5  0.714286
294      5  0.714286
221      5  0.714286
Current: [34, 44, 46, 52, 54, 61, 63, 67, 69, 85, 92, 95, 96, 101, 103, 106, 112, 130, 134, 135, 178, 187, 196, 212, 217, 221, 226, 238, 245, 294, 297, 299, 311, 335, 339, 342, 348, 370, 376, 378, 396, 399, 400, 413, 423, 425, 428, 436, 449, 457, 462, 470, 471, 487, 505]
Subround 8
not enough
     Count  Value
339      8  1.000
487      7  0.875
103      6  0.750
69       6  0.750
378      6  0.750
470      6  0.750
436      6  0.750
187      6  0.750
85       6  0.750
34       6  0.750
54       6  0.750
178      6  0.750
46       6  0.750
130      6  0.750
348      6  0.750
44       6  0.750
52       6  0.750
196      6  0.750
335      6  0.750
462      6  0.750
     Count  Value
339      8  1.000
487      7  0.875
103      6  0.750
69       6  0.750
378      6  0.750
470      6  0.750
436      6  0.750
187      6  0.750
85       6  0.750
34       6  0.750
Current: [34, 44, 46, 52, 54, 61, 69, 85, 95, 96, 103, 130, 178, 187, 196, 221, 294, 335, 339, 348, 378, 428, 436, 457, 462, 470, 471, 487]
Subround 9
not enough
     Count     Value
339      9  1.000000
487      8  0.888889
103      7  0.777778
436      7  0.777778
178      7  0.777778
46       7  0.777778
471      7  0.777778
85       7  0.777778
428      7  0.777778
96       7  0.777778
378      7  0.777778
34       7  0.777778
52       7  0.777778
245      6  0.666667
306      6  0.666667
221      6  0.666667
419      6  0.666667
92       6  0.666667
61       6  0.666667
381      6  0.666667
     Count     Value
339      9  1.000000
487      8  0.888889
103      7  0.777778
436      7  0.777778
178      7  0.777778
46       7  0.777778
471      7  0.777778
85       7  0.777778
428      7  0.777778
96       7  0.777778
Current: [34, 46, 52, 85, 96, 103, 178, 339, 378, 428, 436, 471, 487]
Subround 10
not enough
     Count  Value
339     10    1.0
178      8    0.8
487      8    0.8
96       8    0.8
436      8    0.8
34       8    0.8
46       7    0.7
167      7    0.7
234      7    0.7
19       7    0.7
413      7    0.7
370      7    0.7
368      7    0.7
383      7    0.7
238      7    0.7
324      7    0.7
410      7    0.7
486      7    0.7
471      7    0.7
69       7    0.7
     Count  Value
339     10    1.0
178      8    0.8
487      8    0.8
96       8    0.8
436      8    0.8
34       8    0.8
46       7    0.7
167      7    0.7
234      7    0.7
19       7    0.7
Current: [34, 96, 178, 339, 436, 487]
Subround 11
not enough
     Count     Value
339     11  1.000000
96       9  0.818182
34       9  0.818182
178      9  0.818182
436      9  0.818182
221      8  0.727273
487      8  0.727273
226      8  0.727273
410      8  0.727273
19       8  0.727273
238      8  0.727273
469      8  0.727273
311      8  0.727273
294      8  0.727273
368      8  0.727273
271      8  0.727273
265      8  0.727273
477      8  0.727273
234      8  0.727273
61       8  0.727273
     Count     Value
339     11  1.000000
96       9  0.818182
34       9  0.818182
178      9  0.818182
436      9  0.818182
221      8  0.727273
487      8  0.727273
226      8  0.727273
410      8  0.727273
19       8  0.727273
Current: [19, 34, 61, 69, 77, 95, 96, 112, 129, 150, 178, 198, 221, 226, 234, 238, 265, 271, 294, 311, 324, 339, 368, 383, 410, 436, 469, 477, 487]
Subround 12
not enough
     Count     Value
339     12  1.000000
436     10  0.833333
34      10  0.833333
469      9  0.750000
477      9  0.750000
221      9  0.750000
294      9  0.750000
129      9  0.750000
77       9  0.750000
311      9  0.750000
238      9  0.750000
95       9  0.750000
112      9  0.750000
61       9  0.750000
324      9  0.750000
96       9  0.750000
487      9  0.750000
178      9  0.750000
265      9  0.750000
368      9  0.750000
     Count     Value
339     12  1.000000
436     10  0.833333
34      10  0.833333
469      9  0.750000
477      9  0.750000
221      9  0.750000
294      9  0.750000
129      9  0.750000
77       9  0.750000
311      9  0.750000
Current: [34, 61, 77, 95, 96, 112, 129, 178, 221, 226, 238, 265, 271, 294, 311, 324, 339, 368, 436, 469, 477, 487]
Subround 13
not enough
     Count     Value
339     13  1.000000
96      10  0.769231
34      10  0.769231
178     10  0.769231
436     10  0.769231
221      9  0.692308
487      9  0.692308
226      9  0.692308
410      9  0.692308
19       9  0.692308
238      9  0.692308
469      9  0.692308
311      9  0.692308
294      9  0.692308
368      9  0.692308
271      9  0.692308
265      9  0.692308
477      9  0.692308
234      9  0.692308
61       9  0.692308
     Count     Value
339     13  1.000000
96      10  0.769231
34      10  0.769231
178     10  0.769231
436     10  0.769231
221      9  0.692308
487      9  0.692308
226      9  0.692308
410      9  0.692308
19       9  0.692308
Current: [34, 96, 178, 339, 436]
Subround 14
not enough
     Count     Value
339     14  1.000000
34      11  0.785714
96      11  0.785714
178     11  0.785714
112     10  0.714286
436     10  0.714286
324     10  0.714286
469     10  0.714286
234     10  0.714286
271     10  0.714286
368     10  0.714286
198     10  0.714286
238     10  0.714286
487     10  0.714286
226     10  0.714286
90       9  0.642857
19       9  0.642857
410      9  0.642857
64       9  0.642857
94       9  0.642857
     Count     Value
339     14  1.000000
34      11  0.785714
96      11  0.785714
178     11  0.785714
112     10  0.714286
436     10  0.714286
324     10  0.714286
469     10  0.714286
234     10  0.714286
271     10  0.714286
Current: [34, 96, 112, 178, 198, 226, 234, 238, 271, 324, 339, 368, 436, 469, 487]
Subround 15
not enough
     Count     Value
339     15  1.000000
96      12  0.800000
34      12  0.800000
178     12  0.800000
226     11  0.733333
436     11  0.733333
234     11  0.733333
198     11  0.733333
112     11  0.733333
238     11  0.733333
469     11  0.733333
294     10  0.666667
368     10  0.666667
72      10  0.666667
92      10  0.666667
193     10  0.666667
413     10  0.666667
419     10  0.666667
505     10  0.666667
334     10  0.666667
     Count     Value
339     15  1.000000
96      12  0.800000
34      12  0.800000
178     12  0.800000
226     11  0.733333
436     11  0.733333
234     11  0.733333
198     11  0.733333
112     11  0.733333
238     11  0.733333
Current: [34, 96, 112, 178, 198, 226, 234, 238, 339, 436, 469]
Subround 16
not enough
     Count   Value
339     16  1.0000
178     13  0.8125
34      12  0.7500
436     12  0.7500
96      12  0.7500
238     11  0.6875
475     11  0.6875
72      11  0.6875
198     11  0.6875
276     11  0.6875
90      11  0.6875
234     11  0.6875
324     11  0.6875
42      11  0.6875
284     11  0.6875
469     11  0.6875
193     11  0.6875
491     11  0.6875
443     11  0.6875
89      11  0.6875
     Count   Value
339     16  1.0000
178     13  0.8125
34      12  0.7500
436     12  0.7500
96      12  0.7500
238     11  0.6875
475     11  0.6875
72      11  0.6875
198     11  0.6875
276     11  0.6875
Current: [34, 96, 178, 339, 436]
Subround 17
not enough
     Count     Value
339     17  1.000000
178     14  0.823529
34      13  0.764706
96      13  0.764706
112     12  0.705882
436     12  0.705882
198     12  0.705882
234     12  0.705882
238     12  0.705882
469     12  0.705882
226     12  0.705882
116     11  0.647059
294     11  0.647059
419     11  0.647059
368     11  0.647059
92      11  0.647059
487     11  0.647059
72      11  0.647059
505     11  0.647059
413     11  0.647059
     Count     Value
339     17  1.000000
178     14  0.823529
34      13  0.764706
96      13  0.764706
112     12  0.705882
436     12  0.705882
198     12  0.705882
234     12  0.705882
238     12  0.705882
469     12  0.705882
Current: [34, 96, 112, 178, 198, 226, 234, 238, 339, 436, 469]
Subround 18
not enough
     Count     Value
339     18  1.000000
178     15  0.833333
34      14  0.777778
238     13  0.722222
96      13  0.722222
112     13  0.722222
226     13  0.722222
198     13  0.722222
397     12  0.666667
297     12  0.666667
72      12  0.666667
419     12  0.666667
469     12  0.666667
234     12  0.666667
167     12  0.666667
487     12  0.666667
294     12  0.666667
491     12  0.666667
116     12  0.666667
436     12  0.666667
     Count     Value
339     18  1.000000
178     15  0.833333
34      14  0.777778
238     13  0.722222
96      13  0.722222
112     13  0.722222
226     13  0.722222
198     13  0.722222
397     12  0.666667
297     12  0.666667
Current: [34, 96, 112, 178, 198, 226, 238, 339]
Subround 19
not enough
     Count     Value
339     19  1.000000
178     15  0.789474
198     14  0.736842
34      14  0.736842
112     14  0.736842
487     13  0.684211
116     13  0.684211
436     13  0.684211
238     13  0.684211
297     13  0.684211
96      13  0.684211
167     13  0.684211
234     13  0.684211
226     13  0.684211
397     13  0.684211
64      12  0.631579
491     12  0.631579
469     12  0.631579
72      12  0.631579
450     12  0.631579
     Count     Value
339     19  1.000000
178     15  0.789474
198     14  0.736842
34      14  0.736842
112     14  0.736842
487     13  0.684211
116     13  0.684211
436     13  0.684211
238     13  0.684211
297     13  0.684211
Current: [34, 112, 178, 198, 339]
Subround 20
     Count  Value
339     20   1.00
198     15   0.75
178     15   0.75
34      15   0.75
436     14   0.70
487     14   0.70
297     14   0.70
238     14   0.70
226     14   0.70
96      14   0.70
112     14   0.70
284     13   0.65
116     13   0.65
100     13   0.65
195     13   0.65
419     13   0.65
234     13   0.65
92      13   0.65
294     13   0.65
299     13   0.65
     Count  Value
339     20   1.00
198     15   0.75
178     15   0.75
34      15   0.75
436     14   0.70
487     14   0.70
297     14   0.70
238     14   0.70
226     14   0.70
96      14   0.70
Current: [34, 178, 198, 339]
Round 2
Subround 1
not enough
     Count     Value
339     20  0.952381
178     16  0.761905
34      16  0.761905
198     15  0.714286
436     14  0.666667
487     14  0.666667
297     14  0.666667
238     14  0.666667
226     14  0.666667
96      14  0.666667
112     14  0.666667
100     13  0.619048
284     13  0.619048
116     13  0.619048
195     13  0.619048
419     13  0.619048
234     13  0.619048
92      13  0.619048
294     13  0.619048
299     13  0.619048
     Count  Value
178      1    1.0
34       1    1.0
Current: [339]
Subround 2
not enough
     Count     Value
339     21  0.954545
178     17  0.772727
34      16  0.727273
198     15  0.681818
436     14  0.636364
487     14  0.636364
297     14  0.636364
238     14  0.636364
226     14  0.636364
96      14  0.636364
112     14  0.636364
100     13  0.590909
284     13  0.590909
116     13  0.590909
195     13  0.590909
419     13  0.590909
234     13  0.590909
92      13  0.590909
294     13  0.590909
299     13  0.590909
     Count  Value
178      2    1.0
34       1    0.5
339      1    0.5
Current: [339]
Subround 3
not enough
     Count     Value
339     21  0.913043
178     17  0.739130
34      17  0.739130
198     16  0.695652
436     14  0.608696
487     14  0.608696
297     14  0.608696
238     14  0.608696
226     14  0.608696
96      14  0.608696
112     14  0.608696
100     13  0.565217
284     13  0.565217
116     13  0.565217
195     13  0.565217
419     13  0.565217
234     13  0.565217
92      13  0.565217
294     13  0.565217
299     13  0.565217
     Count     Value
178      2  0.666667
34       2  0.666667
339      1  0.333333
198      1  0.333333
Current: [339]
Subround 4
not enough
     Count     Value
339     22  0.916667
34      18  0.750000
178     17  0.708333
198     16  0.666667
238     14  0.583333
112     14  0.583333
96      14  0.583333
226     14  0.583333
297     14  0.583333
487     14  0.583333
436     14  0.583333
195     13  0.541667
100     13  0.541667
419     13  0.541667
116     13  0.541667
284     13  0.541667
234     13  0.541667
92      13  0.541667
294     13  0.541667
299     13  0.541667
     Count  Value
34       3   0.75
178      2   0.50
339      2   0.50
198      1   0.25
Current: [339]
Subround 5
not enough
     Count  Value
339     23   0.92
34      19   0.76
178     17   0.68
198     16   0.64
238     14   0.56
112     14   0.56
96      14   0.56
226     14   0.56
297     14   0.56
487     14   0.56
436     14   0.56
195     13   0.52
100     13   0.52
419     13   0.52
116     13   0.52
284     13   0.52
234     13   0.52
92      13   0.52
294     13   0.52
299     13   0.52
     Count  Value
34       4    0.8
339      3    0.6
178      2    0.4
198      1    0.2
Current: [339]
Subround 6
not enough
     Count     Value
339     24  0.923077
34      20  0.769231
178     17  0.653846
198     16  0.615385
238     14  0.538462
112     14  0.538462
96      14  0.538462
226     14  0.538462
297     14  0.538462
487     14  0.538462
436     14  0.538462
195     13  0.500000
100     13  0.500000
419     13  0.500000
116     13  0.500000
284     13  0.500000
234     13  0.500000
92      13  0.500000
294     13  0.500000
299     13  0.500000
     Count     Value
34       5  0.833333
339      4  0.666667
178      2  0.333333
198      1  0.166667
Current: [339]
Subround 7
not enough
     Count     Value
339     25  0.925926
34      20  0.740741
178     18  0.666667
198     16  0.592593
238     14  0.518519
112     14  0.518519
96      14  0.518519
226     14  0.518519
297     14  0.518519
487     14  0.518519
436     14  0.518519
195     13  0.481481
100     13  0.481481
419     13  0.481481
116     13  0.481481
284     13  0.481481
234     13  0.481481
92      13  0.481481
294     13  0.481481
299     13  0.481481
     Count     Value
34       5  0.714286
339      5  0.714286
178      3  0.428571
198      1  0.142857
Current: [339]
Subround 8
not enough
     Count     Value
339     26  0.928571
34      21  0.750000
178     18  0.642857
198     16  0.571429
238     14  0.500000
112     14  0.500000
96      14  0.500000
226     14  0.500000
297     14  0.500000
487     14  0.500000
436     14  0.500000
195     13  0.464286
100     13  0.464286
419     13  0.464286
116     13  0.464286
284     13  0.464286
234     13  0.464286
92      13  0.464286
294     13  0.464286
299     13  0.464286
     Count  Value
34       6  0.750
339      6  0.750
178      3  0.375
198      1  0.125
Current: [339]
Subround 9
not enough
     Count     Value
339     27  0.931034
34      22  0.758621
178     18  0.620690
198     16  0.551724
238     14  0.482759
112     14  0.482759
96      14  0.482759
226     14  0.482759
297     14  0.482759
487     14  0.482759
436     14  0.482759
195     13  0.448276
100     13  0.448276
419     13  0.448276
116     13  0.448276
284     13  0.448276
234     13  0.448276
92      13  0.448276
294     13  0.448276
299     13  0.448276
     Count     Value
34       7  0.777778
339      7  0.777778
178      3  0.333333
198      1  0.111111
Current: [339]
Subround 10
     Count     Value
339     27  0.900000
34      22  0.733333
178     19  0.633333
198     17  0.566667
238     14  0.466667
112     14  0.466667
96      14  0.466667
226     14  0.466667
297     14  0.466667
487     14  0.466667
436     14  0.466667
195     13  0.433333
100     13  0.433333
419     13  0.433333
116     13  0.433333
284     13  0.433333
234     13  0.433333
92      13  0.433333
294     13  0.433333
299     13  0.433333
     Count  Value
34       7    0.7
339      7    0.7
178      4    0.4
198      2    0.2
Current: [339]
Winning offset:
[339]
2021-09-08 04:59:38.744237
2021-09-08 05:01:16.959359
0:01:38.215122
