Loading page file profiles/lab06/pages/0x2a44b.yaml
Loading page file profiles/lab06/pages/0x2a460.yaml
Loading page file profiles/lab06/pages/0x2a4e3.yaml
Loading page file profiles/lab06/pages/0x2a4e5.yaml
Loading page file profiles/lab06/pages/0x2a800.yaml
Loading page file profiles/lab06/pages/0x2a804.yaml
Loading page file profiles/lab06/pages/0x2a805.yaml
Round 1
Subround 1
not enough
     Count  Value
465      1    1.0
305      1    1.0
122      1    1.0
331      1    1.0
157      1    1.0
152      1    1.0
422      1    1.0
134      1    1.0
324      1    1.0
391      1    1.0
40       1    1.0
445      1    1.0
148      1    1.0
166      1    1.0
392      1    1.0
482      1    1.0
109      1    1.0
254      1    1.0
162      1    1.0
460      1    1.0
     Count  Value
465      1    1.0
305      1    1.0
122      1    1.0
331      1    1.0
157      1    1.0
152      1    1.0
422      1    1.0
134      1    1.0
324      1    1.0
391      1    1.0
Current: [1, 3, 5, 7, 8, 9, 11, 14, 20, 26, 27, 29, 31, 32, 36, 38, 40, 41, 43, 47, 48, 49, 50, 54, 55, 56, 57, 58, 60, 62, 64, 68, 70, 71, 72, 73, 76, 78, 79, 83, 84, 85, 88, 89, 90, 91, 93, 96, 97, 100, 104, 108, 109, 110, 113, 115, 116, 117, 118, 119, 120, 121, 122, 123, 124, 125, 126, 127, 129, 130, 131, 134, 135, 137, 138, 139, 140, 141, 144, 145, 146, 148, 149, 152, 157, 158, 159, 160, 162, 163, 165, 166, 170, 172, 174, 176, 187, 191, 193, 194, 195, 197, 198, 201, 203, 205, 208, 209, 210, 211, 213, 216, 220, 222, 223, 224, 227, 228, 231, 236, 238, 239, 240, 241, 242, 245, 246, 247, 248, 249, 251, 254, 258, 260, 261, 262, 263, 265, 267, 269, 270, 272, 274, 275, 279, 280, 281, 285, 287, 289, 290, 291, 292, 296, 297, 298, 299, 301, 304, 305, 310, 311, 314, 315, 316, 317, 318, 323, 324, 327, 330, 331, 338, 341, 346, 347, 349, 350, 355, 357, 358, 362, 363, 364, 366, 367, 371, 374, 375, 380, 382, 383, 385, 386, 388, 391, 392, 394, 396, 397, 398, 402, 403, 405, 408, 411, 412, 413, 414, 415, 417, 418, 422, 423, 425, 430, 431, 432, 434, 435, 436, 438, 440, 442, 443, 445, 448, 449, 450, 455, 456, 457, 458, 459, 460, 461, 465, 467, 470, 475, 478, 480, 481, 482, 484, 485, 486, 494, 495, 498, 501, 502, 504, 505, 507, 511]
Subround 2
not enough
     Count  Value
465      2    1.0
162      2    1.0
70       2    1.0
224      2    1.0
5        2    1.0
195      2    1.0
73       2    1.0
48       2    1.0
210      2    1.0
425      2    1.0
366      2    1.0
41       2    1.0
411      2    1.0
422      2    1.0
391      2    1.0
40       2    1.0
166      2    1.0
392      2    1.0
482      2    1.0
290      2    1.0
     Count  Value
465      2    1.0
162      2    1.0
70       2    1.0
224      2    1.0
5        2    1.0
195      2    1.0
73       2    1.0
48       2    1.0
210      2    1.0
425      2    1.0
Current: [1, 5, 8, 26, 27, 36, 38, 40, 41, 47, 48, 49, 55, 56, 58, 64, 70, 71, 73, 78, 79, 90, 91, 100, 109, 110, 113, 116, 118, 119, 120, 127, 129, 131, 135, 137, 140, 144, 149, 159, 162, 166, 172, 176, 191, 193, 195, 201, 208, 209, 210, 222, 224, 228, 239, 245, 246, 247, 248, 258, 263, 267, 269, 272, 274, 279, 280, 281, 290, 292, 296, 299, 301, 304, 311, 314, 315, 316, 323, 327, 330, 338, 341, 346, 347, 349, 355, 357, 358, 362, 363, 366, 374, 385, 388, 391, 392, 394, 398, 403, 408, 411, 412, 413, 415, 418, 422, 423, 425, 430, 431, 438, 450, 455, 459, 465, 467, 478, 480, 482, 484, 485, 494, 498, 501, 504, 505, 511]
Subround 3
not enough
     Count  Value
465      3    1.0
210      3    1.0
296      3    1.0
498      3    1.0
290      3    1.0
224      3    1.0
5        3    1.0
73       3    1.0
48       3    1.0
366      3    1.0
274      3    1.0
41       3    1.0
411      3    1.0
422      3    1.0
40       3    1.0
166      3    1.0
482      3    1.0
109      3    1.0
49       3    1.0
26       3    1.0
     Count  Value
465      3    1.0
210      3    1.0
296      3    1.0
498      3    1.0
290      3    1.0
224      3    1.0
5        3    1.0
73       3    1.0
48       3    1.0
366      3    1.0
Current: [1, 5, 8, 26, 27, 36, 38, 40, 41, 47, 48, 49, 55, 58, 64, 71, 73, 78, 79, 90, 91, 100, 109, 110, 113, 116, 118, 120, 127, 131, 135, 137, 140, 144, 149, 159, 162, 166, 172, 176, 191, 193, 195, 201, 208, 209, 210, 222, 224, 228, 239, 246, 247, 248, 258, 263, 267, 269, 272, 274, 279, 280, 281, 290, 292, 296, 299, 301, 311, 314, 315, 316, 323, 327, 330, 338, 341, 346, 347, 349, 355, 357, 362, 363, 366, 374, 385, 388, 394, 398, 403, 408, 411, 412, 413, 415, 418, 422, 423, 430, 431, 438, 450, 455, 459, 465, 478, 482, 484, 485, 494, 498, 501, 504, 505, 511]
Subround 4
not enough
     Count  Value
465      4    1.0
91       4    1.0
366      4    1.0
210      4    1.0
498      4    1.0
144      4    1.0
176      4    1.0
36       4    1.0
330      4    1.0
362      4    1.0
413      4    1.0
398      4    1.0
357      4    1.0
100      4    1.0
248      4    1.0
346      4    1.0
327      4    1.0
430      4    1.0
316      4    1.0
55       4    1.0
     Count  Value
465      4    1.0
91       4    1.0
366      4    1.0
210      4    1.0
498      4    1.0
144      4    1.0
176      4    1.0
36       4    1.0
330      4    1.0
362      4    1.0
Current: [1, 5, 6, 8, 11, 13, 16, 26, 27, 30, 36, 38, 39, 40, 41, 47, 48, 49, 55, 56, 58, 61, 64, 65, 70, 71, 73, 74, 75, 77, 78, 79, 81, 86, 87, 90, 91, 100, 102, 109, 110, 113, 116, 118, 120, 127, 129, 131, 133, 135, 137, 140, 142, 144, 149, 155, 156, 159, 162, 166, 167, 172, 173, 176, 180, 184, 191, 193, 195, 201, 205, 208, 209, 210, 215, 221, 222, 224, 228, 239, 242, 243, 245, 246, 247, 248, 250, 251, 258, 259, 263, 264, 267, 268, 269, 272, 273, 274, 275, 276, 279, 280, 281, 285, 287, 290, 292, 294, 295, 296, 298, 299, 301, 302, 306, 311, 313, 314, 315, 316, 323, 326, 327, 328, 330, 335, 338, 341, 344, 346, 347, 349, 352, 353, 355, 357, 358, 362, 363, 366, 368, 370, 371, 374, 385, 388, 391, 394, 398, 401, 403, 408, 410, 411, 412, 413, 415, 416, 418, 420, 422, 423, 430, 431, 438, 440, 441, 444, 450, 455, 459, 462, 465, 466, 467, 471, 476, 478, 482, 484, 485, 492, 494, 496, 498, 501, 503, 504, 505, 511]
Subround 5
not enough
     Count  Value
418      5    1.0
40       5    1.0
465      4    0.8
366      4    0.8
498      4    0.8
290      4    0.8
224      4    0.8
5        4    0.8
195      4    0.8
73       4    0.8
210      4    0.8
41       4    0.8
274      4    0.8
411      4    0.8
422      4    0.8
166      4    0.8
482      4    0.8
109      4    0.8
61       4    0.8
296      4    0.8
     Count  Value
418      5    1.0
40       5    1.0
465      4    0.8
366      4    0.8
498      4    0.8
290      4    0.8
224      4    0.8
5        4    0.8
195      4    0.8
73       4    0.8
Current: [1, 5, 8, 27, 36, 38, 40, 41, 47, 48, 49, 55, 56, 58, 61, 64, 71, 73, 78, 79, 90, 91, 100, 109, 110, 113, 116, 118, 120, 127, 131, 135, 140, 144, 149, 155, 159, 162, 166, 172, 176, 191, 193, 195, 201, 205, 208, 209, 210, 222, 224, 228, 239, 246, 247, 248, 258, 263, 267, 269, 272, 274, 279, 280, 281, 290, 292, 296, 299, 301, 311, 314, 315, 316, 323, 327, 330, 338, 341, 346, 347, 349, 355, 357, 362, 363, 366, 368, 374, 385, 388, 394, 398, 403, 408, 411, 412, 413, 415, 418, 422, 423, 430, 431, 438, 450, 455, 459, 465, 478, 482, 484, 485, 494, 498, 501, 504, 505, 511]
Subround 6
not enough
     Count     Value
418      6  1.000000
465      5  0.833333
299      5  0.833333
41       5  0.833333
366      5  0.833333
210      5  0.833333
73       5  0.833333
224      5  0.833333
290      5  0.833333
498      5  0.833333
49       5  0.833333
144      5  0.833333
246      5  0.833333
422      5  0.833333
330      5  0.833333
78       5  0.833333
362      5  0.833333
450      5  0.833333
64       5  0.833333
398      5  0.833333
     Count     Value
418      6  1.000000
465      5  0.833333
299      5  0.833333
41       5  0.833333
366      5  0.833333
210      5  0.833333
73       5  0.833333
224      5  0.833333
290      5  0.833333
498      5  0.833333
Current: [1, 40, 41, 47, 49, 56, 58, 61, 64, 71, 73, 78, 113, 127, 144, 149, 155, 159, 191, 209, 210, 222, 224, 228, 239, 246, 248, 263, 269, 274, 279, 280, 290, 299, 301, 314, 315, 316, 330, 341, 355, 362, 366, 368, 374, 388, 394, 398, 408, 411, 415, 418, 422, 431, 438, 450, 455, 459, 465, 478, 482, 484, 485, 498, 511]
Subround 7
not enough
     Count     Value
418      7  1.000000
222      6  0.857143
155      6  0.857143
422      6  0.857143
269      6  0.857143
209      6  0.857143
274      6  0.857143
210      6  0.857143
248      6  0.857143
415      6  0.857143
482      6  0.857143
411      6  0.857143
279      6  0.857143
263      6  0.857143
511      6  0.857143
228      6  0.857143
64       6  0.857143
368      6  0.857143
47       6  0.857143
455      6  0.857143
     Count     Value
418      7  1.000000
222      6  0.857143
155      6  0.857143
422      6  0.857143
269      6  0.857143
209      6  0.857143
274      6  0.857143
210      6  0.857143
248      6  0.857143
415      6  0.857143
Current: [1, 8, 26, 27, 30, 36, 40, 41, 46, 47, 48, 49, 55, 56, 58, 61, 64, 70, 71, 73, 78, 79, 90, 91, 100, 102, 109, 110, 113, 116, 127, 131, 135, 140, 144, 149, 155, 156, 159, 162, 167, 180, 182, 185, 191, 195, 201, 205, 208, 209, 210, 222, 224, 228, 234, 239, 246, 248, 257, 263, 267, 269, 272, 274, 275, 276, 279, 280, 290, 294, 299, 301, 306, 311, 314, 315, 316, 321, 322, 327, 330, 333, 338, 339, 341, 347, 348, 349, 355, 357, 362, 363, 366, 368, 369, 374, 388, 392, 394, 398, 408, 411, 412, 413, 415, 417, 418, 422, 423, 430, 431, 438, 441, 450, 455, 459, 465, 469, 471, 478, 482, 484, 485, 491, 494, 496, 498, 501, 504, 505, 511]
Subround 8
not enough
     Count  Value
418      8  1.000
274      7  0.875
482      7  0.875
411      7  0.875
511      7  0.875
246      7  0.875
155      7  0.875
210      7  0.875
368      7  0.875
248      7  0.875
228      7  0.875
47       7  0.875
316      7  0.875
327      6  0.750
234      6  0.750
191      6  0.750
201      6  0.750
348      6  0.750
430      6  0.750
110      6  0.750
     Count  Value
418      8  1.000
274      7  0.875
482      7  0.875
411      7  0.875
511      7  0.875
246      7  0.875
155      7  0.875
210      7  0.875
368      7  0.875
248      7  0.875
Current: [8, 26, 27, 36, 41, 47, 55, 58, 61, 64, 73, 78, 90, 91, 109, 110, 113, 155, 167, 180, 185, 191, 195, 201, 209, 210, 222, 224, 228, 234, 239, 246, 248, 257, 263, 267, 269, 274, 275, 279, 280, 290, 299, 301, 306, 311, 314, 315, 316, 321, 327, 330, 338, 339, 347, 348, 357, 366, 368, 394, 411, 413, 415, 418, 422, 423, 430, 431, 455, 459, 469, 471, 482, 485, 505, 511]
Subround 9
not enough
     Count     Value
418      9  1.000000
246      8  0.888889
248      8  0.888889
47       8  0.888889
411      8  0.888889
511      8  0.888889
155      8  0.888889
368      8  0.888889
210      8  0.888889
274      8  0.888889
228      8  0.888889
482      8  0.888889
26       7  0.777778
430      7  0.777778
180      7  0.777778
78       7  0.777778
327      7  0.777778
195      7  0.777778
485      7  0.777778
91       7  0.777778
     Count     Value
418      9  1.000000
246      8  0.888889
248      8  0.888889
47       8  0.888889
411      8  0.888889
511      8  0.888889
155      8  0.888889
368      8  0.888889
210      8  0.888889
274      8  0.888889
Current: [26, 27, 47, 55, 58, 61, 78, 90, 91, 109, 110, 113, 155, 167, 180, 185, 191, 195, 201, 210, 222, 228, 234, 239, 246, 248, 267, 269, 274, 275, 280, 290, 299, 301, 311, 314, 315, 316, 327, 330, 338, 339, 348, 366, 368, 394, 411, 413, 418, 423, 430, 431, 459, 469, 471, 482, 485, 505, 511]
Subround 10
not enough
     Count  Value
248      9    0.9
411      9    0.9
274      9    0.9
482      9    0.9
155      9    0.9
210      9    0.9
418      9    0.9
228      9    0.9
431      8    0.8
246      8    0.8
90       8    0.8
61       8    0.8
47       8    0.8
167      8    0.8
469      8    0.8
113      8    0.8
366      8    0.8
58       8    0.8
110      8    0.8
471      8    0.8
     Count  Value
248      9    0.9
411      9    0.9
274      9    0.9
482      9    0.9
155      9    0.9
210      9    0.9
418      9    0.9
228      9    0.9
431      8    0.8
246      8    0.8
Current: [47, 55, 58, 61, 78, 90, 91, 110, 113, 155, 167, 180, 195, 201, 210, 222, 228, 234, 239, 246, 248, 267, 274, 275, 314, 315, 330, 339, 366, 368, 394, 411, 413, 418, 431, 469, 471, 482, 485, 511]
Subround 11
not enough
     Count     Value
411     10  0.909091
228     10  0.909091
210     10  0.909091
248     10  0.909091
471      9  0.818182
61       9  0.818182
195      9  0.818182
58       9  0.818182
469      9  0.818182
110      9  0.818182
482      9  0.818182
113      9  0.818182
275      9  0.818182
239      9  0.818182
155      9  0.818182
180      9  0.818182
366      9  0.818182
78       9  0.818182
314      9  0.818182
167      9  0.818182
     Count     Value
411     10  0.909091
228     10  0.909091
210     10  0.909091
248     10  0.909091
471      9  0.818182
61       9  0.818182
195      9  0.818182
58       9  0.818182
469      9  0.818182
110      9  0.818182
Current: [26, 27, 47, 55, 58, 61, 78, 86, 90, 91, 110, 113, 139, 155, 167, 180, 191, 193, 195, 201, 210, 222, 224, 228, 234, 237, 239, 246, 248, 267, 274, 275, 279, 280, 299, 311, 313, 314, 315, 316, 323, 330, 338, 339, 352, 366, 368, 375, 385, 394, 411, 413, 418, 423, 431, 453, 455, 466, 469, 471, 482, 485, 511]
Subround 12
not enough
     Count     Value
228     11  0.916667
248     11  0.916667
411     10  0.833333
246     10  0.833333
275     10  0.833333
110     10  0.833333
155     10  0.833333
469     10  0.833333
78      10  0.833333
61      10  0.833333
239     10  0.833333
210     10  0.833333
201     10  0.833333
418      9  0.750000
91       9  0.750000
280      9  0.750000
423      9  0.750000
366      9  0.750000
385      9  0.750000
55       9  0.750000
     Count     Value
228     11  0.916667
248     11  0.916667
411     10  0.833333
246     10  0.833333
275     10  0.833333
110     10  0.833333
155     10  0.833333
469     10  0.833333
78      10  0.833333
61      10  0.833333
Current: [26, 27, 55, 58, 61, 78, 90, 91, 110, 113, 155, 167, 180, 191, 193, 195, 201, 210, 222, 228, 239, 246, 248, 267, 274, 275, 279, 280, 299, 311, 313, 314, 315, 330, 338, 352, 366, 375, 385, 411, 413, 418, 423, 431, 455, 466, 469, 471, 482, 511]
Subround 13
not enough
     Count     Value
228     12  0.923077
248     12  0.923077
411     11  0.846154
155     11  0.846154
210     11  0.846154
246     11  0.846154
78      11  0.846154
311     10  0.769231
315     10  0.769231
61      10  0.769231
431     10  0.769231
275     10  0.769231
385     10  0.769231
110     10  0.769231
91      10  0.769231
466     10  0.769231
26      10  0.769231
471     10  0.769231
195     10  0.769231
455     10  0.769231
     Count     Value
228     12  0.923077
248     12  0.923077
411     11  0.846154
155     11  0.846154
210     11  0.846154
246     11  0.846154
78      11  0.846154
311     10  0.769231
315     10  0.769231
61      10  0.769231
Current: [26, 58, 61, 78, 90, 91, 110, 113, 155, 167, 193, 195, 201, 210, 228, 239, 246, 248, 274, 275, 311, 315, 352, 385, 411, 418, 431, 455, 466, 469, 471, 482]
Subround 14
not enough
     Count     Value
228     13  0.928571
155     12  0.857143
248     12  0.857143
78      11  0.785714
167     11  0.785714
58      11  0.785714
113     11  0.785714
239     11  0.785714
471     11  0.785714
193     11  0.785714
411     11  0.785714
352     11  0.785714
210     11  0.785714
311     11  0.785714
466     11  0.785714
91      11  0.785714
246     11  0.785714
385     10  0.714286
485     10  0.714286
434     10  0.714286
     Count     Value
228     13  0.928571
155     12  0.857143
248     12  0.857143
78      11  0.785714
167     11  0.785714
58      11  0.785714
113     11  0.785714
239     11  0.785714
471     11  0.785714
193     11  0.785714
Current: [24, 26, 27, 47, 53, 55, 58, 61, 76, 78, 79, 90, 91, 110, 113, 155, 166, 167, 180, 191, 193, 195, 201, 210, 222, 228, 237, 239, 246, 248, 267, 268, 274, 275, 279, 306, 311, 313, 314, 315, 316, 323, 330, 352, 366, 368, 385, 394, 411, 413, 418, 423, 431, 434, 455, 466, 469, 471, 482, 485, 511]
Subround 15
not enough
     Count     Value
228     14  0.933333
155     13  0.866667
248     12  0.800000
91      12  0.800000
311     12  0.800000
58      12  0.800000
471     12  0.800000
239     12  0.800000
167     12  0.800000
466     12  0.800000
113     12  0.800000
193     12  0.800000
511     11  0.733333
267     11  0.733333
268     11  0.733333
180     11  0.733333
191     11  0.733333
434     11  0.733333
55      11  0.733333
314     11  0.733333
     Count     Value
228     14  0.933333
155     13  0.866667
248     12  0.800000
91      12  0.800000
311     12  0.800000
58      12  0.800000
471     12  0.800000
239     12  0.800000
167     12  0.800000
466     12  0.800000
Current: [24, 27, 53, 55, 58, 78, 79, 91, 113, 155, 166, 167, 180, 191, 193, 210, 222, 228, 237, 239, 246, 248, 267, 268, 279, 306, 311, 313, 314, 316, 323, 330, 352, 366, 368, 394, 411, 413, 423, 431, 434, 466, 471, 485, 511]
Subround 16
not enough
     Count   Value
155     14  0.8750
228     14  0.8750
471     13  0.8125
466     13  0.8125
113     13  0.8125
167     13  0.8125
239     13  0.8125
193     13  0.8125
268     12  0.7500
248     12  0.7500
58      12  0.7500
237     12  0.7500
27      12  0.7500
246     12  0.7500
191     12  0.7500
180     12  0.7500
431     12  0.7500
53      12  0.7500
394     12  0.7500
166     12  0.7500
     Count   Value
155     14  0.8750
228     14  0.8750
471     13  0.8125
466     13  0.8125
113     13  0.8125
167     13  0.8125
239     13  0.8125
193     13  0.8125
268     12  0.7500
248     12  0.7500
Current: [27, 53, 58, 91, 113, 155, 166, 167, 180, 191, 193, 228, 237, 239, 246, 248, 268, 311, 313, 330, 352, 366, 368, 394, 411, 431, 466, 471, 485]
Subround 17
not enough
     Count     Value
155     15  0.882353
167     14  0.823529
113     14  0.823529
466     14  0.823529
239     14  0.823529
228     14  0.823529
193     13  0.764706
237     13  0.764706
311     13  0.764706
366     13  0.764706
485     13  0.764706
411     13  0.764706
53      13  0.764706
431     13  0.764706
166     13  0.764706
368     13  0.764706
246     13  0.764706
248     13  0.764706
330     13  0.764706
471     13  0.764706
     Count     Value
155     15  0.882353
167     14  0.823529
113     14  0.823529
466     14  0.823529
239     14  0.823529
228     14  0.823529
193     13  0.764706
237     13  0.764706
311     13  0.764706
366     13  0.764706
Current: [8, 24, 27, 53, 55, 58, 64, 70, 74, 91, 93, 113, 155, 166, 167, 173, 180, 191, 193, 195, 201, 210, 224, 228, 237, 239, 246, 248, 261, 268, 273, 290, 291, 306, 311, 313, 315, 330, 339, 352, 357, 366, 368, 394, 401, 411, 413, 423, 431, 432, 466, 471, 482, 485]
Subround 18
not enough
     Count     Value
155     16  0.888889
228     15  0.833333
113     15  0.833333
237     14  0.777778
330     14  0.777778
248     14  0.777778
191     14  0.777778
167     14  0.777778
366     14  0.777778
466     14  0.777778
239     14  0.777778
311     14  0.777778
53      14  0.777778
246     14  0.777778
394     13  0.722222
401     13  0.722222
306     13  0.722222
173     13  0.722222
471     13  0.722222
193     13  0.722222
     Count     Value
155     16  0.888889
228     15  0.833333
113     15  0.833333
237     14  0.777778
330     14  0.777778
248     14  0.777778
191     14  0.777778
167     14  0.777778
366     14  0.777778
466     14  0.777778
Current: [24, 27, 53, 55, 64, 74, 113, 155, 166, 167, 173, 191, 193, 210, 224, 228, 237, 239, 246, 248, 261, 273, 290, 291, 306, 311, 313, 330, 339, 352, 366, 368, 394, 401, 411, 423, 431, 432, 466, 471, 485]
Subround 19
not enough
     Count     Value
155     16  0.842105
228     15  0.789474
113     15  0.789474
167     15  0.789474
466     15  0.789474
239     15  0.789474
330     14  0.736842
246     14  0.736842
173     14  0.736842
306     14  0.736842
471     14  0.736842
311     14  0.736842
248     14  0.736842
237     14  0.736842
485     14  0.736842
193     14  0.736842
431     14  0.736842
191     14  0.736842
411     14  0.736842
368     14  0.736842
     Count     Value
155     16  0.842105
228     15  0.789474
113     15  0.789474
167     15  0.789474
466     15  0.789474
239     15  0.789474
330     14  0.736842
246     14  0.736842
173     14  0.736842
306     14  0.736842
Current: [53, 113, 155, 166, 167, 173, 191, 193, 228, 237, 239, 246, 248, 306, 311, 330, 366, 368, 411, 431, 432, 466, 471, 485]
Subround 20
     Count  Value
155     16   0.80
228     16   0.80
167     16   0.80
239     16   0.80
466     15   0.75
306     15   0.75
366     15   0.75
311     15   0.75
113     15   0.75
237     15   0.75
53      15   0.75
431     14   0.70
291     14   0.70
166     14   0.70
180     14   0.70
246     14   0.70
273     14   0.70
482     14   0.70
394     14   0.70
193     14   0.70
     Count  Value
155     16   0.80
228     16   0.80
167     16   0.80
239     16   0.80
466     15   0.75
306     15   0.75
366     15   0.75
311     15   0.75
113     15   0.75
237     15   0.75
Current: [53, 113, 155, 167, 228, 237, 239, 306, 311, 366, 466]
Round 2
Subround 1
not enough
     Count     Value
239     17  0.809524
155     17  0.809524
311     16  0.761905
228     16  0.761905
167     16  0.761905
466     16  0.761905
306     16  0.761905
53      15  0.714286
237     15  0.714286
366     15  0.714286
113     15  0.714286
339     14  0.666667
8       14  0.666667
55      14  0.666667
193     14  0.666667
191     14  0.666667
246     14  0.666667
93      14  0.666667
313     14  0.666667
432     14  0.666667
     Count  Value
311      1    1.0
155      1    1.0
465      1    1.0
239      1    1.0
466      1    1.0
306      1    1.0
Current: [155, 239]
Subround 2
not enough
     Count     Value
155     18  0.818182
311     17  0.772727
239     17  0.772727
228     17  0.772727
466     17  0.772727
306     17  0.772727
167     16  0.727273
53      15  0.681818
237     15  0.681818
366     15  0.681818
113     15  0.681818
339     14  0.636364
8       14  0.636364
55      14  0.636364
193     14  0.636364
191     14  0.636364
246     14  0.636364
93      14  0.636364
465     14  0.636364
432     14  0.636364
     Count  Value
311      2    1.0
155      2    1.0
465      2    1.0
466      2    1.0
306      2    1.0
239      1    0.5
228      1    0.5
Current: [155]
Subround 3
not enough
     Count     Value
239     18  0.782609
155     18  0.782609
311     17  0.739130
228     17  0.739130
167     17  0.739130
466     17  0.739130
306     17  0.739130
53      16  0.695652
237     16  0.695652
366     16  0.695652
113     16  0.695652
339     14  0.608696
8       14  0.608696
55      14  0.608696
193     14  0.608696
191     14  0.608696
246     14  0.608696
93      14  0.608696
465     14  0.608696
432     14  0.608696
     Count     Value
311      2  0.666667
155      2  0.666667
465      2  0.666667
239      2  0.666667
466      2  0.666667
306      2  0.666667
228      1  0.333333
113      1  0.333333
53       1  0.333333
237      1  0.333333
no winner, not enough
Current: []
Subround 4
not enough
     Count     Value
239     19  0.791667
155     19  0.791667
306     18  0.750000
466     18  0.750000
113     17  0.708333
228     17  0.708333
167     17  0.708333
237     17  0.708333
311     17  0.708333
53      16  0.666667
366     16  0.666667
339     14  0.583333
8       14  0.583333
55      14  0.583333
191     14  0.583333
246     14  0.583333
193     14  0.583333
93      14  0.583333
465     14  0.583333
432     14  0.583333
     Count  Value
155      3   0.75
239      3   0.75
466      3   0.75
306      3   0.75
311      2   0.50
465      2   0.50
113      2   0.50
237      2   0.50
228      1   0.25
53       1   0.25
no winner, not enough
Current: []
Subround 5
not enough
     Count  Value
306     19   0.76
239     19   0.76
155     19   0.76
113     18   0.72
167     18   0.72
466     18   0.72
237     18   0.72
228     17   0.68
311     17   0.68
366     17   0.68
53      16   0.64
465     15   0.60
411     14   0.56
246     14   0.56
224     14   0.56
193     14   0.56
55      14   0.56
8       14   0.56
339     14   0.56
191     14   0.56
     Count  Value
306      4    0.8
155      3    0.6
465      3    0.6
239      3    0.6
466      3    0.6
113      3    0.6
237      3    0.6
311      2    0.4
167      2    0.4
366      2    0.4
no winner, not enough
Current: []
Subround 6
not enough
     Count     Value
239     20  0.769231
306     19  0.730769
466     19  0.730769
155     19  0.730769
237     19  0.730769
113     18  0.692308
167     18  0.692308
311     18  0.692308
53      17  0.653846
228     17  0.653846
366     17  0.653846
465     16  0.615385
411     14  0.538462
246     14  0.538462
224     14  0.538462
193     14  0.538462
55      14  0.538462
8       14  0.538462
339     14  0.538462
191     14  0.538462
     Count     Value
465      4  0.666667
239      4  0.666667
466      4  0.666667
306      4  0.666667
237      4  0.666667
311      3  0.500000
155      3  0.500000
113      3  0.500000
53       2  0.333333
167      2  0.333333
no winner, not enough
Current: []
Subround 7
not enough
     Count     Value
239     21  0.777778
155     20  0.740741
306     19  0.703704
167     19  0.703704
466     19  0.703704
311     19  0.703704
237     19  0.703704
113     18  0.666667
228     18  0.666667
366     18  0.666667
53      17  0.629630
465     16  0.592593
411     14  0.518519
246     14  0.518519
224     14  0.518519
193     14  0.518519
55      14  0.518519
8       14  0.518519
339     14  0.518519
191     14  0.518519
     Count     Value
239      5  0.714286
311      4  0.571429
155      4  0.571429
465      4  0.571429
466      4  0.571429
306      4  0.571429
237      4  0.571429
113      3  0.428571
167      3  0.428571
366      3  0.428571
no winner, not enough
Current: []
Subround 8
not enough
     Count     Value
239     22  0.785714
167     20  0.714286
466     20  0.714286
311     20  0.714286
155     20  0.714286
306     19  0.678571
366     19  0.678571
237     19  0.678571
113     18  0.642857
228     18  0.642857
465     17  0.607143
53      17  0.607143
411     14  0.500000
246     14  0.500000
224     14  0.500000
193     14  0.500000
55      14  0.500000
8       14  0.500000
339     14  0.500000
191     14  0.500000
     Count  Value
239      6  0.750
311      5  0.625
465      5  0.625
466      5  0.625
155      4  0.500
306      4  0.500
237      4  0.500
167      4  0.500
366      4  0.500
113      3  0.375
no winner, not enough
Current: []
Subround 9
not enough
     Count     Value
239     22  0.758621
167     21  0.724138
155     21  0.724138
306     20  0.689655
466     20  0.689655
311     20  0.689655
237     20  0.689655
113     19  0.655172
228     19  0.655172
366     19  0.655172
465     17  0.586207
53      17  0.586207
411     14  0.482759
246     14  0.482759
224     14  0.482759
193     14  0.482759
55      14  0.482759
8       14  0.482759
339     14  0.482759
191     14  0.482759
     Count     Value
239      6  0.666667
311      5  0.555556
155      5  0.555556
465      5  0.555556
466      5  0.555556
306      5  0.555556
237      5  0.555556
167      5  0.555556
113      4  0.444444
366      4  0.444444
no winner, not enough
Current: []
Subround 10
     Count     Value
239     23  0.766667
306     21  0.700000
167     21  0.700000
155     21  0.700000
237     21  0.700000
466     20  0.666667
311     20  0.666667
366     20  0.666667
113     19  0.633333
228     19  0.633333
465     18  0.600000
53      18  0.600000
411     14  0.466667
246     14  0.466667
224     14  0.466667
193     14  0.466667
55      14  0.466667
8       14  0.466667
339     14  0.466667
191     14  0.466667
     Count  Value
239      7    0.7
465      6    0.6
306      6    0.6
237      6    0.6
311      5    0.5
155      5    0.5
466      5    0.5
167      5    0.5
366      5    0.5
113      4    0.4
no winner, not enough
Current: []
Subround 11
     Count     Value
239     23  0.741935
167     22  0.709677
155     22  0.709677
306     21  0.677419
466     21  0.677419
311     21  0.677419
237     21  0.677419
113     20  0.645161
228     20  0.645161
366     20  0.645161
465     18  0.580645
53      18  0.580645
411     14  0.451613
246     14  0.451613
224     14  0.451613
193     14  0.451613
55      14  0.451613
8       14  0.451613
339     14  0.451613
191     14  0.451613
     Count     Value
239      7  0.636364
311      6  0.545455
155      6  0.545455
465      6  0.545455
466      6  0.545455
306      6  0.545455
237      6  0.545455
167      6  0.545455
113      5  0.454545
366      5  0.454545
no winner, not enough
Current: []
Subround 12
     Count    Value
167     23  0.71875
239     23  0.71875
155     23  0.71875
306     22  0.68750
311     22  0.68750
228     21  0.65625
466     21  0.65625
237     21  0.65625
113     20  0.62500
366     20  0.62500
53      19  0.59375
465     18  0.56250
411     14  0.43750
246     14  0.43750
224     14  0.43750
193     14  0.43750
55      14  0.43750
8       14  0.43750
339     14  0.43750
191     14  0.43750
     Count     Value
311      7  0.583333
155      7  0.583333
239      7  0.583333
306      7  0.583333
167      7  0.583333
465      6  0.500000
466      6  0.500000
237      6  0.500000
228      5  0.416667
113      5  0.416667
no winner, not enough
Current: []
Subround 13
     Count     Value
306     23  0.696970
167     23  0.696970
239     23  0.696970
155     23  0.696970
466     22  0.666667
311     22  0.666667
237     22  0.666667
113     21  0.636364
228     21  0.636364
366     21  0.636364
465     19  0.575758
53      19  0.575758
411     14  0.424242
246     14  0.424242
224     14  0.424242
193     14  0.424242
55      14  0.424242
8       14  0.424242
339     14  0.424242
191     14  0.424242
     Count     Value
306      8  0.615385
311      7  0.538462
155      7  0.538462
465      7  0.538462
239      7  0.538462
466      7  0.538462
237      7  0.538462
167      7  0.538462
113      6  0.461538
366      6  0.461538
no winner, not enough
Current: []
Subround 14
     Count     Value
167     24  0.705882
239     24  0.705882
155     24  0.705882
306     23  0.676471
311     23  0.676471
228     22  0.647059
466     22  0.647059
237     22  0.647059
113     21  0.617647
366     21  0.617647
53      20  0.588235
465     19  0.558824
411     14  0.411765
246     14  0.411765
224     14  0.411765
193     14  0.411765
55      14  0.411765
8       14  0.411765
339     14  0.411765
191     14  0.411765
     Count     Value
311      8  0.571429
155      8  0.571429
239      8  0.571429
306      8  0.571429
167      8  0.571429
465      7  0.500000
466      7  0.500000
237      7  0.500000
228      6  0.428571
113      6  0.428571
no winner, not enough
Current: []
Subround 15
     Count     Value
167     25  0.714286
239     25  0.714286
311     24  0.685714
155     24  0.685714
306     23  0.657143
228     23  0.657143
237     23  0.657143
466     22  0.628571
53      21  0.600000
113     21  0.600000
366     21  0.600000
465     19  0.542857
411     14  0.400000
246     14  0.400000
224     14  0.400000
193     14  0.400000
55      14  0.400000
8       14  0.400000
339     14  0.400000
191     14  0.400000
     Count     Value
311      9  0.600000
239      9  0.600000
167      9  0.600000
155      8  0.533333
306      8  0.533333
237      8  0.533333
465      7  0.466667
466      7  0.466667
228      7  0.466667
113      6  0.400000
no winner, not enough
Current: []
Subround 16
     Count     Value
239     26  0.722222
167     25  0.694444
155     25  0.694444
228     24  0.666667
311     24  0.666667
306     23  0.638889
237     23  0.638889
53      22  0.611111
466     22  0.611111
366     22  0.611111
113     21  0.583333
465     20  0.555556
411     14  0.388889
246     14  0.388889
224     14  0.388889
193     14  0.388889
55      14  0.388889
8       14  0.388889
339     14  0.388889
191     14  0.388889
     Count   Value
239     10  0.6250
311      9  0.5625
155      9  0.5625
167      9  0.5625
465      8  0.5000
306      8  0.5000
228      8  0.5000
237      8  0.5000
466      7  0.4375
53       7  0.4375
no winner, not enough
Current: []
Subround 17
     Count     Value
167     26  0.702703
239     26  0.702703
228     25  0.675676
311     25  0.675676
155     25  0.675676
237     24  0.648649
306     23  0.621622
466     23  0.621622
53      22  0.594595
113     22  0.594595
366     22  0.594595
465     20  0.540541
411     14  0.378378
246     14  0.378378
224     14  0.378378
193     14  0.378378
55      14  0.378378
8       14  0.378378
339     14  0.378378
191     14  0.378378
     Count     Value
311     10  0.588235
239     10  0.588235
167     10  0.588235
155      9  0.529412
228      9  0.529412
237      9  0.529412
465      8  0.470588
466      8  0.470588
306      8  0.470588
113      7  0.411765
no winner, not enough
Current: []
Subround 18
     Count     Value
239     27  0.710526
228     26  0.684211
167     26  0.684211
311     26  0.684211
155     25  0.657895
466     24  0.631579
237     24  0.631579
306     23  0.605263
366     23  0.605263
53      22  0.578947
113     22  0.578947
465     21  0.552632
411     14  0.368421
246     14  0.368421
224     14  0.368421
193     14  0.368421
55      14  0.368421
8       14  0.368421
339     14  0.368421
191     14  0.368421
     Count     Value
311     11  0.611111
239     11  0.611111
228     10  0.555556
167     10  0.555556
155      9  0.500000
465      9  0.500000
466      9  0.500000
237      9  0.500000
306      8  0.444444
366      8  0.444444
no winner, not enough
Current: []
Subround 19
     Count     Value
167     27  0.692308
239     27  0.692308
228     26  0.666667
311     26  0.666667
155     26  0.666667
237     25  0.641026
306     24  0.615385
466     24  0.615385
53      23  0.589744
113     23  0.589744
366     23  0.589744
465     21  0.538462
411     14  0.358974
246     14  0.358974
224     14  0.358974
193     14  0.358974
55      14  0.358974
8       14  0.358974
339     14  0.358974
191     14  0.358974
     Count     Value
311     11  0.578947
239     11  0.578947
167     11  0.578947
155     10  0.526316
228     10  0.526316
237     10  0.526316
465      9  0.473684
466      9  0.473684
306      9  0.473684
113      8  0.421053
no winner, not enough
Current: []
Subround 20
     Count  Value
167     28  0.700
239     27  0.675
311     27  0.675
155     27  0.675
228     26  0.650
306     25  0.625
237     25  0.625
53      24  0.600
113     24  0.600
466     24  0.600
366     23  0.575
465     21  0.525
411     14  0.350
246     14  0.350
224     14  0.350
193     14  0.350
55      14  0.350
8       14  0.350
339     14  0.350
191     14  0.350
     Count  Value
311     12   0.60
167     12   0.60
155     11   0.55
239     11   0.55
306     10   0.50
228     10   0.50
237     10   0.50
465      9   0.45
466      9   0.45
113      9   0.45
no winner, not enough
Current: []
Subround 21
     Count     Value
167     28  0.682927
239     28  0.682927
228     27  0.658537
311     27  0.658537
155     27  0.658537
237     26  0.634146
306     25  0.609756
466     25  0.609756
53      24  0.585366
113     24  0.585366
366     24  0.585366
465     22  0.536585
411     14  0.341463
246     14  0.341463
224     14  0.341463
193     14  0.341463
55      14  0.341463
8       14  0.341463
339     14  0.341463
191     14  0.341463
     Count     Value
311     12  0.571429
239     12  0.571429
167     12  0.571429
155     11  0.523810
228     11  0.523810
237     11  0.523810
465     10  0.476190
466     10  0.476190
306     10  0.476190
113      9  0.428571
no winner, not enough
Current: []
Subround 22
     Count     Value
167     29  0.690476
228     28  0.666667
239     28  0.666667
155     28  0.666667
311     27  0.642857
466     26  0.619048
237     26  0.619048
53      25  0.595238
306     25  0.595238
113     24  0.571429
366     24  0.571429
465     23  0.547619
411     14  0.333333
246     14  0.333333
224     14  0.333333
193     14  0.333333
55      14  0.333333
8       14  0.333333
339     14  0.333333
191     14  0.333333
     Count     Value
167     13  0.590909
311     12  0.545455
155     12  0.545455
239     12  0.545455
228     12  0.545455
465     11  0.500000
466     11  0.500000
237     11  0.500000
306     10  0.454545
53      10  0.454545
no winner, not enough
Current: []
Subround 23
     Count     Value
167     29  0.674419
239     29  0.674419
228     28  0.651163
311     28  0.651163
155     28  0.651163
237     27  0.627907
306     26  0.604651
466     26  0.604651
53      25  0.581395
113     25  0.581395
366     25  0.581395
465     23  0.534884
411     14  0.325581
246     14  0.325581
224     14  0.325581
193     14  0.325581
55      14  0.325581
8       14  0.325581
339     14  0.325581
191     14  0.325581
     Count     Value
311     13  0.565217
239     13  0.565217
167     13  0.565217
155     12  0.521739
228     12  0.521739
237     12  0.521739
465     11  0.478261
466     11  0.478261
306     11  0.478261
113     10  0.434783
no winner, not enough
Current: []
Subround 24
     Count     Value
228     29  0.659091
167     29  0.659091
239     29  0.659091
311     28  0.636364
155     28  0.636364
237     28  0.636364
53      26  0.590909
306     26  0.590909
113     26  0.590909
466     26  0.590909
366     26  0.590909
465     24  0.545455
411     14  0.318182
246     14  0.318182
224     14  0.318182
193     14  0.318182
55      14  0.318182
8       14  0.318182
339     14  0.318182
191     14  0.318182
     Count     Value
311     13  0.541667
239     13  0.541667
228     13  0.541667
237     13  0.541667
167     13  0.541667
155     12  0.500000
465     12  0.500000
466     11  0.458333
306     11  0.458333
113     11  0.458333
no winner, not enough
Current: []
Subround 25
     Count     Value
228     30  0.666667
239     30  0.666667
167     29  0.644444
155     29  0.644444
311     28  0.622222
237     28  0.622222
306     27  0.600000
113     27  0.600000
466     27  0.600000
53      26  0.577778
366     26  0.577778
465     24  0.533333
411     14  0.311111
246     14  0.311111
224     14  0.311111
193     14  0.311111
55      14  0.311111
8       14  0.311111
339     14  0.311111
191     14  0.311111
     Count  Value
239     14   0.56
228     14   0.56
311     13   0.52
155     13   0.52
237     13   0.52
167     13   0.52
465     12   0.48
466     12   0.48
306     12   0.48
113     12   0.48
no winner, not enough
Current: []
Subround 26
     Count     Value
228     31  0.673913
239     30  0.652174
155     30  0.652174
167     29  0.630435
306     28  0.608696
113     28  0.608696
311     28  0.608696
237     28  0.608696
53      27  0.586957
466     27  0.586957
366     27  0.586957
465     24  0.521739
411     14  0.304348
246     14  0.304348
224     14  0.304348
193     14  0.304348
55      14  0.304348
8       14  0.304348
339     14  0.304348
191     14  0.304348
     Count     Value
228     15  0.576923
155     14  0.538462
239     14  0.538462
311     13  0.500000
306     13  0.500000
113     13  0.500000
237     13  0.500000
167     13  0.500000
465     12  0.461538
466     12  0.461538
no winner, not enough
Current: []
Subround 27
     Count     Value
228     31  0.659574
239     31  0.659574
155     31  0.659574
167     29  0.617021
311     29  0.617021
237     29  0.617021
306     28  0.595745
113     28  0.595745
466     28  0.595745
53      27  0.574468
366     27  0.574468
465     25  0.531915
411     14  0.297872
246     14  0.297872
224     14  0.297872
193     14  0.297872
55      14  0.297872
8       14  0.297872
339     14  0.297872
191     14  0.297872
     Count     Value
155     15  0.555556
239     15  0.555556
228     15  0.555556
311     14  0.518519
237     14  0.518519
465     13  0.481481
466     13  0.481481
306     13  0.481481
113     13  0.481481
167     13  0.481481
no winner, not enough
Current: []
Subround 28
     Count     Value
239     32  0.666667
155     32  0.666667
228     31  0.645833
167     30  0.625000
311     30  0.625000
466     29  0.604167
237     29  0.604167
306     28  0.583333
113     28  0.583333
366     28  0.583333
53      27  0.562500
465     25  0.520833
411     14  0.291667
246     14  0.291667
224     14  0.291667
193     14  0.291667
55      14  0.291667
8       14  0.291667
339     14  0.291667
191     14  0.291667
     Count     Value
155     16  0.571429
239     16  0.571429
311     15  0.535714
228     15  0.535714
466     14  0.500000
237     14  0.500000
167     14  0.500000
465     13  0.464286
306     13  0.464286
113     13  0.464286
no winner, not enough
Current: []
Subround 29
     Count     Value
228     32  0.653061
239     32  0.653061
155     32  0.653061
167     30  0.612245
311     30  0.612245
237     30  0.612245
113     29  0.591837
466     29  0.591837
366     29  0.591837
53      28  0.571429
306     28  0.571429
465     26  0.530612
411     14  0.285714
246     14  0.285714
224     14  0.285714
193     14  0.285714
55      14  0.285714
8       14  0.285714
339     14  0.285714
191     14  0.285714
     Count     Value
155     16  0.551724
239     16  0.551724
228     16  0.551724
311     15  0.517241
237     15  0.517241
465     14  0.482759
466     14  0.482759
113     14  0.482759
167     14  0.482759
366     14  0.482759
no winner, not enough
Current: []
Subround 30
     Count  Value
239     33   0.66
155     33   0.66
228     32   0.64
311     31   0.62
113     30   0.60
167     30   0.60
237     30   0.60
53      29   0.58
306     29   0.58
466     29   0.58
366     29   0.58
465     26   0.52
411     14   0.28
246     14   0.28
224     14   0.28
193     14   0.28
55      14   0.28
8       14   0.28
339     14   0.28
191     14   0.28
     Count     Value
155     17  0.566667
239     17  0.566667
311     16  0.533333
228     16  0.533333
113     15  0.500000
237     15  0.500000
465     14  0.466667
466     14  0.466667
306     14  0.466667
53      14  0.466667
Rest half winner
Current: [0, 2, 8, 9, 11, 13, 14, 16, 19, 23, 24, 25, 26, 27, 33, 34, 35, 36, 38, 39, 40, 41, 42, 44, 45, 46, 47, 51, 53, 55, 56, 57, 58, 61, 64, 65, 68, 69, 70, 72, 74, 76, 77, 78, 79, 81, 82, 86, 90, 91, 93, 101, 106, 110, 112, 113, 114, 120, 121, 122, 123, 124, 126, 132, 134, 135, 136, 137, 138, 139, 140, 143, 144, 151, 155, 156, 160, 161, 162, 165, 166, 167, 173, 176, 179, 180, 182, 183, 184, 185, 188, 189, 191, 193, 195, 197, 201, 204, 205, 209, 210, 214, 215, 217, 222, 224, 225, 228, 229, 230, 234, 237, 239, 240, 246, 247, 248, 251, 253, 254, 257, 259, 260, 261, 262, 263, 264, 267, 268, 269, 273, 274, 275, 279, 280, 281, 283, 284, 285, 286, 287, 290, 291, 293, 294, 295, 296, 297, 299, 301, 302, 304, 305, 306, 308, 309, 311, 312, 313, 314, 315, 316, 317, 319, 321, 323, 326, 327, 328, 329, 330, 338, 339, 340, 341, 342, 343, 344, 347, 348, 349, 350, 352, 357, 359, 362, 366, 368, 369, 371, 374, 375, 376, 380, 382, 385, 387, 389, 391, 392, 394, 398, 401, 402, 404, 405, 408, 411, 412, 413, 415, 416, 417, 418, 419, 421, 423, 428, 429, 430, 431, 432, 433, 434, 436, 439, 440, 442, 443, 448, 449, 451, 453, 455, 458, 459, 462, 465, 466, 469, 470, 471, 478, 482, 484, 485, 486, 493, 494, 495, 504, 505, 506, 507, 508, 511]
Round 3
Subround 1
not enough
     Count  Value
448      1    1.0
293      1    1.0
315      1    1.0
225      1    1.0
402      1    1.0
342      1    1.0
11       1    1.0
459      1    1.0
234      1    1.0
9        1    1.0
285      1    1.0
389      1    1.0
39       1    1.0
263      1    1.0
90       1    1.0
302      1    1.0
247      1    1.0
275      1    1.0
284      1    1.0
86       1    1.0
     Count  Value
448      1    1.0
293      1    1.0
315      1    1.0
225      1    1.0
402      1    1.0
342      1    1.0
11       1    1.0
459      1    1.0
234      1    1.0
9        1    1.0
Current: [0, 8, 9, 11, 24, 39, 41, 42, 44, 47, 51, 56, 58, 61, 64, 65, 70, 72, 77, 81, 82, 86, 90, 91, 101, 106, 110, 113, 114, 124, 132, 134, 136, 151, 155, 156, 160, 162, 165, 166, 167, 176, 182, 183, 184, 201, 204, 209, 214, 222, 225, 229, 234, 237, 247, 251, 253, 261, 263, 273, 275, 279, 284, 285, 290, 291, 293, 294, 297, 301, 302, 305, 306, 308, 309, 313, 315, 316, 323, 326, 328, 340, 341, 342, 347, 349, 350, 352, 357, 359, 362, 366, 369, 375, 380, 382, 387, 389, 401, 402, 411, 412, 413, 415, 416, 417, 418, 429, 430, 431, 432, 436, 439, 440, 448, 451, 455, 458, 459, 465, 466, 478, 485, 494, 504, 505, 507, 511]
Subround 2
not enough
     Count  Value
251      2    1.0
151      2    1.0
402      2    1.0
11       2    1.0
459      2    1.0
234      2    1.0
39       2    1.0
247      2    1.0
275      2    1.0
284      2    1.0
51       2    1.0
494      2    1.0
415      2    1.0
429      2    1.0
160      2    1.0
167      2    1.0
253      2    1.0
237      2    1.0
42       2    1.0
65       2    1.0
     Count  Value
251      2    1.0
151      2    1.0
402      2    1.0
11       2    1.0
459      2    1.0
234      2    1.0
39       2    1.0
247      2    1.0
275      2    1.0
284      2    1.0
Current: [8, 11, 39, 41, 42, 44, 47, 51, 64, 65, 82, 91, 110, 114, 124, 132, 134, 151, 155, 160, 165, 167, 176, 209, 225, 229, 234, 237, 247, 251, 253, 261, 273, 275, 279, 284, 301, 305, 306, 308, 315, 341, 347, 349, 350, 375, 382, 387, 401, 402, 412, 415, 416, 417, 418, 429, 432, 436, 439, 459, 465, 478, 494, 504, 507]
Subround 3
not enough
     Count  Value
429      3    1.0
436      3    1.0
155      3    1.0
507      3    1.0
44       3    1.0
110      3    1.0
124      3    1.0
347      3    1.0
8        3    1.0
416      3    1.0
237      3    1.0
504      3    1.0
167      3    1.0
176      3    1.0
41       3    1.0
415      3    1.0
279      3    1.0
349      3    1.0
247      3    1.0
401      3    1.0
     Count  Value
429      3    1.0
436      3    1.0
155      3    1.0
507      3    1.0
44       3    1.0
110      3    1.0
124      3    1.0
347      3    1.0
8        3    1.0
416      3    1.0
Current: [8, 41, 44, 110, 124, 155, 167, 176, 225, 237, 247, 279, 347, 349, 401, 415, 416, 429, 436, 504, 507]
Subround 4
not enough
     Count  Value
155      4   1.00
507      4   1.00
349      4   1.00
237      4   1.00
124      4   1.00
225      4   1.00
415      4   1.00
401      4   1.00
8        4   1.00
416      3   0.75
285      3   0.75
209      3   0.75
313      3   0.75
429      3   0.75
222      3   0.75
309      3   0.75
42       3   0.75
290      3   0.75
504      3   0.75
176      3   0.75
     Count  Value
155      4   1.00
507      4   1.00
349      4   1.00
237      4   1.00
124      4   1.00
225      4   1.00
415      4   1.00
401      4   1.00
8        4   1.00
416      3   0.75
Current: [8, 124, 155, 225, 237, 349, 401, 415, 507]
Subround 5
not enough
     Count  Value
415      5    1.0
349      5    1.0
401      5    1.0
237      5    1.0
507      5    1.0
478      4    0.8
412      4    0.8
42       4    0.8
294      4    0.8
222      4    0.8
431      4    0.8
429      4    0.8
285      4    0.8
209      4    0.8
279      4    0.8
155      4    0.8
25       4    0.8
165      4    0.8
124      4    0.8
229      4    0.8
     Count  Value
415      5    1.0
349      5    1.0
401      5    1.0
237      5    1.0
507      5    1.0
478      4    0.8
412      4    0.8
42       4    0.8
294      4    0.8
222      4    0.8
Current: [237, 349, 401, 415, 507]
Subround 6
not enough
     Count     Value
349      6  1.000000
415      6  1.000000
401      6  1.000000
339      5  0.833333
251      5  0.833333
330      5  0.833333
222      5  0.833333
347      5  0.833333
504      5  0.833333
505      5  0.833333
166      5  0.833333
315      5  0.833333
124      5  0.833333
313      5  0.833333
382      5  0.833333
204      5  0.833333
294      5  0.833333
507      5  0.833333
494      5  0.833333
42       5  0.833333
     Count     Value
349      6  1.000000
415      6  1.000000
401      6  1.000000
339      5  0.833333
251      5  0.833333
330      5  0.833333
222      5  0.833333
347      5  0.833333
504      5  0.833333
505      5  0.833333
Current: [42, 124, 166, 204, 209, 222, 225, 237, 251, 294, 313, 315, 321, 330, 339, 340, 347, 349, 382, 401, 402, 415, 429, 430, 494, 504, 505, 507]
Subround 7
not enough
     Count     Value
415      7  1.000000
209      6  0.857143
42       6  0.857143
330      6  0.857143
347      6  0.857143
124      6  0.857143
237      6  0.857143
505      6  0.857143
166      6  0.857143
294      6  0.857143
225      6  0.857143
315      6  0.857143
349      6  0.857143
401      6  0.857143
339      6  0.857143
222      5  0.714286
314      5  0.714286
184      5  0.714286
507      5  0.714286
224      5  0.714286
     Count     Value
415      7  1.000000
209      6  0.857143
42       6  0.857143
330      6  0.857143
347      6  0.857143
124      6  0.857143
237      6  0.857143
505      6  0.857143
166      6  0.857143
294      6  0.857143
Current: [42, 124, 166, 209, 225, 237, 294, 315, 330, 339, 347, 349, 401, 415, 505]
Subround 8
not enough
     Count  Value
415      8  1.000
330      7  0.875
315      7  0.875
225      7  0.875
349      7  0.875
339      7  0.875
209      7  0.875
294      7  0.875
511      6  0.750
314      6  0.750
106      6  0.750
224      6  0.750
416      6  0.750
319      6  0.750
299      6  0.750
505      6  0.750
124      6  0.750
166      6  0.750
156      6  0.750
184      6  0.750
     Count  Value
415      8  1.000
330      7  0.875
315      7  0.875
225      7  0.875
349      7  0.875
339      7  0.875
209      7  0.875
294      7  0.875
511      6  0.750
314      6  0.750
Current: [209, 225, 294, 315, 330, 339, 349, 415]
Subround 9
not enough
     Count     Value
415      9  1.000000
339      8  0.888889
294      8  0.888889
349      8  0.888889
225      8  0.888889
106      7  0.777778
330      7  0.777778
314      7  0.777778
347      7  0.777778
124      7  0.777778
42       7  0.777778
382      7  0.777778
184      7  0.777778
416      7  0.777778
315      7  0.777778
209      7  0.777778
156      7  0.777778
429      6  0.666667
267      6  0.666667
321      6  0.666667
     Count     Value
415      9  1.000000
339      8  0.888889
294      8  0.888889
349      8  0.888889
225      8  0.888889
106      7  0.777778
330      7  0.777778
314      7  0.777778
347      7  0.777778
124      7  0.777778
Current: [225, 294, 339, 349, 415]
Subround 10
     Count  Value
415     10    1.0
349      9    0.9
294      9    0.9
339      9    0.9
184      8    0.8
347      8    0.8
209      8    0.8
416      8    0.8
225      8    0.8
315      8    0.8
267      7    0.7
82       7    0.7
432      7    0.7
505      7    0.7
166      7    0.7
42       7    0.7
511      7    0.7
110      7    0.7
106      7    0.7
402      7    0.7
     Count  Value
415     10    1.0
349      9    0.9
294      9    0.9
339      9    0.9
184      8    0.8
347      8    0.8
209      8    0.8
416      8    0.8
225      8    0.8
315      8    0.8
Current: [294, 339, 349, 415]
Round 4
Subround 1
not enough
     Count     Value
415     11  1.000000
339     10  0.909091
349      9  0.818182
294      9  0.818182
184      8  0.727273
347      8  0.727273
209      8  0.727273
416      8  0.727273
225      8  0.727273
315      8  0.727273
267      7  0.636364
82       7  0.636364
432      7  0.636364
505      7  0.636364
166      7  0.636364
42       7  0.636364
511      7  0.636364
110      7  0.636364
106      7  0.636364
402      7  0.636364
     Count  Value
415      1    1.0
339      1    1.0
Current: [294, 339, 349, 415]
Subround 2
not enough
     Count     Value
415     11  0.916667
349     10  0.833333
294     10  0.833333
339     10  0.833333
184      8  0.666667
347      8  0.666667
209      8  0.666667
416      8  0.666667
225      8  0.666667
315      8  0.666667
267      7  0.583333
82       7  0.583333
432      7  0.583333
505      7  0.583333
166      7  0.583333
42       7  0.583333
511      7  0.583333
110      7  0.583333
106      7  0.583333
402      7  0.583333
     Count  Value
415      1    0.5
339      1    0.5
294      1    0.5
349      1    0.5
Current: [294, 339, 349, 415]
Subround 3
not enough
     Count     Value
349     11  0.846154
415     11  0.846154
339     11  0.846154
294     10  0.769231
184      8  0.615385
347      8  0.615385
209      8  0.615385
416      8  0.615385
225      8  0.615385
315      8  0.615385
267      7  0.538462
82       7  0.538462
432      7  0.538462
505      7  0.538462
166      7  0.538462
42       7  0.538462
511      7  0.538462
110      7  0.538462
106      7  0.538462
402      7  0.538462
     Count     Value
339      2  0.666667
349      2  0.666667
415      1  0.333333
294      1  0.333333
Current: [339, 349, 415]
Subround 4
not enough
     Count     Value
339     12  0.857143
349     11  0.785714
415     11  0.785714
294     11  0.785714
184      8  0.571429
347      8  0.571429
209      8  0.571429
416      8  0.571429
225      8  0.571429
315      8  0.571429
267      7  0.500000
82       7  0.500000
432      7  0.500000
505      7  0.500000
166      7  0.500000
42       7  0.500000
511      7  0.500000
110      7  0.500000
106      7  0.500000
402      7  0.500000
     Count  Value
339      3   0.75
294      2   0.50
349      2   0.50
415      1   0.25
Current: [339]
Subround 5
not enough
     Count     Value
339     13  0.866667
415     12  0.800000
349     11  0.733333
294     11  0.733333
184      8  0.533333
347      8  0.533333
209      8  0.533333
416      8  0.533333
225      8  0.533333
315      8  0.533333
267      7  0.466667
82       7  0.466667
432      7  0.466667
505      7  0.466667
166      7  0.466667
42       7  0.466667
511      7  0.466667
110      7  0.466667
106      7  0.466667
402      7  0.466667
     Count  Value
339      4    0.8
415      2    0.4
294      2    0.4
349      2    0.4
Current: [339]
Subround 6
not enough
     Count   Value
339     14  0.8750
415     12  0.7500
294     12  0.7500
349     11  0.6875
184      8  0.5000
347      8  0.5000
209      8  0.5000
416      8  0.5000
225      8  0.5000
315      8  0.5000
267      7  0.4375
82       7  0.4375
432      7  0.4375
505      7  0.4375
166      7  0.4375
42       7  0.4375
511      7  0.4375
110      7  0.4375
106      7  0.4375
402      7  0.4375
     Count     Value
339      5  0.833333
294      3  0.500000
415      2  0.333333
349      2  0.333333
Current: [339]
Subround 7
not enough
     Count     Value
339     15  0.882353
349     12  0.705882
415     12  0.705882
294     12  0.705882
184      8  0.470588
347      8  0.470588
209      8  0.470588
416      8  0.470588
225      8  0.470588
315      8  0.470588
267      7  0.411765
82       7  0.411765
432      7  0.411765
505      7  0.411765
166      7  0.411765
42       7  0.411765
511      7  0.411765
110      7  0.411765
106      7  0.411765
402      7  0.411765
     Count     Value
339      6  0.857143
294      3  0.428571
349      3  0.428571
415      2  0.285714
Current: [339]
Subround 8
not enough
     Count     Value
339     15  0.833333
349     13  0.722222
294     13  0.722222
415     12  0.666667
184      8  0.444444
347      8  0.444444
209      8  0.444444
416      8  0.444444
225      8  0.444444
315      8  0.444444
267      7  0.388889
82       7  0.388889
432      7  0.388889
505      7  0.388889
166      7  0.388889
42       7  0.388889
511      7  0.388889
110      7  0.388889
106      7  0.388889
402      7  0.388889
     Count  Value
339      6   0.75
294      4   0.50
349      4   0.50
415      2   0.25
Current: [339]
Subround 9
not enough
     Count     Value
339     16  0.842105
294     14  0.736842
349     13  0.684211
415     12  0.631579
184      8  0.421053
347      8  0.421053
209      8  0.421053
416      8  0.421053
225      8  0.421053
315      8  0.421053
267      7  0.368421
82       7  0.368421
432      7  0.368421
505      7  0.368421
166      7  0.368421
42       7  0.368421
511      7  0.368421
110      7  0.368421
106      7  0.368421
402      7  0.368421
     Count     Value
339      7  0.777778
294      5  0.555556
349      4  0.444444
415      2  0.222222
Current: [339]
Subround 10
     Count  Value
339     16   0.80
349     14   0.70
294     14   0.70
415     13   0.65
184      8   0.40
347      8   0.40
209      8   0.40
416      8   0.40
225      8   0.40
315      8   0.40
267      7   0.35
82       7   0.35
432      7   0.35
505      7   0.35
166      7   0.35
42       7   0.35
511      7   0.35
110      7   0.35
106      7   0.35
402      7   0.35
     Count  Value
339      7    0.7
294      5    0.5
349      5    0.5
415      3    0.3
no winner, not enough
Current: []
Subround 11
     Count     Value
339     17  0.809524
294     15  0.714286
349     14  0.666667
415     13  0.619048
184      8  0.380952
347      8  0.380952
209      8  0.380952
416      8  0.380952
225      8  0.380952
315      8  0.380952
267      7  0.333333
82       7  0.333333
432      7  0.333333
505      7  0.333333
166      7  0.333333
42       7  0.333333
511      7  0.333333
110      7  0.333333
106      7  0.333333
402      7  0.333333
     Count     Value
339      8  0.727273
294      6  0.545455
349      5  0.454545
415      3  0.272727
Current: [339]
Winning offset:
[339]
2021-09-08 05:11:07.825815
2021-09-08 05:14:51.767361
0:03:43.941546
