Loading page file profiles/lab06/pages/0x2a44b.yaml
Loading page file profiles/lab06/pages/0x2a460.yaml
Loading page file profiles/lab06/pages/0x2a4e3.yaml
Loading page file profiles/lab06/pages/0x2a4e5.yaml
Loading page file profiles/lab06/pages/0x2a800.yaml
Loading page file profiles/lab06/pages/0x2a804.yaml
Loading page file profiles/lab06/pages/0x2a805.yaml
Round 1
Subround 1
not enough
     Count  Value
140      1    1.0
46       1    1.0
217      1    1.0
337      1    1.0
230      1    1.0
84       1    1.0
374      1    1.0
478      1    1.0
116      1    1.0
190      1    1.0
60       1    1.0
458      1    1.0
481      1    1.0
133      1    1.0
177      1    1.0
51       1    1.0
187      1    1.0
498      1    1.0
12       1    1.0
479      1    1.0
     Count  Value
140      1    1.0
46       1    1.0
217      1    1.0
337      1    1.0
230      1    1.0
84       1    1.0
374      1    1.0
478      1    1.0
116      1    1.0
190      1    1.0
Current: [0, 1, 4, 6, 7, 8, 9, 12, 13, 15, 18, 19, 21, 23, 24, 25, 26, 27, 28, 29, 31, 33, 37, 38, 40, 41, 42, 44, 45, 46, 48, 51, 52, 55, 57, 58, 59, 60, 62, 63, 68, 70, 74, 75, 78, 80, 81, 82, 84, 86, 87, 90, 93, 100, 103, 105, 106, 107, 114, 115, 116, 119, 120, 126, 129, 130, 133, 134, 135, 137, 138, 139, 140, 144, 145, 147, 148, 149, 152, 153, 154, 157, 158, 159, 160, 163, 164, 170, 172, 175, 177, 179, 180, 181, 183, 186, 187, 190, 193, 196, 197, 198, 200, 202, 203, 204, 206, 208, 210, 212, 215, 216, 217, 218, 220, 221, 225, 229, 230, 232, 234, 235, 237, 238, 239, 240, 241, 245, 247, 254, 258, 259, 260, 264, 266, 267, 269, 271, 273, 274, 276, 277, 278, 279, 281, 282, 284, 285, 286, 287, 288, 290, 291, 296, 298, 301, 302, 303, 305, 306, 307, 310, 311, 323, 324, 325, 328, 329, 330, 331, 332, 334, 335, 336, 337, 339, 342, 343, 344, 346, 347, 353, 354, 356, 358, 359, 360, 364, 366, 368, 371, 374, 375, 381, 385, 388, 390, 394, 398, 402, 409, 415, 418, 420, 422, 424, 426, 427, 428, 431, 432, 433, 434, 436, 439, 441, 442, 443, 447, 450, 452, 454, 458, 461, 464, 467, 468, 470, 471, 475, 476, 478, 479, 481, 482, 484, 485, 486, 488, 489, 490, 491, 493, 494, 496, 497, 498, 500, 501, 503, 504, 505, 506, 508, 509, 510]
Subround 2
not enough
     Count  Value
140      2    1.0
426      2    1.0
490      2    1.0
409      2    1.0
13       2    1.0
500      2    1.0
488      2    1.0
70       2    1.0
160      2    1.0
154      2    1.0
290      2    1.0
193      2    1.0
210      2    1.0
237      2    1.0
37       2    1.0
310      2    1.0
114      2    1.0
217      2    1.0
84       2    1.0
374      2    1.0
     Count  Value
140      2    1.0
426      2    1.0
490      2    1.0
409      2    1.0
13       2    1.0
500      2    1.0
488      2    1.0
70       2    1.0
160      2    1.0
154      2    1.0
Current: [1, 6, 9, 12, 13, 15, 18, 24, 25, 28, 31, 33, 37, 40, 42, 45, 48, 52, 55, 58, 59, 63, 70, 74, 80, 81, 82, 84, 86, 93, 105, 114, 119, 126, 133, 135, 137, 138, 140, 147, 148, 149, 152, 154, 157, 160, 175, 180, 181, 183, 187, 193, 196, 198, 200, 202, 203, 204, 210, 215, 216, 217, 220, 225, 232, 235, 237, 241, 266, 271, 273, 274, 284, 286, 290, 298, 301, 303, 306, 310, 311, 323, 324, 325, 328, 329, 330, 332, 335, 336, 339, 344, 346, 353, 354, 358, 364, 366, 374, 381, 385, 394, 409, 420, 426, 428, 432, 433, 442, 447, 450, 452, 468, 470, 475, 476, 478, 479, 484, 485, 488, 490, 491, 493, 494, 497, 498, 500, 503, 505, 506, 509, 510]
Subround 3
not enough
     Count  Value
328      3    1.0
323      3    1.0
215      3    1.0
9        3    1.0
494      3    1.0
232      3    1.0
324      3    1.0
271      3    1.0
432      3    1.0
509      3    1.0
510      3    1.0
105      3    1.0
82       3    1.0
45       3    1.0
200      3    1.0
204      3    1.0
266      3    1.0
241      3    1.0
147      3    1.0
394      3    1.0
     Count  Value
328      3    1.0
323      3    1.0
215      3    1.0
9        3    1.0
494      3    1.0
232      3    1.0
324      3    1.0
271      3    1.0
432      3    1.0
509      3    1.0
Current: [6, 9, 13, 18, 24, 25, 31, 33, 40, 45, 55, 74, 81, 82, 84, 86, 105, 126, 137, 147, 149, 152, 160, 175, 183, 187, 193, 196, 198, 200, 203, 204, 215, 216, 217, 232, 235, 237, 241, 266, 271, 274, 286, 298, 301, 303, 310, 311, 323, 324, 328, 330, 339, 344, 364, 374, 381, 385, 394, 426, 432, 433, 475, 476, 478, 479, 484, 488, 490, 491, 494, 497, 498, 503, 505, 509, 510]
Subround 4
not enough
     Count  Value
203      4    1.0
364      4    1.0
339      4    1.0
311      4    1.0
475      4    1.0
286      4    1.0
126      4    1.0
13       4    1.0
149      4    1.0
385      4    1.0
40       4    1.0
381      4    1.0
476      4    1.0
426      4    1.0
237      4    1.0
198      4    1.0
330      4    1.0
55       4    1.0
217      4    1.0
479      4    1.0
     Count  Value
203      4    1.0
364      4    1.0
339      4    1.0
311      4    1.0
475      4    1.0
286      4    1.0
126      4    1.0
13       4    1.0
149      4    1.0
385      4    1.0
Current: [6, 7, 8, 9, 12, 13, 14, 16, 18, 24, 25, 28, 31, 33, 34, 40, 41, 45, 46, 49, 52, 55, 56, 68, 70, 71, 73, 74, 80, 81, 82, 84, 86, 87, 92, 93, 98, 100, 105, 111, 114, 119, 123, 124, 126, 135, 137, 139, 144, 147, 149, 152, 154, 158, 160, 167, 175, 180, 183, 186, 187, 193, 196, 198, 200, 201, 202, 203, 204, 209, 210, 215, 216, 217, 218, 231, 232, 233, 235, 237, 239, 241, 263, 264, 265, 266, 267, 268, 271, 272, 273, 274, 283, 286, 290, 295, 298, 301, 303, 306, 310, 311, 313, 317, 323, 324, 325, 328, 329, 330, 334, 335, 337, 339, 344, 353, 354, 358, 359, 364, 371, 372, 374, 381, 385, 389, 391, 394, 406, 407, 409, 418, 420, 422, 425, 426, 429, 431, 432, 433, 435, 441, 442, 446, 447, 450, 452, 455, 461, 475, 476, 478, 479, 482, 484, 486, 488, 490, 491, 493, 494, 497, 498, 500, 503, 505, 509, 510]
Subround 5
not enough
     Count  Value
45       5    1.0
339      5    1.0
183      5    1.0
55       5    1.0
33       4    0.8
31       4    0.8
18       4    0.8
344      4    0.8
175      4    0.8
81       4    0.8
274      4    0.8
193      4    0.8
152      4    0.8
490      4    0.8
24       4    0.8
86       4    0.8
484      4    0.8
13       4    0.8
74       4    0.8
328      4    0.8
     Count  Value
45       5    1.0
339      5    1.0
183      5    1.0
55       5    1.0
33       4    0.8
31       4    0.8
18       4    0.8
344      4    0.8
175      4    0.8
81       4    0.8
Current: [6, 9, 13, 18, 24, 25, 31, 33, 40, 45, 46, 55, 74, 81, 82, 84, 86, 105, 126, 137, 147, 149, 152, 160, 175, 183, 187, 193, 196, 198, 200, 203, 204, 215, 216, 217, 232, 235, 237, 241, 266, 271, 274, 286, 298, 301, 303, 310, 311, 323, 324, 328, 330, 339, 344, 364, 372, 374, 381, 385, 394, 426, 432, 433, 475, 476, 478, 479, 484, 488, 490, 491, 494, 497, 498, 503, 505, 509, 510]
Subround 6
not enough
     Count     Value
183      6  1.000000
18       5  0.833333
311      5  0.833333
241      5  0.833333
394      5  0.833333
330      5  0.833333
385      5  0.833333
193      5  0.833333
216      5  0.833333
339      5  0.833333
475      5  0.833333
301      5  0.833333
55       5  0.833333
497      5  0.833333
13       5  0.833333
149      5  0.833333
126      5  0.833333
237      5  0.833333
24       5  0.833333
381      5  0.833333
     Count     Value
183      6  1.000000
18       5  0.833333
311      5  0.833333
241      5  0.833333
394      5  0.833333
330      5  0.833333
385      5  0.833333
193      5  0.833333
216      5  0.833333
339      5  0.833333
Current: [6, 13, 18, 24, 25, 45, 55, 82, 126, 149, 160, 175, 183, 187, 193, 200, 204, 216, 237, 241, 266, 274, 301, 303, 311, 330, 339, 374, 381, 385, 394, 475, 494, 497, 509, 510]
Subround 7
not enough
     Count     Value
183      7  1.000000
497      6  0.857143
200      6  0.857143
237      6  0.857143
381      6  0.857143
494      6  0.857143
339      6  0.857143
311      6  0.857143
475      6  0.857143
160      6  0.857143
13       6  0.857143
509      6  0.857143
126      6  0.857143
330      6  0.857143
266      6  0.857143
216      6  0.857143
193      6  0.857143
24       6  0.857143
241      6  0.857143
149      6  0.857143
     Count     Value
183      7  1.000000
497      6  0.857143
200      6  0.857143
237      6  0.857143
381      6  0.857143
494      6  0.857143
339      6  0.857143
311      6  0.857143
475      6  0.857143
160      6  0.857143
Current: [1, 6, 7, 8, 9, 13, 15, 16, 17, 18, 23, 24, 25, 28, 34, 37, 45, 48, 52, 55, 56, 58, 59, 71, 73, 78, 82, 87, 99, 100, 107, 113, 123, 126, 133, 135, 137, 139, 141, 148, 149, 154, 160, 172, 175, 176, 181, 183, 187, 190, 193, 197, 200, 203, 204, 209, 216, 218, 227, 231, 233, 237, 238, 239, 241, 262, 263, 265, 266, 273, 274, 279, 283, 284, 285, 290, 295, 301, 303, 311, 317, 325, 328, 330, 333, 335, 336, 339, 353, 358, 359, 373, 374, 380, 381, 385, 389, 394, 407, 418, 429, 431, 441, 446, 447, 455, 462, 466, 468, 475, 483, 484, 486, 493, 494, 497, 509, 510]
Subround 8
not enough
     Count  Value
183      8  1.000
266      7  0.875
374      7  0.875
18       7  0.875
200      7  0.875
494      7  0.875
24       7  0.875
216      7  0.875
160      7  0.875
475      7  0.875
274      7  0.875
339      7  0.875
175      7  0.875
25       7  0.875
204      7  0.875
82       7  0.875
107      6  0.750
317      6  0.750
262      6  0.750
193      6  0.750
     Count  Value
183      8  1.000
266      7  0.875
374      7  0.875
18       7  0.875
200      7  0.875
494      7  0.875
24       7  0.875
216      7  0.875
160      7  0.875
475      7  0.875
Current: [6, 7, 8, 9, 13, 15, 17, 18, 24, 25, 34, 37, 45, 48, 55, 71, 78, 82, 107, 113, 126, 133, 135, 139, 148, 149, 160, 172, 175, 181, 183, 187, 193, 197, 200, 203, 204, 216, 231, 233, 237, 239, 241, 262, 265, 266, 274, 279, 283, 290, 295, 301, 303, 311, 317, 328, 330, 333, 339, 358, 374, 381, 385, 441, 447, 466, 468, 475, 486, 494, 497, 509, 510]
Subround 9
not enough
     Count     Value
24       8  0.888889
25       8  0.888889
494      8  0.888889
82       8  0.888889
274      8  0.888889
175      8  0.888889
18       8  0.888889
266      8  0.888889
339      8  0.888889
475      8  0.888889
216      8  0.888889
183      8  0.888889
204      8  0.888889
374      8  0.888889
385      7  0.777778
203      7  0.777778
301      7  0.777778
486      7  0.777778
9        7  0.777778
113      7  0.777778
     Count     Value
24       8  0.888889
25       8  0.888889
494      8  0.888889
82       8  0.888889
274      8  0.888889
175      8  0.888889
18       8  0.888889
266      8  0.888889
339      8  0.888889
475      8  0.888889
Current: [7, 8, 9, 15, 17, 18, 24, 25, 34, 37, 45, 48, 71, 78, 82, 107, 113, 133, 135, 139, 149, 160, 175, 181, 183, 200, 203, 204, 216, 231, 233, 239, 262, 265, 266, 274, 279, 283, 295, 301, 328, 339, 358, 374, 385, 447, 466, 468, 475, 486, 494]
Subround 10
not enough
     Count  Value
175      9    0.9
339      9    0.9
274      9    0.9
25       9    0.9
494      9    0.9
266      9    0.9
34       8    0.8
374      8    0.8
48       8    0.8
283      8    0.8
475      8    0.8
447      8    0.8
200      8    0.8
466      8    0.8
295      8    0.8
216      8    0.8
385      8    0.8
71       8    0.8
265      8    0.8
358      8    0.8
     Count  Value
175      9    0.9
339      9    0.9
274      9    0.9
25       9    0.9
494      9    0.9
266      9    0.9
34       8    0.8
374      8    0.8
48       8    0.8
283      8    0.8
Current: [17, 18, 24, 25, 34, 37, 48, 71, 82, 175, 183, 200, 204, 216, 233, 262, 265, 266, 274, 283, 295, 301, 339, 358, 374, 385, 447, 466, 468, 475, 486, 494]
Subround 11
not enough
     Count     Value
339     10  0.909091
204      9  0.818182
18       9  0.818182
447      9  0.818182
475      9  0.818182
216      9  0.818182
494      9  0.818182
374      9  0.818182
283      9  0.818182
274      9  0.818182
175      9  0.818182
24       9  0.818182
266      9  0.818182
25       9  0.818182
183      9  0.818182
82       9  0.818182
133      8  0.727273
7        8  0.727273
181      8  0.727273
301      8  0.727273
     Count     Value
339     10  0.909091
204      9  0.818182
18       9  0.818182
447      9  0.818182
475      9  0.818182
216      9  0.818182
494      9  0.818182
374      9  0.818182
283      9  0.818182
274      9  0.818182
Current: [7, 8, 9, 15, 17, 18, 24, 25, 34, 37, 45, 48, 71, 78, 82, 107, 113, 133, 139, 149, 160, 175, 181, 183, 200, 203, 204, 216, 231, 233, 239, 262, 265, 266, 274, 279, 283, 295, 301, 328, 339, 358, 369, 374, 381, 385, 447, 466, 468, 475, 486, 494]
Subround 12
not enough
     Count     Value
339     11  0.916667
204     10  0.833333
24      10  0.833333
494     10  0.833333
374     10  0.833333
283     10  0.833333
274     10  0.833333
216     10  0.833333
475     10  0.833333
18      10  0.833333
25      10  0.833333
71       9  0.750000
9        9  0.750000
381      9  0.750000
8        9  0.750000
139      9  0.750000
175      9  0.750000
301      9  0.750000
279      9  0.750000
82       9  0.750000
     Count     Value
339     11  0.916667
204     10  0.833333
24      10  0.833333
494     10  0.833333
374     10  0.833333
283     10  0.833333
274     10  0.833333
216     10  0.833333
475     10  0.833333
18      10  0.833333
Current: [8, 9, 15, 18, 24, 25, 34, 48, 71, 82, 113, 139, 149, 175, 183, 204, 216, 265, 266, 274, 279, 283, 295, 301, 339, 374, 381, 447, 468, 475, 494]
Subround 13
not enough
     Count     Value
339     12  0.923077
283     11  0.846154
274     11  0.846154
82      10  0.769231
24      10  0.769231
374     10  0.769231
475     10  0.769231
266     10  0.769231
494     10  0.769231
175     10  0.769231
18      10  0.769231
216     10  0.769231
71      10  0.769231
15      10  0.769231
25      10  0.769231
183     10  0.769231
204     10  0.769231
239      9  0.692308
9        9  0.692308
385      9  0.692308
     Count     Value
339     12  0.923077
283     11  0.846154
274     11  0.846154
82      10  0.769231
24      10  0.769231
374     10  0.769231
475     10  0.769231
266     10  0.769231
494     10  0.769231
175     10  0.769231
Current: [15, 18, 24, 25, 71, 82, 175, 183, 204, 216, 266, 274, 283, 339, 374, 475, 494]
Subround 14
not enough
     Count     Value
339     13  0.928571
283     12  0.857143
475     11  0.785714
25      11  0.785714
494     11  0.785714
82      11  0.785714
274     11  0.785714
15      11  0.785714
374     11  0.785714
183     11  0.785714
216     11  0.785714
181     10  0.714286
298     10  0.714286
175     10  0.714286
18      10  0.714286
113     10  0.714286
121     10  0.714286
204     10  0.714286
8       10  0.714286
292     10  0.714286
     Count     Value
339     13  0.928571
283     12  0.857143
475     11  0.785714
25      11  0.785714
494     11  0.785714
82      11  0.785714
274     11  0.785714
15      11  0.785714
374     11  0.785714
183     11  0.785714
Current: [8, 15, 17, 18, 24, 25, 34, 55, 71, 82, 113, 121, 149, 160, 175, 181, 183, 204, 216, 233, 239, 262, 266, 274, 283, 292, 295, 298, 339, 358, 374, 475, 486, 494]
Subround 15
not enough
     Count     Value
339     14  0.933333
283     13  0.866667
475     12  0.800000
82      12  0.800000
15      12  0.800000
183     12  0.800000
494     12  0.800000
216     12  0.800000
25      12  0.800000
374     12  0.800000
149     11  0.733333
160     11  0.733333
274     11  0.733333
292     11  0.733333
8       11  0.733333
121     11  0.733333
486     11  0.733333
298     11  0.733333
239     11  0.733333
113     11  0.733333
     Count     Value
339     14  0.933333
283     13  0.866667
475     12  0.800000
82      12  0.800000
15      12  0.800000
183     12  0.800000
494     12  0.800000
216     12  0.800000
25      12  0.800000
374     12  0.800000
Current: [8, 15, 17, 25, 34, 55, 82, 113, 121, 149, 160, 181, 183, 216, 233, 239, 262, 274, 283, 292, 295, 298, 339, 358, 374, 475, 486, 494]
Subround 16
not enough
     Count   Value
339     15  0.9375
283     14  0.8750
183     13  0.8125
82      13  0.8125
374     13  0.8125
25      13  0.8125
494     13  0.8125
160     12  0.7500
216     12  0.7500
233     12  0.7500
15      12  0.7500
475     12  0.7500
121     12  0.7500
8       12  0.7500
486     11  0.6875
426     11  0.6875
138     11  0.6875
113     11  0.6875
34      11  0.6875
500     11  0.6875
     Count   Value
339     15  0.9375
283     14  0.8750
183     13  0.8125
82      13  0.8125
374     13  0.8125
25      13  0.8125
494     13  0.8125
160     12  0.7500
216     12  0.7500
233     12  0.7500
Current: [8, 15, 25, 82, 121, 160, 183, 216, 233, 283, 339, 374, 475, 494]
Subround 17
not enough
     Count     Value
339     16  0.941176
283     15  0.882353
183     14  0.823529
15      13  0.764706
25      13  0.764706
82      13  0.764706
494     13  0.764706
374     13  0.764706
298     12  0.705882
8       12  0.705882
262     12  0.705882
447     12  0.705882
121     12  0.705882
216     12  0.705882
475     12  0.705882
17      12  0.705882
241     12  0.705882
160     12  0.705882
113     12  0.705882
204     12  0.705882
     Count     Value
339     16  0.941176
283     15  0.882353
183     14  0.823529
15      13  0.764706
25      13  0.764706
82      13  0.764706
494     13  0.764706
374     13  0.764706
298     12  0.705882
8       12  0.705882
Current: [8, 15, 17, 25, 34, 74, 82, 113, 121, 160, 181, 183, 187, 204, 216, 233, 241, 253, 262, 274, 283, 292, 295, 298, 317, 339, 358, 374, 405, 447, 475, 486, 494]
Subround 18
not enough
     Count     Value
339     17  0.944444
183     15  0.833333
283     15  0.833333
374     14  0.777778
295     13  0.722222
160     13  0.722222
494     13  0.722222
358     13  0.722222
486     13  0.722222
187     13  0.722222
34      13  0.722222
447     13  0.722222
8       13  0.722222
241     13  0.722222
181     13  0.722222
15      13  0.722222
25      13  0.722222
113     13  0.722222
82      13  0.722222
204     13  0.722222
     Count     Value
339     17  0.944444
183     15  0.833333
283     15  0.833333
374     14  0.777778
295     13  0.722222
160     13  0.722222
494     13  0.722222
358     13  0.722222
486     13  0.722222
187     13  0.722222
Current: [8, 15, 25, 34, 82, 113, 160, 181, 183, 187, 204, 241, 283, 295, 339, 358, 374, 447, 486, 494]
Subround 19
not enough
     Count     Value
339     18  0.947368
183     16  0.842105
374     15  0.789474
283     15  0.789474
486     14  0.736842
358     14  0.736842
295     14  0.736842
8       14  0.736842
34      14  0.736842
494     14  0.736842
187     14  0.736842
82      14  0.736842
204     14  0.736842
241     14  0.736842
113     14  0.736842
145     13  0.684211
266     13  0.684211
24      13  0.684211
181     13  0.684211
129     13  0.684211
     Count     Value
339     18  0.947368
183     16  0.842105
374     15  0.789474
283     15  0.789474
486     14  0.736842
358     14  0.736842
295     14  0.736842
8       14  0.736842
34      14  0.736842
494     14  0.736842
Current: [8, 34, 82, 113, 183, 187, 204, 241, 283, 295, 339, 358, 374, 486, 494]
Subround 20
     Count  Value
339     19   0.95
283     16   0.80
374     16   0.80
183     16   0.80
187     15   0.75
8       15   0.75
358     15   0.75
494     15   0.75
241     15   0.75
204     15   0.75
113     15   0.75
272     14   0.70
145     14   0.70
34      14   0.70
24      14   0.70
295     14   0.70
75      14   0.70
486     14   0.70
58      14   0.70
71      14   0.70
     Count  Value
339     19   0.95
283     16   0.80
374     16   0.80
183     16   0.80
187     15   0.75
8       15   0.75
358     15   0.75
494     15   0.75
241     15   0.75
204     15   0.75
Current: [8, 113, 183, 187, 204, 241, 283, 339, 358, 374, 494]
Round 2
Subround 1
not enough
     Count     Value
339     20  0.952381
374     17  0.809524
283     17  0.809524
113     16  0.761905
204     16  0.761905
241     16  0.761905
183     16  0.761905
358     15  0.714286
8       15  0.714286
187     15  0.714286
494     15  0.714286
145     14  0.666667
24      14  0.666667
272     14  0.666667
75      14  0.666667
486     14  0.666667
34      14  0.666667
58      14  0.666667
71      14  0.666667
295     14  0.666667
     Count  Value
241      1    1.0
204      1    1.0
339      1    1.0
113      1    1.0
283      1    1.0
374      1    1.0
Current: [283, 339, 374]
Subround 2
not enough
     Count     Value
339     21  0.954545
113     17  0.772727
204     17  0.772727
183     17  0.772727
374     17  0.772727
283     17  0.772727
358     16  0.727273
241     16  0.727273
8       15  0.681818
187     15  0.681818
494     15  0.681818
145     14  0.636364
24      14  0.636364
272     14  0.636364
75      14  0.636364
486     14  0.636364
34      14  0.636364
58      14  0.636364
71      14  0.636364
295     14  0.636364
     Count  Value
204      2    1.0
339      2    1.0
113      2    1.0
241      1    0.5
283      1    0.5
374      1    0.5
183      1    0.5
358      1    0.5
140      1    0.5
Current: [339]
Subround 3
not enough
     Count     Value
339     22  0.956522
204     18  0.782609
374     18  0.782609
283     17  0.739130
183     17  0.739130
241     17  0.739130
113     17  0.739130
8       16  0.695652
358     16  0.695652
187     15  0.652174
494     15  0.652174
272     14  0.608696
266     14  0.608696
145     14  0.608696
58      14  0.608696
486     14  0.608696
24      14  0.608696
71      14  0.608696
34      14  0.608696
75      14  0.608696
     Count     Value
204      3  1.000000
339      3  1.000000
241      2  0.666667
113      2  0.666667
374      2  0.666667
140      2  0.666667
283      1  0.333333
183      1  0.333333
358      1  0.333333
8        1  0.333333
Current: [339]
Subround 4
not enough
     Count     Value
339     23  0.958333
204     19  0.791667
183     18  0.750000
283     18  0.750000
374     18  0.750000
358     17  0.708333
241     17  0.708333
113     17  0.708333
8       16  0.666667
494     15  0.625000
187     15  0.625000
295     14  0.583333
34      14  0.583333
272     14  0.583333
145     14  0.583333
140     14  0.583333
24      14  0.583333
75      14  0.583333
58      14  0.583333
71      14  0.583333
     Count  Value
204      4   1.00
339      4   1.00
140      3   0.75
241      2   0.50
113      2   0.50
283      2   0.50
374      2   0.50
183      2   0.50
358      2   0.50
8        1   0.25
Current: [339]
Subround 5
not enough
     Count  Value
339     24   0.96
204     19   0.76
374     19   0.76
241     18   0.72
283     18   0.72
183     18   0.72
358     17   0.68
113     17   0.68
8       17   0.68
187     16   0.64
494     15   0.60
140     15   0.60
75      14   0.56
58      14   0.56
24      14   0.56
71      14   0.56
145     14   0.56
272     14   0.56
82      14   0.56
34      14   0.56
     Count  Value
339      5    1.0
204      4    0.8
140      4    0.8
241      3    0.6
374      3    0.6
113      2    0.4
283      2    0.4
183      2    0.4
358      2    0.4
8        2    0.4
Current: [339]
Subround 6
not enough
     Count     Value
339     24  0.923077
374     20  0.769231
204     19  0.730769
241     19  0.730769
283     19  0.730769
183     19  0.730769
358     17  0.653846
113     17  0.653846
8       17  0.653846
494     16  0.615385
140     16  0.615385
187     16  0.615385
75      14  0.538462
58      14  0.538462
24      14  0.538462
71      14  0.538462
145     14  0.538462
272     14  0.538462
82      14  0.538462
34      14  0.538462
     Count     Value
339      5  0.833333
140      5  0.833333
241      4  0.666667
204      4  0.666667
374      4  0.666667
283      3  0.500000
183      3  0.500000
113      2  0.333333
358      2  0.333333
8        2  0.333333
Current: [339]
Subround 7
not enough
     Count     Value
339     25  0.925926
204     20  0.740741
283     20  0.740741
374     20  0.740741
241     19  0.703704
183     19  0.703704
358     18  0.666667
8       18  0.666667
113     17  0.629630
187     17  0.629630
494     16  0.592593
140     16  0.592593
75      14  0.518519
58      14  0.518519
24      14  0.518519
71      14  0.518519
145     14  0.518519
272     14  0.518519
82      14  0.518519
34      14  0.518519
     Count     Value
339      6  0.857143
204      5  0.714286
140      5  0.714286
241      4  0.571429
283      4  0.571429
374      4  0.571429
183      3  0.428571
358      3  0.428571
8        3  0.428571
113      2  0.285714
Current: [339]
Subround 8
not enough
     Count     Value
339     25  0.892857
374     21  0.750000
204     20  0.714286
283     20  0.714286
183     20  0.714286
241     19  0.678571
8       19  0.678571
358     18  0.642857
113     18  0.642857
494     17  0.607143
140     17  0.607143
187     17  0.607143
75      14  0.500000
58      14  0.500000
24      14  0.500000
71      14  0.500000
145     14  0.500000
272     14  0.500000
82      14  0.500000
34      14  0.500000
     Count  Value
339      6  0.750
140      6  0.750
204      5  0.625
374      5  0.625
241      4  0.500
283      4  0.500
183      4  0.500
8        4  0.500
113      3  0.375
358      3  0.375
Current: [339]
Subround 9
not enough
     Count     Value
339     26  0.896552
204     21  0.724138
283     21  0.724138
183     21  0.724138
374     21  0.724138
241     20  0.689655
8       19  0.655172
358     18  0.620690
113     18  0.620690
187     18  0.620690
494     17  0.586207
140     17  0.586207
75      14  0.482759
58      14  0.482759
24      14  0.482759
71      14  0.482759
145     14  0.482759
272     14  0.482759
82      14  0.482759
34      14  0.482759
     Count     Value
339      7  0.777778
204      6  0.666667
140      6  0.666667
241      5  0.555556
283      5  0.555556
374      5  0.555556
183      5  0.555556
8        4  0.444444
113      3  0.333333
358      3  0.333333
Current: [339]
Subround 10
     Count     Value
339     27  0.900000
374     22  0.733333
204     21  0.700000
241     21  0.700000
283     21  0.700000
183     21  0.700000
358     19  0.633333
113     19  0.633333
8       19  0.633333
187     19  0.633333
494     17  0.566667
140     17  0.566667
75      14  0.466667
58      14  0.466667
24      14  0.466667
71      14  0.466667
145     14  0.466667
272     14  0.466667
82      14  0.466667
34      14  0.466667
     Count  Value
339      8    0.8
241      6    0.6
204      6    0.6
374      6    0.6
140      6    0.6
283      5    0.5
183      5    0.5
113      4    0.4
358      4    0.4
8        4    0.4
Current: [339]
Winning offset:
[339]
2021-09-08 05:14:53.639990
2021-09-08 05:16:31.907410
0:01:38.267420
