Loading page file profiles/lab06/pages/0x2a44b.yaml
Loading page file profiles/lab06/pages/0x2a460.yaml
Loading page file profiles/lab06/pages/0x2a4e3.yaml
Loading page file profiles/lab06/pages/0x2a4e5.yaml
Loading page file profiles/lab06/pages/0x2a800.yaml
Loading page file profiles/lab06/pages/0x2a804.yaml
Loading page file profiles/lab06/pages/0x2a805.yaml
Round 1
Subround 1
not enough
     Count  Value
176      1    1.0
485      1    1.0
206      1    1.0
123      1    1.0
268      1    1.0
399      1    1.0
136      1    1.0
337      1    1.0
477      1    1.0
93       1    1.0
380      1    1.0
403      1    1.0
106      1    1.0
14       1    1.0
449      1    1.0
111      1    1.0
385      1    1.0
335      1    1.0
287      1    1.0
56       1    1.0
     Count  Value
176      1    1.0
485      1    1.0
206      1    1.0
123      1    1.0
268      1    1.0
399      1    1.0
136      1    1.0
337      1    1.0
477      1    1.0
93       1    1.0
Current: [0, 6, 7, 10, 12, 13, 14, 16, 18, 19, 22, 23, 24, 25, 26, 27, 29, 32, 33, 35, 36, 37, 40, 41, 43, 44, 45, 47, 49, 51, 53, 55, 56, 57, 59, 63, 64, 65, 68, 69, 70, 73, 77, 78, 89, 92, 93, 96, 98, 100, 104, 106, 108, 109, 110, 111, 114, 117, 118, 121, 123, 124, 133, 136, 139, 140, 141, 143, 146, 147, 150, 152, 156, 157, 158, 159, 162, 164, 167, 168, 170, 172, 176, 178, 179, 181, 182, 183, 187, 188, 189, 191, 195, 196, 197, 198, 200, 201, 203, 205, 206, 207, 211, 212, 218, 219, 221, 224, 227, 229, 234, 235, 236, 238, 239, 244, 247, 248, 249, 252, 254, 257, 260, 262, 263, 264, 266, 267, 268, 269, 270, 271, 273, 274, 276, 278, 279, 280, 281, 284, 286, 287, 288, 289, 290, 291, 292, 294, 295, 298, 300, 302, 304, 306, 307, 312, 313, 314, 316, 317, 318, 323, 325, 326, 329, 331, 333, 334, 335, 336, 337, 339, 340, 342, 343, 345, 346, 347, 353, 354, 355, 357, 358, 362, 366, 367, 371, 375, 376, 377, 378, 380, 381, 382, 385, 386, 388, 389, 392, 396, 399, 403, 406, 408, 410, 411, 412, 414, 415, 416, 417, 419, 420, 422, 426, 428, 429, 430, 433, 434, 436, 439, 444, 445, 448, 449, 450, 452, 453, 454, 455, 456, 460, 462, 464, 470, 471, 472, 474, 475, 477, 478, 482, 484, 485, 489, 492, 493, 494, 496, 497, 498, 500, 503, 504, 507]
Subround 2
not enough
     Count  Value
176      2    1.0
380      2    1.0
329      2    1.0
472      2    1.0
32       2    1.0
306      2    1.0
471      2    1.0
376      2    1.0
73       2    1.0
108      2    1.0
19       2    1.0
229      2    1.0
500      2    1.0
452      2    1.0
78       2    1.0
218      2    1.0
444      2    1.0
123      2    1.0
268      2    1.0
152      2    1.0
     Count  Value
176      2    1.0
380      2    1.0
329      2    1.0
472      2    1.0
32       2    1.0
306      2    1.0
471      2    1.0
376      2    1.0
73       2    1.0
108      2    1.0
Current: [10, 13, 14, 18, 19, 26, 32, 33, 37, 40, 41, 47, 51, 56, 63, 65, 69, 73, 77, 78, 96, 98, 100, 108, 118, 121, 123, 124, 133, 136, 139, 140, 141, 143, 146, 150, 152, 159, 167, 168, 170, 172, 176, 178, 182, 183, 187, 189, 203, 205, 212, 218, 219, 229, 236, 238, 252, 257, 262, 263, 264, 268, 273, 279, 280, 287, 290, 295, 300, 306, 314, 316, 326, 329, 333, 335, 339, 342, 345, 347, 353, 366, 375, 376, 378, 380, 381, 385, 388, 410, 412, 414, 415, 416, 417, 419, 420, 430, 444, 445, 448, 452, 455, 456, 460, 462, 470, 471, 472, 484, 485, 492, 493, 496, 497, 500, 504]
Subround 3
not enough
     Count  Value
176      3    1.0
146      3    1.0
452      3    1.0
500      3    1.0
229      3    1.0
19       3    1.0
108      3    1.0
73       3    1.0
471      3    1.0
32       3    1.0
472      3    1.0
329      3    1.0
152      3    1.0
65       3    1.0
150      3    1.0
219      3    1.0
444      3    1.0
342      3    1.0
133      3    1.0
470      3    1.0
     Count  Value
176      3    1.0
146      3    1.0
452      3    1.0
500      3    1.0
229      3    1.0
19       3    1.0
108      3    1.0
73       3    1.0
471      3    1.0
32       3    1.0
Current: [14, 18, 19, 32, 33, 37, 41, 47, 56, 65, 73, 77, 96, 98, 100, 108, 118, 121, 123, 124, 133, 136, 139, 140, 141, 146, 150, 152, 159, 172, 176, 178, 182, 183, 187, 189, 203, 205, 212, 218, 219, 229, 236, 238, 252, 257, 262, 263, 264, 279, 280, 287, 290, 300, 314, 316, 329, 335, 339, 342, 347, 353, 366, 375, 378, 381, 385, 388, 414, 415, 417, 419, 420, 430, 444, 448, 452, 455, 456, 460, 470, 471, 472, 484, 485, 493, 497, 500, 504]
Subround 4
not enough
     Count  Value
32       4    1.0
33       4    1.0
133      4    1.0
159      4    1.0
96       4    1.0
18       4    1.0
121      4    1.0
388      4    1.0
98       4    1.0
183      4    1.0
290      4    1.0
316      4    1.0
504      4    1.0
41       4    1.0
420      4    1.0
212      4    1.0
47       4    1.0
263      4    1.0
118      4    1.0
339      4    1.0
     Count  Value
32       4    1.0
33       4    1.0
133      4    1.0
159      4    1.0
96       4    1.0
18       4    1.0
121      4    1.0
388      4    1.0
98       4    1.0
183      4    1.0
Current: [0, 5, 10, 13, 14, 18, 19, 22, 25, 26, 31, 32, 33, 37, 38, 40, 41, 42, 47, 50, 56, 60, 63, 65, 69, 73, 76, 77, 82, 83, 87, 96, 97, 98, 100, 108, 116, 118, 119, 121, 122, 123, 124, 126, 127, 133, 136, 139, 140, 141, 143, 144, 146, 150, 152, 157, 159, 164, 165, 168, 169, 170, 172, 175, 176, 178, 180, 182, 183, 185, 187, 188, 189, 190, 191, 203, 205, 212, 218, 219, 229, 230, 236, 238, 244, 245, 246, 252, 257, 258, 259, 262, 263, 264, 268, 270, 275, 276, 279, 280, 285, 287, 290, 292, 295, 296, 300, 305, 306, 311, 314, 316, 329, 335, 339, 341, 342, 343, 347, 352, 353, 354, 366, 368, 370, 375, 378, 379, 381, 383, 385, 388, 393, 399, 407, 409, 410, 412, 414, 415, 416, 417, 418, 419, 420, 425, 430, 432, 444, 445, 446, 448, 450, 452, 455, 456, 460, 462, 465, 470, 471, 472, 476, 477, 484, 485, 486, 493, 497, 500, 504, 505, 507, 510]
Subround 5
not enough
     Count  Value
316      5    1.0
415      5    1.0
218      5    1.0
452      5    1.0
388      5    1.0
420      5    1.0
504      5    1.0
98       5    1.0
183      5    1.0
290      5    1.0
136      5    1.0
339      5    1.0
133      4    0.8
342      4    0.8
141      4    0.8
500      4    0.8
118      4    0.8
76       4    0.8
19       4    0.8
108      4    0.8
     Count  Value
316      5    1.0
415      5    1.0
218      5    1.0
452      5    1.0
388      5    1.0
420      5    1.0
504      5    1.0
98       5    1.0
183      5    1.0
290      5    1.0
Current: [13, 14, 18, 19, 32, 33, 37, 41, 47, 56, 65, 73, 76, 77, 96, 98, 100, 108, 116, 118, 121, 122, 124, 133, 136, 140, 141, 146, 150, 152, 159, 172, 176, 178, 180, 182, 183, 187, 189, 203, 212, 218, 219, 229, 236, 238, 252, 262, 263, 264, 279, 280, 287, 290, 306, 314, 316, 329, 335, 339, 342, 347, 353, 354, 366, 368, 370, 375, 378, 381, 385, 388, 412, 414, 415, 417, 418, 419, 420, 430, 444, 448, 452, 455, 456, 462, 472, 477, 484, 485, 486, 493, 497, 500, 504, 507]
Subround 6
not enough
     Count     Value
98       6  1.000000
420      6  1.000000
504      6  1.000000
339      6  1.000000
183      6  1.000000
388      6  1.000000
452      6  1.000000
218      6  1.000000
176      5  0.833333
290      5  0.833333
316      5  0.833333
381      5  0.833333
354      5  0.833333
180      5  0.833333
18       5  0.833333
77       5  0.833333
500      5  0.833333
366      5  0.833333
493      5  0.833333
96       5  0.833333
     Count     Value
98       6  1.000000
420      6  1.000000
504      6  1.000000
339      6  1.000000
183      6  1.000000
388      6  1.000000
452      6  1.000000
218      6  1.000000
176      5  0.833333
290      5  0.833333
Current: [18, 32, 41, 56, 76, 77, 96, 98, 100, 118, 136, 140, 176, 178, 180, 183, 203, 218, 219, 238, 252, 262, 287, 290, 314, 316, 335, 339, 342, 347, 354, 366, 368, 375, 378, 381, 385, 388, 412, 415, 419, 420, 452, 455, 477, 493, 500, 504]
Subround 7
not enough
     Count     Value
339      7  1.000000
388      6  0.857143
290      6  0.857143
183      6  0.857143
98       6  0.857143
136      6  0.857143
452      6  0.857143
218      6  0.857143
504      6  0.857143
316      6  0.857143
420      6  0.857143
415      6  0.857143
152      5  0.714286
150      5  0.714286
65       5  0.714286
176      5  0.714286
329      5  0.714286
472      5  0.714286
368      5  0.714286
32       5  0.714286
     Count     Value
339      7  1.000000
388      6  0.857143
290      6  0.857143
183      6  0.857143
98       6  0.857143
136      6  0.857143
452      6  0.857143
218      6  0.857143
504      6  0.857143
316      6  0.857143
Current: [13, 14, 18, 19, 32, 33, 41, 47, 56, 65, 73, 76, 77, 96, 98, 100, 108, 116, 118, 121, 122, 124, 125, 133, 136, 140, 141, 146, 150, 152, 159, 172, 176, 178, 180, 182, 183, 187, 189, 203, 209, 212, 218, 219, 229, 236, 238, 252, 262, 263, 264, 279, 280, 287, 290, 306, 314, 316, 329, 335, 339, 342, 347, 353, 354, 366, 368, 370, 375, 378, 381, 385, 388, 410, 412, 414, 415, 417, 418, 419, 420, 430, 444, 448, 452, 455, 456, 462, 472, 477, 484, 485, 486, 493, 497, 500, 504, 507]
Subround 8
not enough
     Count  Value
339      8  1.000
452      7  0.875
136      7  0.875
504      7  0.875
98       7  0.875
218      7  0.875
388      7  0.875
183      7  0.875
415      7  0.875
420      7  0.875
354      6  0.750
141      6  0.750
133      6  0.750
77       6  0.750
456      6  0.750
219      6  0.750
180      6  0.750
182      6  0.750
366      6  0.750
316      6  0.750
     Count  Value
339      8  1.000
452      7  0.875
136      7  0.875
504      7  0.875
98       7  0.875
218      7  0.875
388      7  0.875
183      7  0.875
415      7  0.875
420      7  0.875
Current: [14, 19, 33, 65, 73, 76, 77, 98, 125, 133, 136, 140, 141, 146, 150, 152, 180, 182, 183, 187, 189, 203, 209, 212, 218, 219, 238, 262, 263, 280, 287, 290, 314, 316, 329, 339, 353, 354, 366, 370, 385, 388, 412, 415, 420, 452, 456, 462, 477, 493, 500, 504, 507]
Subround 9
not enough
     Count     Value
339      9  1.000000
136      8  0.888889
504      8  0.888889
218      8  0.888889
415      7  0.777778
263      7  0.777778
493      7  0.777778
290      7  0.777778
183      7  0.777778
388      7  0.777778
98       7  0.777778
420      7  0.777778
452      7  0.777778
65       7  0.777778
146      7  0.777778
133      7  0.777778
507      7  0.777778
212      7  0.777778
353      7  0.777778
76       6  0.666667
     Count     Value
339      9  1.000000
136      8  0.888889
504      8  0.888889
218      8  0.888889
415      7  0.777778
263      7  0.777778
493      7  0.777778
290      7  0.777778
183      7  0.777778
388      7  0.777778
Current: [65, 98, 133, 136, 146, 183, 212, 218, 263, 290, 339, 353, 388, 415, 420, 452, 493, 504, 507]
Subround 10
not enough
     Count  Value
339     10    1.0
218      9    0.9
504      9    0.9
420      8    0.8
136      8    0.8
388      8    0.8
183      8    0.8
133      8    0.8
263      8    0.8
493      8    0.8
65       8    0.8
146      8    0.8
353      8    0.8
98       8    0.8
163      7    0.7
398      7    0.7
180      7    0.7
39       7    0.7
366      7    0.7
96       7    0.7
     Count  Value
339     10    1.0
218      9    0.9
504      9    0.9
420      8    0.8
136      8    0.8
388      8    0.8
183      8    0.8
133      8    0.8
263      8    0.8
493      8    0.8
Current: [65, 98, 133, 136, 146, 183, 218, 263, 339, 353, 388, 420, 493, 504]
Subround 11
not enough
     Count     Value
339     11  1.000000
504     10  0.909091
420      9  0.818182
353      9  0.818182
218      9  0.818182
136      9  0.818182
133      9  0.818182
65       9  0.818182
146      9  0.818182
378      8  0.727273
40       8  0.727273
388      8  0.727273
444      8  0.727273
163      8  0.727273
279      8  0.727273
452      8  0.727273
368      8  0.727273
500      8  0.727273
448      8  0.727273
141      8  0.727273
     Count     Value
339     11  1.000000
504     10  0.909091
420      9  0.818182
353      9  0.818182
218      9  0.818182
136      9  0.818182
133      9  0.818182
65       9  0.818182
146      9  0.818182
378      8  0.727273
Current: [33, 40, 41, 56, 65, 98, 133, 136, 141, 146, 163, 183, 212, 218, 263, 279, 290, 306, 339, 353, 368, 378, 388, 420, 444, 448, 452, 471, 493, 500, 504]
Subround 12
not enough
     Count     Value
339     12  1.000000
504     11  0.916667
136     10  0.833333
133     10  0.833333
146     10  0.833333
368      9  0.750000
218      9  0.750000
448      9  0.750000
378      9  0.750000
306      9  0.750000
452      9  0.750000
353      9  0.750000
163      9  0.750000
420      9  0.750000
183      9  0.750000
65       9  0.750000
263      9  0.750000
444      9  0.750000
41       9  0.750000
141      9  0.750000
     Count     Value
339     12  1.000000
504     11  0.916667
136     10  0.833333
133     10  0.833333
146     10  0.833333
368      9  0.750000
218      9  0.750000
448      9  0.750000
378      9  0.750000
306      9  0.750000
Current: [41, 65, 133, 136, 141, 146, 163, 183, 218, 263, 306, 339, 353, 368, 378, 420, 444, 448, 452, 471, 504]
Subround 13
not enough
     Count     Value
339     13  1.000000
504     11  0.846154
133     10  0.769231
41      10  0.769231
136     10  0.769231
218     10  0.769231
353     10  0.769231
420     10  0.769231
65      10  0.769231
146     10  0.769231
33       9  0.692308
388      9  0.692308
324      9  0.692308
180      9  0.692308
163      9  0.692308
368      9  0.692308
354      9  0.692308
378      9  0.692308
74       9  0.692308
98       9  0.692308
     Count     Value
339     13  1.000000
504     11  0.846154
133     10  0.769231
41      10  0.769231
136     10  0.769231
218     10  0.769231
353     10  0.769231
420     10  0.769231
65      10  0.769231
146     10  0.769231
Current: [41, 65, 133, 136, 146, 218, 339, 353, 420, 504]
Subround 14
not enough
     Count     Value
339     14  1.000000
136     11  0.785714
146     11  0.785714
353     11  0.785714
65      11  0.785714
133     11  0.785714
504     11  0.785714
41      11  0.785714
354     10  0.714286
290     10  0.714286
141     10  0.714286
98      10  0.714286
163     10  0.714286
448     10  0.714286
420     10  0.714286
113     10  0.714286
74      10  0.714286
471     10  0.714286
279     10  0.714286
324     10  0.714286
     Count     Value
339     14  1.000000
136     11  0.785714
146     11  0.785714
353     11  0.785714
65      11  0.785714
133     11  0.785714
504     11  0.785714
41      11  0.785714
354     10  0.714286
290     10  0.714286
Current: [41, 65, 74, 98, 113, 133, 136, 141, 146, 163, 180, 212, 218, 279, 290, 324, 339, 353, 354, 420, 444, 448, 452, 471, 504]
Subround 15
not enough
     Count     Value
339     15  1.000000
504     12  0.800000
41      12  0.800000
133     12  0.800000
146     11  0.733333
136     11  0.733333
212     11  0.733333
353     11  0.733333
420     11  0.733333
113     11  0.733333
279     11  0.733333
65      11  0.733333
98      10  0.666667
287     10  0.666667
290     10  0.666667
237     10  0.666667
180     10  0.666667
141     10  0.666667
163     10  0.666667
238     10  0.666667
     Count     Value
339     15  1.000000
504     12  0.800000
41      12  0.800000
133     12  0.800000
146     11  0.733333
136     11  0.733333
212     11  0.733333
353     11  0.733333
420     11  0.733333
113     11  0.733333
Current: [41, 65, 113, 133, 136, 146, 212, 279, 339, 353, 420, 504]
Subround 16
not enough
     Count   Value
339     16  1.0000
504     13  0.8125
133     13  0.8125
146     12  0.7500
41      12  0.7500
420     12  0.7500
212     12  0.7500
183     11  0.6875
290     11  0.6875
238     11  0.6875
493     11  0.6875
263     11  0.6875
108     11  0.6875
113     11  0.6875
354     11  0.6875
388     11  0.6875
141     11  0.6875
74      11  0.6875
279     11  0.6875
324     11  0.6875
     Count   Value
339     16  1.0000
504     13  0.8125
133     13  0.8125
146     12  0.7500
41      12  0.7500
420     12  0.7500
212     12  0.7500
183     11  0.6875
290     11  0.6875
238     11  0.6875
Current: [41, 133, 146, 212, 339, 420, 504]
Subround 17
not enough
     Count     Value
339     17  1.000000
504     13  0.764706
41      13  0.764706
133     13  0.764706
146     12  0.705882
136     12  0.705882
212     12  0.705882
353     12  0.705882
420     12  0.705882
113     12  0.705882
279     12  0.705882
65      12  0.705882
98      11  0.647059
287     11  0.647059
290     11  0.647059
237     11  0.647059
180     11  0.647059
141     11  0.647059
163     11  0.647059
238     11  0.647059
     Count     Value
339     17  1.000000
504     13  0.764706
41      13  0.764706
133     13  0.764706
146     12  0.705882
136     12  0.705882
212     12  0.705882
353     12  0.705882
420     12  0.705882
113     12  0.705882
Current: [41, 65, 113, 133, 136, 146, 212, 279, 339, 353, 420, 504]
Subround 18
not enough
     Count     Value
339     18  1.000000
279     13  0.722222
420     13  0.722222
353     13  0.722222
133     13  0.722222
41      13  0.722222
504     13  0.722222
203     12  0.666667
212     12  0.666667
378     12  0.666667
448     12  0.666667
33      12  0.666667
263     12  0.666667
238     12  0.666667
141     12  0.666667
146     12  0.666667
324     12  0.666667
180     12  0.666667
311     12  0.666667
65      12  0.666667
     Count     Value
339     18  1.000000
279     13  0.722222
420     13  0.722222
353     13  0.722222
133     13  0.722222
41      13  0.722222
504     13  0.722222
203     12  0.666667
212     12  0.666667
378     12  0.666667
Current: [41, 133, 279, 339, 353, 420, 504]
Subround 19
not enough
     Count     Value
339     19  1.000000
133     14  0.736842
353     14  0.736842
504     14  0.736842
41      14  0.736842
290     13  0.684211
146     13  0.684211
279     13  0.684211
287     13  0.684211
324     13  0.684211
420     13  0.684211
448     13  0.684211
311     13  0.684211
263     13  0.684211
113     13  0.684211
152     13  0.684211
108     12  0.631579
141     12  0.631579
180     12  0.631579
84      12  0.631579
     Count     Value
339     19  1.000000
133     14  0.736842
353     14  0.736842
504     14  0.736842
41      14  0.736842
290     13  0.684211
146     13  0.684211
279     13  0.684211
287     13  0.684211
324     13  0.684211
Current: [41, 133, 339, 353, 504]
Subround 20
     Count  Value
339     20   1.00
133     15   0.75
504     15   0.75
41      14   0.70
263     14   0.70
152     14   0.70
353     14   0.70
287     14   0.70
290     14   0.70
311     14   0.70
324     14   0.70
113     14   0.70
388     13   0.65
33      13   0.65
212     13   0.65
258     13   0.65
415     13   0.65
430     13   0.65
277     13   0.65
163     13   0.65
     Count  Value
339     20   1.00
133     15   0.75
504     15   0.75
41      14   0.70
263     14   0.70
152     14   0.70
353     14   0.70
287     14   0.70
290     14   0.70
311     14   0.70
Current: [133, 339, 504]
Round 2
Subround 1
not enough
     Count     Value
339     20  0.952381
133     16  0.761905
504     15  0.714286
290     14  0.666667
324     14  0.666667
353     14  0.666667
311     14  0.666667
287     14  0.666667
113     14  0.666667
41      14  0.666667
263     14  0.666667
152     14  0.666667
98      13  0.619048
388     13  0.619048
56      13  0.619048
277     13  0.619048
415     13  0.619048
163     13  0.619048
430     13  0.619048
218     13  0.619048
     Count  Value
133      1    1.0
176      1    1.0
Current: [339]
Subround 2
not enough
     Count     Value
339     21  0.954545
133     16  0.727273
504     15  0.681818
290     14  0.636364
324     14  0.636364
353     14  0.636364
311     14  0.636364
287     14  0.636364
113     14  0.636364
41      14  0.636364
263     14  0.636364
152     14  0.636364
98      13  0.590909
388     13  0.590909
56      13  0.590909
277     13  0.590909
415     13  0.590909
163     13  0.590909
430     13  0.590909
218     13  0.590909
     Count  Value
176      2    1.0
133      1    0.5
339      1    0.5
Current: [339]
Subround 3
not enough
     Count     Value
339     22  0.956522
133     17  0.739130
504     15  0.652174
290     14  0.608696
324     14  0.608696
353     14  0.608696
311     14  0.608696
287     14  0.608696
113     14  0.608696
41      14  0.608696
263     14  0.608696
152     14  0.608696
98      13  0.565217
388     13  0.565217
56      13  0.565217
277     13  0.565217
415     13  0.565217
163     13  0.565217
430     13  0.565217
218     13  0.565217
     Count     Value
133      2  0.666667
176      2  0.666667
339      2  0.666667
Current: [339]
Subround 4
not enough
     Count     Value
339     22  0.916667
133     18  0.750000
504     16  0.666667
290     14  0.583333
324     14  0.583333
353     14  0.583333
311     14  0.583333
287     14  0.583333
113     14  0.583333
41      14  0.583333
263     14  0.583333
152     14  0.583333
98      13  0.541667
388     13  0.541667
56      13  0.541667
277     13  0.541667
415     13  0.541667
163     13  0.541667
430     13  0.541667
218     13  0.541667
     Count  Value
133      3   0.75
176      2   0.50
339      2   0.50
504      1   0.25
Current: [339]
Subround 5
not enough
     Count  Value
339     23   0.92
133     18   0.72
504     17   0.68
290     14   0.56
324     14   0.56
353     14   0.56
311     14   0.56
287     14   0.56
113     14   0.56
41      14   0.56
263     14   0.56
152     14   0.56
98      13   0.52
388     13   0.52
56      13   0.52
277     13   0.52
415     13   0.52
163     13   0.52
430     13   0.52
218     13   0.52
     Count  Value
133      3    0.6
339      3    0.6
176      2    0.4
504      2    0.4
Current: [339]
Subround 6
not enough
     Count     Value
339     23  0.884615
133     19  0.730769
504     17  0.653846
176     14  0.538462
311     14  0.538462
263     14  0.538462
287     14  0.538462
324     14  0.538462
152     14  0.538462
353     14  0.538462
290     14  0.538462
113     14  0.538462
41      14  0.538462
84      13  0.500000
471     13  0.500000
279     13  0.500000
415     13  0.500000
98      13  0.500000
388     13  0.500000
56      13  0.500000
     Count     Value
133      4  0.666667
176      3  0.500000
339      3  0.500000
504      2  0.333333
Current: [339]
Subround 7
not enough
     Count     Value
339     24  0.888889
133     19  0.703704
504     18  0.666667
176     14  0.518519
311     14  0.518519
263     14  0.518519
287     14  0.518519
324     14  0.518519
152     14  0.518519
353     14  0.518519
290     14  0.518519
113     14  0.518519
41      14  0.518519
84      13  0.481481
471     13  0.481481
279     13  0.481481
415     13  0.481481
98      13  0.481481
388     13  0.481481
56      13  0.481481
     Count     Value
133      4  0.571429
339      4  0.571429
176      3  0.428571
504      3  0.428571
Current: [339]
Subround 8
not enough
     Count     Value
339     25  0.892857
133     19  0.678571
504     18  0.642857
176     15  0.535714
311     14  0.500000
263     14  0.500000
287     14  0.500000
324     14  0.500000
152     14  0.500000
353     14  0.500000
290     14  0.500000
113     14  0.500000
41      14  0.500000
84      13  0.464286
471     13  0.464286
279     13  0.464286
415     13  0.464286
98      13  0.464286
388     13  0.464286
56      13  0.464286
     Count  Value
339      5  0.625
133      4  0.500
176      4  0.500
504      3  0.375
Current: [339]
Subround 9
not enough
     Count     Value
339     25  0.862069
133     20  0.689655
504     19  0.655172
176     15  0.517241
311     14  0.482759
263     14  0.482759
287     14  0.482759
324     14  0.482759
152     14  0.482759
353     14  0.482759
290     14  0.482759
113     14  0.482759
41      14  0.482759
84      13  0.448276
471     13  0.448276
279     13  0.448276
415     13  0.448276
98      13  0.448276
388     13  0.448276
56      13  0.448276
     Count     Value
133      5  0.555556
339      5  0.555556
176      4  0.444444
504      4  0.444444
Current: [339]
Subround 10
     Count     Value
339     26  0.866667
133     21  0.700000
504     19  0.633333
176     15  0.500000
311     14  0.466667
263     14  0.466667
287     14  0.466667
324     14  0.466667
152     14  0.466667
353     14  0.466667
290     14  0.466667
113     14  0.466667
41      14  0.466667
84      13  0.433333
471     13  0.433333
279     13  0.433333
415     13  0.433333
98      13  0.433333
388     13  0.433333
56      13  0.433333
     Count  Value
133      6    0.6
339      6    0.6
176      4    0.4
504      4    0.4
Current: [339]
Winning offset:
[339]
2021-09-08 05:16:34.042331
2021-09-08 05:18:12.251383
0:01:38.209052
