Loading page file profiles/packet3/pages/0x6e4a.yaml
Loading page file profiles/packet3/pages/0x6e60.yaml
Loading page file profiles/packet3/pages/0x6ee3.yaml
Loading page file profiles/packet3/pages/0x7241.yaml
Loading page file profiles/packet3/pages/0x7242.yaml
Loading page file profiles/packet3/pages/0x7243.yaml
Loading page file profiles/packet3/pages/0x7244.yaml
Round 0
Subround 0
Empty DataFrame
Columns: [Timestamp, TS First Frame, TS Prev Frame]
Index: []
         Server1  Server2
Offset                   
14      184454.0  52833.0
127       8330.0   2701.0
348       7678.0   2434.0
57        7500.0   2603.0
371       6424.0   2343.0
16        6362.0   2240.0
267       6350.0   2290.0
188       6324.0   2244.0
437       6288.0   2158.0
227       6254.0   2286.0
184       6102.0   2185.0
105       6092.0   2097.0
236       6084.0   2027.0
401       6080.0   1984.0
12        5962.0   1985.0
160       5852.0   1974.0
304       5820.0   1967.0
95        5788.0   2005.0
118       5742.0   1991.0
185       5734.0   1998.0
Current: [6, 7, 10, 14, 15, 18, 20, 21, 22, 23, 24, 28, 31, 32, 33, 36, 38, 39, 40, 41, 45, 48, 49, 50, 52, 53, 54, 55, 56, 58, 59, 60, 62, 63, 69, 71, 74, 77, 80, 82, 88, 89, 91, 92, 95, 97, 99, 100, 101, 103, 104, 108, 109, 111, 113, 115, 116, 118, 119, 121, 129, 131, 133, 136, 138, 143, 144, 145, 148, 150, 154, 155, 156, 157, 159, 160, 161, 162, 163, 164, 165, 171, 173, 174, 177, 178, 181, 183, 184, 186, 187, 189, 190, 192, 194, 196, 197, 198, 202, 203, 204, 205, 206, 208, 209, 210, 211, 214, 215, 216, 218, 219, 220, 222, 227, 230, 231, 232, 233, 236, 247, 249, 251, 252, 254, 255, 258, 260, 262, 266, 267, 271, 272, 275, 276, 277, 279, 282, 283, 284, 285, 287, 288, 289, 291, 292, 294, 295, 296, 297, 298, 299, 300, 302, 306, 307, 308, 311, 314, 315, 317, 318, 319, 320, 322, 323, 324, 325, 326, 328, 332, 334, 336, 337, 338, 340, 343, 348, 350, 352, 355, 356, 357, 358, 362, 363, 365, 368, 369, 372, 378, 382, 384, 386, 388, 389, 390, 392, 394, 400, 401, 402, 404, 406, 408, 410, 411, 413, 414, 415, 419, 425, 427, 428, 430, 431, 434, 435, 439, 440, 441, 443, 444, 450, 451, 454, 455, 458, 463, 465, 466, 468, 470, 471, 473, 479, 487, 490, 493, 494, 495, 497, 500, 502, 504, 505, 506, 507, 508, 509]
Subround 1
         Timestamp  TS First Frame  TS Prev Frame
Offset                                           
198     24454912.0      47361137.5      1052921.5
92      24931328.0      48146026.0      1039253.0
263     24510592.0      47547700.0      1030870.0
160     25104512.0      48827938.5      1000624.0
79      24616192.0      47972180.5       999060.0
275     24667776.0      47776851.5       991106.5
237     24943488.0      48049435.5       990686.0
184     24945920.0      48318188.5       986721.5
5       24814720.0      48258161.5       986650.5
300     24762112.0      47812866.0       985927.5
365     25033728.0      48804003.5       984191.0
234     25132928.0      48880509.0       978197.0
390     25154304.0      48967811.5       974666.0
416     25128448.0      48908597.5       968514.5
322     24382336.0      47535468.0       956241.0
108     24614400.0      47733413.5       954763.0
54      24591616.0      47691035.0       954283.5
12      25160064.0      48813340.5       952389.5
378     25113856.0      48941479.0       949076.5
127     25113088.0      49002405.0       946235.5
         Server1  Server2
Offset                   
14      173307.0  49665.5
499       9794.0   2927.0
160       6671.0   2241.5
127       6592.0   2221.5
384       6492.0   2281.0
57        6223.0   2221.5
319       6055.0   2007.0
416       5859.0   1910.0
322       5838.0   1985.0
381       5828.0   2086.5
192       5811.0   1955.5
417       5752.0   1895.0
184       5752.0   2041.5
105       5690.0   2052.5
95        5659.0   1979.5
12        5653.0   1904.0
371       5637.0   2042.0
263       5582.0   1983.5
437       5517.0   1980.5
304       5507.0   1902.5
Current: [6, 7, 10, 14, 15, 18, 22, 24, 28, 33, 38, 41, 45, 48, 49, 50, 54, 55, 66, 74, 80, 88, 89, 91, 92, 94, 95, 97, 100, 103, 104, 108, 109, 111, 113, 118, 119, 131, 136, 144, 145, 155, 157, 159, 162, 163, 165, 171, 177, 178, 183, 187, 197, 198, 202, 203, 204, 206, 211, 214, 216, 218, 219, 222, 230, 231, 233, 236, 251, 252, 254, 255, 260, 262, 266, 267, 279, 282, 283, 284, 287, 291, 296, 297, 302, 306, 307, 308, 311, 315, 320, 322, 323, 324, 328, 332, 336, 337, 338, 340, 343, 348, 350, 352, 355, 356, 357, 359, 362, 368, 369, 378, 386, 388, 390, 392, 400, 402, 404, 406, 411, 413, 422, 427, 428, 430, 431, 434, 435, 441, 443, 455, 458, 470, 473, 479, 487, 489, 490, 493, 494, 495, 497, 506, 507]
Subround 2
         Timestamp  TS First Frame  TS Prev Frame
Offset                                           
365     24862720.0      48758409.0      1034943.0
184     24946176.0      48349416.0      1006065.0
275     24652032.0      48122178.0       989857.0
267     25082624.0      48495851.0       988601.0
489     26242048.0      51080524.0       985132.5
5       24847104.0      48295994.0       983568.0
253     24812032.0      48106747.0       978172.0
322     24631296.0      47636034.0       974120.0
488     25070336.0      48300566.0       973671.0
423     24922624.0      48554114.0       971431.0
390     25094144.0      48933279.0       971183.0
282     24927744.0      47997607.0       970882.0
416     25051904.0      48882107.0       967669.0
484     24594432.0      47827528.0       965539.0
480     24796672.0      48015878.0       965154.0
346     24927744.0      48549611.0       964241.0
108     24820992.0      48127601.0       962556.0
410     24925952.0      48254526.0       960862.0
236     24719872.0      48319716.0       954437.0
473     24699392.0      48387785.0       954079.0
              Server1       Server2
Offset                             
14      192920.666667  55276.333333
499       8124.666667   2552.000000
384       6303.333333   2171.333333
127       6295.333333   2167.333333
160       5927.333333   2044.000000
227       5914.666667   2075.333333
381       5711.333333   2056.666667
57        5706.000000   2039.666667
319       5680.666667   1910.000000
184       5614.666667   1961.666667
322       5603.333333   1956.333333
417       5598.666667   1919.666667
89        5593.333333   2006.000000
12        5589.333333   1939.000000
179       5554.666667   2016.666667
315       5489.333333   1900.000000
416       5485.333333   1842.333333
304       5472.000000   1928.666667
0         5465.333333   1836.333333
397       5461.333333   1947.333333
Current: [6, 7, 14, 15, 18, 22, 33, 48, 74, 80, 94, 95, 97, 103, 104, 108, 111, 113, 119, 131, 144, 155, 157, 163, 165, 171, 177, 178, 183, 187, 197, 198, 203, 206, 214, 216, 218, 231, 251, 254, 266, 267, 282, 297, 302, 306, 307, 320, 322, 323, 324, 328, 337, 348, 350, 359, 362, 368, 369, 392, 402, 406, 411, 428, 431, 455, 458, 473, 479, 489, 490, 497]
Subround 3
         Timestamp  TS First Frame  TS Prev Frame
Offset                                           
473     24587648.0      47882409.5      1015921.0
365     24753664.0      48184006.5       984191.0
237     24860288.0      47998639.5       981652.0
489     25289984.0      49516378.0       979065.0
405     25183232.0      49077334.0       970618.0
184     24967296.0      48620032.0       969273.0
416     25035264.0      48740809.0       965463.0
410     25007104.0      48547795.0       959270.5
5       24892544.0      48557002.5       958682.0
322     24628096.0      47690552.0       956241.0
160     24952704.0      48409912.0       953140.0
79      24902528.0      48380799.0       951272.5
437     24759808.0      48217971.0       950720.0
390     24971264.0      48794417.5       945761.5
267     25106688.0      48695548.5       944738.0
327     24935424.0      48647330.5       944498.5
479     25016832.0      48651193.5       941220.0
423     25071616.0      48749927.0       936269.0
198     24474752.0      47732231.5       935382.0
480     24851328.0      48230207.5       932967.0
         Server1   Server2
Offset                    
14      185583.5  53170.00
499       7283.5   2357.50
384       6195.5   2116.75
160       5905.5   2012.00
127       5713.0   1997.75
227       5704.5   1982.50
417       5569.5   1894.75
322       5494.0   1899.25
267       5491.0   1983.00
416       5478.0   1865.50
57        5476.0   1965.00
0         5451.5   1819.50
441       5421.5   1938.75
235       5387.0   1841.75
347       5363.5   1837.00
89        5276.0   1875.50
96        5263.0   1855.75
7         5256.0   1913.00
326       5233.5   1857.75
184       5227.0   1833.00
Current: [1, 6, 7, 10, 14, 15, 18, 22, 23, 25, 28, 33, 39, 45, 46, 48, 55, 69, 74, 80, 83, 86, 88, 94, 95, 97, 99, 103, 104, 106, 108, 109, 111, 113, 116, 118, 119, 126, 128, 131, 132, 137, 144, 155, 156, 157, 160, 162, 163, 165, 171, 173, 177, 178, 183, 187, 192, 194, 197, 198, 199, 203, 206, 214, 216, 218, 223, 226, 231, 237, 251, 254, 255, 260, 262, 266, 267, 268, 272, 273, 276, 279, 282, 283, 286, 287, 290, 296, 297, 302, 306, 307, 311, 320, 322, 323, 324, 326, 328, 331, 332, 337, 341, 348, 350, 355, 357, 359, 362, 365, 367, 368, 369, 381, 384, 390, 392, 400, 401, 402, 406, 411, 413, 415, 420, 427, 428, 431, 434, 441, 442, 443, 445, 454, 455, 457, 458, 464, 465, 466, 468, 472, 473, 479, 484, 486, 490, 495, 497, 505, 508]
Subround 4
         Timestamp  TS First Frame  TS Prev Frame
Offset                                           
416     25051904.0      48882107.0       963257.0
410     24925952.0      48254526.0       957679.0
473     24475904.0      47377034.0       954079.0
237     25010432.0      48131556.0       952520.0
437     24742400.0      48037065.0       947710.0
79      24689920.0      47969413.0       942964.0
327     24657408.0      48148502.0       940875.0
322     24624896.0      47636034.0       938362.0
479     25012224.0      48469746.0       938053.0
160     24919040.0      48242216.0       936805.0
5       24847104.0      48295994.0       933796.0
365     24644608.0      47609604.0       933439.0
184     24946176.0      48349416.0       932481.0
198     24455936.0      47612041.0       927880.0
390     24848384.0      48655556.0       920340.0
127     24587264.0      47945392.0       908468.0
89      24404224.0      47436172.0       906726.0
57      24533760.0      47487291.0       901764.0
423     25220608.0      48945740.0       901107.0
267     25082624.0      48495851.0       900875.0
         Server1  Server2
Offset                   
14      261722.8  75015.6
499       6169.6   2001.6
362       5982.0   2051.6
384       5756.4   1954.2
160       5094.0   1737.4
314       5007.6   1746.8
334       4995.2   1740.2
227       4992.8   1728.8
441       4988.8   1757.6
267       4953.2   1766.8
127       4928.8   1717.0
226       4924.8   1727.6
347       4924.0   1667.4
417       4877.2   1657.8
187       4848.4   1737.2
322       4825.6   1654.6
20        4819.2   1688.0
57        4806.4   1714.2
192       4793.6   1641.8
261       4744.8   1647.2
Current: [14, 18, 22, 23, 25, 33, 45, 48, 74, 80, 83, 86, 88, 94, 95, 103, 106, 108, 111, 113, 116, 119, 126, 132, 137, 144, 155, 156, 160, 162, 163, 165, 171, 173, 177, 178, 183, 187, 197, 198, 203, 206, 214, 216, 251, 254, 255, 262, 267, 268, 272, 276, 282, 286, 297, 306, 307, 311, 320, 323, 326, 332, 337, 348, 350, 359, 362, 369, 390, 391, 400, 402, 406, 411, 415, 420, 428, 434, 441, 445, 454, 457, 458, 464, 472, 473, 479, 484, 490, 495, 497, 508]
Subround 5
         Timestamp  TS First Frame  TS Prev Frame
Offset                                           
390     24848384.0      48655556.0       971183.0
416     25018624.0      48599511.0       967669.0
365     24425984.0      47512800.0       927259.0
127     24667520.0      47997701.0       913565.0
237     24860288.0      47998639.5       913166.0
479     24900736.0      48285223.5       905918.5
57      24608000.0      47952953.0       901764.0
316     24655360.0      48107784.0       899129.5
322     24569344.0      47690552.0       887043.5
179     25008640.0      48564026.5       885016.0
89      24447744.0      47522997.5       882950.0
203     24536576.0      47784046.5       878738.5
118     24873600.0      48124913.0       874449.0
300     24640256.0      48078731.5       872711.0
4       24581120.0      48134779.0       869041.0
160     24832896.0      48219981.5       866725.0
96      24413312.0      47724662.0       861933.5
12      24792704.0      48335394.0       861886.5
486     24475520.0      47824464.0       856695.0
490     24647552.0      48017354.5       853698.5
              Server1       Server2
Offset                             
14      247861.000000  71045.833333
362       5704.666667   1974.333333
499       5427.333333   1768.000000
384       5217.000000   1765.333333
127       5101.333333   1786.166667
441       5053.000000   1756.166667
320       4841.666667   1710.000000
227       4832.000000   1695.666667
57        4821.000000   1721.500000
160       4820.000000   1652.500000
267       4817.333333   1733.000000
322       4811.000000   1651.833333
416       4768.000000   1645.500000
235       4743.666667   1634.000000
12        4719.000000   1642.166667
89        4710.666667   1661.666667
315       4697.333333   1612.666667
105       4652.333333   1653.000000
381       4647.666667   1640.666667
236       4631.666667   1604.333333
Current: [14, 18, 22, 33, 48, 94, 95, 103, 113, 137, 144, 160, 162, 165, 171, 178, 187, 203, 206, 214, 216, 251, 262, 267, 272, 282, 286, 297, 306, 307, 320, 323, 326, 332, 337, 348, 350, 359, 390, 391, 400, 411, 428, 434, 454, 457, 458, 473, 484, 490, 497]
Subround 6
         Timestamp  TS First Frame  TS Prev Frame
Offset                                           
416     25035264.0      48740809.0       965463.0
322     24628096.0      47823630.5       954685.0
390     24937600.0      48794417.5       945761.5
473     24475904.0      47377034.0       935909.0
365     24644608.0      47609604.0       933439.0
327     24657408.0      48148502.0       930459.0
127     24880128.0      48317538.0       925191.0
378     24839680.0      48354710.0       909808.0
89      24526976.0      47691734.5       906585.5
57      24626944.0      47967339.5       903931.0
480     24905984.0      48444537.0       900780.0
410     24821760.0      48254526.0       896295.0
437     24742400.0      48037065.0       890137.0
488     25070336.0      48793023.0       889466.0
160     24847360.0      48242216.0       885575.0
179     24923392.0      48415194.0       874282.0
218     24850176.0      48501928.0       874008.0
237     24710144.0      47865723.0       873812.0
479     24789248.0      48100701.0       873784.0
486     24537344.0      47898984.0       872524.0
              Server1       Server2
Offset                             
14      232402.571429  66619.571429
362       5783.142857   1978.428571
499       5224.000000   1715.428571
384       5184.285714   1767.857143
441       5142.285714   1773.857143
89        5023.714286   1738.142857
127       5019.142857   1766.571429
315       4935.142857   1679.571429
267       4932.285714   1766.285714
322       4844.285714   1659.857143
416       4841.142857   1676.571429
57        4817.142857   1721.714286
160       4791.428571   1657.000000
227       4680.857143   1638.571429
334       4672.571429   1607.857143
234       4662.857143   1612.142857
34        4647.714286   1622.000000
326       4644.000000   1610.428571
320       4621.714286   1612.000000
321       4609.142857   1585.571429
Current: [6, 10, 14, 18, 21, 22, 23, 25, 29, 33, 45, 48, 74, 80, 81, 88, 95, 102, 103, 106, 108, 109, 111, 113, 131, 137, 144, 155, 156, 160, 162, 163, 165, 171, 175, 177, 178, 183, 187, 197, 203, 205, 206, 214, 216, 243, 251, 252, 256, 260, 262, 267, 272, 278, 282, 286, 293, 297, 303, 304, 306, 307, 311, 320, 323, 326, 331, 332, 335, 337, 341, 343, 348, 350, 355, 359, 369, 377, 381, 384, 390, 392, 400, 411, 414, 415, 419, 428, 431, 434, 441, 454, 457, 458, 462, 465, 473, 479, 484, 487, 490, 495, 497, 507, 508]
Subround 7
         Timestamp  TS First Frame  TS Prev Frame
Offset                                           
416     25035264.0      48740809.0       927781.0
365     24520704.0      47642802.0       927259.0
127     24667520.0      47997701.0       913565.0
390     24778112.0      48487353.0       905869.0
322     24569344.0      47690552.0       887043.5
89      24447744.0      47522997.5       882809.5
57      24570880.0      47720122.0       869811.5
486     24475520.0      47824464.0       855688.5
378     24970240.0      48436552.5       847493.0
327     24595840.0      47984384.5       845162.0
160     24797056.0      48219981.5       841110.0
234     24736128.0      48320984.0       822783.5
151     24578432.0      47994245.0       820644.0
187     24251136.0      47556673.5       818678.0
437     24579968.0      47745381.5       817876.0
218     24810496.0      48429194.5       812085.5
35      24952832.0      48657188.5       811093.5
267     25106688.0      48615578.5       800470.0
423     24978560.0      48680973.0       800152.5
441     24131072.0      47832955.5       793734.5
          Server1    Server2
Offset                      
14      262112.25  75124.750
362       5343.75   1824.500
499       4804.75   1581.750
384       4795.25   1634.625
441       4775.25   1639.875
89        4640.75   1603.625
127       4619.25   1624.000
315       4602.00   1563.625
267       4572.50   1627.875
322       4544.75   1550.000
160       4544.75   1564.125
416       4481.75   1546.500
334       4463.50   1527.875
57        4461.00   1589.375
320       4434.75   1534.500
192       4370.75   1486.000
234       4356.25   1503.000
227       4346.00   1518.875
34        4332.00   1504.250
321       4329.75   1482.500
Current: [10, 14, 18, 21, 22, 23, 48, 74, 81, 102, 109, 137, 144, 160, 162, 165, 175, 177, 178, 187, 203, 206, 216, 243, 251, 252, 272, 278, 286, 297, 307, 323, 326, 331, 332, 337, 341, 343, 348, 350, 359, 377, 381, 390, 391, 392, 400, 411, 419, 431, 454, 457, 458, 462, 465, 473, 479, 484, 487, 490, 495, 507]
Subround 8
         Timestamp  TS First Frame  TS Prev Frame
Offset                                           
365     24396800.0      47609604.0       921079.0
127     24587264.0      47945392.0       908468.0
416     25028864.0      48599511.0       892305.0
390     24707840.0      48319150.0       891398.0
89      24404224.0      47436172.0       859174.0
486     24413696.0      47749944.0       838853.0
57      24533760.0      47560181.0       837859.0
322     24513792.0      47636034.0       835725.0
4       24670976.0      48279546.0       827975.0
342     24621568.0      47881708.0       819190.0
470     24658944.0      47947214.0       813318.0
151     24521728.0      47850279.0       812106.0
272     24506624.0      48073140.0       804483.0
160     24746752.0      48197747.0       796645.0
234     24654336.0      48267124.0       796156.0
187     24146432.0      47418195.0       793352.0
110     24433920.0      47484529.0       790876.0
378     24839680.0      48354710.0       785178.0
419     24212224.0      47308833.0       780266.0
466     24894976.0      48759320.0       772640.0
              Server1       Server2
Offset                             
14      255067.111111  73128.777778
362       5367.555556   1842.222222
384       4667.555556   1581.222222
441       4579.555556   1572.333333
320       4499.333333   1548.333333
499       4439.111111   1466.444444
267       4416.888889   1559.666667
416       4406.888889   1543.666667
315       4370.222222   1482.222222
127       4358.444444   1527.444444
34        4343.333333   1529.666667
89        4340.000000   1495.666667
235       4331.333333   1485.666667
105       4315.555556   1544.111111
322       4305.555556   1463.222222
160       4292.888889   1473.444444
319       4283.111111   1429.888889
234       4278.666667   1466.000000
192       4258.000000   1435.666667
381       4248.888889   1486.222222
Current: [14, 18, 21, 22, 74, 109, 137, 165, 175, 178, 187, 206, 216, 243, 251, 278, 286, 297, 307, 323, 326, 331, 332, 337, 350, 359, 381, 390, 400, 419, 431, 454, 457, 458, 462, 465, 473, 479]
Subround 9
         Timestamp  TS First Frame  TS Prev Frame
Offset                                           
365     24517888.0      47615931.5       916956.5
127     24667520.0      47997701.0       893588.5
416     25023744.0      48511154.0       889725.0
390     24697344.0      48029286.0       888165.5
4       24759808.0      48341031.0       860958.5
342     24602752.0      47828173.5       848933.0
57      24570880.0      47756567.0       829592.5
322     24473728.0      47690552.0       828404.5
151     24416256.0      47570202.5       820644.0
272     24628224.0      48134752.0       807757.5
89      24361472.0      47432589.5       807040.5
378     24913280.0      48436552.5       806691.0
267     25106688.0      48615578.5       800470.0
423     24886400.0      48526422.0       800152.5
108     24761344.0      48299015.0       797608.5
185     24780672.0      48383712.5       796081.5
381     24485760.0      47680004.0       793851.0
441     24131072.0      47475762.0       793734.5
466     25035648.0      48856058.0       793652.5
326     24624640.0      48123251.0       790055.0
         Server1  Server2
Offset                   
14      245301.2  70330.6
362       5495.6   1876.2
384       4782.2   1629.7
441       4618.8   1583.3
320       4528.0   1565.8
416       4454.4   1566.8
34        4434.6   1566.5
267       4434.0   1564.0
127       4425.8   1540.7
89        4420.8   1520.0
235       4410.0   1508.3
105       4393.4   1557.0
381       4358.2   1525.5
322       4332.0   1484.8
315       4316.4   1458.7
334       4315.2   1471.6
185       4305.6   1508.5
227       4291.6   1486.6
57        4284.8   1522.9
187       4259.4   1490.6
Current: [14, 18, 21, 22, 23, 45, 48, 74, 81, 86, 88, 102, 105, 109, 123, 137, 144, 163, 165, 171, 174, 175, 178, 187, 198, 203, 206, 216, 218, 230, 231, 243, 251, 256, 262, 267, 272, 273, 278, 282, 286, 297, 307, 311, 320, 323, 325, 326, 331, 332, 335, 337, 350, 354, 357, 359, 365, 381, 384, 390, 392, 394, 399, 400, 419, 430, 431, 438, 442, 454, 457, 458, 462, 465, 473, 477, 479, 480, 484, 495, 507]
Subround 10
         Timestamp  TS First Frame  TS Prev Frame
Offset                                           
365     24638976.0      47622259.0       912834.0
416     25023744.0      48511154.0       889725.0
390     24707840.0      48174683.0       884933.0
127     24747776.0      48050010.0       883785.0
4       24848640.0      48402516.0       876578.0
89      24404224.0      47436172.0       859174.0
441     24138240.0      47476756.0       849318.0
326     24655360.0      48200174.0       849163.0
423     24922624.0      48554114.0       847454.0
267     25082624.0      48735306.0       845786.0
96      24281856.0      47647058.0       840365.0
179     24403712.0      47860676.0       840193.0
486     24413696.0      47793265.0       838853.0
12      24503040.0      47556454.0       838167.0
57      24608000.0      47952953.0       837859.0
322     24513792.0      47745070.0       835725.0
151     24521728.0      47850279.0       829182.0
378     24986880.0      48518395.0       828204.0
203     24585728.0      47993870.0       826570.0
381     24544768.0      47751645.0       819980.0
              Server1       Server2
Offset                             
14      240587.636364  68978.090909
188       7618.545455   2407.181818
362       5326.363636   1814.363636
384       4807.636364   1647.272727
441       4658.363636   1594.090909
89        4540.181818   1563.909091
322       4513.636364   1536.636364
267       4477.090909   1586.636364
381       4427.272727   1552.454545
127       4398.727273   1531.090909
34        4355.272727   1536.181818
315       4340.909091   1477.545455
227       4338.727273   1496.454545
320       4330.727273   1495.636364
416       4329.272727   1520.090909
334       4317.454545   1496.545455
319       4302.363636   1444.818182
105       4301.090909   1517.636364
57        4296.363636   1531.181818
326       4295.454545   1501.363636
Current: [14, 18, 21, 23, 74, 88, 109, 123, 137, 165, 171, 178, 206, 216, 218, 230, 243, 251, 262, 272, 273, 282, 297, 307, 323, 325, 326, 337, 350, 354, 359, 381, 384, 391, 400, 418, 430, 431, 438, 457, 462, 473, 479, 480, 489, 495]
Subround 11
         Timestamp  TS First Frame  TS Prev Frame
Offset                                           
365     24641792.0      47649129.5       916956.5
416     25028864.0      48599511.0       892305.0
390     24753664.0      48319150.0       891398.0
127     24667520.0      47997701.0       881247.0
378     24913280.0      48436552.5       863872.5
326     24778368.0      48236471.5       855773.5
4       24851456.0      48526653.0       852276.5
342     24641792.0      47960464.5       848933.0
151     24578432.0      47959968.0       846289.5
381     24544768.0      47751645.0       845344.0
12      24608000.0      47632251.5       840424.0
179     24547968.0      47954887.0       840007.0
57      24626944.0      47964754.0       832072.5
322     24560384.0      47823630.5       830596.0
96      24432896.0      47724662.0       815311.5
186     24468736.0      47808071.0       812861.0
236     24660736.0      48111713.5       812493.5
510     24372224.0      47629764.5       809162.0
441     24210048.0      47821296.0       807988.5
272     24562560.0      47997457.0       807757.5
              Server1       Server2
Offset                             
14      236794.333333  67892.583333
98       17177.333333   5201.583333
188       7150.666667   2263.916667
5         6357.166667   2073.583333
362       5297.500000   1822.333333
384       4840.166667   1663.583333
441       4702.833333   1611.833333
89        4570.833333   1571.916667
267       4561.333333   1603.916667
322       4510.666667   1533.750000
227       4492.833333   1540.000000
347       4458.833333   1520.583333
381       4453.166667   1565.500000
34        4414.166667   1554.833333
320       4408.500000   1525.750000
315       4404.333333   1505.583333
283       4394.333333   1529.750000
127       4394.000000   1528.916667
416       4392.333333   1535.916667
234       4379.166667   1507.916667
Current: [14, 18, 88, 109, 123, 137, 165, 171, 178, 216, 218, 243, 251, 262, 272, 273, 282, 297, 307, 323, 326, 337, 350, 354, 359, 381, 400, 431, 457, 462, 473, 479, 480, 489, 495]
Subround 12
         Timestamp  TS First Frame  TS Prev Frame
Offset                                           
365     24638976.0      47676000.0       912834.0
378     24850944.0      48354710.0       899541.0
416     25023744.0      48511154.0       889725.0
390     24707840.0      48174683.0       884933.0
127     24747776.0      48050010.0       878709.0
237     24873728.0      48131556.0       873812.0
300     24622080.0      48063412.0       865567.0
316     24588288.0      47897344.0       865197.0
89      24491264.0      47609823.0       859174.0
326     24799488.0      48236471.5       855773.5
118     24734976.0      47977410.0       846193.0
479     24355072.0      47914886.0       843410.0
12      24712960.0      47708049.0       842681.0
96      24583936.0      47802266.0       840365.0
179     24692224.0      48049098.0       840193.0
57      24645888.0      47976555.0       837859.0
322     24606976.0      47902191.0       835725.0
5       24666752.0      47886710.5       831326.5
0       25054976.0      48218639.0       830457.0
151     24521728.0      47850279.0       829182.0
              Server1       Server2
Offset                             
14      234813.076923  67317.384615
98       16214.769231   4931.538462
70        8711.846154   2722.076923
188       6897.076923   2185.307692
5         6248.769231   2054.384615
362       5067.692308   1741.461538
384       4891.384615   1676.461538
441       4795.692308   1644.615385
89        4701.384615   1606.923077
267       4619.538462   1629.384615
322       4598.000000   1576.538462
127       4571.384615   1592.076923
347       4510.153846   1543.615385
315       4507.846154   1534.769231
334       4482.153846   1553.538462
234       4477.846154   1545.000000
227       4443.230769   1531.153846
283       4436.153846   1547.923077
187       4426.615385   1546.076923
57        4395.692308   1562.692308
Current: [14, 18, 123, 137, 165, 171, 216, 218, 243, 251, 262, 273, 307, 323, 326, 337, 350, 354, 359, 381, 400, 457, 489, 495]
Subround 13
         Timestamp  TS First Frame  TS Prev Frame
Offset                                           
365     24555008.0      47649129.5       885139.0
416     24943232.0      48334362.5       867866.0
390     24697344.0      47957052.5       864195.5
378     24845312.0      48322886.5       863872.5
326     24697600.0      48200174.0       849163.0
89      24526976.0      47691734.5       840580.5
12      24608000.0      47632251.5       840424.0
179     24547968.0      47954887.0       840007.0
57      24626944.0      47964754.0       832072.5
322     24560384.0      47823630.5       830596.0
127     24667520.0      47997701.0       828273.5
486     24475520.0      47795316.0       827217.5
151     24416256.0      47570202.5       820644.0
96      24432896.0      47724662.0       815311.5
234     24823552.0      48439866.0       814300.5
186     24468736.0      47903775.0       812861.0
218     24696448.0      48208003.0       809635.0
35      24831616.0      48302459.0       809211.5
261     24828160.0      48448334.5       804912.5
160     24819200.0      48260374.0       800699.0
              Server1       Server2
Offset                             
14      251657.571429  72149.642857
98       15340.714286   4669.285714
70        8252.571429   2581.571429
188       6548.571429   2077.714286
5         5951.000000   1957.714286
384       4917.428571   1691.571429
362       4867.714286   1671.714286
89        4785.857143   1630.357143
441       4705.571429   1608.714286
267       4605.285714   1629.071429
234       4560.714286   1576.714286
334       4556.000000   1580.000000
160       4519.000000   1541.214286
347       4511.714286   1541.214286
127       4508.571429   1570.142857
322       4466.000000   1530.142857
187       4388.000000   1530.142857
315       4384.714286   1487.071429
321       4376.428571   1528.214286
261       4334.714286   1509.571429
Current: [14, 18, 21, 23, 45, 91, 103, 123, 137, 139, 144, 145, 165, 171, 206, 216, 218, 243, 251, 256, 262, 272, 273, 307, 323, 326, 337, 339, 350, 354, 367, 381, 384, 400, 410, 421, 438, 457, 458, 462, 479, 480, 495, 497, 507]
Subround 14
         Timestamp  TS First Frame  TS Prev Frame
Offset                                           
365     24638976.0      47676000.0       912834.0
89      24491264.0      47609823.0       851218.0
416     24867840.0      48245928.0       848587.0
480     24796672.0      48015878.0       846628.0
390     24686848.0      47739422.0       843458.0
179     24403712.0      47860676.0       839821.0
12      24503040.0      47556454.0       838167.0
57      24645888.0      47952953.0       837859.0
322     24606976.0      47829008.0       835725.0
378     24839680.0      48291063.0       828204.0
410     24632832.0      47588598.0       826894.0
488     24913152.0      48300566.0       824817.0
423     24886400.0      48526422.0       817885.0
326     24676480.0      48123251.0       817559.5
261     24698880.0      48380472.0       817439.0
486     24413696.0      47793265.0       815582.0
151     24473344.0      47471305.0       812106.0
434     24456448.0      47554136.0       808351.0
0       24795904.0      48139677.0       808149.0
212     24399616.0      47518683.0       800189.0
              Server1       Server2
Offset                             
14      270523.066667  77550.200000
98       14465.200000   4405.733333
70        7831.866667   2451.266667
188       6337.466667   2010.866667
5         5883.066667   1936.000000
384       4938.933333   1696.066667
89        4858.000000   1657.266667
362       4693.733333   1610.266667
267       4638.933333   1635.000000
441       4607.466667   1568.066667
334       4586.400000   1586.866667
347       4571.600000   1558.266667
322       4555.066667   1553.866667
192       4468.533333   1517.533333
187       4460.800000   1557.800000
234       4405.733333   1519.800000
321       4400.666667   1533.200000
315       4399.066667   1493.000000
160       4374.800000   1491.200000
423       4373.733333   1549.800000
Current: [14, 18, 23, 103, 123, 137, 139, 144, 145, 165, 171, 216, 243, 251, 256, 262, 273, 307, 323, 326, 337, 339, 354, 359, 367, 381, 400, 457, 462, 489, 495, 497]
Subround 15
         Timestamp  TS First Frame  TS Prev Frame
Offset                                           
365     24641792.0      47725667.0       885139.0
57      24664448.0      47964754.0       866743.0
322     24594944.0      47865599.5       865473.5
89      24526976.0      47691734.5       855196.0
261     24698880.0      48380472.0       849184.0
179     24547968.0      47954887.0       840007.0
12      24503040.0      47556454.0       838167.0
127     24502912.0      47931234.0       828273.5
5       24553984.0      47839388.0       823092.0
321     24488192.0      47901975.0       822921.0
478     24731008.0      48133129.0       816138.0
118     24658048.0      47791532.5       811985.5
434     24507392.0      47728037.0       808942.5
496     24746880.0      48334000.5       807178.0
378     24816256.0      48135845.0       806691.0
184     24711680.0      47946481.0       803767.5
347     24752896.0      48437851.0       803657.0
252     24651008.0      48090922.5       803345.0
186     24463872.0      47808071.0       802364.0
160     24768896.0      48219981.5       800699.0
           Server1     Server2
Offset                        
14      263788.875  75620.5000
98       13858.000   4230.8125
70        7548.375   2361.4375
188       6051.250   1923.3750
5         5768.375   1911.3750
384       4943.000   1693.8125
89        4931.375   1677.6250
362       4737.625   1622.1875
267       4666.375   1646.0000
441       4658.250   1580.1875
347       4657.875   1583.6875
334       4605.125   1597.3125
322       4576.750   1558.3125
192       4547.250   1548.3750
187       4494.875   1572.0625
321       4461.125   1556.8750
315       4442.875   1516.0625
160       4433.125   1516.4375
234       4423.875   1524.1250
363       4421.875   1507.2500
Current: [14, 18, 123, 137, 165, 171, 216, 251, 256, 262, 273, 307, 337, 359, 400, 462, 489, 495, 497]
         Timestamp  TS First Frame  TS Prev Frame
Offset                                           
365     24641792.0      47725667.0       885139.0
57      24664448.0      47964754.0       866743.0
322     24594944.0      47865599.5       865473.5
89      24526976.0      47691734.5       855196.0
261     24698880.0      48380472.0       849184.0
179     24547968.0      47954887.0       840007.0
12      24503040.0      47556454.0       838167.0
127     24502912.0      47931234.0       828273.5
5       24553984.0      47839388.0       823092.0
321     24488192.0      47901975.0       822921.0
478     24731008.0      48133129.0       816138.0
118     24658048.0      47791532.5       811985.5
434     24507392.0      47728037.0       808942.5
496     24746880.0      48334000.5       807178.0
378     24816256.0      48135845.0       806691.0
184     24711680.0      47946481.0       803767.5
347     24752896.0      48437851.0       803657.0
252     24651008.0      48090922.5       803345.0
186     24463872.0      47808071.0       802364.0
160     24768896.0      48219981.5       800699.0
           Server1     Server2
Offset                        
14      263788.875  75620.5000
98       13858.000   4230.8125
70        7548.375   2361.4375
188       6051.250   1923.3750
5         5768.375   1911.3750
384       4943.000   1693.8125
89        4931.375   1677.6250
362       4737.625   1622.1875
267       4666.375   1646.0000
441       4658.250   1580.1875
347       4657.875   1583.6875
334       4605.125   1597.3125
322       4576.750   1558.3125
192       4547.250   1548.3750
187       4494.875   1572.0625
321       4461.125   1556.8750
315       4442.875   1516.0625
160       4433.125   1516.4375
234       4423.875   1524.1250
363       4421.875   1507.2500
New pairs
[[495, 337], [497, 165], [262, 171], [489, 400], [307, 216], [123, 359], [405, 251], [462, 18], [137, 14], [256, 273]]
Round 1
Subround 0
         Timestamp  TS First Frame  TS Prev Frame
Offset                                           
365     24641792.0      47725667.0       885139.0
57      24664448.0      47964754.0       866743.0
322     24594944.0      47865599.5       865473.5
89      24526976.0      47691734.5       855196.0
261     24698880.0      48380472.0       849184.0
179     24547968.0      47954887.0       840007.0
12      24503040.0      47556454.0       838167.0
127     24502912.0      47931234.0       828273.5
5       24553984.0      47839388.0       823092.0
321     24488192.0      47901975.0       822921.0
478     24731008.0      48133129.0       816138.0
118     24658048.0      47791532.5       811985.5
434     24507392.0      47728037.0       808942.5
496     24746880.0      48334000.5       807178.0
378     24816256.0      48135845.0       806691.0
184     24711680.0      47946481.0       803767.5
347     24752896.0      48437851.0       803657.0
252     24651008.0      48090922.5       803345.0
186     24463872.0      47808071.0       802364.0
160     24768896.0      48219981.5       800699.0
              Server1       Server2
Offset                             
14      290621.882353  83313.529412
98       13858.000000   4230.812500
70        7548.375000   2361.437500
188       6051.250000   1923.375000
5         5768.375000   1911.375000
384       4943.000000   1693.812500
89        4931.375000   1677.625000
362       4737.625000   1622.187500
267       4666.375000   1646.000000
441       4658.250000   1580.187500
347       4657.875000   1583.687500
334       4605.125000   1597.312500
322       4576.750000   1558.312500
192       4547.250000   1548.375000
187       4494.875000   1572.062500
321       4461.125000   1556.875000
315       4442.875000   1516.062500
160       4433.125000   1516.437500
234       4423.875000   1524.125000
363       4421.875000   1507.250000
Current: [171, 216, 489, 495, 497]
Subround 1
         Timestamp  TS First Frame  TS Prev Frame
Offset                                           
365     24641792.0      47725667.0       885139.0
57      24664448.0      47964754.0       866743.0
322     24594944.0      47865599.5       865473.5
89      24526976.0      47691734.5       855196.0
261     24698880.0      48380472.0       849184.0
179     24547968.0      47954887.0       840007.0
12      24503040.0      47556454.0       838167.0
127     24502912.0      47931234.0       828273.5
5       24553984.0      47839388.0       823092.0
321     24488192.0      47901975.0       822921.0
478     24731008.0      48133129.0       816138.0
118     24658048.0      47791532.5       811985.5
434     24507392.0      47728037.0       808942.5
496     24746880.0      48334000.5       807178.0
378     24816256.0      48135845.0       806691.0
184     24711680.0      47946481.0       803767.5
347     24752896.0      48437851.0       803657.0
252     24651008.0      48090922.5       803345.0
186     24463872.0      47808071.0       802364.0
160     24768896.0      48219981.5       800699.0
              Server1       Server2
Offset                             
14      291055.888889  83432.722222
98       13858.000000   4230.812500
70        7548.375000   2361.437500
188       6051.250000   1923.375000
5         5768.375000   1911.375000
384       4943.000000   1693.812500
89        4931.375000   1677.625000
362       4737.625000   1622.187500
267       4666.375000   1646.000000
441       4658.250000   1580.187500
347       4657.875000   1583.687500
334       4605.125000   1597.312500
322       4576.750000   1558.312500
192       4547.250000   1548.375000
187       4494.875000   1572.062500
321       4461.125000   1556.875000
315       4442.875000   1516.062500
160       4433.125000   1516.437500
234       4423.875000   1524.125000
363       4421.875000   1507.250000
Current: [14, 123, 216, 273, 405, 462, 495, 497]
Subround 2
         Timestamp  TS First Frame  TS Prev Frame
Offset                                           
365     24641792.0      47725667.0       885139.0
57      24664448.0      47964754.0       866743.0
322     24594944.0      47865599.5       865473.5
89      24526976.0      47691734.5       855196.0
261     24698880.0      48380472.0       849184.0
179     24547968.0      47954887.0       840007.0
12      24503040.0      47556454.0       838167.0
127     24502912.0      47931234.0       828273.5
5       24553984.0      47839388.0       823092.0
321     24488192.0      47901975.0       822921.0
478     24731008.0      48133129.0       816138.0
118     24658048.0      47791532.5       811985.5
434     24507392.0      47728037.0       808942.5
496     24746880.0      48334000.5       807178.0
378     24816256.0      48135845.0       806691.0
184     24711680.0      47946481.0       803767.5
347     24752896.0      48437851.0       803657.0
252     24651008.0      48090922.5       803345.0
186     24463872.0      47808071.0       802364.0
160     24768896.0      48219981.5       800699.0
              Server1       Server2
Offset                             
14      288612.947368  82731.736842
98       13858.000000   4230.812500
70        7548.375000   2361.437500
188       6051.250000   1923.375000
5         5768.375000   1911.375000
384       4943.000000   1693.812500
89        4931.375000   1677.625000
362       4737.625000   1622.187500
267       4666.375000   1646.000000
441       4658.250000   1580.187500
347       4657.875000   1583.687500
334       4605.125000   1597.312500
322       4576.750000   1558.312500
192       4547.250000   1548.375000
187       4494.875000   1572.062500
321       4461.125000   1556.875000
315       4442.875000   1516.062500
160       4433.125000   1516.437500
234       4423.875000   1524.125000
363       4421.875000   1507.250000
Current: [14, 216, 462, 497]
Subround 3
         Timestamp  TS First Frame  TS Prev Frame
Offset                                           
365     24641792.0      47725667.0       885139.0
57      24664448.0      47964754.0       866743.0
322     24594944.0      47865599.5       865473.5
89      24526976.0      47691734.5       855196.0
261     24698880.0      48380472.0       849184.0
179     24547968.0      47954887.0       840007.0
12      24503040.0      47556454.0       838167.0
127     24502912.0      47931234.0       828273.5
5       24553984.0      47839388.0       823092.0
321     24488192.0      47901975.0       822921.0
478     24731008.0      48133129.0       816138.0
118     24658048.0      47791532.5       811985.5
434     24507392.0      47728037.0       808942.5
496     24746880.0      48334000.5       807178.0
378     24816256.0      48135845.0       806691.0
184     24711680.0      47946481.0       803767.5
347     24752896.0      48437851.0       803657.0
252     24651008.0      48090922.5       803345.0
186     24463872.0      47808071.0       802364.0
160     24768896.0      48219981.5       800699.0
           Server1     Server2
Offset                        
14      309899.600  88827.8500
98       13858.000   4230.8125
70        7548.375   2361.4375
188       6051.250   1923.3750
5         5768.375   1911.3750
384       4943.000   1693.8125
89        4931.375   1677.6250
362       4737.625   1622.1875
267       4666.375   1646.0000
441       4658.250   1580.1875
347       4657.875   1583.6875
334       4605.125   1597.3125
322       4576.750   1558.3125
192       4547.250   1548.3750
187       4494.875   1572.0625
321       4461.125   1556.8750
315       4442.875   1516.0625
160       4433.125   1516.4375
234       4423.875   1524.1250
363       4421.875   1507.2500
Current: [14, 171, 216, 497]
Subround 4
         Timestamp  TS First Frame  TS Prev Frame
Offset                                           
365     24641792.0      47725667.0       885139.0
57      24664448.0      47964754.0       866743.0
322     24594944.0      47865599.5       865473.5
89      24526976.0      47691734.5       855196.0
261     24698880.0      48380472.0       849184.0
179     24547968.0      47954887.0       840007.0
12      24503040.0      47556454.0       838167.0
127     24502912.0      47931234.0       828273.5
5       24553984.0      47839388.0       823092.0
321     24488192.0      47901975.0       822921.0
478     24731008.0      48133129.0       816138.0
118     24658048.0      47791532.5       811985.5
434     24507392.0      47728037.0       808942.5
496     24746880.0      48334000.5       807178.0
378     24816256.0      48135845.0       806691.0
184     24711680.0      47946481.0       803767.5
347     24752896.0      48437851.0       803657.0
252     24651008.0      48090922.5       803345.0
186     24463872.0      47808071.0       802364.0
160     24768896.0      48219981.5       800699.0
              Server1       Server2
Offset                             
14      304894.380952  87393.714286
98       13858.000000   4230.812500
70        7548.375000   2361.437500
188       6051.250000   1923.375000
5         5768.375000   1911.375000
384       4943.000000   1693.812500
89        4931.375000   1677.625000
362       4737.625000   1622.187500
267       4666.375000   1646.000000
441       4658.250000   1580.187500
347       4657.875000   1583.687500
334       4605.125000   1597.312500
322       4576.750000   1558.312500
192       4547.250000   1548.375000
187       4494.875000   1572.062500
321       4461.125000   1556.875000
315       4442.875000   1516.062500
160       4433.125000   1516.437500
234       4423.875000   1524.125000
363       4421.875000   1507.250000
Current: [14, 123, 171, 216, 273, 462]
Subround 5
         Timestamp  TS First Frame  TS Prev Frame
Offset                                           
365     24641792.0      47725667.0       885139.0
57      24664448.0      47964754.0       866743.0
322     24594944.0      47865599.5       865473.5
89      24526976.0      47691734.5       855196.0
261     24698880.0      48380472.0       849184.0
179     24547968.0      47954887.0       840007.0
12      24503040.0      47556454.0       838167.0
127     24502912.0      47931234.0       828273.5
5       24553984.0      47839388.0       823092.0
321     24488192.0      47901975.0       822921.0
478     24731008.0      48133129.0       816138.0
118     24658048.0      47791532.5       811985.5
434     24507392.0      47728037.0       808942.5
496     24746880.0      48334000.5       807178.0
378     24816256.0      48135845.0       806691.0
184     24711680.0      47946481.0       803767.5
347     24752896.0      48437851.0       803657.0
252     24651008.0      48090922.5       803345.0
186     24463872.0      47808071.0       802364.0
160     24768896.0      48219981.5       800699.0
              Server1       Server2
Offset                             
14      299256.727273  85775.863636
98       13858.000000   4230.812500
70        7548.375000   2361.437500
188       6051.250000   1923.375000
5         5768.375000   1911.375000
384       4943.000000   1693.812500
89        4931.375000   1677.625000
362       4737.625000   1622.187500
267       4666.375000   1646.000000
441       4658.250000   1580.187500
347       4657.875000   1583.687500
334       4605.125000   1597.312500
322       4576.750000   1558.312500
192       4547.250000   1548.375000
187       4494.875000   1572.062500
321       4461.125000   1556.875000
315       4442.875000   1516.062500
160       4433.125000   1516.437500
234       4423.875000   1524.125000
363       4421.875000   1507.250000
Current: [14, 171, 273, 462]
Subround 6
         Timestamp  TS First Frame  TS Prev Frame
Offset                                           
365     24641792.0      47725667.0       885139.0
57      24664448.0      47964754.0       866743.0
322     24594944.0      47865599.5       865473.5
89      24526976.0      47691734.5       855196.0
261     24698880.0      48380472.0       849184.0
179     24547968.0      47954887.0       840007.0
12      24503040.0      47556454.0       838167.0
127     24502912.0      47931234.0       828273.5
5       24553984.0      47839388.0       823092.0
321     24488192.0      47901975.0       822921.0
478     24731008.0      48133129.0       816138.0
118     24658048.0      47791532.5       811985.5
434     24507392.0      47728037.0       808942.5
496     24746880.0      48334000.5       807178.0
378     24816256.0      48135845.0       806691.0
184     24711680.0      47946481.0       803767.5
347     24752896.0      48437851.0       803657.0
252     24651008.0      48090922.5       803345.0
186     24463872.0      47808071.0       802364.0
160     24768896.0      48219981.5       800699.0
              Server1       Server2
Offset                             
14      309928.173913  88855.391304
98       13858.000000   4230.812500
70        7548.375000   2361.437500
188       6051.250000   1923.375000
5         5768.375000   1911.375000
384       4943.000000   1693.812500
89        4931.375000   1677.625000
362       4737.625000   1622.187500
267       4666.375000   1646.000000
441       4658.250000   1580.187500
347       4657.875000   1583.687500
334       4605.125000   1597.312500
322       4576.750000   1558.312500
192       4547.250000   1548.375000
187       4494.875000   1572.062500
321       4461.125000   1556.875000
315       4442.875000   1516.062500
160       4433.125000   1516.437500
234       4423.875000   1524.125000
363       4421.875000   1507.250000
Current: [171, 273]
Subround 7
         Timestamp  TS First Frame  TS Prev Frame
Offset                                           
365     24641792.0      47725667.0       885139.0
57      24664448.0      47964754.0       866743.0
322     24594944.0      47865599.5       865473.5
89      24526976.0      47691734.5       855196.0
261     24698880.0      48380472.0       849184.0
179     24547968.0      47954887.0       840007.0
12      24503040.0      47556454.0       838167.0
127     24502912.0      47931234.0       828273.5
5       24553984.0      47839388.0       823092.0
321     24488192.0      47901975.0       822921.0
478     24731008.0      48133129.0       816138.0
118     24658048.0      47791532.5       811985.5
434     24507392.0      47728037.0       808942.5
496     24746880.0      48334000.5       807178.0
378     24816256.0      48135845.0       806691.0
184     24711680.0      47946481.0       803767.5
347     24752896.0      48437851.0       803657.0
252     24651008.0      48090922.5       803345.0
186     24463872.0      47808071.0       802364.0
160     24768896.0      48219981.5       800699.0
           Server1     Server2
Offset                        
14      320313.250  91829.2500
98       13858.000   4230.8125
70        7548.375   2361.4375
188       6051.250   1923.3750
5         5768.375   1911.3750
384       4943.000   1693.8125
89        4931.375   1677.6250
362       4737.625   1622.1875
267       4666.375   1646.0000
441       4658.250   1580.1875
347       4657.875   1583.6875
334       4605.125   1597.3125
322       4576.750   1558.3125
192       4547.250   1548.3750
187       4494.875   1572.0625
321       4461.125   1556.8750
315       4442.875   1516.0625
160       4433.125   1516.4375
234       4423.875   1524.1250
363       4421.875   1507.2500
Current: [171, 273]
Subround 8
         Timestamp  TS First Frame  TS Prev Frame
Offset                                           
365     24641792.0      47725667.0       885139.0
57      24664448.0      47964754.0       866743.0
322     24594944.0      47865599.5       865473.5
89      24526976.0      47691734.5       855196.0
261     24698880.0      48380472.0       849184.0
179     24547968.0      47954887.0       840007.0
12      24503040.0      47556454.0       838167.0
127     24502912.0      47931234.0       828273.5
5       24553984.0      47839388.0       823092.0
321     24488192.0      47901975.0       822921.0
478     24731008.0      48133129.0       816138.0
118     24658048.0      47791532.5       811985.5
434     24507392.0      47728037.0       808942.5
496     24746880.0      48334000.5       807178.0
378     24816256.0      48135845.0       806691.0
184     24711680.0      47946481.0       803767.5
347     24752896.0      48437851.0       803657.0
252     24651008.0      48090922.5       803345.0
186     24463872.0      47808071.0       802364.0
160     24768896.0      48219981.5       800699.0
           Server1     Server2
Offset                        
14      315338.400  90405.4400
98       13858.000   4230.8125
70        7548.375   2361.4375
188       6051.250   1923.3750
5         5768.375   1911.3750
384       4943.000   1693.8125
89        4931.375   1677.6250
362       4737.625   1622.1875
267       4666.375   1646.0000
441       4658.250   1580.1875
347       4657.875   1583.6875
334       4605.125   1597.3125
322       4576.750   1558.3125
192       4547.250   1548.3750
187       4494.875   1572.0625
321       4461.125   1556.8750
315       4442.875   1516.0625
160       4433.125   1516.4375
234       4423.875   1524.1250
363       4421.875   1507.2500
Current: [273]
Subround 9
         Timestamp  TS First Frame  TS Prev Frame
Offset                                           
365     24641792.0      47725667.0       885139.0
57      24664448.0      47964754.0       866743.0
322     24594944.0      47865599.5       865473.5
89      24526976.0      47691734.5       855196.0
261     24698880.0      48380472.0       849184.0
179     24547968.0      47954887.0       840007.0
12      24503040.0      47556454.0       838167.0
127     24502912.0      47931234.0       828273.5
5       24553984.0      47839388.0       823092.0
321     24488192.0      47901975.0       822921.0
478     24731008.0      48133129.0       816138.0
118     24658048.0      47791532.5       811985.5
434     24507392.0      47728037.0       808942.5
496     24746880.0      48334000.5       807178.0
378     24816256.0      48135845.0       806691.0
184     24711680.0      47946481.0       803767.5
347     24752896.0      48437851.0       803657.0
252     24651008.0      48090922.5       803345.0
186     24463872.0      47808071.0       802364.0
160     24768896.0      48219981.5       800699.0
              Server1       Server2
Offset                             
14      313005.692308  89733.269231
98       13858.000000   4230.812500
70        7548.375000   2361.437500
188       6051.250000   1923.375000
5         5768.375000   1911.375000
384       4943.000000   1693.812500
89        4931.375000   1677.625000
362       4737.625000   1622.187500
267       4666.375000   1646.000000
441       4658.250000   1580.187500
347       4657.875000   1583.687500
334       4605.125000   1597.312500
322       4576.750000   1558.312500
192       4547.250000   1548.375000
187       4494.875000   1572.062500
321       4461.125000   1556.875000
315       4442.875000   1516.062500
160       4433.125000   1516.437500
234       4423.875000   1524.125000
363       4421.875000   1507.250000
Current: [171]
Subround 10
         Timestamp  TS First Frame  TS Prev Frame
Offset                                           
365     24641792.0      47725667.0       885139.0
57      24664448.0      47964754.0       866743.0
322     24594944.0      47865599.5       865473.5
89      24526976.0      47691734.5       855196.0
261     24698880.0      48380472.0       849184.0
179     24547968.0      47954887.0       840007.0
12      24503040.0      47556454.0       838167.0
127     24502912.0      47931234.0       828273.5
5       24553984.0      47839388.0       823092.0
321     24488192.0      47901975.0       822921.0
478     24731008.0      48133129.0       816138.0
118     24658048.0      47791532.5       811985.5
434     24507392.0      47728037.0       808942.5
496     24746880.0      48334000.5       807178.0
378     24816256.0      48135845.0       806691.0
184     24711680.0      47946481.0       803767.5
347     24752896.0      48437851.0       803657.0
252     24651008.0      48090922.5       803345.0
186     24463872.0      47808071.0       802364.0
160     24768896.0      48219981.5       800699.0
              Server1       Server2
Offset                             
14      323167.481481  92655.259259
98       13858.000000   4230.812500
70        7548.375000   2361.437500
188       6051.250000   1923.375000
5         5768.375000   1911.375000
384       4943.000000   1693.812500
89        4931.375000   1677.625000
362       4737.625000   1622.187500
267       4666.375000   1646.000000
441       4658.250000   1580.187500
347       4657.875000   1583.687500
334       4605.125000   1597.312500
322       4576.750000   1558.312500
192       4547.250000   1548.375000
187       4494.875000   1572.062500
321       4461.125000   1556.875000
315       4442.875000   1516.062500
160       4433.125000   1516.437500
234       4423.875000   1524.125000
363       4421.875000   1507.250000
Current: [273]
Subround 11
         Timestamp  TS First Frame  TS Prev Frame
Offset                                           
365     24641792.0      47725667.0       885139.0
57      24664448.0      47964754.0       866743.0
322     24594944.0      47865599.5       865473.5
89      24526976.0      47691734.5       855196.0
261     24698880.0      48380472.0       849184.0
179     24547968.0      47954887.0       840007.0
12      24503040.0      47556454.0       838167.0
127     24502912.0      47931234.0       828273.5
5       24553984.0      47839388.0       823092.0
321     24488192.0      47901975.0       822921.0
478     24731008.0      48133129.0       816138.0
118     24658048.0      47791532.5       811985.5
434     24507392.0      47728037.0       808942.5
496     24746880.0      48334000.5       807178.0
378     24816256.0      48135845.0       806691.0
184     24711680.0      47946481.0       803767.5
347     24752896.0      48437851.0       803657.0
252     24651008.0      48090922.5       803345.0
186     24463872.0      47808071.0       802364.0
160     24768896.0      48219981.5       800699.0
              Server1       Server2
Offset                             
14      318411.214286  91287.785714
98       13858.000000   4230.812500
70        7548.375000   2361.437500
188       6051.250000   1923.375000
5         5768.375000   1911.375000
384       4943.000000   1693.812500
89        4931.375000   1677.625000
362       4737.625000   1622.187500
267       4666.375000   1646.000000
441       4658.250000   1580.187500
347       4657.875000   1583.687500
334       4605.125000   1597.312500
322       4576.750000   1558.312500
192       4547.250000   1548.375000
187       4494.875000   1572.062500
321       4461.125000   1556.875000
315       4442.875000   1516.062500
160       4433.125000   1516.437500
234       4423.875000   1524.125000
363       4421.875000   1507.250000
Current: []
Subround 12
         Timestamp  TS First Frame  TS Prev Frame
Offset                                           
365     24641792.0      47725667.0       885139.0
57      24664448.0      47964754.0       866743.0
322     24594944.0      47865599.5       865473.5
89      24526976.0      47691734.5       855196.0
261     24698880.0      48380472.0       849184.0
179     24547968.0      47954887.0       840007.0
12      24503040.0      47556454.0       838167.0
127     24502912.0      47931234.0       828273.5
5       24553984.0      47839388.0       823092.0
321     24488192.0      47901975.0       822921.0
478     24731008.0      48133129.0       816138.0
118     24658048.0      47791532.5       811985.5
434     24507392.0      47728037.0       808942.5
496     24746880.0      48334000.5       807178.0
378     24816256.0      48135845.0       806691.0
184     24711680.0      47946481.0       803767.5
347     24752896.0      48437851.0       803657.0
252     24651008.0      48090922.5       803345.0
186     24463872.0      47808071.0       802364.0
160     24768896.0      48219981.5       800699.0
              Server1       Server2
Offset                             
14      315517.931034  90461.068966
98       13858.000000   4230.812500
70        7548.375000   2361.437500
188       6051.250000   1923.375000
5         5768.375000   1911.375000
384       4943.000000   1693.812500
89        4931.375000   1677.625000
362       4737.625000   1622.187500
267       4666.375000   1646.000000
441       4658.250000   1580.187500
347       4657.875000   1583.687500
334       4605.125000   1597.312500
322       4576.750000   1558.312500
192       4547.250000   1548.375000
187       4494.875000   1572.062500
321       4461.125000   1556.875000
315       4442.875000   1516.062500
160       4433.125000   1516.437500
234       4423.875000   1524.125000
363       4421.875000   1507.250000
Current: []
Subround 13
         Timestamp  TS First Frame  TS Prev Frame
Offset                                           
365     24641792.0      47725667.0       885139.0
57      24664448.0      47964754.0       866743.0
322     24594944.0      47865599.5       865473.5
89      24526976.0      47691734.5       855196.0
261     24698880.0      48380472.0       849184.0
179     24547968.0      47954887.0       840007.0
12      24503040.0      47556454.0       838167.0
127     24502912.0      47931234.0       828273.5
5       24553984.0      47839388.0       823092.0
321     24488192.0      47901975.0       822921.0
478     24731008.0      48133129.0       816138.0
118     24658048.0      47791532.5       811985.5
434     24507392.0      47728037.0       808942.5
496     24746880.0      48334000.5       807178.0
378     24816256.0      48135845.0       806691.0
184     24711680.0      47946481.0       803767.5
347     24752896.0      48437851.0       803657.0
252     24651008.0      48090922.5       803345.0
186     24463872.0      47808071.0       802364.0
160     24768896.0      48219981.5       800699.0
              Server1       Server2
Offset                             
14      323713.533333  92805.366667
98       13858.000000   4230.812500
70        7548.375000   2361.437500
188       6051.250000   1923.375000
5         5768.375000   1911.375000
384       4943.000000   1693.812500
89        4931.375000   1677.625000
362       4737.625000   1622.187500
267       4666.375000   1646.000000
441       4658.250000   1580.187500
347       4657.875000   1583.687500
334       4605.125000   1597.312500
322       4576.750000   1558.312500
192       4547.250000   1548.375000
187       4494.875000   1572.062500
321       4461.125000   1556.875000
315       4442.875000   1516.062500
160       4433.125000   1516.437500
234       4423.875000   1524.125000
363       4421.875000   1507.250000
Current: []
Subround 14
         Timestamp  TS First Frame  TS Prev Frame
Offset                                           
365     24641792.0      47725667.0       885139.0
57      24664448.0      47964754.0       866743.0
322     24594944.0      47865599.5       865473.5
89      24526976.0      47691734.5       855196.0
261     24698880.0      48380472.0       849184.0
179     24547968.0      47954887.0       840007.0
12      24503040.0      47556454.0       838167.0
127     24502912.0      47931234.0       828273.5
5       24553984.0      47839388.0       823092.0
321     24488192.0      47901975.0       822921.0
478     24731008.0      48133129.0       816138.0
118     24658048.0      47791532.5       811985.5
434     24507392.0      47728037.0       808942.5
496     24746880.0      48334000.5       807178.0
378     24816256.0      48135845.0       806691.0
184     24711680.0      47946481.0       803767.5
347     24752896.0      48437851.0       803657.0
252     24651008.0      48090922.5       803345.0
186     24463872.0      47808071.0       802364.0
160     24768896.0      48219981.5       800699.0
              Server1       Server2
Offset                             
14      319778.193548  91674.612903
98       13858.000000   4230.812500
70        7548.375000   2361.437500
188       6051.250000   1923.375000
5         5768.375000   1911.375000
384       4943.000000   1693.812500
89        4931.375000   1677.625000
362       4737.625000   1622.187500
267       4666.375000   1646.000000
441       4658.250000   1580.187500
347       4657.875000   1583.687500
334       4605.125000   1597.312500
322       4576.750000   1558.312500
192       4547.250000   1548.375000
187       4494.875000   1572.062500
321       4461.125000   1556.875000
315       4442.875000   1516.062500
160       4433.125000   1516.437500
234       4423.875000   1524.125000
363       4421.875000   1507.250000
Current: []
Subround 15
         Timestamp  TS First Frame  TS Prev Frame
Offset                                           
365     24641792.0      47725667.0       885139.0
57      24664448.0      47964754.0       866743.0
322     24594944.0      47865599.5       865473.5
89      24526976.0      47691734.5       855196.0
261     24698880.0      48380472.0       849184.0
179     24547968.0      47954887.0       840007.0
12      24503040.0      47556454.0       838167.0
127     24502912.0      47931234.0       828273.5
5       24553984.0      47839388.0       823092.0
321     24488192.0      47901975.0       822921.0
478     24731008.0      48133129.0       816138.0
118     24658048.0      47791532.5       811985.5
434     24507392.0      47728037.0       808942.5
496     24746880.0      48334000.5       807178.0
378     24816256.0      48135845.0       806691.0
184     24711680.0      47946481.0       803767.5
347     24752896.0      48437851.0       803657.0
252     24651008.0      48090922.5       803345.0
186     24463872.0      47808071.0       802364.0
160     24768896.0      48219981.5       800699.0
            Server1      Server2
Offset                          
14      318444.3125  91288.65625
98       13858.0000   4230.81250
70        7548.3750   2361.43750
188       6051.2500   1923.37500
5         5768.3750   1911.37500
384       4943.0000   1693.81250
89        4931.3750   1677.62500
362       4737.6250   1622.18750
267       4666.3750   1646.00000
441       4658.2500   1580.18750
347       4657.8750   1583.68750
334       4605.1250   1597.31250
322       4576.7500   1558.31250
192       4547.2500   1548.37500
187       4494.8750   1572.06250
321       4461.1250   1556.87500
315       4442.8750   1516.06250
160       4433.1250   1516.43750
234       4423.8750   1524.12500
363       4421.8750   1507.25000
Current: []
Subround 16
         Timestamp  TS First Frame  TS Prev Frame
Offset                                           
365     24641792.0      47725667.0       885139.0
57      24664448.0      47964754.0       866743.0
322     24594944.0      47865599.5       865473.5
89      24526976.0      47691734.5       855196.0
261     24698880.0      48380472.0       849184.0
179     24547968.0      47954887.0       840007.0
12      24503040.0      47556454.0       838167.0
127     24502912.0      47931234.0       828273.5
5       24553984.0      47839388.0       823092.0
321     24488192.0      47901975.0       822921.0
478     24731008.0      48133129.0       816138.0
118     24658048.0      47791532.5       811985.5
434     24507392.0      47728037.0       808942.5
496     24746880.0      48334000.5       807178.0
378     24816256.0      48135845.0       806691.0
184     24711680.0      47946481.0       803767.5
347     24752896.0      48437851.0       803657.0
252     24651008.0      48090922.5       803345.0
186     24463872.0      47808071.0       802364.0
160     24768896.0      48219981.5       800699.0
              Server1       Server2
Offset                             
14      328133.939394  94063.030303
98       13858.000000   4230.812500
70        7548.375000   2361.437500
188       6051.250000   1923.375000
5         5768.375000   1911.375000
384       4943.000000   1693.812500
89        4931.375000   1677.625000
362       4737.625000   1622.187500
267       4666.375000   1646.000000
441       4658.250000   1580.187500
347       4657.875000   1583.687500
334       4605.125000   1597.312500
322       4576.750000   1558.312500
192       4547.250000   1548.375000
187       4494.875000   1572.062500
321       4461.125000   1556.875000
315       4442.875000   1516.062500
160       4433.125000   1516.437500
234       4423.875000   1524.125000
363       4421.875000   1507.250000
Current: []
Subround 17
         Timestamp  TS First Frame  TS Prev Frame
Offset                                           
365     24641792.0      47725667.0       885139.0
57      24664448.0      47964754.0       866743.0
322     24594944.0      47865599.5       865473.5
89      24526976.0      47691734.5       855196.0
261     24698880.0      48380472.0       849184.0
179     24547968.0      47954887.0       840007.0
12      24503040.0      47556454.0       838167.0
127     24502912.0      47931234.0       828273.5
5       24553984.0      47839388.0       823092.0
321     24488192.0      47901975.0       822921.0
478     24731008.0      48133129.0       816138.0
118     24658048.0      47791532.5       811985.5
434     24507392.0      47728037.0       808942.5
496     24746880.0      48334000.5       807178.0
378     24816256.0      48135845.0       806691.0
184     24711680.0      47946481.0       803767.5
347     24752896.0      48437851.0       803657.0
252     24651008.0      48090922.5       803345.0
186     24463872.0      47808071.0       802364.0
160     24768896.0      48219981.5       800699.0
              Server1       Server2
Offset                             
14      324507.294118  93020.264706
98       13858.000000   4230.812500
70        7548.375000   2361.437500
188       6051.250000   1923.375000
5         5768.375000   1911.375000
384       4943.000000   1693.812500
89        4931.375000   1677.625000
362       4737.625000   1622.187500
267       4666.375000   1646.000000
441       4658.250000   1580.187500
347       4657.875000   1583.687500
334       4605.125000   1597.312500
322       4576.750000   1558.312500
192       4547.250000   1548.375000
187       4494.875000   1572.062500
321       4461.125000   1556.875000
315       4442.875000   1516.062500
160       4433.125000   1516.437500
234       4423.875000   1524.125000
363       4421.875000   1507.250000
Current: [14]
Subround 18
         Timestamp  TS First Frame  TS Prev Frame
Offset                                           
365     24641792.0      47725667.0       885139.0
57      24664448.0      47964754.0       866743.0
322     24594944.0      47865599.5       865473.5
89      24526976.0      47691734.5       855196.0
261     24698880.0      48380472.0       849184.0
179     24547968.0      47954887.0       840007.0
12      24503040.0      47556454.0       838167.0
127     24502912.0      47931234.0       828273.5
5       24553984.0      47839388.0       823092.0
321     24488192.0      47901975.0       822921.0
478     24731008.0      48133129.0       816138.0
118     24658048.0      47791532.5       811985.5
434     24507392.0      47728037.0       808942.5
496     24746880.0      48334000.5       807178.0
378     24816256.0      48135845.0       806691.0
184     24711680.0      47946481.0       803767.5
347     24752896.0      48437851.0       803657.0
252     24651008.0      48090922.5       803345.0
186     24463872.0      47808071.0       802364.0
160     24768896.0      48219981.5       800699.0
              Server1       Server2
Offset                             
14      325786.514286  93383.942857
98       13858.000000   4230.812500
70        7548.375000   2361.437500
188       6051.250000   1923.375000
5         5768.375000   1911.375000
384       4943.000000   1693.812500
89        4931.375000   1677.625000
362       4737.625000   1622.187500
267       4666.375000   1646.000000
441       4658.250000   1580.187500
347       4657.875000   1583.687500
334       4605.125000   1597.312500
322       4576.750000   1558.312500
192       4547.250000   1548.375000
187       4494.875000   1572.062500
321       4461.125000   1556.875000
315       4442.875000   1516.062500
160       4433.125000   1516.437500
234       4423.875000   1524.125000
363       4421.875000   1507.250000
Current: [14]
Subround 19
         Timestamp  TS First Frame  TS Prev Frame
Offset                                           
365     24641792.0      47725667.0       885139.0
57      24664448.0      47964754.0       866743.0
322     24594944.0      47865599.5       865473.5
89      24526976.0      47691734.5       855196.0
261     24698880.0      48380472.0       849184.0
179     24547968.0      47954887.0       840007.0
12      24503040.0      47556454.0       838167.0
127     24502912.0      47931234.0       828273.5
5       24553984.0      47839388.0       823092.0
321     24488192.0      47901975.0       822921.0
478     24731008.0      48133129.0       816138.0
118     24658048.0      47791532.5       811985.5
434     24507392.0      47728037.0       808942.5
496     24746880.0      48334000.5       807178.0
378     24816256.0      48135845.0       806691.0
184     24711680.0      47946481.0       803767.5
347     24752896.0      48437851.0       803657.0
252     24651008.0      48090922.5       803345.0
186     24463872.0      47808071.0       802364.0
160     24768896.0      48219981.5       800699.0
              Server1       Server2
Offset                             
14      332103.888889  95199.388889
98       13858.000000   4230.812500
70        7548.375000   2361.437500
188       6051.250000   1923.375000
5         5768.375000   1911.375000
384       4943.000000   1693.812500
89        4931.375000   1677.625000
362       4737.625000   1622.187500
267       4666.375000   1646.000000
441       4658.250000   1580.187500
347       4657.875000   1583.687500
334       4605.125000   1597.312500
322       4576.750000   1558.312500
192       4547.250000   1548.375000
187       4494.875000   1572.062500
321       4461.125000   1556.875000
315       4442.875000   1516.062500
160       4433.125000   1516.437500
234       4423.875000   1524.125000
363       4421.875000   1507.250000
Current: []
Subround 20
         Timestamp  TS First Frame  TS Prev Frame
Offset                                           
365     24641792.0      47725667.0       885139.0
57      24664448.0      47964754.0       866743.0
322     24594944.0      47865599.5       865473.5
89      24526976.0      47691734.5       855196.0
261     24698880.0      48380472.0       849184.0
179     24547968.0      47954887.0       840007.0
12      24503040.0      47556454.0       838167.0
127     24502912.0      47931234.0       828273.5
5       24553984.0      47839388.0       823092.0
321     24488192.0      47901975.0       822921.0
478     24731008.0      48133129.0       816138.0
118     24658048.0      47791532.5       811985.5
434     24507392.0      47728037.0       808942.5
496     24746880.0      48334000.5       807178.0
378     24816256.0      48135845.0       806691.0
184     24711680.0      47946481.0       803767.5
347     24752896.0      48437851.0       803657.0
252     24651008.0      48090922.5       803345.0
186     24463872.0      47808071.0       802364.0
160     24768896.0      48219981.5       800699.0
              Server1       Server2
Offset                             
14      327614.648649  93911.864865
98       13858.000000   4230.812500
70        7548.375000   2361.437500
188       6051.250000   1923.375000
5         5768.375000   1911.375000
384       4943.000000   1693.812500
89        4931.375000   1677.625000
362       4737.625000   1622.187500
267       4666.375000   1646.000000
441       4658.250000   1580.187500
347       4657.875000   1583.687500
334       4605.125000   1597.312500
322       4576.750000   1558.312500
192       4547.250000   1548.375000
187       4494.875000   1572.062500
321       4461.125000   1556.875000
315       4442.875000   1516.062500
160       4433.125000   1516.437500
234       4423.875000   1524.125000
363       4421.875000   1507.250000
Current: [14]
         Timestamp  TS First Frame  TS Prev Frame
Offset                                           
365     24641792.0      47725667.0       885139.0
57      24664448.0      47964754.0       866743.0
322     24594944.0      47865599.5       865473.5
89      24526976.0      47691734.5       855196.0
261     24698880.0      48380472.0       849184.0
179     24547968.0      47954887.0       840007.0
12      24503040.0      47556454.0       838167.0
127     24502912.0      47931234.0       828273.5
5       24553984.0      47839388.0       823092.0
321     24488192.0      47901975.0       822921.0
478     24731008.0      48133129.0       816138.0
118     24658048.0      47791532.5       811985.5
434     24507392.0      47728037.0       808942.5
496     24746880.0      48334000.5       807178.0
378     24816256.0      48135845.0       806691.0
184     24711680.0      47946481.0       803767.5
347     24752896.0      48437851.0       803657.0
252     24651008.0      48090922.5       803345.0
186     24463872.0      47808071.0       802364.0
160     24768896.0      48219981.5       800699.0
              Server1       Server2
Offset                             
14      327614.648649  93911.864865
98       13858.000000   4230.812500
70        7548.375000   2361.437500
188       6051.250000   1923.375000
5         5768.375000   1911.375000
384       4943.000000   1693.812500
89        4931.375000   1677.625000
362       4737.625000   1622.187500
267       4666.375000   1646.000000
441       4658.250000   1580.187500
347       4657.875000   1583.687500
334       4605.125000   1597.312500
322       4576.750000   1558.312500
192       4547.250000   1548.375000
187       4494.875000   1572.062500
321       4461.125000   1556.875000
315       4442.875000   1516.062500
160       4433.125000   1516.437500
234       4423.875000   1524.125000
363       4421.875000   1507.250000
Winning offset:
[14]
2021-09-17 15:59:01.800323
2021-09-17 16:04:36.871154
0:05:35.070831
attacker.py:479: DeprecationWarning: The default dtype for empty Series will be 'object' instead of 'float64' in a future version. Specify a dtype explicitly to silence this warning.
  mean1 = pd.Series(values1).mean()
attacker.py:480: DeprecationWarning: The default dtype for empty Series will be 'object' instead of 'float64' in a future version. Specify a dtype explicitly to silence this warning.
  mean2 = pd.Series(values2).mean()
attacker.py:479: DeprecationWarning: The default dtype for empty Series will be 'object' instead of 'float64' in a future version. Specify a dtype explicitly to silence this warning.
  mean1 = pd.Series(values1).mean()
attacker.py:480: DeprecationWarning: The default dtype for empty Series will be 'object' instead of 'float64' in a future version. Specify a dtype explicitly to silence this warning.
  mean2 = pd.Series(values2).mean()
Exception ignored in: <function Capture.__del__ at 0x7f6dc30b3670>
Traceback (most recent call last):
  File "/home/mlipp/.virtualenvs/kaslr/lib/python3.8/site-packages/pyshark/capture/capture.py", line 445, in __del__
  File "/home/mlipp/.virtualenvs/kaslr/lib/python3.8/site-packages/pyshark/capture/capture.py", line 436, in close
  File "/usr/lib/python3.8/asyncio/base_events.py", line 592, in run_until_complete
  File "/usr/lib/python3.8/asyncio/base_events.py", line 553, in _check_running
AttributeError: 'NoneType' object has no attribute '_get_running_loop'
