Loading page file profiles/packet3/pages/0x6e4a.yaml
Loading page file profiles/packet3/pages/0x6e60.yaml
Loading page file profiles/packet3/pages/0x6ee3.yaml
Loading page file profiles/packet3/pages/0x7241.yaml
Loading page file profiles/packet3/pages/0x7242.yaml
Loading page file profiles/packet3/pages/0x7243.yaml
Loading page file profiles/packet3/pages/0x7244.yaml
Round 0
Subround 0
Empty DataFrame
Columns: [Timestamp, TS First Frame, TS Prev Frame]
Index: []
         Server1   Server2
Offset                    
14      578630.0  165753.0
382      26832.0    8666.0
336       6632.0    2165.0
365       6456.0    2131.0
288       6432.0    2214.0
491       6370.0    2146.0
308       6348.0    2308.0
174       6224.0    2204.0
390       6188.0    2161.0
82        6080.0    2088.0
386       5904.0    2102.0
254       5816.0    1924.0
468       5816.0    1906.0
195       5800.0    1905.0
479       5770.0    2024.0
238       5746.0    1900.0
354       5710.0    1921.0
187       5648.0    1968.0
237       5630.0    2033.0
203       5620.0    2019.0
Current: [2, 4, 6, 7, 8, 14, 17, 18, 19, 20, 22, 24, 25, 30, 35, 37, 38, 41, 43, 47, 48, 51, 54, 56, 57, 61, 68, 71, 72, 73, 76, 77, 78, 79, 81, 83, 84, 85, 87, 88, 89, 91, 94, 97, 98, 100, 101, 104, 105, 106, 107, 108, 109, 113, 117, 118, 119, 120, 122, 123, 126, 130, 131, 132, 133, 134, 135, 139, 142, 143, 144, 145, 146, 158, 159, 160, 163, 164, 166, 169, 171, 173, 174, 176, 178, 181, 182, 187, 188, 190, 191, 192, 193, 194, 196, 197, 198, 199, 204, 205, 206, 209, 211, 212, 219, 221, 222, 223, 224, 226, 227, 230, 232, 234, 235, 238, 242, 243, 248, 251, 252, 253, 255, 256, 257, 260, 261, 262, 264, 267, 268, 269, 273, 277, 279, 282, 283, 284, 288, 292, 294, 296, 298, 302, 304, 305, 306, 312, 313, 314, 317, 321, 323, 326, 328, 329, 333, 334, 335, 339, 341, 348, 349, 351, 353, 355, 356, 358, 359, 361, 365, 366, 367, 369, 370, 371, 372, 375, 377, 379, 381, 382, 384, 386, 391, 392, 393, 394, 397, 400, 401, 402, 405, 406, 408, 409, 410, 412, 413, 414, 417, 423, 424, 425, 427, 428, 432, 433, 435, 438, 439, 440, 445, 446, 447, 449, 450, 451, 453, 454, 456, 458, 461, 464, 466, 467, 468, 470, 471, 472, 475, 477, 478, 482, 483, 486, 489, 490, 491, 492, 496, 498, 499, 500, 501, 503, 505, 507]
Subround 1
         Timestamp  TS First Frame  TS Prev Frame
Offset                                           
255     25003136.0      48414389.0      1107910.5
314     25073920.0      48334832.0      1101447.5
102     25013248.0      48630084.0      1009728.5
477     25013888.0      48693539.0      1003208.0
387     24701184.0      48134138.0       926777.0
412     24909440.0      48633687.0       918593.5
13      24910464.0      48572286.0       917837.0
153     24802432.0      48435994.0       916354.0
358     24677888.0      48356757.0       909029.0
197     24672256.0      48078522.5       899294.5
174     24983552.0      48467862.0       897869.5
473     25188992.0      48840542.0       897087.5
117     25320064.0      48779413.0       896508.5
204     24334848.0      47194887.0       891234.0
202     24598272.0      48186136.0       881372.0
165     24295680.0      47300102.5       881081.0
176     24598912.0      48124621.0       880737.0
292     24826112.0      47954129.5       879259.0
366     24631680.0      48330287.0       873789.5
445     26116096.0      50724422.5       873386.0
         Server1   Server2
Offset                    
14      403242.0  115549.5
382      16052.0    5261.5
500      10128.0    3134.5
404       7382.0    2392.0
270       6924.0    2326.5
238       5913.0    1928.0
117       5901.0    1971.0
174       5843.0    2059.0
168       5740.0    1946.5
363       5720.0    1859.5
149       5716.0    1878.0
354       5610.0    1898.0
176       5577.0    1927.0
386       5446.0    1940.5
366       5422.0    1885.0
308       5418.0    1985.0
320       5415.0    1914.5
232       5401.0    1858.5
73        5351.0    1842.0
82        5333.0    1875.0
Current: [4, 7, 8, 14, 18, 19, 20, 30, 35, 37, 38, 48, 51, 54, 56, 57, 61, 68, 73, 77, 83, 84, 88, 91, 94, 100, 104, 107, 113, 115, 122, 131, 132, 133, 134, 140, 142, 144, 146, 159, 164, 166, 169, 173, 178, 181, 182, 191, 192, 193, 197, 198, 199, 206, 210, 212, 214, 221, 224, 227, 232, 234, 235, 238, 242, 248, 251, 252, 253, 255, 256, 261, 262, 268, 269, 273, 277, 279, 282, 288, 292, 294, 298, 302, 306, 312, 313, 317, 323, 326, 328, 329, 333, 334, 338, 339, 341, 349, 356, 359, 366, 367, 369, 370, 382, 389, 391, 394, 397, 400, 410, 412, 414, 417, 423, 424, 440, 445, 447, 453, 454, 466, 467, 475, 483, 486, 492, 496, 498, 499, 500, 501, 503, 505, 507]
Subround 2
         Timestamp  TS First Frame  TS Prev Frame
Offset                                           
102     25002496.0      48340452.0       921808.0
356     24878592.0      48189889.0       911778.0
153     24719872.0      48298582.0       909052.0
477     24928256.0      48414131.0       906928.0
358     24585216.0      48207312.0       906166.0
255     25272576.0      48546210.0       901238.0
387     24501248.0      47934718.0       900398.0
425     24683008.0      47452823.0       899098.0
197     24481024.0      47692532.0       879317.0
70      24910336.0      48409248.0       873927.0
473     25180672.0      48831614.0       859878.0
117     25289216.0      48761186.0       858259.0
174     24697344.0      47607181.0       856970.0
165     24258048.0      47352103.0       855661.0
180     24693248.0      47717879.0       855601.0
204     24327680.0      47298925.0       855368.0
423     24669184.0      47821909.0       854869.0
127     24900352.0      48832433.0       852890.0
176     24654592.0      48504286.0       852344.0
202     24447488.0      47816975.0       852287.0
              Server1       Server2
Offset                             
14      338058.666667  96852.666667
432      44711.333333  13127.333333
382      11345.333333   3728.666667
404      10196.000000   3166.666667
500       8068.666667   2584.333333
250       5627.333333   1907.666667
270       5284.000000   1772.333333
363       5112.666667   1646.333333
73        4897.333333   1645.000000
117       4845.333333   1611.000000
168       4818.666667   1615.666667
405       4708.000000   1600.000000
288       4707.333333   1588.333333
210       4631.333333   1498.000000
238       4619.333333   1506.666667
174       4613.333333   1623.000000
337       4532.000000   1560.666667
336       4428.000000   1485.000000
149       4426.666667   1460.000000
151       4424.666667   1557.666667
Current: [4, 8, 14, 20, 37, 54, 56, 68, 73, 77, 83, 84, 91, 104, 107, 122, 132, 142, 144, 146, 166, 169, 173, 178, 181, 182, 191, 192, 199, 206, 210, 212, 224, 235, 238, 252, 253, 255, 261, 262, 268, 273, 277, 279, 282, 292, 298, 302, 306, 312, 323, 326, 328, 333, 339, 349, 366, 367, 369, 382, 394, 400, 417, 424, 453, 454, 466, 467, 483, 486, 492, 496, 499, 500, 505, 507]
Subround 3
         Timestamp  TS First Frame  TS Prev Frame
Offset                                           
425     24580480.0      47528310.0       923584.0
102     24628736.0      47916469.0       912179.0
153     24770944.0      48435994.0       904959.0
358     24677888.0      48356757.0       904469.5
255     25264896.0      48741261.5       899817.0
387     24701184.0      48134138.0       899160.5
477     24665600.0      47979042.0       894409.0
173     24851072.0      48170552.5       869763.0
292     24647552.0      47609209.0       869444.0
180     24633984.0      47601382.0       860949.0
204     24334848.0      47530668.0       859804.0
207     26386560.0      51182727.5       852727.5
238     24373248.0      47532031.0       852132.0
354     24805120.0      48336719.0       842559.0
248     25004672.0      48623111.0       841069.5
283     26197632.0      50949532.5       836767.5
478     24259712.0      47665289.5       836064.0
382     24255616.0      47454197.5       833658.0
29      24720512.0      47823325.0       831839.5
437     24222848.0      47652544.5       829213.5
         Server1    Server2
Offset                     
14      413611.5  118541.25
432      34939.5   10337.00
382       9594.5    3197.75
404       8845.5    2779.75
500       6503.5    2085.50
250       5382.5    1853.50
270       5296.5    1812.00
337       4782.5    1654.00
238       4711.5    1577.50
168       4696.5    1551.25
308       4693.5    1667.75
292       4585.0    1604.75
354       4573.0    1535.00
365       4570.5    1483.00
149       4567.0    1541.00
29        4541.5    1556.25
173       4476.0    1572.50
336       4470.0    1530.00
363       4452.0    1437.75
226       4422.5    1470.25
Current: [2, 3, 4, 8, 10, 14, 16, 18, 20, 21, 30, 31, 37, 41, 43, 48, 49, 51, 54, 55, 56, 68, 71, 73, 77, 83, 84, 91, 94, 100, 103, 104, 107, 113, 117, 122, 126, 130, 131, 132, 134, 140, 142, 143, 144, 145, 146, 154, 164, 166, 169, 170, 173, 174, 175, 178, 181, 182, 187, 190, 191, 192, 196, 199, 206, 212, 215, 216, 218, 221, 222, 224, 230, 232, 234, 235, 238, 242, 247, 248, 250, 252, 253, 255, 256, 257, 261, 262, 265, 268, 272, 273, 277, 279, 282, 285, 292, 294, 298, 302, 304, 306, 312, 318, 323, 324, 326, 328, 329, 333, 334, 339, 344, 349, 350, 357, 359, 365, 366, 367, 369, 372, 376, 379, 382, 384, 394, 400, 402, 412, 414, 415, 417, 424, 425, 437, 438, 439, 446, 452, 453, 454, 456, 461, 463, 466, 467, 474, 476, 483, 486, 490, 492, 496, 499, 500, 501, 505, 507]
Subround 4
         Timestamp  TS First Frame  TS Prev Frame
Offset                                           
358     24585216.0      48207312.0       902773.0
102     25002496.0      48340452.0       902550.0
153     24719872.0      48298582.0       900866.0
425     24683008.0      47603797.0       899098.0
255     25257216.0      48546210.0       898396.0
387     24501248.0      47934718.0       897923.0
477     24402944.0      47543953.0       881890.0
70      24910336.0      48409248.0       873034.0
473     25197312.0      48849470.0       859878.0
117     25061120.0      48761186.0       858259.0
356     24878592.0      48189889.0       857369.0
180     24693248.0      47717879.0       855601.0
204     24327680.0      47298925.0       855368.0
423     24669184.0      47821909.0       854869.0
127     24900352.0      48731259.0       852890.0
354     24775936.0      48271056.0       840313.0
478     24408576.0      47924625.0       834054.0
317     24621056.0      47978555.0       831727.0
437     24017152.0      47191979.0       822086.0
412     24642560.0      47723627.0       820197.0
         Server1   Server2
Offset                    
14      361161.6  103517.4
432      28360.8    8403.0
382       8145.2    2714.0
404       8070.8    2598.2
500       6114.0    1979.6
270       4743.6    1614.6
250       4704.0    1616.8
384       4458.8    1526.8
337       4456.8    1524.4
117       4400.4    1461.2
363       4398.0    1413.6
73        4218.4    1406.8
238       4163.6    1394.0
308       4158.0    1464.2
168       4154.8    1378.4
72        4138.8    1386.0
370       4135.2    1402.8
354       4129.2    1378.8
210       4128.4    1382.8
365       4117.2    1341.6
Current: [4, 8, 10, 14, 18, 20, 30, 37, 41, 49, 51, 54, 68, 73, 77, 84, 91, 94, 100, 103, 104, 113, 122, 126, 130, 131, 132, 134, 140, 142, 144, 146, 164, 166, 169, 173, 175, 178, 181, 182, 187, 191, 192, 199, 212, 216, 218, 221, 222, 235, 238, 252, 253, 255, 256, 261, 262, 272, 273, 277, 279, 285, 292, 298, 304, 306, 312, 318, 322, 323, 324, 326, 328, 329, 333, 334, 339, 344, 349, 365, 367, 372, 379, 382, 384, 394, 400, 402, 414, 417, 424, 425, 437, 438, 453, 454, 456, 461, 466, 467, 476, 483, 486, 492, 496, 499, 500, 505, 507]
Subround 5
         Timestamp  TS First Frame  TS Prev Frame
Offset                                           
425     24816128.0      47967025.5       873275.5
127     25021056.0      48781846.0       858471.0
109     24321664.0      47443277.0       855220.0
180     24725248.0      47986950.0       851038.0
268     24377856.0      47289147.0       838788.5
238     24373248.0      47532031.0       830869.5
82      24492416.0      47607860.0       813066.0
283     25422080.0      48958209.0       806159.5
29      24657280.0      47823325.0       792290.5
292     24598016.0      47609209.0       789333.5
507     24484224.0      47666675.0       785679.0
204     24244992.0      47194887.0       785493.0
383     24706432.0      48380300.5       775713.5
271     24519808.0      47541974.5       771294.5
282     24414208.0      47912144.0       758685.0
404     24267648.0      47573655.0       756579.0
408     24489984.0      47859780.0       753117.5
140     24396288.0      47574474.0       752683.0
269     24550912.0      47805700.0       748640.5
336     24677376.0      47900268.5       739268.5
              Server1        Server2
Offset                              
14      395750.000000  113447.000000
432      24438.333333    7292.666667
404       7570.666667    2465.666667
382       7098.000000    2362.833333
500       5383.333333    1744.000000
250       4660.666667    1619.666667
270       4297.333333    1459.333333
238       4291.666667    1460.333333
336       4279.666667    1457.500000
288       4241.666667    1408.166667
117       4194.333333    1394.000000
384       4171.666667    1416.333333
365       4167.000000    1403.000000
342       4161.333333    1443.000000
203       4147.333333    1427.666667
29        4133.333333    1415.000000
195       4127.333333    1365.833333
149       4100.333333    1386.666667
180       4098.000000    1399.666667
348       4083.333333    1348.666667
Current: [4, 8, 14, 18, 37, 54, 73, 77, 84, 94, 122, 126, 130, 132, 140, 146, 164, 166, 173, 175, 178, 182, 187, 191, 192, 199, 221, 252, 255, 261, 262, 272, 273, 279, 285, 292, 304, 312, 318, 322, 324, 328, 329, 333, 334, 344, 365, 367, 372, 384, 394, 400, 414, 424, 425, 437, 438, 453, 454, 456, 461, 466, 467, 476, 483, 486, 492, 496, 500, 507]
Subround 6
         Timestamp  TS First Frame  TS Prev Frame
Offset                                           
24      24419584.0      47725931.0       910527.0
14      24793600.0      47972322.0       905639.0
102     25002496.0      48340452.0       902550.0
153     24719872.0      48298582.0       900866.0
477     24402944.0      47543953.0       881890.0
268     24623360.0      47494494.0       880657.0
82      24528384.0      47640406.0       878937.0
12      24684800.0      47545353.0       877328.0
358     24770560.0      48506202.0       871530.0
476     24464384.0      47661761.0       870081.0
383     24726016.0      48449403.0       866354.0
238     24408832.0      47558730.0       863868.0
130     24480000.0      47319547.0       858074.0
204     24327680.0      47298925.0       855368.0
127     24900352.0      48731259.0       852890.0
425     24683008.0      47901019.0       847453.0
255     25257216.0      48546210.0       847116.0
180     24693248.0      47717879.0       846475.0
354     24614400.0      47986211.0       840313.0
478     24408576.0      47924625.0       834054.0
              Server1        Server2
Offset                              
14      402070.857143  115246.142857
432      21318.285714    6369.285714
382       6791.428571    2277.714286
404       6789.714286    2215.428571
500       4858.571429    1584.714286
250       4444.571429    1529.571429
270       4392.571429    1504.857143
238       4369.142857    1481.571429
308       4352.000000    1519.857143
365       4293.428571    1461.142857
29        4240.000000    1462.000000
337       4225.428571    1440.000000
117       4211.714286    1428.000000
292       4193.142857    1466.142857
363       4191.714286    1356.571429
196       4175.142857    1433.285714
73        4172.571429    1389.000000
168       4153.428571    1390.857143
374       4142.285714    1399.142857
41        4112.857143    1398.714286
Current: [4, 8, 14, 18, 20, 21, 25, 31, 37, 41, 54, 68, 73, 74, 77, 78, 84, 91, 94, 100, 108, 113, 122, 126, 127, 130, 132, 134, 138, 140, 144, 145, 146, 164, 166, 173, 175, 178, 181, 182, 187, 191, 192, 193, 199, 204, 206, 209, 215, 216, 218, 221, 224, 243, 247, 252, 255, 256, 261, 262, 265, 272, 273, 277, 279, 285, 292, 294, 298, 299, 300, 304, 306, 312, 313, 318, 322, 324, 326, 328, 329, 332, 333, 334, 341, 344, 350, 352, 353, 365, 367, 372, 379, 382, 384, 392, 394, 400, 414, 417, 424, 425, 436, 437, 438, 441, 453, 454, 456, 459, 461, 463, 466, 467, 469, 476, 483, 486, 492, 496, 500, 502, 505, 507]
Subround 7
         Timestamp  TS First Frame  TS Prev Frame
Offset                                           
127     25011968.0      48781846.0       858471.0
268     24435712.0      47367878.0       838788.5
238     24373248.0      47532031.0       830869.5
382     24069120.0      47248981.5       821605.0
505     24537344.0      48182595.5       820087.5
82      24492416.0      47607860.0       813066.0
423     24708736.0      48238465.0       797743.5
29      24657280.0      47823325.0       792290.5
292     24598016.0      47609209.0       789333.5
507     24475776.0      47666675.0       785679.0
204     24334848.0      47530668.0       785493.0
383     24706432.0      48380300.5       775713.5
473     25188992.0      48840542.0       773096.5
271     24463872.0      47526781.5       771294.5
13      24595584.0      48002161.0       762637.5
282     24414208.0      47912144.0       758685.0
370     24582656.0      47799834.0       755939.0
436     24388096.0      47525522.0       748090.0
381     24514816.0      47894143.0       744544.0
485     24450560.0      48255432.5       738385.0
          Server1     Server2
Offset                       
14      376063.25  107790.750
432      19002.25    5685.250
382       6561.00    2197.875
404       6164.50    2014.125
500       4768.50    1584.125
363       4316.25    1416.500
117       4303.75    1470.375
384       4289.75    1437.250
320       4198.25    1440.000
270       4190.50    1424.875
370       4141.50    1410.375
308       4139.50    1437.375
250       4129.00    1415.875
238       4074.75    1380.750
268       4063.25    1413.625
352       4056.25    1354.875
80        4047.75    1377.500
72        4025.50    1351.875
365       4022.00    1363.500
204       4003.00    1441.125
Current: [14, 18, 37, 41, 54, 77, 78, 84, 91, 94, 100, 108, 126, 130, 132, 134, 138, 144, 146, 164, 166, 175, 178, 182, 187, 191, 192, 199, 204, 209, 215, 243, 252, 255, 256, 261, 262, 265, 273, 279, 285, 294, 304, 306, 312, 318, 322, 324, 326, 328, 329, 332, 333, 334, 341, 344, 350, 352, 365, 367, 382, 384, 394, 400, 414, 417, 424, 437, 438, 441, 453, 454, 456, 459, 461, 463, 466, 467, 476, 483, 486, 492, 500, 507]
Subround 8
         Timestamp  TS First Frame  TS Prev Frame
Offset                                           
14      24793600.0      47972322.0       905639.0
127     24900352.0      48731259.0       852890.0
24      24419584.0      47506973.0       848867.0
425     24645888.0      47901019.0       847453.0
180     24693248.0      47717879.0       846475.0
406     24477440.0      47654677.0       832841.0
447     24438016.0      47663995.0       826418.0
138     24340992.0      47665770.0       825258.0
394     24166400.0      47331477.0       819854.0
382     24022016.0      47147616.0       819651.0
505     24440576.0      48064583.0       812862.0
238     24337664.0      47505332.0       797871.0
268     24248064.0      47241262.0       796920.0
255     24812544.0      48546210.0       791508.0
292     24634368.0      47793970.0       778331.0
29      24634880.0      47802035.0       776868.0
328     24608000.0      47896055.0       776353.0
391     24912128.0      48385469.0       768347.0
82      24528384.0      47640406.0       747195.0
228     24108544.0      47187459.0       745069.0
              Server1        Server2
Offset                              
14      415852.888889  119194.555556
432      17437.333333    5234.333333
476       6944.222222    2191.777778
404       6115.777778    2011.555556
382       6065.777778    2027.222222
500       4428.222222    1474.555556
363       4272.222222    1395.777778
308       4163.111111    1458.000000
337       4122.222222    1401.333333
384       4101.111111    1369.444444
29        4099.333333    1417.555556
238       4083.333333    1401.444444
374       4052.666667    1374.777778
320       4052.000000    1380.333333
117       4024.222222    1373.777778
336       4021.111111    1368.000000
292       4008.000000    1401.333333
348       4000.666667    1341.666667
270       3983.111111    1348.444444
41        3974.000000    1354.111111
Current: [14, 37, 54, 78, 91, 94, 100, 108, 130, 146, 164, 175, 178, 182, 187, 191, 192, 215, 243, 255, 261, 262, 285, 306, 312, 322, 324, 328, 329, 334, 344, 365, 367, 384, 394, 400, 417, 424, 441, 453, 454, 461, 466, 467, 476, 486, 492, 507]
Subround 9
         Timestamp  TS First Frame  TS Prev Frame
Offset                                           
14      24856960.0      48109595.5       920480.5
24      24420864.0      47616452.0       867067.5
406     24580736.0      47736188.5       845975.0
447     24518400.0      48048441.0       838454.5
138     24365952.0      47699597.5       838278.0
382     24069120.0      47248981.5       821605.0
255     24790528.0      48449867.0       819312.0
127     25011968.0      48781846.0       813253.5
328     24643072.0      47840637.5       803080.5
29      24657280.0      47823325.0       792290.5
292     24647552.0      47847031.5       789333.5
204     24334848.0      47530668.0       785493.0
477     24241280.0      47518389.0       783093.0
262     24636544.0      47895202.0       776451.5
213     24518656.0      47802937.0       775558.0
394     24434688.0      47640856.0       773911.5
391     24928768.0      48480697.5       771153.0
268     24190208.0      47162531.0       769844.0
508     24576768.0      48094522.5       766278.0
13      24484352.0      47633399.0       762637.5
         Server1   Server2
Offset                    
14      430121.6  123292.8
432      15934.0    4790.4
476       6909.4    2190.7
382       6022.0    2015.8
404       5963.6    1967.0
363       4349.8    1438.5
308       4222.6    1483.1
337       4214.4    1441.0
384       4205.2    1417.2
348       4174.8    1409.4
320       4145.0    1420.6
500       4139.2    1379.8
270       4123.4    1414.4
29        4109.2    1418.5
262       4109.0    1441.7
41        4094.2    1401.8
292       4085.0    1433.4
250       4068.2    1397.1
169       4023.6    1382.2
117       4011.6    1385.3
Current: [8, 14, 18, 37, 54, 56, 77, 78, 91, 94, 100, 104, 108, 112, 122, 125, 126, 130, 138, 144, 146, 154, 164, 175, 178, 182, 187, 191, 192, 204, 209, 215, 216, 221, 224, 243, 251, 252, 255, 261, 262, 265, 268, 273, 277, 279, 285, 294, 298, 304, 306, 312, 313, 318, 322, 324, 326, 328, 329, 334, 341, 344, 350, 352, 365, 367, 384, 394, 400, 414, 415, 417, 424, 438, 439, 441, 453, 454, 457, 459, 461, 466, 467, 474, 476, 483, 486, 492, 507, 509]
Subround 10
         Timestamp  TS First Frame  TS Prev Frame
Offset                                           
14      24793600.0      48111894.0       905639.0
153     24353280.0      47671307.0       872696.0
102     24772352.0      48175719.0       870036.0
24      24422144.0      47725931.0       848867.0
354     24322560.0      47773793.0       840313.0
406     24477440.0      47817700.0       832841.0
204     24342016.0      47762411.0       832025.0
447     24438016.0      47690120.0       826418.0
138     24390912.0      47665770.0       825258.0
259     24388864.0      47842742.0       825235.0
304     24305664.0      47953767.0       824018.0
110     24176640.0      47401932.0       823677.0
382     24116224.0      47350347.0       823559.0
394     24431360.0      47450428.0       819854.0
477     24402944.0      47543953.0       816601.0
207     25237248.0      48947130.0       815840.0
232     24437248.0      47834032.0       804901.0
349     24731648.0      47920486.0       799910.0
335     24602880.0      48245847.0       798488.0
268     24248064.0      47241262.0       796920.0
              Server1        Server2
Offset                              
14      437471.272727  125394.636364
432      14675.454545    4419.090909
476       6643.272727    2116.272727
382       5932.363636    1987.090909
404       5619.818182    1852.181818
363       4423.272727    1474.181818
270       4412.363636    1513.454545
308       4378.000000    1534.454545
384       4311.272727    1459.727273
41        4275.090909    1474.454545
337       4242.000000    1467.818182
320       4201.818182    1447.363636
250       4149.818182    1431.454545
80        4112.545455    1417.363636
268       4070.909091    1414.363636
262       4070.363636    1427.636364
169       4063.636364    1404.454545
29        4050.363636    1400.454545
255       4049.636364    1407.000000
117       4040.727273    1397.909091
Current: [14, 18, 37, 54, 56, 78, 94, 100, 108, 122, 125, 130, 146, 154, 164, 175, 178, 182, 187, 191, 192, 204, 221, 243, 251, 255, 261, 262, 268, 273, 277, 279, 285, 294, 304, 306, 312, 313, 318, 322, 324, 328, 329, 341, 350, 352, 365, 367, 384, 394, 414, 417, 424, 438, 441, 453, 454, 457, 459, 461, 466, 467, 476, 486, 492, 507]
Subround 11
         Timestamp  TS First Frame  TS Prev Frame
Offset                                           
14      24856960.0      48148048.0       920480.5
354     24433920.0      47806324.0       842559.0
259     24393856.0      47693594.5       835306.5
382     24302720.0      47549543.0       833056.0
110     24504064.0      47624718.0       825049.0
228     24705664.0      47646628.5       820594.5
255     25004416.0      48608429.5       819312.0
304     24342784.0      47795773.0       817035.0
127     24967680.0      48595262.5       813253.5
268     24477184.0      47494494.0       802552.0
478     24392192.0      47583876.0       801766.0
349     24755584.0      48086590.0       798163.5
476     24680832.0      48256048.0       794418.5
146     24457728.0      47572326.0       789376.0
222     24448640.0      47551030.5       788311.5
19      24916480.0      48373133.0       786779.5
401     24532608.0      47834774.5       784921.0
94      24658432.0      48071170.5       783192.5
171     24689024.0      48256073.5       776794.0
387     24489344.0      47872211.0       776575.5
              Server1        Server2
Offset                              
14      457360.000000  131132.833333
432      13721.166667    4138.000000
476       6461.166667    2083.750000
382       5891.833333    1987.416667
404       5375.666667    1772.916667
363       4671.666667    1547.666667
270       4489.666667    1538.583333
308       4424.833333    1564.083333
337       4411.000000    1515.250000
384       4380.333333    1483.916667
41        4357.500000    1497.416667
320       4293.666667    1481.916667
250       4230.500000    1460.000000
268       4227.833333    1461.833333
73        4220.833333    1419.083333
171       4192.000000    1440.416667
55        4170.500000    1414.333333
354       4136.500000    1424.166667
80        4133.166667    1421.833333
423       4119.666667    1419.750000
Current: [14, 54, 94, 100, 108, 125, 164, 175, 182, 187, 191, 192, 221, 255, 262, 273, 277, 279, 294, 306, 312, 313, 322, 324, 328, 329, 341, 352, 365, 367, 384, 394, 417, 424, 441, 453, 454, 459, 461, 467, 476, 486, 507]
Subround 12
         Timestamp  TS First Frame  TS Prev Frame
Offset                                           
14      24920320.0      48184202.0       935322.0
228     24747776.0      47677912.0       896120.0
19      24722432.0      48004839.0       851108.0
24      24422144.0      47725931.0       848867.0
354     24545280.0      47838855.0       844805.0
382     24220416.0      47350347.0       842553.0
268     24550272.0      47637145.5       841604.5
129     24171264.0      47443034.0       831084.0
255     24912384.0      48670649.0       829293.0
110     24831488.0      47847504.0       826421.0
259     24388864.0      47544447.0       825235.0
381     24601088.0      48142334.0       823587.0
67      24377088.0      47676983.0       820902.0
394     24471296.0      47950235.0       819854.0
368     24337664.0      47624723.0       819743.0
80      24366080.0      47516975.0       817357.0
153     24385792.0      47925401.0       816639.0
207     25231872.0      48616972.0       815840.0
483     24245504.0      47496797.0       814376.0
505     24440576.0      47917605.0       812862.0
              Server1        Server2
Offset                              
14      465496.153846  133471.076923
432      12925.384615    3900.153846
476       6291.692308    2048.153846
382       5816.923077    1972.923077
404       5343.384615    1765.153846
363       4703.384615    1571.230769
270       4613.230769    1579.230769
320       4521.692308    1558.384615
308       4516.000000    1586.153846
337       4418.153846    1519.538462
384       4391.538462    1488.769231
268       4363.076923    1502.461538
41        4341.538462    1490.307692
171       4325.230769    1479.615385
250       4298.307692    1479.461538
354       4294.307692    1471.153846
80        4249.230769    1457.615385
55        4226.923077    1440.846154
73        4224.923077    1427.846154
255       4189.076923    1446.769231
Current: [14, 54, 94, 125, 164, 175, 182, 191, 192, 255, 262, 294, 312, 313, 322, 324, 328, 329, 341, 365, 367, 417, 441, 453, 454, 461, 467, 476, 507]
Subround 13
         Timestamp  TS First Frame  TS Prev Frame
Offset                                           
14      24856960.0      48148048.0       920480.5
268     24477184.0      47494494.0       880657.0
382     24354816.0      47549543.0       845109.0
153     24393216.0      47960403.5       844667.5
354     24579840.0      47830384.0       842559.0
129     24189056.0      47487361.5       841800.0
246     24224896.0      47400238.0       839233.0
19      24758656.0      48291825.5       836350.5
130     24482688.0      47554195.5       835197.5
483     24299520.0      47550117.5       833947.0
80      24371712.0      47660439.0       830059.5
110     24504064.0      47624718.0       825049.0
381     24514816.0      47932112.5       823742.0
484     24650368.0      48178170.5       823045.0
105     24951168.0      48493406.0       821000.0
228     24705664.0      47646628.5       820594.5
92      24628864.0      48257303.5       814097.0
127     24840192.0      48141047.5       813253.5
55      24507520.0      47773896.0       810708.5
499     24606080.0      47879238.0       806775.0
              Server1        Server2
Offset                              
14      471269.000000  135117.642857
432      12169.000000    3676.642857
476       6133.142857    2011.928571
382       5775.714286    1955.428571
404       5178.714286    1709.000000
363       4762.571429    1605.571429
270       4662.571429    1600.642857
320       4640.571429    1600.214286
384       4497.714286    1528.285714
337       4468.571429    1540.857143
308       4467.285714    1571.357143
41        4420.571429    1513.214286
171       4396.000000    1500.500000
268       4393.428571    1518.714286
354       4362.428571    1492.642857
250       4318.000000    1492.142857
80        4289.714286    1478.285714
73        4280.571429    1453.142857
55        4272.000000    1463.785714
117       4252.142857    1473.500000
Current: [14, 54, 78, 94, 100, 108, 125, 126, 164, 175, 182, 191, 192, 243, 255, 262, 277, 279, 293, 294, 312, 313, 322, 324, 328, 329, 341, 365, 367, 384, 394, 417, 441, 453, 454, 459, 461, 467, 476, 507]
Subround 14
         Timestamp  TS First Frame  TS Prev Frame
Offset                                           
14      24793600.0      48111894.0       905639.0
382     24220416.0      47350347.0       842553.0
268     24508544.0      47637145.5       841604.5
354     24545280.0      47821913.0       840313.0
129     24206848.0      47531689.0       831084.0
110     24176640.0      47406195.0       823677.0
381     24428544.0      47721891.0       823587.0
19      24722432.0      48004839.0       821593.0
80      24366080.0      47516975.0       817357.0
153     24385792.0      47925401.0       816639.0
483     24338176.0      47603438.0       814376.0
130     24480000.0      47748758.0       812321.0
484     24582144.0      48056965.0       812146.0
505     24440576.0      47917605.0       811968.0
370     24204800.0      47702179.0       810276.0
171     24588544.0      48022459.0       801619.0
55      24499712.0      47527317.0       801560.0
246     24189696.0      47369405.0       801002.0
183     24838144.0      48027859.0       798587.0
320     24528128.0      47979702.0       797217.0
              Server1        Server2
Offset                              
14      455735.600000  130659.133333
432      11512.000000    3481.933333
476       5836.533333    1917.133333
382       5535.866667    1873.733333
404       4995.866667    1651.733333
320       4732.133333    1625.866667
363       4714.533333    1590.666667
171       4623.600000    1557.600000
270       4574.666667    1564.000000
384       4529.333333    1546.466667
308       4305.466667    1511.200000
337       4302.400000    1482.800000
41        4271.600000    1462.866667
117       4262.266667    1478.733333
268       4259.466667    1470.933333
354       4205.200000    1436.200000
473       4172.133333    1482.666667
80        4169.333333    1432.000000
73        4163.866667    1414.533333
250       4163.333333    1438.000000
Current: [14, 54, 78, 94, 100, 125, 126, 182, 191, 192, 243, 255, 277, 279, 293, 312, 313, 322, 324, 328, 329, 365, 367, 394, 417, 441, 453, 454, 461, 467, 476, 507]
Subround 15
         Timestamp  TS First Frame  TS Prev Frame
Offset                                           
14      24743040.0      48048228.5       837782.5
382     24168320.0      47248981.5       833056.0
354     24433920.0      47797853.0       831171.5
268     24470912.0      47367878.0       799736.0
146     24383616.0      47572326.0       789376.0
320     24500736.0      47949274.5       787384.0
222     24448640.0      47551030.5       779944.5
171     24546176.0      47962903.0       776794.0
19      24693888.0      47881243.0       772022.0
55      24341120.0      47444730.0       770443.0
246     24171264.0      47326049.5       758987.5
255     24768512.0      48353524.0       757336.0
381     24422912.0      47683921.5       755434.5
484     24497792.0      47873871.5       755129.5
469     24397952.0      47574211.0       754670.0
105     24850048.0      48371341.5       753768.5
370     24202752.0      47605853.0       750555.5
259     24372224.0      47542776.5       749778.5
92      24543360.0      47932297.5       747184.5
387     24446464.0      47765406.0       744836.0
           Server1      Server2
Offset                         
14      439232.000  125925.5000
432      11104.750    3376.0625
476       5580.625    1835.0625
382       5323.375    1801.0000
404       4852.625    1609.2500
363       4593.500    1548.5625
320       4585.500    1573.8125
171       4475.875    1504.5625
270       4412.750    1507.8750
384       4405.250    1502.0000
337       4202.625    1444.6875
308       4172.625    1461.6250
268       4134.250    1426.5000
117       4128.750    1432.6875
41        4126.750    1412.7500
354       4068.750    1388.8750
473       4045.125    1438.0000
80        4044.625    1386.0000
187       4038.875    1384.0000
250       4036.000    1392.8125
Current: [14, 54, 94, 125, 126, 182, 191, 255, 279, 293, 312, 313, 328, 329, 365, 367, 394, 417, 454, 461, 467, 476, 507]
         Timestamp  TS First Frame  TS Prev Frame
Offset                                           
14      24743040.0      48048228.5       837782.5
382     24168320.0      47248981.5       833056.0
354     24433920.0      47797853.0       831171.5
268     24470912.0      47367878.0       799736.0
146     24383616.0      47572326.0       789376.0
320     24500736.0      47949274.5       787384.0
222     24448640.0      47551030.5       779944.5
171     24546176.0      47962903.0       776794.0
19      24693888.0      47881243.0       772022.0
55      24341120.0      47444730.0       770443.0
246     24171264.0      47326049.5       758987.5
255     24768512.0      48353524.0       757336.0
381     24422912.0      47683921.5       755434.5
484     24497792.0      47873871.5       755129.5
469     24397952.0      47574211.0       754670.0
105     24850048.0      48371341.5       753768.5
370     24202752.0      47605853.0       750555.5
259     24372224.0      47542776.5       749778.5
92      24543360.0      47932297.5       747184.5
387     24446464.0      47765406.0       744836.0
           Server1      Server2
Offset                         
14      439232.000  125925.5000
432      11104.750    3376.0625
476       5580.625    1835.0625
382       5323.375    1801.0000
404       4852.625    1609.2500
363       4593.500    1548.5625
320       4585.500    1573.8125
171       4475.875    1504.5625
270       4412.750    1507.8750
384       4405.250    1502.0000
337       4202.625    1444.6875
308       4172.625    1461.6250
268       4134.250    1426.5000
117       4128.750    1432.6875
41        4126.750    1412.7500
354       4068.750    1388.8750
473       4045.125    1438.0000
80        4044.625    1386.0000
187       4038.875    1384.0000
250       4036.000    1392.8125
New pairs
[[312, 313], [365, 476], [125, 394], [54, 94], [329, 367], [126, 507], [182, 461], [293, 23], [255, 467], [454, 191], [417, 328], [14, 279]]
Round 1
Subround 0
         Timestamp  TS First Frame  TS Prev Frame
Offset                                           
14      24743040.0      48048228.5       837782.5
382     24168320.0      47248981.5       833056.0
354     24433920.0      47797853.0       831171.5
268     24470912.0      47367878.0       799736.0
146     24383616.0      47572326.0       789376.0
320     24500736.0      47949274.5       787384.0
222     24448640.0      47551030.5       779944.5
171     24546176.0      47962903.0       776794.0
255     24751104.0      48318046.0       774422.0
19      24693888.0      47881243.0       772022.0
55      24341120.0      47444730.0       770443.0
246     24171264.0      47326049.5       758987.5
381     24422912.0      47683921.5       755434.5
484     24497792.0      47873871.5       755129.5
469     24397952.0      47574211.0       754670.0
105     24850048.0      48371341.5       753768.5
370     24202752.0      47605853.0       750555.5
259     24372224.0      47542776.5       749778.5
92      24543360.0      47932297.5       747184.5
387     24446464.0      47765406.0       744836.0
              Server1        Server2
Offset                              
14      423546.705882  121428.705882
432      11104.750000    3376.062500
476       5377.176471    1769.705882
382       5323.375000    1801.000000
404       4852.625000    1609.250000
363       4593.500000    1548.562500
320       4585.500000    1573.812500
171       4475.875000    1504.562500
270       4412.750000    1507.875000
384       4405.250000    1502.000000
337       4202.625000    1444.687500
308       4172.625000    1461.625000
268       4134.250000    1426.500000
117       4128.750000    1432.687500
41        4126.750000    1412.750000
354       4068.750000    1388.875000
473       4045.125000    1438.000000
80        4044.625000    1386.000000
187       4038.875000    1384.000000
250       4036.000000    1392.812500
Current: [23, 94, 125, 182, 255, 312, 365, 367, 454, 507]
Subround 1
         Timestamp  TS First Frame  TS Prev Frame
Offset                                           
382     24168320.0      47248981.5       833056.0
354     24433920.0      47797853.0       831171.5
268     24470912.0      47367878.0       799736.0
146     24383616.0      47572326.0       789376.0
320     24500736.0      47949274.5       787384.0
222     24448640.0      47551030.5       779944.5
171     24546176.0      47962903.0       776794.0
255     24751104.0      48318046.0       774422.0
19      24693888.0      47881243.0       772022.0
55      24341120.0      47444730.0       770443.0
14      24692480.0      47984563.0       769926.0
246     24171264.0      47326049.5       758987.5
381     24422912.0      47683921.5       755434.5
484     24497792.0      47873871.5       755129.5
469     24397952.0      47574211.0       754670.0
105     24850048.0      48371341.5       753768.5
370     24202752.0      47605853.0       750555.5
259     24372224.0      47542776.5       749778.5
92      24543360.0      47932297.5       747184.5
387     24446464.0      47765406.0       744836.0
              Server1        Server2
Offset                              
14      437406.222222  125409.611111
432      11104.750000    3376.062500
382       5323.375000    1801.000000
476       5306.000000    1756.388889
404       4852.625000    1609.250000
363       4593.500000    1548.562500
320       4585.500000    1573.812500
171       4475.875000    1504.562500
270       4412.750000    1507.875000
384       4405.250000    1502.000000
337       4202.625000    1444.687500
308       4172.625000    1461.625000
268       4134.250000    1426.500000
117       4128.750000    1432.687500
41        4126.750000    1412.750000
354       4068.750000    1388.875000
473       4045.125000    1438.000000
80        4044.625000    1386.000000
187       4038.875000    1384.000000
250       4036.000000    1392.812500
Current: [14, 125, 255, 328, 365, 454]
Subround 2
         Timestamp  TS First Frame  TS Prev Frame
Offset                                           
14      24743040.0      48048228.5       837782.5
382     24168320.0      47248981.5       833056.0
354     24433920.0      47797853.0       831171.5
268     24470912.0      47367878.0       799736.0
146     24383616.0      47572326.0       789376.0
320     24500736.0      47949274.5       787384.0
222     24448640.0      47551030.5       779944.5
171     24546176.0      47962903.0       776794.0
19      24693888.0      47881243.0       772022.0
55      24341120.0      47444730.0       770443.0
246     24171264.0      47326049.5       758987.5
381     24422912.0      47683921.5       755434.5
484     24497792.0      47873871.5       755129.5
469     24397952.0      47574211.0       754670.0
105     24850048.0      48371341.5       753768.5
370     24202752.0      47605853.0       750555.5
259     24372224.0      47542776.5       749778.5
92      24543360.0      47932297.5       747184.5
387     24446464.0      47765406.0       744836.0
228     24409856.0      47562226.5       739066.5
              Server1        Server2
Offset                              
14      427144.947368  122464.210526
432      11104.750000    3376.062500
382       5323.375000    1801.000000
476       5119.578947    1695.894737
404       4852.625000    1609.250000
363       4593.500000    1548.562500
320       4585.500000    1573.812500
171       4475.875000    1504.562500
270       4412.750000    1507.875000
384       4405.250000    1502.000000
337       4202.625000    1444.687500
308       4172.625000    1461.625000
268       4134.250000    1426.500000
117       4128.750000    1432.687500
41        4126.750000    1412.750000
354       4068.750000    1388.875000
473       4045.125000    1438.000000
80        4044.625000    1386.000000
187       4038.875000    1384.000000
250       4036.000000    1392.812500
Current: [125, 255, 328]
Subround 3
         Timestamp  TS First Frame  TS Prev Frame
Offset                                           
382     24168320.0      47248981.5       833056.0
354     24433920.0      47797853.0       831171.5
268     24470912.0      47367878.0       799736.0
146     24383616.0      47572326.0       789376.0
320     24500736.0      47949274.5       787384.0
222     24448640.0      47551030.5       779944.5
171     24546176.0      47962903.0       776794.0
19      24693888.0      47881243.0       772022.0
55      24341120.0      47444730.0       770443.0
14      24793600.0      48111894.0       769926.0
246     24171264.0      47326049.5       758987.5
381     24422912.0      47683921.5       755434.5
484     24497792.0      47873871.5       755129.5
469     24397952.0      47574211.0       754670.0
105     24850048.0      48371341.5       753768.5
370     24202752.0      47605853.0       750555.5
259     24372224.0      47542776.5       749778.5
92      24543360.0      47932297.5       747184.5
387     24446464.0      47765406.0       744836.0
228     24409856.0      47562226.5       739066.5
           Server1      Server2
Offset                         
14      419202.600  120185.1500
432      11104.750    3376.0625
382       5323.375    1801.0000
476       4941.700    1637.7000
404       4852.625    1609.2500
363       4593.500    1548.5625
320       4585.500    1573.8125
171       4475.875    1504.5625
270       4412.750    1507.8750
384       4405.250    1502.0000
337       4202.625    1444.6875
308       4172.625    1461.6250
268       4134.250    1426.5000
117       4128.750    1432.6875
41        4126.750    1412.7500
354       4068.750    1388.8750
473       4045.125    1438.0000
80        4044.625    1386.0000
187       4038.875    1384.0000
250       4036.000    1392.8125
Current: [54, 125, 126, 255, 313, 328]
Subround 4
         Timestamp  TS First Frame  TS Prev Frame
Offset                                           
382     24168320.0      47248981.5       833056.0
354     24433920.0      47797853.0       831171.5
268     24470912.0      47367878.0       799736.0
146     24383616.0      47572326.0       789376.0
320     24500736.0      47949274.5       787384.0
222     24448640.0      47551030.5       779944.5
171     24546176.0      47962903.0       776794.0
19      24693888.0      47881243.0       772022.0
55      24341120.0      47444730.0       770443.0
246     24171264.0      47326049.5       758987.5
381     24422912.0      47683921.5       755434.5
484     24497792.0      47873871.5       755129.5
469     24397952.0      47574211.0       754670.0
105     24850048.0      48371341.5       753768.5
370     24202752.0      47605853.0       750555.5
259     24372224.0      47542776.5       749778.5
92      24543360.0      47932297.5       747184.5
387     24446464.0      47765406.0       744836.0
228     24409856.0      47562226.5       739066.5
127     24789760.0      48141047.5       734950.0
              Server1        Server2
Offset                              
14      426070.952381  122157.095238
432      11104.750000    3376.062500
382       5323.375000    1801.000000
476       4889.047619    1630.380952
404       4852.625000    1609.250000
363       4593.500000    1548.562500
320       4585.500000    1573.812500
171       4475.875000    1504.562500
270       4412.750000    1507.875000
384       4405.250000    1502.000000
337       4202.625000    1444.687500
308       4172.625000    1461.625000
268       4134.250000    1426.500000
117       4128.750000    1432.687500
41        4126.750000    1412.750000
354       4068.750000    1388.875000
473       4045.125000    1438.000000
80        4044.625000    1386.000000
187       4038.875000    1384.000000
250       4036.000000    1392.812500
Current: [14, 54, 125, 126, 255, 313, 328, 454]
Subround 5
         Timestamp  TS First Frame  TS Prev Frame
Offset                                           
382     24168320.0      47248981.5       833056.0
354     24433920.0      47797853.0       831171.5
268     24470912.0      47367878.0       799736.0
146     24383616.0      47572326.0       789376.0
320     24500736.0      47949274.5       787384.0
222     24448640.0      47551030.5       779944.5
171     24546176.0      47962903.0       776794.0
19      24693888.0      47881243.0       772022.0
55      24341120.0      47444730.0       770443.0
14      24793600.0      48111894.0       769926.0
246     24171264.0      47326049.5       758987.5
381     24422912.0      47683921.5       755434.5
484     24497792.0      47873871.5       755129.5
469     24397952.0      47574211.0       754670.0
105     24850048.0      48371341.5       753768.5
370     24202752.0      47605853.0       750555.5
259     24372224.0      47542776.5       749778.5
92      24543360.0      47932297.5       747184.5
387     24446464.0      47765406.0       744836.0
228     24409856.0      47562226.5       739066.5
              Server1        Server2
Offset                              
14      413970.090909  118689.000000
432      11104.750000    3376.062500
382       5323.375000    1801.000000
404       4852.625000    1609.250000
476       4740.000000    1582.318182
363       4593.500000    1548.562500
320       4585.500000    1573.812500
171       4475.875000    1504.562500
270       4412.750000    1507.875000
384       4405.250000    1502.000000
337       4202.625000    1444.687500
308       4172.625000    1461.625000
268       4134.250000    1426.500000
117       4128.750000    1432.687500
41        4126.750000    1412.750000
354       4068.750000    1388.875000
473       4045.125000    1438.000000
80        4044.625000    1386.000000
187       4038.875000    1384.000000
250       4036.000000    1392.812500
Current: [14, 125, 255, 328, 454]
Subround 6
         Timestamp  TS First Frame  TS Prev Frame
Offset                                           
382     24168320.0      47248981.5       833056.0
354     24433920.0      47797853.0       831171.5
268     24470912.0      47367878.0       799736.0
146     24383616.0      47572326.0       789376.0
320     24500736.0      47949274.5       787384.0
222     24448640.0      47551030.5       779944.5
171     24546176.0      47962903.0       776794.0
19      24693888.0      47881243.0       772022.0
55      24341120.0      47444730.0       770443.0
246     24171264.0      47326049.5       758987.5
381     24422912.0      47683921.5       755434.5
484     24497792.0      47873871.5       755129.5
469     24397952.0      47574211.0       754670.0
105     24850048.0      48371341.5       753768.5
370     24202752.0      47605853.0       750555.5
259     24372224.0      47542776.5       749778.5
92      24543360.0      47932297.5       747184.5
387     24446464.0      47765406.0       744836.0
228     24409856.0      47562226.5       739066.5
127     24789760.0      48141047.5       734950.0
              Server1        Server2
Offset                              
14      403696.956522  115742.391304
432      11104.750000    3376.062500
382       5323.375000    1801.000000
404       4852.625000    1609.250000
476       4722.608696    1580.086957
363       4593.500000    1548.562500
320       4585.500000    1573.812500
171       4475.875000    1504.562500
270       4412.750000    1507.875000
384       4405.250000    1502.000000
337       4202.625000    1444.687500
308       4172.625000    1461.625000
268       4134.250000    1426.500000
117       4128.750000    1432.687500
41        4126.750000    1412.750000
354       4068.750000    1388.875000
473       4045.125000    1438.000000
80        4044.625000    1386.000000
187       4038.875000    1384.000000
250       4036.000000    1392.812500
Current: [14, 54, 125, 255, 313, 328, 329, 454]
Subround 7
         Timestamp  TS First Frame  TS Prev Frame
Offset                                           
382     24168320.0      47248981.5       833056.0
354     24433920.0      47797853.0       831171.5
268     24470912.0      47367878.0       799736.0
146     24383616.0      47572326.0       789376.0
320     24500736.0      47949274.5       787384.0
222     24448640.0      47551030.5       779944.5
171     24546176.0      47962903.0       776794.0
19      24693888.0      47881243.0       772022.0
55      24341120.0      47444730.0       770443.0
246     24171264.0      47326049.5       758987.5
381     24422912.0      47683921.5       755434.5
484     24497792.0      47873871.5       755129.5
469     24397952.0      47574211.0       754670.0
105     24850048.0      48371341.5       753768.5
370     24202752.0      47605853.0       750555.5
259     24372224.0      47542776.5       749778.5
92      24543360.0      47932297.5       747184.5
387     24446464.0      47765406.0       744836.0
228     24409856.0      47562226.5       739066.5
127     24789760.0      48141047.5       734950.0
              Server1        Server2
Offset                              
14      409169.666667  117315.291667
432      11104.750000    3376.062500
382       5323.375000    1801.000000
404       4852.625000    1609.250000
476       4689.416667    1575.666667
363       4593.500000    1548.562500
320       4585.500000    1573.812500
171       4475.875000    1504.562500
270       4412.750000    1507.875000
384       4405.250000    1502.000000
337       4202.625000    1444.687500
308       4172.625000    1461.625000
268       4134.250000    1426.500000
117       4128.750000    1432.687500
41        4126.750000    1412.750000
354       4068.750000    1388.875000
473       4045.125000    1438.000000
80        4044.625000    1386.000000
187       4038.875000    1384.000000
250       4036.000000    1392.812500
Current: [14, 125, 255, 313, 328, 329]
Subround 8
         Timestamp  TS First Frame  TS Prev Frame
Offset                                           
382     24168320.0      47248981.5       833056.0
354     24433920.0      47797853.0       831171.5
268     24470912.0      47367878.0       799736.0
146     24383616.0      47572326.0       789376.0
320     24500736.0      47949274.5       787384.0
222     24448640.0      47551030.5       779944.5
171     24546176.0      47962903.0       776794.0
19      24693888.0      47881243.0       772022.0
55      24341120.0      47444730.0       770443.0
246     24171264.0      47326049.5       758987.5
381     24422912.0      47683921.5       755434.5
484     24497792.0      47873871.5       755129.5
469     24397952.0      47574211.0       754670.0
105     24850048.0      48371341.5       753768.5
370     24202752.0      47605853.0       750555.5
259     24372224.0      47542776.5       749778.5
92      24543360.0      47932297.5       747184.5
387     24446464.0      47765406.0       744836.0
228     24409856.0      47562226.5       739066.5
127     24789760.0      48141047.5       734950.0
           Server1      Server2
Offset                         
14      400394.240  114799.0800
432      11104.750    3376.0625
382       5323.375    1801.0000
404       4852.625    1609.2500
476       4611.040    1547.8400
363       4593.500    1548.5625
320       4585.500    1573.8125
171       4475.875    1504.5625
270       4412.750    1507.8750
384       4405.250    1502.0000
337       4202.625    1444.6875
308       4172.625    1461.6250
268       4134.250    1426.5000
117       4128.750    1432.6875
41        4126.750    1412.7500
354       4068.750    1388.8750
473       4045.125    1438.0000
80        4044.625    1386.0000
187       4038.875    1384.0000
250       4036.000    1392.8125
Current: [14, 125, 313, 328]
Subround 9
         Timestamp  TS First Frame  TS Prev Frame
Offset                                           
382     24168320.0      47248981.5       833056.0
354     24433920.0      47797853.0       831171.5
268     24470912.0      47367878.0       799736.0
146     24383616.0      47572326.0       789376.0
320     24500736.0      47949274.5       787384.0
222     24448640.0      47551030.5       779944.5
171     24546176.0      47962903.0       776794.0
19      24693888.0      47881243.0       772022.0
55      24341120.0      47444730.0       770443.0
246     24171264.0      47326049.5       758987.5
381     24422912.0      47683921.5       755434.5
484     24497792.0      47873871.5       755129.5
469     24397952.0      47574211.0       754670.0
105     24850048.0      48371341.5       753768.5
370     24202752.0      47605853.0       750555.5
259     24372224.0      47542776.5       749778.5
92      24543360.0      47932297.5       747184.5
387     24446464.0      47765406.0       744836.0
228     24409856.0      47562226.5       739066.5
127     24789760.0      48141047.5       734950.0
              Server1        Server2
Offset                              
14      396449.153846  113669.384615
432      11104.750000    3376.062500
382       5323.375000    1801.000000
404       4852.625000    1609.250000
363       4593.500000    1548.562500
320       4585.500000    1573.812500
476       4508.615385    1513.653846
171       4475.875000    1504.562500
270       4412.750000    1507.875000
384       4405.250000    1502.000000
337       4202.625000    1444.687500
308       4172.625000    1461.625000
268       4134.250000    1426.500000
117       4128.750000    1432.687500
41        4126.750000    1412.750000
354       4068.750000    1388.875000
473       4045.125000    1438.000000
80        4044.625000    1386.000000
187       4038.875000    1384.000000
250       4036.000000    1392.812500
Current: [14, 54, 125, 255, 313, 328, 329]
Subround 10
         Timestamp  TS First Frame  TS Prev Frame
Offset                                           
382     24168320.0      47248981.5       833056.0
354     24433920.0      47797853.0       831171.5
268     24470912.0      47367878.0       799736.0
146     24383616.0      47572326.0       789376.0
320     24500736.0      47949274.5       787384.0
222     24448640.0      47551030.5       779944.5
171     24546176.0      47962903.0       776794.0
19      24693888.0      47881243.0       772022.0
55      24341120.0      47444730.0       770443.0
246     24171264.0      47326049.5       758987.5
381     24422912.0      47683921.5       755434.5
484     24497792.0      47873871.5       755129.5
469     24397952.0      47574211.0       754670.0
105     24850048.0      48371341.5       753768.5
370     24202752.0      47605853.0       750555.5
259     24372224.0      47542776.5       749778.5
92      24543360.0      47932297.5       747184.5
387     24446464.0      47765406.0       744836.0
228     24409856.0      47562226.5       739066.5
127     24789760.0      48141047.5       734950.0
              Server1        Server2
Offset                              
14      402036.518519  115273.666667
432      11104.750000    3376.062500
382       5323.375000    1801.000000
404       4852.625000    1609.250000
363       4593.500000    1548.562500
320       4585.500000    1573.812500
476       4492.222222    1510.148148
171       4475.875000    1504.562500
270       4412.750000    1507.875000
384       4405.250000    1502.000000
337       4202.625000    1444.687500
308       4172.625000    1461.625000
268       4134.250000    1426.500000
117       4128.750000    1432.687500
41        4126.750000    1412.750000
354       4068.750000    1388.875000
473       4045.125000    1438.000000
80        4044.625000    1386.000000
187       4038.875000    1384.000000
250       4036.000000    1392.812500
Current: [14, 125, 255, 328, 329]
Subround 11
         Timestamp  TS First Frame  TS Prev Frame
Offset                                           
382     24168320.0      47248981.5       833056.0
354     24433920.0      47797853.0       831171.5
268     24470912.0      47367878.0       799736.0
146     24383616.0      47572326.0       789376.0
320     24500736.0      47949274.5       787384.0
222     24448640.0      47551030.5       779944.5
171     24546176.0      47962903.0       776794.0
19      24693888.0      47881243.0       772022.0
55      24341120.0      47444730.0       770443.0
246     24171264.0      47326049.5       758987.5
381     24422912.0      47683921.5       755434.5
484     24497792.0      47873871.5       755129.5
469     24397952.0      47574211.0       754670.0
105     24850048.0      48371341.5       753768.5
370     24202752.0      47605853.0       750555.5
259     24372224.0      47542776.5       749778.5
92      24543360.0      47932297.5       747184.5
387     24446464.0      47765406.0       744836.0
228     24409856.0      47562226.5       739066.5
127     24789760.0      48141047.5       734950.0
              Server1        Server2
Offset                              
14      394262.571429  113044.214286
432      11104.750000    3376.062500
126       6184.785714    1949.250000
382       5323.375000    1801.000000
404       4852.625000    1609.250000
363       4593.500000    1548.562500
320       4585.500000    1573.812500
171       4475.875000    1504.562500
270       4412.750000    1507.875000
384       4405.250000    1502.000000
476       4398.642857    1477.785714
337       4202.625000    1444.687500
308       4172.625000    1461.625000
268       4134.250000    1426.500000
117       4128.750000    1432.687500
41        4126.750000    1412.750000
354       4068.750000    1388.875000
473       4045.125000    1438.000000
80        4044.625000    1386.000000
187       4038.875000    1384.000000
Current: [14, 255, 329]
Subround 12
         Timestamp  TS First Frame  TS Prev Frame
Offset                                           
382     24168320.0      47248981.5       833056.0
354     24433920.0      47797853.0       831171.5
268     24470912.0      47367878.0       799736.0
146     24383616.0      47572326.0       789376.0
320     24500736.0      47949274.5       787384.0
222     24448640.0      47551030.5       779944.5
171     24546176.0      47962903.0       776794.0
19      24693888.0      47881243.0       772022.0
55      24341120.0      47444730.0       770443.0
246     24171264.0      47326049.5       758987.5
381     24422912.0      47683921.5       755434.5
484     24497792.0      47873871.5       755129.5
469     24397952.0      47574211.0       754670.0
105     24850048.0      48371341.5       753768.5
370     24202752.0      47605853.0       750555.5
259     24372224.0      47542776.5       749778.5
92      24543360.0      47932297.5       747184.5
387     24446464.0      47765406.0       744836.0
228     24409856.0      47562226.5       739066.5
127     24789760.0      48141047.5       734950.0
              Server1        Server2
Offset                              
14      385931.586207  110655.103448
432      11104.750000    3376.062500
126       6024.206897    1901.379310
382       5323.375000    1801.000000
404       4852.625000    1609.250000
363       4593.500000    1548.562500
320       4585.500000    1573.812500
171       4475.875000    1504.562500
270       4412.750000    1507.875000
384       4405.250000    1502.000000
476       4366.000000    1473.793103
337       4202.625000    1444.687500
308       4172.625000    1461.625000
268       4134.250000    1426.500000
117       4128.750000    1432.687500
41        4126.750000    1412.750000
354       4068.750000    1388.875000
473       4045.125000    1438.000000
80        4044.625000    1386.000000
187       4038.875000    1384.000000
Current: [14, 255, 329]
Subround 13
         Timestamp  TS First Frame  TS Prev Frame
Offset                                           
382     24168320.0      47248981.5       833056.0
354     24433920.0      47797853.0       831171.5
268     24470912.0      47367878.0       799736.0
146     24383616.0      47572326.0       789376.0
320     24500736.0      47949274.5       787384.0
222     24448640.0      47551030.5       779944.5
171     24546176.0      47962903.0       776794.0
19      24693888.0      47881243.0       772022.0
55      24341120.0      47444730.0       770443.0
246     24171264.0      47326049.5       758987.5
381     24422912.0      47683921.5       755434.5
484     24497792.0      47873871.5       755129.5
469     24397952.0      47574211.0       754670.0
105     24850048.0      48371341.5       753768.5
370     24202752.0      47605853.0       750555.5
259     24372224.0      47542776.5       749778.5
92      24543360.0      47932297.5       747184.5
387     24446464.0      47765406.0       744836.0
228     24409856.0      47562226.5       739066.5
127     24789760.0      48141047.5       734950.0
              Server1        Server2
Offset                              
14      394647.733333  113153.833333
432      11104.750000    3376.062500
126       5921.200000    1869.866667
382       5323.375000    1801.000000
404       4852.625000    1609.250000
363       4593.500000    1548.562500
320       4585.500000    1573.812500
171       4475.875000    1504.562500
270       4412.750000    1507.875000
384       4405.250000    1502.000000
476       4362.600000    1473.866667
337       4202.625000    1444.687500
308       4172.625000    1461.625000
268       4134.250000    1426.500000
117       4128.750000    1432.687500
41        4126.750000    1412.750000
354       4068.750000    1388.875000
473       4045.125000    1438.000000
80        4044.625000    1386.000000
187       4038.875000    1384.000000
Current: [14, 54, 125, 329]
Subround 14
         Timestamp  TS First Frame  TS Prev Frame
Offset                                           
382     24168320.0      47248981.5       833056.0
354     24433920.0      47797853.0       831171.5
268     24470912.0      47367878.0       799736.0
146     24383616.0      47572326.0       789376.0
320     24500736.0      47949274.5       787384.0
222     24448640.0      47551030.5       779944.5
171     24546176.0      47962903.0       776794.0
19      24693888.0      47881243.0       772022.0
55      24341120.0      47444730.0       770443.0
246     24171264.0      47326049.5       758987.5
381     24422912.0      47683921.5       755434.5
484     24497792.0      47873871.5       755129.5
469     24397952.0      47574211.0       754670.0
105     24850048.0      48371341.5       753768.5
370     24202752.0      47605853.0       750555.5
259     24372224.0      47542776.5       749778.5
92      24543360.0      47932297.5       747184.5
387     24446464.0      47765406.0       744836.0
228     24409856.0      47562226.5       739066.5
127     24789760.0      48141047.5       734950.0
              Server1        Server2
Offset                              
14      400641.290323  114879.967742
432      11104.750000    3376.062500
126       5827.612903    1845.838710
382       5323.375000    1801.000000
404       4852.625000    1609.250000
363       4593.500000    1548.562500
320       4585.500000    1573.812500
171       4475.875000    1504.562500
270       4412.750000    1507.875000
384       4405.250000    1502.000000
476       4280.129032    1446.354839
337       4202.625000    1444.687500
308       4172.625000    1461.625000
268       4134.250000    1426.500000
117       4128.750000    1432.687500
41        4126.750000    1412.750000
354       4068.750000    1388.875000
473       4045.125000    1438.000000
80        4044.625000    1386.000000
187       4038.875000    1384.000000
Current: [14, 54, 125]
Subround 15
         Timestamp  TS First Frame  TS Prev Frame
Offset                                           
382     24168320.0      47248981.5       833056.0
354     24433920.0      47797853.0       831171.5
268     24470912.0      47367878.0       799736.0
146     24383616.0      47572326.0       789376.0
320     24500736.0      47949274.5       787384.0
222     24448640.0      47551030.5       779944.5
171     24546176.0      47962903.0       776794.0
19      24693888.0      47881243.0       772022.0
55      24341120.0      47444730.0       770443.0
246     24171264.0      47326049.5       758987.5
381     24422912.0      47683921.5       755434.5
484     24497792.0      47873871.5       755129.5
469     24397952.0      47574211.0       754670.0
105     24850048.0      48371341.5       753768.5
370     24202752.0      47605853.0       750555.5
259     24372224.0      47542776.5       749778.5
92      24543360.0      47932297.5       747184.5
387     24446464.0      47765406.0       744836.0
228     24409856.0      47562226.5       739066.5
127     24789760.0      48141047.5       734950.0
           Server1      Server2
Offset                         
14      395386.125  113372.8750
432      11104.750    3376.0625
126       5788.875    1840.9375
382       5323.375    1801.0000
404       4852.625    1609.2500
363       4593.500    1548.5625
320       4585.500    1573.8125
171       4475.875    1504.5625
270       4412.750    1507.8750
384       4405.250    1502.0000
476       4207.375    1421.6250
337       4202.625    1444.6875
308       4172.625    1461.6250
268       4134.250    1426.5000
117       4128.750    1432.6875
41        4126.750    1412.7500
354       4068.750    1388.8750
473       4045.125    1438.0000
80        4044.625    1386.0000
187       4038.875    1384.0000
Current: [14]
Subround 16
         Timestamp  TS First Frame  TS Prev Frame
Offset                                           
382     24168320.0      47248981.5       833056.0
354     24433920.0      47797853.0       831171.5
268     24470912.0      47367878.0       799736.0
146     24383616.0      47572326.0       789376.0
320     24500736.0      47949274.5       787384.0
222     24448640.0      47551030.5       779944.5
171     24546176.0      47962903.0       776794.0
19      24693888.0      47881243.0       772022.0
55      24341120.0      47444730.0       770443.0
246     24171264.0      47326049.5       758987.5
381     24422912.0      47683921.5       755434.5
484     24497792.0      47873871.5       755129.5
469     24397952.0      47574211.0       754670.0
105     24850048.0      48371341.5       753768.5
370     24202752.0      47605853.0       750555.5
259     24372224.0      47542776.5       749778.5
92      24543360.0      47932297.5       747184.5
387     24446464.0      47765406.0       744836.0
228     24409856.0      47562226.5       739066.5
127     24789760.0      48141047.5       734950.0
              Server1        Server2
Offset                              
14      394778.909091  113199.757576
432      11104.750000    3376.062500
126       5672.303030    1805.272727
382       5323.375000    1801.000000
404       4852.625000    1609.250000
363       4593.500000    1548.562500
320       4585.500000    1573.812500
171       4475.875000    1504.562500
270       4412.750000    1507.875000
384       4405.250000    1502.000000
337       4202.625000    1444.687500
308       4172.625000    1461.625000
268       4134.250000    1426.500000
476       4129.151515    1395.424242
117       4128.750000    1432.687500
41        4126.750000    1412.750000
354       4068.750000    1388.875000
473       4045.125000    1438.000000
80        4044.625000    1386.000000
187       4038.875000    1384.000000
Current: [14]
Subround 17
         Timestamp  TS First Frame  TS Prev Frame
Offset                                           
382     24168320.0      47248981.5       833056.0
354     24433920.0      47797853.0       831171.5
268     24470912.0      47367878.0       799736.0
146     24383616.0      47572326.0       789376.0
320     24500736.0      47949274.5       787384.0
222     24448640.0      47551030.5       779944.5
171     24546176.0      47962903.0       776794.0
19      24693888.0      47881243.0       772022.0
55      24341120.0      47444730.0       770443.0
246     24171264.0      47326049.5       758987.5
381     24422912.0      47683921.5       755434.5
484     24497792.0      47873871.5       755129.5
469     24397952.0      47574211.0       754670.0
105     24850048.0      48371341.5       753768.5
370     24202752.0      47605853.0       750555.5
259     24372224.0      47542776.5       749778.5
92      24543360.0      47932297.5       747184.5
387     24446464.0      47765406.0       744836.0
228     24409856.0      47562226.5       739066.5
127     24789760.0      48141047.5       734950.0
              Server1        Server2
Offset                              
14      400207.294118  114762.735294
432      11104.750000    3376.062500
126       5579.294118    1776.205882
382       5323.375000    1801.000000
404       4852.625000    1609.250000
363       4593.500000    1548.562500
320       4585.500000    1573.812500
171       4475.875000    1504.562500
270       4412.750000    1507.875000
384       4405.250000    1502.000000
337       4202.625000    1444.687500
308       4172.625000    1461.625000
268       4134.250000    1426.500000
117       4128.750000    1432.687500
41        4126.750000    1412.750000
476       4120.294118    1394.588235
354       4068.750000    1388.875000
473       4045.125000    1438.000000
80        4044.625000    1386.000000
187       4038.875000    1384.000000
Current: [14]
Subround 18
         Timestamp  TS First Frame  TS Prev Frame
Offset                                           
382     24168320.0      47248981.5       833056.0
354     24433920.0      47797853.0       831171.5
268     24470912.0      47367878.0       799736.0
146     24383616.0      47572326.0       789376.0
320     24500736.0      47949274.5       787384.0
222     24448640.0      47551030.5       779944.5
171     24546176.0      47962903.0       776794.0
19      24693888.0      47881243.0       772022.0
55      24341120.0      47444730.0       770443.0
246     24171264.0      47326049.5       758987.5
381     24422912.0      47683921.5       755434.5
484     24497792.0      47873871.5       755129.5
469     24397952.0      47574211.0       754670.0
105     24850048.0      48371341.5       753768.5
370     24202752.0      47605853.0       750555.5
259     24372224.0      47542776.5       749778.5
92      24543360.0      47932297.5       747184.5
387     24446464.0      47765406.0       744836.0
228     24409856.0      47562226.5       739066.5
127     24789760.0      48141047.5       734950.0
              Server1        Server2
Offset                              
14      394911.085714  113241.771429
432      11104.750000    3376.062500
126       5538.057143    1769.400000
382       5323.375000    1801.000000
404       4852.625000    1609.250000
363       4593.500000    1548.562500
320       4585.500000    1573.812500
171       4475.875000    1504.562500
270       4412.750000    1507.875000
384       4405.250000    1502.000000
337       4202.625000    1444.687500
308       4172.625000    1461.625000
268       4134.250000    1426.500000
117       4128.750000    1432.687500
41        4126.750000    1412.750000
354       4068.750000    1388.875000
476       4051.485714    1371.600000
473       4045.125000    1438.000000
80        4044.625000    1386.000000
187       4038.875000    1384.000000
Current: [14]
         Timestamp  TS First Frame  TS Prev Frame
Offset                                           
382     24168320.0      47248981.5       833056.0
354     24433920.0      47797853.0       831171.5
268     24470912.0      47367878.0       799736.0
146     24383616.0      47572326.0       789376.0
320     24500736.0      47949274.5       787384.0
222     24448640.0      47551030.5       779944.5
171     24546176.0      47962903.0       776794.0
19      24693888.0      47881243.0       772022.0
55      24341120.0      47444730.0       770443.0
246     24171264.0      47326049.5       758987.5
381     24422912.0      47683921.5       755434.5
484     24497792.0      47873871.5       755129.5
469     24397952.0      47574211.0       754670.0
105     24850048.0      48371341.5       753768.5
370     24202752.0      47605853.0       750555.5
259     24372224.0      47542776.5       749778.5
92      24543360.0      47932297.5       747184.5
387     24446464.0      47765406.0       744836.0
228     24409856.0      47562226.5       739066.5
127     24789760.0      48141047.5       734950.0
              Server1        Server2
Offset                              
14      394911.085714  113241.771429
432      11104.750000    3376.062500
126       5538.057143    1769.400000
382       5323.375000    1801.000000
404       4852.625000    1609.250000
363       4593.500000    1548.562500
320       4585.500000    1573.812500
171       4475.875000    1504.562500
270       4412.750000    1507.875000
384       4405.250000    1502.000000
337       4202.625000    1444.687500
308       4172.625000    1461.625000
268       4134.250000    1426.500000
117       4128.750000    1432.687500
41        4126.750000    1412.750000
354       4068.750000    1388.875000
476       4051.485714    1371.600000
473       4045.125000    1438.000000
80        4044.625000    1386.000000
187       4038.875000    1384.000000
Winning offset:
[14]
2021-09-16 18:32:23.607310
2021-09-16 18:37:53.563794
0:05:29.956484
attacker.py:479: DeprecationWarning: The default dtype for empty Series will be 'object' instead of 'float64' in a future version. Specify a dtype explicitly to silence this warning.
  mean1 = pd.Series(values1).mean()
attacker.py:480: DeprecationWarning: The default dtype for empty Series will be 'object' instead of 'float64' in a future version. Specify a dtype explicitly to silence this warning.
  mean2 = pd.Series(values2).mean()
attacker.py:479: DeprecationWarning: The default dtype for empty Series will be 'object' instead of 'float64' in a future version. Specify a dtype explicitly to silence this warning.
  mean1 = pd.Series(values1).mean()
attacker.py:480: DeprecationWarning: The default dtype for empty Series will be 'object' instead of 'float64' in a future version. Specify a dtype explicitly to silence this warning.
  mean2 = pd.Series(values2).mean()
Exception ignored in: <function Capture.__del__ at 0x7ff3b0e3d670>
Traceback (most recent call last):
  File "/home/mlipp/.virtualenvs/kaslr/lib/python3.8/site-packages/pyshark/capture/capture.py", line 445, in __del__
  File "/home/mlipp/.virtualenvs/kaslr/lib/python3.8/site-packages/pyshark/capture/capture.py", line 436, in close
  File "/usr/lib/python3.8/asyncio/base_events.py", line 592, in run_until_complete
  File "/usr/lib/python3.8/asyncio/base_events.py", line 553, in _check_running
AttributeError: 'NoneType' object has no attribute '_get_running_loop'
