Loading page file profiles/packet3/pages/0x6e4a.yaml
Loading page file profiles/packet3/pages/0x6e60.yaml
Loading page file profiles/packet3/pages/0x6ee3.yaml
Loading page file profiles/packet3/pages/0x7241.yaml
Loading page file profiles/packet3/pages/0x7242.yaml
Loading page file profiles/packet3/pages/0x7243.yaml
Loading page file profiles/packet3/pages/0x7244.yaml
Round 0
Subround 0
Empty DataFrame
Columns: [Timestamp, TS First Frame, TS Prev Frame]
Index: []
         Server1  Server2
Offset                   
14      208608.0  59791.0
492       6318.0   2037.0
300       6092.0   2096.0
370       6078.0   1963.0
457       6044.0   2087.0
353       5972.0   2065.0
249       5964.0   2061.0
160       5902.0   1932.0
438       5888.0   1942.0
510       5856.0   1893.0
226       5832.0   1926.0
185       5816.0   1934.0
234       5808.0   1906.0
363       5786.0   2012.0
8         5702.0   1846.0
193       5580.0   1949.0
466       5574.0   1840.0
77        5562.0   1838.0
379       5548.0   1942.0
177       5532.0   1831.0
Current: [1, 2, 4, 5, 7, 8, 10, 12, 14, 17, 18, 23, 24, 30, 31, 32, 34, 35, 36, 37, 38, 42, 44, 45, 46, 48, 49, 50, 51, 54, 56, 58, 59, 60, 61, 65, 67, 70, 71, 74, 75, 76, 78, 85, 87, 89, 90, 92, 93, 95, 96, 98, 103, 104, 105, 107, 110, 112, 114, 115, 116, 117, 120, 122, 123, 125, 126, 128, 129, 130, 133, 135, 136, 137, 143, 145, 147, 148, 149, 151, 153, 156, 157, 158, 160, 162, 163, 169, 174, 180, 181, 182, 187, 195, 197, 198, 199, 200, 201, 204, 205, 206, 207, 213, 214, 215, 219, 221, 222, 224, 225, 226, 227, 229, 230, 233, 234, 238, 239, 244, 245, 246, 247, 252, 254, 255, 256, 257, 261, 262, 263, 268, 270, 272, 273, 278, 279, 281, 282, 283, 285, 286, 289, 293, 294, 297, 298, 299, 301, 303, 307, 308, 309, 313, 315, 319, 320, 321, 322, 324, 326, 327, 328, 329, 330, 332, 333, 335, 338, 342, 344, 346, 347, 348, 349, 350, 353, 357, 358, 361, 363, 364, 365, 367, 372, 373, 375, 376, 378, 383, 387, 388, 389, 391, 392, 393, 397, 398, 404, 405, 410, 413, 415, 417, 418, 421, 422, 423, 424, 425, 426, 428, 429, 430, 431, 432, 433, 437, 438, 439, 441, 443, 445, 448, 450, 456, 458, 459, 460, 464, 466, 467, 470, 472, 474, 475, 477, 478, 483, 484, 485, 489, 492, 496, 497, 498, 502, 505, 507, 508, 509]
Subround 1
         Timestamp  TS First Frame  TS Prev Frame
Offset                                           
397     24790656.0      48008648.5       982632.0
407     24797952.0      48051912.5       968343.0
459     25189632.0      48845124.0       944580.5
183     25281536.0      48772698.5       944002.0
74      24699776.0      48052547.0       889625.5
434     24594816.0      47992401.0       889409.5
278     24917504.0      48532087.5       883003.0
502     24820864.0      48384837.0       870773.5
130     24858112.0      48300071.5       864331.0
483     24927488.0      48447190.0       861140.5
486     24762112.0      48516530.5       861085.5
363     24662784.0      47753605.0       860074.5
457     24728832.0      48254632.5       849584.5
444     26110848.0      50758569.0       847731.5
59      24496896.0      47650441.0       845773.5
232     25967744.0      50439382.0       844675.5
417     25769472.0      50200532.5       841775.0
61      24857344.0      48405610.5       841162.5
123     24922496.0      48603422.0       839403.5
271     24983296.0      48862615.0       838952.0
         Server1  Server2
Offset                   
14      182162.0  52216.5
61        5646.0   1881.0
363       5594.0   1955.0
434       5457.0   1822.0
448       5342.0   1846.5
459       5311.0   1763.0
316       5268.0   1796.0
336       5254.0   1812.5
427       5197.0   1781.5
444       5159.0   1779.5
457       4997.0   1702.5
299       4930.0   1707.5
58        4913.0   1768.0
13        4900.0   1791.5
465       4898.0   1754.5
319       4870.0   1696.0
369       4856.0   1759.5
353       4842.0   1630.0
397       4807.0   1676.0
130       4772.0   1621.0
Current: [2, 5, 7, 8, 10, 12, 14, 32, 44, 46, 54, 56, 58, 59, 60, 61, 70, 75, 77, 78, 85, 89, 96, 98, 103, 110, 112, 116, 123, 125, 126, 137, 143, 145, 149, 151, 158, 160, 163, 169, 174, 180, 182, 187, 195, 197, 199, 205, 207, 213, 214, 221, 223, 227, 230, 234, 238, 244, 252, 254, 255, 261, 262, 263, 268, 273, 278, 279, 286, 289, 293, 298, 299, 308, 313, 318, 322, 326, 329, 330, 332, 333, 338, 344, 349, 353, 357, 358, 361, 364, 367, 372, 374, 376, 388, 389, 391, 392, 397, 398, 404, 405, 410, 413, 422, 424, 425, 426, 428, 437, 445, 450, 459, 460, 464, 467, 472, 475, 482, 485, 489, 496, 505, 508]
Subround 2
         Timestamp  TS First Frame  TS Prev Frame
Offset                                           
397     24475904.0      47229872.0       956864.0
317     24641024.0      47812679.0       946578.0
34      24733440.0      47742318.0       944170.0
489     24868608.0      48266139.0       939398.0
371     24785152.0      47971441.0       938907.0
203     25188864.0      49032623.0       936432.0
407     24339968.0      47388923.0       928693.0
136     24243712.0      47419294.0       917559.0
43      24370176.0      47115205.0       911623.0
308     24995584.0      48649440.0       910616.0
129     24274176.0      47182311.0       909209.0
459     25114368.0      48664737.0       899889.0
183     25206016.0      48593545.0       899572.0
326     25257728.0      48551565.0       897651.0
368     25113088.0      48578665.0       897320.0
60      24459264.0      47625429.0       894465.0
65      24652544.0      48005945.0       883030.0
321     24455168.0      47843236.0       881701.0
177     24600064.0      47738762.0       875322.0
128     24580608.0      47407055.0       872927.0
              Server1       Server2
Offset                             
14      184876.000000  52980.000000
201       4996.000000   1727.666667
352       4790.666667   1571.333333
347       4664.000000   1605.666667
265       4520.000000   1595.000000
206       4502.666667   1568.000000
434       4480.000000   1487.000000
307       4476.666667   1491.000000
363       4468.666667   1544.666667
203       4430.000000   1455.333333
61        4412.000000   1478.333333
317       4384.666667   1480.000000
49        4376.000000   1491.333333
326       4359.333333   1517.666667
371       4350.000000   1498.666667
319       4348.666667   1481.333333
288       4316.000000   1457.666667
62        4285.333333   1454.333333
316       4265.333333   1445.666667
448       4263.333333   1471.333333
Current: [2, 7, 8, 10, 14, 32, 44, 54, 60, 61, 77, 78, 85, 89, 96, 98, 110, 123, 125, 137, 143, 145, 151, 158, 160, 169, 187, 195, 213, 230, 238, 252, 254, 262, 263, 273, 278, 279, 289, 293, 298, 299, 338, 344, 353, 357, 358, 361, 364, 367, 372, 388, 404, 422, 425, 445, 459, 467, 472, 482, 485, 489, 496, 505]
Subround 3
         Timestamp  TS First Frame  TS Prev Frame
Offset                                           
317     24839808.0      48172883.5       917440.0
34      24828928.0      48102948.0       916233.5
321     24765696.0      48193307.0       909695.5
451     25078272.0      48777030.0       893172.0
136     24561920.0      47804571.0       872238.0
35      24340224.0      47122223.0       855592.5
8       24675456.0      47981060.5       846602.5
9       24604800.0      48019939.0       826502.0
288     24755584.0      48181174.0       817411.5
86      24632192.0      47886372.5       814847.5
206     24898944.0      48355483.5       811815.0
128     24415488.0      47394847.5       809346.5
7       24572032.0      47903625.5       800898.5
341     24498816.0      47909575.0       796895.0
133     24660864.0      48004590.0       793390.0
177     24644224.0      48019431.5       780845.5
334     24750464.0      47882655.5       776935.0
54      24504576.0      47774888.5       776738.5
323     24368640.0      47572381.0       755204.0
222     25700736.0      50414490.5       744874.5
         Server1   Server2
Offset                    
14      293488.0  84148.75
374      17016.5   5058.50
201       5408.5   1939.75
352       4901.5   1615.50
265       4740.5   1674.00
288       4614.5   1553.25
341       4517.0   1538.25
34        4480.0   1525.25
160       4476.0   1546.25
317       4468.5   1535.50
9         4386.5   1543.50
206       4385.5   1553.25
384       4374.5   1512.25
62        4341.5   1469.50
89        4329.0   1516.25
491       4233.0   1422.50
194       4207.0   1378.75
128       4201.5   1507.25
321       4197.0   1479.50
177       4173.0   1482.00
Current: [2, 5, 7, 8, 10, 11, 12, 14, 15, 17, 19, 20, 23, 32, 35, 38, 41, 43, 44, 45, 46, 54, 56, 59, 60, 61, 69, 70, 71, 75, 78, 84, 85, 89, 90, 93, 95, 96, 98, 101, 105, 107, 110, 112, 117, 123, 125, 126, 133, 136, 137, 143, 145, 149, 151, 158, 159, 160, 163, 164, 169, 174, 175, 182, 187, 195, 204, 213, 214, 215, 219, 221, 223, 225, 227, 230, 238, 246, 252, 254, 256, 259, 262, 263, 268, 270, 273, 278, 279, 281, 285, 289, 292, 293, 295, 297, 298, 299, 302, 308, 313, 315, 317, 320, 324, 329, 335, 338, 340, 344, 349, 353, 357, 358, 361, 364, 367, 369, 370, 372, 376, 380, 388, 389, 391, 392, 397, 398, 404, 411, 417, 418, 421, 422, 423, 425, 428, 432, 435, 437, 441, 445, 449, 450, 457, 459, 460, 467, 470, 472, 473, 474, 482, 485, 486, 488, 489, 493, 495, 496, 497, 498, 499, 505, 508]
Subround 4
         Timestamp  TS First Frame  TS Prev Frame
Offset                                           
321     25076224.0      48543378.0       937690.0
451     25081344.0      48786275.0       917688.0
214     24314368.0      47327334.0       891283.0
317     24641024.0      47812679.0       888302.0
34      24733440.0      47742318.0       888297.0
379     24426240.0      47710697.0       868101.0
459     25015808.0      48664737.0       857638.0
418     24241664.0      47398809.0       838728.0
183     24937216.0      48593545.0       838016.0
387     24669440.0      48107088.0       832846.0
8       24380416.0      48100815.0       832609.0
276     24291072.0      47468391.0       828890.0
136     24434176.0      47726894.0       826917.0
370     24995328.0      48584426.0       814236.0
430     24900864.0      48655627.0       813318.0
292     24824320.0      48521820.0       811671.0
130     24830208.0      48064323.0       810844.0
288     24704512.0      48128620.0       809360.0
507     24709632.0      48574616.0       808568.0
9       24580608.0      47826876.0       807555.0
         Server1  Server2
Offset                   
14      283761.6  81369.0
374      13941.6   4155.2
201       4785.2   1703.8
384       4575.2   1593.6
160       4450.8   1538.2
352       4340.4   1433.0
321       4320.8   1508.6
226       4302.8   1443.2
249       4235.2   1465.4
221       4197.6   1450.2
299       4193.2   1420.8
451       4192.8   1509.8
288       4185.2   1404.0
379       4167.6   1400.6
427       4150.4   1398.4
448       4137.6   1399.4
9         4129.2   1437.4
265       4121.6   1454.2
457       4068.8   1383.2
177       4055.6   1447.4
Current: [5, 7, 8, 14, 19, 20, 23, 32, 41, 43, 44, 46, 54, 56, 61, 69, 70, 71, 75, 78, 84, 89, 90, 95, 96, 98, 101, 105, 112, 117, 125, 133, 137, 143, 145, 149, 158, 163, 169, 175, 182, 187, 195, 214, 221, 223, 227, 230, 246, 252, 254, 256, 263, 270, 273, 279, 281, 285, 295, 299, 302, 315, 317, 320, 329, 335, 338, 340, 344, 349, 353, 357, 358, 361, 364, 367, 369, 370, 376, 380, 388, 389, 391, 392, 397, 404, 417, 418, 422, 423, 428, 435, 445, 449, 450, 459, 467, 470, 472, 473, 482, 485, 488, 489, 493, 495, 497, 498, 505, 508]
Subround 5
         Timestamp  TS First Frame  TS Prev Frame
Offset                                           
317     24839808.0      48172883.5       916334.0
34      24828928.0      48102948.0       915575.5
321     24765696.0      48193307.0       909695.5
451     25039744.0      48690793.0       893172.0
35      24340224.0      47122223.0       855592.5
288     24755584.0      48181174.0       817411.5
206     25019904.0      48444971.5       811815.0
7       24338944.0      47709440.5       800898.5
341     24360192.0      47678504.5       793890.0
54      24496256.0      47774888.5       776738.5
262     24425984.0      47479501.0       730228.0
339     24603136.0      48188789.5       717304.5
424     24378624.0      47477737.5       701990.5
352     24420864.0      47722439.0       699996.0
56      24418304.0      47498458.5       699309.0
438     24228096.0      47474191.5       690299.5
296     24469120.0      47788593.0       689459.0
265     24223360.0      47475277.0       689241.0
343     24406400.0      47416306.5       688939.0
160     24412288.0      47793833.0       682828.5
              Server1       Server2
Offset                             
14      324932.000000  93188.666667
374      12459.666667   3745.833333
201       4849.000000   1739.333333
352       4783.000000   1572.166667
288       4474.666667   1488.500000
265       4406.666667   1548.166667
384       4237.333333   1466.500000
317       4153.333333   1419.500000
34        4150.000000   1425.666667
144       4143.333333   1391.166667
206       4094.333333   1447.000000
49        4063.333333   1384.666667
160       4029.000000   1387.000000
89        4024.333333   1403.333333
341       4009.333333   1386.500000
427       3998.333333   1336.666667
61        3989.000000   1343.833333
320       3953.333333   1336.166667
226       3938.666667   1316.166667
366       3937.000000   1368.500000
Current: [5, 7, 14, 19, 32, 41, 44, 61, 71, 95, 96, 125, 133, 137, 143, 145, 158, 169, 182, 195, 221, 223, 227, 230, 246, 252, 270, 273, 279, 299, 302, 315, 317, 335, 344, 353, 357, 358, 370, 391, 404, 417, 422, 423, 428, 435, 445, 449, 459, 467, 470, 472, 485, 488, 489, 493, 497, 498, 505, 508]
Subround 6
         Timestamp  TS First Frame  TS Prev Frame
Offset                                           
321     24877312.0      48543378.0       937690.0
451     24998144.0      48704175.0       917688.0
214     24314368.0      47569858.0       891283.0
317     25038592.0      48533088.0       888302.0
34      24733440.0      47742318.0       888297.0
129     24274176.0      47923815.0       846618.0
43      24370176.0      47877103.0       842320.0
387     24655104.0      47793833.0       832846.0
7       24344320.0      47851733.0       822322.0
152     24123648.0      47725544.0       821905.0
8       24380416.0      48100815.0       818728.0
341     24420352.0      47886254.0       815160.0
292     24824320.0      48521820.0       811671.0
288     24704512.0      48128620.0       809360.0
460     24879872.0      48665273.0       801232.0
507     24464896.0      48125151.0       801030.0
420     24257280.0      47572419.0       798991.0
339     24287744.0      47634169.0       793084.0
35      24295168.0      47168391.0       783700.0
206     25028864.0      48542636.0       783627.0
              Server1        Server2
Offset                              
14      360082.000000  103268.428571
472      28393.714286    8390.428571
221      13210.857143    4040.285714
278      12494.857143    3776.142857
374      10994.857143    3315.857143
201       4917.142857    1757.714286
265       4467.714286    1575.428571
352       4446.857143    1462.142857
384       4432.000000    1517.571429
288       4368.285714    1444.857143
160       4323.142857    1491.571429
320       4244.000000    1427.000000
439       4232.571429    1392.000000
194       4192.285714    1364.000000
341       4107.428571    1433.714286
89        4093.428571    1440.714286
422       4058.285714    1430.000000
228       4053.142857    1383.142857
144       4044.285714    1371.142857
202       4017.428571    1363.857143
Current: [5, 7, 8, 12, 14, 17, 19, 29, 32, 35, 38, 41, 43, 44, 46, 50, 58, 60, 61, 69, 70, 71, 84, 89, 90, 93, 95, 96, 101, 103, 105, 113, 117, 125, 133, 137, 143, 145, 149, 158, 163, 169, 174, 182, 195, 197, 199, 201, 214, 221, 223, 227, 230, 246, 249, 252, 254, 256, 262, 270, 273, 278, 279, 281, 283, 292, 296, 298, 299, 308, 315, 317, 320, 321, 334, 335, 338, 344, 353, 357, 358, 361, 364, 365, 369, 370, 375, 376, 380, 388, 389, 391, 392, 401, 404, 411, 413, 417, 418, 422, 423, 425, 428, 435, 438, 441, 445, 449, 450, 453, 457, 459, 460, 467, 470, 472, 473, 485, 487, 488, 489, 493, 497, 498, 499, 505, 508, 509]
Subround 7
         Timestamp  TS First Frame  TS Prev Frame
Offset                                           
214     24337408.0      47618009.0       919598.5
321     24976768.0      48598306.0       909695.5
451     24986496.0      48649743.0       893172.0
387     24662272.0      47950460.5       863664.5
460     24813568.0      48346520.5       831008.5
8       24622720.0      48013497.0       825668.5
7       24577408.0      47903625.5       800898.5
341     24558976.0      47909575.0       793890.0
86      24515200.0      48071705.0       792845.0
292     24691456.0      48289265.5       788829.5
124     24569216.0      48070698.0       783364.0
507     24472192.0      47941250.5       782980.0
498     24511616.0      47572923.5       780101.0
510     24818304.0      48187842.5       776828.0
93      24333312.0      47675116.0       768035.0
267     24744576.0      48329425.5       766453.0
9       24650112.0      48033956.5       765663.0
136     24421120.0      47612079.5       758293.0
225     24555392.0      48004066.5       749105.5
47      24368384.0      47583785.5       748788.5
          Server1     Server2
Offset                       
14      386219.50  110741.375
472      25389.50    7525.000
221      12116.75    3729.500
278      11181.75    3388.500
252      11136.25    3381.625
374       9830.50    2974.500
384       4844.25    1639.375
201       4646.00    1650.875
160       4499.00    1563.375
265       4433.75    1554.875
194       4345.50    1430.375
439       4250.25    1418.625
267       4203.00    1498.125
9         4187.50    1458.750
89        4175.75    1474.125
352       4168.50    1371.750
422       4167.50    1459.625
341       4144.50    1435.125
272       4094.50    1376.500
288       4091.25    1353.875
Current: [5, 8, 14, 32, 35, 41, 44, 46, 50, 58, 60, 61, 70, 71, 89, 101, 103, 113, 117, 125, 133, 137, 143, 145, 158, 174, 195, 197, 201, 214, 221, 223, 227, 230, 246, 252, 254, 262, 270, 273, 278, 279, 281, 283, 292, 296, 298, 299, 308, 315, 335, 338, 344, 357, 358, 376, 389, 391, 401, 404, 411, 413, 423, 425, 428, 441, 457, 459, 460, 470, 472, 473, 487, 488, 498, 499, 505, 509]
Subround 8
         Timestamp  TS First Frame  TS Prev Frame
Offset                                           
214     24360448.0      47666160.0       947914.0
321     24877312.0      48543378.0       881701.0
451     24974848.0      48595311.0       868656.0
460     24747264.0      48027768.0       860785.0
387     24669440.0      48107088.0       832846.0
8       24453376.0      47926179.0       832609.0
292     24558592.0      48056711.0       811671.0
211     24314880.0      47620781.0       809723.0
124     24583680.0      48044263.0       800300.0
40      23996928.0      47060209.0       784936.0
93      24402944.0      47730365.0       781023.0
7       24344320.0      47851733.0       779475.0
86      24493056.0      47976973.0       776364.0
222     24841472.0      48163599.0       774619.0
341     24420352.0      47886254.0       772620.0
367     24307712.0      47824895.0       768145.0
507     24464896.0      47757350.0       764930.0
47      24406528.0      47594657.0       764787.0
315     24728576.0      48149021.0       758750.0
428     24921600.0      48093572.0       758678.0
              Server1        Server2
Offset                              
14      362089.555556  103823.555556
472      23015.777778    6859.666667
221      11111.111111    3428.111111
278      10453.111111    3200.888889
252      10135.555556    3085.222222
374       8985.333333    2725.111111
504       5378.000000    1759.666667
384       5000.888889    1695.777778
160       4613.777778    1593.111111
439       4384.888889    1476.555556
201       4344.444444    1537.555556
267       4272.666667    1525.555556
265       4216.000000    1473.111111
428       4175.111111    1430.888889
451       4144.000000    1464.222222
418       4117.555556    1441.111111
194       4104.888889    1352.888889
321       4103.111111    1468.111111
272       4092.888889    1372.444444
177       4092.666667    1463.666667
Current: [8, 14, 32, 35, 41, 44, 58, 70, 71, 103, 137, 143, 145, 158, 195, 197, 223, 227, 230, 246, 252, 262, 270, 273, 278, 292, 296, 315, 335, 338, 344, 357, 358, 391, 404, 413, 423, 425, 459, 470, 473, 487, 505]
Subround 9
         Timestamp  TS First Frame  TS Prev Frame
Offset                                           
214     24337408.0      47618009.0       919598.5
321     24669184.0      48193307.0       855981.0
460     24723840.0      48001212.0       831008.5
8       24416896.0      47711593.5       825668.5
451     24730240.0      48245506.0       814855.5
387     24662272.0      47950460.5       799817.5
292     24460544.0      47871239.5       788829.5
124     24569216.0      47981412.5       783364.0
86      24394240.0      47849933.0       772125.5
7       24338944.0      47709440.5       768290.5
93      24333312.0      47675116.0       768035.0
341     24558976.0      47909575.0       765234.5
47      24368384.0      47583785.5       748788.5
507     24422272.0      47784252.5       731321.0
384     24526336.0      47835656.5       727763.0
222     24695424.0      47978854.5       722983.0
211     24295424.0      47570183.0       716560.5
342     24825344.0      48170638.5       714836.5
315     24646656.0      48062390.0       701512.0
267     24744576.0      48329425.5       699920.0
         Server1  Server2
Offset                   
14      343743.8  98561.3
472      20890.8   6234.6
221      10199.0   3151.9
278       9919.6   3072.4
252       9553.2   2936.0
374       8766.8   2668.5
348       7916.4   2452.9
504       4999.0   1639.1
384       4752.6   1609.3
201       4436.4   1570.0
160       4346.4   1500.5
439       4111.2   1384.0
363       4102.2   1363.7
267       4052.0   1443.1
265       4019.6   1401.4
428       3970.6   1358.4
177       3944.2   1399.6
400       3940.0   1299.0
342       3940.0   1352.7
451       3932.8   1386.4
Current: [8, 9, 14, 17, 32, 35, 40, 41, 44, 46, 50, 58, 60, 70, 71, 89, 101, 103, 116, 117, 125, 133, 137, 143, 145, 158, 182, 195, 197, 201, 216, 223, 227, 230, 246, 252, 253, 262, 265, 268, 270, 273, 278, 279, 281, 283, 292, 296, 298, 302, 309, 315, 319, 321, 324, 327, 335, 338, 342, 344, 357, 358, 365, 370, 375, 380, 391, 401, 404, 413, 423, 425, 428, 456, 459, 460, 463, 467, 470, 473, 487, 497, 498, 499, 500, 505, 509]
Subround 10
         Timestamp  TS First Frame  TS Prev Frame
Offset                                           
214     24314368.0      47569858.0       891283.0
321     24461056.0      47843236.0       830261.0
129     24274176.0      47836128.0       821522.0
8       24436736.0      47926179.0       818728.0
460     24700416.0      47974656.0       801232.0
152     24448768.0      47725544.0       781350.0
7       24344320.0      47851733.0       779475.0
341     24697600.0      47932896.0       772620.0
86      24325120.0      47976973.0       767887.0
387     24655104.0      47793833.0       766789.0
124     24554752.0      47918562.0       766428.0
292     24362496.0      47685768.0       765988.0
451     24485632.0      47895701.0       761055.0
93      24263680.0      47619867.0       755047.0
9       24580608.0      48037889.0       737417.0
47      24330240.0      47572914.0       732790.0
384     24564736.0      47885127.0       718138.0
288     24176896.0      47465660.0       703108.0
60      24459264.0      47625429.0       702670.0
507     24379648.0      47757350.0       697712.0
              Server1       Server2
Offset                             
14      326076.000000  93496.181818
472      19141.090909   5720.454545
221       9452.181818   2926.000000
278       9228.545455   2863.727273
252       9070.363636   2814.636364
374       8157.454545   2489.000000
348       7594.181818   2375.272727
504       4707.272727   1544.727273
384       4519.818182   1530.454545
201       4457.818182   1573.454545
160       4146.909091   1430.818182
194       4017.272727   1326.545455
265       4014.000000   1400.454545
400       3982.727273   1327.454545
288       3971.818182   1320.454545
320       3961.272727   1324.818182
363       3946.181818   1312.181818
439       3925.272727   1323.090909
9         3919.090909   1366.818182
352       3901.454545   1290.727273
Current: [9, 14, 32, 41, 46, 58, 70, 71, 101, 103, 116, 125, 133, 137, 143, 145, 158, 197, 216, 223, 230, 246, 252, 253, 268, 270, 273, 278, 279, 292, 296, 302, 315, 321, 327, 335, 338, 344, 357, 358, 375, 391, 404, 413, 459, 460, 463, 473, 487, 497, 499, 505, 509]
Subround 11
         Timestamp  TS First Frame  TS Prev Frame
Offset                                           
8       24408960.0      47711593.5       818789.5
387     24662272.0      47950460.5       794862.5
451     24464896.0      47756130.5       791135.0
7       24348800.0      47903625.5       768290.5
93      24333312.0      47675116.0       768035.0
341     24571648.0      47965881.5       765234.5
86      24384512.0      47849933.0       762346.5
321     24458112.0      47694324.0       743435.5
257     24359040.0      47716093.5       740146.0
293     24508416.0      47723172.5       739753.0
9       24508416.0      47932382.5       731753.5
384     24732928.0      48020159.5       727763.0
222     24646272.0      48196693.0       722983.0
211     24295424.0      47570183.0       716560.5
342     24825344.0      48170638.5       714836.5
292     24460544.0      47871239.5       708533.5
136     24374016.0      47720304.5       700891.5
360     24791040.0      48161402.5       689176.5
394     24422784.0      47717085.0       688452.0
160     24504960.0      48041594.0       682828.5
              Server1       Server2
Offset                             
14      348131.333333  99808.583333
472      17868.833333   5365.250000
221       9065.500000   2826.416667
278       8688.500000   2698.833333
252       8500.500000   2643.000000
374       7718.333333   2360.750000
348       7174.166667   2245.750000
504       4653.000000   1543.333333
384       4588.833333   1562.250000
201       4382.500000   1536.000000
160       4185.333333   1443.000000
320       4067.833333   1374.166667
9         3943.333333   1384.916667
89        3937.666667   1395.750000
267       3924.333333   1400.916667
263       3918.000000   1354.583333
342       3916.333333   1343.916667
194       3880.666667   1283.500000
400       3874.666667   1286.666667
428       3866.833333   1322.750000
Current: [14, 32, 41, 71, 103, 116, 137, 143, 145, 158, 230, 246, 252, 253, 268, 270, 273, 278, 279, 292, 302, 315, 327, 335, 338, 391, 404, 413, 459, 460, 487, 505]
Subround 12
         Timestamp  TS First Frame  TS Prev Frame
Offset                                           
214     24314368.0      47569858.0       848643.0
8       24381184.0      47497008.0       818728.0
211     24314880.0      47620781.0       809723.0
93      24402944.0      47730365.0       781023.0
222     24684032.0      48163599.0       774619.0
387     24655104.0      47793833.0       766789.0
292     24468480.0      47685768.0       765988.0
451     24485632.0      47895701.0       761055.0
341     24445696.0      47932896.0       757849.0
7       24353280.0      47955518.0       757106.0
86      24325120.0      47722893.0       756806.0
124     24554752.0      47918562.0       751903.0
342     24910080.0      48478295.0       747337.0
47      24330240.0      47572914.0       732790.0
9       24436224.0      47826876.0       726090.0
460     24604160.0      47867899.0       720062.0
384     24564736.0      47885127.0       718138.0
507     24464896.0      47757350.0       697712.0
205     24577536.0      48201552.0       693656.0
136     24408064.0      47726894.0       670555.0
              Server1       Server2
Offset                             
14      343640.769231  98522.461538
472      16618.000000   4999.000000
221       8574.000000   2679.923077
278       8198.615385   2550.076923
252       8025.384615   2499.000000
374       7268.307692   2225.769231
348       6854.307692   2148.307692
504       4615.384615   1552.230769
384       4478.769231   1521.923077
201       4186.307692   1464.692308
160       4070.000000   1414.076923
18        4007.538462   1403.384615
342       3980.615385   1406.000000
320       3964.769231   1337.076923
439       3904.461538   1322.307692
89        3868.307692   1364.692308
211       3852.461538   1317.230769
9         3849.692308   1348.153846
267       3846.769231   1369.076923
334       3842.153846   1330.615385
Current: [14, 32, 41, 103, 137, 145, 158, 230, 252, 253, 268, 279, 302, 315, 327, 338, 459, 487, 505]
Subround 13
         Timestamp  TS First Frame  TS Prev Frame
Offset                                           
214     24337408.0      47618009.0       788556.0
93      24333312.0      47675116.0       768035.0
47      24368384.0      47532088.0       735014.5
451     24483712.0      47812245.5       730205.5
222     24616704.0      48030793.5       722983.0
211     24295424.0      47570183.0       716560.5
342     24825344.0      48170638.5       714836.5
292     24427904.0      47750403.0       708533.5
315     24646656.0      48062390.0       701512.0
9       24378240.0      47812858.5       685867.0
218     24305280.0      47492915.0       683423.5
367     24304128.0      47685883.5       678002.0
507     24422272.0      47784252.5       673760.5
124     24569216.0      47981412.5       669740.5
255     24667904.0      47854328.0       666439.5
460     24652288.0      47921277.5       663260.0
8       24380800.0      47533129.0       658222.5
418     24179968.0      47389107.5       655349.5
499     24427776.0      47962582.0       642478.5
438     24321536.0      47591620.5       637631.5
              Server1       Server2
Offset                             
14      335616.571429  96215.428571
472      15572.285714   4692.071429
221       8145.000000   2550.714286
278       7854.428571   2446.714286
252       7626.142857   2380.142857
374       6884.571429   2112.428571
256       6834.857143   2148.000000
348       6578.571429   2062.000000
504       4568.428571   1530.285714
384       4321.285714   1470.642857
219       4186.857143   1376.928571
18        4081.000000   1429.642857
439       4019.000000   1373.357143
201       4016.285714   1402.571429
160       3935.285714   1366.714286
457       3923.000000   1321.142857
342       3909.142857   1375.428571
427       3899.000000   1321.642857
320       3847.285714   1297.285714
249       3815.142857   1289.785714
Current: [14, 32, 41, 58, 71, 103, 116, 137, 143, 145, 158, 197, 216, 230, 252, 253, 268, 273, 279, 283, 292, 296, 302, 315, 317, 321, 327, 335, 338, 344, 357, 358, 391, 459, 460, 473, 487, 493, 505]
Subround 14
         Timestamp  TS First Frame  TS Prev Frame
Offset                                           
40      24085248.0      47117458.0       784936.0
93      24263680.0      47619867.0       755047.0
378     24741376.0      47612032.0       735739.0
47      24406528.0      47572914.0       732790.0
214     24314368.0      47569858.0       728469.0
451     24481792.0      47728790.0       699356.0
342     24740608.0      47862982.0       682336.0
4       24614912.0      47862696.0       674358.0
222     24549376.0      47897988.0       671347.0
292     24387328.0      47685768.0       651079.0
507     24379648.0      47757350.0       649809.0
9       24320256.0      47798841.0       645644.0
315     24564736.0      47975759.0       644274.0
418     24238080.0      47379406.0       639624.0
434     24106240.0      47236618.0       628513.0
216     24056064.0      47548574.0       628307.0
445     24113920.0      47379236.0       626291.0
211     24275968.0      47519585.0       623398.0
499     24427776.0      47962582.0       612577.5
438     24134656.0      47500470.0       610187.0
              Server1       Server2
Offset                             
14      323781.066667  92823.933333
472      14643.200000   4417.333333
221       7730.133333   2424.733333
278       7652.933333   2399.533333
252       7416.533333   2321.600000
374       6753.733333   2090.600000
256       6525.600000   2054.400000
348       6251.333333   1963.000000
504       4458.800000   1491.333333
384       4204.133333   1428.733333
219       4056.000000   1331.400000
439       3987.866667   1361.466667
427       3985.200000   1356.066667
18        3955.733333   1382.800000
201       3866.266667   1347.466667
457       3825.733333   1286.066667
160       3803.733333   1320.200000
342       3792.533333   1331.866667
434       3784.266667   1288.933333
304       3767.733333   1308.666667
Current: [14, 32, 71, 103, 116, 137, 145, 158, 197, 216, 252, 283, 302, 315, 317, 327, 335, 338, 391, 414, 459, 473, 487, 505]
Subround 15
         Timestamp  TS First Frame  TS Prev Frame
Offset                                           
47      24368384.0      47532088.0       662398.5
93      24218880.0      47460529.5       642958.0
341     24433024.0      47909575.0       618776.0
40      24041088.0      47088833.5       611024.5
222     24616704.0      48030793.5       604920.5
18      24452864.0      47580946.0       601866.0
216     24137856.0      47513281.5       597608.0
343     24074752.0      47433257.5       591076.5
317     24572800.0      47822106.5       587190.5
9       24259840.0      47679309.0       585965.0
499     24406784.0      47959330.0       584990.0
253     24691072.0      48044576.0       583663.0
114     24371456.0      47886571.5       582857.0
378     24560256.0      47587957.0       578872.0
214     24303616.0      47542767.5       577100.0
61      24475008.0      47621045.0       575438.0
292     24374912.0      47654230.5       572821.0
367     24248576.0      47606460.0       571362.0
436     24551296.0      47762527.5       571162.5
339     24196480.0      47434730.5       570537.5
           Server1     Server2
Offset                        
14      338375.375  97009.8750
472      13836.750   4178.7500
221       7433.000   2338.8125
252       7354.000   2309.3125
278       7300.000   2292.6875
374       6595.125   2048.3125
425       6264.500   1988.4375
256       6248.250   1971.3750
216       6238.250   1981.4375
348       6109.750   1933.6875
504       4389.250   1469.0000
219       4137.625   1362.2500
384       4089.500   1387.6875
201       3943.500   1373.1875
427       3885.500   1320.5000
400       3880.375   1304.5625
439       3867.250   1319.6875
18        3855.500   1345.3125
320       3832.375   1295.6250
89        3761.875   1315.4375
Current: [14, 71, 103, 116, 145, 158, 216, 283, 302, 317, 338, 391, 414, 459]
         Timestamp  TS First Frame  TS Prev Frame
Offset                                           
47      24368384.0      47532088.0       662398.5
93      24218880.0      47460529.5       642958.0
341     24433024.0      47909575.0       618776.0
40      24041088.0      47088833.5       611024.5
222     24616704.0      48030793.5       604920.5
18      24452864.0      47580946.0       601866.0
216     24137856.0      47513281.5       597608.0
343     24074752.0      47433257.5       591076.5
317     24572800.0      47822106.5       587190.5
9       24259840.0      47679309.0       585965.0
499     24406784.0      47959330.0       584990.0
253     24691072.0      48044576.0       583663.0
114     24371456.0      47886571.5       582857.0
378     24560256.0      47587957.0       578872.0
214     24303616.0      47542767.5       577100.0
61      24475008.0      47621045.0       575438.0
292     24374912.0      47654230.5       572821.0
367     24248576.0      47606460.0       571362.0
436     24551296.0      47762527.5       571162.5
339     24196480.0      47434730.5       570537.5
           Server1     Server2
Offset                        
14      338375.375  97009.8750
472      13836.750   4178.7500
221       7433.000   2338.8125
252       7354.000   2309.3125
278       7300.000   2292.6875
374       6595.125   2048.3125
425       6264.500   1988.4375
256       6248.250   1971.3750
216       6238.250   1981.4375
348       6109.750   1933.6875
504       4389.250   1469.0000
219       4137.625   1362.2500
384       4089.500   1387.6875
201       3943.500   1373.1875
427       3885.500   1320.5000
400       3880.375   1304.5625
439       3867.250   1319.6875
18        3855.500   1345.3125
320       3832.375   1295.6250
89        3761.875   1315.4375
New pairs
[[283, 302], [216, 145], [414, 317], [391, 338], [158, 71], [103, 459], [14, 116]]
Round 1
Subround 0
         Timestamp  TS First Frame  TS Prev Frame
Offset                                           
47      24368384.0      47532088.0       662398.5
93      24218880.0      47460529.5       642958.0
341     24433024.0      47909575.0       618776.0
40      24041088.0      47088833.5       611024.5
222     24616704.0      48030793.5       604920.5
18      24452864.0      47580946.0       601866.0
343     24074752.0      47433257.5       591076.5
9       24259840.0      47679309.0       585965.0
499     24406784.0      47959330.0       584990.0
253     24691072.0      48044576.0       583663.0
114     24371456.0      47886571.5       582857.0
378     24560256.0      47587957.0       578872.0
214     24303616.0      47542767.5       577100.0
61      24475008.0      47621045.0       575438.0
292     24374912.0      47654230.5       572821.0
367     24248576.0      47606460.0       571362.0
436     24551296.0      47762527.5       571162.5
339     24196480.0      47434730.5       570537.5
216     24219648.0      47548574.0       566909.0
201     24243712.0      47485696.0       566873.0
              Server1        Server2
Offset                              
14      352310.470588  101010.941176
472      13836.750000    4178.750000
221       7433.000000    2338.812500
252       7354.000000    2309.312500
278       7300.000000    2292.687500
374       6595.125000    2048.312500
425       6264.500000    1988.437500
256       6248.250000    1971.375000
348       6109.750000    1933.687500
216       5975.058824    1900.705882
504       4389.250000    1469.000000
219       4137.625000    1362.250000
384       4089.500000    1387.687500
201       3943.500000    1373.187500
427       3885.500000    1320.500000
400       3880.375000    1304.562500
439       3867.250000    1319.687500
18        3855.500000    1345.312500
320       3832.375000    1295.625000
89        3761.875000    1315.437500
Current: [145, 283, 414]
Subround 1
         Timestamp  TS First Frame  TS Prev Frame
Offset                                           
47      24368384.0      47532088.0       662398.5
93      24218880.0      47460529.5       642958.0
341     24433024.0      47909575.0       618776.0
40      24041088.0      47088833.5       611024.5
222     24616704.0      48030793.5       604920.5
18      24452864.0      47580946.0       601866.0
343     24074752.0      47433257.5       591076.5
9       24259840.0      47679309.0       585965.0
499     24406784.0      47959330.0       584990.0
253     24691072.0      48044576.0       583663.0
114     24371456.0      47886571.5       582857.0
378     24560256.0      47587957.0       578872.0
214     24303616.0      47542767.5       577100.0
61      24475008.0      47621045.0       575438.0
292     24374912.0      47654230.5       572821.0
367     24248576.0      47606460.0       571362.0
436     24551296.0      47762527.5       571162.5
339     24196480.0      47434730.5       570537.5
201     24243712.0      47485696.0       566873.0
89      24280448.0      47652310.5       560406.0
              Server1        Server2
Offset                              
14      365512.222222  104802.333333
472      13836.750000    4178.750000
221       7433.000000    2338.812500
252       7354.000000    2309.312500
278       7300.000000    2292.687500
374       6595.125000    2048.312500
425       6264.500000    1988.437500
256       6248.250000    1971.375000
348       6109.750000    1933.687500
216       5744.666667    1828.166667
504       4389.250000    1469.000000
219       4137.625000    1362.250000
384       4089.500000    1387.687500
201       3943.500000    1373.187500
427       3885.500000    1320.500000
400       3880.375000    1304.562500
439       3867.250000    1319.687500
18        3855.500000    1345.312500
320       3832.375000    1295.625000
89        3761.875000    1315.437500
Current: [14, 103, 145, 158, 283, 338, 414]
Subround 2
         Timestamp  TS First Frame  TS Prev Frame
Offset                                           
47      24368384.0      47532088.0       662398.5
93      24218880.0      47460529.5       642958.0
14      24217472.0      47292508.5       628847.5
341     24433024.0      47909575.0       618776.0
40      24041088.0      47088833.5       611024.5
222     24616704.0      48030793.5       604920.5
18      24452864.0      47580946.0       601866.0
343     24074752.0      47433257.5       591076.5
9       24259840.0      47679309.0       585965.0
116     24322432.0      47324206.5       585260.0
499     24406784.0      47959330.0       584990.0
253     24691072.0      48044576.0       583663.0
114     24371456.0      47886571.5       582857.0
378     24560256.0      47587957.0       578872.0
214     24303616.0      47542767.5       577100.0
61      24475008.0      47621045.0       575438.0
292     24374912.0      47654230.5       572821.0
367     24248576.0      47606460.0       571362.0
436     24551296.0      47762527.5       571162.5
339     24196480.0      47434730.5       570537.5
              Server1        Server2
Offset                              
14      376543.894737  107964.526316
472      13836.750000    4178.750000
221       7433.000000    2338.812500
252       7354.000000    2309.312500
278       7300.000000    2292.687500
374       6595.125000    2048.312500
425       6264.500000    1988.437500
256       6248.250000    1971.375000
348       6109.750000    1933.687500
216       5536.526316    1764.421053
504       4389.250000    1469.000000
219       4137.625000    1362.250000
384       4089.500000    1387.687500
201       3943.500000    1373.187500
427       3885.500000    1320.500000
400       3880.375000    1304.562500
439       3867.250000    1319.687500
18        3855.500000    1345.312500
320       3832.375000    1295.625000
89        3761.875000    1315.437500
Current: [283, 338, 414]
Subround 3
         Timestamp  TS First Frame  TS Prev Frame
Offset                                           
14      24238080.0      47347349.0       697877.0
47      24368384.0      47532088.0       662398.5
93      24218880.0      47460529.5       642958.0
341     24433024.0      47909575.0       618776.0
40      24041088.0      47088833.5       611024.5
222     24616704.0      48030793.5       604920.5
18      24452864.0      47580946.0       601866.0
343     24074752.0      47433257.5       591076.5
9       24259840.0      47679309.0       585965.0
116     24202368.0      47277919.5       585260.0
499     24406784.0      47959330.0       584990.0
253     24691072.0      48044576.0       583663.0
114     24371456.0      47886571.5       582857.0
378     24560256.0      47587957.0       578872.0
214     24303616.0      47542767.5       577100.0
61      24475008.0      47621045.0       575438.0
292     24374912.0      47654230.5       572821.0
367     24248576.0      47606460.0       571362.0
436     24551296.0      47762527.5       571162.5
339     24196480.0      47434730.5       570537.5
           Server1      Server2
Offset                         
14      372620.600  106840.7000
472      13836.750    4178.7500
221       7433.000    2338.8125
252       7354.000    2309.3125
278       7300.000    2292.6875
374       6595.125    2048.3125
425       6264.500    1988.4375
256       6248.250    1971.3750
348       6109.750    1933.6875
216       5358.400    1709.6500
504       4389.250    1469.0000
219       4137.625    1362.2500
384       4089.500    1387.6875
201       3943.500    1373.1875
427       3885.500    1320.5000
400       3880.375    1304.5625
439       3867.250    1319.6875
18        3855.500    1345.3125
320       3832.375    1295.6250
89        3761.875    1315.4375
Current: [283, 338, 414]
Subround 4
         Timestamp  TS First Frame  TS Prev Frame
Offset                                           
47      24368384.0      47532088.0       662398.5
459     24579328.0      47763283.0       661250.0
93      24218880.0      47460529.5       642958.0
14      24282752.0      47502437.5       642660.5
341     24433024.0      47909575.0       618776.0
40      24041088.0      47088833.5       611024.5
222     24616704.0      48030793.5       604920.5
18      24452864.0      47580946.0       601866.0
343     24074752.0      47433257.5       591076.5
9       24259840.0      47679309.0       585965.0
499     24406784.0      47959330.0       584990.0
253     24691072.0      48044576.0       583663.0
114     24371456.0      47886571.5       582857.0
378     24560256.0      47587957.0       578872.0
214     24303616.0      47542767.5       577100.0
61      24475008.0      47621045.0       575438.0
292     24374912.0      47654230.5       572821.0
367     24248576.0      47606460.0       571362.0
436     24551296.0      47762527.5       571162.5
339     24196480.0      47434730.5       570537.5
              Server1        Server2
Offset                              
14      362695.619048  103994.476190
472      13836.750000    4178.750000
221       7433.000000    2338.812500
252       7354.000000    2309.312500
278       7300.000000    2292.687500
374       6595.125000    2048.312500
425       6264.500000    1988.437500
256       6248.250000    1971.375000
348       6109.750000    1933.687500
216       5366.285714    1716.761905
504       4389.250000    1469.000000
219       4137.625000    1362.250000
384       4089.500000    1387.687500
201       3943.500000    1373.187500
427       3885.500000    1320.500000
400       3880.375000    1304.562500
439       3867.250000    1319.687500
18        3855.500000    1345.312500
320       3832.375000    1295.625000
89        3761.875000    1315.437500
Current: [14, 283, 338, 459]
Subround 5
         Timestamp  TS First Frame  TS Prev Frame
Offset                                           
47      24368384.0      47532088.0       662398.5
93      24218880.0      47460529.5       642958.0
341     24433024.0      47909575.0       618776.0
40      24041088.0      47088833.5       611024.5
222     24616704.0      48030793.5       604920.5
18      24452864.0      47580946.0       601866.0
343     24074752.0      47433257.5       591076.5
14      24238080.0      47347349.0       587444.0
9       24259840.0      47679309.0       585965.0
499     24406784.0      47959330.0       584990.0
253     24691072.0      48044576.0       583663.0
114     24371456.0      47886571.5       582857.0
378     24560256.0      47587957.0       578872.0
214     24303616.0      47542767.5       577100.0
61      24475008.0      47621045.0       575438.0
292     24374912.0      47654230.5       572821.0
367     24248576.0      47606460.0       571362.0
436     24551296.0      47762527.5       571162.5
339     24196480.0      47434730.5       570537.5
201     24243712.0      47485696.0       566873.0
              Server1        Server2
Offset                              
14      354612.090909  101676.409091
472      13836.750000    4178.750000
221       7433.000000    2338.812500
252       7354.000000    2309.312500
278       7300.000000    2292.687500
374       6595.125000    2048.312500
425       6264.500000    1988.437500
256       6248.250000    1971.375000
348       6109.750000    1933.687500
216       5320.727273    1712.500000
504       4389.250000    1469.000000
219       4137.625000    1362.250000
384       4089.500000    1387.687500
201       3943.500000    1373.187500
427       3885.500000    1320.500000
400       3880.375000    1304.562500
439       3867.250000    1319.687500
18        3855.500000    1345.312500
320       3832.375000    1295.625000
89        3761.875000    1315.437500
Current: [14, 283, 338]
Subround 6
         Timestamp  TS First Frame  TS Prev Frame
Offset                                           
47      24368384.0      47532088.0       662398.5
93      24218880.0      47460529.5       642958.0
341     24433024.0      47909575.0       618776.0
40      24041088.0      47088833.5       611024.5
222     24616704.0      48030793.5       604920.5
18      24452864.0      47580946.0       601866.0
343     24074752.0      47433257.5       591076.5
9       24259840.0      47679309.0       585965.0
499     24406784.0      47959330.0       584990.0
253     24691072.0      48044576.0       583663.0
114     24371456.0      47886571.5       582857.0
378     24560256.0      47587957.0       578872.0
14      24282752.0      47442520.5       577524.5
214     24303616.0      47542767.5       577100.0
61      24475008.0      47621045.0       575438.0
292     24374912.0      47654230.5       572821.0
367     24248576.0      47606460.0       571362.0
436     24551296.0      47762527.5       571162.5
339     24196480.0      47434730.5       570537.5
201     24243712.0      47485696.0       566873.0
              Server1       Server2
Offset                             
14      346560.782609  99368.304348
472      13836.750000   4178.750000
221       7433.000000   2338.812500
252       7354.000000   2309.312500
278       7300.000000   2292.687500
374       6595.125000   2048.312500
425       6264.500000   1988.437500
256       6248.250000   1971.375000
348       6109.750000   1933.687500
216       5236.347826   1684.347826
504       4389.250000   1469.000000
219       4137.625000   1362.250000
384       4089.500000   1387.687500
201       3943.500000   1373.187500
427       3885.500000   1320.500000
400       3880.375000   1304.562500
439       3867.250000   1319.687500
18        3855.500000   1345.312500
320       3832.375000   1295.625000
89        3761.875000   1315.437500
Current: [14, 283, 338]
Subround 7
         Timestamp  TS First Frame  TS Prev Frame
Offset                                           
47      24368384.0      47532088.0       662398.5
93      24218880.0      47460529.5       642958.0
341     24433024.0      47909575.0       618776.0
40      24041088.0      47088833.5       611024.5
222     24616704.0      48030793.5       604920.5
18      24452864.0      47580946.0       601866.0
343     24074752.0      47433257.5       591076.5
9       24259840.0      47679309.0       585965.0
499     24406784.0      47959330.0       584990.0
253     24691072.0      48044576.0       583663.0
114     24371456.0      47886571.5       582857.0
378     24560256.0      47587957.0       578872.0
214     24303616.0      47542767.5       577100.0
61      24475008.0      47621045.0       575438.0
292     24374912.0      47654230.5       572821.0
367     24248576.0      47606460.0       571362.0
436     24551296.0      47762527.5       571162.5
339     24196480.0      47434730.5       570537.5
14      24327424.0      47537692.0       567605.0
201     24243712.0      47485696.0       566873.0
              Server1        Server2
Offset                              
14      355246.083333  101852.125000
472      13836.750000    4178.750000
221       7433.000000    2338.812500
252       7354.000000    2309.312500
278       7300.000000    2292.687500
374       6595.125000    2048.312500
425       6264.500000    1988.437500
256       6248.250000    1971.375000
348       6109.750000    1933.687500
216       5088.666667    1638.833333
504       4389.250000    1469.000000
219       4137.625000    1362.250000
384       4089.500000    1387.687500
201       3943.500000    1373.187500
427       3885.500000    1320.500000
400       3880.375000    1304.562500
439       3867.250000    1319.687500
18        3855.500000    1345.312500
320       3832.375000    1295.625000
89        3761.875000    1315.437500
Current: [14, 283, 338]
Subround 8
         Timestamp  TS First Frame  TS Prev Frame
Offset                                           
47      24368384.0      47532088.0       662398.5
93      24218880.0      47460529.5       642958.0
341     24433024.0      47909575.0       618776.0
40      24041088.0      47088833.5       611024.5
222     24616704.0      48030793.5       604920.5
18      24452864.0      47580946.0       601866.0
343     24074752.0      47433257.5       591076.5
9       24259840.0      47679309.0       585965.0
499     24406784.0      47959330.0       584990.0
253     24691072.0      48044576.0       583663.0
114     24371456.0      47886571.5       582857.0
378     24560256.0      47587957.0       578872.0
14      24336512.0      47597609.0       577524.5
214     24303616.0      47542767.5       577100.0
61      24475008.0      47621045.0       575438.0
292     24374912.0      47654230.5       572821.0
367     24248576.0      47606460.0       571362.0
436     24551296.0      47762527.5       571162.5
339     24196480.0      47434730.5       570537.5
201     24243712.0      47485696.0       566873.0
           Server1      Server2
Offset                         
14      364432.400  104492.7200
472      13836.750    4178.7500
221       7433.000    2338.8125
252       7354.000    2309.3125
278       7300.000    2292.6875
374       6595.125    2048.3125
425       6264.500    1988.4375
256       6248.250    1971.3750
348       6109.750    1933.6875
216       4968.880    1599.8800
504       4389.250    1469.0000
219       4137.625    1362.2500
384       4089.500    1387.6875
201       3943.500    1373.1875
427       3885.500    1320.5000
400       3880.375    1304.5625
439       3867.250    1319.6875
18        3855.500    1345.3125
320       3832.375    1295.6250
89        3761.875    1315.4375
Current: [14, 283, 338]
         Timestamp  TS First Frame  TS Prev Frame
Offset                                           
47      24368384.0      47532088.0       662398.5
93      24218880.0      47460529.5       642958.0
341     24433024.0      47909575.0       618776.0
40      24041088.0      47088833.5       611024.5
222     24616704.0      48030793.5       604920.5
18      24452864.0      47580946.0       601866.0
343     24074752.0      47433257.5       591076.5
9       24259840.0      47679309.0       585965.0
499     24406784.0      47959330.0       584990.0
253     24691072.0      48044576.0       583663.0
114     24371456.0      47886571.5       582857.0
378     24560256.0      47587957.0       578872.0
14      24336512.0      47597609.0       577524.5
214     24303616.0      47542767.5       577100.0
61      24475008.0      47621045.0       575438.0
292     24374912.0      47654230.5       572821.0
367     24248576.0      47606460.0       571362.0
436     24551296.0      47762527.5       571162.5
339     24196480.0      47434730.5       570537.5
201     24243712.0      47485696.0       566873.0
           Server1      Server2
Offset                         
14      364432.400  104492.7200
472      13836.750    4178.7500
221       7433.000    2338.8125
252       7354.000    2309.3125
278       7300.000    2292.6875
374       6595.125    2048.3125
425       6264.500    1988.4375
256       6248.250    1971.3750
348       6109.750    1933.6875
216       4968.880    1599.8800
504       4389.250    1469.0000
219       4137.625    1362.2500
384       4089.500    1387.6875
201       3943.500    1373.1875
427       3885.500    1320.5000
400       3880.375    1304.5625
439       3867.250    1319.6875
18        3855.500    1345.3125
320       3832.375    1295.6250
89        3761.875    1315.4375
New pairs
[[338, 14], [302, 283]]
Round 2
Subround 0
         Timestamp  TS First Frame  TS Prev Frame
Offset                                           
47      24368384.0      47532088.0       662398.5
93      24218880.0      47460529.5       642958.0
341     24433024.0      47909575.0       618776.0
40      24041088.0      47088833.5       611024.5
222     24616704.0      48030793.5       604920.5
18      24452864.0      47580946.0       601866.0
343     24074752.0      47433257.5       591076.5
9       24259840.0      47679309.0       585965.0
499     24406784.0      47959330.0       584990.0
253     24691072.0      48044576.0       583663.0
114     24371456.0      47886571.5       582857.0
378     24560256.0      47587957.0       578872.0
14      24374912.0      47690385.0       577524.5
214     24303616.0      47542767.5       577100.0
61      24475008.0      47621045.0       575438.0
292     24374912.0      47654230.5       572821.0
367     24248576.0      47606460.0       571362.0
436     24551296.0      47762527.5       571162.5
339     24196480.0      47434730.5       570537.5
201     24243712.0      47485696.0       566873.0
              Server1        Server2
Offset                              
14      357927.384615  102624.846154
472      13836.750000    4178.750000
221       7433.000000    2338.812500
252       7354.000000    2309.312500
278       7300.000000    2292.687500
374       6595.125000    2048.312500
425       6264.500000    1988.437500
256       6248.250000    1971.375000
348       6109.750000    1933.687500
216       4968.880000    1599.880000
504       4389.250000    1469.000000
219       4137.625000    1362.250000
384       4089.500000    1387.687500
201       3943.500000    1373.187500
427       3885.500000    1320.500000
400       3880.375000    1304.562500
439       3867.250000    1319.687500
18        3855.500000    1345.312500
320       3832.375000    1295.625000
89        3761.875000    1315.437500
Current: [14]
Subround 1
         Timestamp  TS First Frame  TS Prev Frame
Offset                                           
47      24368384.0      47532088.0       662398.5
93      24218880.0      47460529.5       642958.0
341     24433024.0      47909575.0       618776.0
40      24041088.0      47088833.5       611024.5
222     24616704.0      48030793.5       604920.5
18      24452864.0      47580946.0       601866.0
343     24074752.0      47433257.5       591076.5
9       24259840.0      47679309.0       585965.0
499     24406784.0      47959330.0       584990.0
253     24691072.0      48044576.0       583663.0
114     24371456.0      47886571.5       582857.0
378     24560256.0      47587957.0       578872.0
14      24374912.0      47690385.0       577524.5
214     24303616.0      47542767.5       577100.0
61      24475008.0      47621045.0       575438.0
292     24374912.0      47654230.5       572821.0
367     24248576.0      47606460.0       571362.0
436     24551296.0      47762527.5       571162.5
339     24196480.0      47434730.5       570537.5
201     24243712.0      47485696.0       566873.0
             Server1        Server2
Offset                             
14      364372.37037  104469.740741
472      13836.75000    4178.750000
221       7433.00000    2338.812500
252       7354.00000    2309.312500
278       7300.00000    2292.687500
374       6595.12500    2048.312500
425       6264.50000    1988.437500
256       6248.25000    1971.375000
348       6109.75000    1933.687500
216       4968.88000    1599.880000
504       4389.25000    1469.000000
219       4137.62500    1362.250000
384       4089.50000    1387.687500
201       3943.50000    1373.187500
427       3885.50000    1320.500000
400       3880.37500    1304.562500
439       3867.25000    1319.687500
18        3855.50000    1345.312500
320       3832.37500    1295.625000
89        3761.87500    1315.437500
Current: [14, 302]
Subround 2
         Timestamp  TS First Frame  TS Prev Frame
Offset                                           
47      24368384.0      47532088.0       662398.5
93      24218880.0      47460529.5       642958.0
341     24433024.0      47909575.0       618776.0
40      24041088.0      47088833.5       611024.5
222     24616704.0      48030793.5       604920.5
18      24452864.0      47580946.0       601866.0
343     24074752.0      47433257.5       591076.5
14      24404224.0      47723244.0       587444.0
9       24259840.0      47679309.0       585965.0
499     24406784.0      47959330.0       584990.0
253     24691072.0      48044576.0       583663.0
114     24371456.0      47886571.5       582857.0
378     24560256.0      47587957.0       578872.0
214     24303616.0      47542767.5       577100.0
61      24475008.0      47621045.0       575438.0
292     24374912.0      47654230.5       572821.0
367     24248576.0      47606460.0       571362.0
436     24551296.0      47762527.5       571162.5
339     24196480.0      47434730.5       570537.5
201     24243712.0      47485696.0       566873.0
              Server1        Server2
Offset                              
14      358203.071429  102699.285714
472      13836.750000    4178.750000
221       7433.000000    2338.812500
252       7354.000000    2309.312500
278       7300.000000    2292.687500
374       6595.125000    2048.312500
425       6264.500000    1988.437500
256       6248.250000    1971.375000
348       6109.750000    1933.687500
216       4968.880000    1599.880000
504       4389.250000    1469.000000
219       4137.625000    1362.250000
384       4089.500000    1387.687500
201       3943.500000    1373.187500
427       3885.500000    1320.500000
400       3880.375000    1304.562500
439       3867.250000    1319.687500
18        3855.500000    1345.312500
320       3832.375000    1295.625000
89        3761.875000    1315.437500
Current: [14, 302]
Subround 3
         Timestamp  TS First Frame  TS Prev Frame
Offset                                           
47      24368384.0      47532088.0       662398.5
93      24218880.0      47460529.5       642958.0
341     24433024.0      47909575.0       618776.0
40      24041088.0      47088833.5       611024.5
222     24616704.0      48030793.5       604920.5
18      24452864.0      47580946.0       601866.0
343     24074752.0      47433257.5       591076.5
9       24259840.0      47679309.0       585965.0
499     24406784.0      47959330.0       584990.0
253     24691072.0      48044576.0       583663.0
114     24371456.0      47886571.5       582857.0
14      24408192.0      47754965.0       581036.5
378     24560256.0      47587957.0       578872.0
214     24303616.0      47542767.5       577100.0
61      24475008.0      47621045.0       575438.0
292     24374912.0      47654230.5       572821.0
367     24248576.0      47606460.0       571362.0
436     24551296.0      47762527.5       571162.5
339     24196480.0      47434730.5       570537.5
201     24243712.0      47485696.0       566873.0
              Server1        Server2
Offset                              
14      358746.689655  102857.827586
472      13836.750000    4178.750000
221       7433.000000    2338.812500
252       7354.000000    2309.312500
278       7300.000000    2292.687500
374       6595.125000    2048.312500
425       6264.500000    1988.437500
256       6248.250000    1971.375000
348       6109.750000    1933.687500
216       4968.880000    1599.880000
504       4389.250000    1469.000000
219       4137.625000    1362.250000
384       4089.500000    1387.687500
201       3943.500000    1373.187500
427       3885.500000    1320.500000
400       3880.375000    1304.562500
439       3867.250000    1319.687500
18        3855.500000    1345.312500
320       3832.375000    1295.625000
89        3761.875000    1315.437500
Current: [14]
Subround 4
         Timestamp  TS First Frame  TS Prev Frame
Offset                                           
47      24368384.0      47532088.0       662398.5
93      24218880.0      47460529.5       642958.0
14      24408192.0      47754965.0       642660.5
341     24433024.0      47909575.0       618776.0
40      24041088.0      47088833.5       611024.5
222     24616704.0      48030793.5       604920.5
18      24452864.0      47580946.0       601866.0
343     24074752.0      47433257.5       591076.5
9       24259840.0      47679309.0       585965.0
499     24406784.0      47959330.0       584990.0
253     24691072.0      48044576.0       583663.0
114     24371456.0      47886571.5       582857.0
378     24560256.0      47587957.0       578872.0
214     24303616.0      47542767.5       577100.0
61      24475008.0      47621045.0       575438.0
292     24374912.0      47654230.5       572821.0
367     24248576.0      47606460.0       571362.0
436     24551296.0      47762527.5       571162.5
339     24196480.0      47434730.5       570537.5
201     24243712.0      47485696.0       566873.0
              Server1        Server2
Offset                              
14      361556.866667  103662.533333
472      13836.750000    4178.750000
221       7433.000000    2338.812500
252       7354.000000    2309.312500
278       7300.000000    2292.687500
374       6595.125000    2048.312500
425       6264.500000    1988.437500
256       6248.250000    1971.375000
348       6109.750000    1933.687500
216       4968.880000    1599.880000
504       4389.250000    1469.000000
219       4137.625000    1362.250000
384       4089.500000    1387.687500
201       3943.500000    1373.187500
427       3885.500000    1320.500000
400       3880.375000    1304.562500
439       3867.250000    1319.687500
18        3855.500000    1345.312500
320       3832.375000    1295.625000
89        3761.875000    1315.437500
Current: [14, 302]
Subround 5
         Timestamp  TS First Frame  TS Prev Frame
Offset                                           
47      24368384.0      47532088.0       662398.5
93      24218880.0      47460529.5       642958.0
14      24408192.0      47754965.0       642660.5
341     24433024.0      47909575.0       618776.0
40      24041088.0      47088833.5       611024.5
222     24616704.0      48030793.5       604920.5
18      24452864.0      47580946.0       601866.0
343     24074752.0      47433257.5       591076.5
9       24259840.0      47679309.0       585965.0
499     24406784.0      47959330.0       584990.0
253     24691072.0      48044576.0       583663.0
114     24371456.0      47886571.5       582857.0
378     24560256.0      47587957.0       578872.0
214     24303616.0      47542767.5       577100.0
61      24475008.0      47621045.0       575438.0
292     24374912.0      47654230.5       572821.0
367     24248576.0      47606460.0       571362.0
436     24551296.0      47762527.5       571162.5
339     24196480.0      47434730.5       570537.5
201     24243712.0      47485696.0       566873.0
              Server1        Server2
Offset                              
14      354333.290323  101595.516129
472      13836.750000    4178.750000
221       7433.000000    2338.812500
252       7354.000000    2309.312500
278       7300.000000    2292.687500
374       6595.125000    2048.312500
425       6264.500000    1988.437500
256       6248.250000    1971.375000
348       6109.750000    1933.687500
216       4968.880000    1599.880000
504       4389.250000    1469.000000
219       4137.625000    1362.250000
384       4089.500000    1387.687500
201       3943.500000    1373.187500
427       3885.500000    1320.500000
400       3880.375000    1304.562500
439       3867.250000    1319.687500
18        3855.500000    1345.312500
320       3832.375000    1295.625000
89        3761.875000    1315.437500
Current: [14]
Subround 6
         Timestamp  TS First Frame  TS Prev Frame
Offset                                           
47      24368384.0      47532088.0       662398.5
93      24218880.0      47460529.5       642958.0
341     24433024.0      47909575.0       618776.0
40      24041088.0      47088833.5       611024.5
222     24616704.0      48030793.5       604920.5
18      24452864.0      47580946.0       601866.0
343     24074752.0      47433257.5       591076.5
14      24404224.0      47723244.0       587444.0
9       24259840.0      47679309.0       585965.0
499     24406784.0      47959330.0       584990.0
253     24691072.0      48044576.0       583663.0
114     24371456.0      47886571.5       582857.0
378     24560256.0      47587957.0       578872.0
214     24303616.0      47542767.5       577100.0
61      24475008.0      47621045.0       575438.0
292     24374912.0      47654230.5       572821.0
367     24248576.0      47606460.0       571362.0
436     24551296.0      47762527.5       571162.5
339     24196480.0      47434730.5       570537.5
201     24243712.0      47485696.0       566873.0
           Server1      Server2
Offset                         
14      354841.750  101737.5625
472      13836.750    4178.7500
221       7433.000    2338.8125
252       7354.000    2309.3125
278       7300.000    2292.6875
374       6595.125    2048.3125
425       6264.500    1988.4375
256       6248.250    1971.3750
348       6109.750    1933.6875
216       4968.880    1599.8800
504       4389.250    1469.0000
219       4137.625    1362.2500
384       4089.500    1387.6875
201       3943.500    1373.1875
427       3885.500    1320.5000
400       3880.375    1304.5625
439       3867.250    1319.6875
18        3855.500    1345.3125
320       3832.375    1295.6250
89        3761.875    1315.4375
Current: [14]
Subround 7
         Timestamp  TS First Frame  TS Prev Frame
Offset                                           
47      24368384.0      47532088.0       662398.5
93      24218880.0      47460529.5       642958.0
14      24408192.0      47754965.0       642660.5
341     24433024.0      47909575.0       618776.0
40      24041088.0      47088833.5       611024.5
222     24616704.0      48030793.5       604920.5
18      24452864.0      47580946.0       601866.0
343     24074752.0      47433257.5       591076.5
9       24259840.0      47679309.0       585965.0
499     24406784.0      47959330.0       584990.0
253     24691072.0      48044576.0       583663.0
114     24371456.0      47886571.5       582857.0
378     24560256.0      47587957.0       578872.0
214     24303616.0      47542767.5       577100.0
61      24475008.0      47621045.0       575438.0
292     24374912.0      47654230.5       572821.0
367     24248576.0      47606460.0       571362.0
436     24551296.0      47762527.5       571162.5
339     24196480.0      47434730.5       570537.5
201     24243712.0      47485696.0       566873.0
              Server1       Server2
Offset                             
14      349933.515152  100330.30303
472      13836.750000    4178.75000
221       7433.000000    2338.81250
252       7354.000000    2309.31250
278       7300.000000    2292.68750
374       6595.125000    2048.31250
425       6264.500000    1988.43750
256       6248.250000    1971.37500
348       6109.750000    1933.68750
216       4968.880000    1599.88000
504       4389.250000    1469.00000
219       4137.625000    1362.25000
384       4089.500000    1387.68750
201       3943.500000    1373.18750
427       3885.500000    1320.50000
400       3880.375000    1304.56250
439       3867.250000    1319.68750
18        3855.500000    1345.31250
320       3832.375000    1295.62500
89        3761.875000    1315.43750
Current: [14]
Subround 8
         Timestamp  TS First Frame  TS Prev Frame
Offset                                           
47      24368384.0      47532088.0       662398.5
93      24218880.0      47460529.5       642958.0
341     24433024.0      47909575.0       618776.0
40      24041088.0      47088833.5       611024.5
222     24616704.0      48030793.5       604920.5
18      24452864.0      47580946.0       601866.0
343     24074752.0      47433257.5       591076.5
14      24404224.0      47723244.0       587444.0
9       24259840.0      47679309.0       585965.0
499     24406784.0      47959330.0       584990.0
253     24691072.0      48044576.0       583663.0
114     24371456.0      47886571.5       582857.0
378     24560256.0      47587957.0       578872.0
214     24303616.0      47542767.5       577100.0
61      24475008.0      47621045.0       575438.0
292     24374912.0      47654230.5       572821.0
367     24248576.0      47606460.0       571362.0
436     24551296.0      47762527.5       571162.5
339     24196480.0      47434730.5       570537.5
201     24243712.0      47485696.0       566873.0
              Server1        Server2
Offset                              
14      356869.117647  102314.941176
472      13836.750000    4178.750000
221       7433.000000    2338.812500
252       7354.000000    2309.312500
278       7300.000000    2292.687500
374       6595.125000    2048.312500
425       6264.500000    1988.437500
256       6248.250000    1971.375000
348       6109.750000    1933.687500
216       4968.880000    1599.880000
504       4389.250000    1469.000000
219       4137.625000    1362.250000
384       4089.500000    1387.687500
201       3943.500000    1373.187500
427       3885.500000    1320.500000
400       3880.375000    1304.562500
439       3867.250000    1319.687500
18        3855.500000    1345.312500
320       3832.375000    1295.625000
89        3761.875000    1315.437500
Current: [14]
         Timestamp  TS First Frame  TS Prev Frame
Offset                                           
47      24368384.0      47532088.0       662398.5
93      24218880.0      47460529.5       642958.0
341     24433024.0      47909575.0       618776.0
40      24041088.0      47088833.5       611024.5
222     24616704.0      48030793.5       604920.5
18      24452864.0      47580946.0       601866.0
343     24074752.0      47433257.5       591076.5
14      24404224.0      47723244.0       587444.0
9       24259840.0      47679309.0       585965.0
499     24406784.0      47959330.0       584990.0
253     24691072.0      48044576.0       583663.0
114     24371456.0      47886571.5       582857.0
378     24560256.0      47587957.0       578872.0
214     24303616.0      47542767.5       577100.0
61      24475008.0      47621045.0       575438.0
292     24374912.0      47654230.5       572821.0
367     24248576.0      47606460.0       571362.0
436     24551296.0      47762527.5       571162.5
339     24196480.0      47434730.5       570537.5
201     24243712.0      47485696.0       566873.0
              Server1        Server2
Offset                              
14      356869.117647  102314.941176
472      13836.750000    4178.750000
221       7433.000000    2338.812500
252       7354.000000    2309.312500
278       7300.000000    2292.687500
374       6595.125000    2048.312500
425       6264.500000    1988.437500
256       6248.250000    1971.375000
348       6109.750000    1933.687500
216       4968.880000    1599.880000
504       4389.250000    1469.000000
219       4137.625000    1362.250000
384       4089.500000    1387.687500
201       3943.500000    1373.187500
427       3885.500000    1320.500000
400       3880.375000    1304.562500
439       3867.250000    1319.687500
18        3855.500000    1345.312500
320       3832.375000    1295.625000
89        3761.875000    1315.437500
Winning offset:
[14]
2021-09-16 19:25:36.218235
2021-09-16 19:30:55.118277
0:05:18.900042
attacker.py:479: DeprecationWarning: The default dtype for empty Series will be 'object' instead of 'float64' in a future version. Specify a dtype explicitly to silence this warning.
  mean1 = pd.Series(values1).mean()
attacker.py:480: DeprecationWarning: The default dtype for empty Series will be 'object' instead of 'float64' in a future version. Specify a dtype explicitly to silence this warning.
  mean2 = pd.Series(values2).mean()
attacker.py:479: DeprecationWarning: The default dtype for empty Series will be 'object' instead of 'float64' in a future version. Specify a dtype explicitly to silence this warning.
  mean1 = pd.Series(values1).mean()
attacker.py:480: DeprecationWarning: The default dtype for empty Series will be 'object' instead of 'float64' in a future version. Specify a dtype explicitly to silence this warning.
  mean2 = pd.Series(values2).mean()
attacker.py:479: DeprecationWarning: The default dtype for empty Series will be 'object' instead of 'float64' in a future version. Specify a dtype explicitly to silence this warning.
  mean1 = pd.Series(values1).mean()
attacker.py:480: DeprecationWarning: The default dtype for empty Series will be 'object' instead of 'float64' in a future version. Specify a dtype explicitly to silence this warning.
  mean2 = pd.Series(values2).mean()
Exception ignored in: <function Capture.__del__ at 0x7fa883ae4670>
Traceback (most recent call last):
  File "/home/mlipp/.virtualenvs/kaslr/lib/python3.8/site-packages/pyshark/capture/capture.py", line 445, in __del__
  File "/home/mlipp/.virtualenvs/kaslr/lib/python3.8/site-packages/pyshark/capture/capture.py", line 436, in close
  File "/usr/lib/python3.8/asyncio/base_events.py", line 592, in run_until_complete
  File "/usr/lib/python3.8/asyncio/base_events.py", line 553, in _check_running
AttributeError: 'NoneType' object has no attribute '_get_running_loop'
