Loading page file profiles/packet3/pages/0x6e4a.yaml
Loading page file profiles/packet3/pages/0x6e60.yaml
Loading page file profiles/packet3/pages/0x6ee3.yaml
Loading page file profiles/packet3/pages/0x7241.yaml
Loading page file profiles/packet3/pages/0x7242.yaml
Loading page file profiles/packet3/pages/0x7243.yaml
Loading page file profiles/packet3/pages/0x7244.yaml
Round 0
Subround 0
Empty DataFrame
Columns: [Timestamp, TS First Frame, TS Prev Frame]
Index: []
         Server1  Server2
Offset                   
14      177318.0  50783.0
416       6570.0   2096.0
310       6554.0   2120.0
448       6432.0   2059.0
270       6412.0   2110.0
362       6382.0   2083.0
292       6192.0   2126.0
311       6172.0   2010.0
454       6124.0   2106.0
323       6086.0   1993.0
446       6042.0   2011.0
312       6034.0   2079.0
203       6002.0   2099.0
384       5986.0   1960.0
432       5872.0   1949.0
462       5870.0   2073.0
372       5840.0   2019.0
179       5816.0   1908.0
208       5756.0   1897.0
283       5746.0   1919.0
Current: [0, 2, 4, 8, 9, 11, 13, 14, 17, 28, 30, 32, 33, 36, 37, 47, 48, 49, 50, 51, 52, 55, 59, 61, 62, 63, 70, 72, 73, 75, 76, 77, 84, 86, 88, 89, 90, 92, 93, 97, 101, 107, 108, 111, 113, 114, 115, 117, 118, 119, 120, 125, 128, 129, 132, 134, 136, 137, 142, 145, 146, 148, 149, 154, 155, 156, 157, 158, 159, 161, 162, 164, 165, 166, 167, 168, 170, 173, 177, 178, 181, 183, 184, 188, 191, 195, 196, 197, 199, 200, 202, 203, 204, 205, 207, 208, 209, 210, 212, 215, 217, 219, 222, 224, 228, 232, 233, 234, 236, 240, 241, 242, 243, 245, 246, 247, 251, 252, 253, 254, 259, 261, 262, 263, 267, 271, 272, 274, 275, 279, 280, 281, 283, 286, 287, 291, 292, 293, 294, 296, 298, 301, 303, 305, 306, 308, 310, 312, 317, 319, 320, 321, 323, 325, 327, 328, 329, 331, 332, 335, 337, 338, 341, 342, 344, 345, 347, 350, 351, 352, 354, 355, 356, 358, 359, 360, 361, 363, 365, 366, 367, 371, 374, 375, 376, 377, 379, 381, 384, 386, 389, 390, 395, 396, 397, 400, 405, 407, 410, 413, 415, 416, 417, 418, 420, 421, 424, 426, 430, 431, 433, 434, 438, 440, 448, 449, 451, 452, 458, 459, 460, 462, 463, 468, 469, 472, 475, 476, 477, 478, 479, 481, 482, 483, 484, 486, 489, 490, 491, 492, 494, 495, 497, 499, 501, 502, 504, 505, 506, 511]
Subround 1
         Timestamp  TS First Frame  TS Prev Frame
Offset                                           
283     24800128.0      48209986.5      1103134.0
62      24716672.0      47980995.0      1030457.5
429     24686976.0      48042571.5      1030250.5
338     26066176.0      50990244.5       943063.0
102     24795520.0      48124914.5       941015.0
217     26174976.0      51211339.5       939017.0
212     24768384.0      48138354.5       929633.0
70      24802944.0      48134407.0       928177.5
292     24985472.0      48391068.0       927314.5
323     24870912.0      48721204.0       926880.0
140     24799104.0      48164716.5       926457.5
108     28449152.0      55220055.0       925796.0
80      24864384.0      48145822.5       924170.5
465     24775040.0      48347871.0       924002.5
192     24935808.0      48595858.0       923182.0
270     26464000.0      51398469.0       922087.5
101     26462592.0      51336545.0       921919.5
398     24927104.0      48201460.0       916865.5
427     28721792.0      56104424.5       913392.0
295     24859392.0      48295776.0       909944.0
         Server1  Server2
Offset                   
14      186386.0  53375.0
267      42461.0  12458.0
429      12080.0   3835.5
382       6374.0   2059.0
384       6362.0   2072.5
323       6123.0   2001.0
292       6068.0   2057.5
427       5922.0   2007.0
362       5815.0   1914.5
192       5768.0   1999.5
281       5754.0   2002.5
432       5599.0   1834.0
354       5541.0   1829.0
270       5518.0   1890.5
70        5513.0   1950.5
374       5475.0   1918.5
153       5456.0   1864.5
134       5427.0   1869.0
195       5415.0   1924.0
338       5372.0   1857.5
Current: [2, 9, 13, 14, 21, 30, 33, 36, 47, 50, 51, 55, 72, 73, 77, 84, 90, 92, 97, 107, 111, 113, 114, 119, 132, 137, 148, 162, 164, 166, 167, 168, 173, 181, 183, 191, 195, 200, 203, 204, 207, 208, 209, 210, 212, 217, 219, 224, 234, 240, 241, 251, 253, 259, 261, 262, 264, 267, 275, 279, 280, 287, 291, 294, 295, 303, 305, 306, 308, 317, 327, 328, 337, 338, 341, 342, 345, 347, 350, 352, 354, 358, 359, 363, 365, 366, 369, 371, 375, 376, 377, 379, 386, 389, 396, 397, 407, 416, 417, 418, 424, 430, 431, 434, 440, 446, 449, 452, 458, 459, 460, 463, 476, 477, 478, 479, 483, 486, 489, 490, 492, 494, 495, 499, 501, 505, 511]
Subround 2
         Timestamp  TS First Frame  TS Prev Frame
Offset                                           
429     24477440.0      47818352.0      1011585.0
62      24382720.0      47767413.0      1010728.0
276     24664576.0      48153296.0       992524.0
468     24762880.0      48080822.0       992009.0
418     24943360.0      48639246.0       984450.0
317     24977408.0      48854589.0       955697.0
269     25022464.0      48908191.0       955675.0
114     24620032.0      48130700.0       950314.0
40      25013504.0      48252312.0       930396.0
461     25383680.0      48874581.0       930118.0
117     25236224.0      48823862.0       929596.0
233     24826624.0      48181372.0       928844.0
445     24985344.0      48362523.0       922570.0
192     24638720.0      47984515.0       919986.0
212     24402176.0      47884540.0       918114.0
465     24413952.0      47935322.0       917802.0
295     24859392.0      48295776.0       909944.0
270     27559168.0      53670331.0       909848.0
24      24521728.0      48115821.0       909800.0
101     25272832.0      49074153.0       909422.0
              Server1       Server2
Offset                             
14      187980.666667  53862.666667
267      30015.333333   8939.000000
429       9432.000000   3021.000000
440       5496.666667   1931.000000
240       5397.333333   1747.666667
282       5378.000000   1780.333333
382       5119.333333   1661.666667
384       5112.666667   1673.333333
292       5078.000000   1697.666667
114       4960.666667   1750.666667
153       4928.000000   1693.333333
323       4886.000000   1596.000000
252       4872.666667   1775.000000
334       4842.666667   1588.333333
192       4798.000000   1652.333333
352       4782.666667   1606.333333
24        4774.666667   1660.000000
177       4772.666667   1639.000000
42        4770.000000   1626.000000
246       4769.333333   1624.666667
Current: [14, 21, 36, 47, 72, 77, 111, 119, 137, 148, 162, 164, 166, 167, 168, 181, 200, 203, 207, 208, 210, 217, 240, 241, 251, 253, 259, 262, 264, 267, 275, 291, 295, 303, 305, 306, 317, 338, 341, 342, 347, 350, 354, 358, 359, 363, 365, 369, 377, 379, 389, 396, 397, 418, 424, 446, 458, 459, 463, 476, 486, 490, 494, 495, 499, 501, 505, 511]
Subround 3
         Timestamp  TS First Frame  TS Prev Frame
Offset                                           
445     25066880.0      48448170.0       929113.0
418     24728320.0      48397413.0       926736.0
269     25048960.0      48935921.5       909135.5
317     25084800.0      48883809.0       908060.5
73      25028608.0      48648163.5       904453.5
47      24458496.0      47761992.0       901842.5
468     24777216.0      48418644.5       901531.5
276     24685440.0      48486042.0       900656.0
114     24803712.0      48152626.5       899019.0
106     24759168.0      48281139.0       898439.5
501     24406272.0      47731819.5       891880.0
386     24735360.0      48354279.5       885383.0
24      24705408.0      48122004.0       874429.5
401     24438784.0      47617291.0       865627.0
279     24464896.0      47684159.0       864993.5
271     24404352.0      47674036.0       864714.0
504     24673536.0      48162627.5       862524.5
85      24795136.0      48352968.0       859460.5
19      24536448.0      47623383.5       858446.0
57      24779648.0      48227985.5       856391.0
         Server1   Server2
Offset                    
14      184249.0  52805.25
267      23829.5   7175.25
488      12028.5   3662.00
429       7692.5   2486.25
255       5400.5   1797.25
282       5230.0   1766.25
440       5112.0   1810.25
352       4889.5   1636.00
240       4867.0   1598.50
345       4860.5   1591.25
246       4849.5   1671.00
73        4837.0   1650.50
334       4780.5   1584.00
269       4748.5   1559.50
410       4747.5   1581.75
264       4734.0   1629.25
384       4730.5   1537.50
114       4719.0   1668.50
292       4712.0   1557.75
24        4675.0   1604.75
Current: [1, 3, 8, 12, 14, 17, 20, 21, 30, 31, 33, 36, 37, 39, 40, 46, 47, 50, 51, 59, 72, 73, 77, 80, 81, 84, 91, 97, 111, 113, 118, 119, 126, 128, 132, 137, 145, 148, 149, 152, 157, 160, 162, 164, 165, 166, 167, 168, 170, 173, 177, 181, 183, 189, 191, 195, 198, 200, 202, 203, 205, 207, 208, 209, 210, 217, 218, 219, 223, 229, 236, 237, 240, 241, 242, 243, 244, 251, 252, 253, 258, 259, 261, 262, 264, 267, 274, 275, 283, 291, 295, 296, 301, 303, 305, 306, 317, 319, 320, 325, 327, 328, 337, 338, 341, 342, 347, 350, 354, 356, 358, 359, 363, 365, 366, 367, 371, 374, 375, 376, 377, 379, 380, 386, 389, 395, 396, 397, 401, 405, 406, 417, 418, 421, 422, 424, 427, 431, 446, 458, 459, 460, 461, 463, 470, 475, 476, 477, 478, 481, 484, 485, 486, 489, 490, 492, 494, 495, 496, 498, 499, 501, 505, 506, 511]
Subround 4
         Timestamp  TS First Frame  TS Prev Frame
Offset                                           
285     24834816.0      48113865.0       959224.0
445     24985344.0      48362523.0       922570.0
118     24728576.0      47875444.0       915155.0
253     24306432.0      47408803.0       914212.0
477     24907008.0      48326047.0       904198.0
95      24558848.0      47804539.0       902327.0
48      24547584.0      47968315.0       898038.0
342     24646656.0      48484693.0       896432.0
15      24619776.0      48230494.0       892771.0
451     24574464.0      48120654.0       892670.0
226     24954112.0      48284954.0       892503.0
106     24612864.0      48108678.0       892063.0
9       24790528.0      48214459.0       891482.0
175     24992512.0      48509879.0       887600.0
73      25022208.0      48585445.0       885797.0
386     24683008.0      48147217.0       879094.0
33      24810752.0      48333879.0       873006.0
418     24513280.0      48155580.0       869022.0
501     24313088.0      47701900.0       863691.0
269     25022464.0      48908191.0       862596.0
         Server1  Server2
Offset                   
14      309343.6  88658.2
267      20160.8   6143.6
341      12369.6   3775.6
488       9985.2   3050.6
429       6595.2   2137.0
255       5063.6   1679.8
345       4723.2   1579.2
410       4721.6   1578.2
282       4670.0   1578.4
261       4662.0   1603.4
334       4574.8   1508.2
352       4538.8   1520.8
89        4518.4   1537.8
440       4511.6   1586.4
489       4456.4   1536.0
9         4431.2   1498.0
292       4426.4   1467.2
253       4372.4   1479.4
235       4364.4   1529.8
246       4363.6   1501.0
Current: [1, 3, 8, 12, 14, 20, 21, 30, 36, 37, 39, 47, 50, 51, 59, 72, 77, 84, 91, 111, 118, 119, 126, 128, 149, 157, 160, 164, 168, 177, 181, 200, 203, 207, 208, 209, 217, 218, 244, 251, 252, 253, 258, 259, 264, 267, 275, 283, 291, 301, 303, 306, 317, 319, 320, 328, 337, 341, 350, 354, 358, 359, 363, 366, 367, 371, 374, 375, 377, 379, 395, 396, 397, 401, 421, 424, 458, 459, 460, 461, 463, 470, 476, 478, 484, 485, 486, 489, 490, 492, 494, 495, 496, 499, 501, 505, 506, 511]
Subround 5
         Timestamp  TS First Frame  TS Prev Frame
Offset                                           
285     24843392.0      48237329.5       983858.5
106     24612864.0      48108678.0       892063.0
294     24493440.0      47705020.0       846059.5
9       24451584.0      47706376.0       840787.5
257     24997888.0      49034241.5       835507.5
479     24447360.0      47799508.5       817946.5
263     24062080.0      47325727.5       817004.0
319     24699136.0      48225469.5       801714.0
104     24639744.0      48219856.0       801426.0
508     24752640.0      48169276.5       792946.0
107     24570752.0      47869823.0       789083.5
265     24336256.0      47677823.5       787296.5
89      24350720.0      47631672.5       787251.5
114     24548736.0      47855304.0       785408.5
48      24542848.0      47805911.0       785372.0
24      24453248.0      47790409.5       783606.5
459     25023872.0      48972908.0       780621.0
510     24841856.0      48575823.0       779472.0
478     24568320.0      47561462.5       779249.0
111     24787200.0      48095100.0       764181.5
              Server1        Server2
Offset                              
14      368400.333333  105753.666667
267      17171.333333    5245.833333
341      11086.000000    3444.333333
488       8689.333333    2675.500000
429       5835.666667    1900.166667
269       4865.666667    1563.333333
261       4779.000000    1625.166667
219       4764.666667    1561.000000
255       4615.333333    1531.000000
80        4522.333333    1484.000000
179       4452.666667    1548.000000
91        4387.333333    1528.500000
292       4379.000000    1451.000000
345       4331.666667    1448.666667
9         4317.000000    1465.500000
410       4306.333333    1442.333333
359       4262.666667    1453.666667
282       4244.666667    1434.500000
89        4208.000000    1431.000000
352       4207.333333    1406.333333
Current: [1, 8, 12, 14, 20, 21, 30, 39, 47, 50, 51, 59, 72, 84, 111, 118, 126, 149, 164, 168, 177, 200, 208, 209, 217, 218, 244, 251, 253, 258, 264, 267, 283, 291, 303, 306, 320, 328, 337, 341, 354, 358, 359, 366, 374, 375, 379, 397, 401, 421, 424, 458, 470, 476, 478, 485, 486, 494, 495, 499, 501, 505]
Subround 6
         Timestamp  TS First Frame  TS Prev Frame
Offset                                           
285     24834816.0      48113865.0       959224.0
311     24498176.0      47503923.0       870421.0
289     24938496.0      48596245.0       842743.0
82      24870400.0      48323382.0       833944.0
306     24882432.0      48377246.0       833935.0
302     24677376.0      48225070.0       831672.0
492     24678144.0      48110554.0       826290.0
126     24416512.0      48292149.0       821494.0
257     24784384.0      48748316.0       819920.0
183     24247808.0      47775624.0       812083.0
104     24565504.0      48142558.0       797568.0
179     24317696.0      47394472.0       794008.0
87      24579328.0      48060964.0       793937.0
9       24790528.0      48214459.0       790093.0
389     24329216.0      47450394.0       785087.0
427     24467712.0      48057675.0       774106.0
265     24335104.0      47670482.0       770357.0
89      24268800.0      47606317.0       769773.0
68      24612352.0      47778913.0       767312.0
498     24334592.0      47699202.0       766530.0
              Server1        Server2
Offset                              
14      422468.857143  121252.857143
267      15126.857143    4629.000000
341      10206.857143    3197.714286
488       8093.428571    2521.428571
429       5355.428571    1746.714286
410       4930.000000    1609.857143
472       4844.285714    1578.000000
80        4526.285714    1494.714286
292       4488.000000    1504.285714
269       4456.000000    1438.428571
261       4433.142857    1505.000000
219       4418.571429    1444.857143
179       4335.142857    1513.142857
427       4321.142857    1476.428571
87        4269.428571    1435.571429
255       4246.857143    1406.000000
448       4232.571429    1424.285714
306       4179.142857    1451.428571
359       4156.857143    1411.000000
432       4149.428571    1393.857143
Current: [1, 8, 12, 14, 20, 21, 22, 30, 36, 37, 39, 44, 46, 47, 50, 51, 59, 62, 72, 77, 84, 86, 93, 98, 111, 118, 126, 136, 145, 146, 149, 160, 164, 168, 171, 177, 181, 185, 191, 200, 208, 209, 217, 218, 223, 235, 244, 251, 252, 253, 258, 262, 264, 267, 278, 283, 291, 292, 298, 303, 305, 306, 320, 321, 323, 328, 331, 336, 337, 341, 342, 344, 354, 358, 359, 366, 367, 371, 374, 375, 379, 395, 397, 401, 410, 415, 417, 421, 424, 438, 450, 451, 458, 460, 461, 463, 470, 475, 476, 478, 485, 486, 489, 494, 495, 499, 501, 505]
Subround 7
         Timestamp  TS First Frame  TS Prev Frame
Offset                                           
427     24718080.0      48304440.5       794272.5
114     24548736.0      47855304.0       780216.0
103     24744320.0      48258863.0       766680.5
24      24453248.0      47790409.5       764162.0
70      24376704.0      47859868.0       748941.0
505     24523392.0      47789577.5       746618.0
285     24722944.0      48001500.5       737756.0
179     24380544.0      47543510.0       735716.0
104     24533632.0      48097546.5       726818.0
389     24278528.0      47436210.0       722648.0
432     24707072.0      48353185.0       715395.5
265     24245760.0      47647953.0       712982.0
121     24340480.0      47363433.0       709592.0
452     24589440.0      48340883.0       683546.5
210     24568448.0      48094146.5       675872.0
311     24450176.0      47651567.0       670821.0
429     24499968.0      47757934.0       668700.5
108     24735104.0      48296526.0       668340.0
89      24259200.0      47602637.0       663631.0
1       24624384.0      48458238.0       659817.5
          Server1     Server2
Offset                       
14      403194.25  115704.500
267      13587.75    4170.250
341       9228.00    2900.125
488       7656.75    2418.625
429       5218.25    1715.375
472       4608.50    1496.500
80        4578.00    1515.625
292       4571.00    1547.750
410       4542.50    1484.250
219       4504.00    1490.250
427       4334.50    1484.125
432       4187.00    1435.875
70        4183.25    1482.875
269       4175.00    1352.125
261       4158.25    1407.875
103       4150.25    1494.500
323       4142.25    1397.125
505       4112.50    1419.875
352       4085.75    1351.500
240       4067.00    1345.375
Current: [1, 8, 12, 14, 20, 21, 22, 30, 36, 39, 44, 46, 47, 50, 51, 59, 62, 72, 86, 98, 118, 126, 136, 145, 146, 149, 164, 168, 171, 177, 185, 208, 218, 244, 253, 258, 264, 267, 278, 283, 291, 292, 298, 305, 306, 321, 328, 331, 337, 341, 354, 359, 366, 374, 375, 379, 397, 401, 415, 421, 424, 438, 450, 458, 470, 476, 478, 494, 495, 499, 505]
Subround 8
         Timestamp  TS First Frame  TS Prev Frame
Offset                                           
285     24611072.0      47889136.0       879707.0
114     24620032.0      48130700.0       837339.0
70      24447232.0      47868129.0       821140.0
257     24732928.0      48291571.0       819920.0
445     24985344.0      48533817.0       816135.0
73      24989440.0      48620236.0       816100.0
427     24857856.0      48418951.0       814439.0
24      24521728.0      48115821.0       800170.0
479     24370688.0      47682385.0       744826.0
294     24407296.0      47369441.0       731493.0
478     24570368.0      47580811.0       723135.0
459     24928768.0      48677660.0       711260.0
494     24407040.0      47495379.0       710266.0
122     24108288.0      47412868.0       709882.0
121     24332288.0      47451153.0       709078.0
44      24351488.0      47714943.0       698264.0
468     24557568.0      48080822.0       694629.0
432     24669184.0      48284587.0       691216.0
62      24382720.0      47392304.0       688994.0
429     24522496.0      47818352.0       688498.0
              Server1        Server2
Offset                              
14      377654.888889  108370.555556
269      19946.666667    5890.000000
267      12645.111111    3913.888889
341       8421.777778    2652.666667
488       7008.888889    2219.777778
429       5272.000000    1735.777778
50        4997.555556    1636.555556
410       4546.666667    1497.666667
219       4519.555556    1513.666667
80        4436.000000    1462.555556
427       4344.888889    1502.000000
292       4300.000000    1450.888889
472       4292.222222    1400.111111
352       4266.888889    1414.000000
70        4170.000000    1477.777778
240       4073.777778    1349.666667
420       4071.555556    1420.222222
282       4033.111111    1357.666667
425       4013.555556    1308.000000
345       4004.888889    1339.777778
Current: [8, 14, 21, 30, 39, 46, 47, 50, 51, 59, 72, 86, 126, 136, 146, 149, 164, 168, 177, 208, 244, 253, 258, 264, 267, 291, 292, 305, 306, 321, 328, 331, 341, 359, 366, 374, 379, 397, 401, 421, 424, 476, 478, 494, 495]
Subround 9
         Timestamp  TS First Frame  TS Prev Frame
Offset                                           
285     24722944.0      48001500.5       890211.0
257     24623104.0      48055043.0       830735.0
294     24416768.0      47594656.0       810103.0
427     24662784.0      48238313.0       794272.5
114     24548736.0      47855304.0       780216.0
459     24781824.0      48459183.0       767647.0
111     24514176.0      47765232.0       764181.5
24      24453248.0      47790409.5       764162.0
85      24225024.0      47295514.0       752953.5
479     24446208.0      47690028.5       740407.5
70      24376704.0      47859868.0       737386.5
104     24533632.0      48097546.5       726818.0
265     24245760.0      47647953.0       712982.0
417     24721792.0      48124028.5       703436.0
421     24560256.0      47508577.5       700017.0
143     24551296.0      47673140.0       689307.0
89      24259200.0      47602637.0       682259.5
478     24631680.0      47681793.0       680657.5
251     24319104.0      47641807.5       680497.5
429     24499968.0      47757934.0       668700.5
         Server1   Server2
Offset                    
14      356751.0  102367.1
269      18292.6    5410.9
267      11718.0    3633.2
341       7786.6    2457.1
488       6495.8    2062.0
429       4931.4    1626.2
50        4815.2    1581.7
410       4740.4    1560.9
219       4305.4    1452.4
472       4239.0    1390.0
352       4209.0    1388.6
80        4199.8    1385.7
257       4127.2    1421.4
427       4117.4    1421.0
261       4082.6    1380.8
292       4056.0    1365.9
320       4043.2    1347.5
359       4038.6    1367.0
369       4036.2    1374.2
272       4035.4    1351.6
Current: [8, 9, 12, 14, 20, 21, 30, 36, 39, 43, 44, 46, 47, 50, 51, 59, 62, 72, 86, 88, 107, 111, 126, 130, 136, 146, 149, 160, 164, 168, 171, 173, 177, 185, 191, 196, 208, 218, 229, 243, 244, 252, 253, 258, 259, 266, 267, 283, 291, 292, 298, 305, 306, 319, 320, 321, 328, 331, 337, 341, 350, 359, 366, 374, 379, 380, 384, 397, 400, 401, 421, 424, 435, 438, 460, 470, 475, 476, 478, 489, 494, 495, 499, 505]
Subround 10
         Timestamp  TS First Frame  TS Prev Frame
Offset                                           
285     24797184.0      48113865.0       879707.0
257     24513280.0      47818515.0       819920.0
104     24565504.0      48142558.0       797568.0
427     24467712.0      48057675.0       774106.0
263     24462336.0      47842944.0       763716.0
41      24576256.0      47911792.0       760374.0
479     24370688.0      47682385.0       735989.0
294     24426240.0      47819871.0       731493.0
24      24384768.0      47464998.0       728154.0
478     24692992.0      47782775.0       723135.0
114     24477440.0      47579908.0       723093.0
359     24141568.0      47298528.0       720331.0
459     24634880.0      48240706.0       711260.0
121     24229120.0      47275713.0       709078.0
261     24676864.0      47850681.0       705875.0
259     24729856.0      48081914.0       701950.0
380     24517888.0      47788426.0       688230.0
9       24729344.0      48100856.0       686540.0
16      24089600.0      47496412.0       679616.0
111     24400640.0      47696601.0       678573.0
              Server1       Server2
Offset                             
14      336361.090909  96521.000000
269      16858.545455   4995.545455
267      10842.181818   3366.727273
341       7256.363636   2293.363636
488       6066.545455   1929.272727
50        4909.090909   1620.727273
429       4665.636364   1538.181818
410       4610.181818   1525.909091
279       4437.454545   1468.727273
472       4242.545455   1414.000000
272       4238.545455   1415.000000
320       4201.454545   1402.090909
219       4143.636364   1395.090909
261       4142.363636   1413.545455
91        4136.545455   1419.181818
359       4093.454545   1386.181818
352       4032.727273   1331.272727
80        4020.727273   1326.818182
185       4009.090909   1321.000000
377       3985.090909   1342.636364
Current: [8, 14, 20, 21, 36, 43, 46, 47, 59, 72, 86, 126, 130, 136, 146, 149, 160, 164, 171, 173, 177, 185, 191, 196, 208, 229, 243, 244, 253, 258, 259, 264, 267, 291, 305, 306, 319, 321, 328, 337, 359, 366, 374, 380, 397, 400, 401, 421, 424, 435, 460, 470, 475, 476, 494, 495]
Subround 11
         Timestamp  TS First Frame  TS Prev Frame
Offset                                           
104     24556416.0      48097546.5       801426.0
259     24763776.0      48104261.0       757360.5
320     24514944.0      47679417.5       748498.0
507     24583040.0      47671978.0       748153.0
263     24550528.0      47848692.5       739777.5
9       24759936.0      48157657.5       738316.5
179     24448256.0      47638210.0       735716.0
389     24278528.0      47436210.0       722648.0
342     24578944.0      47813013.5       713313.0
121     24280704.0      47363433.0       709592.0
380     24544896.0      47905590.5       703427.0
285     24816000.0      48208272.0       697997.5
359     24236928.0      47406935.0       696412.0
478     24635648.0      47924418.5       680657.5
257     24407168.0      47678877.5       679751.0
16      24086528.0      47353384.0       679171.5
10      24605056.0      47899305.0       677837.0
89      24350720.0      47631672.5       677282.0
188     24587776.0      48032944.0       670039.5
98      24465920.0      47843450.0       668288.5
              Server1        Server2
Offset                              
14      353260.500000  101363.750000
269      15619.500000    4635.250000
267      10114.500000    3144.750000
341       7057.500000    2251.666667
488       5698.500000    1815.583333
50        4892.000000    1628.916667
410       4508.000000    1491.833333
429       4428.333333    1462.583333
472       4276.000000    1428.083333
91        4261.833333    1464.750000
320       4257.833333    1433.250000
279       4235.333333    1403.333333
261       4234.500000    1450.833333
272       4146.500000    1388.000000
359       4101.166667    1387.166667
219       4088.666667    1368.583333
363       4032.833333    1357.750000
185       4011.833333    1336.833333
379       4003.833333    1334.250000
263       3899.500000    1390.500000
Current: [14, 20, 36, 43, 46, 47, 72, 130, 136, 149, 164, 173, 177, 208, 243, 253, 258, 259, 291, 305, 306, 328, 359, 366, 374, 380, 400, 401, 421, 424, 460, 470, 476, 494, 495]
Subround 12
         Timestamp  TS First Frame  TS Prev Frame
Offset                                           
342     24610816.0      48016576.0       844466.0
320     24534272.0      47804266.0       841437.0
507     24663808.0      47882458.0       840427.0
385     24455168.0      47682510.0       836642.0
183     24247808.0      47552996.0       812083.0
257     24513280.0      47818515.0       806241.0
91      24724736.0      47880623.0       804439.0
104     24565504.0      48091041.0       799011.0
476     24444672.0      47493354.0       796292.0
259     24797696.0      48126608.0       791446.0
9       24790528.0      48214459.0       790093.0
387     24642304.0      47908008.0       789519.0
389     24329216.0      47450394.0       778906.0
179     24443392.0      47639785.0       776472.0
266     24334080.0      47600017.0       776111.0
442     24161792.0      47425242.0       771963.0
484     24873984.0      48035448.0       769978.0
68      24351232.0      47695625.0       767312.0
498     24303616.0      47489769.0       766530.0
263     24499712.0      47842944.0       763716.0
              Server1        Server2
Offset                              
14      374886.153846  107560.846154
269      14567.538462    4329.692308
267       9488.615385    2952.230769
341       6865.384615    2205.923077
488       5437.692308    1735.153846
50        4947.076923    1657.076923
410       4673.230769    1540.153846
91        4373.846154    1497.923077
320       4358.307692    1476.769231
261       4275.384615    1471.692308
472       4251.538462    1434.153846
429       4228.923077    1398.538462
272       4224.307692    1423.461538
279       4154.769231    1372.538462
359       4124.461538    1407.230769
379       4118.307692    1381.076923
185       4086.923077    1360.692308
306       4086.000000    1410.692308
293       4014.307692    1339.307692
380       4012.923077    1386.153846
Current: [14, 46, 47, 72, 130, 136, 149, 173, 177, 208, 243, 253, 259, 291, 306, 328, 359, 400, 401, 421, 424, 460, 494]
Subround 13
         Timestamp  TS First Frame  TS Prev Frame
Offset                                           
342     24596608.0      47813013.5       851914.0
385     24539520.0      47828059.5       838351.5
183     24285568.0      47527915.5       824340.5
498     24319104.0      47594485.5       820926.5
68      24436352.0      47737269.0       815030.0
91      24793984.0      47934499.0       808790.0
266     24346112.0      47634455.0       806291.0
320     24529024.0      47810925.0       806203.5
476     24485888.0      47663985.5       806087.0
507     24642560.0      47866124.0       804996.0
104     24671616.0      48116799.5       802147.5
387     24681856.0      47991546.0       800484.5
484     24887936.0      48336884.0       796007.5
9       24759936.0      48185851.0       794577.5
442     24406912.0      47631398.0       794564.0
201     24478208.0      47536717.0       786460.0
179     24448256.0      47666166.5       785240.0
306     24533632.0      47963586.5       785028.0
389     24342400.0      47492137.0       781996.5
259     24763776.0      48104261.0       775192.5
              Server1        Server2
Offset                              
14      387683.285714  111215.000000
269      13675.000000    4068.214286
267       8948.000000    2788.428571
341       6725.857143    2167.500000
488       5227.285714    1673.857143
50        5000.571429    1695.071429
70        4792.142857    1592.000000
410       4528.142857    1496.642857
91        4496.857143    1540.928571
320       4412.571429    1494.142857
272       4320.714286    1461.357143
472       4307.000000    1452.142857
261       4304.285714    1495.071429
306       4274.428571    1469.142857
379       4262.142857    1432.785714
263       4176.000000    1479.714286
359       4175.714286    1433.714286
185       4108.428571    1379.071429
293       4098.285714    1367.571429
428       4092.285714    1407.285714
Current: [8, 9, 12, 14, 20, 36, 42, 43, 46, 47, 72, 107, 118, 130, 136, 149, 164, 173, 177, 185, 208, 223, 243, 253, 258, 259, 281, 291, 306, 320, 328, 359, 366, 368, 374, 380, 382, 400, 401, 415, 421, 424, 435, 460, 461, 476, 481, 494, 495, 501]
Subround 14
         Timestamp  TS First Frame  TS Prev Frame
Offset                                           
498     24334592.0      47699202.0       875323.0
68      24521472.0      47778913.0       862748.0
342     24582400.0      47759307.0       844466.0
385     24455168.0      47828857.0       836642.0
411     24408064.0      47499091.0       812350.0
183     24323328.0      47552996.0       812083.0
91      24724736.0      47880623.0       804439.0
104     24565504.0      48091041.0       799011.0
476     24444672.0      47493354.0       796292.0
9       24729344.0      48157243.0       790093.0
387     24642304.0      47908008.0       789519.0
179     24453120.0      47692548.0       788856.0
311     24355840.0      47454669.0       788801.0
306     24311552.0      47771595.0       779916.0
389     24355584.0      47533880.0       778906.0
266     24334080.0      47600017.0       776111.0
196     24236032.0      47462351.0       774516.0
442     24161792.0      47425242.0       771963.0
320     24534272.0      47817584.0       770970.0
484     24873984.0      48035448.0       769978.0
              Server1        Server2
Offset                              
14      398780.800000  114396.066667
269      12918.400000    3849.400000
267       8489.066667    2647.000000
341       6584.266667    2134.266667
488       5170.933333    1672.866667
50        4876.133333    1650.066667
70        4760.933333    1592.733333
410       4442.266667    1465.933333
91        4370.133333    1495.000000
320       4278.400000    1447.333333
272       4258.800000    1433.533333
261       4244.666667    1465.866667
306       4193.200000    1443.466667
379       4191.333333    1407.266667
472       4167.600000    1404.933333
263       4108.133333    1449.266667
363       4091.866667    1387.733333
428       4053.333333    1384.933333
359       4042.000000    1383.800000
179       4035.200000    1412.266667
Current: [9, 12, 14, 36, 43, 46, 72, 118, 136, 149, 164, 173, 177, 208, 223, 243, 253, 258, 259, 281, 291, 306, 320, 328, 366, 374, 380, 400, 401, 421, 424, 460, 461, 476, 494, 501]
Subround 15
         Timestamp  TS First Frame  TS Prev Frame
Offset                                           
183     24414080.0      47664310.0       824340.5
411     24411904.0      47813435.0       822010.0
498     24391936.0      47701145.5       820926.5
68      24566912.0      47840200.5       815030.0
311     24379008.0      47435803.0       814352.0
306     24533632.0      47963586.5       806925.5
104     24556416.0      48071788.0       798289.5
82      24310144.0      48015956.5       797363.5
179     24718080.0      48194230.5       791432.0
196     24219520.0      47444925.0       790792.5
389     24411136.0      47615524.0       781996.5
63      24403840.0      47793098.5       760578.5
413     24725888.0      48286015.0       752949.0
198     24332416.0      47908902.5       750558.0
87      24560896.0      47894719.0       748821.0
263     24537984.0      47848692.5       739777.5
9       24720128.0      48129049.5       738316.5
443     24325760.0      47569396.5       732968.0
259     24624256.0      47998370.0       730444.5
289     24030208.0      47236108.0       730007.0
           Server1      Server2
Offset                         
14      405887.750  116433.7500
269      12250.125    3655.3750
323       8903.875    2715.5625
139       8153.375    2507.1875
267       8125.500    2534.8750
341       6451.375    2104.1875
488       5093.125    1660.9375
70        4805.625    1608.8125
50        4796.375    1618.1875
410       4301.875    1420.5000
91        4263.250    1454.5000
306       4212.125    1449.8750
379       4197.625    1408.0000
363       4168.500    1409.6875
320       4150.375    1403.5000
261       4122.000    1419.7500
272       4121.625    1388.1875
304       4119.000    1403.5625
395       4067.625    1396.1875
331       4065.500    1423.3125
Current: [9, 12, 14, 36, 72, 118, 136, 149, 208, 223, 253, 258, 259, 281, 306, 328, 374, 400, 401, 421, 424, 460, 494, 501]
         Timestamp  TS First Frame  TS Prev Frame
Offset                                           
183     24414080.0      47664310.0       824340.5
411     24411904.0      47813435.0       822010.0
498     24391936.0      47701145.5       820926.5
68      24566912.0      47840200.5       815030.0
311     24379008.0      47435803.0       814352.0
306     24533632.0      47963586.5       806925.5
104     24556416.0      48071788.0       798289.5
82      24310144.0      48015956.5       797363.5
179     24718080.0      48194230.5       791432.0
196     24219520.0      47444925.0       790792.5
389     24411136.0      47615524.0       781996.5
63      24403840.0      47793098.5       760578.5
413     24725888.0      48286015.0       752949.0
198     24332416.0      47908902.5       750558.0
87      24560896.0      47894719.0       748821.0
263     24537984.0      47848692.5       739777.5
9       24720128.0      48129049.5       738316.5
443     24325760.0      47569396.5       732968.0
259     24624256.0      47998370.0       730444.5
289     24030208.0      47236108.0       730007.0
           Server1      Server2
Offset                         
14      405887.750  116433.7500
269      12250.125    3655.3750
323       8903.875    2715.5625
139       8153.375    2507.1875
267       8125.500    2534.8750
341       6451.375    2104.1875
488       5093.125    1660.9375
70        4805.625    1608.8125
50        4796.375    1618.1875
410       4301.875    1420.5000
91        4263.250    1454.5000
306       4212.125    1449.8750
379       4197.625    1408.0000
363       4168.500    1409.6875
320       4150.375    1403.5000
261       4122.000    1419.7500
272       4121.625    1388.1875
304       4119.000    1403.5625
395       4067.625    1396.1875
331       4065.500    1423.3125
New pairs
[[118, 208], [494, 306], [421, 281], [401, 374], [72, 149], [400, 9], [223, 259], [258, 36], [501, 328], [14, 460], [136, 12], [253, 424]]
Round 1
Subround 0
         Timestamp  TS First Frame  TS Prev Frame
Offset                                           
183     24414080.0      47664310.0       824340.5
411     24411904.0      47813435.0       822010.0
498     24391936.0      47701145.5       820926.5
68      24566912.0      47840200.5       815030.0
311     24379008.0      47435803.0       814352.0
306     24697600.0      48155578.0       798354.0
104     24556416.0      48071788.0       798289.5
82      24310144.0      48015956.5       797363.5
179     24718080.0      48194230.5       791432.0
196     24219520.0      47444925.0       790792.5
389     24411136.0      47615524.0       781996.5
63      24403840.0      47793098.5       760578.5
413     24725888.0      48286015.0       752949.0
198     24332416.0      47908902.5       750558.0
87      24560896.0      47894719.0       748821.0
263     24537984.0      47848692.5       739777.5
443     24325760.0      47569396.5       732968.0
289     24030208.0      47236108.0       730007.0
121     24340480.0      47509514.0       723614.5
12      24354560.0      47616427.0       721193.5
              Server1        Server2
Offset                              
14      416733.882353  119549.647059
269      12250.125000    3655.375000
323       8903.875000    2715.562500
139       8153.375000    2507.187500
267       8125.500000    2534.875000
341       6451.375000    2104.187500
488       5093.125000    1660.937500
70        4805.625000    1608.812500
50        4796.375000    1618.187500
410       4301.875000    1420.500000
91        4263.250000    1454.500000
306       4249.882353    1461.470588
379       4197.625000    1408.000000
363       4168.500000    1409.687500
320       4150.375000    1403.500000
261       4122.000000    1419.750000
272       4121.625000    1388.187500
304       4119.000000    1403.562500
395       4067.625000    1396.187500
331       4065.500000    1423.312500
Current: [36, 72, 118, 223, 281, 400, 401, 494]
Subround 1
         Timestamp  TS First Frame  TS Prev Frame
Offset                                           
183     24414080.0      47664310.0       824340.5
411     24411904.0      47813435.0       822010.0
498     24391936.0      47701145.5       820926.5
68      24566912.0      47840200.5       815030.0
311     24379008.0      47435803.0       814352.0
306     24726656.0      48164690.5       808919.0
14      24606464.0      47706627.5       807551.5
104     24556416.0      48071788.0       798289.5
82      24310144.0      48015956.5       797363.5
179     24718080.0      48194230.5       791432.0
196     24219520.0      47444925.0       790792.5
389     24411136.0      47615524.0       781996.5
63      24403840.0      47793098.5       760578.5
413     24725888.0      48286015.0       752949.0
198     24332416.0      47908902.5       750558.0
87      24560896.0      47894719.0       748821.0
263     24537984.0      47848692.5       739777.5
443     24325760.0      47569396.5       732968.0
289     24030208.0      47236108.0       730007.0
121     24340480.0      47509514.0       723614.5
              Server1        Server2
Offset                              
14      424464.333333  121765.722222
269      12250.125000    3655.375000
323       8903.875000    2715.562500
139       8153.375000    2507.187500
267       8125.500000    2534.875000
341       6451.375000    2104.187500
488       5093.125000    1660.937500
70        4805.625000    1608.812500
50        4796.375000    1618.187500
306       4306.666667    1478.500000
410       4301.875000    1420.500000
91        4263.250000    1454.500000
379       4197.625000    1408.000000
363       4168.500000    1409.687500
320       4150.375000    1403.500000
261       4122.000000    1419.750000
272       4121.625000    1388.187500
304       4119.000000    1403.562500
395       4067.625000    1396.187500
331       4065.500000    1423.312500
Current: [12, 36, 72, 223, 253, 460, 494]
Subround 2
         Timestamp  TS First Frame  TS Prev Frame
Offset                                           
183     24414080.0      47664310.0       824340.5
411     24411904.0      47813435.0       822010.0
498     24391936.0      47701145.5       820926.5
68      24566912.0      47840200.5       815030.0
311     24379008.0      47435803.0       814352.0
14      24606464.0      47706627.5       807551.5
306     24697600.0      48155578.0       798354.0
104     24556416.0      48071788.0       798289.5
82      24310144.0      48015956.5       797363.5
179     24718080.0      48194230.5       791432.0
196     24219520.0      47444925.0       790792.5
389     24411136.0      47615524.0       781996.5
63      24403840.0      47793098.5       760578.5
413     24725888.0      48286015.0       752949.0
198     24332416.0      47908902.5       750558.0
87      24560896.0      47894719.0       748821.0
263     24537984.0      47848692.5       739777.5
443     24325760.0      47569396.5       732968.0
289     24030208.0      47236108.0       730007.0
121     24340480.0      47509514.0       723614.5
              Server1        Server2
Offset                              
14      414361.263158  118862.263158
269      12250.125000    3655.375000
323       8903.875000    2715.562500
139       8153.375000    2507.187500
267       8125.500000    2534.875000
341       6451.375000    2104.187500
488       5093.125000    1660.937500
70        4805.625000    1608.812500
50        4796.375000    1618.187500
410       4301.875000    1420.500000
91        4263.250000    1454.500000
379       4197.625000    1408.000000
306       4194.947368    1438.157895
363       4168.500000    1409.687500
320       4150.375000    1403.500000
261       4122.000000    1419.750000
272       4121.625000    1388.187500
304       4119.000000    1403.562500
395       4067.625000    1396.187500
331       4065.500000    1423.312500
Current: [36, 223]
Subround 3
         Timestamp  TS First Frame  TS Prev Frame
Offset                                           
183     24414080.0      47664310.0       824340.5
411     24411904.0      47813435.0       822010.0
498     24391936.0      47701145.5       820926.5
68      24566912.0      47840200.5       815030.0
311     24379008.0      47435803.0       814352.0
104     24556416.0      48071788.0       798289.5
82      24310144.0      48015956.5       797363.5
179     24718080.0      48194230.5       791432.0
196     24219520.0      47444925.0       790792.5
306     24504576.0      47963586.5       789135.0
389     24411136.0      47615524.0       781996.5
14      24585984.0      47667068.0       770288.0
63      24403840.0      47793098.5       760578.5
413     24725888.0      48286015.0       752949.0
198     24332416.0      47908902.5       750558.0
87      24560896.0      47894719.0       748821.0
263     24537984.0      47848692.5       739777.5
9       24720128.0      48129049.5       738316.5
443     24325760.0      47569396.5       732968.0
289     24030208.0      47236108.0       730007.0
           Server1      Server2
Offset                         
14      405979.700  116453.7500
269      12250.125    3655.3750
323       8903.875    2715.5625
139       8153.375    2507.1875
267       8125.500    2534.8750
341       6451.375    2104.1875
488       5093.125    1660.9375
70        4805.625    1608.8125
50        4796.375    1618.1875
410       4301.875    1420.5000
91        4263.250    1454.5000
379       4197.625    1408.0000
363       4168.500    1409.6875
320       4150.375    1403.5000
261       4122.000    1419.7500
272       4121.625    1388.1875
304       4119.000    1403.5625
306       4101.600    1407.3000
395       4067.625    1396.1875
331       4065.500    1423.3125
Current: [72, 208, 223, 401, 494]
Subround 4
         Timestamp  TS First Frame  TS Prev Frame
Offset                                           
183     24414080.0      47664310.0       824340.5
411     24411904.0      47813435.0       822010.0
498     24391936.0      47701145.5       820926.5
68      24566912.0      47840200.5       815030.0
311     24379008.0      47435803.0       814352.0
104     24556416.0      48071788.0       798289.5
82      24310144.0      48015956.5       797363.5
179     24718080.0      48194230.5       791432.0
196     24219520.0      47444925.0       790792.5
389     24411136.0      47615524.0       781996.5
306     24311552.0      47771595.0       779916.0
63      24403840.0      47793098.5       760578.5
413     24725888.0      48286015.0       752949.0
198     24332416.0      47908902.5       750558.0
87      24560896.0      47894719.0       748821.0
263     24537984.0      47848692.5       739777.5
443     24325760.0      47569396.5       732968.0
289     24030208.0      47236108.0       730007.0
121     24340480.0      47509514.0       723614.5
342     24564736.0      47684379.0       713313.0
              Server1        Server2
Offset                              
14      420389.142857  120577.809524
269      12250.125000    3655.375000
323       8903.875000    2715.562500
139       8153.375000    2507.187500
267       8125.500000    2534.875000
341       6451.375000    2104.187500
488       5093.125000    1660.937500
70        4805.625000    1608.812500
50        4796.375000    1618.187500
410       4301.875000    1420.500000
91        4263.250000    1454.500000
379       4197.625000    1408.000000
363       4168.500000    1409.687500
320       4150.375000    1403.500000
261       4122.000000    1419.750000
272       4121.625000    1388.187500
304       4119.000000    1403.562500
395       4067.625000    1396.187500
331       4065.500000    1423.312500
263       4061.250000    1424.687500
Current: [14, 36, 72, 253, 328, 494]
Subround 5
         Timestamp  TS First Frame  TS Prev Frame
Offset                                           
183     24414080.0      47664310.0       824340.5
411     24411904.0      47813435.0       822010.0
498     24391936.0      47701145.5       820926.5
68      24566912.0      47840200.5       815030.0
311     24379008.0      47435803.0       814352.0
104     24556416.0      48071788.0       798289.5
82      24310144.0      48015956.5       797363.5
179     24718080.0      48194230.5       791432.0
196     24219520.0      47444925.0       790792.5
306     24504576.0      47963586.5       789135.0
389     24411136.0      47615524.0       781996.5
14      24585984.0      47667068.0       770288.0
63      24403840.0      47793098.5       760578.5
413     24725888.0      48286015.0       752949.0
198     24332416.0      47908902.5       750558.0
87      24560896.0      47894719.0       748821.0
263     24537984.0      47848692.5       739777.5
443     24325760.0      47569396.5       732968.0
289     24030208.0      47236108.0       730007.0
121     24340480.0      47509514.0       723614.5
              Server1        Server2
Offset                              
14      438761.363636  125850.909091
269      12250.125000    3655.375000
323       8903.875000    2715.562500
139       8153.375000    2507.187500
267       8125.500000    2534.875000
341       6451.375000    2104.187500
488       5093.125000    1660.937500
70        4805.625000    1608.812500
50        4796.375000    1618.187500
410       4301.875000    1420.500000
91        4263.250000    1454.500000
379       4197.625000    1408.000000
363       4168.500000    1409.687500
320       4150.375000    1403.500000
261       4122.000000    1419.750000
272       4121.625000    1388.187500
304       4119.000000    1403.562500
306       4094.727273    1409.772727
395       4067.625000    1396.187500
331       4065.500000    1423.312500
Current: [36, 253, 328]
Subround 6
         Timestamp  TS First Frame  TS Prev Frame
Offset                                           
183     24414080.0      47664310.0       824340.5
411     24411904.0      47813435.0       822010.0
498     24391936.0      47701145.5       820926.5
68      24566912.0      47840200.5       815030.0
311     24379008.0      47435803.0       814352.0
306     24654080.0      47771595.0       798354.0
104     24556416.0      48071788.0       798289.5
82      24310144.0      48015956.5       797363.5
179     24718080.0      48194230.5       791432.0
196     24219520.0      47444925.0       790792.5
389     24411136.0      47615524.0       781996.5
14      24585984.0      47667068.0       770288.0
63      24403840.0      47793098.5       760578.5
413     24725888.0      48286015.0       752949.0
198     24332416.0      47908902.5       750558.0
87      24560896.0      47894719.0       748821.0
263     24537984.0      47848692.5       739777.5
443     24325760.0      47569396.5       732968.0
289     24030208.0      47236108.0       730007.0
121     24340480.0      47509514.0       723614.5
              Server1        Server2
Offset                              
14      427328.521739  122570.608696
269      12250.125000    3655.375000
323       8903.875000    2715.562500
139       8153.375000    2507.187500
267       8125.500000    2534.875000
341       6451.375000    2104.187500
488       5093.125000    1660.937500
70        4805.625000    1608.812500
50        4796.375000    1618.187500
410       4301.875000    1420.500000
91        4263.250000    1454.500000
379       4197.625000    1408.000000
363       4168.500000    1409.687500
320       4150.375000    1403.500000
306       4132.521739    1430.521739
261       4122.000000    1419.750000
272       4121.625000    1388.187500
304       4119.000000    1403.562500
395       4067.625000    1396.187500
331       4065.500000    1423.312500
Current: [14, 36, 253, 328, 421]
Subround 7
         Timestamp  TS First Frame  TS Prev Frame
Offset                                           
183     24414080.0      47664310.0       824340.5
411     24411904.0      47813435.0       822010.0
498     24391936.0      47701145.5       820926.5
68      24566912.0      47840200.5       815030.0
311     24379008.0      47435803.0       814352.0
104     24556416.0      48071788.0       798289.5
82      24310144.0      48015956.5       797363.5
179     24718080.0      48194230.5       791432.0
196     24219520.0      47444925.0       790792.5
306     24482816.0      47616030.0       789135.0
389     24411136.0      47615524.0       781996.5
63      24403840.0      47793098.5       760578.5
413     24725888.0      48286015.0       752949.0
198     24332416.0      47908902.5       750558.0
87      24560896.0      47894719.0       748821.0
263     24537984.0      47848692.5       739777.5
443     24325760.0      47569396.5       732968.0
289     24030208.0      47236108.0       730007.0
121     24340480.0      47509514.0       723614.5
342     24564736.0      47684379.0       713313.0
           Server1      Server2
Offset                         
14      415963.000  119310.0000
269      12250.125    3655.3750
323       8903.875    2715.5625
139       8153.375    2507.1875
267       8125.500    2534.8750
341       6451.375    2104.1875
488       5093.125    1660.9375
70        4805.625    1608.8125
50        4796.375    1618.1875
410       4301.875    1420.5000
91        4263.250    1454.5000
379       4197.625    1408.0000
363       4168.500    1409.6875
320       4150.375    1403.5000
261       4122.000    1419.7500
272       4121.625    1388.1875
304       4119.000    1403.5625
395       4067.625    1396.1875
331       4065.500    1423.3125
263       4061.250    1424.6875
Current: [14, 36, 136, 253, 421]
Subround 8
         Timestamp  TS First Frame  TS Prev Frame
Offset                                           
183     24414080.0      47664310.0       824340.5
411     24411904.0      47813435.0       822010.0
498     24391936.0      47701145.5       820926.5
68      24566912.0      47840200.5       815030.0
311     24379008.0      47435803.0       814352.0
104     24556416.0      48071788.0       798289.5
82      24310144.0      48015956.5       797363.5
179     24718080.0      48194230.5       791432.0
196     24219520.0      47444925.0       790792.5
389     24411136.0      47615524.0       781996.5
306     24311552.0      47460465.0       779916.0
63      24403840.0      47793098.5       760578.5
413     24725888.0      48286015.0       752949.0
198     24332416.0      47908902.5       750558.0
87      24560896.0      47894719.0       748821.0
263     24537984.0      47848692.5       739777.5
443     24325760.0      47569396.5       732968.0
289     24030208.0      47236108.0       730007.0
121     24340480.0      47509514.0       723614.5
342     24564736.0      47684379.0       713313.0
           Server1      Server2
Offset                         
14      407419.760  116854.5200
269      12250.125    3655.3750
323       8903.875    2715.5625
139       8153.375    2507.1875
267       8125.500    2534.8750
341       6451.375    2104.1875
488       5093.125    1660.9375
70        4805.625    1608.8125
50        4796.375    1618.1875
410       4301.875    1420.5000
91        4263.250    1454.5000
379       4197.625    1408.0000
363       4168.500    1409.6875
320       4150.375    1403.5000
261       4122.000    1419.7500
272       4121.625    1388.1875
304       4119.000    1403.5625
395       4067.625    1396.1875
331       4065.500    1423.3125
263       4061.250    1424.6875
Current: [14, 36, 136, 253, 421]
Subround 9
         Timestamp  TS First Frame  TS Prev Frame
Offset                                           
183     24414080.0      47664310.0       824340.5
411     24411904.0      47813435.0       822010.0
498     24391936.0      47701145.5       820926.5
68      24566912.0      47840200.5       815030.0
311     24379008.0      47435803.0       814352.0
104     24556416.0      48071788.0       798289.5
82      24310144.0      48015956.5       797363.5
179     24718080.0      48194230.5       791432.0
196     24219520.0      47444925.0       790792.5
389     24411136.0      47615524.0       781996.5
306     24452096.0      47616030.0       780852.5
63      24403840.0      47793098.5       760578.5
413     24725888.0      48286015.0       752949.0
198     24332416.0      47908902.5       750558.0
87      24560896.0      47894719.0       748821.0
263     24537984.0      47848692.5       739777.5
443     24325760.0      47569396.5       732968.0
289     24030208.0      47236108.0       730007.0
121     24340480.0      47509514.0       723614.5
342     24564736.0      47684379.0       713313.0
              Server1        Server2
Offset                              
14      416069.384615  119324.961538
269      12250.125000    3655.375000
323       8903.875000    2715.562500
139       8153.375000    2507.187500
267       8125.500000    2534.875000
341       6451.375000    2104.187500
488       5093.125000    1660.937500
70        4805.625000    1608.812500
50        4796.375000    1618.187500
410       4301.875000    1420.500000
91        4263.250000    1454.500000
379       4197.625000    1408.000000
363       4168.500000    1409.687500
320       4150.375000    1403.500000
261       4122.000000    1419.750000
272       4121.625000    1388.187500
304       4119.000000    1403.562500
395       4067.625000    1396.187500
331       4065.500000    1423.312500
263       4061.250000    1424.687500
Current: [14, 36, 421]
Subround 10
         Timestamp  TS First Frame  TS Prev Frame
Offset                                           
183     24414080.0      47664310.0       824340.5
411     24411904.0      47813435.0       822010.0
498     24391936.0      47701145.5       820926.5
68      24566912.0      47840200.5       815030.0
311     24379008.0      47435803.0       814352.0
104     24556416.0      48071788.0       798289.5
82      24310144.0      48015956.5       797363.5
179     24718080.0      48194230.5       791432.0
196     24219520.0      47444925.0       790792.5
389     24411136.0      47615524.0       781996.5
306     24592640.0      47771595.0       781789.0
63      24403840.0      47793098.5       760578.5
413     24725888.0      48286015.0       752949.0
198     24332416.0      47908902.5       750558.0
87      24560896.0      47894719.0       748821.0
263     24537984.0      47848692.5       739777.5
443     24325760.0      47569396.5       732968.0
289     24030208.0      47236108.0       730007.0
121     24340480.0      47509514.0       723614.5
342     24564736.0      47684379.0       713313.0
              Server1        Server2
Offset                              
14      422977.481481  121305.518519
269      12250.125000    3655.375000
323       8903.875000    2715.562500
139       8153.375000    2507.187500
267       8125.500000    2534.875000
341       6451.375000    2104.187500
488       5093.125000    1660.937500
70        4805.625000    1608.812500
50        4796.375000    1618.187500
410       4301.875000    1420.500000
91        4263.250000    1454.500000
379       4197.625000    1408.000000
363       4168.500000    1409.687500
320       4150.375000    1403.500000
261       4122.000000    1419.750000
272       4121.625000    1388.187500
304       4119.000000    1403.562500
395       4067.625000    1396.187500
331       4065.500000    1423.312500
263       4061.250000    1424.687500
Current: [14, 36, 136, 253, 421]
Subround 11
         Timestamp  TS First Frame  TS Prev Frame
Offset                                           
183     24414080.0      47664310.0       824340.5
411     24411904.0      47813435.0       822010.0
498     24391936.0      47701145.5       820926.5
68      24566912.0      47840200.5       815030.0
311     24379008.0      47435803.0       814352.0
104     24556416.0      48071788.0       798289.5
82      24310144.0      48015956.5       797363.5
179     24718080.0      48194230.5       791432.0
196     24219520.0      47444925.0       790792.5
389     24411136.0      47615524.0       781996.5
306     24623360.0      47811162.5       780852.5
14      24585984.0      47667068.0       770288.0
63      24403840.0      47793098.5       760578.5
413     24725888.0      48286015.0       752949.0
198     24332416.0      47908902.5       750558.0
87      24560896.0      47894719.0       748821.0
263     24537984.0      47848692.5       739777.5
443     24325760.0      47569396.5       732968.0
289     24030208.0      47236108.0       730007.0
121     24340480.0      47509514.0       723614.5
              Server1        Server2
Offset                              
14      413438.071429  118569.357143
269      12250.125000    3655.375000
323       8903.875000    2715.562500
139       8153.375000    2507.187500
267       8125.500000    2534.875000
341       6451.375000    2104.187500
488       5093.125000    1660.937500
70        4805.625000    1608.812500
50        4796.375000    1618.187500
410       4301.875000    1420.500000
91        4263.250000    1454.500000
379       4197.625000    1408.000000
363       4168.500000    1409.687500
320       4150.375000    1403.500000
261       4122.000000    1419.750000
272       4121.625000    1388.187500
304       4119.000000    1403.562500
395       4067.625000    1396.187500
331       4065.500000    1423.312500
263       4061.250000    1424.687500
Current: [14, 36, 136, 253]
Subround 12
         Timestamp  TS First Frame  TS Prev Frame
Offset                                           
183     24414080.0      47664310.0       824340.5
411     24411904.0      47813435.0       822010.0
498     24391936.0      47701145.5       820926.5
68      24566912.0      47840200.5       815030.0
311     24379008.0      47435803.0       814352.0
104     24556416.0      48071788.0       798289.5
82      24310144.0      48015956.5       797363.5
179     24718080.0      48194230.5       791432.0
196     24219520.0      47444925.0       790792.5
389     24411136.0      47615524.0       781996.5
306     24592640.0      47771595.0       779916.0
63      24403840.0      47793098.5       760578.5
413     24725888.0      48286015.0       752949.0
198     24332416.0      47908902.5       750558.0
87      24560896.0      47894719.0       748821.0
263     24537984.0      47848692.5       739777.5
443     24325760.0      47569396.5       732968.0
289     24030208.0      47236108.0       730007.0
121     24340480.0      47509514.0       723614.5
342     24564736.0      47684379.0       713313.0
           Server1        Server2
Offset                           
14      405620.000  116325.965517
269      12250.125    3655.375000
323       8903.875    2715.562500
139       8153.375    2507.187500
267       8125.500    2534.875000
341       6451.375    2104.187500
488       5093.125    1660.937500
70        4805.625    1608.812500
50        4796.375    1618.187500
410       4301.875    1420.500000
91        4263.250    1454.500000
379       4197.625    1408.000000
363       4168.500    1409.687500
320       4150.375    1403.500000
261       4122.000    1419.750000
272       4121.625    1388.187500
304       4119.000    1403.562500
395       4067.625    1396.187500
331       4065.500    1423.312500
263       4061.250    1424.687500
Current: [14, 36]
Subround 13
         Timestamp  TS First Frame  TS Prev Frame
Offset                                           
183     24414080.0      47664310.0       824340.5
411     24411904.0      47813435.0       822010.0
498     24391936.0      47701145.5       820926.5
68      24566912.0      47840200.5       815030.0
311     24379008.0      47435803.0       814352.0
104     24556416.0      48071788.0       798289.5
82      24310144.0      48015956.5       797363.5
179     24718080.0      48194230.5       791432.0
196     24219520.0      47444925.0       790792.5
389     24411136.0      47615524.0       781996.5
63      24403840.0      47793098.5       760578.5
306     24452096.0      47616030.0       758018.5
413     24725888.0      48286015.0       752949.0
198     24332416.0      47908902.5       750558.0
87      24560896.0      47894719.0       748821.0
263     24537984.0      47848692.5       739777.5
443     24325760.0      47569396.5       732968.0
289     24030208.0      47236108.0       730007.0
121     24340480.0      47509514.0       723614.5
342     24564736.0      47684379.0       713313.0
              Server1        Server2
Offset                              
14      405272.733333  116223.500000
269      12250.125000    3655.375000
323       8903.875000    2715.562500
139       8153.375000    2507.187500
267       8125.500000    2534.875000
9         7417.600000    2361.933333
341       6451.375000    2104.187500
488       5093.125000    1660.937500
70        4805.625000    1608.812500
50        4796.375000    1618.187500
410       4301.875000    1420.500000
91        4263.250000    1454.500000
379       4197.625000    1408.000000
363       4168.500000    1409.687500
320       4150.375000    1403.500000
261       4122.000000    1419.750000
272       4121.625000    1388.187500
304       4119.000000    1403.562500
395       4067.625000    1396.187500
331       4065.500000    1423.312500
Current: [14]
Subround 14
         Timestamp  TS First Frame  TS Prev Frame
Offset                                           
183     24414080.0      47664310.0       824340.5
411     24411904.0      47813435.0       822010.0
498     24391936.0      47701145.5       820926.5
68      24566912.0      47840200.5       815030.0
311     24379008.0      47435803.0       814352.0
104     24556416.0      48071788.0       798289.5
82      24310144.0      48015956.5       797363.5
179     24718080.0      48194230.5       791432.0
196     24219520.0      47444925.0       790792.5
389     24411136.0      47615524.0       781996.5
63      24403840.0      47793098.5       760578.5
413     24725888.0      48286015.0       752949.0
198     24332416.0      47908902.5       750558.0
87      24560896.0      47894719.0       748821.0
263     24537984.0      47848692.5       739777.5
306     24311552.0      47460465.0       736121.0
443     24325760.0      47569396.5       732968.0
289     24030208.0      47236108.0       730007.0
121     24340480.0      47509514.0       723614.5
342     24564736.0      47684379.0       713313.0
              Server1        Server2
Offset                              
14      409340.000000  117386.354839
269      12250.125000    3655.375000
323       8903.875000    2715.562500
139       8153.375000    2507.187500
267       8125.500000    2534.875000
9         7232.193548    2303.225806
341       6451.375000    2104.187500
488       5093.125000    1660.937500
70        4805.625000    1608.812500
50        4796.375000    1618.187500
410       4301.875000    1420.500000
91        4263.250000    1454.500000
379       4197.625000    1408.000000
363       4168.500000    1409.687500
320       4150.375000    1403.500000
261       4122.000000    1419.750000
272       4121.625000    1388.187500
304       4119.000000    1403.562500
395       4067.625000    1396.187500
331       4065.500000    1423.312500
Current: [14]
Subround 15
         Timestamp  TS First Frame  TS Prev Frame
Offset                                           
183     24414080.0      47664310.0       824340.5
411     24411904.0      47813435.0       822010.0
498     24391936.0      47701145.5       820926.5
68      24566912.0      47840200.5       815030.0
311     24379008.0      47435803.0       814352.0
104     24556416.0      48071788.0       798289.5
82      24310144.0      48015956.5       797363.5
179     24718080.0      48194230.5       791432.0
196     24219520.0      47444925.0       790792.5
389     24411136.0      47615524.0       781996.5
63      24403840.0      47793098.5       760578.5
306     24452096.0      47616030.0       758018.5
413     24725888.0      48286015.0       752949.0
198     24332416.0      47908902.5       750558.0
87      24560896.0      47894719.0       748821.0
263     24537984.0      47848692.5       739777.5
443     24325760.0      47569396.5       732968.0
289     24030208.0      47236108.0       730007.0
121     24340480.0      47509514.0       723614.5
342     24564736.0      47684379.0       713313.0
            Server1       Server2
Offset                           
14      403382.8125  115675.96875
269      12250.1250    3655.37500
323       8903.8750    2715.56250
139       8153.3750    2507.18750
267       8125.5000    2534.87500
9         7065.1875    2251.81250
341       6451.3750    2104.18750
488       5093.1250    1660.93750
70        4805.6250    1608.81250
50        4796.3750    1618.18750
410       4301.8750    1420.50000
91        4263.2500    1454.50000
379       4197.6250    1408.00000
363       4168.5000    1409.68750
320       4150.3750    1403.50000
261       4122.0000    1419.75000
272       4121.6250    1388.18750
304       4119.0000    1403.56250
395       4067.6250    1396.18750
331       4065.5000    1423.31250
Current: [14]
Subround 16
         Timestamp  TS First Frame  TS Prev Frame
Offset                                           
183     24414080.0      47664310.0       824340.5
411     24411904.0      47813435.0       822010.0
498     24391936.0      47701145.5       820926.5
68      24566912.0      47840200.5       815030.0
311     24379008.0      47435803.0       814352.0
104     24556416.0      48071788.0       798289.5
82      24310144.0      48015956.5       797363.5
179     24718080.0      48194230.5       791432.0
196     24219520.0      47444925.0       790792.5
389     24411136.0      47615524.0       781996.5
63      24403840.0      47793098.5       760578.5
413     24725888.0      48286015.0       752949.0
198     24332416.0      47908902.5       750558.0
87      24560896.0      47894719.0       748821.0
263     24537984.0      47848692.5       739777.5
306     24311552.0      47460465.0       736121.0
443     24325760.0      47569396.5       732968.0
289     24030208.0      47236108.0       730007.0
121     24340480.0      47509514.0       723614.5
342     24564736.0      47684379.0       713313.0
              Server1        Server2
Offset                              
14      397543.696970  113997.696970
269      12250.125000    3655.375000
323       8903.875000    2715.562500
139       8153.375000    2507.187500
267       8125.500000    2534.875000
9         7008.727273    2242.848485
341       6451.375000    2104.187500
488       5093.125000    1660.937500
70        4805.625000    1608.812500
50        4796.375000    1618.187500
410       4301.875000    1420.500000
91        4263.250000    1454.500000
379       4197.625000    1408.000000
363       4168.500000    1409.687500
320       4150.375000    1403.500000
261       4122.000000    1419.750000
272       4121.625000    1388.187500
304       4119.000000    1403.562500
395       4067.625000    1396.187500
331       4065.500000    1423.312500
Current: [14]
         Timestamp  TS First Frame  TS Prev Frame
Offset                                           
183     24414080.0      47664310.0       824340.5
411     24411904.0      47813435.0       822010.0
498     24391936.0      47701145.5       820926.5
68      24566912.0      47840200.5       815030.0
311     24379008.0      47435803.0       814352.0
104     24556416.0      48071788.0       798289.5
82      24310144.0      48015956.5       797363.5
179     24718080.0      48194230.5       791432.0
196     24219520.0      47444925.0       790792.5
389     24411136.0      47615524.0       781996.5
63      24403840.0      47793098.5       760578.5
413     24725888.0      48286015.0       752949.0
198     24332416.0      47908902.5       750558.0
87      24560896.0      47894719.0       748821.0
263     24537984.0      47848692.5       739777.5
306     24311552.0      47460465.0       736121.0
443     24325760.0      47569396.5       732968.0
289     24030208.0      47236108.0       730007.0
121     24340480.0      47509514.0       723614.5
342     24564736.0      47684379.0       713313.0
              Server1        Server2
Offset                              
14      397543.696970  113997.696970
269      12250.125000    3655.375000
323       8903.875000    2715.562500
139       8153.375000    2507.187500
267       8125.500000    2534.875000
9         7008.727273    2242.848485
341       6451.375000    2104.187500
488       5093.125000    1660.937500
70        4805.625000    1608.812500
50        4796.375000    1618.187500
410       4301.875000    1420.500000
91        4263.250000    1454.500000
379       4197.625000    1408.000000
363       4168.500000    1409.687500
320       4150.375000    1403.500000
261       4122.000000    1419.750000
272       4121.625000    1388.187500
304       4119.000000    1403.562500
395       4067.625000    1396.187500
331       4065.500000    1423.312500
Winning offset:
[14]
2021-09-16 21:15:43.762602
2021-09-16 21:21:06.302829
0:05:22.540227
attacker.py:479: DeprecationWarning: The default dtype for empty Series will be 'object' instead of 'float64' in a future version. Specify a dtype explicitly to silence this warning.
  mean1 = pd.Series(values1).mean()
attacker.py:480: DeprecationWarning: The default dtype for empty Series will be 'object' instead of 'float64' in a future version. Specify a dtype explicitly to silence this warning.
  mean2 = pd.Series(values2).mean()
attacker.py:479: DeprecationWarning: The default dtype for empty Series will be 'object' instead of 'float64' in a future version. Specify a dtype explicitly to silence this warning.
  mean1 = pd.Series(values1).mean()
attacker.py:480: DeprecationWarning: The default dtype for empty Series will be 'object' instead of 'float64' in a future version. Specify a dtype explicitly to silence this warning.
  mean2 = pd.Series(values2).mean()
Exception ignored in: <function Capture.__del__ at 0x7fe093632670>
Traceback (most recent call last):
  File "/home/mlipp/.virtualenvs/kaslr/lib/python3.8/site-packages/pyshark/capture/capture.py", line 445, in __del__
  File "/home/mlipp/.virtualenvs/kaslr/lib/python3.8/site-packages/pyshark/capture/capture.py", line 436, in close
  File "/usr/lib/python3.8/asyncio/base_events.py", line 592, in run_until_complete
  File "/usr/lib/python3.8/asyncio/base_events.py", line 553, in _check_running
AttributeError: 'NoneType' object has no attribute '_get_running_loop'
