Loading page file profiles/packet3/pages/0x6e4a.yaml
Loading page file profiles/packet3/pages/0x6e60.yaml
Loading page file profiles/packet3/pages/0x6ee3.yaml
Loading page file profiles/packet3/pages/0x7241.yaml
Loading page file profiles/packet3/pages/0x7242.yaml
Loading page file profiles/packet3/pages/0x7243.yaml
Loading page file profiles/packet3/pages/0x7244.yaml
Round 0
Subround 0
Empty DataFrame
Columns: [Timestamp, TS First Frame, TS Prev Frame]
Index: []
         Server1  Server2
Offset                   
14      173368.0  49714.0
340     130060.0  37649.0
420       6506.0   2139.0
379       6376.0   2171.0
389       6278.0   2083.0
192       6262.0   2250.0
491       6234.0   2066.0
223       6190.0   2006.0
226       6190.0   2119.0
169       6172.0   2010.0
274       6040.0   2079.0
224       6034.0   1958.0
120       6024.0   2148.0
50        6012.0   2131.0
190       6012.0   2008.0
9         5856.0   2035.0
401       5824.0   1905.0
203       5816.0   1910.0
351       5788.0   1908.0
187       5748.0   1889.0
Current: [7, 8, 10, 13, 14, 18, 24, 25, 27, 29, 31, 33, 34, 35, 37, 41, 43, 44, 45, 46, 47, 50, 53, 54, 55, 56, 57, 61, 62, 64, 65, 67, 72, 73, 74, 76, 77, 84, 85, 87, 88, 89, 92, 93, 100, 102, 103, 106, 107, 108, 110, 111, 114, 115, 116, 119, 120, 123, 125, 127, 128, 129, 130, 132, 133, 134, 135, 138, 139, 142, 145, 146, 150, 151, 152, 153, 157, 163, 166, 171, 175, 177, 178, 181, 184, 186, 188, 190, 191, 192, 195, 196, 197, 199, 200, 203, 208, 209, 210, 211, 214, 216, 218, 219, 225, 226, 229, 231, 233, 234, 237, 238, 239, 240, 242, 244, 247, 248, 252, 257, 259, 260, 261, 262, 263, 264, 265, 266, 267, 269, 272, 274, 276, 278, 280, 282, 284, 285, 290, 291, 292, 294, 295, 296, 297, 298, 302, 305, 307, 308, 309, 312, 313, 316, 320, 321, 323, 324, 326, 329, 334, 338, 339, 341, 342, 343, 344, 346, 348, 349, 351, 357, 361, 363, 364, 366, 367, 368, 369, 371, 373, 374, 376, 377, 381, 382, 383, 392, 393, 395, 398, 399, 400, 403, 404, 405, 406, 410, 412, 413, 414, 415, 417, 419, 421, 422, 423, 424, 427, 428, 430, 431, 433, 434, 436, 438, 439, 440, 443, 446, 447, 448, 452, 453, 454, 458, 463, 465, 466, 467, 468, 471, 472, 473, 476, 477, 479, 481, 482, 486, 487, 489, 491, 494, 495, 496, 499, 500, 501, 506, 509, 510]
Subround 1
         Timestamp  TS First Frame  TS Prev Frame
Offset                                           
482     24842240.0      47970508.0      1035098.5
388     24698496.0      47908455.0      1035072.5
196     24697216.0      48366909.5       950730.0
87      24798848.0      48261983.5       950332.0
240     24682368.0      48085875.0       939034.0
489     24557696.0      48019622.5       935900.0
107     24764672.0      48371685.5       932914.0
504     24637312.0      48055985.5       923119.5
48      24790144.0      48159676.0       912074.0
477     24612992.0      48010947.5       911933.5
45      24607488.0      47918482.5       911305.0
420     24701696.0      47846822.5       911182.0
290     24111744.0      46865753.5       909219.5
332     24764928.0      48133309.5       900549.0
329     24588416.0      47647899.0       896848.0
25      24827520.0      48063785.0       890349.0
112     24725760.0      48177682.0       889393.5
208     24774784.0      48458190.0       888093.0
152     24822272.0      48112439.0       887990.0
493     24660736.0      48050824.0       887023.0
         Server1   Server2
Offset                    
14      364141.0  104348.5
340      67593.0   19682.5
192       5729.0    2066.5
290       5548.0    1939.5
420       5500.0    1900.5
240       5378.0    1894.5
120       5365.0    1920.0
208       5217.0    1749.0
251       5204.0    1702.5
416       5193.0    1849.5
61        5112.0    1744.5
256       5095.0    1822.5
223       5054.0    1708.0
45        5026.0    1737.0
201       5019.0    1700.0
48        5007.0    1786.5
107       4988.0    1772.0
112       4946.0    1753.0
329       4919.0    1779.5
395       4909.0    1772.5
Current: [7, 8, 13, 18, 29, 34, 35, 37, 41, 46, 47, 56, 57, 64, 67, 72, 73, 74, 76, 84, 87, 89, 106, 107, 108, 110, 115, 116, 119, 120, 123, 125, 127, 128, 133, 134, 135, 138, 142, 145, 146, 151, 152, 157, 166, 178, 184, 186, 192, 196, 197, 200, 203, 209, 210, 211, 214, 216, 217, 219, 225, 229, 234, 238, 239, 252, 261, 264, 265, 267, 269, 272, 274, 284, 285, 290, 291, 292, 294, 296, 302, 305, 308, 313, 316, 320, 324, 329, 338, 342, 343, 344, 346, 348, 351, 361, 363, 366, 367, 368, 369, 373, 376, 377, 381, 393, 399, 404, 405, 406, 410, 412, 417, 419, 422, 423, 426, 427, 431, 433, 434, 438, 440, 443, 447, 448, 452, 453, 454, 466, 468, 477, 478, 486, 491, 494, 499, 500, 509, 510]
Subround 2
         Timestamp  TS First Frame  TS Prev Frame
Offset                                           
281     24451072.0      47904863.0       937615.0
240     24335872.0      47503663.0       929735.0
388     24366336.0      47212291.0       927215.0
482     25125376.0      48658304.0       926330.0
504     24371968.0      47689138.0       912653.0
489     24333056.0      47694198.0       907608.0
45      24492544.0      47765449.0       907211.0
420     24584448.0      47696050.0       906316.0
87      24347904.0      47649964.0       901342.0
107     24456704.0      47789462.0       879366.0
278     24471040.0      47840261.0       877958.0
477     24312320.0      47800433.0       873842.0
125     24741888.0      48178141.0       871613.0
290     24135424.0      46965959.0       866040.0
196     24782080.0      48582149.0       865706.0
48      24395008.0      47415149.0       860316.0
1       24683520.0      47962122.0       859401.0
151     24954880.0      48981263.0       856781.0
152     24708352.0      47783148.0       852213.0
493     24553984.0      47731448.0       850449.0
              Server1        Server2
Offset                              
14      424285.333333  121634.666667
340      45759.333333   13346.000000
89        4622.000000    1618.333333
416       4591.333333    1592.666667
208       4526.666667    1500.000000
192       4526.000000    1619.666667
357       4499.333333    1495.666667
290       4463.333333    1540.666667
201       4362.666667    1462.000000
332       4360.666667    1541.000000
420       4346.000000    1487.666667
240       4342.666667    1514.333333
107       4255.333333    1479.333333
227       4253.333333    1464.666667
288       4248.000000    1455.666667
298       4226.666667    1433.000000
167       4216.000000    1488.000000
284       4178.666667    1503.333333
151       4174.666667    1431.666667
120       4174.666667    1475.000000
Current: [35, 47, 56, 64, 72, 73, 76, 84, 106, 116, 119, 123, 127, 142, 145, 146, 151, 152, 184, 186, 192, 203, 209, 210, 211, 214, 217, 219, 229, 238, 252, 261, 265, 267, 272, 274, 284, 285, 292, 296, 329, 338, 342, 348, 351, 366, 369, 373, 376, 377, 381, 393, 406, 410, 417, 422, 423, 426, 440, 443, 448, 454, 466, 468, 477, 510]
Subround 3
         Timestamp  TS First Frame  TS Prev Frame
Offset                                           
406     24957696.0      48607018.5       946278.5
290     24181504.0      47332431.5       901852.0
420     24701696.0      47846822.5       880079.5
45      24607488.0      47918482.5       876939.5
196     24752256.0      48366909.5       864759.5
395     24520064.0      47712855.5       856257.0
160     24565632.0      48144480.0       856254.5
151     25020416.0      48923622.0       855277.5
222     25094400.0      48861648.5       854909.5
125     24740864.0      47886208.0       844769.0
202     24615808.0      48184549.0       839261.5
488     24470016.0      47748163.5       821509.0
1       24649472.0      47502721.0       820978.0
86      24465664.0      47608551.0       817684.5
388     24386304.0      47598624.0       809452.5
309     24457984.0      47360991.0       806123.5
412     24685184.0      47869701.5       805040.5
338     24330880.0      47458486.0       794664.0
482     24842240.0      48354884.5       793780.5
172     24441728.0      47759631.5       792080.5
         Server1    Server2
Offset                     
14      366562.5  105098.50
340      35386.0   10394.25
420       4859.5    1634.50
192       4766.5    1690.50
274       4636.5    1560.50
290       4623.5    1599.75
222       4536.0    1572.25
201       4534.5    1583.50
105       4462.5    1563.75
395       4445.0    1593.00
397       4389.0    1522.75
108       4380.0    1524.25
134       4348.0    1461.25
45        4327.0    1520.25
266       4317.5    1458.50
298       4315.5    1490.25
316       4309.5    1421.50
363       4281.0    1492.25
345       4256.5    1421.25
338       4234.0    1514.50
Current: [0, 7, 8, 14, 15, 24, 28, 34, 35, 38, 47, 50, 56, 62, 64, 72, 73, 74, 76, 77, 84, 86, 101, 102, 106, 107, 108, 110, 116, 119, 123, 127, 128, 135, 137, 138, 142, 145, 146, 150, 151, 152, 154, 166, 169, 172, 178, 181, 184, 186, 192, 196, 197, 199, 203, 205, 209, 210, 211, 213, 214, 216, 217, 218, 219, 225, 228, 229, 232, 234, 238, 241, 244, 252, 261, 262, 265, 267, 272, 274, 278, 284, 285, 287, 290, 291, 292, 294, 296, 302, 305, 306, 315, 316, 329, 333, 334, 338, 339, 342, 343, 344, 348, 351, 358, 365, 366, 367, 368, 369, 373, 376, 377, 380, 381, 388, 393, 398, 399, 403, 405, 406, 410, 412, 414, 416, 417, 419, 420, 422, 423, 426, 428, 431, 433, 434, 435, 436, 438, 440, 443, 448, 453, 454, 458, 466, 468, 471, 477, 481, 484, 486, 487, 488, 491, 494, 499, 500, 501, 502, 508, 509, 510]
Subround 4
         Timestamp  TS First Frame  TS Prev Frame
Offset                                           
150     25098240.0      48557249.0       914014.0
356     24986880.0      48919690.0       911614.0
172     24636672.0      48036754.0       902851.0
406     25012736.0      48411992.0       892091.0
489     24666368.0      47912436.0       890630.0
244     24980992.0      48866112.0       889438.0
290     24227584.0      47243334.0       887866.0
504     24371968.0      47689138.0       887106.0
263     24545280.0      48111051.0       885371.0
384     24359168.0      47374138.0       879632.0
477     24312320.0      47753134.0       873842.0
488     24463104.0      47538624.0       870160.0
395     24534272.0      47822662.0       869692.0
196     24782080.0      48582149.0       865706.0
45      24722432.0      48071516.0       858281.0
106     25021184.0      48353247.0       853952.0
420     24818944.0      47997595.0       853843.0
151     24954880.0      48865981.0       853774.0
148     25308160.0      49125039.0       851933.0
240     24335872.0      47420567.0       849749.0
         Server1   Server2
Offset                    
14      360237.2  103273.2
340      29379.2    8678.0
290       4942.0    1687.8
420       4892.4    1638.8
192       4875.2    1707.2
201       4717.6    1655.8
395       4706.0    1659.0
150       4600.8    1609.6
384       4535.6    1563.2
491       4454.4    1531.2
266       4406.4    1498.8
316       4392.4    1477.8
45        4383.2    1555.0
427       4356.0    1500.2
412       4314.8    1578.0
202       4314.8    1516.8
249       4313.6    1490.6
240       4276.0    1489.2
233       4266.0    1440.4
345       4225.2    1412.2
Current: [7, 14, 15, 24, 28, 35, 64, 73, 76, 86, 101, 102, 106, 107, 108, 116, 123, 142, 145, 154, 166, 169, 172, 186, 197, 203, 205, 209, 210, 211, 213, 216, 217, 218, 219, 228, 229, 232, 238, 261, 262, 267, 272, 274, 278, 287, 290, 291, 292, 296, 305, 316, 333, 338, 339, 342, 348, 351, 358, 366, 368, 369, 373, 381, 388, 393, 398, 403, 405, 410, 412, 419, 423, 426, 428, 435, 436, 438, 440, 443, 448, 454, 458, 466, 468, 477, 478, 481, 484, 491, 494, 499, 500, 501, 509]
Subround 5
         Timestamp  TS First Frame  TS Prev Frame
Offset                                           
489     24724352.0      48128741.5       899119.0
504     24471296.0      47833653.5       898719.5
290     24181504.0      47347504.5       876953.0
196     24752256.0      48366909.5       864759.5
395     24508288.0      47766210.5       856257.0
45      24607488.0      47918482.5       852474.5
420     24970112.0      48481625.0       845384.5
125     24742912.0      48470074.0       844769.0
477     24493312.0      47776783.5       843079.5
202     24615808.0      48184549.0       839261.5
152     24556800.0      47811874.0       822501.5
493     24456832.0      47599364.5       822149.5
488     24449280.0      47487479.0       821509.0
1       24717568.0      48421523.0       820978.0
412     24685184.0      47946227.0       805040.5
88      24332800.0      47559132.0       802266.0
288     24624768.0      47904533.0       797674.0
172     24441728.0      47759631.5       792080.5
239     24397184.0      47624553.5       790031.5
107     24524160.0      47763210.5       785656.0
              Server1        Server2
Offset                              
14      401200.000000  115028.500000
340      24832.000000    7349.666667
290       4503.000000    1530.333333
395       4458.666667    1555.166667
192       4453.333333    1551.333333
420       4396.666667    1474.666667
201       4338.333333    1515.833333
48        4319.333333    1513.000000
277       4306.333333    1447.000000
167       4300.666667    1489.166667
256       4202.000000    1454.666667
384       4196.333333    1442.500000
150       4120.333333    1442.666667
203       4108.333333    1416.833333
61        4107.000000    1423.166667
491       4096.333333    1405.500000
233       4093.666667    1378.333333
316       4070.333333    1362.333333
357       4067.000000    1349.666667
240       4055.000000    1400.166667
Current: [15, 28, 35, 64, 76, 101, 102, 106, 107, 116, 145, 154, 169, 186, 197, 203, 205, 209, 213, 216, 218, 219, 228, 229, 238, 261, 262, 272, 278, 290, 291, 292, 305, 333, 338, 339, 348, 358, 366, 368, 369, 373, 398, 410, 426, 428, 436, 438, 440, 443, 448, 454, 458, 477, 484, 491, 499, 500, 509]
Subround 6
         Timestamp  TS First Frame  TS Prev Frame
Offset                                           
489     24666368.0      47912436.0       890630.0
504     24371968.0      47689138.0       887106.0
290     24211456.0      47451675.0       866040.0
196     24722432.0      48151670.0       863813.0
45      24492544.0      47765449.0       846668.0
395     24482304.0      47709759.0       842822.0
420     24818944.0      47997595.0       836926.0
202     24620032.0      48221546.0       835416.0
477     24312320.0      47753134.0       812317.0
125     24741888.0      48178141.0       801479.5
412     24527616.0      47625392.0       796526.0
493     24553984.0      47731448.0       793850.0
152     24405248.0      47783148.0       792790.0
1       24683520.0      47962122.0       788779.5
88      24349952.0      47637320.0       785369.0
288     24505088.0      47855047.0       781354.0
488     24463104.0      47538624.0       772858.0
239     24345088.0      47509278.0       772287.0
259     24609792.0      47901405.0       771591.0
254     24370432.0      47523365.0       761599.0
              Server1        Server2
Offset                              
14      371278.857143  106444.000000
340      21744.285714    6441.285714
290       4162.857143    1413.285714
420       4144.571429    1385.142857
201       4136.857143    1436.428571
277       4123.714286    1379.857143
395       4123.714286    1434.714286
192       4122.571429    1431.571429
48        4076.857143    1420.000000
240       4007.714286    1366.142857
167       3983.428571    1371.285714
203       3969.428571    1357.571429
61        3964.571429    1362.571429
284       3956.857143    1395.714286
357       3956.571429    1322.000000
233       3943.714286    1321.714286
384       3942.571429    1348.285714
267       3920.285714    1319.571429
256       3903.428571    1349.142857
150       3896.000000    1355.857143
Current: [14, 15, 24, 27, 28, 35, 41, 53, 62, 64, 71, 76, 82, 88, 91, 99, 101, 102, 106, 107, 115, 116, 119, 124, 129, 142, 145, 152, 154, 169, 172, 177, 178, 182, 184, 186, 196, 197, 200, 203, 205, 209, 210, 211, 213, 216, 217, 218, 219, 228, 229, 232, 234, 238, 261, 262, 266, 272, 274, 277, 278, 284, 286, 290, 291, 292, 296, 302, 305, 316, 329, 333, 338, 339, 342, 347, 350, 358, 365, 366, 367, 368, 369, 370, 373, 382, 383, 385, 393, 397, 398, 404, 405, 406, 410, 414, 419, 423, 426, 428, 431, 434, 435, 436, 438, 440, 443, 448, 452, 454, 458, 460, 466, 468, 472, 477, 484, 487, 491, 494, 499, 500, 501, 509]
Subround 7
         Timestamp  TS First Frame  TS Prev Frame
Offset                                           
420     24725376.0      48042761.5       823353.5
239     24397184.0      47624553.5       790031.5
254     24417920.0      47656878.0       777009.0
125     24742912.0      48470074.0       758190.0
1       24649472.0      47502721.0       756581.0
45      24488448.0      47918482.5       728704.0
455     24375936.0      47665274.5       694112.0
475     24990208.0      48528741.0       685230.5
488     24449280.0      47487479.0       672656.5
395     24406016.0      47624728.5       666712.5
145     24269312.0      47427631.0       662668.0
244     24859520.0      48590098.0       659646.0
489     24499712.0      47803317.0       659242.5
393     24278784.0      47566340.0       657703.0
504     24248448.0      47596167.5       656807.0
196     24667392.0      48124290.5       656641.5
38      24237696.0      47635580.5       644073.5
316     24189824.0      47578972.0       643793.0
202     24615808.0      48184549.0       642001.0
290     24208384.0      47514489.0       640094.5
          Server1     Server2
Offset                       
14      350636.50  100528.250
340      19247.75    5711.750
447       5277.25    1710.625
267       4123.75    1384.625
420       4082.75    1373.500
377       4036.75    1363.625
395       4018.50    1384.125
290       3999.75    1351.250
192       3997.25    1372.000
89        3982.75    1370.625
48        3977.25    1372.500
384       3955.00    1364.500
250       3916.50    1303.625
203       3911.00    1325.375
201       3891.75    1347.250
284       3876.75    1355.250
266       3876.50    1308.250
219       3865.25    1333.125
249       3860.75    1312.250
244       3856.75    1299.500
Current: [1, 15, 27, 28, 62, 64, 71, 76, 82, 88, 91, 99, 101, 102, 106, 107, 115, 116, 119, 129, 152, 172, 177, 178, 186, 196, 203, 205, 209, 210, 213, 218, 219, 229, 238, 261, 262, 272, 278, 284, 290, 291, 305, 316, 333, 338, 339, 342, 348, 350, 358, 368, 369, 370, 373, 382, 383, 393, 398, 406, 410, 414, 423, 426, 428, 435, 436, 438, 443, 448, 452, 454, 460, 466, 477, 478, 487, 491, 494, 499, 500, 501, 509]
Subround 8
         Timestamp  TS First Frame  TS Prev Frame
Offset                                           
145     24394496.0      47460047.0       880257.0
151     24670464.0      47926298.0       853774.0
492     24331264.0      47830619.0       830620.0
420     24631808.0      47997595.0       809781.0
54      24360704.0      47642743.0       809446.0
458     24381440.0      47483404.0       806106.0
396     24127488.0      47506989.0       805525.0
253     24327680.0      47372463.0       803232.0
20      24602112.0      47897500.0       798345.0
38      24253440.0      47706535.0       789806.0
239     24345088.0      47509278.0       772287.0
254     24465408.0      47790391.0       761599.0
286     24584704.0      47842561.0       750100.0
130     24389376.0      47358617.0       749756.0
215     24400896.0      47715838.0       744658.0
366     24292864.0      47523914.0       740003.0
127     24325888.0      47544905.0       735880.0
276     24542720.0      47968522.0       730830.0
69      24587392.0      48205693.0       728410.0
242     24316416.0      47487775.0       717588.0
              Server1       Server2
Offset                             
14      330585.111111  94779.000000
340      17321.777778   5148.555556
447       4938.000000   1600.555556
135       4430.222222   1471.777778
377       4196.888889   1429.444444
219       4071.555556   1399.666667
250       4044.666667   1358.888889
89        4026.222222   1381.000000
366       4015.777778   1361.000000
91        3993.111111   1351.000000
342       3992.888889   1335.444444
346       3977.333333   1327.111111
315       3973.111111   1376.777778
418       3962.666667   1320.888889
267       3960.000000   1331.888889
20        3954.222222   1321.555556
286       3950.444444   1372.000000
331       3943.555556   1293.222222
244       3894.444444   1330.444444
279       3887.111111   1323.777778
Current: [1, 15, 27, 28, 64, 76, 88, 99, 101, 102, 106, 107, 116, 152, 177, 178, 203, 209, 213, 219, 261, 262, 278, 290, 338, 339, 342, 350, 358, 368, 370, 383, 398, 410, 414, 426, 436, 448, 452, 454, 460, 477, 491, 499, 500, 501, 509]
Subround 9
         Timestamp  TS First Frame  TS Prev Frame
Offset                                           
151     24812672.0      48396139.5       855277.5
458     24405376.0      47566369.5       822083.5
253     24356992.0      47448889.5       818408.5
485     24442112.0      47550762.0       804055.0
20      24639488.0      47855113.5       803967.5
145     24441856.0      47509141.0       799100.5
215     24442240.0      47722494.5       786728.0
276     24592640.0      47926144.5       777894.5
366     24342144.0      47537632.5       771645.5
315     24348672.0      47890386.5       765232.0
286     24660608.0      48225010.5       760612.0
188     24110592.0      47218148.0       760386.5
38      24359552.0      47719135.0       757241.0
123     24771328.0      48651163.5       753636.0
354     24829568.0      48536248.0       747771.5
228     24570368.0      48055339.5       746847.5
396     24289664.0      47592205.0       743870.0
54      24304768.0      47639104.5       743339.0
309     24457984.0      47568167.0       741707.5
185     24495872.0      48134562.0       741385.0
         Server1  Server2
Offset                   
14      316540.4  90745.9
340      15834.6   4713.8
447       4665.6   1513.6
377       4464.4   1510.0
271       4293.2   1398.8
89        4265.2   1453.1
342       4230.4   1404.8
315       4196.8   1460.0
91        4193.2   1412.7
135       4158.0   1380.1
250       4122.8   1387.0
366       4112.4   1410.2
219       4106.0   1422.0
331       4084.8   1356.2
267       4058.0   1364.9
20        4048.2   1355.2
346       4044.4   1364.8
418       4030.2   1347.6
274       4027.0   1378.7
286       4008.8   1403.9
Current: [1, 14, 15, 27, 28, 64, 76, 88, 99, 101, 102, 103, 106, 107, 108, 116, 119, 123, 129, 139, 145, 152, 172, 177, 178, 196, 203, 205, 209, 210, 213, 216, 219, 228, 232, 238, 261, 262, 278, 284, 286, 288, 290, 291, 313, 316, 333, 338, 339, 342, 350, 358, 361, 368, 369, 370, 373, 382, 383, 393, 398, 403, 410, 414, 415, 426, 427, 429, 431, 434, 436, 441, 443, 448, 450, 452, 454, 460, 464, 468, 472, 477, 486, 487, 491, 499, 500, 501, 509]
Subround 10
         Timestamp  TS First Frame  TS Prev Frame
Offset                                           
144     24465152.0      47738771.0       882515.0
145     24489216.0      47558235.0       880257.0
151     24742656.0      48611978.0       856781.0
185     24616960.0      48200369.0       856711.0
315     24391168.0      47991357.0       844486.0
173     24264960.0      47204500.0       842520.0
253     24386304.0      47525316.0       833585.0
492     24462336.0      47851232.0       830620.0
215     24483584.0      47729151.0       828798.0
276     24542720.0      47883767.0       824959.0
319     24523008.0      47665331.0       824894.0
428     24370176.0      47700337.0       821315.0
146     24476416.0      47605102.0       817796.0
394     24422400.0      47619353.0       817210.0
485     24447744.0      47634847.0       815613.5
367     24316672.0      47664027.0       815486.0
346     24249088.0      47559164.0       813746.0
182     24091392.0      47358313.0       812611.0
27      24738816.0      48096361.0       810486.0
20      24602112.0      47812727.0       809590.0
              Server1       Server2
Offset                             
14      310996.545455  89151.818182
340      14585.454545   4348.454545
377       4508.545455   1533.363636
447       4436.909091   1440.545455
315       4399.272727   1530.454545
91        4371.818182   1470.818182
89        4354.545455   1480.272727
342       4325.090909   1452.090909
366       4281.090909   1473.000000
331       4199.454545   1439.090909
250       4198.000000   1415.545455
286       4188.363636   1451.363636
346       4184.727273   1418.000000
219       4184.727273   1454.454545
321       4137.636364   1430.090909
128       4123.454545   1418.272727
271       4117.272727   1342.000000
507       4114.545455   1415.363636
279       4101.272727   1413.454545
20        4078.363636   1386.454545
Current: [1, 14, 15, 27, 64, 76, 88, 99, 101, 102, 106, 107, 116, 119, 139, 152, 177, 178, 196, 203, 209, 210, 213, 216, 228, 261, 262, 278, 286, 288, 290, 333, 338, 342, 350, 358, 368, 369, 370, 383, 398, 403, 410, 414, 415, 426, 427, 429, 431, 436, 441, 443, 450, 454, 460, 477, 499, 509]
Subround 11
         Timestamp  TS First Frame  TS Prev Frame
Offset                                           
145     24598784.0      47654284.0       878616.0
144     24495488.0      47712630.5       870682.5
346     24414720.0      47677503.5       856390.5
182     24254208.0      47614277.0       855867.5
151     24769664.0      48475615.5       855277.5
173     24295680.0      47448724.5       855177.5
492     24588800.0      47989510.5       848985.5
319     24483712.0      47661155.0       838014.0
216     24479360.0      47723573.0       838009.5
215     24442240.0      47722494.5       837100.5
69      24636928.0      48162809.0       835166.0
188     24126336.0      47310535.5       831911.0
276     24592640.0      47926144.5       825050.0
367     24329728.0      47695987.5       824129.5
428     24402176.0      47788220.0       823099.0
458     24405376.0      47667032.0       822083.5
394     24431360.0      47652585.5       819893.0
253     24492032.0      47706710.5       818408.5
20      24639488.0      47855113.5       814151.5
366     24474240.0      47758393.5       811043.5
              Server1       Server2
Offset                             
14      301821.833333  86525.416667
340      13539.333333   4040.833333
377       4665.166667   1582.083333
346       4390.000000   1478.666667
91        4379.500000   1476.416667
342       4374.000000   1481.250000
89        4366.500000   1479.500000
366       4289.333333   1485.000000
315       4254.833333   1478.250000
219       4250.333333   1481.083333
447       4241.500000   1377.583333
286       4233.833333   1474.583333
250       4227.166667   1435.250000
128       4212.500000   1454.333333
20        4212.166667   1427.166667
418       4208.166667   1417.666667
321       4203.833333   1463.416667
195       4196.333333   1426.166667
235       4173.500000   1445.250000
507       4155.166667   1446.500000
Current: [1, 14, 15, 27, 64, 76, 88, 99, 101, 102, 203, 209, 210, 213, 216, 261, 262, 286, 288, 290, 342, 358, 368, 370, 383, 398, 410, 414, 426, 429, 431, 436, 441, 450, 454, 477]
Subround 12
         Timestamp  TS First Frame  TS Prev Frame
Offset                                           
216     24499456.0      47791076.0       892174.0
346     24249088.0      47559164.0       878562.0
182     24225792.0      47358313.0       877325.0
145     24489216.0      47558235.0       876975.0
188     24137728.0      47367826.0       876680.0
173     24326400.0      47692949.0       867835.0
492     24462336.0      47851232.0       864053.0
219     24865280.0      48133377.0       861908.0
144     24525824.0      47738771.0       858850.0
151     24796672.0      48373378.0       856781.0
185     24706048.0      48200369.0       856711.0
118     24457472.0      47559990.0       851282.0
84      24803072.0      48425320.0       847913.0
170     24756224.0      48044305.0       842929.0
507     24420352.0      47767708.0       838313.0
253     24597760.0      47888105.0       833585.0
367     24342784.0      47727948.0       832773.0
138     24730880.0      47746311.0       832417.0
315     24347392.0      47789416.0       829753.0
215     24483584.0      47729151.0       828798.0
              Server1       Server2
Offset                             
14      291189.384615  83478.384615
340      12651.076923   3781.153846
377       4714.307692   1604.615385
346       4488.000000   1511.000000
91        4463.230769   1502.769231
366       4431.076923   1527.153846
89        4425.538462   1500.692308
342       4415.076923   1505.692308
219       4382.615385   1525.923077
321       4369.230769   1522.461538
286       4354.769231   1519.153846
315       4298.769231   1500.076923
250       4288.923077   1451.846154
128       4277.230769   1482.461538
195       4273.846154   1449.769231
20        4261.076923   1451.000000
362       4228.153846   1462.000000
319       4211.076923   1439.307692
331       4209.230769   1443.615385
235       4206.153846   1464.000000
Current: [1, 14, 27, 99, 101, 102, 209, 210, 216, 286, 288, 290, 358, 370, 383, 398, 410, 426, 429, 441, 454, 477]
Subround 13
         Timestamp  TS First Frame  TS Prev Frame
Offset                                           
216     24581888.0      47852455.0       895633.0
188     24429824.0      47755596.5       884169.0
145     24598784.0      47654284.0       878616.0
173     24459776.0      47795511.5       871139.0
144     24552832.0      47807455.0       866668.5
492     24588800.0      47934230.0       865702.0
151     24816640.0      48492678.0       858144.5
185     24774656.0      48432458.5       857905.0
253     24648704.0      47972159.5       849714.0
367     24526848.0      47775802.5       848144.0
346     24395008.0      47626763.5       846154.0
182     24321408.0      47614277.0       844968.0
276     24642560.0      47935943.0       842061.0
507     24522880.0      47781440.0       839466.5
319     24619520.0      48098808.5       838014.0
215     24533376.0      47835791.0       837100.5
138     24787840.0      47993957.0       836347.0
69      24698112.0      48239281.0       835166.0
27      24813696.0      48243251.5       830382.0
286     24749440.0      48256826.5       827230.0
              Server1       Server2
Offset                             
14      289923.857143  83119.071429
340      11888.285714   3557.642857
377       4581.428571   1562.000000
342       4518.000000   1535.357143
346       4484.571429   1520.714286
321       4450.428571   1546.214286
366       4443.285714   1539.642857
286       4410.714286   1540.928571
448       4354.714286   1462.500000
91        4338.000000   1458.571429
319       4285.142857   1458.928571
89        4283.000000   1450.214286
219       4274.142857   1488.500000
235       4272.857143   1489.500000
20        4251.714286   1450.428571
253       4249.000000   1464.642857
418       4242.714286   1445.714286
507       4239.000000   1488.785714
382       4237.142857   1476.571429
362       4232.000000   1470.357143
Current: [1, 14, 15, 27, 64, 76, 79, 88, 99, 101, 102, 173, 178, 181, 203, 209, 210, 213, 216, 262, 286, 288, 289, 290, 324, 332, 333, 342, 347, 358, 368, 369, 370, 383, 398, 403, 410, 415, 426, 427, 429, 431, 441, 450, 454, 460, 477, 491, 499, 501]
Subround 14
         Timestamp  TS First Frame  TS Prev Frame
Offset                                           
216     24664320.0      47913834.0       892174.0
188     24626944.0      47857115.0       891658.0
145     24489216.0      47750333.0       876975.0
173     24326400.0      47692949.0       874443.0
492     24462336.0      47851232.0       864053.0
151     24836608.0      48611978.0       859508.0
185     24843264.0      48664548.0       859099.0
144     24579840.0      47876139.0       858850.0
118     24475136.0      47575964.0       851282.0
27      24888576.0      48390142.0       850278.0
442     24887040.0      48504284.0       848158.0
84      24745984.0      48448355.0       847913.0
507     24420352.0      47767708.0       840620.0
215     24698880.0      48262879.5       839847.5
458     24429312.0      47684729.0       838061.0
319     24716032.0      48532286.0       834402.0
276     24692096.0      47952232.5       833601.0
253     24629248.0      48056214.0       833585.0
367     24342784.0      47727948.0       832773.0
286     24736512.0      48131483.0       832717.0
              Server1       Server2
Offset                             
14      281956.666667  80831.200000
340      11205.866667   3358.133333
443       8481.466667   2609.400000
342       4597.866667   1556.133333
377       4578.266667   1567.800000
321       4481.733333   1562.133333
286       4449.733333   1556.933333
448       4426.266667   1485.400000
346       4409.466667   1490.333333
362       4341.200000   1498.333333
366       4324.933333   1494.400000
279       4299.333333   1501.133333
319       4296.933333   1472.000000
418       4288.400000   1462.666667
272       4265.200000   1479.800000
195       4250.400000   1446.333333
507       4245.200000   1495.866667
438       4240.800000   1447.133333
294       4233.066667   1431.333333
91        4226.533333   1417.666667
Current: [1, 14, 27, 64, 79, 99, 101, 102, 173, 203, 210, 216, 262, 288, 289, 290, 332, 333, 342, 347, 358, 368, 370, 383, 415, 426, 427, 429, 441, 454, 477, 491, 499]
Subround 15
         Timestamp  TS First Frame  TS Prev Frame
Offset                                           
188     24674432.0      48000241.0       895219.0
151     24816640.0      48492678.0       875747.5
173     24459776.0      47795511.5       871139.0
185     24774656.0      48432458.5       861113.5
118     24483840.0      47793030.5       856207.0
442     24844544.0      48500572.5       856075.5
144     24552832.0      47807455.0       855817.5
84      24720128.0      48425320.0       847913.0
492     24478080.0      47892509.5       847336.5
215     24814592.0      48298662.0       845403.0
458     24405376.0      47667032.0       844469.5
319     24779904.0      48382338.0       842768.0
276     24741632.0      47968522.0       842061.0
507     24404608.0      47753470.5       839466.5
216     24697856.0      48027036.0       832511.5
27      24813696.0      48243251.5       830382.0
335     24673536.0      47939061.5       829502.0
229     24544640.0      48040482.5       828286.0
286     24747008.0      47987022.0       827230.0
275     24548992.0      47668043.0       827135.0
           Server1     Server2
Offset                        
14      276972.125  79399.8125
340      10718.750   3225.6875
443       8087.375   2489.7500
342       4611.125   1566.7500
377       4590.750   1579.3750
448       4500.500   1507.0000
321       4498.250   1571.8125
286       4459.500   1565.3125
362       4379.625   1514.8750
272       4332.375   1499.1875
279       4326.000   1507.2500
319       4323.375   1488.4375
258       4285.375   1475.8750
418       4272.875   1468.0625
195       4271.625   1461.6250
346       4271.500   1443.8750
294       4269.625   1445.3750
411       4259.625   1505.7500
185       4252.250   1472.6250
334       4250.000   1476.1250
Current: [14, 27, 79, 102, 173, 203, 210, 216, 290, 332, 333, 358, 370, 415, 426, 427, 441, 477, 491, 499]
         Timestamp  TS First Frame  TS Prev Frame
Offset                                           
188     24674432.0      48000241.0       895219.0
151     24816640.0      48492678.0       875747.5
173     24459776.0      47795511.5       871139.0
185     24774656.0      48432458.5       861113.5
118     24483840.0      47793030.5       856207.0
442     24844544.0      48500572.5       856075.5
144     24552832.0      47807455.0       855817.5
84      24720128.0      48425320.0       847913.0
492     24478080.0      47892509.5       847336.5
215     24814592.0      48298662.0       845403.0
458     24405376.0      47667032.0       844469.5
319     24779904.0      48382338.0       842768.0
276     24741632.0      47968522.0       842061.0
507     24404608.0      47753470.5       839466.5
216     24697856.0      48027036.0       832511.5
27      24813696.0      48243251.5       830382.0
335     24673536.0      47939061.5       829502.0
229     24544640.0      48040482.5       828286.0
286     24747008.0      47987022.0       827230.0
275     24548992.0      47668043.0       827135.0
           Server1     Server2
Offset                        
14      276972.125  79399.8125
340      10718.750   3225.6875
443       8087.375   2489.7500
342       4611.125   1566.7500
377       4590.750   1579.3750
448       4500.500   1507.0000
321       4498.250   1571.8125
286       4459.500   1565.3125
362       4379.625   1514.8750
272       4332.375   1499.1875
279       4326.000   1507.2500
319       4323.375   1488.4375
258       4285.375   1475.8750
418       4272.875   1468.0625
195       4271.625   1461.6250
346       4271.500   1443.8750
294       4269.625   1445.3750
411       4259.625   1505.7500
185       4252.250   1472.6250
334       4250.000   1476.1250
New pairs
[[370, 477], [216, 203], [415, 499], [333, 14], [426, 441], [427, 290], [27, 358], [79, 173], [332, 491], [102, 210]]
Round 1
Subround 0
         Timestamp  TS First Frame  TS Prev Frame
Offset                                           
188     24674432.0      48000241.0       895219.0
151     24816640.0      48492678.0       875747.5
173     24326400.0      47692949.0       867835.0
185     24774656.0      48432458.5       861113.5
118     24483840.0      47793030.5       856207.0
442     24844544.0      48500572.5       856075.5
144     24552832.0      47807455.0       855817.5
84      24720128.0      48425320.0       847913.0
492     24478080.0      47892509.5       847336.5
215     24814592.0      48298662.0       845403.0
458     24405376.0      47667032.0       844469.5
319     24779904.0      48382338.0       842768.0
276     24741632.0      47968522.0       842061.0
507     24404608.0      47753470.5       839466.5
335     24673536.0      47939061.5       829502.0
229     24544640.0      48040482.5       828286.0
286     24747008.0      47987022.0       827230.0
275     24548992.0      47668043.0       827135.0
294     24469888.0      47724581.5       826925.5
146     24737024.0      48169886.5       826311.0
              Server1       Server2
Offset                             
14      270828.941176  77638.764706
340      10718.750000   3225.687500
443       8087.375000   2489.750000
342       4611.125000   1566.750000
377       4590.750000   1579.375000
448       4500.500000   1507.000000
321       4498.250000   1571.812500
286       4459.500000   1565.312500
362       4379.625000   1514.875000
272       4332.375000   1499.187500
279       4326.000000   1507.250000
319       4323.375000   1488.437500
258       4285.375000   1475.875000
418       4272.875000   1468.062500
195       4271.625000   1461.625000
346       4271.500000   1443.875000
294       4269.625000   1445.375000
411       4259.625000   1505.750000
185       4252.250000   1472.625000
334       4250.000000   1476.125000
Current: [14, 27, 79, 203, 426, 427, 477, 499]
Subround 1
         Timestamp  TS First Frame  TS Prev Frame
Offset                                           
188     24674432.0      48000241.0       895219.0
151     24816640.0      48492678.0       875747.5
173     24326400.0      47692949.0       867835.0
185     24774656.0      48432458.5       861113.5
118     24483840.0      47793030.5       856207.0
442     24844544.0      48500572.5       856075.5
144     24552832.0      47807455.0       855817.5
84      24720128.0      48425320.0       847913.0
492     24478080.0      47892509.5       847336.5
215     24814592.0      48298662.0       845403.0
458     24405376.0      47667032.0       844469.5
319     24779904.0      48382338.0       842768.0
276     24741632.0      47968522.0       842061.0
507     24404608.0      47753470.5       839466.5
335     24673536.0      47939061.5       829502.0
229     24544640.0      48040482.5       828286.0
286     24747008.0      47987022.0       827230.0
275     24548992.0      47668043.0       827135.0
294     24469888.0      47724581.5       826925.5
146     24737024.0      48169886.5       826311.0
              Server1       Server2
Offset                             
14      265874.444444  76219.888889
340      10718.750000   3225.687500
443       8087.375000   2489.750000
342       4611.125000   1566.750000
377       4590.750000   1579.375000
448       4500.500000   1507.000000
321       4498.250000   1571.812500
286       4459.500000   1565.312500
362       4379.625000   1514.875000
272       4332.375000   1499.187500
279       4326.000000   1507.250000
319       4323.375000   1488.437500
258       4285.375000   1475.875000
418       4272.875000   1468.062500
195       4271.625000   1461.625000
346       4271.500000   1443.875000
294       4269.625000   1445.375000
411       4259.625000   1505.750000
185       4252.250000   1472.625000
334       4250.000000   1476.125000
Current: [14, 27, 79, 102, 427, 491]
Subround 2
         Timestamp  TS First Frame  TS Prev Frame
Offset                                           
188     24674432.0      48000241.0       895219.0
151     24816640.0      48492678.0       875747.5
185     24774656.0      48432458.5       861113.5
118     24483840.0      47793030.5       856207.0
442     24844544.0      48500572.5       856075.5
144     24552832.0      47807455.0       855817.5
173     24322560.0      47716038.5       855177.5
84      24720128.0      48425320.0       847913.0
492     24478080.0      47892509.5       847336.5
215     24814592.0      48298662.0       845403.0
458     24405376.0      47667032.0       844469.5
319     24779904.0      48382338.0       842768.0
276     24741632.0      47968522.0       842061.0
507     24404608.0      47753470.5       839466.5
335     24673536.0      47939061.5       829502.0
229     24544640.0      48040482.5       828286.0
286     24747008.0      47987022.0       827230.0
275     24548992.0      47668043.0       827135.0
294     24469888.0      47724581.5       826925.5
146     24737024.0      48169886.5       826311.0
              Server1       Server2
Offset                             
14      262869.263158  75354.210526
340      10718.750000   3225.687500
443       8087.375000   2489.750000
342       4611.125000   1566.750000
377       4590.750000   1579.375000
448       4500.500000   1507.000000
321       4498.250000   1571.812500
286       4459.500000   1565.312500
362       4379.625000   1514.875000
272       4332.375000   1499.187500
279       4326.000000   1507.250000
319       4323.375000   1488.437500
258       4285.375000   1475.875000
418       4272.875000   1468.062500
195       4271.625000   1461.625000
346       4271.500000   1443.875000
294       4269.625000   1445.375000
411       4259.625000   1505.750000
185       4252.250000   1472.625000
334       4250.000000   1476.125000
Current: [14, 102, 427]
Subround 3
         Timestamp  TS First Frame  TS Prev Frame
Offset                                           
188     24674432.0      48000241.0       895219.0
151     24816640.0      48492678.0       875747.5
185     24774656.0      48432458.5       861113.5
118     24483840.0      47793030.5       856207.0
442     24844544.0      48500572.5       856075.5
144     24552832.0      47807455.0       855817.5
84      24720128.0      48425320.0       847913.0
492     24478080.0      47892509.5       847336.5
215     24814592.0      48298662.0       845403.0
458     24405376.0      47667032.0       844469.5
319     24779904.0      48382338.0       842768.0
173     24312192.0      47787688.0       842300.5
276     24741632.0      47968522.0       842061.0
507     24404608.0      47753470.5       839466.5
335     24673536.0      47939061.5       829502.0
229     24544640.0      48040482.5       828286.0
286     24747008.0      47987022.0       827230.0
275     24548992.0      47668043.0       827135.0
294     24469888.0      47724581.5       826925.5
146     24737024.0      48169886.5       826311.0
           Server1     Server2
Offset                        
14      261445.500  74944.5000
340      10718.750   3225.6875
443       8087.375   2489.7500
342       4611.125   1566.7500
377       4590.750   1579.3750
448       4500.500   1507.0000
321       4498.250   1571.8125
286       4459.500   1565.3125
362       4379.625   1514.8750
272       4332.375   1499.1875
279       4326.000   1507.2500
319       4323.375   1488.4375
258       4285.375   1475.8750
418       4272.875   1468.0625
195       4271.625   1461.6250
346       4271.500   1443.8750
294       4269.625   1445.3750
411       4259.625   1505.7500
185       4252.250   1472.6250
334       4250.000   1476.1250
Current: [14, 79, 358, 427, 477]
Subround 4
         Timestamp  TS First Frame  TS Prev Frame
Offset                                           
188     24674432.0      48000241.0       895219.0
151     24816640.0      48492678.0       875747.5
185     24774656.0      48432458.5       861113.5
118     24483840.0      47793030.5       856207.0
442     24844544.0      48500572.5       856075.5
144     24552832.0      47807455.0       855817.5
84      24720128.0      48425320.0       847913.0
492     24478080.0      47892509.5       847336.5
215     24814592.0      48298662.0       845403.0
458     24405376.0      47667032.0       844469.5
319     24779904.0      48382338.0       842768.0
173     24312192.0      47787688.0       842300.5
276     24741632.0      47968522.0       842061.0
507     24404608.0      47753470.5       839466.5
335     24673536.0      47939061.5       829502.0
229     24544640.0      48040482.5       828286.0
286     24747008.0      47987022.0       827230.0
275     24548992.0      47668043.0       827135.0
294     24469888.0      47724581.5       826925.5
146     24737024.0      48169886.5       826311.0
              Server1       Server2
Offset                             
14      257469.904762  73804.761905
340      10718.750000   3225.687500
443       8087.375000   2489.750000
342       4611.125000   1566.750000
377       4590.750000   1579.375000
448       4500.500000   1507.000000
321       4498.250000   1571.812500
286       4459.500000   1565.312500
362       4379.625000   1514.875000
272       4332.375000   1499.187500
279       4326.000000   1507.250000
319       4323.375000   1488.437500
258       4285.375000   1475.875000
418       4272.875000   1468.062500
195       4271.625000   1461.625000
346       4271.500000   1443.875000
294       4269.625000   1445.375000
411       4259.625000   1505.750000
185       4252.250000   1472.625000
334       4250.000000   1476.125000
Current: [14, 79, 358, 427, 491]
Subround 5
         Timestamp  TS First Frame  TS Prev Frame
Offset                                           
188     24674432.0      48000241.0       895219.0
151     24816640.0      48492678.0       875747.5
185     24774656.0      48432458.5       861113.5
118     24483840.0      47793030.5       856207.0
442     24844544.0      48500572.5       856075.5
144     24552832.0      47807455.0       855817.5
84      24720128.0      48425320.0       847913.0
492     24478080.0      47892509.5       847336.5
215     24814592.0      48298662.0       845403.0
458     24405376.0      47667032.0       844469.5
319     24779904.0      48382338.0       842768.0
173     24305664.0      47739128.0       842081.0
276     24741632.0      47968522.0       842061.0
507     24404608.0      47753470.5       839466.5
335     24673536.0      47939061.5       829502.0
229     24544640.0      48040482.5       828286.0
286     24747008.0      47987022.0       827230.0
275     24548992.0      47668043.0       827135.0
294     24469888.0      47724581.5       826925.5
146     24737024.0      48169886.5       826311.0
              Server1       Server2
Offset                             
14      261061.454545  74836.318182
340      10718.750000   3225.687500
443       8087.375000   2489.750000
342       4611.125000   1566.750000
377       4590.750000   1579.375000
448       4500.500000   1507.000000
321       4498.250000   1571.812500
286       4459.500000   1565.312500
362       4379.625000   1514.875000
272       4332.375000   1499.187500
279       4326.000000   1507.250000
319       4323.375000   1488.437500
258       4285.375000   1475.875000
418       4272.875000   1468.062500
195       4271.625000   1461.625000
346       4271.500000   1443.875000
294       4269.625000   1445.375000
411       4259.625000   1505.750000
185       4252.250000   1472.625000
334       4250.000000   1476.125000
Current: [14, 491]
Subround 6
         Timestamp  TS First Frame  TS Prev Frame
Offset                                           
188     24674432.0      48000241.0       895219.0
151     24816640.0      48492678.0       875747.5
185     24774656.0      48432458.5       861113.5
118     24483840.0      47793030.5       856207.0
442     24844544.0      48500572.5       856075.5
144     24552832.0      47807455.0       855817.5
84      24720128.0      48425320.0       847913.0
492     24478080.0      47892509.5       847336.5
215     24814592.0      48298662.0       845403.0
458     24405376.0      47667032.0       844469.5
319     24779904.0      48382338.0       842768.0
276     24741632.0      47968522.0       842061.0
507     24404608.0      47753470.5       839466.5
335     24673536.0      47939061.5       829502.0
229     24544640.0      48040482.5       828286.0
286     24747008.0      47987022.0       827230.0
275     24548992.0      47668043.0       827135.0
294     24469888.0      47724581.5       826925.5
146     24737024.0      48169886.5       826311.0
367     24329728.0      47695987.5       824129.5
              Server1       Server2
Offset                             
14      282770.434783  81050.826087
340      10718.750000   3225.687500
443       8087.375000   2489.750000
342       4611.125000   1566.750000
377       4590.750000   1579.375000
448       4500.500000   1507.000000
321       4498.250000   1571.812500
286       4459.500000   1565.312500
362       4379.625000   1514.875000
272       4332.375000   1499.187500
279       4326.000000   1507.250000
319       4323.375000   1488.437500
258       4285.375000   1475.875000
418       4272.875000   1468.062500
195       4271.625000   1461.625000
346       4271.500000   1443.875000
294       4269.625000   1445.375000
411       4259.625000   1505.750000
185       4252.250000   1472.625000
334       4250.000000   1476.125000
Current: [14]
Subround 7
         Timestamp  TS First Frame  TS Prev Frame
Offset                                           
188     24674432.0      48000241.0       895219.0
151     24816640.0      48492678.0       875747.5
185     24774656.0      48432458.5       861113.5
118     24483840.0      47793030.5       856207.0
442     24844544.0      48500572.5       856075.5
144     24552832.0      47807455.0       855817.5
84      24720128.0      48425320.0       847913.0
492     24478080.0      47892509.5       847336.5
215     24814592.0      48298662.0       845403.0
458     24405376.0      47667032.0       844469.5
319     24779904.0      48382338.0       842768.0
276     24741632.0      47968522.0       842061.0
507     24404608.0      47753470.5       839466.5
335     24673536.0      47939061.5       829502.0
229     24544640.0      48040482.5       828286.0
286     24747008.0      47987022.0       827230.0
275     24548992.0      47668043.0       827135.0
294     24469888.0      47724581.5       826925.5
146     24737024.0      48169886.5       826311.0
367     24329728.0      47695987.5       824129.5
              Server1     Server2
Offset                           
14      281882.333333  80794.6250
340      10718.750000   3225.6875
443       8087.375000   2489.7500
342       4611.125000   1566.7500
377       4590.750000   1579.3750
448       4500.500000   1507.0000
321       4498.250000   1571.8125
286       4459.500000   1565.3125
362       4379.625000   1514.8750
272       4332.375000   1499.1875
279       4326.000000   1507.2500
319       4323.375000   1488.4375
258       4285.375000   1475.8750
418       4272.875000   1468.0625
195       4271.625000   1461.6250
346       4271.500000   1443.8750
294       4269.625000   1445.3750
411       4259.625000   1505.7500
185       4252.250000   1472.6250
334       4250.000000   1476.1250
Current: [14]
Subround 8
         Timestamp  TS First Frame  TS Prev Frame
Offset                                           
188     24674432.0      48000241.0       895219.0
151     24816640.0      48492678.0       875747.5
185     24774656.0      48432458.5       861113.5
118     24483840.0      47793030.5       856207.0
442     24844544.0      48500572.5       856075.5
144     24552832.0      47807455.0       855817.5
84      24720128.0      48425320.0       847913.0
492     24478080.0      47892509.5       847336.5
215     24814592.0      48298662.0       845403.0
458     24405376.0      47667032.0       844469.5
319     24779904.0      48382338.0       842768.0
276     24741632.0      47968522.0       842061.0
507     24404608.0      47753470.5       839466.5
335     24673536.0      47939061.5       829502.0
229     24544640.0      48040482.5       828286.0
286     24747008.0      47987022.0       827230.0
275     24548992.0      47668043.0       827135.0
294     24469888.0      47724581.5       826925.5
146     24737024.0      48169886.5       826311.0
367     24329728.0      47695987.5       824129.5
           Server1     Server2
Offset                        
14      292195.680  83754.4400
340      10718.750   3225.6875
443       8087.375   2489.7500
342       4611.125   1566.7500
377       4590.750   1579.3750
448       4500.500   1507.0000
321       4498.250   1571.8125
286       4459.500   1565.3125
362       4379.625   1514.8750
272       4332.375   1499.1875
279       4326.000   1507.2500
319       4323.375   1488.4375
258       4285.375   1475.8750
418       4272.875   1468.0625
195       4271.625   1461.6250
346       4271.500   1443.8750
294       4269.625   1445.3750
411       4259.625   1505.7500
185       4252.250   1472.6250
334       4250.000   1476.1250
Current: [14]
Subround 9
         Timestamp  TS First Frame  TS Prev Frame
Offset                                           
188     24674432.0      48000241.0       895219.0
151     24816640.0      48492678.0       875747.5
185     24774656.0      48432458.5       861113.5
118     24483840.0      47793030.5       856207.0
442     24844544.0      48500572.5       856075.5
144     24552832.0      47807455.0       855817.5
84      24720128.0      48425320.0       847913.0
492     24478080.0      47892509.5       847336.5
215     24814592.0      48298662.0       845403.0
458     24405376.0      47667032.0       844469.5
319     24779904.0      48382338.0       842768.0
276     24741632.0      47968522.0       842061.0
507     24404608.0      47753470.5       839466.5
335     24673536.0      47939061.5       829502.0
229     24544640.0      48040482.5       828286.0
286     24747008.0      47987022.0       827230.0
275     24548992.0      47668043.0       827135.0
294     24469888.0      47724581.5       826925.5
146     24737024.0      48169886.5       826311.0
367     24329728.0      47695987.5       824129.5
              Server1     Server2
Offset                           
14      291243.923077  83479.0000
340      10718.750000   3225.6875
443       8087.375000   2489.7500
342       4611.125000   1566.7500
377       4590.750000   1579.3750
448       4500.500000   1507.0000
321       4498.250000   1571.8125
286       4459.500000   1565.3125
362       4379.625000   1514.8750
272       4332.375000   1499.1875
279       4326.000000   1507.2500
319       4323.375000   1488.4375
258       4285.375000   1475.8750
418       4272.875000   1468.0625
195       4271.625000   1461.6250
346       4271.500000   1443.8750
294       4269.625000   1445.3750
411       4259.625000   1505.7500
185       4252.250000   1472.6250
334       4250.000000   1476.1250
Current: [14, 427]
Subround 10
         Timestamp  TS First Frame  TS Prev Frame
Offset                                           
188     24674432.0      48000241.0       895219.0
151     24816640.0      48492678.0       875747.5
185     24774656.0      48432458.5       861113.5
118     24483840.0      47793030.5       856207.0
442     24844544.0      48500572.5       856075.5
144     24552832.0      47807455.0       855817.5
84      24720128.0      48425320.0       847913.0
492     24478080.0      47892509.5       847336.5
215     24814592.0      48298662.0       845403.0
458     24405376.0      47667032.0       844469.5
319     24779904.0      48382338.0       842768.0
276     24741632.0      47968522.0       842061.0
507     24404608.0      47753470.5       839466.5
335     24673536.0      47939061.5       829502.0
229     24544640.0      48040482.5       828286.0
286     24747008.0      47987022.0       827230.0
275     24548992.0      47668043.0       827135.0
294     24469888.0      47724581.5       826925.5
146     24737024.0      48169886.5       826311.0
367     24329728.0      47695987.5       824129.5
              Server1      Server2
Offset                            
14      300691.925926  86195.37037
340      10718.750000   3225.68750
443       8087.375000   2489.75000
342       4611.125000   1566.75000
377       4590.750000   1579.37500
448       4500.500000   1507.00000
321       4498.250000   1571.81250
286       4459.500000   1565.31250
362       4379.625000   1514.87500
272       4332.375000   1499.18750
279       4326.000000   1507.25000
319       4323.375000   1488.43750
258       4285.375000   1475.87500
418       4272.875000   1468.06250
195       4271.625000   1461.62500
346       4271.500000   1443.87500
294       4269.625000   1445.37500
411       4259.625000   1505.75000
185       4252.250000   1472.62500
334       4250.000000   1476.12500
Current: [14, 79, 427]
Subround 11
         Timestamp  TS First Frame  TS Prev Frame
Offset                                           
188     24674432.0      48000241.0       895219.0
151     24816640.0      48492678.0       875747.5
185     24774656.0      48432458.5       861113.5
118     24483840.0      47793030.5       856207.0
442     24844544.0      48500572.5       856075.5
144     24552832.0      47807455.0       855817.5
84      24720128.0      48425320.0       847913.0
492     24478080.0      47892509.5       847336.5
215     24814592.0      48298662.0       845403.0
458     24405376.0      47667032.0       844469.5
319     24779904.0      48382338.0       842768.0
276     24741632.0      47968522.0       842061.0
507     24404608.0      47753470.5       839466.5
335     24673536.0      47939061.5       829502.0
229     24544640.0      48040482.5       828286.0
286     24747008.0      47987022.0       827230.0
275     24548992.0      47668043.0       827135.0
294     24469888.0      47724581.5       826925.5
146     24737024.0      48169886.5       826311.0
367     24329728.0      47695987.5       824129.5
              Server1       Server2
Offset                             
14      297098.428571  85167.928571
340      10718.750000   3225.687500
443       8087.375000   2489.750000
342       4611.125000   1566.750000
377       4590.750000   1579.375000
448       4500.500000   1507.000000
321       4498.250000   1571.812500
286       4459.500000   1565.312500
362       4379.625000   1514.875000
272       4332.375000   1499.187500
279       4326.000000   1507.250000
319       4323.375000   1488.437500
258       4285.375000   1475.875000
418       4272.875000   1468.062500
195       4271.625000   1461.625000
346       4271.500000   1443.875000
294       4269.625000   1445.375000
411       4259.625000   1505.750000
185       4252.250000   1472.625000
334       4250.000000   1476.125000
Current: [14, 427]
Subround 12
         Timestamp  TS First Frame  TS Prev Frame
Offset                                           
188     24674432.0      48000241.0       895219.0
151     24816640.0      48492678.0       875747.5
185     24774656.0      48432458.5       861113.5
118     24483840.0      47793030.5       856207.0
442     24844544.0      48500572.5       856075.5
144     24552832.0      47807455.0       855817.5
84      24720128.0      48425320.0       847913.0
492     24478080.0      47892509.5       847336.5
215     24814592.0      48298662.0       845403.0
458     24405376.0      47667032.0       844469.5
319     24779904.0      48382338.0       842768.0
276     24741632.0      47968522.0       842061.0
507     24404608.0      47753470.5       839466.5
335     24673536.0      47939061.5       829502.0
229     24544640.0      48040482.5       828286.0
286     24747008.0      47987022.0       827230.0
275     24548992.0      47668043.0       827135.0
294     24469888.0      47724581.5       826925.5
146     24737024.0      48169886.5       826311.0
367     24329728.0      47695987.5       824129.5
              Server1       Server2
Offset                             
14      293781.103448  84215.793103
340      10718.750000   3225.687500
443       8087.375000   2489.750000
342       4611.125000   1566.750000
377       4590.750000   1579.375000
448       4500.500000   1507.000000
321       4498.250000   1571.812500
286       4459.500000   1565.312500
362       4379.625000   1514.875000
272       4332.375000   1499.187500
279       4326.000000   1507.250000
319       4323.375000   1488.437500
258       4285.375000   1475.875000
418       4272.875000   1468.062500
195       4271.625000   1461.625000
346       4271.500000   1443.875000
294       4269.625000   1445.375000
411       4259.625000   1505.750000
185       4252.250000   1472.625000
334       4250.000000   1476.125000
Current: [14, 427]
Subround 13
         Timestamp  TS First Frame  TS Prev Frame
Offset                                           
188     24674432.0      48000241.0       895219.0
151     24816640.0      48492678.0       875747.5
185     24774656.0      48432458.5       861113.5
118     24483840.0      47793030.5       856207.0
442     24844544.0      48500572.5       856075.5
144     24552832.0      47807455.0       855817.5
84      24720128.0      48425320.0       847913.0
492     24478080.0      47892509.5       847336.5
215     24814592.0      48298662.0       845403.0
458     24405376.0      47667032.0       844469.5
319     24779904.0      48382338.0       842768.0
276     24741632.0      47968522.0       842061.0
507     24404608.0      47753470.5       839466.5
335     24673536.0      47939061.5       829502.0
229     24544640.0      48040482.5       828286.0
286     24747008.0      47987022.0       827230.0
275     24548992.0      47668043.0       827135.0
294     24469888.0      47724581.5       826925.5
146     24737024.0      48169886.5       826311.0
367     24329728.0      47695987.5       824129.5
           Server1       Server2
Offset                          
14      303249.000  86923.866667
340      10718.750   3225.687500
443       8087.375   2489.750000
342       4611.125   1566.750000
377       4590.750   1579.375000
448       4500.500   1507.000000
321       4498.250   1571.812500
286       4459.500   1565.312500
362       4379.625   1514.875000
272       4332.375   1499.187500
279       4326.000   1507.250000
319       4323.375   1488.437500
258       4285.375   1475.875000
418       4272.875   1468.062500
195       4271.625   1461.625000
346       4271.500   1443.875000
294       4269.625   1445.375000
411       4259.625   1505.750000
185       4252.250   1472.625000
334       4250.000   1476.125000
Current: [14, 427]
Subround 14
         Timestamp  TS First Frame  TS Prev Frame
Offset                                           
188     24674432.0      48000241.0       895219.0
151     24816640.0      48492678.0       875747.5
185     24774656.0      48432458.5       861113.5
118     24483840.0      47793030.5       856207.0
442     24844544.0      48500572.5       856075.5
144     24552832.0      47807455.0       855817.5
84      24720128.0      48425320.0       847913.0
492     24478080.0      47892509.5       847336.5
215     24814592.0      48298662.0       845403.0
458     24405376.0      47667032.0       844469.5
319     24779904.0      48382338.0       842768.0
276     24741632.0      47968522.0       842061.0
507     24404608.0      47753470.5       839466.5
335     24673536.0      47939061.5       829502.0
229     24544640.0      48040482.5       828286.0
286     24747008.0      47987022.0       827230.0
275     24548992.0      47668043.0       827135.0
294     24469888.0      47724581.5       826925.5
146     24737024.0      48169886.5       826311.0
367     24329728.0      47695987.5       824129.5
              Server1       Server2
Offset                             
14      300743.806452  86207.548387
340      10718.750000   3225.687500
443       8087.375000   2489.750000
342       4611.125000   1566.750000
377       4590.750000   1579.375000
448       4500.500000   1507.000000
321       4498.250000   1571.812500
286       4459.500000   1565.312500
362       4379.625000   1514.875000
272       4332.375000   1499.187500
279       4326.000000   1507.250000
319       4323.375000   1488.437500
258       4285.375000   1475.875000
418       4272.875000   1468.062500
195       4271.625000   1461.625000
346       4271.500000   1443.875000
294       4269.625000   1445.375000
411       4259.625000   1505.750000
185       4252.250000   1472.625000
334       4250.000000   1476.125000
Current: [14, 427]
         Timestamp  TS First Frame  TS Prev Frame
Offset                                           
188     24674432.0      48000241.0       895219.0
151     24816640.0      48492678.0       875747.5
185     24774656.0      48432458.5       861113.5
118     24483840.0      47793030.5       856207.0
442     24844544.0      48500572.5       856075.5
144     24552832.0      47807455.0       855817.5
84      24720128.0      48425320.0       847913.0
492     24478080.0      47892509.5       847336.5
215     24814592.0      48298662.0       845403.0
458     24405376.0      47667032.0       844469.5
319     24779904.0      48382338.0       842768.0
276     24741632.0      47968522.0       842061.0
507     24404608.0      47753470.5       839466.5
335     24673536.0      47939061.5       829502.0
229     24544640.0      48040482.5       828286.0
286     24747008.0      47987022.0       827230.0
275     24548992.0      47668043.0       827135.0
294     24469888.0      47724581.5       826925.5
146     24737024.0      48169886.5       826311.0
367     24329728.0      47695987.5       824129.5
              Server1       Server2
Offset                             
14      300743.806452  86207.548387
340      10718.750000   3225.687500
443       8087.375000   2489.750000
342       4611.125000   1566.750000
377       4590.750000   1579.375000
448       4500.500000   1507.000000
321       4498.250000   1571.812500
286       4459.500000   1565.312500
362       4379.625000   1514.875000
272       4332.375000   1499.187500
279       4326.000000   1507.250000
319       4323.375000   1488.437500
258       4285.375000   1475.875000
418       4272.875000   1468.062500
195       4271.625000   1461.625000
346       4271.500000   1443.875000
294       4269.625000   1445.375000
411       4259.625000   1505.750000
185       4252.250000   1472.625000
334       4250.000000   1476.125000
New pairs
[[427, 14]]
Round 2
Subround 0
         Timestamp  TS First Frame  TS Prev Frame
Offset                                           
188     24674432.0      48000241.0       895219.0
151     24816640.0      48492678.0       875747.5
185     24774656.0      48432458.5       861113.5
118     24483840.0      47793030.5       856207.0
442     24844544.0      48500572.5       856075.5
144     24552832.0      47807455.0       855817.5
84      24720128.0      48425320.0       847913.0
492     24478080.0      47892509.5       847336.5
215     24814592.0      48298662.0       845403.0
458     24405376.0      47667032.0       844469.5
319     24779904.0      48382338.0       842768.0
276     24741632.0      47968522.0       842061.0
507     24404608.0      47753470.5       839466.5
335     24673536.0      47939061.5       829502.0
229     24544640.0      48040482.5       828286.0
286     24747008.0      47987022.0       827230.0
275     24548992.0      47668043.0       827135.0
294     24469888.0      47724581.5       826925.5
146     24737024.0      48169886.5       826311.0
367     24329728.0      47695987.5       824129.5
            Server1     Server2
Offset                         
14      297229.1875  85198.9375
340      10718.7500   3225.6875
443       8087.3750   2489.7500
342       4611.1250   1566.7500
377       4590.7500   1579.3750
448       4500.5000   1507.0000
321       4498.2500   1571.8125
286       4459.5000   1565.3125
362       4379.6250   1514.8750
272       4332.3750   1499.1875
279       4326.0000   1507.2500
319       4323.3750   1488.4375
258       4285.3750   1475.8750
418       4272.8750   1468.0625
195       4271.6250   1461.6250
346       4271.5000   1443.8750
294       4269.6250   1445.3750
411       4259.6250   1505.7500
185       4252.2500   1472.6250
334       4250.0000   1476.1250
Current: []
Subround 1
         Timestamp  TS First Frame  TS Prev Frame
Offset                                           
188     24674432.0      48000241.0       895219.0
151     24816640.0      48492678.0       875747.5
185     24774656.0      48432458.5       861113.5
118     24483840.0      47793030.5       856207.0
442     24844544.0      48500572.5       856075.5
144     24552832.0      47807455.0       855817.5
84      24720128.0      48425320.0       847913.0
492     24478080.0      47892509.5       847336.5
215     24814592.0      48298662.0       845403.0
458     24405376.0      47667032.0       844469.5
319     24779904.0      48382338.0       842768.0
276     24741632.0      47968522.0       842061.0
507     24404608.0      47753470.5       839466.5
335     24673536.0      47939061.5       829502.0
229     24544640.0      48040482.5       828286.0
286     24747008.0      47987022.0       827230.0
275     24548992.0      47668043.0       827135.0
294     24469888.0      47724581.5       826925.5
146     24737024.0      48169886.5       826311.0
367     24329728.0      47695987.5       824129.5
              Server1       Server2
Offset                             
14      295867.636364  84809.515152
340      10718.750000   3225.687500
443       8087.375000   2489.750000
342       4611.125000   1566.750000
377       4590.750000   1579.375000
448       4500.500000   1507.000000
321       4498.250000   1571.812500
286       4459.500000   1565.312500
362       4379.625000   1514.875000
272       4332.375000   1499.187500
279       4326.000000   1507.250000
319       4323.375000   1488.437500
258       4285.375000   1475.875000
418       4272.875000   1468.062500
195       4271.625000   1461.625000
346       4271.500000   1443.875000
294       4269.625000   1445.375000
411       4259.625000   1505.750000
185       4252.250000   1472.625000
334       4250.000000   1476.125000
Current: [14]
Subround 2
         Timestamp  TS First Frame  TS Prev Frame
Offset                                           
188     24674432.0      48000241.0       895219.0
151     24816640.0      48492678.0       875747.5
185     24774656.0      48432458.5       861113.5
118     24483840.0      47793030.5       856207.0
442     24844544.0      48500572.5       856075.5
144     24552832.0      47807455.0       855817.5
84      24720128.0      48425320.0       847913.0
492     24478080.0      47892509.5       847336.5
215     24814592.0      48298662.0       845403.0
458     24405376.0      47667032.0       844469.5
319     24779904.0      48382338.0       842768.0
276     24741632.0      47968522.0       842061.0
507     24404608.0      47753470.5       839466.5
335     24673536.0      47939061.5       829502.0
229     24544640.0      48040482.5       828286.0
286     24747008.0      47987022.0       827230.0
275     24548992.0      47668043.0       827135.0
294     24469888.0      47724581.5       826925.5
146     24737024.0      48169886.5       826311.0
367     24329728.0      47695987.5       824129.5
           Server1       Server2
Offset                          
14      300220.000  86074.176471
340      10718.750   3225.687500
443       8087.375   2489.750000
342       4611.125   1566.750000
377       4590.750   1579.375000
448       4500.500   1507.000000
321       4498.250   1571.812500
286       4459.500   1565.312500
362       4379.625   1514.875000
272       4332.375   1499.187500
279       4326.000   1507.250000
319       4323.375   1488.437500
258       4285.375   1475.875000
418       4272.875   1468.062500
195       4271.625   1461.625000
346       4271.500   1443.875000
294       4269.625   1445.375000
411       4259.625   1505.750000
185       4252.250   1472.625000
334       4250.000   1476.125000
Current: [14]
Subround 3
         Timestamp  TS First Frame  TS Prev Frame
Offset                                           
188     24674432.0      48000241.0       895219.0
151     24816640.0      48492678.0       875747.5
185     24774656.0      48432458.5       861113.5
118     24483840.0      47793030.5       856207.0
442     24844544.0      48500572.5       856075.5
144     24552832.0      47807455.0       855817.5
84      24720128.0      48425320.0       847913.0
492     24478080.0      47892509.5       847336.5
215     24814592.0      48298662.0       845403.0
458     24405376.0      47667032.0       844469.5
319     24779904.0      48382338.0       842768.0
276     24741632.0      47968522.0       842061.0
507     24404608.0      47753470.5       839466.5
335     24673536.0      47939061.5       829502.0
229     24544640.0      48040482.5       828286.0
286     24747008.0      47987022.0       827230.0
275     24548992.0      47668043.0       827135.0
294     24469888.0      47724581.5       826925.5
146     24737024.0      48169886.5       826311.0
367     24329728.0      47695987.5       824129.5
              Server1     Server2
Offset                           
14      297571.428571  85312.4000
340      10718.750000   3225.6875
443       8087.375000   2489.7500
342       4611.125000   1566.7500
377       4590.750000   1579.3750
448       4500.500000   1507.0000
321       4498.250000   1571.8125
286       4459.500000   1565.3125
362       4379.625000   1514.8750
272       4332.375000   1499.1875
279       4326.000000   1507.2500
319       4323.375000   1488.4375
258       4285.375000   1475.8750
418       4272.875000   1468.0625
195       4271.625000   1461.6250
346       4271.500000   1443.8750
294       4269.625000   1445.3750
411       4259.625000   1505.7500
185       4252.250000   1472.6250
334       4250.000000   1476.1250
Current: [14]
Subround 4
         Timestamp  TS First Frame  TS Prev Frame
Offset                                           
188     24674432.0      48000241.0       895219.0
151     24816640.0      48492678.0       875747.5
185     24774656.0      48432458.5       861113.5
118     24483840.0      47793030.5       856207.0
442     24844544.0      48500572.5       856075.5
144     24552832.0      47807455.0       855817.5
84      24720128.0      48425320.0       847913.0
492     24478080.0      47892509.5       847336.5
215     24814592.0      48298662.0       845403.0
458     24405376.0      47667032.0       844469.5
319     24779904.0      48382338.0       842768.0
276     24741632.0      47968522.0       842061.0
507     24404608.0      47753470.5       839466.5
335     24673536.0      47939061.5       829502.0
229     24544640.0      48040482.5       828286.0
286     24747008.0      47987022.0       827230.0
275     24548992.0      47668043.0       827135.0
294     24469888.0      47724581.5       826925.5
146     24737024.0      48169886.5       826311.0
367     24329728.0      47695987.5       824129.5
              Server1       Server2
Offset                             
14      304104.277778  87188.305556
340      10718.750000   3225.687500
443       8087.375000   2489.750000
342       4611.125000   1566.750000
377       4590.750000   1579.375000
448       4500.500000   1507.000000
321       4498.250000   1571.812500
286       4459.500000   1565.312500
362       4379.625000   1514.875000
272       4332.375000   1499.187500
279       4326.000000   1507.250000
319       4323.375000   1488.437500
258       4285.375000   1475.875000
418       4272.875000   1468.062500
195       4271.625000   1461.625000
346       4271.500000   1443.875000
294       4269.625000   1445.375000
411       4259.625000   1505.750000
185       4252.250000   1472.625000
334       4250.000000   1476.125000
Current: [14]
         Timestamp  TS First Frame  TS Prev Frame
Offset                                           
188     24674432.0      48000241.0       895219.0
151     24816640.0      48492678.0       875747.5
185     24774656.0      48432458.5       861113.5
118     24483840.0      47793030.5       856207.0
442     24844544.0      48500572.5       856075.5
144     24552832.0      47807455.0       855817.5
84      24720128.0      48425320.0       847913.0
492     24478080.0      47892509.5       847336.5
215     24814592.0      48298662.0       845403.0
458     24405376.0      47667032.0       844469.5
319     24779904.0      48382338.0       842768.0
276     24741632.0      47968522.0       842061.0
507     24404608.0      47753470.5       839466.5
335     24673536.0      47939061.5       829502.0
229     24544640.0      48040482.5       828286.0
286     24747008.0      47987022.0       827230.0
275     24548992.0      47668043.0       827135.0
294     24469888.0      47724581.5       826925.5
146     24737024.0      48169886.5       826311.0
367     24329728.0      47695987.5       824129.5
              Server1       Server2
Offset                             
14      304104.277778  87188.305556
340      10718.750000   3225.687500
443       8087.375000   2489.750000
342       4611.125000   1566.750000
377       4590.750000   1579.375000
448       4500.500000   1507.000000
321       4498.250000   1571.812500
286       4459.500000   1565.312500
362       4379.625000   1514.875000
272       4332.375000   1499.187500
279       4326.000000   1507.250000
319       4323.375000   1488.437500
258       4285.375000   1475.875000
418       4272.875000   1468.062500
195       4271.625000   1461.625000
346       4271.500000   1443.875000
294       4269.625000   1445.375000
411       4259.625000   1505.750000
185       4252.250000   1472.625000
334       4250.000000   1476.125000
Winning offset:
[14]
2021-09-16 21:21:09.422018
2021-09-16 21:26:38.374580
0:05:28.952562
attacker.py:479: DeprecationWarning: The default dtype for empty Series will be 'object' instead of 'float64' in a future version. Specify a dtype explicitly to silence this warning.
  mean1 = pd.Series(values1).mean()
attacker.py:480: DeprecationWarning: The default dtype for empty Series will be 'object' instead of 'float64' in a future version. Specify a dtype explicitly to silence this warning.
  mean2 = pd.Series(values2).mean()
attacker.py:479: DeprecationWarning: The default dtype for empty Series will be 'object' instead of 'float64' in a future version. Specify a dtype explicitly to silence this warning.
  mean1 = pd.Series(values1).mean()
attacker.py:480: DeprecationWarning: The default dtype for empty Series will be 'object' instead of 'float64' in a future version. Specify a dtype explicitly to silence this warning.
  mean2 = pd.Series(values2).mean()
attacker.py:479: DeprecationWarning: The default dtype for empty Series will be 'object' instead of 'float64' in a future version. Specify a dtype explicitly to silence this warning.
  mean1 = pd.Series(values1).mean()
attacker.py:480: DeprecationWarning: The default dtype for empty Series will be 'object' instead of 'float64' in a future version. Specify a dtype explicitly to silence this warning.
  mean2 = pd.Series(values2).mean()
Exception ignored in: <function Capture.__del__ at 0x7efd35eaa670>
Traceback (most recent call last):
  File "/home/mlipp/.virtualenvs/kaslr/lib/python3.8/site-packages/pyshark/capture/capture.py", line 445, in __del__
  File "/home/mlipp/.virtualenvs/kaslr/lib/python3.8/site-packages/pyshark/capture/capture.py", line 436, in close
  File "/usr/lib/python3.8/asyncio/base_events.py", line 592, in run_until_complete
  File "/usr/lib/python3.8/asyncio/base_events.py", line 553, in _check_running
AttributeError: 'NoneType' object has no attribute '_get_running_loop'
