Loading page file profiles/packet3/pages/0x6e4a.yaml
Loading page file profiles/packet3/pages/0x6e60.yaml
Loading page file profiles/packet3/pages/0x6ee3.yaml
Loading page file profiles/packet3/pages/0x7241.yaml
Loading page file profiles/packet3/pages/0x7242.yaml
Loading page file profiles/packet3/pages/0x7243.yaml
Loading page file profiles/packet3/pages/0x7244.yaml
Round 0
Subround 0
Empty DataFrame
Columns: [Timestamp, TS First Frame, TS Prev Frame]
Index: []
         Server1  Server2
Offset                   
14      224200.0  64242.0
142      18028.0   5692.0
63        6792.0   2260.0
440       6606.0   2138.0
361       6346.0   2072.0
185       6108.0   2014.0
337       6024.0   1966.0
96        6012.0   2133.0
390       5912.0   1972.0
198       5848.0   1953.0
350       5776.0   2007.0
186       5754.0   1899.0
196       5722.0   1720.0
253       5712.0   1878.0
122       5710.0   2010.0
176       5702.0   1895.0
334       5662.0   1838.0
127       5662.0   1972.0
235       5640.0   1835.0
91        5634.0   1968.0
Current: [1, 2, 3, 5, 7, 9, 10, 11, 12, 14, 15, 16, 17, 20, 22, 24, 25, 27, 31, 32, 35, 36, 38, 39, 41, 42, 44, 47, 49, 52, 57, 59, 60, 61, 62, 65, 66, 69, 74, 75, 76, 78, 79, 80, 81, 83, 84, 85, 86, 87, 90, 92, 93, 95, 97, 98, 99, 100, 104, 105, 107, 109, 112, 114, 117, 118, 123, 124, 128, 129, 138, 140, 142, 144, 145, 149, 152, 155, 158, 162, 163, 167, 168, 169, 170, 175, 182, 183, 184, 186, 187, 188, 190, 194, 195, 196, 199, 201, 203, 207, 208, 209, 214, 215, 221, 223, 226, 228, 229, 235, 236, 237, 239, 240, 241, 244, 247, 249, 251, 252, 254, 257, 259, 262, 266, 268, 269, 277, 278, 279, 282, 285, 286, 289, 290, 291, 292, 294, 296, 298, 302, 303, 304, 306, 308, 312, 315, 316, 317, 318, 320, 321, 322, 323, 324, 331, 332, 338, 339, 340, 342, 343, 348, 349, 350, 355, 359, 360, 363, 365, 366, 367, 368, 369, 370, 371, 372, 373, 375, 377, 380, 381, 383, 386, 387, 389, 390, 394, 397, 398, 401, 402, 404, 405, 406, 410, 412, 413, 417, 418, 421, 423, 426, 427, 428, 430, 431, 432, 435, 436, 437, 438, 440, 442, 444, 445, 446, 449, 450, 451, 452, 453, 454, 456, 461, 465, 466, 467, 471, 473, 476, 478, 479, 483, 484, 485, 486, 487, 488, 490, 493, 498, 503, 506, 507, 508, 510, 511]
Subround 1
         Timestamp  TS First Frame  TS Prev Frame
Offset                                           
223     26487296.0      51084193.0      1289420.5
286     24461568.0      47313159.5      1006744.5
142     24672000.0      47871208.5       996622.0
434     24767104.0      48375209.5       974477.5
473     24978176.0      48510445.0       959757.5
90      24598016.0      47890956.0       959747.0
390     24820352.0      48412094.5       953712.0
369     25041152.0      48541920.0       950526.5
280     24939904.0      48369490.0       946438.5
367     25031168.0      48397740.0       939425.0
36      24868480.0      48229815.5       935597.0
76      24471296.0      47834333.5       935475.0
84      25015936.0      48720550.5       935072.0
233     24909824.0      48300076.5       934224.5
198     24852608.0      48487253.5       933872.0
83      25045760.0      48550385.0       932836.5
508     26014592.0      50645436.0       932640.5
334     26052864.0      50718562.0       932243.5
127     24807808.0      48392555.5       930476.5
363     24806016.0      48330313.5       929478.0
         Server1   Server2
Offset                    
14      401698.0  115213.0
265      24487.0    7182.5
142      11381.0    3656.5
185       6436.0    2109.0
124       6254.0    2114.5
427       6110.0    2052.0
121       6089.0    2055.0
464       5861.0    1962.5
355       5828.0    1978.5
63        5781.0    1999.5
27        5755.0    2001.5
69        5679.0    2019.5
363       5667.0    1947.5
505       5571.0    1866.5
125       5558.0    1911.5
369       5531.0    1913.0
162       5471.0    1837.0
186       5459.0    1897.5
30        5434.0    1967.5
218       5410.0    1934.5
Current: [1, 3, 12, 14, 15, 16, 17, 28, 31, 36, 39, 42, 44, 47, 49, 52, 57, 59, 60, 66, 70, 75, 76, 78, 79, 80, 81, 83, 84, 87, 90, 92, 95, 97, 98, 99, 100, 104, 105, 109, 114, 124, 144, 149, 158, 163, 169, 175, 182, 184, 186, 187, 194, 195, 207, 209, 215, 221, 223, 226, 235, 236, 239, 244, 247, 251, 252, 254, 257, 269, 279, 282, 286, 288, 289, 291, 294, 298, 308, 317, 320, 322, 323, 324, 329, 331, 339, 342, 348, 349, 350, 355, 359, 367, 368, 369, 371, 372, 375, 377, 378, 381, 383, 386, 389, 390, 397, 401, 402, 405, 410, 412, 417, 418, 421, 423, 430, 431, 435, 436, 440, 442, 445, 446, 450, 454, 457, 461, 465, 467, 471, 473, 476, 479, 484, 485, 486, 487, 490, 493, 501]
Subround 2
         Timestamp  TS First Frame  TS Prev Frame
Offset                                           
286     24494080.0      47411025.0      1058548.0
142     24883200.0      48383395.0      1013719.0
83      24858880.0      48298182.0      1011453.0
307     24650240.0      48079464.0       990135.0
131     24971008.0      48344495.0       974618.0
351     24989696.0      48442710.0       953891.0
505     24813568.0      48294224.0       949442.0
433     25046784.0      48772035.0       937705.0
90      24678912.0      48071504.0       923165.0
416     24577536.0      47522845.0       922728.0
369     25020160.0      48935895.0       921516.0
388     24847104.0      48512505.0       918074.0
439     24759040.0      48608439.0       917971.0
66      24943616.0      48565319.0       917705.0
61      25018368.0      48474489.0       916450.0
109     24819456.0      48481576.0       914220.0
124     24980736.0      48678937.0       911287.0
480     25132288.0      48529353.0       905347.0
236     25341696.0      49171091.0       905236.0
40      24981248.0      48484468.0       904027.0
              Server1        Server2
Offset                              
14      447568.000000  128380.666667
265      17482.000000    5154.333333
142       8976.666667    2941.000000
156       7922.000000    2619.000000
185       5960.666667    1967.666667
22        5900.000000    1986.666667
427       5740.666667    1945.333333
124       5732.000000    1974.000000
27        5617.333333    1915.666667
334       5570.000000    1911.000000
121       5554.000000    1892.000000
212       5534.666667    1921.000000
291       5494.666667    1964.666667
369       5436.666667    1858.000000
30        5433.333333    1946.666667
355       5424.666667    1877.666667
36        5369.333333    1829.000000
218       5356.000000    1874.666667
363       5336.666667    1809.333333
57        5336.000000    1868.666667
Current: [1, 14, 15, 28, 49, 59, 70, 76, 78, 80, 81, 83, 84, 90, 92, 97, 98, 104, 114, 124, 144, 158, 163, 169, 194, 207, 209, 235, 236, 239, 257, 269, 279, 286, 288, 289, 291, 294, 298, 308, 317, 322, 331, 339, 342, 350, 359, 367, 377, 386, 389, 390, 401, 402, 405, 410, 417, 423, 430, 435, 436, 442, 446, 450, 454, 465, 473, 476, 484, 486, 487]
Subround 3
         Timestamp  TS First Frame  TS Prev Frame
Offset                                           
286     24695680.0      47723936.5      1006744.5
307     24726400.0      48218378.0       993687.0
142     25006336.0      48569937.5       981526.0
90      24812544.0      48336617.0       948461.5
83      24735360.0      48094853.5       936975.0
230     24950784.0      48414381.0       925668.5
131     25006336.0      48274122.0       916197.5
334     24873728.0      48509020.5       912635.5
233     24732160.0      47993364.5       911446.0
280     24939904.0      48369490.0       910807.0
28      24465792.0      47854344.0       907988.0
298     25116544.0      48718093.0       905928.5
36      24658432.0      48078895.0       903915.5
388     24606848.0      47811428.5       903260.0
132     24747392.0      48234424.0       902967.0
337     24805120.0      48330488.5       902433.5
369     24880896.0      48541920.0       901004.0
465     24802176.0      48437588.5       898612.5
416     24687744.0      48035928.0       895695.5
198     24889344.0      48434332.5       895481.0
         Server1    Server2
Offset                     
14      480599.0  137834.25
265      13591.0    4022.25
142       7702.5    2572.00
156       7038.5    2374.50
185       5865.5    1970.75
22        5791.0    1970.75
450       5744.5    1969.50
27        5675.0    1946.75
121       5645.5    1930.50
369       5549.5    1910.00
427       5546.5    1903.75
384       5515.5    1861.00
57        5437.0    1908.50
186       5403.5    1868.75
307       5351.5    1876.50
334       5349.5    1856.00
291       5344.5    1887.50
218       5318.0    1833.00
505       5291.0    1777.25
30        5259.0    1863.50
Current: [1, 9, 11, 12, 14, 15, 18, 24, 28, 31, 32, 41, 44, 49, 55, 57, 58, 59, 62, 65, 70, 76, 78, 79, 80, 81, 83, 84, 87, 90, 91, 92, 94, 95, 97, 98, 99, 102, 104, 107, 109, 111, 114, 116, 124, 138, 140, 144, 148, 158, 161, 163, 167, 169, 170, 175, 178, 182, 187, 194, 195, 196, 200, 205, 207, 208, 209, 210, 212, 219, 223, 226, 229, 235, 236, 239, 245, 247, 249, 250, 251, 252, 254, 257, 269, 270, 279, 282, 285, 286, 288, 289, 290, 291, 294, 298, 308, 309, 312, 317, 320, 321, 322, 324, 331, 339, 342, 343, 347, 349, 350, 355, 359, 361, 364, 367, 371, 373, 374, 375, 377, 383, 384, 386, 389, 390, 394, 397, 401, 402, 405, 407, 410, 412, 417, 420, 423, 428, 430, 432, 435, 436, 442, 444, 445, 446, 450, 453, 454, 461, 464, 465, 473, 476, 481, 484, 486, 487, 490, 493, 496, 501, 504, 507, 510]
Subround 4
         Timestamp  TS First Frame  TS Prev Frame
Offset                                           
307     24651008.0      48186446.0       990135.0
286     24494080.0      47780412.0       954941.0
505     24813568.0      48294224.0       949442.0
142     24883200.0      48383395.0       949333.0
90      24699904.0      48344732.0       923165.0
439     24724736.0      48556247.0       917971.0
66      24376320.0      47443117.0       917705.0
104     24404224.0      47444806.0       916899.0
431     25215488.0      48998177.0       916780.0
61      24405760.0      47916214.0       916450.0
83      24611840.0      47891525.0       909874.0
233     24928512.0      48603233.0       907003.0
480     24506368.0      47968831.0       905347.0
36      24831232.0      48548647.0       904183.0
416     24797952.0      48427104.0       901930.0
198     25092352.0      48755838.0       892898.0
280     24894208.0      48360657.0       890773.0
84      24861184.0      48655582.0       890173.0
388     24371456.0      47678762.0       888446.0
230     24895744.0      48208580.0       888018.0
         Server1   Server2
Offset                    
14      505488.8  144972.8
363      13439.2    4071.2
265      11225.6    3333.8
142       7278.0    2473.4
156       6054.4    2045.8
185       5604.4    1909.0
22        5580.8    1923.0
291       5451.6    1899.6
27        5325.2    1830.6
69        5290.4    1856.8
307       5222.8    1819.6
390       5220.0    1821.4
30        5207.2    1863.6
330       5188.0    1819.8
355       5144.8    1813.8
505       5144.4    1759.6
254       5138.0    1821.2
304       5135.6    1827.2
416       5130.4    1821.4
36        5129.6    1787.2
Current: [9, 11, 14, 18, 24, 28, 32, 49, 57, 58, 59, 70, 78, 81, 83, 90, 91, 92, 95, 98, 99, 104, 107, 111, 114, 124, 144, 148, 161, 163, 167, 182, 187, 194, 200, 207, 209, 210, 212, 219, 223, 229, 236, 239, 245, 247, 251, 252, 257, 270, 279, 291, 294, 298, 308, 309, 331, 339, 342, 347, 355, 359, 367, 371, 373, 374, 377, 384, 386, 389, 394, 397, 402, 405, 407, 412, 428, 430, 432, 435, 442, 445, 446, 454, 461, 465, 473, 476, 484, 486, 493]
Subround 5
         Timestamp  TS First Frame  TS Prev Frame
Offset                                           
307     24726784.0      48271869.0       977411.5
142     24962048.0      48517395.5       951752.5
38      24688384.0      48208586.0       925124.0
14      25477376.0      49131456.5       923518.0
161     24604416.0      47676097.0       915055.5
109     24819456.0      48481576.0       914220.0
104     24398208.0      47437494.5       909980.5
439     24741888.0      48582343.0       908130.5
233     24928512.0      48603233.0       907003.0
238     24837376.0      48157286.5       907000.5
36      24658432.0      48078895.0       896005.5
230     24950784.0      48416790.5       894805.0
66      24659968.0      48004218.0       894243.0
28      25041664.0      48502452.0       886722.0
83      24576384.0      47590386.5       886185.5
351     24969984.0      48583187.5       885808.5
416     24687744.0      47974974.5       885296.5
245     24715392.0      48112269.0       884280.0
84      24766592.0      48257983.0       884047.0
387     24907520.0      48468985.5       883333.5
              Server1        Server2
Offset                              
14      522604.333333  149913.333333
363      11594.666667    3523.666667
265       9679.000000    2887.166667
348       7025.000000    2283.333333
142       6824.000000    2340.833333
156       5787.000000    1953.666667
291       5354.000000    1873.500000
404       5348.000000    1642.500000
254       5278.000000    1844.833333
330       5258.000000    1842.000000
307       5251.333333    1831.833333
27        5226.333333    1794.000000
304       5192.333333    1828.333333
393       5167.666667    1842.000000
391       5126.000000    1808.833333
390       5121.000000    1797.666667
69        5073.333333    1769.666667
185       5030.333333    1712.000000
57        5009.333333    1743.166667
450       4991.000000    1717.166667
Current: [9, 14, 18, 24, 28, 49, 58, 59, 78, 81, 83, 90, 91, 92, 95, 104, 107, 114, 144, 161, 163, 167, 182, 194, 200, 207, 209, 210, 212, 219, 236, 252, 257, 291, 298, 339, 342, 347, 355, 373, 374, 377, 384, 386, 389, 402, 405, 407, 412, 430, 432, 435, 445, 446, 454, 465, 476, 484, 493]
Subround 6
         Timestamp  TS First Frame  TS Prev Frame
Offset                                           
307     24651008.0      48186446.0       964688.0
142     24883200.0      48383395.0       949333.0
104     24392192.0      47430183.0       903062.0
439     24724736.0      48556247.0       898290.0
233     24535808.0      47383496.0       891822.0
230     25005824.0      48625001.0       888018.0
36      24485632.0      47609143.0       887828.0
14      25456896.0      48978069.0       887498.0
389     24567552.0      48554709.0       883199.0
238     24717056.0      47956115.0       880443.0
387     24826112.0      48260011.0       879978.0
337     24805120.0      48322051.5       878023.0
84      24672000.0      47860384.0       877921.0
417     24810624.0      48377604.0       877375.5
66      24376320.0      47443117.0       870781.0
416     24797952.0      48427104.0       868663.0
28      24709888.0      48435495.0       868623.0
151     24742144.0      47908827.0       868106.0
382     24594944.0      48481675.0       867128.0
459     24731392.0      47744961.0       864789.0
              Server1        Server2
Offset                              
14      474078.571429  135989.142857
363      10496.000000    3205.571429
265       8561.714286    2559.857143
348       6710.857143    2201.142857
142       6118.857143    2094.571429
156       5180.571429    1752.428571
291       4893.714286    1708.714286
404       4847.142857    1497.142857
304       4834.000000    1705.571429
69        4829.142857    1664.428571
307       4812.857143    1674.285714
254       4809.428571    1678.142857
330       4805.428571    1679.142857
27        4783.428571    1635.571429
390       4759.142857    1665.000000
276       4734.857143    1705.142857
212       4727.428571    1666.285714
393       4720.571429    1677.428571
391       4697.142857    1652.142857
354       4631.142857    1618.142857
Current: [9, 12, 14, 16, 18, 24, 28, 47, 49, 57, 58, 59, 62, 65, 66, 76, 78, 79, 80, 81, 83, 90, 91, 92, 95, 99, 102, 104, 107, 111, 114, 129, 144, 148, 153, 155, 161, 163, 167, 175, 178, 182, 189, 194, 200, 207, 209, 210, 212, 215, 219, 225, 226, 234, 236, 239, 245, 251, 252, 257, 270, 276, 277, 279, 280, 289, 291, 298, 309, 317, 331, 339, 342, 343, 345, 347, 349, 355, 367, 369, 373, 374, 377, 383, 384, 386, 389, 390, 402, 405, 407, 412, 423, 430, 432, 435, 445, 446, 454, 461, 464, 465, 476, 484, 486, 487, 493, 504]
Subround 7
         Timestamp  TS First Frame  TS Prev Frame
Offset                                           
233     24529792.0      47363433.5       888602.0
14      25196800.0      48865594.0       878430.5
230     24950784.0      48416790.5       873627.5
387     24774784.0      48257683.0       870157.5
439     24573312.0      48204783.0       869965.5
416     24797952.0      48427104.0       868663.0
389     24728320.0      48563601.5       868489.5
142     24821760.0      48210780.5       863903.0
36      24418560.0      47510003.0       863203.0
417     24520960.0      47824253.5       862598.5
337     24576512.0      47778648.0       862588.5
198     24649600.0      48054437.0       855957.5
104     24328320.0      47437494.5       853201.0
295     24684288.0      48098929.0       851794.0
238     24566016.0      47747706.5       850076.0
161     24367360.0      47091329.0       849767.5
109     24620160.0      48075326.5       849716.0
303     24466816.0      47740954.0       848948.0
38      24346624.0      47365254.0       848866.5
129     24555520.0      47865202.5       846075.0
          Server1     Server2
Offset                       
14      437991.75  125626.000
363       9464.75    2897.250
265       8226.25    2506.500
348       6285.75    2060.875
142       5580.75    1907.500
404       4797.00    1509.250
156       4773.75    1614.750
304       4644.75    1623.875
393       4571.75    1606.750
291       4560.00    1583.875
330       4532.75    1573.750
307       4514.00    1564.750
27        4494.75    1537.000
254       4474.75    1562.250
390       4455.00    1555.000
212       4442.50    1564.000
69        4429.00    1527.250
185       4414.00    1492.000
57        4388.00    1516.000
295       4382.25    1537.625
Current: [9, 12, 14, 16, 24, 28, 47, 49, 57, 59, 62, 66, 70, 76, 78, 79, 80, 81, 83, 90, 92, 95, 99, 111, 114, 144, 155, 161, 163, 178, 194, 200, 207, 209, 210, 212, 219, 226, 234, 236, 239, 252, 257, 270, 277, 279, 280, 298, 309, 331, 339, 342, 343, 345, 355, 367, 373, 377, 384, 386, 389, 390, 405, 407, 423, 430, 432, 435, 445, 446, 454, 486, 493, 504]
Subround 8
         Timestamp  TS First Frame  TS Prev Frame
Offset                                           
233     24523776.0      47343371.0       885382.0
303     24502016.0      47471852.0       878747.0
14      24936704.0      48753119.0       869363.0
83      24540928.0      47626800.0       862497.0
387     24723456.0      48255355.0       860337.0
230     24895744.0      48208580.0       859237.0
389     24567552.0      48554709.0       853780.0
295     24642304.0      47992387.0       851567.0
417     24372480.0      47660495.0       851136.0
337     24525056.0      47732255.0       851116.0
109     24420864.0      47669077.0       848681.0
439     24421888.0      47853319.0       841641.0
129     24552960.0      47685264.0       839813.0
36      24351488.0      47410863.0       838578.0
161     24327936.0      46989047.0       838435.0
38      24341760.0      47373961.0       836655.0
90      24678912.0      47710408.0       835503.0
269     24769792.0      48345855.0       830371.0
63      24723712.0      48265410.0       827799.0
28      24221696.0      47462681.0       819936.0
              Server1        Server2
Offset                              
14      407023.333333  116741.888889
400      18139.111111    5410.555556
363       8647.333333    2649.777778
265       7836.222222    2406.666667
455       7200.666667    7467.222222
433       6586.222222    2069.777778
348       5835.555556    1914.666667
142       5176.888889    1769.333333
404       4860.666667    1535.555556
156       4459.333333    1507.333333
384       4454.888889    1506.333333
393       4416.444444    1540.111111
304       4348.666667    1517.000000
27        4330.444444    1475.555556
330       4327.777778    1500.444444
307       4325.111111    1488.000000
186       4305.333333    1483.888889
291       4279.777778    1480.444444
254       4250.666667    1483.444444
303       4218.444444    1498.777778
Current: [14, 16, 24, 28, 47, 49, 57, 59, 66, 76, 78, 79, 81, 83, 90, 92, 114, 144, 161, 163, 178, 194, 200, 207, 209, 212, 219, 236, 252, 257, 270, 277, 279, 280, 298, 309, 342, 345, 355, 367, 377, 384, 386, 389, 390, 405, 407, 423, 430, 432, 445, 446, 454, 486, 493, 504]
Subround 9
         Timestamp  TS First Frame  TS Prev Frame
Offset                                           
303     24540288.0      47761733.5       848948.0
295     24684288.0      48098929.0       844619.5
269     24779264.0      48334194.0       844517.5
83      24421632.0      47458024.0       837625.5
63      24728832.0      48267362.0       827105.5
198     24595712.0      47903979.5       822718.5
186     24664192.0      47961648.5       812619.5
367     25031168.0      48397740.0       802864.0
337     24479872.0      47778648.0       799498.5
129     24471552.0      47676786.0       798271.5
417     24330624.0      47646789.0       798244.5
90      24611584.0      47867283.0       793721.0
34      24572672.0      47803309.5       785652.0
237     24544256.0      47900987.5       773526.0
267     24579456.0      47965738.0       770638.0
76      24635648.0      48178758.5       770588.0
277     24423680.0      47782799.0       768927.5
152     24411264.0      47628793.5       765062.0
36      24418560.0      47510003.0       764382.0
210     24680704.0      47998971.0       754580.0
         Server1   Server2
Offset                    
14      386289.6  110802.2
400      16551.6    4946.8
363       8206.8    2523.9
265       7602.0    2350.7
455       6902.0    6877.4
433       6404.6    2022.0
348       5420.4    1781.7
404       4924.8    1564.7
142       4856.8    1664.1
384       4584.4    1546.9
27        4483.0    1541.4
186       4470.2    1552.1
330       4309.2    1486.0
210       4271.8    1484.2
212       4269.0    1516.1
303       4251.6    1522.4
267       4251.0    1449.4
254       4204.2    1456.3
198       4202.0    1434.0
156       4197.6    1419.9
Current: [8, 9, 12, 14, 15, 16, 18, 24, 28, 33, 47, 49, 57, 58, 59, 66, 76, 78, 79, 81, 83, 85, 90, 91, 92, 99, 106, 114, 116, 118, 144, 159, 161, 163, 165, 167, 169, 178, 182, 188, 194, 200, 207, 209, 210, 212, 213, 219, 229, 236, 238, 245, 252, 255, 257, 270, 277, 279, 280, 289, 298, 309, 331, 342, 343, 345, 355, 357, 367, 374, 377, 384, 386, 389, 390, 401, 402, 405, 407, 417, 423, 427, 430, 432, 445, 446, 454, 461, 465, 484, 486, 487, 493, 504, 511]
Subround 10
         Timestamp  TS First Frame  TS Prev Frame
Offset                                           
233     24535808.0      47383496.0       870370.0
186     24656896.0      47987129.0       857686.0
267     24673792.0      47992097.0       857017.0
295     24642304.0      47992387.0       837672.0
90      24678912.0      48024158.0       835503.0
269     24788736.0      48345855.0       830371.0
63      24723712.0      48265410.0       826412.0
334     24511744.0      48185787.0       820988.0
303     24578560.0      48051615.0       819149.0
198     24612864.0      47996047.0       819017.0
367     24976384.0      48665744.0       815902.0
36      24485632.0      47609143.0       814394.0
83      24540928.0      47626800.0       812754.0
417     24288768.0      47633083.0       802214.0
34      24551680.0      47701812.0       793905.0
277     24452096.0      47932903.0       790126.0
276     24495616.0      47787104.0       780175.0
210     24696064.0      48041174.0       774091.0
418     24742912.0      48175204.0       769213.0
54      24516864.0      48019294.0       757674.0
              Server1        Server2
Offset                              
14      369460.181818  105975.272727
400      15248.909091    4563.909091
363       7928.909091    2463.000000
265       7350.363636    2297.090909
365       7210.545455    2241.545455
455       6746.909091    6422.000000
433       6216.363636    1985.090909
348       5129.636364    1686.636364
404       4927.454545    1570.818182
142       4706.545455    1612.909091
27        4596.727273    1582.909091
384       4593.090909    1559.909091
186       4510.000000    1557.636364
267       4354.181818    1511.181818
269       4333.454545    1538.090909
303       4318.545455    1545.818182
212       4310.545455    1523.454545
410       4310.000000    1510.454545
210       4295.636364    1501.818182
418       4284.727273    1470.000000
Current: [12, 14, 15, 16, 18, 24, 28, 33, 47, 49, 57, 59, 66, 70, 76, 78, 79, 81, 83, 85, 90, 91, 92, 99, 114, 144, 161, 163, 165, 169, 178, 194, 200, 207, 209, 210, 212, 213, 219, 236, 238, 252, 255, 257, 270, 277, 289, 298, 309, 331, 342, 355, 357, 367, 374, 377, 386, 389, 390, 401, 402, 405, 407, 417, 423, 427, 430, 432, 445, 454, 465, 493, 504]
Subround 11
         Timestamp  TS First Frame  TS Prev Frame
Offset                                           
90      24685312.0      48047831.0       844632.5
63      24632704.0      47908592.5       827105.5
417     24330624.0      47646789.0       826675.0
367     24888576.0      48368750.0       818817.0
269     24779264.0      48334194.0       812692.0
186     24602624.0      47961648.5       812062.0
83      24571008.0      47746600.0       810140.5
198     24595712.0      47903979.5       798392.0
129     24462976.0      47663706.0       798271.5
34      24534272.0      47634796.0       785652.0
337     24480000.0      47862008.5       784005.5
387     24563328.0      47934551.0       783823.5
505     24591744.0      48059977.0       783783.0
267     24714368.0      48108301.0       775811.0
277     24467200.0      47782799.0       768927.5
384     24680960.0      48167451.0       766396.0
54      24484096.0      47878905.0       766020.5
36      24418560.0      47510003.0       762642.5
237     24544256.0      47900987.5       760260.5
303     24540288.0      47761733.5       755239.5
              Server1        Server2
Offset                              
14      352292.833333  101044.083333
363      14318.166667    4308.833333
400      14177.666667    4249.333333
368      10577.166667    3239.416667
265       6944.333333    2176.000000
365       6781.666667    2112.750000
455       6506.666667    6010.250000
433       6040.333333    1941.166667
421       5572.333333    1815.583333
348       4880.000000    1605.416667
19        4879.500000    1574.250000
404       4781.833333    1525.583333
142       4694.833333    1616.500000
384       4688.333333    1596.000000
27        4633.000000    1600.083333
186       4464.000000    1544.666667
210       4395.500000    1529.500000
212       4386.333333    1541.833333
269       4374.833333    1543.583333
267       4345.000000    1508.416667
Current: [14, 15, 16, 18, 28, 59, 66, 70, 76, 78, 79, 81, 83, 90, 91, 99, 114, 144, 161, 163, 194, 200, 207, 209, 212, 238, 252, 257, 270, 298, 309, 331, 342, 355, 374, 377, 386, 389, 390, 401, 407, 417, 423, 427, 430, 445, 454, 465, 504]
Subround 12
         Timestamp  TS First Frame  TS Prev Frame
Offset                                           
90      24691712.0      48071504.0       865523.0
186     24503552.0      47856563.0       858243.5
84      24672000.0      47860384.0       856399.0
269     24811008.0      48400340.0       844517.5
387     24723456.0      48255355.0       842912.0
63      24723712.0      48265410.0       827799.0
334     24511744.0      47629252.0       820988.0
198     24612864.0      47996047.0       819017.0
367     24800768.0      48071756.0       815902.0
83      24601088.0      47866400.0       807527.0
384     24771968.0      48342589.0       802902.0
417     24372480.0      47660495.0       802214.0
34      24551680.0      47701812.0       793905.0
54      24451328.0      47738516.0       774367.0
237     24596224.0      48028068.0       771098.0
210     24696064.0      48042475.0       770237.0
66      24364544.0      47436253.0       767124.0
230     24782336.0      48203761.0       767035.0
152     24482304.0      47630521.0       763827.0
330     24267008.0      47609173.0       762109.0
              Server1       Server2
Offset                             
14      336122.000000  96406.000000
363      13676.615385   4144.230769
400      13255.384615   3978.923077
368      10179.692308   3129.076923
265       6776.615385   2142.692308
455       6442.307692   5707.846154
365       6390.615385   1995.615385
433       6047.384615   1962.769231
421       5397.230769   1784.076923
404       4839.538462   1547.461538
384       4828.153846   1636.307692
142       4674.461538   1624.000000
348       4674.153846   1538.153846
19        4654.461538   1504.384615
27        4643.076923   1598.769231
267       4500.615385   1551.384615
410       4487.692308   1575.153846
186       4483.692308   1559.230769
94        4427.230769   1409.692308
210       4419.846154   1547.692308
Current: [14, 16, 28, 59, 66, 76, 79, 81, 83, 90, 99, 161, 194, 200, 207, 209, 212, 238, 257, 270, 298, 309, 342, 377, 389, 390, 401, 407, 423, 430, 504]
Subround 13
         Timestamp  TS First Frame  TS Prev Frame
Offset                                           
90      24693888.0      48072483.5       876828.5
186     24548352.0      47936168.0       858801.0
387     24723968.0      48257683.0       851624.5
384     24832768.0      48191291.0       839408.0
334     24544640.0      47907519.5       835218.5
269     24788736.0      48345855.0       830371.0
63      24728832.0      48218058.0       829742.5
417     24393984.0      47646789.0       826675.0
84      24633984.0      47829396.0       826143.5
198     24686336.0      48029981.0       819017.0
367     24888576.0      48368750.0       818817.0
230     24816512.0      48206170.5       813136.0
83      24606464.0      47790521.5       810140.5
152     24506752.0      47869716.5       801378.5
54      24484096.0      47878905.0       798332.5
34      24572672.0      47803309.5       785652.0
319     24613504.0      48060920.0       783601.0
508     24729600.0      48229633.5       782771.5
422     24435456.0      47487799.0       782291.5
150     24545664.0      47914554.5       781774.5
              Server1       Server2
Offset                             
14      323146.285714  92682.142857
363      13058.857143   3976.214286
400      12466.142857   3747.071429
368       9871.428571   3040.928571
265       6623.571429   2109.571429
455       6373.857143   5437.142857
365       6083.857143   1901.357143
433       5950.857143   1943.500000
227       5434.428571   1729.285714
421       5357.714286   1776.214286
384       5008.000000   1702.000000
194       4862.285714   1543.142857
142       4759.714286   1643.785714
27        4677.857143   1606.714286
404       4652.000000   1490.714286
267       4625.285714   1585.714286
186       4538.857143   1580.714286
348       4508.142857   1485.071429
410       4494.285714   1583.071429
19        4486.857143   1451.642857
Current: [12, 14, 16, 18, 28, 47, 50, 59, 66, 76, 78, 79, 81, 83, 85, 90, 91, 97, 99, 144, 161, 163, 178, 194, 200, 207, 209, 212, 229, 234, 238, 245, 252, 255, 257, 270, 289, 297, 298, 309, 342, 343, 355, 357, 374, 377, 379, 389, 390, 401, 407, 417, 423, 430, 444, 493, 504]
Subround 14
         Timestamp  TS First Frame  TS Prev Frame
Offset                                           
90      24696064.0      48073463.0       888134.0
186     24602624.0      47961648.5       871105.5
334     24691456.0      48297432.5       865332.0
267     24754944.0      48224505.0       857017.0
387     24723456.0      48255355.0       842912.0
390     24534272.0      47949112.0       829619.0
212     24815616.0      48304949.0       828550.0
63      24723712.0      48170706.0       827799.0
198     24730880.0      48071404.0       822718.5
508     24833536.0      48342496.0       822035.0
367     24888576.0      48588115.5       818817.0
319     24615168.0      48095695.0       816552.0
83      24611840.0      47866400.0       812754.0
269     24811008.0      48400340.0       812692.0
384     24847872.0      48354509.0       802902.0
233     24621824.0      47792506.0       802796.0
417     24372480.0      47633083.0       802214.0
237     24699264.0      48238355.5       802167.5
54      24516864.0      48019294.0       798726.0
84      24595968.0      47798408.0       795888.0
              Server1       Server2
Offset                             
14      315200.000000  90396.133333
363      12517.600000   3830.600000
400      11782.533333   3544.866667
368       9586.800000   2968.000000
265       6505.866667   2093.333333
455       6234.666667   5180.266667
433       5846.666667   1926.066667
365       5813.600000   1820.133333
421       5283.333333   1756.600000
227       5213.066667   1661.066667
384       5133.733333   1747.000000
194       4714.533333   1497.266667
142       4691.333333   1630.200000
27        4670.400000   1614.133333
267       4589.466667   1578.400000
212       4563.733333   1605.133333
186       4550.933333   1596.333333
404       4518.266667   1452.066667
410       4496.400000   1580.266667
334       4478.133333   1566.266667
Current: [14, 16, 28, 50, 59, 66, 70, 76, 78, 79, 81, 83, 97, 99, 144, 163, 178, 194, 200, 212, 234, 238, 257, 270, 289, 297, 298, 309, 342, 343, 355, 357, 374, 377, 379, 389, 390, 401, 407, 417, 430, 493, 504]
Subround 15
         Timestamp  TS First Frame  TS Prev Frame
Offset                                           
90      24693888.0      48072483.5       889961.5
186     24548352.0      47936168.0       858801.0
83      24639488.0      47891525.0       855124.0
387     24723968.0      48038813.5       851624.5
212     24887552.0      48457724.5       850892.0
334     24577536.0      48185787.0       849449.0
367     24888576.0      48588115.5       839538.5
384     24862976.0      48517727.0       839408.0
233     24667008.0      47844858.0       836583.0
508     24729600.0      48229633.5       833725.5
390     24534272.0      47949112.0       829619.0
63      24723712.0      48170706.0       827799.0
230     24756992.0      48188697.5       820249.0
198     24686336.0      48029981.0       819017.0
319     24613504.0      48060920.0       818286.5
267     24840448.0      48336580.5       818104.0
152     24506752.0      47869716.5       809601.5
437     24562176.0      48007016.0       802538.0
330     24558208.0      47843455.0       799866.5
84      24633984.0      47829396.0       796361.0
           Server1     Server2
Offset                        
14      307919.125  88308.5000
363      12096.750   3712.5625
40       11835.750   3647.1875
400      11177.375   3366.0000
368       9335.625   2904.0000
265       6382.125   2066.0625
455       6067.750   4942.8750
433       5840.375   1937.7500
365       5572.500   1745.5625
421       5248.000   1761.4375
384       5117.500   1741.0000
227       5043.000   1607.9375
27        4707.500   1622.9375
267       4605.875   1589.0000
212       4594.875   1617.6250
142       4584.500   1600.3125
194       4564.000   1450.5625
186       4558.500   1602.1875
404       4540.750   1463.9375
334       4521.125   1576.5000
Current: [14, 50, 59, 66, 70, 76, 79, 81, 83, 99, 144, 163, 194, 200, 212, 257, 270, 298, 309, 342, 343, 357, 377, 379, 390, 407, 417, 430, 493, 504]
         Timestamp  TS First Frame  TS Prev Frame
Offset                                           
90      24693888.0      48072483.5       889961.5
186     24548352.0      47936168.0       858801.0
83      24639488.0      47891525.0       855124.0
387     24723968.0      48038813.5       851624.5
212     24887552.0      48457724.5       850892.0
334     24577536.0      48185787.0       849449.0
367     24888576.0      48588115.5       839538.5
384     24862976.0      48517727.0       839408.0
233     24667008.0      47844858.0       836583.0
508     24729600.0      48229633.5       833725.5
390     24534272.0      47949112.0       829619.0
63      24723712.0      48170706.0       827799.0
230     24756992.0      48188697.5       820249.0
198     24686336.0      48029981.0       819017.0
319     24613504.0      48060920.0       818286.5
267     24840448.0      48336580.5       818104.0
152     24506752.0      47869716.5       809601.5
437     24562176.0      48007016.0       802538.0
330     24558208.0      47843455.0       799866.5
84      24633984.0      47829396.0       796361.0
           Server1     Server2
Offset                        
14      307919.125  88308.5000
363      12096.750   3712.5625
40       11835.750   3647.1875
400      11177.375   3366.0000
368       9335.625   2904.0000
265       6382.125   2066.0625
455       6067.750   4942.8750
433       5840.375   1937.7500
365       5572.500   1745.5625
421       5248.000   1761.4375
384       5117.500   1741.0000
227       5043.000   1607.9375
27        4707.500   1622.9375
267       4605.875   1589.0000
212       4594.875   1617.6250
142       4584.500   1600.3125
194       4564.000   1450.5625
186       4558.500   1602.1875
404       4540.750   1463.9375
334       4521.125   1576.5000
New pairs
[[14, 83], [342, 309], [298, 163], [377, 50], [493, 81], [257, 504], [194, 76], [390, 357], [212, 79], [430, 270], [200, 99], [407, 144], [379, 417], [70, 59], [66, 343]]
Round 1
Subround 0
         Timestamp  TS First Frame  TS Prev Frame
Offset                                           
90      24693888.0      48072483.5       889961.5
212     24990464.0      48628665.5       874417.0
83      24631808.0      47896578.0       858810.5
186     24548352.0      47936168.0       858801.0
387     24723968.0      48038813.5       851624.5
334     24577536.0      48185787.0       849449.0
367     24888576.0      48588115.5       839538.5
384     24862976.0      48517727.0       839408.0
233     24667008.0      47844858.0       836583.0
508     24729600.0      48229633.5       833725.5
63      24723712.0      48170706.0       827799.0
99      24854272.0      48415490.0       825711.0
230     24756992.0      48188697.5       820249.0
198     24686336.0      48029981.0       819017.0
319     24613504.0      48060920.0       818286.5
267     24840448.0      48336580.5       818104.0
152     24506752.0      47869716.5       809601.5
437     24562176.0      48007016.0       802538.0
330     24558208.0      47843455.0       799866.5
84      24633984.0      47829396.0       796361.0
              Server1       Server2
Offset                             
14      319957.647059  91756.176471
363      12096.750000   3712.562500
40       11835.750000   3647.187500
400      11177.375000   3366.000000
368       9335.625000   2904.000000
265       6382.125000   2066.062500
455       6067.750000   4942.875000
433       5840.375000   1937.750000
365       5572.500000   1745.562500
421       5248.000000   1761.437500
384       5117.500000   1741.000000
227       5043.000000   1607.937500
27        4707.500000   1622.937500
212       4659.058824   1638.882353
267       4605.875000   1589.000000
142       4584.500000   1600.312500
186       4558.500000   1602.187500
404       4540.750000   1463.937500
334       4521.125000   1576.500000
22        4499.250000   1547.187500
Current: [14, 76, 81, 144, 200, 212, 257, 298, 342, 377, 390, 430]
Subround 1
         Timestamp  TS First Frame  TS Prev Frame
Offset                                           
90      24693888.0      48072483.5       889961.5
212     25017600.0      48646831.0       875600.0
186     24548352.0      47936168.0       858801.0
83      24624128.0      47891525.0       855124.0
387     24723968.0      48038813.5       851624.5
334     24577536.0      48185787.0       849449.0
99      24644096.0      48007874.5       842474.0
367     24888576.0      48588115.5       839538.5
384     24862976.0      48517727.0       839408.0
233     24667008.0      47844858.0       836583.0
508     24729600.0      48229633.5       833725.5
63      24723712.0      48170706.0       827799.0
230     24756992.0      48188697.5       820249.0
198     24686336.0      48029981.0       819017.0
319     24613504.0      48060920.0       818286.5
267     24840448.0      48336580.5       818104.0
152     24506752.0      47869716.5       809601.5
437     24562176.0      48007016.0       802538.0
330     24558208.0      47843455.0       799866.5
84      24633984.0      47829396.0       796361.0
              Server1       Server2
Offset                             
14      323449.555556  92756.722222
363      12096.750000   3712.562500
40       11835.750000   3647.187500
400      11177.375000   3366.000000
368       9335.625000   2904.000000
265       6382.125000   2066.062500
455       6067.750000   4942.875000
433       5840.375000   1937.750000
365       5572.500000   1745.562500
421       5248.000000   1761.437500
384       5117.500000   1741.000000
227       5043.000000   1607.937500
27        4707.500000   1622.937500
212       4644.000000   1637.166667
267       4605.875000   1589.000000
142       4584.500000   1600.312500
186       4558.500000   1602.187500
404       4540.750000   1463.937500
334       4521.125000   1576.500000
22        4499.250000   1547.187500
Current: [14, 59, 144, 212, 257, 343, 377, 417, 430]
Subround 2
         Timestamp  TS First Frame  TS Prev Frame
Offset                                           
212     25019520.0      48673520.0       894028.5
90      24693888.0      48072483.5       889961.5
186     24548352.0      47936168.0       858801.0
387     24723968.0      48038813.5       851624.5
334     24577536.0      48185787.0       849449.0
390     24578432.0      47901019.0       846862.0
99      24433920.0      47600259.0       846597.0
367     24888576.0      48588115.5       839538.5
384     24862976.0      48517727.0       839408.0
233     24667008.0      47844858.0       836583.0
83      24617984.0      47878962.5       833939.0
508     24729600.0      48229633.5       833725.5
63      24723712.0      48170706.0       827799.0
230     24756992.0      48188697.5       820249.0
198     24686336.0      48029981.0       819017.0
319     24613504.0      48060920.0       818286.5
267     24840448.0      48336580.5       818104.0
152     24506752.0      47869716.5       809601.5
437     24562176.0      48007016.0       802538.0
330     24558208.0      47843455.0       799866.5
              Server1       Server2
Offset                             
14      320067.684211  91782.631579
363      12096.750000   3712.562500
40       11835.750000   3647.187500
400      11177.375000   3366.000000
368       9335.625000   2904.000000
265       6382.125000   2066.062500
455       6067.750000   4942.875000
433       5840.375000   1937.750000
365       5572.500000   1745.562500
421       5248.000000   1761.437500
384       5117.500000   1741.000000
227       5043.000000   1607.937500
27        4707.500000   1622.937500
212       4641.052632   1633.368421
267       4605.875000   1589.000000
142       4584.500000   1600.312500
186       4558.500000   1602.187500
404       4540.750000   1463.937500
334       4521.125000   1576.500000
22        4499.250000   1547.187500
Current: [59, 343, 417]
Subround 3
         Timestamp  TS First Frame  TS Prev Frame
Offset                                           
90      24693888.0      48072483.5       889961.5
212     25017600.0      48646831.0       875600.0
186     24548352.0      47936168.0       858801.0
83      24624128.0      47891525.0       855124.0
99      24644096.0      48007874.5       852917.0
387     24723968.0      48038813.5       851624.5
334     24577536.0      48185787.0       849449.0
367     24888576.0      48588115.5       839538.5
384     24862976.0      48517727.0       839408.0
233     24667008.0      47844858.0       836583.0
508     24729600.0      48229633.5       833725.5
63      24723712.0      48170706.0       827799.0
230     24756992.0      48188697.5       820249.0
198     24686336.0      48029981.0       819017.0
319     24613504.0      48060920.0       818286.5
267     24840448.0      48336580.5       818104.0
152     24506752.0      47869716.5       809601.5
430     24692992.0      48414583.0       803414.0
437     24562176.0      48007016.0       802538.0
330     24558208.0      47843455.0       799866.5
           Server1     Server2
Offset                        
14      325155.400  93234.4000
363      12096.750   3712.5625
40       11835.750   3647.1875
400      11177.375   3366.0000
368       9335.625   2904.0000
265       6382.125   2066.0625
455       6067.750   4942.8750
433       5840.375   1937.7500
365       5572.500   1745.5625
421       5248.000   1761.4375
384       5117.500   1741.0000
227       5043.000   1607.9375
27        4707.500   1622.9375
212       4649.200   1638.2000
267       4605.875   1589.0000
142       4584.500   1600.3125
186       4558.500   1602.1875
404       4540.750   1463.9375
334       4521.125   1576.5000
22        4499.250   1547.1875
Current: [212, 298, 343, 377, 417, 430]
Subround 4
         Timestamp  TS First Frame  TS Prev Frame
Offset                                           
90      24693888.0      48072483.5       889961.5
212     25019520.0      48673520.0       874417.0
83      24631808.0      47896578.0       858810.5
186     24548352.0      47936168.0       858801.0
99      24644096.0      48007874.5       852917.0
387     24723968.0      48038813.5       851624.5
334     24577536.0      48185787.0       849449.0
367     24888576.0      48588115.5       839538.5
384     24862976.0      48517727.0       839408.0
233     24667008.0      47844858.0       836583.0
508     24729600.0      48229633.5       833725.5
63      24723712.0      48170706.0       827799.0
230     24756992.0      48188697.5       820249.0
198     24686336.0      48029981.0       819017.0
319     24613504.0      48060920.0       818286.5
267     24840448.0      48336580.5       818104.0
430     24670080.0      48404989.5       812899.5
152     24506752.0      47869716.5       809601.5
437     24562176.0      48007016.0       802538.0
330     24558208.0      47843455.0       799866.5
              Server1       Server2
Offset                             
14      335360.571429  96163.952381
363      12096.750000   3712.562500
40       11835.750000   3647.187500
400      11177.375000   3366.000000
368       9335.625000   2904.000000
265       6382.125000   2066.062500
455       6067.750000   4942.875000
433       5840.375000   1937.750000
365       5572.500000   1745.562500
421       5248.000000   1761.437500
384       5117.500000   1741.000000
227       5043.000000   1607.937500
27        4707.500000   1622.937500
212       4696.000000   1653.571429
267       4605.875000   1589.000000
142       4584.500000   1600.312500
186       4558.500000   1602.187500
404       4540.750000   1463.937500
334       4521.125000   1576.500000
22        4499.250000   1547.187500
Current: [144, 212, 343, 377, 417, 430]
Subround 5
         Timestamp  TS First Frame  TS Prev Frame
Offset                                           
90      24693888.0      48072483.5       889961.5
212     25017600.0      48646831.0       873234.0
186     24548352.0      47936168.0       858801.0
99      24710016.0      48077517.0       852917.0
387     24723968.0      48038813.5       851624.5
334     24577536.0      48185787.0       849449.0
367     24888576.0      48588115.5       839538.5
384     24862976.0      48517727.0       839408.0
233     24667008.0      47844858.0       836583.0
83      24617984.0      47878962.5       833939.0
508     24729600.0      48229633.5       833725.5
63      24723712.0      48170706.0       827799.0
430     24647168.0      48395396.0       822385.0
230     24756992.0      48188697.5       820249.0
198     24686336.0      48029981.0       819017.0
319     24613504.0      48060920.0       818286.5
267     24840448.0      48336580.5       818104.0
152     24506752.0      47869716.5       809601.5
437     24562176.0      48007016.0       802538.0
330     24558208.0      47843455.0       799866.5
              Server1       Server2
Offset                             
14      327200.454545  93824.045455
363      12096.750000   3712.562500
40       11835.750000   3647.187500
400      11177.375000   3366.000000
368       9335.625000   2904.000000
265       6382.125000   2066.062500
455       6067.750000   4942.875000
433       5840.375000   1937.750000
365       5572.500000   1745.562500
421       5248.000000   1761.437500
384       5117.500000   1741.000000
227       5043.000000   1607.937500
212       4753.909091   1669.227273
27        4707.500000   1622.937500
267       4605.875000   1589.000000
142       4584.500000   1600.312500
186       4558.500000   1602.187500
404       4540.750000   1463.937500
334       4521.125000   1576.500000
22        4499.250000   1547.187500
Current: [343, 417, 430]
Subround 6
         Timestamp  TS First Frame  TS Prev Frame
Offset                                           
90      24693888.0      48072483.5       889961.5
212     24988544.0      48628665.5       868992.0
186     24548352.0      47936168.0       858801.0
99      24710016.0      48077517.0       852917.0
387     24723968.0      48038813.5       851624.5
334     24577536.0      48185787.0       849449.0
367     24888576.0      48588115.5       839538.5
384     24862976.0      48517727.0       839408.0
83      24617984.0      47878962.5       837201.0
233     24667008.0      47844858.0       836583.0
508     24729600.0      48229633.5       833725.5
63      24723712.0      48170706.0       827799.0
430     24647168.0      48395396.0       822385.0
230     24756992.0      48188697.5       820249.0
198     24686336.0      48029981.0       819017.0
319     24613504.0      48060920.0       818286.5
267     24840448.0      48336580.5       818104.0
152     24506752.0      47869716.5       809601.5
437     24562176.0      48007016.0       802538.0
330     24558208.0      47843455.0       799866.5
              Server1       Server2
Offset                             
14      330819.043478  94852.869565
363      12096.750000   3712.562500
40       11835.750000   3647.187500
400      11177.375000   3366.000000
368       9335.625000   2904.000000
265       6382.125000   2066.062500
455       6067.750000   4942.875000
433       5840.375000   1937.750000
365       5572.500000   1745.562500
421       5248.000000   1761.437500
384       5117.500000   1741.000000
227       5043.000000   1607.937500
212       4795.304348   1678.304348
27        4707.500000   1622.937500
267       4605.875000   1589.000000
142       4584.500000   1600.312500
186       4558.500000   1602.187500
404       4540.750000   1463.937500
334       4521.125000   1576.500000
22        4499.250000   1547.187500
Current: [343, 357, 417, 430]
Subround 7
         Timestamp  TS First Frame  TS Prev Frame
Offset                                           
90      24693888.0      48072483.5       889961.5
212     24988544.0      48628665.5       868992.0
186     24548352.0      47936168.0       858801.0
387     24723968.0      48038813.5       851624.5
334     24577536.0      48185787.0       849449.0
430     24692992.0      48395396.0       848223.0
367     24888576.0      48588115.5       839538.5
384     24862976.0      48517727.0       839408.0
233     24667008.0      47844858.0       836583.0
99      24883200.0      48417224.5       836154.0
508     24729600.0      48229633.5       833725.5
390     24622592.0      47949112.0       829619.0
63      24723712.0      48170706.0       827799.0
230     24756992.0      48188697.5       820249.0
198     24686336.0      48029981.0       819017.0
319     24613504.0      48060920.0       818286.5
267     24840448.0      48336580.5       818104.0
83      24606464.0      47829832.0       816016.0
152     24506752.0      47869716.5       809601.5
437     24562176.0      48007016.0       802538.0
              Server1       Server2
Offset                             
14      323599.333333  92782.291667
363      12096.750000   3712.562500
40       11835.750000   3647.187500
400      11177.375000   3366.000000
368       9335.625000   2904.000000
265       6382.125000   2066.062500
455       6067.750000   4942.875000
433       5840.375000   1937.750000
365       5572.500000   1745.562500
421       5248.000000   1761.437500
384       5117.500000   1741.000000
227       5043.000000   1607.937500
212       4817.083333   1686.500000
27        4707.500000   1622.937500
267       4605.875000   1589.000000
142       4584.500000   1600.312500
186       4558.500000   1602.187500
404       4540.750000   1463.937500
334       4521.125000   1576.500000
22        4499.250000   1547.187500
Current: [144, 343, 357, 417]
Subround 8
         Timestamp  TS First Frame  TS Prev Frame
Offset                                           
90      24693888.0      48072483.5       889961.5
212     24959488.0      48610500.0       873234.0
186     24548352.0      47936168.0       858801.0
387     24723968.0      48038813.5       851624.5
334     24577536.0      48185787.0       849449.0
430     24710144.0      48404989.5       847037.0
367     24888576.0      48588115.5       839538.5
384     24862976.0      48517727.0       839408.0
233     24667008.0      47844858.0       836583.0
508     24729600.0      48229633.5       833725.5
390     24632064.0      47962392.5       830034.0
63      24723712.0      48170706.0       827799.0
99      24854272.0      48415490.0       825711.0
230     24756992.0      48188697.5       820249.0
198     24686336.0      48029981.0       819017.0
319     24613504.0      48060920.0       818286.5
267     24840448.0      48336580.5       818104.0
83      24601088.0      47793264.0       812754.0
152     24506752.0      47869716.5       809601.5
437     24562176.0      48007016.0       802538.0
           Server1     Server2
Offset                        
14      317466.240  91023.2800
363      12096.750   3712.5625
40       11835.750   3647.1875
400      11177.375   3366.0000
368       9335.625   2904.0000
265       6382.125   2066.0625
455       6067.750   4942.8750
433       5840.375   1937.7500
365       5572.500   1745.5625
421       5248.000   1761.4375
384       5117.500   1741.0000
227       5043.000   1607.9375
212       4797.680   1682.6400
27        4707.500   1622.9375
267       4605.875   1589.0000
142       4584.500   1600.3125
186       4558.500   1602.1875
404       4540.750   1463.9375
334       4521.125   1576.5000
22        4499.250   1547.1875
Current: [144, 343, 357, 417]
Subround 9
         Timestamp  TS First Frame  TS Prev Frame
Offset                                           
90      24693888.0      48072483.5       889961.5
212     24957184.0      48628665.5       868992.0
186     24548352.0      47936168.0       858801.0
387     24723968.0      48038813.5       851624.5
334     24577536.0      48185787.0       849449.0
430     24692992.0      48395396.0       848223.0
367     24888576.0      48588115.5       839538.5
384     24862976.0      48517727.0       839408.0
233     24667008.0      47844858.0       836583.0
508     24729600.0      48229633.5       833725.5
390     24641536.0      47975673.0       829619.0
63      24723712.0      48170706.0       827799.0
230     24756992.0      48188697.5       820249.0
198     24686336.0      48029981.0       819017.0
319     24613504.0      48060920.0       818286.5
267     24840448.0      48336580.5       818104.0
83      24571008.0      47753953.5       810140.5
152     24506752.0      47869716.5       809601.5
437     24562176.0      48007016.0       802538.0
99      24710016.0      48130211.5       800492.5
              Server1       Server2
Offset                             
14      312193.846154  89510.846154
363      12096.750000   3712.562500
40       11835.750000   3647.187500
400      11177.375000   3366.000000
368       9335.625000   2904.000000
265       6382.125000   2066.062500
455       6067.750000   4942.875000
433       5840.375000   1937.750000
365       5572.500000   1745.562500
421       5248.000000   1761.437500
384       5117.500000   1741.000000
227       5043.000000   1607.937500
212       4792.692308   1678.807692
27        4707.500000   1622.937500
267       4605.875000   1589.000000
142       4584.500000   1600.312500
186       4558.500000   1602.187500
404       4540.750000   1463.937500
334       4521.125000   1576.500000
22        4499.250000   1547.187500
Current: [144, 200, 309, 343, 357, 430]
Subround 10
         Timestamp  TS First Frame  TS Prev Frame
Offset                                           
90      24693888.0      48072483.5       889961.5
212     24959488.0      48646831.0       864750.0
186     24548352.0      47936168.0       858801.0
387     24723968.0      48038813.5       851624.5
334     24577536.0      48185787.0       849449.0
430     24670080.0      48377262.5       847037.0
367     24888576.0      48588115.5       839538.5
384     24862976.0      48517727.0       839408.0
233     24667008.0      47844858.0       836583.0
508     24729600.0      48229633.5       833725.5
390     24633088.0      48032948.0       830034.0
63      24723712.0      48170706.0       827799.0
230     24756992.0      48188697.5       820249.0
198     24686336.0      48029981.0       819017.0
319     24613504.0      48060920.0       818286.5
267     24840448.0      48336580.5       818104.0
152     24506752.0      47869716.5       809601.5
83      24540928.0      47793264.0       807527.0
437     24562176.0      48007016.0       802538.0
357     24745984.0      48072349.0       800247.0
              Server1       Server2
Offset                             
14      306672.962963  87930.333333
363      12096.750000   3712.562500
40       11835.750000   3647.187500
400      11177.375000   3366.000000
368       9335.625000   2904.000000
265       6382.125000   2066.062500
455       6067.750000   4942.875000
433       5840.375000   1937.750000
365       5572.500000   1745.562500
421       5248.000000   1761.437500
384       5117.500000   1741.000000
227       5043.000000   1607.937500
212       4793.037037   1680.592593
27        4707.500000   1622.937500
267       4605.875000   1589.000000
142       4584.500000   1600.312500
186       4558.500000   1602.187500
404       4540.750000   1463.937500
334       4521.125000   1576.500000
22        4499.250000   1547.187500
Current: [144, 200, 309, 343, 357]
Subround 11
         Timestamp  TS First Frame  TS Prev Frame
Offset                                           
90      24693888.0      48072483.5       889961.5
212     24957184.0      48628665.5       862486.0
186     24548352.0      47936168.0       858801.0
387     24723968.0      48038813.5       851624.5
334     24577536.0      48185787.0       849449.0
430     24647168.0      48359129.0       845851.0
367     24888576.0      48588115.5       839538.5
384     24862976.0      48517727.0       839408.0
233     24667008.0      47844858.0       836583.0
508     24729600.0      48229633.5       833725.5
390     24641536.0      48090223.0       829619.0
63      24723712.0      48170706.0       827799.0
230     24756992.0      48188697.5       820249.0
198     24686336.0      48029981.0       819017.0
319     24613504.0      48060920.0       818286.5
267     24840448.0      48336580.5       818104.0
357     24714240.0      48065089.0       811347.0
152     24506752.0      47869716.5       809601.5
437     24562176.0      48007016.0       802538.0
330     24558208.0      47843455.0       799866.5
              Server1       Server2
Offset                             
14      301840.142857  86542.321429
363      12096.750000   3712.562500
40       11835.750000   3647.187500
400      11177.375000   3366.000000
368       9335.625000   2904.000000
265       6382.125000   2066.062500
455       6067.750000   4942.875000
433       5840.375000   1937.750000
365       5572.500000   1745.562500
421       5248.000000   1761.437500
384       5117.500000   1741.000000
227       5043.000000   1607.937500
212       4786.785714   1680.464286
27        4707.500000   1622.937500
267       4605.875000   1589.000000
142       4584.500000   1600.312500
186       4558.500000   1602.187500
404       4540.750000   1463.937500
334       4521.125000   1576.500000
22        4499.250000   1547.187500
Current: [144, 309, 343, 357]
Subround 12
         Timestamp  TS First Frame  TS Prev Frame
Offset                                           
90      24693888.0      48072483.5       889961.5
212     24954880.0      48610500.0       860222.0
186     24548352.0      47936168.0       858801.0
387     24723968.0      48038813.5       851624.5
334     24577536.0      48185787.0       849449.0
367     24888576.0      48588115.5       839538.5
384     24862976.0      48517727.0       839408.0
233     24667008.0      47844858.0       836583.0
508     24729600.0      48229633.5       833725.5
390     24651648.0      48092385.5       829218.5
63      24723712.0      48170706.0       827799.0
230     24756992.0      48188697.5       820249.0
198     24686336.0      48029981.0       819017.0
319     24613504.0      48060920.0       818286.5
267     24840448.0      48336580.5       818104.0
430     24520960.0      48165153.5       812899.5
152     24506752.0      47869716.5       809601.5
437     24562176.0      48007016.0       802538.0
357     24745984.0      48072349.0       800247.0
330     24558208.0      47843455.0       799866.5
              Server1       Server2
Offset                             
14      296964.137931  85144.517241
363      12096.750000   3712.562500
40       11835.750000   3647.187500
400      11177.375000   3366.000000
368       9335.625000   2904.000000
265       6382.125000   2066.062500
455       6067.750000   4942.875000
433       5840.375000   1937.750000
365       5572.500000   1745.562500
421       5248.000000   1761.437500
384       5117.500000   1741.000000
227       5043.000000   1607.937500
212       4749.862069   1665.068966
27        4707.500000   1622.937500
267       4605.875000   1589.000000
142       4584.500000   1600.312500
186       4558.500000   1602.187500
404       4540.750000   1463.937500
334       4521.125000   1576.500000
22        4499.250000   1547.187500
Current: [144, 309]
Subround 13
         Timestamp  TS First Frame  TS Prev Frame
Offset                                           
90      24693888.0      48072483.5       889961.5
212     24898048.0      48590986.0       859466.0
186     24548352.0      47936168.0       858801.0
387     24723968.0      48038813.5       851624.5
334     24577536.0      48185787.0       849449.0
367     24888576.0      48588115.5       839538.5
384     24862976.0      48517727.0       839408.0
233     24667008.0      47844858.0       836583.0
508     24729600.0      48229633.5       833725.5
390     24661760.0      48094548.0       829619.0
63      24723712.0      48170706.0       827799.0
230     24756992.0      48188697.5       820249.0
198     24686336.0      48029981.0       819017.0
319     24613504.0      48060920.0       818286.5
267     24840448.0      48336580.5       818104.0
357     24758144.0      48096007.5       811347.0
152     24506752.0      47869716.5       809601.5
430     24457472.0      48074650.0       803414.0
437     24562176.0      48007016.0       802538.0
330     24558208.0      47843455.0       799866.5
              Server1       Server2
Offset                             
14      292106.400000  83752.133333
363      12096.750000   3712.562500
40       11835.750000   3647.187500
400      11177.375000   3366.000000
368       9335.625000   2904.000000
265       6382.125000   2066.062500
455       6067.750000   4942.875000
433       5840.375000   1937.750000
365       5572.500000   1745.562500
421       5248.000000   1761.437500
384       5117.500000   1741.000000
227       5043.000000   1607.937500
212       4749.733333   1663.000000
27        4707.500000   1622.937500
267       4605.875000   1589.000000
142       4584.500000   1600.312500
186       4558.500000   1602.187500
404       4540.750000   1463.937500
334       4521.125000   1576.500000
22        4499.250000   1547.187500
Current: [14, 144, 309, 357]
Subround 14
         Timestamp  TS First Frame  TS Prev Frame
Offset                                           
90      24693888.0      48072483.5       889961.5
186     24548352.0      47936168.0       858801.0
212     24841216.0      48571472.0       858710.0
387     24723968.0      48038813.5       851624.5
334     24577536.0      48185787.0       849449.0
367     24888576.0      48588115.5       839538.5
384     24862976.0      48517727.0       839408.0
233     24667008.0      47844858.0       836583.0
508     24729600.0      48229633.5       833725.5
390     24675584.0      48092385.5       830034.0
63      24723712.0      48170706.0       827799.0
230     24756992.0      48188697.5       820249.0
198     24686336.0      48029981.0       819017.0
319     24613504.0      48060920.0       818286.5
267     24840448.0      48336580.5       818104.0
152     24506752.0      47869716.5       809601.5
437     24562176.0      48007016.0       802538.0
357     24745984.0      48072349.0       800247.0
330     24558208.0      47843455.0       799866.5
430     24455296.0      47888715.0       798688.0
              Server1       Server2
Offset                             
14      287898.580645  82545.516129
363      12096.750000   3712.562500
40       11835.750000   3647.187500
400      11177.375000   3366.000000
368       9335.625000   2904.000000
265       6382.125000   2066.062500
455       6067.750000   4942.875000
433       5840.375000   1937.750000
365       5572.500000   1745.562500
421       5248.000000   1761.437500
384       5117.500000   1741.000000
227       5043.000000   1607.937500
212       4765.032258   1669.000000
27        4707.500000   1622.937500
267       4605.875000   1589.000000
142       4584.500000   1600.312500
186       4558.500000   1602.187500
404       4540.750000   1463.937500
334       4521.125000   1576.500000
22        4499.250000   1547.187500
Current: [14, 144, 309]
Subround 15
         Timestamp  TS First Frame  TS Prev Frame
Offset                                           
90      24693888.0      48072483.5       889961.5
212     24836224.0      48433818.5       859466.0
186     24548352.0      47936168.0       858801.0
387     24723968.0      48038813.5       851624.5
334     24577536.0      48185787.0       849449.0
367     24888576.0      48588115.5       839538.5
384     24862976.0      48517727.0       839408.0
233     24667008.0      47844858.0       836583.0
508     24729600.0      48229633.5       833725.5
390     24661760.0      48090223.0       830449.0
63      24723712.0      48170706.0       827799.0
230     24756992.0      48188697.5       820249.0
198     24686336.0      48029981.0       819017.0
319     24613504.0      48060920.0       818286.5
267     24840448.0      48336580.5       818104.0
357     24714240.0      48065089.0       811347.0
152     24506752.0      47869716.5       809601.5
430     24453120.0      47702780.0       803414.0
437     24562176.0      48007016.0       802538.0
330     24558208.0      47843455.0       799866.5
            Server1      Server2
Offset                          
14      285701.4375  81915.96875
363      12096.7500   3712.56250
40       11835.7500   3647.18750
400      11177.3750   3366.00000
368       9335.6250   2904.00000
79        8172.9375   2575.81250
265       6382.1250   2066.06250
455       6067.7500   4942.87500
433       5840.3750   1937.75000
365       5572.5000   1745.56250
421       5248.0000   1761.43750
384       5117.5000   1741.00000
227       5043.0000   1607.93750
212       4766.0000   1674.28125
27        4707.5000   1622.93750
267       4605.8750   1589.00000
142       4584.5000   1600.31250
186       4558.5000   1602.18750
404       4540.7500   1463.93750
334       4521.1250   1576.50000
Current: [14, 144, 309]
Subround 16
         Timestamp  TS First Frame  TS Prev Frame
Offset                                           
90      24693888.0      48072483.5       889961.5
186     24548352.0      47936168.0       858801.0
212     24841216.0      48571472.0       858710.0
387     24723968.0      48038813.5       851624.5
390     24689408.0      48094548.0       851120.0
334     24577536.0      48185787.0       849449.0
367     24888576.0      48588115.5       839538.5
384     24862976.0      48517727.0       839408.0
233     24667008.0      47844858.0       836583.0
508     24729600.0      48229633.5       833725.5
63      24723712.0      48170706.0       827799.0
357     24745984.0      48072349.0       822447.0
230     24756992.0      48188697.5       820249.0
198     24686336.0      48029981.0       819017.0
319     24613504.0      48060920.0       818286.5
267     24840448.0      48336580.5       818104.0
152     24506752.0      47869716.5       809601.5
437     24562176.0      48007016.0       802538.0
330     24558208.0      47843455.0       799866.5
430     24442624.0      47642754.0       798688.0
              Server1       Server2
Offset                             
14      282875.515152  81110.212121
363      12096.750000   3712.562500
40       11835.750000   3647.187500
400      11177.375000   3366.000000
368       9335.625000   2904.000000
79        8071.757576   2554.090909
265       6382.125000   2066.062500
455       6067.750000   4942.875000
433       5840.375000   1937.750000
365       5572.500000   1745.562500
421       5248.000000   1761.437500
384       5117.500000   1741.000000
227       5043.000000   1607.937500
212       4766.484848   1677.545455
27        4707.500000   1622.937500
267       4605.875000   1589.000000
142       4584.500000   1600.312500
186       4558.500000   1602.187500
404       4540.750000   1463.937500
334       4521.125000   1576.500000
Current: [14, 144, 298, 309]
Subround 17
         Timestamp  TS First Frame  TS Prev Frame
Offset                                           
90      24693888.0      48072483.5       889961.5
186     24548352.0      47936168.0       858801.0
212     24898048.0      48590986.0       858264.0
390     24698752.0      48117308.5       852083.0
387     24723968.0      48038813.5       851624.5
334     24577536.0      48185787.0       849449.0
367     24888576.0      48588115.5       839538.5
384     24862976.0      48517727.0       839408.0
233     24667008.0      47844858.0       836583.0
508     24729600.0      48229633.5       833725.5
63      24723712.0      48170706.0       827799.0
357     24758144.0      48096007.5       825022.0
230     24756992.0      48188697.5       820249.0
198     24686336.0      48029981.0       819017.0
319     24613504.0      48060920.0       818286.5
267     24840448.0      48336580.5       818104.0
152     24506752.0      47869716.5       809601.5
437     24562176.0      48007016.0       802538.0
330     24558208.0      47843455.0       799866.5
84      24633984.0      47829396.0       796361.0
              Server1       Server2
Offset                             
14      282669.647059  81054.617647
363      12096.750000   3712.562500
40       11835.750000   3647.187500
400      11177.375000   3366.000000
368       9335.625000   2904.000000
79        7994.705882   2535.147059
265       6382.125000   2066.062500
455       6067.750000   4942.875000
433       5840.375000   1937.750000
365       5572.500000   1745.562500
421       5248.000000   1761.437500
384       5117.500000   1741.000000
227       5043.000000   1607.937500
212       4775.823529   1681.529412
27        4707.500000   1622.937500
267       4605.875000   1589.000000
142       4584.500000   1600.312500
186       4558.500000   1602.187500
404       4540.750000   1463.937500
334       4521.125000   1576.500000
Current: [14, 144, 298, 309]
Subround 18
         Timestamp  TS First Frame  TS Prev Frame
Offset                                           
90      24693888.0      48072483.5       889961.5
186     24548352.0      47936168.0       858801.0
212     24954880.0      48610500.0       857818.0
390     24708096.0      48140069.0       853046.0
387     24723968.0      48038813.5       851624.5
334     24577536.0      48185787.0       849449.0
367     24888576.0      48588115.5       839538.5
384     24862976.0      48517727.0       839408.0
233     24667008.0      47844858.0       836583.0
508     24729600.0      48229633.5       833725.5
63      24723712.0      48170706.0       827799.0
357     24770304.0      48080463.0       827597.0
230     24756992.0      48188697.5       820249.0
198     24686336.0      48029981.0       819017.0
319     24613504.0      48060920.0       818286.5
267     24840448.0      48336580.5       818104.0
152     24506752.0      47869716.5       809601.5
437     24562176.0      48007016.0       802538.0
330     24558208.0      47843455.0       799866.5
84      24633984.0      47829396.0       796361.0
              Server1       Server2
Offset                             
14      279044.971429  80015.342857
363      12096.750000   3712.562500
40       11835.750000   3647.187500
400      11177.375000   3366.000000
368       9335.625000   2904.000000
79        7895.828571   2509.800000
265       6382.125000   2066.062500
455       6067.750000   4942.875000
433       5840.375000   1937.750000
365       5572.500000   1745.562500
421       5248.000000   1761.437500
384       5117.500000   1741.000000
227       5043.000000   1607.937500
212       4802.285714   1690.085714
27        4707.500000   1622.937500
267       4605.875000   1589.000000
142       4584.500000   1600.312500
186       4558.500000   1602.187500
404       4540.750000   1463.937500
334       4521.125000   1576.500000
Current: [14, 144, 298, 309]
Subround 19
         Timestamp  TS First Frame  TS Prev Frame
Offset                                           
90      24693888.0      48072483.5       889961.5
186     24548352.0      47936168.0       858801.0
212     24954880.0      48610500.0       858710.0
390     24728192.0      48170212.0       852083.0
387     24723968.0      48038813.5       851624.5
334     24577536.0      48185787.0       849449.0
367     24888576.0      48588115.5       839538.5
384     24862976.0      48517727.0       839408.0
233     24667008.0      47844858.0       836583.0
508     24729600.0      48229633.5       833725.5
63      24723712.0      48170706.0       827799.0
357     24786816.0      48100064.5       827603.5
230     24756992.0      48188697.5       820249.0
198     24686336.0      48029981.0       819017.0
319     24613504.0      48060920.0       818286.5
267     24840448.0      48336580.5       818104.0
152     24506752.0      47869716.5       809601.5
437     24562176.0      48007016.0       802538.0
330     24558208.0      47843455.0       799866.5
84      24633984.0      47829396.0       796361.0
              Server1       Server2
Offset                             
14      275688.666667  79051.305556
363      12096.750000   3712.562500
40       11835.750000   3647.187500
400      11177.375000   3366.000000
368       9335.625000   2904.000000
79        7795.000000   2483.750000
265       6382.125000   2066.062500
455       6067.750000   4942.875000
433       5840.375000   1937.750000
365       5572.500000   1745.562500
421       5248.000000   1761.437500
384       5117.500000   1741.000000
227       5043.000000   1607.937500
212       4833.166667   1697.138889
27        4707.500000   1622.937500
267       4605.875000   1589.000000
142       4584.500000   1600.312500
186       4558.500000   1602.187500
404       4540.750000   1463.937500
334       4521.125000   1576.500000
Current: [14, 144, 298, 309]
         Timestamp  TS First Frame  TS Prev Frame
Offset                                           
90      24693888.0      48072483.5       889961.5
186     24548352.0      47936168.0       858801.0
212     24954880.0      48610500.0       858710.0
390     24728192.0      48170212.0       852083.0
387     24723968.0      48038813.5       851624.5
334     24577536.0      48185787.0       849449.0
367     24888576.0      48588115.5       839538.5
384     24862976.0      48517727.0       839408.0
233     24667008.0      47844858.0       836583.0
508     24729600.0      48229633.5       833725.5
63      24723712.0      48170706.0       827799.0
357     24786816.0      48100064.5       827603.5
230     24756992.0      48188697.5       820249.0
198     24686336.0      48029981.0       819017.0
319     24613504.0      48060920.0       818286.5
267     24840448.0      48336580.5       818104.0
152     24506752.0      47869716.5       809601.5
437     24562176.0      48007016.0       802538.0
330     24558208.0      47843455.0       799866.5
84      24633984.0      47829396.0       796361.0
              Server1       Server2
Offset                             
14      275688.666667  79051.305556
363      12096.750000   3712.562500
40       11835.750000   3647.187500
400      11177.375000   3366.000000
368       9335.625000   2904.000000
79        7795.000000   2483.750000
265       6382.125000   2066.062500
455       6067.750000   4942.875000
433       5840.375000   1937.750000
365       5572.500000   1745.562500
421       5248.000000   1761.437500
384       5117.500000   1741.000000
227       5043.000000   1607.937500
212       4833.166667   1697.138889
27        4707.500000   1622.937500
267       4605.875000   1589.000000
142       4584.500000   1600.312500
186       4558.500000   1602.187500
404       4540.750000   1463.937500
334       4521.125000   1576.500000
New pairs
[[298, 144], [309, 14]]
Round 2
Subround 0
         Timestamp  TS First Frame  TS Prev Frame
Offset                                           
90      24693888.0      48072483.5       889961.5
186     24548352.0      47936168.0       858801.0
212     24954880.0      48610500.0       858710.0
390     24728192.0      48170212.0       852083.0
387     24723968.0      48038813.5       851624.5
334     24577536.0      48185787.0       849449.0
367     24888576.0      48588115.5       839538.5
384     24862976.0      48517727.0       839408.0
233     24667008.0      47844858.0       836583.0
508     24729600.0      48229633.5       833725.5
63      24723712.0      48170706.0       827799.0
357     24786816.0      48100064.5       827603.5
230     24756992.0      48188697.5       820249.0
198     24686336.0      48029981.0       819017.0
319     24613504.0      48060920.0       818286.5
267     24840448.0      48336580.5       818104.0
152     24506752.0      47869716.5       809601.5
437     24562176.0      48007016.0       802538.0
330     24558208.0      47843455.0       799866.5
84      24633984.0      47829396.0       796361.0
              Server1       Server2
Offset                             
14      272427.459459  78116.351351
363      12096.750000   3712.562500
40       11835.750000   3647.187500
400      11177.375000   3366.000000
368       9335.625000   2904.000000
79        7795.000000   2483.750000
265       6382.125000   2066.062500
455       6067.750000   4942.875000
433       5840.375000   1937.750000
365       5572.500000   1745.562500
421       5248.000000   1761.437500
384       5117.500000   1741.000000
227       5043.000000   1607.937500
212       4833.166667   1697.138889
27        4707.500000   1622.937500
267       4605.875000   1589.000000
142       4584.500000   1600.312500
186       4558.500000   1602.187500
404       4540.750000   1463.937500
334       4521.125000   1576.500000
Current: []
Subround 1
         Timestamp  TS First Frame  TS Prev Frame
Offset                                           
90      24693888.0      48072483.5       889961.5
186     24548352.0      47936168.0       858801.0
212     24954880.0      48610500.0       858710.0
390     24728192.0      48170212.0       852083.0
387     24723968.0      48038813.5       851624.5
334     24577536.0      48185787.0       849449.0
367     24888576.0      48588115.5       839538.5
384     24862976.0      48517727.0       839408.0
233     24667008.0      47844858.0       836583.0
508     24729600.0      48229633.5       833725.5
63      24723712.0      48170706.0       827799.0
357     24786816.0      48100064.5       827603.5
230     24756992.0      48188697.5       820249.0
198     24686336.0      48029981.0       819017.0
319     24613504.0      48060920.0       818286.5
267     24840448.0      48336580.5       818104.0
152     24506752.0      47869716.5       809601.5
437     24562176.0      48007016.0       802538.0
330     24558208.0      47843455.0       799866.5
84      24633984.0      47829396.0       796361.0
              Server1       Server2
Offset                             
14      282187.000000  80917.684211
363      12096.750000   3712.562500
40       11835.750000   3647.187500
400      11177.375000   3366.000000
368       9335.625000   2904.000000
79        7795.000000   2483.750000
265       6382.125000   2066.062500
455       6067.750000   4942.875000
433       5840.375000   1937.750000
365       5572.500000   1745.562500
421       5248.000000   1761.437500
384       5117.500000   1741.000000
227       5043.000000   1607.937500
212       4833.166667   1697.138889
27        4707.500000   1622.937500
267       4605.875000   1589.000000
142       4584.500000   1600.312500
186       4558.500000   1602.187500
404       4540.750000   1463.937500
334       4521.125000   1576.500000
Current: [14, 298]
Subround 2
         Timestamp  TS First Frame  TS Prev Frame
Offset                                           
90      24693888.0      48072483.5       889961.5
186     24548352.0      47936168.0       858801.0
212     24954880.0      48610500.0       858710.0
390     24728192.0      48170212.0       852083.0
387     24723968.0      48038813.5       851624.5
334     24577536.0      48185787.0       849449.0
367     24888576.0      48588115.5       839538.5
384     24862976.0      48517727.0       839408.0
233     24667008.0      47844858.0       836583.0
508     24729600.0      48229633.5       833725.5
63      24723712.0      48170706.0       827799.0
357     24786816.0      48100064.5       827603.5
230     24756992.0      48188697.5       820249.0
198     24686336.0      48029981.0       819017.0
319     24613504.0      48060920.0       818286.5
267     24840448.0      48336580.5       818104.0
152     24506752.0      47869716.5       809601.5
437     24562176.0      48007016.0       802538.0
330     24558208.0      47843455.0       799866.5
84      24633984.0      47829396.0       796361.0
              Server1       Server2
Offset                             
14      280373.743590  80395.410256
363      12096.750000   3712.562500
40       11835.750000   3647.187500
400      11177.375000   3366.000000
368       9335.625000   2904.000000
79        7795.000000   2483.750000
265       6382.125000   2066.062500
455       6067.750000   4942.875000
433       5840.375000   1937.750000
365       5572.500000   1745.562500
421       5248.000000   1761.437500
384       5117.500000   1741.000000
227       5043.000000   1607.937500
212       4833.166667   1697.138889
27        4707.500000   1622.937500
267       4605.875000   1589.000000
142       4584.500000   1600.312500
186       4558.500000   1602.187500
404       4540.750000   1463.937500
334       4521.125000   1576.500000
Current: [14, 298]
Subround 3
         Timestamp  TS First Frame  TS Prev Frame
Offset                                           
90      24693888.0      48072483.5       889961.5
186     24548352.0      47936168.0       858801.0
212     24954880.0      48610500.0       858710.0
390     24728192.0      48170212.0       852083.0
387     24723968.0      48038813.5       851624.5
334     24577536.0      48185787.0       849449.0
367     24888576.0      48588115.5       839538.5
384     24862976.0      48517727.0       839408.0
233     24667008.0      47844858.0       836583.0
508     24729600.0      48229633.5       833725.5
63      24723712.0      48170706.0       827799.0
357     24786816.0      48100064.5       827603.5
230     24756992.0      48188697.5       820249.0
198     24686336.0      48029981.0       819017.0
319     24613504.0      48060920.0       818286.5
267     24840448.0      48336580.5       818104.0
152     24506752.0      47869716.5       809601.5
437     24562176.0      48007016.0       802538.0
330     24558208.0      47843455.0       799866.5
84      24633984.0      47829396.0       796361.0
              Server1       Server2
Offset                             
14      277395.850000  79540.875000
363      12096.750000   3712.562500
40       11835.750000   3647.187500
400      11177.375000   3366.000000
368       9335.625000   2904.000000
79        7795.000000   2483.750000
265       6382.125000   2066.062500
455       6067.750000   4942.875000
433       5840.375000   1937.750000
365       5572.500000   1745.562500
421       5248.000000   1761.437500
384       5117.500000   1741.000000
227       5043.000000   1607.937500
212       4833.166667   1697.138889
27        4707.500000   1622.937500
267       4605.875000   1589.000000
142       4584.500000   1600.312500
186       4558.500000   1602.187500
404       4540.750000   1463.937500
334       4521.125000   1576.500000
Current: [14]
Subround 4
         Timestamp  TS First Frame  TS Prev Frame
Offset                                           
90      24693888.0      48072483.5       889961.5
186     24548352.0      47936168.0       858801.0
212     24954880.0      48610500.0       858710.0
390     24728192.0      48170212.0       852083.0
387     24723968.0      48038813.5       851624.5
334     24577536.0      48185787.0       849449.0
367     24888576.0      48588115.5       839538.5
384     24862976.0      48517727.0       839408.0
233     24667008.0      47844858.0       836583.0
508     24729600.0      48229633.5       833725.5
63      24723712.0      48170706.0       827799.0
357     24786816.0      48100064.5       827603.5
230     24756992.0      48188697.5       820249.0
198     24686336.0      48029981.0       819017.0
319     24613504.0      48060920.0       818286.5
267     24840448.0      48336580.5       818104.0
152     24506752.0      47869716.5       809601.5
437     24562176.0      48007016.0       802538.0
330     24558208.0      47843455.0       799866.5
84      24633984.0      47829396.0       796361.0
              Server1       Server2
Offset                             
14      285853.804878  81962.170732
363      12096.750000   3712.562500
40       11835.750000   3647.187500
400      11177.375000   3366.000000
368       9335.625000   2904.000000
79        7795.000000   2483.750000
265       6382.125000   2066.062500
455       6067.750000   4942.875000
433       5840.375000   1937.750000
365       5572.500000   1745.562500
421       5248.000000   1761.437500
384       5117.500000   1741.000000
227       5043.000000   1607.937500
212       4833.166667   1697.138889
27        4707.500000   1622.937500
267       4605.875000   1589.000000
142       4584.500000   1600.312500
186       4558.500000   1602.187500
404       4540.750000   1463.937500
334       4521.125000   1576.500000
Current: [14, 298]
Subround 5
         Timestamp  TS First Frame  TS Prev Frame
Offset                                           
90      24693888.0      48072483.5       889961.5
186     24548352.0      47936168.0       858801.0
212     24954880.0      48610500.0       858710.0
390     24728192.0      48170212.0       852083.0
387     24723968.0      48038813.5       851624.5
334     24577536.0      48185787.0       849449.0
367     24888576.0      48588115.5       839538.5
384     24862976.0      48517727.0       839408.0
233     24667008.0      47844858.0       836583.0
508     24729600.0      48229633.5       833725.5
63      24723712.0      48170706.0       827799.0
357     24786816.0      48100064.5       827603.5
230     24756992.0      48188697.5       820249.0
198     24686336.0      48029981.0       819017.0
319     24613504.0      48060920.0       818286.5
267     24840448.0      48336580.5       818104.0
152     24506752.0      47869716.5       809601.5
437     24562176.0      48007016.0       802538.0
330     24558208.0      47843455.0       799866.5
84      24633984.0      47829396.0       796361.0
              Server1       Server2
Offset                             
14      283448.952381  81271.214286
363      12096.750000   3712.562500
40       11835.750000   3647.187500
400      11177.375000   3366.000000
368       9335.625000   2904.000000
79        7795.000000   2483.750000
265       6382.125000   2066.062500
455       6067.750000   4942.875000
433       5840.375000   1937.750000
365       5572.500000   1745.562500
421       5248.000000   1761.437500
384       5117.500000   1741.000000
227       5043.000000   1607.937500
212       4833.166667   1697.138889
27        4707.500000   1622.937500
267       4605.875000   1589.000000
142       4584.500000   1600.312500
186       4558.500000   1602.187500
404       4540.750000   1463.937500
334       4521.125000   1576.500000
Current: [14]
Subround 6
         Timestamp  TS First Frame  TS Prev Frame
Offset                                           
90      24693888.0      48072483.5       889961.5
186     24548352.0      47936168.0       858801.0
212     24954880.0      48610500.0       858710.0
390     24728192.0      48170212.0       852083.0
387     24723968.0      48038813.5       851624.5
334     24577536.0      48185787.0       849449.0
367     24888576.0      48588115.5       839538.5
384     24862976.0      48517727.0       839408.0
233     24667008.0      47844858.0       836583.0
508     24729600.0      48229633.5       833725.5
63      24723712.0      48170706.0       827799.0
357     24786816.0      48100064.5       827603.5
230     24756992.0      48188697.5       820249.0
198     24686336.0      48029981.0       819017.0
319     24613504.0      48060920.0       818286.5
267     24840448.0      48336580.5       818104.0
152     24506752.0      47869716.5       809601.5
437     24562176.0      48007016.0       802538.0
330     24558208.0      47843455.0       799866.5
84      24633984.0      47829396.0       796361.0
              Server1       Server2
Offset                             
14      289765.627907  83082.953488
363      12096.750000   3712.562500
40       11835.750000   3647.187500
400      11177.375000   3366.000000
368       9335.625000   2904.000000
79        7795.000000   2483.750000
265       6382.125000   2066.062500
455       6067.750000   4942.875000
433       5840.375000   1937.750000
365       5572.500000   1745.562500
421       5248.000000   1761.437500
384       5117.500000   1741.000000
227       5043.000000   1607.937500
212       4833.166667   1697.138889
27        4707.500000   1622.937500
267       4605.875000   1589.000000
142       4584.500000   1600.312500
186       4558.500000   1602.187500
404       4540.750000   1463.937500
334       4521.125000   1576.500000
Current: [14]
Subround 7
         Timestamp  TS First Frame  TS Prev Frame
Offset                                           
90      24693888.0      48072483.5       889961.5
186     24548352.0      47936168.0       858801.0
212     24954880.0      48610500.0       858710.0
390     24728192.0      48170212.0       852083.0
387     24723968.0      48038813.5       851624.5
334     24577536.0      48185787.0       849449.0
367     24888576.0      48588115.5       839538.5
384     24862976.0      48517727.0       839408.0
233     24667008.0      47844858.0       836583.0
508     24729600.0      48229633.5       833725.5
63      24723712.0      48170706.0       827799.0
357     24786816.0      48100064.5       827603.5
230     24756992.0      48188697.5       820249.0
198     24686336.0      48029981.0       819017.0
319     24613504.0      48060920.0       818286.5
267     24840448.0      48336580.5       818104.0
152     24506752.0      47869716.5       809601.5
437     24562176.0      48007016.0       802538.0
330     24558208.0      47843455.0       799866.5
84      24633984.0      47829396.0       796361.0
              Server1       Server2
Offset                             
14      287808.363636  82520.727273
363      12096.750000   3712.562500
40       11835.750000   3647.187500
400      11177.375000   3366.000000
368       9335.625000   2904.000000
79        7795.000000   2483.750000
265       6382.125000   2066.062500
455       6067.750000   4942.875000
433       5840.375000   1937.750000
365       5572.500000   1745.562500
421       5248.000000   1761.437500
384       5117.500000   1741.000000
227       5043.000000   1607.937500
212       4833.166667   1697.138889
27        4707.500000   1622.937500
267       4605.875000   1589.000000
142       4584.500000   1600.312500
186       4558.500000   1602.187500
404       4540.750000   1463.937500
334       4521.125000   1576.500000
Current: [14]
Subround 8
         Timestamp  TS First Frame  TS Prev Frame
Offset                                           
90      24693888.0      48072483.5       889961.5
186     24548352.0      47936168.0       858801.0
212     24954880.0      48610500.0       858710.0
390     24728192.0      48170212.0       852083.0
387     24723968.0      48038813.5       851624.5
334     24577536.0      48185787.0       849449.0
367     24888576.0      48588115.5       839538.5
384     24862976.0      48517727.0       839408.0
233     24667008.0      47844858.0       836583.0
508     24729600.0      48229633.5       833725.5
63      24723712.0      48170706.0       827799.0
357     24786816.0      48100064.5       827603.5
230     24756992.0      48188697.5       820249.0
198     24686336.0      48029981.0       819017.0
319     24613504.0      48060920.0       818286.5
267     24840448.0      48336580.5       818104.0
152     24506752.0      47869716.5       809601.5
437     24562176.0      48007016.0       802538.0
330     24558208.0      47843455.0       799866.5
84      24633984.0      47829396.0       796361.0
              Server1       Server2
Offset                             
14      285636.711111  81896.666667
363      12096.750000   3712.562500
40       11835.750000   3647.187500
400      11177.375000   3366.000000
368       9335.625000   2904.000000
79        7795.000000   2483.750000
265       6382.125000   2066.062500
455       6067.750000   4942.875000
433       5840.375000   1937.750000
365       5572.500000   1745.562500
421       5248.000000   1761.437500
384       5117.500000   1741.000000
227       5043.000000   1607.937500
212       4833.166667   1697.138889
27        4707.500000   1622.937500
267       4605.875000   1589.000000
142       4584.500000   1600.312500
186       4558.500000   1602.187500
404       4540.750000   1463.937500
334       4521.125000   1576.500000
Current: [14]
         Timestamp  TS First Frame  TS Prev Frame
Offset                                           
90      24693888.0      48072483.5       889961.5
186     24548352.0      47936168.0       858801.0
212     24954880.0      48610500.0       858710.0
390     24728192.0      48170212.0       852083.0
387     24723968.0      48038813.5       851624.5
334     24577536.0      48185787.0       849449.0
367     24888576.0      48588115.5       839538.5
384     24862976.0      48517727.0       839408.0
233     24667008.0      47844858.0       836583.0
508     24729600.0      48229633.5       833725.5
63      24723712.0      48170706.0       827799.0
357     24786816.0      48100064.5       827603.5
230     24756992.0      48188697.5       820249.0
198     24686336.0      48029981.0       819017.0
319     24613504.0      48060920.0       818286.5
267     24840448.0      48336580.5       818104.0
152     24506752.0      47869716.5       809601.5
437     24562176.0      48007016.0       802538.0
330     24558208.0      47843455.0       799866.5
84      24633984.0      47829396.0       796361.0
              Server1       Server2
Offset                             
14      285636.711111  81896.666667
363      12096.750000   3712.562500
40       11835.750000   3647.187500
400      11177.375000   3366.000000
368       9335.625000   2904.000000
79        7795.000000   2483.750000
265       6382.125000   2066.062500
455       6067.750000   4942.875000
433       5840.375000   1937.750000
365       5572.500000   1745.562500
421       5248.000000   1761.437500
384       5117.500000   1741.000000
227       5043.000000   1607.937500
212       4833.166667   1697.138889
27        4707.500000   1622.937500
267       4605.875000   1589.000000
142       4584.500000   1600.312500
186       4558.500000   1602.187500
404       4540.750000   1463.937500
334       4521.125000   1576.500000
Winning offset:
[14]
2021-09-16 22:27:26.808678
2021-09-16 22:33:31.871695
0:06:05.063017
attacker.py:479: DeprecationWarning: The default dtype for empty Series will be 'object' instead of 'float64' in a future version. Specify a dtype explicitly to silence this warning.
  mean1 = pd.Series(values1).mean()
attacker.py:480: DeprecationWarning: The default dtype for empty Series will be 'object' instead of 'float64' in a future version. Specify a dtype explicitly to silence this warning.
  mean2 = pd.Series(values2).mean()
attacker.py:479: DeprecationWarning: The default dtype for empty Series will be 'object' instead of 'float64' in a future version. Specify a dtype explicitly to silence this warning.
  mean1 = pd.Series(values1).mean()
attacker.py:480: DeprecationWarning: The default dtype for empty Series will be 'object' instead of 'float64' in a future version. Specify a dtype explicitly to silence this warning.
  mean2 = pd.Series(values2).mean()
attacker.py:479: DeprecationWarning: The default dtype for empty Series will be 'object' instead of 'float64' in a future version. Specify a dtype explicitly to silence this warning.
  mean1 = pd.Series(values1).mean()
attacker.py:480: DeprecationWarning: The default dtype for empty Series will be 'object' instead of 'float64' in a future version. Specify a dtype explicitly to silence this warning.
  mean2 = pd.Series(values2).mean()
Exception ignored in: <function Capture.__del__ at 0x7efc31a2c670>
Traceback (most recent call last):
  File "/home/mlipp/.virtualenvs/kaslr/lib/python3.8/site-packages/pyshark/capture/capture.py", line 445, in __del__
  File "/home/mlipp/.virtualenvs/kaslr/lib/python3.8/site-packages/pyshark/capture/capture.py", line 436, in close
  File "/usr/lib/python3.8/asyncio/base_events.py", line 592, in run_until_complete
  File "/usr/lib/python3.8/asyncio/base_events.py", line 553, in _check_running
AttributeError: 'NoneType' object has no attribute '_get_running_loop'
