Loading page file profiles/packet3/pages/0x6e4a.yaml
Loading page file profiles/packet3/pages/0x6e60.yaml
Loading page file profiles/packet3/pages/0x6ee3.yaml
Loading page file profiles/packet3/pages/0x7241.yaml
Loading page file profiles/packet3/pages/0x7242.yaml
Loading page file profiles/packet3/pages/0x7243.yaml
Loading page file profiles/packet3/pages/0x7244.yaml
Round 0
Subround 0
Empty DataFrame
Columns: [Timestamp, TS First Frame, TS Prev Frame]
Index: []
         Server1  Server2
Offset                   
14      174668.0  50089.0
316       6874.0   2256.0
275       6424.0   2081.0
184       6424.0   2053.0
304       6392.0   2094.0
378       6278.0   2047.0
322       6124.0   2017.0
96        5986.0   1970.0
379       5978.0   2065.0
192       5922.0   2070.0
274       5832.0   1926.0
197       5812.0   1952.0
226       5778.0   1900.0
301       5754.0   2022.0
318       5702.0   1921.0
58        5694.0   1881.0
135       5678.0   2030.0
206       5646.0   1865.0
511       5554.0   1847.0
398       5548.0   1849.0
Current: [0, 2, 3, 4, 12, 13, 14, 20, 21, 26, 27, 28, 31, 32, 34, 36, 37, 38, 42, 44, 47, 49, 50, 51, 53, 54, 56, 57, 59, 61, 64, 65, 66, 68, 72, 73, 75, 79, 80, 87, 88, 91, 95, 96, 101, 102, 105, 109, 113, 115, 117, 119, 123, 124, 126, 127, 128, 130, 132, 133, 136, 138, 139, 140, 141, 143, 147, 148, 150, 151, 152, 153, 154, 155, 156, 158, 159, 165, 167, 168, 169, 172, 173, 175, 178, 180, 185, 186, 187, 188, 190, 191, 193, 194, 195, 201, 203, 205, 208, 214, 215, 216, 217, 219, 220, 221, 222, 224, 225, 231, 232, 233, 235, 237, 238, 242, 245, 246, 247, 250, 251, 252, 254, 255, 257, 262, 265, 268, 270, 271, 274, 275, 276, 278, 281, 282, 283, 284, 285, 286, 287, 289, 290, 291, 293, 294, 296, 297, 299, 300, 301, 307, 311, 312, 313, 317, 318, 320, 321, 322, 330, 333, 334, 335, 338, 339, 340, 342, 343, 346, 347, 348, 349, 351, 353, 354, 355, 357, 359, 360, 361, 362, 363, 364, 366, 367, 370, 372, 373, 378, 380, 381, 382, 386, 390, 393, 396, 398, 403, 405, 406, 407, 408, 409, 411, 415, 416, 417, 418, 419, 424, 426, 428, 429, 431, 433, 435, 436, 437, 439, 441, 444, 447, 449, 451, 453, 454, 456, 458, 461, 464, 467, 469, 471, 474, 475, 476, 477, 480, 481, 484, 491, 492, 495, 496, 498, 499, 500, 503, 505, 510, 511]
Subround 1
         Timestamp  TS First Frame  TS Prev Frame
Offset                                           
275     24700416.0      47952681.5       983310.5
451     24792576.0      48218022.5       964172.0
429     24882304.0      48384215.0       956746.0
446     24697856.0      48804660.5       954145.5
504     24695936.0      48088978.0       951971.0
484     24913664.0      48311637.5       949576.0
36      24661248.0      48160073.5       940654.5
202     24725248.0      48265818.5       939720.5
497     25188992.0      49088327.5       937254.0
285     24650112.0      47921671.5       935910.5
277     24679552.0      48090314.0       933876.5
286     25189888.0      49150057.5       931759.5
113     25021184.0      48461534.5       926314.5
332     24878080.0      48521641.5       925498.0
225     25020672.0      48708978.0       922612.5
69      25152384.0      48647626.0       922049.5
428     25002240.0      48304778.5       911273.0
289     24987008.0      48403469.5       908950.5
465     24845056.0      48464315.0       907889.5
62      24884864.0      48372382.0       903016.0
         Server1  Server2
Offset                   
14      192832.0  55299.5
316       6253.0   2130.0
286       6059.0   2060.0
378       6004.0   2019.5
304       5957.0   1965.5
266       5629.0   1970.0
275       5560.0   1891.0
360       5541.0   1898.0
184       5518.0   1874.0
96        5515.0   1832.5
226       5513.0   1891.5
206       5512.0   1832.0
282       5496.0   1876.0
369       5455.0   1790.5
199       5422.0   1786.0
380       5401.0   1912.5
242       5398.0   1832.5
377       5333.0   1848.5
384       5305.0   1744.5
274       5289.0   1826.5
Current: [0, 3, 12, 14, 26, 31, 38, 42, 47, 55, 56, 57, 59, 61, 64, 65, 68, 72, 75, 79, 88, 91, 96, 101, 105, 106, 119, 123, 124, 126, 127, 128, 132, 133, 136, 141, 148, 151, 154, 156, 160, 165, 168, 169, 173, 175, 180, 185, 186, 187, 190, 203, 205, 215, 217, 219, 220, 222, 224, 225, 231, 233, 235, 237, 242, 246, 251, 252, 255, 265, 270, 271, 275, 276, 285, 287, 288, 289, 293, 300, 301, 311, 313, 318, 322, 330, 333, 334, 338, 339, 342, 343, 347, 351, 355, 360, 362, 364, 367, 372, 393, 403, 409, 411, 415, 416, 417, 418, 419, 428, 435, 437, 441, 444, 447, 449, 451, 454, 458, 471, 474, 475, 476, 477, 481, 484, 491, 492, 495, 498, 500, 505, 510, 511]
Subround 2
         Timestamp  TS First Frame  TS Prev Frame
Offset                                           
390     24777984.0      48843903.0       992789.0
446     24760576.0      48910479.0       978996.0
277     24869120.0      48068324.0       962029.0
89      24768000.0      48186245.0       959491.0
36      24733696.0      48135875.0       957743.0
225     25128960.0      48580769.0       956382.0
496     25048576.0      48910675.0       939306.0
286     25120256.0      49099969.0       937378.0
501     25415168.0      49186808.0       936818.0
497     25161472.0      49028702.0       931473.0
387     25195008.0      48789060.0       930579.0
97      24629504.0      47979811.0       922295.0
275     24577536.0      47492480.0       916424.0
105     24726016.0      48030512.0       914905.0
287     24977920.0      48727245.0       911771.0
289     25228288.0      49034496.0       907960.0
76      24459520.0      47775319.0       907473.0
465     24555776.0      47823985.0       906714.0
484     24740608.0      48104871.0       904047.0
139     24919552.0      48235137.0       903893.0
              Server1       Server2
Offset                             
14      199886.000000  57296.666667
506      18259.333333   5544.666667
316       6031.333333   2043.000000
304       5800.666667   1915.333333
226       5733.333333   1941.666667
202       5712.000000   1881.666667
384       5591.333333   1826.333333
286       5553.333333   1923.666667
378       5514.000000   1896.333333
242       5494.000000   1888.333333
360       5488.666667   1902.666667
282       5476.666667   1862.000000
280       5464.666667   1925.000000
274       5437.333333   1882.000000
179       5408.000000   1855.000000
377       5402.666667   1851.666667
206       5398.000000   1847.333333
369       5394.666667   1826.666667
270       5359.333333   1822.333333
451       5325.333333   1898.000000
Current: [3, 12, 14, 26, 31, 47, 57, 61, 64, 72, 91, 101, 124, 126, 133, 141, 151, 168, 173, 186, 190, 203, 215, 220, 222, 225, 231, 233, 235, 237, 246, 251, 255, 265, 275, 285, 288, 289, 293, 301, 311, 338, 339, 343, 347, 360, 367, 393, 403, 415, 416, 418, 419, 428, 435, 444, 447, 451, 471, 475, 476, 477, 481, 484, 491, 498, 505, 511]
Subround 3
         Timestamp  TS First Frame  TS Prev Frame
Offset                                           
288     24443904.0      47352802.0       979504.0
446     24697856.0      48619666.5       954145.5
451     24981120.0      48411018.5       947214.0
244     24727552.0      48339970.0       936164.0
202     24915072.0      48340122.0       932094.0
277     24700800.0      48219648.0       931429.5
36      24674560.0      48272802.0       929215.0
286     24854400.0      48321367.5       927360.0
497     24856448.0      48315752.5       925152.0
287     24927360.0      48591638.0       919839.0
225     24925824.0      48330473.0       919024.5
430     24824192.0      48286335.0       912327.0
386     24566016.0      47861889.5       909281.5
390     24754304.0      48486730.5       901502.5
76      24752768.0      48019474.0       900177.0
50      24750720.0      48299345.0       898388.0
338     24782080.0      48255882.5       897566.5
25      24703360.0      48274050.0       897423.0
224     24709888.0      48227054.0       896427.5
68      24822016.0      48197227.5       895266.0
         Server1   Server2
Offset                    
14      208112.0  59640.00
506      14180.0   4327.00
439       6257.0   1872.75
384       5772.5   1904.25
280       5767.5   2001.50
243       5687.5   1912.25
226       5626.0   1900.75
377       5615.5   1909.00
202       5545.5   1859.50
304       5505.5   1857.50
282       5504.5   1859.25
207       5375.0   1855.25
380       5345.5   1876.25
274       5316.0   1853.50
206       5295.5   1831.00
68        5266.5   1842.00
204       5261.5   1830.50
451       5220.0   1836.50
185       5167.5   1745.00
267       5147.5   1808.25
Current: [0, 3, 12, 14, 15, 26, 27, 31, 33, 34, 42, 47, 49, 50, 51, 57, 61, 64, 65, 66, 68, 72, 73, 75, 76, 77, 87, 91, 95, 96, 101, 105, 108, 109, 119, 123, 124, 125, 126, 128, 132, 133, 138, 140, 141, 147, 148, 149, 151, 153, 157, 164, 168, 173, 177, 180, 186, 187, 193, 198, 203, 204, 205, 210, 215, 217, 220, 221, 222, 225, 231, 233, 234, 235, 237, 242, 246, 249, 251, 252, 255, 265, 266, 268, 271, 275, 277, 285, 287, 288, 289, 291, 293, 294, 297, 299, 301, 307, 310, 311, 331, 332, 334, 335, 337, 338, 339, 342, 343, 349, 350, 360, 361, 366, 367, 372, 379, 382, 393, 396, 397, 402, 403, 409, 410, 415, 416, 417, 418, 419, 427, 428, 433, 435, 441, 444, 447, 449, 451, 454, 458, 459, 464, 469, 471, 474, 475, 476, 477, 479, 481, 484, 491, 492, 496, 498, 500, 502, 505, 510, 511]
Subround 4
         Timestamp  TS First Frame  TS Prev Frame
Offset                                           
288     24726656.0      47942491.0       979091.0
468     24761088.0      48061963.0       934930.0
42      24853248.0      47494218.0       933830.0
446     24635136.0      48328854.0       929295.0
497     24551424.0      47602803.0       918831.0
286     24588544.0      47596139.0       917342.0
287     24876800.0      48456031.0       911771.0
451     24945408.0      48161757.0       903100.0
277     24532480.0      48068324.0       900830.0
36      24615424.0      48135875.0       900687.0
244     24625664.0      48169897.0       900567.0
430     24764928.0      48061670.0       897551.0
29      24607616.0      47939202.0       894080.0
76      25046016.0      48263629.0       892881.0
18      24547584.0      47785456.0       892296.0
112     25067520.0      48817041.0       888537.0
50      24988672.0      48655648.0       888073.0
224     24936704.0      48343146.0       886179.0
378     24501504.0      47849636.0       884903.0
139     24871424.0      48207468.0       882951.0
         Server1  Server2
Offset                   
14      287148.8  82340.4
337      30608.8   9005.2
90       26214.4   7846.6
506      11675.2   3575.2
439       5458.4   1655.0
280       5294.0   1818.8
226       5236.0   1754.4
384       5137.2   1688.8
377       4992.4   1694.0
299       4977.6   1699.2
224       4967.2   1712.6
283       4965.6   1683.0
243       4953.6   1666.8
304       4951.6   1668.0
369       4932.8   1702.4
380       4919.6   1705.6
25        4868.4   1669.0
202       4820.0   1619.6
81        4794.8   1675.4
185       4776.4   1622.0
Current: [12, 14, 15, 26, 27, 31, 47, 49, 50, 55, 61, 64, 65, 72, 73, 75, 76, 87, 95, 96, 105, 106, 108, 109, 124, 125, 126, 128, 132, 133, 138, 148, 149, 151, 153, 157, 164, 173, 177, 186, 187, 198, 203, 205, 210, 220, 222, 225, 231, 235, 237, 246, 251, 252, 255, 265, 266, 268, 277, 287, 288, 289, 291, 293, 294, 297, 332, 338, 339, 361, 366, 367, 372, 379, 396, 397, 403, 409, 415, 417, 418, 419, 427, 428, 441, 444, 447, 451, 469, 474, 475, 476, 479, 481, 484, 491, 492, 498, 500, 505, 510, 511]
Subround 5
         Timestamp  TS First Frame  TS Prev Frame
Offset                                           
288     24443904.0      47352802.0       978678.0
338     24782080.0      48255882.5       897566.5
244     24727552.0      48339970.0       896226.0
287     24830592.0      48359609.0       893487.5
112     24840704.0      48512174.0       885080.5
207     24831104.0      48419732.5       884279.5
224     24702080.0      48074659.5       879662.5
430     24655232.0      48188593.5       878738.5
386     24378368.0      47708057.0       876345.0
468     24824960.0      48208189.0       875306.5
42      24892544.0      47899631.0       873580.0
280     25014400.0      48600983.0       872910.5
32      24668800.0      47863808.5       867873.5
25      24663552.0      48119062.0       865466.0
451     24759424.0      48215941.5       865062.5
174     24759168.0      48170671.5       864024.5
500     24694144.0      48160950.0       863960.5
410     24638336.0      47745421.0       863372.0
21      24972032.0      48480237.0       863348.0
6       24721280.0      48153827.5       861858.5
              Server1        Server2
Offset                              
14      362009.333333  103802.333333
337      26227.000000    7773.166667
90       22745.666667    6839.666667
457      10650.000000    3155.333333
506      10052.333333    3089.166667
384       5270.000000    1755.000000
280       5151.666667    1786.833333
226       5023.666667    1695.000000
299       5016.000000    1727.333333
185       5008.000000    1681.666667
274       4878.333333    1695.500000
439       4868.333333    1485.833333
168       4765.333333    1627.333333
207       4759.666667    1649.166667
366       4746.333333    1631.333333
377       4661.666667    1584.500000
224       4619.333333    1576.166667
155       4617.333333    1602.000000
234       4613.000000    1582.500000
304       4586.000000    1535.833333
Current: [14, 15, 26, 27, 47, 49, 55, 65, 76, 95, 96, 105, 109, 124, 126, 128, 132, 138, 151, 173, 186, 187, 203, 220, 225, 235, 237, 251, 255, 265, 266, 268, 287, 288, 291, 293, 294, 297, 338, 339, 367, 372, 379, 397, 409, 415, 419, 428, 441, 447, 451, 469, 474, 479, 491, 498, 500, 505, 511]
Subround 6
         Timestamp  TS First Frame  TS Prev Frame
Offset                                           
441     24473600.0      47633304.0       960293.0
241     24636160.0      47876654.0       892828.0
244     24625664.0      48169897.0       891885.0
468     24888832.0      48354415.0       890672.0
50      24988672.0      48655572.0       888073.0
112     24675840.0      48207307.0       881624.0
338     24658944.0      47895512.0       881186.0
207     24790272.0      48389111.0       880459.0
432     24525824.0      47937131.0       879069.0
32      24602624.0      47764754.0       877716.0
287     24784384.0      48383253.0       875204.0
386     24346112.0      47670616.0       873308.0
224     24467456.0      47806173.0       873146.0
280     25007104.0      48557245.0       871205.0
410     24508928.0      47715639.0       870276.0
367     24089344.0      47078606.0       861790.0
150     24590592.0      47711741.0       861067.0
430     24743680.0      48315517.0       859926.0
25      24507648.0      47842915.0       859591.0
436     24289536.0      47575768.0       857938.0
              Server1        Server2
Offset                              
14      418654.857143  120033.428571
337      23239.428571    6919.428571
90       19893.142857    5996.714286
457       9484.000000    2820.142857
506       9036.857143    2783.000000
148       6957.714286    2242.000000
384       5033.142857    1666.142857
439       4833.142857    1490.428571
185       4804.285714    1599.571429
299       4790.857143    1649.428571
50        4776.000000    1698.428571
280       4719.428571    1642.000000
370       4705.428571    1596.142857
432       4692.571429    1620.428571
226       4675.142857    1577.142857
441       4641.428571    1606.000000
241       4610.000000    1667.142857
234       4599.428571    1558.285714
314       4571.714286    1549.857143
283       4561.142857    1548.428571
Current: [3, 14, 15, 17, 26, 27, 30, 31, 47, 49, 50, 51, 54, 59, 61, 63, 64, 65, 73, 76, 81, 87, 95, 96, 105, 109, 118, 119, 123, 124, 125, 126, 128, 132, 138, 145, 148, 151, 157, 164, 167, 172, 173, 177, 178, 180, 181, 186, 187, 192, 203, 205, 210, 219, 220, 221, 225, 234, 235, 237, 243, 246, 251, 252, 255, 265, 266, 267, 268, 271, 287, 289, 291, 293, 294, 297, 299, 300, 332, 338, 339, 340, 342, 361, 362, 365, 367, 372, 376, 379, 380, 388, 397, 403, 409, 415, 416, 417, 418, 419, 427, 428, 435, 440, 441, 443, 447, 451, 452, 454, 469, 474, 476, 479, 481, 484, 491, 494, 498, 500, 505, 511]
Subround 7
         Timestamp  TS First Frame  TS Prev Frame
Offset                                           
441     24620160.0      47668005.0       957869.0
432     24690688.0      48066513.0       909383.0
50      25047552.0      48655648.0       908703.0
241     24945920.0      48585550.0       908575.0
244     24606336.0      48008898.0       896226.0
32      24667008.0      47863808.5       883510.5
386     24378368.0      47708057.0       876345.0
410     24638336.0      47745421.0       874604.5
150     24652672.0      47785020.5       868153.0
367     24185216.0      47375093.0       864009.0
37      24594944.0      47822031.5       861984.0
399     24544128.0      47782945.5       860448.5
427     24910976.0      48616641.0       857011.0
479     24612096.0      47988732.0       856973.0
361     24651136.0      48078502.0       856510.0
468     24824960.0      48208189.0       853177.5
130     24770432.0      48212666.5       852878.5
189     24516736.0      47651510.0       848548.5
430     24644608.0      48188593.5       848213.5
353     24676992.0      48201932.5       846252.5
          Server1     Server2
Offset                       
14      476290.50  136593.625
337      20732.00    6195.375
90       17945.50    5448.875
393      13103.50    3991.625
457       8916.00    2689.250
506       8128.25    2506.500
148       6280.75    2029.750
384       5112.00    1707.000
299       4796.25    1648.875
50        4795.00    1701.875
439       4758.25    1503.375
226       4707.25    1603.750
432       4678.75    1613.500
370       4660.25    1597.375
441       4657.75    1620.875
320       4654.75    1589.500
241       4629.75    1679.125
254       4600.00    1568.500
366       4569.75    1553.625
43        4559.25    1519.000
Current: [14, 15, 17, 26, 27, 30, 47, 49, 50, 54, 55, 73, 81, 87, 96, 105, 109, 124, 125, 126, 132, 138, 151, 157, 164, 172, 173, 177, 178, 180, 181, 186, 187, 192, 203, 210, 220, 225, 234, 235, 237, 243, 246, 251, 252, 255, 265, 266, 268, 271, 291, 294, 297, 299, 338, 367, 372, 379, 388, 409, 415, 416, 419, 427, 428, 440, 441, 443, 447, 451, 469, 474, 476, 479, 491, 498, 500, 505, 511]
Subround 8
         Timestamp  TS First Frame  TS Prev Frame
Offset                                           
14      24268800.0      47616059.0       979168.0
441     24766720.0      47702706.0       955445.0
37      24761600.0      48002094.0       913468.0
359     24477696.0      47720599.0       908695.0
247     24846080.0      48506658.0       903804.0
241     24791040.0      48231102.0       900701.5
244     24625664.0      48169897.0       900567.0
50      25018112.0      48655610.0       900248.0
389     24501248.0      47815515.0       896075.0
361     24680960.0      48095534.0       891803.0
32      24731392.0      47962863.0       889305.0
207     24758784.0      48239826.0       880459.0
410     24832128.0      48053681.5       880160.5
189     24554240.0      47759911.0       879404.0
432     24855552.0      48195895.0       879069.0
399     24569600.0      47923620.0       875507.0
287     24712448.0      48341823.0       875204.0
386     24410624.0      47745498.0       873308.0
224     24732928.0      48343146.0       873146.0
280     24679424.0      48049252.0       871205.0
              Server1        Server2
Offset                              
14      487079.333333  139688.000000
337      18705.111111    5602.000000
90       16358.000000    4984.555556
393      12276.222222    3774.333333
457       8211.111111    2487.444444
506       7427.333333    2297.000000
148       6123.555556    1989.777778
384       5104.888889    1727.777778
299       4962.666667    1714.888889
50        4896.888889    1726.888889
320       4772.222222    1633.666667
370       4762.888889    1626.111111
353       4736.444444    1604.222222
64        4730.888889    1661.333333
366       4724.888889    1602.000000
432       4718.000000    1633.888889
226       4714.444444    1619.555556
234       4657.555556    1560.444444
314       4652.666667    1603.555556
241       4650.666667    1689.444444
Current: [14, 15, 17, 26, 27, 30, 47, 49, 50, 54, 81, 87, 96, 105, 124, 126, 132, 138, 164, 172, 180, 186, 187, 192, 203, 220, 225, 235, 237, 251, 265, 268, 271, 294, 299, 388, 415, 428, 441, 447, 469, 476, 491, 500, 505, 511]
Subround 9
         Timestamp  TS First Frame  TS Prev Frame
Offset                                           
14      24423168.0      47571024.5      1015895.0
37      24785280.0      48178576.5       923780.5
359     24493824.0      47771265.0       922476.0
247     24876288.0      48549934.0       908576.5
441     24620544.0      47689933.5       901093.5
244     24606336.0      48008898.0       896226.0
15      24843520.0      48216978.0       893393.0
241     24822272.0      48437224.0       892828.0
50      24988672.0      48655572.0       891793.0
32      24733184.0      47863808.5       889644.0
254     24672384.0      48235918.0       887480.0
189     24585728.0      47804560.5       885508.0
376     24957824.0      48496310.0       884238.5
287     24748416.0      48362538.0       883692.0
389     24513664.0      47838581.5       882070.0
224     24600192.0      48074659.5       879662.5
410     24767744.0      47926344.0       878933.0
430     24754304.0      48294288.5       878738.5
367     24513280.0      47910178.0       876562.5
452     24519424.0      48740922.5       871267.5
         Server1   Server2
Offset                    
14      556397.0  159538.2
337      17404.0    5229.8
90       14958.0    4567.5
393      11532.8    3571.2
457       7605.4    2309.0
506       6874.8    2132.0
148       5803.8    1886.4
320       4942.2    1704.1
50        4902.4    1722.3
370       4889.8    1664.0
384       4862.4    1642.7
64        4792.8    1678.3
432       4759.6    1655.7
327       4759.4    1632.5
208       4753.2    1599.5
299       4735.8    1633.6
353       4712.6    1610.0
254       4690.4    1606.1
234       4676.0    1586.4
283       4669.8    1581.6
Current: [7, 12, 14, 15, 17, 18, 26, 27, 30, 32, 44, 47, 49, 50, 54, 61, 73, 81, 84, 87, 95, 96, 105, 112, 124, 125, 126, 128, 132, 138, 151, 157, 159, 164, 172, 173, 177, 180, 181, 186, 187, 192, 203, 205, 220, 225, 235, 237, 242, 243, 246, 247, 251, 252, 263, 265, 268, 271, 276, 277, 291, 294, 297, 299, 300, 331, 365, 367, 379, 388, 393, 415, 419, 425, 427, 428, 429, 435, 440, 441, 447, 452, 469, 476, 481, 491, 500, 505, 511]
Subround 10
         Timestamp  TS First Frame  TS Prev Frame
Offset                                           
14      24577536.0      47616059.0       979168.0
37      24761600.0      48002094.0       913468.0
359     24477696.0      47720599.0       908695.0
247     24846080.0      48506658.0       903804.0
244     24587008.0      47847899.0       891885.0
241     24636160.0      47876654.0       890201.0
32      24731392.0      47764754.0       889305.0
50      24988672.0      48655572.0       888073.0
189     24617216.0      47849210.0       879404.0
287     24712448.0      48341823.0       875204.0
224     24467456.0      47806173.0       873146.0
410     24626944.0      47775203.0       870276.0
389     24501248.0      47861648.0       868065.0
254     24652288.0      48179588.0       867662.0
367     24663552.0      47972624.0       866228.0
376     24857088.0      48253401.0       865585.0
15      24817152.0      47911336.0       863658.0
430     24743680.0      48273060.0       859926.0
25      24507648.0      47842915.0       859591.0
105     24726016.0      48080718.0       857584.0
              Server1        Server2
Offset                              
14      554442.000000  158992.363636
337      16248.727273    4908.454545
90       13780.545455    4212.363636
393      10689.636364    3314.727273
457       7448.909091    2272.363636
506       6416.909091    1994.181818
148       5444.727273    1774.000000
320       4769.636364    1636.272727
347       4701.818182    1621.272727
370       4694.363636    1589.636364
327       4677.818182    1608.454545
208       4670.181818    1572.909091
384       4650.000000    1568.363636
50        4634.545455    1626.181818
64        4608.909091    1609.545455
432       4536.727273    1575.636364
299       4534.727273    1560.545455
226       4530.909091    1530.545455
241       4503.818182    1607.454545
363       4498.363636    1582.545455
Current: [7, 14, 15, 17, 18, 26, 27, 30, 44, 47, 49, 50, 61, 81, 84, 87, 96, 106, 125, 126, 132, 138, 151, 157, 164, 172, 173, 180, 186, 187, 192, 205, 220, 225, 235, 243, 251, 265, 268, 271, 276, 291, 294, 299, 300, 331, 365, 367, 393, 415, 419, 428, 435, 441, 447, 452, 469, 476, 491, 500, 505]
Subround 11
         Timestamp  TS First Frame  TS Prev Frame
Offset                                           
14      24566400.0      47837824.5       978346.0
32      24733184.0      47863808.5       883510.5
367     24472320.0      47822102.0       864009.0
410     24567936.0      47745421.0       863372.0
37      24594944.0      47834580.5       861984.0
50      24952960.0      48572269.0       861734.5
84      24520704.0      47887772.5       853222.5
347     24735488.0      48086380.0       849239.0
189     24585728.0      47804560.5       848548.5
399     24544128.0      47782945.5       848390.5
430     24644608.0      48167365.0       848213.5
452     24490368.0      48205136.0       846209.5
15      24742272.0      47891910.5       845771.5
99      24843264.0      48090569.0       844415.0
376     24818176.0      48191586.5       841678.5
427     24664960.0      48091818.5       841196.0
241     24729216.0      48156939.0       838382.5
182     24196096.0      47363675.0       833502.0
353     24676992.0      48155893.0       833187.5
348     25007104.0      48954268.0       820427.5
              Server1        Server2
Offset                              
14      529514.500000  151838.833333
337      15157.333333    4586.250000
90       12798.666667    3917.583333
393       9976.000000    3094.333333
457       7348.166667    2256.583333
506       6237.333333    1959.083333
148       5148.166667    1679.666667
42        4848.333333    1643.583333
347       4639.166667    1586.416667
320       4574.666667    1567.250000
50        4494.166667    1571.833333
370       4492.333333    1518.666667
327       4489.833333    1541.000000
208       4485.000000    1507.250000
384       4472.166667    1506.250000
64        4428.666667    1544.833333
363       4374.000000    1531.000000
427       4373.500000    1477.333333
299       4370.000000    1497.750000
18        4360.666667    1506.000000
Current: [14, 15, 17, 18, 26, 27, 30, 47, 49, 50, 61, 81, 84, 126, 132, 138, 157, 172, 180, 187, 192, 225, 235, 243, 251, 265, 271, 294, 300, 367, 415, 419, 428, 447, 469, 491, 500, 505]
Subround 12
         Timestamp  TS First Frame  TS Prev Frame
Offset                                           
14      24555264.0      47616059.0       977524.0
32      24734976.0      47962863.0       877716.0
367     24663552.0      47972624.0       861790.0
410     24508928.0      47715639.0       856468.0
84      24544256.0      48074562.0       851348.0
132     24461568.0      47948946.0       850037.0
399     24518656.0      47642271.0       845390.0
452     24483840.0      47732595.0       837957.0
430     24545536.0      48061670.0       836501.0
50      24917248.0      48488966.0       835396.0
427     24563200.0      47786760.0       833839.0
182     24196352.0      47509203.0       831241.0
15      24667392.0      47872485.0       827885.0
353     24669440.0      48067492.0       823157.0
376     24779264.0      48129772.0       817772.0
189     24554240.0      47759911.0       817693.0
172     24884224.0      48726083.0       812365.0
163     24508672.0      47936502.0       812208.0
37      24761600.0      48002094.0       810500.0
348     24924160.0      48899170.0       805017.0
              Server1        Server2
Offset                              
14      505125.384615  144843.307692
337      14284.307692    4338.000000
90       12037.846154    3693.846154
393       9382.153846    2913.846154
457       7263.230769    2237.153846
506       5983.076923    1891.615385
148       4905.230769    1602.076923
42        4617.846154    1563.846154
347       4477.846154    1529.461538
320       4413.538462    1508.538462
370       4392.769231    1478.307692
327       4348.923077    1491.846154
439       4330.769231    1409.153846
50        4316.615385    1506.769231
208       4312.615385    1447.307692
364       4287.384615    1430.538462
384       4286.923077    1443.538462
64        4262.923077    1481.000000
299       4233.230769    1445.923077
427       4220.615385    1422.153846
Current: [14, 15, 18, 26, 27, 30, 49, 50, 61, 81, 126, 132, 138, 157, 225, 235, 243, 265, 294, 300, 367, 415, 419, 428, 469, 500, 505]
Subround 13
         Timestamp  TS First Frame  TS Prev Frame
Offset                                           
14      24566400.0      47823464.0       872388.5
32      24733184.0      47863808.5       867873.5
410     24441216.0      47633165.5       832172.0
427     24460928.0      47681298.5       817949.0
353     24556800.0      47900109.5       815269.0
15      24480896.0      47834297.5       812234.0
50      24715008.0      48237070.0       811008.0
376     24557312.0      47999690.5       798800.0
38      24791680.0      48202928.5       794880.5
203     24571264.0      47698018.0       783697.5
241     24622976.0      47894967.0       780271.0
108     24710912.0      47997748.5       774955.5
358     24533376.0      47916780.0       774797.5
281     24642048.0      48225818.0       771933.0
84      24654336.0      48220726.5       769482.5
416     24598144.0      47504849.5       766981.0
479     24550272.0      47847366.0       762438.0
130     24668928.0      47898275.5       761917.0
163     24504448.0      47799070.5       759759.0
132     24437248.0      47930746.0       757907.5
              Server1        Server2
Offset                              
14      502748.142857  144157.928571
337      13469.714286    4099.571429
90       11305.142857    3471.285714
393       8861.142857    2755.500000
457       7115.571429    2207.428571
506       5841.428571    1865.571429
85        5107.857143    1692.857143
311       4672.571429    1565.857143
148       4658.428571    1524.357143
42        4437.000000    1502.071429
439       4421.142857    1449.428571
320       4336.142857    1476.714286
347       4328.571429    1478.000000
364       4317.142857    1450.928571
370       4255.428571    1431.214286
208       4208.714286    1413.000000
281       4175.571429    1434.714286
327       4169.000000    1427.928571
50        4158.857143    1447.714286
427       4138.142857    1391.071429
Current: [14, 15, 18, 26, 27, 30, 45, 47, 49, 50, 61, 76, 81, 87, 95, 96, 109, 126, 132, 138, 157, 180, 189, 192, 215, 225, 235, 237, 243, 247, 265, 276, 277, 294, 300, 331, 367, 415, 417, 419, 428, 441, 469, 479, 491, 500, 505]
Subround 14
         Timestamp  TS First Frame  TS Prev Frame
Offset                                           
32      24731392.0      47764754.0       858031.0
101     24527872.0      48070472.0       835987.0
272     24630784.0      48128684.0       811369.0
410     24373504.0      47550692.0       807876.0
353     24444160.0      47732727.0       807381.0
427     24563200.0      47786760.0       802059.0
38      24738560.0      47961649.0       800015.0
15      24294400.0      47796110.0       796583.0
203     24781312.0      47888732.0       790438.0
358     24420352.0      47833879.0       787709.0
50      24512768.0      47985174.0       786620.0
376     24335360.0      47869609.0       779828.0
374     24843520.0      48200307.0       775658.0
241     24609792.0      47876654.0       773978.0
336     24205824.0      47675753.0       770992.0
14      24577536.0      48030869.0       767253.0
186     24270336.0      47797505.0       756602.0
281     24615424.0      48135693.0       755594.0
479     24488448.0      47706000.0       753222.0
130     24588288.0      47757744.0       752031.0
              Server1        Server2
Offset                              
14      483757.733333  138722.666667
337      12864.266667    3923.933333
90       10666.533333    3280.000000
393       8404.533333    2616.866667
457       7002.400000    2187.266667
506       5720.533333    1841.866667
85        5094.933333    1692.400000
311       4626.933333    1554.000000
439       4467.866667    1466.866667
148       4454.533333    1459.933333
364       4366.800000    1465.133333
42        4282.666667    1450.333333
320       4267.200000    1448.333333
347       4204.400000    1431.066667
208       4184.400000    1397.533333
281       4148.133333    1418.533333
370       4115.466667    1383.066667
379       4108.533333    1372.600000
368       4070.933333    1414.466667
203       4043.066667    1407.266667
Current: [14, 15, 18, 26, 27, 49, 50, 61, 81, 87, 106, 109, 126, 132, 138, 157, 180, 189, 225, 237, 243, 265, 277, 294, 300, 415, 417, 419, 428, 441, 479, 491, 500, 505]
Subround 15
         Timestamp  TS First Frame  TS Prev Frame
Offset                                           
38      24586112.0      47850251.5       794880.5
203     24571264.0      47698018.0       777128.5
358     24339840.0      47820127.0       771411.5
50      24497536.0      47964108.0       765050.5
186     24376960.0      47900320.5       760865.5
479     24463616.0      47632717.0       751683.0
374     24784128.0      48179387.0       740381.0
241     24588928.0      47831110.0       737998.5
99      24563968.0      47683767.0       737841.0
101     24465152.0      47859458.0       721718.0
257     24414592.0      47586565.0       719847.0
482     24489472.0      47685574.0       716685.0
307     24539776.0      47793838.5       707633.5
291     24407808.0      47744142.5       705890.0
466     24650112.0      48259748.5       698424.0
3       24452736.0      47926259.5       690202.0
272     24540416.0      47990259.0       673606.5
107     24678400.0      48068741.5       673085.0
411     24361984.0      47444510.5       670819.0
132     24535936.0      48068756.0       668430.5
           Server1      Server2
Offset                         
14      464520.000  133205.1875
337      12190.250    3720.1875
90       10114.625    3112.3750
393       8022.000    2500.8125
457       6923.750    2169.5625
506       5615.625    1817.2500
85        5089.125    1694.4375
311       4683.500    1583.7500
439       4479.875    1474.7500
364       4360.625    1460.6250
148       4284.000    1406.1250
320       4166.000    1413.9375
42        4148.250    1404.0625
379       4144.750    1392.8125
347       4088.125    1390.1875
281       4057.750    1386.0625
208       4052.250    1353.8750
186       4034.125    1396.5000
370       4019.375    1350.3750
91        4009.125    1367.3125
Current: [14, 15, 49, 50, 61, 81, 87, 126, 132, 180, 189, 225, 237, 243, 265, 294, 300, 415, 419, 428, 441, 479, 491, 505]
         Timestamp  TS First Frame  TS Prev Frame
Offset                                           
38      24586112.0      47850251.5       794880.5
203     24571264.0      47698018.0       777128.5
358     24339840.0      47820127.0       771411.5
50      24497536.0      47964108.0       765050.5
186     24376960.0      47900320.5       760865.5
479     24463616.0      47632717.0       751683.0
374     24784128.0      48179387.0       740381.0
241     24588928.0      47831110.0       737998.5
99      24563968.0      47683767.0       737841.0
101     24465152.0      47859458.0       721718.0
257     24414592.0      47586565.0       719847.0
482     24489472.0      47685574.0       716685.0
307     24539776.0      47793838.5       707633.5
291     24407808.0      47744142.5       705890.0
466     24650112.0      48259748.5       698424.0
3       24452736.0      47926259.5       690202.0
272     24540416.0      47990259.0       673606.5
107     24678400.0      48068741.5       673085.0
411     24361984.0      47444510.5       670819.0
132     24535936.0      48068756.0       668430.5
           Server1      Server2
Offset                         
14      464520.000  133205.1875
337      12190.250    3720.1875
90       10114.625    3112.3750
393       8022.000    2500.8125
457       6923.750    2169.5625
506       5615.625    1817.2500
85        5089.125    1694.4375
311       4683.500    1583.7500
439       4479.875    1474.7500
364       4360.625    1460.6250
148       4284.000    1406.1250
320       4166.000    1413.9375
42        4148.250    1404.0625
379       4144.750    1392.8125
347       4088.125    1390.1875
281       4057.750    1386.0625
208       4052.250    1353.8750
186       4034.125    1396.5000
370       4019.375    1350.3750
91        4009.125    1367.3125
New pairs
[[14, 50], [428, 132], [479, 441], [237, 225], [180, 189], [126, 61], [265, 87], [49, 243], [294, 81], [491, 415], [300, 505], [15, 419]]
Round 1
Subround 0
         Timestamp  TS First Frame  TS Prev Frame
Offset                                           
38      24586112.0      47850251.5       794880.5
203     24571264.0      47698018.0       777128.5
358     24339840.0      47820127.0       771411.5
186     24376960.0      47900320.5       760865.5
479     24438784.0      47559434.0       750144.0
50      24512768.0      47985174.0       743481.0
374     24784128.0      48179387.0       740381.0
241     24588928.0      47831110.0       737998.5
101     24465152.0      47859458.0       721718.0
257     24414592.0      47586565.0       719847.0
482     24489472.0      47685574.0       716685.0
307     24539776.0      47793838.5       707633.5
291     24407808.0      47744142.5       705890.0
466     24650112.0      48259748.5       698424.0
3       24452736.0      47926259.5       690202.0
272     24540416.0      47990259.0       673606.5
107     24678400.0      48068741.5       673085.0
411     24361984.0      47444510.5       670819.0
4       24177280.0      47609285.5       668042.0
401     24486144.0      47710307.0       667349.0
              Server1        Server2
Offset                              
14      446783.058824  128122.117647
337      12190.250000    3720.187500
90       10114.625000    3112.375000
393       8022.000000    2500.812500
457       6923.750000    2169.562500
506       5615.625000    1817.250000
85        5089.125000    1694.437500
311       4683.500000    1583.750000
439       4479.875000    1474.750000
364       4360.625000    1460.625000
148       4284.000000    1406.125000
320       4166.000000    1413.937500
42        4148.250000    1404.062500
379       4144.750000    1392.812500
347       4088.125000    1390.187500
281       4057.750000    1386.062500
208       4052.250000    1353.875000
186       4034.125000    1396.500000
370       4019.375000    1350.375000
91        4009.125000    1367.312500
Current: [14, 87, 126, 132, 180, 225, 243, 294, 415, 441]
Subround 1
         Timestamp  TS First Frame  TS Prev Frame
Offset                                           
38      24586112.0      47850251.5       794880.5
203     24571264.0      47698018.0       777128.5
358     24339840.0      47820127.0       771411.5
186     24376960.0      47900320.5       760865.5
374     24784128.0      48179387.0       740381.0
241     24588928.0      47831110.0       737998.5
101     24465152.0      47859458.0       721718.0
257     24414592.0      47586565.0       719847.0
482     24489472.0      47685574.0       716685.0
307     24539776.0      47793838.5       707633.5
291     24407808.0      47744142.5       705890.0
466     24650112.0      48259748.5       698424.0
3       24452736.0      47926259.5       690202.0
272     24540416.0      47990259.0       673606.5
107     24678400.0      48068741.5       673085.0
411     24361984.0      47444510.5       670819.0
4       24177280.0      47609285.5       668042.0
401     24486144.0      47710307.0       667349.0
49      24276224.0      47609193.0       664421.5
130     24463872.0      47698062.5       664069.5
              Server1        Server2
Offset                              
14      430816.555556  123539.222222
337      12190.250000    3720.187500
90       10114.625000    3112.375000
393       8022.000000    2500.812500
457       6923.750000    2169.562500
506       5615.625000    1817.250000
85        5089.125000    1694.437500
311       4683.500000    1583.750000
439       4479.875000    1474.750000
364       4360.625000    1460.625000
148       4284.000000    1406.125000
320       4166.000000    1413.937500
42        4148.250000    1404.062500
379       4144.750000    1392.812500
347       4088.125000    1390.187500
281       4057.750000    1386.062500
208       4052.250000    1353.875000
186       4034.125000    1396.500000
370       4019.375000    1350.375000
91        4009.125000    1367.312500
Current: [14, 87, 132, 180, 294, 415, 419, 441, 505]
Subround 2
         Timestamp  TS First Frame  TS Prev Frame
Offset                                           
38      24586112.0      47850251.5       794880.5
203     24571264.0      47698018.0       777128.5
358     24339840.0      47820127.0       771411.5
186     24376960.0      47900320.5       760865.5
479     24438784.0      47559434.0       750144.0
50      24512768.0      47985174.0       743481.0
374     24784128.0      48179387.0       740381.0
241     24588928.0      47831110.0       737998.5
101     24465152.0      47859458.0       721718.0
257     24414592.0      47586565.0       719847.0
482     24489472.0      47685574.0       716685.0
307     24539776.0      47793838.5       707633.5
291     24407808.0      47744142.5       705890.0
466     24650112.0      48259748.5       698424.0
3       24452736.0      47926259.5       690202.0
272     24540416.0      47990259.0       673606.5
107     24678400.0      48068741.5       673085.0
411     24361984.0      47444510.5       670819.0
4       24177280.0      47609285.5       668042.0
401     24486144.0      47710307.0       667349.0
              Server1        Server2
Offset                              
14      445093.368421  127645.052632
337      12190.250000    3720.187500
90       10114.625000    3112.375000
393       8022.000000    2500.812500
457       6923.750000    2169.562500
506       5615.625000    1817.250000
85        5089.125000    1694.437500
311       4683.500000    1583.750000
439       4479.875000    1474.750000
364       4360.625000    1460.625000
148       4284.000000    1406.125000
320       4166.000000    1413.937500
42        4148.250000    1404.062500
379       4144.750000    1392.812500
347       4088.125000    1390.187500
281       4057.750000    1386.062500
208       4052.250000    1353.875000
186       4034.125000    1396.500000
370       4019.375000    1350.375000
91        4009.125000    1367.312500
Current: [14, 87, 132, 180, 415, 505]
Subround 3
         Timestamp  TS First Frame  TS Prev Frame
Offset                                           
38      24586112.0      47850251.5       794880.5
203     24571264.0      47698018.0       777128.5
358     24339840.0      47820127.0       771411.5
186     24376960.0      47900320.5       760865.5
479     24463616.0      47632717.0       751683.0
374     24784128.0      48179387.0       740381.0
241     24588928.0      47831110.0       737998.5
101     24465152.0      47859458.0       721718.0
257     24414592.0      47586565.0       719847.0
482     24489472.0      47685574.0       716685.0
307     24539776.0      47793838.5       707633.5
291     24407808.0      47744142.5       705890.0
466     24650112.0      48259748.5       698424.0
3       24452736.0      47926259.5       690202.0
272     24540416.0      47990259.0       673606.5
107     24678400.0      48068741.5       673085.0
411     24361984.0      47444510.5       670819.0
50      24537216.0      48019463.0       668278.5
4       24177280.0      47609285.5       668042.0
401     24486144.0      47710307.0       667349.0
           Server1      Server2
Offset                         
14      432244.500  123956.0500
337      12190.250    3720.1875
90       10114.625    3112.3750
393       8022.000    2500.8125
457       6923.750    2169.5625
506       5615.625    1817.2500
85        5089.125    1694.4375
311       4683.500    1583.7500
439       4479.875    1474.7500
364       4360.625    1460.6250
148       4284.000    1406.1250
320       4166.000    1413.9375
42        4148.250    1404.0625
379       4144.750    1392.8125
347       4088.125    1390.1875
281       4057.750    1386.0625
208       4052.250    1353.8750
186       4034.125    1396.5000
370       4019.375    1350.3750
91        4009.125    1367.3125
Current: [14, 61, 87, 132, 180, 441, 505]
Subround 4
         Timestamp  TS First Frame  TS Prev Frame
Offset                                           
38      24586112.0      47850251.5       794880.5
203     24571264.0      47698018.0       777128.5
358     24339840.0      47820127.0       771411.5
186     24376960.0      47900320.5       760865.5
479     24438784.0      47559434.0       750144.0
374     24784128.0      48179387.0       740381.0
241     24588928.0      47831110.0       737998.5
101     24465152.0      47859458.0       721718.0
257     24414592.0      47586565.0       719847.0
482     24489472.0      47685574.0       716685.0
307     24539776.0      47793838.5       707633.5
291     24407808.0      47744142.5       705890.0
466     24650112.0      48259748.5       698424.0
3       24452736.0      47926259.5       690202.0
272     24540416.0      47990259.0       673606.5
107     24678400.0      48068741.5       673085.0
411     24361984.0      47444510.5       670819.0
4       24177280.0      47609285.5       668042.0
401     24486144.0      47710307.0       667349.0
130     24463872.0      47698062.5       664069.5
              Server1        Server2
Offset                              
14      421469.333333  120870.761905
337      12190.250000    3720.187500
90       10114.625000    3112.375000
393       8022.000000    2500.812500
457       6923.750000    2169.562500
506       5615.625000    1817.250000
85        5089.125000    1694.437500
311       4683.500000    1583.750000
439       4479.875000    1474.750000
364       4360.625000    1460.625000
148       4284.000000    1406.125000
320       4166.000000    1413.937500
42        4148.250000    1404.062500
379       4144.750000    1392.812500
347       4088.125000    1390.187500
281       4057.750000    1386.062500
208       4052.250000    1353.875000
186       4034.125000    1396.500000
370       4019.375000    1350.375000
91        4009.125000    1367.312500
Current: [14, 87, 132, 180, 419, 505]
Subround 5
         Timestamp  TS First Frame  TS Prev Frame
Offset                                           
38      24586112.0      47850251.5       794880.5
203     24571264.0      47698018.0       777128.5
358     24339840.0      47820127.0       771411.5
186     24376960.0      47900320.5       760865.5
374     24784128.0      48179387.0       740381.0
241     24588928.0      47831110.0       737998.5
101     24465152.0      47859458.0       721718.0
257     24414592.0      47586565.0       719847.0
482     24489472.0      47685574.0       716685.0
307     24539776.0      47793838.5       707633.5
291     24407808.0      47744142.5       705890.0
466     24650112.0      48259748.5       698424.0
3       24452736.0      47926259.5       690202.0
272     24540416.0      47990259.0       673606.5
107     24678400.0      48068741.5       673085.0
411     24361984.0      47444510.5       670819.0
50      24537216.0      48019463.0       668278.5
4       24177280.0      47609285.5       668042.0
401     24486144.0      47710307.0       667349.0
130     24463872.0      47698062.5       664069.5
              Server1        Server2
Offset                              
14      427641.181818  122644.863636
337      12190.250000    3720.187500
90       10114.625000    3112.375000
393       8022.000000    2500.812500
457       6923.750000    2169.562500
506       5615.625000    1817.250000
85        5089.125000    1694.437500
311       4683.500000    1583.750000
439       4479.875000    1474.750000
364       4360.625000    1460.625000
148       4284.000000    1406.125000
320       4166.000000    1413.937500
42        4148.250000    1404.062500
379       4144.750000    1392.812500
347       4088.125000    1390.187500
281       4057.750000    1386.062500
208       4052.250000    1353.875000
186       4034.125000    1396.500000
370       4019.375000    1350.375000
91        4009.125000    1367.312500
Current: [14, 87, 132, 419, 505]
Subround 6
         Timestamp  TS First Frame  TS Prev Frame
Offset                                           
38      24586112.0      47850251.5       794880.5
203     24571264.0      47698018.0       777128.5
358     24339840.0      47820127.0       771411.5
186     24376960.0      47900320.5       760865.5
479     24438784.0      47559434.0       750144.0
374     24784128.0      48179387.0       740381.0
241     24588928.0      47831110.0       737998.5
101     24465152.0      47859458.0       721718.0
257     24414592.0      47586565.0       719847.0
482     24489472.0      47685574.0       716685.0
307     24539776.0      47793838.5       707633.5
291     24407808.0      47744142.5       705890.0
466     24650112.0      48259748.5       698424.0
3       24452736.0      47926259.5       690202.0
272     24540416.0      47990259.0       673606.5
107     24678400.0      48068741.5       673085.0
411     24361984.0      47444510.5       670819.0
4       24177280.0      47609285.5       668042.0
401     24486144.0      47710307.0       667349.0
132     24570368.0      48046958.0       665778.0
              Server1        Server2
Offset                              
14      417375.130435  119703.521739
337      12190.250000    3720.187500
90       10114.625000    3112.375000
393       8022.000000    2500.812500
457       6923.750000    2169.562500
506       5615.625000    1817.250000
85        5089.125000    1694.437500
311       4683.500000    1583.750000
439       4479.875000    1474.750000
364       4360.625000    1460.625000
148       4284.000000    1406.125000
320       4166.000000    1413.937500
42        4148.250000    1404.062500
379       4144.750000    1392.812500
347       4088.125000    1390.187500
281       4057.750000    1386.062500
208       4052.250000    1353.875000
186       4034.125000    1396.500000
370       4019.375000    1350.375000
91        4009.125000    1367.312500
Current: [14, 87, 132, 180, 243, 419, 505]
Subround 7
         Timestamp  TS First Frame  TS Prev Frame
Offset                                           
38      24586112.0      47850251.5       794880.5
203     24571264.0      47698018.0       777128.5
358     24339840.0      47820127.0       771411.5
186     24376960.0      47900320.5       760865.5
374     24784128.0      48179387.0       740381.0
241     24588928.0      47831110.0       737998.5
101     24465152.0      47859458.0       721718.0
257     24414592.0      47586565.0       719847.0
482     24489472.0      47685574.0       716685.0
307     24539776.0      47793838.5       707633.5
291     24407808.0      47744142.5       705890.0
466     24650112.0      48259748.5       698424.0
3       24452736.0      47926259.5       690202.0
272     24540416.0      47990259.0       673606.5
107     24678400.0      48068741.5       673085.0
411     24361984.0      47444510.5       670819.0
4       24177280.0      47609285.5       668042.0
401     24486144.0      47710307.0       667349.0
130     24463872.0      47698062.5       664069.5
410     24441216.0      47633165.5       661262.5
              Server1        Server2
Offset                              
14      407603.333333  116900.416667
337      12190.250000    3720.187500
90       10114.625000    3112.375000
393       8022.000000    2500.812500
457       6923.750000    2169.562500
506       5615.625000    1817.250000
85        5089.125000    1694.437500
311       4683.500000    1583.750000
439       4479.875000    1474.750000
364       4360.625000    1460.625000
148       4284.000000    1406.125000
320       4166.000000    1413.937500
42        4148.250000    1404.062500
379       4144.750000    1392.812500
347       4088.125000    1390.187500
281       4057.750000    1386.062500
208       4052.250000    1353.875000
186       4034.125000    1396.500000
370       4019.375000    1350.375000
91        4009.125000    1367.312500
Current: [14, 87, 132, 419, 505]
Subround 8
         Timestamp  TS First Frame  TS Prev Frame
Offset                                           
38      24586112.0      47850251.5       794880.5
203     24571264.0      47698018.0       777128.5
358     24339840.0      47820127.0       771411.5
186     24376960.0      47900320.5       760865.5
374     24784128.0      48179387.0       740381.0
241     24588928.0      47831110.0       737998.5
101     24465152.0      47859458.0       721718.0
257     24414592.0      47586565.0       719847.0
482     24489472.0      47685574.0       716685.0
307     24539776.0      47793838.5       707633.5
291     24407808.0      47744142.5       705890.0
466     24650112.0      48259748.5       698424.0
3       24452736.0      47926259.5       690202.0
272     24540416.0      47990259.0       673606.5
107     24678400.0      48068741.5       673085.0
411     24361984.0      47444510.5       670819.0
4       24177280.0      47609285.5       668042.0
401     24486144.0      47710307.0       667349.0
130     24463872.0      47698062.5       664069.5
410     24441216.0      47633165.5       661262.5
           Server1      Server2
Offset                         
14      397725.760  114067.1200
337      12190.250    3720.1875
90       10114.625    3112.3750
393       8022.000    2500.8125
457       6923.750    2169.5625
506       5615.625    1817.2500
85        5089.125    1694.4375
311       4683.500    1583.7500
439       4479.875    1474.7500
364       4360.625    1460.6250
148       4284.000    1406.1250
320       4166.000    1413.9375
42        4148.250    1404.0625
379       4144.750    1392.8125
347       4088.125    1390.1875
281       4057.750    1386.0625
208       4052.250    1353.8750
186       4034.125    1396.5000
370       4019.375    1350.3750
91        4009.125    1367.3125
Current: [14, 87, 132, 419]
Subround 9
         Timestamp  TS First Frame  TS Prev Frame
Offset                                           
38      24586112.0      47850251.5       794880.5
203     24571264.0      47698018.0       777128.5
358     24339840.0      47820127.0       771411.5
186     24376960.0      47900320.5       760865.5
374     24784128.0      48179387.0       740381.0
241     24588928.0      47831110.0       737998.5
101     24465152.0      47859458.0       721718.0
257     24414592.0      47586565.0       719847.0
482     24489472.0      47685574.0       716685.0
307     24539776.0      47793838.5       707633.5
291     24407808.0      47744142.5       705890.0
466     24650112.0      48259748.5       698424.0
3       24452736.0      47926259.5       690202.0
272     24540416.0      47990259.0       673606.5
107     24678400.0      48068741.5       673085.0
411     24361984.0      47444510.5       670819.0
4       24177280.0      47609285.5       668042.0
401     24486144.0      47710307.0       667349.0
130     24463872.0      47698062.5       664069.5
410     24441216.0      47633165.5       661262.5
              Server1        Server2
Offset                              
14      407000.153846  116728.038462
337      12190.250000    3720.187500
90       10114.625000    3112.375000
428       9216.153846    2857.384615
393       8022.000000    2500.812500
457       6923.750000    2169.562500
506       5615.625000    1817.250000
85        5089.125000    1694.437500
311       4683.500000    1583.750000
439       4479.875000    1474.750000
364       4360.625000    1460.625000
148       4284.000000    1406.125000
320       4166.000000    1413.937500
42        4148.250000    1404.062500
379       4144.750000    1392.812500
347       4088.125000    1390.187500
281       4057.750000    1386.062500
208       4052.250000    1353.875000
186       4034.125000    1396.500000
370       4019.375000    1350.375000
Current: [14, 61, 87, 132, 419]
Subround 10
         Timestamp  TS First Frame  TS Prev Frame
Offset                                           
38      24586112.0      47850251.5       794880.5
203     24571264.0      47698018.0       777128.5
358     24339840.0      47820127.0       771411.5
186     24376960.0      47900320.5       760865.5
374     24784128.0      48179387.0       740381.0
241     24588928.0      47831110.0       737998.5
101     24465152.0      47859458.0       721718.0
257     24414592.0      47586565.0       719847.0
482     24489472.0      47685574.0       716685.0
307     24539776.0      47793838.5       707633.5
291     24407808.0      47744142.5       705890.0
466     24650112.0      48259748.5       698424.0
3       24452736.0      47926259.5       690202.0
272     24540416.0      47990259.0       673606.5
107     24678400.0      48068741.5       673085.0
411     24361984.0      47444510.5       670819.0
4       24177280.0      47609285.5       668042.0
401     24486144.0      47710307.0       667349.0
132     24570368.0      47948946.0       665778.0
130     24463872.0      47698062.5       664069.5
              Server1        Server2
Offset                              
14      402750.518519  115505.740741
337      12190.250000    3720.187500
90       10114.625000    3112.375000
428       9046.962963    2808.925926
393       8022.000000    2500.812500
457       6923.750000    2169.562500
506       5615.625000    1817.250000
85        5089.125000    1694.437500
311       4683.500000    1583.750000
439       4479.875000    1474.750000
364       4360.625000    1460.625000
148       4284.000000    1406.125000
320       4166.000000    1413.937500
42        4148.250000    1404.062500
379       4144.750000    1392.812500
347       4088.125000    1390.187500
281       4057.750000    1386.062500
208       4052.250000    1353.875000
186       4034.125000    1396.500000
370       4019.375000    1350.375000
Current: [14, 132, 419]
Subround 11
         Timestamp  TS First Frame  TS Prev Frame
Offset                                           
38      24586112.0      47850251.5       794880.5
203     24571264.0      47698018.0       777128.5
358     24339840.0      47820127.0       771411.5
186     24376960.0      47900320.5       760865.5
374     24784128.0      48179387.0       740381.0
241     24588928.0      47831110.0       737998.5
101     24465152.0      47859458.0       721718.0
257     24414592.0      47586565.0       719847.0
482     24489472.0      47685574.0       716685.0
307     24539776.0      47793838.5       707633.5
291     24407808.0      47744142.5       705890.0
466     24650112.0      48259748.5       698424.0
3       24452736.0      47926259.5       690202.0
272     24540416.0      47990259.0       673606.5
107     24678400.0      48068741.5       673085.0
411     24361984.0      47444510.5       670819.0
4       24177280.0      47609285.5       668042.0
401     24486144.0      47710307.0       667349.0
130     24463872.0      47698062.5       664069.5
410     24441216.0      47633165.5       661262.5
           Server1        Server2
Offset                           
14      395093.500  113311.392857
337      12190.250    3720.187500
90       10114.625    3112.375000
428       8841.000    2745.607143
393       8022.000    2500.812500
457       6923.750    2169.562500
506       5615.625    1817.250000
85        5089.125    1694.437500
311       4683.500    1583.750000
439       4479.875    1474.750000
364       4360.625    1460.625000
148       4284.000    1406.125000
320       4166.000    1413.937500
42        4148.250    1404.062500
379       4144.750    1392.812500
347       4088.125    1390.187500
281       4057.750    1386.062500
208       4052.250    1353.875000
186       4034.125    1396.500000
370       4019.375    1350.375000
Current: [14]
Subround 12
         Timestamp  TS First Frame  TS Prev Frame
Offset                                           
38      24586112.0      47850251.5       794880.5
203     24571264.0      47698018.0       777128.5
358     24339840.0      47820127.0       771411.5
186     24376960.0      47900320.5       760865.5
374     24784128.0      48179387.0       740381.0
241     24588928.0      47831110.0       737998.5
101     24465152.0      47859458.0       721718.0
257     24414592.0      47586565.0       719847.0
482     24489472.0      47685574.0       716685.0
307     24539776.0      47793838.5       707633.5
291     24407808.0      47744142.5       705890.0
466     24650112.0      48259748.5       698424.0
3       24452736.0      47926259.5       690202.0
272     24540416.0      47990259.0       673606.5
107     24678400.0      48068741.5       673085.0
411     24361984.0      47444510.5       670819.0
4       24177280.0      47609285.5       668042.0
401     24486144.0      47710307.0       667349.0
130     24463872.0      47698062.5       664069.5
410     24441216.0      47633165.5       661262.5
              Server1        Server2
Offset                              
14      392779.931034  112646.034483
337      12190.250000    3720.187500
90       10114.625000    3112.375000
428       8604.620690    2674.172414
393       8022.000000    2500.812500
457       6923.750000    2169.562500
506       5615.625000    1817.250000
85        5089.125000    1694.437500
311       4683.500000    1583.750000
439       4479.875000    1474.750000
364       4360.625000    1460.625000
148       4284.000000    1406.125000
320       4166.000000    1413.937500
42        4148.250000    1404.062500
379       4144.750000    1392.812500
347       4088.125000    1390.187500
281       4057.750000    1386.062500
208       4052.250000    1353.875000
186       4034.125000    1396.500000
370       4019.375000    1350.375000
Current: [14]
Subround 13
         Timestamp  TS First Frame  TS Prev Frame
Offset                                           
38      24586112.0      47850251.5       794880.5
203     24571264.0      47698018.0       777128.5
358     24339840.0      47820127.0       771411.5
186     24376960.0      47900320.5       760865.5
374     24784128.0      48179387.0       740381.0
241     24588928.0      47831110.0       737998.5
101     24465152.0      47859458.0       721718.0
257     24414592.0      47586565.0       719847.0
482     24489472.0      47685574.0       716685.0
307     24539776.0      47793838.5       707633.5
291     24407808.0      47744142.5       705890.0
466     24650112.0      48259748.5       698424.0
3       24452736.0      47926259.5       690202.0
272     24540416.0      47990259.0       673606.5
107     24678400.0      48068741.5       673085.0
411     24361984.0      47444510.5       670819.0
4       24177280.0      47609285.5       668042.0
401     24486144.0      47710307.0       667349.0
130     24463872.0      47698062.5       664069.5
410     24441216.0      47633165.5       661262.5
              Server1        Server2
Offset                              
14      404622.466667  116048.000000
337      12190.250000    3720.187500
90       10114.625000    3112.375000
428       8503.266667    2653.233333
393       8022.000000    2500.812500
457       6923.750000    2169.562500
506       5615.625000    1817.250000
85        5089.125000    1694.437500
311       4683.500000    1583.750000
439       4479.875000    1474.750000
364       4360.625000    1460.625000
148       4284.000000    1406.125000
320       4166.000000    1413.937500
61        4148.600000    1386.566667
42        4148.250000    1404.062500
379       4144.750000    1392.812500
347       4088.125000    1390.187500
281       4057.750000    1386.062500
208       4052.250000    1353.875000
186       4034.125000    1396.500000
Current: [14, 61]
Subround 14
         Timestamp  TS First Frame  TS Prev Frame
Offset                                           
38      24586112.0      47850251.5       794880.5
203     24571264.0      47698018.0       777128.5
358     24339840.0      47820127.0       771411.5
186     24376960.0      47900320.5       760865.5
374     24784128.0      48179387.0       740381.0
241     24588928.0      47831110.0       737998.5
101     24465152.0      47859458.0       721718.0
257     24414592.0      47586565.0       719847.0
482     24489472.0      47685574.0       716685.0
307     24539776.0      47793838.5       707633.5
291     24407808.0      47744142.5       705890.0
466     24650112.0      48259748.5       698424.0
3       24452736.0      47926259.5       690202.0
272     24540416.0      47990259.0       673606.5
107     24678400.0      48068741.5       673085.0
411     24361984.0      47444510.5       670819.0
4       24177280.0      47609285.5       668042.0
401     24486144.0      47710307.0       667349.0
132     24461568.0      47912546.0       665778.0
130     24463872.0      47698062.5       664069.5
              Server1        Server2
Offset                              
14      411472.967742  118012.161290
337      12190.250000    3720.187500
90       10114.625000    3112.375000
428       8367.225806    2615.677419
393       8022.000000    2500.812500
457       6923.750000    2169.562500
506       5615.625000    1817.250000
85        5089.125000    1694.437500
311       4683.500000    1583.750000
439       4479.875000    1474.750000
364       4360.625000    1460.625000
148       4284.000000    1406.125000
320       4166.000000    1413.937500
42        4148.250000    1404.062500
379       4144.750000    1392.812500
347       4088.125000    1390.187500
61        4074.387097    1361.225806
281       4057.750000    1386.062500
208       4052.250000    1353.875000
186       4034.125000    1396.500000
Current: [14]
Subround 15
         Timestamp  TS First Frame  TS Prev Frame
Offset                                           
38      24586112.0      47850251.5       794880.5
203     24571264.0      47698018.0       777128.5
358     24339840.0      47820127.0       771411.5
186     24376960.0      47900320.5       760865.5
374     24784128.0      48179387.0       740381.0
241     24588928.0      47831110.0       737998.5
101     24465152.0      47859458.0       721718.0
257     24414592.0      47586565.0       719847.0
482     24489472.0      47685574.0       716685.0
307     24539776.0      47793838.5       707633.5
291     24407808.0      47744142.5       705890.0
466     24650112.0      48259748.5       698424.0
3       24452736.0      47926259.5       690202.0
272     24540416.0      47990259.0       673606.5
107     24678400.0      48068741.5       673085.0
411     24361984.0      47444510.5       670819.0
4       24177280.0      47609285.5       668042.0
401     24486144.0      47710307.0       667349.0
130     24463872.0      47698062.5       664069.5
410     24441216.0      47633165.5       661262.5
            Server1       Server2
Offset                           
14      404334.1875  115963.62500
337      12190.2500    3720.18750
90       10114.6250    3112.37500
428       8189.6875    2563.21875
393       8022.0000    2500.81250
457       6923.7500    2169.56250
506       5615.6250    1817.25000
85        5089.1250    1694.43750
311       4683.5000    1583.75000
439       4479.8750    1474.75000
364       4360.6250    1460.62500
148       4284.0000    1406.12500
320       4166.0000    1413.93750
42        4148.2500    1404.06250
379       4144.7500    1392.81250
347       4088.1250    1390.18750
281       4057.7500    1386.06250
208       4052.2500    1353.87500
186       4034.1250    1396.50000
370       4019.3750    1350.37500
Current: [14]
Subround 16
         Timestamp  TS First Frame  TS Prev Frame
Offset                                           
38      24586112.0      47850251.5       794880.5
203     24571264.0      47698018.0       777128.5
358     24339840.0      47820127.0       771411.5
186     24376960.0      47900320.5       760865.5
374     24784128.0      48179387.0       740381.0
241     24588928.0      47831110.0       737998.5
101     24465152.0      47859458.0       721718.0
257     24414592.0      47586565.0       719847.0
482     24489472.0      47685574.0       716685.0
307     24539776.0      47793838.5       707633.5
291     24407808.0      47744142.5       705890.0
466     24650112.0      48259748.5       698424.0
3       24452736.0      47926259.5       690202.0
272     24540416.0      47990259.0       673606.5
107     24678400.0      48068741.5       673085.0
411     24361984.0      47444510.5       670819.0
4       24177280.0      47609285.5       668042.0
401     24486144.0      47710307.0       667349.0
130     24463872.0      47698062.5       664069.5
410     24441216.0      47633165.5       661262.5
              Server1        Server2
Offset                              
14      397074.424242  113880.757576
337      12190.250000    3720.187500
90       10114.625000    3112.375000
393       8022.000000    2500.812500
428       8002.787879    2506.303030
457       6923.750000    2169.562500
506       5615.625000    1817.250000
85        5089.125000    1694.437500
311       4683.500000    1583.750000
439       4479.875000    1474.750000
364       4360.625000    1460.625000
148       4284.000000    1406.125000
320       4166.000000    1413.937500
42        4148.250000    1404.062500
379       4144.750000    1392.812500
347       4088.125000    1390.187500
281       4057.750000    1386.062500
208       4052.250000    1353.875000
61        4041.757576    1354.727273
186       4034.125000    1396.500000
Current: [14, 81, 132]
Subround 17
         Timestamp  TS First Frame  TS Prev Frame
Offset                                           
38      24586112.0      47850251.5       794880.5
203     24571264.0      47698018.0       777128.5
358     24339840.0      47820127.0       771411.5
186     24376960.0      47900320.5       760865.5
374     24784128.0      48179387.0       740381.0
241     24588928.0      47831110.0       737998.5
101     24465152.0      47859458.0       721718.0
257     24414592.0      47586565.0       719847.0
482     24489472.0      47685574.0       716685.0
307     24539776.0      47793838.5       707633.5
291     24407808.0      47744142.5       705890.0
466     24650112.0      48259748.5       698424.0
3       24452736.0      47926259.5       690202.0
272     24540416.0      47990259.0       673606.5
107     24678400.0      48068741.5       673085.0
411     24361984.0      47444510.5       670819.0
4       24177280.0      47609285.5       668042.0
401     24486144.0      47710307.0       667349.0
130     24463872.0      47698062.5       664069.5
410     24441216.0      47633165.5       661262.5
              Server1        Server2
Offset                              
14      397188.529412  113912.588235
337      12190.250000    3720.187500
90       10114.625000    3112.375000
393       8022.000000    2500.812500
428       7829.764706    2452.088235
457       6923.750000    2169.562500
506       5615.625000    1817.250000
85        5089.125000    1694.437500
311       4683.500000    1583.750000
439       4479.875000    1474.750000
364       4360.625000    1460.625000
148       4284.000000    1406.125000
320       4166.000000    1413.937500
42        4148.250000    1404.062500
379       4144.750000    1392.812500
347       4088.125000    1390.187500
281       4057.750000    1386.062500
208       4052.250000    1353.875000
186       4034.125000    1396.500000
370       4019.375000    1350.375000
Current: [14, 81]
Subround 18
         Timestamp  TS First Frame  TS Prev Frame
Offset                                           
38      24586112.0      47850251.5       794880.5
203     24571264.0      47698018.0       777128.5
358     24339840.0      47820127.0       771411.5
186     24376960.0      47900320.5       760865.5
374     24784128.0      48179387.0       740381.0
241     24588928.0      47831110.0       737998.5
101     24465152.0      47859458.0       721718.0
257     24414592.0      47586565.0       719847.0
482     24489472.0      47685574.0       716685.0
307     24539776.0      47793838.5       707633.5
291     24407808.0      47744142.5       705890.0
466     24650112.0      48259748.5       698424.0
3       24452736.0      47926259.5       690202.0
272     24540416.0      47990259.0       673606.5
107     24678400.0      48068741.5       673085.0
411     24361984.0      47444510.5       670819.0
4       24177280.0      47609285.5       668042.0
401     24486144.0      47710307.0       667349.0
130     24463872.0      47698062.5       664069.5
410     24441216.0      47633165.5       661262.5
              Server1        Server2
Offset                              
14      402405.542857  115408.571429
337      12190.250000    3720.187500
90       10114.625000    3112.375000
393       8022.000000    2500.812500
428       7733.371429    2425.800000
457       6923.750000    2169.562500
506       5615.625000    1817.250000
85        5089.125000    1694.437500
311       4683.500000    1583.750000
439       4479.875000    1474.750000
364       4360.625000    1460.625000
148       4284.000000    1406.125000
320       4166.000000    1413.937500
42        4148.250000    1404.062500
379       4144.750000    1392.812500
347       4088.125000    1390.187500
281       4057.750000    1386.062500
208       4052.250000    1353.875000
186       4034.125000    1396.500000
370       4019.375000    1350.375000
Current: [14]
Subround 19
         Timestamp  TS First Frame  TS Prev Frame
Offset                                           
38      24586112.0      47850251.5       794880.5
203     24571264.0      47698018.0       777128.5
358     24339840.0      47820127.0       771411.5
186     24376960.0      47900320.5       760865.5
374     24784128.0      48179387.0       740381.0
241     24588928.0      47831110.0       737998.5
101     24465152.0      47859458.0       721718.0
257     24414592.0      47586565.0       719847.0
482     24489472.0      47685574.0       716685.0
307     24539776.0      47793838.5       707633.5
291     24407808.0      47744142.5       705890.0
466     24650112.0      48259748.5       698424.0
3       24452736.0      47926259.5       690202.0
272     24540416.0      47990259.0       673606.5
107     24678400.0      48068741.5       673085.0
411     24361984.0      47444510.5       670819.0
4       24177280.0      47609285.5       668042.0
401     24486144.0      47710307.0       667349.0
130     24463872.0      47698062.5       664069.5
410     24441216.0      47633165.5       661262.5
              Server1        Server2
Offset                              
14      395446.888889  113413.055556
337      12190.250000    3720.187500
90       10114.625000    3112.375000
393       8022.000000    2500.812500
428       7582.055556    2379.027778
457       6923.750000    2169.562500
506       5615.625000    1817.250000
85        5089.125000    1694.437500
311       4683.500000    1583.750000
439       4479.875000    1474.750000
364       4360.625000    1460.625000
148       4284.000000    1406.125000
320       4166.000000    1413.937500
42        4148.250000    1404.062500
379       4144.750000    1392.812500
347       4088.125000    1390.187500
281       4057.750000    1386.062500
208       4052.250000    1353.875000
186       4034.125000    1396.500000
370       4019.375000    1350.375000
Current: [14]
Subround 20
         Timestamp  TS First Frame  TS Prev Frame
Offset                                           
38      24586112.0      47850251.5       794880.5
203     24571264.0      47698018.0       777128.5
358     24339840.0      47820127.0       771411.5
186     24376960.0      47900320.5       760865.5
374     24784128.0      48179387.0       740381.0
241     24588928.0      47831110.0       737998.5
101     24465152.0      47859458.0       721718.0
257     24414592.0      47586565.0       719847.0
482     24489472.0      47685574.0       716685.0
307     24539776.0      47793838.5       707633.5
291     24407808.0      47744142.5       705890.0
466     24650112.0      48259748.5       698424.0
3       24452736.0      47926259.5       690202.0
272     24540416.0      47990259.0       673606.5
107     24678400.0      48068741.5       673085.0
411     24361984.0      47444510.5       670819.0
4       24177280.0      47609285.5       668042.0
401     24486144.0      47710307.0       667349.0
130     24463872.0      47698062.5       664069.5
410     24441216.0      47633165.5       661262.5
              Server1        Server2
Offset                              
14      389506.918919  111709.432432
337      12190.250000    3720.187500
90       10114.625000    3112.375000
393       8022.000000    2500.812500
428       7457.459459    2340.540541
457       6923.750000    2169.562500
506       5615.625000    1817.250000
85        5089.125000    1694.437500
311       4683.500000    1583.750000
439       4479.875000    1474.750000
364       4360.625000    1460.625000
148       4284.000000    1406.125000
320       4166.000000    1413.937500
42        4148.250000    1404.062500
379       4144.750000    1392.812500
347       4088.125000    1390.187500
281       4057.750000    1386.062500
208       4052.250000    1353.875000
186       4034.125000    1396.500000
370       4019.375000    1350.375000
Current: [14]
         Timestamp  TS First Frame  TS Prev Frame
Offset                                           
38      24586112.0      47850251.5       794880.5
203     24571264.0      47698018.0       777128.5
358     24339840.0      47820127.0       771411.5
186     24376960.0      47900320.5       760865.5
374     24784128.0      48179387.0       740381.0
241     24588928.0      47831110.0       737998.5
101     24465152.0      47859458.0       721718.0
257     24414592.0      47586565.0       719847.0
482     24489472.0      47685574.0       716685.0
307     24539776.0      47793838.5       707633.5
291     24407808.0      47744142.5       705890.0
466     24650112.0      48259748.5       698424.0
3       24452736.0      47926259.5       690202.0
272     24540416.0      47990259.0       673606.5
107     24678400.0      48068741.5       673085.0
411     24361984.0      47444510.5       670819.0
4       24177280.0      47609285.5       668042.0
401     24486144.0      47710307.0       667349.0
130     24463872.0      47698062.5       664069.5
410     24441216.0      47633165.5       661262.5
              Server1        Server2
Offset                              
14      389506.918919  111709.432432
337      12190.250000    3720.187500
90       10114.625000    3112.375000
393       8022.000000    2500.812500
428       7457.459459    2340.540541
457       6923.750000    2169.562500
506       5615.625000    1817.250000
85        5089.125000    1694.437500
311       4683.500000    1583.750000
439       4479.875000    1474.750000
364       4360.625000    1460.625000
148       4284.000000    1406.125000
320       4166.000000    1413.937500
42        4148.250000    1404.062500
379       4144.750000    1392.812500
347       4088.125000    1390.187500
281       4057.750000    1386.062500
208       4052.250000    1353.875000
186       4034.125000    1396.500000
370       4019.375000    1350.375000
Winning offset:
[14]
2021-09-16 23:40:08.478732
2021-09-16 23:45:45.719065
0:05:37.240333
attacker.py:479: DeprecationWarning: The default dtype for empty Series will be 'object' instead of 'float64' in a future version. Specify a dtype explicitly to silence this warning.
  mean1 = pd.Series(values1).mean()
attacker.py:480: DeprecationWarning: The default dtype for empty Series will be 'object' instead of 'float64' in a future version. Specify a dtype explicitly to silence this warning.
  mean2 = pd.Series(values2).mean()
attacker.py:479: DeprecationWarning: The default dtype for empty Series will be 'object' instead of 'float64' in a future version. Specify a dtype explicitly to silence this warning.
  mean1 = pd.Series(values1).mean()
attacker.py:480: DeprecationWarning: The default dtype for empty Series will be 'object' instead of 'float64' in a future version. Specify a dtype explicitly to silence this warning.
  mean2 = pd.Series(values2).mean()
Exception ignored in: <function Capture.__del__ at 0x7f201d25b670>
Traceback (most recent call last):
  File "/home/mlipp/.virtualenvs/kaslr/lib/python3.8/site-packages/pyshark/capture/capture.py", line 445, in __del__
  File "/home/mlipp/.virtualenvs/kaslr/lib/python3.8/site-packages/pyshark/capture/capture.py", line 436, in close
  File "/usr/lib/python3.8/asyncio/base_events.py", line 592, in run_until_complete
  File "/usr/lib/python3.8/asyncio/base_events.py", line 553, in _check_running
AttributeError: 'NoneType' object has no attribute '_get_running_loop'
