Loading page file profiles/packet3/pages/0x6e4a.yaml
Loading page file profiles/packet3/pages/0x6e60.yaml
Loading page file profiles/packet3/pages/0x6ee3.yaml
Loading page file profiles/packet3/pages/0x7241.yaml
Loading page file profiles/packet3/pages/0x7242.yaml
Loading page file profiles/packet3/pages/0x7243.yaml
Loading page file profiles/packet3/pages/0x7244.yaml
Round 0
Subround 0
Empty DataFrame
Columns: [Timestamp, TS First Frame, TS Prev Frame]
Index: []
         Server1   Server2
Offset                    
14      803352.0  230736.0
259      17932.0    5288.0
368       6922.0    2270.0
408       6618.0    2393.0
185       6614.0    2308.0
105       6406.0    2132.0
250       6282.0    2079.0
219       6270.0    2135.0
39        6204.0    2283.0
178       6180.0    2042.0
70        6148.0    2225.0
74        6108.0    2012.0
283       6010.0    2157.0
99        5718.0    1891.0
77        5676.0    1924.0
296       5648.0    1844.0
247       5630.0    1903.0
375       5610.0    1921.0
416       5586.0    1851.0
377       5574.0    1856.0
Current: [1, 2, 3, 5, 7, 13, 14, 17, 18, 20, 22, 25, 26, 28, 33, 34, 35, 40, 42, 43, 44, 46, 47, 48, 49, 50, 52, 54, 56, 57, 60, 65, 68, 70, 74, 75, 76, 77, 78, 79, 80, 83, 84, 89, 91, 92, 93, 94, 96, 97, 99, 100, 106, 107, 110, 112, 117, 118, 121, 130, 131, 133, 135, 137, 140, 142, 143, 144, 147, 148, 149, 150, 152, 153, 154, 155, 157, 160, 162, 164, 165, 167, 168, 169, 173, 175, 176, 177, 179, 180, 181, 184, 186, 188, 189, 192, 195, 196, 197, 201, 202, 207, 209, 210, 213, 214, 216, 217, 221, 222, 223, 224, 225, 226, 229, 231, 234, 235, 238, 240, 242, 245, 249, 250, 251, 252, 253, 255, 259, 261, 262, 264, 267, 268, 269, 271, 272, 273, 275, 277, 278, 279, 280, 285, 287, 288, 289, 291, 294, 295, 299, 300, 301, 303, 305, 306, 311, 312, 313, 315, 317, 318, 321, 322, 324, 327, 329, 332, 333, 334, 338, 339, 340, 341, 342, 345, 346, 348, 349, 350, 351, 353, 354, 356, 357, 359, 360, 362, 363, 365, 369, 374, 375, 376, 378, 379, 381, 384, 387, 388, 390, 393, 394, 396, 397, 398, 402, 403, 405, 406, 407, 408, 413, 414, 415, 419, 420, 423, 424, 432, 433, 435, 436, 437, 440, 441, 445, 447, 448, 449, 450, 451, 452, 456, 462, 463, 466, 467, 476, 478, 480, 483, 485, 487, 488, 492, 497, 504, 508, 510, 511]
Subround 1
         Timestamp  TS First Frame  TS Prev Frame
Offset                                           
70      24717824.0      47832344.0       991475.0
222     25369088.0      49235464.5       988407.5
201     25245440.0      48932079.0       959139.5
100     25014016.0      48531845.0       958802.5
200     25237888.0      48863429.5       952283.5
168     24506496.0      47630552.0       944567.0
363     24734464.0      48064401.0       943487.5
372     25000576.0      48589852.0       926723.5
62      24794624.0      48387939.0       923127.0
214     25131264.0      48658364.5       904221.0
260     25054080.0      48834833.0       903694.5
37      26105728.0      50562632.0       903073.0
48      24525952.0      47865593.0       896536.0
57      25040640.0      48757723.5       895401.0
496     24855296.0      48514507.0       894398.0
353     24960000.0      48578026.5       893888.0
224     24750848.0      48388537.5       893327.5
14      24495104.0      47655828.5       889849.0
199     24624256.0      47707851.0       886295.5
233     28219136.0      55293825.5       873004.0
         Server1   Server2
Offset                    
14      510187.0  146482.0
168      29465.0    8909.5
259      10989.0    3411.5
368       6184.0    2042.5
324       5863.0    1962.5
91        5795.0    1970.5
363       5614.0    2020.5
70        5567.0    2041.5
416       5484.0    1806.5
211       5472.0    2032.5
214       5412.0    2096.0
307       5399.0    1789.5
320       5216.0    1807.5
37        5179.0    1866.0
233       5176.0    1919.5
464       5170.0    1899.5
248       5113.0    1710.5
358       5088.0    1742.5
201       5075.0    1779.5
496       5053.0    1705.5
Current: [7, 13, 14, 18, 28, 33, 34, 35, 37, 43, 44, 47, 48, 50, 52, 54, 56, 60, 65, 70, 74, 75, 76, 77, 78, 83, 91, 92, 97, 99, 107, 118, 130, 131, 135, 137, 142, 143, 147, 150, 152, 153, 155, 157, 162, 164, 165, 168, 169, 173, 175, 181, 184, 195, 196, 197, 201, 202, 207, 209, 213, 214, 216, 221, 229, 231, 235, 240, 242, 245, 250, 251, 259, 261, 264, 272, 273, 277, 279, 285, 287, 291, 294, 300, 301, 303, 305, 311, 315, 321, 322, 332, 333, 339, 345, 349, 350, 354, 356, 359, 360, 363, 369, 370, 374, 376, 379, 384, 390, 396, 402, 408, 413, 414, 415, 423, 433, 437, 441, 449, 450, 451, 452, 456, 466, 467, 476, 480, 482, 483, 485, 488, 492, 508, 511]
Subround 2
         Timestamp  TS First Frame  TS Prev Frame
Offset                                           
417     24353536.0      47316775.0       958822.0
70      24453632.0      47507133.0       949888.0
100     24857088.0      48365148.0       947405.0
480     24591872.0      47630081.0       923831.0
472     24494080.0      47790381.0       919175.0
63      24543488.0      47813766.0       918057.0
481     24482560.0      47568497.0       914433.0
328     24093952.0      47156639.0       910235.0
456     24205056.0      47103885.0       907671.0
37      26105728.0      50562632.0       903073.0
356     24348160.0      47562516.0       901680.0
372     24981760.0      48428320.0       897088.0
201     25050112.0      48774615.0       896673.0
12      24233472.0      47837372.0       893769.0
363     24603136.0      47754128.0       892919.0
378     24208384.0      47774252.0       891555.0
497     24290048.0      47891120.0       891215.0
496     24655616.0      48367113.0       886853.0
353     25148928.0      48715807.0       885576.0
200     25346304.0      49036950.0       884419.0
              Server1        Server2
Offset                              
14      393319.333333  112915.666667
168      20371.333333    6181.000000
13       16008.666667    4831.333333
259       8727.333333    2759.666667
384       5205.333333    1741.333333
91        5196.666667    1722.666667
368       4982.666667    1642.000000
43        4670.000000    1568.333333
169       4660.000000    1645.333333
365       4606.000000    1601.333333
324       4602.666667    1540.666667
363       4564.000000    1613.333333
482       4551.333333    1556.333333
233       4546.000000    1643.000000
332       4510.666667    1548.666667
196       4502.666667    1529.666667
224       4404.666667    1555.333333
211       4400.666667    1605.333333
268       4394.000000    1487.000000
416       4376.666667    1447.333333
Current: [13, 14, 18, 34, 35, 37, 50, 56, 65, 78, 91, 97, 99, 118, 135, 157, 164, 169, 184, 201, 202, 207, 209, 214, 216, 221, 229, 231, 235, 242, 251, 259, 273, 279, 285, 287, 291, 294, 300, 301, 311, 315, 339, 349, 350, 354, 363, 369, 370, 374, 376, 379, 384, 390, 396, 408, 413, 414, 423, 433, 450, 451, 452, 466, 467, 480, 488, 511]
Subround 3
         Timestamp  TS First Frame  TS Prev Frame
Offset                                           
456     24695040.0      47790492.0       923741.5
328     24577664.0      47844703.5       914769.5
142     24477440.0      47468231.0       849515.0
139     24806400.0      48274493.0       831143.0
266     24571392.0      47768527.0       823778.0
201     24404736.0      47611639.0       805042.5
467     24536448.0      47914052.0       803226.5
14      24495104.0      47655828.5       801743.5
199     24603648.0      47778313.5       790125.0
378     24526464.0      48038572.0       777741.5
30      24511104.0      47780507.0       772364.0
49      24263680.0      47377413.5       768306.0
134     24384128.0      47669725.0       762185.0
233     24696832.0      48206125.0       749392.0
168     24404480.0      47630552.0       736573.5
237     24866048.0      48434182.0       734027.0
488     24515584.0      47767961.5       732821.5
219     24159232.0      47421463.5       713724.5
482     24675072.0      48208543.0       712822.0
295     24456192.0      47647949.0       711936.5
         Server1    Server2
Offset                     
14      446310.5  128166.00
168      16100.0    4914.00
13       12519.5    3797.00
259       7045.0    2240.75
344       4614.5    1617.25
384       4548.0    1519.00
91        4516.5    1495.25
368       4314.0    1423.25
324       4313.5    1462.75
283       4223.0    1468.25
34        4111.5    1403.00
219       4103.5    1361.50
174       4099.0    1382.75
247       4069.5    1359.00
185       4068.5    1417.25
339       4063.0    1414.00
43        4060.0    1363.25
169       4025.5    1413.50
201       4013.5    1408.00
234       4013.0    1335.25
Current: [5, 13, 14, 17, 18, 28, 29, 34, 35, 37, 43, 47, 48, 49, 50, 52, 56, 57, 65, 70, 73, 77, 78, 90, 91, 92, 97, 99, 107, 118, 127, 130, 131, 135, 142, 143, 150, 153, 157, 159, 164, 168, 169, 174, 175, 179, 180, 184, 188, 201, 202, 207, 209, 212, 213, 214, 216, 221, 229, 230, 231, 235, 236, 242, 245, 248, 249, 251, 253, 259, 264, 270, 273, 276, 277, 279, 285, 287, 289, 290, 291, 294, 295, 300, 301, 303, 305, 306, 311, 313, 315, 321, 322, 324, 326, 333, 337, 339, 340, 342, 344, 346, 349, 350, 351, 354, 358, 359, 360, 363, 367, 369, 370, 372, 374, 376, 379, 384, 386, 387, 390, 392, 396, 397, 398, 405, 407, 408, 413, 414, 419, 420, 421, 423, 426, 428, 429, 432, 433, 435, 439, 440, 444, 448, 450, 451, 452, 454, 457, 460, 462, 466, 467, 480, 485, 488, 492, 496, 497, 499, 501, 511]
Subround 4
         Timestamp  TS First Frame  TS Prev Frame
Offset                                           
199     24475648.0      47837656.0       994724.0
70      24453632.0      47507133.0       949888.0
328     24093952.0      47156639.0       910235.0
456     24205056.0      47103885.0       907671.0
201     25050112.0      48774615.0       896673.0
200     25346304.0      49036950.0       884419.0
14      24361728.0      47764950.0       878514.0
318     24581376.0      47960683.0       863361.0
224     24717568.0      48426004.0       853931.0
405     24557568.0      47713835.0       840255.0
90      24680192.0      47864067.0       835837.0
467     24333312.0      47638728.0       824079.0
237     24610560.0      47908757.0       818850.0
80      24534784.0      47969432.0       818782.0
175     24503808.0      47956404.0       817673.0
278     24437504.0      47905025.0       816348.0
219     24341248.0      47852495.0       815709.0
260     24884736.0      48485901.0       813295.0
454     24310784.0      47462743.0       812620.0
390     24262400.0      47523620.0       809720.0
         Server1   Server2
Offset                    
14      465866.0  133705.6
168      14127.6    4367.8
13       10365.6    3155.6
259       6082.8    1934.6
91        4696.8    1583.0
324       4452.8    1536.8
215       4432.8    1524.2
363       4422.4    1540.6
237       4261.2    1431.2
219       4223.2    1429.8
318       4188.0    1414.6
174       4179.2    1440.0
282       4166.0    1432.0
369       4164.8    1463.6
201       4150.4    1444.4
278       4148.0    1464.6
384       4146.4    1372.4
331       4121.2    1376.8
344       4120.8    1439.2
416       4103.2    1361.2
Current: [5, 14, 17, 18, 29, 37, 43, 47, 48, 50, 52, 56, 70, 73, 77, 78, 90, 91, 92, 107, 118, 130, 135, 139, 142, 153, 159, 164, 169, 175, 179, 184, 201, 202, 207, 209, 212, 214, 216, 221, 229, 230, 231, 236, 242, 245, 248, 251, 253, 259, 264, 266, 273, 277, 294, 295, 300, 301, 303, 306, 311, 313, 315, 321, 322, 324, 326, 333, 339, 340, 346, 349, 350, 351, 354, 358, 360, 363, 367, 369, 370, 372, 374, 376, 379, 390, 396, 397, 405, 407, 408, 414, 420, 421, 432, 439, 440, 444, 448, 450, 451, 452, 454, 457, 462, 466, 467, 501, 511]
Subround 5
         Timestamp  TS First Frame  TS Prev Frame
Offset                                           
70      24584448.0      47610300.0       914757.5
201     25085184.0      48749919.5       891687.0
200     25237888.0      48863429.5       876219.5
224     24771584.0      48480319.0       857016.5
467     24536448.0      47827821.0       847437.0
260     24969856.0      48699651.0       830775.5
45      24706688.0      48370317.0       823250.5
496     24611072.0      48339789.0       800396.5
478     24623232.0      48483658.0       798642.0
405     24579456.0      47761242.5       792531.0
249     24848896.0      48508250.5       790071.5
353     24895360.0      48553493.0       784632.5
315     24894720.0      48432839.5       781450.0
502     24866560.0      48588657.5       780054.0
30      24502400.0      47761335.0       773151.5
363     24388864.0      47555294.5       763124.5
130     24834176.0      48510799.5       760649.5
212     24476288.0      48028618.5       759575.5
373     24832128.0      48437304.5       759427.0
168     24404480.0      47684281.5       757438.0
              Server1        Server2
Offset                              
14      419485.000000  120383.000000
168      12636.333333    3934.000000
233      10989.333333    3426.000000
13        9298.000000    2878.333333
259       5724.666667    1835.000000
91        4875.000000    1655.000000
224       4767.666667    1650.000000
363       4543.000000    1604.000000
208       4447.000000    1514.666667
324       4438.000000    1533.333333
201       4409.666667    1520.166667
215       4393.000000    1534.500000
331       4337.333333    1475.166667
315       4286.666667    1506.000000
416       4258.666667    1421.833333
437       4214.000000    1608.166667
260       4175.333333    1460.166667
353       4154.000000    1444.333333
249       4146.666667    1434.500000
254       4119.000000    1422.166667
Current: [14, 17, 29, 37, 47, 48, 50, 52, 56, 70, 73, 77, 78, 91, 107, 130, 139, 142, 184, 201, 212, 214, 216, 221, 229, 242, 245, 248, 251, 253, 295, 301, 303, 311, 313, 315, 321, 333, 340, 346, 349, 354, 363, 369, 374, 376, 379, 397, 405, 407, 432, 439, 448, 450, 451, 452, 454, 462, 466, 467, 511]
Subround 6
         Timestamp  TS First Frame  TS Prev Frame
Offset                                           
100     24655104.0      48017660.0       947405.0
372     24490240.0      48068632.0       897088.0
201     25050112.0      48725224.0       886701.0
70      24453632.0      47713467.0       879627.0
200     25129472.0      48689909.0       868020.0
222     24592384.0      47707072.0       862006.0
224     24717568.0      48426004.0       853931.0
467     24333312.0      47638728.0       824079.0
425     24861696.0      48505669.0       818661.0
272     24433408.0      48091462.0       818058.0
260     24884736.0      48485901.0       813295.0
29      24425984.0      47708735.0       811808.0
353     25019648.0      48666740.0       811697.0
48      24350464.0      47540869.0       802780.0
343     24548096.0      48161914.0       793872.0
121     24403456.0      47405694.0       793309.0
428     24503040.0      47891873.0       782404.0
478     24715008.0      48280238.0       780221.0
335     24504576.0      48156542.0       759010.0
45      24619520.0      48186394.0       758265.0
              Server1        Server2
Offset                              
14      390064.285714  111936.428571
168      11374.571429    3546.714286
233      10147.714286    3207.000000
13        8655.428571    2711.000000
498       6003.714286    1944.571429
259       5627.142857    1829.142857
91        4994.285714    1688.857143
224       4804.857143    1670.857143
208       4469.142857    1541.142857
353       4467.428571    1561.142857
127       4457.428571    1428.142857
41        4417.714286    1520.428571
363       4359.714286    1530.571429
496       4260.571429    1478.000000
384       4251.428571    1433.142857
372       4224.285714    1445.571429
320       4210.571429    1463.428571
196       4186.285714    1429.857143
248       4181.428571    1441.428571
368       4168.285714    1393.714286
Current: [11, 13, 14, 17, 27, 29, 37, 41, 47, 48, 50, 52, 56, 65, 70, 73, 76, 77, 78, 83, 90, 91, 107, 118, 130, 134, 142, 148, 153, 164, 172, 184, 201, 209, 212, 214, 216, 221, 227, 229, 230, 235, 236, 242, 245, 248, 251, 253, 261, 264, 268, 270, 272, 285, 287, 291, 293, 294, 295, 300, 301, 303, 311, 313, 315, 321, 326, 333, 335, 339, 340, 342, 344, 346, 349, 351, 354, 356, 363, 367, 369, 374, 376, 379, 397, 405, 407, 419, 420, 421, 424, 427, 428, 432, 433, 436, 439, 440, 444, 448, 450, 451, 452, 454, 460, 462, 463, 466, 467, 481, 501, 511]
Subround 7
         Timestamp  TS First Frame  TS Prev Frame
Offset                                           
201     24613760.0      48105829.5       800056.5
353     24895360.0      48553493.0       784632.5
467     24302208.0      47568438.5       779868.5
121     24245632.0      47394496.5       750684.0
233     24386560.0      47666966.0       749392.0
29      24341888.0      47707228.0       745338.5
224     24696832.0      48388537.5       730062.5
30      24227968.0      47334178.0       728739.5
100     24425472.0      47743301.5       718567.0
496     24611072.0      47936671.0       713894.5
490     24345344.0      47899984.0       706335.5
248     24185984.0      47442210.5       705119.5
324     24415360.0      47597431.5       700840.5
68      24384256.0      47496336.5       698494.0
372     24392320.0      47795801.0       694462.0
393     24193920.0      47485536.0       690923.5
502     24520704.0      47890648.5       688786.0
168     24404480.0      47684281.5       687652.5
97      24124288.0      47247506.5       683791.5
272     24396416.0      47805877.5       680260.5
          Server1     Server2
Offset                       
14      361345.00  103691.000
284      16707.25    4983.375
168      10152.75    3173.500
233       9306.25    2957.000
49        8755.25    2692.500
13        7794.75    2445.750
498       5462.50    1773.375
259       5337.50    1736.250
91        4689.00    1583.000
224       4499.75    1559.750
127       4449.00    1457.125
384       4388.25    1491.375
353       4289.50    1487.625
452       4225.50    1396.000
208       4182.25    1439.500
41        4139.25    1422.500
363       4119.00    1439.375
372       4053.50    1381.250
324       4010.00    1369.750
320       3954.50    1371.625
Current: [14, 17, 29, 37, 41, 47, 50, 52, 65, 70, 76, 90, 91, 107, 118, 130, 134, 172, 184, 201, 209, 227, 229, 230, 236, 242, 245, 248, 251, 261, 264, 268, 287, 293, 294, 295, 300, 303, 311, 315, 321, 326, 333, 339, 340, 351, 354, 363, 369, 370, 374, 379, 414, 419, 420, 424, 432, 439, 440, 444, 448, 450, 451, 452, 454, 460, 462, 466, 467, 511]
Subround 8
         Timestamp  TS First Frame  TS Prev Frame
Offset                                           
384     24498176.0      47894447.0       825423.0
354     24261376.0      47811408.0       768078.0
353     24771072.0      48440246.0       757568.0
101     24278528.0      47966665.0       740359.0
467     24271104.0      47498149.0       735658.0
321     24203008.0      47416770.0       721275.0
30      24296192.0      47424121.0       717473.0
201     24177408.0      47486435.0       713412.0
121     24087808.0      47383299.0       708059.0
400     24105984.0      47354968.0       695829.0
233     24531072.0      47936545.5       687567.0
490     24060160.0      47327755.0       681612.0
29      24257792.0      47705721.0       678869.0
68      24350208.0      47358456.0       678500.0
496     24566528.0      47560877.0       671285.0
324     24408064.0      47552093.0       670974.0
248     24209408.0      47470038.0       670820.0
168     24332800.0      47569272.0       666788.0
393     24225024.0      47517876.0       663821.0
245     24212224.0      47303490.0       656230.0
              Server1       Server2
Offset                             
14      339765.333333  97493.000000
284      15422.000000   4621.888889
168       9218.000000   2887.444444
233       8555.555556   2722.888889
49        8290.222222   2580.888889
13        7098.000000   2234.222222
47        6797.111111   2092.777778
498       5211.555556   1707.555556
259       5008.222222   1627.444444
127       4510.444444   1496.555556
384       4509.555556   1527.777778
91        4439.777778   1494.111111
452       4319.111111   1429.666667
224       4212.666667   1458.111111
208       4084.444444   1396.000000
172       4049.111111   1327.222222
363       4042.444444   1399.333333
353       4039.555556   1395.666667
400       4010.000000   1393.555556
41        3933.111111   1349.333333
Current: [14, 37, 41, 47, 50, 52, 65, 70, 76, 90, 91, 107, 118, 172, 184, 201, 227, 236, 248, 268, 295, 300, 303, 311, 315, 333, 340, 351, 354, 363, 370, 374, 414, 419, 424, 432, 450, 451, 454, 462, 466, 467, 511]
Subround 9
         Timestamp  TS First Frame  TS Prev Frame
Offset                                           
266     24307456.0      47622022.0       765421.0
245     24289664.0      47259049.0       733664.0
400     24032000.0      47168735.0       643480.0
507     24513664.0      47873250.0       642073.0
425     24603904.0      48087461.5       638649.5
354     24256768.0      47715785.0       631658.0
254     24415488.0      47551902.5       629799.0
306     24281472.0      47474982.5       628230.0
384     24434304.0      47837600.0       626086.5
233     24675584.0      48206125.0       625742.0
17      24512768.0      47849334.5       625196.0
90      24407680.0      47623772.0       618126.5
456     24544384.0      47879727.5       615893.5
321     24189184.0      47335012.5       605622.5
111     24476160.0      47931998.0       604233.0
170     24368256.0      47521126.0       601014.5
139     24403200.0      48063529.0       600771.0
498     24252416.0      47486280.5       600478.0
447     24524672.0      47792093.5       599259.5
344     24297856.0      47574319.0       596393.0
         Server1  Server2
Offset                   
14      346065.0  99278.4
284      14347.8   4328.9
168       8463.0   2656.0
233       7950.4   2533.0
49        7808.4   2447.4
13        6560.6   2071.0
47        6333.6   1955.4
498       5228.0   1712.5
435       4770.6   1536.1
259       4707.8   1533.5
127       4568.8   1530.0
91        4387.0   1466.6
384       4322.6   1461.0
452       4316.8   1445.0
254       4025.2   1378.7
224       3999.8   1379.0
427       3988.6   1355.6
400       3971.8   1369.6
347       3905.8   1313.8
363       3879.2   1339.0
Current: [14, 37, 41, 43, 47, 48, 50, 52, 65, 70, 76, 87, 90, 91, 107, 118, 130, 158, 172, 184, 187, 197, 201, 209, 227, 229, 236, 242, 245, 248, 251, 255, 268, 276, 288, 291, 295, 300, 303, 311, 313, 315, 321, 333, 335, 340, 351, 354, 358, 363, 367, 368, 370, 374, 398, 405, 413, 419, 420, 424, 426, 432, 436, 444, 449, 450, 451, 452, 454, 462, 463, 466, 467, 483, 490, 509, 511]
Subround 10
         Timestamp  TS First Frame  TS Prev Frame
Offset                                           
245     24367104.0      47303490.0       811098.0
10      24582656.0      47777639.0       742568.0
456     24655872.0      48108455.0       715674.0
314     24584192.0      47973178.0       715260.0
90      24680192.0      47864067.0       713507.0
507     24600320.0      48189160.0       702645.0
17      24546048.0      47967219.0       701201.0
131     24434432.0      47397822.0       696418.0
498     24291328.0      47572135.0       693762.0
212     24215808.0      47565127.0       693312.0
427     24549888.0      47646158.0       682266.0
383     24285696.0      47471367.0       679618.0
378     24228608.0      47743401.0       663928.0
488     24274688.0      47635221.0       659904.0
207     24793088.0      48300071.0       659708.0
111     24566272.0      48060469.0       659448.0
134     24307200.0      47795444.0       653235.0
253     24172544.0      47299591.0       651465.0
455     24340480.0      47565456.0       650960.0
463     24612352.0      47779751.0       648344.0
              Server1        Server2
Offset                              
14      363197.454545  104188.000000
284      13547.636364    4102.181818
356      11890.181818    3594.363636
168       7886.000000    2478.818182
49        7584.909091    2387.272727
233       7407.818182    2364.363636
13        6128.545455    1939.272727
265       6012.363636    1896.000000
47        5930.181818    1836.545455
498       5246.727273    1722.090909
435       4532.363636    1458.363636
259       4453.818182    1453.181818
127       4401.272727    1474.909091
452       4345.454545    1466.181818
384       4227.636364    1423.000000
91        4179.454545    1394.454545
427       4136.181818    1401.000000
254       4119.272727    1424.909091
344       4049.636364    1405.545455
29        4048.181818    1390.636364
Current: [14, 41, 43, 47, 48, 50, 52, 70, 76, 87, 90, 91, 107, 118, 158, 172, 184, 187, 197, 201, 209, 229, 236, 291, 295, 300, 303, 311, 313, 315, 321, 333, 335, 340, 351, 354, 363, 367, 370, 374, 413, 419, 420, 424, 432, 444, 451, 452, 454, 462, 463, 466, 467, 490, 511]
Subround 11
         Timestamp  TS First Frame  TS Prev Frame
Offset                                           
245     24390528.0      47330045.5       822291.5
212     24300288.0      47622961.5       759575.5
507     24743552.0      48374110.5       755811.5
90      24468864.0      47623772.0       748128.0
253     24295296.0      47326689.5       736572.5
378     24243840.0      47758826.5       724976.0
17      24565760.0      47971052.0       723492.0
207     24745344.0      48172471.5       712264.0
498     24373632.0      47634252.0       711728.0
134     24312832.0      47813213.5       707172.5
299     24592640.0      47949504.0       703770.0
38      24519296.0      47836178.5       703027.5
492     24405632.0      47326482.5       700157.0
502     24498816.0      47802030.5       688786.0
67      24580096.0      47984977.5       687661.0
249     24405120.0      47750620.5       677729.0
53      24564992.0      48133377.5       674569.5
463     24668672.0      48029368.5       673429.0
28      24531200.0      48015546.5       668412.5
456     24721536.0      48126929.5       668404.0
              Server1        Server2
Offset                              
14      381646.333333  109500.166667
284      12717.666667    3867.750000
356      11045.166667    3345.083333
49        7405.666667    2347.083333
168       7356.333333    2317.000000
233       6982.166667    2232.083333
13        5753.333333    1826.750000
265       5735.833333    1812.583333
47        5602.500000    1740.583333
498       5211.666667    1723.083333
435       4333.000000    1396.000000
254       4234.333333    1466.500000
259       4231.500000    1383.333333
127       4191.166667    1405.333333
452       4139.666667    1398.000000
447       4127.000000    1410.583333
283       4098.166667    1390.166667
384       4089.166667    1374.083333
344       4047.500000    1406.333333
194       4046.000000    1373.750000
Current: [14, 41, 43, 47, 48, 50, 52, 70, 76, 90, 91, 107, 118, 158, 172, 184, 187, 201, 209, 229, 236, 295, 300, 333, 335, 340, 351, 363, 367, 370, 419, 424, 432, 444, 451, 454, 463, 466, 467, 490, 511]
Subround 12
         Timestamp  TS First Frame  TS Prev Frame
Offset                                           
245     24367104.0      47303490.0       811098.0
90      24257536.0      47396605.0       713507.0
507     24600320.0      48189160.0       702645.0
17      24546048.0      47967219.0       701201.0
498     24291328.0      47572135.0       693762.0
212     24309504.0      47680796.0       693312.0
199     24403968.0      47704343.0       675550.0
378     24259072.0      47743401.0       663928.0
488     24274688.0      47804085.0       659904.0
207     24697600.0      48044872.0       659708.0
111     24566272.0      48060469.0       659448.0
134     24307200.0      47795444.0       653235.0
253     24207616.0      47353788.0       651465.0
293     24490752.0      48004161.0       651141.0
463     24612352.0      47779751.0       648344.0
53      24461312.0      48042846.0       645528.0
67      24410880.0      47748995.0       638555.0
299     24477696.0      47979215.0       638444.0
14      24410112.0      47807386.0       632461.0
188     24557824.0      47905442.0       631896.0
              Server1        Server2
Offset                              
14      377897.538462  108421.615385
284      11987.076923    3649.230769
356      10340.615385    3139.615385
168       7080.307692    2234.000000
49        7009.538462    2224.307692
233       6874.307692    2217.384615
13        5636.461538    1810.076923
265       5600.000000    1783.538462
47        5483.538462    1723.461538
498       4958.769231    1645.230769
435       4430.153846    1433.307692
91        4205.846154    1402.384615
254       4084.923077    1412.384615
259       4052.615385    1327.461538
127       4030.153846    1352.615385
425       3989.692308    1360.692308
384       3985.230769    1334.692308
452       3981.384615    1344.615385
283       3976.615385    1344.307692
29        3958.461538    1367.923077
Current: [14, 41, 43, 47, 48, 50, 70, 76, 107, 172, 187, 201, 229, 236, 295, 340, 363, 370, 424, 432, 451, 454, 466, 467]
Subround 13
         Timestamp  TS First Frame  TS Prev Frame
Offset                                           
245     24289664.0      47259049.0       733664.0
400     24329856.0      47341273.5       643480.0
507     24513664.0      47873250.0       642073.0
297     24217984.0      47679126.0       639149.5
354     24256768.0      47715785.0       638823.5
254     24415104.0      47551902.5       629799.0
17      24512768.0      47849334.5       625196.0
233     24386560.0      47706090.0       621867.0
492     24402688.0      47390760.0       620477.5
14      24385920.0      47786168.0       614288.5
53      24438912.0      48032709.0       610695.0
162     24198400.0      47597920.0       609262.0
111     24476160.0      47931998.0       604233.0
293     24475392.0      47906219.0       603711.5
167     24410240.0      47704494.0       600607.0
156     24240128.0      47520873.0       597090.0
344     24297856.0      47564820.0       596393.0
424     24363264.0      47807323.0       594029.0
188     24544384.0      47832548.5       591906.5
310     24224384.0      47444246.5       591272.5
              Server1        Server2
Offset                              
14      363558.714286  104302.214286
284      11464.000000    3505.071429
356       9973.714286    3050.500000
233       6785.714286    2191.857143
168       6757.571429    2131.928571
49        6642.714286    2109.071429
265       5550.714286    1783.571429
13        5510.000000    1787.071429
47        5396.000000    1713.000000
498       4733.714286    1572.500000
435       4480.857143    1464.071429
91        4283.428571    1428.285714
259       4171.142857    1369.071429
127       4021.571429    1361.000000
208       4010.571429    1351.714286
224       4008.571429    1368.428571
400       3959.571429    1357.428571
384       3958.142857    1324.785714
254       3950.285714    1363.500000
452       3907.285714    1314.428571
Current: [14, 17, 41, 43, 47, 48, 50, 52, 64, 70, 76, 91, 107, 143, 172, 176, 187, 201, 229, 230, 236, 241, 244, 294, 295, 333, 340, 356, 363, 367, 370, 420, 423, 424, 432, 433, 444, 449, 451, 454, 460, 462, 463, 466, 467, 490, 511]
Subround 14
         Timestamp  TS First Frame  TS Prev Frame
Offset                                           
297     24252672.0      47758458.0       809462.0
162     24239872.0      47600916.0       805912.0
131     24434432.0      47452461.0       696418.0
400     24391168.0      47354968.0       695829.0
378     24228608.0      47632701.0       663928.0
75      24354048.0      47563216.0       662354.0
207     24697600.0      48044872.0       659708.0
245     24212224.0      47303490.0       656230.0
134     24223488.0      47655480.0       653235.0
293     24464384.0      47936074.0       651141.0
488     24274688.0      47804085.0       651033.0
455     24231424.0      47565456.0       650960.0
67      24352512.0      47627888.0       638555.0
254     24270848.0      47621284.0       628382.0
492     24482560.0      47597814.0       628296.0
233     24497920.0      47796469.0       623804.5
456     24655872.0      48143079.0       621134.0
176     24409600.0      47532897.0       612289.0
344     24403968.0      47573288.0       611002.0
167     24430848.0      47838547.0       610970.0
              Server1        Server2
Offset                              
14      352041.200000  100994.533333
284      10998.000000    3380.200000
356       9621.333333    2953.200000
49        6506.133333    2079.600000
233       6495.466667    2105.666667
168       6432.933333    2030.800000
265       5325.200000    1713.000000
47        5325.066667    1705.066667
13        5250.800000    1705.866667
498       4567.200000    1517.866667
435       4336.933333    1416.266667
259       4249.200000    1397.866667
91        4248.800000    1412.266667
208       4118.666667    1385.800000
127       4069.600000    1392.666667
384       4064.666667    1366.133333
400       4042.666667    1382.866667
352       3985.600000    1334.866667
254       3918.133333    1345.266667
176       3915.466667    1356.733333
Current: [14, 43, 47, 48, 52, 64, 70, 76, 91, 107, 172, 176, 187, 201, 230, 236, 294, 295, 340, 363, 370, 420, 423, 424, 432, 449, 454, 462, 463, 466, 467, 490, 511]
Subround 15
         Timestamp  TS First Frame  TS Prev Frame
Offset                                           
162     24335360.0      47612830.0       784860.0
297     24356864.0      47767679.0       772308.0
400     24397184.0      47461216.0       740034.5
207     24745344.0      48172471.5       712264.0
134     24265344.0      47725462.0       707172.5
131     24465408.0      47518270.0       700198.0
67      24381696.0      47688441.5       687661.0
75      24463232.0      47662450.5       678742.0
456     24721536.0      48144241.5       668404.0
455     24285952.0      47613001.5       667876.5
303     24286464.0      47632628.0       660358.5
488     24274688.0      47804085.0       651033.0
404     24293248.0      47501659.5       646773.5
354     24256768.0      47715785.0       638823.5
176     24434304.0      47565688.0       632219.0
380     24691840.0      48310786.0       631891.5
156     24263552.0      47520873.0       626891.0
419     24265600.0      47424955.5       623561.0
233     24389120.0      47706090.0       621867.0
492     24485504.0      47764421.0       620477.5
           Server1     Server2
Offset                        
14      340856.625  97785.0000
284      10592.250   3271.3750
356       9305.375   2865.7500
49        6320.875   2028.0000
233       6252.875   2027.8750
168       6146.500   1941.3125
191       5970.875   1869.4375
47        5275.625   1701.3125
265       5130.250   1652.3125
13        5045.875   1641.9375
498       4432.000   1477.8750
435       4343.875   1431.0000
259       4310.125   1419.6250
208       4245.000   1430.6250
384       4166.625   1398.5000
127       4127.000   1410.6875
400       4124.125   1413.8125
91        4123.500   1370.3125
352       4021.750   1354.9375
344       3959.250   1378.0000
Current: [14, 43, 47, 48, 70, 107, 172, 176, 187, 201, 236, 294, 363, 370, 423, 424, 432, 454, 462, 466, 467, 511]
         Timestamp  TS First Frame  TS Prev Frame
Offset                                           
162     24335360.0      47612830.0       784860.0
297     24356864.0      47767679.0       772308.0
400     24397184.0      47461216.0       740034.5
207     24745344.0      48172471.5       712264.0
134     24265344.0      47725462.0       707172.5
131     24465408.0      47518270.0       700198.0
67      24381696.0      47688441.5       687661.0
75      24463232.0      47662450.5       678742.0
456     24721536.0      48144241.5       668404.0
455     24285952.0      47613001.5       667876.5
303     24286464.0      47632628.0       660358.5
488     24274688.0      47804085.0       651033.0
404     24293248.0      47501659.5       646773.5
354     24256768.0      47715785.0       638823.5
176     24434304.0      47565688.0       632219.0
380     24691840.0      48310786.0       631891.5
156     24263552.0      47520873.0       626891.0
419     24265600.0      47424955.5       623561.0
233     24389120.0      47706090.0       621867.0
492     24485504.0      47764421.0       620477.5
           Server1     Server2
Offset                        
14      340856.625  97785.0000
284      10592.250   3271.3750
356       9305.375   2865.7500
49        6320.875   2028.0000
233       6252.875   2027.8750
168       6146.500   1941.3125
191       5970.875   1869.4375
47        5275.625   1701.3125
265       5130.250   1652.3125
13        5045.875   1641.9375
498       4432.000   1477.8750
435       4343.875   1431.0000
259       4310.125   1419.6250
208       4245.000   1430.6250
384       4166.625   1398.5000
127       4127.000   1410.6875
400       4124.125   1413.8125
91        4123.500   1370.3125
352       4021.750   1354.9375
344       3959.250   1378.0000
New pairs
[[370, 48], [172, 363], [47, 511], [294, 236], [466, 201], [462, 107], [432, 454], [70, 14], [467, 187], [43, 176], [423, 424]]
Round 1
Subround 0
         Timestamp  TS First Frame  TS Prev Frame
Offset                                           
162     24335360.0      47612830.0       784860.0
297     24356864.0      47767679.0       772308.0
400     24397184.0      47461216.0       740034.5
207     24745344.0      48172471.5       712264.0
134     24265344.0      47725462.0       707172.5
131     24465408.0      47518270.0       700198.0
67      24381696.0      47688441.5       687661.0
75      24463232.0      47662450.5       678742.0
266     24409984.0      47695274.5       673983.5
456     24721536.0      48144241.5       668404.0
455     24285952.0      47613001.5       667876.5
303     24286464.0      47632628.0       660358.5
488     24274688.0      47804085.0       651033.0
404     24293248.0      47501659.5       646773.5
354     24256768.0      47715785.0       638823.5
482     24291456.0      47879186.0       632943.0
176     24434304.0      47565688.0       632219.0
380     24691840.0      48310786.0       631891.5
156     24263552.0      47520873.0       626891.0
419     24265600.0      47424955.5       623561.0
              Server1        Server2
Offset                              
14      355740.823529  102055.588235
284      10592.250000    3271.375000
356       9305.375000    2865.750000
49        6320.875000    2028.000000
233       6252.875000    2027.875000
168       6146.500000    1941.312500
191       5970.875000    1869.437500
265       5130.250000    1652.312500
47        5073.764706    1638.117647
13        5045.875000    1641.937500
498       4432.000000    1477.875000
435       4343.875000    1431.000000
259       4310.125000    1419.625000
208       4245.000000    1430.625000
384       4166.625000    1398.500000
127       4127.000000    1410.687500
400       4124.125000    1413.812500
91        4123.500000    1370.312500
352       4021.750000    1354.937500
344       3959.250000    1378.000000
Current: [14, 47, 107, 172, 201, 294, 370, 432]
Subround 1
         Timestamp  TS First Frame  TS Prev Frame
Offset                                           
162     24335360.0      47612830.0       784860.0
297     24356864.0      47767679.0       772308.0
400     24397184.0      47461216.0       740034.5
207     24745344.0      48172471.5       712264.0
134     24265344.0      47725462.0       707172.5
131     24465408.0      47518270.0       700198.0
67      24381696.0      47688441.5       687661.0
75      24463232.0      47662450.5       678742.0
266     24409984.0      47695274.5       673983.5
456     24721536.0      48144241.5       668404.0
455     24285952.0      47613001.5       667876.5
303     24286464.0      47632628.0       660358.5
488     24274688.0      47804085.0       651033.0
404     24293248.0      47501659.5       646773.5
354     24256768.0      47715785.0       638823.5
482     24291456.0      47879186.0       632943.0
380     24691840.0      48310786.0       631891.5
156     24263552.0      47520873.0       626891.0
419     24265600.0      47424955.5       623561.0
492     24485504.0      47764421.0       620477.5
              Server1       Server2
Offset                             
14      347063.000000  99560.111111
284      10592.250000   3271.375000
356       9305.375000   2865.750000
49        6320.875000   2028.000000
233       6252.875000   2027.875000
168       6146.500000   1941.312500
191       5970.875000   1869.437500
265       5130.250000   1652.312500
13        5045.875000   1641.937500
47        5024.888889   1633.611111
498       4432.000000   1477.875000
435       4343.875000   1431.000000
259       4310.125000   1419.625000
208       4245.000000   1430.625000
384       4166.625000   1398.500000
127       4127.000000   1410.687500
400       4124.125000   1413.812500
91        4123.500000   1370.312500
352       4021.750000   1354.937500
344       3959.250000   1378.000000
Current: [43, 187, 423]
Subround 2
         Timestamp  TS First Frame  TS Prev Frame
Offset                                           
162     24335360.0      47612830.0       784860.0
297     24356864.0      47767679.0       772308.0
400     24397184.0      47461216.0       740034.5
207     24745344.0      48172471.5       712264.0
134     24265344.0      47725462.0       707172.5
131     24465408.0      47518270.0       700198.0
67      24381696.0      47688441.5       687661.0
75      24463232.0      47662450.5       678742.0
266     24409984.0      47695274.5       673983.5
456     24721536.0      48144241.5       668404.0
455     24285952.0      47613001.5       667876.5
303     24286464.0      47632628.0       660358.5
488     24274688.0      47804085.0       651033.0
404     24293248.0      47501659.5       646773.5
354     24256768.0      47715785.0       638823.5
482     24291456.0      47879186.0       632943.0
380     24691840.0      48310786.0       631891.5
156     24263552.0      47520873.0       626891.0
419     24265600.0      47424955.5       623561.0
492     24485504.0      47764421.0       620477.5
              Server1       Server2
Offset                             
14      337362.842105  96775.842105
284      10592.250000   3271.375000
356       9305.375000   2865.750000
49        6320.875000   2028.000000
233       6252.875000   2027.875000
168       6146.500000   1941.312500
191       5970.875000   1869.437500
265       5130.250000   1652.312500
13        5045.875000   1641.937500
47        4887.578947   1588.578947
498       4432.000000   1477.875000
435       4343.875000   1431.000000
259       4310.125000   1419.625000
208       4245.000000   1430.625000
384       4166.625000   1398.500000
127       4127.000000   1410.687500
400       4124.125000   1413.812500
91        4123.500000   1370.312500
352       4021.750000   1354.937500
344       3959.250000   1378.000000
Current: [187]
Subround 3
         Timestamp  TS First Frame  TS Prev Frame
Offset                                           
162     24335360.0      47612830.0       784860.0
297     24356864.0      47767679.0       772308.0
400     24397184.0      47461216.0       740034.5
207     24745344.0      48172471.5       712264.0
134     24265344.0      47725462.0       707172.5
131     24465408.0      47518270.0       700198.0
67      24381696.0      47688441.5       687661.0
75      24463232.0      47662450.5       678742.0
266     24409984.0      47695274.5       673983.5
456     24721536.0      48144241.5       668404.0
455     24285952.0      47613001.5       667876.5
303     24286464.0      47632628.0       660358.5
488     24274688.0      47804085.0       651033.0
404     24293248.0      47501659.5       646773.5
354     24256768.0      47715785.0       638823.5
482     24291456.0      47879186.0       632943.0
380     24691840.0      48310786.0       631891.5
156     24263552.0      47520873.0       626891.0
419     24265600.0      47424955.5       623561.0
492     24485504.0      47764421.0       620477.5
           Server1      Server2
Offset                         
14      349620.200  100306.9000
284      10592.250    3271.3750
356       9305.375    2865.7500
49        6320.875    2028.0000
233       6252.875    2027.8750
168       6146.500    1941.3125
191       5970.875    1869.4375
265       5130.250    1652.3125
13        5045.875    1641.9375
47        4735.700    1541.5500
498       4432.000    1477.8750
435       4343.875    1431.0000
259       4310.125    1419.6250
208       4245.000    1430.6250
384       4166.625    1398.5000
127       4127.000    1410.6875
400       4124.125    1413.8125
91        4123.500    1370.3125
352       4021.750    1354.9375
344       3959.250    1378.0000
Current: [47, 363]
Subround 4
         Timestamp  TS First Frame  TS Prev Frame
Offset                                           
162     24335360.0      47612830.0       784860.0
297     24356864.0      47767679.0       772308.0
400     24397184.0      47461216.0       740034.5
207     24745344.0      48172471.5       712264.0
134     24265344.0      47725462.0       707172.5
131     24465408.0      47518270.0       700198.0
67      24381696.0      47688441.5       687661.0
75      24463232.0      47662450.5       678742.0
266     24409984.0      47695274.5       673983.5
456     24721536.0      48144241.5       668404.0
455     24285952.0      47613001.5       667876.5
303     24286464.0      47632628.0       660358.5
488     24274688.0      47804085.0       651033.0
404     24293248.0      47501659.5       646773.5
354     24256768.0      47715785.0       638823.5
482     24291456.0      47879186.0       632943.0
380     24691840.0      48310786.0       631891.5
156     24263552.0      47520873.0       626891.0
419     24265600.0      47424955.5       623561.0
492     24485504.0      47764421.0       620477.5
              Server1       Server2
Offset                             
14      341568.285714  97992.952381
284      10592.250000   3271.375000
356       9305.375000   2865.750000
49        6320.875000   2028.000000
233       6252.875000   2027.875000
168       6146.500000   1941.312500
191       5970.875000   1869.437500
265       5130.250000   1652.312500
13        5045.875000   1641.937500
47        4695.047619   1537.857143
498       4432.000000   1477.875000
435       4343.875000   1431.000000
259       4310.125000   1419.625000
208       4245.000000   1430.625000
384       4166.625000   1398.500000
127       4127.000000   1410.687500
400       4124.125000   1413.812500
91        4123.500000   1370.312500
352       4021.750000   1354.937500
344       3959.250000   1378.000000
Current: [14, 43, 424]
Subround 5
         Timestamp  TS First Frame  TS Prev Frame
Offset                                           
162     24335360.0      47612830.0       784860.0
297     24356864.0      47767679.0       772308.0
400     24397184.0      47461216.0       740034.5
207     24745344.0      48172471.5       712264.0
134     24265344.0      47725462.0       707172.5
131     24465408.0      47518270.0       700198.0
67      24381696.0      47688441.5       687661.0
75      24463232.0      47662450.5       678742.0
266     24409984.0      47695274.5       673983.5
456     24721536.0      48144241.5       668404.0
455     24285952.0      47613001.5       667876.5
303     24286464.0      47632628.0       660358.5
488     24274688.0      47804085.0       651033.0
404     24293248.0      47501659.5       646773.5
354     24256768.0      47715785.0       638823.5
482     24291456.0      47879186.0       632943.0
380     24691840.0      48310786.0       631891.5
156     24263552.0      47520873.0       626891.0
419     24265600.0      47424955.5       623561.0
492     24485504.0      47764421.0       620477.5
              Server1        Server2
Offset                              
14      354875.545455  101796.454545
284      10592.250000    3271.375000
356       9305.375000    2865.750000
49        6320.875000    2028.000000
233       6252.875000    2027.875000
168       6146.500000    1941.312500
191       5970.875000    1869.437500
265       5130.250000    1652.312500
13        5045.875000    1641.937500
47        4554.000000    1493.272727
498       4432.000000    1477.875000
435       4343.875000    1431.000000
259       4310.125000    1419.625000
208       4245.000000    1430.625000
384       4166.625000    1398.500000
127       4127.000000    1410.687500
400       4124.125000    1413.812500
91        4123.500000    1370.312500
352       4021.750000    1354.937500
344       3959.250000    1378.000000
Current: [14]
Subround 6
         Timestamp  TS First Frame  TS Prev Frame
Offset                                           
162     24335360.0      47612830.0       784860.0
297     24356864.0      47767679.0       772308.0
400     24397184.0      47461216.0       740034.5
207     24745344.0      48172471.5       712264.0
134     24265344.0      47725462.0       707172.5
131     24465408.0      47518270.0       700198.0
67      24381696.0      47688441.5       687661.0
75      24463232.0      47662450.5       678742.0
266     24409984.0      47695274.5       673983.5
456     24721536.0      48144241.5       668404.0
455     24285952.0      47613001.5       667876.5
303     24286464.0      47632628.0       660358.5
488     24274688.0      47804085.0       651033.0
404     24293248.0      47501659.5       646773.5
354     24256768.0      47715785.0       638823.5
482     24291456.0      47879186.0       632943.0
380     24691840.0      48310786.0       631891.5
156     24263552.0      47520873.0       626891.0
419     24265600.0      47424955.5       623561.0
492     24485504.0      47764421.0       620477.5
              Server1       Server2
Offset                             
14      347937.565217  99802.869565
284      10592.250000   3271.375000
356       9305.375000   2865.750000
49        6320.875000   2028.000000
233       6252.875000   2027.875000
168       6146.500000   1941.312500
191       5970.875000   1869.437500
265       5130.250000   1652.312500
13        5045.875000   1641.937500
47        4508.695652   1485.652174
498       4432.000000   1477.875000
435       4343.875000   1431.000000
259       4310.125000   1419.625000
208       4245.000000   1430.625000
384       4166.625000   1398.500000
127       4127.000000   1410.687500
400       4124.125000   1413.812500
91        4123.500000   1370.312500
352       4021.750000   1354.937500
344       3959.250000   1378.000000
Current: [14, 236]
Subround 7
         Timestamp  TS First Frame  TS Prev Frame
Offset                                           
162     24335360.0      47612830.0       784860.0
297     24356864.0      47767679.0       772308.0
400     24397184.0      47461216.0       740034.5
207     24745344.0      48172471.5       712264.0
134     24265344.0      47725462.0       707172.5
131     24465408.0      47518270.0       700198.0
67      24381696.0      47688441.5       687661.0
75      24463232.0      47662450.5       678742.0
266     24409984.0      47695274.5       673983.5
456     24721536.0      48144241.5       668404.0
455     24285952.0      47613001.5       667876.5
303     24286464.0      47632628.0       660358.5
488     24274688.0      47804085.0       651033.0
404     24293248.0      47501659.5       646773.5
354     24256768.0      47715785.0       638823.5
482     24291456.0      47879186.0       632943.0
380     24691840.0      48310786.0       631891.5
156     24263552.0      47520873.0       626891.0
419     24265600.0      47424955.5       623561.0
492     24485504.0      47764421.0       620477.5
              Server1       Server2
Offset                             
14      339946.750000  97510.166667
284      10592.250000   3271.375000
356       9305.375000   2865.750000
49        6320.875000   2028.000000
233       6252.875000   2027.875000
168       6146.500000   1941.312500
191       5970.875000   1869.437500
265       5130.250000   1652.312500
13        5045.875000   1641.937500
498       4432.000000   1477.875000
47        4405.833333   1450.916667
435       4343.875000   1431.000000
259       4310.125000   1419.625000
208       4245.000000   1430.625000
384       4166.625000   1398.500000
127       4127.000000   1410.687500
400       4124.125000   1413.812500
91        4123.500000   1370.312500
352       4021.750000   1354.937500
344       3959.250000   1378.000000
Current: [14, 43, 236, 424]
Subround 8
         Timestamp  TS First Frame  TS Prev Frame
Offset                                           
162     24335360.0      47612830.0       784860.0
297     24356864.0      47767679.0       772308.0
400     24397184.0      47461216.0       740034.5
207     24745344.0      48172471.5       712264.0
134     24265344.0      47725462.0       707172.5
131     24465408.0      47518270.0       700198.0
67      24381696.0      47688441.5       687661.0
75      24463232.0      47662450.5       678742.0
266     24409984.0      47695274.5       673983.5
456     24721536.0      48144241.5       668404.0
455     24285952.0      47613001.5       667876.5
303     24286464.0      47632628.0       660358.5
488     24274688.0      47804085.0       651033.0
404     24293248.0      47501659.5       646773.5
354     24256768.0      47715785.0       638823.5
482     24291456.0      47879186.0       632943.0
380     24691840.0      48310786.0       631891.5
156     24263552.0      47520873.0       626891.0
419     24265600.0      47424955.5       623561.0
492     24485504.0      47764421.0       620477.5
           Server1     Server2
Offset                        
14      348307.600  99906.7600
284      10592.250   3271.3750
356       9305.375   2865.7500
49        6320.875   2028.0000
233       6252.875   2027.8750
168       6146.500   1941.3125
191       5970.875   1869.4375
265       5130.250   1652.3125
13        5045.875   1641.9375
498       4432.000   1477.8750
435       4343.875   1431.0000
47        4322.960   1424.1200
259       4310.125   1419.6250
208       4245.000   1430.6250
384       4166.625   1398.5000
127       4127.000   1410.6875
400       4124.125   1413.8125
91        4123.500   1370.3125
352       4021.750   1354.9375
344       3959.250   1378.0000
Current: []
Subround 9
         Timestamp  TS First Frame  TS Prev Frame
Offset                                           
162     24335360.0      47612830.0       784860.0
297     24356864.0      47767679.0       772308.0
400     24397184.0      47461216.0       740034.5
207     24745344.0      48172471.5       712264.0
134     24265344.0      47725462.0       707172.5
131     24465408.0      47518270.0       700198.0
67      24381696.0      47688441.5       687661.0
75      24463232.0      47662450.5       678742.0
266     24409984.0      47695274.5       673983.5
456     24721536.0      48144241.5       668404.0
455     24285952.0      47613001.5       667876.5
303     24286464.0      47632628.0       660358.5
488     24274688.0      47804085.0       651033.0
404     24293248.0      47501659.5       646773.5
354     24256768.0      47715785.0       638823.5
482     24291456.0      47879186.0       632943.0
380     24691840.0      48310786.0       631891.5
156     24263552.0      47520873.0       626891.0
419     24265600.0      47424955.5       623561.0
492     24485504.0      47764421.0       620477.5
              Server1       Server2
Offset                             
14      342491.307692  98238.423077
284      10592.250000   3271.375000
356       9305.375000   2865.750000
49        6320.875000   2028.000000
233       6252.875000   2027.875000
168       6146.500000   1941.312500
191       5970.875000   1869.437500
265       5130.250000   1652.312500
13        5045.875000   1641.937500
498       4432.000000   1477.875000
435       4343.875000   1431.000000
47        4324.000000   1426.846154
259       4310.125000   1419.625000
208       4245.000000   1430.625000
384       4166.625000   1398.500000
127       4127.000000   1410.687500
400       4124.125000   1413.812500
91        4123.500000   1370.312500
352       4021.750000   1354.937500
344       3959.250000   1378.000000
Current: [14, 172, 236, 462]
Subround 10
         Timestamp  TS First Frame  TS Prev Frame
Offset                                           
162     24335360.0      47612830.0       784860.0
297     24356864.0      47767679.0       772308.0
400     24397184.0      47461216.0       740034.5
207     24745344.0      48172471.5       712264.0
134     24265344.0      47725462.0       707172.5
131     24465408.0      47518270.0       700198.0
67      24381696.0      47688441.5       687661.0
75      24463232.0      47662450.5       678742.0
266     24409984.0      47695274.5       673983.5
456     24721536.0      48144241.5       668404.0
455     24285952.0      47613001.5       667876.5
303     24286464.0      47632628.0       660358.5
488     24274688.0      47804085.0       651033.0
404     24293248.0      47501659.5       646773.5
354     24256768.0      47715785.0       638823.5
482     24291456.0      47879186.0       632943.0
380     24691840.0      48310786.0       631891.5
156     24263552.0      47520873.0       626891.0
419     24265600.0      47424955.5       623561.0
492     24485504.0      47764421.0       620477.5
              Server1        Server2
Offset                              
14      358100.740741  102727.037037
284      10592.250000    3271.375000
356       9305.375000    2865.750000
49        6320.875000    2028.000000
233       6252.875000    2027.875000
168       6146.500000    1941.312500
191       5970.875000    1869.437500
265       5130.250000    1652.312500
13        5045.875000    1641.937500
498       4432.000000    1477.875000
435       4343.875000    1431.000000
259       4310.125000    1419.625000
208       4245.000000    1430.625000
47        4242.814815    1401.148148
384       4166.625000    1398.500000
127       4127.000000    1410.687500
400       4124.125000    1413.812500
91        4123.500000    1370.312500
352       4021.750000    1354.937500
344       3959.250000    1378.000000
Current: [236, 462]
Subround 11
         Timestamp  TS First Frame  TS Prev Frame
Offset                                           
162     24335360.0      47612830.0       784860.0
297     24356864.0      47767679.0       772308.0
400     24397184.0      47461216.0       740034.5
207     24745344.0      48172471.5       712264.0
134     24265344.0      47725462.0       707172.5
131     24465408.0      47518270.0       700198.0
67      24381696.0      47688441.5       687661.0
75      24463232.0      47662450.5       678742.0
266     24409984.0      47695274.5       673983.5
456     24721536.0      48144241.5       668404.0
455     24285952.0      47613001.5       667876.5
303     24286464.0      47632628.0       660358.5
488     24274688.0      47804085.0       651033.0
404     24293248.0      47501659.5       646773.5
354     24256768.0      47715785.0       638823.5
482     24291456.0      47879186.0       632943.0
380     24691840.0      48310786.0       631891.5
156     24263552.0      47520873.0       626891.0
419     24265600.0      47424955.5       623561.0
492     24485504.0      47764421.0       620477.5
              Server1        Server2
Offset                              
14      355722.857143  102038.392857
284      10592.250000    3271.375000
356       9305.375000    2865.750000
49        6320.875000    2028.000000
233       6252.875000    2027.875000
168       6146.500000    1941.312500
191       5970.875000    1869.437500
265       5130.250000    1652.312500
13        5045.875000    1641.937500
498       4432.000000    1477.875000
435       4343.875000    1431.000000
259       4310.125000    1419.625000
208       4245.000000    1430.625000
384       4166.625000    1398.500000
47        4147.285714    1369.892857
127       4127.000000    1410.687500
400       4124.125000    1413.812500
91        4123.500000    1370.312500
352       4021.750000    1354.937500
344       3959.250000    1378.000000
Current: [462]
Subround 12
         Timestamp  TS First Frame  TS Prev Frame
Offset                                           
162     24335360.0      47612830.0       784860.0
297     24356864.0      47767679.0       772308.0
400     24397184.0      47461216.0       740034.5
207     24745344.0      48172471.5       712264.0
134     24265344.0      47725462.0       707172.5
131     24465408.0      47518270.0       700198.0
67      24381696.0      47688441.5       687661.0
75      24463232.0      47662450.5       678742.0
266     24409984.0      47695274.5       673983.5
456     24721536.0      48144241.5       668404.0
455     24285952.0      47613001.5       667876.5
303     24286464.0      47632628.0       660358.5
488     24274688.0      47804085.0       651033.0
404     24293248.0      47501659.5       646773.5
354     24256768.0      47715785.0       638823.5
482     24291456.0      47879186.0       632943.0
380     24691840.0      48310786.0       631891.5
156     24263552.0      47520873.0       626891.0
419     24265600.0      47424955.5       623561.0
492     24485504.0      47764421.0       620477.5
              Server1        Server2
Offset                              
14      349702.000000  100308.137931
284      10592.250000    3271.375000
356       9305.375000    2865.750000
49        6320.875000    2028.000000
233       6252.875000    2027.875000
168       6146.500000    1941.312500
191       5970.875000    1869.437500
265       5130.250000    1652.312500
13        5045.875000    1641.937500
498       4432.000000    1477.875000
435       4343.875000    1431.000000
259       4310.125000    1419.625000
208       4245.000000    1430.625000
47        4235.310345    1399.655172
384       4166.625000    1398.500000
127       4127.000000    1410.687500
400       4124.125000    1413.812500
91        4123.500000    1370.312500
352       4021.750000    1354.937500
344       3959.250000    1378.000000
Current: []
Subround 13
         Timestamp  TS First Frame  TS Prev Frame
Offset                                           
162     24335360.0      47612830.0       784860.0
297     24356864.0      47767679.0       772308.0
400     24397184.0      47461216.0       740034.5
207     24745344.0      48172471.5       712264.0
134     24265344.0      47725462.0       707172.5
131     24465408.0      47518270.0       700198.0
67      24381696.0      47688441.5       687661.0
75      24463232.0      47662450.5       678742.0
266     24409984.0      47695274.5       673983.5
456     24721536.0      48144241.5       668404.0
455     24285952.0      47613001.5       667876.5
303     24286464.0      47632628.0       660358.5
488     24274688.0      47804085.0       651033.0
404     24293248.0      47501659.5       646773.5
354     24256768.0      47715785.0       638823.5
482     24291456.0      47879186.0       632943.0
380     24691840.0      48310786.0       631891.5
156     24263552.0      47520873.0       626891.0
419     24265600.0      47424955.5       623561.0
492     24485504.0      47764421.0       620477.5
              Server1       Server2
Offset                             
14      343650.466667  98568.933333
284      10592.250000   3271.375000
356       9305.375000   2865.750000
49        6320.875000   2028.000000
233       6252.875000   2027.875000
168       6146.500000   1941.312500
191       5970.875000   1869.437500
265       5130.250000   1652.312500
13        5045.875000   1641.937500
498       4432.000000   1477.875000
435       4343.875000   1431.000000
259       4310.125000   1419.625000
208       4245.000000   1430.625000
384       4166.625000   1398.500000
47        4158.000000   1375.166667
127       4127.000000   1410.687500
400       4124.125000   1413.812500
91        4123.500000   1370.312500
352       4021.750000   1354.937500
344       3959.250000   1378.000000
Current: [462]
Subround 14
         Timestamp  TS First Frame  TS Prev Frame
Offset                                           
162     24335360.0      47612830.0       784860.0
297     24356864.0      47767679.0       772308.0
400     24397184.0      47461216.0       740034.5
207     24745344.0      48172471.5       712264.0
134     24265344.0      47725462.0       707172.5
131     24465408.0      47518270.0       700198.0
67      24381696.0      47688441.5       687661.0
75      24463232.0      47662450.5       678742.0
266     24409984.0      47695274.5       673983.5
456     24721536.0      48144241.5       668404.0
455     24285952.0      47613001.5       667876.5
303     24286464.0      47632628.0       660358.5
488     24274688.0      47804085.0       651033.0
404     24293248.0      47501659.5       646773.5
354     24256768.0      47715785.0       638823.5
482     24291456.0      47879186.0       632943.0
380     24691840.0      48310786.0       631891.5
156     24263552.0      47520873.0       626891.0
419     24265600.0      47424955.5       623561.0
492     24485504.0      47764421.0       620477.5
              Server1        Server2
Offset                              
14      351807.677419  100901.258065
284      10592.250000    3271.375000
356       9305.375000    2865.750000
49        6320.875000    2028.000000
233       6252.875000    2027.875000
168       6146.500000    1941.312500
191       5970.875000    1869.437500
265       5130.250000    1652.312500
13        5045.875000    1641.937500
498       4432.000000    1477.875000
435       4343.875000    1431.000000
259       4310.125000    1419.625000
208       4245.000000    1430.625000
384       4166.625000    1398.500000
127       4127.000000    1410.687500
400       4124.125000    1413.812500
91        4123.500000    1370.312500
47        4091.096774    1353.290323
352       4021.750000    1354.937500
344       3959.250000    1378.000000
Current: [462]
Subround 15
         Timestamp  TS First Frame  TS Prev Frame
Offset                                           
162     24335360.0      47612830.0       784860.0
297     24356864.0      47767679.0       772308.0
400     24397184.0      47461216.0       740034.5
207     24745344.0      48172471.5       712264.0
134     24265344.0      47725462.0       707172.5
131     24465408.0      47518270.0       700198.0
67      24381696.0      47688441.5       687661.0
75      24463232.0      47662450.5       678742.0
266     24409984.0      47695274.5       673983.5
456     24721536.0      48144241.5       668404.0
455     24285952.0      47613001.5       667876.5
303     24286464.0      47632628.0       660358.5
488     24274688.0      47804085.0       651033.0
404     24293248.0      47501659.5       646773.5
354     24256768.0      47715785.0       638823.5
482     24291456.0      47879186.0       632943.0
380     24691840.0      48310786.0       631891.5
156     24263552.0      47520873.0       626891.0
419     24265600.0      47424955.5       623561.0
492     24485504.0      47764421.0       620477.5
            Server1     Server2
Offset                         
14      346611.4375  99410.3125
284      10592.2500   3271.3750
356       9305.3750   2865.7500
49        6320.8750   2028.0000
233       6252.8750   2027.8750
168       6146.5000   1941.3125
191       5970.8750   1869.4375
265       5130.2500   1652.3125
13        5045.8750   1641.9375
498       4432.0000   1477.8750
435       4343.8750   1431.0000
259       4310.1250   1419.6250
208       4245.0000   1430.6250
384       4166.6250   1398.5000
127       4127.0000   1410.6875
400       4124.1250   1413.8125
91        4123.5000   1370.3125
47        4120.9375   1366.9375
352       4021.7500   1354.9375
344       3959.2500   1378.0000
Current: []
Subround 16
         Timestamp  TS First Frame  TS Prev Frame
Offset                                           
162     24335360.0      47612830.0       784860.0
297     24356864.0      47767679.0       772308.0
400     24397184.0      47461216.0       740034.5
207     24745344.0      48172471.5       712264.0
134     24265344.0      47725462.0       707172.5
131     24465408.0      47518270.0       700198.0
67      24381696.0      47688441.5       687661.0
75      24463232.0      47662450.5       678742.0
266     24409984.0      47695274.5       673983.5
456     24721536.0      48144241.5       668404.0
455     24285952.0      47613001.5       667876.5
303     24286464.0      47632628.0       660358.5
488     24274688.0      47804085.0       651033.0
404     24293248.0      47501659.5       646773.5
354     24256768.0      47715785.0       638823.5
482     24291456.0      47879186.0       632943.0
380     24691840.0      48310786.0       631891.5
156     24263552.0      47520873.0       626891.0
419     24265600.0      47424955.5       623561.0
492     24485504.0      47764421.0       620477.5
              Server1        Server2
Offset                              
14      352413.454545  101074.727273
284      10592.250000    3271.375000
356       9305.375000    2865.750000
49        6320.875000    2028.000000
233       6252.875000    2027.875000
168       6146.500000    1941.312500
191       5970.875000    1869.437500
265       5130.250000    1652.312500
13        5045.875000    1641.937500
498       4432.000000    1477.875000
435       4343.875000    1431.000000
259       4310.125000    1419.625000
208       4245.000000    1430.625000
384       4166.625000    1398.500000
127       4127.000000    1410.687500
400       4124.125000    1413.812500
91        4123.500000    1370.312500
47        4051.030303    1344.393939
352       4021.750000    1354.937500
344       3959.250000    1378.000000
Current: [201, 462]
Subround 17
         Timestamp  TS First Frame  TS Prev Frame
Offset                                           
162     24335360.0      47612830.0       784860.0
297     24356864.0      47767679.0       772308.0
400     24397184.0      47461216.0       740034.5
207     24745344.0      48172471.5       712264.0
134     24265344.0      47725462.0       707172.5
131     24465408.0      47518270.0       700198.0
67      24381696.0      47688441.5       687661.0
75      24463232.0      47662450.5       678742.0
266     24409984.0      47695274.5       673983.5
456     24721536.0      48144241.5       668404.0
455     24285952.0      47613001.5       667876.5
303     24286464.0      47632628.0       660358.5
488     24274688.0      47804085.0       651033.0
404     24293248.0      47501659.5       646773.5
354     24256768.0      47715785.0       638823.5
482     24291456.0      47879186.0       632943.0
380     24691840.0      48310786.0       631891.5
156     24263552.0      47520873.0       626891.0
419     24265600.0      47424955.5       623561.0
492     24485504.0      47764421.0       620477.5
              Server1       Server2
Offset                             
14      348579.411765  99971.617647
284      10592.250000   3271.375000
356       9305.375000   2865.750000
49        6320.875000   2028.000000
233       6252.875000   2027.875000
168       6146.500000   1941.312500
191       5970.875000   1869.437500
265       5130.250000   1652.312500
13        5045.875000   1641.937500
498       4432.000000   1477.875000
435       4343.875000   1431.000000
259       4310.125000   1419.625000
208       4245.000000   1430.625000
384       4166.625000   1398.500000
127       4127.000000   1410.687500
400       4124.125000   1413.812500
91        4123.500000   1370.312500
352       4021.750000   1354.937500
47        3990.764706   1324.411765
344       3959.250000   1378.000000
Current: [462]
Subround 18
         Timestamp  TS First Frame  TS Prev Frame
Offset                                           
162     24335360.0      47612830.0       784860.0
297     24356864.0      47767679.0       772308.0
400     24397184.0      47461216.0       740034.5
207     24745344.0      48172471.5       712264.0
134     24265344.0      47725462.0       707172.5
131     24465408.0      47518270.0       700198.0
67      24381696.0      47688441.5       687661.0
75      24463232.0      47662450.5       678742.0
266     24409984.0      47695274.5       673983.5
456     24721536.0      48144241.5       668404.0
455     24285952.0      47613001.5       667876.5
303     24286464.0      47632628.0       660358.5
488     24274688.0      47804085.0       651033.0
404     24293248.0      47501659.5       646773.5
354     24256768.0      47715785.0       638823.5
482     24291456.0      47879186.0       632943.0
380     24691840.0      48310786.0       631891.5
156     24263552.0      47520873.0       626891.0
419     24265600.0      47424955.5       623561.0
492     24485504.0      47764421.0       620477.5
              Server1       Server2
Offset                             
14      344891.028571  98919.028571
284      10592.250000   3271.375000
356       9305.375000   2865.750000
236       7430.000000   2313.342857
49        6320.875000   2028.000000
233       6252.875000   2027.875000
168       6146.500000   1941.312500
191       5970.875000   1869.437500
265       5130.250000   1652.312500
13        5045.875000   1641.937500
498       4432.000000   1477.875000
435       4343.875000   1431.000000
259       4310.125000   1419.625000
208       4245.000000   1430.625000
384       4166.625000   1398.500000
127       4127.000000   1410.687500
400       4124.125000   1413.812500
91        4123.500000   1370.312500
352       4021.750000   1354.937500
47        3996.285714   1330.914286
Current: []
Subround 19
         Timestamp  TS First Frame  TS Prev Frame
Offset                                           
162     24335360.0      47612830.0       784860.0
297     24356864.0      47767679.0       772308.0
400     24397184.0      47461216.0       740034.5
207     24745344.0      48172471.5       712264.0
134     24265344.0      47725462.0       707172.5
131     24465408.0      47518270.0       700198.0
67      24381696.0      47688441.5       687661.0
75      24463232.0      47662450.5       678742.0
266     24409984.0      47695274.5       673983.5
456     24721536.0      48144241.5       668404.0
455     24285952.0      47613001.5       667876.5
303     24286464.0      47632628.0       660358.5
488     24274688.0      47804085.0       651033.0
404     24293248.0      47501659.5       646773.5
354     24256768.0      47715785.0       638823.5
482     24291456.0      47879186.0       632943.0
380     24691840.0      48310786.0       631891.5
156     24263552.0      47520873.0       626891.0
419     24265600.0      47424955.5       623561.0
492     24485504.0      47764421.0       620477.5
              Server1        Server2
Offset                              
14      349559.722222  100259.000000
284      10592.250000    3271.375000
356       9305.375000    2865.750000
236       7323.833333    2280.277778
49        6320.875000    2028.000000
233       6252.875000    2027.875000
168       6146.500000    1941.312500
191       5970.875000    1869.437500
265       5130.250000    1652.312500
13        5045.875000    1641.937500
498       4432.000000    1477.875000
435       4343.875000    1431.000000
259       4310.125000    1419.625000
208       4245.000000    1430.625000
384       4166.625000    1398.500000
127       4127.000000    1410.687500
400       4124.125000    1413.812500
91        4123.500000    1370.312500
352       4021.750000    1354.937500
47        3967.444444    1320.000000
Current: [201, 511]
Subround 20
         Timestamp  TS First Frame  TS Prev Frame
Offset                                           
162     24335360.0      47612830.0       784860.0
297     24356864.0      47767679.0       772308.0
400     24397184.0      47461216.0       740034.5
207     24745344.0      48172471.5       712264.0
134     24265344.0      47725462.0       707172.5
131     24465408.0      47518270.0       700198.0
67      24381696.0      47688441.5       687661.0
75      24463232.0      47662450.5       678742.0
266     24409984.0      47695274.5       673983.5
456     24721536.0      48144241.5       668404.0
455     24285952.0      47613001.5       667876.5
303     24286464.0      47632628.0       660358.5
488     24274688.0      47804085.0       651033.0
404     24293248.0      47501659.5       646773.5
354     24256768.0      47715785.0       638823.5
482     24291456.0      47879186.0       632943.0
380     24691840.0      48310786.0       631891.5
156     24263552.0      47520873.0       626891.0
419     24265600.0      47424955.5       623561.0
492     24485504.0      47764421.0       620477.5
              Server1       Server2
Offset                             
14      346540.702703  99392.351351
284      10592.250000   3271.375000
356       9305.375000   2865.750000
236       7178.054054   2236.567568
49        6320.875000   2028.000000
233       6252.875000   2027.875000
168       6146.500000   1941.312500
191       5970.875000   1869.437500
265       5130.250000   1652.312500
13        5045.875000   1641.937500
498       4432.000000   1477.875000
435       4343.875000   1431.000000
259       4310.125000   1419.625000
208       4245.000000   1430.625000
384       4166.625000   1398.500000
127       4127.000000   1410.687500
400       4124.125000   1413.812500
91        4123.500000   1370.312500
352       4021.750000   1354.937500
47        3997.081081   1336.324324
Current: [201, 511]
         Timestamp  TS First Frame  TS Prev Frame
Offset                                           
162     24335360.0      47612830.0       784860.0
297     24356864.0      47767679.0       772308.0
400     24397184.0      47461216.0       740034.5
207     24745344.0      48172471.5       712264.0
134     24265344.0      47725462.0       707172.5
131     24465408.0      47518270.0       700198.0
67      24381696.0      47688441.5       687661.0
75      24463232.0      47662450.5       678742.0
266     24409984.0      47695274.5       673983.5
456     24721536.0      48144241.5       668404.0
455     24285952.0      47613001.5       667876.5
303     24286464.0      47632628.0       660358.5
488     24274688.0      47804085.0       651033.0
404     24293248.0      47501659.5       646773.5
354     24256768.0      47715785.0       638823.5
482     24291456.0      47879186.0       632943.0
380     24691840.0      48310786.0       631891.5
156     24263552.0      47520873.0       626891.0
419     24265600.0      47424955.5       623561.0
492     24485504.0      47764421.0       620477.5
              Server1       Server2
Offset                             
14      346540.702703  99392.351351
284      10592.250000   3271.375000
356       9305.375000   2865.750000
236       7178.054054   2236.567568
49        6320.875000   2028.000000
233       6252.875000   2027.875000
168       6146.500000   1941.312500
191       5970.875000   1869.437500
265       5130.250000   1652.312500
13        5045.875000   1641.937500
498       4432.000000   1477.875000
435       4343.875000   1431.000000
259       4310.125000   1419.625000
208       4245.000000   1430.625000
384       4166.625000   1398.500000
127       4127.000000   1410.687500
400       4124.125000   1413.812500
91        4123.500000   1370.312500
352       4021.750000   1354.937500
47        3997.081081   1336.324324
New pairs
[[511, 201]]
Round 2
Subround 0
         Timestamp  TS First Frame  TS Prev Frame
Offset                                           
162     24335360.0      47612830.0       784860.0
297     24356864.0      47767679.0       772308.0
400     24397184.0      47461216.0       740034.5
207     24745344.0      48172471.5       712264.0
134     24265344.0      47725462.0       707172.5
131     24465408.0      47518270.0       700198.0
67      24381696.0      47688441.5       687661.0
75      24463232.0      47662450.5       678742.0
266     24409984.0      47695274.5       673983.5
456     24721536.0      48144241.5       668404.0
455     24285952.0      47613001.5       667876.5
303     24286464.0      47632628.0       660358.5
488     24274688.0      47804085.0       651033.0
404     24293248.0      47501659.5       646773.5
354     24256768.0      47715785.0       638823.5
482     24291456.0      47879186.0       632943.0
380     24691840.0      48310786.0       631891.5
156     24263552.0      47520873.0       626891.0
419     24265600.0      47424955.5       623561.0
492     24485504.0      47764421.0       620477.5
              Server1       Server2
Offset                             
14      346540.702703  99392.351351
284      10592.250000   3271.375000
356       9305.375000   2865.750000
236       7178.054054   2236.567568
49        6320.875000   2028.000000
233       6252.875000   2027.875000
168       6146.500000   1941.312500
191       5970.875000   1869.437500
265       5130.250000   1652.312500
13        5045.875000   1641.937500
498       4432.000000   1477.875000
435       4343.875000   1431.000000
259       4310.125000   1419.625000
208       4245.000000   1430.625000
384       4166.625000   1398.500000
127       4127.000000   1410.687500
400       4124.125000   1413.812500
91        4123.500000   1370.312500
352       4021.750000   1354.937500
47        3997.081081   1336.324324
Current: []
Subround 1
         Timestamp  TS First Frame  TS Prev Frame
Offset                                           
162     24335360.0      47612830.0       784860.0
297     24356864.0      47767679.0       772308.0
400     24397184.0      47461216.0       740034.5
207     24745344.0      48172471.5       712264.0
134     24265344.0      47725462.0       707172.5
131     24465408.0      47518270.0       700198.0
67      24381696.0      47688441.5       687661.0
75      24463232.0      47662450.5       678742.0
266     24409984.0      47695274.5       673983.5
456     24721536.0      48144241.5       668404.0
455     24285952.0      47613001.5       667876.5
303     24286464.0      47632628.0       660358.5
488     24274688.0      47804085.0       651033.0
404     24293248.0      47501659.5       646773.5
354     24256768.0      47715785.0       638823.5
482     24291456.0      47879186.0       632943.0
380     24691840.0      48310786.0       631891.5
156     24263552.0      47520873.0       626891.0
419     24265600.0      47424955.5       623561.0
492     24485504.0      47764421.0       620477.5
              Server1       Server2
Offset                             
14      346540.702703  99392.351351
284      10592.250000   3271.375000
356       9305.375000   2865.750000
236       7178.054054   2236.567568
49        6320.875000   2028.000000
233       6252.875000   2027.875000
168       6146.500000   1941.312500
191       5970.875000   1869.437500
265       5130.250000   1652.312500
13        5045.875000   1641.937500
498       4432.000000   1477.875000
435       4343.875000   1431.000000
259       4310.125000   1419.625000
208       4245.000000   1430.625000
384       4166.625000   1398.500000
127       4127.000000   1410.687500
400       4124.125000   1413.812500
91        4123.500000   1370.312500
352       4021.750000   1354.937500
47        3997.081081   1336.324324
Current: [201]
Subround 2
         Timestamp  TS First Frame  TS Prev Frame
Offset                                           
162     24335360.0      47612830.0       784860.0
297     24356864.0      47767679.0       772308.0
400     24397184.0      47461216.0       740034.5
207     24745344.0      48172471.5       712264.0
134     24265344.0      47725462.0       707172.5
131     24465408.0      47518270.0       700198.0
67      24381696.0      47688441.5       687661.0
75      24463232.0      47662450.5       678742.0
266     24409984.0      47695274.5       673983.5
456     24721536.0      48144241.5       668404.0
455     24285952.0      47613001.5       667876.5
303     24286464.0      47632628.0       660358.5
488     24274688.0      47804085.0       651033.0
404     24293248.0      47501659.5       646773.5
354     24256768.0      47715785.0       638823.5
482     24291456.0      47879186.0       632943.0
380     24691840.0      48310786.0       631891.5
156     24263552.0      47520873.0       626891.0
419     24265600.0      47424955.5       623561.0
492     24485504.0      47764421.0       620477.5
              Server1       Server2
Offset                             
14      346540.702703  99392.351351
284      10592.250000   3271.375000
356       9305.375000   2865.750000
236       7178.054054   2236.567568
49        6320.875000   2028.000000
233       6252.875000   2027.875000
168       6146.500000   1941.312500
191       5970.875000   1869.437500
265       5130.250000   1652.312500
13        5045.875000   1641.937500
498       4432.000000   1477.875000
435       4343.875000   1431.000000
259       4310.125000   1419.625000
208       4245.000000   1430.625000
384       4166.625000   1398.500000
127       4127.000000   1410.687500
400       4124.125000   1413.812500
91        4123.500000   1370.312500
352       4021.750000   1354.937500
47        3997.081081   1336.324324
Current: [201]
Subround 3
         Timestamp  TS First Frame  TS Prev Frame
Offset                                           
162     24335360.0      47612830.0       784860.0
297     24356864.0      47767679.0       772308.0
400     24397184.0      47461216.0       740034.5
207     24745344.0      48172471.5       712264.0
134     24265344.0      47725462.0       707172.5
131     24465408.0      47518270.0       700198.0
67      24381696.0      47688441.5       687661.0
75      24463232.0      47662450.5       678742.0
266     24409984.0      47695274.5       673983.5
456     24721536.0      48144241.5       668404.0
455     24285952.0      47613001.5       667876.5
303     24286464.0      47632628.0       660358.5
488     24274688.0      47804085.0       651033.0
404     24293248.0      47501659.5       646773.5
354     24256768.0      47715785.0       638823.5
482     24291456.0      47879186.0       632943.0
380     24691840.0      48310786.0       631891.5
156     24263552.0      47520873.0       626891.0
419     24265600.0      47424955.5       623561.0
492     24485504.0      47764421.0       620477.5
              Server1       Server2
Offset                             
14      346540.702703  99392.351351
284      10592.250000   3271.375000
356       9305.375000   2865.750000
236       7178.054054   2236.567568
49        6320.875000   2028.000000
233       6252.875000   2027.875000
168       6146.500000   1941.312500
191       5970.875000   1869.437500
265       5130.250000   1652.312500
13        5045.875000   1641.937500
498       4432.000000   1477.875000
435       4343.875000   1431.000000
259       4310.125000   1419.625000
208       4245.000000   1430.625000
384       4166.625000   1398.500000
127       4127.000000   1410.687500
400       4124.125000   1413.812500
91        4123.500000   1370.312500
352       4021.750000   1354.937500
47        3997.081081   1336.324324
Current: []
Subround 4
         Timestamp  TS First Frame  TS Prev Frame
Offset                                           
162     24335360.0      47612830.0       784860.0
297     24356864.0      47767679.0       772308.0
400     24397184.0      47461216.0       740034.5
207     24745344.0      48172471.5       712264.0
134     24265344.0      47725462.0       707172.5
131     24465408.0      47518270.0       700198.0
67      24381696.0      47688441.5       687661.0
75      24463232.0      47662450.5       678742.0
266     24409984.0      47695274.5       673983.5
456     24721536.0      48144241.5       668404.0
455     24285952.0      47613001.5       667876.5
303     24286464.0      47632628.0       660358.5
488     24274688.0      47804085.0       651033.0
404     24293248.0      47501659.5       646773.5
354     24256768.0      47715785.0       638823.5
482     24291456.0      47879186.0       632943.0
380     24691840.0      48310786.0       631891.5
156     24263552.0      47520873.0       626891.0
419     24265600.0      47424955.5       623561.0
492     24485504.0      47764421.0       620477.5
              Server1       Server2
Offset                             
14      346540.702703  99392.351351
284      10592.250000   3271.375000
356       9305.375000   2865.750000
236       7178.054054   2236.567568
49        6320.875000   2028.000000
233       6252.875000   2027.875000
168       6146.500000   1941.312500
191       5970.875000   1869.437500
265       5130.250000   1652.312500
13        5045.875000   1641.937500
498       4432.000000   1477.875000
435       4343.875000   1431.000000
259       4310.125000   1419.625000
208       4245.000000   1430.625000
384       4166.625000   1398.500000
127       4127.000000   1410.687500
400       4124.125000   1413.812500
91        4123.500000   1370.312500
352       4021.750000   1354.937500
47        3997.081081   1336.324324
Current: [201]
Subround 5
         Timestamp  TS First Frame  TS Prev Frame
Offset                                           
162     24335360.0      47612830.0       784860.0
297     24356864.0      47767679.0       772308.0
400     24397184.0      47461216.0       740034.5
207     24745344.0      48172471.5       712264.0
134     24265344.0      47725462.0       707172.5
131     24465408.0      47518270.0       700198.0
67      24381696.0      47688441.5       687661.0
75      24463232.0      47662450.5       678742.0
266     24409984.0      47695274.5       673983.5
456     24721536.0      48144241.5       668404.0
455     24285952.0      47613001.5       667876.5
303     24286464.0      47632628.0       660358.5
488     24274688.0      47804085.0       651033.0
404     24293248.0      47501659.5       646773.5
354     24256768.0      47715785.0       638823.5
482     24291456.0      47879186.0       632943.0
380     24691840.0      48310786.0       631891.5
156     24263552.0      47520873.0       626891.0
419     24265600.0      47424955.5       623561.0
492     24485504.0      47764421.0       620477.5
              Server1       Server2
Offset                             
14      346540.702703  99392.351351
284      10592.250000   3271.375000
356       9305.375000   2865.750000
236       7178.054054   2236.567568
49        6320.875000   2028.000000
233       6252.875000   2027.875000
168       6146.500000   1941.312500
191       5970.875000   1869.437500
265       5130.250000   1652.312500
13        5045.875000   1641.937500
498       4432.000000   1477.875000
435       4343.875000   1431.000000
259       4310.125000   1419.625000
208       4245.000000   1430.625000
384       4166.625000   1398.500000
127       4127.000000   1410.687500
400       4124.125000   1413.812500
91        4123.500000   1370.312500
352       4021.750000   1354.937500
47        3997.081081   1336.324324
Current: [201]
Subround 6
         Timestamp  TS First Frame  TS Prev Frame
Offset                                           
162     24335360.0      47612830.0       784860.0
297     24356864.0      47767679.0       772308.0
400     24397184.0      47461216.0       740034.5
207     24745344.0      48172471.5       712264.0
134     24265344.0      47725462.0       707172.5
131     24465408.0      47518270.0       700198.0
67      24381696.0      47688441.5       687661.0
75      24463232.0      47662450.5       678742.0
266     24409984.0      47695274.5       673983.5
456     24721536.0      48144241.5       668404.0
455     24285952.0      47613001.5       667876.5
303     24286464.0      47632628.0       660358.5
488     24274688.0      47804085.0       651033.0
404     24293248.0      47501659.5       646773.5
354     24256768.0      47715785.0       638823.5
482     24291456.0      47879186.0       632943.0
380     24691840.0      48310786.0       631891.5
156     24263552.0      47520873.0       626891.0
419     24265600.0      47424955.5       623561.0
492     24485504.0      47764421.0       620477.5
              Server1       Server2
Offset                             
14      346540.702703  99392.351351
284      10592.250000   3271.375000
356       9305.375000   2865.750000
236       7178.054054   2236.567568
49        6320.875000   2028.000000
233       6252.875000   2027.875000
168       6146.500000   1941.312500
191       5970.875000   1869.437500
265       5130.250000   1652.312500
13        5045.875000   1641.937500
498       4432.000000   1477.875000
435       4343.875000   1431.000000
259       4310.125000   1419.625000
208       4245.000000   1430.625000
384       4166.625000   1398.500000
127       4127.000000   1410.687500
400       4124.125000   1413.812500
91        4123.500000   1370.312500
352       4021.750000   1354.937500
47        3997.081081   1336.324324
Current: [201]
Subround 7
         Timestamp  TS First Frame  TS Prev Frame
Offset                                           
162     24335360.0      47612830.0       784860.0
297     24356864.0      47767679.0       772308.0
400     24397184.0      47461216.0       740034.5
207     24745344.0      48172471.5       712264.0
134     24265344.0      47725462.0       707172.5
131     24465408.0      47518270.0       700198.0
67      24381696.0      47688441.5       687661.0
75      24463232.0      47662450.5       678742.0
266     24409984.0      47695274.5       673983.5
456     24721536.0      48144241.5       668404.0
455     24285952.0      47613001.5       667876.5
303     24286464.0      47632628.0       660358.5
488     24274688.0      47804085.0       651033.0
404     24293248.0      47501659.5       646773.5
354     24256768.0      47715785.0       638823.5
482     24291456.0      47879186.0       632943.0
380     24691840.0      48310786.0       631891.5
156     24263552.0      47520873.0       626891.0
419     24265600.0      47424955.5       623561.0
492     24485504.0      47764421.0       620477.5
              Server1       Server2
Offset                             
14      346540.702703  99392.351351
284      10592.250000   3271.375000
356       9305.375000   2865.750000
236       7178.054054   2236.567568
49        6320.875000   2028.000000
233       6252.875000   2027.875000
168       6146.500000   1941.312500
191       5970.875000   1869.437500
265       5130.250000   1652.312500
13        5045.875000   1641.937500
498       4432.000000   1477.875000
435       4343.875000   1431.000000
259       4310.125000   1419.625000
208       4245.000000   1430.625000
384       4166.625000   1398.500000
127       4127.000000   1410.687500
400       4124.125000   1413.812500
91        4123.500000   1370.312500
352       4021.750000   1354.937500
47        3997.081081   1336.324324
Current: [201]
         Timestamp  TS First Frame  TS Prev Frame
Offset                                           
162     24335360.0      47612830.0       784860.0
297     24356864.0      47767679.0       772308.0
400     24397184.0      47461216.0       740034.5
207     24745344.0      48172471.5       712264.0
134     24265344.0      47725462.0       707172.5
131     24465408.0      47518270.0       700198.0
67      24381696.0      47688441.5       687661.0
75      24463232.0      47662450.5       678742.0
266     24409984.0      47695274.5       673983.5
456     24721536.0      48144241.5       668404.0
455     24285952.0      47613001.5       667876.5
303     24286464.0      47632628.0       660358.5
488     24274688.0      47804085.0       651033.0
404     24293248.0      47501659.5       646773.5
354     24256768.0      47715785.0       638823.5
482     24291456.0      47879186.0       632943.0
380     24691840.0      48310786.0       631891.5
156     24263552.0      47520873.0       626891.0
419     24265600.0      47424955.5       623561.0
492     24485504.0      47764421.0       620477.5
              Server1       Server2
Offset                             
14      346540.702703  99392.351351
284      10592.250000   3271.375000
356       9305.375000   2865.750000
236       7178.054054   2236.567568
49        6320.875000   2028.000000
233       6252.875000   2027.875000
168       6146.500000   1941.312500
191       5970.875000   1869.437500
265       5130.250000   1652.312500
13        5045.875000   1641.937500
498       4432.000000   1477.875000
435       4343.875000   1431.000000
259       4310.125000   1419.625000
208       4245.000000   1430.625000
384       4166.625000   1398.500000
127       4127.000000   1410.687500
400       4124.125000   1413.812500
91        4123.500000   1370.312500
352       4021.750000   1354.937500
47        3997.081081   1336.324324
Winning offset:
[201]
2021-09-17 00:12:24.250015
2021-09-17 00:18:25.143557
0:06:00.893542
attacker.py:479: DeprecationWarning: The default dtype for empty Series will be 'object' instead of 'float64' in a future version. Specify a dtype explicitly to silence this warning.
  mean1 = pd.Series(values1).mean()
attacker.py:480: DeprecationWarning: The default dtype for empty Series will be 'object' instead of 'float64' in a future version. Specify a dtype explicitly to silence this warning.
  mean2 = pd.Series(values2).mean()
attacker.py:479: DeprecationWarning: The default dtype for empty Series will be 'object' instead of 'float64' in a future version. Specify a dtype explicitly to silence this warning.
  mean1 = pd.Series(values1).mean()
attacker.py:480: DeprecationWarning: The default dtype for empty Series will be 'object' instead of 'float64' in a future version. Specify a dtype explicitly to silence this warning.
  mean2 = pd.Series(values2).mean()
attacker.py:479: DeprecationWarning: The default dtype for empty Series will be 'object' instead of 'float64' in a future version. Specify a dtype explicitly to silence this warning.
  mean1 = pd.Series(values1).mean()
attacker.py:480: DeprecationWarning: The default dtype for empty Series will be 'object' instead of 'float64' in a future version. Specify a dtype explicitly to silence this warning.
  mean2 = pd.Series(values2).mean()
Exception ignored in: <function Capture.__del__ at 0x7f04a793e670>
Traceback (most recent call last):
  File "/home/mlipp/.virtualenvs/kaslr/lib/python3.8/site-packages/pyshark/capture/capture.py", line 445, in __del__
  File "/home/mlipp/.virtualenvs/kaslr/lib/python3.8/site-packages/pyshark/capture/capture.py", line 436, in close
  File "/usr/lib/python3.8/asyncio/base_events.py", line 592, in run_until_complete
  File "/usr/lib/python3.8/asyncio/base_events.py", line 553, in _check_running
AttributeError: 'NoneType' object has no attribute '_get_running_loop'
