Loading page file profiles/packet3/pages/0x6e4a.yaml
Loading page file profiles/packet3/pages/0x6e60.yaml
Loading page file profiles/packet3/pages/0x6ee3.yaml
Loading page file profiles/packet3/pages/0x7241.yaml
Loading page file profiles/packet3/pages/0x7242.yaml
Loading page file profiles/packet3/pages/0x7243.yaml
Loading page file profiles/packet3/pages/0x7244.yaml
Round 0
Subround 0
Empty DataFrame
Columns: [Timestamp, TS First Frame, TS Prev Frame]
Index: []
         Server1  Server2
Offset                   
14      232004.0  66588.0
469       6874.0   2224.0
199       6824.0   2230.0
411       6568.0   2164.0
284       6510.0   2105.0
500       6408.0   2053.0
505       6346.0   2122.0
235       6216.0   2028.0
393       6192.0   2073.0
192       6164.0   1982.0
198       6104.0   2033.0
443       6078.0   2113.0
267       6072.0   2015.0
380       6056.0   2099.0
498       6018.0   1979.0
276       5986.0   1940.0
361       5952.0   1990.0
177       5906.0   1961.0
88        5880.0   2054.0
403       5876.0   2105.0
Current: [4, 6, 7, 10, 12, 13, 14, 15, 16, 17, 18, 19, 22, 26, 28, 29, 31, 33, 36, 38, 39, 40, 41, 42, 43, 45, 46, 52, 56, 58, 61, 62, 63, 66, 69, 70, 75, 78, 79, 81, 82, 83, 84, 85, 86, 88, 89, 90, 91, 94, 95, 98, 101, 103, 104, 105, 107, 108, 110, 112, 114, 117, 121, 122, 123, 125, 126, 128, 129, 130, 131, 132, 134, 135, 139, 147, 148, 151, 154, 156, 157, 159, 160, 161, 163, 164, 165, 168, 169, 170, 171, 172, 177, 182, 183, 185, 186, 188, 189, 192, 193, 194, 196, 197, 199, 200, 204, 205, 208, 213, 214, 216, 218, 219, 220, 221, 222, 225, 226, 227, 229, 230, 231, 232, 234, 235, 237, 238, 241, 243, 245, 246, 247, 248, 251, 254, 255, 260, 265, 267, 268, 270, 275, 278, 283, 286, 287, 291, 293, 294, 295, 297, 304, 306, 307, 312, 314, 315, 318, 319, 321, 322, 323, 326, 328, 329, 330, 331, 332, 334, 336, 338, 339, 341, 342, 347, 348, 349, 351, 355, 360, 361, 362, 364, 366, 367, 369, 371, 373, 376, 378, 381, 382, 384, 385, 386, 390, 392, 393, 395, 397, 401, 403, 405, 408, 409, 412, 413, 415, 417, 419, 420, 421, 422, 423, 425, 428, 434, 437, 440, 443, 445, 447, 448, 453, 455, 456, 457, 461, 463, 464, 465, 466, 467, 468, 470, 471, 472, 473, 475, 479, 480, 481, 482, 483, 484, 488, 491, 492, 504, 506, 508, 510]
Subround 1
         Timestamp  TS First Frame  TS Prev Frame
Offset                                           
15      24416256.0      47057500.0      1103375.0
77      24626048.0      47747582.0       993463.0
213     24648320.0      47869560.0       926735.0
260     24841344.0      48299409.0       923735.0
159     24620672.0      47803039.0       920900.5
120     24657536.0      47632833.0       920571.0
290     24863104.0      48284682.5       915536.5
491     24770688.0      48360173.0       912441.0
165     24938240.0      48403621.0       898672.5
361     24734336.0      48094808.5       894905.0
468     24979968.0      48677820.0       894099.5
500     24954112.0      48590129.5       892773.0
452     24925184.0      48618735.0       891975.5
469     25047296.0      48611527.5       888243.5
68      24515712.0      47809058.0       886416.0
410     24827264.0      48114332.5       884599.5
421     25046016.0      48668073.0       880595.5
496     24803456.0      48202138.5       877540.5
320     24765824.0      48293756.0       877103.5
504     24727680.0      48306903.0       875671.0
         Server1   Server2
Offset                    
14      528091.0  151343.0
213       6135.0    2042.0
320       5901.0    2061.5
291       5775.0    1972.0
290       5751.0    2006.0
469       5702.0    1985.5
330       5614.0    1951.0
198       5543.0    1836.0
361       5541.0    1923.5
199       5522.0    1783.5
491       5502.0    1871.0
235       5376.0    1774.5
371       5367.0    1834.0
159       5250.0    1787.5
421       5238.0    1837.0
273       5123.0    1804.0
165       5093.0    1794.5
181       5089.0    1833.0
265       5087.0    1783.5
422       5078.0    1801.0
Current: [7, 10, 13, 17, 18, 19, 22, 26, 29, 31, 33, 36, 39, 46, 52, 56, 61, 62, 66, 69, 78, 79, 81, 82, 84, 85, 89, 90, 95, 98, 103, 108, 112, 121, 122, 125, 126, 128, 129, 131, 135, 136, 139, 147, 151, 154, 156, 157, 161, 168, 169, 170, 171, 172, 177, 182, 183, 185, 186, 188, 189, 192, 193, 197, 199, 200, 204, 205, 214, 219, 227, 230, 234, 235, 238, 241, 247, 248, 251, 255, 260, 267, 268, 270, 275, 283, 287, 291, 293, 304, 306, 307, 312, 318, 322, 323, 328, 334, 339, 341, 343, 347, 349, 351, 360, 362, 364, 366, 373, 376, 378, 381, 382, 383, 385, 390, 392, 393, 405, 415, 417, 419, 420, 422, 425, 428, 434, 437, 445, 453, 455, 463, 465, 466, 468, 471, 472, 475, 482, 484, 488, 492, 504]
Subround 2
         Timestamp  TS First Frame  TS Prev Frame
Offset                                           
162     24803328.0      47925945.0      1097525.0
14      24720896.0      47847982.0      1084388.0
79      24388608.0      47022752.0       985180.0
491     24599552.0      48177806.0       964854.0
57      24293376.0      47495847.0       957424.0
290     24648704.0      48054867.0       940251.0
73      24370688.0      47349689.0       930930.0
437     24675072.0      47921788.0       929803.0
389     24831232.0      51015267.0       928064.0
362     24221184.0      47306671.0       923406.0
348     24596480.0      48321928.0       913620.0
68      24741888.0      48252197.0       913036.0
159     24389376.0      47554671.0       910580.0
15      24505856.0      47443145.0       908797.0
247     24626432.0      48342829.0       902246.0
31      25127424.0      49003771.0       901646.0
401     24394240.0      47280355.0       899945.0
503     25011456.0      48678349.0       898078.0
173     24445952.0      47872217.0       897924.0
166     24492032.0      47839938.0       896815.0
              Server1        Server2
Offset                              
14      559727.333333  160435.000000
291       5714.666667    1920.666667
213       5668.666667    1911.666667
491       5606.666667    1885.666667
320       5486.000000    1903.666667
361       5454.000000    1904.333333
235       5453.333333    1872.000000
290       5442.666667    1914.000000
182       5313.333333    1858.666667
352       5198.666667    1741.666667
437       5162.666667    1724.666667
165       5142.000000    1786.666667
201       5108.666667    1690.000000
348       5033.333333    1757.000000
23        5004.000000    1738.000000
410       5001.333333    1727.666667
68        4976.666667    1769.000000
417       4950.000000    1727.000000
34        4932.666667    1744.000000
120       4930.666667    1784.000000
Current: [10, 17, 18, 26, 31, 39, 52, 56, 62, 66, 79, 89, 103, 112, 121, 125, 128, 135, 136, 139, 151, 157, 168, 169, 171, 172, 183, 185, 186, 189, 192, 193, 197, 200, 219, 227, 230, 235, 238, 248, 260, 270, 275, 283, 287, 291, 293, 306, 312, 323, 334, 339, 347, 362, 364, 373, 376, 383, 385, 390, 419, 425, 428, 434, 463, 468, 472, 482, 488, 492, 504]
Subround 3
         Timestamp  TS First Frame  TS Prev Frame
Offset                                           
14      24920960.0      48213468.0      1065287.5
162     24869376.0      48267596.5      1061043.0
437     24623744.0      47842473.5       964494.5
31      25071616.0      48828097.5       934082.0
53      24820864.0      48247225.5       925663.5
151     24592640.0      47818058.0       915970.5
290     24453120.0      47610408.5       915536.5
305     24663552.0      47924597.0       912654.0
491     24487808.0      47707715.0       912441.0
401     24663168.0      47832074.0       900261.0
429     24541568.0      47628870.0       899715.5
385     25014784.0      48759884.5       892422.0
15      24711936.0      48123392.5       891222.5
503     24931584.0      48512889.5       890149.5
314     24545152.0      47641043.0       889871.5
30      24567296.0      47697199.0       884858.5
418     24652544.0      47862690.0       883293.5
120     24686976.0      48095458.5       882378.0
341     24577920.0      47985849.5       882015.0
303     25072000.0      48716410.0       880228.0
         Server1    Server2
Offset                     
14      555531.5  159256.75
366       5390.5    1740.00
437       5178.0    1763.25
417       5003.0    1726.75
363       4969.0    1749.50
166       4876.5    1645.75
291       4867.0    1636.25
18        4864.5    1628.75
491       4837.0    1614.00
201       4829.0    1610.50
422       4827.0    1744.75
151       4818.0    1680.50
254       4796.0    1584.25
272       4794.0    1639.25
213       4781.5    1610.50
258       4764.5    1637.75
59        4757.5    1668.00
320       4747.5    1639.25
377       4742.5    1609.25
182       4737.0    1631.00
Current: [0, 7, 10, 12, 16, 17, 18, 19, 22, 24, 26, 30, 31, 33, 39, 40, 43, 46, 52, 56, 57, 58, 60, 62, 66, 71, 77, 78, 79, 84, 85, 89, 103, 107, 112, 114, 117, 121, 122, 125, 128, 129, 135, 136, 139, 141, 151, 155, 156, 157, 163, 168, 169, 170, 171, 172, 174, 183, 185, 186, 187, 189, 192, 193, 197, 199, 200, 204, 209, 214, 215, 219, 223, 227, 230, 234, 235, 238, 241, 243, 248, 255, 256, 259, 260, 265, 266, 267, 270, 275, 280, 283, 287, 291, 293, 297, 301, 304, 306, 307, 312, 313, 321, 322, 323, 324, 326, 329, 334, 336, 337, 339, 342, 347, 356, 360, 362, 364, 366, 367, 371, 373, 376, 378, 381, 385, 390, 392, 393, 401, 410, 419, 421, 423, 425, 428, 434, 437, 440, 441, 443, 448, 452, 453, 458, 463, 464, 466, 467, 468, 472, 478, 482, 488, 491, 492, 504, 507, 508]
Subround 4
         Timestamp  TS First Frame  TS Prev Frame
Offset                                           
14      24720896.0      47847982.0      1046187.0
162     24803328.0      47925945.0      1024561.0
437     24572416.0      47763159.0       929803.0
31      25015808.0      48652424.0       901646.0
401     24394240.0      48383793.0       899945.0
151     24401152.0      47532956.0       892730.0
290     24257536.0      47416426.0       890822.0
102     24663552.0      47965563.0       886045.0
53      24457984.0      47771585.0       884896.0
242     24565248.0      47781727.0       884476.0
503     24851712.0      48347430.0       882221.0
120     24342528.0      47800327.0       881844.0
418     24501504.0      47704936.0       880237.0
341     24546048.0      47735144.0       879156.0
314     24134912.0      47505573.0       878463.0
429     24371712.0      47490426.0       874787.0
15      24505856.0      47443145.0       873648.0
30      24394752.0      47474437.0       873053.0
183     25008640.0      48943498.0       871705.0
504     24674560.0      47864363.0       867621.0
         Server1   Server2
Offset                    
14      502530.4  144053.6
47       17042.4    5088.8
376       5335.6    1626.8
366       4743.2    1534.2
417       4693.6    1605.8
272       4652.0    1581.8
18        4600.0    1527.8
437       4599.2    1562.8
363       4580.0    1594.6
325       4557.2    1603.2
422       4482.8    1586.2
317       4447.6    1501.0
342       4397.6    1441.8
213       4371.2    1471.4
491       4362.4    1458.2
290       4342.0    1498.8
291       4335.2    1458.8
312       4316.8    1534.6
377       4308.8    1457.4
418       4290.0    1481.2
Current: [0, 7, 10, 12, 16, 17, 18, 24, 30, 39, 43, 46, 56, 57, 62, 77, 78, 79, 84, 85, 89, 103, 122, 125, 126, 128, 135, 136, 151, 157, 168, 169, 170, 171, 172, 183, 185, 186, 187, 189, 190, 193, 197, 200, 214, 227, 230, 235, 238, 241, 248, 255, 256, 265, 270, 275, 280, 283, 287, 291, 297, 304, 312, 321, 322, 323, 326, 334, 336, 337, 339, 342, 347, 362, 364, 371, 373, 376, 383, 385, 390, 393, 401, 410, 419, 423, 425, 428, 437, 440, 441, 448, 452, 453, 458, 463, 466, 468, 472, 478, 482, 488, 507]
Subround 5
         Timestamp  TS First Frame  TS Prev Frame
Offset                                           
120     24686976.0      48095458.5       882378.0
14      24443136.0      47682240.0       871280.0
291     24336896.0      47319557.0       861836.0
429     24293760.0      47438225.5       861437.5
15      24416256.0      47296771.5       847236.0
104     24599936.0      47814831.0       841028.5
377     24317568.0      47374657.5       834836.5
246     25035776.0      48715702.0       832818.5
166     24614784.0      48107494.0       832430.5
173     24685312.0      48316718.5       828837.5
247     24325888.0      47490759.5       814925.5
389     24700160.0      48487851.5       813970.0
361     24369024.0      47533077.5       803436.5
453     24471680.0      47952033.5       802321.5
410     24394880.0      47617077.0       800857.0
348     24403584.0      47593652.0       797222.0
358     24388224.0      47677364.0       795651.5
426     24591744.0      47847649.0       793097.0
290     24413696.0      47632616.0       792963.0
371     24658432.0      48205226.0       792032.0
              Server1        Server2
Offset                              
14      448811.000000  128643.500000
47       14888.666667    4495.666667
376       5165.666667    1620.333333
366       4932.666667    1608.833333
213       4700.666667    1582.833333
290       4487.000000    1565.500000
291       4453.000000    1526.666667
491       4442.333333    1512.166667
377       4398.333333    1505.500000
363       4395.666667    1510.333333
166       4376.666667    1479.333333
151       4355.333333    1508.500000
348       4342.666667    1493.833333
254       4332.000000    1458.666667
235       4317.333333    1459.833333
91        4304.666667    1462.166667
417       4289.000000    1457.833333
123       4251.000000    1491.833333
272       4228.666667    1438.166667
437       4216.333333    1429.000000
Current: [16, 24, 30, 39, 43, 46, 62, 78, 85, 103, 125, 135, 136, 151, 168, 169, 170, 172, 183, 185, 187, 189, 197, 214, 227, 235, 238, 248, 275, 280, 287, 312, 336, 337, 339, 342, 362, 364, 371, 376, 383, 390, 419, 428, 452, 458, 463, 468, 472, 482, 488]
Subround 6
         Timestamp  TS First Frame  TS Prev Frame
Offset                                           
401     24394240.0      48383793.0       899945.0
31      24545024.0      47888994.0       897794.0
151     24401152.0      47656872.0       892730.0
437     24572416.0      47763159.0       886405.0
53      24457984.0      47771585.0       884896.0
242     24565248.0      47781727.0       884476.0
503     24851712.0      48347430.0       882221.0
120     25008640.0      48233212.0       881844.0
429     24307968.0      47386025.0       874787.0
504     24674560.0      47864363.0       867621.0
291     24337408.0      47322201.0       865974.0
329     24304128.0      47546048.0       865469.0
389     24831232.0      48854852.0       857391.0
213     24843008.0      48282927.0       856561.0
377     24391680.0      47510073.0       856249.0
314     24949504.0      48295615.0       852214.0
468     24928000.0      48591683.0       848806.0
358     24533504.0      47915813.0       846535.0
418     24501504.0      47704936.0       844499.0
341     24546048.0      47735144.0       843444.0
              Server1        Server2
Offset                              
14      432544.857143  123981.285714
47       13179.428571    3985.000000
366       4974.285714    1630.714286
376       4792.000000    1510.857143
213       4776.000000    1601.285714
377       4706.285714    1599.000000
235       4590.571429    1541.142857
291       4502.857143    1559.142857
348       4491.714286    1551.000000
151       4447.428571    1557.428571
226       4428.571429    1526.857143
352       4404.285714    1456.857143
375       4363.428571    1461.142857
254       4359.714286    1488.142857
166       4356.285714    1495.428571
123       4349.428571    1534.142857
333       4345.714286    1496.142857
290       4317.714286    1491.714286
361       4316.857143    1517.428571
417       4311.714286    1481.714286
Current: [0, 15, 16, 24, 29, 30, 31, 39, 43, 44, 46, 47, 52, 56, 61, 62, 69, 78, 79, 83, 84, 85, 89, 103, 112, 121, 122, 125, 126, 128, 135, 136, 141, 148, 151, 154, 167, 168, 169, 170, 171, 172, 177, 183, 185, 187, 189, 192, 193, 197, 200, 204, 214, 227, 230, 235, 236, 238, 248, 255, 256, 265, 275, 280, 287, 293, 297, 298, 304, 307, 312, 315, 321, 322, 323, 326, 329, 334, 336, 337, 339, 342, 357, 362, 364, 366, 371, 376, 383, 385, 390, 393, 401, 410, 414, 418, 419, 423, 425, 428, 429, 437, 440, 441, 448, 452, 453, 455, 458, 463, 464, 466, 468, 472, 475, 478, 482, 488, 492, 497, 507]
Subround 7
         Timestamp  TS First Frame  TS Prev Frame
Offset                                           
437     24623744.0      47842473.5       908104.0
401     24542464.0      48208554.0       900261.0
31      24509312.0      47760881.0       899720.0
503     24816512.0      48157060.0       890149.5
242     24526720.0      47620339.0       889920.5
53      24440704.0      47728318.0       889107.5
120     24675584.0      48016769.5       875004.0
329     24448768.0      47865643.0       872795.0
14      24334464.0      47629729.0       872091.0
418     24652544.0      47969667.5       862368.0
291     24499072.0      47483021.5       861836.0
429     24339840.0      47438225.5       861437.5
341     24628224.0      48018981.5       861300.0
468     24901376.0      48510400.5       860975.5
389     24972288.0      49015762.0       857973.5
467     24502656.0      47727873.5       855287.5
151     24592640.0      47880016.0       849077.0
6       24477952.0      47849182.5       847129.0
314     24952448.0      48563096.0       837148.5
371     24658432.0      48205226.0       835916.0
          Server1     Server2
Offset                       
14      460102.25  132062.500
47       11780.25    3569.250
366       4963.75    1646.500
235       4817.75    1607.750
377       4718.25    1615.250
437       4586.00    1561.125
352       4518.00    1511.125
361       4496.50    1587.000
151       4490.00    1571.000
291       4486.50    1539.250
376       4475.00    1415.875
213       4457.75    1496.500
254       4431.25    1526.750
371       4427.25    1524.000
272       4426.50    1534.250
417       4397.50    1524.250
348       4395.75    1511.750
186       4386.50    1490.250
166       4361.75    1510.250
375       4357.75    1457.000
Current: [16, 24, 29, 30, 31, 39, 46, 47, 52, 61, 62, 69, 79, 84, 85, 89, 103, 112, 121, 125, 126, 135, 136, 151, 154, 168, 169, 170, 171, 172, 183, 185, 187, 189, 190, 197, 214, 227, 230, 235, 238, 248, 275, 287, 298, 307, 312, 322, 323, 326, 329, 342, 366, 376, 383, 393, 410, 414, 418, 419, 423, 425, 428, 437, 448, 453, 455, 463, 464, 468, 472, 475, 482, 497, 507]
Subround 8
         Timestamp  TS First Frame  TS Prev Frame
Offset                                           
14      24503552.0      47742960.0       925530.0
162     24650496.0      47791581.0       920274.0
401     24690688.0      48321857.0       899945.0
31      24457216.0      47629900.0       899720.0
437     24572416.0      47763159.0       886405.0
53      24457984.0      47771585.0       884896.0
242     24565248.0      47781727.0       884476.0
503     24781312.0      48270728.0       882221.0
329     24570880.0      47793023.0       880121.0
429     24371712.0      47490426.0       874787.0
120     24342528.0      47800327.0       868164.0
6       24515840.0      47939986.0       867592.0
425     24347648.0      47650769.0       867156.0
291     24660736.0      47643842.0       865974.0
418     24652544.0      47969667.5       862368.0
389     24831232.0      48854852.0       858556.0
313     24549376.0      47990466.0       857342.0
371     24803968.0      48412479.5       856650.5
377     24432128.0      47510073.0       856249.0
142     24479488.0      47869798.0       851473.0
              Server1        Server2
Offset                              
14      468076.444444  134340.000000
437      17539.777778    5291.000000
47       10684.222222    3245.333333
366       4934.666667    1651.777778
235       4860.666667    1622.777778
377       4842.888889    1660.111111
352       4720.222222    1589.888889
186       4684.888889    1580.111111
151       4645.333333    1613.000000
291       4560.222222    1574.000000
371       4554.666667    1580.777778
182       4530.222222    1558.222222
361       4506.444444    1598.555556
254       4498.666667    1546.222222
417       4496.000000    1553.111111
272       4492.888889    1570.444444
18        4478.888889    1532.222222
320       4472.000000    1514.111111
280       4455.111111    1495.666667
201       4452.888889    1517.222222
Current: [24, 29, 30, 31, 39, 46, 61, 69, 103, 112, 125, 136, 154, 168, 169, 171, 185, 187, 189, 230, 248, 275, 287, 312, 323, 326, 329, 342, 393, 410, 414, 419, 423, 428, 437, 448, 455, 463, 464, 468, 472, 475, 482, 497]
Subround 9
         Timestamp  TS First Frame  TS Prev Frame
Offset                                           
14      24612224.0      47795471.0       982241.0
162     24726912.0      47858763.0       972417.5
31      24473600.0      47632768.0       897794.0
242     24702464.0      47932830.5       882146.0
179     24422400.0      47633587.5       881288.0
329     24582144.0      47845869.0       881159.5
418     24501504.0      47704936.0       880237.0
90      24817920.0      48456219.0       879344.0
429     24371712.0      47490426.0       874787.0
371     24813824.0      48330952.0       867382.0
291     24663296.0      48021177.5       861836.0
341     24495744.0      47702012.0       861300.0
142     24594304.0      48036646.0       858971.5
389     24903424.0      48841354.0       857973.5
313     24523008.0      47883715.0       857969.0
401     24762496.0      48352825.0       855994.5
467     24636672.0      47973266.0       855287.5
314     24949504.0      48295615.0       852214.0
437     24447104.0      47724916.5       847192.5
503     24784896.0      48309079.0       847132.5
         Server1   Server2
Offset                    
14      481696.6  138230.4
437      16340.2    4964.1
47        9803.8    2984.0
77        7560.2    2353.9
366       5061.6    1699.4
235       4964.2    1664.5
377       4952.6    1699.8
186       4769.6    1615.1
352       4738.4    1606.5
151       4712.2    1638.7
417       4645.0    1597.0
371       4602.2    1601.6
182       4601.0    1590.9
212       4583.8    1571.4
320       4579.6    1546.0
254       4577.0    1582.0
389       4568.4    1603.5
291       4566.8    1584.3
361       4550.6    1615.2
272       4541.2    1595.2
Current: [5, 7, 12, 16, 24, 25, 29, 30, 31, 39, 46, 52, 61, 69, 84, 85, 95, 97, 103, 104, 112, 117, 121, 125, 135, 136, 141, 154, 167, 168, 169, 171, 173, 177, 183, 185, 187, 189, 192, 193, 197, 200, 214, 230, 233, 236, 238, 242, 248, 275, 279, 282, 287, 297, 298, 312, 323, 326, 329, 336, 338, 342, 385, 392, 393, 410, 414, 416, 418, 419, 423, 427, 428, 429, 437, 440, 445, 448, 455, 463, 464, 468, 472, 475, 482, 488, 497, 508]
Subround 10
         Timestamp  TS First Frame  TS Prev Frame
Offset                                           
14      24720896.0      47847982.0      1038952.0
162     24790528.0      47925945.0      1024561.0
329     24570880.0      47880647.0       880121.0
242     24565248.0      47911471.0       879816.0
313     24549376.0      47990466.0       858596.0
291     24665856.0      48398513.0       857698.0
389     24831232.0      48827856.0       857391.0
371     24803968.0      48302449.0       856650.5
297     24651776.0      47940149.5       855493.5
142     24479488.0      47869798.0       851473.0
179     24529408.0      47852305.0       850342.0
429     24307968.0      47386025.0       848088.0
437     24623744.0      47842473.5       847192.5
418     24501504.0      47704936.0       844499.0
341     24514048.0      47735144.0       843444.0
422     24707200.0      48046413.0       841417.0
275     24887168.0      48379991.5       838304.0
238     24237568.0      47412725.0       836865.0
90      24813824.0      48296885.0       835515.0
31      24473600.0      47888994.0       830786.0
              Server1        Server2
Offset                              
14      494042.909091  141745.000000
317      19298.545455    5782.545455
437      15314.545455    4672.090909
47        9082.363636    2769.636364
77        7037.636364    2194.545455
366       4781.272727    1605.636364
235       4742.181818    1589.454545
377       4711.272727    1612.090909
417       4643.454545    1594.545455
186       4600.545455    1553.363636
272       4560.727273    1605.818182
320       4549.818182    1532.454545
363       4547.818182    1577.454545
352       4542.727273    1538.181818
353       4531.636364    1537.636364
275       4529.272727    1551.545455
201       4520.909091    1547.272727
297       4519.454545    1570.272727
361       4515.636364    1592.636364
234       4493.272727    1576.545455
Current: [12, 16, 24, 29, 30, 31, 39, 46, 52, 69, 84, 85, 95, 97, 103, 104, 117, 135, 136, 154, 171, 173, 189, 192, 200, 230, 248, 275, 287, 297, 312, 323, 326, 338, 342, 385, 393, 410, 419, 427, 429, 437, 445, 455, 463, 464, 468, 482, 488, 497, 508]
Subround 11
         Timestamp  TS First Frame  TS Prev Frame
Offset                                           
14      24612224.0      47795471.0       982241.0
162     24720512.0      47858763.0       972417.5
242     24526720.0      47846599.0       874931.0
329     24455680.0      47836835.0       872795.0
313     24552448.0      47890742.5       857969.0
389     24759040.0      48400413.0       842455.5
371     24803968.0      48302449.0       835916.0
90      24758400.0      48276909.0       834162.5
287     24506368.0      47682089.5       829292.5
341     24479744.0      47702012.0       821977.5
104     24599936.0      47762201.0       820523.0
59      24661760.0      47787924.0       819251.0
163     24438528.0      47575539.5       816279.5
101     24770176.0      48247210.5       813295.0
507     24365184.0      47720551.5       813112.0
317     24495360.0      47641025.0       811287.5
405     24788096.0      48274134.5       811152.5
275     24698880.0      47907944.0       810158.5
377     24411904.0      47562278.5       809791.5
437     24452224.0      47748152.5       807047.5
              Server1        Server2
Offset                              
14      468057.000000  134288.333333
317      18139.000000    5449.333333
437      14226.500000    4346.333333
47        8593.333333    2623.333333
77        6629.000000    2069.583333
235       4562.333333    1527.250000
366       4550.333333    1528.583333
377       4495.333333    1533.666667
361       4455.833333    1560.083333
417       4424.500000    1518.500000
352       4392.166667    1485.666667
186       4389.833333    1480.500000
363       4379.500000    1516.166667
272       4370.666667    1535.083333
320       4353.333333    1466.916667
275       4338.000000    1485.416667
353       4331.166667    1468.333333
297       4323.666667    1499.583333
201       4302.833333    1472.250000
151       4298.166667    1489.333333
Current: [16, 29, 30, 31, 39, 52, 84, 97, 103, 136, 154, 171, 173, 189, 192, 230, 248, 275, 287, 297, 323, 326, 338, 385, 393, 427, 429, 437, 445, 463, 464, 468, 482, 488, 497, 508]
Subround 12
         Timestamp  TS First Frame  TS Prev Frame
Offset                                           
14      24503552.0      47742960.0       925530.0
162     24650496.0      47791581.0       920274.0
242     24488192.0      47781727.0       870046.0
329     24340480.0      47793023.0       865469.0
313     24549376.0      47791019.0       857342.0
90      24702976.0      48256933.0       832810.0
287     24464128.0      47622890.0       828802.0
389     24686848.0      47972970.0       827520.0
371     24794112.0      48273946.0       825913.0
59      24652288.0      47712778.0       818796.0
104     24548864.0      47734607.0       817622.0
317     24427264.0      47478187.0       811215.0
101     24723968.0      48233377.0       810358.0
377     24391680.0      47532553.0       806159.0
437     24332032.0      47733146.0       806115.0
507     24394496.0      47887377.0       805175.0
341     24445440.0      47668880.0       800511.0
405     24778752.0      48107715.0       799541.0
275     24541184.0      47744551.0       792928.0
314     24482560.0      48104728.0       789483.0
              Server1        Server2
Offset                              
14      448960.615385  128803.769231
317      16924.615385    5088.153846
437      13302.923077    4071.538462
47        8085.846154    2473.153846
77        6250.000000    1957.615385
377       4420.923077    1499.769231
313       4412.923077    1487.000000
366       4376.307692    1470.923077
235       4370.000000    1461.769231
361       4291.846154    1497.000000
272       4286.461538    1498.307692
352       4237.230769    1431.076923
417       4229.076923    1449.769231
186       4218.461538    1421.769231
363       4214.923077    1455.153846
275       4191.692308    1434.076923
320       4161.846154    1401.000000
201       4147.230769    1418.538462
353       4144.000000    1403.538462
297       4134.461538    1431.000000
Current: [29, 30, 31, 39, 52, 103, 136, 154, 171, 230, 275, 287, 323, 326, 338, 393, 437, 463, 464, 468, 482, 508]
Subround 13
         Timestamp  TS First Frame  TS Prev Frame
Offset                                           
329     24440448.0      47669535.5       847362.0
371     24712960.0      48176723.0       835916.0
14      24426752.0      47697450.0       815380.0
314     24497280.0      47852007.0       805783.0
385     24816000.0      48384956.5       799424.0
389     24673024.0      48118504.0       799034.5
59      24569600.0      47690444.0       790776.0
422     24518144.0      47598865.0       790563.0
426     24568832.0      47650009.5       787793.5
186     24390144.0      47769605.5       787310.0
377     24325888.0      47521313.0       784201.5
359     24420992.0      47542381.0       782866.5
291     24629120.0      47550677.5       781338.0
90      24684928.0      48137559.0       779761.5
429     24261888.0      47438225.5       778302.0
275     24450432.0      47646881.5       776788.0
142     24478208.0      47767815.5       774376.5
297     24486016.0      47897583.5       773806.0
287     24432512.0      47494128.0       764344.5
289     24610560.0      47983095.0       763630.0
              Server1        Server2
Offset                              
14      429641.000000  123261.000000
317      15934.571429    4792.428571
437      12574.000000    3857.214286
47        7844.142857    2410.857143
77        6188.857143    1946.285714
366       4478.571429    1511.857143
377       4447.428571    1517.285714
235       4425.857143    1492.928571
352       4421.000000    1489.214286
361       4404.285714    1539.571429
201       4335.714286    1476.357143
186       4332.857143    1468.428571
297       4264.142857    1479.857143
313       4260.285714    1435.642857
234       4213.571429    1477.142857
320       4175.428571    1408.214286
353       4174.142857    1423.214286
151       4166.571429    1445.642857
182       4131.428571    1423.142857
272       4124.428571    1438.142857
Current: [5, 7, 14, 24, 29, 30, 31, 39, 52, 69, 103, 154, 171, 189, 230, 248, 275, 283, 287, 291, 297, 298, 312, 323, 326, 337, 338, 362, 393, 410, 414, 419, 423, 437, 455, 463, 464, 468, 473, 482, 508]
Subround 14
         Timestamp  TS First Frame  TS Prev Frame
Offset                                           
14      24503552.0      47742960.0       925530.0
162     24514560.0      47690921.0       920274.0
242     24488192.0      47713245.0       870046.0
329     24540416.0      47793023.0       865469.0
297     24489472.0      47902900.0       833409.0
90      24702976.0      48256933.0       832810.0
291     24660736.0      47643842.0       830048.0
371     24631808.0      48079500.0       825913.0
314     24512000.0      48104728.0       822083.0
59      24486912.0      47668110.0       818796.0
385     24836864.0      48420453.0       817726.0
422     24486656.0      47578339.0       816627.0
426     24592128.0      47603689.0       815508.0
317     24427264.0      47478187.0       811215.0
486     24778496.0      48400152.0       810228.0
437     24452224.0      47748152.5       807047.5
377     24391680.0      47532553.0       806159.0
507     24394496.0      47887377.0       805175.0
429     24247296.0      47386025.0       801902.0
341     24445440.0      47668880.0       800511.0
              Server1        Server2
Offset                              
14      442397.600000  126925.800000
317      15246.400000    4596.933333
437      12071.866667    3720.133333
47        7452.533333    2293.666667
427       6389.333333    1982.333333
77        6075.066667    1927.000000
377       4425.066667    1518.600000
352       4408.533333    1481.066667
201       4383.733333    1489.400000
361       4364.533333    1521.333333
235       4336.133333    1464.666667
366       4329.200000    1460.866667
186       4288.933333    1447.266667
234       4281.466667    1494.933333
297       4278.400000    1490.133333
320       4224.933333    1433.133333
353       4219.733333    1444.533333
283       4193.466667    1409.600000
151       4193.066667    1454.266667
291       4190.800000    1442.933333
Current: [7, 29, 30, 31, 39, 69, 103, 136, 171, 189, 230, 248, 275, 283, 287, 297, 323, 326, 337, 338, 393, 419, 437, 463, 464, 473, 482, 508]
Subround 15
         Timestamp  TS First Frame  TS Prev Frame
Offset                                           
162     24356992.0      47687219.0       916716.0
14      24426752.0      47697450.0       909676.0
329     24440448.0      47669535.5       847362.0
163     24404480.0      47484211.0       816279.5
507     24398336.0      47720551.5       813112.0
341     24479744.0      47702012.0       811319.0
314     24497280.0      47914561.0       805783.0
385     24816000.0      48384956.5       799424.0
242     24419840.0      47713218.0       795380.5
59      24480512.0      47662118.5       790776.0
422     24472448.0      47486685.0       790563.0
426     24539520.0      47541437.5       787793.5
481     24783872.0      48180569.5       786714.0
377     24411904.0      47562278.5       784201.5
371     24577280.0      48077066.5       782029.0
90      24684928.0      48137559.0       779761.5
429     24231552.0      47346293.5       778302.0
275     24404864.0      47592870.0       776788.0
297     24486016.0      47897583.5       773806.0
31      24457216.0      47760881.0       771045.5
           Server1      Server2
Offset                         
14      443552.625  127250.1250
317      14680.750    4436.3750
437      11476.250    3541.6875
47        7120.125    2195.3125
464       6210.875    1981.9375
427       6133.500    1904.7500
215       6060.250    1957.8750
77        5898.125    1871.1250
377       4379.375    1499.8125
201       4357.500    1475.0625
352       4293.750    1441.0000
235       4256.250    1435.6875
272       4254.375    1491.4375
283       4254.250    1446.5000
361       4225.375    1471.8125
417       4187.750    1434.6875
405       4177.250    1419.5625
297       4165.000    1449.3750
366       4161.500    1405.6875
363       4158.250    1425.7500
Current: [29, 31, 39, 103, 136, 171, 189, 230, 275, 287, 297, 326, 337, 338, 393, 437, 463, 464, 473, 482]
         Timestamp  TS First Frame  TS Prev Frame
Offset                                           
162     24356992.0      47687219.0       916716.0
14      24426752.0      47697450.0       909676.0
329     24440448.0      47669535.5       847362.0
163     24404480.0      47484211.0       816279.5
507     24398336.0      47720551.5       813112.0
341     24479744.0      47702012.0       811319.0
314     24497280.0      47914561.0       805783.0
385     24816000.0      48384956.5       799424.0
242     24419840.0      47713218.0       795380.5
59      24480512.0      47662118.5       790776.0
422     24472448.0      47486685.0       790563.0
426     24539520.0      47541437.5       787793.5
481     24783872.0      48180569.5       786714.0
377     24411904.0      47562278.5       784201.5
371     24577280.0      48077066.5       782029.0
90      24684928.0      48137559.0       779761.5
429     24231552.0      47346293.5       778302.0
275     24404864.0      47592870.0       776788.0
297     24486016.0      47897583.5       773806.0
31      24457216.0      47760881.0       771045.5
           Server1      Server2
Offset                         
14      443552.625  127250.1250
317      14680.750    4436.3750
437      11476.250    3541.6875
47        7120.125    2195.3125
464       6210.875    1981.9375
427       6133.500    1904.7500
215       6060.250    1957.8750
77        5898.125    1871.1250
377       4379.375    1499.8125
201       4357.500    1475.0625
352       4293.750    1441.0000
235       4256.250    1435.6875
272       4254.375    1491.4375
283       4254.250    1446.5000
361       4225.375    1471.8125
417       4187.750    1434.6875
405       4177.250    1419.5625
297       4165.000    1449.3750
366       4161.500    1405.6875
363       4158.250    1425.7500
New pairs
[[287, 39], [337, 230], [103, 29], [463, 136], [171, 473], [482, 31], [464, 437], [326, 275], [297, 338], [393, 189]]
Round 1
Subround 0
         Timestamp  TS First Frame  TS Prev Frame
Offset                                           
162     24356992.0      47687219.0       916716.0
14      24426752.0      47697450.0       909676.0
329     24440448.0      47669535.5       847362.0
163     24404480.0      47484211.0       816279.5
507     24398336.0      47720551.5       813112.0
341     24479744.0      47702012.0       811319.0
314     24497280.0      47914561.0       805783.0
385     24816000.0      48384956.5       799424.0
242     24419840.0      47713218.0       795380.5
59      24480512.0      47662118.5       790776.0
422     24472448.0      47486685.0       790563.0
426     24539520.0      47541437.5       787793.5
481     24783872.0      48180569.5       786714.0
377     24411904.0      47562278.5       784201.5
371     24577280.0      48077066.5       782029.0
90      24684928.0      48137559.0       779761.5
429     24231552.0      47346293.5       778302.0
275     24404864.0      47592870.0       776788.0
297     24486016.0      47897583.5       773806.0
272     24600576.0      47745468.5       769313.5
              Server1        Server2
Offset                              
14      443552.625000  127250.125000
317      14680.750000    4436.375000
437      10908.235294    3368.941176
47        7120.125000    2195.312500
427       6133.500000    1904.750000
215       6060.250000    1957.875000
464       5970.470588    1907.294118
77        5898.125000    1871.125000
377       4379.375000    1499.812500
201       4357.500000    1475.062500
352       4293.750000    1441.000000
235       4256.250000    1435.687500
272       4254.375000    1491.437500
283       4254.250000    1446.500000
361       4225.375000    1471.812500
417       4187.750000    1434.687500
297       4187.647059    1461.529412
405       4177.250000    1419.562500
366       4161.500000    1405.687500
363       4158.250000    1425.750000
Current: [103, 171, 230, 287, 463, 464, 482]
Subround 1
         Timestamp  TS First Frame  TS Prev Frame
Offset                                           
162     24356992.0      47687219.0       916716.0
14      24426752.0      47697450.0       909676.0
329     24440448.0      47669535.5       847362.0
163     24404480.0      47484211.0       816279.5
507     24398336.0      47720551.5       813112.0
341     24479744.0      47702012.0       811319.0
314     24497280.0      47914561.0       805783.0
385     24816000.0      48384956.5       799424.0
242     24419840.0      47713218.0       795380.5
59      24480512.0      47662118.5       790776.0
422     24472448.0      47486685.0       790563.0
426     24539520.0      47541437.5       787793.5
481     24783872.0      48180569.5       786714.0
377     24411904.0      47562278.5       784201.5
371     24577280.0      48077066.5       782029.0
90      24684928.0      48137559.0       779761.5
429     24231552.0      47346293.5       778302.0
272     24600576.0      47745468.5       769313.5
291     24629120.0      47628701.5       767513.0
275     24450048.0      47636528.0       760648.0
              Server1        Server2
Offset                              
14      443552.625000  127250.125000
317      14680.750000    4436.375000
437      10604.222222    3290.833333
47        7120.125000    2195.312500
427       6133.500000    1904.750000
215       6060.250000    1957.875000
464       5902.111111    1899.055556
77        5898.125000    1871.125000
377       4379.375000    1499.812500
201       4357.500000    1475.062500
352       4293.750000    1441.000000
235       4256.250000    1435.687500
272       4254.375000    1491.437500
283       4254.250000    1446.500000
361       4225.375000    1471.812500
417       4187.750000    1434.687500
405       4177.250000    1419.562500
366       4161.500000    1405.687500
363       4158.250000    1425.750000
186       4158.000000    1402.375000
Current: [171, 189, 230, 275, 287, 297, 463, 464, 482]
Subround 2
         Timestamp  TS First Frame  TS Prev Frame
Offset                                           
162     24356992.0      47687219.0       916716.0
14      24426752.0      47697450.0       909676.0
329     24440448.0      47669535.5       847362.0
163     24404480.0      47484211.0       816279.5
507     24398336.0      47720551.5       813112.0
341     24479744.0      47702012.0       811319.0
314     24497280.0      47914561.0       805783.0
385     24816000.0      48384956.5       799424.0
242     24419840.0      47713218.0       795380.5
59      24480512.0      47662118.5       790776.0
422     24472448.0      47486685.0       790563.0
426     24539520.0      47541437.5       787793.5
481     24783872.0      48180569.5       786714.0
377     24411904.0      47562278.5       784201.5
371     24577280.0      48077066.5       782029.0
90      24684928.0      48137559.0       779761.5
429     24231552.0      47346293.5       778302.0
272     24600576.0      47745468.5       769313.5
291     24629120.0      47628701.5       767513.0
275     24359680.0      47636528.0       759949.0
              Server1        Server2
Offset                              
14      443552.625000  127250.125000
317      14680.750000    4436.375000
437      10149.157895    3152.842105
47        7120.125000    2195.312500
427       6133.500000    1904.750000
215       6060.250000    1957.875000
77        5898.125000    1871.125000
464       5701.894737    1836.368421
377       4379.375000    1499.812500
201       4357.500000    1475.062500
352       4293.750000    1441.000000
235       4256.250000    1435.687500
272       4254.375000    1491.437500
283       4254.250000    1446.500000
361       4225.375000    1471.812500
417       4187.750000    1434.687500
405       4177.250000    1419.562500
366       4161.500000    1405.687500
363       4158.250000    1425.750000
186       4158.000000    1402.375000
Current: [171, 230, 287, 297, 463]
Subround 3
         Timestamp  TS First Frame  TS Prev Frame
Offset                                           
162     24356992.0      47687219.0       916716.0
14      24426752.0      47697450.0       909676.0
329     24440448.0      47669535.5       847362.0
163     24404480.0      47484211.0       816279.5
507     24398336.0      47720551.5       813112.0
341     24479744.0      47702012.0       811319.0
314     24497280.0      47914561.0       805783.0
385     24816000.0      48384956.5       799424.0
242     24419840.0      47713218.0       795380.5
59      24480512.0      47662118.5       790776.0
422     24472448.0      47486685.0       790563.0
426     24539520.0      47541437.5       787793.5
481     24783872.0      48180569.5       786714.0
377     24411904.0      47562278.5       784201.5
371     24577280.0      48077066.5       782029.0
90      24684928.0      48137559.0       779761.5
429     24231552.0      47346293.5       778302.0
272     24600576.0      47745468.5       769313.5
291     24629120.0      47628701.5       767513.0
197     24711936.0      48330501.5       759759.5
           Server1      Server2
Offset                         
14      443552.625  127250.1250
317      14680.750    4436.3750
437       9807.100    3047.2500
47        7120.125    2195.3125
427       6133.500    1904.7500
215       6060.250    1957.8750
77        5898.125    1871.1250
464       5513.500    1777.0500
377       4379.375    1499.8125
201       4357.500    1475.0625
352       4293.750    1441.0000
235       4256.250    1435.6875
272       4254.375    1491.4375
283       4254.250    1446.5000
361       4225.375    1471.8125
417       4187.750    1434.6875
405       4177.250    1419.5625
366       4161.500    1405.6875
363       4158.250    1425.7500
186       4158.000    1402.3750
Current: [103, 171, 230, 287, 326, 437, 463, 482]
Subround 4
         Timestamp  TS First Frame  TS Prev Frame
Offset                                           
162     24356992.0      47687219.0       916716.0
14      24426752.0      47697450.0       909676.0
329     24440448.0      47669535.5       847362.0
163     24404480.0      47484211.0       816279.5
507     24398336.0      47720551.5       813112.0
341     24479744.0      47702012.0       811319.0
314     24497280.0      47914561.0       805783.0
385     24816000.0      48384956.5       799424.0
242     24419840.0      47713218.0       795380.5
59      24480512.0      47662118.5       790776.0
422     24472448.0      47486685.0       790563.0
426     24539520.0      47541437.5       787793.5
481     24783872.0      48180569.5       786714.0
377     24411904.0      47562278.5       784201.5
371     24577280.0      48077066.5       782029.0
90      24684928.0      48137559.0       779761.5
429     24231552.0      47346293.5       778302.0
272     24600576.0      47745468.5       769313.5
291     24629120.0      47628701.5       767513.0
197     24711936.0      48330501.5       759759.5
              Server1        Server2
Offset                              
14      443552.625000  127250.125000
317      14680.750000    4436.375000
437       9454.190476    2938.285714
47        7120.125000    2195.312500
427       6133.500000    1904.750000
215       6060.250000    1957.875000
77        5898.125000    1871.125000
464       5353.619048    1729.428571
377       4379.375000    1499.812500
201       4357.500000    1475.062500
352       4293.750000    1441.000000
235       4256.250000    1435.687500
272       4254.375000    1491.437500
283       4254.250000    1446.500000
361       4225.375000    1471.812500
417       4187.750000    1434.687500
405       4177.250000    1419.562500
366       4161.500000    1405.687500
363       4158.250000    1425.750000
186       4158.000000    1402.375000
Current: [171, 230, 326, 437, 463, 482]
Subround 5
         Timestamp  TS First Frame  TS Prev Frame
Offset                                           
162     24356992.0      47687219.0       916716.0
14      24426752.0      47697450.0       909676.0
329     24440448.0      47669535.5       847362.0
163     24404480.0      47484211.0       816279.5
507     24398336.0      47720551.5       813112.0
341     24479744.0      47702012.0       811319.0
314     24497280.0      47914561.0       805783.0
385     24816000.0      48384956.5       799424.0
242     24419840.0      47713218.0       795380.5
59      24480512.0      47662118.5       790776.0
422     24472448.0      47486685.0       790563.0
426     24539520.0      47541437.5       787793.5
481     24783872.0      48180569.5       786714.0
377     24411904.0      47562278.5       784201.5
371     24577280.0      48077066.5       782029.0
90      24684928.0      48137559.0       779761.5
429     24231552.0      47346293.5       778302.0
272     24600576.0      47745468.5       769313.5
291     24629120.0      47628701.5       767513.0
197     24711936.0      48330501.5       759759.5
              Server1        Server2
Offset                              
14      443552.625000  127250.125000
317      14680.750000    4436.375000
437       9266.363636    2890.363636
47        7120.125000    2195.312500
427       6133.500000    1904.750000
215       6060.250000    1957.875000
77        5898.125000    1871.125000
464       5287.090909    1717.090909
377       4379.375000    1499.812500
201       4357.500000    1475.062500
352       4293.750000    1441.000000
235       4256.250000    1435.687500
272       4254.375000    1491.437500
283       4254.250000    1446.500000
361       4225.375000    1471.812500
417       4187.750000    1434.687500
405       4177.250000    1419.562500
366       4161.500000    1405.687500
363       4158.250000    1425.750000
186       4158.000000    1402.375000
Current: [326, 437, 463, 482]
Subround 6
         Timestamp  TS First Frame  TS Prev Frame
Offset                                           
162     24356992.0      47687219.0       916716.0
14      24426752.0      47697450.0       909676.0
329     24440448.0      47669535.5       847362.0
163     24404480.0      47484211.0       816279.5
507     24398336.0      47720551.5       813112.0
341     24479744.0      47702012.0       811319.0
314     24497280.0      47914561.0       805783.0
385     24816000.0      48384956.5       799424.0
242     24419840.0      47713218.0       795380.5
59      24480512.0      47662118.5       790776.0
422     24472448.0      47486685.0       790563.0
426     24539520.0      47541437.5       787793.5
481     24783872.0      48180569.5       786714.0
377     24411904.0      47562278.5       784201.5
371     24577280.0      48077066.5       782029.0
90      24684928.0      48137559.0       779761.5
429     24231552.0      47346293.5       778302.0
272     24600576.0      47745468.5       769313.5
291     24629120.0      47628701.5       767513.0
197     24711936.0      48330501.5       759759.5
              Server1        Server2
Offset                              
14      443552.625000  127250.125000
317      14680.750000    4436.375000
437       8974.086957    2801.173913
47        7120.125000    2195.312500
427       6133.500000    1904.750000
215       6060.250000    1957.875000
77        5898.125000    1871.125000
464       5149.478261    1673.434783
377       4379.375000    1499.812500
201       4357.500000    1475.062500
352       4293.750000    1441.000000
235       4256.250000    1435.687500
272       4254.375000    1491.437500
283       4254.250000    1446.500000
361       4225.375000    1471.812500
417       4187.750000    1434.687500
405       4177.250000    1419.562500
366       4161.500000    1405.687500
363       4158.250000    1425.750000
186       4158.000000    1402.375000
Current: [230, 326, 437, 463, 482]
Subround 7
         Timestamp  TS First Frame  TS Prev Frame
Offset                                           
162     24356992.0      47687219.0       916716.0
14      24426752.0      47697450.0       909676.0
329     24440448.0      47669535.5       847362.0
163     24404480.0      47484211.0       816279.5
507     24398336.0      47720551.5       813112.0
341     24479744.0      47702012.0       811319.0
314     24497280.0      47914561.0       805783.0
385     24816000.0      48384956.5       799424.0
242     24419840.0      47713218.0       795380.5
59      24480512.0      47662118.5       790776.0
422     24472448.0      47486685.0       790563.0
426     24539520.0      47541437.5       787793.5
481     24783872.0      48180569.5       786714.0
377     24411904.0      47562278.5       784201.5
371     24577280.0      48077066.5       782029.0
90      24684928.0      48137559.0       779761.5
429     24231552.0      47346293.5       778302.0
272     24600576.0      47745468.5       769313.5
291     24629120.0      47628701.5       767513.0
197     24711936.0      48330501.5       759759.5
              Server1        Server2
Offset                              
14      443552.625000  127250.125000
317      14680.750000    4436.375000
437       8804.916667    2755.083333
47        7120.125000    2195.312500
427       6133.500000    1904.750000
215       6060.250000    1957.875000
77        5898.125000    1871.125000
464       5097.666667    1669.416667
377       4379.375000    1499.812500
201       4357.500000    1475.062500
352       4293.750000    1441.000000
235       4256.250000    1435.687500
272       4254.375000    1491.437500
283       4254.250000    1446.500000
361       4225.375000    1471.812500
417       4187.750000    1434.687500
405       4177.250000    1419.562500
366       4161.500000    1405.687500
363       4158.250000    1425.750000
186       4158.000000    1402.375000
Current: [230, 326, 437, 463, 482]
Subround 8
         Timestamp  TS First Frame  TS Prev Frame
Offset                                           
162     24356992.0      47687219.0       916716.0
14      24426752.0      47697450.0       909676.0
329     24440448.0      47669535.5       847362.0
163     24404480.0      47484211.0       816279.5
507     24398336.0      47720551.5       813112.0
341     24479744.0      47702012.0       811319.0
314     24497280.0      47914561.0       805783.0
385     24816000.0      48384956.5       799424.0
242     24419840.0      47713218.0       795380.5
59      24480512.0      47662118.5       790776.0
422     24472448.0      47486685.0       790563.0
426     24539520.0      47541437.5       787793.5
481     24783872.0      48180569.5       786714.0
377     24411904.0      47562278.5       784201.5
371     24577280.0      48077066.5       782029.0
90      24684928.0      48137559.0       779761.5
429     24231552.0      47346293.5       778302.0
272     24600576.0      47745468.5       769313.5
291     24629120.0      47628701.5       767513.0
197     24711936.0      48330501.5       759759.5
           Server1      Server2
Offset                         
14      443552.625  127250.1250
317      14680.750    4436.3750
437       8526.160    2669.5600
47        7120.125    2195.3125
427       6133.500    1904.7500
215       6060.250    1957.8750
77        5898.125    1871.1250
464       4974.240    1628.5600
377       4379.375    1499.8125
201       4357.500    1475.0625
352       4293.750    1441.0000
235       4256.250    1435.6875
272       4254.375    1491.4375
283       4254.250    1446.5000
361       4225.375    1471.8125
417       4187.750    1434.6875
405       4177.250    1419.5625
366       4161.500    1405.6875
363       4158.250    1425.7500
186       4158.000    1402.3750
Current: [326, 437, 482]
Subround 9
         Timestamp  TS First Frame  TS Prev Frame
Offset                                           
162     24356992.0      47687219.0       916716.0
14      24426752.0      47697450.0       909676.0
329     24440448.0      47669535.5       847362.0
163     24404480.0      47484211.0       816279.5
507     24398336.0      47720551.5       813112.0
341     24479744.0      47702012.0       811319.0
314     24497280.0      47914561.0       805783.0
385     24816000.0      48384956.5       799424.0
242     24419840.0      47713218.0       795380.5
59      24480512.0      47662118.5       790776.0
422     24472448.0      47486685.0       790563.0
426     24539520.0      47541437.5       787793.5
481     24783872.0      48180569.5       786714.0
377     24411904.0      47562278.5       784201.5
371     24577280.0      48077066.5       782029.0
90      24684928.0      48137559.0       779761.5
429     24231552.0      47346293.5       778302.0
272     24600576.0      47745468.5       769313.5
291     24629120.0      47628701.5       767513.0
197     24711936.0      48330501.5       759759.5
              Server1        Server2
Offset                              
14      443552.625000  127250.125000
317      14680.750000    4436.375000
437       8418.538462    2643.538462
47        7120.125000    2195.312500
427       6133.500000    1904.750000
215       6060.250000    1957.875000
77        5898.125000    1871.125000
464       4985.076923    1643.269231
377       4379.375000    1499.812500
201       4357.500000    1475.062500
352       4293.750000    1441.000000
235       4256.250000    1435.687500
272       4254.375000    1491.437500
283       4254.250000    1446.500000
361       4225.375000    1471.812500
417       4187.750000    1434.687500
405       4177.250000    1419.562500
366       4161.500000    1405.687500
363       4158.250000    1425.750000
186       4158.000000    1402.375000
Current: [230, 326, 437, 463, 482]
Subround 10
         Timestamp  TS First Frame  TS Prev Frame
Offset                                           
162     24356992.0      47687219.0       916716.0
14      24426752.0      47697450.0       909676.0
329     24440448.0      47669535.5       847362.0
163     24404480.0      47484211.0       816279.5
507     24398336.0      47720551.5       813112.0
341     24479744.0      47702012.0       811319.0
314     24497280.0      47914561.0       805783.0
385     24816000.0      48384956.5       799424.0
242     24419840.0      47713218.0       795380.5
59      24480512.0      47662118.5       790776.0
422     24472448.0      47486685.0       790563.0
426     24539520.0      47541437.5       787793.5
481     24783872.0      48180569.5       786714.0
377     24411904.0      47562278.5       784201.5
371     24577280.0      48077066.5       782029.0
90      24684928.0      48137559.0       779761.5
429     24231552.0      47346293.5       778302.0
272     24600576.0      47745468.5       769313.5
291     24629120.0      47628701.5       767513.0
197     24711936.0      48330501.5       759759.5
              Server1        Server2
Offset                              
14      443552.625000  127250.125000
317      14680.750000    4436.375000
437       8202.370370    2576.888889
47        7120.125000    2195.312500
427       6133.500000    1904.750000
215       6060.250000    1957.875000
77        5898.125000    1871.125000
464       4869.481481    1606.000000
377       4379.375000    1499.812500
201       4357.500000    1475.062500
352       4293.750000    1441.000000
235       4256.250000    1435.687500
272       4254.375000    1491.437500
283       4254.250000    1446.500000
361       4225.375000    1471.812500
417       4187.750000    1434.687500
405       4177.250000    1419.562500
366       4161.500000    1405.687500
363       4158.250000    1425.750000
186       4158.000000    1402.375000
Current: [230, 326, 437, 482]
Subround 11
         Timestamp  TS First Frame  TS Prev Frame
Offset                                           
162     24356992.0      47687219.0       916716.0
14      24426752.0      47697450.0       909676.0
329     24440448.0      47669535.5       847362.0
163     24404480.0      47484211.0       816279.5
507     24398336.0      47720551.5       813112.0
341     24479744.0      47702012.0       811319.0
314     24497280.0      47914561.0       805783.0
385     24816000.0      48384956.5       799424.0
242     24419840.0      47713218.0       795380.5
59      24480512.0      47662118.5       790776.0
422     24472448.0      47486685.0       790563.0
426     24539520.0      47541437.5       787793.5
481     24783872.0      48180569.5       786714.0
377     24411904.0      47562278.5       784201.5
371     24577280.0      48077066.5       782029.0
90      24684928.0      48137559.0       779761.5
429     24231552.0      47346293.5       778302.0
272     24600576.0      47745468.5       769313.5
291     24629120.0      47628701.5       767513.0
197     24711936.0      48330501.5       759759.5
              Server1        Server2
Offset                              
14      443552.625000  127250.125000
317      14680.750000    4436.375000
437       7988.357143    2510.642857
47        7120.125000    2195.312500
427       6133.500000    1904.750000
215       6060.250000    1957.875000
77        5898.125000    1871.125000
464       4801.285714    1581.071429
377       4379.375000    1499.812500
201       4357.500000    1475.062500
352       4293.750000    1441.000000
235       4256.250000    1435.687500
272       4254.375000    1491.437500
283       4254.250000    1446.500000
361       4225.375000    1471.812500
417       4187.750000    1434.687500
405       4177.250000    1419.562500
366       4161.500000    1405.687500
363       4158.250000    1425.750000
186       4158.000000    1402.375000
Current: [326, 437, 482]
Subround 12
         Timestamp  TS First Frame  TS Prev Frame
Offset                                           
162     24356992.0      47687219.0       916716.0
14      24426752.0      47697450.0       909676.0
329     24440448.0      47669535.5       847362.0
163     24404480.0      47484211.0       816279.5
507     24398336.0      47720551.5       813112.0
341     24479744.0      47702012.0       811319.0
314     24497280.0      47914561.0       805783.0
385     24816000.0      48384956.5       799424.0
242     24419840.0      47713218.0       795380.5
59      24480512.0      47662118.5       790776.0
422     24472448.0      47486685.0       790563.0
426     24539520.0      47541437.5       787793.5
481     24783872.0      48180569.5       786714.0
377     24411904.0      47562278.5       784201.5
371     24577280.0      48077066.5       782029.0
90      24684928.0      48137559.0       779761.5
429     24231552.0      47346293.5       778302.0
272     24600576.0      47745468.5       769313.5
291     24629120.0      47628701.5       767513.0
197     24711936.0      48330501.5       759759.5
              Server1        Server2
Offset                              
14      443552.625000  127250.125000
317      14680.750000    4436.375000
437       7836.758621    2462.275862
47        7120.125000    2195.312500
427       6133.500000    1904.750000
215       6060.250000    1957.875000
77        5898.125000    1871.125000
464       4744.137931    1561.482759
377       4379.375000    1499.812500
201       4357.500000    1475.062500
352       4293.750000    1441.000000
235       4256.250000    1435.687500
272       4254.375000    1491.437500
283       4254.250000    1446.500000
361       4225.375000    1471.812500
417       4187.750000    1434.687500
405       4177.250000    1419.562500
366       4161.500000    1405.687500
363       4158.250000    1425.750000
186       4158.000000    1402.375000
Current: [437]
Subround 13
         Timestamp  TS First Frame  TS Prev Frame
Offset                                           
162     24356992.0      47687219.0       916716.0
14      24426752.0      47697450.0       909676.0
329     24440448.0      47669535.5       847362.0
163     24404480.0      47484211.0       816279.5
507     24398336.0      47720551.5       813112.0
341     24479744.0      47702012.0       811319.0
314     24497280.0      47914561.0       805783.0
385     24816000.0      48384956.5       799424.0
242     24419840.0      47713218.0       795380.5
59      24480512.0      47662118.5       790776.0
422     24472448.0      47486685.0       790563.0
426     24539520.0      47541437.5       787793.5
481     24783872.0      48180569.5       786714.0
377     24411904.0      47562278.5       784201.5
371     24577280.0      48077066.5       782029.0
90      24684928.0      48137559.0       779761.5
429     24231552.0      47346293.5       778302.0
272     24600576.0      47745468.5       769313.5
291     24629120.0      47628701.5       767513.0
197     24711936.0      48330501.5       759759.5
              Server1        Server2
Offset                              
14      443552.625000  127250.125000
317      14680.750000    4436.375000
437       7746.933333    2437.566667
47        7120.125000    2195.312500
427       6133.500000    1904.750000
215       6060.250000    1957.875000
77        5898.125000    1871.125000
464       4772.466667    1574.533333
377       4379.375000    1499.812500
201       4357.500000    1475.062500
352       4293.750000    1441.000000
235       4256.250000    1435.687500
272       4254.375000    1491.437500
283       4254.250000    1446.500000
361       4225.375000    1471.812500
417       4187.750000    1434.687500
405       4177.250000    1419.562500
366       4161.500000    1405.687500
363       4158.250000    1425.750000
186       4158.000000    1402.375000
Current: [437]
Subround 14
         Timestamp  TS First Frame  TS Prev Frame
Offset                                           
162     24356992.0      47687219.0       916716.0
14      24426752.0      47697450.0       909676.0
329     24440448.0      47669535.5       847362.0
163     24404480.0      47484211.0       816279.5
507     24398336.0      47720551.5       813112.0
341     24479744.0      47702012.0       811319.0
314     24497280.0      47914561.0       805783.0
385     24816000.0      48384956.5       799424.0
242     24419840.0      47713218.0       795380.5
59      24480512.0      47662118.5       790776.0
422     24472448.0      47486685.0       790563.0
426     24539520.0      47541437.5       787793.5
481     24783872.0      48180569.5       786714.0
377     24411904.0      47562278.5       784201.5
371     24577280.0      48077066.5       782029.0
90      24684928.0      48137559.0       779761.5
429     24231552.0      47346293.5       778302.0
272     24600576.0      47745468.5       769313.5
291     24629120.0      47628701.5       767513.0
197     24711936.0      48330501.5       759759.5
              Server1        Server2
Offset                              
14      443552.625000  127250.125000
317      14680.750000    4436.375000
437       7571.806452    2383.516129
47        7120.125000    2195.312500
427       6133.500000    1904.750000
215       6060.250000    1957.875000
77        5898.125000    1871.125000
464       4681.161290    1544.548387
377       4379.375000    1499.812500
201       4357.500000    1475.062500
352       4293.750000    1441.000000
235       4256.250000    1435.687500
272       4254.375000    1491.437500
283       4254.250000    1446.500000
361       4225.375000    1471.812500
417       4187.750000    1434.687500
405       4177.250000    1419.562500
366       4161.500000    1405.687500
363       4158.250000    1425.750000
186       4158.000000    1402.375000
Current: [326, 437, 482]
Subround 15
         Timestamp  TS First Frame  TS Prev Frame
Offset                                           
162     24356992.0      47687219.0       916716.0
14      24426752.0      47697450.0       909676.0
329     24440448.0      47669535.5       847362.0
163     24404480.0      47484211.0       816279.5
507     24398336.0      47720551.5       813112.0
341     24479744.0      47702012.0       811319.0
314     24497280.0      47914561.0       805783.0
385     24816000.0      48384956.5       799424.0
242     24419840.0      47713218.0       795380.5
59      24480512.0      47662118.5       790776.0
422     24472448.0      47486685.0       790563.0
426     24539520.0      47541437.5       787793.5
481     24783872.0      48180569.5       786714.0
377     24411904.0      47562278.5       784201.5
371     24577280.0      48077066.5       782029.0
90      24684928.0      48137559.0       779761.5
429     24231552.0      47346293.5       778302.0
272     24600576.0      47745468.5       769313.5
291     24629120.0      47628701.5       767513.0
197     24711936.0      48330501.5       759759.5
            Server1       Server2
Offset                           
14      443552.6250  127250.12500
317      14680.7500    4436.37500
437       7460.9375    2352.90625
47        7120.1250    2195.31250
427       6133.5000    1904.75000
215       6060.2500    1957.87500
77        5898.1250    1871.12500
464       4624.5625    1532.21875
377       4379.3750    1499.81250
201       4357.5000    1475.06250
352       4293.7500    1441.00000
235       4256.2500    1435.68750
272       4254.3750    1491.43750
283       4254.2500    1446.50000
361       4225.3750    1471.81250
417       4187.7500    1434.68750
405       4177.2500    1419.56250
366       4161.5000    1405.68750
363       4158.2500    1425.75000
186       4158.0000    1402.37500
Current: [326]
Subround 16
         Timestamp  TS First Frame  TS Prev Frame
Offset                                           
162     24356992.0      47687219.0       916716.0
14      24426752.0      47697450.0       909676.0
329     24440448.0      47669535.5       847362.0
163     24404480.0      47484211.0       816279.5
507     24398336.0      47720551.5       813112.0
341     24479744.0      47702012.0       811319.0
314     24497280.0      47914561.0       805783.0
385     24816000.0      48384956.5       799424.0
242     24419840.0      47713218.0       795380.5
59      24480512.0      47662118.5       790776.0
422     24472448.0      47486685.0       790563.0
426     24539520.0      47541437.5       787793.5
481     24783872.0      48180569.5       786714.0
377     24411904.0      47562278.5       784201.5
371     24577280.0      48077066.5       782029.0
90      24684928.0      48137559.0       779761.5
429     24231552.0      47346293.5       778302.0
272     24600576.0      47745468.5       769313.5
291     24629120.0      47628701.5       767513.0
197     24711936.0      48330501.5       759759.5
              Server1        Server2
Offset                              
14      443552.625000  127250.125000
317      14680.750000    4436.375000
437       7308.242424    2305.575758
47        7120.125000    2195.312500
427       6133.500000    1904.750000
215       6060.250000    1957.875000
77        5898.125000    1871.125000
464       4542.909091    1505.515152
377       4379.375000    1499.812500
201       4357.500000    1475.062500
352       4293.750000    1441.000000
235       4256.250000    1435.687500
272       4254.375000    1491.437500
283       4254.250000    1446.500000
361       4225.375000    1471.812500
417       4187.750000    1434.687500
405       4177.250000    1419.562500
366       4161.500000    1405.687500
363       4158.250000    1425.750000
186       4158.000000    1402.375000
Current: []
Subround 17
         Timestamp  TS First Frame  TS Prev Frame
Offset                                           
162     24356992.0      47687219.0       916716.0
14      24426752.0      47697450.0       909676.0
329     24440448.0      47669535.5       847362.0
163     24404480.0      47484211.0       816279.5
507     24398336.0      47720551.5       813112.0
341     24479744.0      47702012.0       811319.0
314     24497280.0      47914561.0       805783.0
385     24816000.0      48384956.5       799424.0
242     24419840.0      47713218.0       795380.5
59      24480512.0      47662118.5       790776.0
422     24472448.0      47486685.0       790563.0
426     24539520.0      47541437.5       787793.5
481     24783872.0      48180569.5       786714.0
377     24411904.0      47562278.5       784201.5
371     24577280.0      48077066.5       782029.0
90      24684928.0      48137559.0       779761.5
429     24231552.0      47346293.5       778302.0
272     24600576.0      47745468.5       769313.5
291     24629120.0      47628701.5       767513.0
197     24711936.0      48330501.5       759759.5
              Server1        Server2
Offset                              
14      443552.625000  127250.125000
317      14680.750000    4436.375000
437       7245.941176    2292.470588
47        7120.125000    2195.312500
427       6133.500000    1904.750000
215       6060.250000    1957.875000
77        5898.125000    1871.125000
464       4533.352941    1504.558824
377       4379.375000    1499.812500
201       4357.500000    1475.062500
352       4293.750000    1441.000000
235       4256.250000    1435.687500
272       4254.375000    1491.437500
283       4254.250000    1446.500000
361       4225.375000    1471.812500
417       4187.750000    1434.687500
405       4177.250000    1419.562500
366       4161.500000    1405.687500
363       4158.250000    1425.750000
186       4158.000000    1402.375000
Current: [326]
Subround 18
         Timestamp  TS First Frame  TS Prev Frame
Offset                                           
162     24356992.0      47687219.0       916716.0
14      24426752.0      47697450.0       909676.0
329     24440448.0      47669535.5       847362.0
163     24404480.0      47484211.0       816279.5
507     24398336.0      47720551.5       813112.0
341     24479744.0      47702012.0       811319.0
314     24497280.0      47914561.0       805783.0
385     24816000.0      48384956.5       799424.0
242     24419840.0      47713218.0       795380.5
59      24480512.0      47662118.5       790776.0
422     24472448.0      47486685.0       790563.0
426     24539520.0      47541437.5       787793.5
481     24783872.0      48180569.5       786714.0
377     24411904.0      47562278.5       784201.5
371     24577280.0      48077066.5       782029.0
90      24684928.0      48137559.0       779761.5
429     24231552.0      47346293.5       778302.0
272     24600576.0      47745468.5       769313.5
291     24629120.0      47628701.5       767513.0
197     24711936.0      48330501.5       759759.5
              Server1        Server2
Offset                              
14      443552.625000  127250.125000
317      14680.750000    4436.375000
47        7120.125000    2195.312500
437       7100.857143    2247.371429
427       6133.500000    1904.750000
215       6060.250000    1957.875000
77        5898.125000    1871.125000
464       4464.000000    1481.400000
377       4379.375000    1499.812500
201       4357.500000    1475.062500
352       4293.750000    1441.000000
235       4256.250000    1435.687500
272       4254.375000    1491.437500
283       4254.250000    1446.500000
361       4225.375000    1471.812500
417       4187.750000    1434.687500
405       4177.250000    1419.562500
366       4161.500000    1405.687500
363       4158.250000    1425.750000
186       4158.000000    1402.375000
Current: [326]
Subround 19
         Timestamp  TS First Frame  TS Prev Frame
Offset                                           
162     24356992.0      47687219.0       916716.0
14      24426752.0      47697450.0       909676.0
329     24440448.0      47669535.5       847362.0
163     24404480.0      47484211.0       816279.5
507     24398336.0      47720551.5       813112.0
341     24479744.0      47702012.0       811319.0
314     24497280.0      47914561.0       805783.0
385     24816000.0      48384956.5       799424.0
242     24419840.0      47713218.0       795380.5
59      24480512.0      47662118.5       790776.0
422     24472448.0      47486685.0       790563.0
426     24539520.0      47541437.5       787793.5
481     24783872.0      48180569.5       786714.0
377     24411904.0      47562278.5       784201.5
371     24577280.0      48077066.5       782029.0
90      24684928.0      48137559.0       779761.5
429     24231552.0      47346293.5       778302.0
272     24600576.0      47745468.5       769313.5
291     24629120.0      47628701.5       767513.0
197     24711936.0      48330501.5       759759.5
              Server1        Server2
Offset                              
14      443552.625000  127250.125000
317      14680.750000    4436.375000
47        7120.125000    2195.312500
437       6948.388889    2200.388889
427       6133.500000    1904.750000
215       6060.250000    1957.875000
77        5898.125000    1871.125000
464       4395.000000    1458.000000
377       4379.375000    1499.812500
201       4357.500000    1475.062500
352       4293.750000    1441.000000
235       4256.250000    1435.687500
272       4254.375000    1491.437500
283       4254.250000    1446.500000
361       4225.375000    1471.812500
417       4187.750000    1434.687500
405       4177.250000    1419.562500
366       4161.500000    1405.687500
363       4158.250000    1425.750000
186       4158.000000    1402.375000
Current: [326]
Subround 20
         Timestamp  TS First Frame  TS Prev Frame
Offset                                           
162     24356992.0      47687219.0       916716.0
14      24426752.0      47697450.0       909676.0
329     24440448.0      47669535.5       847362.0
163     24404480.0      47484211.0       816279.5
507     24398336.0      47720551.5       813112.0
341     24479744.0      47702012.0       811319.0
314     24497280.0      47914561.0       805783.0
385     24816000.0      48384956.5       799424.0
242     24419840.0      47713218.0       795380.5
59      24480512.0      47662118.5       790776.0
422     24472448.0      47486685.0       790563.0
426     24539520.0      47541437.5       787793.5
481     24783872.0      48180569.5       786714.0
377     24411904.0      47562278.5       784201.5
371     24577280.0      48077066.5       782029.0
90      24684928.0      48137559.0       779761.5
429     24231552.0      47346293.5       778302.0
272     24600576.0      47745468.5       769313.5
291     24629120.0      47628701.5       767513.0
197     24711936.0      48330501.5       759759.5
              Server1        Server2
Offset                              
14      443552.625000  127250.125000
317      14680.750000    4436.375000
47        7120.125000    2195.312500
437       6875.621622    2179.729730
427       6133.500000    1904.750000
215       6060.250000    1957.875000
77        5898.125000    1871.125000
377       4379.375000    1499.812500
464       4372.270270    1453.324324
201       4357.500000    1475.062500
352       4293.750000    1441.000000
235       4256.250000    1435.687500
272       4254.375000    1491.437500
283       4254.250000    1446.500000
361       4225.375000    1471.812500
417       4187.750000    1434.687500
405       4177.250000    1419.562500
366       4161.500000    1405.687500
363       4158.250000    1425.750000
186       4158.000000    1402.375000
Current: [326]
         Timestamp  TS First Frame  TS Prev Frame
Offset                                           
162     24356992.0      47687219.0       916716.0
14      24426752.0      47697450.0       909676.0
329     24440448.0      47669535.5       847362.0
163     24404480.0      47484211.0       816279.5
507     24398336.0      47720551.5       813112.0
341     24479744.0      47702012.0       811319.0
314     24497280.0      47914561.0       805783.0
385     24816000.0      48384956.5       799424.0
242     24419840.0      47713218.0       795380.5
59      24480512.0      47662118.5       790776.0
422     24472448.0      47486685.0       790563.0
426     24539520.0      47541437.5       787793.5
481     24783872.0      48180569.5       786714.0
377     24411904.0      47562278.5       784201.5
371     24577280.0      48077066.5       782029.0
90      24684928.0      48137559.0       779761.5
429     24231552.0      47346293.5       778302.0
272     24600576.0      47745468.5       769313.5
291     24629120.0      47628701.5       767513.0
197     24711936.0      48330501.5       759759.5
              Server1        Server2
Offset                              
14      443552.625000  127250.125000
317      14680.750000    4436.375000
47        7120.125000    2195.312500
437       6875.621622    2179.729730
427       6133.500000    1904.750000
215       6060.250000    1957.875000
77        5898.125000    1871.125000
377       4379.375000    1499.812500
464       4372.270270    1453.324324
201       4357.500000    1475.062500
352       4293.750000    1441.000000
235       4256.250000    1435.687500
272       4254.375000    1491.437500
283       4254.250000    1446.500000
361       4225.375000    1471.812500
417       4187.750000    1434.687500
405       4177.250000    1419.562500
366       4161.500000    1405.687500
363       4158.250000    1425.750000
186       4158.000000    1402.375000
Winning offset:
[326]
2021-09-17 00:18:28.286248
2021-09-17 00:24:02.903279
0:05:34.617031
attacker.py:479: DeprecationWarning: The default dtype for empty Series will be 'object' instead of 'float64' in a future version. Specify a dtype explicitly to silence this warning.
  mean1 = pd.Series(values1).mean()
attacker.py:480: DeprecationWarning: The default dtype for empty Series will be 'object' instead of 'float64' in a future version. Specify a dtype explicitly to silence this warning.
  mean2 = pd.Series(values2).mean()
attacker.py:479: DeprecationWarning: The default dtype for empty Series will be 'object' instead of 'float64' in a future version. Specify a dtype explicitly to silence this warning.
  mean1 = pd.Series(values1).mean()
attacker.py:480: DeprecationWarning: The default dtype for empty Series will be 'object' instead of 'float64' in a future version. Specify a dtype explicitly to silence this warning.
  mean2 = pd.Series(values2).mean()
Exception ignored in: <function Capture.__del__ at 0x7f99aa966670>
Traceback (most recent call last):
  File "/home/mlipp/.virtualenvs/kaslr/lib/python3.8/site-packages/pyshark/capture/capture.py", line 445, in __del__
  File "/home/mlipp/.virtualenvs/kaslr/lib/python3.8/site-packages/pyshark/capture/capture.py", line 436, in close
  File "/usr/lib/python3.8/asyncio/base_events.py", line 592, in run_until_complete
  File "/usr/lib/python3.8/asyncio/base_events.py", line 553, in _check_running
AttributeError: 'NoneType' object has no attribute '_get_running_loop'
