Loading page file profiles/packet3/pages/0x6e4a.yaml
Loading page file profiles/packet3/pages/0x6e60.yaml
Loading page file profiles/packet3/pages/0x6ee3.yaml
Loading page file profiles/packet3/pages/0x7241.yaml
Loading page file profiles/packet3/pages/0x7242.yaml
Loading page file profiles/packet3/pages/0x7243.yaml
Loading page file profiles/packet3/pages/0x7244.yaml
Round 0
Subround 0
Empty DataFrame
Columns: [Timestamp, TS First Frame, TS Prev Frame]
Index: []
         Server1   Server2
Offset                    
14      620946.0  177949.0
169       6554.0    2143.0
491       6446.0    2095.0
382       6106.0    2394.0
466       6102.0    1964.0
304       6052.0    1989.0
226       6050.0    2033.0
88        6010.0    1969.0
440       5930.0    2043.0
242       5840.0    1963.0
421       5832.0    1936.0
335       5826.0    1947.0
436       5808.0    1909.0
358       5772.0    1900.0
204       5726.0    1866.0
403       5694.0    1872.0
361       5670.0    1877.0
246       5604.0    1998.0
489       5602.0    1899.0
170       5602.0    1958.0
Current: [2, 4, 6, 8, 10, 14, 16, 17, 23, 25, 26, 27, 28, 29, 30, 34, 36, 41, 42, 46, 49, 51, 52, 55, 56, 57, 58, 60, 64, 66, 68, 70, 73, 74, 75, 76, 78, 80, 83, 85, 87, 88, 89, 90, 96, 101, 102, 103, 104, 105, 110, 111, 112, 113, 115, 116, 120, 124, 127, 128, 129, 131, 132, 133, 134, 136, 137, 138, 141, 146, 148, 149, 150, 152, 155, 156, 162, 167, 168, 169, 173, 175, 177, 178, 179, 180, 185, 186, 189, 190, 191, 193, 197, 199, 201, 202, 204, 210, 211, 215, 217, 218, 219, 223, 224, 225, 227, 228, 229, 233, 234, 235, 237, 238, 240, 241, 242, 243, 245, 246, 247, 252, 254, 255, 259, 260, 261, 262, 263, 264, 265, 271, 272, 273, 276, 277, 281, 285, 286, 288, 290, 292, 295, 297, 299, 300, 301, 303, 304, 309, 310, 311, 312, 314, 316, 317, 318, 319, 320, 326, 332, 335, 340, 341, 346, 348, 349, 350, 352, 353, 354, 356, 358, 360, 362, 364, 365, 366, 370, 373, 376, 377, 379, 381, 382, 384, 386, 388, 389, 392, 395, 397, 398, 401, 404, 405, 406, 407, 408, 409, 411, 412, 417, 418, 419, 420, 423, 424, 426, 428, 431, 432, 433, 435, 437, 439, 440, 445, 446, 447, 449, 450, 451, 455, 458, 459, 462, 465, 469, 470, 471, 473, 477, 479, 480, 485, 486, 487, 492, 493, 494, 496, 497, 501, 504, 505, 506, 508, 509]
Subround 1
         Timestamp  TS First Frame  TS Prev Frame
Offset                                           
14      28351232.0      55409620.5      1019467.5
104     24844672.0      48119849.5       958188.0
464     24803584.0      48138552.0       952900.0
169     24775168.0      48077276.5       952242.0
388     24683776.0      47777981.0       943818.5
509     24984960.0      48595403.0       941982.5
268     24982784.0      48531523.5       940374.0
31      24953088.0      48555057.5       928717.0
204     24766208.0      47915634.5       924110.0
426     28501888.0      55866178.5       922083.0
306     28480000.0      55781889.5       921877.0
8       24918912.0      48311714.0       920512.5
304     24800256.0      48136181.5       913479.5
249     24811904.0      48249789.0       909270.5
392     24798976.0      48267650.0       909010.5
79      24795392.0      48327924.5       908336.5
243     24839168.0      48288413.5       906204.5
93      24963328.0      48263662.0       902987.5
139     24799488.0      48072912.0       902682.0
429     24833536.0      48349200.0       902624.5
         Server1   Server2
Offset                    
14      604913.0  173452.5
206      22593.0    6615.0
491       5975.0    2010.5
297       5804.0    1920.5
169       5763.0    1963.0
466       5719.0    1930.0
268       5679.0    1938.0
489       5663.0    1891.5
287       5652.0    1921.5
304       5628.0    1926.0
226       5588.0    1944.0
336       5552.0    1894.0
246       5531.0    2011.5
240       5457.0    1863.5
315       5447.0    1846.5
170       5414.0    1856.0
422       5387.0    1884.5
382       5371.0    1976.5
251       5331.0    1776.0
346       5285.0    1825.5
Current: [2, 4, 6, 8, 14, 16, 17, 27, 28, 30, 34, 41, 42, 46, 49, 55, 57, 60, 64, 68, 74, 75, 83, 85, 87, 89, 90, 101, 102, 120, 124, 129, 131, 132, 136, 141, 146, 149, 150, 155, 174, 177, 178, 180, 185, 186, 189, 190, 197, 199, 202, 204, 210, 217, 218, 219, 224, 229, 233, 234, 235, 237, 241, 243, 246, 250, 254, 260, 261, 271, 272, 273, 277, 285, 295, 300, 304, 307, 309, 310, 314, 316, 319, 320, 326, 340, 341, 348, 349, 352, 353, 354, 358, 362, 365, 366, 373, 377, 384, 386, 389, 392, 396, 397, 398, 404, 408, 411, 416, 417, 418, 423, 431, 432, 433, 445, 446, 447, 450, 451, 455, 465, 469, 470, 473, 477, 479, 480, 487, 492, 494, 496, 501, 505, 506, 509]
Subround 2
         Timestamp  TS First Frame  TS Prev Frame
Offset                                           
345     24966912.0      48611855.0       981761.0
415     24805888.0      48242871.0       950275.0
144     25025024.0      48691572.0       939002.0
378     24920064.0      48694412.0       937795.0
464     24608256.0      47717828.0       935574.0
169     24439808.0      47647830.0       934244.0
14      25221376.0      48943221.0       919404.0
509     24765696.0      48432091.0       916892.0
268     24859392.0      48358997.0       914025.0
426     24849664.0      48686821.0       913934.0
204     24487936.0      47213771.0       912843.0
245     24723456.0      47998023.0       908997.0
104     24304384.0      47662598.0       906713.0
231     24725760.0      47919656.0       902483.0
137     24904960.0      48486839.0       901851.0
173     24866816.0      47988932.0       901475.0
79      25076224.0      49106526.0       899195.0
346     24741632.0      48295614.0       896129.0
406     24725504.0      48304145.0       888471.0
217     24550656.0      47935384.0       882848.0
              Server1        Server2
Offset                              
14      559334.000000  160345.333333
128      19516.666667    5845.333333
206      15816.000000    4666.666667
113       6956.666667    2180.000000
346       5580.000000    1888.000000
390       5291.333333    1850.000000
489       5284.000000    1781.666667
462       5217.333333    1816.666667
317       5104.666667    1780.000000
482       5026.000000    1747.333333
233       5012.000000    1683.666667
406       5006.000000    1664.000000
19        5002.000000    1750.000000
221       4995.333333    1824.666667
173       4981.333333    1747.666667
491       4963.333333    1659.333333
421       4889.333333    1692.000000
332       4818.666667    1613.000000
466       4810.666667    1597.000000
50        4790.000000    1701.333333
Current: [6, 14, 30, 34, 85, 101, 102, 124, 129, 149, 155, 177, 185, 186, 189, 190, 199, 210, 218, 219, 229, 234, 235, 241, 250, 254, 261, 271, 272, 273, 295, 300, 310, 314, 316, 319, 320, 341, 348, 349, 354, 362, 366, 373, 384, 386, 392, 397, 404, 408, 411, 416, 418, 431, 433, 445, 447, 451, 455, 465, 469, 470, 480, 492, 509]
Subround 3
         Timestamp  TS First Frame  TS Prev Frame
Offset                                           
378     24849664.0      48313168.5       919315.0
144     25018112.0      48677688.0       892998.5
231     24490368.0      47717518.5       871429.0
406     24472064.0      47867891.0       864703.0
313     24576256.0      47829856.5       850957.0
173     24668288.0      47782127.0       850875.0
137     24577664.0      48203050.5       845552.0
14      24696064.0      48257675.0       834570.0
427     24924288.0      48445873.0       828574.5
185     24568192.0      47732720.0       827935.5
146     24386816.0      47587913.5       825443.0
66      24543104.0      47889161.5       824350.5
444     24516480.0      47726043.5       821794.0
346     24424448.0      47619286.0       821756.0
127     24887040.0      48356651.0       820111.5
489     24578816.0      48264609.5       812999.5
50      24537216.0      47832722.5       812796.5
462     24665600.0      48169856.5       808586.0
452     24755456.0      47964624.0       805449.5
495     24700928.0      47923088.5       794974.5
         Server1    Server2
Offset                     
14      464147.5  133048.25
128      15161.5    4554.25
206      12632.5    3767.50
113       5633.0    1772.00
233       4852.0    1670.75
179       4713.5    1597.25
346       4666.5    1571.25
409       4656.5    1544.50
313       4615.0    1613.75
252       4583.0    1620.00
427       4572.5    1605.75
406       4527.5    1500.00
390       4521.0    1563.50
48        4513.0    1611.00
489       4477.5    1506.25
317       4456.5    1531.50
332       4432.0    1473.25
231       4394.5    1551.75
462       4392.0    1530.75
341       4391.5    1492.75
Current: [4, 6, 14, 16, 26, 28, 29, 30, 34, 40, 41, 42, 54, 55, 63, 64, 67, 68, 70, 75, 78, 84, 85, 87, 89, 101, 102, 118, 120, 121, 122, 124, 129, 132, 136, 137, 149, 155, 158, 162, 163, 174, 177, 185, 186, 188, 189, 190, 196, 197, 199, 200, 203, 206, 210, 218, 219, 227, 229, 233, 234, 235, 241, 244, 248, 250, 254, 260, 261, 270, 271, 272, 273, 275, 276, 277, 281, 284, 285, 287, 293, 294, 295, 300, 301, 304, 310, 311, 314, 316, 319, 320, 326, 335, 340, 341, 343, 345, 346, 348, 349, 350, 352, 354, 357, 358, 359, 362, 366, 368, 373, 381, 384, 386, 392, 397, 398, 404, 408, 411, 416, 418, 421, 428, 431, 432, 433, 445, 447, 449, 450, 451, 455, 459, 462, 465, 469, 470, 473, 477, 479, 480, 492, 496, 497, 509, 510]
Subround 4
         Timestamp  TS First Frame  TS Prev Frame
Offset                                           
378     24920064.0      48694412.0       900835.0
144     25011200.0      48663804.0       846995.0
406     24218624.0      47431637.0       840935.0
231     24254976.0      47515381.0       840375.0
127     24760064.0      48333860.0       815987.0
427     24921344.0      48403811.0       810291.0
185     24534016.0      47627190.0       807399.0
146     24114944.0      47085695.0       806176.0
468     24393984.0      47449048.0       804334.0
505     24483584.0      47547393.0       800799.0
173     24469760.0      47575322.0       800275.0
462     24493312.0      48140747.0       797101.0
428     24209920.0      47681014.0       796992.0
137     24250368.0      47919262.0       789253.0
489     24343552.0      47968996.0       787749.0
444     24499968.0      47497720.0       786942.0
139     24065792.0      47463424.0       784654.0
313     24378624.0      47255500.0       776331.0
452     24507392.0      47627004.0       770804.0
50      24484352.0      47597461.0       770056.0
         Server1   Server2
Offset                    
14      417275.2  119609.4
355      32797.2    9619.4
128      12501.6    3766.6
206      10954.0    3312.2
113       5404.4    1750.8
244       4315.2    1483.8
484       4298.8    1444.8
304       4276.8    1445.6
233       4272.4    1472.2
409       4225.2    1399.6
313       4206.4    1462.8
346       4184.8    1407.6
390       4180.0    1427.6
411       4179.6    1399.0
332       4165.6    1376.4
179       4139.2    1403.6
294       4122.8    1409.6
252       4106.4    1444.0
427       4100.8    1432.0
155       4082.0    1358.4
Current: [4, 6, 14, 26, 34, 42, 67, 78, 84, 85, 87, 89, 101, 102, 120, 124, 129, 132, 136, 149, 158, 163, 174, 177, 185, 186, 190, 196, 197, 200, 203, 210, 218, 219, 229, 233, 235, 248, 250, 254, 260, 261, 270, 271, 272, 273, 275, 281, 284, 293, 301, 310, 316, 319, 320, 341, 343, 345, 346, 348, 354, 358, 359, 362, 366, 373, 392, 396, 397, 404, 408, 416, 418, 421, 431, 433, 447, 449, 451, 455, 462, 465, 469, 470, 477, 480, 492, 497, 510]
Subround 5
         Timestamp  TS First Frame  TS Prev Frame
Offset                                           
173     24668288.0      47782127.0       850875.0
378     24849664.0      48362073.0       829615.5
144     24871168.0      48321388.5       823423.0
139     24290816.0      47481174.5       822563.0
346     24424448.0      47619286.0       797093.5
421     24364800.0      47529040.5       790935.5
317     24323072.0      47653741.0       790549.5
367     24218752.0      47397634.5       782234.5
269     24620160.0      47959388.0       776625.0
273     24574720.0      47668408.5       773000.5
462     24442112.0      47855685.0       764608.0
50      24416256.0      47551917.5       752817.5
358     24326784.0      47622929.0       748221.0
482     24906752.0      48396080.5       742234.5
19      24427264.0      47686129.5       740310.5
406     24217984.0      47369227.0       739611.5
415     24294656.0      47514764.0       736249.0
496     24345344.0      47648967.5       731962.5
287     24615936.0      48059272.0       721906.5
132     24736000.0      48036270.0       718373.0
              Server1        Server2
Offset                              
14      380713.333333  109127.833333
355      27693.333333    8137.833333
128      11155.333333    3391.500000
206       9472.333333    2876.666667
196       7838.000000    2652.833333
113       4846.666667    1574.333333
346       4435.000000    1485.166667
390       4421.333333    1534.500000
304       4353.666667    1489.000000
482       4309.666667    1476.333333
173       4226.333333    1483.000000
294       4206.333333    1458.166667
258       4203.666667    1436.666667
277       4166.333333    1429.000000
382       4149.333333    1471.333333
287       4145.000000    1433.666667
317       4136.333333    1413.000000
378       4083.000000    1422.666667
269       4082.666667    1474.500000
50        4051.333333    1392.833333
Current: [6, 14, 42, 87, 102, 132, 136, 149, 174, 177, 185, 190, 196, 210, 218, 219, 229, 235, 248, 250, 254, 261, 271, 272, 273, 281, 301, 310, 319, 320, 341, 346, 354, 358, 362, 373, 392, 396, 397, 404, 416, 418, 431, 433, 455, 465, 469, 470, 480, 492, 510]
Subround 6
         Timestamp  TS First Frame  TS Prev Frame
Offset                                           
169     24868608.0      48523438.0       934244.0
268     24453888.0      47471017.0       911443.0
464     24720640.0      48455273.0       867275.0
339     24454400.0      47462608.0       861466.0
231     24254976.0      47252383.0       840375.0
243     24507648.0      47648824.0       832566.0
41      24781568.0      48502166.0       823413.0
329     24627968.0      48207803.0       821554.0
210     24676608.0      48101458.0       817259.0
127     24748032.0      48333860.0       815987.0
427     24842240.0      48403811.0       810291.0
185     24532480.0      47457006.0       807399.0
146     24267264.0      47717651.0       806176.0
173     24469760.0      47988932.0       800275.0
144     24822784.0      48207038.0       799851.0
462     24493312.0      48088611.0       797101.0
428     24130048.0      46943946.0       796992.0
137     24250368.0      47919262.0       789253.0
489     24343552.0      47968996.0       787749.0
444     24499968.0      47497720.0       786942.0
              Server1        Server2
Offset                              
14      428913.142857  122933.571429
355      24007.428571    7065.571429
128      10156.857143    3127.285714
483      10112.285714    3125.428571
206       8829.428571    2716.000000
196       7524.857143    2554.571429
390       4607.142857    1584.714286
113       4423.714286    1440.428571
317       4324.285714    1483.714286
252       4320.000000    1480.857143
346       4301.142857    1431.428571
233       4194.571429    1426.285714
277       4187.428571    1451.000000
170       4144.285714    1372.857143
406       4117.428571    1367.571429
50        4110.571429    1413.142857
345       4089.714286    1398.714286
304       4082.857143    1385.857143
169       4066.857143    1367.428571
313       4053.714286    1394.857143
Current: [5, 6, 14, 27, 40, 41, 42, 67, 68, 87, 89, 90, 102, 109, 110, 113, 118, 124, 127, 132, 136, 149, 150, 152, 158, 169, 173, 174, 177, 178, 185, 186, 188, 190, 193, 196, 199, 200, 209, 210, 218, 219, 223, 227, 229, 235, 243, 244, 248, 250, 254, 261, 264, 269, 270, 271, 272, 273, 275, 278, 281, 284, 285, 287, 292, 294, 301, 310, 316, 319, 320, 322, 326, 341, 343, 346, 352, 354, 355, 358, 360, 362, 366, 373, 392, 394, 397, 404, 408, 411, 414, 416, 418, 431, 432, 433, 435, 437, 446, 447, 450, 455, 465, 469, 470, 480, 492, 494, 496, 501, 510, 511]
Subround 7
         Timestamp  TS First Frame  TS Prev Frame
Offset                                           
196     24332800.0      47340881.0       865771.0
231     24286464.0      47383882.0       855876.0
313     24576256.0      47918711.0       848758.5
243     24445184.0      47551854.5       837411.0
14      24476672.0      47729519.0       834570.0
427     24749056.0      48186420.0       828574.5
185     24533248.0      47542098.0       827935.5
66      24543104.0      47889161.5       824350.5
127     24677504.0      47950155.5       820111.5
428     24169984.0      47302024.0       806580.5
72      24216448.0      47586053.0       789236.0
444     24516480.0      47726043.5       788132.0
92      24117888.0      47180885.5       782850.5
385     24410752.0      47671809.0       779154.0
137     24363008.0      47808166.0       771616.0
489     24456064.0      47858591.5       770690.0
237     24520576.0      47913555.5       767816.0
462     24442112.0      47829617.0       764608.0
452     24634368.0      47830482.0       764473.0
439     24603008.0      48108699.5       764402.0
          Server1     Server2
Offset                       
14      444407.75  127393.500
355      21592.50    6411.625
6        15126.75    4576.750
483       9565.00    2988.250
128       9201.75    2837.500
206       8644.75    2675.875
196       6964.25    2358.500
252       4505.00    1540.250
48        4433.25    1547.250
390       4313.75    1478.625
179       4215.75    1437.875
195       4205.75    1412.875
43        4173.75    1488.000
313       4166.50    1457.375
427       4161.50    1450.375
187       4160.75    1402.750
409       4129.00    1367.250
105       4124.00    1435.125
406       4119.25    1391.500
332       4111.50    1397.625
Current: [5, 6, 14, 41, 42, 68, 89, 102, 113, 132, 136, 149, 152, 174, 177, 185, 190, 196, 200, 209, 218, 219, 223, 227, 229, 235, 243, 248, 250, 254, 270, 271, 272, 273, 278, 281, 285, 287, 292, 294, 310, 319, 320, 341, 346, 354, 358, 362, 373, 392, 397, 404, 411, 416, 418, 431, 433, 435, 446, 450, 455, 465, 469, 470, 480, 492, 496, 510, 511]
Subround 8
         Timestamp  TS First Frame  TS Prev Frame
Offset                                           
313     24773888.0      48404213.0       921186.0
66      24638464.0      48310213.0       914318.0
72      24248576.0      47616090.0       844325.0
231     24317952.0      47515381.0       840375.0
237     24801024.0      48247059.0       834620.0
243     24382720.0      47522315.0       832566.0
365     24419584.0      47522280.0       831242.0
428     24209920.0      47660102.0       816169.0
127     24651520.0      47846745.0       815987.0
92      24159488.0      47216262.0       814521.0
483     24254208.0      47202157.0       813783.0
43      24588032.0      47565778.0       811078.0
427     24655872.0      47969029.0       810291.0
185     24534016.0      47627190.0       807399.0
444     24499968.0      47497720.0       786942.0
261     24401408.0      47651247.0       760154.0
452     24507392.0      47627004.0       758142.0
137     24250368.0      47697070.0       753979.0
439     24488960.0      48002180.0       753954.0
489     24343552.0      47748187.0       753631.0
              Server1        Server2
Offset                              
14      415719.333333  119164.111111
355      19813.777778    5930.000000
6        13962.444444    4269.777778
483       8955.555556    2825.222222
128       8430.222222    2603.111111
206       8365.555556    2620.444444
196       6485.333333    2189.777778
369       5242.000000    1711.111111
43        4478.222222    1587.777778
48        4408.000000    1547.333333
252       4394.222222    1500.000000
313       4341.333333    1532.666667
187       4300.444444    1457.666667
66        4284.444444    1436.888889
179       4178.888889    1425.111111
406       4163.555556    1391.333333
390       4095.555556    1403.000000
219       4095.111111    1429.777778
416       4067.333333    1396.333333
237       4065.111111    1423.777778
Current: [5, 6, 14, 42, 89, 102, 132, 136, 177, 185, 190, 196, 218, 235, 248, 254, 271, 273, 278, 281, 292, 319, 354, 358, 373, 392, 397, 404, 416, 418, 431, 433, 446, 450, 455, 465, 469, 470, 510, 511]
Subround 9
         Timestamp  TS First Frame  TS Prev Frame
Offset                                           
313     24918272.0      48465654.5       880367.5
66      24809600.0      48398683.5       876440.0
428     24382720.0      47670558.0       826866.0
92      24341760.0      47470868.0       826553.0
261     24425600.0      47511013.0       816855.5
365     24472704.0      47698343.5       812045.0
43      24813184.0      48018372.5       800010.5
72      24216448.0      47586053.0       789236.0
385     24550656.0      47756105.0       779154.0
237     24520576.0      47913555.5       767816.0
483     24297472.0      47329211.0       765312.5
416     24378112.0      47693570.0       742856.0
153     24427008.0      47422265.5       736672.0
343     24221056.0      47353607.5       726692.0
185     24533248.0      47542098.0       724064.0
48      24537856.0      47671324.5       713501.5
179     24471168.0      47313822.0       710730.5
417     24531840.0      47797705.5       703164.5
208     24465408.0      47485881.0       700787.0
215     24618240.0      47950241.5       691029.0
         Server1   Server2
Offset                    
14      397734.4  114006.6
355      18352.6    5528.6
6        13004.2    4010.8
483       8585.6    2728.1
206       8007.6    2531.7
128       7798.0    2413.9
196       6041.0    2040.4
369       4887.4    1599.0
313       4535.2    1598.2
43        4486.2    1584.2
252       4418.4    1509.5
187       4370.8    1491.3
66        4325.6    1454.4
48        4263.0    1490.6
179       4242.0    1458.7
365       4181.6    1449.9
416       4169.8    1428.7
411       4133.2    1427.7
219       4109.8    1433.7
385       3995.0    1386.8
Current: [5, 6, 14, 27, 42, 67, 68, 77, 88, 89, 95, 102, 113, 132, 136, 143, 150, 152, 158, 177, 185, 190, 200, 209, 218, 227, 229, 235, 241, 248, 254, 264, 270, 271, 273, 278, 281, 284, 285, 286, 287, 292, 294, 310, 312, 316, 318, 319, 320, 331, 341, 346, 354, 355, 358, 367, 373, 392, 397, 401, 404, 414, 416, 418, 422, 431, 433, 437, 442, 446, 447, 450, 455, 465, 469, 470, 496, 510, 511]
Subround 10
         Timestamp  TS First Frame  TS Prev Frame
Offset                                           
313     24773888.0      48404213.0       839549.0
66      24638464.0      48310213.0       838562.0
428     24209920.0      47660102.0       816169.0
92      24159488.0      47216262.0       814521.0
295     24257536.0      47648746.0       799151.0
430     24429824.0      47775061.0       797358.0
365     24525824.0      47874407.0       792848.0
43      24588032.0      47565778.0       788943.0
468     24752128.0      48520005.0       787344.0
261     24401408.0      47525362.0       760154.0
416     24505600.0      47733987.0       749935.5
45      24391424.0      47626261.0       746095.0
385     24495360.0      47687673.0       745725.0
208     24577792.0      47752087.0       743756.5
72      24184320.0      47556016.0       734147.0
198     24152320.0      47392472.0       731202.0
435     24310528.0      47536332.0       723689.0
180     24141824.0      47377773.0       719357.0
483     24254208.0      47456265.0       716842.0
411     24430080.0      47842648.0       702284.0
              Server1        Server2
Offset                              
14      376540.181818  107934.090909
355      17055.090909    5151.727273
6        11990.181818    3704.636364
483       7970.909091    2537.090909
206       7495.454545    2374.272727
128       7250.545455    2251.272727
196       5692.727273    1922.000000
50        5096.363636    1647.181818
369       4650.727273    1520.000000
313       4304.000000    1514.818182
43        4302.000000    1515.090909
252       4216.909091    1435.636364
411       4193.272727    1455.545455
187       4172.000000    1422.818182
334       4116.727273    1426.909091
66        4105.454545    1382.454545
48        4090.000000    1426.545455
288       4056.363636    1366.181818
179       4045.272727    1387.000000
344       4027.272727    1363.272727
Current: [14, 27, 42, 67, 89, 95, 102, 132, 143, 158, 174, 177, 185, 190, 200, 209, 218, 227, 229, 235, 241, 248, 254, 271, 278, 285, 286, 292, 294, 316, 319, 320, 331, 341, 354, 355, 358, 367, 373, 392, 397, 404, 414, 416, 418, 431, 433, 437, 446, 447, 450, 455, 465, 469, 470, 496, 511]
Subround 11
         Timestamp  TS First Frame  TS Prev Frame
Offset                                           
313     24576256.0      47918711.0       807940.0
428     24169984.0      47302024.0       806580.5
66      24809600.0      48398683.5       786472.5
92      24341760.0      47470868.0       782850.5
416     24378112.0      47693570.0       742856.0
365     24472704.0      47698343.5       722306.0
208     24465408.0      47580553.0       700787.0
457     24445568.0      47741148.0       697496.0
43      24813184.0      48018372.5       681708.0
385     24410752.0      47671809.0       663061.5
396     24647936.0      48039465.0       659291.0
377     24621312.0      48054433.0       655063.0
261     24355584.0      47563528.0       651241.5
153     24284800.0      47365815.0       651149.5
45      24331776.0      47589019.5       650850.0
132     24401408.0      47537204.5       650047.0
213     24469248.0      47855328.0       641010.0
430     24493440.0      47789398.5       634133.0
295     24233216.0      47587549.0       632169.5
14      24200832.0      47566265.5       626929.5
              Server1        Server2
Offset                              
14      390063.666667  111820.666667
355      15808.000000    4781.166667
6        11176.166667    3460.916667
483       7454.166667    2376.666667
128       7133.666667    2227.083333
206       7046.000000    2237.333333
196       5447.500000    1837.416667
50        4874.666667    1577.666667
369       4412.833333    1440.750000
377       4155.666667    1432.833333
43        4153.500000    1460.333333
457       4118.166667    1400.500000
313       4117.333333    1447.750000
411       4085.833333    1411.500000
252       4050.333333    1375.750000
244       4047.500000    1412.500000
187       4038.166667    1374.166667
48        4000.333333    1390.000000
334       3987.166667    1380.583333
416       3961.500000    1348.833333
Current: [14, 132, 143, 158, 177, 185, 190, 209, 218, 227, 229, 235, 254, 271, 278, 292, 316, 319, 320, 331, 358, 367, 373, 392, 397, 418, 431, 433, 447, 450, 455, 465, 469, 470, 496]
Subround 12
         Timestamp  TS First Frame  TS Prev Frame
Offset                                           
430     24557056.0      47803736.0       797358.0
428     24209920.0      47660102.0       796992.0
468     24752128.0      48520005.0       787344.0
313     24378624.0      47433209.0       776331.0
38      24270592.0      47594842.0       766539.0
92      24308992.0      47614102.0       751180.0
457     24654080.0      47887797.0       735726.0
66      24638464.0      48310213.0       734383.0
435     24463360.0      47635285.0       723689.0
180     24141824.0      47377773.0       719357.0
27      24631040.0      47940369.0       710652.0
400     24213760.0      47462568.0       703864.0
132     24429056.0      47650049.0       703833.0
168     24449536.0      47741115.0       700758.0
377     24691712.0      48271934.0       697889.0
441     24460032.0      47605284.0       697261.0
505     24067328.0      47475713.0       695183.0
285     24419072.0      47504828.0       693476.0
54      24257536.0      47681537.0       688795.0
440     24289792.0      47611024.0       688636.0
              Server1        Server2
Offset                              
14      378008.615385  108358.615385
355      14826.769231    4492.076923
6        10504.923077    3257.538462
483       7025.538462    2243.230769
206       6785.692308    2154.692308
128       6741.230769    2108.769231
196       5192.000000    1751.923077
50        4666.769231    1511.538462
377       4254.923077    1469.769231
369       4230.307692    1382.307692
457       4203.230769    1427.307692
244       4095.230769    1436.615385
411       4085.384615    1401.153846
344       4056.769231    1366.384615
43        4005.230769    1405.000000
316       4003.230769    1369.923077
313       3970.769231    1392.846154
27        3960.615385    1372.769231
132       3937.846154    1386.230769
187       3899.384615    1325.384615
Current: [14, 132, 143, 177, 185, 190, 254, 271, 278, 292, 316, 319, 320, 367, 373, 392, 431, 447, 455, 465, 469, 470, 496]
Subround 13
         Timestamp  TS First Frame  TS Prev Frame
Offset                                           
440     24320896.0      47620596.0       736131.0
54      24322304.0      47735905.5       727153.5
38      24271872.0      47567108.0       706640.5
457     24445568.0      47741148.0       697496.0
420     24383872.0      47701958.5       686402.0
139     24105600.0      47468055.5       679655.5
27      24618624.0      47740759.0       672949.0
400     24267904.0      47461965.0       671907.5
14      24248576.0      47566265.5       670914.0
34      24937984.0      48440726.5       670213.0
117     24518656.0      47565341.0       669456.5
141     24468608.0      47857560.0       655787.5
377     24621312.0      48054433.0       655063.0
441     24359168.0      47501371.5       655054.5
428     24169984.0      47508917.5       652651.0
132     24435840.0      47747853.5       650047.0
225     24290944.0      47580825.0       649239.5
492     24293632.0      47612854.0       649128.0
70      24378112.0      47593374.5       641920.5
430     24493440.0      47789398.5       634133.0
              Server1        Server2
Offset                              
14      397058.285714  113805.285714
355      13921.000000    4222.642857
6         9862.714286    3063.571429
483       6642.000000    2123.785714
128       6578.285714    2067.285714
206       6444.428571    2049.142857
196       5135.142857    1734.214286
50        4583.714286    1486.071429
377       4143.000000    1426.714286
369       4075.000000    1331.928571
457       4056.000000    1374.214286
357       4000.285714    1367.357143
244       3997.857143    1398.142857
27        3994.142857    1374.071429
304       3953.428571    1350.000000
132       3944.714286    1394.928571
405       3929.000000    1325.285714
313       3924.714286    1368.785714
411       3924.285714    1346.214286
344       3902.142857    1315.500000
Current: [14, 22, 27, 78, 95, 122, 129, 132, 138, 143, 158, 177, 185, 190, 227, 229, 235, 249, 254, 271, 278, 285, 292, 294, 316, 319, 320, 326, 331, 337, 341, 346, 354, 355, 358, 367, 373, 388, 392, 394, 418, 431, 433, 436, 437, 447, 450, 454, 455, 465, 469, 470, 496, 509]
Subround 14
         Timestamp  TS First Frame  TS Prev Frame
Offset                                           
139     24109824.0      47472687.0       784654.0
422     24497920.0      47485595.0       753681.0
14      24266240.0      47560402.0       749736.0
492     24297216.0      47679947.0       714976.0
413     24407552.0      47951592.0       713617.0
132     24442624.0      47845658.0       703833.0
54      24387072.0      47790274.0       688795.0
440     24352000.0      47630168.0       688636.0
169     24873216.0      48523438.0       685051.0
117     24553728.0      47603712.0       675286.0
487     24230400.0      47559865.0       661273.0
457     24237056.0      47594499.0       659266.0
34      24909568.0      48304851.0       651635.0
38      24270592.0      47594842.0       646742.0
400     24213760.0      47461362.0       639951.0
405     24555008.0      47959755.0       638325.0
438     24568576.0      47964561.0       638179.0
27      24631040.0      47940369.0       635246.0
225     24286720.0      47501838.0       634968.0
294     24152832.0      47364669.0       629373.0
              Server1        Server2
Offset                              
14      405995.200000  116373.733333
355      13171.066667    3999.000000
6         9320.933333    2902.533333
128       6507.733333    2061.933333
483       6334.000000    2027.933333
206       6148.800000    1956.066667
196       5102.133333    1730.600000
50        4587.466667    1493.400000
369       4109.333333    1349.533333
377       4068.666667    1395.800000
304       4036.000000    1375.933333
132       3974.666667    1404.400000
27        3957.600000    1355.266667
457       3948.800000    1335.800000
112       3919.066667    1338.666667
357       3914.933333    1332.733333
403       3905.600000    1325.266667
244       3892.133333    1357.800000
192       3886.933333    1329.466667
405       3858.666667    1304.333333
Current: [14, 27, 129, 138, 143, 158, 177, 185, 190, 235, 249, 254, 271, 278, 285, 294, 316, 319, 320, 326, 331, 337, 341, 354, 355, 367, 392, 394, 418, 431, 433, 436, 447, 454, 455, 470, 496, 509]
Subround 15
         Timestamp  TS First Frame  TS Prev Frame
Offset                                           
139     24270080.0      47485806.0       791671.0
14      24270848.0      47566265.5       766293.5
422     24511232.0      47565026.5       755670.5
492     24396416.0      47820226.5       736428.5
413     24539264.0      47975306.0       729411.0
320     24163712.0      47510689.5       709627.5
169     24904064.0      48524232.0       689362.0
487     24343424.0      47566906.0       682100.5
479     24307072.0      47376700.0       675867.0
145     24271872.0      47566737.0       675354.0
117     24518656.0      47565341.0       669456.5
304     24298112.0      47599642.5       669092.0
60      24274560.0      47500005.0       656695.5
464     24779776.0      48456558.0       656430.5
419     24386048.0      47530039.5       651022.0
132     24435840.0      47747853.5       650047.0
268     24250752.0      47356537.5       649606.5
438     24694528.0      48179594.5       647787.5
440     24320896.0      47620596.0       640768.5
54      24322304.0      47735905.5       640748.5
           Server1      Server2
Offset                         
14      415106.375  118990.5000
355      12469.375    3791.0000
6         8847.750    2757.6875
128       6439.375    2055.7500
483       6091.500    1953.1875
206       5891.375    1879.0000
196       5193.875    1757.8750
50        4629.250    1515.9375
304       4084.125    1387.3750
369       4065.750    1336.6875
192       4003.250    1382.3750
403       3973.625    1355.0625
377       3956.750    1356.5625
406       3880.250    1309.9375
457       3867.125    1309.5000
27        3850.000    1317.1250
132       3845.250    1357.0000
347       3816.875    1309.3125
112       3812.000    1302.5625
258       3809.125    1300.1875
Current: [14, 143, 177, 185, 190, 235, 271, 278, 316, 319, 320, 341, 367, 392, 394, 431, 433, 436, 455, 470, 496]
         Timestamp  TS First Frame  TS Prev Frame
Offset                                           
139     24270080.0      47485806.0       791671.0
14      24270848.0      47566265.5       766293.5
422     24511232.0      47565026.5       755670.5
492     24396416.0      47820226.5       736428.5
413     24539264.0      47975306.0       729411.0
320     24163712.0      47510689.5       709627.5
169     24904064.0      48524232.0       689362.0
487     24343424.0      47566906.0       682100.5
479     24307072.0      47376700.0       675867.0
145     24271872.0      47566737.0       675354.0
117     24518656.0      47565341.0       669456.5
304     24298112.0      47599642.5       669092.0
60      24274560.0      47500005.0       656695.5
464     24779776.0      48456558.0       656430.5
419     24386048.0      47530039.5       651022.0
132     24435840.0      47747853.5       650047.0
268     24250752.0      47356537.5       649606.5
438     24694528.0      48179594.5       647787.5
440     24320896.0      47620596.0       640768.5
54      24322304.0      47735905.5       640748.5
           Server1      Server2
Offset                         
14      415106.375  118990.5000
355      12469.375    3791.0000
6         8847.750    2757.6875
128       6439.375    2055.7500
483       6091.500    1953.1875
206       5891.375    1879.0000
196       5193.875    1757.8750
50        4629.250    1515.9375
304       4084.125    1387.3750
369       4065.750    1336.6875
192       4003.250    1382.3750
403       3973.625    1355.0625
377       3956.750    1356.5625
406       3880.250    1309.9375
457       3867.125    1309.5000
27        3850.000    1317.1250
132       3845.250    1357.0000
347       3816.875    1309.3125
112       3812.000    1302.5625
258       3809.125    1300.1875
New pairs
[[14, 394], [496, 316], [278, 455], [146, 431], [271, 143], [319, 433], [367, 185], [341, 177], [436, 392], [190, 470], [320, 235]]
Round 1
Subround 0
         Timestamp  TS First Frame  TS Prev Frame
Offset                                           
139     24270080.0      47485806.0       791671.0
422     24511232.0      47565026.5       755670.5
14      24275456.0      47572129.0       749736.0
492     24396416.0      47820226.5       736428.5
413     24539264.0      47975306.0       729411.0
320     24163712.0      47510689.5       709627.5
169     24904064.0      48524232.0       689362.0
487     24343424.0      47566906.0       682100.5
479     24307072.0      47376700.0       675867.0
145     24271872.0      47566737.0       675354.0
117     24518656.0      47565341.0       669456.5
304     24298112.0      47599642.5       669092.0
60      24274560.0      47500005.0       656695.5
464     24779776.0      48456558.0       656430.5
419     24386048.0      47530039.5       651022.0
132     24435840.0      47747853.5       650047.0
268     24250752.0      47356537.5       649606.5
438     24694528.0      48179594.5       647787.5
440     24320896.0      47620596.0       640768.5
54      24322304.0      47735905.5       640748.5
              Server1        Server2
Offset                              
14      407510.823529  116810.823529
355      12469.375000    3791.000000
6         8847.750000    2757.687500
128       6439.375000    2055.750000
483       6091.500000    1953.187500
206       5891.375000    1879.000000
196       5193.875000    1757.875000
50        4629.250000    1515.937500
304       4084.125000    1387.375000
369       4065.750000    1336.687500
192       4003.250000    1382.375000
403       3973.625000    1355.062500
377       3956.750000    1356.562500
406       3880.250000    1309.937500
457       3867.125000    1309.500000
27        3850.000000    1317.125000
132       3845.250000    1357.000000
347       3816.875000    1309.312500
112       3812.000000    1302.562500
258       3809.125000    1300.187500
Current: [14, 271, 278, 316, 431, 433]
Subround 1
         Timestamp  TS First Frame  TS Prev Frame
Offset                                           
139     24270080.0      47485806.0       791671.0
422     24511232.0      47565026.5       755670.5
492     24396416.0      47820226.5       736428.5
413     24539264.0      47975306.0       729411.0
320     24183040.0      47558617.0       701746.0
14      24367232.0      47699078.0       699366.5
169     24904064.0      48524232.0       689362.0
487     24343424.0      47566906.0       682100.5
479     24307072.0      47376700.0       675867.0
145     24271872.0      47566737.0       675354.0
117     24518656.0      47565341.0       669456.5
304     24298112.0      47599642.5       669092.0
60      24274560.0      47500005.0       656695.5
464     24779776.0      48456558.0       656430.5
419     24386048.0      47530039.5       651022.0
132     24435840.0      47747853.5       650047.0
268     24250752.0      47356537.5       649606.5
438     24694528.0      48179594.5       647787.5
440     24320896.0      47620596.0       640768.5
54      24322304.0      47735905.5       640748.5
           Server1        Server2
Offset                           
14      397082.000  113826.722222
355      12469.375    3791.000000
6         8847.750    2757.687500
128       6439.375    2055.750000
483       6091.500    1953.187500
206       5891.375    1879.000000
196       5193.875    1757.875000
50        4629.250    1515.937500
304       4084.125    1387.375000
369       4065.750    1336.687500
192       4003.250    1382.375000
403       3973.625    1355.062500
377       3956.750    1356.562500
406       3880.250    1309.937500
457       3867.125    1309.500000
27        3850.000    1317.125000
132       3845.250    1357.000000
347       3816.875    1309.312500
112       3812.000    1302.562500
258       3809.125    1300.187500
Current: [14, 185, 190, 235, 278, 341, 392, 431, 433]
Subround 2
         Timestamp  TS First Frame  TS Prev Frame
Offset                                           
139     24270080.0      47485806.0       791671.0
422     24511232.0      47565026.5       755670.5
14      24459008.0      47826027.0       749736.0
492     24396416.0      47820226.5       736428.5
413     24539264.0      47975306.0       729411.0
169     24904064.0      48524232.0       689362.0
487     24343424.0      47566906.0       682100.5
479     24307072.0      47376700.0       675867.0
145     24271872.0      47566737.0       675354.0
117     24518656.0      47565341.0       669456.5
304     24298112.0      47599642.5       669092.0
60      24274560.0      47500005.0       656695.5
464     24779776.0      48456558.0       656430.5
320     24163712.0      47510689.5       655767.0
419     24386048.0      47530039.5       651022.0
132     24435840.0      47747853.5       650047.0
268     24250752.0      47356537.5       649606.5
438     24694528.0      48179594.5       647787.5
440     24320896.0      47620596.0       640768.5
54      24322304.0      47735905.5       640748.5
              Server1        Server2
Offset                              
14      411066.736842  117840.210526
355      12469.375000    3791.000000
6         8847.750000    2757.687500
128       6439.375000    2055.750000
483       6091.500000    1953.187500
206       5891.375000    1879.000000
196       5193.875000    1757.875000
50        4629.250000    1515.937500
304       4084.125000    1387.375000
369       4065.750000    1336.687500
192       4003.250000    1382.375000
403       3973.625000    1355.062500
377       3956.750000    1356.562500
406       3880.250000    1309.937500
457       3867.125000    1309.500000
27        3850.000000    1317.125000
132       3845.250000    1357.000000
347       3816.875000    1309.312500
112       3812.000000    1302.562500
258       3809.125000    1300.187500
Current: [14, 235, 392, 431]
Subround 3
         Timestamp  TS First Frame  TS Prev Frame
Offset                                           
139     24270080.0      47485806.0       791671.0
422     24511232.0      47565026.5       755670.5
492     24396416.0      47820226.5       736428.5
413     24539264.0      47975306.0       729411.0
320     24183040.0      47462762.0       701746.0
14      24498816.0      47856468.0       699366.5
169     24904064.0      48524232.0       689362.0
487     24343424.0      47566906.0       682100.5
479     24307072.0      47376700.0       675867.0
145     24271872.0      47566737.0       675354.0
117     24518656.0      47565341.0       669456.5
304     24298112.0      47599642.5       669092.0
60      24274560.0      47500005.0       656695.5
464     24779776.0      48456558.0       656430.5
419     24386048.0      47530039.5       651022.0
132     24435840.0      47747853.5       650047.0
268     24250752.0      47356537.5       649606.5
438     24694528.0      48179594.5       647787.5
440     24320896.0      47620596.0       640768.5
54      24322304.0      47735905.5       640748.5
           Server1      Server2
Offset                         
14      399304.300  114465.4500
355      12469.375    3791.0000
6         8847.750    2757.6875
128       6439.375    2055.7500
483       6091.500    1953.1875
206       5891.375    1879.0000
196       5193.875    1757.8750
50        4629.250    1515.9375
304       4084.125    1387.3750
369       4065.750    1336.6875
192       4003.250    1382.3750
403       3973.625    1355.0625
377       3956.750    1356.5625
406       3880.250    1309.9375
457       3867.125    1309.5000
27        3850.000    1317.1250
132       3845.250    1357.0000
347       3816.875    1309.3125
112       3812.000    1302.5625
258       3809.125    1300.1875
Current: [14, 271, 392, 431]
Subround 4
         Timestamp  TS First Frame  TS Prev Frame
Offset                                           
139     24270080.0      47485806.0       791671.0
422     24511232.0      47565026.5       755670.5
492     24396416.0      47820226.5       736428.5
413     24539264.0      47975306.0       729411.0
169     24904064.0      48524232.0       689362.0
487     24343424.0      47566906.0       682100.5
479     24307072.0      47376700.0       675867.0
145     24271872.0      47566737.0       675354.0
117     24518656.0      47565341.0       669456.5
304     24298112.0      47599642.5       669092.0
60      24274560.0      47500005.0       656695.5
464     24779776.0      48456558.0       656430.5
320     24191360.0      47510689.5       655767.0
419     24386048.0      47530039.5       651022.0
132     24435840.0      47747853.5       650047.0
268     24250752.0      47356537.5       649606.5
14      24459008.0      47886909.0       648997.0
438     24694528.0      48179594.5       647787.5
440     24320896.0      47620596.0       640768.5
54      24322304.0      47735905.5       640748.5
              Server1        Server2
Offset                              
14      388426.666667  111344.904762
355      12469.375000    3791.000000
6         8847.750000    2757.687500
128       6439.375000    2055.750000
483       6091.500000    1953.187500
206       5891.375000    1879.000000
196       5193.875000    1757.875000
50        4629.250000    1515.937500
304       4084.125000    1387.375000
369       4065.750000    1336.687500
192       4003.250000    1382.375000
403       3973.625000    1355.062500
377       3956.750000    1356.562500
406       3880.250000    1309.937500
457       3867.125000    1309.500000
27        3850.000000    1317.125000
132       3845.250000    1357.000000
347       3816.875000    1309.312500
112       3812.000000    1302.562500
258       3809.125000    1300.187500
Current: [14, 185, 235, 271, 392, 431]
Subround 5
         Timestamp  TS First Frame  TS Prev Frame
Offset                                           
139     24270080.0      47485806.0       791671.0
422     24511232.0      47565026.5       755670.5
492     24396416.0      47820226.5       736428.5
413     24539264.0      47975306.0       729411.0
14      24498816.0      47925765.5       699366.5
169     24904064.0      48524232.0       689362.0
487     24343424.0      47566906.0       682100.5
479     24307072.0      47376700.0       675867.0
145     24271872.0      47566737.0       675354.0
117     24518656.0      47565341.0       669456.5
304     24298112.0      47599642.5       669092.0
60      24274560.0      47500005.0       656695.5
464     24779776.0      48456558.0       656430.5
419     24386048.0      47530039.5       651022.0
132     24435840.0      47747853.5       650047.0
268     24250752.0      47356537.5       649606.5
438     24694528.0      48179594.5       647787.5
440     24320896.0      47620596.0       640768.5
54      24322304.0      47735905.5       640748.5
243     24321792.0      47585569.5       640320.5
              Server1        Server2
Offset                              
14      395166.181818  113282.681818
355      12469.375000    3791.000000
6         8847.750000    2757.687500
128       6439.375000    2055.750000
483       6091.500000    1953.187500
206       5891.375000    1879.000000
196       5193.875000    1757.875000
50        4629.250000    1515.937500
304       4084.125000    1387.375000
369       4065.750000    1336.687500
192       4003.250000    1382.375000
403       3973.625000    1355.062500
377       3956.750000    1356.562500
406       3880.250000    1309.937500
457       3867.125000    1309.500000
27        3850.000000    1317.125000
132       3845.250000    1357.000000
347       3816.875000    1309.312500
112       3812.000000    1302.562500
258       3809.125000    1300.187500
Current: [14, 185, 271, 392]
Subround 6
         Timestamp  TS First Frame  TS Prev Frame
Offset                                           
139     24270080.0      47485806.0       791671.0
422     24511232.0      47565026.5       755670.5
492     24396416.0      47820226.5       736428.5
413     24539264.0      47975306.0       729411.0
169     24904064.0      48524232.0       689362.0
487     24343424.0      47566906.0       682100.5
479     24307072.0      47376700.0       675867.0
145     24271872.0      47566737.0       675354.0
117     24518656.0      47565341.0       669456.5
304     24298112.0      47599642.5       669092.0
60      24274560.0      47500005.0       656695.5
464     24779776.0      48456558.0       656430.5
320     24191360.0      47510689.5       655767.0
419     24386048.0      47530039.5       651022.0
132     24435840.0      47747853.5       650047.0
268     24250752.0      47356537.5       649606.5
14      24459008.0      47886909.0       648997.0
438     24694528.0      48179594.5       647787.5
440     24320896.0      47620596.0       640768.5
54      24322304.0      47735905.5       640748.5
              Server1        Server2
Offset                              
14      385544.782609  110523.173913
355      12469.375000    3791.000000
6         8847.750000    2757.687500
128       6439.375000    2055.750000
483       6091.500000    1953.187500
206       5891.375000    1879.000000
196       5193.875000    1757.875000
50        4629.250000    1515.937500
304       4084.125000    1387.375000
369       4065.750000    1336.687500
192       4003.250000    1382.375000
403       3973.625000    1355.062500
377       3956.750000    1356.562500
406       3880.250000    1309.937500
457       3867.125000    1309.500000
27        3850.000000    1317.125000
132       3845.250000    1357.000000
347       3816.875000    1309.312500
112       3812.000000    1302.562500
258       3809.125000    1300.187500
Current: [14, 185, 271, 392, 433]
Subround 7
         Timestamp  TS First Frame  TS Prev Frame
Offset                                           
139     24270080.0      47485806.0       791671.0
422     24511232.0      47565026.5       755670.5
492     24396416.0      47820226.5       736428.5
413     24539264.0      47975306.0       729411.0
320     24199680.0      47558617.0       701746.0
169     24904064.0      48524232.0       689362.0
487     24343424.0      47566906.0       682100.5
479     24307072.0      47376700.0       675867.0
145     24271872.0      47566737.0       675354.0
117     24518656.0      47565341.0       669456.5
304     24298112.0      47599642.5       669092.0
60      24274560.0      47500005.0       656695.5
464     24779776.0      48456558.0       656430.5
419     24386048.0      47530039.5       651022.0
132     24435840.0      47747853.5       650047.0
268     24250752.0      47356537.5       649606.5
438     24694528.0      48179594.5       647787.5
440     24320896.0      47620596.0       640768.5
54      24322304.0      47735905.5       640748.5
243     24321792.0      47585569.5       640320.5
              Server1        Server2
Offset                              
14      375300.416667  107587.708333
355      12469.375000    3791.000000
6         8847.750000    2757.687500
128       6439.375000    2055.750000
483       6091.500000    1953.187500
206       5891.375000    1879.000000
196       5193.875000    1757.875000
50        4629.250000    1515.937500
304       4084.125000    1387.375000
369       4065.750000    1336.687500
192       4003.250000    1382.375000
403       3973.625000    1355.062500
377       3956.750000    1356.562500
406       3880.250000    1309.937500
457       3867.125000    1309.500000
27        3850.000000    1317.125000
132       3845.250000    1357.000000
347       3816.875000    1309.312500
112       3812.000000    1302.562500
258       3809.125000    1300.187500
Current: [14, 185, 271, 392, 433]
Subround 8
         Timestamp  TS First Frame  TS Prev Frame
Offset                                           
139     24270080.0      47485806.0       791671.0
422     24511232.0      47565026.5       755670.5
492     24396416.0      47820226.5       736428.5
413     24539264.0      47975306.0       729411.0
169     24904064.0      48524232.0       689362.0
487     24343424.0      47566906.0       682100.5
479     24307072.0      47376700.0       675867.0
145     24271872.0      47566737.0       675354.0
117     24518656.0      47565341.0       669456.5
304     24298112.0      47599642.5       669092.0
60      24274560.0      47500005.0       656695.5
464     24779776.0      48456558.0       656430.5
320     24191360.0      47510689.5       655767.0
419     24386048.0      47530039.5       651022.0
132     24435840.0      47747853.5       650047.0
268     24250752.0      47356537.5       649606.5
14      24459008.0      47886909.0       648997.0
438     24694528.0      48179594.5       647787.5
440     24320896.0      47620596.0       640768.5
54      24322304.0      47735905.5       640748.5
           Server1      Server2
Offset                         
14      380594.720  109110.0000
355      12469.375    3791.0000
6         8847.750    2757.6875
128       6439.375    2055.7500
483       6091.500    1953.1875
206       5891.375    1879.0000
196       5193.875    1757.8750
50        4629.250    1515.9375
304       4084.125    1387.3750
369       4065.750    1336.6875
192       4003.250    1382.3750
403       3973.625    1355.0625
377       3956.750    1356.5625
406       3880.250    1309.9375
457       3867.125    1309.5000
27        3850.000    1317.1250
132       3845.250    1357.0000
320       3827.280    1317.4800
347       3816.875    1309.3125
112       3812.000    1302.5625
Current: [14, 271]
Subround 9
         Timestamp  TS First Frame  TS Prev Frame
Offset                                           
139     24270080.0      47485806.0       791671.0
422     24511232.0      47565026.5       755670.5
492     24396416.0      47820226.5       736428.5
413     24539264.0      47975306.0       729411.0
320     24199680.0      47558617.0       701746.0
169     24904064.0      48524232.0       689362.0
487     24343424.0      47566906.0       682100.5
479     24307072.0      47376700.0       675867.0
145     24271872.0      47566737.0       675354.0
117     24518656.0      47565341.0       669456.5
304     24298112.0      47599642.5       669092.0
60      24274560.0      47500005.0       656695.5
464     24779776.0      48456558.0       656430.5
419     24386048.0      47530039.5       651022.0
132     24435840.0      47747853.5       650047.0
268     24250752.0      47356537.5       649606.5
438     24694528.0      48179594.5       647787.5
440     24320896.0      47620596.0       640768.5
54      24322304.0      47735905.5       640748.5
243     24321792.0      47585569.5       640320.5
              Server1        Server2
Offset                              
14      374509.076923  107365.115385
355      12469.375000    3791.000000
6         8847.750000    2757.687500
128       6439.375000    2055.750000
483       6091.500000    1953.187500
206       5891.375000    1879.000000
196       5193.875000    1757.875000
50        4629.250000    1515.937500
304       4084.125000    1387.375000
369       4065.750000    1336.687500
192       4003.250000    1382.375000
403       3973.625000    1355.062500
377       3956.750000    1356.562500
406       3880.250000    1309.937500
457       3867.125000    1309.500000
27        3850.000000    1317.125000
132       3845.250000    1357.000000
347       3816.875000    1309.312500
112       3812.000000    1302.562500
258       3809.125000    1300.187500
Current: [14, 185, 271, 433]
Subround 10
         Timestamp  TS First Frame  TS Prev Frame
Offset                                           
139     24270080.0      47485806.0       791671.0
422     24511232.0      47565026.5       755670.5
492     24396416.0      47820226.5       736428.5
413     24539264.0      47975306.0       729411.0
169     24904064.0      48524232.0       689362.0
487     24343424.0      47566906.0       682100.5
479     24307072.0      47376700.0       675867.0
145     24271872.0      47566737.0       675354.0
117     24518656.0      47565341.0       669456.5
304     24298112.0      47599642.5       669092.0
60      24274560.0      47500005.0       656695.5
464     24779776.0      48456558.0       656430.5
320     24191360.0      47510689.5       655767.0
419     24386048.0      47530039.5       651022.0
132     24435840.0      47747853.5       650047.0
268     24250752.0      47356537.5       649606.5
438     24694528.0      48179594.5       647787.5
440     24320896.0      47620596.0       640768.5
54      24322304.0      47735905.5       640748.5
243     24321792.0      47585569.5       640320.5
              Server1        Server2
Offset                              
14      367169.185185  105261.259259
355      12469.375000    3791.000000
6         8847.750000    2757.687500
128       6439.375000    2055.750000
483       6091.500000    1953.187500
206       5891.375000    1879.000000
196       5193.875000    1757.875000
50        4629.250000    1515.937500
304       4084.125000    1387.375000
369       4065.750000    1336.687500
192       4003.250000    1382.375000
403       3973.625000    1355.062500
377       3956.750000    1356.562500
406       3880.250000    1309.937500
457       3867.125000    1309.500000
27        3850.000000    1317.125000
132       3845.250000    1357.000000
347       3816.875000    1309.312500
112       3812.000000    1302.562500
258       3809.125000    1300.187500
Current: [14, 271]
Subround 11
         Timestamp  TS First Frame  TS Prev Frame
Offset                                           
139     24270080.0      47485806.0       791671.0
422     24511232.0      47565026.5       755670.5
492     24396416.0      47820226.5       736428.5
413     24539264.0      47975306.0       729411.0
169     24904064.0      48524232.0       689362.0
487     24343424.0      47566906.0       682100.5
479     24307072.0      47376700.0       675867.0
145     24271872.0      47566737.0       675354.0
117     24518656.0      47565341.0       669456.5
304     24298112.0      47599642.5       669092.0
60      24274560.0      47500005.0       656695.5
464     24779776.0      48456558.0       656430.5
419     24386048.0      47530039.5       651022.0
132     24435840.0      47747853.5       650047.0
268     24250752.0      47356537.5       649606.5
438     24694528.0      48179594.5       647787.5
440     24320896.0      47620596.0       640768.5
54      24322304.0      47735905.5       640748.5
243     24321792.0      47585569.5       640320.5
79      24593664.0      47630366.0       637913.0
              Server1        Server2
Offset                              
14      374182.571429  107274.357143
355      12469.375000    3791.000000
6         8847.750000    2757.687500
128       6439.375000    2055.750000
483       6091.500000    1953.187500
206       5891.375000    1879.000000
196       5193.875000    1757.875000
50        4629.250000    1515.937500
304       4084.125000    1387.375000
369       4065.750000    1336.687500
192       4003.250000    1382.375000
403       3973.625000    1355.062500
377       3956.750000    1356.562500
406       3880.250000    1309.937500
457       3867.125000    1309.500000
27        3850.000000    1317.125000
132       3845.250000    1357.000000
347       3816.875000    1309.312500
112       3812.000000    1302.562500
258       3809.125000    1300.187500
Current: [14]
Subround 12
         Timestamp  TS First Frame  TS Prev Frame
Offset                                           
139     24270080.0      47485806.0       791671.0
422     24511232.0      47565026.5       755670.5
492     24396416.0      47820226.5       736428.5
413     24539264.0      47975306.0       729411.0
169     24904064.0      48524232.0       689362.0
487     24343424.0      47566906.0       682100.5
479     24307072.0      47376700.0       675867.0
145     24271872.0      47566737.0       675354.0
117     24518656.0      47565341.0       669456.5
304     24298112.0      47599642.5       669092.0
60      24274560.0      47500005.0       656695.5
464     24779776.0      48456558.0       656430.5
320     24191360.0      47510689.5       655767.0
419     24386048.0      47530039.5       651022.0
132     24435840.0      47747853.5       650047.0
268     24250752.0      47356537.5       649606.5
438     24694528.0      48179594.5       647787.5
440     24320896.0      47620596.0       640768.5
54      24322304.0      47735905.5       640748.5
243     24321792.0      47585569.5       640320.5
              Server1        Server2
Offset                              
14      367202.413793  105274.206897
355      12469.375000    3791.000000
6         8847.750000    2757.687500
128       6439.375000    2055.750000
483       6091.500000    1953.187500
206       5891.375000    1879.000000
196       5193.875000    1757.875000
50        4629.250000    1515.937500
304       4084.125000    1387.375000
369       4065.750000    1336.687500
192       4003.250000    1382.375000
403       3973.625000    1355.062500
377       3956.750000    1356.562500
406       3880.250000    1309.937500
457       3867.125000    1309.500000
27        3850.000000    1317.125000
132       3845.250000    1357.000000
347       3816.875000    1309.312500
112       3812.000000    1302.562500
258       3809.125000    1300.187500
Current: [14]
Subround 13
         Timestamp  TS First Frame  TS Prev Frame
Offset                                           
139     24270080.0      47485806.0       791671.0
422     24511232.0      47565026.5       755670.5
492     24396416.0      47820226.5       736428.5
413     24539264.0      47975306.0       729411.0
169     24904064.0      48524232.0       689362.0
487     24343424.0      47566906.0       682100.5
479     24307072.0      47376700.0       675867.0
145     24271872.0      47566737.0       675354.0
117     24518656.0      47565341.0       669456.5
304     24298112.0      47599642.5       669092.0
60      24274560.0      47500005.0       656695.5
464     24779776.0      48456558.0       656430.5
419     24386048.0      47530039.5       651022.0
132     24435840.0      47747853.5       650047.0
268     24250752.0      47356537.5       649606.5
438     24694528.0      48179594.5       647787.5
440     24320896.0      47620596.0       640768.5
54      24322304.0      47735905.5       640748.5
243     24321792.0      47585569.5       640320.5
79      24593664.0      47630366.0       637913.0
              Server1      Server2
Offset                            
14      360432.466667  103331.7000
355      12469.375000    3791.0000
6         8847.750000    2757.6875
128       6439.375000    2055.7500
483       6091.500000    1953.1875
206       5891.375000    1879.0000
196       5193.875000    1757.8750
50        4629.250000    1515.9375
304       4084.125000    1387.3750
369       4065.750000    1336.6875
192       4003.250000    1382.3750
403       3973.625000    1355.0625
377       3956.750000    1356.5625
406       3880.250000    1309.9375
457       3867.125000    1309.5000
27        3850.000000    1317.1250
132       3845.250000    1357.0000
347       3816.875000    1309.3125
112       3812.000000    1302.5625
258       3809.125000    1300.1875
Current: [14]
Subround 14
         Timestamp  TS First Frame  TS Prev Frame
Offset                                           
139     24270080.0      47485806.0       791671.0
422     24511232.0      47565026.5       755670.5
492     24396416.0      47820226.5       736428.5
413     24539264.0      47975306.0       729411.0
169     24904064.0      48524232.0       689362.0
487     24343424.0      47566906.0       682100.5
479     24307072.0      47376700.0       675867.0
145     24271872.0      47566737.0       675354.0
117     24518656.0      47565341.0       669456.5
304     24298112.0      47599642.5       669092.0
60      24274560.0      47500005.0       656695.5
464     24779776.0      48456558.0       656430.5
419     24386048.0      47530039.5       651022.0
132     24435840.0      47747853.5       650047.0
268     24250752.0      47356537.5       649606.5
438     24694528.0      48179594.5       647787.5
440     24320896.0      47620596.0       640768.5
54      24322304.0      47735905.5       640748.5
243     24321792.0      47585569.5       640320.5
79      24593664.0      47630366.0       637913.0
              Server1        Server2
Offset                              
14      368207.741935  105559.290323
355      12469.375000    3791.000000
6         8847.750000    2757.687500
128       6439.375000    2055.750000
483       6091.500000    1953.187500
206       5891.375000    1879.000000
196       5193.875000    1757.875000
50        4629.250000    1515.937500
304       4084.125000    1387.375000
369       4065.750000    1336.687500
192       4003.250000    1382.375000
403       3973.625000    1355.062500
377       3956.750000    1356.562500
406       3880.250000    1309.937500
457       3867.125000    1309.500000
27        3850.000000    1317.125000
132       3845.250000    1357.000000
347       3816.875000    1309.312500
112       3812.000000    1302.562500
258       3809.125000    1300.187500
Current: [14]
         Timestamp  TS First Frame  TS Prev Frame
Offset                                           
139     24270080.0      47485806.0       791671.0
422     24511232.0      47565026.5       755670.5
492     24396416.0      47820226.5       736428.5
413     24539264.0      47975306.0       729411.0
169     24904064.0      48524232.0       689362.0
487     24343424.0      47566906.0       682100.5
479     24307072.0      47376700.0       675867.0
145     24271872.0      47566737.0       675354.0
117     24518656.0      47565341.0       669456.5
304     24298112.0      47599642.5       669092.0
60      24274560.0      47500005.0       656695.5
464     24779776.0      48456558.0       656430.5
419     24386048.0      47530039.5       651022.0
132     24435840.0      47747853.5       650047.0
268     24250752.0      47356537.5       649606.5
438     24694528.0      48179594.5       647787.5
440     24320896.0      47620596.0       640768.5
54      24322304.0      47735905.5       640748.5
243     24321792.0      47585569.5       640320.5
79      24593664.0      47630366.0       637913.0
              Server1        Server2
Offset                              
14      368207.741935  105559.290323
355      12469.375000    3791.000000
6         8847.750000    2757.687500
128       6439.375000    2055.750000
483       6091.500000    1953.187500
206       5891.375000    1879.000000
196       5193.875000    1757.875000
50        4629.250000    1515.937500
304       4084.125000    1387.375000
369       4065.750000    1336.687500
192       4003.250000    1382.375000
403       3973.625000    1355.062500
377       3956.750000    1356.562500
406       3880.250000    1309.937500
457       3867.125000    1309.500000
27        3850.000000    1317.125000
132       3845.250000    1357.000000
347       3816.875000    1309.312500
112       3812.000000    1302.562500
258       3809.125000    1300.187500
Winning offset:
[14]
2021-09-17 00:30:13.029538
2021-09-17 00:35:27.179447
0:05:14.149909
attacker.py:479: DeprecationWarning: The default dtype for empty Series will be 'object' instead of 'float64' in a future version. Specify a dtype explicitly to silence this warning.
  mean1 = pd.Series(values1).mean()
attacker.py:480: DeprecationWarning: The default dtype for empty Series will be 'object' instead of 'float64' in a future version. Specify a dtype explicitly to silence this warning.
  mean2 = pd.Series(values2).mean()
attacker.py:479: DeprecationWarning: The default dtype for empty Series will be 'object' instead of 'float64' in a future version. Specify a dtype explicitly to silence this warning.
  mean1 = pd.Series(values1).mean()
attacker.py:480: DeprecationWarning: The default dtype for empty Series will be 'object' instead of 'float64' in a future version. Specify a dtype explicitly to silence this warning.
  mean2 = pd.Series(values2).mean()
Exception ignored in: <function Capture.__del__ at 0x7f729e8c3670>
Traceback (most recent call last):
  File "/home/mlipp/.virtualenvs/kaslr/lib/python3.8/site-packages/pyshark/capture/capture.py", line 445, in __del__
  File "/home/mlipp/.virtualenvs/kaslr/lib/python3.8/site-packages/pyshark/capture/capture.py", line 436, in close
  File "/usr/lib/python3.8/asyncio/base_events.py", line 592, in run_until_complete
  File "/usr/lib/python3.8/asyncio/base_events.py", line 553, in _check_running
AttributeError: 'NoneType' object has no attribute '_get_running_loop'
