Loading page file profiles/packet3/pages/0x6e4a.yaml
Loading page file profiles/packet3/pages/0x6e60.yaml
Loading page file profiles/packet3/pages/0x6ee3.yaml
Loading page file profiles/packet3/pages/0x7241.yaml
Loading page file profiles/packet3/pages/0x7242.yaml
Loading page file profiles/packet3/pages/0x7243.yaml
Loading page file profiles/packet3/pages/0x7244.yaml
Round 0
Subround 0
Empty DataFrame
Columns: [Timestamp, TS First Frame, TS Prev Frame]
Index: []
         Server1  Server2
Offset                   
14      259556.0  74370.0
277      89360.0  26237.0
356      18372.0   5378.0
112       6954.0   2284.0
506       6930.0   2260.0
34        6704.0   2233.0
386       6548.0   2118.0
39        6482.0   2143.0
218       6432.0   2093.0
366       6380.0   2221.0
235       6324.0   2056.0
283       6186.0   2121.0
206       6148.0   2010.0
155       6124.0   2197.0
443       6116.0   2101.0
413       6080.0   1985.0
268       6072.0   1996.0
300       6062.0   2154.0
181       6038.0   2139.0
82        6010.0   2081.0
Current: [0, 1, 2, 6, 7, 8, 9, 10, 12, 14, 16, 17, 18, 19, 22, 25, 27, 28, 29, 31, 32, 33, 36, 41, 42, 43, 47, 50, 51, 52, 54, 56, 58, 59, 60, 62, 65, 67, 68, 70, 74, 77, 78, 79, 82, 84, 91, 92, 93, 95, 96, 99, 102, 103, 106, 107, 112, 113, 117, 118, 119, 120, 121, 123, 126, 128, 132, 133, 135, 138, 139, 142, 144, 145, 146, 151, 152, 154, 155, 156, 157, 158, 160, 161, 163, 167, 168, 169, 170, 172, 173, 174, 175, 176, 178, 183, 187, 190, 192, 196, 198, 200, 202, 204, 205, 207, 211, 212, 213, 214, 216, 220, 221, 224, 226, 227, 231, 235, 237, 241, 242, 247, 248, 251, 253, 254, 255, 258, 259, 260, 262, 264, 265, 267, 269, 270, 274, 275, 278, 280, 282, 287, 290, 292, 293, 294, 297, 298, 299, 301, 302, 303, 305, 310, 311, 314, 315, 316, 318, 319, 320, 322, 324, 327, 329, 332, 333, 335, 345, 352, 354, 356, 358, 359, 361, 362, 363, 364, 365, 366, 368, 369, 371, 376, 377, 379, 381, 382, 383, 384, 385, 388, 390, 392, 394, 396, 400, 404, 405, 407, 408, 409, 411, 413, 416, 417, 418, 421, 423, 425, 429, 432, 434, 437, 444, 445, 447, 450, 452, 453, 454, 455, 456, 457, 459, 460, 461, 463, 464, 465, 466, 467, 471, 472, 473, 474, 476, 479, 481, 484, 486, 491, 492, 493, 494, 496, 498, 500, 501, 502, 504, 505, 506, 509]
Subround 1
         Timestamp  TS First Frame  TS Prev Frame
Offset                                           
491     24753536.0      47916976.5      1064049.0
173     24623104.0      48045056.0       981757.0
483     24560640.0      48026465.0       913625.0
362     24691968.0      48297757.5       903529.5
73      24583680.0      48234994.5       893400.5
51      24939904.0      48482294.0       892589.5
191     24852608.0      48479350.5       891570.5
113     24712832.0      48043829.0       889284.0
49      24727168.0      48117650.5       884924.5
174     24893056.0      48574295.0       875441.5
495     25104768.0      48546203.0       875128.5
413     24793856.0      48419877.5       864313.5
57      24925440.0      48357208.5       862667.0
405     24770560.0      48454865.5       856327.0
323     24904192.0      48517564.5       856023.0
111     24894720.0      48636729.0       853256.5
212     24631040.0      47957390.0       843268.0
28      24645760.0      48109151.0       826544.0
107     24790656.0      48476588.0       819819.0
23      24473600.0      47994071.0       817740.5
         Server1   Server2
Offset                    
14      430753.0  123504.0
391      69263.0   20118.0
277      45955.0   13541.0
356      10215.0    3035.5
243       5628.0    1992.5
206       5524.0    1893.5
265       5443.0    1856.5
413       5328.0    1769.5
323       5325.0    1880.0
301       5304.0    1629.0
212       5203.0    1843.0
450       5155.0    1825.5
362       5149.0    1829.0
113       5097.0    1782.5
290       5090.0    1667.0
173       4990.0    1727.5
23        4933.0    1653.5
405       4922.0    1662.0
49        4838.0    1746.5
386       4775.0    1556.0
Current: [1, 2, 6, 7, 8, 12, 19, 22, 33, 42, 43, 54, 56, 60, 68, 70, 74, 77, 79, 82, 84, 90, 93, 102, 106, 113, 117, 121, 132, 133, 138, 139, 146, 157, 160, 163, 167, 169, 172, 174, 176, 178, 183, 187, 190, 196, 198, 200, 205, 211, 226, 227, 235, 237, 242, 247, 251, 254, 255, 258, 259, 264, 274, 297, 298, 303, 305, 310, 311, 318, 319, 320, 322, 324, 327, 329, 335, 352, 359, 362, 364, 365, 377, 379, 383, 385, 392, 394, 400, 404, 405, 408, 411, 413, 416, 417, 421, 429, 432, 444, 447, 450, 452, 453, 454, 455, 461, 464, 465, 466, 472, 473, 479, 481, 493, 498, 500, 502, 506]
Subround 2
         Timestamp  TS First Frame  TS Prev Frame
Offset                                           
51      24834816.0      48431548.0      1032525.0
219     25142528.0      48872987.0       997674.0
495     25003776.0      48500824.0       978258.0
60      24523520.0      47880495.0       948201.0
122     24411136.0      47291506.0       943368.0
392     24359424.0      47193397.0       928327.0
479     24694272.0      47963959.0       927801.0
97      24305152.0      47583159.0       927721.0
177     24601088.0      48035035.0       927520.0
14      24626688.0      47657705.0       927463.0
458     24461824.0      47377436.0       922199.0
456     24369408.0      47449808.0       913627.0
68      24466944.0      47088032.0       911836.0
286     24562432.0      47692746.0       909548.0
294     24400640.0      47653451.0       909314.0
411     24482304.0      47220832.0       907264.0
324     24168704.0      47243295.0       905951.0
170     24589568.0      48234343.0       904167.0
351     24594432.0      48195742.0       904123.0
399     24546560.0      47628107.0       900054.0
              Server1        Server2
Offset                              
14      470090.666667  134792.333333
391      47591.333333   13945.666667
277      31704.666667    9368.000000
356       7556.000000    2261.666667
290       5089.333333    1717.000000
199       5070.666667    1654.333333
212       5069.333333    1793.333333
23        4916.000000    1712.000000
91        4900.666667    1665.000000
354       4870.666667    1593.000000
206       4835.333333    1634.666667
316       4800.666667    1635.000000
67        4662.000000    1567.333333
226       4654.000000    1535.666667
20        4633.333333    1521.000000
174       4624.000000    1680.000000
292       4618.000000    1572.666667
243       4601.333333    1616.000000
265       4595.333333    1578.000000
315       4592.000000    1598.000000
Current: [1, 6, 22, 33, 43, 54, 60, 70, 74, 77, 84, 93, 106, 117, 132, 133, 139, 157, 167, 174, 176, 178, 183, 196, 226, 227, 237, 242, 247, 251, 255, 264, 274, 297, 305, 310, 311, 318, 319, 322, 329, 359, 362, 365, 379, 383, 385, 394, 405, 408, 411, 416, 432, 444, 447, 452, 453, 461, 472, 473, 500]
Subround 3
         Timestamp  TS First Frame  TS Prev Frame
Offset                                           
431     25140096.0      48564166.5      1136602.5
392     24575616.0      47612990.5       949393.5
122     24677120.0      47941306.0       945864.0
22      24798720.0      48170841.0       912674.5
286     24727680.0      48146617.5       911738.5
354     24860288.0      48320532.5       910637.5
411     24704768.0      47920525.5       908968.0
452     24600448.0      48031027.0       904222.0
324     24643072.0      47915610.0       902482.5
363     24695040.0      48144281.5       902417.5
6       24874240.0      48331131.0       900907.5
68      24560640.0      47512847.0       899680.0
51      24744832.0      47963177.5       892589.5
456     24742144.0      48186762.5       892001.0
147     24846592.0      48209172.5       890226.5
458     24819840.0      48123328.5       889251.0
297     24989440.0      48429807.0       885209.5
403     25694464.0      50312569.0       884294.5
91      24627712.0      48077592.0       879580.5
87      24803328.0      48101611.5       878991.5
         Server1    Server2
Offset                     
14      398082.5  114148.75
391      36904.5   10895.25
277      24239.5    7183.75
356       6378.0    1943.50
91        5273.5    1818.00
199       4988.0    1644.00
354       4923.0    1668.75
414       4888.5    1650.25
67        4853.0    1652.50
326       4810.0    1618.00
372       4780.5    1562.50
398       4768.0    1583.50
20        4756.5    1596.50
292       4703.0    1596.75
320       4676.0    1572.00
411       4674.5    1610.75
290       4667.5    1580.00
397       4627.0    1558.00
294       4617.5    1598.25
18        4612.0    1607.00
Current: [1, 6, 7, 8, 11, 12, 14, 16, 22, 29, 33, 37, 41, 42, 43, 47, 50, 52, 53, 54, 55, 56, 60, 64, 70, 72, 74, 77, 82, 84, 89, 93, 96, 97, 102, 106, 112, 113, 117, 119, 120, 121, 126, 128, 131, 132, 133, 135, 139, 144, 145, 146, 151, 155, 157, 158, 161, 167, 168, 172, 173, 174, 175, 176, 178, 181, 183, 187, 190, 196, 198, 204, 207, 211, 212, 221, 224, 226, 227, 237, 240, 241, 242, 245, 246, 247, 251, 255, 264, 266, 274, 276, 281, 284, 291, 293, 297, 302, 303, 304, 305, 307, 310, 311, 315, 318, 319, 320, 321, 322, 324, 326, 327, 329, 330, 333, 334, 346, 353, 354, 355, 359, 362, 363, 365, 377, 379, 380, 383, 385, 392, 394, 400, 404, 405, 408, 411, 412, 415, 416, 420, 421, 432, 435, 444, 445, 447, 450, 452, 453, 455, 456, 460, 461, 464, 472, 473, 475, 481, 486, 490, 491, 493, 498, 499, 500, 501, 502, 506]
Subround 4
         Timestamp  TS First Frame  TS Prev Frame
Offset                                           
122     24943104.0      48591106.0       943368.0
392     24359424.0      47193397.0       928327.0
423     24163072.0      46819856.0       913193.0
269     24641536.0      47970637.0       912105.0
286     24562432.0      47692746.0       909548.0
411     24482304.0      47220832.0       907264.0
229     24561408.0      48026216.0       904181.0
324     24422912.0      47536872.0       899014.0
210     24350464.0      47227097.0       895623.0
68      24466944.0      47416683.0       887524.0
264     24519168.0      47825395.0       882210.0
22      24681216.0      47855788.0       881554.0
431     24836864.0      48034189.0       879527.0
363     24868352.0      48307497.0       877862.0
250     25068032.0      48639832.0       876414.0
297     25068288.0      48447526.0       874580.0
456     24369408.0      47449808.0       870375.0
18      24423936.0      47890245.0       869088.0
437     24445952.0      47608482.0       867922.0
105     24611584.0      48052486.0       864722.0
         Server1   Server2
Offset                    
14      364102.0  104388.0
391      29925.6    8847.4
277      20060.4    5955.2
356       5864.8    1829.4
91        5214.8    1790.6
414       4846.8    1639.2
354       4793.2    1649.8
290       4689.2    1589.8
286       4654.4    1621.2
59        4622.8    1588.6
210       4617.6    1609.0
20        4591.2    1539.4
18        4566.0    1615.4
437       4550.8    1510.8
301       4517.6    1455.8
411       4484.4    1551.8
272       4483.6    1541.4
452       4461.2    1522.8
250       4416.0    1581.4
189       4371.6    1514.4
Current: [1, 8, 14, 22, 29, 41, 43, 53, 54, 55, 60, 70, 72, 74, 89, 93, 97, 106, 112, 113, 117, 120, 126, 128, 133, 146, 151, 155, 161, 167, 168, 172, 174, 176, 178, 181, 187, 190, 196, 198, 204, 207, 211, 212, 226, 227, 240, 242, 247, 251, 255, 264, 266, 274, 276, 281, 284, 291, 297, 302, 304, 305, 310, 315, 319, 329, 330, 354, 359, 362, 363, 365, 377, 379, 380, 383, 385, 392, 394, 404, 405, 408, 411, 415, 420, 432, 435, 444, 447, 452, 455, 460, 461, 472, 475, 481, 486, 491, 493, 498, 499, 501, 506]
Subround 5
         Timestamp  TS First Frame  TS Prev Frame
Offset                                           
122     24766080.0      48277772.5       923489.5
22      24798720.0      48170841.0       912674.5
423     24291712.0      47068337.0       903808.0
18      24483840.0      47731723.5       901605.5
324     24619008.0      48087922.0       899014.0
452     24707328.0      48322256.0       896395.0
297     25083648.0      48547115.5       885209.5
68      24531584.0      47620091.5       883239.0
87      24803328.0      48101611.5       878991.5
286     24727680.0      48146617.5       872980.5
363     25079808.0      48740923.0       872807.0
150     24874880.0      48360147.0       872517.0
97      24390400.0      47611319.5       868336.0
250     25086336.0      48711265.5       865166.0
105     24553984.0      47689788.5       864887.5
492     24478208.0      47560307.5       863963.5
210     24446720.0      47641493.5       857661.0
414     24998144.0      48617529.0       857578.0
199     24429696.0      47628515.5       855487.0
458     24332288.0      47371006.0       851102.5
              Server1       Server2
Offset                             
14      340362.666667  97655.000000
391      25824.000000   7691.833333
277      17047.666667   5075.333333
408      16208.333333   4904.666667
356       5614.666667   1791.833333
91        5284.333333   1820.333333
354       4904.000000   1699.500000
414       4824.333333   1633.500000
290       4762.000000   1627.166667
18        4761.666667   1683.000000
210       4740.333333   1644.666667
423       4658.000000   1600.000000
189       4640.333333   1587.500000
59        4626.333333   1609.500000
286       4600.000000   1616.333333
272       4563.666667   1580.166667
20        4557.333333   1554.500000
452       4545.333333   1542.166667
345       4510.666667   1526.833333
320       4482.000000   1530.000000
Current: [1, 14, 22, 43, 54, 55, 70, 74, 97, 106, 112, 113, 133, 151, 155, 167, 168, 172, 174, 190, 207, 211, 212, 226, 242, 247, 251, 255, 264, 274, 276, 284, 297, 304, 315, 319, 354, 359, 362, 379, 385, 392, 394, 404, 405, 411, 432, 452, 460, 461, 472, 486, 491, 493, 498, 501, 506]
Subround 6
         Timestamp  TS First Frame  TS Prev Frame
Offset                                           
122     24943104.0      48591106.0       943368.0
18      24721152.0      48283884.5       936922.0
97      24475648.0      47604251.0       927721.0
286     24892928.0      48600489.0       909548.0
411     24927232.0      48261698.0       907264.0
87      25027328.0      48403555.0       897962.0
354     24845696.0      48320532.5       896423.5
22      24916224.0      48485894.0       895626.0
423     24420352.0      47316818.0       894423.0
147     24846592.0      48209172.5       890226.5
324     24815616.0      48326635.5       889353.0
297     25099008.0      48646705.0       889260.0
150     24952064.0      48376570.0       885769.0
313     24922880.0      48366197.0       882222.0
68      24596224.0      47823500.0       878954.0
91      24650880.0      48162325.5       878239.5
322     24651392.0      48137540.0       877723.0
105     24647808.0      48072212.0       877426.0
363     24868352.0      48359967.0       867752.0
492     24451072.0      47556086.0       866902.0
              Server1       Server2
Offset                             
14      326565.428571  93691.428571
391      22858.571429   6835.428571
277      14883.428571   4443.000000
408      14706.571429   4488.000000
91        5274.571429   1811.000000
356       5233.142857   1676.571429
354       5230.285714   1791.428571
210       4907.428571   1682.000000
18        4836.571429   1695.714286
290       4833.714286   1651.000000
414       4786.000000   1622.428571
326       4769.142857   1610.000000
59        4704.000000   1644.714286
20        4692.000000   1607.857143
286       4679.428571   1646.428571
272       4670.285714   1621.571429
189       4644.857143   1601.571429
452       4606.285714   1556.000000
313       4602.285714   1620.000000
327       4572.285714   1632.857143
Current: [1, 8, 13, 14, 22, 29, 41, 43, 53, 54, 55, 60, 66, 70, 74, 79, 82, 89, 93, 97, 103, 106, 112, 113, 118, 119, 123, 126, 133, 142, 146, 151, 155, 157, 158, 160, 161, 167, 168, 172, 173, 174, 181, 187, 190, 204, 207, 211, 212, 218, 226, 234, 242, 245, 247, 255, 260, 264, 274, 276, 280, 281, 284, 291, 297, 304, 305, 310, 315, 319, 320, 324, 326, 330, 334, 350, 351, 354, 359, 362, 365, 368, 374, 377, 379, 383, 385, 392, 394, 404, 405, 411, 415, 420, 432, 444, 445, 447, 452, 453, 455, 460, 461, 464, 467, 472, 486, 490, 491, 492, 493, 498, 499, 501, 506]
Subround 7
         Timestamp  TS First Frame  TS Prev Frame
Offset                                           
122     24766080.0      48277772.5       923489.5
455     25242752.0      49083508.0       907224.5
18      24483840.0      47824384.0       901605.5
272     24835840.0      48583855.0       895726.0
322     24708608.0      48170787.0       890445.0
105     24684032.0      48091938.0       889799.0
22      24798720.0      48170841.0       888590.0
423     24488704.0      47830946.5       886455.0
68      24625280.0      47880581.0       883239.0
297     25221504.0      48851984.5       881920.0
269     24524288.0      47784675.5       880713.5
229     24548736.0      47838746.5       876792.0
286     24727680.0      48146617.5       872980.5
476     24700672.0      47867819.0       870027.5
97      24390400.0      47593705.0       868336.0
150     24874880.0      48360147.0       867524.5
492     24380672.0      47544238.0       863963.5
87      24803328.0      48101611.5       863858.5
324     24531456.0      47995021.0       860338.5
363     24768640.0      48333732.0       857924.0
          Server1    Server2
Offset                      
14      313117.25  89824.000
391      20302.50   6080.875
277      13337.75   4002.375
408      13165.75   4029.500
356       5197.25   1697.875
279       5047.50   1658.625
354       4976.75   1693.875
91        4950.75   1695.000
189       4799.25   1668.125
326       4758.00   1630.375
59        4731.00   1659.250
272       4715.25   1630.000
322       4683.75   1591.625
210       4617.75   1580.500
437       4615.75   1585.250
398       4594.50   1593.125
423       4585.75   1592.250
318       4580.50   1572.125
345       4568.75   1575.500
414       4558.50   1548.750
Current: [8, 14, 22, 29, 41, 43, 54, 55, 60, 70, 74, 79, 82, 93, 97, 106, 119, 126, 133, 142, 151, 158, 161, 167, 169, 173, 174, 187, 190, 204, 212, 226, 242, 247, 255, 260, 274, 276, 281, 284, 291, 297, 304, 305, 310, 315, 319, 320, 324, 330, 354, 359, 362, 374, 385, 392, 394, 404, 405, 411, 415, 432, 444, 447, 452, 453, 455, 460, 461, 472, 486, 493, 506]
Subround 8
         Timestamp  TS First Frame  TS Prev Frame
Offset                                           
122     24589056.0      47964439.0       903611.0
22      24681216.0      47855788.0       881554.0
68      24596224.0      47823500.0       878954.0
423     24420352.0      47316818.0       878487.0
297     25099008.0      48646705.0       874580.0
18      24423936.0      47758523.0       869088.0
105     24611584.0      48052486.0       865053.0
322     24594176.0      48104293.0       865001.0
455     25180416.0      48948615.0       864053.0
492     24310272.0      47532390.0       861025.0
476     24686848.0      47743924.0       858192.0
272     24647936.0      48391629.0       856343.0
199     24337664.0      47507658.0       849842.0
124     24711424.0      48222965.0       849478.0
229     24536064.0      47651277.0       849403.0
269     24407040.0      47598714.0       849322.0
150     24952064.0      48376570.0       849280.0
363     24668928.0      48307497.0       848096.0
91      24459008.0      47657204.0       845265.0
245     24641280.0      48064650.0       841798.0
              Server1       Server2
Offset                             
14      297635.333333  85378.000000
391      18283.111111   5481.000000
277      12429.777778   3771.111111
408      11923.777778   3656.333333
219       5705.777778   1793.333333
362       5617.555556   1805.444444
356       5110.000000   1688.777778
279       5002.222222   1663.333333
91        4643.777778   1588.333333
354       4638.888889   1578.000000
326       4583.777778   1558.888889
318       4542.444444   1560.000000
272       4530.888889   1553.333333
189       4513.777778   1563.888889
437       4428.000000   1513.111111
59        4416.000000   1543.666667
414       4403.777778   1487.666667
322       4372.666667   1485.333333
398       4363.777778   1507.555556
256       4346.444444   1481.444444
Current: [8, 14, 22, 43, 54, 55, 70, 74, 82, 106, 126, 142, 158, 161, 167, 174, 187, 190, 204, 242, 247, 255, 260, 274, 276, 281, 284, 297, 304, 315, 319, 320, 330, 359, 362, 374, 385, 392, 404, 405, 452, 455, 460, 472, 506]
Subround 9
         Timestamp  TS First Frame  TS Prev Frame
Offset                                           
68      24531584.0      47620091.5       870446.5
105     24553984.0      47704073.0       864887.5
455     25180416.0      48948615.0       864053.0
423     24488704.0      47830946.5       841960.0
59      24710656.0      48080269.0       832505.5
18      24333184.0      47665862.5       831438.5
245     24618496.0      47944678.5       829151.5
322     24555392.0      47851230.5       828848.0
223     24557056.0      47640801.0       822033.5
142     24493824.0      47747583.0       822004.0
406     24411520.0      47519513.5       820650.5
324     24433408.0      47719496.0       818214.5
354     24462592.0      47871190.5       817745.5
256     24955392.0      48287136.5       816252.0
414     24479360.0      47523887.0       810794.0
22      24516992.0      47773210.0       807163.5
272     24582400.0      47879910.5       806399.5
124     24601472.0      47850019.0       804890.5
416     24303232.0      47455231.0       803271.0
153     24818688.0      48451196.0       800626.0
         Server1  Server2
Offset                   
14      292175.8  83805.2
391      16641.8   4997.0
277      11590.2   3544.9
408      10967.2   3369.2
362       5572.2   1810.2
219       5385.2   1697.2
279       4963.0   1650.3
356       4792.8   1587.0
256       4538.8   1539.8
91        4461.4   1523.0
354       4427.4   1504.7
314       4409.2   1495.3
318       4327.8   1486.8
326       4319.8   1468.3
272       4294.0   1472.9
189       4278.2   1475.6
368       4247.6   1409.2
210       4229.4   1439.1
437       4227.2   1441.7
423       4199.8   1451.2
Current: [8, 9, 14, 22, 32, 41, 43, 54, 55, 56, 70, 74, 82, 93, 103, 106, 126, 128, 142, 144, 158, 161, 167, 168, 173, 174, 187, 190, 204, 212, 237, 242, 247, 255, 260, 264, 274, 276, 278, 281, 284, 292, 297, 304, 305, 315, 316, 319, 320, 325, 330, 351, 354, 359, 362, 363, 374, 385, 388, 392, 394, 398, 404, 405, 409, 411, 415, 420, 444, 452, 455, 457, 460, 472, 486, 491, 492, 493, 506]
Subround 10
         Timestamp  TS First Frame  TS Prev Frame
Offset                                           
105     24496384.0      47355660.0       864722.0
68      24466944.0      47416683.0       861939.0
160     24329472.0      47495832.0       854999.0
59      24705536.0      47752980.0       831809.0
245     24641280.0      48064650.0       816505.0
406     24434688.0      47558626.0       816443.0
223     24553216.0      47496997.0       805958.0
423     24420352.0      47663681.0       805433.0
354     24242688.0      47699718.0       803404.0
414     24477184.0      47467214.0       798503.0
455     25073152.0      48377405.0       795712.0
324     24422912.0      47536872.0       795444.0
142     24350720.0      47467209.0       795316.0
256     24861952.0      48244323.0       794506.0
18      24242432.0      47599228.0       793789.0
322     24516608.0      47598168.0       792695.0
416     24293376.0      47370356.0       788916.0
56      24452352.0      47437206.0       787589.0
289     24226048.0      47390467.0       787260.0
210     24350464.0      47849452.0       779858.0
              Server1       Server2
Offset                             
14      318474.181818  91330.909091
391      15299.818182   4601.181818
277      10955.818182   3374.545455
408      10331.272727   3176.818182
362       5562.545455   1820.090909
219       5321.818182   1696.636364
15        4846.181818   1628.000000
279       4705.454545   1561.818182
356       4520.545455   1500.000000
256       4418.181818   1491.909091
91        4366.909091   1480.272727
314       4312.545455   1456.000000
354       4231.636364   1436.909091
318       4129.454545   1414.818182
326       4126.181818   1400.818182
189       4093.636364   1409.636364
208       4087.454545   1392.181818
272       4074.909091   1397.454545
368       4071.090909   1349.272727
322       4048.545455   1367.090909
Current: [8, 14, 22, 32, 41, 54, 55, 56, 74, 82, 106, 128, 142, 144, 158, 161, 167, 168, 174, 190, 204, 212, 242, 247, 251, 255, 264, 274, 276, 278, 281, 297, 304, 315, 316, 319, 320, 325, 330, 351, 362, 374, 385, 388, 392, 394, 398, 405, 411, 415, 452, 455, 492, 493, 506]
Subround 11
         Timestamp  TS First Frame  TS Prev Frame
Offset                                           
68      24531584.0      47620091.5       870446.5
423     24488704.0      47882067.0       841739.5
59      24710656.0      48080269.0       830825.0
245     24668544.0      48262851.5       821251.5
324     24433408.0      47719496.0       818214.5
105     24483456.0      47360116.5       810700.5
22      24516992.0      47773210.0       807163.5
272     24582400.0      48073693.5       797939.0
455     25073152.0      48377405.0       795712.0
210     24446720.0      47952671.0       785177.5
87      24418688.0      47738458.0       780779.5
322     24410368.0      47509665.5       776276.5
501     24101888.0      47448970.0       774049.0
398     24460288.0      47498417.5       774020.5
18      24333184.0      47678875.5       770931.0
142     24284032.0      47455522.0       745714.5
256     24834432.0      48173318.5       744756.5
56      24452608.0      47410447.0       733449.5
260     24441472.0      47662170.5       733316.5
495     24206592.0      47442727.0       723536.0
              Server1        Server2
Offset                              
14      351120.333333  100674.250000
391      14505.000000    4414.416667
277      10227.666667    3152.583333
408       9946.500000    3087.833333
362       5314.833333    1746.916667
219       5312.333333    1713.000000
317       4692.000000    1529.750000
15        4678.333333    1572.500000
279       4584.166667    1516.000000
91        4491.000000    1526.833333
356       4320.000000    1437.416667
314       4258.166667    1433.166667
256       4240.000000    1432.416667
272       4234.833333    1453.000000
210       4166.166667    1415.916667
423       4111.666667    1415.083333
354       4077.666667    1380.750000
398       4063.666667    1389.333333
59        4047.833333    1405.833333
189       4031.833333    1383.250000
Current: [8, 14, 22, 32, 41, 54, 55, 56, 74, 82, 144, 161, 167, 168, 174, 190, 242, 264, 276, 278, 297, 304, 315, 316, 319, 325, 330, 362, 374, 385, 392, 398, 405, 415, 452, 455, 492, 493]
Subround 12
         Timestamp  TS First Frame  TS Prev Frame
Offset                                           
423     24557056.0      48100453.0       878046.0
68      24596224.0      47823500.0       861939.0
363     24640256.0      47981066.0       848096.0
272     24647936.0      48102630.0       839422.0
59      24715776.0      48407558.0       829841.0
245     24641280.0      48461053.0       816505.0
97      24475648.0      47604251.0       808951.0
223     24483584.0      47496997.0       805958.0
294     24359936.0      47692050.0       805660.0
455     24899584.0      48245185.5       805259.5
22      24681216.0      47855788.0       803589.0
354     24242688.0      47699718.0       803404.0
398     24468224.0      47562228.0       801591.0
324     24422912.0      47536872.0       795444.0
18      24423936.0      47758523.0       793789.0
56      24452864.0      47437206.0       787589.0
426     24487680.0      47724472.0       786355.0
210     24464128.0      47849452.0       779858.0
462     24449536.0      47713339.0       776603.0
318     24607232.0      48005787.0       773801.0
              Server1       Server2
Offset                             
14      335653.846154  96239.461538
391      13849.692308   4227.000000
277       9657.230769   2977.615385
408       9554.769231   3035.230769
219       5067.692308   1633.615385
362       5054.000000   1661.307692
15        4694.615385   1580.076923
91        4617.230769   1574.000000
317       4506.615385   1472.846154
356       4416.923077   1478.846154
279       4397.538462   1454.615385
314       4348.153846   1476.384615
272       4299.230769   1489.538462
423       4257.692308   1460.076923
210       4222.461538   1445.846154
59        4204.461538   1462.923077
354       4186.153846   1416.538462
313       4153.692308   1438.384615
398       4147.692308   1424.923077
318       4095.384615   1410.153846
Current: [8, 14, 22, 54, 55, 56, 82, 144, 167, 174, 190, 276, 278, 297, 315, 319, 325, 330, 362, 374, 385, 392, 398, 405, 415, 452, 455, 493]
Subround 13
         Timestamp  TS First Frame  TS Prev Frame
Offset                                           
68      24531584.0      47620091.5       855150.0
423     24488704.0      47882067.0       841739.5
105     24483456.0      47485324.5       810700.5
272     24582400.0      48073693.5       797939.0
455     25073152.0      48377405.0       795712.0
245     24618496.0      48262851.5       793839.0
223     24518400.0      47637981.5       783196.5
153     24550400.0      47898008.5       778268.5
318     24557696.0      47691722.0       777150.5
322     24393856.0      47627105.5       776276.5
56      24470656.0      47539126.5       774722.5
501     24101888.0      47393998.0       774049.0
398     24460288.0      47498417.5       774020.5
18      24333184.0      47678875.5       770931.0
22      24516992.0      47773210.0       768181.0
354     24316800.0      47696160.5       766292.5
260     24513792.0      48078049.5       756471.0
59      24710656.0      48080269.0       754777.5
324     24295808.0      47512446.5       735619.5
414     24479360.0      47523887.0       727836.0
              Server1       Server2
Offset                             
14      323968.571429  92888.357143
391      13007.000000   3974.071429
277       9102.714286   2810.857143
408       9021.000000   2868.214286
219       4866.857143   1569.357143
362       4841.000000   1592.142857
15        4609.571429   1552.928571
317       4527.142857   1483.214286
356       4476.571429   1498.000000
91        4467.571429   1520.357143
279       4417.142857   1471.785714
354       4291.571429   1449.214286
314       4227.142857   1433.428571
272       4150.285714   1434.785714
318       4139.285714   1430.857143
256       4123.714286   1402.428571
423       4084.857143   1400.000000
59        4068.285714   1412.071429
210       4063.142857   1389.928571
320       4013.714286   1388.214286
Current: [8, 9, 14, 20, 22, 41, 54, 55, 56, 74, 82, 91, 103, 142, 143, 144, 153, 167, 168, 174, 190, 191, 212, 242, 266, 276, 278, 297, 304, 315, 317, 319, 325, 330, 362, 374, 385, 392, 398, 405, 415, 452, 453, 455, 457, 493, 506]
Subround 14
         Timestamp  TS First Frame  TS Prev Frame
Offset                                           
68      24596224.0      47823500.0       848361.0
406     24388352.0      47480401.0       816443.0
423     24420352.0      47663681.0       805433.0
416     24313088.0      47370356.0       788916.0
318     24508160.0      47377657.0       773801.0
153     24510464.0      47717675.0       773517.0
245     24595712.0      48064650.0       771173.0
501     24103680.0      47533110.0       768832.0
56      24452864.0      47437206.0       761856.0
223     24483584.0      47496997.0       760435.0
322     24304128.0      47598168.0       759858.0
105     24470528.0      47364573.0       756679.0
272     24516864.0      48044757.0       756456.0
260     24447488.0      47882781.0       750012.0
269     24303872.0      47585881.0       749069.0
18      24242432.0      47599228.0       748073.0
398     24452352.0      47434607.0       746450.0
477     24301568.0      47594256.0       742001.0
22      24352768.0      47690632.0       732773.0
455     24899584.0      48245185.5       731589.5
              Server1       Server2
Offset                             
14      317567.466667  91058.933333
391      12291.200000   3758.533333
277       8709.333333   2690.600000
408       8544.000000   2718.533333
219       4682.933333   1510.866667
362       4673.200000   1538.600000
317       4546.533333   1504.066667
279       4462.666667   1499.533333
15        4422.000000   1490.600000
91        4320.133333   1468.800000
356       4291.466667   1436.466667
256       4150.000000   1425.800000
354       4138.400000   1395.400000
314       4072.933333   1380.666667
59        4026.266667   1390.133333
272       4015.466667   1386.733333
318       4004.800000   1382.600000
269       3986.800000   1363.466667
423       3934.000000   1346.333333
398       3931.200000   1340.666667
Current: [8, 14, 22, 54, 56, 143, 167, 174, 190, 191, 278, 297, 304, 315, 319, 325, 374, 385, 392, 398, 405, 415, 452, 455]
Subround 15
         Timestamp  TS First Frame  TS Prev Frame
Offset                                           
105     24483456.0      47485324.5       810700.5
406     24411520.0      47519513.5       804461.5
416     24322048.0      47455231.0       784332.0
322     24393856.0      47627105.5       776276.5
269     24355456.0      47592297.5       770791.5
229     24493440.0      47640978.0       759806.5
245     24591232.0      47944678.5       752272.0
256     24535296.0      48014050.5       744756.5
260     24441472.0      47807752.5       726857.5
56      24452608.0      47410447.0       720583.0
88      24383488.0      47829196.0       717900.0
142     24539904.0      47915226.0       712483.0
477     24308736.0      47633135.5       711768.5
241     24618624.0      47865965.5       695973.0
153     24424704.0      47663465.5       693067.0
318     24395392.0      47366104.0       693017.0
423     24291712.0      47490249.5       691901.5
272     24334592.0      47706474.5       686916.5
86      24731776.0      48098134.0       679850.5
345     24591872.0      47859031.5       679493.0
           Server1     Server2
Offset                        
14      308264.625  88395.7500
391      11646.250   3562.5625
31        8475.875   2632.7500
277       8304.875   2567.8125
408       8132.500   2590.1250
354       4586.875   1518.9375
317       4573.625   1521.5000
219       4537.625   1464.8750
362       4526.375   1491.3125
279       4499.875   1518.1875
91        4243.500   1438.3750
15        4240.000   1430.5625
455       4231.500   1462.9375
256       4203.375   1444.3750
356       4157.125   1392.8750
368       4063.250   1343.5000
269       4022.375   1377.3750
59        3956.000   1360.6250
314       3933.750   1333.5000
208       3917.125   1332.3750
Current: [8, 14, 22, 54, 143, 167, 174, 190, 297, 304, 315, 319, 374, 385, 392, 398, 405, 415, 452, 455]
         Timestamp  TS First Frame  TS Prev Frame
Offset                                           
105     24483456.0      47485324.5       810700.5
406     24411520.0      47519513.5       804461.5
416     24322048.0      47455231.0       784332.0
322     24393856.0      47627105.5       776276.5
269     24355456.0      47592297.5       770791.5
229     24493440.0      47640978.0       759806.5
245     24591232.0      47944678.5       752272.0
256     24535296.0      48014050.5       744756.5
260     24441472.0      47807752.5       726857.5
56      24452608.0      47410447.0       720583.0
88      24383488.0      47829196.0       717900.0
142     24539904.0      47915226.0       712483.0
477     24308736.0      47633135.5       711768.5
241     24618624.0      47865965.5       695973.0
153     24424704.0      47663465.5       693067.0
318     24395392.0      47366104.0       693017.0
423     24291712.0      47490249.5       691901.5
272     24334592.0      47706474.5       686916.5
86      24731776.0      48098134.0       679850.5
345     24591872.0      47859031.5       679493.0
           Server1     Server2
Offset                        
14      308264.625  88395.7500
391      11646.250   3562.5625
31        8475.875   2632.7500
277       8304.875   2567.8125
408       8132.500   2590.1250
354       4586.875   1518.9375
317       4573.625   1521.5000
219       4537.625   1464.8750
362       4526.375   1491.3125
279       4499.875   1518.1875
91        4243.500   1438.3750
15        4240.000   1430.5625
455       4231.500   1462.9375
256       4203.375   1444.3750
356       4157.125   1392.8750
368       4063.250   1343.5000
269       4022.375   1377.3750
59        3956.000   1360.6250
314       3933.750   1333.5000
208       3917.125   1332.3750
New pairs
[[143, 22], [190, 398], [455, 297], [14, 174], [392, 405], [315, 304], [167, 385], [374, 54], [452, 415], [319, 8]]
Round 1
Subround 0
         Timestamp  TS First Frame  TS Prev Frame
Offset                                           
105     24483456.0      47485324.5       810700.5
406     24411520.0      47519513.5       804461.5
416     24322048.0      47455231.0       784332.0
322     24393856.0      47627105.5       776276.5
269     24355456.0      47592297.5       770791.5
229     24493440.0      47640978.0       759806.5
245     24591232.0      47944678.5       752272.0
398     24247808.0      47434607.0       746450.0
256     24535296.0      48014050.5       744756.5
455     24899584.0      48584857.5       731589.5
260     24441472.0      47807752.5       726857.5
56      24452608.0      47410447.0       720583.0
88      24383488.0      47829196.0       717900.0
142     24539904.0      47915226.0       712483.0
477     24308736.0      47633135.5       711768.5
241     24618624.0      47865965.5       695973.0
153     24424704.0      47663465.5       693067.0
318     24395392.0      47366104.0       693017.0
423     24291712.0      47490249.5       691901.5
272     24334592.0      47706474.5       686916.5
              Server1       Server2
Offset                             
14      333046.823529  95487.294118
391      11646.250000   3562.562500
31        8475.875000   2632.750000
277       8304.875000   2567.812500
408       8132.500000   2590.125000
354       4586.875000   1518.937500
317       4573.625000   1521.500000
219       4537.625000   1464.875000
362       4526.375000   1491.312500
279       4499.875000   1518.187500
455       4300.117647   1492.941176
91        4243.500000   1438.375000
15        4240.000000   1430.562500
256       4203.375000   1444.375000
356       4157.125000   1392.875000
368       4063.250000   1343.500000
269       4022.375000   1377.375000
59        3956.000000   1360.625000
314       3933.750000   1333.500000
208       3917.125000   1332.375000
Current: [143, 174, 297, 315, 385, 392, 398]
Subround 1
         Timestamp  TS First Frame  TS Prev Frame
Offset                                           
105     24483456.0      47485324.5       810700.5
406     24411520.0      47519513.5       804461.5
416     24322048.0      47455231.0       784332.0
322     24393856.0      47627105.5       776276.5
269     24355456.0      47592297.5       770791.5
229     24493440.0      47640978.0       759806.5
245     24591232.0      47944678.5       752272.0
256     24535296.0      48014050.5       744756.5
260     24441472.0      47807752.5       726857.5
56      24452608.0      47410447.0       720583.0
88      24383488.0      47829196.0       717900.0
142     24539904.0      47915226.0       712483.0
477     24308736.0      47633135.5       711768.5
241     24618624.0      47865965.5       695973.0
153     24424704.0      47663465.5       693067.0
318     24395392.0      47366104.0       693017.0
423     24291712.0      47490249.5       691901.5
272     24334592.0      47706474.5       686916.5
86      24731776.0      48098134.0       679850.5
345     24591872.0      47859031.5       679493.0
              Server1       Server2
Offset                             
14      324140.666667  92934.555556
391      11646.250000   3562.562500
31        8475.875000   2632.750000
277       8304.875000   2567.812500
408       8132.500000   2590.125000
354       4586.875000   1518.937500
317       4573.625000   1521.500000
219       4537.625000   1464.875000
362       4526.375000   1491.312500
279       4499.875000   1518.187500
91        4243.500000   1438.375000
15        4240.000000   1430.562500
256       4203.375000   1444.375000
455       4176.444444   1448.444444
356       4157.125000   1392.875000
368       4063.250000   1343.500000
269       4022.375000   1377.375000
59        3956.000000   1360.625000
314       3933.750000   1333.500000
208       3917.125000   1332.375000
Current: [54, 297, 319, 385, 392, 452]
Subround 2
         Timestamp  TS First Frame  TS Prev Frame
Offset                                           
105     24483456.0      47485324.5       810700.5
406     24411520.0      47519513.5       804461.5
416     24322048.0      47455231.0       784332.0
322     24393856.0      47627105.5       776276.5
269     24355456.0      47592297.5       770791.5
229     24493440.0      47640978.0       759806.5
245     24591232.0      47944678.5       752272.0
398     24247808.0      47434607.0       746450.0
256     24535296.0      48014050.5       744756.5
260     24441472.0      47807752.5       726857.5
56      24452608.0      47410447.0       720583.0
88      24383488.0      47829196.0       717900.0
142     24539904.0      47915226.0       712483.0
477     24308736.0      47633135.5       711768.5
241     24618624.0      47865965.5       695973.0
153     24424704.0      47663465.5       693067.0
318     24395392.0      47366104.0       693017.0
423     24291712.0      47490249.5       691901.5
272     24334592.0      47706474.5       686916.5
455     24821632.0      48471422.0       683866.0
              Server1       Server2
Offset                             
14      327188.736842  93813.473684
391      11646.250000   3562.562500
31        8475.875000   2632.750000
277       8304.875000   2567.812500
408       8132.500000   2590.125000
354       4586.875000   1518.937500
317       4573.625000   1521.500000
219       4537.625000   1464.875000
362       4526.375000   1491.312500
279       4499.875000   1518.187500
91        4243.500000   1438.375000
15        4240.000000   1430.562500
455       4229.263158   1470.894737
256       4203.375000   1444.375000
356       4157.125000   1392.875000
368       4063.250000   1343.500000
269       4022.375000   1377.375000
59        3956.000000   1360.625000
314       3933.750000   1333.500000
208       3917.125000   1332.375000
Current: [297, 319, 385, 392]
Subround 3
         Timestamp  TS First Frame  TS Prev Frame
Offset                                           
105     24483456.0      47485324.5       810700.5
406     24411520.0      47519513.5       804461.5
416     24322048.0      47455231.0       784332.0
322     24393856.0      47627105.5       776276.5
269     24355456.0      47592297.5       770791.5
229     24493440.0      47640978.0       759806.5
245     24591232.0      47944678.5       752272.0
256     24535296.0      48014050.5       744756.5
260     24441472.0      47807752.5       726857.5
56      24452608.0      47410447.0       720583.0
88      24383488.0      47829196.0       717900.0
142     24539904.0      47915226.0       712483.0
477     24308736.0      47633135.5       711768.5
241     24618624.0      47865965.5       695973.0
153     24424704.0      47663465.5       693067.0
318     24395392.0      47366104.0       693017.0
423     24291712.0      47490249.5       691901.5
272     24334592.0      47706474.5       686916.5
86      24731776.0      48098134.0       679850.5
345     24591872.0      47859031.5       679493.0
           Server1     Server2
Offset                        
14      336920.300  96596.0500
391      11646.250   3562.5625
31        8475.875   2632.7500
277       8304.875   2567.8125
408       8132.500   2590.1250
354       4586.875   1518.9375
317       4573.625   1521.5000
219       4537.625   1464.8750
362       4526.375   1491.3125
279       4499.875   1518.1875
91        4243.500   1438.3750
15        4240.000   1430.5625
256       4203.375   1444.3750
356       4157.125   1392.8750
455       4126.200   1437.1000
368       4063.250   1343.5000
269       4022.375   1377.3750
59        3956.000   1360.6250
314       3933.750   1333.5000
208       3917.125   1332.3750
Current: [297, 304, 319]
Subround 4
         Timestamp  TS First Frame  TS Prev Frame
Offset                                           
105     24483456.0      47485324.5       810700.5
406     24411520.0      47519513.5       804461.5
416     24322048.0      47455231.0       784332.0
322     24393856.0      47627105.5       776276.5
269     24355456.0      47592297.5       770791.5
229     24493440.0      47640978.0       759806.5
245     24591232.0      47944678.5       752272.0
256     24535296.0      48014050.5       744756.5
260     24441472.0      47807752.5       726857.5
56      24452608.0      47410447.0       720583.0
88      24383488.0      47829196.0       717900.0
142     24539904.0      47915226.0       712483.0
477     24308736.0      47633135.5       711768.5
241     24618624.0      47865965.5       695973.0
153     24424704.0      47663465.5       693067.0
318     24395392.0      47366104.0       693017.0
423     24291712.0      47490249.5       691901.5
272     24334592.0      47706474.5       686916.5
86      24731776.0      48098134.0       679850.5
345     24591872.0      47859031.5       679493.0
              Server1       Server2
Offset                             
14      330656.285714  94797.380952
391      11646.250000   3562.562500
31        8475.875000   2632.750000
277       8304.875000   2567.812500
408       8132.500000   2590.125000
354       4586.875000   1518.937500
317       4573.625000   1521.500000
219       4537.625000   1464.875000
362       4526.375000   1491.312500
279       4499.875000   1518.187500
91        4243.500000   1438.375000
15        4240.000000   1430.562500
256       4203.375000   1444.375000
356       4157.125000   1392.875000
368       4063.250000   1343.500000
455       4046.190476   1406.380952
269       4022.375000   1377.375000
59        3956.000000   1360.625000
314       3933.750000   1333.500000
208       3917.125000   1332.375000
Current: [297, 304, 319, 415]
Subround 5
         Timestamp  TS First Frame  TS Prev Frame
Offset                                           
105     24483456.0      47485324.5       810700.5
406     24411520.0      47519513.5       804461.5
416     24322048.0      47455231.0       784332.0
322     24393856.0      47627105.5       776276.5
269     24355456.0      47592297.5       770791.5
229     24493440.0      47640978.0       759806.5
245     24591232.0      47944678.5       752272.0
256     24535296.0      48014050.5       744756.5
260     24441472.0      47807752.5       726857.5
56      24452608.0      47410447.0       720583.0
88      24383488.0      47829196.0       717900.0
142     24539904.0      47915226.0       712483.0
477     24308736.0      47633135.5       711768.5
241     24618624.0      47865965.5       695973.0
153     24424704.0      47663465.5       693067.0
318     24395392.0      47366104.0       693017.0
423     24291712.0      47490249.5       691901.5
272     24334592.0      47706474.5       686916.5
86      24731776.0      48098134.0       679850.5
345     24591872.0      47859031.5       679493.0
              Server1       Server2
Offset                             
14      325724.090909  93379.590909
391      11646.250000   3562.562500
31        8475.875000   2632.750000
277       8304.875000   2567.812500
408       8132.500000   2590.125000
354       4586.875000   1518.937500
317       4573.625000   1521.500000
219       4537.625000   1464.875000
362       4526.375000   1491.312500
279       4499.875000   1518.187500
91        4243.500000   1438.375000
15        4240.000000   1430.562500
256       4203.375000   1444.375000
356       4157.125000   1392.875000
368       4063.250000   1343.500000
455       4052.545455   1417.318182
269       4022.375000   1377.375000
59        3956.000000   1360.625000
314       3933.750000   1333.500000
208       3917.125000   1332.375000
Current: [319]
Subround 6
         Timestamp  TS First Frame  TS Prev Frame
Offset                                           
105     24483456.0      47485324.5       810700.5
406     24411520.0      47519513.5       804461.5
416     24322048.0      47455231.0       784332.0
322     24393856.0      47627105.5       776276.5
269     24355456.0      47592297.5       770791.5
229     24493440.0      47640978.0       759806.5
245     24591232.0      47944678.5       752272.0
256     24535296.0      48014050.5       744756.5
260     24441472.0      47807752.5       726857.5
56      24452608.0      47410447.0       720583.0
88      24383488.0      47829196.0       717900.0
142     24539904.0      47915226.0       712483.0
477     24308736.0      47633135.5       711768.5
241     24618624.0      47865965.5       695973.0
153     24424704.0      47663465.5       693067.0
318     24395392.0      47366104.0       693017.0
423     24291712.0      47490249.5       691901.5
272     24334592.0      47706474.5       686916.5
86      24731776.0      48098134.0       679850.5
345     24591872.0      47859031.5       679493.0
              Server1       Server2
Offset                             
14      327549.304348  93903.173913
391      11646.250000   3562.562500
31        8475.875000   2632.750000
277       8304.875000   2567.812500
408       8132.500000   2590.125000
354       4586.875000   1518.937500
317       4573.625000   1521.500000
219       4537.625000   1464.875000
362       4526.375000   1491.312500
279       4499.875000   1518.187500
91        4243.500000   1438.375000
15        4240.000000   1430.562500
256       4203.375000   1444.375000
356       4157.125000   1392.875000
368       4063.250000   1343.500000
269       4022.375000   1377.375000
455       3983.826087   1390.043478
59        3956.000000   1360.625000
314       3933.750000   1333.500000
208       3917.125000   1332.375000
Current: [14, 304]
Subround 7
         Timestamp  TS First Frame  TS Prev Frame
Offset                                           
105     24483456.0      47485324.5       810700.5
406     24411520.0      47519513.5       804461.5
416     24322048.0      47455231.0       784332.0
322     24393856.0      47627105.5       776276.5
269     24355456.0      47592297.5       770791.5
229     24493440.0      47640978.0       759806.5
245     24591232.0      47944678.5       752272.0
256     24535296.0      48014050.5       744756.5
260     24441472.0      47807752.5       726857.5
56      24452608.0      47410447.0       720583.0
88      24383488.0      47829196.0       717900.0
142     24539904.0      47915226.0       712483.0
477     24308736.0      47633135.5       711768.5
241     24618624.0      47865965.5       695973.0
153     24424704.0      47663465.5       693067.0
318     24395392.0      47366104.0       693017.0
423     24291712.0      47490249.5       691901.5
272     24334592.0      47706474.5       686916.5
86      24731776.0      48098134.0       679850.5
345     24591872.0      47859031.5       679493.0
              Server1       Server2
Offset                             
14      322513.583333  92460.291667
391      11646.250000   3562.562500
31        8475.875000   2632.750000
277       8304.875000   2567.812500
408       8132.500000   2590.125000
354       4586.875000   1518.937500
317       4573.625000   1521.500000
219       4537.625000   1464.875000
362       4526.375000   1491.312500
279       4499.875000   1518.187500
91        4243.500000   1438.375000
15        4240.000000   1430.562500
256       4203.375000   1444.375000
356       4157.125000   1392.875000
368       4063.250000   1343.500000
269       4022.375000   1377.375000
455       3985.166667   1394.708333
59        3956.000000   1360.625000
314       3933.750000   1333.500000
208       3917.125000   1332.375000
Current: [14, 304]
Subround 8
         Timestamp  TS First Frame  TS Prev Frame
Offset                                           
105     24483456.0      47485324.5       810700.5
406     24411520.0      47519513.5       804461.5
416     24322048.0      47455231.0       784332.0
322     24393856.0      47627105.5       776276.5
269     24355456.0      47592297.5       770791.5
229     24493440.0      47640978.0       759806.5
245     24591232.0      47944678.5       752272.0
256     24535296.0      48014050.5       744756.5
260     24441472.0      47807752.5       726857.5
56      24452608.0      47410447.0       720583.0
88      24383488.0      47829196.0       717900.0
142     24539904.0      47915226.0       712483.0
477     24308736.0      47633135.5       711768.5
241     24618624.0      47865965.5       695973.0
153     24424704.0      47663465.5       693067.0
318     24395392.0      47366104.0       693017.0
423     24291712.0      47490249.5       691901.5
272     24334592.0      47706474.5       686916.5
86      24731776.0      48098134.0       679850.5
345     24591872.0      47859031.5       679493.0
           Server1     Server2
Offset                        
14      331025.200  94904.8000
391      11646.250   3562.5625
31        8475.875   2632.7500
277       8304.875   2567.8125
408       8132.500   2590.1250
354       4586.875   1518.9375
317       4573.625   1521.5000
219       4537.625   1464.8750
362       4526.375   1491.3125
279       4499.875   1518.1875
91        4243.500   1438.3750
15        4240.000   1430.5625
256       4203.375   1444.3750
356       4157.125   1392.8750
368       4063.250   1343.5000
269       4022.375   1377.3750
59        3956.000   1360.6250
455       3947.920   1377.1200
314       3933.750   1333.5000
208       3917.125   1332.3750
Current: [14, 304]
Subround 9
         Timestamp  TS First Frame  TS Prev Frame
Offset                                           
105     24483456.0      47485324.5       810700.5
406     24411520.0      47519513.5       804461.5
416     24322048.0      47455231.0       784332.0
322     24393856.0      47627105.5       776276.5
269     24355456.0      47592297.5       770791.5
229     24493440.0      47640978.0       759806.5
245     24591232.0      47944678.5       752272.0
256     24535296.0      48014050.5       744756.5
260     24441472.0      47807752.5       726857.5
56      24452608.0      47410447.0       720583.0
88      24383488.0      47829196.0       717900.0
142     24539904.0      47915226.0       712483.0
477     24308736.0      47633135.5       711768.5
241     24618624.0      47865965.5       695973.0
153     24424704.0      47663465.5       693067.0
318     24395392.0      47366104.0       693017.0
423     24291712.0      47490249.5       691901.5
272     24334592.0      47706474.5       686916.5
86      24731776.0      48098134.0       679850.5
345     24591872.0      47859031.5       679493.0
              Server1       Server2
Offset                             
14      324972.769231  93168.846154
391      11646.250000   3562.562500
31        8475.875000   2632.750000
277       8304.875000   2567.812500
408       8132.500000   2590.125000
354       4586.875000   1518.937500
317       4573.625000   1521.500000
219       4537.625000   1464.875000
362       4526.375000   1491.312500
279       4499.875000   1518.187500
91        4243.500000   1438.375000
15        4240.000000   1430.562500
256       4203.375000   1444.375000
356       4157.125000   1392.875000
368       4063.250000   1343.500000
269       4022.375000   1377.375000
59        3956.000000   1360.625000
314       3933.750000   1333.500000
208       3917.125000   1332.375000
345       3902.500000   1341.187500
Current: [14, 304]
         Timestamp  TS First Frame  TS Prev Frame
Offset                                           
105     24483456.0      47485324.5       810700.5
406     24411520.0      47519513.5       804461.5
416     24322048.0      47455231.0       784332.0
322     24393856.0      47627105.5       776276.5
269     24355456.0      47592297.5       770791.5
229     24493440.0      47640978.0       759806.5
245     24591232.0      47944678.5       752272.0
256     24535296.0      48014050.5       744756.5
260     24441472.0      47807752.5       726857.5
56      24452608.0      47410447.0       720583.0
88      24383488.0      47829196.0       717900.0
142     24539904.0      47915226.0       712483.0
477     24308736.0      47633135.5       711768.5
241     24618624.0      47865965.5       695973.0
153     24424704.0      47663465.5       693067.0
318     24395392.0      47366104.0       693017.0
423     24291712.0      47490249.5       691901.5
272     24334592.0      47706474.5       686916.5
86      24731776.0      48098134.0       679850.5
345     24591872.0      47859031.5       679493.0
              Server1       Server2
Offset                             
14      324972.769231  93168.846154
391      11646.250000   3562.562500
31        8475.875000   2632.750000
277       8304.875000   2567.812500
408       8132.500000   2590.125000
354       4586.875000   1518.937500
317       4573.625000   1521.500000
219       4537.625000   1464.875000
362       4526.375000   1491.312500
279       4499.875000   1518.187500
91        4243.500000   1438.375000
15        4240.000000   1430.562500
256       4203.375000   1444.375000
356       4157.125000   1392.875000
368       4063.250000   1343.500000
269       4022.375000   1377.375000
59        3956.000000   1360.625000
314       3933.750000   1333.500000
208       3917.125000   1332.375000
345       3902.500000   1341.187500
New pairs
[[14, 304]]
Round 2
Subround 0
         Timestamp  TS First Frame  TS Prev Frame
Offset                                           
105     24483456.0      47485324.5       810700.5
406     24411520.0      47519513.5       804461.5
416     24322048.0      47455231.0       784332.0
322     24393856.0      47627105.5       776276.5
269     24355456.0      47592297.5       770791.5
229     24493440.0      47640978.0       759806.5
245     24591232.0      47944678.5       752272.0
256     24535296.0      48014050.5       744756.5
260     24441472.0      47807752.5       726857.5
56      24452608.0      47410447.0       720583.0
88      24383488.0      47829196.0       717900.0
142     24539904.0      47915226.0       712483.0
477     24308736.0      47633135.5       711768.5
241     24618624.0      47865965.5       695973.0
153     24424704.0      47663465.5       693067.0
318     24395392.0      47366104.0       693017.0
423     24291712.0      47490249.5       691901.5
272     24334592.0      47706474.5       686916.5
86      24731776.0      48098134.0       679850.5
345     24591872.0      47859031.5       679493.0
              Server1       Server2
Offset                             
14      319587.185185  91624.518519
391      11646.250000   3562.562500
31        8475.875000   2632.750000
277       8304.875000   2567.812500
408       8132.500000   2590.125000
354       4586.875000   1518.937500
317       4573.625000   1521.500000
219       4537.625000   1464.875000
362       4526.375000   1491.312500
279       4499.875000   1518.187500
91        4243.500000   1438.375000
15        4240.000000   1430.562500
256       4203.375000   1444.375000
356       4157.125000   1392.875000
368       4063.250000   1343.500000
269       4022.375000   1377.375000
59        3956.000000   1360.625000
314       3933.750000   1333.500000
208       3917.125000   1332.375000
345       3902.500000   1341.187500
Current: []
Subround 1
         Timestamp  TS First Frame  TS Prev Frame
Offset                                           
105     24483456.0      47485324.5       810700.5
406     24411520.0      47519513.5       804461.5
416     24322048.0      47455231.0       784332.0
322     24393856.0      47627105.5       776276.5
269     24355456.0      47592297.5       770791.5
229     24493440.0      47640978.0       759806.5
245     24591232.0      47944678.5       752272.0
256     24535296.0      48014050.5       744756.5
260     24441472.0      47807752.5       726857.5
56      24452608.0      47410447.0       720583.0
88      24383488.0      47829196.0       717900.0
142     24539904.0      47915226.0       712483.0
477     24308736.0      47633135.5       711768.5
241     24618624.0      47865965.5       695973.0
153     24424704.0      47663465.5       693067.0
318     24395392.0      47366104.0       693017.0
423     24291712.0      47490249.5       691901.5
272     24334592.0      47706474.5       686916.5
86      24731776.0      48098134.0       679850.5
345     24591872.0      47859031.5       679493.0
              Server1       Server2
Offset                             
14      317500.714286  91024.107143
391      11646.250000   3562.562500
31        8475.875000   2632.750000
277       8304.875000   2567.812500
408       8132.500000   2590.125000
354       4586.875000   1518.937500
317       4573.625000   1521.500000
219       4537.625000   1464.875000
362       4526.375000   1491.312500
279       4499.875000   1518.187500
91        4243.500000   1438.375000
15        4240.000000   1430.562500
256       4203.375000   1444.375000
356       4157.125000   1392.875000
368       4063.250000   1343.500000
269       4022.375000   1377.375000
59        3956.000000   1360.625000
314       3933.750000   1333.500000
208       3917.125000   1332.375000
345       3902.500000   1341.187500
Current: [14]
Subround 2
         Timestamp  TS First Frame  TS Prev Frame
Offset                                           
105     24483456.0      47485324.5       810700.5
406     24411520.0      47519513.5       804461.5
416     24322048.0      47455231.0       784332.0
322     24393856.0      47627105.5       776276.5
269     24355456.0      47592297.5       770791.5
229     24493440.0      47640978.0       759806.5
245     24591232.0      47944678.5       752272.0
256     24535296.0      48014050.5       744756.5
260     24441472.0      47807752.5       726857.5
56      24452608.0      47410447.0       720583.0
88      24383488.0      47829196.0       717900.0
142     24539904.0      47915226.0       712483.0
477     24308736.0      47633135.5       711768.5
241     24618624.0      47865965.5       695973.0
153     24424704.0      47663465.5       693067.0
318     24395392.0      47366104.0       693017.0
423     24291712.0      47490249.5       691901.5
272     24334592.0      47706474.5       686916.5
86      24731776.0      48098134.0       679850.5
345     24591872.0      47859031.5       679493.0
           Server1       Server2
Offset                          
14      312580.000  89613.758621
391      11646.250   3562.562500
31        8475.875   2632.750000
277       8304.875   2567.812500
408       8132.500   2590.125000
354       4586.875   1518.937500
317       4573.625   1521.500000
219       4537.625   1464.875000
362       4526.375   1491.312500
279       4499.875   1518.187500
91        4243.500   1438.375000
15        4240.000   1430.562500
256       4203.375   1444.375000
356       4157.125   1392.875000
368       4063.250   1343.500000
269       4022.375   1377.375000
59        3956.000   1360.625000
314       3933.750   1333.500000
208       3917.125   1332.375000
345       3902.500   1341.187500
Current: []
Subround 3
         Timestamp  TS First Frame  TS Prev Frame
Offset                                           
105     24483456.0      47485324.5       810700.5
406     24411520.0      47519513.5       804461.5
416     24322048.0      47455231.0       784332.0
322     24393856.0      47627105.5       776276.5
269     24355456.0      47592297.5       770791.5
229     24493440.0      47640978.0       759806.5
245     24591232.0      47944678.5       752272.0
256     24535296.0      48014050.5       744756.5
260     24441472.0      47807752.5       726857.5
56      24452608.0      47410447.0       720583.0
88      24383488.0      47829196.0       717900.0
142     24539904.0      47915226.0       712483.0
477     24308736.0      47633135.5       711768.5
241     24618624.0      47865965.5       695973.0
153     24424704.0      47663465.5       693067.0
318     24395392.0      47366104.0       693017.0
423     24291712.0      47490249.5       691901.5
272     24334592.0      47706474.5       686916.5
86      24731776.0      48098134.0       679850.5
345     24591872.0      47859031.5       679493.0
              Server1       Server2
Offset                             
14      324653.333333  93072.566667
391      11646.250000   3562.562500
31        8475.875000   2632.750000
277       8304.875000   2567.812500
408       8132.500000   2590.125000
354       4586.875000   1518.937500
317       4573.625000   1521.500000
219       4537.625000   1464.875000
362       4526.375000   1491.312500
279       4499.875000   1518.187500
91        4243.500000   1438.375000
15        4240.000000   1430.562500
256       4203.375000   1444.375000
356       4157.125000   1392.875000
368       4063.250000   1343.500000
269       4022.375000   1377.375000
59        3956.000000   1360.625000
314       3933.750000   1333.500000
208       3917.125000   1332.375000
345       3902.500000   1341.187500
Current: []
Subround 4
         Timestamp  TS First Frame  TS Prev Frame
Offset                                           
105     24483456.0      47485324.5       810700.5
406     24411520.0      47519513.5       804461.5
416     24322048.0      47455231.0       784332.0
322     24393856.0      47627105.5       776276.5
269     24355456.0      47592297.5       770791.5
229     24493440.0      47640978.0       759806.5
245     24591232.0      47944678.5       752272.0
256     24535296.0      48014050.5       744756.5
260     24441472.0      47807752.5       726857.5
56      24452608.0      47410447.0       720583.0
88      24383488.0      47829196.0       717900.0
142     24539904.0      47915226.0       712483.0
477     24308736.0      47633135.5       711768.5
241     24618624.0      47865965.5       695973.0
153     24424704.0      47663465.5       693067.0
318     24395392.0      47366104.0       693017.0
423     24291712.0      47490249.5       691901.5
272     24334592.0      47706474.5       686916.5
86      24731776.0      48098134.0       679850.5
345     24591872.0      47859031.5       679493.0
             Server1      Server2
Offset                           
14      323075.16129  92620.83871
391      11646.25000   3562.56250
31        8475.87500   2632.75000
277       8304.87500   2567.81250
408       8132.50000   2590.12500
354       4586.87500   1518.93750
317       4573.62500   1521.50000
219       4537.62500   1464.87500
362       4526.37500   1491.31250
279       4499.87500   1518.18750
91        4243.50000   1438.37500
15        4240.00000   1430.56250
256       4203.37500   1444.37500
356       4157.12500   1392.87500
368       4063.25000   1343.50000
269       4022.37500   1377.37500
59        3956.00000   1360.62500
314       3933.75000   1333.50000
208       3917.12500   1332.37500
345       3902.50000   1341.18750
Current: [14]
Subround 5
         Timestamp  TS First Frame  TS Prev Frame
Offset                                           
105     24483456.0      47485324.5       810700.5
406     24411520.0      47519513.5       804461.5
416     24322048.0      47455231.0       784332.0
322     24393856.0      47627105.5       776276.5
269     24355456.0      47592297.5       770791.5
229     24493440.0      47640978.0       759806.5
245     24591232.0      47944678.5       752272.0
256     24535296.0      48014050.5       744756.5
260     24441472.0      47807752.5       726857.5
56      24452608.0      47410447.0       720583.0
88      24383488.0      47829196.0       717900.0
142     24539904.0      47915226.0       712483.0
477     24308736.0      47633135.5       711768.5
241     24618624.0      47865965.5       695973.0
153     24424704.0      47663465.5       693067.0
318     24395392.0      47366104.0       693017.0
423     24291712.0      47490249.5       691901.5
272     24334592.0      47706474.5       686916.5
86      24731776.0      48098134.0       679850.5
345     24591872.0      47859031.5       679493.0
           Server1     Server2
Offset                        
14      317936.500  91148.3125
391      11646.250   3562.5625
31        8475.875   2632.7500
277       8304.875   2567.8125
408       8132.500   2590.1250
354       4586.875   1518.9375
317       4573.625   1521.5000
219       4537.625   1464.8750
362       4526.375   1491.3125
279       4499.875   1518.1875
91        4243.500   1438.3750
15        4240.000   1430.5625
256       4203.375   1444.3750
356       4157.125   1392.8750
368       4063.250   1343.5000
269       4022.375   1377.3750
59        3956.000   1360.6250
314       3933.750   1333.5000
208       3917.125   1332.3750
345       3902.500   1341.1875
Current: [14]
Subround 6
         Timestamp  TS First Frame  TS Prev Frame
Offset                                           
105     24483456.0      47485324.5       810700.5
406     24411520.0      47519513.5       804461.5
416     24322048.0      47455231.0       784332.0
322     24393856.0      47627105.5       776276.5
269     24355456.0      47592297.5       770791.5
229     24493440.0      47640978.0       759806.5
245     24591232.0      47944678.5       752272.0
256     24535296.0      48014050.5       744756.5
260     24441472.0      47807752.5       726857.5
56      24452608.0      47410447.0       720583.0
88      24383488.0      47829196.0       717900.0
142     24539904.0      47915226.0       712483.0
477     24308736.0      47633135.5       711768.5
241     24618624.0      47865965.5       695973.0
153     24424704.0      47663465.5       693067.0
318     24395392.0      47366104.0       693017.0
423     24291712.0      47490249.5       691901.5
272     24334592.0      47706474.5       686916.5
86      24731776.0      48098134.0       679850.5
345     24591872.0      47859031.5       679493.0
              Server1       Server2
Offset                             
14      313783.393939  89957.242424
391      11646.250000   3562.562500
31        8475.875000   2632.750000
277       8304.875000   2567.812500
408       8132.500000   2590.125000
354       4586.875000   1518.937500
317       4573.625000   1521.500000
219       4537.625000   1464.875000
362       4526.375000   1491.312500
279       4499.875000   1518.187500
91        4243.500000   1438.375000
15        4240.000000   1430.562500
256       4203.375000   1444.375000
356       4157.125000   1392.875000
368       4063.250000   1343.500000
269       4022.375000   1377.375000
59        3956.000000   1360.625000
314       3933.750000   1333.500000
208       3917.125000   1332.375000
345       3902.500000   1341.187500
Current: [14]
Subround 7
         Timestamp  TS First Frame  TS Prev Frame
Offset                                           
105     24483456.0      47485324.5       810700.5
406     24411520.0      47519513.5       804461.5
416     24322048.0      47455231.0       784332.0
322     24393856.0      47627105.5       776276.5
269     24355456.0      47592297.5       770791.5
229     24493440.0      47640978.0       759806.5
245     24591232.0      47944678.5       752272.0
256     24535296.0      48014050.5       744756.5
260     24441472.0      47807752.5       726857.5
56      24452608.0      47410447.0       720583.0
88      24383488.0      47829196.0       717900.0
142     24539904.0      47915226.0       712483.0
477     24308736.0      47633135.5       711768.5
241     24618624.0      47865965.5       695973.0
153     24424704.0      47663465.5       693067.0
318     24395392.0      47366104.0       693017.0
423     24291712.0      47490249.5       691901.5
272     24334592.0      47706474.5       686916.5
86      24731776.0      48098134.0       679850.5
345     24591872.0      47859031.5       679493.0
              Server1       Server2
Offset                             
14      314168.411765  90065.970588
391      11646.250000   3562.562500
31        8475.875000   2632.750000
277       8304.875000   2567.812500
408       8132.500000   2590.125000
354       4586.875000   1518.937500
317       4573.625000   1521.500000
219       4537.625000   1464.875000
362       4526.375000   1491.312500
279       4499.875000   1518.187500
91        4243.500000   1438.375000
15        4240.000000   1430.562500
256       4203.375000   1444.375000
356       4157.125000   1392.875000
368       4063.250000   1343.500000
269       4022.375000   1377.375000
59        3956.000000   1360.625000
314       3933.750000   1333.500000
208       3917.125000   1332.375000
345       3902.500000   1341.187500
Current: [14]
         Timestamp  TS First Frame  TS Prev Frame
Offset                                           
105     24483456.0      47485324.5       810700.5
406     24411520.0      47519513.5       804461.5
416     24322048.0      47455231.0       784332.0
322     24393856.0      47627105.5       776276.5
269     24355456.0      47592297.5       770791.5
229     24493440.0      47640978.0       759806.5
245     24591232.0      47944678.5       752272.0
256     24535296.0      48014050.5       744756.5
260     24441472.0      47807752.5       726857.5
56      24452608.0      47410447.0       720583.0
88      24383488.0      47829196.0       717900.0
142     24539904.0      47915226.0       712483.0
477     24308736.0      47633135.5       711768.5
241     24618624.0      47865965.5       695973.0
153     24424704.0      47663465.5       693067.0
318     24395392.0      47366104.0       693017.0
423     24291712.0      47490249.5       691901.5
272     24334592.0      47706474.5       686916.5
86      24731776.0      48098134.0       679850.5
345     24591872.0      47859031.5       679493.0
              Server1       Server2
Offset                             
14      314168.411765  90065.970588
391      11646.250000   3562.562500
31        8475.875000   2632.750000
277       8304.875000   2567.812500
408       8132.500000   2590.125000
354       4586.875000   1518.937500
317       4573.625000   1521.500000
219       4537.625000   1464.875000
362       4526.375000   1491.312500
279       4499.875000   1518.187500
91        4243.500000   1438.375000
15        4240.000000   1430.562500
256       4203.375000   1444.375000
356       4157.125000   1392.875000
368       4063.250000   1343.500000
269       4022.375000   1377.375000
59        3956.000000   1360.625000
314       3933.750000   1333.500000
208       3917.125000   1332.375000
345       3902.500000   1341.187500
Winning offset:
[14]
2021-09-16 17:40:02.053164
2021-09-16 17:45:23.646536
0:05:21.593372
attacker.py:479: DeprecationWarning: The default dtype for empty Series will be 'object' instead of 'float64' in a future version. Specify a dtype explicitly to silence this warning.
  mean1 = pd.Series(values1).mean()
attacker.py:480: DeprecationWarning: The default dtype for empty Series will be 'object' instead of 'float64' in a future version. Specify a dtype explicitly to silence this warning.
  mean2 = pd.Series(values2).mean()
attacker.py:479: DeprecationWarning: The default dtype for empty Series will be 'object' instead of 'float64' in a future version. Specify a dtype explicitly to silence this warning.
  mean1 = pd.Series(values1).mean()
attacker.py:480: DeprecationWarning: The default dtype for empty Series will be 'object' instead of 'float64' in a future version. Specify a dtype explicitly to silence this warning.
  mean2 = pd.Series(values2).mean()
attacker.py:479: DeprecationWarning: The default dtype for empty Series will be 'object' instead of 'float64' in a future version. Specify a dtype explicitly to silence this warning.
  mean1 = pd.Series(values1).mean()
attacker.py:480: DeprecationWarning: The default dtype for empty Series will be 'object' instead of 'float64' in a future version. Specify a dtype explicitly to silence this warning.
  mean2 = pd.Series(values2).mean()
Exception ignored in: <function Capture.__del__ at 0x7f37a5d07670>
Traceback (most recent call last):
  File "/home/mlipp/.virtualenvs/kaslr/lib/python3.8/site-packages/pyshark/capture/capture.py", line 445, in __del__
  File "/home/mlipp/.virtualenvs/kaslr/lib/python3.8/site-packages/pyshark/capture/capture.py", line 436, in close
  File "/usr/lib/python3.8/asyncio/base_events.py", line 592, in run_until_complete
  File "/usr/lib/python3.8/asyncio/base_events.py", line 553, in _check_running
AttributeError: 'NoneType' object has no attribute '_get_running_loop'
