Loading page file profiles/packet3/pages/0x6e4a.yaml
Loading page file profiles/packet3/pages/0x6e60.yaml
Loading page file profiles/packet3/pages/0x6ee3.yaml
Loading page file profiles/packet3/pages/0x7241.yaml
Loading page file profiles/packet3/pages/0x7242.yaml
Loading page file profiles/packet3/pages/0x7243.yaml
Loading page file profiles/packet3/pages/0x7244.yaml
Round 0
Subround 0
Empty DataFrame
Columns: [Timestamp, TS First Frame, TS Prev Frame]
Index: []
         Server1  Server2
Offset                   
14      187368.0  53732.0
244       9652.0   2914.0
274       7056.0   2272.0
268       6924.0   2278.0
316       6914.0   2370.0
374       6684.0   2162.0
272       6570.0   2276.0
160       6570.0   2270.0
401       6558.0   2086.0
27        6518.0   2269.0
310       6516.0   2233.0
10        6446.0   2093.0
0         6248.0   2072.0
361       6184.0   2127.0
276       6176.0   2042.0
254       6166.0   2021.0
130       6132.0   2007.0
41        6114.0   2102.0
201       6112.0   2009.0
59        6096.0   2135.0
Current: [0, 3, 4, 5, 6, 8, 9, 10, 14, 16, 17, 18, 21, 22, 24, 25, 26, 28, 29, 31, 32, 35, 36, 37, 38, 39, 42, 43, 44, 46, 48, 49, 53, 54, 57, 60, 61, 63, 70, 72, 75, 77, 79, 83, 86, 87, 88, 92, 93, 94, 95, 100, 101, 104, 107, 110, 112, 113, 115, 116, 117, 118, 120, 121, 125, 126, 127, 128, 130, 131, 132, 133, 137, 138, 139, 143, 144, 145, 147, 149, 151, 152, 153, 155, 157, 159, 160, 161, 163, 164, 166, 170, 173, 175, 176, 177, 178, 179, 180, 182, 185, 187, 188, 189, 197, 198, 200, 205, 206, 208, 209, 213, 214, 216, 217, 218, 220, 221, 225, 226, 228, 230, 231, 232, 236, 237, 238, 239, 242, 244, 251, 252, 253, 254, 255, 261, 262, 264, 265, 269, 271, 273, 274, 276, 286, 287, 289, 295, 300, 302, 303, 307, 312, 313, 314, 317, 318, 319, 320, 324, 325, 328, 333, 334, 336, 337, 340, 342, 344, 346, 352, 355, 361, 362, 363, 368, 369, 370, 374, 375, 378, 379, 380, 382, 385, 386, 389, 390, 391, 393, 397, 398, 402, 403, 406, 411, 412, 413, 414, 416, 418, 419, 420, 421, 425, 426, 428, 434, 436, 437, 438, 439, 441, 444, 445, 447, 448, 451, 452, 455, 457, 459, 460, 462, 463, 464, 466, 467, 468, 473, 474, 475, 476, 479, 483, 484, 485, 489, 490, 495, 496, 497, 502, 504, 508, 509]
Subround 1
         Timestamp  TS First Frame  TS Prev Frame
Offset                                           
492     26054400.0      50690023.0       963566.5
333     26081536.0      50752081.0       962337.5
50      24891136.0      48334203.5       850601.5
120     24861696.0      48413322.0       786675.0
69      24229376.0      46996221.0       780332.5
337     24504064.0      47771046.0       770244.0
297     24449024.0      47762626.5       767589.5
14      24069632.0      46584933.0       766377.0
490     24503168.0      48045767.5       760939.0
153     24214400.0      47050833.5       751080.0
273     24626048.0      48004055.0       748352.5
412     24642688.0      48106398.5       747223.0
488     24543232.0      48173080.0       745610.0
144     24654080.0      48417019.5       744799.5
406     24034432.0      46813323.5       743136.5
155     24242048.0      47274281.0       738790.0
398     23984640.0      46831290.5       737380.0
344     24235520.0      47407685.0       736177.5
483     24607616.0      47946247.0       735012.5
246     24683648.0      48298033.0       732742.5
         Server1   Server2
Offset                    
14      373735.0  107222.5
58       22591.0    7470.5
372      21053.0    6210.5
246      15519.0    4634.0
244       6991.0    2252.0
50        5364.0    1873.5
380       5009.0    1635.0
10        4770.0    1540.0
77        4733.0    1568.0
492       4662.0    1573.0
268       4550.0    1485.0
316       4544.0    1545.5
274       4533.0    1458.5
81        4467.0    1448.5
219       4459.0    1463.5
184       4452.0   15623.5
156       4450.0    1508.5
333       4445.0    1622.5
254       4422.0    1445.0
457       4411.0    1513.0
Current: [4, 6, 9, 16, 18, 21, 22, 25, 28, 36, 38, 39, 42, 44, 48, 53, 60, 70, 75, 86, 87, 88, 100, 107, 110, 111, 116, 117, 118, 121, 131, 132, 143, 145, 147, 149, 151, 152, 153, 155, 161, 162, 164, 170, 173, 176, 177, 182, 186, 187, 188, 197, 198, 200, 205, 208, 209, 213, 215, 216, 217, 220, 237, 238, 239, 242, 244, 252, 254, 255, 256, 262, 264, 273, 276, 295, 300, 303, 312, 318, 324, 328, 334, 337, 340, 341, 342, 344, 345, 346, 362, 368, 374, 378, 380, 385, 387, 389, 391, 403, 406, 411, 428, 434, 436, 437, 444, 445, 447, 451, 452, 455, 460, 461, 462, 463, 468, 475, 479, 483, 484, 495, 496, 504, 509]
Subround 2
         Timestamp  TS First Frame  TS Prev Frame
Offset                                           
474     25198080.0      49205983.0       979534.0
0       24920576.0      48176893.0       967051.0
439     25067264.0      49502826.0       964226.0
492     24905472.0      48192636.0       962872.0
395     24385280.0      47615966.0       962550.0
333     24814848.0      48262406.0       959423.0
130     24728320.0      48112418.0       957662.0
316     24772096.0      47993436.0       952737.0
374     24768000.0      48170774.0       941706.0
490     24760064.0      48298089.0       940515.0
447     24680960.0      48227894.0       938764.0
450     24783872.0      48279323.0       938555.0
62      24568832.0      47530443.0       932283.0
55      24658432.0      47578776.0       930733.0
18      24914944.0      48624381.0       927544.0
140     24677632.0      47712552.0       926714.0
179     24805376.0      48018481.0       924922.0
383     24713984.0      48089439.0       924623.0
73      24864512.0      48233862.0       920204.0
437     24241920.0      47667385.0       919642.0
              Server1        Server2
Offset                              
14      353691.333333  101423.000000
418      78530.666667   22825.333333
372      15804.666667    4778.000000
58       15802.666667    5216.333333
246      12041.333333    3650.000000
244       5346.666667    1735.000000
254       5200.000000    1692.333333
50        4966.000000    1689.333333
10        4819.333333    1579.333333
374       4804.666667    1584.000000
274       4746.666667    1549.000000
18        4705.333333    1621.000000
62        4646.666667    1579.666667
416       4638.666667    1610.000000
361       4549.333333    1568.666667
27        4541.333333    1589.666667
226       4536.000000    1501.000000
454       4534.666667    1520.666667
41        4508.666667    1550.666667
131       4504.000000    1485.333333
Current: [4, 6, 21, 22, 25, 38, 39, 42, 44, 48, 70, 86, 87, 88, 107, 116, 118, 147, 155, 162, 164, 173, 177, 186, 188, 208, 213, 237, 238, 256, 262, 300, 318, 340, 341, 345, 368, 374, 378, 385, 403, 434, 436, 447, 452, 460, 461, 463, 479, 484, 495, 509]
Subround 3
         Timestamp  TS First Frame  TS Prev Frame
Offset                                           
435     24736512.0      48717484.0       960271.0
345     24710912.0      48647030.0       867854.0
256     24281344.0      47362730.0       830429.0
387     25071104.0      48332406.0       754989.0
153     24387584.0      47485887.5       751080.0
144     24654080.0      48417019.5       744799.5
326     24494208.0      47561586.0       739337.0
273     24345216.0      47465247.5       730285.5
346     24170624.0      47234815.5       728281.0
406     24458240.0      47617236.0       726640.0
382     24409600.0      47619566.5       718237.0
448     24488576.0      47718826.0       715003.5
58      24370944.0      47592265.5       708150.0
383     24437760.0      47750855.0       705112.5
255     24465792.0      47653165.5       701134.0
70      24675456.0      48270752.0       697499.5
246     24294528.0      47729899.5       695004.5
244     24314752.0      47406582.0       693303.0
95      24310144.0      47613644.0       692619.5
73      24551424.0      47894179.0       691919.0
         Server1   Server2
Offset                    
14      305668.5  87658.00
418      59422.5  17293.50
454      16843.0   5032.25
58       13355.0   4454.00
372      12442.0   3785.25
246       9542.0   2909.50
421       5405.5   1650.50
244       5081.0   1697.00
338       4472.5   1483.50
254       4364.0   1428.25
81        4345.5   1458.25
380       4345.5   1470.75
77        4270.5   1422.25
457       4260.5   1459.00
50        4237.5   1430.00
288       4231.0   1376.50
41        4218.5   1430.25
277       4185.5   1430.25
281       4170.0   1403.50
219       4131.0   1401.00
Current: [0, 4, 6, 7, 10, 14, 15, 21, 22, 23, 24, 25, 35, 36, 38, 39, 41, 42, 44, 48, 49, 51, 53, 57, 60, 61, 70, 75, 86, 87, 88, 104, 107, 116, 117, 118, 124, 131, 143, 144, 147, 151, 152, 153, 155, 161, 162, 164, 169, 173, 176, 177, 182, 185, 186, 187, 188, 191, 197, 200, 203, 205, 208, 209, 213, 220, 230, 231, 237, 238, 244, 246, 249, 252, 255, 256, 262, 264, 283, 285, 294, 300, 303, 316, 318, 321, 323, 326, 336, 337, 339, 340, 341, 342, 343, 344, 346, 352, 358, 359, 362, 368, 370, 374, 378, 384, 385, 391, 396, 398, 402, 403, 411, 414, 418, 420, 428, 430, 431, 434, 436, 440, 446, 447, 451, 452, 458, 460, 463, 464, 465, 474, 479, 482, 484, 486, 489, 490, 495, 496, 498, 509]
Subround 4
         Timestamp  TS First Frame  TS Prev Frame
Offset                                           
130     24728320.0      48112418.0       957662.0
316     24713984.0      47993436.0       952737.0
447     24680960.0      48227894.0       938764.0
450     24790272.0      48337546.0       938555.0
383     24713984.0      48089439.0       924623.0
55      24658432.0      47578776.0       920711.0
234     24545536.0      47479888.0       915259.0
416     24483840.0      47658663.0       895148.0
368     24528128.0      48007295.0       891825.0
244     24566784.0      47673462.0       886852.0
429     24585984.0      47898923.0       884082.0
62      24568832.0      47530443.0       878008.0
374     24414464.0      47347522.0       875798.0
29      24401408.0      47497442.0       873322.0
436     24515840.0      48053465.0       869240.0
119     24602624.0      47820524.0       865596.0
277     24317952.0      47325392.0       865029.0
179     24805376.0      48018481.0       863409.0
10      24627456.0      48121743.0       863024.0
15      24232960.0      47278094.0       861386.0
         Server1  Server2
Offset                   
14      277510.0  79581.2
418      48750.4  14253.8
492      31292.0   9253.6
454      14489.6   4394.2
58       11120.8   3710.8
372      10958.4   3391.6
246       8748.4   2689.6
244       5100.4   1712.8
421       4762.0   1473.0
274       4681.6   1526.4
254       4624.8   1531.8
457       4570.0   1588.0
374       4538.8   1521.2
277       4459.6   1517.6
50        4444.4   1506.6
91        4368.0   1477.4
62        4367.2   1504.8
368       4351.2   1499.4
380       4339.6   1481.4
384       4323.6   1428.2
Current: [4, 10, 14, 21, 22, 24, 35, 38, 39, 41, 42, 44, 48, 49, 51, 57, 60, 70, 86, 87, 88, 107, 116, 117, 118, 131, 147, 151, 155, 162, 164, 173, 176, 177, 182, 185, 186, 191, 200, 205, 208, 215, 220, 230, 231, 238, 244, 252, 256, 262, 283, 285, 294, 300, 303, 318, 321, 336, 339, 341, 345, 352, 358, 359, 364, 368, 374, 378, 387, 391, 396, 398, 402, 403, 411, 420, 428, 430, 434, 436, 440, 447, 451, 452, 458, 460, 463, 464, 465, 482, 490, 495, 496, 509]
Subround 5
         Timestamp  TS First Frame  TS Prev Frame
Offset                                           
62      24659456.0      47999562.5       903111.5
10      24765824.0      48235977.0       872262.5
27      24473600.0      47530547.0       860960.0
109     24481536.0      47638787.5       860660.5
483     24789632.0      48135786.5       847073.5
145     24511360.0      47675967.5       841701.5
395     24492288.0      47845190.5       840276.0
508     24511744.0      47515648.0       839440.0
243     24783872.0      48226564.0       834254.0
256     24281344.0      47362730.0       830429.0
117     24649344.0      47881901.0       824747.0
437     25030400.0      48751698.0       813963.5
282     24541952.0      47891024.0       810650.5
129     24514176.0      47950603.5       801724.0
439     24468992.0      47599857.5       790891.5
371     24751360.0      48127173.5       780879.5
216     25078784.0      48543044.5       777915.5
387     24680448.0      47809029.0       754989.0
29      24570880.0      47978726.5       753514.0
43      24085248.0      47563667.0       750706.0
              Server1        Server2
Offset                              
14      353633.333333  101403.166667
418      41223.000000   12074.333333
492      26507.000000    7852.000000
454      12923.333333    3973.500000
372       9682.333333    3002.166667
58        9625.333333    3216.166667
246       7685.000000    2373.666667
421       5049.000000    1584.166667
244       4636.333333    1551.666667
27        4565.666667    1570.666667
62        4515.333333    1550.666667
374       4428.333333    1471.000000
254       4379.666667    1441.833333
10        4330.666667    1454.166667
437       4293.000000    1525.500000
395       4283.666667    1481.833333
274       4281.333333    1398.500000
483       4279.666667    1494.000000
282       4278.000000    1425.333333
50        4271.000000    1435.666667
Current: [10, 14, 21, 22, 24, 35, 48, 49, 86, 87, 88, 107, 117, 118, 131, 147, 151, 162, 164, 173, 176, 177, 200, 205, 220, 238, 256, 321, 336, 339, 341, 352, 359, 378, 387, 391, 396, 403, 411, 420, 428, 430, 434, 447, 460, 463, 482, 490, 495]
Subround 6
         Timestamp  TS First Frame  TS Prev Frame
Offset                                           
244     24566784.0      47673462.0       886852.0
62      24568832.0      47530443.0       878008.0
10      24627456.0      48121743.0       863024.0
27      24410880.0      47468178.0       845166.0
483     24609280.0      47807214.0       833355.0
109     24400128.0      47623264.0       831705.0
117     24257792.0      47297659.0       821545.0
243     24640512.0      48035951.0       817562.0
145     24845568.0      48256227.0       814939.0
256     24469760.0      47895141.0       806448.5
282     24253696.0      47323604.0       797459.0
129     24082176.0      47364441.0       783010.0
40      24273664.0      47781938.0       772312.0
457     24793344.0      48058572.0       770314.0
350     24882432.0      48537453.0       759835.0
400     24426240.0      47719629.0       755203.0
43      24485376.0      47786936.0       750706.0
347     24557824.0      48059152.0       750202.0
439     24441088.0      47659050.0       747885.0
59      24180480.0      47496907.0       743057.0
              Server1       Server2
Offset                             
14      347524.571429  99645.285714
418      35586.285714  10439.714286
492      23119.142857   6869.285714
269      16150.857143   4850.857143
454      11333.428571   3492.142857
58        9006.571429   3013.000000
372       8612.857143   2676.428571
246       7002.857143   2171.142857
421       5055.428571   1605.857143
244       4666.285714   1588.571429
27        4318.571429   1479.000000
457       4264.000000   1475.428571
347       4216.285714   1428.428571
377       4182.571429   1426.428571
395       4180.571429   1435.000000
62        4177.714286   1431.571429
91        4164.571429   1394.857143
380       4148.000000   1426.428571
491       4142.285714   1419.142857
49        4111.714286   1390.428571
Current: [4, 6, 10, 14, 21, 22, 23, 24, 35, 39, 42, 48, 49, 53, 60, 73, 86, 87, 88, 91, 101, 104, 105, 107, 116, 117, 118, 131, 133, 139, 147, 151, 156, 162, 164, 173, 176, 177, 182, 200, 203, 205, 208, 219, 220, 238, 244, 252, 253, 256, 269, 283, 294, 300, 303, 318, 321, 323, 336, 339, 340, 343, 352, 357, 358, 359, 374, 378, 387, 391, 395, 396, 402, 403, 411, 414, 418, 420, 428, 430, 431, 432, 434, 436, 446, 447, 451, 458, 459, 460, 463, 466, 467, 468, 482, 484, 490, 495, 496, 504]
Subround 7
         Timestamp  TS First Frame  TS Prev Frame
Offset                                           
62      24630912.0      47542726.0       902136.5
483     24566784.0      47656203.5       847073.5
10      24765824.0      48235977.0       793852.5
439     24468992.0      47664053.5       790891.5
256     24281344.0      47362730.0       782468.0
216     25078784.0      48543044.5       777915.5
29      24570880.0      47978726.5       753514.0
436     24334976.0      47739275.5       750452.0
259     24353152.0      47782189.5       747108.5
109     24481536.0      47638787.5       744877.5
454     24657024.0      48069304.0       740707.0
243     24447360.0      47836095.0       736997.0
122     24317568.0      47524813.5       716191.5
395     24492288.0      47852001.5       713854.5
69      24443520.0      47562802.5       713435.5
182     24287616.0      47701209.0       713400.5
371     24458496.0      47707911.0       713079.5
453     24487040.0      47645486.0       697464.0
209     24273152.0      47515216.5       696208.5
244     24314752.0      47406582.0       693303.0
          Server1    Server2
Offset                      
14      330853.50  94853.250
418      31658.50   9310.625
492      20719.50   6194.500
269      14408.00   4344.500
454      10506.50   3270.000
58        8596.00   2885.125
372       8291.00   2620.625
246       6387.00   1988.875
421       4703.00   1499.625
91        4500.75   1512.375
62        4379.75   1520.000
244       4361.75   1484.375
395       4261.25   1472.000
274       4246.50   1388.250
49        4239.50   1444.625
371       4192.25   1430.500
338       4179.25   1377.875
254       4164.00   1383.125
374       4153.00   1386.625
457       4140.00   1426.250
Current: [10, 14, 21, 22, 23, 24, 42, 48, 49, 53, 60, 73, 86, 87, 88, 105, 107, 116, 117, 118, 131, 133, 139, 147, 151, 162, 164, 173, 176, 177, 182, 200, 203, 205, 220, 238, 253, 256, 294, 303, 318, 321, 323, 340, 352, 359, 378, 387, 391, 395, 396, 411, 420, 428, 430, 431, 432, 434, 436, 446, 451, 463, 466, 482, 484, 490, 496]
Subround 8
         Timestamp  TS First Frame  TS Prev Frame
Offset                                           
62      24568832.0      47530443.0       878008.0
424     24369152.0      47666547.0       856855.0
15      24232960.0      47339845.0       855085.0
254     24317696.0      47727745.0       844426.0
483     24524288.0      47505193.0       833355.0
117     24257792.0      47297659.0       821545.0
53      24208128.0      47197203.0       803627.0
282     24253696.0      47575052.0       797459.0
450     24783872.0      48337546.0       792673.0
129     24082176.0      47364441.0       783010.0
268     24203520.0      47503820.0       780220.0
43      24485376.0      47786936.0       750706.0
73      24229120.0      47554496.0       748504.0
439     24441088.0      47659050.0       747885.0
59      24180480.0      47496907.0       743057.0
216     24913152.0      48304826.0       735471.0
27      24327680.0      47466417.0       734826.0
136     24045568.0      47398054.0       733678.0
10      24627456.0      48121743.0       724681.0
235     24575744.0      47766529.0       714948.0
              Server1        Server2
Offset                              
14      356818.888889  102302.111111
418      28462.000000    8376.222222
492      18633.111111    5576.555556
269      13012.666667    3930.555556
454       9563.333333    2984.888889
58        7873.777778    2640.111111
372       7596.444444    2405.888889
246       6188.444444    1966.888889
421       4796.000000    1539.777778
406       4684.666667    1529.666667
91        4349.555556    1454.888889
274       4215.333333    1398.444444
254       4189.777778    1408.111111
27        4184.000000    1438.333333
62        4109.555556    1427.888889
203       4103.333333    1396.333333
49        4100.444444    1389.333333
244       4081.111111    1392.666667
371       4067.777778    1383.777778
395       4045.777778    1396.444444
Current: [10, 14, 22, 23, 24, 48, 49, 86, 87, 88, 105, 107, 117, 131, 162, 164, 173, 177, 220, 238, 256, 321, 378, 411, 420, 430, 434, 446, 451, 466, 490, 496]
Subround 9
         Timestamp  TS First Frame  TS Prev Frame
Offset                                           
256     24150784.0      47350637.0       782468.0
319     24357504.0      47802890.5       715812.0
387     24348160.0      47613333.0       698291.0
144     24723072.0      48205615.0       691114.0
411     24490496.0      47742704.0       678093.0
424     24290304.0      47370409.0       675914.0
323     24315136.0      47473198.0       674968.0
87      24485632.0      47515968.0       673030.5
458     24612096.0      48170859.0       668001.5
254     24294528.0      47580609.0       661556.0
371     24384896.0      47707911.0       661351.5
58      24347392.0      47732239.5       659137.5
338     24438016.0      47966764.0       649833.5
62      24344320.0      47514335.5       647044.0
439     24405376.0      47594854.0       637997.5
450     24663680.0      48308434.5       636821.0
216     24730240.0      48100405.5       632371.5
231     24371072.0      47549733.0       627608.0
53      24161280.0      47119210.0       621085.5
483     24384768.0      47466664.0       619586.5
         Server1   Server2
Offset                    
14      363904.2  104334.0
418      25853.6    7618.2
492      16949.6    5082.1
269      12338.2    3769.8
454       8829.2    2765.2
316       8241.2    2584.3
58        7521.6    2535.6
372       7050.0    2233.3
246       5880.2    1874.4
406       4725.0    1562.6
421       4577.8    1475.9
91        4159.8    1388.8
274       4050.2    1344.8
491       4042.0    1369.9
338       4025.0    1343.2
27        4004.0    1373.6
62        3998.2    1381.5
254       3994.0    1339.7
184       3959.8    4157.2
457       3957.8    1341.8
Current: [10, 14, 21, 22, 23, 24, 39, 42, 48, 49, 50, 70, 81, 86, 87, 88, 105, 107, 117, 118, 131, 133, 144, 151, 164, 168, 173, 176, 177, 179, 182, 191, 205, 219, 220, 238, 246, 253, 256, 257, 270, 285, 294, 300, 318, 321, 336, 349, 350, 352, 358, 378, 380, 385, 391, 407, 410, 411, 414, 420, 424, 430, 431, 434, 438, 446, 451, 466, 468, 490, 496, 503, 504]
Subround 10
         Timestamp  TS First Frame  TS Prev Frame
Offset                                           
15      24232960.0      47329758.0       855085.0
424     24369152.0      47666547.0       845320.0
254     24317696.0      47727745.0       844426.0
483     24245248.0      47428135.0       833355.0
58      24399872.0      47781569.0       830205.0
62      24119808.0      47498228.0       820322.0
475     24495360.0      47756241.0       782938.0
53      24208128.0      47197203.0       769239.0
338     24472576.0      48113513.0       753465.0
280     24785408.0      48102708.0       717368.0
130     24244736.0      47552446.0       708656.0
316     24322048.0      47506078.0       706354.0
319     24384768.0      47825881.0       702911.0
274     24705280.0      47914437.0       692559.0
282     24729856.0      48347883.0       690921.0
143     24706304.0      48128791.0       662477.0
153     24003072.0      47210600.0       658357.0
129     24082176.0      47364441.0       653246.0
323     24310784.0      47490325.0       638674.0
448     24346112.0      47892041.0       637227.0
              Server1       Server2
Offset                             
14      345146.727273  98952.000000
418      24016.000000   7109.636364
492      15853.636364   4781.000000
269      11643.090909   3581.454545
454       8319.272727   2619.000000
316       7927.454545   2493.909091
58        7361.454545   2474.909091
372       6850.363636   2180.000000
246       5536.909091   1769.545455
406       4485.636364   1481.636364
421       4345.090909   1403.818182
91        4300.727273   1433.545455
274       4292.545455   1416.181818
338       4119.272727   1375.454545
457       4094.545455   1401.454545
254       4064.000000   1376.272727
62        4061.090909   1400.272727
49        4043.090909   1366.090909
280       4040.727273   1388.090909
50        3982.909091   1341.000000
Current: [10, 14, 22, 23, 24, 42, 48, 50, 70, 86, 88, 107, 111, 118, 131, 144, 151, 164, 168, 173, 176, 177, 205, 220, 238, 246, 253, 256, 270, 285, 300, 321, 341, 349, 350, 358, 380, 385, 392, 411, 420, 424, 430, 434, 446, 451, 466, 490, 503]
Subround 11
         Timestamp  TS First Frame  TS Prev Frame
Offset                                           
15      24381312.0      47334801.5       858235.5
254     24364544.0      47593513.0       844732.5
53      24208768.0      47323266.0       786433.0
274     24753536.0      48103435.5       777346.5
483     24384768.0      47466664.0       761486.0
29      24798592.0      48410598.5       753189.5
282     24780032.0      48403163.5       744190.0
424     24295680.0      47767041.0       738321.5
136     24045568.0      47398054.0       733678.0
129     24274176.0      47562730.5       718128.0
130     24486528.0      47746908.0       714575.0
316     24510336.0      47696039.5       712512.0
58      24434944.0      47808793.0       709983.0
145     24722176.0      48274951.0       698546.5
259     24099456.0      47413674.0       696148.0
436     24164864.0      47439642.5       693416.5
131     24331776.0      47631019.5       681263.0
379     24440064.0      47682840.5       680861.5
69      24372480.0      47567518.0       676881.0
439     24435840.0      47664053.5       676865.0
              Server1       Server2
Offset                             
14      330024.000000  94617.000000
418      22347.833333   6631.166667
492      14880.833333   4511.500000
269      10850.166667   3341.916667
454       7989.833333   2537.250000
316       7701.500000   2429.166667
58        7088.666667   2373.166667
372       6831.666667   2177.583333
246       5558.500000   1784.250000
233       5113.166667   1717.083333
274       4400.000000   1455.083333
91        4345.833333   1458.583333
406       4283.000000   1413.583333
50        4179.166667   1403.916667
421       4158.333333   1343.000000
457       4152.833333   1419.916667
254       4123.166667   1411.166667
49        4105.666667   1387.500000
62        4091.666667   1419.000000
368       4066.000000   1382.416667
Current: [10, 14, 22, 23, 24, 48, 70, 86, 88, 107, 111, 118, 131, 151, 176, 177, 205, 238, 246, 256, 270, 300, 321, 380, 385, 411, 420, 430, 434, 446, 451, 466, 490, 503]
Subround 12
         Timestamp  TS First Frame  TS Prev Frame
Offset                                           
15      24232960.0      47329758.0       855085.0
254     24411392.0      47573847.0       844426.0
53      24208128.0      47197203.0       769239.0
117     24315648.0      47710507.0       710592.0
130     24728320.0      47941370.0       708656.0
316     24322048.0      47506078.0       706354.0
319     24384768.0      47825881.0       702911.0
274     24705280.0      47914437.0       692559.0
282     24729856.0      48347883.0       690921.0
483     24524288.0      47505193.0       689617.0
143     24682240.0      48003751.0       662477.0
129     24466176.0      47761020.0       653246.0
323     24310784.0      47496790.0       638674.0
448     24346112.0      47892041.0       637227.0
411     24382464.0      47699146.0       637206.0
259     24096256.0      47381195.0       637162.0
118     24616704.0      48059350.0       635216.0
458     24443136.0      48051045.0       634615.0
29      24740352.0      48361186.0       633706.0
436     24154112.0      47436984.0       631664.0
              Server1        Server2
Offset                              
14      350851.538462  100585.076923
418      20793.692308    6176.769231
492      13898.923077    4220.153846
269      10231.076923    3167.307692
454       7618.153846    2420.769231
316       7286.307692    2301.384615
503       6777.230769    2145.846154
58        6702.307692    2244.076923
372       6471.538462    2063.923077
246       5294.923077    1704.076923
233       5212.615385    1750.461538
91        4316.461538    1441.846154
274       4244.769231    1403.538462
421       4203.076923    1376.846154
406       4112.615385    1356.461538
50        4029.846154    1353.538462
27        4019.538462    1364.230769
457       4001.538462    1367.461538
254       3998.461538    1366.000000
368       3982.769231    1349.692308
Current: [10, 14, 22, 24, 48, 86, 118, 131, 151, 177, 205, 238, 246, 256, 270, 300, 321, 434, 466, 490]
Subround 13
         Timestamp  TS First Frame  TS Prev Frame
Offset                                           
256     24150784.0      47362730.0       754756.0
143     24694272.0      48066271.0       721809.0
411     24405504.0      47688069.5       678093.0
254     24364544.0      47522415.0       672820.0
457     24321152.0      47822893.0       662426.5
244     24314752.0      47487067.0       661113.5
117     24289408.0      47577937.5       647596.5
418     24226560.0      47371657.0       638904.5
400     24321280.0      47335164.0       638066.0
214     24460544.0      47939674.0       628806.0
129     24274176.0      47562730.5       626344.5
15      24381312.0      47334801.5       610181.5
354     24309376.0      47609753.0       609612.5
280     24526592.0      47973697.5       609398.0
276     24146048.0      47251165.0       608199.5
233     24482816.0      47999396.5       605006.5
231     24247680.0      47526704.5       604140.0
380     24257792.0      47702126.5       603981.5
53      24161280.0      47119210.0       603891.5
210     24403456.0      47748807.0       601446.5
              Server1       Server2
Offset                             
14      341158.000000  97803.714286
418      19616.857143   5850.571429
492      13164.000000   4008.357143
269       9895.428571   3079.285714
454       7225.000000   2298.928571
316       6925.714286   2190.214286
503       6431.142857   2039.857143
73        6403.285714   2035.571429
58        6367.857143   2129.928571
372       6162.142857   1966.785714
233       5192.571429   1743.642857
246       5066.285714   1632.857143
91        4420.428571   1482.357143
421       4269.000000   1401.357143
274       4175.857143   1377.000000
406       4142.142857   1378.928571
50        4078.000000   1378.428571
457       4061.714286   1396.142857
347       4038.285714   1391.000000
380       4034.142857   1376.214286
Current: [0, 9, 10, 14, 22, 23, 24, 48, 50, 54, 86, 98, 101, 118, 131, 151, 168, 177, 182, 194, 205, 238, 240, 246, 256, 264, 270, 281, 300, 321, 339, 358, 385, 402, 411, 430, 434, 451, 466, 490, 495]
Subround 14
         Timestamp  TS First Frame  TS Prev Frame
Offset                                           
15      24232960.0      47329758.0       821712.0
254     24317696.0      47553624.0       795860.0
418     24234240.0      47386548.0       768132.0
280     24713216.0      48050996.0       717368.0
276     24169472.0      47266464.0       710558.0
274     24323328.0      47802187.0       692559.0
483     24524288.0      47505193.0       689617.0
400     24426240.0      47483042.0       687552.0
457     24572160.0      47909971.0       671881.0
215     24179072.0      47512004.5       664540.5
143     24682240.0      48003751.0       662477.0
275     24410368.0      47855590.0       644504.0
448     24346112.0      47892041.0       637227.0
411     24382464.0      47676993.0       637206.0
259     24102656.0      47434520.0       637162.0
118     24616704.0      48059350.0       635216.0
50      24298240.0      47523727.0       635112.0
442     24205056.0      47524046.0       634646.0
29      24740352.0      48361186.0       633706.0
436     24175616.0      47442301.0       631664.0
              Server1       Server2
Offset                             
14      330566.800000  94763.800000
418      18637.333333   5572.000000
492      12553.866667   3841.200000
503       9557.866667   2955.400000
269       9349.733333   2914.333333
454       7050.400000   2256.800000
130       6998.133333   2220.666667
316       6620.933333   2097.733333
58        6322.933333   2120.533333
73        6229.466667   1989.466667
372       6044.400000   1936.133333
233       4984.800000   1674.533333
246       4846.800000   1564.200000
91        4491.333333   1511.666667
274       4224.533333   1397.600000
368       4194.266667   1416.466667
421       4120.666667   1353.666667
50        4116.533333   1389.866667
457       4039.866667   1386.666667
49        4030.266667   1381.200000
Current: [0, 10, 14, 22, 24, 101, 111, 118, 131, 151, 168, 194, 205, 238, 246, 256, 300, 321, 358, 392, 402, 434, 451, 466, 495]
Subround 15
         Timestamp  TS First Frame  TS Prev Frame
Offset                                           
15      24381312.0      47334801.5       798884.5
254     24364544.0      47563735.5       772861.5
29      24798592.0      48410598.5       729097.5
371     24270336.0      47516230.0       660912.0
215     24184320.0      47588821.0       660485.0
206     24386048.0      47788377.0       653341.0
430     24264576.0      47404325.0       648471.0
117     24343296.0      47786186.5       647596.5
234     24694912.0      47898632.0       643530.0
418     24226560.0      47371657.0       638904.5
383     24802176.0      48228830.5       636620.5
216     24462080.0      47735669.0       632371.5
41      24278016.0      47624704.0       632233.0
129     24274176.0      47562730.5       626344.5
439     24468992.0      48033423.5       622102.0
457     24600320.0      47984271.5       620844.5
302     24361600.0      47618634.5       612421.0
280     24580864.0      48018259.5       609398.0
276     24211200.0      47282180.5       608199.5
454     24377600.0      47971942.5       607475.5
           Server1     Server2
Offset                        
14      348443.125  99885.9375
418      17641.000   5278.5000
492      11881.125   3640.1875
503       9071.875   2809.7500
269       8889.500   2773.0625
130       6871.000   2183.7500
454       6791.500   2177.0625
316       6530.000   2081.1875
58        6062.875   2031.8125
73        6014.500   1920.8750
372       5957.625   1920.3750
246       4846.250   1568.6875
233       4804.000   1613.6875
91        4362.250   1467.8125
274       4249.000   1414.8125
421       4158.375   1376.1250
368       4086.625   1378.4375
254       4028.500   1376.6875
406       3993.875   1324.6250
50        3990.000   1346.6250
Current: [0, 10, 14, 24, 101, 118, 131, 151, 168, 238, 246, 256, 300, 321, 358, 392, 434, 451]
         Timestamp  TS First Frame  TS Prev Frame
Offset                                           
15      24381312.0      47334801.5       798884.5
254     24364544.0      47563735.5       772861.5
29      24798592.0      48410598.5       729097.5
371     24270336.0      47516230.0       660912.0
215     24184320.0      47588821.0       660485.0
206     24386048.0      47788377.0       653341.0
430     24264576.0      47404325.0       648471.0
117     24343296.0      47786186.5       647596.5
234     24694912.0      47898632.0       643530.0
418     24226560.0      47371657.0       638904.5
383     24802176.0      48228830.5       636620.5
216     24462080.0      47735669.0       632371.5
41      24278016.0      47624704.0       632233.0
129     24274176.0      47562730.5       626344.5
439     24468992.0      48033423.5       622102.0
457     24600320.0      47984271.5       620844.5
302     24361600.0      47618634.5       612421.0
280     24580864.0      48018259.5       609398.0
276     24211200.0      47282180.5       608199.5
454     24377600.0      47971942.5       607475.5
           Server1     Server2
Offset                        
14      348443.125  99885.9375
418      17641.000   5278.5000
492      11881.125   3640.1875
503       9071.875   2809.7500
269       8889.500   2773.0625
130       6871.000   2183.7500
454       6791.500   2177.0625
316       6530.000   2081.1875
58        6062.875   2031.8125
73        6014.500   1920.8750
372       5957.625   1920.3750
246       4846.250   1568.6875
233       4804.000   1613.6875
91        4362.250   1467.8125
274       4249.000   1414.8125
421       4158.375   1376.1250
368       4086.625   1378.4375
254       4028.500   1376.6875
406       3993.875   1324.6250
50        3990.000   1346.6250
New pairs
[[118, 246], [321, 151], [358, 168], [238, 24], [131, 256], [392, 14], [434, 451], [101, 300], [0, 10]]
Round 1
Subround 0
         Timestamp  TS First Frame  TS Prev Frame
Offset                                           
15      24381312.0      47334801.5       798884.5
254     24364544.0      47563735.5       772861.5
29      24798592.0      48410598.5       729097.5
371     24270336.0      47516230.0       660912.0
215     24184320.0      47588821.0       660485.0
206     24386048.0      47788377.0       653341.0
430     24264576.0      47404325.0       648471.0
117     24343296.0      47786186.5       647596.5
234     24694912.0      47898632.0       643530.0
418     24226560.0      47371657.0       638904.5
383     24802176.0      48228830.5       636620.5
216     24462080.0      47735669.0       632371.5
41      24278016.0      47624704.0       632233.0
129     24274176.0      47562730.5       626344.5
439     24468992.0      48033423.5       622102.0
457     24600320.0      47984271.5       620844.5
302     24361600.0      47618634.5       612421.0
256     24146560.0      47501491.0       610793.0
280     24580864.0      48018259.5       609398.0
276     24211200.0      47282180.5       608199.5
              Server1       Server2
Offset                             
14      338361.764706  96998.705882
418      17641.000000   5278.500000
492      11881.125000   3640.187500
503       9071.875000   2809.750000
269       8889.500000   2773.062500
130       6871.000000   2183.750000
454       6791.500000   2177.062500
316       6530.000000   2081.187500
58        6062.875000   2031.812500
73        6014.500000   1920.875000
372       5957.625000   1920.375000
233       4804.000000   1613.687500
246       4687.529412   1518.882353
91        4362.250000   1467.812500
274       4249.000000   1414.812500
421       4158.375000   1376.125000
368       4086.625000   1378.437500
254       4028.500000   1376.687500
406       3993.875000   1324.625000
50        3990.000000   1346.625000
Current: [14, 24, 131, 246, 321, 358]
Subround 1
         Timestamp  TS First Frame  TS Prev Frame
Offset                                           
15      24381312.0      47334801.5       798884.5
254     24364544.0      47563735.5       772861.5
29      24798592.0      48410598.5       729097.5
371     24270336.0      47516230.0       660912.0
215     24184320.0      47588821.0       660485.0
206     24386048.0      47788377.0       653341.0
430     24264576.0      47404325.0       648471.0
117     24343296.0      47786186.5       647596.5
234     24694912.0      47898632.0       643530.0
418     24226560.0      47371657.0       638904.5
383     24802176.0      48228830.5       636620.5
216     24462080.0      47735669.0       632371.5
41      24278016.0      47624704.0       632233.0
129     24274176.0      47562730.5       626344.5
439     24468992.0      48033423.5       622102.0
457     24600320.0      47984271.5       620844.5
302     24361600.0      47618634.5       612421.0
280     24580864.0      48018259.5       609398.0
276     24211200.0      47282180.5       608199.5
454     24377600.0      47971942.5       607475.5
              Server1       Server2
Offset                             
14      331306.000000  94974.055556
418      17641.000000   5278.500000
492      11881.125000   3640.187500
503       9071.875000   2809.750000
269       8889.500000   2773.062500
130       6871.000000   2183.750000
454       6791.500000   2177.062500
316       6530.000000   2081.187500
58        6062.875000   2031.812500
73        6014.500000   1920.875000
372       5957.625000   1920.375000
233       4804.000000   1613.687500
246       4736.222222   1537.166667
91        4362.250000   1467.812500
274       4249.000000   1414.812500
421       4158.375000   1376.125000
368       4086.625000   1378.437500
254       4028.500000   1376.687500
406       3993.875000   1324.625000
50        3990.000000   1346.625000
Current: [0, 14, 101, 321, 358, 451]
Subround 2
         Timestamp  TS First Frame  TS Prev Frame
Offset                                           
15      24381312.0      47334801.5       798884.5
254     24364544.0      47563735.5       772861.5
29      24798592.0      48410598.5       729097.5
371     24270336.0      47516230.0       660912.0
215     24184320.0      47588821.0       660485.0
206     24386048.0      47788377.0       653341.0
430     24264576.0      47404325.0       648471.0
117     24343296.0      47786186.5       647596.5
234     24694912.0      47898632.0       643530.0
418     24226560.0      47371657.0       638904.5
383     24802176.0      48228830.5       636620.5
216     24462080.0      47735669.0       632371.5
41      24278016.0      47624704.0       632233.0
129     24274176.0      47562730.5       626344.5
439     24468992.0      48033423.5       622102.0
457     24600320.0      47984271.5       620844.5
302     24361600.0      47618634.5       612421.0
280     24580864.0      48018259.5       609398.0
276     24211200.0      47282180.5       608199.5
454     24377600.0      47971942.5       607475.5
              Server1       Server2
Offset                             
14      325990.315789  93448.526316
418      17641.000000   5278.500000
492      11881.125000   3640.187500
503       9071.875000   2809.750000
269       8889.500000   2773.062500
130       6871.000000   2183.750000
454       6791.500000   2177.062500
316       6530.000000   2081.187500
58        6062.875000   2031.812500
73        6014.500000   1920.875000
372       5957.625000   1920.375000
233       4804.000000   1613.687500
246       4587.052632   1488.578947
91        4362.250000   1467.812500
274       4249.000000   1414.812500
421       4158.375000   1376.125000
368       4086.625000   1378.437500
254       4028.500000   1376.687500
406       3993.875000   1324.625000
50        3990.000000   1346.625000
Current: [14, 321, 358]
Subround 3
         Timestamp  TS First Frame  TS Prev Frame
Offset                                           
15      24381312.0      47334801.5       798884.5
254     24364544.0      47563735.5       772861.5
29      24798592.0      48410598.5       729097.5
371     24270336.0      47516230.0       660912.0
215     24184320.0      47588821.0       660485.0
206     24386048.0      47788377.0       653341.0
430     24264576.0      47404325.0       648471.0
117     24343296.0      47786186.5       647596.5
234     24694912.0      47898632.0       643530.0
418     24226560.0      47371657.0       638904.5
383     24802176.0      48228830.5       636620.5
216     24462080.0      47735669.0       632371.5
41      24278016.0      47624704.0       632233.0
129     24274176.0      47562730.5       626344.5
10      24362496.0      47609694.0       622347.0
439     24468992.0      48033423.5       622102.0
457     24600320.0      47984271.5       620844.5
302     24361600.0      47618634.5       612421.0
280     24580864.0      48018259.5       609398.0
276     24211200.0      47282180.5       608199.5
           Server1     Server2
Offset                        
14      323676.200  92781.7500
418      17641.000   5278.5000
492      11881.125   3640.1875
503       9071.875   2809.7500
269       8889.500   2773.0625
130       6871.000   2183.7500
454       6791.500   2177.0625
316       6530.000   2081.1875
58        6062.875   2031.8125
73        6014.500   1920.8750
372       5957.625   1920.3750
233       4804.000   1613.6875
246       4462.600   1449.3500
91        4362.250   1467.8125
274       4249.000   1414.8125
421       4158.375   1376.1250
368       4086.625   1378.4375
254       4028.500   1376.6875
406       3993.875   1324.6250
50        3990.000   1346.6250
Current: [14, 131, 246, 321, 358]
Subround 4
         Timestamp  TS First Frame  TS Prev Frame
Offset                                           
15      24381312.0      47334801.5       798884.5
254     24364544.0      47563735.5       772861.5
29      24798592.0      48410598.5       729097.5
371     24270336.0      47516230.0       660912.0
215     24184320.0      47588821.0       660485.0
206     24386048.0      47788377.0       653341.0
430     24264576.0      47404325.0       648471.0
117     24343296.0      47786186.5       647596.5
234     24694912.0      47898632.0       643530.0
418     24226560.0      47371657.0       638904.5
383     24802176.0      48228830.5       636620.5
216     24462080.0      47735669.0       632371.5
41      24278016.0      47624704.0       632233.0
129     24274176.0      47562730.5       626344.5
439     24468992.0      48033423.5       622102.0
457     24600320.0      47984271.5       620844.5
302     24361600.0      47618634.5       612421.0
280     24580864.0      48018259.5       609398.0
276     24211200.0      47282180.5       608199.5
454     24377600.0      47971942.5       607475.5
              Server1       Server2
Offset                             
14      314924.571429  90274.571429
418      17641.000000   5278.500000
492      11881.125000   3640.187500
503       9071.875000   2809.750000
269       8889.500000   2773.062500
130       6871.000000   2183.750000
454       6791.500000   2177.062500
316       6530.000000   2081.187500
58        6062.875000   2031.812500
73        6014.500000   1920.875000
372       5957.625000   1920.375000
233       4804.000000   1613.687500
246       4520.857143   1469.952381
91        4362.250000   1467.812500
274       4249.000000   1414.812500
421       4158.375000   1376.125000
368       4086.625000   1378.437500
254       4028.500000   1376.687500
406       3993.875000   1324.625000
50        3990.000000   1346.625000
Current: [14, 131, 321, 358]
Subround 5
         Timestamp  TS First Frame  TS Prev Frame
Offset                                           
15      24381312.0      47334801.5       798884.5
254     24364544.0      47563735.5       772861.5
29      24798592.0      48410598.5       729097.5
371     24270336.0      47516230.0       660912.0
215     24184320.0      47588821.0       660485.0
206     24386048.0      47788377.0       653341.0
430     24264576.0      47404325.0       648471.0
117     24343296.0      47786186.5       647596.5
234     24694912.0      47898632.0       643530.0
418     24226560.0      47371657.0       638904.5
383     24802176.0      48228830.5       636620.5
216     24462080.0      47735669.0       632371.5
41      24278016.0      47624704.0       632233.0
129     24274176.0      47562730.5       626344.5
10      24362496.0      47609694.0       622347.0
439     24468992.0      48033423.5       622102.0
457     24600320.0      47984271.5       620844.5
302     24361600.0      47618634.5       612421.0
280     24580864.0      48018259.5       609398.0
276     24211200.0      47282180.5       608199.5
              Server1       Server2
Offset                             
14      329057.363636  94318.181818
418      17641.000000   5278.500000
492      11881.125000   3640.187500
503       9071.875000   2809.750000
269       8889.500000   2773.062500
130       6871.000000   2183.750000
454       6791.500000   2177.062500
316       6530.000000   2081.187500
58        6062.875000   2031.812500
73        6014.500000   1920.875000
372       5957.625000   1920.375000
233       4804.000000   1613.687500
246       4431.727273   1441.045455
91        4362.250000   1467.812500
274       4249.000000   1414.812500
321       4187.727273   1394.090909
421       4158.375000   1376.125000
368       4086.625000   1378.437500
254       4028.500000   1376.687500
406       3993.875000   1324.625000
Current: [14, 321, 358]
Subround 6
         Timestamp  TS First Frame  TS Prev Frame
Offset                                           
15      24381312.0      47334801.5       798884.5
254     24364544.0      47563735.5       772861.5
29      24798592.0      48410598.5       729097.5
371     24270336.0      47516230.0       660912.0
215     24184320.0      47588821.0       660485.0
206     24386048.0      47788377.0       653341.0
430     24264576.0      47404325.0       648471.0
117     24343296.0      47786186.5       647596.5
234     24694912.0      47898632.0       643530.0
418     24226560.0      47371657.0       638904.5
383     24802176.0      48228830.5       636620.5
216     24462080.0      47735669.0       632371.5
41      24278016.0      47624704.0       632233.0
129     24274176.0      47562730.5       626344.5
439     24468992.0      48033423.5       622102.0
457     24600320.0      47984271.5       620844.5
302     24361600.0      47618634.5       612421.0
280     24580864.0      48018259.5       609398.0
276     24211200.0      47282180.5       608199.5
454     24377600.0      47971942.5       607475.5
              Server1       Server2
Offset                             
14      321602.260870  92181.913043
418      17641.000000   5278.500000
492      11881.125000   3640.187500
503       9071.875000   2809.750000
269       8889.500000   2773.062500
130       6871.000000   2183.750000
454       6791.500000   2177.062500
316       6530.000000   2081.187500
58        6062.875000   2031.812500
73        6014.500000   1920.875000
372       5957.625000   1920.375000
233       4804.000000   1613.687500
91        4362.250000   1467.812500
246       4359.565217   1421.000000
274       4249.000000   1414.812500
321       4231.391304   1413.260870
421       4158.375000   1376.125000
368       4086.625000   1378.437500
254       4028.500000   1376.687500
406       3993.875000   1324.625000
Current: [14, 321, 358]
Subround 7
         Timestamp  TS First Frame  TS Prev Frame
Offset                                           
15      24381312.0      47334801.5       798884.5
254     24364544.0      47563735.5       772861.5
29      24798592.0      48410598.5       729097.5
371     24270336.0      47516230.0       660912.0
215     24184320.0      47588821.0       660485.0
206     24386048.0      47788377.0       653341.0
430     24264576.0      47404325.0       648471.0
117     24343296.0      47786186.5       647596.5
234     24694912.0      47898632.0       643530.0
418     24226560.0      47371657.0       638904.5
383     24802176.0      48228830.5       636620.5
216     24462080.0      47735669.0       632371.5
41      24278016.0      47624704.0       632233.0
129     24274176.0      47562730.5       626344.5
439     24468992.0      48033423.5       622102.0
457     24600320.0      47984271.5       620844.5
302     24361600.0      47618634.5       612421.0
280     24580864.0      48018259.5       609398.0
276     24211200.0      47282180.5       608199.5
454     24377600.0      47971942.5       607475.5
              Server1       Server2
Offset                             
14      324591.416667  93033.041667
418      17641.000000   5278.500000
492      11881.125000   3640.187500
503       9071.875000   2809.750000
269       8889.500000   2773.062500
130       6871.000000   2183.750000
454       6791.500000   2177.062500
316       6530.000000   2081.187500
58        6062.875000   2031.812500
73        6014.500000   1920.875000
372       5957.625000   1920.375000
233       4804.000000   1613.687500
246       4364.250000   1425.750000
91        4362.250000   1467.812500
274       4249.000000   1414.812500
421       4158.375000   1376.125000
321       4144.333333   1382.958333
368       4086.625000   1378.437500
254       4028.500000   1376.687500
406       3993.875000   1324.625000
Current: [14, 131, 321]
Subround 8
         Timestamp  TS First Frame  TS Prev Frame
Offset                                           
15      24381312.0      47334801.5       798884.5
254     24364544.0      47563735.5       772861.5
29      24798592.0      48410598.5       729097.5
371     24270336.0      47516230.0       660912.0
215     24184320.0      47588821.0       660485.0
206     24386048.0      47788377.0       653341.0
430     24264576.0      47404325.0       648471.0
117     24343296.0      47786186.5       647596.5
234     24694912.0      47898632.0       643530.0
418     24226560.0      47371657.0       638904.5
383     24802176.0      48228830.5       636620.5
216     24462080.0      47735669.0       632371.5
41      24278016.0      47624704.0       632233.0
129     24274176.0      47562730.5       626344.5
439     24468992.0      48033423.5       622102.0
457     24600320.0      47984271.5       620844.5
302     24361600.0      47618634.5       612421.0
280     24580864.0      48018259.5       609398.0
276     24211200.0      47282180.5       608199.5
454     24377600.0      47971942.5       607475.5
           Server1     Server2
Offset                        
14      332779.040  95383.8400
418      17641.000   5278.5000
492      11881.125   3640.1875
503       9071.875   2809.7500
269       8889.500   2773.0625
130       6871.000   2183.7500
454       6791.500   2177.0625
316       6530.000   2081.1875
58        6062.875   2031.8125
73        6014.500   1920.8750
372       5957.625   1920.3750
233       4804.000   1613.6875
91        4362.250   1467.8125
246       4277.360   1397.8400
274       4249.000   1414.8125
421       4158.375   1376.1250
368       4086.625   1378.4375
321       4065.520   1356.8800
254       4028.500   1376.6875
406       3993.875   1324.6250
Current: [14, 131]
Subround 9
         Timestamp  TS First Frame  TS Prev Frame
Offset                                           
15      24381312.0      47334801.5       798884.5
254     24364544.0      47563735.5       772861.5
29      24798592.0      48410598.5       729097.5
371     24270336.0      47516230.0       660912.0
215     24184320.0      47588821.0       660485.0
206     24386048.0      47788377.0       653341.0
430     24264576.0      47404325.0       648471.0
117     24343296.0      47786186.5       647596.5
234     24694912.0      47898632.0       643530.0
418     24226560.0      47371657.0       638904.5
383     24802176.0      48228830.5       636620.5
216     24462080.0      47735669.0       632371.5
41      24278016.0      47624704.0       632233.0
129     24274176.0      47562730.5       626344.5
439     24468992.0      48033423.5       622102.0
457     24600320.0      47984271.5       620844.5
302     24361600.0      47618634.5       612421.0
280     24580864.0      48018259.5       609398.0
276     24211200.0      47282180.5       608199.5
454     24377600.0      47971942.5       607475.5
              Server1       Server2
Offset                             
14      327122.153846  93761.961538
418      17641.000000   5278.500000
492      11881.125000   3640.187500
503       9071.875000   2809.750000
269       8889.500000   2773.062500
130       6871.000000   2183.750000
454       6791.500000   2177.062500
316       6530.000000   2081.187500
58        6062.875000   2031.812500
73        6014.500000   1920.875000
372       5957.625000   1920.375000
233       4804.000000   1613.687500
91        4362.250000   1467.812500
246       4308.153846   1409.461538
274       4249.000000   1414.812500
421       4158.375000   1376.125000
321       4088.846154   1379.076923
368       4086.625000   1378.437500
254       4028.500000   1376.687500
406       3993.875000   1324.625000
Current: [14, 131, 321, 358]
Subround 10
         Timestamp  TS First Frame  TS Prev Frame
Offset                                           
15      24381312.0      47334801.5       798884.5
254     24364544.0      47563735.5       772861.5
29      24798592.0      48410598.5       729097.5
371     24270336.0      47516230.0       660912.0
215     24184320.0      47588821.0       660485.0
206     24386048.0      47788377.0       653341.0
430     24264576.0      47404325.0       648471.0
117     24343296.0      47786186.5       647596.5
234     24694912.0      47898632.0       643530.0
418     24226560.0      47371657.0       638904.5
383     24802176.0      48228830.5       636620.5
216     24462080.0      47735669.0       632371.5
41      24278016.0      47624704.0       632233.0
129     24274176.0      47562730.5       626344.5
439     24468992.0      48033423.5       622102.0
457     24600320.0      47984271.5       620844.5
302     24361600.0      47618634.5       612421.0
280     24580864.0      48018259.5       609398.0
276     24211200.0      47282180.5       608199.5
454     24377600.0      47971942.5       607475.5
              Server1       Server2
Offset                             
14      341983.481481  98021.222222
418      17641.000000   5278.500000
492      11881.125000   3640.187500
503       9071.875000   2809.750000
269       8889.500000   2773.062500
130       6871.000000   2183.750000
454       6791.500000   2177.062500
316       6530.000000   2081.187500
58        6062.875000   2031.812500
73        6014.500000   1920.875000
372       5957.625000   1920.375000
233       4804.000000   1613.687500
91        4362.250000   1467.812500
274       4249.000000   1414.812500
246       4230.888889   1383.740741
421       4158.375000   1376.125000
368       4086.625000   1378.437500
254       4028.500000   1376.687500
321       4009.777778   1352.518519
406       3993.875000   1324.625000
Current: [14, 131, 321]
Subround 11
         Timestamp  TS First Frame  TS Prev Frame
Offset                                           
15      24381312.0      47334801.5       798884.5
254     24364544.0      47563735.5       772861.5
29      24798592.0      48410598.5       729097.5
371     24270336.0      47516230.0       660912.0
215     24184320.0      47588821.0       660485.0
206     24386048.0      47788377.0       653341.0
430     24264576.0      47404325.0       648471.0
117     24343296.0      47786186.5       647596.5
234     24694912.0      47898632.0       643530.0
418     24226560.0      47371657.0       638904.5
383     24802176.0      48228830.5       636620.5
216     24462080.0      47735669.0       632371.5
41      24278016.0      47624704.0       632233.0
129     24274176.0      47562730.5       626344.5
439     24468992.0      48033423.5       622102.0
457     24600320.0      47984271.5       620844.5
302     24361600.0      47618634.5       612421.0
280     24580864.0      48018259.5       609398.0
276     24211200.0      47282180.5       608199.5
454     24377600.0      47971942.5       607475.5
              Server1     Server2
Offset                           
14      340569.642857  97612.5000
418      17641.000000   5278.5000
492      11881.125000   3640.1875
503       9071.875000   2809.7500
269       8889.500000   2773.0625
130       6871.000000   2183.7500
454       6791.500000   2177.0625
316       6530.000000   2081.1875
58        6062.875000   2031.8125
73        6014.500000   1920.8750
372       5957.625000   1920.3750
233       4804.000000   1613.6875
91        4362.250000   1467.8125
274       4249.000000   1414.8125
421       4158.375000   1376.1250
246       4147.785714   1358.5000
368       4086.625000   1378.4375
254       4028.500000   1376.6875
406       3993.875000   1324.6250
50        3990.000000   1346.6250
Current: [14, 131]
Subround 12
         Timestamp  TS First Frame  TS Prev Frame
Offset                                           
15      24381312.0      47334801.5       798884.5
254     24364544.0      47563735.5       772861.5
29      24798592.0      48410598.5       729097.5
371     24270336.0      47516230.0       660912.0
215     24184320.0      47588821.0       660485.0
206     24386048.0      47788377.0       653341.0
430     24264576.0      47404325.0       648471.0
117     24343296.0      47786186.5       647596.5
234     24694912.0      47898632.0       643530.0
418     24226560.0      47371657.0       638904.5
383     24802176.0      48228830.5       636620.5
216     24462080.0      47735669.0       632371.5
41      24278016.0      47624704.0       632233.0
129     24274176.0      47562730.5       626344.5
439     24468992.0      48033423.5       622102.0
457     24600320.0      47984271.5       620844.5
302     24361600.0      47618634.5       612421.0
280     24580864.0      48018259.5       609398.0
276     24211200.0      47282180.5       608199.5
454     24377600.0      47971942.5       607475.5
              Server1       Server2
Offset                             
14      336509.724138  96452.413793
418      17641.000000   5278.500000
492      11881.125000   3640.187500
503       9071.875000   2809.750000
269       8889.500000   2773.062500
130       6871.000000   2183.750000
454       6791.500000   2177.062500
316       6530.000000   2081.187500
58        6062.875000   2031.812500
73        6014.500000   1920.875000
372       5957.625000   1920.375000
233       4804.000000   1613.687500
91        4362.250000   1467.812500
274       4249.000000   1414.812500
246       4164.482759   1371.931034
421       4158.375000   1376.125000
368       4086.625000   1378.437500
254       4028.500000   1376.687500
406       3993.875000   1324.625000
50        3990.000000   1346.625000
Current: [14]
Subround 13
         Timestamp  TS First Frame  TS Prev Frame
Offset                                           
15      24381312.0      47334801.5       798884.5
254     24364544.0      47563735.5       772861.5
29      24798592.0      48410598.5       729097.5
371     24270336.0      47516230.0       660912.0
215     24184320.0      47588821.0       660485.0
206     24386048.0      47788377.0       653341.0
430     24264576.0      47404325.0       648471.0
117     24343296.0      47786186.5       647596.5
234     24694912.0      47898632.0       643530.0
418     24226560.0      47371657.0       638904.5
383     24802176.0      48228830.5       636620.5
216     24462080.0      47735669.0       632371.5
41      24278016.0      47624704.0       632233.0
129     24274176.0      47562730.5       626344.5
439     24468992.0      48033423.5       622102.0
457     24600320.0      47984271.5       620844.5
302     24361600.0      47618634.5       612421.0
280     24580864.0      48018259.5       609398.0
276     24211200.0      47282180.5       608199.5
454     24377600.0      47971942.5       607475.5
              Server1       Server2
Offset                             
14      344247.066667  98671.966667
418      17641.000000   5278.500000
492      11881.125000   3640.187500
503       9071.875000   2809.750000
269       8889.500000   2773.062500
130       6871.000000   2183.750000
454       6791.500000   2177.062500
316       6530.000000   2081.187500
58        6062.875000   2031.812500
73        6014.500000   1920.875000
372       5957.625000   1920.375000
233       4804.000000   1613.687500
91        4362.250000   1467.812500
274       4249.000000   1414.812500
421       4158.375000   1376.125000
246       4104.400000   1352.966667
368       4086.625000   1378.437500
254       4028.500000   1376.687500
406       3993.875000   1324.625000
50        3990.000000   1346.625000
Current: [14, 358]
Subround 14
         Timestamp  TS First Frame  TS Prev Frame
Offset                                           
15      24381312.0      47334801.5       798884.5
254     24364544.0      47563735.5       772861.5
29      24798592.0      48410598.5       729097.5
371     24270336.0      47516230.0       660912.0
215     24184320.0      47588821.0       660485.0
206     24386048.0      47788377.0       653341.0
430     24264576.0      47404325.0       648471.0
117     24343296.0      47786186.5       647596.5
234     24694912.0      47898632.0       643530.0
418     24226560.0      47371657.0       638904.5
383     24802176.0      48228830.5       636620.5
216     24462080.0      47735669.0       632371.5
41      24278016.0      47624704.0       632233.0
129     24274176.0      47562730.5       626344.5
439     24468992.0      48033423.5       622102.0
457     24600320.0      47984271.5       620844.5
302     24361600.0      47618634.5       612421.0
280     24580864.0      48018259.5       609398.0
276     24211200.0      47282180.5       608199.5
454     24377600.0      47971942.5       607475.5
              Server1       Server2
Offset                             
14      339683.290323  97361.709677
418      17641.000000   5278.500000
492      11881.125000   3640.187500
503       9071.875000   2809.750000
269       8889.500000   2773.062500
130       6871.000000   2183.750000
454       6791.500000   2177.062500
316       6530.000000   2081.187500
58        6062.875000   2031.812500
73        6014.500000   1920.875000
372       5957.625000   1920.375000
233       4804.000000   1613.687500
91        4362.250000   1467.812500
274       4249.000000   1414.812500
421       4158.375000   1376.125000
246       4091.677419   1346.870968
368       4086.625000   1378.437500
254       4028.500000   1376.687500
406       3993.875000   1324.625000
50        3990.000000   1346.625000
Current: [14, 131, 358]
Subround 15
         Timestamp  TS First Frame  TS Prev Frame
Offset                                           
15      24381312.0      47334801.5       798884.5
254     24364544.0      47563735.5       772861.5
29      24798592.0      48410598.5       729097.5
371     24270336.0      47516230.0       660912.0
215     24184320.0      47588821.0       660485.0
206     24386048.0      47788377.0       653341.0
430     24264576.0      47404325.0       648471.0
117     24343296.0      47786186.5       647596.5
234     24694912.0      47898632.0       643530.0
418     24226560.0      47371657.0       638904.5
383     24802176.0      48228830.5       636620.5
216     24462080.0      47735669.0       632371.5
41      24278016.0      47624704.0       632233.0
129     24274176.0      47562730.5       626344.5
439     24468992.0      48033423.5       622102.0
457     24600320.0      47984271.5       620844.5
302     24361600.0      47618634.5       612421.0
280     24580864.0      48018259.5       609398.0
276     24211200.0      47282180.5       608199.5
454     24377600.0      47971942.5       607475.5
            Server1      Server2
Offset                          
14      335668.6875  96211.37500
418      17641.0000   5278.50000
492      11881.1250   3640.18750
503       9071.8750   2809.75000
269       8889.5000   2773.06250
130       6871.0000   2183.75000
454       6791.5000   2177.06250
316       6530.0000   2081.18750
58        6062.8750   2031.81250
73        6014.5000   1920.87500
372       5957.6250   1920.37500
233       4804.0000   1613.68750
91        4362.2500   1467.81250
274       4249.0000   1414.81250
421       4158.3750   1376.12500
368       4086.6250   1378.43750
246       4038.8750   1329.78125
254       4028.5000   1376.68750
406       3993.8750   1324.62500
50        3990.0000   1346.62500
Current: [14]
Subround 16
         Timestamp  TS First Frame  TS Prev Frame
Offset                                           
15      24381312.0      47334801.5       798884.5
254     24364544.0      47563735.5       772861.5
29      24798592.0      48410598.5       729097.5
371     24270336.0      47516230.0       660912.0
215     24184320.0      47588821.0       660485.0
206     24386048.0      47788377.0       653341.0
430     24264576.0      47404325.0       648471.0
117     24343296.0      47786186.5       647596.5
234     24694912.0      47898632.0       643530.0
418     24226560.0      47371657.0       638904.5
383     24802176.0      48228830.5       636620.5
216     24462080.0      47735669.0       632371.5
41      24278016.0      47624704.0       632233.0
129     24274176.0      47562730.5       626344.5
439     24468992.0      48033423.5       622102.0
457     24600320.0      47984271.5       620844.5
302     24361600.0      47618634.5       612421.0
280     24580864.0      48018259.5       609398.0
276     24211200.0      47282180.5       608199.5
454     24377600.0      47971942.5       607475.5
              Server1       Server2
Offset                             
14      344441.757576  98723.878788
418      17641.000000   5278.500000
492      11881.125000   3640.187500
503       9071.875000   2809.750000
269       8889.500000   2773.062500
130       6871.000000   2183.750000
454       6791.500000   2177.062500
316       6530.000000   2081.187500
58        6062.875000   2031.812500
73        6014.500000   1920.875000
372       5957.625000   1920.375000
233       4804.000000   1613.687500
91        4362.250000   1467.812500
274       4249.000000   1414.812500
421       4158.375000   1376.125000
368       4086.625000   1378.437500
254       4028.500000   1376.687500
246       4018.484848   1321.424242
406       3993.875000   1324.625000
50        3990.000000   1346.625000
Current: [14, 131, 434]
Subround 17
         Timestamp  TS First Frame  TS Prev Frame
Offset                                           
15      24381312.0      47334801.5       798884.5
254     24364544.0      47563735.5       772861.5
29      24798592.0      48410598.5       729097.5
371     24270336.0      47516230.0       660912.0
215     24184320.0      47588821.0       660485.0
206     24386048.0      47788377.0       653341.0
430     24264576.0      47404325.0       648471.0
117     24343296.0      47786186.5       647596.5
234     24694912.0      47898632.0       643530.0
418     24226560.0      47371657.0       638904.5
383     24802176.0      48228830.5       636620.5
216     24462080.0      47735669.0       632371.5
41      24278016.0      47624704.0       632233.0
129     24274176.0      47562730.5       626344.5
439     24468992.0      48033423.5       622102.0
457     24600320.0      47984271.5       620844.5
302     24361600.0      47618634.5       612421.0
280     24580864.0      48018259.5       609398.0
276     24211200.0      47282180.5       608199.5
454     24377600.0      47971942.5       607475.5
              Server1       Server2
Offset                             
14      339538.529412  97319.588235
418      17641.000000   5278.500000
492      11881.125000   3640.187500
503       9071.875000   2809.750000
269       8889.500000   2773.062500
130       6871.000000   2183.750000
454       6791.500000   2177.062500
316       6530.000000   2081.187500
58        6062.875000   2031.812500
73        6014.500000   1920.875000
372       5957.625000   1920.375000
233       4804.000000   1613.687500
91        4362.250000   1467.812500
274       4249.000000   1414.812500
421       4158.375000   1376.125000
368       4086.625000   1378.437500
254       4028.500000   1376.687500
406       3993.875000   1324.625000
50        3990.000000   1346.625000
49        3977.375000   1358.187500
Current: [14, 131]
Subround 18
         Timestamp  TS First Frame  TS Prev Frame
Offset                                           
15      24381312.0      47334801.5       798884.5
254     24364544.0      47563735.5       772861.5
29      24798592.0      48410598.5       729097.5
371     24270336.0      47516230.0       660912.0
215     24184320.0      47588821.0       660485.0
206     24386048.0      47788377.0       653341.0
430     24264576.0      47404325.0       648471.0
117     24343296.0      47786186.5       647596.5
234     24694912.0      47898632.0       643530.0
418     24226560.0      47371657.0       638904.5
383     24802176.0      48228830.5       636620.5
216     24462080.0      47735669.0       632371.5
41      24278016.0      47624704.0       632233.0
129     24274176.0      47562730.5       626344.5
439     24468992.0      48033423.5       622102.0
457     24600320.0      47984271.5       620844.5
302     24361600.0      47618634.5       612421.0
280     24580864.0      48018259.5       609398.0
276     24211200.0      47282180.5       608199.5
454     24377600.0      47971942.5       607475.5
              Server1       Server2
Offset                             
14      334846.800000  95975.400000
418      17641.000000   5278.500000
492      11881.125000   3640.187500
503       9071.875000   2809.750000
269       8889.500000   2773.062500
130       6871.000000   2183.750000
454       6791.500000   2177.062500
316       6530.000000   2081.187500
58        6062.875000   2031.812500
73        6014.500000   1920.875000
372       5957.625000   1920.375000
233       4804.000000   1613.687500
91        4362.250000   1467.812500
274       4249.000000   1414.812500
421       4158.375000   1376.125000
368       4086.625000   1378.437500
254       4028.500000   1376.687500
406       3993.875000   1324.625000
246       3991.942857   1315.457143
50        3990.000000   1346.625000
Current: [14]
Subround 19
         Timestamp  TS First Frame  TS Prev Frame
Offset                                           
15      24381312.0      47334801.5       798884.5
254     24364544.0      47563735.5       772861.5
29      24798592.0      48410598.5       729097.5
371     24270336.0      47516230.0       660912.0
215     24184320.0      47588821.0       660485.0
206     24386048.0      47788377.0       653341.0
430     24264576.0      47404325.0       648471.0
117     24343296.0      47786186.5       647596.5
234     24694912.0      47898632.0       643530.0
418     24226560.0      47371657.0       638904.5
383     24802176.0      48228830.5       636620.5
216     24462080.0      47735669.0       632371.5
41      24278016.0      47624704.0       632233.0
129     24274176.0      47562730.5       626344.5
439     24468992.0      48033423.5       622102.0
457     24600320.0      47984271.5       620844.5
302     24361600.0      47618634.5       612421.0
280     24580864.0      48018259.5       609398.0
276     24211200.0      47282180.5       608199.5
454     24377600.0      47971942.5       607475.5
              Server1       Server2
Offset                             
14      340050.666667  97470.138889
418      17641.000000   5278.500000
492      11881.125000   3640.187500
503       9071.875000   2809.750000
269       8889.500000   2773.062500
130       6871.000000   2183.750000
454       6791.500000   2177.062500
316       6530.000000   2081.187500
58        6062.875000   2031.812500
73        6014.500000   1920.875000
372       5957.625000   1920.375000
233       4804.000000   1613.687500
91        4362.250000   1467.812500
274       4249.000000   1414.812500
421       4158.375000   1376.125000
368       4086.625000   1378.437500
254       4028.500000   1376.687500
406       3993.875000   1324.625000
50        3990.000000   1346.625000
49        3977.375000   1358.187500
Current: [14]
Subround 20
         Timestamp  TS First Frame  TS Prev Frame
Offset                                           
15      24381312.0      47334801.5       798884.5
254     24364544.0      47563735.5       772861.5
29      24798592.0      48410598.5       729097.5
371     24270336.0      47516230.0       660912.0
215     24184320.0      47588821.0       660485.0
206     24386048.0      47788377.0       653341.0
430     24264576.0      47404325.0       648471.0
117     24343296.0      47786186.5       647596.5
234     24694912.0      47898632.0       643530.0
418     24226560.0      47371657.0       638904.5
383     24802176.0      48228830.5       636620.5
216     24462080.0      47735669.0       632371.5
41      24278016.0      47624704.0       632233.0
129     24274176.0      47562730.5       626344.5
439     24468992.0      48033423.5       622102.0
457     24600320.0      47984271.5       620844.5
302     24361600.0      47618634.5       612421.0
280     24580864.0      48018259.5       609398.0
276     24211200.0      47282180.5       608199.5
454     24377600.0      47971942.5       607475.5
              Server1       Server2
Offset                             
14      336920.486486  96572.189189
418      17641.000000   5278.500000
492      11881.125000   3640.187500
503       9071.875000   2809.750000
269       8889.500000   2773.062500
130       6871.000000   2183.750000
454       6791.500000   2177.062500
316       6530.000000   2081.187500
58        6062.875000   2031.812500
73        6014.500000   1920.875000
372       5957.625000   1920.375000
233       4804.000000   1613.687500
91        4362.250000   1467.812500
274       4249.000000   1414.812500
421       4158.375000   1376.125000
368       4086.625000   1378.437500
254       4028.500000   1376.687500
406       3993.875000   1324.625000
50        3990.000000   1346.625000
49        3977.375000   1358.187500
Current: [14]
         Timestamp  TS First Frame  TS Prev Frame
Offset                                           
15      24381312.0      47334801.5       798884.5
254     24364544.0      47563735.5       772861.5
29      24798592.0      48410598.5       729097.5
371     24270336.0      47516230.0       660912.0
215     24184320.0      47588821.0       660485.0
206     24386048.0      47788377.0       653341.0
430     24264576.0      47404325.0       648471.0
117     24343296.0      47786186.5       647596.5
234     24694912.0      47898632.0       643530.0
418     24226560.0      47371657.0       638904.5
383     24802176.0      48228830.5       636620.5
216     24462080.0      47735669.0       632371.5
41      24278016.0      47624704.0       632233.0
129     24274176.0      47562730.5       626344.5
439     24468992.0      48033423.5       622102.0
457     24600320.0      47984271.5       620844.5
302     24361600.0      47618634.5       612421.0
280     24580864.0      48018259.5       609398.0
276     24211200.0      47282180.5       608199.5
454     24377600.0      47971942.5       607475.5
              Server1       Server2
Offset                             
14      336920.486486  96572.189189
418      17641.000000   5278.500000
492      11881.125000   3640.187500
503       9071.875000   2809.750000
269       8889.500000   2773.062500
130       6871.000000   2183.750000
454       6791.500000   2177.062500
316       6530.000000   2081.187500
58        6062.875000   2031.812500
73        6014.500000   1920.875000
372       5957.625000   1920.375000
233       4804.000000   1613.687500
91        4362.250000   1467.812500
274       4249.000000   1414.812500
421       4158.375000   1376.125000
368       4086.625000   1378.437500
254       4028.500000   1376.687500
406       3993.875000   1324.625000
50        3990.000000   1346.625000
49        3977.375000   1358.187500
Winning offset:
[14]
2021-09-17 08:39:22.595185
2021-09-17 08:44:56.266902
0:05:33.671717
attacker.py:479: DeprecationWarning: The default dtype for empty Series will be 'object' instead of 'float64' in a future version. Specify a dtype explicitly to silence this warning.
  mean1 = pd.Series(values1).mean()
attacker.py:480: DeprecationWarning: The default dtype for empty Series will be 'object' instead of 'float64' in a future version. Specify a dtype explicitly to silence this warning.
  mean2 = pd.Series(values2).mean()
attacker.py:479: DeprecationWarning: The default dtype for empty Series will be 'object' instead of 'float64' in a future version. Specify a dtype explicitly to silence this warning.
  mean1 = pd.Series(values1).mean()
attacker.py:480: DeprecationWarning: The default dtype for empty Series will be 'object' instead of 'float64' in a future version. Specify a dtype explicitly to silence this warning.
  mean2 = pd.Series(values2).mean()
Exception ignored in: <function Capture.__del__ at 0x7ffa08c2d670>
Traceback (most recent call last):
  File "/home/mlipp/.virtualenvs/kaslr/lib/python3.8/site-packages/pyshark/capture/capture.py", line 445, in __del__
  File "/home/mlipp/.virtualenvs/kaslr/lib/python3.8/site-packages/pyshark/capture/capture.py", line 436, in close
  File "/usr/lib/python3.8/asyncio/base_events.py", line 592, in run_until_complete
  File "/usr/lib/python3.8/asyncio/base_events.py", line 553, in _check_running
AttributeError: 'NoneType' object has no attribute '_get_running_loop'
