Loading page file profiles/packet3/pages/0x6e4a.yaml
Loading page file profiles/packet3/pages/0x6e60.yaml
Loading page file profiles/packet3/pages/0x6ee3.yaml
Loading page file profiles/packet3/pages/0x7241.yaml
Loading page file profiles/packet3/pages/0x7242.yaml
Loading page file profiles/packet3/pages/0x7243.yaml
Loading page file profiles/packet3/pages/0x7244.yaml
Round 0
Subround 0
Empty DataFrame
Columns: [Timestamp, TS First Frame, TS Prev Frame]
Index: []
         Server1   Server2
Offset                    
14      440156.0  126127.0
506       7408.0    2244.0
10        6578.0    2097.0
372       6304.0    2226.0
30        6230.0    1997.0
227       6116.0    2008.0
283       6106.0    2143.0
64        6100.0    2123.0
181       6086.0    1990.0
341       6068.0    2135.0
357       5988.0    2158.0
223       5964.0    1960.0
106       5936.0    1958.0
137       5900.0    2046.0
420       5892.0    1966.0
393       5864.0    2049.0
33        5848.0    2020.0
241       5796.0    1878.0
450       5786.0    2032.0
134       5754.0    1889.0
Current: [0, 1, 4, 5, 7, 9, 12, 13, 14, 16, 19, 20, 21, 23, 24, 25, 26, 28, 29, 31, 33, 34, 36, 41, 42, 43, 45, 51, 52, 53, 55, 56, 59, 61, 64, 67, 68, 69, 71, 74, 76, 77, 78, 81, 87, 88, 90, 91, 93, 98, 99, 101, 106, 110, 112, 117, 119, 121, 123, 125, 128, 132, 134, 135, 136, 137, 141, 142, 143, 146, 147, 148, 150, 154, 156, 157, 160, 162, 165, 166, 167, 172, 173, 174, 176, 177, 185, 187, 188, 189, 192, 197, 198, 201, 202, 208, 212, 213, 214, 215, 217, 221, 222, 224, 229, 232, 234, 241, 242, 243, 244, 247, 250, 251, 256, 257, 258, 260, 263, 264, 267, 271, 275, 278, 279, 281, 282, 284, 285, 287, 288, 290, 292, 293, 294, 295, 296, 298, 299, 300, 304, 305, 309, 311, 312, 315, 317, 319, 323, 324, 325, 327, 328, 329, 333, 335, 336, 338, 341, 344, 345, 348, 353, 354, 355, 358, 359, 361, 363, 364, 365, 366, 367, 370, 373, 375, 378, 381, 382, 383, 385, 386, 388, 389, 390, 391, 392, 394, 395, 396, 397, 399, 403, 405, 406, 407, 409, 410, 417, 418, 423, 424, 425, 426, 428, 429, 430, 431, 434, 439, 440, 443, 444, 447, 449, 450, 451, 452, 455, 457, 461, 463, 464, 466, 467, 470, 477, 479, 482, 484, 485, 489, 490, 491, 492, 494, 496, 498, 500, 501, 503, 504, 506, 510, 511]
Subround 1
         Timestamp  TS First Frame  TS Prev Frame
Offset                                           
467     24674176.0      47931839.5      1012405.5
187     24578688.0      47771853.0       975755.5
164     24530176.0      47872734.5       903850.0
354     24644480.0      47996609.5       891782.5
204     24549248.0      47707854.5       868645.5
492     24753792.0      47907695.0       859933.5
378     24314752.0      47280323.0       850492.5
505     26083584.0      50977009.5       843976.5
132     25790208.0      50441036.0       822250.0
128     24646144.0      47954340.0       808789.5
403     24407552.0      47616494.5       808101.5
380     24419200.0      47903100.0       807991.5
116     26264576.0      51041553.0       802465.5
309     24363776.0      47525473.5       795024.5
294     24752896.0      48191936.0       785906.5
61      24537088.0      47778179.5       783751.0
462     24643840.0      47778878.5       781777.5
458     27998720.0      54937122.5       781384.0
365     24514176.0      48360094.0       779695.5
406     24508672.0      48207988.0       777074.5
         Server1  Server2
Offset                   
14      322902.0  92527.0
248      12259.0   3616.5
334       6102.0   1946.5
506       5748.0   1926.0
187       5374.0   1891.5
33        5314.0   1819.0
354       5294.0   1834.0
378       5131.0   1760.5
365       5088.0   1759.5
462       5063.0   1810.5
171       4832.0   1720.5
235       4821.0   1543.0
492       4696.0   1709.5
164       4655.0   1641.0
278       4642.0   1686.5
322       4636.0   1627.5
303       4619.0   1574.5
116       4617.0   1624.0
459       4608.0   1554.0
241       4589.0   1503.0
Current: [1, 4, 9, 14, 16, 19, 23, 24, 31, 36, 41, 42, 45, 52, 55, 59, 66, 67, 69, 71, 77, 81, 88, 90, 91, 98, 101, 104, 107, 112, 117, 119, 121, 128, 132, 135, 147, 156, 157, 160, 162, 166, 167, 172, 173, 174, 176, 185, 187, 189, 192, 197, 198, 201, 202, 212, 214, 222, 228, 229, 232, 234, 239, 241, 242, 246, 247, 251, 253, 255, 256, 257, 258, 260, 264, 267, 269, 275, 278, 279, 281, 282, 284, 292, 293, 294, 296, 298, 299, 303, 304, 305, 311, 312, 315, 317, 319, 324, 336, 338, 341, 348, 350, 353, 355, 358, 361, 373, 378, 382, 383, 385, 388, 390, 391, 392, 394, 396, 397, 399, 403, 405, 407, 409, 410, 418, 424, 426, 429, 434, 443, 444, 447, 450, 451, 452, 457, 463, 464, 466, 467, 484, 485, 489, 491, 492, 496, 500, 501, 504, 510]
Subround 2
         Timestamp  TS First Frame  TS Prev Frame
Offset                                           
505     25178112.0      48831545.0      1032474.0
128     24708096.0      48172031.0      1017082.0
492     25022976.0      48494940.0      1011341.0
208     24639232.0      47889721.0      1006486.0
58      24590336.0      47737912.0       993168.0
296     24654336.0      47679280.0       971504.0
118     24695296.0      47981071.0       945225.0
14      24932096.0      48402693.0       938330.0
231     25045248.0      48348520.0       935624.0
319     24559104.0      47825726.0       928954.0
283     24539136.0      47838043.0       926897.0
392     24743168.0      48179033.0       924495.0
106     24501504.0      47974660.0       919137.0
98      24963584.0      48521079.0       906672.0
3       24595968.0      48024762.0       906093.0
187     24340480.0      47566607.0       905340.0
387     24606208.0      48108031.0       889105.0
403     24466432.0      47621015.0       888185.0
178     24818688.0      48591654.0       886641.0
10      24489472.0      47717469.0       885715.0
              Server1        Server2
Offset                              
14      415726.000000  119159.333333
248       9387.333333    2785.666667
334       5900.666667    1916.333333
354       5831.333333    1977.000000
216       5621.333333    1842.000000
91        5200.000000    1733.666667
322       5166.000000    1765.333333
33        5079.333333    1770.333333
278       4853.333333    1745.333333
462       4838.000000    1697.333333
24        4810.000000    1653.000000
116       4781.333333    1685.333333
395       4758.666667    1639.000000
223       4757.333333    1568.666667
492       4714.000000    1750.000000
132       4704.000000    1618.666667
242       4659.333333    1580.000000
283       4636.000000    1634.000000
357       4600.666667    1639.666667
241       4578.666667    1507.333333
Current: [1, 9, 14, 41, 55, 67, 81, 98, 101, 104, 112, 132, 135, 147, 166, 167, 173, 174, 176, 185, 189, 192, 198, 202, 229, 247, 251, 256, 257, 264, 267, 275, 281, 282, 284, 296, 298, 299, 311, 317, 319, 324, 336, 338, 348, 350, 353, 358, 373, 378, 385, 388, 390, 392, 394, 397, 399, 409, 410, 424, 434, 447, 451, 457, 463, 464, 467, 484, 492, 504, 510]
Subround 3
         Timestamp  TS First Frame  TS Prev Frame
Offset                                           
66      24357632.0      47584517.0       913169.0
206     24456192.0      47638592.0       911839.0
187     24393472.0      47593367.5       884393.0
417     25131520.0      48703511.5       870069.0
492     24735232.0      47941056.5       859933.5
316     24693888.0      47974512.5       843461.0
505     25134464.0      48736992.5       839435.0
204     24403840.0      47715065.0       819613.5
467     24879232.0      48604057.0       816541.5
67      24434304.0      47911297.5       815644.0
354     24614528.0      47908121.5       808423.5
403     24735104.0      48196333.5       808101.5
164     24530176.0      47872734.5       807995.5
507     24444928.0      47357718.0       802512.0
399     24387712.0      47758118.0       779436.0
278     24341120.0      47543869.0       768343.5
12      24464640.0      47769958.5       763389.0
322     24679936.0      48332940.0       759897.5
171     25865216.0      50551056.0       755208.0
387     24691328.0      48371889.0       744407.0
         Server1    Server2
Offset                     
14      357660.0  102522.25
248       7672.5    2297.25
285       5557.0    1790.25
354       5063.0    1705.75
187       4989.0    1689.50
334       4983.0    1624.25
316       4785.0    1622.75
216       4726.5    1549.50
91        4487.0    1489.25
265       4476.5    1494.50
322       4435.0    1508.25
290       4319.0    1489.25
406       4309.0    1473.00
226       4307.0    1443.25
33        4288.0    1489.00
116       4273.5    1485.00
64        4226.0    1451.25
395       4184.0    1430.25
171       4173.5    1478.50
321       4161.0    1341.25
Current: [0, 1, 2, 4, 5, 7, 8, 9, 11, 14, 25, 29, 31, 34, 41, 43, 45, 46, 55, 62, 64, 67, 70, 77, 81, 87, 90, 98, 101, 104, 106, 110, 111, 112, 117, 132, 134, 135, 139, 142, 147, 152, 156, 157, 163, 166, 167, 173, 174, 176, 185, 189, 192, 198, 202, 214, 215, 216, 220, 222, 224, 228, 229, 234, 236, 242, 247, 248, 251, 254, 256, 257, 258, 260, 263, 264, 267, 269, 271, 272, 275, 278, 281, 282, 284, 285, 290, 292, 294, 296, 298, 299, 304, 305, 311, 317, 319, 324, 325, 329, 332, 335, 336, 338, 339, 341, 348, 350, 351, 353, 357, 358, 359, 361, 373, 375, 378, 379, 382, 385, 388, 390, 391, 392, 394, 395, 396, 397, 399, 400, 406, 407, 409, 410, 411, 416, 417, 418, 422, 424, 426, 432, 434, 443, 444, 447, 449, 451, 452, 455, 457, 462, 463, 464, 467, 484, 485, 488, 489, 492, 494, 496, 500, 504, 510]
Subround 4
         Timestamp  TS First Frame  TS Prev Frame
Offset                                           
14      24932096.0      48327459.0       938330.0
231     25026048.0      48206555.0       935624.0
392     24513280.0      47440915.0       872486.0
187     24340480.0      47566607.0       863446.0
155     24473856.0      47490582.0       861805.0
417     25032448.0      48540776.0       850326.0
359     24630016.0      48196309.0       848997.0
376     24850432.0      48179917.0       848852.0
385     24347392.0      47647775.0       842674.0
26      24191488.0      47476637.0       825464.0
507     24546944.0      47860966.5       824781.0
178     24500480.0      47412571.0       823005.0
85      24594176.0      47601195.0       820785.0
349     24095744.0      47302324.0       815278.0
467     24933120.0      48809538.0       812275.0
67      24354048.0      47876470.0       805648.0
205     24267008.0      47136761.0       802653.0
262     24726784.0      48249329.0       799842.0
316     24274944.0      47477270.0       798001.0
229     24685056.0      48229881.0       796189.0
         Server1   Server2
Offset                    
14      398077.6  114103.4
248       7246.0    2226.0
354       4967.2    1671.2
285       4916.0    1589.0
334       4802.4    1603.8
216       4599.6    1518.8
187       4569.6    1550.0
41        4529.2    1546.2
33        4528.0    1589.8
363       4435.6    1461.0
281       4394.4    1513.4
316       4295.2    1450.0
321       4284.8    1417.4
91        4259.2    1403.0
387       4206.0    1455.2
265       4192.8    1382.6
241       4188.8    1413.2
368       4104.8    1430.2
371       4103.2    1442.8
453       4091.6    1549.6
Current: [1, 4, 9, 11, 14, 25, 34, 41, 46, 55, 64, 67, 77, 81, 87, 90, 104, 110, 111, 112, 132, 135, 142, 147, 156, 157, 166, 167, 174, 176, 186, 189, 192, 198, 202, 214, 220, 234, 236, 247, 248, 251, 256, 257, 258, 260, 267, 269, 284, 290, 292, 296, 298, 317, 319, 324, 325, 332, 335, 336, 348, 350, 358, 361, 373, 378, 385, 388, 390, 391, 394, 396, 397, 399, 400, 409, 410, 411, 417, 418, 424, 434, 444, 449, 451, 457, 462, 484, 492, 496, 500]
Subround 5
         Timestamp  TS First Frame  TS Prev Frame
Offset                                           
187     24393472.0      47593367.5       884393.0
349     24098688.0      47333148.0       835351.0
417     24729984.0      48036620.0       824724.0
204     24403840.0      47715065.0       819613.5
492     24524160.0      47545335.0       806892.5
507     24444928.0      47798261.0       802512.0
403     24544256.0      47668482.0       801302.0
12      24464640.0      47769958.5       763389.0
67      24329088.0      47698714.0       755240.5
14      24598144.0      48106534.0       739039.5
99      24587392.0      47753108.0       734440.0
41      24512896.0      47722943.5       723037.0
171     25865216.0      50551056.0       706164.5
116     24797568.0      48330827.0       702757.5
319     24438528.0      47467890.5       690961.5
336     24354432.0      47931628.5       685850.0
406     24160640.0      47527798.5       684035.0
33      24296832.0      47610465.0       675448.0
61      24376064.0      47758157.5       671799.5
106     24520448.0      48053227.5       669282.5
              Server1        Server2
Offset                              
14      377084.333333  108071.666667
497      25069.333333    7496.500000
248       6419.666667    1975.166667
285       4995.666667    1618.166667
187       4671.000000    1587.666667
354       4539.666667    1525.833333
91        4433.333333    1482.666667
226       4388.000000    1474.666667
334       4325.333333    1446.166667
316       4314.333333    1462.333333
265       4236.000000    1425.833333
216       4193.666667    1388.333333
363       4186.000000    1377.833333
290       4148.333333    1421.333333
41        4143.666667    1411.166667
347       4142.000000    1357.166667
33        4129.666667    1447.000000
406       4087.333333    1415.166667
303       4078.666667    1377.500000
372       4060.666667    1383.500000
Current: [1, 9, 11, 14, 41, 55, 81, 87, 104, 142, 147, 157, 166, 167, 174, 186, 192, 220, 236, 247, 251, 257, 258, 260, 267, 269, 284, 298, 317, 319, 324, 325, 336, 373, 378, 390, 391, 394, 396, 399, 409, 410, 417, 418, 424, 449, 451, 457, 484, 492, 496]
Subround 6
         Timestamp  TS First Frame  TS Prev Frame
Offset                                           
14      24932096.0      48327459.0       938330.0
231     25026048.0      48206555.0       935624.0
119     24285696.0      47417546.0       870864.0
187     24340480.0      47566607.0       863446.0
155     24473856.0      48029511.0       860745.0
359     24630016.0      47750127.0       848997.0
385     24347392.0      47647775.0       842674.0
507     24399616.0      47577989.5       824781.0
349     24095744.0      47302324.0       815278.0
467     24825344.0      48398576.0       812275.0
34      24291328.0      47272690.0       805195.0
205     24267008.0      47136761.0       802653.0
417     24427520.0      47562750.0       799122.0
164     24729344.0      47949197.0       796091.0
309     24372224.0      47574341.0       782812.0
41      24586240.0      47857328.0       778553.0
315     24576000.0      48588382.0       778445.0
57      24616448.0      48089006.0       773442.0
35      24431616.0      47432667.0       771696.0
98      24583936.0      47760639.0       767605.0
              Server1        Server2
Offset                              
14      403580.571429  115683.142857
497      21759.714286    6519.285714
29        8889.714286    2701.000000
402       6468.000000    2011.857143
248       6105.142857    1915.000000
91        4702.000000    1565.714286
354       4638.571429    1559.714286
285       4581.714286    1485.142857
334       4550.857143    1518.285714
41        4433.142857    1498.428571
315       4280.285714    1455.285714
187       4273.714286    1452.571429
347       4263.714286    1418.571429
57        4214.571429    1456.142857
316       4181.428571    1404.285714
33        4173.142857    1472.428571
395       4160.285714    1416.714286
359       4124.000000    1368.428571
281       4118.571429    1426.714286
265       4089.428571    1368.571429
Current: [1, 4, 9, 11, 14, 29, 31, 34, 41, 43, 55, 81, 87, 88, 98, 104, 110, 111, 117, 119, 132, 142, 147, 157, 160, 163, 165, 166, 167, 169, 172, 174, 177, 183, 186, 187, 189, 192, 214, 220, 229, 234, 236, 247, 251, 256, 257, 258, 260, 267, 269, 284, 292, 294, 296, 298, 300, 312, 317, 319, 323, 324, 325, 336, 348, 357, 358, 361, 373, 378, 383, 385, 388, 390, 391, 394, 395, 396, 397, 399, 406, 409, 410, 411, 417, 418, 424, 434, 443, 447, 449, 451, 457, 463, 464, 483, 484, 489, 492, 494, 496, 498]
Subround 7
         Timestamp  TS First Frame  TS Prev Frame
Offset                                           
14      24956544.0      48365076.0       876580.0
119     24444288.0      47676379.5       867121.0
507     24354304.0      47484053.0       802512.0
231     24792064.0      48017600.5       799551.5
309     24547584.0      47755671.5       797685.0
471     24614272.0      47425004.5       783519.5
302     24588544.0      48147726.5       776058.0
91      24258688.0      47492257.0       766989.0
344     24547584.0      47975926.0       763115.0
146     24336896.0      47504051.5       752307.0
383     24299392.0      47296954.5       747006.0
412     24248960.0      47720889.5       746502.5
388     24601728.0      48096473.5       746266.0
311     24496128.0      47575212.5       743520.0
347     24327808.0      47683007.5       739286.0
173     24597760.0      48079189.5       734825.0
346     24378496.0      47450157.5       730097.0
403     24487680.0      47715949.0       728018.0
41      24512896.0      47722943.5       723037.0
275     24355200.0      47854872.0       716588.0
          Server1     Server2
Offset                       
14      423515.25  121405.875
497      19322.00    5805.125
29        8030.00    2446.500
248       6029.00    1909.000
402       6019.75    1885.250
91        4775.25    1603.625
285       4669.00    1532.625
347       4446.75    1483.000
354       4328.00    1455.125
363       4275.25    1427.250
334       4253.00    1420.875
346       4197.50    1426.375
320       4160.00    1434.625
400       4148.50    1422.375
41        4127.25    1394.750
315       4120.25    1399.625
302       4093.50    1395.500
312       4084.50    1391.375
275       4055.50    1360.625
169       4055.25    1403.375
Current: [1, 4, 9, 11, 14, 31, 41, 43, 55, 66, 87, 104, 117, 119, 132, 142, 147, 166, 167, 169, 174, 183, 186, 187, 192, 214, 236, 247, 251, 253, 260, 267, 269, 296, 298, 300, 319, 323, 324, 350, 357, 358, 361, 373, 383, 385, 388, 390, 394, 396, 397, 399, 406, 409, 410, 411, 417, 418, 424, 434, 447, 449, 451, 457, 484, 489, 492, 496, 498]
Subround 8
         Timestamp  TS First Frame  TS Prev Frame
Offset                                           
14      24980992.0      48327459.0       938330.0
231     24894208.0      48183318.0       935624.0
119     24602880.0      47935213.0       863378.0
275     24390656.0      47798692.0       862765.0
311     24586496.0      47595970.0       837573.0
283     24539136.0      47838043.0       826131.0
293     24179968.0      47340430.0       816795.0
349     24095744.0      47302324.0       815278.0
128     24846336.0      48373440.0       814653.0
309     24722944.0      47937002.0       812558.0
347     24530432.0      47762247.0       808250.0
91      24314368.0      47574735.0       795169.0
388     24525568.0      48016887.0       791209.0
412     24425216.0      48083847.0       790823.0
386     24823296.0      48359260.0       780260.0
287     24610048.0      48169523.0       774054.0
146     24406272.0      47590779.0       767448.0
383     24311040.0      47364136.0       767384.0
106     24539392.0      48131795.0       764764.0
302     24646656.0      48196515.0       761299.0
              Server1        Server2
Offset                              
14      441294.888889  126515.666667
497      17378.444444    5229.666667
67       10839.111111    3308.555556
350       8028.888889    2499.666667
158       7384.666667    2362.000000
29        7360.444444    2248.111111
402       5969.777778    1893.111111
248       5607.777778    1777.222222
91        4843.111111    1635.333333
285       4742.888889    1559.111111
360       4639.333333    1538.888889
347       4524.000000    1509.888889
363       4378.444444    1472.666667
346       4370.222222    1482.000000
169       4258.000000    1475.666667
383       4246.888889    1482.444444
312       4240.888889    1455.888889
302       4190.222222    1446.555556
400       4189.555556    1448.222222
315       4100.000000    1394.777778
Current: [1, 9, 11, 14, 31, 41, 55, 66, 87, 104, 142, 147, 166, 167, 174, 183, 186, 187, 192, 214, 247, 251, 253, 260, 267, 296, 298, 319, 323, 324, 358, 361, 373, 385, 388, 390, 394, 396, 397, 406, 409, 410, 411, 418, 424, 447, 449, 451, 457, 484, 492, 498]
Subround 9
         Timestamp  TS First Frame  TS Prev Frame
Offset                                           
14      24956544.0      48280770.0       876580.0
119     24696192.0      48040157.0       867121.0
283     24465408.0      47746248.5       844253.5
311     24601728.0      47703860.0       828665.0
193     24645376.0      47740319.0       823376.0
128     24777216.0      48272735.5       820464.0
293     24246656.0      47388961.5       820130.5
347     24535936.0      47902048.0       814777.5
287     24588032.0      47798137.0       810871.0
302     24694016.0      48198450.0       803985.0
231     24726144.0      48005982.0       799551.5
309     24547584.0      47755671.5       797685.0
383     24327168.0      47420626.0       783265.0
386     24786688.0      48234800.0       782288.0
91      24245760.0      47530561.0       766989.0
349     24098688.0      47173301.5       750592.0
417     24729984.0      48051763.0       749250.0
412     24266880.0      47720889.5       746502.5
388     24515584.0      47892692.0       746266.0
492     24524160.0      47654387.5       735071.0
         Server1   Server2
Offset                    
14      415217.2  119034.0
497      16039.2    4843.7
67       10250.0    3157.2
350       7686.2    2416.8
29        7149.2    2208.9
158       6819.8    2184.4
402       5836.8    1871.8
248       5271.4    1674.3
91        4702.8    1581.1
285       4674.2    1552.8
360       4652.6    1550.4
504       4646.6    1560.7
347       4542.8    1529.9
383       4391.6    1534.5
426       4273.8    1384.8
316       4273.4    1437.3
302       4256.2    1476.7
283       4205.0    1448.0
363       4189.6    1408.0
318       4185.0    1408.7
Current: [1, 9, 11, 14, 16, 31, 34, 41, 43, 52, 55, 66, 67, 80, 85, 87, 90, 110, 140, 142, 147, 157, 166, 167, 169, 174, 183, 186, 187, 192, 202, 214, 247, 251, 253, 257, 260, 267, 270, 296, 298, 300, 319, 323, 324, 357, 358, 361, 373, 382, 383, 385, 388, 390, 391, 394, 395, 396, 397, 406, 409, 410, 411, 417, 418, 424, 444, 447, 449, 451, 455, 457, 467, 484, 489, 492, 498, 499]
Subround 10
         Timestamp  TS First Frame  TS Prev Frame
Offset                                           
119     24602880.0      47935213.0       863378.0
193     24651520.0      47755748.0       836948.0
362     24604416.0      47631961.0       835485.0
283     24539136.0      47838043.0       826131.0
311     24586496.0      47595970.0       819757.0
293     24313344.0      47437493.0       816795.0
233     24514048.0      48097459.0       816526.0
349     24101632.0      47302324.0       815278.0
14      24932096.0      48234081.0       814830.0
128     24846336.0      48373440.0       814653.0
347     24530432.0      47762247.0       808250.0
417     25010944.0      48540776.0       799122.0
424     24530432.0      48106143.0       798829.0
386     24781312.0      48133109.0       784316.0
309     24372224.0      47574341.0       782812.0
287     24566016.0      47426751.0       774054.0
316     24303360.0      47603876.0       773977.0
383     24343296.0      47477116.0       767384.0
492     24600832.0      47703497.0       761616.0
302     24690688.0      48196515.0       761299.0
              Server1        Server2
Offset                              
14      404013.272727  115832.090909
497      15024.000000    4550.181818
67        9761.272727    3029.545455
350       7561.454545    2398.000000
29        6981.090909    2180.636364
158       6379.454545    2046.454545
402       5740.181818    1847.727273
248       4975.454545    1584.454545
360       4763.636364    1584.272727
504       4556.727273    1545.454545
91        4530.545455    1521.181818
285       4475.636364    1486.272727
347       4407.636364    1481.454545
316       4392.545455    1474.090909
426       4368.727273    1416.363636
283       4353.636364    1500.636364
475       4327.636364    1405.181818
457       4245.454545    1428.818182
318       4230.000000    1436.545455
383       4212.000000    1468.454545
Current: [1, 11, 14, 16, 34, 43, 55, 66, 69, 80, 85, 90, 104, 110, 140, 142, 147, 166, 167, 169, 174, 183, 186, 192, 202, 251, 253, 257, 260, 269, 298, 323, 324, 357, 361, 373, 385, 388, 390, 391, 394, 397, 406, 409, 410, 411, 418, 424, 447, 449, 451, 455, 457, 484, 492]
Subround 11
         Timestamp  TS First Frame  TS Prev Frame
Offset                                           
362     24709632.0      47724089.5       843623.0
349     24216192.0      47333148.0       835351.0
386     24802304.0      48246184.5       828209.5
193     24645376.0      47740319.0       823376.0
417     24719232.0      48051763.0       814228.0
424     24606976.0      48063218.0       801332.0
233     24330240.0      48116496.5       795699.0
293     24489856.0      47794298.0       795433.5
204     24275328.0      47520498.0       790258.0
283     24475648.0      47753011.5       788760.0
318     24543488.0      47855601.0       787963.0
202     24542720.0      47735214.0       782615.0
119     24553984.0      47880018.0       775219.0
341     24609152.0      47896244.5       771662.5
117     24329344.0      47752385.0       766466.5
207     24371072.0      47521363.0       752384.0
457     24362496.0      47516807.0       751591.0
383     24327168.0      47420626.0       747006.0
194     24600320.0      47700620.0       742603.5
492     24524160.0      47654387.5       738062.5
              Server1        Server2
Offset                              
14      386817.666667  110901.250000
497      14135.333333    4303.916667
67        9350.666667    2921.750000
350       7349.333333    2338.416667
29        6872.666667    2163.833333
158       6000.666667    1926.666667
402       5659.833333    1836.666667
360       4837.666667    1607.833333
450       4736.666667    1595.666667
248       4729.333333    1507.666667
504       4515.000000    1543.333333
316       4466.500000    1497.500000
426       4390.333333    1438.000000
91        4360.166667    1462.583333
347       4356.000000    1453.583333
457       4319.166667    1453.583333
285       4312.500000    1430.750000
318       4257.333333    1467.583333
283       4204.500000    1446.583333
187       4200.166667    1433.000000
Current: [11, 14, 43, 55, 69, 90, 142, 147, 166, 169, 174, 183, 186, 202, 251, 253, 260, 324, 357, 361, 373, 385, 388, 390, 394, 397, 409, 410, 411, 418, 424, 449, 451, 457, 484]
Subround 12
         Timestamp  TS First Frame  TS Prev Frame
Offset                                           
362     24604416.0      47631961.0       835485.0
349     24101632.0      47339080.0       815278.0
417     24427520.0      47562750.0       799122.0
424     24530432.0      48020293.0       798829.0
193     24575104.0      47718585.0       790176.0
386     24781312.0      48133109.0       784316.0
233     24146432.0      48097459.0       774872.0
293     24313344.0      47437493.0       774072.0
99      24434176.0      47644792.0       754053.0
283     24412160.0      47667980.0       751389.0
207     24278528.0      47331143.0       740497.0
202     24471040.0      47661223.0       733457.0
204     24350720.0      47618786.0       729126.0
341     24862208.0      48375278.0       726927.0
383     24311040.0      47364136.0       726628.0
117     24246016.0      47726882.0       720115.0
194     24549888.0      47801491.0       720009.0
492     24447488.0      47605278.0       714509.0
302     24690688.0      48196515.0       705445.0
67      24304128.0      47520958.0       704833.0
              Server1        Server2
Offset                              
14      370320.923077  106174.384615
497      13182.153846    4019.923077
67        8858.307692    2767.692308
350       7027.230769    2237.538462
29        6715.846154    2123.307692
158       5860.615385    1890.076923
402       5483.538462    1777.923077
248       4706.153846    1509.076923
360       4628.923077    1540.923077
450       4621.076923    1554.615385
426       4427.846154    1459.769231
467       4398.000000    1454.538462
504       4354.000000    1488.846154
316       4305.076923    1443.076923
91        4244.000000    1422.307692
187       4233.384615    1444.000000
318       4217.538462    1446.923077
457       4214.923077    1415.153846
475       4182.000000    1378.307692
285       4166.461538    1383.000000
Current: [14, 43, 55, 69, 90, 142, 147, 166, 169, 202, 251, 253, 260, 357, 361, 373, 388, 390, 394, 409, 410, 411, 418, 424, 449, 451]
Subround 13
         Timestamp  TS First Frame  TS Prev Frame
Offset                                           
386     24765696.0      48121724.5       782288.0
193     24504832.0      47696851.0       756976.0
349     24098688.0      47320702.0       750592.0
417     24367360.0      47554425.0       749250.0
293     24246656.0      47388961.5       735348.5
492     24440704.0      47654387.5       711517.5
383     24299392.0      47324349.5       711459.5
204     24275328.0      47520498.0       702769.0
99      24415616.0      47602666.5       700831.0
67      24321664.0      47663027.5       675996.0
362     24438400.0      47530455.0       655807.0
233     24174336.0      47780418.5       654840.5
14      24345344.0      47885609.0       652747.0
198     24702976.0      48245086.0       647528.0
202     24349696.0      47693601.5       644718.5
187     24246400.0      47555993.5       644164.0
283     24401920.0      47661217.0       640809.0
424     24434944.0      47908622.0       637006.5
210     24412544.0      47777110.5       635582.0
116     24515200.0      47965422.0       630116.0
              Server1        Server2
Offset                              
14      486790.571429  139632.214286
497      12388.000000    3782.642857
205      11862.142857    3590.071429
67        8376.857143    2618.642857
350       6682.000000    2129.928571
29        6381.285714    2020.642857
158       5722.428571    1857.000000
402       5244.000000    1705.000000
248       4744.285714    1538.285714
450       4448.000000    1495.785714
360       4440.285714    1477.714286
322       4357.857143    1438.071429
467       4354.857143    1453.285714
189       4267.285714    1390.142857
426       4261.857143    1403.857143
475       4232.000000    1395.142857
504       4188.000000    1434.357143
316       4165.142857    1393.857143
457       4146.142857    1388.214286
285       4107.142857    1373.928571
Current: [4, 14, 25, 43, 55, 64, 69, 90, 142, 147, 157, 166, 169, 187, 202, 247, 251, 253, 260, 261, 263, 319, 324, 357, 361, 373, 388, 390, 394, 396, 397, 409, 410, 411, 418, 424, 449, 451, 457, 464, 484]
Subround 14
         Timestamp  TS First Frame  TS Prev Frame
Offset                                           
424     24530432.0      48020293.0       798829.0
386     24781312.0      48133109.0       780260.0
14      24628096.0      48059845.0       733788.5
492     24433920.0      47610539.0       708526.0
417     24307200.0      47546100.0       699378.0
293     24180480.0      47376953.0       696625.0
383     24287744.0      47364136.0       696291.0
349     24095744.0      47302324.0       685906.0
204     24199936.0      47422210.0       676412.0
41      24439552.0      47694700.0       667521.0
272     24437760.0      47678442.0       666957.0
99      24397056.0      47560541.0       647609.0
67      24304128.0      47520958.0       647159.0
439     24491520.0      47873112.0       646248.0
496     24617216.0      47665126.0       645831.0
146     24327936.0      47590779.0       645427.0
207     24278528.0      47458475.0       622061.0
370     24145408.0      47482937.0       621229.0
48      24122368.0      47793188.0       618982.0
284     24107264.0      47364002.0       618446.0
              Server1        Server2
Offset                              
14      500706.400000  143647.733333
497      11695.600000    3575.733333
205      11360.800000    3457.200000
67        7954.800000    2489.533333
350       6381.600000    2036.666667
29        6091.466667    1930.066667
158       5661.066667    1852.800000
402       5071.733333    1650.333333
248       4839.066667    1572.400000
300       4588.533333    1479.000000
467       4464.133333    1488.866667
322       4348.533333    1442.800000
450       4307.866667    1448.333333
360       4283.066667    1423.600000
475       4270.000000    1410.333333
285       4191.333333    1408.266667
189       4181.200000    1360.533333
426       4102.666667    1353.333333
504       4035.866667    1382.200000
316       4022.266667    1345.866667
Current: [4, 14, 43, 55, 90, 142, 147, 157, 166, 169, 187, 202, 251, 253, 260, 319, 324, 361, 373, 388, 394, 409, 410, 411, 418, 424, 451, 464, 484]
Subround 15
         Timestamp  TS First Frame  TS Prev Frame
Offset                                           
14      24715264.0      48234081.0       814830.0
231     24828160.0      48146882.5       799551.5
424     24434944.0      47908622.0       718664.0
272     24493184.0      47814379.0       685115.0
146     24367104.0      47631158.5       684037.0
439     24511104.0      47811670.5       674011.0
207     24305280.0      47552669.5       660481.5
474     24182784.0      47200413.0       657270.0
492     24423296.0      47607908.5       655687.5
417     24284032.0      47539282.0       655573.5
496     24634880.0      47842883.0       648418.0
370     24197248.0      47529474.0       630562.5
444     24442624.0      47723145.0       629970.0
183     24641024.0      48037503.5       623582.0
284     24276992.0      47526790.5       620985.5
25      24536192.0      47642996.5       614706.0
116     24443648.0      47876070.5       608371.0
41      24512896.0      47718719.0       602216.5
99      24344704.0      47553960.0       597460.0
124     24372992.0      47496849.0       594025.5
           Server1      Server2
Offset                         
14      518582.000  148771.6875
497      11085.625    3392.5000
205      10787.625    3287.0000
67        7592.375    2379.0000
350       6117.875    1954.3750
29        5883.000    1865.6875
158       5609.000    1841.7500
402       4900.500    1598.9375
248       4893.000    1592.6250
467       4449.250    1495.5625
300       4421.625    1427.4375
322       4362.375    1456.3750
285       4261.625    1439.9375
360       4186.000    1389.5625
450       4160.125    1399.6875
475       4158.875    1374.2500
363       4127.625    1390.3750
91        4091.625    1375.3750
189       4069.875    1326.3750
272       4026.375    1384.4375
Current: [4, 14, 43, 55, 90, 147, 157, 166, 169, 202, 253, 319, 361, 373, 394, 409, 410, 418, 424, 451, 484]
         Timestamp  TS First Frame  TS Prev Frame
Offset                                           
14      24715264.0      48234081.0       814830.0
231     24828160.0      48146882.5       799551.5
424     24434944.0      47908622.0       718664.0
272     24493184.0      47814379.0       685115.0
146     24367104.0      47631158.5       684037.0
439     24511104.0      47811670.5       674011.0
207     24305280.0      47552669.5       660481.5
474     24182784.0      47200413.0       657270.0
492     24423296.0      47607908.5       655687.5
417     24284032.0      47539282.0       655573.5
496     24634880.0      47842883.0       648418.0
370     24197248.0      47529474.0       630562.5
444     24442624.0      47723145.0       629970.0
183     24641024.0      48037503.5       623582.0
284     24276992.0      47526790.5       620985.5
25      24536192.0      47642996.5       614706.0
116     24443648.0      47876070.5       608371.0
41      24512896.0      47718719.0       602216.5
99      24344704.0      47553960.0       597460.0
124     24372992.0      47496849.0       594025.5
           Server1      Server2
Offset                         
14      518582.000  148771.6875
497      11085.625    3392.5000
205      10787.625    3287.0000
67        7592.375    2379.0000
350       6117.875    1954.3750
29        5883.000    1865.6875
158       5609.000    1841.7500
402       4900.500    1598.9375
248       4893.000    1592.6250
467       4449.250    1495.5625
300       4421.625    1427.4375
322       4362.375    1456.3750
285       4261.625    1439.9375
360       4186.000    1389.5625
450       4160.125    1399.6875
475       4158.875    1374.2500
363       4127.625    1390.3750
91        4091.625    1375.3750
189       4069.875    1326.3750
272       4026.375    1384.4375
New pairs
[[410, 484], [166, 43], [451, 55], [409, 169], [253, 90], [373, 319], [4, 442], [202, 147], [361, 418], [14, 394], [157, 424]]
Round 1
Subround 0
         Timestamp  TS First Frame  TS Prev Frame
Offset                                           
14      24813056.0      48264648.0       876580.0
231     24828160.0      48146882.5       799551.5
424     24434944.0      47908622.0       718664.0
272     24493184.0      47814379.0       685115.0
146     24367104.0      47631158.5       684037.0
439     24511104.0      47811670.5       674011.0
207     24305280.0      47552669.5       660481.5
474     24182784.0      47200413.0       657270.0
492     24423296.0      47607908.5       655687.5
417     24284032.0      47539282.0       655573.5
496     24634880.0      47842883.0       648418.0
370     24197248.0      47529474.0       630562.5
444     24442624.0      47723145.0       629970.0
183     24641024.0      48037503.5       623582.0
284     24276992.0      47526790.5       620985.5
25      24536192.0      47642996.5       614706.0
116     24443648.0      47876070.5       608371.0
41      24512896.0      47718719.0       602216.5
99      24344704.0      47553960.0       597460.0
124     24372992.0      47496849.0       594025.5
              Server1        Server2
Offset                              
14      534352.823529  153364.235294
497      11085.625000    3392.500000
205      10787.625000    3287.000000
67        7592.375000    2379.000000
350       6117.875000    1954.375000
29        5883.000000    1865.687500
158       5609.000000    1841.750000
402       4900.500000    1598.937500
248       4893.000000    1592.625000
467       4449.250000    1495.562500
300       4421.625000    1427.437500
322       4362.375000    1456.375000
285       4261.625000    1439.937500
360       4186.000000    1389.562500
450       4160.125000    1399.687500
475       4158.875000    1374.250000
363       4127.625000    1390.375000
91        4091.625000    1375.375000
189       4069.875000    1326.375000
272       4026.375000    1384.437500
Current: [4, 14, 90, 166, 202, 373, 418, 484]
Subround 1
         Timestamp  TS First Frame  TS Prev Frame
Offset                                           
14      24813056.0      48264648.0       876580.0
231     24828160.0      48146882.5       799551.5
272     24493184.0      47814379.0       685115.0
146     24367104.0      47631158.5       684037.0
439     24511104.0      47811670.5       674011.0
207     24305280.0      47552669.5       660481.5
474     24182784.0      47200413.0       657270.0
492     24423296.0      47607908.5       655687.5
417     24284032.0      47539282.0       655573.5
496     24634880.0      47842883.0       648418.0
424     24530432.0      48020293.0       638499.0
370     24197248.0      47529474.0       630562.5
444     24442624.0      47723145.0       629970.0
183     24641024.0      48037503.5       623582.0
284     24276992.0      47526790.5       620985.5
25      24536192.0      47642996.5       614706.0
116     24443648.0      47876070.5       608371.0
41      24512896.0      47718719.0       602216.5
99      24344704.0      47553960.0       597460.0
124     24372992.0      47496849.0       594025.5
              Server1        Server2
Offset                              
14      552133.666667  158449.944444
497      11085.625000    3392.500000
205      10787.625000    3287.000000
67        7592.375000    2379.000000
350       6117.875000    1954.375000
29        5883.000000    1865.687500
158       5609.000000    1841.750000
402       4900.500000    1598.937500
248       4893.000000    1592.625000
467       4449.250000    1495.562500
300       4421.625000    1427.437500
322       4362.375000    1456.375000
285       4261.625000    1439.937500
360       4186.000000    1389.562500
450       4160.125000    1399.687500
475       4158.875000    1374.250000
363       4127.625000    1390.375000
91        4091.625000    1375.375000
189       4069.875000    1326.375000
272       4026.375000    1384.437500
Current: [4, 14, 90, 169, 418]
Subround 2
         Timestamp  TS First Frame  TS Prev Frame
Offset                                           
14      24910848.0      48295215.0       938330.0
231     24828160.0      48146882.5       799551.5
424     24566272.0      47943016.0       718664.0
272     24493184.0      47814379.0       685115.0
146     24367104.0      47631158.5       684037.0
439     24511104.0      47811670.5       674011.0
207     24305280.0      47552669.5       660481.5
474     24182784.0      47200413.0       657270.0
492     24423296.0      47607908.5       655687.5
417     24284032.0      47539282.0       655573.5
496     24634880.0      47842883.0       648418.0
370     24197248.0      47529474.0       630562.5
444     24442624.0      47723145.0       629970.0
183     24641024.0      48037503.5       623582.0
284     24276992.0      47526790.5       620985.5
25      24536192.0      47642996.5       614706.0
116     24443648.0      47876070.5       608371.0
41      24512896.0      47718719.0       602216.5
99      24344704.0      47553960.0       597460.0
124     24372992.0      47496849.0       594025.5
              Server1        Server2
Offset                              
14      536109.263158  153851.315789
497      11085.625000    3392.500000
205      10787.625000    3287.000000
67        7592.375000    2379.000000
350       6117.875000    1954.375000
29        5883.000000    1865.687500
158       5609.000000    1841.750000
402       4900.500000    1598.937500
248       4893.000000    1592.625000
467       4449.250000    1495.562500
300       4421.625000    1427.437500
322       4362.375000    1456.375000
285       4261.625000    1439.937500
360       4186.000000    1389.562500
450       4160.125000    1399.687500
475       4158.875000    1374.250000
363       4127.625000    1390.375000
91        4091.625000    1375.375000
189       4069.875000    1326.375000
272       4026.375000    1384.437500
Current: [4, 14, 90]
Subround 3
         Timestamp  TS First Frame  TS Prev Frame
Offset                                           
14      24813056.0      48264648.0       876580.0
231     24828160.0      48146882.5       799551.5
272     24493184.0      47814379.0       685115.0
146     24367104.0      47631158.5       684037.0
439     24511104.0      47811670.5       674011.0
207     24305280.0      47552669.5       660481.5
474     24182784.0      47200413.0       657270.0
492     24423296.0      47607908.5       655687.5
417     24284032.0      47539282.0       655573.5
496     24634880.0      47842883.0       648418.0
424     24530432.0      47865739.0       638499.0
370     24197248.0      47529474.0       630562.5
444     24442624.0      47723145.0       629970.0
183     24641024.0      48037503.5       623582.0
284     24276992.0      47526790.5       620985.5
25      24536192.0      47642996.5       614706.0
116     24443648.0      47876070.5       608371.0
41      24512896.0      47718719.0       602216.5
99      24344704.0      47553960.0       597460.0
124     24372992.0      47496849.0       594025.5
           Server1      Server2
Offset                         
14      562857.000  161527.0000
497      11085.625    3392.5000
205      10787.625    3287.0000
67        7592.375    2379.0000
350       6117.875    1954.3750
29        5883.000    1865.6875
158       5609.000    1841.7500
402       4900.500    1598.9375
248       4893.000    1592.6250
467       4449.250    1495.5625
300       4421.625    1427.4375
322       4362.375    1456.3750
285       4261.625    1439.9375
360       4186.000    1389.5625
450       4160.125    1399.6875
475       4158.875    1374.2500
363       4127.625    1390.3750
91        4091.625    1375.3750
189       4069.875    1326.3750
272       4026.375    1384.4375
Current: [4, 14, 90, 373, 410, 451]
Subround 4
         Timestamp  TS First Frame  TS Prev Frame
Offset                                           
14      24910848.0      48295215.0       938330.0
231     24828160.0      48146882.5       799551.5
424     24555264.0      47943016.0       718664.0
272     24493184.0      47814379.0       685115.0
146     24367104.0      47631158.5       684037.0
439     24511104.0      47811670.5       674011.0
207     24305280.0      47552669.5       660481.5
474     24182784.0      47200413.0       657270.0
492     24423296.0      47607908.5       655687.5
417     24284032.0      47539282.0       655573.5
496     24634880.0      47842883.0       648418.0
370     24197248.0      47529474.0       630562.5
444     24442624.0      47723145.0       629970.0
183     24641024.0      48037503.5       623582.0
284     24276992.0      47526790.5       620985.5
25      24536192.0      47642996.5       614706.0
116     24443648.0      47876070.5       608371.0
41      24512896.0      47718719.0       602216.5
99      24344704.0      47553960.0       597460.0
124     24372992.0      47496849.0       594025.5
              Server1        Server2
Offset                              
14      546451.428571  156815.095238
497      11085.625000    3392.500000
205      10787.625000    3287.000000
67        7592.375000    2379.000000
350       6117.875000    1954.375000
29        5883.000000    1865.687500
158       5609.000000    1841.750000
402       4900.500000    1598.937500
248       4893.000000    1592.625000
467       4449.250000    1495.562500
300       4421.625000    1427.437500
322       4362.375000    1456.375000
285       4261.625000    1439.937500
360       4186.000000    1389.562500
450       4160.125000    1399.687500
475       4158.875000    1374.250000
363       4127.625000    1390.375000
91        4091.625000    1375.375000
189       4069.875000    1326.375000
272       4026.375000    1384.437500
Current: [4, 14, 90, 424]
Subround 5
         Timestamp  TS First Frame  TS Prev Frame
Offset                                           
14      24813056.0      48264648.0       876580.0
231     24828160.0      48146882.5       799551.5
272     24493184.0      47814379.0       685115.0
146     24367104.0      47631158.5       684037.0
439     24511104.0      47811670.5       674011.0
207     24305280.0      47552669.5       660481.5
474     24182784.0      47200413.0       657270.0
492     24423296.0      47607908.5       655687.5
417     24284032.0      47539282.0       655573.5
496     24634880.0      47842883.0       648418.0
424     24530432.0      47865739.0       638499.0
370     24197248.0      47529474.0       630562.5
444     24442624.0      47723145.0       629970.0
183     24641024.0      48037503.5       623582.0
284     24276992.0      47526790.5       620985.5
25      24536192.0      47642996.5       614706.0
116     24443648.0      47876070.5       608371.0
41      24512896.0      47718719.0       602216.5
99      24344704.0      47553960.0       597460.0
124     24372992.0      47496849.0       594025.5
              Server1        Server2
Offset                              
14      530286.363636  152169.727273
497      11085.625000    3392.500000
205      10787.625000    3287.000000
67        7592.375000    2379.000000
350       6117.875000    1954.375000
29        5883.000000    1865.687500
158       5609.000000    1841.750000
402       4900.500000    1598.937500
248       4893.000000    1592.625000
467       4449.250000    1495.562500
300       4421.625000    1427.437500
322       4362.375000    1456.375000
285       4261.625000    1439.937500
360       4186.000000    1389.562500
450       4160.125000    1399.687500
475       4158.875000    1374.250000
363       4127.625000    1390.375000
91        4091.625000    1375.375000
189       4069.875000    1326.375000
272       4026.375000    1384.437500
Current: [4, 14, 424]
Subround 6
         Timestamp  TS First Frame  TS Prev Frame
Offset                                           
14      24715264.0      48234081.0       814830.0
231     24828160.0      48146882.5       799551.5
272     24493184.0      47814379.0       685115.0
146     24367104.0      47631158.5       684037.0
439     24511104.0      47811670.5       674011.0
147     24596224.0      47806895.0       672137.0
207     24305280.0      47552669.5       660481.5
474     24182784.0      47200413.0       657270.0
492     24423296.0      47607908.5       655687.5
417     24284032.0      47539282.0       655573.5
496     24634880.0      47842883.0       648418.0
370     24197248.0      47529474.0       630562.5
444     24442624.0      47723145.0       629970.0
183     24641024.0      48037503.5       623582.0
284     24276992.0      47526790.5       620985.5
25      24536192.0      47642996.5       614706.0
116     24443648.0      47876070.5       608371.0
41      24512896.0      47718719.0       602216.5
99      24344704.0      47553960.0       597460.0
124     24372992.0      47496849.0       594025.5
              Server1        Server2
Offset                              
14      530455.043478  152214.869565
497      11085.625000    3392.500000
205      10787.625000    3287.000000
67        7592.375000    2379.000000
350       6117.875000    1954.375000
29        5883.000000    1865.687500
158       5609.000000    1841.750000
402       4900.500000    1598.937500
248       4893.000000    1592.625000
467       4449.250000    1495.562500
300       4421.625000    1427.437500
322       4362.375000    1456.375000
285       4261.625000    1439.937500
360       4186.000000    1389.562500
450       4160.125000    1399.687500
475       4158.875000    1374.250000
363       4127.625000    1390.375000
91        4091.625000    1375.375000
189       4069.875000    1326.375000
272       4026.375000    1384.437500
Current: [4, 14, 361, 409, 424]
Subround 7
         Timestamp  TS First Frame  TS Prev Frame
Offset                                           
14      24813056.0      48264648.0       876580.0
231     24828160.0      48146882.5       799551.5
272     24493184.0      47814379.0       685115.0
146     24367104.0      47631158.5       684037.0
439     24511104.0      47811670.5       674011.0
147     24596224.0      47806895.0       672137.0
207     24305280.0      47552669.5       660481.5
474     24182784.0      47200413.0       657270.0
492     24423296.0      47607908.5       655687.5
417     24284032.0      47539282.0       655573.5
496     24634880.0      47842883.0       648418.0
424     24530432.0      47865739.0       638499.0
370     24197248.0      47529474.0       630562.5
444     24442624.0      47723145.0       629970.0
183     24641024.0      48037503.5       623582.0
284     24276992.0      47526790.5       620985.5
25      24536192.0      47642996.5       614706.0
116     24443648.0      47876070.5       608371.0
41      24512896.0      47718719.0       602216.5
99      24344704.0      47553960.0       597460.0
           Server1        Server2
Offset                           
14      516514.500  148211.083333
497      11085.625    3392.500000
205      10787.625    3287.000000
67        7592.375    2379.000000
350       6117.875    1954.375000
29        5883.000    1865.687500
158       5609.000    1841.750000
402       4900.500    1598.937500
248       4893.000    1592.625000
467       4449.250    1495.562500
300       4421.625    1427.437500
322       4362.375    1456.375000
285       4261.625    1439.937500
360       4186.000    1389.562500
450       4160.125    1399.687500
475       4158.875    1374.250000
363       4127.625    1390.375000
91        4091.625    1375.375000
189       4069.875    1326.375000
272       4026.375    1384.437500
Current: [4, 14, 361, 424]
Subround 8
         Timestamp  TS First Frame  TS Prev Frame
Offset                                           
14      24715264.0      48234081.0       814830.0
231     24828160.0      48146882.5       799551.5
272     24493184.0      47814379.0       685115.0
146     24367104.0      47631158.5       684037.0
439     24511104.0      47811670.5       674011.0
147     24596224.0      47806895.0       672137.0
207     24305280.0      47552669.5       660481.5
474     24182784.0      47200413.0       657270.0
492     24423296.0      47607908.5       655687.5
417     24284032.0      47539282.0       655573.5
496     24634880.0      47842883.0       648418.0
370     24197248.0      47529474.0       630562.5
444     24442624.0      47723145.0       629970.0
183     24641024.0      48037503.5       623582.0
284     24276992.0      47526790.5       620985.5
25      24536192.0      47642996.5       614706.0
116     24443648.0      47876070.5       608371.0
41      24512896.0      47718719.0       602216.5
99      24344704.0      47553960.0       597460.0
124     24372992.0      47496849.0       594025.5
           Server1      Server2
Offset                         
14      504090.080  144647.9200
497      11085.625    3392.5000
205      10787.625    3287.0000
67        7592.375    2379.0000
350       6117.875    1954.3750
29        5883.000    1865.6875
158       5609.000    1841.7500
402       4900.500    1598.9375
248       4893.000    1592.6250
467       4449.250    1495.5625
300       4421.625    1427.4375
322       4362.375    1456.3750
285       4261.625    1439.9375
360       4186.000    1389.5625
450       4160.125    1399.6875
475       4158.875    1374.2500
363       4127.625    1390.3750
91        4091.625    1375.3750
189       4069.875    1326.3750
272       4026.375    1384.4375
Current: [4, 14, 361]
Subround 9
         Timestamp  TS First Frame  TS Prev Frame
Offset                                           
231     24828160.0      48146882.5       799551.5
14      24610176.0      48059845.0       733788.5
272     24493184.0      47814379.0       685115.0
146     24367104.0      47631158.5       684037.0
439     24511104.0      47811670.5       674011.0
147     24596224.0      47806895.0       672137.0
207     24305280.0      47552669.5       660481.5
474     24182784.0      47200413.0       657270.0
492     24423296.0      47607908.5       655687.5
417     24284032.0      47539282.0       655573.5
496     24634880.0      47842883.0       648418.0
370     24197248.0      47529474.0       630562.5
444     24442624.0      47723145.0       629970.0
183     24641024.0      48037503.5       623582.0
284     24276992.0      47526790.5       620985.5
25      24536192.0      47642996.5       614706.0
116     24443648.0      47876070.5       608371.0
41      24512896.0      47718719.0       602216.5
99      24344704.0      47553960.0       597460.0
124     24372992.0      47496849.0       594025.5
              Server1      Server2
Offset                            
14      507128.615385  145512.0000
497      11085.625000    3392.5000
205      10787.625000    3287.0000
67        7592.375000    2379.0000
350       6117.875000    1954.3750
29        5883.000000    1865.6875
158       5609.000000    1841.7500
402       4900.500000    1598.9375
248       4893.000000    1592.6250
467       4449.250000    1495.5625
300       4421.625000    1427.4375
322       4362.375000    1456.3750
285       4261.625000    1439.9375
360       4186.000000    1389.5625
450       4160.125000    1399.6875
475       4158.875000    1374.2500
363       4127.625000    1390.3750
91        4091.625000    1375.3750
189       4069.875000    1326.3750
272       4026.375000    1384.4375
Current: [4, 14]
Subround 10
         Timestamp  TS First Frame  TS Prev Frame
Offset                                           
14      24715264.0      48234081.0       814830.0
231     24828160.0      48146882.5       799551.5
272     24493184.0      47814379.0       685115.0
146     24367104.0      47631158.5       684037.0
439     24511104.0      47811670.5       674011.0
207     24305280.0      47552669.5       660481.5
474     24182784.0      47200413.0       657270.0
492     24423296.0      47607908.5       655687.5
417     24284032.0      47539282.0       655573.5
496     24634880.0      47842883.0       648418.0
370     24197248.0      47529474.0       630562.5
444     24442624.0      47723145.0       629970.0
147     24557568.0      47755350.5       624272.0
183     24641024.0      48037503.5       623582.0
284     24276992.0      47526790.5       620985.5
25      24536192.0      47642996.5       614706.0
116     24443648.0      47876070.5       608371.0
41      24512896.0      47718719.0       602216.5
99      24344704.0      47553960.0       597460.0
124     24372992.0      47496849.0       594025.5
              Server1        Server2
Offset                              
14      496544.222222  142470.481481
497      11085.625000    3392.500000
205      10787.625000    3287.000000
67        7592.375000    2379.000000
350       6117.875000    1954.375000
29        5883.000000    1865.687500
158       5609.000000    1841.750000
402       4900.500000    1598.937500
248       4893.000000    1592.625000
467       4449.250000    1495.562500
300       4421.625000    1427.437500
322       4362.375000    1456.375000
285       4261.625000    1439.937500
360       4186.000000    1389.562500
450       4160.125000    1399.687500
475       4158.875000    1374.250000
363       4127.625000    1390.375000
91        4091.625000    1375.375000
189       4069.875000    1326.375000
272       4026.375000    1384.437500
Current: [4, 14, 361]
Subround 11
         Timestamp  TS First Frame  TS Prev Frame
Offset                                           
231     24828160.0      48146882.5       799551.5
14      24610176.0      48059845.0       733788.5
272     24493184.0      47814379.0       685115.0
146     24367104.0      47631158.5       684037.0
439     24511104.0      47811670.5       674011.0
207     24305280.0      47552669.5       660481.5
474     24182784.0      47200413.0       657270.0
492     24423296.0      47607908.5       655687.5
417     24284032.0      47539282.0       655573.5
496     24634880.0      47842883.0       648418.0
370     24197248.0      47529474.0       630562.5
444     24442624.0      47723145.0       629970.0
183     24641024.0      48037503.5       623582.0
284     24276992.0      47526790.5       620985.5
25      24536192.0      47642996.5       614706.0
116     24443648.0      47876070.5       608371.0
41      24512896.0      47718719.0       602216.5
99      24344704.0      47553960.0       597460.0
124     24372992.0      47496849.0       594025.5
227     24548352.0      47834715.5       592019.5
              Server1      Server2
Offset                            
14      485736.428571  139370.7500
497      11085.625000    3392.5000
205      10787.625000    3287.0000
67        7592.375000    2379.0000
350       6117.875000    1954.3750
29        5883.000000    1865.6875
158       5609.000000    1841.7500
402       4900.500000    1598.9375
248       4893.000000    1592.6250
467       4449.250000    1495.5625
300       4421.625000    1427.4375
322       4362.375000    1456.3750
285       4261.625000    1439.9375
360       4186.000000    1389.5625
450       4160.125000    1399.6875
475       4158.875000    1374.2500
363       4127.625000    1390.3750
91        4091.625000    1375.3750
189       4069.875000    1326.3750
272       4026.375000    1384.4375
Current: [4, 14, 361]
Subround 12
         Timestamp  TS First Frame  TS Prev Frame
Offset                                           
231     24828160.0      48146882.5       799551.5
272     24493184.0      47814379.0       685115.0
146     24367104.0      47631158.5       684037.0
439     24511104.0      47811670.5       674011.0
207     24305280.0      47552669.5       660481.5
474     24182784.0      47200413.0       657270.0
492     24423296.0      47607908.5       655687.5
417     24284032.0      47539282.0       655573.5
14      24505088.0      47885609.0       652747.0
496     24634880.0      47842883.0       648418.0
370     24197248.0      47529474.0       630562.5
444     24442624.0      47723145.0       629970.0
183     24641024.0      48037503.5       623582.0
284     24276992.0      47526790.5       620985.5
25      24536192.0      47642996.5       614706.0
116     24443648.0      47876070.5       608371.0
41      24512896.0      47718719.0       602216.5
99      24344704.0      47553960.0       597460.0
124     24372992.0      47496849.0       594025.5
147     24491648.0      47755350.5       592439.0
              Server1      Server2
Offset                            
14      492342.137931  141256.0000
497      11085.625000    3392.5000
205      10787.625000    3287.0000
67        7592.375000    2379.0000
350       6117.875000    1954.3750
29        5883.000000    1865.6875
158       5609.000000    1841.7500
402       4900.500000    1598.9375
248       4893.000000    1592.6250
467       4449.250000    1495.5625
300       4421.625000    1427.4375
322       4362.375000    1456.3750
285       4261.625000    1439.9375
360       4186.000000    1389.5625
450       4160.125000    1399.6875
475       4158.875000    1374.2500
363       4127.625000    1390.3750
91        4091.625000    1375.3750
189       4069.875000    1326.3750
272       4026.375000    1384.4375
Current: [4, 14]
Subround 13
         Timestamp  TS First Frame  TS Prev Frame
Offset                                           
231     24828160.0      48146882.5       799551.5
14      24610176.0      48059845.0       733788.5
272     24493184.0      47814379.0       685115.0
146     24367104.0      47631158.5       684037.0
439     24511104.0      47811670.5       674011.0
207     24305280.0      47552669.5       660481.5
474     24182784.0      47200413.0       657270.0
492     24423296.0      47607908.5       655687.5
417     24284032.0      47539282.0       655573.5
496     24634880.0      47842883.0       648418.0
370     24197248.0      47529474.0       630562.5
444     24442624.0      47723145.0       629970.0
183     24641024.0      48037503.5       623582.0
284     24276992.0      47526790.5       620985.5
25      24536192.0      47642996.5       614706.0
116     24443648.0      47876070.5       608371.0
41      24512896.0      47718719.0       602216.5
99      24344704.0      47553960.0       597460.0
124     24372992.0      47496849.0       594025.5
227     24548352.0      47834715.5       592019.5
              Server1      Server2
Offset                            
14      482187.133333  138346.2000
497      11085.625000    3392.5000
205      10787.625000    3287.0000
67        7592.375000    2379.0000
157       7566.933333    2354.9000
350       6117.875000    1954.3750
29        5883.000000    1865.6875
158       5609.000000    1841.7500
402       4900.500000    1598.9375
248       4893.000000    1592.6250
467       4449.250000    1495.5625
300       4421.625000    1427.4375
322       4362.375000    1456.3750
285       4261.625000    1439.9375
360       4186.000000    1389.5625
450       4160.125000    1399.6875
475       4158.875000    1374.2500
363       4127.625000    1390.3750
91        4091.625000    1375.3750
189       4069.875000    1326.3750
Current: [4, 14]
Subround 14
         Timestamp  TS First Frame  TS Prev Frame
Offset                                           
231     24828160.0      48146882.5       799551.5
272     24493184.0      47814379.0       685115.0
146     24367104.0      47631158.5       684037.0
439     24511104.0      47811670.5       674011.0
207     24305280.0      47552669.5       660481.5
474     24182784.0      47200413.0       657270.0
492     24423296.0      47607908.5       655687.5
417     24284032.0      47539282.0       655573.5
14      24505088.0      47885609.0       652747.0
496     24634880.0      47842883.0       648418.0
370     24197248.0      47529474.0       630562.5
444     24442624.0      47723145.0       629970.0
183     24641024.0      48037503.5       623582.0
284     24276992.0      47526790.5       620985.5
25      24536192.0      47642996.5       614706.0
116     24443648.0      47876070.5       608371.0
41      24512896.0      47718719.0       602216.5
99      24344704.0      47553960.0       597460.0
124     24372992.0      47496849.0       594025.5
227     24548352.0      47834715.5       592019.5
              Server1        Server2
Offset                              
14      489280.774194  140389.580645
497      11085.625000    3392.500000
205      10787.625000    3287.000000
67        7592.375000    2379.000000
157       7391.225806    2303.161290
350       6117.875000    1954.375000
29        5883.000000    1865.687500
158       5609.000000    1841.750000
402       4900.500000    1598.937500
248       4893.000000    1592.625000
467       4449.250000    1495.562500
300       4421.625000    1427.437500
322       4362.375000    1456.375000
285       4261.625000    1439.937500
360       4186.000000    1389.562500
450       4160.125000    1399.687500
475       4158.875000    1374.250000
363       4127.625000    1390.375000
91        4091.625000    1375.375000
189       4069.875000    1326.375000
Current: [14]
Subround 15
         Timestamp  TS First Frame  TS Prev Frame
Offset                                           
231     24828160.0      48146882.5       799551.5
14      24610176.0      48059845.0       733788.5
272     24493184.0      47814379.0       685115.0
146     24367104.0      47631158.5       684037.0
439     24511104.0      47811670.5       674011.0
207     24305280.0      47552669.5       660481.5
474     24182784.0      47200413.0       657270.0
492     24423296.0      47607908.5       655687.5
417     24284032.0      47539282.0       655573.5
496     24634880.0      47842883.0       648418.0
370     24197248.0      47529474.0       630562.5
444     24442624.0      47723145.0       629970.0
183     24641024.0      48037503.5       623582.0
284     24276992.0      47526790.5       620985.5
25      24536192.0      47642996.5       614706.0
147     24596224.0      47920861.0       608471.0
116     24443648.0      47876070.5       608371.0
41      24512896.0      47718719.0       602216.5
99      24344704.0      47553960.0       597460.0
124     24372992.0      47496849.0       594025.5
            Server1      Server2
Offset                          
14      497476.8750  142732.3125
497      11085.6250    3392.5000
205      10787.6250    3287.0000
67        7592.3750    2379.0000
157       7338.4375    2294.7500
350       6117.8750    1954.3750
29        5883.0000    1865.6875
158       5609.0000    1841.7500
402       4900.5000    1598.9375
248       4893.0000    1592.6250
467       4449.2500    1495.5625
300       4421.6250    1427.4375
322       4362.3750    1456.3750
285       4261.6250    1439.9375
360       4186.0000    1389.5625
450       4160.1250    1399.6875
475       4158.8750    1374.2500
363       4127.6250    1390.3750
91        4091.6250    1375.3750
189       4069.8750    1326.3750
Current: [14]
Subround 16
         Timestamp  TS First Frame  TS Prev Frame
Offset                                           
14      24715264.0      48234081.0       814830.0
231     24828160.0      48146882.5       799551.5
272     24493184.0      47814379.0       685115.0
146     24367104.0      47631158.5       684037.0
439     24511104.0      47811670.5       674011.0
207     24305280.0      47552669.5       660481.5
474     24182784.0      47200413.0       657270.0
492     24423296.0      47607908.5       655687.5
417     24284032.0      47539282.0       655573.5
496     24634880.0      47842883.0       648418.0
370     24197248.0      47529474.0       630562.5
444     24442624.0      47723145.0       629970.0
183     24641024.0      48037503.5       623582.0
284     24276992.0      47526790.5       620985.5
25      24536192.0      47642996.5       614706.0
116     24443648.0      47876070.5       608371.0
41      24512896.0      47718719.0       602216.5
99      24344704.0      47553960.0       597460.0
124     24372992.0      47496849.0       594025.5
227     24548352.0      47834715.5       592019.5
              Server1        Server2
Offset                              
14      489074.484848  140319.242424
497      11085.625000    3392.500000
205      10787.625000    3287.000000
67        7592.375000    2379.000000
157       7191.272727    2250.606061
350       6117.875000    1954.375000
29        5883.000000    1865.687500
158       5609.000000    1841.750000
402       4900.500000    1598.937500
248       4893.000000    1592.625000
467       4449.250000    1495.562500
300       4421.625000    1427.437500
322       4362.375000    1456.375000
285       4261.625000    1439.937500
360       4186.000000    1389.562500
450       4160.125000    1399.687500
475       4158.875000    1374.250000
363       4127.625000    1390.375000
91        4091.625000    1375.375000
189       4069.875000    1326.375000
Current: [14]
Subround 17
         Timestamp  TS First Frame  TS Prev Frame
Offset                                           
231     24828160.0      48146882.5       799551.5
14      24610176.0      48059845.0       733788.5
272     24493184.0      47814379.0       685115.0
146     24367104.0      47631158.5       684037.0
439     24511104.0      47811670.5       674011.0
207     24305280.0      47552669.5       660481.5
474     24182784.0      47200413.0       657270.0
492     24423296.0      47607908.5       655687.5
417     24284032.0      47539282.0       655573.5
496     24634880.0      47842883.0       648418.0
370     24197248.0      47529474.0       630562.5
444     24442624.0      47723145.0       629970.0
183     24641024.0      48037503.5       623582.0
284     24276992.0      47526790.5       620985.5
25      24536192.0      47642996.5       614706.0
116     24443648.0      47876070.5       608371.0
41      24512896.0      47718719.0       602216.5
99      24344704.0      47553960.0       597460.0
124     24372992.0      47496849.0       594025.5
227     24548352.0      47834715.5       592019.5
              Server1        Server2
Offset                              
14      486998.470588  139721.088235
497      11085.625000    3392.500000
205      10787.625000    3287.000000
67        7592.375000    2379.000000
157       7047.176471    2206.882353
350       6117.875000    1954.375000
29        5883.000000    1865.687500
158       5609.000000    1841.750000
402       4900.500000    1598.937500
248       4893.000000    1592.625000
467       4449.250000    1495.562500
300       4421.625000    1427.437500
322       4362.375000    1456.375000
285       4261.625000    1439.937500
360       4186.000000    1389.562500
450       4160.125000    1399.687500
475       4158.875000    1374.250000
363       4127.625000    1390.375000
91        4091.625000    1375.375000
189       4069.875000    1326.375000
Current: [14]
         Timestamp  TS First Frame  TS Prev Frame
Offset                                           
231     24828160.0      48146882.5       799551.5
14      24610176.0      48059845.0       733788.5
272     24493184.0      47814379.0       685115.0
146     24367104.0      47631158.5       684037.0
439     24511104.0      47811670.5       674011.0
207     24305280.0      47552669.5       660481.5
474     24182784.0      47200413.0       657270.0
492     24423296.0      47607908.5       655687.5
417     24284032.0      47539282.0       655573.5
496     24634880.0      47842883.0       648418.0
370     24197248.0      47529474.0       630562.5
444     24442624.0      47723145.0       629970.0
183     24641024.0      48037503.5       623582.0
284     24276992.0      47526790.5       620985.5
25      24536192.0      47642996.5       614706.0
116     24443648.0      47876070.5       608371.0
41      24512896.0      47718719.0       602216.5
99      24344704.0      47553960.0       597460.0
124     24372992.0      47496849.0       594025.5
227     24548352.0      47834715.5       592019.5
              Server1        Server2
Offset                              
14      486998.470588  139721.088235
497      11085.625000    3392.500000
205      10787.625000    3287.000000
67        7592.375000    2379.000000
157       7047.176471    2206.882353
350       6117.875000    1954.375000
29        5883.000000    1865.687500
158       5609.000000    1841.750000
402       4900.500000    1598.937500
248       4893.000000    1592.625000
467       4449.250000    1495.562500
300       4421.625000    1427.437500
322       4362.375000    1456.375000
285       4261.625000    1439.937500
360       4186.000000    1389.562500
450       4160.125000    1399.687500
475       4158.875000    1374.250000
363       4127.625000    1390.375000
91        4091.625000    1375.375000
189       4069.875000    1326.375000
Winning offset:
[14]
2021-09-17 09:03:12.611814
2021-09-17 09:08:38.050844
0:05:25.439030
attacker.py:479: DeprecationWarning: The default dtype for empty Series will be 'object' instead of 'float64' in a future version. Specify a dtype explicitly to silence this warning.
  mean1 = pd.Series(values1).mean()
attacker.py:480: DeprecationWarning: The default dtype for empty Series will be 'object' instead of 'float64' in a future version. Specify a dtype explicitly to silence this warning.
  mean2 = pd.Series(values2).mean()
attacker.py:479: DeprecationWarning: The default dtype for empty Series will be 'object' instead of 'float64' in a future version. Specify a dtype explicitly to silence this warning.
  mean1 = pd.Series(values1).mean()
attacker.py:480: DeprecationWarning: The default dtype for empty Series will be 'object' instead of 'float64' in a future version. Specify a dtype explicitly to silence this warning.
  mean2 = pd.Series(values2).mean()
Exception ignored in: <function Capture.__del__ at 0x7fd5f47e2670>
Traceback (most recent call last):
  File "/home/mlipp/.virtualenvs/kaslr/lib/python3.8/site-packages/pyshark/capture/capture.py", line 445, in __del__
  File "/home/mlipp/.virtualenvs/kaslr/lib/python3.8/site-packages/pyshark/capture/capture.py", line 436, in close
  File "/usr/lib/python3.8/asyncio/base_events.py", line 592, in run_until_complete
  File "/usr/lib/python3.8/asyncio/base_events.py", line 553, in _check_running
AttributeError: 'NoneType' object has no attribute '_get_running_loop'
