Loading page file profiles/packet3/pages/0x6e4a.yaml
Loading page file profiles/packet3/pages/0x6e60.yaml
Loading page file profiles/packet3/pages/0x6ee3.yaml
Loading page file profiles/packet3/pages/0x7241.yaml
Loading page file profiles/packet3/pages/0x7242.yaml
Loading page file profiles/packet3/pages/0x7243.yaml
Loading page file profiles/packet3/pages/0x7244.yaml
Round 0
Subround 0
Empty DataFrame
Columns: [Timestamp, TS First Frame, TS Prev Frame]
Index: []
         Server1  Server2
Offset                   
14      154780.0  44377.0
213       8382.0   2498.0
350       6614.0   2298.0
506       6326.0   2239.0
328       6226.0   1993.0
359       6140.0   2032.0
12        6110.0   1998.0
76        6104.0   2175.0
146       6096.0   2046.0
452       6096.0   2306.0
250       6052.0   2157.0
59        5902.0   2039.0
212       5886.0   1929.0
345       5864.0   1949.0
457       5768.0   2021.0
295       5758.0   1894.0
107       5744.0   1997.0
239       5710.0   1916.0
99        5684.0   1873.0
73        5646.0   1877.0
Current: [4, 5, 6, 7, 13, 16, 19, 25, 28, 29, 33, 34, 38, 40, 41, 43, 46, 54, 55, 57, 59, 60, 61, 67, 71, 72, 75, 76, 77, 80, 82, 84, 85, 86, 87, 88, 89, 95, 96, 104, 105, 106, 108, 114, 115, 116, 117, 125, 127, 130, 131, 132, 134, 137, 138, 139, 141, 142, 143, 146, 147, 149, 154, 155, 158, 159, 162, 164, 167, 169, 173, 174, 176, 182, 183, 186, 187, 189, 190, 191, 192, 193, 194, 197, 198, 203, 204, 205, 206, 207, 211, 212, 216, 218, 219, 220, 221, 222, 223, 224, 225, 230, 231, 235, 236, 239, 241, 242, 244, 245, 247, 248, 249, 250, 251, 254, 257, 260, 261, 263, 264, 266, 267, 268, 269, 272, 274, 276, 278, 281, 284, 285, 287, 288, 289, 290, 292, 293, 294, 296, 297, 298, 300, 301, 304, 306, 307, 310, 311, 312, 314, 315, 319, 320, 326, 329, 330, 332, 333, 334, 335, 336, 337, 338, 343, 344, 345, 347, 348, 349, 350, 352, 353, 354, 360, 361, 363, 364, 366, 367, 368, 370, 374, 375, 376, 383, 384, 385, 386, 389, 391, 392, 393, 399, 405, 412, 417, 418, 420, 421, 422, 424, 427, 428, 430, 433, 435, 436, 437, 440, 442, 443, 445, 448, 450, 451, 453, 455, 457, 459, 460, 461, 462, 465, 466, 467, 468, 469, 470, 479, 480, 482, 483, 485, 486, 488, 492, 495, 496, 497, 498, 499, 500, 501, 502, 505, 508, 509, 510]
Subround 1
         Timestamp  TS First Frame  TS Prev Frame
Offset                                           
476     28982144.0      56635975.0      1239386.5
345     25119616.0      48601679.0      1156465.5
71      24904064.0      48329701.5      1056982.5
124     24978176.0      48555706.5      1042762.0
442     24965504.0      48409132.0       967372.5
402     24935168.0      48469473.5       966476.0
462     24620416.0      48078968.0       963479.0
413     24795648.0      48303379.5       939811.0
125     24472704.0      47507955.0       933540.0
204     24838656.0      48396743.0       924505.5
393     24647936.0      48008810.5       915768.5
105     24693504.0      48139653.0       909068.0
222     24690816.0      47998393.0       905076.0
107     25029248.0      48578941.0       902034.5
104     24770432.0      48328921.0       900559.0
464     24874752.0      48228533.0       896354.5
123     24877056.0      48054871.5       896163.5
17      24671488.0      48161426.0       892716.5
374     24425472.0      47341161.5       885791.5
475     24895104.0      48279551.0       879540.0
         Server1  Server2
Offset                   
14      183356.0  52556.0
10       38355.0  11345.0
22       36123.0  10531.0
104       5658.0   1953.0
130       5606.0   1969.0
457       5490.0   1932.0
107       5482.0   1934.5
250       5462.0   1897.5
345       5444.0   1819.0
290       5318.0   1855.0
402       5285.0   1798.0
230       5271.0   1831.0
441       5269.0   1833.0
366       5269.0   1847.5
188       5253.0   1872.5
416       5231.0   1749.0
201       5226.0   1806.0
213       5185.0   1574.0
194       5133.0   1825.5
418       5070.0   1802.5
Current: [16, 19, 20, 21, 29, 34, 41, 43, 54, 57, 60, 71, 72, 75, 76, 82, 83, 84, 88, 89, 95, 96, 108, 116, 125, 127, 131, 137, 138, 139, 141, 147, 154, 158, 162, 167, 173, 174, 187, 192, 193, 203, 204, 205, 207, 209, 212, 218, 219, 220, 223, 224, 230, 235, 239, 241, 242, 243, 244, 247, 249, 257, 260, 261, 264, 266, 267, 268, 269, 272, 274, 276, 283, 288, 293, 294, 296, 300, 312, 319, 320, 326, 332, 333, 336, 337, 338, 343, 347, 348, 349, 352, 361, 363, 366, 368, 374, 376, 385, 393, 398, 399, 412, 418, 420, 421, 422, 424, 428, 435, 443, 448, 450, 459, 461, 462, 466, 468, 470, 482, 483, 486, 488, 492, 495, 498, 508, 509]
Subround 2
         Timestamp  TS First Frame  TS Prev Frame
Offset                                           
259     24983808.0      48686879.0      1079467.0
71      25035008.0      48775738.0      1043223.0
106     24825856.0      48515729.0      1007708.0
124     24754176.0      48196259.0       994167.0
402     24732928.0      48221817.0       953937.0
345     25100032.0      48343702.0       953032.0
442     24886016.0      48151512.0       952841.0
462     24176640.0      47300760.0       944320.0
125     24368640.0      47285555.0       930166.0
413     24720384.0      47950305.0       929390.0
100     24768512.0      47725901.0       920636.0
292     24736512.0      47932449.0       897789.0
88      24283392.0      47393668.0       884070.0
204     24615424.0      48090472.0       875495.0
449     24728064.0      48159738.0       864107.0
139     24552192.0      47733088.0       857395.0
321     25075968.0      48511850.0       854299.0
344     24980480.0      48578931.0       853124.0
226     24517632.0      48408999.0       849949.0
487     24991232.0      48579398.0       844185.0
              Server1       Server2
Offset                             
14      301314.666667  86354.000000
10       26374.000000   7824.333333
22       25937.333333   7646.000000
322       6945.333333   2183.666667
19        5016.000000   1646.333333
290       4624.000000   1569.666667
367       4506.000000   1547.666667
457       4481.333333   1560.666667
340       4472.000000   1469.000000
250       4422.000000   1528.333333
243       4407.333333   1520.666667
130       4384.000000   1525.333333
459       4354.666667   1529.333333
345       4350.666667   1453.000000
370       4327.333333   1423.333333
259       4326.000000   1443.666667
288       4318.000000   1525.666667
153       4310.666667   1442.333333
104       4308.000000   1493.000000
107       4297.333333   1509.666667
Current: [19, 20, 34, 43, 54, 71, 72, 75, 95, 108, 127, 137, 139, 162, 173, 204, 212, 235, 239, 241, 243, 247, 249, 264, 269, 272, 276, 283, 288, 293, 294, 326, 332, 337, 343, 349, 366, 398, 399, 412, 424, 443, 448, 450, 459, 488, 492, 508]
Subround 3
         Timestamp  TS First Frame  TS Prev Frame
Offset                                           
71      24960128.0      48596948.0       946717.5
124     24978176.0      48555706.5       909470.0
294     24603520.0      47880166.0       902379.0
204     24838656.0      48396743.0       887082.0
413     24795648.0      48145867.5       886156.5
462     24620416.0      48078968.0       882796.5
449     24845440.0      48466347.0       878789.0
436     24651520.0      48086583.0       877347.5
49      24632576.0      48009394.5       875946.5
402     24478208.0      47905108.5       868898.0
442     24629888.0      47836814.5       867893.0
487     24681472.0      47994021.5       857013.0
374     24425472.0      47649332.5       853284.0
345     24763776.0      47944727.5       852784.5
464     24505216.0      47649315.5       851743.5
135     24806784.0      48509547.5       840767.0
457     24606848.0      47806521.5       835534.5
179     24918912.0      48493805.0       827083.0
125     24472704.0      47507955.0       823019.5
344     24730112.0      48169199.0       819190.5
         Server1   Server2
Offset                    
14      271225.5  77733.00
22       20309.0   6008.25
10       20247.5   6024.75
40       12986.0   3803.75
322       6001.0   2470.50
19        5181.5   1704.75
457       4950.0   1725.25
367       4887.0   1654.75
290       4824.5   1653.00
49        4716.0   1594.75
345       4650.0   1575.75
208       4523.5   1521.25
107       4487.0   1555.75
179       4474.5   1608.00
250       4446.0   1559.00
402       4427.5   1515.50
366       4418.5   1531.75
288       4412.5   1541.75
243       4370.0   1508.00
364       4368.0   1469.50
Current: [11, 14, 19, 20, 25, 28, 29, 32, 34, 40, 43, 48, 54, 67, 71, 72, 75, 77, 86, 87, 89, 95, 108, 116, 120, 125, 127, 133, 135, 137, 139, 141, 147, 149, 151, 158, 159, 160, 162, 163, 164, 167, 173, 180, 185, 187, 191, 202, 204, 205, 207, 209, 210, 212, 218, 219, 222, 223, 235, 238, 239, 240, 241, 242, 244, 247, 249, 251, 257, 259, 260, 261, 264, 266, 269, 270, 272, 274, 275, 276, 283, 285, 288, 289, 290, 293, 294, 295, 296, 300, 304, 305, 312, 313, 314, 323, 326, 332, 333, 334, 336, 337, 339, 343, 347, 348, 349, 351, 352, 353, 363, 366, 367, 368, 376, 378, 385, 391, 395, 398, 399, 406, 407, 412, 417, 420, 421, 422, 423, 424, 426, 428, 430, 435, 436, 437, 438, 440, 443, 448, 450, 451, 459, 462, 463, 464, 465, 468, 482, 488, 489, 492, 495, 496, 497, 508]
Subround 4
         Timestamp  TS First Frame  TS Prev Frame
Offset                                           
106     24561152.0      47325628.0       907367.0
294     24603520.0      47880166.0       902379.0
278     24636160.0      47579764.0       888417.0
88      24283392.0      47393668.0       884070.0
259     24638720.0      47715025.0       879345.0
204     24615424.0      48090472.0       875495.0
487     24715008.0      47927578.0       869841.0
449     24728064.0      48159738.0       864107.0
321     24637952.0      47594259.0       854299.0
344     24725504.0      47759467.0       853124.0
71      24885248.0      48418158.0       850212.0
226     24858112.0      48408999.0       849949.0
413     24720384.0      47950305.0       842923.0
11      24408576.0      47091017.0       839765.0
135     24679168.0      48309296.0       837529.0
407     24398080.0      47953320.0       834140.0
49      24431360.0      47628993.0       833341.0
21      24678016.0      47910054.5       831884.5
374     24245504.0      47631547.0       831622.0
436     24565248.0      47725463.0       830730.0
         Server1  Server2
Offset                   
14      339816.8  97423.2
22       17178.4   5142.8
10       17093.6   5125.4
40       10803.6   3184.0
36        8182.0   2542.8
322       5362.0   2155.6
290       4651.6   1591.2
344       4648.8   1618.2
457       4622.0   1591.0
49        4595.2   1553.6
19        4594.0   1508.2
418       4568.8   1584.6
288       4498.0   1580.2
364       4446.0   1490.0
321       4427.6   1496.8
201       4410.4   1516.4
259       4353.6   1436.8
436       4337.6   1511.0
367       4322.4   1458.6
253       4254.8   1421.6
Current: [11, 19, 20, 21, 29, 32, 34, 40, 43, 48, 54, 67, 71, 75, 86, 87, 95, 108, 116, 120, 125, 127, 141, 149, 158, 162, 167, 173, 202, 207, 209, 212, 222, 223, 235, 238, 239, 240, 241, 247, 249, 257, 264, 266, 269, 272, 274, 275, 276, 283, 288, 289, 290, 293, 294, 295, 300, 312, 313, 332, 333, 334, 336, 343, 348, 349, 353, 368, 376, 378, 395, 398, 399, 407, 412, 421, 423, 426, 428, 437, 438, 440, 443, 450, 464, 465, 482, 488, 489, 492, 497, 508]
Subround 5
         Timestamp  TS First Frame  TS Prev Frame
Offset                                           
294     24498688.0      47597475.5       902379.0
204     24495616.0      47799708.5       865422.5
487     24543360.0      47668111.5       857013.0
449     24507008.0      47869807.5       854892.0
344     24602624.0      47623059.0       819190.5
419     24900864.0      48627329.0       811668.0
509     24708736.0      48083183.0       808107.5
321     24579072.0      47575574.0       794821.5
278     24471680.0      47551163.5       793274.5
462     24364672.0      47764752.5       785623.0
49      24249856.0      47427354.5       779991.5
436     24397696.0      47516443.5       778040.5
250     24477952.0      47985332.0       764899.0
15      24749056.0      48224536.0       763465.0
124     24724224.0      48465832.0       761698.0
384     24635392.0      48033480.5       756070.5
11      24309632.0      47080789.0       754721.0
208     24430848.0      47768477.0       752449.0
410     24423168.0      48005479.5       747246.5
337     24555264.0      47861953.0       738856.5
              Server1       Server2
Offset                             
14      324085.000000  92900.666667
22       14801.666667   4436.500000
10       14551.666667   4371.833333
40        9373.000000   2778.833333
36        7659.333333   2419.333333
178       6564.666667   2079.833333
322       5445.666667   2119.000000
19        4551.000000   1523.166667
457       4464.666667   1520.000000
367       4376.000000   1446.833333
208       4356.000000   1450.333333
345       4318.666667   1457.500000
250       4297.666667   1473.833333
290       4290.666667   1462.833333
419       4288.666667   1506.000000
384       4240.666667   1419.833333
344       4182.333333   1452.500000
410       4174.000000   1436.166667
418       4162.333333   1433.833333
49        4160.666667   1404.666667
Current: [11, 19, 20, 21, 32, 34, 43, 54, 71, 86, 116, 127, 141, 149, 167, 209, 222, 223, 238, 239, 241, 269, 272, 274, 276, 283, 288, 294, 300, 313, 332, 333, 334, 353, 378, 395, 398, 399, 412, 421, 428, 437, 438, 443, 450, 464, 465, 482, 492, 508]
Subround 6
         Timestamp  TS First Frame  TS Prev Frame
Offset                                           
294     24498688.0      47597475.5       902379.0
204     24375808.0      47508945.0       855350.0
71      24773120.0      47883665.0       850212.0
449     24285952.0      47579877.0       845677.0
487     24371712.0      47408645.0       844185.0
413     24310016.0      47387611.0       842923.0
19      24693248.0      48064634.0       834919.0
135     24679168.0      47991307.0       828150.0
469     24916480.0      48626118.0       826808.0
15      24798720.0      48348195.0       826513.0
124     24754176.0      48735405.0       824773.0
384     24719872.0      48047003.0       822033.0
462     24552704.0      48228745.0       821273.0
419     24722816.0      48123649.5       812855.0
509     24708736.0      48083183.0       808107.5
429     24784384.0      48113823.0       805733.0
89      24698368.0      47865848.0       800190.0
457     24458752.0      47883098.0       797820.0
49      24431360.0      47628993.0       794238.0
179     24526848.0      47941239.0       793744.0
              Server1       Server2
Offset                             
14      305055.714286  87441.000000
22       12954.000000   3889.428571
10       12819.142857   3867.857143
40        8300.571429   2472.571429
36        7219.142857   2297.714286
78        6147.714286   1964.142857
178       5958.571429   1895.285714
322       4981.714286   1919.285714
19        4684.285714   1566.142857
290       4553.714286   1541.428571
457       4544.000000   1562.571429
208       4470.285714   1507.857143
345       4424.857143   1493.000000
384       4395.428571   1488.714286
367       4392.285714   1458.571429
250       4368.571429   1509.142857
419       4296.285714   1522.714286
418       4288.285714   1470.571429
416       4277.428571   1488.857143
49        4259.142857   1438.142857
Current: [2, 5, 11, 14, 19, 20, 21, 28, 32, 34, 40, 43, 46, 54, 60, 64, 67, 71, 80, 86, 108, 116, 121, 127, 130, 141, 147, 149, 155, 165, 167, 168, 169, 191, 193, 204, 205, 207, 209, 216, 218, 221, 222, 223, 235, 238, 239, 240, 241, 244, 257, 261, 264, 266, 267, 268, 269, 272, 274, 275, 276, 282, 283, 288, 290, 293, 294, 300, 304, 306, 312, 313, 323, 332, 333, 334, 349, 353, 361, 362, 365, 366, 367, 376, 378, 385, 388, 391, 395, 398, 399, 400, 405, 406, 412, 419, 421, 423, 424, 426, 428, 430, 435, 437, 438, 443, 448, 450, 464, 465, 467, 474, 475, 482, 488, 489, 492, 496, 497, 508]
Subround 7
         Timestamp  TS First Frame  TS Prev Frame
Offset                                           
71      24829184.0      48150911.5       869097.0
204     24495616.0      47799708.5       865422.5
462     24571008.0      48284660.5       857768.5
449     24507008.0      47869807.5       854892.0
413     24515200.0      47668958.0       849506.5
135     24759424.0      48150301.5       832839.5
469     24966016.0      48666626.5       830974.0
457     24606848.0      48018534.5       830391.0
89      24530432.0      47793130.0       825831.0
19      24757888.0      48175123.5       825689.0
253     24784512.0      48097773.0       815083.0
419     24900864.0      48174560.0       814042.0
49      24594432.0      47883570.0       813789.5
436     24651520.0      47933203.0       811387.5
509     24767744.0      48049812.0       811384.0
243     24642304.0      47958829.0       808849.0
429     24756480.0      48232531.5       808709.5
344     24402048.0      47623059.0       808263.5
407     24844544.0      48588465.5       806484.0
464     24425088.0      47486107.0       805600.0
          Server1    Server2
Offset                      
14      291270.75  83489.875
240      16747.75   4982.000
22       11941.00   3620.750
10       11683.50   3561.875
40        7473.25   2233.000
36        6607.50   2104.250
78        5617.25   1799.625
178       5475.25   1741.500
19        4676.75   1569.125
322       4647.25   1775.750
290       4600.25   1556.875
457       4592.50   1570.375
367       4407.00   1469.250
418       4391.00   1514.250
443       4328.00   1475.500
419       4315.75   1535.500
49        4295.50   1456.125
253       4268.00   1449.500
384       4267.50   1449.500
285       4262.50   1443.750
Current: [5, 11, 14, 19, 20, 21, 32, 34, 43, 54, 64, 67, 71, 127, 130, 141, 147, 149, 155, 168, 169, 191, 204, 207, 209, 222, 223, 238, 239, 241, 244, 261, 264, 267, 269, 272, 274, 275, 276, 282, 283, 290, 293, 294, 300, 304, 306, 313, 332, 333, 334, 353, 361, 362, 365, 366, 367, 378, 391, 395, 398, 399, 405, 412, 419, 421, 423, 424, 426, 428, 430, 437, 450, 464, 467, 474, 475, 482, 488, 492, 496, 497, 508]
Subround 8
         Timestamp  TS First Frame  TS Prev Frame
Offset                                           
278     24358656.0      47522563.0       888417.0
88      24283392.0      47470851.0       879065.0
204     24375808.0      47508945.0       855350.0
71      24773120.0      47883665.0       850212.0
321     24530688.0      47594259.0       850084.0
449     24418048.0      47579877.0       845677.0
487     24371712.0      47408645.0       844185.0
413     24310016.0      47387611.0       842923.0
11      24346880.0      47091017.0       839765.0
344     24479744.0      47539510.0       831270.0
135     24679168.0      47991307.0       828150.0
469     24916480.0      48626118.0       826808.0
288     24654592.0      48226930.0       824517.0
462     24552704.0      48228745.0       821273.0
19      24693248.0      48064634.0       816459.0
419     24722816.0      47897265.0       812855.0
122     24802816.0      48377707.0       812230.0
509     24574208.0      47868301.5       807624.5
429     24728576.0      48113823.0       805733.0
467     24528896.0      47716614.0       803474.0
              Server1       Server2
Offset                             
14      339931.777778  97423.111111
240      15476.000000   4636.111111
22       11170.222222   3416.222222
10       10668.888889   3268.222222
40        6837.777778   2047.555556
36        6104.444444   1944.777778
178       5209.555556   1657.555556
78        5202.888889   1670.222222
367       4544.666667   1524.777778
290       4502.222222   1515.666667
324       4494.222222   1459.222222
322       4377.333333   1664.444444
288       4376.000000   1526.666667
19        4374.000000   1467.888889
457       4362.222222   1485.777778
353       4242.666667   1419.888889
179       4210.666667   1481.111111
49        4197.333333   1428.222222
253       4178.444444   1406.777778
384       4176.000000   1409.222222
Current: [11, 14, 19, 20, 21, 32, 34, 54, 67, 71, 127, 130, 141, 149, 155, 169, 209, 222, 223, 238, 239, 244, 261, 264, 267, 269, 272, 275, 283, 290, 294, 304, 306, 333, 334, 353, 362, 365, 366, 367, 399, 412, 421, 423, 437, 450, 482, 492, 496, 508]
Subround 9
         Timestamp  TS First Frame  TS Prev Frame
Offset                                           
204     24495616.0      47766472.5       865422.5
449     24573056.0      47854327.0       854892.0
419     24544768.0      47619970.0       811668.0
344     24402048.0      47649488.5       808263.5
179     24637824.0      48079764.5       796322.0
278     24332928.0      47551163.5       793274.5
321     24525440.0      47684491.5       792714.0
462     24366592.0      47842714.0       785623.0
509     24574208.0      47868301.5       780153.0
153     24555776.0      47792749.0       761406.5
49      24429952.0      47559093.0       760440.0
436     24651520.0      47933203.0       758698.0
269     24413824.0      47619564.5       757218.0
11      24313216.0      47186659.0       754721.0
429     24609408.0      47967045.0       748435.0
463     24571392.0      48032968.5       747890.0
410     24423168.0      48005479.5       747246.5
105     24456320.0      47877414.0       745549.5
367     24685312.0      48259187.0       745362.0
88      24273024.0      47432259.5       742591.5
         Server1  Server2
Offset                   
14      324375.4  92968.9
240      14181.0   4257.3
22       10343.0   3168.4
10        9784.8   3004.0
40        6546.6   1981.6
36        5875.2   1881.6
178       5187.4   1656.2
78        5161.2   1675.3
290       4528.0   1551.4
367       4461.8   1485.5
19        4407.8   1481.9
324       4221.8   1370.9
353       4219.2   1409.9
322       4214.6   1590.2
432       4151.6   1435.8
457       4143.6   1411.6
288       4126.8   1439.8
269       4106.0   1387.7
250       4100.0   1410.2
416       4086.6   1414.4
Current: [5, 11, 14, 19, 20, 21, 32, 34, 38, 43, 54, 64, 67, 71, 73, 81, 86, 95, 106, 120, 124, 125, 127, 130, 133, 141, 149, 155, 168, 169, 174, 187, 191, 209, 210, 218, 221, 222, 223, 238, 239, 244, 261, 264, 267, 269, 272, 275, 276, 280, 282, 283, 287, 290, 293, 294, 300, 304, 306, 313, 321, 332, 333, 334, 339, 348, 349, 351, 353, 362, 365, 366, 367, 374, 376, 388, 391, 399, 405, 412, 419, 421, 423, 430, 435, 437, 448, 450, 466, 467, 482, 488, 492, 496, 508]
Subround 10
         Timestamp  TS First Frame  TS Prev Frame
Offset                                           
278     24358656.0      47579764.0       888417.0
204     24375808.0      47508945.0       855350.0
321     24530688.0      47774724.0       850084.0
449     24728064.0      48128777.0       845677.0
487     24371712.0      47699759.0       844185.0
344     24479744.0      47759467.0       831270.0
88      24283392.0      47470851.0       828197.0
469     24584192.0      47710234.0       826808.0
89      24362496.0      47720412.0       800190.0
49      24431360.0      47628993.0       794238.0
179     24526848.0      47941239.0       793744.0
436     24737792.0      48140943.0       792045.0
459     24677888.0      48107743.0       791568.0
158     24472832.0      47693710.0       789636.0
11      24346880.0      47282301.0       781656.0
112     24575488.0      47786699.0       781566.0
153     24619776.0      48013978.0       781385.0
364     24286976.0      47475894.0       781158.0
253     24605696.0      47814136.0       777761.0
248     24332800.0      47487370.0       774468.0
              Server1        Server2
Offset                              
14      366507.454545  105086.272727
240      13324.909091    4026.000000
22        9856.181818    3042.000000
10        9251.454545    2865.090909
40        6148.727273    1868.090909
36        5517.636364    1767.636364
178       4893.090909    1565.909091
78        4866.727273    1579.545455
201       4354.545455    1470.545455
290       4313.454545    1477.454545
367       4306.545455    1434.545455
19        4210.363636    1413.272727
49        4165.272727    1417.636364
253       4151.272727    1391.181818
278       4135.090909    1405.909091
322       4093.272727    1529.636364
384       4077.090909    1373.454545
418       4057.090909    1392.909091
353       4053.636364    1351.545455
321       4047.818182    1375.818182
Current: [5, 11, 14, 19, 21, 32, 34, 38, 54, 64, 71, 81, 86, 120, 124, 130, 133, 141, 149, 155, 169, 174, 191, 209, 210, 222, 223, 238, 239, 244, 261, 264, 267, 272, 275, 280, 282, 283, 287, 290, 293, 300, 304, 306, 313, 321, 334, 339, 348, 351, 353, 366, 367, 374, 376, 388, 391, 399, 412, 421, 423, 430, 435, 450, 466, 467, 482, 492, 508]
Subround 11
         Timestamp  TS First Frame  TS Prev Frame
Offset                                           
204     24346240.0      47433049.5       841622.5
344     24402048.0      47649488.5       808263.5
278     24332928.0      47551163.5       793274.5
321     24525440.0      47684491.5       792714.0
449     24573056.0      47854327.0       782592.0
153     24555776.0      47792749.0       761406.5
49      24429952.0      47559093.0       760440.0
436     24651520.0      47933203.0       758698.0
72      24191104.0      47427717.0       741724.5
21      24487936.0      47564923.0       735780.0
11      24313216.0      47186659.0       725666.5
364     24303616.0      47681720.0       724385.0
459     24598272.0      47944089.0       723092.0
106     24495488.0      47742584.0       719259.5
88      24273024.0      47432259.5       717157.5
509     24377856.0      47868301.5       715901.0
259     24387840.0      47760384.5       715668.5
208     24758272.0      48273747.0       714381.0
384     24550656.0      47964937.0       708009.5
269     24413824.0      47619564.5       701666.5
              Server1        Server2
Offset                              
14      356407.500000  102186.250000
240      12491.833333    3777.916667
456      11191.666667    3422.666667
22        9300.833333    2874.000000
10        8644.666667    2682.583333
352       8358.666667    2584.500000
40        6008.333333    1850.250000
36        5231.666667    1676.916667
78        4860.666667    1591.416667
131       4788.666667    1554.250000
178       4675.833333    1500.083333
201       4188.666667    1414.000000
290       4145.000000    1416.750000
367       4112.333333    1370.750000
324       4109.500000    1352.166667
353       4106.500000    1380.416667
322       4061.833333    1503.416667
19        4032.833333    1354.916667
49        3992.166667    1357.333333
384       3973.166667    1335.416667
Current: [5, 11, 14, 19, 21, 32, 54, 64, 71, 120, 130, 141, 149, 155, 169, 174, 209, 210, 222, 223, 238, 261, 264, 267, 282, 283, 287, 290, 300, 304, 306, 313, 321, 334, 339, 353, 366, 367, 374, 399, 412, 421, 423, 430, 450, 466, 482, 492, 508]
Subround 12
         Timestamp  TS First Frame  TS Prev Frame
Offset                                           
204     24375808.0      47508945.0       855350.0
449     24728064.0      48128777.0       845677.0
179     24526848.0      47941239.0       793744.0
344     24324352.0      47539510.0       785257.0
509     24380672.0      48049812.0       756441.0
248     24355072.0      47487370.0       754090.0
462     24180480.0      47456683.0       749973.0
168     24487936.0      47521945.0       747004.0
153     24491776.0      47571520.0       741428.0
463     24491520.0      48024876.0       741158.0
419     24431488.0      47897265.0       737031.5
321     24520192.0      47594259.0       735344.0
418     24335872.0      47573334.0       730205.0
49      24428544.0      47489193.0       726642.0
269     24476160.0      47691302.0       726124.0
410     24327936.0      47652681.0       725371.0
436     24565248.0      47725463.0       725351.0
243     24658560.0      47970269.0       724767.5
96      24564992.0      48066083.0       724096.0
105     24322304.0      47558326.0       719008.0
              Server1       Server2
Offset                             
14      340174.461538  97533.769231
240      11697.846154   3544.692308
456      10593.846154   3261.923077
22        8734.461538   2702.692308
10        8186.769231   2544.538462
352       8120.615385   2529.076923
72        5861.538462   1903.692308
40        5780.923077   1784.923077
36        5193.692308   1669.692308
78        4898.153846   1608.538462
178       4748.615385   1527.769231
131       4586.461538   1489.615385
201       4267.076923   1447.384615
290       4258.307692   1462.307692
324       4223.230769   1404.076923
384       4173.538462   1400.615385
353       4148.153846   1393.307692
367       4143.230769   1383.538462
19        4129.692308   1387.000000
457       4104.000000   1398.692308
Current: [5, 11, 14, 21, 32, 54, 71, 120, 130, 141, 149, 169, 209, 210, 222, 223, 238, 261, 264, 267, 282, 283, 300, 304, 306, 334, 366, 374, 399, 412, 423, 492]
Subround 13
         Timestamp  TS First Frame  TS Prev Frame
Offset                                           
204     24495616.0      47766472.5       841622.5
344     24402048.0      47649488.5       808263.5
179     24395392.0      47820474.0       796322.0
321     24525440.0      47684491.5       792714.0
449     24573056.0      47854327.0       782592.0
153     24555776.0      47792749.0       761406.5
49      24429952.0      47559093.0       760440.0
436     24651520.0      47933203.0       758698.0
72      24293888.0      47603125.5       741724.5
21      24487936.0      47564923.0       735780.0
248     24447104.0      47635900.5       730740.0
11      24377728.0      47417294.0       725666.5
364     24303616.0      47681720.0       724385.0
459     24598272.0      47944089.0       723092.0
106     24495488.0      47742584.0       719259.5
88      24236160.0      47429293.0       717157.5
367     24557568.0      47924622.0       716354.5
509     24574208.0      48264693.5       715901.0
208     24836352.0      48466609.0       714381.0
278     24332928.0      47551163.5       711638.5
              Server1        Server2
Offset                              
14      380259.428571  109073.000000
240      11284.714286    3430.000000
456      10210.857143    3164.857143
120       8942.000000    2778.000000
22        8432.285714    2628.857143
10        7880.142857    2469.285714
352       7710.000000    2403.857143
293       6997.857143    2193.642857
72        5888.714286    1913.714286
291       5713.428571    1831.285714
40        5487.857143    1698.142857
36        4972.428571    1602.285714
78        4704.285714    1546.214286
178       4573.285714    1473.000000
131       4407.857143    1433.071429
367       4234.142857    1426.000000
290       4117.857143    1412.357143
324       4115.714286    1366.714286
201       4110.857143    1393.357143
384       4038.000000    1352.357143
Current: [5, 11, 14, 19, 21, 32, 34, 54, 64, 71, 73, 96, 120, 130, 141, 149, 155, 168, 169, 173, 209, 210, 218, 222, 223, 238, 239, 248, 261, 264, 267, 272, 282, 283, 287, 290, 293, 300, 304, 306, 334, 339, 348, 352, 353, 365, 366, 374, 399, 412, 423, 435, 450, 463, 469, 482, 488, 492, 508]
Subround 14
         Timestamp  TS First Frame  TS Prev Frame
Offset                                           
299     24592896.0      48137711.0       838743.0
25      24589312.0      48022461.0       830205.0
204     24615424.0      48024000.0       827895.0
179     24263936.0      47699709.0       793744.0
344     24324352.0      47759467.0       785257.0
11      24408576.0      47552287.0       781656.0
364     24320256.0      47887546.0       781158.0
153     24491776.0      47571520.0       741428.0
321     24530688.0      47774724.0       735344.0
137     24588800.0      47471163.0       727125.0
49      24428544.0      47489193.0       726642.0
436     24565248.0      47725463.0       725351.0
449     24418048.0      47579877.0       719507.0
248     24355072.0      47503575.0       707390.0
226     24482048.0      47954293.0       700759.0
278     24358656.0      47579764.0       698132.0
367     24417280.0      47896923.0       691783.0
269     24476160.0      47691302.0       677209.0
509     24380672.0      48049812.0       675361.0
108     24505856.0      47578536.0       670253.0
              Server1        Server2
Offset                              
14      393121.333333  112745.466667
218      11340.800000    3461.733333
240      10757.733333    3275.800000
456       9653.200000    2996.333333
120       8480.000000    2639.200000
22        8168.266667    2555.133333
10        7511.866667    2354.733333
352       7323.466667    2288.000000
293       6677.733333    2095.600000
72        5700.400000    1858.600000
291       5505.200000    1765.400000
40        5257.866667    1630.600000
36        4772.533333    1540.200000
78        4513.066667    1484.266667
131       4411.333333    1447.000000
178       4409.733333    1422.600000
367       4110.000000    1383.933333
91        4068.266667    1361.666667
290       4059.066667    1387.666667
201       4015.733333    1358.666667
Current: [11, 14, 19, 21, 32, 34, 64, 71, 96, 120, 141, 149, 209, 210, 223, 238, 239, 248, 264, 267, 272, 282, 283, 290, 293, 300, 304, 306, 334, 339, 352, 365, 366, 399, 412, 423, 435, 469, 488, 492]
Subround 15
         Timestamp  TS First Frame  TS Prev Frame
Offset                                           
204     24677888.0      48057236.0       841622.5
449     24573056.0      47854327.0       782592.0
11      24377728.0      47417294.0       725666.5
364     24303616.0      47681720.0       724385.0
367     24411392.0      47885309.0       716354.5
436     24400512.0      47552846.5       711413.5
179     24253440.0      47730700.5       701752.5
269     24509568.0      47708324.5       701666.5
49      24248448.0      47406033.5       688404.5
72      24293888.0      47603125.5       667089.0
299     24552448.0      48115636.0       665857.5
410     24310272.0      47636185.0       657870.5
366     24311040.0      47621581.0       655551.0
208     24758272.0      48273747.0       654830.0
106     24465792.0      47742584.0       651604.5
15      24710528.0      48034092.5       645851.5
321     24525440.0      47684491.5       645603.0
384     24400128.0      47606564.0       641428.0
25      24588160.0      47953286.5       629804.0
344     24272000.0      47649488.5       626545.5
           Server1      Server2
Offset                         
14      384042.750  110140.2500
218      10856.750    3328.1250
240      10214.250    3114.7500
456       9192.750    2857.0000
120       8074.375    2516.5000
22        7872.375    2464.9375
10        7144.875    2241.0000
352       7141.250    2239.8125
293       6623.500    2084.0000
72        5480.125    1787.8750
291       5447.750    1759.6875
40        5101.000    1585.0000
36        4755.875    1550.8750
78        4540.250    1502.1875
178       4442.625    1452.5000
131       4423.250    1456.6875
290       4142.125    1419.1250
367       4102.375    1387.0000
457       4040.000    1366.9375
19        4007.750    1341.5000
Current: [11, 14, 21, 32, 120, 141, 149, 210, 223, 238, 267, 283, 290, 293, 300, 306, 339, 365, 399, 412, 423, 469, 488, 492]
         Timestamp  TS First Frame  TS Prev Frame
Offset                                           
204     24677888.0      48057236.0       841622.5
449     24573056.0      47854327.0       782592.0
11      24377728.0      47417294.0       725666.5
364     24303616.0      47681720.0       724385.0
367     24411392.0      47885309.0       716354.5
436     24400512.0      47552846.5       711413.5
179     24253440.0      47730700.5       701752.5
269     24509568.0      47708324.5       701666.5
49      24248448.0      47406033.5       688404.5
72      24293888.0      47603125.5       667089.0
299     24552448.0      48115636.0       665857.5
410     24310272.0      47636185.0       657870.5
366     24311040.0      47621581.0       655551.0
208     24758272.0      48273747.0       654830.0
106     24465792.0      47742584.0       651604.5
15      24710528.0      48034092.5       645851.5
321     24525440.0      47684491.5       645603.0
384     24400128.0      47606564.0       641428.0
25      24588160.0      47953286.5       629804.0
344     24272000.0      47649488.5       626545.5
           Server1      Server2
Offset                         
14      384042.750  110140.2500
218      10856.750    3328.1250
240      10214.250    3114.7500
456       9192.750    2857.0000
120       8074.375    2516.5000
22        7872.375    2464.9375
10        7144.875    2241.0000
352       7141.250    2239.8125
293       6623.500    2084.0000
72        5480.125    1787.8750
291       5447.750    1759.6875
40        5101.000    1585.0000
36        4755.875    1550.8750
78        4540.250    1502.1875
178       4442.625    1452.5000
131       4423.250    1456.6875
290       4142.125    1419.1250
367       4102.375    1387.0000
457       4040.000    1366.9375
19        4007.750    1341.5000
New pairs
[[492, 412], [423, 141], [488, 306], [11, 283], [469, 339], [14, 210], [120, 267], [223, 399], [238, 300], [365, 32], [293, 21], [290, 149]]
Round 1
Subround 0
         Timestamp  TS First Frame  TS Prev Frame
Offset                                           
204     24677888.0      48057236.0       841622.5
449     24573056.0      47854327.0       782592.0
364     24303616.0      47681720.0       724385.0
367     24411392.0      47885309.0       716354.5
436     24400512.0      47552846.5       711413.5
179     24253440.0      47730700.5       701752.5
269     24509568.0      47708324.5       701666.5
49      24248448.0      47406033.5       688404.5
11      24346880.0      47282301.0       669677.0
72      24293888.0      47603125.5       667089.0
299     24552448.0      48115636.0       665857.5
410     24310272.0      47636185.0       657870.5
366     24311040.0      47621581.0       655551.0
106     24465792.0      47742584.0       651604.5
15      24710528.0      48034092.5       645851.5
321     24525440.0      47684491.5       645603.0
384     24400128.0      47606564.0       641428.0
208     24694016.0      48156064.5       640383.5
25      24588160.0      47953286.5       629804.0
344     24272000.0      47649488.5       626545.5
              Server1        Server2
Offset                              
14      380194.823529  109036.411765
218      10856.750000    3328.125000
240      10214.250000    3114.750000
456       9192.750000    2857.000000
120       7893.294118    2467.058824
22        7872.375000    2464.937500
10        7144.875000    2241.000000
352       7141.250000    2239.812500
293       6347.764706    2000.235294
72        5480.125000    1787.875000
291       5447.750000    1759.687500
40        5101.000000    1585.000000
36        4755.875000    1550.875000
78        4540.250000    1502.187500
178       4442.625000    1452.500000
131       4423.250000    1456.687500
367       4102.375000    1387.000000
457       4040.000000    1366.937500
290       4030.117647    1379.411765
19        4007.750000    1341.500000
Current: [14, 120, 283, 412, 423, 469, 488]
Subround 1
         Timestamp  TS First Frame  TS Prev Frame
Offset                                           
204     24677888.0      48057236.0       841622.5
449     24573056.0      47854327.0       782592.0
364     24303616.0      47681720.0       724385.0
367     24411392.0      47885309.0       716354.5
436     24400512.0      47552846.5       711413.5
179     24253440.0      47730700.5       701752.5
269     24509568.0      47708324.5       701666.5
49      24248448.0      47406033.5       688404.5
72      24293888.0      47603125.5       667089.0
299     24552448.0      48115636.0       665857.5
410     24310272.0      47636185.0       657870.5
366     24311040.0      47621581.0       655551.0
106     24465792.0      47742584.0       651604.5
15      24710528.0      48034092.5       645851.5
321     24525440.0      47684491.5       645603.0
384     24400128.0      47606564.0       641428.0
208     24694016.0      48156064.5       640383.5
25      24588160.0      47953286.5       629804.0
344     24272000.0      47649488.5       626545.5
105     24452736.0      47613851.0       625576.0
              Server1        Server2
Offset                              
14      368681.222222  105733.888889
218      10856.750000    3328.125000
240      10214.250000    3114.750000
456       9192.750000    2857.000000
22        7872.375000    2464.937500
120       7559.444444    2366.333333
10        7144.875000    2241.000000
352       7141.250000    2239.812500
293       6235.777778    1977.666667
72        5480.125000    1787.875000
291       5447.750000    1759.687500
40        5101.000000    1585.000000
36        4755.875000    1550.875000
78        4540.250000    1502.187500
178       4442.625000    1452.500000
131       4423.250000    1456.687500
367       4102.375000    1387.000000
290       4041.000000    1389.500000
457       4040.000000    1366.937500
19        4007.750000    1341.500000
Current: [14, 21, 32, 120, 223, 238, 283, 290, 423]
Subround 2
         Timestamp  TS First Frame  TS Prev Frame
Offset                                           
204     24677888.0      48057236.0       841622.5
449     24573056.0      47854327.0       782592.0
364     24303616.0      47681720.0       724385.0
367     24411392.0      47885309.0       716354.5
436     24400512.0      47552846.5       711413.5
179     24253440.0      47730700.5       701752.5
269     24509568.0      47708324.5       701666.5
49      24248448.0      47406033.5       688404.5
11      24346880.0      47316764.0       669677.0
72      24293888.0      47603125.5       667089.0
299     24552448.0      48115636.0       665857.5
410     24310272.0      47636185.0       657870.5
366     24311040.0      47621581.0       655551.0
106     24465792.0      47742584.0       651604.5
15      24710528.0      48034092.5       645851.5
321     24525440.0      47684491.5       645603.0
384     24400128.0      47606564.0       641428.0
208     24694016.0      48156064.5       640383.5
25      24588160.0      47953286.5       629804.0
344     24272000.0      47649488.5       626545.5
              Server1        Server2
Offset                              
14      358332.000000  102764.315789
218      10856.750000    3328.125000
240      10214.250000    3114.750000
456       9192.750000    2857.000000
22        7872.375000    2464.937500
120       7267.894737    2277.315789
10        7144.875000    2241.000000
352       7141.250000    2239.812500
293       6044.315789    1922.052632
72        5480.125000    1787.875000
291       5447.750000    1759.687500
40        5101.000000    1585.000000
36        4755.875000    1550.875000
78        4540.250000    1502.187500
178       4442.625000    1452.500000
131       4423.250000    1456.687500
367       4102.375000    1387.000000
290       4067.263158    1403.315789
457       4040.000000    1366.937500
19        4007.750000    1341.500000
Current: [14, 32, 120, 290]
Subround 3
         Timestamp  TS First Frame  TS Prev Frame
Offset                                           
204     24677888.0      48057236.0       841622.5
449     24573056.0      47854327.0       782592.0
364     24303616.0      47681720.0       724385.0
367     24411392.0      47885309.0       716354.5
436     24400512.0      47552846.5       711413.5
179     24253440.0      47730700.5       701752.5
269     24509568.0      47708324.5       701666.5
11      24377728.0      47434525.5       690314.5
49      24248448.0      47406033.5       688404.5
72      24293888.0      47603125.5       667089.0
299     24552448.0      48115636.0       665857.5
410     24310272.0      47636185.0       657870.5
366     24311040.0      47621581.0       655551.0
106     24465792.0      47742584.0       651604.5
15      24710528.0      48034092.5       645851.5
321     24525440.0      47684491.5       645603.0
384     24400128.0      47606564.0       641428.0
208     24694016.0      48156064.5       640383.5
25      24588160.0      47953286.5       629804.0
344     24272000.0      47649488.5       626545.5
           Server1      Server2
Offset                         
14      367604.100  105429.4500
218      10856.750    3328.1250
240      10214.250    3114.7500
456       9192.750    2857.0000
22        7872.375    2464.9375
10        7144.875    2241.0000
352       7141.250    2239.8125
120       7105.000    2238.4500
293       5841.300    1859.8000
72        5480.125    1787.8750
291       5447.750    1759.6875
40        5101.000    1585.0000
36        4755.875    1550.8750
78        4540.250    1502.1875
178       4442.625    1452.5000
131       4423.250    1456.6875
367       4102.375    1387.0000
457       4040.000    1366.9375
19        4007.750    1341.5000
201       3989.375    1344.7500
Current: [14, 32, 120, 412, 423]
Subround 4
         Timestamp  TS First Frame  TS Prev Frame
Offset                                           
204     24677888.0      48057236.0       841622.5
449     24573056.0      47854327.0       782592.0
364     24303616.0      47681720.0       724385.0
367     24411392.0      47885309.0       716354.5
436     24400512.0      47552846.5       711413.5
179     24253440.0      47730700.5       701752.5
269     24509568.0      47708324.5       701666.5
49      24248448.0      47406033.5       688404.5
11      24408576.0      47552287.0       669677.0
72      24293888.0      47603125.5       667089.0
299     24552448.0      48115636.0       665857.5
410     24310272.0      47636185.0       657870.5
366     24311040.0      47621581.0       655551.0
106     24465792.0      47742584.0       651604.5
15      24710528.0      48034092.5       645851.5
321     24525440.0      47684491.5       645603.0
384     24400128.0      47606564.0       641428.0
208     24694016.0      48156064.5       640383.5
25      24588160.0      47953286.5       629804.0
344     24272000.0      47649488.5       626545.5
              Server1        Server2
Offset                              
14      358318.095238  102764.095238
218      10856.750000    3328.125000
240      10214.250000    3114.750000
456       9192.750000    2857.000000
22        7872.375000    2464.937500
10        7144.875000    2241.000000
352       7141.250000    2239.812500
120       6880.857143    2170.190476
293       5693.523810    1816.142857
72        5480.125000    1787.875000
291       5447.750000    1759.687500
40        5101.000000    1585.000000
36        4755.875000    1550.875000
78        4540.250000    1502.187500
178       4442.625000    1452.500000
131       4423.250000    1456.687500
367       4102.375000    1387.000000
457       4040.000000    1366.937500
19        4007.750000    1341.500000
201       3989.375000    1344.750000
Current: [14, 21, 32, 120, 290, 300]
Subround 5
         Timestamp  TS First Frame  TS Prev Frame
Offset                                           
204     24677888.0      48057236.0       841622.5
449     24573056.0      47854327.0       782592.0
364     24303616.0      47681720.0       724385.0
367     24411392.0      47885309.0       716354.5
436     24400512.0      47552846.5       711413.5
179     24253440.0      47730700.5       701752.5
269     24509568.0      47708324.5       701666.5
11      24500096.0      47697446.5       690314.5
49      24248448.0      47406033.5       688404.5
72      24293888.0      47603125.5       667089.0
299     24552448.0      48115636.0       665857.5
410     24310272.0      47636185.0       657870.5
366     24311040.0      47621581.0       655551.0
106     24465792.0      47742584.0       651604.5
15      24710528.0      48034092.5       645851.5
321     24525440.0      47684491.5       645603.0
384     24400128.0      47606564.0       641428.0
208     24694016.0      48156064.5       640383.5
25      24588160.0      47953286.5       629804.0
344     24272000.0      47649488.5       626545.5
              Server1        Server2
Offset                              
14      352182.000000  101001.863636
218      10856.750000    3328.125000
240      10214.250000    3114.750000
456       9192.750000    2857.000000
22        7872.375000    2464.937500
10        7144.875000    2241.000000
352       7141.250000    2239.812500
120       6645.090909    2097.000000
293       5706.181818    1821.409091
72        5480.125000    1787.875000
291       5447.750000    1759.687500
40        5101.000000    1585.000000
36        4755.875000    1550.875000
78        4540.250000    1502.187500
178       4442.625000    1452.500000
131       4423.250000    1456.687500
367       4102.375000    1387.000000
457       4040.000000    1366.937500
19        4007.750000    1341.500000
201       3989.375000    1344.750000
Current: [14, 21, 32, 290, 300]
Subround 6
         Timestamp  TS First Frame  TS Prev Frame
Offset                                           
204     24677888.0      48057236.0       841622.5
449     24573056.0      47854327.0       782592.0
364     24303616.0      47681720.0       724385.0
367     24411392.0      47885309.0       716354.5
436     24400512.0      47552846.5       711413.5
179     24253440.0      47730700.5       701752.5
269     24509568.0      47708324.5       701666.5
49      24248448.0      47406033.5       688404.5
11      24408576.0      47584833.0       669677.0
72      24293888.0      47603125.5       667089.0
299     24552448.0      48115636.0       665857.5
410     24310272.0      47636185.0       657870.5
366     24311040.0      47621581.0       655551.0
106     24465792.0      47742584.0       651604.5
15      24710528.0      48034092.5       645851.5
321     24525440.0      47684491.5       645603.0
384     24400128.0      47606564.0       641428.0
208     24694016.0      48156064.5       640383.5
25      24588160.0      47953286.5       629804.0
344     24272000.0      47649488.5       626545.5
              Server1        Server2
Offset                              
14      362858.000000  104057.086957
218      10856.750000    3328.125000
240      10214.250000    3114.750000
456       9192.750000    2857.000000
22        7872.375000    2464.937500
10        7144.875000    2241.000000
352       7141.250000    2239.812500
120       6535.652174    2073.739130
293       5546.695652    1771.608696
72        5480.125000    1787.875000
291       5447.750000    1759.687500
40        5101.000000    1585.000000
36        4755.875000    1550.875000
78        4540.250000    1502.187500
178       4442.625000    1452.500000
131       4423.250000    1456.687500
367       4102.375000    1387.000000
457       4040.000000    1366.937500
19        4007.750000    1341.500000
201       3989.375000    1344.750000
Current: [14, 32, 290, 300, 306]
Subround 7
         Timestamp  TS First Frame  TS Prev Frame
Offset                                           
204     24677888.0      48057236.0       841622.5
449     24573056.0      47854327.0       782592.0
364     24303616.0      47681720.0       724385.0
367     24411392.0      47885309.0       716354.5
436     24400512.0      47552846.5       711413.5
179     24253440.0      47730700.5       701752.5
269     24509568.0      47708324.5       701666.5
49      24248448.0      47406033.5       688404.5
72      24293888.0      47603125.5       667089.0
299     24552448.0      48115636.0       665857.5
410     24310272.0      47636185.0       657870.5
366     24311040.0      47621581.0       655551.0
106     24465792.0      47742584.0       651604.5
15      24710528.0      48034092.5       645851.5
321     24525440.0      47684491.5       645603.0
384     24400128.0      47606564.0       641428.0
208     24694016.0      48156064.5       640383.5
25      24588160.0      47953286.5       629804.0
344     24272000.0      47649488.5       626545.5
105     24452736.0      47613851.0       625576.0
              Server1        Server2
Offset                              
14      355476.000000  101936.458333
218      10856.750000    3328.125000
240      10214.250000    3114.750000
456       9192.750000    2857.000000
22        7872.375000    2464.937500
10        7144.875000    2241.000000
352       7141.250000    2239.812500
120       6337.166667    2012.916667
293       5532.583333    1774.375000
72        5480.125000    1787.875000
291       5447.750000    1759.687500
40        5101.000000    1585.000000
36        4755.875000    1550.875000
78        4540.250000    1502.187500
178       4442.625000    1452.500000
131       4423.250000    1456.687500
367       4102.375000    1387.000000
457       4040.000000    1366.937500
19        4007.750000    1341.500000
201       3989.375000    1344.750000
Current: [14, 21, 32, 290, 300]
Subround 8
         Timestamp  TS First Frame  TS Prev Frame
Offset                                           
204     24677888.0      48057236.0       841622.5
449     24573056.0      47854327.0       782592.0
364     24303616.0      47681720.0       724385.0
367     24411392.0      47885309.0       716354.5
436     24400512.0      47552846.5       711413.5
179     24253440.0      47730700.5       701752.5
269     24509568.0      47708324.5       701666.5
49      24248448.0      47406033.5       688404.5
11      24408576.0      47584833.0       669677.0
72      24293888.0      47603125.5       667089.0
299     24552448.0      48115636.0       665857.5
410     24310272.0      47636185.0       657870.5
366     24311040.0      47621581.0       655551.0
106     24465792.0      47742584.0       651604.5
15      24710528.0      48034092.5       645851.5
321     24525440.0      47684491.5       645603.0
384     24400128.0      47606564.0       641428.0
208     24694016.0      48156064.5       640383.5
25      24588160.0      47953286.5       629804.0
344     24272000.0      47649488.5       626545.5
           Server1     Server2
Offset                        
14      347971.040  99783.3600
218      10856.750   3328.1250
240      10214.250   3114.7500
456       9192.750   2857.0000
22        7872.375   2464.9375
10        7144.875   2241.0000
352       7141.250   2239.8125
120       6153.760   1956.2400
72        5480.125   1787.8750
291       5447.750   1759.6875
293       5411.840   1735.1600
40        5101.000   1585.0000
36        4755.875   1550.8750
78        4540.250   1502.1875
178       4442.625   1452.5000
131       4423.250   1456.6875
367       4102.375   1387.0000
457       4040.000   1366.9375
19        4007.750   1341.5000
201       3989.375   1344.7500
Current: [14, 32, 290]
Subround 9
         Timestamp  TS First Frame  TS Prev Frame
Offset                                           
204     24677888.0      48057236.0       841622.5
449     24573056.0      47854327.0       782592.0
364     24303616.0      47681720.0       724385.0
367     24411392.0      47885309.0       716354.5
436     24400512.0      47552846.5       711413.5
179     24253440.0      47730700.5       701752.5
269     24509568.0      47708324.5       701666.5
49      24248448.0      47406033.5       688404.5
72      24293888.0      47603125.5       667089.0
299     24552448.0      48115636.0       665857.5
410     24310272.0      47636185.0       657870.5
366     24311040.0      47621581.0       655551.0
106     24465792.0      47742584.0       651604.5
15      24710528.0      48034092.5       645851.5
321     24525440.0      47684491.5       645603.0
384     24400128.0      47606564.0       641428.0
208     24694016.0      48156064.5       640383.5
25      24588160.0      47953286.5       629804.0
344     24272000.0      47649488.5       626545.5
105     24452736.0      47613851.0       625576.0
              Server1        Server2
Offset                              
14      355382.307692  101911.153846
218      10856.750000    3328.125000
240      10214.250000    3114.750000
456       9192.750000    2857.000000
22        7872.375000    2464.937500
10        7144.875000    2241.000000
352       7141.250000    2239.812500
120       6096.461538    1945.769231
72        5480.125000    1787.875000
291       5447.750000    1759.687500
293       5277.153846    1693.115385
40        5101.000000    1585.000000
36        4755.875000    1550.875000
78        4540.250000    1502.187500
178       4442.625000    1452.500000
131       4423.250000    1456.687500
367       4102.375000    1387.000000
457       4040.000000    1366.937500
19        4007.750000    1341.500000
201       3989.375000    1344.750000
Current: [14, 290, 399, 423]
Subround 10
         Timestamp  TS First Frame  TS Prev Frame
Offset                                           
204     24677888.0      48057236.0       841622.5
449     24573056.0      47854327.0       782592.0
364     24303616.0      47681720.0       724385.0
367     24411392.0      47885309.0       716354.5
436     24400512.0      47552846.5       711413.5
179     24253440.0      47730700.5       701752.5
269     24509568.0      47708324.5       701666.5
49      24248448.0      47406033.5       688404.5
72      24293888.0      47603125.5       667089.0
299     24552448.0      48115636.0       665857.5
410     24310272.0      47636185.0       657870.5
366     24311040.0      47621581.0       655551.0
106     24465792.0      47742584.0       651604.5
15      24710528.0      48034092.5       645851.5
321     24525440.0      47684491.5       645603.0
384     24400128.0      47606564.0       641428.0
208     24694016.0      48156064.5       640383.5
25      24588160.0      47953286.5       629804.0
344     24272000.0      47649488.5       626545.5
105     24452736.0      47613851.0       625576.0
              Server1        Server2
Offset                              
14      348836.740741  100033.666667
218      10856.750000    3328.125000
240      10214.250000    3114.750000
456       9192.750000    2857.000000
22        7872.375000    2464.937500
10        7144.875000    2241.000000
352       7141.250000    2239.812500
120       5933.185185    1895.555556
72        5480.125000    1787.875000
291       5447.750000    1759.687500
293       5262.148148    1691.592593
40        5101.000000    1585.000000
36        4755.875000    1550.875000
78        4540.250000    1502.187500
178       4442.625000    1452.500000
131       4423.250000    1456.687500
367       4102.375000    1387.000000
457       4040.000000    1366.937500
19        4007.750000    1341.500000
201       3989.375000    1344.750000
Current: [14, 21, 290, 423]
Subround 11
         Timestamp  TS First Frame  TS Prev Frame
Offset                                           
204     24677888.0      48057236.0       841622.5
449     24573056.0      47854327.0       782592.0
364     24303616.0      47681720.0       724385.0
367     24411392.0      47885309.0       716354.5
436     24400512.0      47552846.5       711413.5
179     24253440.0      47730700.5       701752.5
269     24509568.0      47708324.5       701666.5
49      24248448.0      47406033.5       688404.5
72      24293888.0      47603125.5       667089.0
299     24552448.0      48115636.0       665857.5
410     24310272.0      47636185.0       657870.5
366     24311040.0      47621581.0       655551.0
106     24465792.0      47742584.0       651604.5
15      24710528.0      48034092.5       645851.5
321     24525440.0      47684491.5       645603.0
384     24400128.0      47606564.0       641428.0
208     24694016.0      48156064.5       640383.5
25      24588160.0      47953286.5       629804.0
344     24272000.0      47649488.5       626545.5
105     24452736.0      47613851.0       625576.0
              Server1        Server2
Offset                              
14      356838.857143  102340.821429
218      10856.750000    3328.125000
240      10214.250000    3114.750000
456       9192.750000    2857.000000
22        7872.375000    2464.937500
10        7144.875000    2241.000000
352       7141.250000    2239.812500
120       5859.071429    1876.250000
72        5480.125000    1787.875000
291       5447.750000    1759.687500
293       5186.714286    1666.964286
40        5101.000000    1585.000000
36        4755.875000    1550.875000
78        4540.250000    1502.187500
178       4442.625000    1452.500000
131       4423.250000    1456.687500
367       4102.375000    1387.000000
457       4040.000000    1366.937500
19        4007.750000    1341.500000
201       3989.375000    1344.750000
Current: [14, 290]
Subround 12
         Timestamp  TS First Frame  TS Prev Frame
Offset                                           
204     24677888.0      48057236.0       841622.5
449     24573056.0      47854327.0       782592.0
364     24303616.0      47681720.0       724385.0
367     24411392.0      47885309.0       716354.5
436     24400512.0      47552846.5       711413.5
179     24253440.0      47730700.5       701752.5
269     24509568.0      47708324.5       701666.5
49      24248448.0      47406033.5       688404.5
72      24293888.0      47603125.5       667089.0
299     24552448.0      48115636.0       665857.5
410     24310272.0      47636185.0       657870.5
366     24311040.0      47621581.0       655551.0
106     24465792.0      47742584.0       651604.5
15      24710528.0      48034092.5       645851.5
321     24525440.0      47684491.5       645603.0
384     24400128.0      47606564.0       641428.0
208     24694016.0      48156064.5       640383.5
25      24588160.0      47953286.5       629804.0
344     24272000.0      47649488.5       626545.5
105     24452736.0      47613851.0       625576.0
              Server1        Server2
Offset                              
14      351848.000000  100907.655172
218      10856.750000    3328.125000
240      10214.250000    3114.750000
456       9192.750000    2857.000000
22        7872.375000    2464.937500
10        7144.875000    2241.000000
352       7141.250000    2239.812500
120       5855.448276    1876.758621
72        5480.125000    1787.875000
291       5447.750000    1759.687500
293       5133.448276    1649.689655
40        5101.000000    1585.000000
36        4755.875000    1550.875000
78        4540.250000    1502.187500
178       4442.625000    1452.500000
131       4423.250000    1456.687500
367       4102.375000    1387.000000
457       4040.000000    1366.937500
19        4007.750000    1341.500000
201       3989.375000    1344.750000
Current: [14]
Subround 13
         Timestamp  TS First Frame  TS Prev Frame
Offset                                           
204     24677888.0      48057236.0       841622.5
449     24573056.0      47854327.0       782592.0
364     24303616.0      47681720.0       724385.0
367     24411392.0      47885309.0       716354.5
436     24400512.0      47552846.5       711413.5
179     24253440.0      47730700.5       701752.5
269     24509568.0      47708324.5       701666.5
49      24248448.0      47406033.5       688404.5
72      24293888.0      47603125.5       667089.0
299     24552448.0      48115636.0       665857.5
410     24310272.0      47636185.0       657870.5
366     24311040.0      47621581.0       655551.0
106     24465792.0      47742584.0       651604.5
15      24710528.0      48034092.5       645851.5
321     24525440.0      47684491.5       645603.0
384     24400128.0      47606564.0       641428.0
208     24694016.0      48156064.5       640383.5
25      24588160.0      47953286.5       629804.0
344     24272000.0      47649488.5       626545.5
105     24452736.0      47613851.0       625576.0
              Server1       Server2
Offset                             
14      345111.866667  98976.100000
218      10856.750000   3328.125000
240      10214.250000   3114.750000
456       9192.750000   2857.000000
22        7872.375000   2464.937500
10        7144.875000   2241.000000
352       7141.250000   2239.812500
120       5720.733333   1835.000000
72        5480.125000   1787.875000
291       5447.750000   1759.687500
293       5108.600000   1649.166667
40        5101.000000   1585.000000
36        4755.875000   1550.875000
78        4540.250000   1502.187500
178       4442.625000   1452.500000
131       4423.250000   1456.687500
367       4102.375000   1387.000000
457       4040.000000   1366.937500
19        4007.750000   1341.500000
201       3989.375000   1344.750000
Current: [14, 423]
Subround 14
         Timestamp  TS First Frame  TS Prev Frame
Offset                                           
204     24677888.0      48057236.0       841622.5
449     24573056.0      47854327.0       782592.0
364     24303616.0      47681720.0       724385.0
367     24411392.0      47885309.0       716354.5
436     24400512.0      47552846.5       711413.5
179     24253440.0      47730700.5       701752.5
269     24509568.0      47708324.5       701666.5
49      24248448.0      47406033.5       688404.5
72      24293888.0      47603125.5       667089.0
299     24552448.0      48115636.0       665857.5
410     24310272.0      47636185.0       657870.5
366     24311040.0      47621581.0       655551.0
106     24465792.0      47742584.0       651604.5
15      24710528.0      48034092.5       645851.5
321     24525440.0      47684491.5       645603.0
384     24400128.0      47606564.0       641428.0
208     24694016.0      48156064.5       640383.5
25      24588160.0      47953286.5       629804.0
344     24272000.0      47649488.5       626545.5
105     24452736.0      47613851.0       625576.0
              Server1        Server2
Offset                              
14      354281.548387  101609.000000
218      10856.750000    3328.125000
240      10214.250000    3114.750000
456       9192.750000    2857.000000
22        7872.375000    2464.937500
10        7144.875000    2241.000000
352       7141.250000    2239.812500
120       5588.064516    1793.935484
72        5480.125000    1787.875000
291       5447.750000    1759.687500
40        5101.000000    1585.000000
293       5016.580645    1620.096774
36        4755.875000    1550.875000
78        4540.250000    1502.187500
178       4442.625000    1452.500000
131       4423.250000    1456.687500
367       4102.375000    1387.000000
457       4040.000000    1366.937500
19        4007.750000    1341.500000
201       3989.375000    1344.750000
Current: [14, 423]
Subround 15
         Timestamp  TS First Frame  TS Prev Frame
Offset                                           
204     24677888.0      48057236.0       841622.5
449     24573056.0      47854327.0       782592.0
364     24303616.0      47681720.0       724385.0
367     24411392.0      47885309.0       716354.5
436     24400512.0      47552846.5       711413.5
179     24253440.0      47730700.5       701752.5
269     24509568.0      47708324.5       701666.5
49      24248448.0      47406033.5       688404.5
72      24293888.0      47603125.5       667089.0
299     24552448.0      48115636.0       665857.5
410     24310272.0      47636185.0       657870.5
366     24311040.0      47621581.0       655551.0
106     24465792.0      47742584.0       651604.5
15      24710528.0      48034092.5       645851.5
321     24525440.0      47684491.5       645603.0
384     24400128.0      47606564.0       641428.0
208     24694016.0      48156064.5       640383.5
25      24588160.0      47953286.5       629804.0
344     24272000.0      47649488.5       626545.5
105     24452736.0      47613851.0       625576.0
           Server1       Server2
Offset                          
14      353363.125  101345.09375
218      10856.750    3328.12500
240      10214.250    3114.75000
456       9192.750    2857.00000
22        7872.375    2464.93750
10        7144.875    2241.00000
352       7141.250    2239.81250
120       5551.000    1784.96875
72        5480.125    1787.87500
291       5447.750    1759.68750
40        5101.000    1585.00000
293       4913.625    1587.75000
36        4755.875    1550.87500
78        4540.250    1502.18750
178       4442.625    1452.50000
131       4423.250    1456.68750
367       4102.375    1387.00000
457       4040.000    1366.93750
19        4007.750    1341.50000
201       3989.375    1344.75000
Current: [14, 423]
Subround 16
         Timestamp  TS First Frame  TS Prev Frame
Offset                                           
204     24677888.0      48057236.0       841622.5
449     24573056.0      47854327.0       782592.0
364     24303616.0      47681720.0       724385.0
367     24411392.0      47885309.0       716354.5
436     24400512.0      47552846.5       711413.5
179     24253440.0      47730700.5       701752.5
269     24509568.0      47708324.5       701666.5
49      24248448.0      47406033.5       688404.5
72      24293888.0      47603125.5       667089.0
299     24552448.0      48115636.0       665857.5
410     24310272.0      47636185.0       657870.5
366     24311040.0      47621581.0       655551.0
106     24465792.0      47742584.0       651604.5
15      24710528.0      48034092.5       645851.5
321     24525440.0      47684491.5       645603.0
384     24400128.0      47606564.0       641428.0
208     24694016.0      48156064.5       640383.5
25      24588160.0      47953286.5       629804.0
344     24272000.0      47649488.5       626545.5
105     24452736.0      47613851.0       625576.0
              Server1       Server2
Offset                             
14      347930.969697  99786.272727
218      10856.750000   3328.125000
240      10214.250000   3114.750000
456       9192.750000   2857.000000
22        7872.375000   2464.937500
10        7144.875000   2241.000000
352       7141.250000   2239.812500
72        5480.125000   1787.875000
291       5447.750000   1759.687500
120       5442.363636   1751.303030
40        5101.000000   1585.000000
293       4948.909091   1599.878788
36        4755.875000   1550.875000
78        4540.250000   1502.187500
178       4442.625000   1452.500000
131       4423.250000   1456.687500
367       4102.375000   1387.000000
457       4040.000000   1366.937500
19        4007.750000   1341.500000
201       3989.375000   1344.750000
Current: [14, 423]
         Timestamp  TS First Frame  TS Prev Frame
Offset                                           
204     24677888.0      48057236.0       841622.5
449     24573056.0      47854327.0       782592.0
364     24303616.0      47681720.0       724385.0
367     24411392.0      47885309.0       716354.5
436     24400512.0      47552846.5       711413.5
179     24253440.0      47730700.5       701752.5
269     24509568.0      47708324.5       701666.5
49      24248448.0      47406033.5       688404.5
72      24293888.0      47603125.5       667089.0
299     24552448.0      48115636.0       665857.5
410     24310272.0      47636185.0       657870.5
366     24311040.0      47621581.0       655551.0
106     24465792.0      47742584.0       651604.5
15      24710528.0      48034092.5       645851.5
321     24525440.0      47684491.5       645603.0
384     24400128.0      47606564.0       641428.0
208     24694016.0      48156064.5       640383.5
25      24588160.0      47953286.5       629804.0
344     24272000.0      47649488.5       626545.5
105     24452736.0      47613851.0       625576.0
              Server1       Server2
Offset                             
14      347930.969697  99786.272727
218      10856.750000   3328.125000
240      10214.250000   3114.750000
456       9192.750000   2857.000000
22        7872.375000   2464.937500
10        7144.875000   2241.000000
352       7141.250000   2239.812500
72        5480.125000   1787.875000
291       5447.750000   1759.687500
120       5442.363636   1751.303030
40        5101.000000   1585.000000
293       4948.909091   1599.878788
36        4755.875000   1550.875000
78        4540.250000   1502.187500
178       4442.625000   1452.500000
131       4423.250000   1456.687500
367       4102.375000   1387.000000
457       4040.000000   1366.937500
19        4007.750000   1341.500000
201       3989.375000   1344.750000
New pairs
[[14, 423]]
Round 2
Subround 0
         Timestamp  TS First Frame  TS Prev Frame
Offset                                           
204     24677888.0      48057236.0       841622.5
449     24573056.0      47854327.0       782592.0
364     24303616.0      47681720.0       724385.0
367     24411392.0      47885309.0       716354.5
436     24400512.0      47552846.5       711413.5
179     24253440.0      47730700.5       701752.5
269     24509568.0      47708324.5       701666.5
49      24248448.0      47406033.5       688404.5
72      24293888.0      47603125.5       667089.0
299     24552448.0      48115636.0       665857.5
410     24310272.0      47636185.0       657870.5
366     24311040.0      47621581.0       655551.0
106     24465792.0      47742584.0       651604.5
15      24710528.0      48034092.5       645851.5
321     24525440.0      47684491.5       645603.0
384     24400128.0      47606564.0       641428.0
208     24694016.0      48156064.5       640383.5
25      24588160.0      47953286.5       629804.0
344     24272000.0      47649488.5       626545.5
105     24452736.0      47613851.0       625576.0
              Server1       Server2
Offset                             
14      342973.000000  98367.058824
218      10856.750000   3328.125000
240      10214.250000   3114.750000
456       9192.750000   2857.000000
22        7872.375000   2464.937500
10        7144.875000   2241.000000
352       7141.250000   2239.812500
72        5480.125000   1787.875000
291       5447.750000   1759.687500
120       5442.363636   1751.303030
40        5101.000000   1585.000000
293       4948.909091   1599.878788
36        4755.875000   1550.875000
78        4540.250000   1502.187500
178       4442.625000   1452.500000
131       4423.250000   1456.687500
367       4102.375000   1387.000000
457       4040.000000   1366.937500
19        4007.750000   1341.500000
201       3989.375000   1344.750000
Current: []
Subround 1
         Timestamp  TS First Frame  TS Prev Frame
Offset                                           
204     24677888.0      48057236.0       841622.5
449     24573056.0      47854327.0       782592.0
364     24303616.0      47681720.0       724385.0
367     24411392.0      47885309.0       716354.5
436     24400512.0      47552846.5       711413.5
179     24253440.0      47730700.5       701752.5
269     24509568.0      47708324.5       701666.5
49      24248448.0      47406033.5       688404.5
72      24293888.0      47603125.5       667089.0
299     24552448.0      48115636.0       665857.5
410     24310272.0      47636185.0       657870.5
366     24311040.0      47621581.0       655551.0
106     24465792.0      47742584.0       651604.5
15      24710528.0      48034092.5       645851.5
321     24525440.0      47684491.5       645603.0
384     24400128.0      47606564.0       641428.0
208     24694016.0      48156064.5       640383.5
25      24588160.0      47953286.5       629804.0
344     24272000.0      47649488.5       626545.5
105     24452736.0      47613851.0       625576.0
              Server1       Server2
Offset                             
14      338838.457143  97179.142857
218      10856.750000   3328.125000
240      10214.250000   3114.750000
456       9192.750000   2857.000000
22        7872.375000   2464.937500
10        7144.875000   2241.000000
352       7141.250000   2239.812500
72        5480.125000   1787.875000
291       5447.750000   1759.687500
120       5442.363636   1751.303030
40        5101.000000   1585.000000
293       4948.909091   1599.878788
36        4755.875000   1550.875000
78        4540.250000   1502.187500
178       4442.625000   1452.500000
131       4423.250000   1456.687500
367       4102.375000   1387.000000
457       4040.000000   1366.937500
19        4007.750000   1341.500000
201       3989.375000   1344.750000
Current: [14]
Subround 2
         Timestamp  TS First Frame  TS Prev Frame
Offset                                           
204     24677888.0      48057236.0       841622.5
449     24573056.0      47854327.0       782592.0
364     24303616.0      47681720.0       724385.0
367     24411392.0      47885309.0       716354.5
436     24400512.0      47552846.5       711413.5
179     24253440.0      47730700.5       701752.5
269     24509568.0      47708324.5       701666.5
49      24248448.0      47406033.5       688404.5
72      24293888.0      47603125.5       667089.0
299     24552448.0      48115636.0       665857.5
410     24310272.0      47636185.0       657870.5
366     24311040.0      47621581.0       655551.0
106     24465792.0      47742584.0       651604.5
15      24710528.0      48034092.5       645851.5
321     24525440.0      47684491.5       645603.0
384     24400128.0      47606564.0       641428.0
208     24694016.0      48156064.5       640383.5
25      24588160.0      47953286.5       629804.0
344     24272000.0      47649488.5       626545.5
105     24452736.0      47613851.0       625576.0
              Server1       Server2
Offset                             
14      335787.833333  96302.888889
218      10856.750000   3328.125000
240      10214.250000   3114.750000
456       9192.750000   2857.000000
22        7872.375000   2464.937500
10        7144.875000   2241.000000
352       7141.250000   2239.812500
72        5480.125000   1787.875000
291       5447.750000   1759.687500
120       5442.363636   1751.303030
40        5101.000000   1585.000000
293       4948.909091   1599.878788
36        4755.875000   1550.875000
78        4540.250000   1502.187500
178       4442.625000   1452.500000
131       4423.250000   1456.687500
367       4102.375000   1387.000000
457       4040.000000   1366.937500
19        4007.750000   1341.500000
201       3989.375000   1344.750000
Current: []
Subround 3
         Timestamp  TS First Frame  TS Prev Frame
Offset                                           
204     24677888.0      48057236.0       841622.5
449     24573056.0      47854327.0       782592.0
364     24303616.0      47681720.0       724385.0
367     24411392.0      47885309.0       716354.5
436     24400512.0      47552846.5       711413.5
179     24253440.0      47730700.5       701752.5
269     24509568.0      47708324.5       701666.5
49      24248448.0      47406033.5       688404.5
72      24293888.0      47603125.5       667089.0
299     24552448.0      48115636.0       665857.5
410     24310272.0      47636185.0       657870.5
366     24311040.0      47621581.0       655551.0
106     24465792.0      47742584.0       651604.5
15      24710528.0      48034092.5       645851.5
321     24525440.0      47684491.5       645603.0
384     24400128.0      47606564.0       641428.0
208     24694016.0      48156064.5       640383.5
25      24588160.0      47953286.5       629804.0
344     24272000.0      47649488.5       626545.5
105     24452736.0      47613851.0       625576.0
              Server1       Server2
Offset                             
14      332147.135135  95258.324324
218      10856.750000   3328.125000
240      10214.250000   3114.750000
456       9192.750000   2857.000000
22        7872.375000   2464.937500
10        7144.875000   2241.000000
352       7141.250000   2239.812500
72        5480.125000   1787.875000
291       5447.750000   1759.687500
120       5442.363636   1751.303030
40        5101.000000   1585.000000
293       4948.909091   1599.878788
36        4755.875000   1550.875000
78        4540.250000   1502.187500
178       4442.625000   1452.500000
131       4423.250000   1456.687500
367       4102.375000   1387.000000
457       4040.000000   1366.937500
19        4007.750000   1341.500000
201       3989.375000   1344.750000
Current: []
Subround 4
         Timestamp  TS First Frame  TS Prev Frame
Offset                                           
204     24677888.0      48057236.0       841622.5
449     24573056.0      47854327.0       782592.0
364     24303616.0      47681720.0       724385.0
367     24411392.0      47885309.0       716354.5
436     24400512.0      47552846.5       711413.5
179     24253440.0      47730700.5       701752.5
269     24509568.0      47708324.5       701666.5
49      24248448.0      47406033.5       688404.5
72      24293888.0      47603125.5       667089.0
299     24552448.0      48115636.0       665857.5
410     24310272.0      47636185.0       657870.5
366     24311040.0      47621581.0       655551.0
106     24465792.0      47742584.0       651604.5
15      24710528.0      48034092.5       645851.5
321     24525440.0      47684491.5       645603.0
384     24400128.0      47606564.0       641428.0
208     24694016.0      48156064.5       640383.5
25      24588160.0      47953286.5       629804.0
344     24272000.0      47649488.5       626545.5
105     24452736.0      47613851.0       625576.0
              Server1       Server2
Offset                             
14      329018.894737  94359.947368
218      10856.750000   3328.125000
240      10214.250000   3114.750000
456       9192.750000   2857.000000
22        7872.375000   2464.937500
10        7144.875000   2241.000000
352       7141.250000   2239.812500
72        5480.125000   1787.875000
291       5447.750000   1759.687500
120       5442.363636   1751.303030
40        5101.000000   1585.000000
293       4948.909091   1599.878788
36        4755.875000   1550.875000
78        4540.250000   1502.187500
178       4442.625000   1452.500000
131       4423.250000   1456.687500
367       4102.375000   1387.000000
457       4040.000000   1366.937500
19        4007.750000   1341.500000
201       3989.375000   1344.750000
Current: [14]
Subround 5
         Timestamp  TS First Frame  TS Prev Frame
Offset                                           
204     24677888.0      48057236.0       841622.5
449     24573056.0      47854327.0       782592.0
364     24303616.0      47681720.0       724385.0
367     24411392.0      47885309.0       716354.5
436     24400512.0      47552846.5       711413.5
179     24253440.0      47730700.5       701752.5
269     24509568.0      47708324.5       701666.5
49      24248448.0      47406033.5       688404.5
72      24293888.0      47603125.5       667089.0
299     24552448.0      48115636.0       665857.5
410     24310272.0      47636185.0       657870.5
366     24311040.0      47621581.0       655551.0
106     24465792.0      47742584.0       651604.5
15      24710528.0      48034092.5       645851.5
321     24525440.0      47684491.5       645603.0
384     24400128.0      47606564.0       641428.0
208     24694016.0      48156064.5       640383.5
25      24588160.0      47953286.5       629804.0
344     24272000.0      47649488.5       626545.5
105     24452736.0      47613851.0       625576.0
              Server1       Server2
Offset                             
14      339798.102564  97451.384615
218      10856.750000   3328.125000
240      10214.250000   3114.750000
456       9192.750000   2857.000000
22        7872.375000   2464.937500
10        7144.875000   2241.000000
352       7141.250000   2239.812500
72        5480.125000   1787.875000
291       5447.750000   1759.687500
120       5442.363636   1751.303030
40        5101.000000   1585.000000
293       4948.909091   1599.878788
36        4755.875000   1550.875000
78        4540.250000   1502.187500
178       4442.625000   1452.500000
131       4423.250000   1456.687500
367       4102.375000   1387.000000
457       4040.000000   1366.937500
19        4007.750000   1341.500000
201       3989.375000   1344.750000
Current: [14]
Subround 6
         Timestamp  TS First Frame  TS Prev Frame
Offset                                           
204     24677888.0      48057236.0       841622.5
449     24573056.0      47854327.0       782592.0
364     24303616.0      47681720.0       724385.0
367     24411392.0      47885309.0       716354.5
436     24400512.0      47552846.5       711413.5
179     24253440.0      47730700.5       701752.5
269     24509568.0      47708324.5       701666.5
49      24248448.0      47406033.5       688404.5
72      24293888.0      47603125.5       667089.0
299     24552448.0      48115636.0       665857.5
410     24310272.0      47636185.0       657870.5
366     24311040.0      47621581.0       655551.0
106     24465792.0      47742584.0       651604.5
15      24710528.0      48034092.5       645851.5
321     24525440.0      47684491.5       645603.0
384     24400128.0      47606564.0       641428.0
208     24694016.0      48156064.5       640383.5
25      24588160.0      47953286.5       629804.0
344     24272000.0      47649488.5       626545.5
105     24452736.0      47613851.0       625576.0
              Server1       Server2
Offset                             
14      336528.900000  96517.125000
218      10856.750000   3328.125000
240      10214.250000   3114.750000
456       9192.750000   2857.000000
22        7872.375000   2464.937500
10        7144.875000   2241.000000
352       7141.250000   2239.812500
72        5480.125000   1787.875000
291       5447.750000   1759.687500
120       5442.363636   1751.303030
40        5101.000000   1585.000000
293       4948.909091   1599.878788
36        4755.875000   1550.875000
78        4540.250000   1502.187500
178       4442.625000   1452.500000
131       4423.250000   1456.687500
367       4102.375000   1387.000000
457       4040.000000   1366.937500
19        4007.750000   1341.500000
201       3989.375000   1344.750000
Current: []
Subround 7
         Timestamp  TS First Frame  TS Prev Frame
Offset                                           
204     24677888.0      48057236.0       841622.5
449     24573056.0      47854327.0       782592.0
364     24303616.0      47681720.0       724385.0
367     24411392.0      47885309.0       716354.5
436     24400512.0      47552846.5       711413.5
179     24253440.0      47730700.5       701752.5
269     24509568.0      47708324.5       701666.5
49      24248448.0      47406033.5       688404.5
72      24293888.0      47603125.5       667089.0
299     24552448.0      48115636.0       665857.5
410     24310272.0      47636185.0       657870.5
366     24311040.0      47621581.0       655551.0
106     24465792.0      47742584.0       651604.5
15      24710528.0      48034092.5       645851.5
321     24525440.0      47684491.5       645603.0
384     24400128.0      47606564.0       641428.0
208     24694016.0      48156064.5       640383.5
25      24588160.0      47953286.5       629804.0
344     24272000.0      47649488.5       626545.5
105     24452736.0      47613851.0       625576.0
              Server1       Server2
Offset                             
14      344683.560976  98876.902439
218      10856.750000   3328.125000
240      10214.250000   3114.750000
456       9192.750000   2857.000000
22        7872.375000   2464.937500
10        7144.875000   2241.000000
352       7141.250000   2239.812500
72        5480.125000   1787.875000
291       5447.750000   1759.687500
120       5442.363636   1751.303030
40        5101.000000   1585.000000
293       4948.909091   1599.878788
36        4755.875000   1550.875000
78        4540.250000   1502.187500
178       4442.625000   1452.500000
131       4423.250000   1456.687500
367       4102.375000   1387.000000
457       4040.000000   1366.937500
19        4007.750000   1341.500000
201       3989.375000   1344.750000
Current: [14]
Subround 8
         Timestamp  TS First Frame  TS Prev Frame
Offset                                           
204     24677888.0      48057236.0       841622.5
449     24573056.0      47854327.0       782592.0
364     24303616.0      47681720.0       724385.0
367     24411392.0      47885309.0       716354.5
436     24400512.0      47552846.5       711413.5
179     24253440.0      47730700.5       701752.5
269     24509568.0      47708324.5       701666.5
49      24248448.0      47406033.5       688404.5
72      24293888.0      47603125.5       667089.0
299     24552448.0      48115636.0       665857.5
410     24310272.0      47636185.0       657870.5
366     24311040.0      47621581.0       655551.0
106     24465792.0      47742584.0       651604.5
15      24710528.0      48034092.5       645851.5
321     24525440.0      47684491.5       645603.0
384     24400128.0      47606564.0       641428.0
208     24694016.0      48156064.5       640383.5
25      24588160.0      47953286.5       629804.0
344     24272000.0      47649488.5       626545.5
105     24452736.0      47613851.0       625576.0
              Server1       Server2
Offset                             
14      341975.333333  98098.452381
218      10856.750000   3328.125000
240      10214.250000   3114.750000
456       9192.750000   2857.000000
22        7872.375000   2464.937500
10        7144.875000   2241.000000
352       7141.250000   2239.812500
72        5480.125000   1787.875000
291       5447.750000   1759.687500
120       5442.363636   1751.303030
40        5101.000000   1585.000000
293       4948.909091   1599.878788
36        4755.875000   1550.875000
78        4540.250000   1502.187500
178       4442.625000   1452.500000
131       4423.250000   1456.687500
367       4102.375000   1387.000000
457       4040.000000   1366.937500
19        4007.750000   1341.500000
201       3989.375000   1344.750000
Current: [14]
Subround 9
         Timestamp  TS First Frame  TS Prev Frame
Offset                                           
204     24677888.0      48057236.0       841622.5
449     24573056.0      47854327.0       782592.0
364     24303616.0      47681720.0       724385.0
367     24411392.0      47885309.0       716354.5
436     24400512.0      47552846.5       711413.5
179     24253440.0      47730700.5       701752.5
269     24509568.0      47708324.5       701666.5
49      24248448.0      47406033.5       688404.5
72      24293888.0      47603125.5       667089.0
299     24552448.0      48115636.0       665857.5
410     24310272.0      47636185.0       657870.5
366     24311040.0      47621581.0       655551.0
106     24465792.0      47742584.0       651604.5
15      24710528.0      48034092.5       645851.5
321     24525440.0      47684491.5       645603.0
384     24400128.0      47606564.0       641428.0
208     24694016.0      48156064.5       640383.5
25      24588160.0      47953286.5       629804.0
344     24272000.0      47649488.5       626545.5
105     24452736.0      47613851.0       625576.0
              Server1        Server2
Offset                              
14      351574.232558  100847.441860
218      10856.750000    3328.125000
240      10214.250000    3114.750000
456       9192.750000    2857.000000
22        7872.375000    2464.937500
10        7144.875000    2241.000000
352       7141.250000    2239.812500
72        5480.125000    1787.875000
291       5447.750000    1759.687500
120       5442.363636    1751.303030
40        5101.000000    1585.000000
293       4948.909091    1599.878788
36        4755.875000    1550.875000
78        4540.250000    1502.187500
178       4442.625000    1452.500000
131       4423.250000    1456.687500
367       4102.375000    1387.000000
457       4040.000000    1366.937500
19        4007.750000    1341.500000
201       3989.375000    1344.750000
Current: [14]
Subround 10
         Timestamp  TS First Frame  TS Prev Frame
Offset                                           
204     24677888.0      48057236.0       841622.5
449     24573056.0      47854327.0       782592.0
364     24303616.0      47681720.0       724385.0
367     24411392.0      47885309.0       716354.5
436     24400512.0      47552846.5       711413.5
179     24253440.0      47730700.5       701752.5
269     24509568.0      47708324.5       701666.5
49      24248448.0      47406033.5       688404.5
72      24293888.0      47603125.5       667089.0
299     24552448.0      48115636.0       665857.5
410     24310272.0      47636185.0       657870.5
366     24311040.0      47621581.0       655551.0
106     24465792.0      47742584.0       651604.5
15      24710528.0      48034092.5       645851.5
321     24525440.0      47684491.5       645603.0
384     24400128.0      47606564.0       641428.0
208     24694016.0      48156064.5       640383.5
25      24588160.0      47953286.5       629804.0
344     24272000.0      47649488.5       626545.5
105     24452736.0      47613851.0       625576.0
              Server1       Server2
Offset                             
14      347973.318182  99813.909091
218      10856.750000   3328.125000
240      10214.250000   3114.750000
456       9192.750000   2857.000000
22        7872.375000   2464.937500
10        7144.875000   2241.000000
352       7141.250000   2239.812500
72        5480.125000   1787.875000
291       5447.750000   1759.687500
120       5442.363636   1751.303030
40        5101.000000   1585.000000
293       4948.909091   1599.878788
36        4755.875000   1550.875000
78        4540.250000   1502.187500
178       4442.625000   1452.500000
131       4423.250000   1456.687500
367       4102.375000   1387.000000
457       4040.000000   1366.937500
19        4007.750000   1341.500000
201       3989.375000   1344.750000
Current: [14]
         Timestamp  TS First Frame  TS Prev Frame
Offset                                           
204     24677888.0      48057236.0       841622.5
449     24573056.0      47854327.0       782592.0
364     24303616.0      47681720.0       724385.0
367     24411392.0      47885309.0       716354.5
436     24400512.0      47552846.5       711413.5
179     24253440.0      47730700.5       701752.5
269     24509568.0      47708324.5       701666.5
49      24248448.0      47406033.5       688404.5
72      24293888.0      47603125.5       667089.0
299     24552448.0      48115636.0       665857.5
410     24310272.0      47636185.0       657870.5
366     24311040.0      47621581.0       655551.0
106     24465792.0      47742584.0       651604.5
15      24710528.0      48034092.5       645851.5
321     24525440.0      47684491.5       645603.0
384     24400128.0      47606564.0       641428.0
208     24694016.0      48156064.5       640383.5
25      24588160.0      47953286.5       629804.0
344     24272000.0      47649488.5       626545.5
105     24452736.0      47613851.0       625576.0
              Server1       Server2
Offset                             
14      347973.318182  99813.909091
218      10856.750000   3328.125000
240      10214.250000   3114.750000
456       9192.750000   2857.000000
22        7872.375000   2464.937500
10        7144.875000   2241.000000
352       7141.250000   2239.812500
72        5480.125000   1787.875000
291       5447.750000   1759.687500
120       5442.363636   1751.303030
40        5101.000000   1585.000000
293       4948.909091   1599.878788
36        4755.875000   1550.875000
78        4540.250000   1502.187500
178       4442.625000   1452.500000
131       4423.250000   1456.687500
367       4102.375000   1387.000000
457       4040.000000   1366.937500
19        4007.750000   1341.500000
201       3989.375000   1344.750000
Winning offset:
[14]
2021-09-17 09:08:41.165069
2021-09-17 09:14:37.783094
0:05:56.618025
attacker.py:479: DeprecationWarning: The default dtype for empty Series will be 'object' instead of 'float64' in a future version. Specify a dtype explicitly to silence this warning.
  mean1 = pd.Series(values1).mean()
attacker.py:480: DeprecationWarning: The default dtype for empty Series will be 'object' instead of 'float64' in a future version. Specify a dtype explicitly to silence this warning.
  mean2 = pd.Series(values2).mean()
attacker.py:479: DeprecationWarning: The default dtype for empty Series will be 'object' instead of 'float64' in a future version. Specify a dtype explicitly to silence this warning.
  mean1 = pd.Series(values1).mean()
attacker.py:480: DeprecationWarning: The default dtype for empty Series will be 'object' instead of 'float64' in a future version. Specify a dtype explicitly to silence this warning.
  mean2 = pd.Series(values2).mean()
attacker.py:479: DeprecationWarning: The default dtype for empty Series will be 'object' instead of 'float64' in a future version. Specify a dtype explicitly to silence this warning.
  mean1 = pd.Series(values1).mean()
attacker.py:480: DeprecationWarning: The default dtype for empty Series will be 'object' instead of 'float64' in a future version. Specify a dtype explicitly to silence this warning.
  mean2 = pd.Series(values2).mean()
Exception ignored in: <function Capture.__del__ at 0x7fd40f643670>
Traceback (most recent call last):
  File "/home/mlipp/.virtualenvs/kaslr/lib/python3.8/site-packages/pyshark/capture/capture.py", line 445, in __del__
  File "/home/mlipp/.virtualenvs/kaslr/lib/python3.8/site-packages/pyshark/capture/capture.py", line 436, in close
  File "/usr/lib/python3.8/asyncio/base_events.py", line 592, in run_until_complete
  File "/usr/lib/python3.8/asyncio/base_events.py", line 553, in _check_running
AttributeError: 'NoneType' object has no attribute '_get_running_loop'
