Loading page file profiles/packet3/pages/0x6e4a.yaml
Loading page file profiles/packet3/pages/0x6e60.yaml
Loading page file profiles/packet3/pages/0x6ee3.yaml
Loading page file profiles/packet3/pages/0x7241.yaml
Loading page file profiles/packet3/pages/0x7242.yaml
Loading page file profiles/packet3/pages/0x7243.yaml
Loading page file profiles/packet3/pages/0x7244.yaml
Round 0
Subround 0
Empty DataFrame
Columns: [Timestamp, TS First Frame, TS Prev Frame]
Index: []
         Server1  Server2
Offset                   
14      190872.0  54716.0
115      39334.0  11450.0
255       8402.0  65461.0
481       7316.0   2360.0
373       7218.0   2345.0
174       6878.0   2230.0
68        6868.0   3092.0
217       6790.0   2326.0
58        6668.0   2360.0
427       6668.0   2343.0
313       6448.0   2103.0
278       6432.0   2311.0
203       6408.0   2285.0
86        6318.0   2083.0
274       6262.0   2067.0
492       6248.0   2061.0
368       6172.0   2194.0
210       6124.0   2101.0
250       6116.0   2028.0
509       6040.0   2167.0
Current: [3, 5, 7, 8, 12, 13, 14, 16, 22, 25, 26, 27, 28, 29, 30, 31, 32, 34, 37, 38, 39, 44, 45, 46, 47, 53, 54, 59, 62, 63, 64, 65, 66, 68, 70, 74, 76, 78, 80, 82, 83, 89, 90, 92, 93, 96, 97, 98, 100, 101, 103, 105, 106, 109, 112, 114, 115, 116, 117, 121, 123, 125, 129, 134, 142, 143, 145, 146, 147, 152, 158, 159, 160, 161, 162, 163, 165, 166, 167, 168, 170, 172, 173, 174, 175, 177, 179, 180, 182, 183, 184, 185, 187, 188, 194, 195, 198, 199, 200, 203, 204, 205, 207, 208, 213, 214, 217, 218, 219, 221, 223, 224, 225, 226, 227, 230, 232, 234, 237, 238, 239, 243, 244, 247, 249, 251, 252, 255, 256, 258, 260, 262, 263, 264, 269, 275, 277, 278, 283, 285, 287, 289, 292, 298, 299, 300, 302, 303, 306, 310, 311, 312, 313, 314, 318, 319, 322, 324, 330, 333, 336, 342, 345, 348, 349, 350, 351, 353, 355, 356, 358, 360, 367, 368, 369, 370, 371, 372, 374, 375, 376, 378, 379, 381, 387, 388, 391, 393, 394, 395, 396, 397, 398, 399, 401, 402, 403, 408, 411, 412, 413, 415, 417, 418, 420, 422, 425, 426, 429, 430, 432, 436, 437, 441, 442, 444, 449, 454, 455, 457, 459, 461, 466, 469, 471, 472, 474, 475, 476, 477, 480, 483, 484, 487, 491, 492, 493, 494, 498, 501, 502, 503, 504, 506, 507, 509]
Subround 1
         Timestamp  TS First Frame  TS Prev Frame
Offset                                           
195     24698112.0      47651019.5      1226354.0
472     24746752.0      48227754.5       902124.5
417     24791168.0      48096168.0       889081.5
110     24651136.0      47975245.5       876924.0
267     24676352.0      48029064.5       868600.5
177     24593664.0      47798061.0       853059.5
47      24595584.0      47897664.0       850935.0
44      25719040.0      50074257.0       816535.5
333     24521344.0      47859662.5       798503.5
53      25962240.0      50774563.5       789226.5
357     24475008.0      47644630.5       786523.5
232     24566912.0      47893999.5       783905.5
329     24648576.0      48072338.5       778864.5
441     25784704.0      50291928.0       771022.0
125     24360832.0      47716004.0       765854.5
509     24476800.0      47515987.0       756392.5
450     24317312.0      47354543.5       753204.0
74      24492928.0      48001124.5       747951.5
143     24598656.0      47992945.0       746009.5
107     24829696.0      48196450.5       745972.0
         Server1  Server2
Offset                   
14      188186.0  53924.0
115      22211.0   6630.5
462      14155.0   4354.5
418      11389.0   3407.5
177       5412.0   1947.0
255       5317.0  33115.5
450       5138.0   1873.5
267       5033.0   1702.0
477       5015.0   1589.0
481       4930.0   1595.0
372       4793.0   1542.0
329       4739.0   1722.5
461       4735.0   1656.5
47        4727.0   1648.0
249       4703.0   1525.0
373       4596.0   1501.5
233       4546.0   1651.5
333       4530.0   1527.5
174       4512.0   1469.0
110       4489.0   1609.5
Current: [3, 5, 8, 12, 14, 22, 25, 27, 29, 34, 37, 38, 39, 42, 44, 47, 53, 54, 59, 62, 64, 66, 68, 74, 76, 83, 89, 98, 101, 106, 109, 114, 121, 125, 128, 136, 143, 147, 152, 159, 161, 162, 163, 165, 170, 172, 179, 180, 182, 183, 184, 188, 195, 203, 204, 208, 218, 219, 223, 224, 225, 227, 238, 247, 260, 278, 285, 287, 289, 299, 302, 306, 313, 322, 324, 330, 336, 345, 349, 352, 355, 367, 368, 369, 370, 371, 374, 375, 379, 381, 388, 390, 391, 393, 394, 395, 397, 398, 399, 401, 409, 413, 415, 417, 418, 430, 437, 444, 449, 451, 454, 455, 457, 459, 469, 472, 474, 475, 476, 477, 480, 483, 487, 492, 501, 502, 504, 509]
Subround 2
         Timestamp  TS First Frame  TS Prev Frame
Offset                                           
195     25101568.0      47931451.0      1026828.0
483     24674304.0      47813935.0       972819.0
272     24653568.0      47451493.0       969594.0
29      24570112.0      47926652.0       966506.0
174     24767744.0      48062959.0       957126.0
96      24623872.0      47649173.0       946038.0
132     24514048.0      47322727.0       939051.0
346     24590336.0      47210519.0       938241.0
186     24870912.0      48438646.0       936511.0
5       24942592.0      48464626.0       936097.0
26      24781312.0      47942981.0       931684.0
255     24921600.0      48336359.0       926480.0
97      24950016.0      48478330.0       926016.0
313     25215744.0      48898898.0       921853.0
207     24579328.0      47612583.0       918747.0
63      24627968.0      47588728.0       907340.0
74      24512768.0      47435956.0       906934.0
61      24361984.0      47381446.0       904645.0
210     24681216.0      48079280.0       896031.0
422     25318144.0      48948495.0       894352.0
              Server1       Server2
Offset                             
14      180764.000000  51785.666667
115      15486.666667   4651.000000
462      10026.000000   3099.666667
418       8610.666667   2586.000000
255       5394.000000  22726.000000
217       5042.000000   1693.000000
313       4766.000000   1611.000000
481       4758.666667   1567.666667
203       4737.333333   1659.333333
477       4726.000000   1573.000000
427       4648.000000   1591.333333
68        4629.333333   1816.333333
210       4619.333333   1589.333333
237       4604.666667   1599.666667
108       4596.000000   1572.666667
335       4592.666667   1514.666667
254       4526.000000   1534.000000
21        4524.666667   1528.000000
393       4517.333333   1568.666667
342       4508.666667   1574.000000
Current: [8, 12, 14, 22, 27, 29, 34, 38, 42, 44, 47, 64, 74, 76, 89, 101, 106, 121, 136, 143, 159, 172, 183, 184, 188, 204, 218, 224, 227, 247, 278, 287, 289, 313, 330, 336, 352, 367, 370, 374, 379, 381, 394, 401, 409, 417, 430, 451, 454, 455, 457, 469, 475, 477, 480, 483, 487, 492, 502]
Subround 3
         Timestamp  TS First Frame  TS Prev Frame
Offset                                           
352     24628992.0      48018935.0       887806.0
20      24558592.0      48044776.0       854192.0
6       24460032.0      47705681.0       792280.0
195     24544896.0      47651019.5       777892.0
63      24365440.0      47435933.0       750298.5
178     24479488.0      48040758.5       736065.0
507     24347520.0      47595720.0       725956.5
128     25138176.0      48812105.0       724637.0
174     24522368.0      47773558.5       720680.5
26      24364288.0      47505102.0       710695.0
273     24372352.0      47672802.5       705316.0
24      24177920.0      47126303.0       705020.0
32      24158080.0      47193483.5       696476.0
125     24463744.0      47873284.5       690809.5
313     24670592.0      48092270.5       684494.0
106     24189312.0      47302708.5       682921.5
29      24300160.0      47580517.0       679581.5
132     24791040.0      48121832.0       676480.5
46      24318848.0      47367176.0       674336.0
105     24630528.0      48025725.5       668787.0
         Server1   Server2
Offset                    
14      281440.0  80676.75
115      13100.0   4020.00
462       8527.5   2704.25
418       7781.0   2403.25
437       7590.0   2351.00
260       5277.5   1758.00
66        4738.5   1615.50
255       4500.5  17192.00
325       4414.5   1518.50
217       4294.0   1442.25
89        4192.5   1409.25
393       4190.5   1435.00
249       4165.0   1382.00
203       4145.0   1438.50
313       4110.0   1386.00
477       4109.0   1375.25
427       4065.5   1392.50
481       4047.0   1340.00
283       4043.5   1363.00
82        4038.0   1403.25
Current: [0, 5, 8, 10, 12, 14, 18, 22, 26, 27, 29, 31, 32, 34, 38, 42, 44, 46, 47, 53, 54, 55, 57, 64, 68, 70, 72, 74, 76, 77, 80, 89, 90, 92, 93, 96, 97, 101, 106, 109, 115, 117, 121, 125, 129, 136, 143, 145, 147, 159, 163, 166, 170, 172, 174, 177, 182, 183, 184, 187, 188, 190, 196, 201, 203, 204, 208, 213, 214, 218, 219, 223, 224, 225, 227, 230, 231, 238, 245, 247, 260, 262, 276, 278, 279, 283, 287, 289, 299, 302, 306, 310, 313, 315, 322, 324, 325, 330, 336, 345, 348, 351, 360, 367, 368, 369, 370, 371, 372, 374, 379, 381, 388, 390, 393, 394, 395, 399, 401, 408, 409, 417, 418, 430, 432, 437, 449, 451, 452, 454, 455, 457, 462, 464, 469, 472, 474, 475, 477, 480, 483, 484, 487, 489, 492, 494, 497, 501, 502, 504]
Subround 4
         Timestamp  TS First Frame  TS Prev Frame
Offset                                           
174     24767744.0      48062959.0       957126.0
346     24586752.0      47635575.0       925369.0
74      24512768.0      47798471.0       906934.0
61      24438272.0      47731749.0       904645.0
132     24514048.0      47322727.0       900482.0
422     25128704.0      48654066.0       894352.0
298     24787968.0      47971249.0       894260.0
111     24715264.0      48061477.0       891011.0
120     25035776.0      48723330.0       890507.0
237     24595456.0      47564201.0       880132.0
274     24427776.0      47582774.0       876519.0
335     24336640.0      47446737.0       872459.0
370     25078016.0      48899301.0       870604.0
13      24258304.0      47309655.0       862705.0
504     24418560.0      47420549.0       861213.0
393     24502528.0      47758329.0       858939.0
207     24579328.0      47709042.0       858689.0
469     24617472.0      47631064.0       851164.0
323     24390656.0      47692426.0       843720.0
99      24941824.0      48458845.0       837501.0
         Server1  Server2
Offset                   
14      262121.6  75150.2
115      10915.2   3360.8
462       7354.4   2346.4
437       6960.8   2185.0
418       6656.4   2065.6
260       4674.4   1552.6
373       4538.4   1517.6
393       4377.6   1492.0
68        4293.2   1615.8
66        4208.0   1433.0
381       4203.2   1436.4
207       4158.8   1444.2
91        4153.2   1414.2
368       4132.0   1429.0
325       4128.4   1416.6
352       4112.4   1398.2
237       4112.0   1457.4
335       4087.2   1380.6
274       4084.4   1406.0
177       4068.4   1411.8
Current: [0, 5, 6, 8, 12, 14, 18, 27, 29, 34, 42, 47, 53, 64, 68, 70, 72, 74, 76, 77, 89, 90, 92, 93, 97, 101, 125, 136, 145, 159, 163, 166, 172, 174, 182, 183, 187, 190, 196, 201, 203, 204, 208, 213, 218, 224, 225, 230, 238, 245, 260, 276, 279, 283, 287, 289, 306, 310, 313, 322, 324, 325, 330, 336, 345, 351, 352, 367, 368, 369, 370, 371, 372, 374, 381, 390, 393, 394, 395, 401, 409, 417, 418, 430, 451, 455, 464, 469, 472, 475, 477, 480, 483, 484, 489, 492, 502, 504]
Subround 5
         Timestamp  TS First Frame  TS Prev Frame
Offset                                           
352     24628992.0      48018935.0       887806.0
20      24558592.0      48044776.0       854192.0
6       24460032.0      47705681.0       792280.0
128     25006592.0      48609885.0       724637.0
174     24522368.0      47773558.5       720680.5
74      24427904.0      47617213.5       714017.5
254     24351488.0      47601413.5       706009.5
346     24397056.0      47423047.0       704714.0
249     24213120.0      47459430.0       699116.0
325     24253312.0      47295020.5       689211.5
24      24160512.0      47126083.5       684403.0
125     24463744.0      47873284.5       677616.5
298     24425088.0      47585559.0       672761.0
422     24894336.0      48449297.0       672600.0
67      24449920.0      47712444.0       666588.5
96      24631808.0      47804424.5       665229.0
132     24479616.0      47566420.5       659245.0
111     24414720.0      47775523.5       655236.0
283     24159232.0      47223193.5       654366.0
106     24310016.0      47650862.0       653444.5
              Server1       Server2
Offset                             
14      313185.000000  89826.666667
115       9410.666667   2907.333333
418       6587.333333   2067.833333
462       6421.333333   2055.666667
437       6151.666667   1939.666667
260       4387.666667   1450.166667
393       4141.000000   1401.333333
66        4134.000000   1388.666667
381       4088.333333   1382.333333
68        4082.000000   1502.166667
396       4059.666667   1390.166667
373       4059.000000   1361.500000
283       4047.000000   1353.000000
325       4046.666667   1379.833333
352       3954.666667   1329.166667
43        3937.666667   1337.500000
34        3927.666667   1302.333333
249       3916.000000   1319.166667
293       3912.666667   1326.333333
212       3903.666667   1304.333333
Current: [5, 6, 12, 14, 42, 47, 64, 70, 74, 76, 77, 89, 90, 97, 101, 125, 136, 145, 159, 172, 174, 183, 196, 204, 208, 218, 276, 283, 287, 289, 310, 322, 367, 369, 370, 374, 381, 393, 395, 401, 409, 417, 430, 451, 455, 464, 469, 472, 475, 483, 484, 489, 492, 502, 504]
Subround 6
         Timestamp  TS First Frame  TS Prev Frame
Offset                                           
472     24218368.0      47489503.0       799525.0
511     24432128.0      47537136.0       798869.0
402     24504320.0      47766899.0       777358.0
43      24413440.0      47228860.0       744798.0
52      24617472.0      48037226.0       742511.0
110     24606208.0      47506994.0       740968.0
24      24100864.0      47080448.0       733536.0
333     24346112.0      47426914.0       728151.0
208     24581376.0      47800509.0       725920.0
362     24263936.0      47450662.0       712496.0
438     24632320.0      48479732.0       712399.0
200     24672000.0      47985175.0       708118.0
325     24471296.0      47394040.0       702567.0
249     24366592.0      47440042.0       702009.0
172     24413952.0      47877240.0       694736.0
417     24550656.0      48083388.0       692828.0
47      24255744.0      47532376.0       690308.0
267     24484096.0      47573263.0       684818.0
236     24219392.0      47339084.0       681157.0
116     24408576.0      48135368.0       679161.0
              Server1       Server2
Offset                             
14      295794.571429  84833.285714
115       8758.000000   2725.000000
437       6249.714286   1973.714286
462       6219.428571   2025.428571
418       5949.142857   1874.571429
447       5238.285714   1716.857143
260       4546.571429   1523.428571
325       4337.714286   1470.285714
283       4271.428571   1419.428571
54        4217.714286   1372.000000
66        4190.857143   1426.428571
91        4142.571429   1392.857143
43        4136.000000   1418.714286
249       4096.000000   1392.285714
239       4089.428571   1358.571429
393       3995.142857   1341.428571
32        3976.857143   1331.000000
293       3952.000000   1361.714286
403       3938.857143   1341.000000
206       3904.857143   1318.714286
Current: [5, 12, 13, 14, 17, 22, 25, 29, 30, 32, 34, 40, 42, 47, 51, 54, 57, 60, 64, 70, 72, 74, 76, 77, 83, 89, 90, 92, 96, 97, 101, 103, 125, 126, 129, 134, 136, 144, 145, 147, 159, 172, 174, 183, 187, 190, 194, 196, 199, 203, 204, 205, 208, 214, 217, 218, 230, 231, 269, 276, 283, 285, 287, 289, 308, 310, 313, 322, 324, 325, 330, 333, 336, 367, 369, 370, 374, 381, 388, 391, 393, 395, 401, 409, 417, 418, 430, 445, 451, 452, 455, 457, 460, 462, 464, 469, 472, 474, 475, 477, 480, 483, 484, 487, 489, 492, 497, 502, 504]
Subround 7
         Timestamp  TS First Frame  TS Prev Frame
Offset                                           
346     24588544.0      47769247.0       704714.0
249     24213120.0      47225246.0       699116.0
188     24696576.0      48046611.0       698599.5
325     24258560.0      47295020.5       689211.5
74      24427904.0      47617213.5       687653.5
60      24600192.0      47709351.5       653129.5
224     24157952.0      47419742.0       647731.0
99      24517888.0      47658921.5       644137.0
203     24316800.0      47644503.5       639462.0
273     24372352.0      47672802.5       635562.0
207     24634112.0      47807226.5       635417.0
274     24133376.0      47281088.0       630362.0
324     24070400.0      47187903.0       630196.5
45      24275456.0      47225520.0       629817.0
254     24266496.0      47601413.5       627432.5
370     24571392.0      48226965.5       625571.5
199     24664192.0      48103941.5       624615.5
13      24288512.0      47403744.0       623913.5
63      24341120.0      47558872.0       622765.0
422     24894336.0      48576732.0       622612.0
          Server1    Server2
Offset                      
14      292869.25  83989.000
511       8409.00   2573.375
115       7887.00   2464.625
437       5735.00   1816.375
462       5672.25   1847.125
418       5424.75   1714.750
405       4882.25   1621.625
447       4815.25   1581.375
260       4295.50   1436.625
325       4235.75   1421.750
54        4219.00   1398.625
477       4151.00   1392.750
396       4140.00   1406.875
66        4114.75   1389.750
91        4075.00   1361.750
203       4051.75   1371.000
283       4009.00   1327.875
155       3997.75   1334.000
212       3954.25   1320.125
274       3899.00   1321.750
Current: [5, 6, 14, 22, 30, 32, 42, 47, 51, 54, 64, 70, 72, 74, 76, 77, 89, 92, 97, 101, 125, 134, 136, 144, 145, 159, 172, 174, 183, 187, 196, 204, 208, 214, 217, 230, 231, 283, 285, 289, 313, 322, 325, 333, 336, 367, 369, 370, 388, 391, 393, 401, 409, 430, 452, 455, 469, 472, 474, 475, 480, 483, 484, 489, 492, 497, 502, 504]
Subround 8
         Timestamp  TS First Frame  TS Prev Frame
Offset                                           
393     24383232.0      47495850.0       757542.0
52      24617472.0      48037226.0       742511.0
110     24606208.0      47506994.0       740968.0
208     24449536.0      47645772.0       725920.0
184     24711680.0      48423211.0       721337.0
224     24192768.0      47430182.0       716424.0
362     24263936.0      47450662.0       712496.0
200     24672000.0      47985175.0       708118.0
325     24471296.0      47394040.0       702567.0
323     24390656.0      47692426.0       697608.0
249     24366592.0      47440042.0       696223.0
172     24571648.0      47877240.0       694736.0
47      24255744.0      47532376.0       690308.0
267     24484096.0      47573263.0       684818.0
236     24219392.0      47339084.0       681157.0
439     24232704.0      47387365.0       674596.0
177     24723456.0      48097879.0       663901.0
303     24207360.0      47411007.0       662340.0
352     24378112.0      47858372.0       659211.0
403     24373248.0      47468305.0       657035.0
              Server1       Server2
Offset                             
14      278527.111111  79882.777778
511       7686.444444   2358.222222
115       7274.888889   2278.222222
437       5661.555556   1821.222222
462       5563.777778   1825.666667
418       5067.777778   1607.666667
405       5021.111111   1667.222222
447       4558.666667   1496.777778
325       4351.777778   1483.666667
54        4300.666667   1451.666667
260       4261.333333   1439.000000
66        4203.555556   1444.333333
91        4071.111111   1363.555556
203       4062.222222   1362.888889
239       4061.555556   1347.666667
43        4024.000000   1395.777778
477       3985.777778   1336.888889
249       3965.111111   1366.222222
284       3941.555556   1297.111111
393       3937.333333   1345.777778
Current: [5, 14, 22, 30, 32, 47, 51, 54, 64, 70, 72, 74, 76, 89, 92, 101, 125, 136, 144, 145, 172, 183, 187, 217, 230, 231, 285, 289, 322, 325, 336, 367, 369, 370, 391, 393, 401, 409, 430, 452, 455, 469, 472, 474, 475, 480, 484, 502]
Subround 9
         Timestamp  TS First Frame  TS Prev Frame
Offset                                           
6       24460032.0      47705681.0       792280.0
128     24391168.0      47748036.0       724637.0
249     24292864.0      47458117.0       692998.0
325     24474624.0      47399019.0       689211.5
203     24301824.0      47572551.5       639462.0
224     24175360.0      47435827.5       637997.0
178     24420096.0      47845875.0       637065.0
45      24275456.0      47225520.0       629817.0
199     24664192.0      48103941.5       624615.5
13      24288512.0      47403744.0       623913.5
422     24701568.0      48371963.0       622612.0
184     24645120.0      48316499.0       619700.0
274     24329216.0      47365304.0       619267.0
60      24262272.0      47274770.5       617084.5
207     24478592.0      47660812.5       615825.0
200     24711424.0      48083268.0       612242.5
29      24257536.0      47430457.5       609171.0
69      24676480.0      48137229.0       606028.0
346     24588544.0      47935584.5       597320.0
475     24147968.0      47284894.0       594995.0
         Server1  Server2
Offset                   
14      300557.8  86190.5
84       17451.8   5187.3
511       7176.8   2221.7
115       6839.4   2146.5
437       5323.0   1711.7
462       5180.8   1698.9
418       5131.8   1647.2
405       4732.2   1572.8
447       4276.6   1403.7
203       4193.8   1427.2
54        4169.6   1402.2
325       4097.4   1397.0
477       4037.4   1356.7
260       4013.4   1355.8
396       4000.8   1377.4
66        3999.6   1371.7
91        3966.6   1325.0
219       3965.4   1311.8
212       3961.6   1318.0
28        3899.0   1344.3
Current: [5, 8, 14, 22, 27, 29, 30, 32, 42, 47, 51, 54, 57, 64, 67, 70, 72, 74, 76, 89, 92, 97, 98, 100, 101, 125, 126, 134, 136, 144, 145, 147, 172, 178, 181, 183, 187, 196, 199, 201, 203, 204, 208, 214, 217, 224, 230, 231, 238, 263, 267, 280, 283, 285, 289, 290, 310, 322, 325, 333, 336, 367, 368, 369, 370, 381, 391, 393, 395, 401, 409, 430, 452, 454, 455, 464, 469, 472, 474, 475, 480, 484, 489, 492, 502, 504]
Subround 10
         Timestamp  TS First Frame  TS Prev Frame
Offset                                           
110     24606208.0      47515148.0       740968.0
492     24388608.0      47619984.0       694876.0
47      24255744.0      47532376.0       690308.0
249     24219136.0      47440042.0       689773.0
267     24484096.0      47573263.0       684818.0
325     24471296.0      47394040.0       675856.0
177     24723456.0      48097879.0       663901.0
303     24207360.0      47411007.0       662340.0
232     24520448.0      47666975.0       646257.0
45      24330880.0      47327445.0       643436.5
319     24149760.0      47452854.0       633355.0
202     24489728.0      47941579.0       632514.0
25      24332544.0      47480523.0       632425.0
203     24112896.0      47242495.0       630466.0
405     24675840.0      47654622.0       628429.0
32      24304640.0      47310265.0       624808.0
178     24444928.0      47942321.0       620615.0
233     24202240.0      47257603.0       613508.0
228     24258304.0      47513867.0       610624.0
60      24372480.0      47396861.0       607089.0
              Server1       Server2
Offset                             
14      295811.090909  84827.545455
84       16041.454545   4772.181818
396       9313.454545   2900.545455
115       6693.454545   2120.363636
511       6670.545455   2068.636364
437       5235.818182   1702.000000
462       5200.909091   1706.000000
418       4861.454545   1560.363636
405       4824.181818   1602.090909
447       4291.636364   1423.636364
91        4174.727273   1394.272727
54        4152.727273   1410.272727
32        4146.727273   1405.272727
203       4092.545455   1388.181818
260       4076.181818   1377.545455
66        4060.727273   1401.272727
379       3934.363636   1314.454545
325       3914.909091   1334.545455
212       3872.727273   1286.181818
233       3871.636364   1336.090909
Current: [5, 14, 22, 29, 30, 32, 42, 47, 51, 57, 64, 67, 70, 72, 74, 76, 89, 92, 97, 101, 125, 126, 136, 172, 178, 181, 187, 196, 203, 204, 208, 214, 217, 224, 230, 231, 238, 267, 280, 285, 289, 290, 325, 336, 367, 370, 391, 393, 401, 409, 430, 452, 454, 464, 469, 474, 475, 480, 484, 492, 502, 504]
Subround 11
         Timestamp  TS First Frame  TS Prev Frame
Offset                                           
110     24433536.0      47511071.0       749440.0
267     24633856.0      47818002.5       729939.5
177     24732288.0      48141819.0       716006.5
47      24255744.0      47532376.0       690308.0
303     24214144.0      47465168.5       681797.5
492     24493952.0      47694951.5       667938.0
107     24606848.0      48074021.0       661239.5
256     24529792.0      47542156.0       645102.0
203     24138368.0      47217220.5       639462.0
191     24501504.0      48010947.5       638780.0
224     24175360.0      47435827.5       637997.0
357     24369536.0      47706813.0       637103.5
178     24494080.0      47972252.0       637065.0
232     24354304.0      47602353.5       636865.5
45      24386304.0      47429370.0       629817.0
324     24085376.0      47187903.0       629689.5
91      24457088.0      47997425.5       628929.5
233     24237568.0      47282821.5       625292.0
160     24446592.0      47663903.0       624049.0
333     24222336.0      47333136.0       621564.5
              Server1       Server2
Offset                             
14      293039.500000  84025.583333
84       15052.166667   4493.916667
396       8951.000000   2806.416667
511       6285.500000   1954.250000
115       6272.666667   1990.250000
462       5037.500000   1667.416667
437       5008.000000   1630.333333
418       4733.166667   1521.166667
405       4591.333333   1525.250000
91        4291.166667   1429.250000
203       4167.833333   1426.750000
447       4059.833333   1349.083333
66        4057.166667   1393.833333
177       4020.833333   1389.750000
32        4000.000000   1353.250000
54        3977.333333   1350.583333
212       3937.000000   1319.166667
267       3932.166667   1367.916667
260       3931.833333   1328.916667
284       3926.333333   1301.416667
Current: [5, 14, 30, 32, 47, 57, 64, 67, 70, 74, 76, 89, 92, 97, 101, 136, 178, 187, 203, 208, 214, 217, 224, 230, 231, 280, 285, 325, 336, 401, 430, 452, 454, 464, 474, 475, 492, 502]
Subround 12
         Timestamp  TS First Frame  TS Prev Frame
Offset                                           
120     24696576.0      48241540.0       762723.0
422     24659200.0      48090380.0       744045.0
110     24260864.0      47506994.0       740968.0
274     24390912.0      47486589.0       711176.0
368     24392448.0      47531879.0       708901.0
506     24838400.0      48234232.0       696110.0
138     24705024.0      48040923.0       693631.0
12      24311040.0      47801956.0       691093.0
360     24323584.0      47591920.0       684929.0
267     24484096.0      47573263.0       684818.0
237     24595456.0      47764857.0       674818.0
108     24190208.0      47326719.0       668467.0
221     24465408.0      47978480.0       664959.0
177     24723456.0      48097879.0       663901.0
303     24220928.0      47519330.0       662340.0
475     24214272.0      47403819.0       661680.0
492     24508928.0      47666962.0       656349.0
69      24707328.0      48370269.0       652736.0
199     24527104.0      47860085.0       645470.0
346     24590336.0      48004208.0       644454.0
              Server1       Server2
Offset                             
14      311566.615385  89341.769231
313      19067.846154   5670.923077
84       14286.153846   4289.076923
396       8479.846154   2662.230769
511       6063.692308   1898.230769
115       5943.846154   1889.538462
462       4818.307692   1595.461538
437       4774.000000   1555.846154
418       4708.000000   1528.307692
405       4393.846154   1459.846154
91        4157.076923   1383.307692
203       4085.230769   1393.384615
212       4038.461538   1352.076923
447       3975.692308   1320.384615
187       3965.538462   1324.461538
219       3940.769231   1307.000000
368       3929.384615   1344.230769
384       3928.923077   1320.153846
32        3926.769231   1323.461538
66        3886.769231   1335.692308
Current: [5, 14, 30, 32, 47, 64, 67, 70, 74, 76, 89, 101, 136, 178, 187, 203, 208, 217, 230, 280, 336, 401, 430, 454, 464, 474, 475, 492, 502]
Subround 13
         Timestamp  TS First Frame  TS Prev Frame
Offset                                           
6       24460032.0      47705681.0       736087.0
128     24391168.0      47748036.0       724637.0
492     24448768.0      47643473.0       648674.5
191     24501504.0      48010947.5       638780.0
178     24446720.0      47845875.0       637065.0
177     24584832.0      47679778.0       617499.0
180     24364928.0      48002592.5       604416.0
120     24629120.0      48025901.0       599782.0
422     24645248.0      48035130.0       597446.5
45      24386304.0      47429370.0       596136.0
214     24279808.0      47534209.0       594960.0
138     24652288.0      47865291.5       593937.0
319     24132736.0      47381290.5       593440.0
60      24333824.0      47456180.5       591857.0
207     24292096.0      47434346.5       591071.0
123     24371584.0      47912478.5       589946.5
108     24177024.0      47330021.5       589698.5
235     24384384.0      47545492.5       588941.5
127     24702720.0      48071863.0       588716.0
303     24317568.0      47530026.0       588602.5
              Server1       Server2
Offset                             
14      329039.571429  94340.857143
313      17900.142857   5329.857143
84       13524.428571   4065.571429
396       8025.714286   2522.714286
115       5810.714286   1853.428571
511       5748.285714   1802.642857
462       4842.000000   1617.500000
437       4824.857143   1581.000000
418       4649.285714   1517.428571
405       4389.714286   1469.285714
66        4077.285714   1404.142857
91        4043.428571   1343.571429
260       4013.142857   1361.000000
32        3986.571429   1351.928571
447       3950.714286   1322.642857
281       3947.714286   1346.500000
203       3945.857143   1343.357143
284       3932.857143   1317.071429
212       3906.428571   1308.785714
54        3849.285714   1323.642857
Current: [5, 14, 22, 30, 32, 47, 64, 67, 70, 74, 76, 89, 92, 97, 100, 101, 125, 126, 134, 136, 145, 178, 187, 203, 204, 208, 214, 217, 230, 238, 263, 280, 285, 303, 310, 325, 336, 361, 369, 370, 393, 401, 424, 430, 452, 454, 455, 464, 472, 474, 475, 484, 492, 502, 504]
Subround 14
         Timestamp  TS First Frame  TS Prev Frame
Offset                                           
120     24696576.0      48241540.0       762723.0
422     24659200.0      48090380.0       744045.0
110     24260864.0      47506994.0       740968.0
274     24390912.0      47486589.0       711176.0
368     24392448.0      47531879.0       708901.0
12      24246784.0      47575229.0       691093.0
138     24599552.0      48040923.0       685082.0
360     24323584.0      47591920.0       684929.0
267     24484096.0      47573263.0       684818.0
237     24595456.0      47764857.0       674818.0
177     24705024.0      48097879.0       663901.0
303     24258816.0      47538852.0       662340.0
492     24508928.0      47666962.0       656349.0
69      24645632.0      47904189.0       652736.0
199     24527104.0      47860085.0       645470.0
346     24586752.0      47968250.0       644454.0
235     24444672.0      47572942.0       640827.0
319     24149760.0      47452854.0       633355.0
47      24255744.0      47428697.0       628836.0
405     24675840.0      47654622.0       628429.0
              Server1       Server2
Offset                             
14      321888.933333  92285.733333
313      16912.400000   5040.866667
184      13066.666667   3946.533333
84       12764.400000   3844.466667
396       7784.266667   2455.133333
115       5552.133333   1773.000000
511       5462.933333   1718.400000
437       4809.466667   1580.200000
462       4658.000000   1557.333333
418       4466.933333   1459.533333
405       4400.400000   1481.533333
91        4204.800000   1393.866667
66        3995.733333   1372.066667
368       3920.266667   1347.733333
32        3906.000000   1322.666667
260       3889.600000   1318.666667
203       3867.466667   1316.733333
347       3860.933333   1299.200000
54        3855.466667   1326.800000
212       3851.866667   1286.466667
Current: [5, 14, 22, 30, 32, 47, 64, 67, 74, 76, 89, 97, 100, 101, 125, 134, 136, 145, 178, 187, 203, 208, 214, 217, 230, 238, 280, 303, 369, 393, 401, 452, 454, 474, 475, 492, 502, 504]
Subround 15
         Timestamp  TS First Frame  TS Prev Frame
Offset                                           
6       24268800.0      47590791.0       736087.0
405     24420992.0      47532766.5       662313.0
492     24448768.0      47643473.0       648674.5
128     24278784.0      47672976.0       622613.0
177     24575616.0      47745355.0       617499.0
178     24420096.0      47719162.0       615224.0
397     24453376.0      47578240.0       614611.5
120     24629120.0      48025901.0       599782.0
172     24391936.0      47819776.5       599274.5
422     24645248.0      48035130.0       597446.5
60      24457216.0      47614309.5       597120.0
45      24440576.0      47572525.0       596136.0
319     24132736.0      47381290.5       593440.0
207     24292096.0      47434346.5       591071.0
138     24586752.0      47865291.5       589662.5
131     24578304.0      48021541.5       589560.0
235     24384384.0      47663971.5       588941.5
303     24241024.0      47529091.0       588602.5
110     24415872.0      47511071.0       585231.0
191     24391680.0      47820627.5       584808.5
           Server1      Server2
Offset                         
14      353144.750  101238.3750
313      15992.875    4770.7500
184      12396.375    3748.5000
84       12092.875    3645.0625
396       7572.625    2387.7500
511       5430.250    1721.6875
115       5319.625    1698.7500
437       4664.250    1533.0000
418       4480.750    1468.7500
462       4476.625    1497.3750
405       4423.125    1501.4375
91        4080.250    1353.1875
32        4011.125    1355.5625
281       3891.375    1333.7500
219       3882.625    1291.0000
66        3857.250    1323.9375
368       3827.250    1313.3750
187       3786.250    1264.7500
50        3778.000    1287.7500
260       3777.500    1279.6875
Current: [5, 14, 30, 47, 64, 67, 74, 76, 89, 97, 100, 101, 134, 145, 178, 187, 214, 230, 303, 369, 393, 401, 452, 454, 474, 475, 502]
         Timestamp  TS First Frame  TS Prev Frame
Offset                                           
6       24268800.0      47590791.0       736087.0
405     24420992.0      47532766.5       662313.0
492     24448768.0      47643473.0       648674.5
128     24278784.0      47672976.0       622613.0
177     24575616.0      47745355.0       617499.0
178     24420096.0      47719162.0       615224.0
397     24453376.0      47578240.0       614611.5
120     24629120.0      48025901.0       599782.0
172     24391936.0      47819776.5       599274.5
422     24645248.0      48035130.0       597446.5
60      24457216.0      47614309.5       597120.0
45      24440576.0      47572525.0       596136.0
319     24132736.0      47381290.5       593440.0
207     24292096.0      47434346.5       591071.0
138     24586752.0      47865291.5       589662.5
131     24578304.0      48021541.5       589560.0
235     24384384.0      47663971.5       588941.5
303     24241024.0      47529091.0       588602.5
110     24415872.0      47511071.0       585231.0
191     24391680.0      47820627.5       584808.5
           Server1      Server2
Offset                         
14      353144.750  101238.3750
313      15992.875    4770.7500
184      12396.375    3748.5000
84       12092.875    3645.0625
396       7572.625    2387.7500
511       5430.250    1721.6875
115       5319.625    1698.7500
437       4664.250    1533.0000
418       4480.750    1468.7500
462       4476.625    1497.3750
405       4423.125    1501.4375
91        4080.250    1353.1875
32        4011.125    1355.5625
281       3891.375    1333.7500
219       3882.625    1291.0000
66        3857.250    1323.9375
368       3827.250    1313.3750
187       3786.250    1264.7500
50        3778.000    1287.7500
260       3777.500    1279.6875
New pairs
[[74, 47], [187, 502], [303, 401], [89, 393], [474, 134], [475, 101], [100, 214], [452, 5], [76, 14], [30, 64], [369, 97], [454, 178], [230, 145], [73, 67]]
Round 1
Subround 0
         Timestamp  TS First Frame  TS Prev Frame
Offset                                           
405     24420992.0      47532766.5       662313.0
492     24448768.0      47643473.0       648674.5
47      24255744.0      47428697.0       628836.0
177     24575616.0      47745355.0       617499.0
178     24420096.0      47719162.0       615224.0
397     24453376.0      47578240.0       614611.5
14      24091648.0      47438786.0       599944.5
120     24629120.0      48025901.0       599782.0
172     24391936.0      47819776.5       599274.5
422     24645248.0      48035130.0       597446.5
60      24457216.0      47614309.5       597120.0
45      24440576.0      47572525.0       596136.0
319     24132736.0      47381290.5       593440.0
207     24292096.0      47434346.5       591071.0
138     24586752.0      47865291.5       589662.5
131     24578304.0      48021541.5       589560.0
235     24384384.0      47663971.5       588941.5
110     24415872.0      47511071.0       585231.0
6       24143360.0      47523227.0       585171.5
191     24391680.0      47820627.5       584808.5
              Server1        Server2
Offset                              
14      364074.235294  104378.411765
313      15992.875000    4770.750000
184      12396.375000    3748.500000
84       12092.875000    3645.062500
396       7572.625000    2387.750000
511       5430.250000    1721.687500
115       5319.625000    1698.750000
437       4664.250000    1533.000000
418       4480.750000    1468.750000
462       4476.625000    1497.375000
405       4423.125000    1501.437500
91        4080.250000    1353.187500
32        4011.125000    1355.562500
281       3891.375000    1333.750000
219       3882.625000    1291.000000
66        3857.250000    1323.937500
368       3827.250000    1313.375000
50        3778.000000    1287.750000
260       3777.500000    1279.687500
447       3774.500000    1266.312500
Current: [5, 14, 30, 74, 100, 101, 393, 401, 474, 502]
Subround 1
         Timestamp  TS First Frame  TS Prev Frame
Offset                                           
47      24255744.0      47532376.0       690308.0
405     24420992.0      47532766.5       662313.0
492     24448768.0      47643473.0       648674.5
177     24575616.0      47745355.0       617499.0
397     24453376.0      47578240.0       614611.5
178     24395264.0      47688895.0       609833.0
120     24629120.0      48025901.0       599782.0
172     24391936.0      47819776.5       599274.5
422     24645248.0      48035130.0       597446.5
60      24457216.0      47614309.5       597120.0
45      24440576.0      47572525.0       596136.0
319     24132736.0      47381290.5       593440.0
207     24292096.0      47434346.5       591071.0
138     24586752.0      47865291.5       589662.5
131     24578304.0      48021541.5       589560.0
235     24384384.0      47663971.5       588941.5
303     24241024.0      47529091.0       588602.5
110     24415872.0      47511071.0       585231.0
6       24143360.0      47523227.0       585171.5
191     24391680.0      47820627.5       584808.5
              Server1        Server2
Offset                              
14      358159.111111  102677.277778
313      15992.875000    4770.750000
184      12396.375000    3748.500000
84       12092.875000    3645.062500
396       7572.625000    2387.750000
511       5430.250000    1721.687500
115       5319.625000    1698.750000
437       4664.250000    1533.000000
418       4480.750000    1468.750000
462       4476.625000    1497.375000
405       4423.125000    1501.437500
91        4080.250000    1353.187500
32        4011.125000    1355.562500
281       3891.375000    1333.750000
219       3882.625000    1291.000000
66        3857.250000    1323.937500
368       3827.250000    1313.375000
187       3794.111111    1270.833333
50        3778.000000    1287.750000
260       3777.500000    1279.687500
Current: [5, 14, 73, 74, 97, 100, 101, 230, 454, 474]
Subround 2
         Timestamp  TS First Frame  TS Prev Frame
Offset                                           
303     24258816.0      47538852.0       662340.0
405     24420992.0      47532766.5       662313.0
492     24448768.0      47643473.0       648674.5
47      24300032.0      47576126.5       628836.0
177     24575616.0      47745355.0       617499.0
178     24420096.0      47719162.0       615224.0
397     24453376.0      47578240.0       614611.5
120     24629120.0      48025901.0       599782.0
172     24391936.0      47819776.5       599274.5
422     24645248.0      48035130.0       597446.5
60      24457216.0      47614309.5       597120.0
45      24440576.0      47572525.0       596136.0
319     24132736.0      47381290.5       593440.0
207     24292096.0      47434346.5       591071.0
138     24586752.0      47865291.5       589662.5
131     24578304.0      48021541.5       589560.0
235     24384384.0      47663971.5       588941.5
110     24415872.0      47511071.0       585231.0
6       24143360.0      47523227.0       585171.5
191     24391680.0      47820627.5       584808.5
              Server1        Server2
Offset                              
14      350359.578947  100441.000000
313      15992.875000    4770.750000
184      12396.375000    3748.500000
84       12092.875000    3645.062500
396       7572.625000    2387.750000
511       5430.250000    1721.687500
115       5319.625000    1698.750000
437       4664.250000    1533.000000
418       4480.750000    1468.750000
462       4476.625000    1497.375000
405       4423.125000    1501.437500
91        4080.250000    1353.187500
32        4011.125000    1355.562500
281       3891.375000    1333.750000
219       3882.625000    1291.000000
187       3865.473684    1300.157895
66        3857.250000    1323.937500
368       3827.250000    1313.375000
178       3803.368421    1322.578947
50        3778.000000    1287.750000
Current: [14, 73, 74, 97, 474]
Subround 3
         Timestamp  TS First Frame  TS Prev Frame
Offset                                           
405     24420992.0      47532766.5       662313.0
303     24336512.0      47539787.0       659439.0
492     24448768.0      47643473.0       648674.5
178     24397824.0      47688895.0       620615.0
177     24575616.0      47745355.0       617499.0
397     24453376.0      47578240.0       614611.5
454     24200192.0      47320163.0       609838.0
120     24629120.0      48025901.0       599782.0
172     24391936.0      47819776.5       599274.5
422     24645248.0      48035130.0       597446.5
60      24457216.0      47614309.5       597120.0
45      24440576.0      47572525.0       596136.0
319     24132736.0      47381290.5       593440.0
207     24292096.0      47434346.5       591071.0
138     24586752.0      47865291.5       589662.5
131     24578304.0      48021541.5       589560.0
235     24384384.0      47663971.5       588941.5
110     24415872.0      47511071.0       585231.0
6       24143360.0      47523227.0       585171.5
191     24391680.0      47820627.5       584808.5
           Server1     Server2
Offset                        
14      342701.400  98249.5000
313      15992.875   4770.7500
184      12396.375   3748.5000
84       12092.875   3645.0625
396       7572.625   2387.7500
511       5430.250   1721.6875
115       5319.625   1698.7500
437       4664.250   1533.0000
418       4480.750   1468.7500
462       4476.625   1497.3750
405       4423.125   1501.4375
91        4080.250   1353.1875
32        4011.125   1355.5625
281       3891.375   1333.7500
219       3882.625   1291.0000
66        3857.250   1323.9375
368       3827.250   1313.3750
187       3784.800   1272.8500
50        3778.000   1287.7500
260       3777.500   1279.6875
Current: [14, 73, 74, 100, 101, 393, 474, 502]
Subround 4
         Timestamp  TS First Frame  TS Prev Frame
Offset                                           
405     24420992.0      47532766.5       662313.0
303     24403712.0      47540722.0       656538.0
492     24448768.0      47643473.0       648674.5
177     24575616.0      47745355.0       617499.0
397     24453376.0      47578240.0       614611.5
178     24395264.0      47569941.0       609833.0
120     24629120.0      48025901.0       599782.0
172     24391936.0      47819776.5       599274.5
422     24645248.0      48035130.0       597446.5
60      24457216.0      47614309.5       597120.0
45      24440576.0      47572525.0       596136.0
319     24132736.0      47381290.5       593440.0
207     24292096.0      47434346.5       591071.0
138     24586752.0      47865291.5       589662.5
131     24578304.0      48021541.5       589560.0
235     24384384.0      47663971.5       588941.5
110     24415872.0      47511071.0       585231.0
6       24143360.0      47523227.0       585171.5
191     24391680.0      47820627.5       584808.5
32      24330880.0      47387685.5       583765.5
              Server1       Server2
Offset                             
14      335819.904762  96275.809524
313      15992.875000   4770.750000
184      12396.375000   3748.500000
84       12092.875000   3645.062500
396       7572.625000   2387.750000
511       5430.250000   1721.687500
115       5319.625000   1698.750000
437       4664.250000   1533.000000
418       4480.750000   1468.750000
462       4476.625000   1497.375000
405       4423.125000   1501.437500
91        4080.250000   1353.187500
32        4011.125000   1355.562500
281       3891.375000   1333.750000
219       3882.625000   1291.000000
66        3857.250000   1323.937500
368       3827.250000   1313.375000
50        3778.000000   1287.750000
260       3777.500000   1279.687500
447       3774.500000   1266.312500
Current: [14, 73, 100, 393, 454, 474]
Subround 5
         Timestamp  TS First Frame  TS Prev Frame
Offset                                           
405     24420992.0      47532766.5       662313.0
492     24448768.0      47643473.0       648674.5
177     24575616.0      47745355.0       617499.0
397     24453376.0      47578240.0       614611.5
120     24629120.0      48025901.0       599782.0
178     24353024.0      47536797.0       599668.0
172     24391936.0      47819776.5       599274.5
422     24645248.0      48035130.0       597446.5
60      24457216.0      47614309.5       597120.0
45      24440576.0      47572525.0       596136.0
475     24235008.0      47640628.5       594995.0
319     24132736.0      47381290.5       593440.0
207     24292096.0      47434346.5       591071.0
138     24586752.0      47865291.5       589662.5
131     24578304.0      48021541.5       589560.0
235     24384384.0      47663971.5       588941.5
303     24331264.0      47539787.0       585701.5
110     24415872.0      47511071.0       585231.0
6       24143360.0      47523227.0       585171.5
191     24391680.0      47820627.5       584808.5
              Server1        Server2
Offset                              
14      350360.363636  100445.045455
313      15992.875000    4770.750000
184      12396.375000    3748.500000
84       12092.875000    3645.062500
396       7572.625000    2387.750000
511       5430.250000    1721.687500
115       5319.625000    1698.750000
437       4664.250000    1533.000000
418       4480.750000    1468.750000
462       4476.625000    1497.375000
405       4423.125000    1501.437500
91        4080.250000    1353.187500
32        4011.125000    1355.562500
281       3891.375000    1333.750000
219       3882.625000    1291.000000
66        3857.250000    1323.937500
368       3827.250000    1313.375000
50        3778.000000    1287.750000
260       3777.500000    1279.687500
447       3774.500000    1266.312500
Current: [14, 393, 474]
Subround 6
         Timestamp  TS First Frame  TS Prev Frame
Offset                                           
405     24420992.0      47532766.5       662313.0
492     24448768.0      47643473.0       648674.5
177     24575616.0      47745355.0       617499.0
397     24453376.0      47578240.0       614611.5
120     24629120.0      48025901.0       599782.0
178     24353024.0      47536797.0       599668.0
172     24391936.0      47819776.5       599274.5
422     24645248.0      48035130.0       597446.5
60      24457216.0      47614309.5       597120.0
45      24440576.0      47572525.0       596136.0
319     24132736.0      47381290.5       593440.0
207     24292096.0      47434346.5       591071.0
138     24586752.0      47865291.5       589662.5
131     24578304.0      48021541.5       589560.0
235     24384384.0      47663971.5       588941.5
110     24415872.0      47511071.0       585231.0
6       24143360.0      47523227.0       585171.5
191     24391680.0      47820627.5       584808.5
32      24330880.0      47387685.5       583765.5
267     24390912.0      47459884.5       576670.0
              Server1        Server2
Offset                              
14      359420.086957  103045.652174
313      15992.875000    4770.750000
184      12396.375000    3748.500000
84       12092.875000    3645.062500
396       7572.625000    2387.750000
511       5430.250000    1721.687500
115       5319.625000    1698.750000
437       4664.250000    1533.000000
418       4480.750000    1468.750000
462       4476.625000    1497.375000
405       4423.125000    1501.437500
91        4080.250000    1353.187500
32        4011.125000    1355.562500
281       3891.375000    1333.750000
219       3882.625000    1291.000000
66        3857.250000    1323.937500
368       3827.250000    1313.375000
50        3778.000000    1287.750000
260       3777.500000    1279.687500
447       3774.500000    1266.312500
Current: [14, 74, 100, 393, 474]
Subround 7
         Timestamp  TS First Frame  TS Prev Frame
Offset                                           
405     24420992.0      47532766.5       662313.0
492     24448768.0      47643473.0       648674.5
177     24575616.0      47745355.0       617499.0
397     24453376.0      47578240.0       614611.5
303     24336640.0      47539787.0       606346.5
120     24629120.0      48025901.0       599782.0
172     24391936.0      47819776.5       599274.5
422     24645248.0      48035130.0       597446.5
60      24457216.0      47614309.5       597120.0
45      24440576.0      47572525.0       596136.0
319     24132736.0      47381290.5       593440.0
207     24292096.0      47434346.5       591071.0
138     24586752.0      47865291.5       589662.5
131     24578304.0      48021541.5       589560.0
178     24310784.0      47503653.0       589503.0
235     24384384.0      47663971.5       588941.5
110     24415872.0      47511071.0       585231.0
6       24143360.0      47523227.0       585171.5
191     24391680.0      47820627.5       584808.5
32      24330880.0      47387685.5       583765.5
           Server1        Server2
Offset                           
14      367785.000  105446.041667
313      15992.875    4770.750000
184      12396.375    3748.500000
84       12092.875    3645.062500
396       7572.625    2387.750000
511       5430.250    1721.687500
115       5319.625    1698.750000
437       4664.250    1533.000000
418       4480.750    1468.750000
462       4476.625    1497.375000
405       4423.125    1501.437500
91        4080.250    1353.187500
32        4011.125    1355.562500
281       3891.375    1333.750000
219       3882.625    1291.000000
66        3857.250    1323.937500
368       3827.250    1313.375000
50        3778.000    1287.750000
260       3777.500    1279.687500
447       3774.500    1266.312500
Current: [14, 73, 100, 393]
Subround 8
         Timestamp  TS First Frame  TS Prev Frame
Offset                                           
405     24420992.0      47532766.5       662313.0
303     24389632.0      47540722.0       656538.0
492     24448768.0      47643473.0       648674.5
177     24575616.0      47745355.0       617499.0
397     24453376.0      47578240.0       614611.5
120     24629120.0      48025901.0       599782.0
178     24335744.0      47536797.0       599668.0
172     24391936.0      47819776.5       599274.5
422     24645248.0      48035130.0       597446.5
60      24457216.0      47614309.5       597120.0
45      24440576.0      47572525.0       596136.0
319     24132736.0      47381290.5       593440.0
207     24292096.0      47434346.5       591071.0
138     24586752.0      47865291.5       589662.5
131     24578304.0      48021541.5       589560.0
235     24384384.0      47663971.5       588941.5
110     24415872.0      47511071.0       585231.0
6       24143360.0      47523227.0       585171.5
191     24391680.0      47820627.5       584808.5
32      24330880.0      47387685.5       583765.5
           Server1      Server2
Offset                         
14      359829.440  103165.3200
313      15992.875    4770.7500
184      12396.375    3748.5000
84       12092.875    3645.0625
396       7572.625    2387.7500
511       5430.250    1721.6875
115       5319.625    1698.7500
437       4664.250    1533.0000
418       4480.750    1468.7500
462       4476.625    1497.3750
405       4423.125    1501.4375
91        4080.250    1353.1875
32        4011.125    1355.5625
281       3891.375    1333.7500
219       3882.625    1291.0000
66        3857.250    1323.9375
368       3827.250    1313.3750
187       3804.480    1293.0000
50        3778.000    1287.7500
260       3777.500    1279.6875
Current: [14, 100, 393]
Subround 9
         Timestamp  TS First Frame  TS Prev Frame
Offset                                           
405     24420992.0      47532766.5       662313.0
303     24396672.0      47547392.0       659439.0
492     24448768.0      47643473.0       648674.5
177     24575616.0      47745355.0       617499.0
397     24453376.0      47578240.0       614611.5
178     24360704.0      47569941.0       609833.0
120     24629120.0      48025901.0       599782.0
172     24391936.0      47819776.5       599274.5
422     24645248.0      48035130.0       597446.5
60      24457216.0      47614309.5       597120.0
45      24440576.0      47572525.0       596136.0
319     24132736.0      47381290.5       593440.0
207     24292096.0      47434346.5       591071.0
138     24586752.0      47865291.5       589662.5
131     24578304.0      48021541.5       589560.0
235     24384384.0      47663971.5       588941.5
110     24415872.0      47511071.0       585231.0
6       24143360.0      47523227.0       585171.5
191     24391680.0      47820627.5       584808.5
32      24330880.0      47387685.5       583765.5
              Server1        Server2
Offset                              
14      353182.846154  101262.153846
313      15992.875000    4770.750000
184      12396.375000    3748.500000
84       12092.875000    3645.062500
396       7572.625000    2387.750000
511       5430.250000    1721.687500
115       5319.625000    1698.750000
437       4664.250000    1533.000000
418       4480.750000    1468.750000
462       4476.625000    1497.375000
405       4423.125000    1501.437500
91        4080.250000    1353.187500
32        4011.125000    1355.562500
281       3891.375000    1333.750000
219       3882.625000    1291.000000
66        3857.250000    1323.937500
368       3827.250000    1313.375000
50        3778.000000    1287.750000
260       3777.500000    1279.687500
447       3774.500000    1266.312500
Current: [14, 100, 393]
Subround 10
         Timestamp  TS First Frame  TS Prev Frame
Offset                                           
405     24420992.0      47532766.5       662313.0
303     24389632.0      47540722.0       656538.0
492     24448768.0      47643473.0       648674.5
178     24395264.0      47616927.0       620615.0
177     24575616.0      47745355.0       617499.0
397     24453376.0      47578240.0       614611.5
454     24198400.0      47320163.0       609838.0
120     24629120.0      48025901.0       599782.0
172     24391936.0      47819776.5       599274.5
422     24645248.0      48035130.0       597446.5
60      24457216.0      47614309.5       597120.0
45      24440576.0      47572525.0       596136.0
319     24132736.0      47381290.5       593440.0
207     24292096.0      47434346.5       591071.0
138     24586752.0      47865291.5       589662.5
131     24578304.0      48021541.5       589560.0
235     24384384.0      47663971.5       588941.5
110     24415872.0      47511071.0       585231.0
6       24143360.0      47523227.0       585171.5
191     24391680.0      47820627.5       584808.5
              Server1       Server2
Offset                             
14      346948.222222  99474.481481
313      15992.875000   4770.750000
184      12396.375000   3748.500000
84       12092.875000   3645.062500
396       7572.625000   2387.750000
511       5430.250000   1721.687500
115       5319.625000   1698.750000
437       4664.250000   1533.000000
418       4480.750000   1468.750000
462       4476.625000   1497.375000
405       4423.125000   1501.437500
91        4080.250000   1353.187500
32        4011.125000   1355.562500
281       3891.375000   1333.750000
219       3882.625000   1291.000000
66        3857.250000   1323.937500
368       3827.250000   1313.375000
50        3778.000000   1287.750000
260       3777.500000   1279.687500
447       3774.500000   1266.312500
Current: [14, 100]
Subround 11
         Timestamp  TS First Frame  TS Prev Frame
Offset                                           
405     24420992.0      47532766.5       662313.0
492     24448768.0      47643473.0       648674.5
177     24575616.0      47745355.0       617499.0
178     24377984.0      47593434.0       615224.0
397     24453376.0      47578240.0       614611.5
303     24336640.0      47539787.0       606346.5
120     24629120.0      48025901.0       599782.0
172     24391936.0      47819776.5       599274.5
422     24645248.0      48035130.0       597446.5
60      24457216.0      47614309.5       597120.0
45      24440576.0      47572525.0       596136.0
319     24132736.0      47381290.5       593440.0
207     24292096.0      47434346.5       591071.0
138     24586752.0      47865291.5       589662.5
131     24578304.0      48021541.5       589560.0
235     24384384.0      47663971.5       588941.5
475     24221952.0      47640628.5       587198.0
110     24415872.0      47511071.0       585231.0
6       24143360.0      47523227.0       585171.5
191     24391680.0      47820627.5       584808.5
           Server1       Server2
Offset                          
14      341349.500  97870.142857
313      15992.875   4770.750000
184      12396.375   3748.500000
84       12092.875   3645.062500
396       7572.625   2387.750000
511       5430.250   1721.687500
115       5319.625   1698.750000
437       4664.250   1533.000000
418       4480.750   1468.750000
462       4476.625   1497.375000
405       4423.125   1501.437500
91        4080.250   1353.187500
32        4011.125   1355.562500
281       3891.375   1333.750000
219       3882.625   1291.000000
66        3857.250   1323.937500
368       3827.250   1313.375000
50        3778.000   1287.750000
260       3777.500   1279.687500
447       3774.500   1266.312500
Current: [14, 100]
Subround 12
         Timestamp  TS First Frame  TS Prev Frame
Offset                                           
405     24420992.0      47532766.5       662313.0
492     24448768.0      47643473.0       648674.5
177     24575616.0      47745355.0       617499.0
178     24377984.0      47593434.0       615224.0
397     24453376.0      47578240.0       614611.5
120     24629120.0      48025901.0       599782.0
172     24391936.0      47819776.5       599274.5
422     24645248.0      48035130.0       597446.5
60      24457216.0      47614309.5       597120.0
45      24440576.0      47572525.0       596136.0
319     24132736.0      47381290.5       593440.0
207     24292096.0      47434346.5       591071.0
138     24586752.0      47865291.5       589662.5
131     24578304.0      48021541.5       589560.0
235     24384384.0      47663971.5       588941.5
110     24415872.0      47511071.0       585231.0
6       24143360.0      47523227.0       585171.5
191     24391680.0      47820627.5       584808.5
32      24330880.0      47387685.5       583765.5
267     24390912.0      47459884.5       576670.0
              Server1        Server2
Offset                              
14      348804.896552  100004.172414
313      15992.875000    4770.750000
184      12396.375000    3748.500000
84       12092.875000    3645.062500
396       7572.625000    2387.750000
511       5430.250000    1721.687500
115       5319.625000    1698.750000
437       4664.250000    1533.000000
418       4480.750000    1468.750000
462       4476.625000    1497.375000
405       4423.125000    1501.437500
91        4080.250000    1353.187500
32        4011.125000    1355.562500
281       3891.375000    1333.750000
219       3882.625000    1291.000000
66        3857.250000    1323.937500
368       3827.250000    1313.375000
50        3778.000000    1287.750000
260       3777.500000    1279.687500
447       3774.500000    1266.312500
Current: [14, 100]
Subround 13
         Timestamp  TS First Frame  TS Prev Frame
Offset                                           
405     24420992.0      47532766.5       662313.0
492     24448768.0      47643473.0       648674.5
177     24575616.0      47745355.0       617499.0
397     24453376.0      47578240.0       614611.5
120     24629120.0      48025901.0       599782.0
178     24355456.0      47536797.0       599668.0
172     24391936.0      47819776.5       599274.5
422     24645248.0      48035130.0       597446.5
60      24457216.0      47614309.5       597120.0
45      24440576.0      47572525.0       596136.0
319     24132736.0      47381290.5       593440.0
207     24292096.0      47434346.5       591071.0
138     24586752.0      47865291.5       589662.5
131     24578304.0      48021541.5       589560.0
235     24384384.0      47663971.5       588941.5
110     24415872.0      47511071.0       585231.0
6       24143360.0      47523227.0       585171.5
191     24391680.0      47820627.5       584808.5
32      24330880.0      47387685.5       583765.5
267     24390912.0      47459884.5       576670.0
              Server1        Server2
Offset                              
14      367575.866667  105387.166667
313      15992.875000    4770.750000
184      12396.375000    3748.500000
84       12092.875000    3645.062500
396       7572.625000    2387.750000
511       5430.250000    1721.687500
115       5319.625000    1698.750000
437       4664.250000    1533.000000
418       4480.750000    1468.750000
462       4476.625000    1497.375000
405       4423.125000    1501.437500
91        4080.250000    1353.187500
32        4011.125000    1355.562500
281       3891.375000    1333.750000
219       3882.625000    1291.000000
66        3857.250000    1323.937500
368       3827.250000    1313.375000
50        3778.000000    1287.750000
260       3777.500000    1279.687500
447       3774.500000    1266.312500
Current: [14, 100, 303, 393]
Subround 14
         Timestamp  TS First Frame  TS Prev Frame
Offset                                           
405     24420992.0      47532766.5       662313.0
492     24448768.0      47643473.0       648674.5
177     24575616.0      47745355.0       617499.0
397     24453376.0      47578240.0       614611.5
120     24629120.0      48025901.0       599782.0
178     24355456.0      47536797.0       599668.0
172     24391936.0      47819776.5       599274.5
422     24645248.0      48035130.0       597446.5
60      24457216.0      47614309.5       597120.0
45      24440576.0      47572525.0       596136.0
319     24132736.0      47381290.5       593440.0
207     24292096.0      47434346.5       591071.0
138     24586752.0      47865291.5       589662.5
131     24578304.0      48021541.5       589560.0
235     24384384.0      47663971.5       588941.5
110     24415872.0      47511071.0       585231.0
6       24143360.0      47523227.0       585171.5
191     24391680.0      47820627.5       584808.5
32      24330880.0      47387685.5       583765.5
267     24390912.0      47459884.5       576670.0
              Server1        Server2
Offset                              
14      374531.935484  107381.451613
313      15992.875000    4770.750000
184      12396.375000    3748.500000
84       12092.875000    3645.062500
396       7572.625000    2387.750000
511       5430.250000    1721.687500
115       5319.625000    1698.750000
437       4664.250000    1533.000000
418       4480.750000    1468.750000
462       4476.625000    1497.375000
405       4423.125000    1501.437500
91        4080.250000    1353.187500
32        4011.125000    1355.562500
281       3891.375000    1333.750000
219       3882.625000    1291.000000
66        3857.250000    1323.937500
303       3844.000000    1304.709677
368       3827.250000    1313.375000
50        3778.000000    1287.750000
260       3777.500000    1279.687500
Current: [14, 100, 393]
Subround 15
         Timestamp  TS First Frame  TS Prev Frame
Offset                                           
405     24420992.0      47532766.5       662313.0
492     24448768.0      47643473.0       648674.5
177     24575616.0      47745355.0       617499.0
397     24453376.0      47578240.0       614611.5
178     24350208.0      47569941.0       603520.0
14      24270720.0      47548330.0       599944.5
120     24629120.0      48025901.0       599782.0
172     24391936.0      47819776.5       599274.5
422     24645248.0      48035130.0       597446.5
60      24457216.0      47614309.5       597120.0
45      24440576.0      47572525.0       596136.0
319     24132736.0      47381290.5       593440.0
207     24292096.0      47434346.5       591071.0
138     24586752.0      47865291.5       589662.5
131     24578304.0      48021541.5       589560.0
235     24384384.0      47663971.5       588941.5
110     24415872.0      47511071.0       585231.0
6       24143360.0      47523227.0       585171.5
191     24391680.0      47820627.5       584808.5
32      24330880.0      47387685.5       583765.5
           Server1      Server2
Offset                         
14      374109.250  107260.3750
313      15992.875    4770.7500
184      12396.375    3748.5000
84       12092.875    3645.0625
396       7572.625    2387.7500
511       5430.250    1721.6875
115       5319.625    1698.7500
437       4664.250    1533.0000
418       4480.750    1468.7500
462       4476.625    1497.3750
405       4423.125    1501.4375
91        4080.250    1353.1875
32        4011.125    1355.5625
281       3891.375    1333.7500
219       3882.625    1291.0000
66        3857.250    1323.9375
303       3838.250    1302.8125
368       3827.250    1313.3750
50        3778.000    1287.7500
260       3777.500    1279.6875
Current: [14]
Subround 16
         Timestamp  TS First Frame  TS Prev Frame
Offset                                           
405     24420992.0      47532766.5       662313.0
492     24448768.0      47643473.0       648674.5
177     24575616.0      47745355.0       617499.0
397     24453376.0      47578240.0       614611.5
178     24355456.0      47593434.0       606676.5
120     24629120.0      48025901.0       599782.0
172     24391936.0      47819776.5       599274.5
422     24645248.0      48035130.0       597446.5
60      24457216.0      47614309.5       597120.0
45      24440576.0      47572525.0       596136.0
319     24132736.0      47381290.5       593440.0
207     24292096.0      47434346.5       591071.0
138     24586752.0      47865291.5       589662.5
131     24578304.0      48021541.5       589560.0
235     24384384.0      47663971.5       588941.5
110     24415872.0      47511071.0       585231.0
6       24143360.0      47523227.0       585171.5
191     24391680.0      47820627.5       584808.5
32      24330880.0      47387685.5       583765.5
267     24390912.0      47459884.5       576670.0
              Server1        Server2
Offset                              
14      368938.000000  105777.969697
313      15992.875000    4770.750000
184      12396.375000    3748.500000
84       12092.875000    3645.062500
396       7572.625000    2387.750000
511       5430.250000    1721.687500
115       5319.625000    1698.750000
437       4664.250000    1533.000000
418       4480.750000    1468.750000
462       4476.625000    1497.375000
405       4423.125000    1501.437500
91        4080.250000    1353.187500
32        4011.125000    1355.562500
281       3891.375000    1333.750000
219       3882.625000    1291.000000
66        3857.250000    1323.937500
303       3854.181818    1315.484848
368       3827.250000    1313.375000
50        3778.000000    1287.750000
260       3777.500000    1279.687500
Current: [14, 100, 393]
Subround 17
         Timestamp  TS First Frame  TS Prev Frame
Offset                                           
405     24420992.0      47532766.5       662313.0
492     24448768.0      47643473.0       648674.5
177     24575616.0      47745355.0       617499.0
397     24453376.0      47578240.0       614611.5
454     24198400.0      47329544.0       609838.0
178     24360704.0      47616927.0       609833.0
303     24324992.0      47539787.0       601680.0
120     24629120.0      48025901.0       599782.0
172     24391936.0      47819776.5       599274.5
422     24645248.0      48035130.0       597446.5
60      24457216.0      47614309.5       597120.0
45      24440576.0      47572525.0       596136.0
319     24132736.0      47381290.5       593440.0
207     24292096.0      47434346.5       591071.0
138     24586752.0      47865291.5       589662.5
131     24578304.0      48021541.5       589560.0
235     24384384.0      47663971.5       588941.5
110     24415872.0      47511071.0       585231.0
6       24143360.0      47523227.0       585171.5
191     24391680.0      47820627.5       584808.5
              Server1        Server2
Offset                              
14      363483.647059  104215.470588
313      15992.875000    4770.750000
184      12396.375000    3748.500000
84       12092.875000    3645.062500
396       7572.625000    2387.750000
511       5430.250000    1721.687500
115       5319.625000    1698.750000
437       4664.250000    1533.000000
418       4480.750000    1468.750000
462       4476.625000    1497.375000
405       4423.125000    1501.437500
91        4080.250000    1353.187500
32        4011.125000    1355.562500
281       3891.375000    1333.750000
219       3882.625000    1291.000000
303       3875.117647    1322.500000
66        3857.250000    1323.937500
368       3827.250000    1313.375000
178       3778.294118    1292.852941
50        3778.000000    1287.750000
Current: [14]
Subround 18
         Timestamp  TS First Frame  TS Prev Frame
Offset                                           
405     24420992.0      47532766.5       662313.0
492     24448768.0      47643473.0       648674.5
454     24199296.0      47332995.5       628337.0
177     24575616.0      47745355.0       617499.0
178     24377984.0      47631864.0       615224.0
397     24453376.0      47578240.0       614611.5
120     24629120.0      48025901.0       599782.0
172     24391936.0      47819776.5       599274.5
422     24645248.0      48035130.0       597446.5
60      24457216.0      47614309.5       597120.0
45      24440576.0      47572525.0       596136.0
319     24132736.0      47381290.5       593440.0
207     24292096.0      47434346.5       591071.0
138     24586752.0      47865291.5       589662.5
131     24578304.0      48021541.5       589560.0
235     24384384.0      47663971.5       588941.5
110     24415872.0      47511071.0       585231.0
6       24143360.0      47523227.0       585171.5
191     24391680.0      47820627.5       584808.5
32      24330880.0      47387685.5       583765.5
              Server1        Server2
Offset                              
14      359300.171429  103017.400000
313      15992.875000    4770.750000
184      12396.375000    3748.500000
84       12092.875000    3645.062500
396       7572.625000    2387.750000
511       5430.250000    1721.687500
115       5319.625000    1698.750000
437       4664.250000    1533.000000
418       4480.750000    1468.750000
462       4476.625000    1497.375000
405       4423.125000    1501.437500
91        4080.250000    1353.187500
32        4011.125000    1355.562500
281       3891.375000    1333.750000
219       3882.625000    1291.000000
66        3857.250000    1323.937500
303       3832.228571    1306.828571
368       3827.250000    1313.375000
50        3778.000000    1287.750000
260       3777.500000    1279.687500
Current: [14]
Subround 19
         Timestamp  TS First Frame  TS Prev Frame
Offset                                           
405     24420992.0      47532766.5       662313.0
492     24448768.0      47643473.0       648674.5
177     24575616.0      47745355.0       617499.0
397     24453376.0      47578240.0       614611.5
178     24355456.0      47631864.0       606676.5
120     24629120.0      48025901.0       599782.0
172     24391936.0      47819776.5       599274.5
422     24645248.0      48035130.0       597446.5
60      24457216.0      47614309.5       597120.0
45      24440576.0      47572525.0       596136.0
319     24132736.0      47381290.5       593440.0
207     24292096.0      47434346.5       591071.0
138     24586752.0      47865291.5       589662.5
131     24578304.0      48021541.5       589560.0
235     24384384.0      47663971.5       588941.5
110     24415872.0      47511071.0       585231.0
6       24143360.0      47523227.0       585171.5
191     24391680.0      47820627.5       584808.5
32      24330880.0      47387685.5       583765.5
267     24390912.0      47459884.5       576670.0
              Server1        Server2
Offset                              
14      354582.944444  101668.194444
313      15992.875000    4770.750000
184      12396.375000    3748.500000
84       12092.875000    3645.062500
396       7572.625000    2387.750000
511       5430.250000    1721.687500
115       5319.625000    1698.750000
437       4664.250000    1533.000000
418       4480.750000    1468.750000
462       4476.625000    1497.375000
405       4423.125000    1501.437500
91        4080.250000    1353.187500
32        4011.125000    1355.562500
281       3891.375000    1333.750000
219       3882.625000    1291.000000
66        3857.250000    1323.937500
368       3827.250000    1313.375000
303       3785.888889    1290.250000
50        3778.000000    1287.750000
260       3777.500000    1279.687500
Current: [14]
Subround 20
         Timestamp  TS First Frame  TS Prev Frame
Offset                                           
405     24420992.0      47532766.5       662313.0
492     24448768.0      47643473.0       648674.5
177     24575616.0      47745355.0       617499.0
397     24453376.0      47578240.0       614611.5
178     24355456.0      47631864.0       606676.5
120     24629120.0      48025901.0       599782.0
172     24391936.0      47819776.5       599274.5
422     24645248.0      48035130.0       597446.5
60      24457216.0      47614309.5       597120.0
45      24440576.0      47572525.0       596136.0
319     24132736.0      47381290.5       593440.0
207     24292096.0      47434346.5       591071.0
138     24586752.0      47865291.5       589662.5
131     24578304.0      48021541.5       589560.0
235     24384384.0      47663971.5       588941.5
110     24415872.0      47511071.0       585231.0
6       24143360.0      47523227.0       585171.5
191     24391680.0      47820627.5       584808.5
32      24330880.0      47387685.5       583765.5
267     24390912.0      47459884.5       576670.0
              Server1        Server2
Offset                              
14      350292.702703  100441.648649
313      15992.875000    4770.750000
184      12396.375000    3748.500000
84       12092.875000    3645.062500
396       7572.625000    2387.750000
511       5430.250000    1721.687500
115       5319.625000    1698.750000
437       4664.250000    1533.000000
418       4480.750000    1468.750000
462       4476.625000    1497.375000
405       4423.125000    1501.437500
91        4080.250000    1353.187500
32        4011.125000    1355.562500
281       3891.375000    1333.750000
219       3882.625000    1291.000000
66        3857.250000    1323.937500
368       3827.250000    1313.375000
50        3778.000000    1287.750000
260       3777.500000    1279.687500
447       3774.500000    1266.312500
Current: [14]
         Timestamp  TS First Frame  TS Prev Frame
Offset                                           
405     24420992.0      47532766.5       662313.0
492     24448768.0      47643473.0       648674.5
177     24575616.0      47745355.0       617499.0
397     24453376.0      47578240.0       614611.5
178     24355456.0      47631864.0       606676.5
120     24629120.0      48025901.0       599782.0
172     24391936.0      47819776.5       599274.5
422     24645248.0      48035130.0       597446.5
60      24457216.0      47614309.5       597120.0
45      24440576.0      47572525.0       596136.0
319     24132736.0      47381290.5       593440.0
207     24292096.0      47434346.5       591071.0
138     24586752.0      47865291.5       589662.5
131     24578304.0      48021541.5       589560.0
235     24384384.0      47663971.5       588941.5
110     24415872.0      47511071.0       585231.0
6       24143360.0      47523227.0       585171.5
191     24391680.0      47820627.5       584808.5
32      24330880.0      47387685.5       583765.5
267     24390912.0      47459884.5       576670.0
              Server1        Server2
Offset                              
14      350292.702703  100441.648649
313      15992.875000    4770.750000
184      12396.375000    3748.500000
84       12092.875000    3645.062500
396       7572.625000    2387.750000
511       5430.250000    1721.687500
115       5319.625000    1698.750000
437       4664.250000    1533.000000
418       4480.750000    1468.750000
462       4476.625000    1497.375000
405       4423.125000    1501.437500
91        4080.250000    1353.187500
32        4011.125000    1355.562500
281       3891.375000    1333.750000
219       3882.625000    1291.000000
66        3857.250000    1323.937500
368       3827.250000    1313.375000
50        3778.000000    1287.750000
260       3777.500000    1279.687500
447       3774.500000    1266.312500
Winning offset:
[14]
2021-09-17 09:14:40.939285
2021-09-17 09:20:20.339947
0:05:39.400662
attacker.py:479: DeprecationWarning: The default dtype for empty Series will be 'object' instead of 'float64' in a future version. Specify a dtype explicitly to silence this warning.
  mean1 = pd.Series(values1).mean()
attacker.py:480: DeprecationWarning: The default dtype for empty Series will be 'object' instead of 'float64' in a future version. Specify a dtype explicitly to silence this warning.
  mean2 = pd.Series(values2).mean()
attacker.py:479: DeprecationWarning: The default dtype for empty Series will be 'object' instead of 'float64' in a future version. Specify a dtype explicitly to silence this warning.
  mean1 = pd.Series(values1).mean()
attacker.py:480: DeprecationWarning: The default dtype for empty Series will be 'object' instead of 'float64' in a future version. Specify a dtype explicitly to silence this warning.
  mean2 = pd.Series(values2).mean()
Exception ignored in: <function Capture.__del__ at 0x7f90b2c8b670>
Traceback (most recent call last):
  File "/home/mlipp/.virtualenvs/kaslr/lib/python3.8/site-packages/pyshark/capture/capture.py", line 445, in __del__
  File "/home/mlipp/.virtualenvs/kaslr/lib/python3.8/site-packages/pyshark/capture/capture.py", line 436, in close
  File "/usr/lib/python3.8/asyncio/base_events.py", line 592, in run_until_complete
  File "/usr/lib/python3.8/asyncio/base_events.py", line 553, in _check_running
AttributeError: 'NoneType' object has no attribute '_get_running_loop'
