Loading page file profiles/packet3/pages/0x6e4a.yaml
Loading page file profiles/packet3/pages/0x6e60.yaml
Loading page file profiles/packet3/pages/0x6ee3.yaml
Loading page file profiles/packet3/pages/0x7241.yaml
Loading page file profiles/packet3/pages/0x7242.yaml
Loading page file profiles/packet3/pages/0x7243.yaml
Loading page file profiles/packet3/pages/0x7244.yaml
Round 0
Subround 0
Empty DataFrame
Columns: [Timestamp, TS First Frame, TS Prev Frame]
Index: []
         Server1  Server2
Offset                   
14      164872.0  47282.0
86        7210.0   2475.0
364       6886.0   2419.0
319       6806.0   2237.0
384       6768.0   2370.0
368       6682.0   2408.0
167       6536.0   2093.0
123       6440.0   2093.0
419       6318.0   2238.0
137       6214.0   1993.0
51        6202.0   2268.0
429       6072.0   1992.0
67        5968.0   2058.0
377       5920.0   2027.0
324       5884.0   2038.0
331       5878.0   2033.0
353       5870.0   2092.0
462       5810.0   1952.0
28        5784.0   1909.0
201       5768.0   2008.0
Current: [0, 1, 4, 5, 8, 10, 13, 14, 16, 18, 19, 28, 29, 34, 35, 37, 38, 39, 40, 42, 43, 46, 47, 48, 49, 50, 51, 52, 54, 55, 57, 58, 59, 61, 63, 64, 66, 69, 72, 73, 74, 76, 78, 80, 81, 83, 86, 89, 90, 91, 92, 95, 96, 97, 99, 102, 103, 104, 106, 108, 109, 110, 111, 116, 117, 118, 120, 121, 122, 126, 127, 128, 129, 131, 132, 133, 134, 138, 142, 143, 148, 156, 158, 159, 160, 162, 163, 164, 166, 168, 173, 175, 177, 179, 181, 182, 186, 189, 190, 192, 193, 195, 198, 204, 205, 206, 208, 211, 212, 213, 215, 219, 221, 223, 224, 225, 226, 228, 229, 230, 231, 232, 235, 244, 245, 246, 257, 258, 260, 261, 262, 265, 266, 267, 269, 273, 274, 275, 278, 280, 290, 291, 293, 296, 298, 299, 300, 301, 304, 306, 309, 313, 315, 317, 320, 321, 323, 324, 327, 328, 330, 331, 332, 333, 334, 338, 340, 343, 344, 345, 349, 351, 353, 355, 356, 358, 359, 361, 364, 365, 367, 371, 372, 375, 376, 377, 379, 383, 384, 385, 386, 387, 388, 393, 395, 396, 397, 399, 400, 401, 403, 408, 409, 411, 416, 417, 418, 419, 421, 425, 429, 430, 433, 436, 437, 438, 440, 443, 444, 445, 448, 453, 455, 457, 458, 459, 460, 461, 462, 463, 464, 470, 475, 478, 479, 481, 484, 485, 486, 489, 494, 495, 496, 497, 498, 499, 500, 502, 504, 506, 507, 509, 510]
Subround 1
         Timestamp  TS First Frame  TS Prev Frame
Offset                                           
445     24844800.0      48093064.0      1131315.0
401     24784256.0      47857912.0      1034447.0
118     24697472.0      47840795.0      1008619.0
82      24740864.0      47947071.5       989957.0
68      24732800.0      47964243.0       970324.5
261     24588672.0      47842096.0       965309.5
245     24715776.0      47956632.5       958751.0
432     24616704.0      47858576.0       958102.5
436     24731904.0      47917861.5       956930.5
195     24454400.0      47822281.0       946183.0
10      24697216.0      47919250.5       941045.5
385     24615680.0      47951992.5       934898.5
250     24955264.0      48227362.5       932685.5
206     24449664.0      47778161.0       923073.0
101     24540032.0      47564055.5       922596.0
501     24788096.0      48133798.0       921032.5
494     24668800.0      48061319.0       919809.5
384     24956544.0      48253135.0       918194.5
274     24749696.0      47954179.0       913245.5
462     24544128.0      47839429.5       908576.5
         Server1  Server2
Offset                   
14      182494.0  52321.0
232      59924.0  17481.0
274       6202.0   2363.5
384       6130.0   2097.0
319       5919.0   1947.0
331       5875.0   2032.5
377       5856.0   2018.0
368       5719.0   2014.0
324       5700.0   1915.5
167       5677.0   1911.5
353       5662.0   2001.5
379       5596.0   1919.0
258       5563.0   1947.5
28        5553.0   1975.5
226       5545.0   1891.0
206       5533.0   1918.0
210       5462.0   1870.5
224       5455.0   1921.5
68        5383.0   1781.5
397       5375.0   1842.5
Current: [1, 13, 14, 16, 18, 19, 28, 34, 37, 38, 42, 48, 50, 51, 52, 54, 57, 61, 63, 69, 72, 73, 74, 78, 80, 81, 83, 86, 89, 95, 110, 120, 121, 122, 126, 127, 133, 148, 156, 159, 163, 164, 166, 177, 180, 182, 193, 204, 206, 213, 224, 226, 230, 231, 232, 235, 245, 246, 257, 258, 260, 262, 266, 274, 278, 280, 290, 291, 293, 296, 298, 300, 301, 304, 306, 309, 313, 315, 331, 334, 338, 340, 345, 349, 351, 355, 359, 361, 364, 365, 371, 375, 377, 383, 385, 386, 391, 396, 416, 419, 425, 430, 437, 438, 440, 443, 448, 453, 455, 458, 460, 475, 478, 479, 484, 485, 486, 489, 494, 498, 502, 504, 506, 510]
Subround 2
         Timestamp  TS First Frame  TS Prev Frame
Offset                                           
206     24356864.0      47210285.0      1000037.0
491     24663040.0      48059208.0       989797.0
245     24606464.0      48350705.0       956877.0
276     24490240.0      47927487.0       950174.0
510     24731648.0      48594040.0       947017.0
11      24890112.0      48354460.0       946848.0
404     24874752.0      48523652.0       945866.0
68      24955648.0      48183750.0       941258.0
195     24653824.0      48369247.0       933234.0
219     24472064.0      47774654.0       923683.0
385     24563200.0      47482896.0       921223.0
335     24151296.0      46956684.0       913552.0
250     24921600.0      48027170.0       912491.0
101     24267776.0      46986209.0       910807.0
462     24720128.0      48211630.0       906320.0
432     24709888.0      48256743.0       905996.0
401     25046016.0      48176239.0       905170.0
274     24369152.0      48030986.0       902747.0
104     24474624.0      47653225.0       901644.0
66      24849408.0      48535499.0       900870.0
              Server1       Server2
Offset                             
14      188938.666667  54152.666667
232      41437.333333  12198.666667
274       6063.333333   2211.666667
384       5890.000000   1988.333333
368       5862.000000   2012.000000
331       5774.000000   2004.333333
224       5675.333333   1938.666667
319       5673.333333   1865.666667
377       5558.666667   1892.000000
206       5548.666667   1927.666667
210       5490.666667   1861.333333
68        5478.666667   1812.666667
324       5466.666667   1825.333333
288       5456.000000   1830.000000
226       5371.333333   1830.333333
82        5320.000000  12591.000000
379       5314.000000   1883.666667
313       5270.666667   1809.666667
91        5264.666667   1743.000000
485       5241.333333   1843.000000
Current: [1, 18, 19, 34, 38, 57, 61, 69, 72, 73, 74, 78, 80, 81, 86, 120, 122, 126, 133, 156, 159, 164, 166, 180, 206, 213, 230, 232, 246, 257, 260, 266, 274, 278, 296, 298, 300, 304, 306, 309, 331, 334, 338, 340, 345, 359, 361, 371, 377, 386, 391, 396, 425, 430, 437, 438, 453, 458, 475, 484, 494, 506, 510]
Subround 3
         Timestamp  TS First Frame  TS Prev Frame
Offset                                           
68      25010048.0      48601825.0       970324.5
401     25088512.0      48630828.0       967605.5
245     24697088.0      48377254.0       958751.0
436     24731904.0      47917861.5       953044.5
510     24611712.0      48099836.5       930979.0
426     24875520.0      48405492.0       920106.5
195     24454400.0      47822281.0       919536.0
206     24510336.0      47778161.0       919517.5
385     24699392.0      48022570.0       914619.5
250     24955264.0      48227362.5       910674.0
377     24898048.0      48427285.0       908433.5
104     24641024.0      47952284.5       906868.5
82      24673152.0      48003091.0       906683.5
11      24891136.0      48421635.0       905701.5
175     24769920.0      48017858.5       905612.5
101     24540032.0      47564055.5       904596.0
485     25179392.0      48788410.0       904356.0
266     24894080.0      48316861.5       903499.0
402     24806400.0      48249031.5       898949.5
283     24603648.0      47698710.0       897308.5
         Server1   Server2
Offset                    
14      201816.0  57854.25
232      31504.0   9292.25
262      28718.0   8557.00
384       5796.0   2002.25
331       5756.0   2006.50
368       5743.0   1981.50
199       5723.5   1962.00
68        5676.5   1939.00
249       5566.0   1965.75
224       5556.5   1943.50
313       5372.5   1877.50
91        5368.0   1834.00
206       5344.5   1872.25
377       5310.5   1821.25
324       5300.5   1781.00
379       5295.5   1848.25
179       5295.5   1879.25
302       5294.5   1971.75
210       5268.0   1818.25
288       5254.0   1822.50
Current: [1, 2, 8, 14, 16, 18, 19, 28, 29, 34, 35, 38, 43, 49, 52, 53, 54, 57, 60, 61, 63, 66, 68, 69, 72, 73, 74, 78, 80, 81, 82, 83, 86, 87, 89, 95, 96, 97, 103, 108, 120, 121, 122, 123, 126, 127, 128, 129, 133, 138, 148, 149, 150, 151, 156, 159, 160, 162, 164, 165, 166, 175, 178, 183, 199, 201, 203, 206, 209, 213, 215, 218, 221, 224, 228, 230, 231, 232, 246, 253, 257, 260, 264, 265, 266, 274, 276, 278, 281, 286, 291, 293, 296, 298, 299, 300, 304, 306, 307, 309, 313, 331, 333, 334, 338, 340, 344, 345, 349, 355, 359, 361, 364, 367, 371, 376, 377, 380, 385, 386, 387, 389, 396, 402, 413, 417, 418, 419, 423, 424, 425, 430, 435, 437, 438, 440, 453, 458, 460, 461, 468, 470, 475, 484, 485, 493, 494, 497, 502, 504, 506, 510]
Subround 4
         Timestamp  TS First Frame  TS Prev Frame
Offset                                           
206     24663808.0      48334399.0      1000037.0
436     24835328.0      48160488.0       987032.0
29      25091840.0      48809844.0       983190.0
245     24736512.0      48403803.0       956877.0
347     25009408.0      48545552.0       946632.0
68      24955648.0      48183750.0       941258.0
5       24972800.0      48358357.0       933069.0
333     24966656.0      48745029.0       932063.0
385     24835584.0      48562244.0       921223.0
356     25076992.0      48663999.0       920164.0
87      25051136.0      48619603.0       918324.0
486     24988928.0      48492482.0       916609.0
510     24491776.0      47605633.0       914941.0
393     24623360.0      47764960.0       914039.0
335     24793344.0      48006097.0       913552.0
262     24935168.0      48472469.0       913313.0
250     24959488.0      48371265.0       912491.0
101     24812288.0      48141902.0       910807.0
16      25026816.0      48816291.0       910632.0
82      24668160.0      48264153.0       907955.0
         Server1  Server2
Offset                   
14      205391.2  58861.4
232      25653.2   7582.2
262      24032.0   7207.8
224       5884.0   2050.0
368       5730.4   1994.4
384       5597.2   1953.0
206       5581.6   1933.4
331       5579.6   1978.2
249       5481.2   1957.8
210       5481.2   1871.4
379       5456.4   1906.0
199       5428.8   1922.8
324       5382.0   1821.2
288       5368.0   1877.2
179       5350.8   1917.8
356       5345.6   1894.4
68        5256.8   1812.6
16        5230.8   1774.6
313       5211.2   1851.6
402       5207.6   1819.2
Current: [1, 8, 14, 29, 38, 43, 57, 60, 61, 63, 72, 73, 78, 81, 82, 83, 86, 87, 89, 95, 96, 97, 103, 120, 121, 122, 126, 128, 138, 148, 149, 156, 159, 162, 164, 166, 178, 180, 201, 203, 209, 213, 218, 221, 224, 230, 231, 246, 253, 257, 260, 265, 266, 274, 278, 286, 293, 296, 298, 300, 304, 313, 331, 333, 334, 338, 340, 349, 355, 359, 361, 371, 377, 383, 385, 386, 396, 402, 417, 418, 419, 423, 424, 425, 430, 435, 437, 438, 440, 453, 458, 460, 468, 470, 484, 502, 510]
Subround 5
         Timestamp  TS First Frame  TS Prev Frame
Offset                                           
436     24842880.0      48187323.0       972638.5
245     24762112.0      48451104.5       953522.0
5       24822144.0      48082119.5       936282.0
29      24997376.0      48637436.0       934014.5
87      24989056.0      48517409.5       932395.5
426     24875520.0      48405492.0       920106.5
262     24887040.0      48465697.5       919588.0
206     24610816.0      48036732.0       919517.5
397     24808448.0      48174871.0       917512.0
385     24939008.0      48653994.0       914619.5
250     24959488.0      48371265.0       912491.0
101     24812288.0      48141902.0       910807.0
377     24715264.0      48155634.0       908433.5
266     24894080.0      48402600.5       903499.0
422     24991104.0      48472034.5       901925.0
120     24681472.0      48087540.5       900249.0
252     24940544.0      48668128.0       900147.0
20      24650624.0      48000696.0       899801.0
247     24748928.0      48236928.5       899180.5
166     24682112.0      47830358.0       896911.5
              Server1       Server2
Offset                             
14      207610.000000  59492.166667
232      21667.000000   6419.333333
262      20915.333333   6348.000000
224       5905.000000   2038.666667
384       5692.333333   2003.333333
368       5675.666667   1982.166667
206       5554.333333   1911.666667
379       5533.666667   1918.833333
331       5517.000000   1942.833333
199       5381.666667   1898.166667
68        5362.333333   1834.000000
249       5355.666667   1915.166667
356       5335.333333   1909.833333
324       5321.333333   1826.833333
210       5320.666667   1833.666667
302       5281.333333   1911.166667
319       5263.666667   1772.000000
179       5259.666667   1869.000000
288       5250.666667   1845.333333
313       5194.333333   1836.500000
Current: [1, 14, 29, 43, 60, 72, 73, 78, 83, 89, 96, 126, 162, 164, 178, 201, 209, 213, 218, 221, 231, 246, 253, 257, 260, 265, 274, 278, 293, 296, 298, 300, 304, 340, 349, 355, 361, 371, 377, 386, 402, 418, 419, 424, 425, 430, 440, 453, 458, 468, 484, 510]
Subround 6
         Timestamp  TS First Frame  TS Prev Frame
Offset                                           
436     24850432.0      48214158.0       958245.0
245     24964096.0      48680342.0       953522.0
87      24926976.0      48415216.0       946467.0
167     24832768.0      48494168.0       937573.0
5       24671488.0      47805882.0       933540.0
333     24881152.0      48304103.0       932063.0
455     24719872.0      48147295.0       924092.0
346     24617984.0      48131032.0       919495.0
262     24838912.0      48458926.0       913313.0
274     24549376.0      47878439.0       913245.5
250     24940544.0      48199217.5       910674.0
385     24835584.0      48562244.0       908016.0
432     24709888.0      48303851.0       905996.0
130     24667136.0      47921439.0       905431.0
139     24570880.0      47527075.0       905241.0
101     24540032.0      47735291.0       904596.0
252     24895232.0      48551765.0       904012.0
422     24928000.0      48351588.0       903254.0
419     24550912.0      48012919.0       902951.0
397     24864000.0      48414454.0       901902.0
              Server1       Server2
Offset                             
14      203332.285714  58270.428571
232      18871.142857   5603.142857
262      18399.428571   5600.857143
437       9343.428571   2857.857143
384       5793.428571   2014.142857
224       5786.285714   1990.857143
368       5652.000000   1956.142857
70        5607.142857   1796.428571
331       5552.285714   1935.571429
206       5459.714286   1888.857143
199       5453.142857   1903.857143
379       5445.714286   1896.285714
249       5352.000000   1909.571429
68        5278.857143   1818.714286
210       5264.000000   1809.142857
356       5250.000000   1880.285714
324       5210.000000   1802.285714
319       5203.428571   1771.714286
313       5152.857143   1810.142857
195       5143.714286   5166.714286
Current: [1, 7, 14, 18, 21, 29, 34, 43, 49, 60, 61, 72, 73, 78, 80, 81, 83, 86, 87, 89, 96, 101, 109, 122, 128, 129, 132, 135, 147, 149, 150, 159, 160, 162, 164, 178, 183, 185, 197, 201, 203, 209, 213, 215, 218, 221, 230, 231, 246, 253, 257, 260, 263, 265, 266, 272, 274, 278, 282, 293, 296, 298, 299, 300, 304, 307, 309, 333, 338, 340, 349, 355, 361, 371, 377, 379, 380, 383, 384, 386, 388, 395, 402, 416, 418, 419, 424, 425, 427, 428, 430, 435, 437, 440, 447, 453, 458, 460, 468, 484, 488, 491, 494, 502, 510]
Subround 7
         Timestamp  TS First Frame  TS Prev Frame
Offset                                           
436     24877696.0      48429811.0       955873.0
245     24964096.0      48680342.0       948187.5
333     24923904.0      48375477.5       945609.5
5       24819584.0      48082119.5       933304.5
87      24902400.0      48478376.5       932395.5
273     24956928.0      48366015.0       928069.0
501     24609792.0      47811847.0       916702.0
250     24921600.0      48027170.0       908857.0
82      24668160.0      48264153.0       907955.0
384     24886528.0      48116197.0       906671.5
261     24771328.0      48404156.0       904478.0
422     24928000.0      48351588.0       903254.0
274     24586240.0      48030986.0       902747.0
455     24711552.0      48114232.0       902227.0
252     24921856.0      48440227.5       900147.0
101     24812288.0      48141902.0       898385.0
110     25050624.0      48432485.0       896823.0
397     24911744.0      48423990.0       895735.5
234     24562432.0      47817447.0       894110.0
385     24871936.0      48542481.0       891499.0
          Server1    Server2
Offset                      
14      204576.25  58634.625
232      16785.00   4999.375
262      16653.50   5098.125
437       8435.75   2587.625
384       5870.25   2038.750
224       5751.50   1986.625
368       5584.00   1938.000
206       5533.25   1909.500
379       5489.75   1901.875
249       5448.75   1923.500
331       5442.25   1917.375
199       5359.75   1889.250
274       5309.50   1901.875
210       5302.75   1831.750
319       5244.25   1797.625
356       5230.50   1871.250
324       5214.75   1791.500
68        5153.25   1785.250
415       5138.00   1803.625
70        5110.00   1641.875
Current: [1, 14, 29, 34, 43, 60, 61, 72, 73, 78, 81, 87, 89, 101, 109, 122, 128, 135, 147, 149, 150, 159, 160, 164, 178, 185, 197, 209, 213, 215, 218, 230, 231, 246, 253, 257, 265, 266, 272, 274, 278, 293, 296, 298, 299, 300, 304, 309, 333, 338, 340, 349, 355, 361, 377, 380, 383, 384, 388, 395, 402, 416, 418, 419, 424, 425, 427, 430, 437, 440, 453, 458, 468, 484, 502, 510]
Subround 8
         Timestamp  TS First Frame  TS Prev Frame
Offset                                           
436     24877696.0      48429811.0       955873.0
245     24787712.0      48498406.0       946208.0
5       24671488.0      47805882.0       933069.0
333     24881152.0      48304103.0       932063.0
87      24926976.0      48541537.0       918324.0
206     24663808.0      47880090.0       913295.0
252     24921856.0      48440227.5       900147.0
20      24538624.0      47699060.0       899801.0
250     24921600.0      48027170.0       899491.0
422     24988032.0      48463525.0       899475.5
110     25003648.0      48539690.0       899432.5
261     24726016.0      48360053.0       898220.5
82      24661632.0      48056884.0       896450.0
397     24911744.0      48423990.0       895735.5
274     24512512.0      47725892.0       895279.0
494     24705920.0      47858832.0       891846.5
485     24719360.0      48408866.5       888529.0
247     24542208.0      48216093.0       886776.0
273     24942080.0      48295622.0       884353.5
285     24748800.0      48523441.0       883700.0
              Server1       Server2
Offset                             
14      241932.666667  69334.444444
232      15428.222222   4628.333333
262      15291.555556   4713.555556
437       8028.666667   2493.555556
224       5686.888889   1960.666667
368       5597.777778   1931.333333
384       5565.555556   1924.888889
206       5552.000000   1918.111111
249       5457.111111   1927.111111
331       5437.111111   1915.555556
379       5240.666667   1814.444444
319       5238.888889   1790.222222
199       5207.555556   1845.333333
274       5148.888889   1828.888889
68        5132.222222   1775.666667
70        5073.111111   1653.000000
195       5064.666667   4389.333333
415       5055.777778   1771.888889
288       5055.111111   1740.222222
210       5026.222222   1732.444444
Current: [14, 29, 60, 61, 72, 73, 78, 81, 87, 89, 101, 122, 135, 147, 149, 150, 159, 178, 197, 209, 213, 231, 246, 253, 257, 272, 278, 293, 296, 298, 299, 300, 304, 333, 338, 340, 349, 361, 377, 380, 384, 402, 416, 419, 424, 427, 430, 440, 453, 458, 484, 502, 510]
Subround 9
         Timestamp  TS First Frame  TS Prev Frame
Offset                                           
436     24877696.0      48429811.0       923547.5
245     24762112.0      48451104.5       913282.0
385     24908288.0      48522718.0       908016.0
110     24956672.0      48432485.0       896823.0
422     24928000.0      48351588.0       895697.0
333     24707712.0      48055165.0       894345.5
261     24771328.0      48404156.0       891963.0
206     24703744.0      48107244.5       890780.5
82      24668160.0      48264153.0       884945.0
20      24561920.0      47865626.0       880978.0
485     24595712.0      48368067.0       877939.0
120     24756224.0      48187351.0       875877.0
247     24521728.0      48457942.0       874530.0
244     24977920.0      48461273.0       868378.0
434     25005056.0      48495491.0       868058.0
250     24890880.0      48199217.5       866269.0
274     24549376.0      47784727.0       864195.5
426     24768512.0      48364448.0       860124.0
252     24791552.0      48224951.5       859714.0
153     24573952.0      48541325.0       858860.0
         Server1  Server2
Offset                   
14      271637.0  77858.6
232      14428.0   4345.7
262      14275.0   4414.9
437       7789.4   2430.9
206       5628.6   1932.7
384       5606.4   1938.6
224       5584.6   1931.5
368       5504.8   1913.6
249       5448.0   1914.6
331       5346.4   1889.2
379       5256.8   1824.7
68        5171.8   1794.0
70        5128.4   1686.6
288       5099.6   1758.5
199       5046.4   1779.9
313       5034.0   1767.4
210       5025.6   1724.0
415       4978.4   1755.0
319       4978.4   1695.7
274       4971.0   1753.3
Current: [1, 2, 14, 21, 29, 43, 53, 60, 61, 72, 73, 78, 81, 83, 87, 89, 101, 122, 132, 135, 141, 147, 149, 150, 159, 164, 167, 178, 183, 197, 201, 209, 213, 215, 224, 230, 231, 246, 253, 257, 266, 268, 272, 274, 278, 282, 285, 293, 296, 298, 299, 300, 304, 306, 318, 333, 338, 340, 349, 361, 377, 379, 380, 384, 402, 416, 419, 424, 427, 430, 435, 440, 453, 455, 458, 484, 502, 504, 510]
Subround 10
         Timestamp  TS First Frame  TS Prev Frame
Offset                                           
20      24650624.0      48000696.0       899801.0
422     24866176.0      48201362.5       899475.5
110     24874240.0      48124360.0       897929.5
436     24850432.0      48214158.0       893594.0
385     24899584.0      48360584.0       891499.0
261     24726016.0      48360053.0       881447.0
245     24736512.0      48403803.0       880356.0
120     24802816.0      48348207.5       879175.0
76      24707456.0      48378327.0       878591.5
82      24661632.0      48155715.0       878186.0
413     24486912.0      47769853.0       877826.0
485     24719360.0      48408866.5       876608.0
206     24663808.0      47880090.0       868266.0
317     24483584.0      47848739.0       862804.0
153     24567936.0      48368709.0       858526.0
104     24701312.0      48249243.0       858058.0
493     25032576.0      48757352.0       857391.0
333     24534272.0      47806227.0       856628.0
28      24915712.0      50671267.5       856366.5
49      24844672.0      48255437.0       851066.0
              Server1       Server2
Offset                             
14      323835.454545  92834.727273
232      13586.363636   4105.000000
262      13501.454545   4204.636364
437       7567.454545   2371.545455
224       5518.181818   1914.454545
206       5450.181818   1862.272727
384       5424.181818   1869.727273
249       5361.272727   1889.363636
331       5307.818182   1882.454545
368       5262.727273   1824.363636
288       5157.090909   1780.000000
68        5073.272727   1754.545455
70        5064.000000   1681.000000
379       5001.090909   1738.363636
302       4991.636364   1790.181818
313       4972.363636   1747.363636
319       4960.727273   1689.000000
199       4937.272727   1738.636364
415       4868.000000   1720.636364
210       4814.909091   1646.727273
Current: [2, 14, 26, 43, 60, 61, 72, 73, 78, 81, 87, 89, 101, 122, 132, 135, 141, 147, 149, 150, 178, 180, 183, 197, 201, 209, 213, 230, 231, 246, 268, 272, 293, 296, 298, 299, 300, 304, 338, 340, 349, 361, 377, 380, 384, 402, 416, 419, 430, 440, 458, 484, 504, 510]
Subround 11
         Timestamp  TS First Frame  TS Prev Frame
Offset                                           
422     24928000.0      48351588.0       895697.0
110     24572416.0      47600008.5       881034.5
20      24561920.0      47865626.0       880978.0
385     24890880.0      48198450.0       874982.0
206     24663808.0      47880090.0       868266.0
82      24644224.0      47948446.0       867300.0
120     24802816.0      48348207.5       864949.0
485     24672000.0      48248381.5       859896.5
153     24561920.0      48196093.0       858192.0
76      24663552.0      48243010.0       856644.0
104     24595200.0      48247142.0       855206.0
317     24474880.0      47651339.5       854627.5
493     25007104.0      48700454.0       853885.0
261     24660864.0      48278915.5       852775.0
38      24741632.0      48012861.5       845520.5
294     24834560.0      48332824.0       844836.0
262     24699392.0      48146374.0       841754.0
93      24610816.0      47746297.5       840776.0
102     24558464.0      47790092.5       840343.5
28      24766592.0      48773614.5       837019.5
              Server1        Server2
Offset                              
14      361652.166667  103646.083333
232      12647.166667    3827.416667
262      12516.666667    3901.666667
437       7135.166667    2240.583333
206       5270.833333    1793.250000
224       5252.333333    1818.916667
249       5176.000000    1815.250000
384       5174.000000    1779.166667
331       5067.666667    1789.750000
368       5007.333333    1732.000000
288       4906.833333    1691.166667
70        4812.666667    1597.333333
313       4810.833333    1681.916667
379       4800.666667    1662.083333
68        4767.666667    1650.083333
302       4740.333333    1696.333333
199       4716.166667    1655.750000
319       4710.833333    1603.250000
441       4710.166667    1588.750000
507       4643.166667    1644.083333
Current: [2, 14, 60, 61, 73, 81, 87, 89, 101, 122, 135, 147, 149, 150, 183, 197, 209, 230, 246, 268, 272, 293, 296, 298, 300, 304, 338, 340, 349, 361, 380, 384, 430, 440, 458, 484, 510]
Subround 12
         Timestamp  TS First Frame  TS Prev Frame
Offset                                           
422     24804352.0      48051137.0       882877.0
110     24353024.0      47427421.0       865246.0
120     24802816.0      48348207.5       864949.0
82      24633344.0      47849615.0       863173.0
20      24650624.0      48000696.0       859925.0
206     24610816.0      47839970.0       853632.0
76      24647808.0      48159282.0       852231.0
317     24483584.0      47848739.0       846451.0
485     24595712.0      48128696.0       844516.0
385     24835584.0      48130085.0       840083.0
262     24694784.0      48044590.0       838112.0
38      24704512.0      47804740.0       835418.0
294     24796928.0      48270833.0       835177.0
93      24564992.0      47646492.0       835026.0
261     24641024.0      48241881.0       834619.0
102     24528384.0      47756660.0       834407.0
273     24776960.0      48120347.0       833551.0
97      24757760.0      48063882.0       830155.0
401     24792192.0      48107450.5       822813.5
249     24601216.0      48362801.5       821514.5
              Server1        Server2
Offset                              
14      355133.230769  101780.846154
232      12001.230769    3647.000000
262      11698.615385    3651.230769
12       10259.846154    3100.769231
437       6762.000000    2125.000000
206       5036.000000    1713.000000
224       5006.615385    1731.461538
384       4996.923077    1714.230769
249       4941.076923    1731.538462
331       4840.615385    1706.538462
368       4793.230769    1653.307692
288       4704.153846    1617.000000
379       4702.615385    1625.461538
313       4601.076923    1606.076923
70        4597.538462    1527.923077
507       4556.000000    1603.000000
302       4547.692308    1623.692308
199       4538.307692    1589.923077
68        4537.230769    1570.000000
441       4522.000000    1524.769231
Current: [14, 60, 73, 81, 87, 89, 101, 149, 150, 197, 209, 230, 268, 272, 296, 300, 304, 338, 340, 361, 430, 458, 484, 510]
Subround 13
         Timestamp  TS First Frame  TS Prev Frame
Offset                                           
422     24573568.0      47713142.5       867880.0
110     24572416.0      47621828.0       854773.0
120     24681472.0      48087540.5       849990.5
82      24625920.0      47749968.5       837944.0
206     24457344.0      47769457.5       835296.0
262     24694784.0      48044590.0       829777.0
97      24618880.0      47940607.5       828293.5
20      24538624.0      47699060.0       825162.5
273     24444160.0      47768837.5       824437.0
102     24467456.0      47732515.0       824159.0
317     24474880.0      47651339.5       821608.0
76      24507136.0      47908540.5       818834.5
485     24533760.0      47939375.5       812538.0
261     24573952.0      48052250.5       806112.0
249     24501376.0      48154274.0       802223.0
385     24821504.0      47968140.0       801461.5
210     24571904.0      47646990.0       800184.0
153     24474496.0      47754006.5       800011.0
319     24516480.0      47620438.0       795963.5
28      24620544.0      48430936.0       795377.5
              Server1       Server2
Offset                             
14      343631.857143  98485.214286
232      11297.142857   3435.642857
262      11016.000000   3441.857143
12        9840.428571   2982.714286
437       6439.142857   2026.714286
206       4844.428571   1647.000000
384       4827.142857   1652.285714
224       4794.571429   1655.214286
249       4743.285714   1665.857143
368       4672.571429   1606.142857
331       4643.714286   1633.214286
288       4523.142857   1554.642857
379       4519.000000   1559.785714
313       4436.571429   1543.285714
70        4404.714286   1463.071429
507       4384.428571   1538.071429
302       4380.571429   1558.071429
441       4363.714286   1470.285714
68        4363.428571   1508.000000
199       4353.714286   1522.571429
Current: [14, 60, 73, 81, 87, 89, 101, 122, 141, 147, 149, 150, 159, 183, 197, 209, 230, 231, 238, 268, 272, 296, 298, 300, 304, 338, 340, 349, 351, 361, 379, 430, 458, 484, 501, 510]
Subround 14
         Timestamp  TS First Frame  TS Prev Frame
Offset                                           
333     24534272.0      47806227.0       856628.0
422     24342784.0      47375148.0       852883.0
120     24606720.0      47987730.0       845960.0
110     24791808.0      47816235.0       844300.0
206     24356864.0      47789851.0       831594.0
97      24480000.0      47817333.0       826432.0
262     24690176.0      47942806.0       825084.0
273     24776960.0      48120347.0       815323.0
102     24406528.0      47708370.0       813911.0
82      24633344.0      47849615.0       812715.0
20      24515328.0      47532494.0       811453.0
501     24412416.0      47637245.0       807034.0
196     24211968.0      47408506.0       806341.0
317     24466176.0      47548681.0       796765.0
319     24387328.0      47436808.0       795871.0
153     24390400.0      47688966.0       793874.0
469     24486656.0      47869451.0       793209.0
76      24382208.0      47741527.0       789851.0
434     24938496.0      48393038.0       788834.0
249     24497920.0      48009013.0       788267.0
              Server1       Server2
Offset                             
14      336019.733333  96300.866667
232      10709.333333   3260.733333
262      10418.933333   3259.400000
12        9305.333333   2823.933333
376       7891.333333   2411.733333
503       6310.400000   1957.800000
437       6161.466667   1942.200000
206       4900.000000   1662.333333
368       4752.000000   1634.800000
384       4743.200000   1616.600000
224       4681.600000   1610.066667
249       4561.466667   1600.600000
331       4487.866667   1574.933333
288       4416.533333   1514.000000
347       4398.666667   1499.800000
379       4359.066667   1502.400000
302       4308.266667   1525.066667
68        4289.733333   1476.866667
70        4285.733333   1422.800000
313       4274.400000   1485.400000
Current: [14, 60, 73, 81, 87, 89, 101, 150, 197, 209, 231, 272, 296, 298, 300, 304, 338, 340, 349, 361, 430, 458, 484, 501, 510]
Subround 15
         Timestamp  TS First Frame  TS Prev Frame
Offset                                           
422     24291072.0      47304847.0       850320.5
110     24572416.0      47621828.0       843071.0
333     24454144.0      47751036.0       838487.5
206     24313984.0      47764458.0       829196.5
120     24563584.0      47785016.5       828899.0
196     24374400.0      47381811.5       813066.5
20      24466048.0      47526896.5       810445.5
87      24634368.0      48032565.0       802875.5
262     24679296.0      47884729.5       797386.0
102     24415488.0      47732515.0       790840.5
86      24344960.0      47602151.0       788994.0
434     24969856.0      48409826.5       788185.0
5       24461696.0      47635074.5       787500.0
76      24325504.0      47663960.0       785619.5
139     24385152.0      47641028.5       780580.0
82      24625920.0      47749968.5       777375.0
261     24501760.0      48052250.5       773795.0
249     24497664.0      47889254.5       771584.0
273     24444160.0      47796350.0       768613.5
153     24321408.0      47559894.5       768045.0
           Server1     Server2
Offset                        
14      326596.125  93600.1875
232      10228.500   3116.6875
262       9911.375   3105.7500
12        8841.625   2688.0625
376       7630.375   2337.0625
503       6187.250   1929.1875
437       5907.875   1865.3750
24        5032.000   1694.0625
206       4894.375   1674.6875
368       4821.500   1665.0625
384       4649.750   1579.4375
224       4514.125   1550.3750
347       4443.125   1519.5625
249       4395.375   1540.0625
331       4333.000   1518.4375
434       4305.500   1507.3125
252       4300.875   1480.1250
415       4287.625   1506.8750
288       4261.500   1458.7500
379       4237.000   1457.9375
Current: [14, 60, 81, 87, 101, 150, 197, 209, 231, 272, 296, 300, 349, 361, 430, 458, 484]
         Timestamp  TS First Frame  TS Prev Frame
Offset                                           
422     24291072.0      47304847.0       850320.5
110     24572416.0      47621828.0       843071.0
333     24454144.0      47751036.0       838487.5
206     24313984.0      47764458.0       829196.5
120     24563584.0      47785016.5       828899.0
196     24374400.0      47381811.5       813066.5
20      24466048.0      47526896.5       810445.5
87      24634368.0      48032565.0       802875.5
262     24679296.0      47884729.5       797386.0
102     24415488.0      47732515.0       790840.5
86      24344960.0      47602151.0       788994.0
434     24969856.0      48409826.5       788185.0
5       24461696.0      47635074.5       787500.0
76      24325504.0      47663960.0       785619.5
139     24385152.0      47641028.5       780580.0
82      24625920.0      47749968.5       777375.0
261     24501760.0      48052250.5       773795.0
249     24497664.0      47889254.5       771584.0
273     24444160.0      47796350.0       768613.5
153     24321408.0      47559894.5       768045.0
           Server1     Server2
Offset                        
14      326596.125  93600.1875
232      10228.500   3116.6875
262       9911.375   3105.7500
12        8841.625   2688.0625
376       7630.375   2337.0625
503       6187.250   1929.1875
437       5907.875   1865.3750
24        5032.000   1694.0625
206       4894.375   1674.6875
368       4821.500   1665.0625
384       4649.750   1579.4375
224       4514.125   1550.3750
347       4443.125   1519.5625
249       4395.375   1540.0625
331       4333.000   1518.4375
434       4305.500   1507.3125
252       4300.875   1480.1250
415       4287.625   1506.8750
288       4261.500   1458.7500
379       4237.000   1457.9375
New pairs
[[296, 231], [81, 14], [272, 361], [430, 184], [349, 60], [101, 197], [300, 209], [484, 87], [458, 150]]
Round 1
Subround 0
         Timestamp  TS First Frame  TS Prev Frame
Offset                                           
422     24291072.0      47304847.0       850320.5
110     24572416.0      47621828.0       843071.0
333     24454144.0      47751036.0       838487.5
206     24313984.0      47764458.0       829196.5
120     24563584.0      47785016.5       828899.0
196     24374400.0      47381811.5       813066.5
20      24466048.0      47526896.5       810445.5
87      24634368.0      48032565.0       802875.5
262     24679296.0      47884729.5       797386.0
102     24415488.0      47732515.0       790840.5
86      24344960.0      47602151.0       788994.0
434     24969856.0      48409826.5       788185.0
5       24461696.0      47635074.5       787500.0
76      24325504.0      47663960.0       785619.5
139     24385152.0      47641028.5       780580.0
82      24625920.0      47749968.5       777375.0
261     24501760.0      48052250.5       773795.0
249     24497664.0      47889254.5       771584.0
273     24444160.0      47796350.0       768613.5
153     24321408.0      47559894.5       768045.0
              Server1       Server2
Offset                             
14      341891.294118  97987.823529
232      10228.500000   3116.687500
262       9911.375000   3105.750000
12        8841.625000   2688.062500
376       7630.375000   2337.062500
503       6187.250000   1929.187500
437       5907.875000   1865.375000
24        5032.000000   1694.062500
206       4894.375000   1674.687500
368       4821.500000   1665.062500
384       4649.750000   1579.437500
224       4514.125000   1550.375000
347       4443.125000   1519.562500
249       4395.375000   1540.062500
331       4333.000000   1518.437500
434       4305.500000   1507.312500
252       4300.875000   1480.125000
415       4287.625000   1506.875000
288       4261.500000   1458.750000
379       4237.000000   1457.937500
Current: [14, 197, 231, 272, 349, 430]
Subround 1
         Timestamp  TS First Frame  TS Prev Frame
Offset                                           
422     24291072.0      47304847.0       850320.5
110     24572416.0      47621828.0       843071.0
333     24454144.0      47751036.0       838487.5
206     24313984.0      47764458.0       829196.5
120     24563584.0      47785016.5       828899.0
196     24374400.0      47381811.5       813066.5
20      24466048.0      47526896.5       810445.5
262     24679296.0      47884729.5       797386.0
102     24415488.0      47732515.0       790840.5
86      24344960.0      47602151.0       788994.0
434     24969856.0      48409826.5       788185.0
5       24461696.0      47635074.5       787500.0
76      24325504.0      47663960.0       785619.5
139     24385152.0      47641028.5       780580.0
82      24625920.0      47749968.5       777375.0
261     24501760.0      48052250.5       773795.0
249     24497664.0      47889254.5       771584.0
273     24444160.0      47796350.0       768613.5
153     24321408.0      47559894.5       768045.0
87      24687872.0      48116129.0       766609.0
              Server1     Server2
Offset                           
14      331577.666667  95032.5000
232      10228.500000   3116.6875
262       9911.375000   3105.7500
12        8841.625000   2688.0625
376       7630.375000   2337.0625
503       6187.250000   1929.1875
437       5907.875000   1865.3750
24        5032.000000   1694.0625
206       4894.375000   1674.6875
368       4821.500000   1665.0625
384       4649.750000   1579.4375
224       4514.125000   1550.3750
347       4443.125000   1519.5625
249       4395.375000   1540.0625
331       4333.000000   1518.4375
434       4305.500000   1507.3125
252       4300.875000   1480.1250
415       4287.625000   1506.8750
288       4261.500000   1458.7500
379       4237.000000   1457.9375
Current: [14, 197, 209, 349, 430, 458, 484]
Subround 2
         Timestamp  TS First Frame  TS Prev Frame
Offset                                           
422     24291072.0      47304847.0       850320.5
110     24572416.0      47621828.0       843071.0
333     24454144.0      47751036.0       838487.5
206     24313984.0      47764458.0       829196.5
120     24563584.0      47785016.5       828899.0
196     24374400.0      47381811.5       813066.5
20      24466048.0      47526896.5       810445.5
87      24739968.0      48166538.5       802875.5
262     24679296.0      47884729.5       797386.0
102     24415488.0      47732515.0       790840.5
86      24344960.0      47602151.0       788994.0
434     24969856.0      48409826.5       788185.0
5       24461696.0      47635074.5       787500.0
76      24325504.0      47663960.0       785619.5
139     24385152.0      47641028.5       780580.0
82      24625920.0      47749968.5       777375.0
261     24501760.0      48052250.5       773795.0
249     24497664.0      47889254.5       771584.0
273     24444160.0      47796350.0       768613.5
153     24321408.0      47559894.5       768045.0
              Server1       Server2
Offset                             
14      344663.684211  98777.368421
232      10228.500000   3116.687500
262       9911.375000   3105.750000
12        8841.625000   2688.062500
60        7718.315789   2428.473684
376       7630.375000   2337.062500
503       6187.250000   1929.187500
437       5907.875000   1865.375000
24        5032.000000   1694.062500
206       4894.375000   1674.687500
368       4821.500000   1665.062500
384       4649.750000   1579.437500
224       4514.125000   1550.375000
347       4443.125000   1519.562500
249       4395.375000   1540.062500
331       4333.000000   1518.437500
434       4305.500000   1507.312500
252       4300.875000   1480.125000
415       4287.625000   1506.875000
288       4261.500000   1458.750000
Current: [14, 197, 349, 484]
Subround 3
         Timestamp  TS First Frame  TS Prev Frame
Offset                                           
422     24291072.0      47304847.0       850320.5
110     24572416.0      47621828.0       843071.0
333     24454144.0      47751036.0       838487.5
206     24313984.0      47764458.0       829196.5
120     24563584.0      47785016.5       828899.0
196     24374400.0      47381811.5       813066.5
20      24466048.0      47526896.5       810445.5
262     24679296.0      47884729.5       797386.0
102     24415488.0      47732515.0       790840.5
86      24344960.0      47602151.0       788994.0
434     24969856.0      48409826.5       788185.0
5       24461696.0      47635074.5       787500.0
76      24325504.0      47663960.0       785619.5
139     24385152.0      47641028.5       780580.0
82      24625920.0      47749968.5       777375.0
261     24501760.0      48052250.5       773795.0
249     24497664.0      47889254.5       771584.0
273     24444160.0      47796350.0       768613.5
153     24321408.0      47559894.5       768045.0
87      24687872.0      48116129.0       766609.0
           Server1      Server2
Offset                         
14      354642.500  101641.9000
232      10228.500    3116.6875
262       9911.375    3105.7500
12        8841.625    2688.0625
376       7630.375    2337.0625
60        7439.900    2343.2500
503       6187.250    1929.1875
437       5907.875    1865.3750
24        5032.000    1694.0625
206       4894.375    1674.6875
368       4821.500    1665.0625
384       4649.750    1579.4375
224       4514.125    1550.3750
347       4443.125    1519.5625
249       4395.375    1540.0625
331       4333.000    1518.4375
434       4305.500    1507.3125
252       4300.875    1480.1250
415       4287.625    1506.8750
288       4261.500    1458.7500
Current: [14, 197, 272, 484]
Subround 4
         Timestamp  TS First Frame  TS Prev Frame
Offset                                           
422     24291072.0      47304847.0       850320.5
110     24572416.0      47621828.0       843071.0
333     24454144.0      47751036.0       838487.5
206     24313984.0      47764458.0       829196.5
120     24563584.0      47785016.5       828899.0
196     24374400.0      47381811.5       813066.5
20      24466048.0      47526896.5       810445.5
87      24634368.0      48032565.0       802875.5
262     24679296.0      47884729.5       797386.0
102     24415488.0      47732515.0       790840.5
86      24344960.0      47602151.0       788994.0
434     24969856.0      48409826.5       788185.0
5       24461696.0      47635074.5       787500.0
76      24325504.0      47663960.0       785619.5
139     24385152.0      47641028.5       780580.0
82      24625920.0      47749968.5       777375.0
261     24501760.0      48052250.5       773795.0
249     24497664.0      47889254.5       771584.0
273     24444160.0      47796350.0       768613.5
153     24321408.0      47559894.5       768045.0
              Server1       Server2
Offset                             
14      345882.952381  99131.952381
232      10228.500000   3116.687500
262       9911.375000   3105.750000
12        8841.625000   2688.062500
376       7630.375000   2337.062500
60        7327.333333   2317.523810
503       6187.250000   1929.187500
437       5907.875000   1865.375000
24        5032.000000   1694.062500
206       4894.375000   1674.687500
368       4821.500000   1665.062500
384       4649.750000   1579.437500
224       4514.125000   1550.375000
347       4443.125000   1519.562500
249       4395.375000   1540.062500
331       4333.000000   1518.437500
434       4305.500000   1507.312500
252       4300.875000   1480.125000
415       4287.625000   1506.875000
288       4261.500000   1458.750000
Current: [14, 197, 209, 458, 484]
Subround 5
         Timestamp  TS First Frame  TS Prev Frame
Offset                                           
422     24291072.0      47304847.0       850320.5
110     24572416.0      47621828.0       843071.0
333     24454144.0      47751036.0       838487.5
206     24313984.0      47764458.0       829196.5
120     24563584.0      47785016.5       828899.0
196     24374400.0      47381811.5       813066.5
20      24466048.0      47526896.5       810445.5
262     24679296.0      47884729.5       797386.0
102     24415488.0      47732515.0       790840.5
86      24344960.0      47602151.0       788994.0
434     24969856.0      48409826.5       788185.0
5       24461696.0      47635074.5       787500.0
76      24325504.0      47663960.0       785619.5
139     24385152.0      47641028.5       780580.0
82      24625920.0      47749968.5       777375.0
261     24501760.0      48052250.5       773795.0
249     24497664.0      47889254.5       771584.0
273     24444160.0      47796350.0       768613.5
153     24321408.0      47559894.5       768045.0
87      24580864.0      47949001.0       766609.0
              Server1        Server2
Offset                              
14      364899.454545  104597.681818
232      10228.500000    3116.687500
262       9911.375000    3105.750000
12        8841.625000    2688.062500
376       7630.375000    2337.062500
60        7064.818182    2236.681818
503       6187.250000    1929.187500
437       5907.875000    1865.375000
24        5032.000000    1694.062500
206       4894.375000    1674.687500
368       4821.500000    1665.062500
384       4649.750000    1579.437500
224       4514.125000    1550.375000
347       4443.125000    1519.562500
249       4395.375000    1540.062500
331       4333.000000    1518.437500
434       4305.500000    1507.312500
252       4300.875000    1480.125000
415       4287.625000    1506.875000
288       4261.500000    1458.750000
Current: [14, 197, 209, 458, 484]
Subround 6
         Timestamp  TS First Frame  TS Prev Frame
Offset                                           
422     24291072.0      47304847.0       850320.5
110     24572416.0      47621828.0       843071.0
333     24454144.0      47751036.0       838487.5
206     24313984.0      47764458.0       829196.5
120     24563584.0      47785016.5       828899.0
196     24374400.0      47381811.5       813066.5
20      24466048.0      47526896.5       810445.5
262     24679296.0      47884729.5       797386.0
102     24415488.0      47732515.0       790840.5
86      24344960.0      47602151.0       788994.0
434     24969856.0      48409826.5       788185.0
5       24461696.0      47635074.5       787500.0
76      24325504.0      47663960.0       785619.5
139     24385152.0      47641028.5       780580.0
82      24625920.0      47749968.5       777375.0
261     24501760.0      48052250.5       773795.0
249     24497664.0      47889254.5       771584.0
273     24444160.0      47796350.0       768613.5
153     24321408.0      47559894.5       768045.0
317     24383104.0      47501310.5       762304.5
              Server1        Server2
Offset                              
14      356212.434783  102108.391304
232      10228.500000    3116.687500
262       9911.375000    3105.750000
12        8841.625000    2688.062500
376       7630.375000    2337.062500
60        6854.347826    2172.173913
503       6187.250000    1929.187500
437       5907.875000    1865.375000
24        5032.000000    1694.062500
206       4894.375000    1674.687500
368       4821.500000    1665.062500
384       4649.750000    1579.437500
224       4514.125000    1550.375000
347       4443.125000    1519.562500
249       4395.375000    1540.062500
331       4333.000000    1518.437500
434       4305.500000    1507.312500
252       4300.875000    1480.125000
415       4287.625000    1506.875000
288       4261.500000    1458.750000
Current: [14, 197, 209, 272, 458, 484]
Subround 7
         Timestamp  TS First Frame  TS Prev Frame
Offset                                           
422     24291072.0      47304847.0       850320.5
110     24572416.0      47621828.0       843071.0
333     24454144.0      47751036.0       838487.5
206     24313984.0      47764458.0       829196.5
120     24563584.0      47785016.5       828899.0
196     24374400.0      47381811.5       813066.5
20      24466048.0      47526896.5       810445.5
262     24679296.0      47884729.5       797386.0
102     24415488.0      47732515.0       790840.5
86      24344960.0      47602151.0       788994.0
434     24969856.0      48409826.5       788185.0
5       24461696.0      47635074.5       787500.0
76      24325504.0      47663960.0       785619.5
139     24385152.0      47641028.5       780580.0
82      24625920.0      47749968.5       777375.0
261     24501760.0      48052250.5       773795.0
249     24497664.0      47889254.5       771584.0
273     24444160.0      47796350.0       768613.5
153     24321408.0      47559894.5       768045.0
317     24383104.0      47501310.5       762304.5
              Server1        Server2
Offset                              
14      365177.500000  104684.291667
232      10228.500000    3116.687500
262       9911.375000    3105.750000
12        8841.625000    2688.062500
376       7630.375000    2337.062500
60        6719.583333    2139.541667
503       6187.250000    1929.187500
437       5907.875000    1865.375000
24        5032.000000    1694.062500
206       4894.375000    1674.687500
368       4821.500000    1665.062500
384       4649.750000    1579.437500
224       4514.125000    1550.375000
347       4443.125000    1519.562500
249       4395.375000    1540.062500
331       4333.000000    1518.437500
434       4305.500000    1507.312500
252       4300.875000    1480.125000
415       4287.625000    1506.875000
288       4261.500000    1458.750000
Current: [14, 197, 209, 272, 458, 484]
Subround 8
         Timestamp  TS First Frame  TS Prev Frame
Offset                                           
422     24291072.0      47304847.0       850320.5
110     24572416.0      47621828.0       843071.0
333     24454144.0      47751036.0       838487.5
206     24313984.0      47764458.0       829196.5
120     24563584.0      47785016.5       828899.0
196     24374400.0      47381811.5       813066.5
20      24466048.0      47526896.5       810445.5
262     24679296.0      47884729.5       797386.0
102     24415488.0      47732515.0       790840.5
86      24344960.0      47602151.0       788994.0
434     24969856.0      48409826.5       788185.0
5       24461696.0      47635074.5       787500.0
76      24325504.0      47663960.0       785619.5
139     24385152.0      47641028.5       780580.0
82      24625920.0      47749968.5       777375.0
261     24501760.0      48052250.5       773795.0
249     24497664.0      47889254.5       771584.0
273     24444160.0      47796350.0       768613.5
153     24321408.0      47559894.5       768045.0
317     24383104.0      47501310.5       762304.5
           Server1      Server2
Offset                         
14      356730.720  102263.4400
232      10228.500    3116.6875
262       9911.375    3105.7500
12        8841.625    2688.0625
376       7630.375    2337.0625
60        6532.880    2081.5200
503       6187.250    1929.1875
437       5907.875    1865.3750
24        5032.000    1694.0625
206       4894.375    1674.6875
368       4821.500    1665.0625
384       4649.750    1579.4375
224       4514.125    1550.3750
347       4443.125    1519.5625
249       4395.375    1540.0625
331       4333.000    1518.4375
434       4305.500    1507.3125
252       4300.875    1480.1250
415       4287.625    1506.8750
288       4261.500    1458.7500
Current: [14, 197, 209, 458, 484]
Subround 9
         Timestamp  TS First Frame  TS Prev Frame
Offset                                           
422     24291072.0      47304847.0       850320.5
110     24572416.0      47621828.0       843071.0
333     24454144.0      47751036.0       838487.5
206     24313984.0      47764458.0       829196.5
120     24563584.0      47785016.5       828899.0
196     24374400.0      47381811.5       813066.5
20      24466048.0      47526896.5       810445.5
262     24679296.0      47884729.5       797386.0
102     24415488.0      47732515.0       790840.5
86      24344960.0      47602151.0       788994.0
434     24969856.0      48409826.5       788185.0
5       24461696.0      47635074.5       787500.0
76      24325504.0      47663960.0       785619.5
139     24385152.0      47641028.5       780580.0
82      24625920.0      47749968.5       777375.0
261     24501760.0      48052250.5       773795.0
249     24497664.0      47889254.5       771584.0
273     24444160.0      47796350.0       768613.5
153     24321408.0      47559894.5       768045.0
87      24580864.0      47904624.0       764296.0
              Server1        Server2
Offset                              
14      349279.692308  100127.692308
232      10228.500000    3116.687500
262       9911.375000    3105.750000
12        8841.625000    2688.062500
376       7630.375000    2337.062500
60        6410.461538    2050.192308
503       6187.250000    1929.187500
437       5907.875000    1865.375000
24        5032.000000    1694.062500
206       4894.375000    1674.687500
368       4821.500000    1665.062500
384       4649.750000    1579.437500
224       4514.125000    1550.375000
347       4443.125000    1519.562500
249       4395.375000    1540.062500
331       4333.000000    1518.437500
434       4305.500000    1507.312500
252       4300.875000    1480.125000
415       4287.625000    1506.875000
288       4261.500000    1458.750000
Current: [14, 197, 209, 231, 484]
Subround 10
         Timestamp  TS First Frame  TS Prev Frame
Offset                                           
422     24291072.0      47304847.0       850320.5
110     24572416.0      47621828.0       843071.0
333     24454144.0      47751036.0       838487.5
206     24313984.0      47764458.0       829196.5
120     24563584.0      47785016.5       828899.0
196     24374400.0      47381811.5       813066.5
20      24466048.0      47526896.5       810445.5
262     24679296.0      47884729.5       797386.0
102     24415488.0      47732515.0       790840.5
86      24344960.0      47602151.0       788994.0
434     24969856.0      48409826.5       788185.0
5       24461696.0      47635074.5       787500.0
76      24325504.0      47663960.0       785619.5
139     24385152.0      47641028.5       780580.0
82      24625920.0      47749968.5       777375.0
261     24501760.0      48052250.5       773795.0
249     24497664.0      47889254.5       771584.0
273     24444160.0      47796350.0       768613.5
153     24321408.0      47559894.5       768045.0
317     24383104.0      47501310.5       762304.5
              Server1        Server2
Offset                              
14      357960.444444  102623.592593
232      10228.500000    3116.687500
262       9911.375000    3105.750000
12        8841.625000    2688.062500
376       7630.375000    2337.062500
60        6277.925926    2008.000000
503       6187.250000    1929.187500
437       5907.875000    1865.375000
24        5032.000000    1694.062500
206       4894.375000    1674.687500
368       4821.500000    1665.062500
384       4649.750000    1579.437500
224       4514.125000    1550.375000
347       4443.125000    1519.562500
249       4395.375000    1540.062500
331       4333.000000    1518.437500
434       4305.500000    1507.312500
252       4300.875000    1480.125000
415       4287.625000    1506.875000
288       4261.500000    1458.750000
Current: [14, 197, 209, 484]
Subround 11
         Timestamp  TS First Frame  TS Prev Frame
Offset                                           
422     24291072.0      47304847.0       850320.5
110     24572416.0      47621828.0       843071.0
333     24454144.0      47751036.0       838487.5
206     24313984.0      47764458.0       829196.5
120     24563584.0      47785016.5       828899.0
196     24374400.0      47381811.5       813066.5
20      24466048.0      47526896.5       810445.5
262     24679296.0      47884729.5       797386.0
102     24415488.0      47732515.0       790840.5
86      24344960.0      47602151.0       788994.0
434     24969856.0      48409826.5       788185.0
5       24461696.0      47635074.5       787500.0
76      24325504.0      47663960.0       785619.5
139     24385152.0      47641028.5       780580.0
82      24625920.0      47749968.5       777375.0
261     24501760.0      48052250.5       773795.0
249     24497664.0      47889254.5       771584.0
273     24444160.0      47796350.0       768613.5
153     24321408.0      47559894.5       768045.0
317     24383104.0      47501310.5       762304.5
              Server1        Server2
Offset                              
14      351430.071429  100749.285714
232      10228.500000    3116.687500
262       9911.375000    3105.750000
12        8841.625000    2688.062500
376       7630.375000    2337.062500
60        6193.357143    1982.571429
503       6187.250000    1929.187500
437       5907.875000    1865.375000
24        5032.000000    1694.062500
206       4894.375000    1674.687500
368       4821.500000    1665.062500
384       4649.750000    1579.437500
224       4514.125000    1550.375000
347       4443.125000    1519.562500
249       4395.375000    1540.062500
331       4333.000000    1518.437500
434       4305.500000    1507.312500
252       4300.875000    1480.125000
415       4287.625000    1506.875000
288       4261.500000    1458.750000
Current: [14, 484]
Subround 12
         Timestamp  TS First Frame  TS Prev Frame
Offset                                           
422     24291072.0      47304847.0       850320.5
110     24572416.0      47621828.0       843071.0
333     24454144.0      47751036.0       838487.5
206     24313984.0      47764458.0       829196.5
120     24563584.0      47785016.5       828899.0
196     24374400.0      47381811.5       813066.5
20      24466048.0      47526896.5       810445.5
262     24679296.0      47884729.5       797386.0
102     24415488.0      47732515.0       790840.5
86      24344960.0      47602151.0       788994.0
434     24969856.0      48409826.5       788185.0
5       24461696.0      47635074.5       787500.0
76      24325504.0      47663960.0       785619.5
139     24385152.0      47641028.5       780580.0
82      24625920.0      47749968.5       777375.0
261     24501760.0      48052250.5       773795.0
249     24497664.0      47889254.5       771584.0
273     24444160.0      47796350.0       768613.5
153     24321408.0      47559894.5       768045.0
317     24383104.0      47501310.5       762304.5
              Server1        Server2
Offset                              
14      360787.931034  103426.482759
232      10228.500000    3116.687500
262       9911.375000    3105.750000
12        8841.625000    2688.062500
376       7630.375000    2337.062500
503       6187.250000    1929.187500
60        6067.655172    1942.655172
437       5907.875000    1865.375000
24        5032.000000    1694.062500
206       4894.375000    1674.687500
368       4821.500000    1665.062500
384       4649.750000    1579.437500
224       4514.125000    1550.375000
347       4443.125000    1519.562500
249       4395.375000    1540.062500
331       4333.000000    1518.437500
434       4305.500000    1507.312500
252       4300.875000    1480.125000
415       4287.625000    1506.875000
288       4261.500000    1458.750000
Current: [14, 484]
Subround 13
         Timestamp  TS First Frame  TS Prev Frame
Offset                                           
422     24291072.0      47304847.0       850320.5
110     24572416.0      47621828.0       843071.0
333     24454144.0      47751036.0       838487.5
206     24313984.0      47764458.0       829196.5
120     24563584.0      47785016.5       828899.0
196     24374400.0      47381811.5       813066.5
20      24466048.0      47526896.5       810445.5
262     24679296.0      47884729.5       797386.0
102     24415488.0      47732515.0       790840.5
86      24344960.0      47602151.0       788994.0
434     24969856.0      48409826.5       788185.0
5       24461696.0      47635074.5       787500.0
76      24325504.0      47663960.0       785619.5
139     24385152.0      47641028.5       780580.0
82      24625920.0      47749968.5       777375.0
261     24501760.0      48052250.5       773795.0
249     24497664.0      47889254.5       771584.0
273     24444160.0      47796350.0       768613.5
153     24321408.0      47559894.5       768045.0
317     24383104.0      47501310.5       762304.5
           Server1        Server2
Offset                           
14      356646.000  102239.733333
232      10228.500    3116.687500
262       9911.375    3105.750000
12        8841.625    2688.062500
376       7630.375    2337.062500
503       6187.250    1929.187500
60        5926.800    1898.833333
437       5907.875    1865.375000
24        5032.000    1694.062500
206       4894.375    1674.687500
368       4821.500    1665.062500
384       4649.750    1579.437500
224       4514.125    1550.375000
347       4443.125    1519.562500
249       4395.375    1540.062500
331       4333.000    1518.437500
434       4305.500    1507.312500
252       4300.875    1480.125000
415       4287.625    1506.875000
288       4261.500    1458.750000
Current: [14, 231, 484]
Subround 14
         Timestamp  TS First Frame  TS Prev Frame
Offset                                           
422     24291072.0      47304847.0       850320.5
110     24572416.0      47621828.0       843071.0
333     24454144.0      47751036.0       838487.5
206     24313984.0      47764458.0       829196.5
120     24563584.0      47785016.5       828899.0
196     24374400.0      47381811.5       813066.5
20      24466048.0      47526896.5       810445.5
262     24679296.0      47884729.5       797386.0
102     24415488.0      47732515.0       790840.5
86      24344960.0      47602151.0       788994.0
434     24969856.0      48409826.5       788185.0
5       24461696.0      47635074.5       787500.0
76      24325504.0      47663960.0       785619.5
139     24385152.0      47641028.5       780580.0
82      24625920.0      47749968.5       777375.0
261     24501760.0      48052250.5       773795.0
249     24497664.0      47889254.5       771584.0
273     24444160.0      47796350.0       768613.5
153     24321408.0      47559894.5       768045.0
317     24383104.0      47501310.5       762304.5
              Server1        Server2
Offset                              
14      358277.161290  102706.000000
232      10228.500000    3116.687500
262       9911.375000    3105.750000
12        8841.625000    2688.062500
376       7630.375000    2337.062500
503       6187.250000    1929.187500
437       5907.875000    1865.375000
60        5878.322581    1886.677419
24        5032.000000    1694.062500
206       4894.375000    1674.687500
368       4821.500000    1665.062500
384       4649.750000    1579.437500
224       4514.125000    1550.375000
347       4443.125000    1519.562500
249       4395.375000    1540.062500
331       4333.000000    1518.437500
434       4305.500000    1507.312500
252       4300.875000    1480.125000
415       4287.625000    1506.875000
288       4261.500000    1458.750000
Current: [14, 231, 484]
Subround 15
         Timestamp  TS First Frame  TS Prev Frame
Offset                                           
422     24291072.0      47304847.0       850320.5
110     24572416.0      47621828.0       843071.0
333     24454144.0      47751036.0       838487.5
206     24313984.0      47764458.0       829196.5
120     24563584.0      47785016.5       828899.0
196     24374400.0      47381811.5       813066.5
20      24466048.0      47526896.5       810445.5
262     24679296.0      47884729.5       797386.0
102     24415488.0      47732515.0       790840.5
86      24344960.0      47602151.0       788994.0
434     24969856.0      48409826.5       788185.0
5       24461696.0      47635074.5       787500.0
76      24325504.0      47663960.0       785619.5
139     24385152.0      47641028.5       780580.0
82      24625920.0      47749968.5       777375.0
261     24501760.0      48052250.5       773795.0
249     24497664.0      47889254.5       771584.0
273     24444160.0      47796350.0       768613.5
153     24321408.0      47559894.5       768045.0
317     24383104.0      47501310.5       762304.5
           Server1       Server2
Offset                          
14      352320.500  100998.12500
232      10228.500    3116.68750
262       9911.375    3105.75000
12        8841.625    2688.06250
376       7630.375    2337.06250
503       6187.250    1929.18750
437       5907.875    1865.37500
60        5750.375    1846.78125
24        5032.000    1694.06250
206       4894.375    1674.68750
368       4821.500    1665.06250
384       4649.750    1579.43750
224       4514.125    1550.37500
347       4443.125    1519.56250
249       4395.375    1540.06250
331       4333.000    1518.43750
434       4305.500    1507.31250
252       4300.875    1480.12500
415       4287.625    1506.87500
288       4261.500    1458.75000
Current: [14]
Subround 16
         Timestamp  TS First Frame  TS Prev Frame
Offset                                           
422     24291072.0      47304847.0       850320.5
110     24572416.0      47621828.0       843071.0
333     24454144.0      47751036.0       838487.5
206     24313984.0      47764458.0       829196.5
120     24563584.0      47785016.5       828899.0
196     24374400.0      47381811.5       813066.5
20      24466048.0      47526896.5       810445.5
262     24679296.0      47884729.5       797386.0
102     24415488.0      47732515.0       790840.5
86      24344960.0      47602151.0       788994.0
434     24969856.0      48409826.5       788185.0
5       24461696.0      47635074.5       787500.0
76      24325504.0      47663960.0       785619.5
139     24385152.0      47641028.5       780580.0
82      24625920.0      47749968.5       777375.0
261     24501760.0      48052250.5       773795.0
249     24497664.0      47889254.5       771584.0
273     24444160.0      47796350.0       768613.5
153     24321408.0      47559894.5       768045.0
317     24383104.0      47501310.5       762304.5
              Server1       Server2
Offset                             
14      346999.757576  99473.090909
232      10228.500000   3116.687500
262       9911.375000   3105.750000
12        8841.625000   2688.062500
376       7630.375000   2337.062500
503       6187.250000   1929.187500
437       5907.875000   1865.375000
60        5737.090909   1847.515152
24        5032.000000   1694.062500
206       4894.375000   1674.687500
368       4821.500000   1665.062500
384       4649.750000   1579.437500
224       4514.125000   1550.375000
347       4443.125000   1519.562500
249       4395.375000   1540.062500
331       4333.000000   1518.437500
434       4305.500000   1507.312500
252       4300.875000   1480.125000
415       4287.625000   1506.875000
288       4261.500000   1458.750000
Current: [14]
Subround 17
         Timestamp  TS First Frame  TS Prev Frame
Offset                                           
422     24291072.0      47304847.0       850320.5
110     24572416.0      47621828.0       843071.0
333     24454144.0      47751036.0       838487.5
206     24313984.0      47764458.0       829196.5
120     24563584.0      47785016.5       828899.0
196     24374400.0      47381811.5       813066.5
20      24466048.0      47526896.5       810445.5
262     24679296.0      47884729.5       797386.0
102     24415488.0      47732515.0       790840.5
86      24344960.0      47602151.0       788994.0
434     24969856.0      48409826.5       788185.0
5       24461696.0      47635074.5       787500.0
76      24325504.0      47663960.0       785619.5
139     24385152.0      47641028.5       780580.0
82      24625920.0      47749968.5       777375.0
261     24501760.0      48052250.5       773795.0
249     24497664.0      47889254.5       771584.0
273     24444160.0      47796350.0       768613.5
153     24321408.0      47559894.5       768045.0
317     24383104.0      47501310.5       762304.5
              Server1        Server2
Offset                              
14      353601.529412  101363.588235
232      10228.500000    3116.687500
262       9911.375000    3105.750000
12        8841.625000    2688.062500
376       7630.375000    2337.062500
503       6187.250000    1929.187500
437       5907.875000    1865.375000
60        5621.529412    1812.176471
24        5032.000000    1694.062500
206       4894.375000    1674.687500
368       4821.500000    1665.062500
384       4649.750000    1579.437500
224       4514.125000    1550.375000
347       4443.125000    1519.562500
249       4395.375000    1540.062500
331       4333.000000    1518.437500
434       4305.500000    1507.312500
252       4300.875000    1480.125000
415       4287.625000    1506.875000
288       4261.500000    1458.750000
Current: [14]
Subround 18
         Timestamp  TS First Frame  TS Prev Frame
Offset                                           
422     24291072.0      47304847.0       850320.5
110     24572416.0      47621828.0       843071.0
333     24454144.0      47751036.0       838487.5
206     24313984.0      47764458.0       829196.5
120     24563584.0      47785016.5       828899.0
196     24374400.0      47381811.5       813066.5
20      24466048.0      47526896.5       810445.5
262     24679296.0      47884729.5       797386.0
102     24415488.0      47732515.0       790840.5
86      24344960.0      47602151.0       788994.0
434     24969856.0      48409826.5       788185.0
5       24461696.0      47635074.5       787500.0
76      24325504.0      47663960.0       785619.5
139     24385152.0      47641028.5       780580.0
82      24625920.0      47749968.5       777375.0
261     24501760.0      48052250.5       773795.0
249     24497664.0      47889254.5       771584.0
273     24444160.0      47796350.0       768613.5
153     24321408.0      47559894.5       768045.0
317     24383104.0      47501310.5       762304.5
              Server1       Server2
Offset                             
14      348305.485714  99845.085714
232      10228.500000   3116.687500
262       9911.375000   3105.750000
12        8841.625000   2688.062500
376       7630.375000   2337.062500
503       6187.250000   1929.187500
437       5907.875000   1865.375000
60        5547.371429   1788.028571
24        5032.000000   1694.062500
206       4894.375000   1674.687500
368       4821.500000   1665.062500
384       4649.750000   1579.437500
224       4514.125000   1550.375000
347       4443.125000   1519.562500
249       4395.375000   1540.062500
331       4333.000000   1518.437500
434       4305.500000   1507.312500
252       4300.875000   1480.125000
415       4287.625000   1506.875000
288       4261.500000   1458.750000
Current: [14]
         Timestamp  TS First Frame  TS Prev Frame
Offset                                           
422     24291072.0      47304847.0       850320.5
110     24572416.0      47621828.0       843071.0
333     24454144.0      47751036.0       838487.5
206     24313984.0      47764458.0       829196.5
120     24563584.0      47785016.5       828899.0
196     24374400.0      47381811.5       813066.5
20      24466048.0      47526896.5       810445.5
262     24679296.0      47884729.5       797386.0
102     24415488.0      47732515.0       790840.5
86      24344960.0      47602151.0       788994.0
434     24969856.0      48409826.5       788185.0
5       24461696.0      47635074.5       787500.0
76      24325504.0      47663960.0       785619.5
139     24385152.0      47641028.5       780580.0
82      24625920.0      47749968.5       777375.0
261     24501760.0      48052250.5       773795.0
249     24497664.0      47889254.5       771584.0
273     24444160.0      47796350.0       768613.5
153     24321408.0      47559894.5       768045.0
317     24383104.0      47501310.5       762304.5
              Server1       Server2
Offset                             
14      348305.485714  99845.085714
232      10228.500000   3116.687500
262       9911.375000   3105.750000
12        8841.625000   2688.062500
376       7630.375000   2337.062500
503       6187.250000   1929.187500
437       5907.875000   1865.375000
60        5547.371429   1788.028571
24        5032.000000   1694.062500
206       4894.375000   1674.687500
368       4821.500000   1665.062500
384       4649.750000   1579.437500
224       4514.125000   1550.375000
347       4443.125000   1519.562500
249       4395.375000   1540.062500
331       4333.000000   1518.437500
434       4305.500000   1507.312500
252       4300.875000   1480.125000
415       4287.625000   1506.875000
288       4261.500000   1458.750000
Winning offset:
[14]
2021-09-16 17:50:52.550657
2021-09-16 17:56:20.214685
0:05:27.664028
attacker.py:480: DeprecationWarning: The default dtype for empty Series will be 'object' instead of 'float64' in a future version. Specify a dtype explicitly to silence this warning.
  mean2 = pd.Series(values2).mean()
attacker.py:479: DeprecationWarning: The default dtype for empty Series will be 'object' instead of 'float64' in a future version. Specify a dtype explicitly to silence this warning.
  mean1 = pd.Series(values1).mean()
attacker.py:479: DeprecationWarning: The default dtype for empty Series will be 'object' instead of 'float64' in a future version. Specify a dtype explicitly to silence this warning.
  mean1 = pd.Series(values1).mean()
attacker.py:480: DeprecationWarning: The default dtype for empty Series will be 'object' instead of 'float64' in a future version. Specify a dtype explicitly to silence this warning.
  mean2 = pd.Series(values2).mean()
Exception ignored in: <function Capture.__del__ at 0x7fad0d240670>
Traceback (most recent call last):
  File "/home/mlipp/.virtualenvs/kaslr/lib/python3.8/site-packages/pyshark/capture/capture.py", line 445, in __del__
  File "/home/mlipp/.virtualenvs/kaslr/lib/python3.8/site-packages/pyshark/capture/capture.py", line 436, in close
  File "/usr/lib/python3.8/asyncio/base_events.py", line 592, in run_until_complete
  File "/usr/lib/python3.8/asyncio/base_events.py", line 553, in _check_running
AttributeError: 'NoneType' object has no attribute '_get_running_loop'
