Loading page file profiles/packet3/pages/0x6e4a.yaml
Loading page file profiles/packet3/pages/0x6e60.yaml
Loading page file profiles/packet3/pages/0x6ee3.yaml
Loading page file profiles/packet3/pages/0x7241.yaml
Loading page file profiles/packet3/pages/0x7242.yaml
Loading page file profiles/packet3/pages/0x7243.yaml
Loading page file profiles/packet3/pages/0x7244.yaml
Round 0
Subround 0
Empty DataFrame
Columns: [Timestamp, TS First Frame, TS Prev Frame]
Index: []
         Server1   Server2
Offset                    
14      409316.0  117349.0
57       39906.0   11615.0
207      22584.0    6612.0
159       7420.0    2584.0
455       6548.0    2333.0
383       6464.0    2063.0
88        6454.0    2193.0
237       6372.0    2101.0
203       6304.0    2092.0
201       6244.0    2075.0
509       6164.0    2209.0
361       6138.0    2105.0
372       6018.0    2071.0
470       6010.0    1998.0
265       5902.0    2039.0
387       5900.0    2039.0
15        5864.0    1940.0
480       5846.0    2063.0
242       5816.0    2021.0
160       5812.0    1941.0
Current: [0, 2, 4, 6, 8, 10, 11, 14, 15, 16, 18, 19, 20, 22, 24, 25, 28, 30, 32, 36, 40, 45, 47, 49, 50, 51, 53, 54, 56, 57, 58, 60, 61, 62, 65, 66, 69, 74, 76, 81, 82, 87, 89, 92, 93, 97, 98, 99, 100, 102, 104, 105, 107, 108, 109, 119, 120, 121, 124, 125, 127, 130, 136, 137, 138, 140, 146, 147, 148, 149, 150, 153, 154, 155, 156, 159, 162, 164, 165, 167, 168, 171, 173, 177, 178, 180, 184, 185, 186, 187, 188, 189, 191, 193, 196, 198, 201, 202, 206, 207, 208, 214, 216, 217, 219, 220, 222, 223, 224, 225, 228, 229, 230, 231, 232, 235, 238, 241, 242, 243, 244, 246, 247, 248, 249, 253, 254, 256, 258, 261, 262, 264, 265, 268, 269, 271, 272, 273, 274, 275, 278, 280, 285, 286, 287, 288, 291, 292, 295, 296, 298, 299, 300, 301, 303, 305, 306, 308, 309, 310, 311, 314, 315, 317, 319, 324, 325, 330, 331, 335, 337, 338, 339, 340, 341, 342, 343, 345, 347, 348, 349, 352, 355, 356, 357, 359, 360, 361, 367, 369, 371, 373, 378, 382, 384, 388, 394, 395, 396, 398, 400, 401, 403, 406, 410, 411, 412, 414, 415, 416, 419, 422, 431, 433, 439, 440, 442, 445, 446, 452, 453, 457, 461, 465, 468, 473, 474, 477, 479, 480, 481, 484, 487, 489, 492, 493, 495, 496, 498, 500, 502, 506, 507, 508, 510]
Subround 1
         Timestamp  TS First Frame  TS Prev Frame
Offset                                           
25      24506496.0      47753697.5       987056.5
0       24868352.0      48503053.5       976925.5
341     25106816.0      48818193.0       968804.5
185     24415616.0      47419996.0       965558.0
32      24773888.0      48041095.0       937739.5
179     24686080.0      47679114.0       922139.0
155     24597632.0      47818789.5       912566.5
473     24312320.0      47238339.0       912286.5
108     26005504.0      50435199.0       903418.5
48      24975488.0      48520510.5       893340.0
105     24628480.0      47873990.0       891745.0
412     24993920.0      48575884.5       886696.0
357     24703232.0      48360392.5       883611.5
262     24800128.0      48262243.0       878863.0
50      24520320.0      47491978.0       878509.5
233     24925568.0      48287525.0       874396.5
14      24530176.0      47663633.5       872004.0
371     24801280.0      48404314.5       870967.5
166     24905088.0      48672754.0       868441.5
224     25107712.0      48755234.5       867248.0
         Server1   Server2
Offset                    
14      486569.0  139517.0
57       22366.0    6626.5
207      12660.0    3747.5
351      10880.0    3424.0
508       7465.0    2375.0
159       6165.0    2172.0
387       5966.0    2061.5
179       5925.0    2000.5
267       5884.0    1984.5
372       5752.0    1997.5
470       5541.0    1853.5
219       5495.0    1873.5
201       5484.0    1837.0
224       5484.0    1941.0
171       5463.0    1969.5
203       5458.0    1894.0
254       5379.0    1855.5
185       5375.0    1949.5
345       5358.0    1854.0
226       5344.0    1793.5
Current: [0, 1, 10, 11, 16, 18, 19, 20, 25, 32, 40, 45, 49, 50, 57, 58, 60, 61, 64, 69, 81, 92, 98, 99, 100, 102, 107, 110, 115, 119, 130, 136, 138, 146, 149, 150, 153, 155, 156, 162, 165, 167, 171, 178, 180, 184, 187, 188, 189, 193, 196, 202, 206, 214, 216, 217, 220, 223, 228, 229, 230, 231, 241, 243, 247, 248, 249, 250, 254, 264, 271, 272, 273, 274, 275, 278, 286, 291, 298, 305, 306, 317, 324, 325, 330, 335, 337, 338, 341, 347, 348, 355, 356, 357, 360, 361, 365, 367, 369, 371, 373, 384, 388, 395, 396, 400, 401, 403, 406, 410, 414, 415, 416, 419, 431, 433, 439, 440, 450, 453, 465, 473, 474, 477, 484, 489, 493, 494, 496, 500, 502, 507, 510]
Subround 2
         Timestamp  TS First Frame  TS Prev Frame
Offset                                           
295     25132800.0      48659017.0       964389.0
63      25127424.0      48909776.0       944617.0
185     24245504.0      47649306.0       942723.0
359     24753664.0      48388669.0       935772.0
54      24308736.0      47362678.0       931713.0
436     25137664.0      48730866.0       926408.0
509     24799232.0      48186099.0       922888.0
0       24820480.0      48363856.0       920549.0
32      24433664.0      47478853.0       906182.0
455     24663552.0      47787395.0       896385.0
108     24502016.0      47604549.0       884016.0
378     24420864.0      46902226.0       876597.0
492     24686848.0      48118204.0       876594.0
223     24840704.0      47960379.0       875214.0
406     24704256.0      47720070.0       865878.0
334     24760576.0      48185465.0       860067.0
309     24491776.0      47674335.0       857958.0
233     24914176.0      48253529.0       857530.0
113     25064960.0      48625411.0       856881.0
488     24738560.0      48387426.0       853572.0
              Server1        Server2
Offset                              
14      382726.666667  109734.000000
57       15625.333333    4654.000000
207       9836.666667    3015.000000
351       7926.666667    2497.666667
508       5630.000000    1809.000000
267       5428.666667    1850.666667
384       5318.000000    1840.666667
159       5248.666667    1819.333333
88        4844.666667    1615.333333
367       4806.666667    1644.333333
299       4694.000000    1643.333333
201       4688.666667    1546.666667
387       4666.666667    1605.000000
137       4644.000000    1570.333333
334       4627.333333    1532.666667
179       4610.666667    1561.333333
379       4590.000000    1573.333333
237       4582.000000    1523.666667
372       4528.000000    1560.000000
224       4520.000000    1577.000000
Current: [0, 1, 10, 16, 18, 20, 45, 57, 58, 64, 69, 92, 99, 100, 107, 115, 149, 150, 156, 162, 167, 180, 188, 189, 196, 214, 217, 220, 223, 228, 230, 247, 248, 250, 273, 274, 275, 278, 286, 298, 305, 330, 337, 338, 355, 356, 361, 367, 371, 384, 388, 400, 401, 403, 406, 410, 415, 433, 450, 453, 465, 474, 502]
Subround 3
         Timestamp  TS First Frame  TS Prev Frame
Offset                                           
357     24703232.0      48360392.5       883611.5
341     25106816.0      48522176.0       877032.5
14      24530176.0      47825155.5       870358.0
254     25078144.0      48817021.5       859799.0
195     24882176.0      48566784.5       858119.5
452     24713088.0      48289878.0       848589.5
233     24925568.0      48287525.0       845365.0
12      24814208.0      47853228.0       845223.5
55      25001984.0      48551005.0       844724.5
48      24886016.0      48520510.5       840792.5
412     24968704.0      48575884.5       840745.5
54      24439168.0      47635450.0       839142.5
201     24830208.0      48347022.5       836114.0
108     24475520.0      47702986.5       836105.0
170     24799744.0      48133165.5       835264.0
330     24474112.0      47744464.5       833697.0
327     24648832.0      48346955.0       833465.5
466     24832256.0      48435971.0       829302.5
262     24800128.0      48262243.0       828251.5
361     25030400.0      48597040.0       825036.5
         Server1    Server2
Offset                     
14      471083.5  135115.25
57       12877.5    3885.75
497      12191.0    3666.75
207       8075.0    2480.75
351       7226.5    2353.00
267       5293.5    1832.00
372       5217.0    1797.25
219       5043.0    1680.25
88        4941.5    1676.25
387       4925.5    1681.50
508       4874.5    1564.75
384       4871.0    1659.50
379       4844.5    1643.50
254       4807.0    1670.75
201       4757.5    1609.50
50        4652.0    1623.00
224       4627.5    1627.00
371       4597.5    1580.50
330       4552.5    1568.50
361       4548.5    1591.00
Current: [0, 1, 10, 14, 16, 17, 18, 20, 25, 32, 33, 39, 40, 45, 50, 53, 54, 57, 58, 61, 62, 64, 69, 79, 85, 92, 98, 99, 100, 103, 107, 108, 115, 136, 143, 144, 149, 150, 153, 155, 156, 162, 165, 167, 170, 171, 177, 180, 182, 187, 188, 189, 193, 196, 198, 206, 207, 212, 214, 217, 220, 222, 223, 228, 229, 230, 235, 241, 244, 247, 248, 250, 251, 254, 255, 256, 264, 272, 273, 274, 275, 278, 283, 286, 288, 292, 298, 301, 305, 306, 308, 317, 324, 325, 328, 330, 335, 337, 338, 341, 352, 354, 355, 356, 357, 359, 361, 365, 367, 369, 371, 375, 384, 386, 388, 390, 398, 400, 401, 402, 403, 404, 406, 407, 410, 415, 416, 419, 422, 423, 425, 433, 436, 437, 439, 440, 442, 444, 446, 453, 465, 466, 467, 473, 474, 477, 484, 486, 489, 496, 497, 500, 502, 508]
Subround 4
         Timestamp  TS First Frame  TS Prev Frame
Offset                                           
273     24225792.0      47476799.0       952178.0
54      24569600.0      47908222.0       931713.0
436     24586496.0      47577840.0       926408.0
0       24820480.0      48363856.0       920549.0
63      25127424.0      48909776.0       906546.0
429     24205824.0      47321117.0       898000.0
281     24129280.0      47181768.0       871445.0
334     24745984.0      47839292.0       860067.0
488     24194560.0      47052605.0       853572.0
242     24595200.0      47956272.0       852428.0
455     24663552.0      47787395.0       851162.0
254     25188352.0      48915177.0       847241.0
195     24703744.0      48471604.0       846941.0
25      24718592.0      47869334.0       846709.0
443     24664832.0      48291672.0       845039.0
39      24491776.0      47660569.0       843934.0
10      24549888.0      47982799.0       842769.0
85      24811264.0      48511656.0       841186.0
399     24317696.0      47967529.0       837543.0
341     25105920.0      48487391.0       837115.0
         Server1   Server2
Offset                    
14      410340.8  117686.0
57       10990.8    3324.2
497      10847.6    3322.6
207       6916.8    2141.6
351       6152.8    2008.2
457       5166.0    1705.4
267       5125.2    1792.0
372       5111.2    1780.8
508       5018.8    1642.2
88        4946.0    1705.8
254       4802.8    1682.6
179       4786.8    1616.8
423       4738.0    1573.8
219       4721.2    1582.8
384       4648.8    1573.2
330       4634.8    1609.6
240       4613.6    1605.4
379       4575.6    1538.2
159       4538.0    1554.8
201       4521.2    1512.2
Current: [0, 1, 10, 14, 16, 17, 18, 20, 25, 32, 33, 39, 40, 45, 54, 57, 58, 61, 62, 69, 79, 85, 99, 100, 108, 115, 136, 143, 149, 156, 158, 162, 167, 177, 180, 188, 189, 196, 198, 207, 214, 217, 223, 228, 230, 235, 244, 250, 255, 272, 273, 274, 275, 278, 283, 292, 298, 306, 324, 328, 330, 337, 338, 352, 355, 365, 367, 384, 390, 400, 401, 403, 406, 407, 410, 415, 416, 422, 433, 436, 439, 440, 442, 444, 450, 453, 465, 473, 474, 477, 489]
Subround 5
         Timestamp  TS First Frame  TS Prev Frame
Offset                                           
357     24543104.0      47859512.5       883611.5
14      24530176.0      47825155.5       870358.0
239     24539392.0      47640731.5       842648.0
54      24439168.0      47635450.0       839142.5
108     24475520.0      47702986.5       836105.0
330     24521856.0      47769346.0       831529.0
341     24736000.0      47836799.5       816122.0
210     24651008.0      48055752.0       811545.5
327     24717824.0      48346955.0       810561.5
0       24634624.0      47988642.0       807121.0
55      24699392.0      47749712.0       804562.5
219     24658560.0      47940365.0       797310.0
229     24708608.0      48092017.0       796990.5
166     24743040.0      48064500.0       792028.5
452     24582272.0      47915476.5       788527.5
155     24597632.0      47818789.5       788361.0
140     24678528.0      47900964.0       781745.0
355     24427136.0      47907830.0       776353.0
88      24277504.0      47724204.0       775934.5
237     24326144.0      47595734.0       774675.0
              Server1        Server2
Offset                              
14      438520.333333  125815.833333
82       32051.666667    9427.333333
357      17334.666667    5239.000000
57       10097.333333    3079.833333
497       9369.333333    2883.500000
96        8644.333333    2641.666667
207       6296.333333    1957.166667
351       5908.666667    1937.500000
508       5230.333333    1717.166667
457       5161.666667    1726.333333
219       4733.333333    1610.333333
267       4615.333333    1603.333333
372       4613.666667    1598.333333
27        4501.666667    1577.500000
224       4483.000000    1556.333333
88        4462.333333    1537.333333
341       4447.666667    1488.166667
443       4426.000000    1652.333333
179       4419.666667    1489.166667
254       4383.666667    1530.666667
Current: [0, 1, 14, 16, 18, 25, 40, 57, 62, 69, 79, 100, 115, 136, 149, 156, 158, 162, 167, 177, 180, 188, 189, 196, 207, 214, 217, 223, 228, 235, 244, 250, 274, 275, 278, 283, 292, 298, 306, 330, 355, 365, 367, 384, 401, 403, 407, 410, 415, 416, 422, 442, 444, 450, 473, 474]
Subround 6
         Timestamp  TS First Frame  TS Prev Frame
Offset                                           
63      24922368.0      48610831.0       877545.0
334     24745984.0      47839292.0       860067.0
488     24194560.0      47459624.0       853572.0
242     24549376.0      47851594.0       843135.0
330     24270080.0      47434441.0       830944.0
357     24436480.0      47595213.0       823224.0
218     24525312.0      47575220.0       817639.0
348     24481536.0      47848798.0       814003.0
511     24391168.0      47733266.0       810045.0
493     24880384.0      48188116.0       806928.0
210     24579328.0      48029544.0       805141.0
237     24369664.0      47563851.0       804071.0
341     24366080.0      47220258.0       795129.0
399     24317696.0      47962969.0       794893.0
327     24709376.0      48324292.0       790910.0
88      24421120.0      47873790.0       789027.0
108     24502016.0      47801424.0       788194.0
239     24442368.0      47559837.0       787835.0
55      24404736.0      47310725.0       787674.0
20      24323584.0      47480465.0       783055.0
              Server1        Server2
Offset                              
14      415222.571429  119111.000000
82       27720.857143    8166.571429
357      15134.857143    4586.142857
57        8977.142857    2747.428571
497       8632.857143    2683.857143
96        8124.857143    2533.428571
235       6285.714286    2033.428571
207       5986.000000    1872.571429
351       5358.857143    1759.000000
508       5002.285714    1636.142857
457       4844.571429    1611.857143
384       4593.142857    1550.571429
372       4474.285714    1553.285714
88        4444.857143    1559.428571
219       4353.142857    1480.428571
27        4337.428571    1505.857143
299       4288.000000    1482.428571
224       4287.142857    1472.285714
267       4226.000000    1461.285714
315       4225.142857    1479.857143
Current: [0, 1, 10, 11, 14, 16, 18, 20, 25, 27, 33, 37, 40, 53, 57, 58, 61, 62, 69, 73, 79, 80, 82, 99, 100, 115, 136, 144, 146, 149, 150, 156, 158, 161, 162, 167, 177, 180, 183, 188, 189, 196, 207, 209, 214, 217, 218, 219, 223, 228, 230, 235, 244, 247, 249, 250, 252, 254, 274, 275, 278, 283, 292, 298, 301, 306, 313, 318, 321, 330, 335, 337, 338, 352, 354, 355, 359, 367, 384, 388, 396, 400, 401, 403, 406, 407, 410, 415, 416, 422, 436, 437, 439, 442, 444, 450, 467, 469, 473, 474, 475, 477, 489, 496, 507]
Subround 7
         Timestamp  TS First Frame  TS Prev Frame
Offset                                           
14      24530176.0      47766545.0       870358.0
357     24543104.0      47899053.5       863761.0
239     24539392.0      47843634.5       833805.0
330     24367744.0      47429652.5       830071.0
341     24611072.0      47853824.5       816122.0
210     24671488.0      48198243.5       811545.5
327     24717824.0      48346955.0       810561.5
55      24651136.0      47901241.5       804562.5
166     24743040.0      48064500.0       792028.5
452     24582272.0      47915476.5       788527.5
88      24277504.0      47724204.0       775934.5
237     24309632.0      47601254.0       774675.0
195     24506752.0      47928277.0       761354.5
355     24723584.0      48210360.0       758620.5
240     24368128.0      47521827.0       753385.5
348     24599424.0      47929128.5       751464.0
421     24571392.0      47949707.5       751020.0
254     24941312.0      48620908.5       750376.0
471     24549888.0      47698349.5       750038.5
10      24744704.0      48232297.0       746362.0
          Server1     Server2
Offset                       
14      430678.75  123551.750
82       24512.50    7229.375
357      14009.50    4267.000
460       9261.75    2832.250
57        8573.50    2637.000
497       7805.50    2433.250
96        7328.75    2292.250
235       6048.75    1984.375
207       5593.50    1750.500
351       4988.75    1642.500
508       4813.00    1587.500
372       4639.00    1610.000
457       4527.00    1504.000
219       4518.75    1530.000
27        4458.25    1554.250
224       4444.75    1540.000
384       4351.50    1465.125
185       4282.00    1508.625
267       4271.50    1488.125
341       4268.50    1423.625
Current: [0, 1, 10, 11, 14, 16, 18, 20, 25, 40, 57, 61, 69, 79, 82, 99, 100, 115, 136, 144, 156, 158, 162, 167, 189, 196, 207, 214, 217, 223, 228, 235, 244, 250, 252, 254, 274, 278, 283, 292, 306, 313, 318, 321, 330, 335, 337, 338, 352, 354, 355, 359, 367, 384, 388, 396, 400, 403, 407, 410, 415, 416, 422, 436, 437, 439, 442, 444, 450, 474, 475, 496, 507]
Subround 8
         Timestamp  TS First Frame  TS Prev Frame
Offset                                           
242     24549376.0      47851594.0       843135.0
330     24270080.0      47424864.0       829198.0
357     24436480.0      47595213.0       823224.0
218     24525312.0      47575220.0       817639.0
493     24579328.0      47849984.0       806928.0
210     24579328.0      48029544.0       805141.0
341     24366080.0      47220258.0       795129.0
327     24709376.0      48324292.0       790910.0
239     24442368.0      47559837.0       787835.0
55      24404736.0      47310725.0       787674.0
348     24481536.0      47904104.0       762961.0
88      24133888.0      47873790.0       762842.0
452     24520704.0      47745379.0       757472.0
14      24427520.0      47581342.0       755501.0
237     24249600.0      47563851.0       745279.0
155     24439808.0      47546640.0       740258.0
219     24606464.0      47640118.0       733489.0
166     24685568.0      47713263.0       731930.0
202     24387840.0      47515586.0       731025.0
440     24403712.0      47753103.0       730466.0
              Server1        Server2
Offset                              
14      405724.000000  116381.222222
207      23189.555556    6847.111111
82       22032.666667    6507.555556
357      12736.444444    3886.444444
460       8898.666667    2738.888889
57        7833.333333    2420.777778
497       7191.777778    2247.222222
96        7032.888889    2229.222222
235       5684.444444    1861.888889
151       5038.888889    1665.000000
351       4672.222222    1541.222222
508       4504.666667    1486.666667
384       4470.000000    1514.222222
372       4364.444444    1511.111111
457       4307.555556    1427.555556
219       4280.222222    1447.666667
27        4207.333333    1465.777778
224       4196.888889    1454.888889
304       4049.333333    1366.777778
341       4036.000000    1346.000000
Current: [0, 1, 11, 14, 16, 18, 40, 57, 69, 79, 99, 115, 156, 158, 162, 167, 189, 196, 207, 214, 217, 228, 244, 252, 254, 274, 278, 292, 337, 338, 354, 367, 403, 407, 415, 416, 436, 437, 444, 450, 507]
Subround 9
         Timestamp  TS First Frame  TS Prev Frame
Offset                                           
14      24530176.0      47766545.0       870358.0
330     24367744.0      47429652.5       830071.0
341     24597376.0      47610322.5       816122.0
327     24640384.0      48013487.0       810561.5
55      24545408.0      47715500.0       804562.5
210     24494336.0      47768944.5       795182.0
239     24334336.0      47424944.5       779714.0
88      24277504.0      47997389.0       775934.5
357     24377344.0      47555672.0       774684.0
237     24309632.0      47601254.0       774675.0
195     24645248.0      48349274.0       761354.5
254     24884096.0      48469064.5       750376.0
155     24590336.0      47818789.5       743963.0
219     24528256.0      47597025.5       743869.5
371     24645888.0      48034979.0       736514.5
350     24662272.0      47959353.5       736410.0
108     24734976.0      48025014.5       734727.5
19      24450304.0      47821278.0       732173.0
166     24636544.0      47552413.0       728417.0
361     24730752.0      48124359.5       728177.0
         Server1   Server2
Offset                    
14      419692.6  120384.6
207      21220.6    6276.5
82       20043.4    5926.9
357      11917.2    3663.6
460       8200.8    2530.5
57        7408.4    2306.7
497       6642.2    2081.3
96        6518.4    2069.0
156       5721.2    1893.1
235       5329.0    1749.4
351       4769.6    1578.5
151       4736.6    1566.9
372       4391.0    1527.1
219       4365.4    1485.9
457       4360.2    1466.8
384       4358.8    1472.1
224       4270.4    1476.9
508       4242.6    1401.1
254       4196.2    1448.0
443       4138.4    1491.9
Current: [0, 1, 4, 11, 14, 16, 18, 25, 36, 40, 57, 69, 79, 88, 99, 100, 115, 121, 134, 136, 143, 156, 162, 167, 180, 189, 196, 207, 209, 214, 217, 218, 223, 226, 228, 230, 235, 244, 247, 252, 254, 272, 274, 278, 292, 298, 313, 321, 331, 333, 337, 338, 339, 341, 343, 354, 355, 367, 384, 396, 400, 401, 403, 407, 410, 412, 415, 416, 422, 436, 437, 439, 444, 450, 464, 469, 474, 475, 496, 507]
Subround 10
         Timestamp  TS First Frame  TS Prev Frame
Offset                                           
14      24632832.0      47951748.0       886227.0
330     24270080.0      47424864.0       829198.0
357     24436480.0      47595213.0       823224.0
341     24366080.0      47269240.0       795129.0
327     24571392.0      47969570.0       790910.0
239     24442368.0      47559837.0       787835.0
55      24404736.0      47322753.0       787674.0
210     24409344.0      47508345.0       785223.0
88      24133888.0      47873790.0       762842.0
117     24380672.0      47893619.0       750519.0
237     24249600.0      47563851.0       745279.0
155     24740864.0      48090939.0       740258.0
219     24450048.0      47553933.0       733489.0
166     24685568.0      47713263.0       731930.0
202     24387840.0      47515586.0       731025.0
440     24403712.0      47646513.0       724883.0
350     24496896.0      48157230.0       722526.0
471     24456704.0      47632295.0       721935.0
190     24567296.0      48026236.0       719383.0
212     24545792.0      47851038.0       717538.0
              Server1        Server2
Offset                              
14      410428.000000  117722.818182
207      19749.272727    5869.818182
82       18581.454545    5522.272727
357      11254.181818    3475.727273
460       7849.272727    2445.545455
57        7235.818182    2267.909091
96        6342.363636    2035.181818
497       6218.909091    1950.000000
156       5426.363636    1802.818182
435       5370.545455    1727.363636
235       5344.909091    1773.454545
151       4697.090909    1556.818182
351       4650.545455    1539.545455
224       4308.000000    1493.545455
457       4299.090909    1440.000000
219       4207.818182    1430.454545
443       4200.909091    1514.000000
384       4184.545455    1410.727273
508       4178.363636    1397.909091
372       4170.363636    1449.636364
Current: [0, 11, 14, 16, 36, 40, 57, 69, 88, 99, 115, 121, 134, 156, 158, 162, 180, 196, 207, 214, 217, 218, 223, 226, 228, 235, 244, 247, 252, 254, 274, 278, 292, 298, 331, 333, 338, 341, 354, 367, 384, 401, 407, 412, 415, 416, 422, 437, 439, 444, 450, 469, 474]
Subround 11
         Timestamp  TS First Frame  TS Prev Frame
Offset                                           
14      24530176.0      47766545.0       820864.0
239     24334336.0      47481998.0       779714.0
88      24277504.0      47733023.5       775934.5
357     24377344.0      47555672.0       774684.0
166     24636544.0      47578222.0       728417.0
440     24427648.0      47697363.0       727674.5
348     24478592.0      47876451.0       725943.0
54      24369792.0      47581614.5       722570.0
237     24309632.0      47601254.0       722525.5
315     24636288.0      47979895.5       710426.5
219     24384896.0      47495956.0       708641.5
218     24441728.0      47572867.0       702128.0
163     24761856.0      48228394.0       685304.0
244     24542464.0      48005579.0       675460.5
212     24405760.0      47784408.0       675238.5
190     24505088.0      47875554.5       671564.0
55      24331520.0      47316739.0       663930.0
10      24605824.0      48192562.5       662975.5
30      24309760.0      47448044.0       661257.0
330     24367744.0      47429652.5       646146.5
              Server1        Server2
Offset                              
14      390835.333333  112101.500000
207      18438.166667    5505.833333
82       17218.000000    5124.083333
357      10486.833333    3241.500000
460       7447.333333    2322.750000
57        6832.833333    2142.416667
497       6069.333333    1922.750000
96        6047.166667    1944.916667
435       5277.666667    1703.083333
235       5105.333333    1693.583333
156       5090.333333    1692.416667
151       4456.500000    1476.750000
351       4446.000000    1469.500000
384       4290.833333    1452.416667
224       4242.166667    1461.250000
457       4148.166667    1387.500000
372       4112.500000    1432.000000
443       4077.333333    1461.000000
508       4065.000000    1356.416667
219       4036.833333    1371.333333
Current: [0, 11, 14, 16, 36, 57, 115, 121, 134, 156, 158, 162, 180, 196, 207, 218, 223, 228, 235, 244, 252, 254, 274, 278, 292, 331, 338, 354, 407, 412, 415, 416, 439, 444, 450, 469, 474]
Subround 12
         Timestamp  TS First Frame  TS Prev Frame
Offset                                           
14      24621312.0      47581342.0       886227.0
327     24405504.0      47702682.0       790910.0
210     24409344.0      47619269.0       785223.0
239     24442368.0      47559837.0       771593.0
88      24421120.0      47873790.0       762842.0
55      24404736.0      47322753.0       742434.0
166     24587520.0      47675762.0       731930.0
357     24428032.0      47595213.0       726144.0
440     24403712.0      47646513.0       724883.0
350     24496896.0      48157230.0       722526.0
471     24275712.0      47623157.0       721935.0
190     24567296.0      47724873.0       719383.0
30      24349440.0      47449497.0       712823.0
57      24324608.0      47511005.0       709167.0
330     24465408.0      47434441.0       707693.0
315     24475904.0      47771194.0       703715.0
237     24249600.0      47563851.0       699772.0
54      24332032.0      47473812.0       698568.0
168     24112128.0      47486910.0       693893.0
348     24481536.0      47904104.0       688925.0
              Server1        Server2
Offset                              
14      406312.923077  116529.230769
207      17272.153846    5161.923077
82       16238.461538    4855.769231
357      10079.538462    3143.615385
460       7016.307692    2190.692308
57        6751.846154    2132.307692
497       5822.769231    1843.615385
96        5749.846154    1851.153846
235       5127.692308    1701.307692
435       5028.769231    1623.538462
156       4974.923077    1669.384615
351       4503.076923    1489.538462
457       4332.615385    6062.384615
151       4322.000000    1428.076923
224       4314.153846    1491.769231
384       4146.923077    1402.846154
219       4109.846154    1405.076923
27        4059.384615    1405.846154
254       3999.384615    1376.692308
387       3972.615385    1367.461538
Current: [14, 16, 57, 115, 134, 156, 158, 162, 180, 207, 228, 235, 244, 254, 278, 292, 331, 338, 354, 407, 412, 415, 416, 444, 469]
Subround 13
         Timestamp  TS First Frame  TS Prev Frame
Offset                                           
14      24524416.0      47578159.0       820864.0
88      24542464.0      47997389.0       771699.0
330     24619520.0      47769346.0       768445.5
239     24539392.0      47843634.5       736337.0
166     24548864.0      47559471.5       728417.0
440     24427648.0      47697363.0       727674.5
348     24508672.0      47876451.0       725943.0
54      24320384.0      47468269.0       722570.0
237     24309632.0      47565743.0       722525.5
315     24635008.0      47979895.5       710426.5
218     24433792.0      47579032.5       702128.0
357     24373120.0      47555672.0       701146.5
190     24505088.0      47646855.0       671564.0
141     24324352.0      47496985.5       668353.0
30      24309760.0      47448044.0       661257.0
10      24605824.0      48192562.5       657215.5
511     24484992.0      47931731.5       644286.0
24      24547968.0      47803125.0       644101.0
55      24331520.0      47316739.0       641310.0
244     24311424.0      47731901.5       638017.0
              Server1        Server2
Offset                              
14      389611.428571  111733.571429
207      16339.714286    4904.857143
82       15199.285714    4550.857143
357       9538.142857    2977.357143
460       6800.285714    2148.285714
57        6415.571429    2029.142857
497       5716.285714    1818.000000
96        5650.857143    1831.642857
435       5012.571429    1638.071429
235       4965.000000    1643.642857
156       4751.857143    1594.785714
351       4329.285714    1433.214286
151       4255.285714    1412.785714
384       4230.571429    1426.000000
457       4201.142857    5688.357143
224       4178.142857    1444.142857
372       4005.428571    1390.000000
179       3990.428571    1354.285714
219       3979.142857    1358.428571
315       3969.428571    1358.500000
Current: [10, 11, 14, 16, 57, 115, 129, 134, 156, 162, 168, 176, 180, 198, 207, 218, 228, 235, 244, 247, 254, 272, 274, 278, 281, 292, 331, 338, 354, 403, 407, 412, 415, 416, 424, 437, 439, 444, 469]
Subround 14
         Timestamp  TS First Frame  TS Prev Frame
Offset                                           
327     24405504.0      47702682.0       790910.0
239     24636416.0      48127432.0       771593.0
88      24421120.0      47873790.0       762842.0
14      24427520.0      47574976.0       755501.0
210     24409344.0      47619269.0       742487.0
55      24404736.0      47310725.0       742434.0
166     24587520.0      47675762.0       731930.0
357     24428032.0      47595213.0       726144.0
440     24403712.0      47646513.0       724883.0
350     24496896.0      48157230.0       722526.0
471     24275712.0      47623157.0       721935.0
57      24389120.0      47511005.0       709167.0
330     24465408.0      47475693.0       707693.0
190     24442880.0      47568837.0       706028.0
315     24475904.0      47771194.0       703715.0
237     24369664.0      47567635.0       699772.0
54      24308736.0      47462726.0       698568.0
168     24112128.0      48255120.0       693893.0
348     24481536.0      47848798.0       688925.0
219     24423168.0      47553933.0       683794.0
              Server1        Server2
Offset                              
14      383850.133333  110073.866667
207      15539.866667    4679.133333
82       14514.266667    4365.133333
319      13539.733333    4074.600000
147      12205.600000    3688.866667
357       9359.733333    2924.133333
460       6660.533333    2118.800000
57        6395.600000    2033.933333
497       5461.600000    1739.866667
96        5404.933333    1754.666667
235       5170.800000    1712.800000
435       4815.333333    1572.400000
156       4602.000000    1544.933333
351       4383.466667    1450.200000
224       4305.200000    1488.066667
151       4294.400000    1434.333333
457       4259.200000    5431.466667
384       4156.133333    1397.266667
219       4097.733333    1392.533333
443       4071.600000    1431.466667
Current: [10, 11, 14, 16, 57, 115, 129, 156, 158, 168, 176, 180, 207, 218, 228, 235, 244, 247, 272, 274, 278, 292, 331, 338, 354, 403, 407, 412, 415, 437, 439, 444, 469]
Subround 15
         Timestamp  TS First Frame  TS Prev Frame
Offset                                           
88      24354304.0      47733023.5       771699.0
239     24719744.0      48277259.5       736337.0
166     24548864.0      47559471.5       728417.0
440     24427648.0      47697363.0       727674.5
14      24372608.0      47573048.0       722567.5
237     24386176.0      47603146.0       708102.5
54      24320384.0      47468269.0       706226.5
357     24373120.0      47555672.0       701146.5
315     24336640.0      47722433.0       672377.0
190     24433024.0      47598687.0       664886.5
55      24331520.0      47316739.0       641310.0
327     24488448.0      47836126.0       620826.5
218     24307712.0      47579032.5       612630.0
421     24195840.0      47629572.5       611289.0
348     24478592.0      47838275.5       608390.0
354     24209024.0      47387008.5       608185.5
210     24367232.0      47575206.0       607294.0
32      24383616.0      47567832.0       603084.5
224     24587136.0      47815174.0       592757.0
485     24427264.0      47615378.5       590124.0
           Server1      Server2
Offset                         
14      370819.750  106337.5000
207      14842.375    4488.5000
82       13756.250    4142.3125
319      12990.500    3918.7500
147      11724.125    3562.1875
357       8934.750    2795.6250
460       6358.750    2024.0625
57        6116.250    1950.4375
497       5415.500    1740.8750
96        5223.125    1697.0000
235       4979.125    1650.2500
435       4764.000    1567.5000
156       4428.750    1486.7500
351       4286.375    1416.8125
384       4229.000    1427.7500
224       4193.750    1447.0000
151       4149.125    1386.5625
457       4116.375    5134.0000
363       4052.250    1375.0000
219       4003.750    1359.6250
Current: [14, 16, 57, 115, 156, 168, 176, 207, 218, 244, 247, 272, 274, 278, 292, 331, 338, 354, 403, 437, 444, 469]
         Timestamp  TS First Frame  TS Prev Frame
Offset                                           
88      24354304.0      47733023.5       771699.0
239     24719744.0      48277259.5       736337.0
166     24548864.0      47559471.5       728417.0
440     24427648.0      47697363.0       727674.5
14      24372608.0      47573048.0       722567.5
237     24386176.0      47603146.0       708102.5
54      24320384.0      47468269.0       706226.5
357     24373120.0      47555672.0       701146.5
315     24336640.0      47722433.0       672377.0
190     24433024.0      47598687.0       664886.5
55      24331520.0      47316739.0       641310.0
327     24488448.0      47836126.0       620826.5
218     24307712.0      47579032.5       612630.0
421     24195840.0      47629572.5       611289.0
348     24478592.0      47838275.5       608390.0
354     24209024.0      47387008.5       608185.5
210     24367232.0      47575206.0       607294.0
32      24383616.0      47567832.0       603084.5
224     24587136.0      47815174.0       592757.0
485     24427264.0      47615378.5       590124.0
           Server1      Server2
Offset                         
14      370819.750  106337.5000
207      14842.375    4488.5000
82       13756.250    4142.3125
319      12990.500    3918.7500
147      11724.125    3562.1875
357       8934.750    2795.6250
460       6358.750    2024.0625
57        6116.250    1950.4375
497       5415.500    1740.8750
96        5223.125    1697.0000
235       4979.125    1650.2500
435       4764.000    1567.5000
156       4428.750    1486.7500
351       4286.375    1416.8125
384       4229.000    1427.7500
224       4193.750    1447.0000
151       4149.125    1386.5625
457       4116.375    5134.0000
363       4052.250    1375.0000
219       4003.750    1359.6250
New pairs
[[437, 14], [272, 331], [176, 338], [444, 207], [469, 403], [218, 247], [156, 16], [278, 168], [57, 292], [354, 115], [274, 244]]
Round 1
Subround 0
         Timestamp  TS First Frame  TS Prev Frame
Offset                                           
88      24354304.0      47733023.5       771699.0
14      24427520.0      47571120.0       755501.0
239     24719744.0      48277259.5       736337.0
166     24548864.0      47559471.5       728417.0
440     24427648.0      47697363.0       727674.5
237     24386176.0      47603146.0       708102.5
54      24320384.0      47468269.0       706226.5
357     24373120.0      47555672.0       701146.5
315     24336640.0      47722433.0       672377.0
190     24433024.0      47598687.0       664886.5
55      24331520.0      47316739.0       641310.0
331     24264960.0      47276984.0       629983.0
327     24488448.0      47836126.0       620826.5
421     24195840.0      47629572.5       611289.0
348     24478592.0      47838275.5       608390.0
354     24209024.0      47387008.5       608185.5
210     24367232.0      47575206.0       607294.0
32      24383616.0      47567832.0       603084.5
224     24587136.0      47815174.0       592757.0
485     24427264.0      47615378.5       590124.0
              Server1        Server2
Offset                              
14      379045.647059  108694.000000
207      14079.647059    4262.470588
82       13756.250000    4142.312500
319      12990.500000    3918.750000
147      11724.125000    3562.187500
357       8934.750000    2795.625000
460       6358.750000    2024.062500
57        6103.058824    1959.235294
497       5415.500000    1740.875000
96        5223.125000    1697.000000
235       4979.125000    1650.250000
435       4764.000000    1567.500000
156       4344.117647    1462.764706
351       4286.375000    1416.812500
384       4229.000000    1427.750000
224       4193.750000    1447.000000
151       4149.125000    1386.562500
457       4116.375000    5134.000000
363       4052.250000    1375.000000
219       4003.750000    1359.625000
Current: [156, 247, 272, 338, 403, 437, 444]
Subround 1
         Timestamp  TS First Frame  TS Prev Frame
Offset                                           
88      24354304.0      47733023.5       771699.0
239     24719744.0      48277259.5       736337.0
166     24548864.0      47559471.5       728417.0
440     24427648.0      47697363.0       727674.5
14      24441600.0      47573048.0       722567.5
237     24386176.0      47603146.0       708102.5
54      24320384.0      47468269.0       706226.5
357     24373120.0      47555672.0       701146.5
315     24336640.0      47722433.0       672377.0
190     24433024.0      47598687.0       664886.5
331     24305152.0      47438806.5       652539.0
55      24331520.0      47316739.0       641310.0
327     24488448.0      47836126.0       620826.5
421     24195840.0      47629572.5       611289.0
348     24478592.0      47838275.5       608390.0
210     24367232.0      47575206.0       607294.0
354     24252160.0      47460130.0       605776.0
32      24383616.0      47567832.0       603084.5
437     24179456.0      47479140.0       595160.0
224     24587136.0      47815174.0       592757.0
              Server1        Server2
Offset                              
14      369626.888889  106000.000000
82       13756.250000    4142.312500
207      13659.000000    4144.388889
319      12990.500000    3918.750000
147      11724.125000    3562.187500
357       8934.750000    2795.625000
460       6358.750000    2024.062500
57        5874.555556    1887.666667
497       5415.500000    1740.875000
96        5223.125000    1697.000000
235       4979.125000    1650.250000
435       4764.000000    1567.500000
351       4286.375000    1416.812500
384       4229.000000    1427.750000
224       4193.750000    1447.000000
156       4193.555556    1413.166667
151       4149.125000    1386.562500
457       4116.375000    5134.000000
363       4052.250000    1375.000000
219       4003.750000    1359.625000
Current: [156, 247, 274, 292, 338, 354, 437, 444]
Subround 2
         Timestamp  TS First Frame  TS Prev Frame
Offset                                           
88      24354304.0      47733023.5       771699.0
239     24719744.0      48277259.5       736337.0
166     24548864.0      47559471.5       728417.0
440     24427648.0      47697363.0       727674.5
237     24386176.0      47603146.0       708102.5
54      24320384.0      47468269.0       706226.5
357     24373120.0      47555672.0       701146.5
14      24427520.0      47574976.0       689634.0
315     24336640.0      47722433.0       672377.0
190     24433024.0      47598687.0       664886.5
55      24331520.0      47316739.0       641310.0
331     24264960.0      47600629.0       629983.0
327     24488448.0      47836126.0       620826.5
421     24195840.0      47629572.5       611289.0
348     24478592.0      47838275.5       608390.0
210     24367232.0      47575206.0       607294.0
32      24383616.0      47567832.0       603084.5
224     24587136.0      47815174.0       592757.0
485     24427264.0      47615378.5       590124.0
350     24480384.0      47959353.5       588651.0
              Server1        Server2
Offset                              
14      359562.947368  103114.894737
82       13756.250000    4142.312500
207      13050.315789    3961.842105
319      12990.500000    3918.750000
147      11724.125000    3562.187500
357       8934.750000    2795.625000
460       6358.750000    2024.062500
57        5838.421053    1877.789474
497       5415.500000    1740.875000
96        5223.125000    1697.000000
235       4979.125000    1650.250000
435       4764.000000    1567.500000
351       4286.375000    1416.812500
156       4229.789474    1432.368421
384       4229.000000    1427.750000
224       4193.750000    1447.000000
151       4149.125000    1386.562500
457       4116.375000    5134.000000
363       4052.250000    1375.000000
219       4003.750000    1359.625000
Current: [156, 338, 444]
Subround 3
         Timestamp  TS First Frame  TS Prev Frame
Offset                                           
88      24354304.0      47733023.5       771699.0
239     24719744.0      48277259.5       736337.0
166     24548864.0      47559471.5       728417.0
440     24427648.0      47697363.0       727674.5
14      24441600.0      47578159.0       722567.5
57      24389120.0      47513697.0       709167.0
237     24386176.0      47603146.0       708102.5
54      24320384.0      47468269.0       706226.5
357     24373120.0      47555672.0       701146.5
315     24336640.0      47722433.0       672377.0
190     24433024.0      47598687.0       664886.5
331     24305152.0      47608041.0       652539.0
168     24136960.0      47486910.0       650557.0
55      24331520.0      47316739.0       641310.0
327     24488448.0      47836126.0       620826.5
421     24195840.0      47629572.5       611289.0
348     24478592.0      47838275.5       608390.0
210     24367232.0      47575206.0       607294.0
32      24383616.0      47567832.0       603084.5
437     24205568.0      47563499.0       595160.0
           Server1      Server2
Offset                         
14      368476.300  105673.8000
82       13756.250    4142.3125
319      12990.500    3918.7500
207      12492.900    3794.1000
147      11724.125    3562.1875
357       8934.750    2795.6250
460       6358.750    2024.0625
57        5664.700    1823.6500
497       5415.500    1740.8750
96        5223.125    1697.0000
235       4979.125    1650.2500
435       4764.000    1567.5000
351       4286.375    1416.8125
384       4229.000    1427.7500
224       4193.750    1447.0000
151       4149.125    1386.5625
156       4130.900    1398.5000
457       4116.375    5134.0000
363       4052.250    1375.0000
219       4003.750    1359.6250
Current: [156, 272, 338, 444]
Subround 4
         Timestamp  TS First Frame  TS Prev Frame
Offset                                           
88      24354304.0      47733023.5       771699.0
239     24719744.0      48277259.5       736337.0
166     24548864.0      47559471.5       728417.0
440     24427648.0      47697363.0       727674.5
237     24386176.0      47603146.0       708102.5
54      24320384.0      47468269.0       706226.5
357     24373120.0      47555672.0       701146.5
14      24427520.0      47574976.0       689634.0
315     24336640.0      47722433.0       672377.0
190     24433024.0      47598687.0       664886.5
55      24331520.0      47316739.0       641310.0
331     24264960.0      47600629.0       629983.0
327     24488448.0      47836126.0       620826.5
421     24195840.0      47629572.5       611289.0
348     24478592.0      47838275.5       608390.0
210     24367232.0      47575206.0       607294.0
32      24383616.0      47567832.0       603084.5
437     24229760.0      47521319.5       596112.0
224     24587136.0      47815174.0       592757.0
485     24427264.0      47615378.5       590124.0
              Server1        Server2
Offset                              
14      360798.000000  103466.809524
82       13756.250000    4142.312500
319      12990.500000    3918.750000
207      12066.000000    3670.380952
147      11724.125000    3562.187500
357       8934.750000    2795.625000
460       6358.750000    2024.062500
57        5491.809524    1767.380952
497       5415.500000    1740.875000
96        5223.125000    1697.000000
235       4979.125000    1650.250000
435       4764.000000    1567.500000
351       4286.375000    1416.812500
384       4229.000000    1427.750000
224       4193.750000    1447.000000
151       4149.125000    1386.562500
156       4133.333333    1405.904762
457       4116.375000    5134.000000
363       4052.250000    1375.000000
219       4003.750000    1359.625000
Current: [156, 272, 292, 338, 354, 444]
Subround 5
         Timestamp  TS First Frame  TS Prev Frame
Offset                                           
88      24354304.0      47733023.5       771699.0
239     24719744.0      48277259.5       736337.0
166     24548864.0      47559471.5       728417.0
440     24427648.0      47697363.0       727674.5
14      24441600.0      47578159.0       722567.5
237     24386176.0      47603146.0       708102.5
54      24320384.0      47468269.0       706226.5
357     24373120.0      47555672.0       701146.5
315     24336640.0      47722433.0       672377.0
190     24433024.0      47598687.0       664886.5
55      24331520.0      47316739.0       641310.0
327     24488448.0      47836126.0       620826.5
421     24195840.0      47629572.5       611289.0
348     24478592.0      47838275.5       608390.0
210     24367232.0      47575206.0       607294.0
32      24383616.0      47567832.0       603084.5
437     24205568.0      47536318.0       597064.0
331     24305152.0      47608041.0       596059.5
224     24587136.0      47815174.0       592757.0
485     24427264.0      47615378.5       590124.0
              Server1        Server2
Offset                              
14      369409.818182  105938.136364
82       13756.250000    4142.312500
319      12990.500000    3918.750000
147      11724.125000    3562.187500
207      11610.818182    3535.181818
357       8934.750000    2795.625000
460       6358.750000    2024.062500
57        5462.636364    1767.090909
497       5415.500000    1740.875000
96        5223.125000    1697.000000
235       4979.125000    1650.250000
435       4764.000000    1567.500000
351       4286.375000    1416.812500
384       4229.000000    1427.750000
224       4193.750000    1447.000000
151       4149.125000    1386.562500
457       4116.375000    5134.000000
363       4052.250000    1375.000000
156       4050.272727    1380.000000
219       4003.750000    1359.625000
Current: [156, 292]
Subround 6
         Timestamp  TS First Frame  TS Prev Frame
Offset                                           
88      24354304.0      47733023.5       771699.0
239     24719744.0      48277259.5       736337.0
166     24548864.0      47559471.5       728417.0
440     24427648.0      47697363.0       727674.5
237     24386176.0      47603146.0       708102.5
54      24320384.0      47468269.0       706226.5
357     24373120.0      47555672.0       701146.5
14      24427520.0      47574976.0       689634.0
315     24336640.0      47722433.0       672377.0
190     24433024.0      47598687.0       664886.5
55      24331520.0      47316739.0       641310.0
327     24488448.0      47836126.0       620826.5
421     24195840.0      47629572.5       611289.0
348     24478592.0      47838275.5       608390.0
210     24367232.0      47575206.0       607294.0
32      24383616.0      47567832.0       603084.5
437     24198144.0      47507729.0       596112.0
224     24587136.0      47815174.0       592757.0
485     24427264.0      47615378.5       590124.0
350     24480384.0      47959353.5       588651.0
              Server1        Server2
Offset                              
14      361320.260870  103617.739130
82       13756.250000    4142.312500
319      12990.500000    3918.750000
147      11724.125000    3562.187500
207      11287.130435    3448.608696
357       8934.750000    2795.625000
460       6358.750000    2024.062500
497       5415.500000    1740.875000
57        5317.913043    1719.478261
96        5223.125000    1697.000000
235       4979.125000    1650.250000
435       4764.000000    1567.500000
351       4286.375000    1416.812500
384       4229.000000    1427.750000
224       4193.750000    1447.000000
151       4149.125000    1386.562500
457       4116.375000    5134.000000
156       4096.869565    1394.478261
363       4052.250000    1375.000000
219       4003.750000    1359.625000
Current: [156, 444]
Subround 7
         Timestamp  TS First Frame  TS Prev Frame
Offset                                           
88      24354304.0      47733023.5       771699.0
239     24719744.0      48277259.5       736337.0
166     24548864.0      47559471.5       728417.0
440     24427648.0      47697363.0       727674.5
14      24441600.0      47578159.0       722567.5
237     24386176.0      47603146.0       708102.5
54      24320384.0      47468269.0       706226.5
357     24373120.0      47555672.0       701146.5
315     24336640.0      47722433.0       672377.0
190     24433024.0      47598687.0       664886.5
55      24331520.0      47316739.0       641310.0
327     24488448.0      47836126.0       620826.5
421     24195840.0      47629572.5       611289.0
348     24478592.0      47838275.5       608390.0
210     24367232.0      47575206.0       607294.0
32      24383616.0      47567832.0       603084.5
437     24205568.0      47536318.0       597064.0
224     24587136.0      47815174.0       592757.0
485     24427264.0      47615378.5       590124.0
350     24480384.0      47959353.5       588651.0
              Server1        Server2
Offset                              
14      368722.166667  105743.916667
82       13756.250000    4142.312500
319      12990.500000    3918.750000
147      11724.125000    3562.187500
207      10916.916667    3336.541667
357       8934.750000    2795.625000
460       6358.750000    2024.062500
497       5415.500000    1740.875000
57        5294.583333    1715.000000
96        5223.125000    1697.000000
235       4979.125000    1650.250000
435       4764.000000    1567.500000
351       4286.375000    1416.812500
384       4229.000000    1427.750000
224       4193.750000    1447.000000
151       4149.125000    1386.562500
457       4116.375000    5134.000000
363       4052.250000    1375.000000
219       4003.750000    1359.625000
156       3997.500000    1361.250000
Current: [156, 274, 292]
Subround 8
         Timestamp  TS First Frame  TS Prev Frame
Offset                                           
88      24354304.0      47733023.5       771699.0
239     24719744.0      48277259.5       736337.0
166     24548864.0      47559471.5       728417.0
440     24427648.0      47697363.0       727674.5
237     24386176.0      47603146.0       708102.5
54      24320384.0      47468269.0       706226.5
357     24373120.0      47555672.0       701146.5
14      24455680.0      47581342.0       689634.0
315     24336640.0      47722433.0       672377.0
190     24433024.0      47598687.0       664886.5
55      24331520.0      47316739.0       641310.0
327     24488448.0      47836126.0       620826.5
421     24195840.0      47629572.5       611289.0
348     24478592.0      47838275.5       608390.0
210     24367232.0      47575206.0       607294.0
32      24383616.0      47567832.0       603084.5
437     24198144.0      47507729.0       596112.0
224     24587136.0      47815174.0       592757.0
485     24427264.0      47615378.5       590124.0
350     24480384.0      47959353.5       588651.0
           Server1      Server2
Offset                         
14      361236.880  103596.9600
82       13756.250    4142.3125
319      12990.500    3918.7500
147      11724.125    3562.1875
207      10664.400    3272.6800
357       8934.750    2795.6250
460       6358.750    2024.0625
497       5415.500    1740.8750
96        5223.125    1697.0000
57        5168.400    1675.0400
235       4979.125    1650.2500
435       4764.000    1567.5000
351       4286.375    1416.8125
384       4229.000    1427.7500
224       4193.750    1447.0000
151       4149.125    1386.5625
457       4116.375    5134.0000
363       4052.250    1375.0000
219       4003.750    1359.6250
443       3963.375    1390.9375
Current: [156, 274, 292]
Subround 9
         Timestamp  TS First Frame  TS Prev Frame
Offset                                           
88      24354304.0      47733023.5       771699.0
239     24719744.0      48277259.5       736337.0
166     24548864.0      47559471.5       728417.0
440     24427648.0      47697363.0       727674.5
14      24538496.0      47647272.0       722567.5
237     24386176.0      47603146.0       708102.5
54      24320384.0      47468269.0       706226.5
357     24373120.0      47555672.0       701146.5
315     24336640.0      47722433.0       672377.0
190     24433024.0      47598687.0       664886.5
55      24331520.0      47316739.0       641310.0
327     24488448.0      47836126.0       620826.5
421     24195840.0      47629572.5       611289.0
348     24478592.0      47838275.5       608390.0
210     24367232.0      47575206.0       607294.0
32      24383616.0      47567832.0       603084.5
437     24205568.0      47536318.0       597064.0
224     24587136.0      47815174.0       592757.0
485     24427264.0      47615378.5       590124.0
350     24480384.0      47959353.5       588651.0
              Server1        Server2
Offset                              
14      367954.923077  105525.961538
82       13756.250000    4142.312500
319      12990.500000    3918.750000
147      11724.125000    3562.187500
207      10336.153846    3174.730769
357       8934.750000    2795.625000
460       6358.750000    2024.062500
497       5415.500000    1740.875000
96        5223.125000    1697.000000
57        5147.153846    1675.192308
235       4979.125000    1650.250000
435       4764.000000    1567.500000
351       4286.375000    1416.812500
384       4229.000000    1427.750000
224       4193.750000    1447.000000
151       4149.125000    1386.562500
457       4116.375000    5134.000000
363       4052.250000    1375.000000
219       4003.750000    1359.625000
443       3963.375000    1390.937500
Current: [156, 292]
Subround 10
         Timestamp  TS First Frame  TS Prev Frame
Offset                                           
88      24354304.0      47733023.5       771699.0
239     24719744.0      48277259.5       736337.0
166     24548864.0      47559471.5       728417.0
440     24427648.0      47697363.0       727674.5
237     24386176.0      47603146.0       708102.5
54      24320384.0      47468269.0       706226.5
357     24373120.0      47555672.0       701146.5
14      24621312.0      47713202.0       689634.0
315     24336640.0      47722433.0       672377.0
190     24433024.0      47598687.0       664886.5
55      24331520.0      47316739.0       641310.0
327     24488448.0      47836126.0       620826.5
421     24195840.0      47629572.5       611289.0
348     24478592.0      47838275.5       608390.0
210     24367232.0      47575206.0       607294.0
32      24383616.0      47567832.0       603084.5
437     24229760.0      47507729.0       596112.0
224     24587136.0      47815174.0       592757.0
485     24427264.0      47615378.5       590124.0
350     24480384.0      47959353.5       588651.0
              Server1        Server2
Offset                              
14      364606.518519  104561.407407
82       13756.250000    4142.312500
319      12990.500000    3918.750000
147      11724.125000    3562.187500
207      10137.259259    3118.555556
357       8934.750000    2795.625000
460       6358.750000    2024.062500
497       5415.500000    1740.875000
96        5223.125000    1697.000000
57        5028.888889    1637.370370
235       4979.125000    1650.250000
435       4764.000000    1567.500000
351       4286.375000    1416.812500
384       4229.000000    1427.750000
224       4193.750000    1447.000000
151       4149.125000    1386.562500
457       4116.375000    5134.000000
363       4052.250000    1375.000000
219       4003.750000    1359.625000
443       3963.375000    1390.937500
Current: [156, 274, 292]
Subround 11
         Timestamp  TS First Frame  TS Prev Frame
Offset                                           
88      24354304.0      47733023.5       771699.0
239     24719744.0      48277259.5       736337.0
166     24548864.0      47559471.5       728417.0
440     24427648.0      47697363.0       727674.5
237     24386176.0      47603146.0       708102.5
54      24320384.0      47468269.0       706226.5
357     24373120.0      47555672.0       701146.5
315     24336640.0      47722433.0       672377.0
14      24538496.0      47647272.0       669917.0
190     24433024.0      47598687.0       664886.5
55      24331520.0      47316739.0       641310.0
327     24488448.0      47836126.0       620826.5
421     24195840.0      47629572.5       611289.0
348     24478592.0      47838275.5       608390.0
210     24367232.0      47575206.0       607294.0
32      24383616.0      47567832.0       603084.5
437     24205568.0      47479140.0       595160.0
224     24587136.0      47815174.0       592757.0
485     24427264.0      47615378.5       590124.0
350     24480384.0      47959353.5       588651.0
              Server1        Server2
Offset                              
14      358017.500000  102669.285714
82       13756.250000    4142.312500
319      12990.500000    3918.750000
147      11724.125000    3562.187500
207       9878.714286    3039.964286
357       8934.750000    2795.625000
460       6358.750000    2024.062500
497       5415.500000    1740.875000
96        5223.125000    1697.000000
235       4979.125000    1650.250000
57        4968.714286    1624.464286
435       4764.000000    1567.500000
351       4286.375000    1416.812500
384       4229.000000    1427.750000
224       4193.750000    1447.000000
151       4149.125000    1386.562500
457       4116.375000    5134.000000
363       4052.250000    1375.000000
219       4003.750000    1359.625000
443       3963.375000    1390.937500
Current: [156, 292]
Subround 12
         Timestamp  TS First Frame  TS Prev Frame
Offset                                           
88      24354304.0      47733023.5       771699.0
239     24719744.0      48277259.5       736337.0
166     24548864.0      47559471.5       728417.0
440     24427648.0      47697363.0       727674.5
237     24386176.0      47603146.0       708102.5
54      24320384.0      47468269.0       706226.5
357     24373120.0      47555672.0       701146.5
14      24541696.0      47713202.0       689634.0
315     24336640.0      47722433.0       672377.0
190     24433024.0      47598687.0       664886.5
55      24331520.0      47316739.0       641310.0
327     24488448.0      47836126.0       620826.5
421     24195840.0      47629572.5       611289.0
348     24478592.0      47838275.5       608390.0
210     24367232.0      47575206.0       607294.0
32      24383616.0      47567832.0       603084.5
437     24229760.0      47507729.0       596112.0
224     24587136.0      47815174.0       592757.0
485     24427264.0      47615378.5       590124.0
350     24480384.0      47959353.5       588651.0
              Server1        Server2
Offset                              
14      366170.206897  105006.379310
82       13756.250000    4142.312500
319      12990.500000    3918.750000
147      11724.125000    3562.187500
207       9598.344828    2955.137931
357       8934.750000    2795.625000
460       6358.750000    2024.062500
497       5415.500000    1740.875000
96        5223.125000    1697.000000
235       4979.125000    1650.250000
57        4872.896552    1592.896552
435       4764.000000    1567.500000
351       4286.375000    1416.812500
384       4229.000000    1427.750000
224       4193.750000    1447.000000
151       4149.125000    1386.562500
457       4116.375000    5134.000000
363       4052.250000    1375.000000
219       4003.750000    1359.625000
443       3963.375000    1390.937500
Current: [156]
Subround 13
         Timestamp  TS First Frame  TS Prev Frame
Offset                                           
88      24354304.0      47733023.5       771699.0
239     24719744.0      48277259.5       736337.0
166     24548864.0      47559471.5       728417.0
440     24427648.0      47697363.0       727674.5
237     24386176.0      47603146.0       708102.5
54      24320384.0      47468269.0       706226.5
357     24373120.0      47555672.0       701146.5
315     24336640.0      47722433.0       672377.0
14      24498688.0      47647272.0       669917.0
190     24433024.0      47598687.0       664886.5
55      24331520.0      47316739.0       641310.0
327     24488448.0      47836126.0       620826.5
421     24195840.0      47629572.5       611289.0
348     24478592.0      47838275.5       608390.0
210     24367232.0      47575206.0       607294.0
32      24383616.0      47567832.0       603084.5
437     24205568.0      47479140.0       595160.0
224     24587136.0      47815174.0       592757.0
485     24427264.0      47615378.5       590124.0
350     24480384.0      47959353.5       588651.0
              Server1        Server2
Offset                              
14      360935.866667  103506.466667
82       13756.250000    4142.312500
319      12990.500000    3918.750000
147      11724.125000    3562.187500
207       9409.000000    2906.533333
357       8934.750000    2795.625000
460       6358.750000    2024.062500
497       5415.500000    1740.875000
96        5223.125000    1697.000000
235       4979.125000    1650.250000
57        4814.933333    1572.600000
435       4764.000000    1567.500000
351       4286.375000    1416.812500
384       4229.000000    1427.750000
224       4193.750000    1447.000000
151       4149.125000    1386.562500
457       4116.375000    5134.000000
363       4052.250000    1375.000000
219       4003.750000    1359.625000
443       3963.375000    1390.937500
Current: [14, 156, 272]
Subround 14
         Timestamp  TS First Frame  TS Prev Frame
Offset                                           
88      24354304.0      47733023.5       771699.0
239     24719744.0      48277259.5       736337.0
166     24548864.0      47559471.5       728417.0
440     24427648.0      47697363.0       727674.5
237     24386176.0      47603146.0       708102.5
54      24320384.0      47468269.0       706226.5
357     24373120.0      47555672.0       701146.5
14      24455680.0      47713202.0       689634.0
315     24336640.0      47722433.0       672377.0
190     24433024.0      47598687.0       664886.5
55      24331520.0      47316739.0       641310.0
327     24488448.0      47836126.0       620826.5
421     24195840.0      47629572.5       611289.0
348     24478592.0      47838275.5       608390.0
210     24367232.0      47575206.0       607294.0
32      24383616.0      47567832.0       603084.5
437     24229760.0      47507729.0       596112.0
224     24587136.0      47815174.0       592757.0
485     24427264.0      47615378.5       590124.0
350     24480384.0      47959353.5       588651.0
              Server1        Server2
Offset                              
14      369292.838710  105897.870968
82       13756.250000    4142.312500
319      12990.500000    3918.750000
147      11724.125000    3562.187500
207       9162.258065    2831.967742
357       8934.750000    2795.625000
460       6358.750000    2024.062500
497       5415.500000    1740.875000
96        5223.125000    1697.000000
235       4979.125000    1650.250000
57        4820.645161    1576.838710
435       4764.000000    1567.500000
351       4286.375000    1416.812500
384       4229.000000    1427.750000
224       4193.750000    1447.000000
151       4149.125000    1386.562500
457       4116.375000    5134.000000
363       4052.250000    1375.000000
219       4003.750000    1359.625000
443       3963.375000    1390.937500
Current: [156, 272]
Subround 15
         Timestamp  TS First Frame  TS Prev Frame
Offset                                           
88      24354304.0      47733023.5       771699.0
239     24719744.0      48277259.5       736337.0
166     24548864.0      47559471.5       728417.0
440     24427648.0      47697363.0       727674.5
237     24386176.0      47603146.0       708102.5
54      24320384.0      47468269.0       706226.5
357     24373120.0      47555672.0       701146.5
14      24455680.0      47713202.0       689634.0
315     24336640.0      47722433.0       672377.0
190     24433024.0      47598687.0       664886.5
55      24331520.0      47316739.0       641310.0
327     24488448.0      47836126.0       620826.5
421     24195840.0      47629572.5       611289.0
348     24478592.0      47838275.5       608390.0
210     24367232.0      47575206.0       607294.0
32      24383616.0      47567832.0       603084.5
437     24253952.0      47536318.0       595160.0
224     24587136.0      47815174.0       592757.0
485     24427264.0      47615378.5       590124.0
350     24480384.0      47959353.5       588651.0
            Server1       Server2
Offset                           
14      367082.3125  105265.71875
82       13756.2500    4142.31250
319      12990.5000    3918.75000
147      11724.1250    3562.18750
207       8991.0000    2788.09375
357       8934.7500    2795.62500
460       6358.7500    2024.06250
497       5415.5000    1740.87500
96        5223.1250    1697.00000
235       4979.1250    1650.25000
57        4764.3125    1557.31250
435       4764.0000    1567.50000
351       4286.3750    1416.81250
384       4229.0000    1427.75000
224       4193.7500    1447.00000
151       4149.1250    1386.56250
457       4116.3750    5134.00000
363       4052.2500    1375.00000
219       4003.7500    1359.62500
443       3963.3750    1390.93750
Current: [156]
Subround 16
         Timestamp  TS First Frame  TS Prev Frame
Offset                                           
88      24354304.0      47733023.5       771699.0
239     24719744.0      48277259.5       736337.0
166     24548864.0      47559471.5       728417.0
440     24427648.0      47697363.0       727674.5
237     24386176.0      47603146.0       708102.5
54      24320384.0      47468269.0       706226.5
357     24373120.0      47555672.0       701146.5
315     24336640.0      47722433.0       672377.0
14      24441600.0      47673980.5       669917.0
190     24433024.0      47598687.0       664886.5
55      24331520.0      47316739.0       641310.0
327     24488448.0      47836126.0       620826.5
421     24195840.0      47629572.5       611289.0
348     24478592.0      47838275.5       608390.0
210     24367232.0      47575206.0       607294.0
32      24383616.0      47567832.0       603084.5
224     24587136.0      47815174.0       592757.0
485     24427264.0      47615378.5       590124.0
350     24480384.0      47959353.5       588651.0
219     24371456.0      47495956.0       587173.5
              Server1        Server2
Offset                              
14      360876.787879  103484.424242
82       13756.250000    4142.312500
319      12990.500000    3918.750000
147      11724.125000    3562.187500
357       8934.750000    2795.625000
207       8781.878788    2723.848485
460       6358.750000    2024.062500
497       5415.500000    1740.875000
96        5223.125000    1697.000000
235       4979.125000    1650.250000
57        4827.878788    1576.878788
435       4764.000000    1567.500000
351       4286.375000    1416.812500
384       4229.000000    1427.750000
224       4193.750000    1447.000000
151       4149.125000    1386.562500
457       4116.375000    5134.000000
363       4052.250000    1375.000000
219       4003.750000    1359.625000
443       3963.375000    1390.937500
Current: [156]
Subround 17
         Timestamp  TS First Frame  TS Prev Frame
Offset                                           
88      24354304.0      47733023.5       771699.0
239     24719744.0      48277259.5       736337.0
166     24548864.0      47559471.5       728417.0
440     24427648.0      47697363.0       727674.5
237     24386176.0      47603146.0       708102.5
54      24320384.0      47468269.0       706226.5
357     24373120.0      47555672.0       701146.5
14      24455680.0      47634759.0       689634.0
315     24336640.0      47722433.0       672377.0
190     24433024.0      47598687.0       664886.5
55      24331520.0      47316739.0       641310.0
327     24488448.0      47836126.0       620826.5
421     24195840.0      47629572.5       611289.0
348     24478592.0      47838275.5       608390.0
210     24367232.0      47575206.0       607294.0
32      24383616.0      47567832.0       603084.5
437     24253952.0      47550241.0       595160.0
224     24587136.0      47815174.0       592757.0
485     24427264.0      47615378.5       590124.0
350     24480384.0      47959353.5       588651.0
              Server1        Server2
Offset                              
14      366254.294118  105027.970588
82       13756.250000    4142.312500
319      12990.500000    3918.750000
147      11724.125000    3562.187500
357       8934.750000    2795.625000
207       8650.823529    2687.735294
460       6358.750000    2024.062500
497       5415.500000    1740.875000
96        5223.125000    1697.000000
235       4979.125000    1650.250000
435       4764.000000    1567.500000
57        4738.941176    1547.529412
351       4286.375000    1416.812500
384       4229.000000    1427.750000
224       4193.750000    1447.000000
151       4149.125000    1386.562500
457       4116.375000    5134.000000
363       4052.250000    1375.000000
219       4003.750000    1359.625000
443       3963.375000    1390.937500
Current: [156]
Subround 18
         Timestamp  TS First Frame  TS Prev Frame
Offset                                           
88      24354304.0      47733023.5       771699.0
239     24719744.0      48277259.5       736337.0
166     24548864.0      47559471.5       728417.0
440     24427648.0      47697363.0       727674.5
237     24386176.0      47603146.0       708102.5
54      24320384.0      47468269.0       706226.5
357     24373120.0      47555672.0       701146.5
315     24336640.0      47722433.0       672377.0
14      24441600.0      47608050.5       669917.0
190     24433024.0      47598687.0       664886.5
55      24331520.0      47316739.0       641310.0
327     24488448.0      47836126.0       620826.5
421     24195840.0      47629572.5       611289.0
348     24478592.0      47838275.5       608390.0
210     24367232.0      47575206.0       607294.0
32      24383616.0      47567832.0       603084.5
224     24587136.0      47815174.0       592757.0
485     24427264.0      47615378.5       590124.0
350     24480384.0      47959353.5       588651.0
219     24371456.0      47495956.0       587173.5
              Server1        Server2
Offset                              
14      364434.971429  104506.057143
82       13756.250000    4142.312500
319      12990.500000    3918.750000
147      11724.125000    3562.187500
357       8934.750000    2795.625000
207       8460.800000    2630.485714
460       6358.750000    2024.062500
497       5415.500000    1740.875000
96        5223.125000    1697.000000
235       4979.125000    1650.250000
435       4764.000000    1567.500000
57        4736.342857    1555.142857
351       4286.375000    1416.812500
384       4229.000000    1427.750000
224       4193.750000    1447.000000
151       4149.125000    1386.562500
457       4116.375000    5134.000000
363       4052.250000    1375.000000
219       4003.750000    1359.625000
443       3963.375000    1390.937500
Current: [156]
         Timestamp  TS First Frame  TS Prev Frame
Offset                                           
88      24354304.0      47733023.5       771699.0
239     24719744.0      48277259.5       736337.0
166     24548864.0      47559471.5       728417.0
440     24427648.0      47697363.0       727674.5
237     24386176.0      47603146.0       708102.5
54      24320384.0      47468269.0       706226.5
357     24373120.0      47555672.0       701146.5
315     24336640.0      47722433.0       672377.0
14      24441600.0      47608050.5       669917.0
190     24433024.0      47598687.0       664886.5
55      24331520.0      47316739.0       641310.0
327     24488448.0      47836126.0       620826.5
421     24195840.0      47629572.5       611289.0
348     24478592.0      47838275.5       608390.0
210     24367232.0      47575206.0       607294.0
32      24383616.0      47567832.0       603084.5
224     24587136.0      47815174.0       592757.0
485     24427264.0      47615378.5       590124.0
350     24480384.0      47959353.5       588651.0
219     24371456.0      47495956.0       587173.5
              Server1        Server2
Offset                              
14      364434.971429  104506.057143
82       13756.250000    4142.312500
319      12990.500000    3918.750000
147      11724.125000    3562.187500
357       8934.750000    2795.625000
207       8460.800000    2630.485714
460       6358.750000    2024.062500
497       5415.500000    1740.875000
96        5223.125000    1697.000000
235       4979.125000    1650.250000
435       4764.000000    1567.500000
57        4736.342857    1555.142857
351       4286.375000    1416.812500
384       4229.000000    1427.750000
224       4193.750000    1447.000000
151       4149.125000    1386.562500
457       4116.375000    5134.000000
363       4052.250000    1375.000000
219       4003.750000    1359.625000
443       3963.375000    1390.937500
Winning offset:
[156]
2021-09-17 11:20:09.540053
2021-09-17 11:25:38.834462
0:05:29.294409
attacker.py:479: DeprecationWarning: The default dtype for empty Series will be 'object' instead of 'float64' in a future version. Specify a dtype explicitly to silence this warning.
  mean1 = pd.Series(values1).mean()
attacker.py:480: DeprecationWarning: The default dtype for empty Series will be 'object' instead of 'float64' in a future version. Specify a dtype explicitly to silence this warning.
  mean2 = pd.Series(values2).mean()
attacker.py:479: DeprecationWarning: The default dtype for empty Series will be 'object' instead of 'float64' in a future version. Specify a dtype explicitly to silence this warning.
  mean1 = pd.Series(values1).mean()
attacker.py:480: DeprecationWarning: The default dtype for empty Series will be 'object' instead of 'float64' in a future version. Specify a dtype explicitly to silence this warning.
  mean2 = pd.Series(values2).mean()
Exception ignored in: <function Capture.__del__ at 0x7f06786cd670>
Traceback (most recent call last):
  File "/home/mlipp/.virtualenvs/kaslr/lib/python3.8/site-packages/pyshark/capture/capture.py", line 445, in __del__
  File "/home/mlipp/.virtualenvs/kaslr/lib/python3.8/site-packages/pyshark/capture/capture.py", line 436, in close
  File "/usr/lib/python3.8/asyncio/base_events.py", line 592, in run_until_complete
  File "/usr/lib/python3.8/asyncio/base_events.py", line 553, in _check_running
AttributeError: 'NoneType' object has no attribute '_get_running_loop'
