Loading page file profiles/packet3/pages/0x6e4a.yaml
Loading page file profiles/packet3/pages/0x6e60.yaml
Loading page file profiles/packet3/pages/0x6ee3.yaml
Loading page file profiles/packet3/pages/0x7241.yaml
Loading page file profiles/packet3/pages/0x7242.yaml
Loading page file profiles/packet3/pages/0x7243.yaml
Loading page file profiles/packet3/pages/0x7244.yaml
Round 0
Subround 0
Empty DataFrame
Columns: [Timestamp, TS First Frame, TS Prev Frame]
Index: []
         Server1   Server2
Offset                    
14      767774.0  220057.0
439       7546.0    2456.0
310       7264.0    2390.0
140       7110.0    2519.0
22        6774.0    2368.0
200       6502.0    2140.0
165       6480.0    2153.0
130       6368.0    2262.0
383       6352.0    2313.0
307       6340.0    2091.0
487       6328.0    2237.0
279       6288.0    2064.0
331       6270.0    2142.0
21        6218.0    2301.0
313       6218.0    2076.0
348       6204.0    2160.0
259       6124.0    1965.0
152       6124.0    2162.0
171       6092.0    2003.0
271       6060.0    2207.0
Current: [2, 4, 6, 7, 10, 14, 17, 18, 21, 22, 23, 27, 33, 34, 37, 39, 40, 43, 45, 47, 48, 49, 50, 51, 52, 54, 55, 57, 60, 63, 64, 66, 69, 70, 71, 72, 73, 75, 76, 77, 78, 80, 81, 82, 84, 85, 88, 90, 92, 93, 97, 100, 109, 110, 116, 117, 119, 121, 123, 124, 125, 126, 127, 128, 129, 130, 133, 134, 137, 139, 140, 141, 142, 143, 145, 149, 150, 152, 153, 154, 157, 164, 166, 167, 169, 170, 176, 179, 181, 182, 185, 186, 191, 192, 195, 196, 198, 204, 206, 208, 210, 211, 215, 216, 218, 219, 220, 222, 225, 226, 229, 234, 235, 236, 237, 240, 242, 243, 245, 248, 251, 253, 255, 258, 259, 260, 261, 262, 264, 265, 266, 267, 268, 269, 270, 272, 273, 275, 279, 285, 286, 291, 293, 295, 296, 303, 307, 315, 316, 317, 318, 319, 320, 323, 324, 327, 331, 332, 336, 339, 341, 343, 344, 346, 349, 352, 353, 355, 357, 359, 361, 363, 364, 368, 369, 370, 371, 377, 378, 381, 382, 383, 384, 388, 389, 392, 393, 397, 399, 400, 401, 402, 404, 409, 410, 411, 412, 414, 417, 418, 419, 423, 427, 429, 431, 432, 434, 437, 438, 439, 440, 443, 448, 449, 453, 455, 456, 458, 459, 460, 461, 462, 463, 464, 465, 467, 470, 471, 473, 474, 475, 477, 479, 486, 487, 488, 490, 491, 495, 496, 498, 499, 501, 504, 506, 507, 508]
Subround 1
         Timestamp  TS First Frame  TS Prev Frame
Offset                                           
54      24432896.0      47216558.0      1115150.0
76      25021696.0      48416667.5      1075666.0
142     24871040.0      48569546.5      1032980.5
271     24989184.0      48496025.0      1032209.0
373     26160768.0      50940930.0       996131.0
463     25225600.0      48857664.0       976582.5
152     24900864.0      48375823.5       976280.5
476     25052800.0      48816625.5       965233.0
51      25155968.0      48900502.0       964459.5
55      24909696.0      48286399.0       963834.0
372     25146880.0      48820180.0       959007.0
242     25131264.0      48853332.5       951989.0
26      25233024.0      48937040.5       943788.0
303     24590592.0      47870429.0       932529.0
412     26039936.0      50883659.5       930647.0
379     24768000.0      48255037.5       922708.5
444     25047808.0      48783396.0       922173.0
401     24951680.0      48348347.5       920224.5
160     24545536.0      47776733.0       917815.5
211     24833152.0      48250711.0       916722.0
         Server1   Server2
Offset                    
14      502845.0  144094.0
266      66050.0   19106.5
213      26467.0    7727.0
387       6967.0    2242.0
186       6637.0    2103.5
462       6398.0    1956.5
379       6300.0    2168.0
271       6205.0    2197.0
259       6004.0    1936.0
274       5889.0    2030.5
152       5803.0    2115.5
89        5770.0    2080.5
151       5762.0    1972.5
185       5707.0    1882.0
176       5681.0    1887.5
168       5599.0    1899.0
337       5488.0    1865.5
459       5400.0    1892.0
31        5386.0    1997.0
25        5373.0    1892.5
Current: [4, 7, 9, 14, 21, 22, 33, 34, 37, 43, 45, 49, 51, 54, 55, 60, 63, 64, 66, 69, 71, 72, 75, 76, 77, 78, 80, 81, 82, 84, 85, 92, 93, 97, 109, 116, 117, 119, 126, 128, 133, 134, 137, 139, 143, 149, 150, 152, 153, 156, 163, 164, 169, 170, 179, 181, 182, 196, 197, 204, 206, 215, 216, 219, 222, 226, 234, 240, 245, 247, 251, 255, 260, 264, 266, 269, 270, 272, 279, 285, 286, 296, 307, 311, 315, 316, 324, 339, 341, 344, 346, 357, 359, 361, 364, 370, 377, 378, 383, 388, 392, 393, 402, 409, 411, 414, 417, 423, 427, 429, 431, 434, 439, 440, 443, 461, 462, 463, 465, 467, 470, 471, 473, 475, 477, 486, 488, 490, 495, 496, 499, 504, 506, 508]
Subround 2
         Timestamp  TS First Frame  TS Prev Frame
Offset                                           
14      25259264.0      48341077.0      1097380.0
76      24695040.0      48131624.0      1041831.0
51      25105920.0      48786758.0       960158.0
271     24779008.0      47952262.0       957911.0
142     24689920.0      48030262.0       954420.0
152     25237760.0      48874123.0       948579.0
476     24986624.0      48765943.0       948076.0
242     25097472.0      48834509.0       944269.0
463     25503488.0      49377786.0       940855.0
26      25267200.0      49034204.0       930872.0
412     24993792.0      48632407.0       927027.0
372     24851456.0      48283536.0       923199.0
373     25138176.0      48816085.0       916636.0
316     24830208.0      48226135.0       906371.0
503     24689152.0      48204307.0       904016.0
86      24601600.0      47779440.0       900966.0
379     24656384.0      48201325.0       900723.0
399     24760320.0      48171722.0       895736.0
20      24662784.0      48238412.0       895183.0
314     24908032.0      48464719.0       894354.0
              Server1        Server2
Offset                              
14      529201.333333  151679.000000
266      44586.666667   12924.333333
213      18280.000000    5372.000000
387       6629.333333    2178.333333
462       5909.333333    1890.000000
186       5169.333333    1652.333333
379       5150.666667    1755.333333
310       5093.333333    1757.666667
274       5069.333333    1713.333333
259       4938.000000    1590.000000
176       4849.333333    1624.666667
271       4808.000000    1682.333333
125       4765.333333    1591.666667
25        4720.000000    1623.000000
412       4659.333333    1657.000000
89        4631.333333    1662.000000
320       4574.000000    1510.666667
276       4542.000000    1593.000000
185       4516.000000    1490.333333
151       4488.666667    1529.333333
Current: [4, 7, 14, 22, 33, 51, 54, 64, 69, 77, 81, 84, 85, 97, 109, 116, 126, 134, 137, 139, 143, 149, 150, 156, 169, 170, 179, 215, 219, 222, 226, 234, 255, 260, 264, 266, 286, 307, 311, 315, 316, 324, 344, 346, 359, 361, 370, 378, 383, 388, 392, 402, 409, 411, 414, 423, 427, 429, 434, 440, 443, 461, 462, 465, 467, 471, 475, 486, 495, 499, 506]
Subround 3
         Timestamp  TS First Frame  TS Prev Frame
Offset                                           
14      24903424.0      48776130.0      1107257.5
76      24778112.0      48078518.0      1048166.0
373     25056000.0      48549201.5       996131.0
463     25225600.0      48857664.0       976582.5
476     24627584.0      48031920.5       965233.0
372     24778240.0      48031444.0       959007.0
242     24632576.0      48127460.5       951989.0
51      24827392.0      48390096.5       942735.0
412     24934144.0      48350720.0       930647.0
379     24720128.0      48168547.0       922708.5
401     24732800.0      48200954.5       920224.5
211     24784256.0      48019461.0       916722.0
399     24565120.0      47746774.0       910111.0
26      25233024.0      48937040.5       896649.0
160     24545536.0      47776733.0       894192.0
31      25152000.0      48662532.0       893662.0
151     24807680.0      48105348.5       887519.0
231     25056000.0      51062744.5       876300.0
39      24875904.0      48325054.5       875063.5
142     24871040.0      48569546.5       873694.0
         Server1    Server2
Offset                     
14      588528.0  168863.00
266      34047.5    9900.25
213      14188.5    4189.25
167      13483.5    4070.25
387       5530.5    1818.50
274       5327.5    1782.75
310       5322.0    1813.00
379       5213.5    1770.50
39        5152.5    1770.25
31        5037.5    1759.25
259       5037.5    1637.50
412       5017.5    1773.75
271       5003.0    1764.75
256       4906.0    1682.75
462       4850.5    1569.00
142       4848.5    1679.25
186       4763.0    1521.75
151       4759.5    1609.25
89        4736.0    1711.50
276       4728.5    1685.00
Current: [4, 7, 12, 13, 14, 19, 21, 22, 31, 33, 34, 37, 43, 44, 46, 49, 51, 54, 55, 62, 64, 66, 69, 71, 77, 81, 82, 84, 85, 89, 90, 92, 93, 97, 99, 100, 104, 109, 114, 116, 119, 126, 128, 130, 134, 135, 136, 137, 139, 142, 143, 149, 150, 152, 153, 156, 157, 162, 166, 169, 170, 176, 179, 186, 192, 196, 207, 215, 216, 219, 220, 221, 222, 226, 234, 237, 240, 242, 245, 248, 249, 255, 256, 258, 259, 260, 264, 265, 266, 270, 274, 277, 279, 281, 283, 286, 291, 293, 295, 297, 298, 303, 306, 307, 311, 315, 316, 319, 321, 324, 326, 327, 328, 336, 339, 344, 346, 349, 357, 359, 360, 361, 363, 364, 370, 376, 378, 379, 383, 388, 392, 399, 401, 402, 404, 408, 409, 411, 414, 416, 417, 421, 423, 425, 427, 429, 434, 440, 443, 452, 461, 462, 465, 467, 470, 471, 475, 477, 479, 480, 483, 485, 486, 488, 495, 496, 499, 506, 507, 508]
Subround 4
         Timestamp  TS First Frame  TS Prev Frame
Offset                                           
14      24547584.0      48341077.0      1097380.0
76      24695040.0      48025412.0      1041831.0
31      25277184.0      49020759.0      1015227.0
359     24681728.0      47657469.0       988046.0
476     24798208.0      48166317.0       982390.0
55      24643072.0      48233001.0       971692.0
21      24620800.0      48032996.0       970236.0
130     24496640.0      47652961.0       960330.0
271     24779008.0      47952262.0       957911.0
242     24649984.0      48234510.0       944269.0
463     24947712.0      48337542.0       940855.0
412     24993792.0      48632407.0       929512.0
478     24770560.0      47960600.0       928245.0
51      24751360.0      48355728.0       925312.0
372     24705024.0      48212257.0       923199.0
373     24973824.0      48716003.0       917848.0
142     25052160.0      48558721.0       904209.0
379     24783872.0      48201325.0       900723.0
442     24730368.0      48259826.0       896583.0
399     24499712.0      47817759.0       895736.0
         Server1   Server2
Offset                    
14      522030.4  149771.2
266      27748.8    8091.6
213      11738.4    3476.8
167      11339.2    3439.6
387       5477.2    1814.6
274       5194.8    1768.0
379       5168.4    1792.4
271       5132.0    1787.8
31        5092.4    1759.2
259       5074.8    1684.8
39        5070.0    1759.2
412       5066.8    1795.4
151       4960.4    1689.2
142       4904.8    1723.8
256       4870.0    1687.4
208       4832.0    1717.0
89        4741.6    1717.2
186       4741.6    1531.4
41        4726.8    1652.6
59        4716.4    1627.6
Current: [4, 7, 13, 14, 22, 31, 33, 37, 43, 49, 51, 54, 55, 62, 64, 69, 71, 77, 81, 84, 85, 89, 97, 99, 100, 114, 116, 119, 128, 136, 137, 143, 149, 156, 162, 169, 170, 176, 179, 215, 219, 226, 234, 237, 240, 247, 260, 264, 266, 270, 280, 286, 291, 293, 295, 298, 307, 311, 315, 316, 319, 321, 327, 328, 336, 339, 344, 346, 349, 359, 360, 364, 370, 378, 379, 388, 399, 404, 408, 411, 417, 423, 425, 429, 434, 443, 462, 465, 470, 471, 480, 483, 485, 486, 496, 499, 507, 508]
Subround 5
         Timestamp  TS First Frame  TS Prev Frame
Offset                                           
476     24533376.0      47732107.5       965233.0
20      24601472.0      47905626.0       934138.5
412     25002624.0      48708531.5       928269.5
341     24638464.0      47731508.0       925264.0
373     24937984.0      48499160.5       917242.0
242     24408832.0      47827461.0       914393.0
463     24821632.0      48309732.0       900746.5
76      24778112.0      48078518.0       898388.5
31      25124096.0      48598017.0       893662.0
14      24451072.0      47899280.5       886622.0
39      24946432.0      48727629.0       875063.5
271     24637184.0      47850229.0       866643.0
452     24666240.0      48144681.5       862608.0
53      24933120.0      48261631.5       858579.0
444     24689280.0      48218236.5       858446.0
401     24732800.0      48200954.5       856039.5
473     24448896.0      47682184.5       852542.5
142     25086464.0      48833776.0       848588.5
55      24596608.0      47969241.5       846526.5
151     24736000.0      47984981.5       845138.5
              Server1        Server2
Offset                              
14      480339.000000  137777.333333
266      30209.000000    8856.833333
167      10197.666667    3155.000000
213      10157.666667    3025.333333
387       5454.666667    1845.000000
292       4843.666667    1542.833333
412       4773.000000    1667.500000
39        4724.666667    1627.000000
379       4693.666667    1618.333333
274       4686.333333    1591.000000
176       4673.333333    1618.333333
186       4672.333333    1559.666667
271       4629.333333    1609.333333
208       4574.666667    1604.833333
259       4541.000000    1508.166667
31        4515.666667    1557.666667
49        4499.333333    1546.666667
168       4490.333333    1564.666667
142       4450.000000    1555.000000
151       4428.666667    1506.000000
Current: [14, 22, 33, 37, 49, 51, 55, 62, 64, 69, 77, 85, 97, 100, 114, 137, 149, 170, 176, 179, 219, 226, 234, 240, 260, 264, 266, 270, 298, 307, 315, 316, 319, 321, 328, 336, 339, 346, 349, 359, 360, 370, 388, 399, 404, 411, 417, 425, 443, 462, 465, 470, 471, 480, 485, 486, 496, 499, 507, 508]
Subround 6
         Timestamp  TS First Frame  TS Prev Frame
Offset                                           
14      24547584.0      48201011.0      1097380.0
476     24268544.0      47587744.0       948076.0
478     24770560.0      47960600.0       928245.0
412     24993792.0      48632407.0       927027.0
373     24902144.0      48282318.0       916636.0
399     24499712.0      47817759.0       895736.0
20      24540160.0      47572840.0       895183.0
21      24620800.0      48032996.0       886720.0
242     24167680.0      47420412.0       884517.0
2       24732416.0      48086104.0       884264.0
341     24803072.0      48088966.0       882735.0
39      24912896.0      48722602.0       869578.0
463     24695552.0      48281922.0       860638.0
355     24601344.0      47512676.0       858123.0
444     24672768.0      47869805.0       854317.0
401     24726784.0      48186094.0       852673.0
473     24377856.0      47651510.0       849621.0
41      24457728.0      47722254.0       839971.0
413     24329472.0      47401812.0       836474.0
452     24437504.0      47446150.0       835035.0
              Server1        Server2
Offset                              
14      520199.428571  149179.142857
266      26218.571429    7705.000000
213       9294.000000    2812.142857
167       9186.000000    2846.571429
443       5725.428571    1836.285714
387       4961.142857    1682.857143
274       4595.142857    1566.857143
186       4557.714286    1510.714286
412       4452.285714    1549.714286
292       4426.857143    1416.857143
345       4374.571429    1505.571429
379       4368.857143    1502.857143
39        4342.285714    1491.571429
176       4324.857143    1492.714286
203       4309.428571    1450.000000
271       4279.428571    1479.142857
2         4269.142857    1459.571429
310       4256.000000    1454.714286
291       4240.285714    1451.857143
59        4231.714286    1435.000000
Current: [14, 22, 33, 37, 39, 43, 49, 50, 51, 52, 54, 55, 59, 62, 64, 69, 71, 77, 81, 85, 89, 97, 100, 104, 114, 115, 116, 119, 122, 129, 130, 134, 136, 137, 139, 146, 149, 153, 162, 167, 170, 176, 179, 180, 186, 192, 196, 206, 215, 216, 218, 219, 226, 234, 240, 248, 255, 258, 260, 264, 266, 270, 277, 279, 281, 286, 291, 298, 307, 315, 316, 319, 321, 328, 336, 337, 339, 344, 346, 347, 349, 357, 359, 360, 361, 363, 367, 368, 370, 378, 379, 388, 392, 399, 404, 408, 411, 412, 416, 417, 423, 425, 434, 443, 453, 462, 465, 470, 471, 479, 480, 483, 485, 486, 495, 496, 499, 507, 508]
Subround 7
         Timestamp  TS First Frame  TS Prev Frame
Offset                                           
478     24686208.0      47712868.0       933158.5
476     24533376.0      47877030.5       931721.0
2       24731136.0      47994226.5       920899.5
399     24630016.0      47994740.5       910111.0
242     24408832.0      47827461.0       900609.0
14      24451072.0      47932828.0       886622.0
463     24742912.0      48309732.0       879815.5
39      24878208.0      48641759.0       875063.5
444     24689280.0      48213739.5       858446.0
278     24426752.0      47656068.5       846560.0
70      24501248.0      47895271.0       844438.5
314     24810112.0      48161279.5       844111.5
413     24368640.0      47438985.0       838918.0
136     24650240.0      47805797.5       833941.0
20      24297600.0      47443406.0       833832.5
76      24860928.0      48261841.0       833025.5
473     24448896.0      47682184.5       829413.5
188     24347520.0      47776735.5       821738.5
31      24913664.0      48402316.5       817295.5
229     24293248.0      47356281.5       816821.0
          Server1     Server2
Offset                       
14      474368.75  136033.875
266      23233.25    6837.500
422       8469.75    2629.250
213       8375.00    2544.750
167       8308.75    2581.875
450       7992.25    2495.375
443       5582.00    1814.500
274       4625.75    1575.500
379       4589.50    1578.375
387       4588.50    1557.500
345       4464.50    1546.875
203       4459.25    1498.000
2         4452.00    1513.500
39        4413.00    1513.250
176       4403.25    1527.375
208       4358.75    1527.000
271       4334.00    1506.625
210       4326.75    1460.375
59        4319.50    1477.250
168       4289.25    1487.375
Current: [14, 22, 33, 37, 39, 51, 52, 54, 55, 59, 62, 64, 69, 85, 89, 97, 100, 114, 116, 130, 136, 137, 139, 149, 162, 170, 176, 192, 206, 215, 216, 234, 240, 248, 258, 260, 264, 277, 307, 315, 316, 319, 321, 328, 336, 337, 339, 344, 346, 347, 357, 359, 363, 368, 370, 388, 392, 399, 408, 411, 412, 417, 425, 443, 465, 470, 471, 480, 483, 485, 496, 499, 507, 508]
Subround 8
         Timestamp  TS First Frame  TS Prev Frame
Offset                                           
478     24601856.0      47465136.0       928245.0
476     24268544.0      47587744.0       915366.0
399     24499712.0      47817759.0       895736.0
20      24540160.0      47572840.0       895183.0
242     24167680.0      47753906.0       884517.0
2       24729856.0      47902349.0       884264.0
341     24918016.0      48210710.0       882735.0
39      24843520.0      48560916.0       869578.0
463     24695552.0      48281922.0       860638.0
444     24672768.0      47869805.0       854317.0
342     24393472.0      47283967.0       844924.0
147     24564480.0      47765794.0       837820.0
49      24673024.0      47730018.0       836596.0
413     24329472.0      47476158.0       836474.0
188     24343552.0      47451792.0       835624.0
452     24873216.0      48513344.0       835035.0
278     24612096.0      47690161.0       829625.0
136     24775680.0      47887886.0       815213.0
70      24773888.0      48238949.0       814654.0
76      24860672.0      48131624.0       809967.0
              Server1        Server2
Offset                              
14      445111.555556  127633.555556
266      21252.000000    6277.444444
167       7864.444444    2472.333333
213       7726.888889    2352.555556
422       7700.444444    2395.444444
450       7341.555556    2294.666667
89        6432.666667    2093.222222
443       5203.555556    1693.111111
176       4657.333333    1614.444444
387       4627.777778    1566.111111
457       4465.111111    1555.444444
29        4403.111111    1499.888889
234       4377.555556    1490.111111
274       4358.000000    1478.000000
379       4323.555556    1480.000000
320       4317.777778    1470.111111
43        4303.333333    1481.555556
186       4302.222222    1443.777778
187       4301.333333    1477.777778
49        4295.333333    1481.555556
Current: [14, 22, 33, 37, 51, 52, 62, 64, 85, 89, 97, 100, 136, 139, 149, 170, 176, 192, 216, 234, 240, 258, 264, 277, 307, 315, 316, 321, 337, 339, 346, 357, 359, 370, 388, 392, 399, 411, 412, 417, 425, 443, 465, 470, 480, 483, 499, 508]
Subround 9
         Timestamp  TS First Frame  TS Prev Frame
Offset                                           
2       24731008.0      47994226.5       884650.5
14      24451072.0      47852765.0       861468.0
278     24675456.0      47952720.0       846560.0
136     24785792.0      48105581.0       833941.0
20      24297600.0      47443406.0       833832.5
188     24236928.0      47365434.5       821738.5
478     24596224.0      47712868.0       817988.0
399     24434816.0      47569792.5       817103.0
49      24711424.0      47952139.5       815932.5
147     24651136.0      47885134.5       805152.0
342     24390784.0      47339427.0       796247.0
125     24653952.0      48077957.5       793899.5
295     24206336.0      47304897.5       793629.5
391     24648448.0      47947978.0       786155.5
320     24283520.0      47410554.0       784084.0
62      24445696.0      47602690.5       782460.5
76      24777856.0      48078518.0       782456.5
341     24860544.0      48149838.0       779663.5
214     24755456.0      48165511.0       773931.0
50      24628224.0      47640611.5       773565.0
         Server1   Server2
Offset                    
14      455186.8  130528.7
266      19318.8    5716.8
213       7469.2    2301.6
167       7305.0    2297.2
450       7262.8    2278.7
422       7204.4    2253.0
89        6032.8    1962.0
443       5204.8    1708.3
29        4469.8    1541.3
176       4412.6    1526.3
387       4389.4    1483.4
59        4349.0    1469.5
345       4335.4    1501.4
457       4308.6    1492.9
2         4245.0    1451.0
274       4234.4    1440.8
379       4186.2    1428.9
50        4157.2    1441.5
234       4154.4    1412.7
313       4149.2    1441.3
Current: [8, 14, 20, 22, 33, 37, 39, 51, 52, 55, 62, 64, 69, 73, 83, 84, 85, 89, 97, 100, 115, 119, 122, 130, 136, 137, 139, 142, 149, 153, 162, 170, 176, 186, 192, 193, 215, 216, 225, 234, 240, 258, 260, 264, 268, 270, 277, 281, 293, 299, 307, 315, 316, 319, 321, 328, 337, 339, 346, 347, 357, 359, 361, 363, 370, 375, 388, 392, 399, 400, 404, 408, 411, 412, 416, 417, 425, 440, 443, 453, 457, 463, 465, 470, 475, 480, 483, 495, 496, 499, 507, 508]
Subround 10
         Timestamp  TS First Frame  TS Prev Frame
Offset                                           
478     24601856.0      47960600.0       928245.0
476     24268544.0      47587744.0       915366.0
20      24540160.0      47572840.0       895183.0
21      24620800.0      48032996.0       885294.0
2       24732160.0      48086104.0       885037.0
242     24167680.0      47753906.0       884517.0
341     24891136.0      48088966.0       882735.0
39      24843520.0      48430734.0       869578.0
399     24499712.0      47817759.0       867305.0
278     24738816.0      48215279.0       863495.0
463     24695552.0      48281922.0       860638.0
444     24672768.0      47869805.0       854317.0
188     24343552.0      47451792.0       825690.0
29      24735744.0      47987116.0       823377.0
50      24761344.0      47900306.0       821163.0
136     24775680.0      47887886.0       815213.0
76      24860672.0      48131624.0       809967.0
192     24573440.0      48260749.0       804212.0
214     24909568.0      48333440.0       800919.0
320     24367872.0      47431444.0       800527.0
              Server1        Server2
Offset                              
14      428681.454545  122921.272727
266      17766.363636    5265.000000
213       6982.363636    2158.000000
167       6832.545455    2149.000000
450       6789.090909    2133.272727
422       6708.181818    2104.727273
89        5892.909091    1944.909091
85        5556.000000    1843.181818
443       5189.636364    1725.818182
176       4559.272727    1567.454545
29        4496.545455    1548.272727
274       4384.000000    1494.272727
59        4377.636364    1477.454545
345       4353.454545    1514.818182
379       4292.545455    1470.090909
2         4283.090909    1460.636364
43        4255.272727    1463.545455
291       4241.090909    1457.181818
457       4224.909091    1460.909091
50        4222.181818    1471.363636
Current: [8, 14, 20, 22, 33, 37, 51, 52, 55, 62, 64, 83, 84, 85, 97, 100, 115, 130, 139, 149, 162, 170, 176, 186, 192, 215, 234, 240, 258, 264, 268, 277, 280, 281, 307, 315, 316, 319, 328, 339, 346, 357, 359, 363, 370, 388, 399, 404, 408, 412, 416, 417, 425, 440, 443, 457, 465, 470, 480, 483, 495, 496, 499, 507, 508]
Subround 11
         Timestamp  TS First Frame  TS Prev Frame
Offset                                           
20      24601472.0      47741757.0       904499.0
341     24847104.0      48149838.0       891566.0
2       24731008.0      47994226.5       884650.5
39      24807680.0      48419446.0       865006.0
278     24675456.0      47952720.0       846560.0
188     24347520.0      47776735.5       830657.0
444     24689280.0      48083081.0       830180.0
478     24596224.0      47712868.0       817988.0
31      24691840.0      47910981.0       817295.5
320     24409728.0      47731783.0       810781.0
470     24514560.0      47655479.5       807675.5
49      24711424.0      47952139.5       805744.5
42      24777472.0      48090903.5       803543.5
399     24434816.0      47657334.0       802887.5
147     24651136.0      47885134.5       800413.0
62      24639104.0      48109817.0       799847.5
379     24601344.0      47935163.0       798116.5
485     24494208.0      47919697.5       797591.5
342     24390784.0      47339427.0       796247.0
295     24206336.0      47304897.5       793629.5
              Server1        Server2
Offset                              
14      411395.666667  117969.583333
266      16786.166667    4995.916667
167       6711.333333    2139.333333
303       6687.500000    2189.000000
213       6575.666667    2036.416667
450       6425.166667    2025.666667
422       6328.166667    1991.833333
89        5621.000000    1857.083333
85        5236.166667    1737.750000
443       5007.500000    1663.083333
176       4700.333333    1629.416667
379       4380.000000    1498.583333
457       4377.166667    1517.583333
320       4376.833333    1520.000000
43        4365.833333    1505.750000
234       4356.666667    1492.416667
387       4290.333333    1449.250000
29        4265.833333    1467.250000
59        4240.500000    1428.416667
274       4191.833333    1427.500000
Current: [8, 14, 20, 33, 51, 52, 62, 84, 85, 97, 100, 115, 130, 139, 162, 170, 186, 234, 240, 258, 264, 268, 307, 316, 319, 339, 346, 357, 359, 370, 388, 416, 417, 457, 465, 480, 496]
Subround 12
         Timestamp  TS First Frame  TS Prev Frame
Offset                                           
20      24540160.0      47605067.0       895183.0
2       24729856.0      47902349.0       884264.0
341     24803072.0      48088966.0       882735.0
39      24771840.0      48408158.0       860434.0
278     24738816.0      48215279.0       829625.0
188     24343552.0      47451792.0       825690.0
444     24672768.0      47869805.0       806043.0
320     24367872.0      47431444.0       800527.0
42      24688384.0      48047423.0       798127.0
49      24749824.0      48174261.0       795269.0
470     24453632.0      47643856.0       792801.0
62      24533760.0      47936961.0       789808.0
295     24121344.0      47340025.0       784769.0
485     24539648.0      47945673.0       784507.0
391     24642304.0      47817634.0       781613.0
147     24564480.0      47765794.0       772484.0
31      24527360.0      47646687.0       772097.0
76      24695040.0      48025412.0       754946.0
379     24656384.0      47965788.0       748255.0
342     24388096.0      47299379.0       747570.0
              Server1        Server2
Offset                              
14      406826.461538  116655.923077
266      15894.153846    4742.538462
213       6405.538462    1997.076923
167       6363.692308    2029.692308
303       6355.692308    2079.846154
450       6352.307692    2010.000000
422       5987.846154    1887.230769
204       5870.307692    1892.615385
89        5363.692308    1772.461538
85        5226.461538    1745.307692
340       5192.153846    1697.076923
443       5052.307692    1674.000000
176       4510.615385    1559.153846
43        4235.692308    1455.769231
379       4234.769231    1448.230769
320       4214.153846    1461.615385
457       4189.846154    1450.769231
234       4171.076923    1428.153846
52        4160.769231    1367.384615
387       4126.769231    1390.692308
Current: [14, 33, 51, 84, 85, 97, 130, 162, 170, 240, 258, 264, 268, 307, 319, 339, 346, 359, 388, 465, 480]
Subround 13
         Timestamp  TS First Frame  TS Prev Frame
Offset                                           
21      24620800.0      48032996.0       885294.0
2       24731008.0      47994226.5       884650.5
278     24750208.0      48231919.5       846560.0
20      24326528.0      47588953.5       833832.5
478     24596224.0      47631561.5       817988.0
188     24236928.0      47365434.5       816771.5
470     24514560.0      47655479.5       807675.5
399     24434816.0      47657334.0       802887.5
320     24409728.0      47664413.5       784084.0
62      24445696.0      47602690.5       782460.5
341     24799232.0      47996516.5       779663.5
214     24557568.0      47925311.0       773931.0
391     24648448.0      47947978.0       737948.5
291     24435328.0      47652656.5       734758.5
479     24886144.0      48392554.0       725645.0
314     24653824.0      48065437.0       720408.0
142     24453888.0      47879542.0       716440.5
237     24527616.0      47660929.5       716419.0
337     24811392.0      48467275.0       716226.5
229     24293248.0      47466903.5       713730.5
              Server1        Server2
Offset                              
14      416388.285714  119391.071429
266      14890.142857    4448.642857
303       6344.857143    2086.142857
456       6341.428571    2019.214286
213       6296.142857    1972.642857
167       6064.285714    1936.357143
450       6058.714286    1917.785714
422       5815.000000    1851.142857
204       5605.857143    1808.785714
89        5332.142857    1758.857143
85        5245.142857    1750.142857
443       5133.142857    1696.357143
340       4976.857143    1628.500000
176       4374.142857    1510.428571
320       4197.142857    1446.928571
379       4193.857143    1434.928571
59        4165.857143    1411.214286
43        4111.428571    1410.571429
274       4109.857143    1398.142857
457       4108.428571    1415.500000
Current: [1, 6, 8, 14, 22, 33, 51, 52, 54, 64, 84, 85, 97, 100, 115, 130, 139, 142, 162, 170, 186, 234, 240, 258, 260, 264, 268, 307, 319, 339, 346, 357, 359, 370, 388, 392, 412, 416, 417, 465, 471, 475, 480, 496, 499, 507]
Subround 14
         Timestamp  TS First Frame  TS Prev Frame
Offset                                           
20      24540160.0      47605067.0       895183.0
2       24729856.0      47952863.0       884264.0
39      24771840.0      48408158.0       860434.0
278     24738816.0      48215279.0       829625.0
188     24343552.0      47451792.0       825690.0
470     24575488.0      47667103.0       822550.0
444     24672768.0      47869805.0       806043.0
49      24749824.0      48112683.0       795269.0
62      24533760.0      47936961.0       789808.0
341     24795392.0      48031378.0       785291.0
295     24261376.0      47367497.0       784769.0
485     24539648.0      47945673.0       780639.0
320     24451584.0      47754585.0       767641.0
210     24797696.0      48325113.0       760137.0
379     24721408.0      48135769.0       748255.0
342     24388096.0      47322269.0       747570.0
214     24513792.0      47853040.0       746943.0
399     24369920.0      47496909.0       738470.0
223     24551936.0      48153426.0       737724.0
287     24365312.0      47462227.0       736306.0
              Server1        Server2
Offset                              
14      400846.266667  114933.800000
266      14216.533333    4268.266667
303       6054.933333    1990.400000
456       6047.066667    1928.666667
213       6006.400000    1885.200000
167       5930.133333    1908.200000
450       5780.666667    1832.733333
422       5569.466667    1775.800000
204       5518.400000    1793.533333
89        5120.266667    1688.933333
85        5024.266667    1675.066667
443       4944.533333    1632.200000
340       4935.600000    1626.666667
176       4498.933333    1559.733333
448       4351.600000    1465.933333
43        4269.600000    1461.133333
320       4215.466667    1459.466667
457       4168.666667    1442.533333
234       4132.933333    1421.066667
178       4123.333333    1394.600000
Current: [6, 8, 14, 22, 38, 51, 52, 54, 84, 97, 100, 130, 170, 234, 240, 258, 260, 264, 268, 319, 339, 346, 359, 370, 388, 392, 412, 416, 417, 471, 475, 480, 499]
Subround 15
         Timestamp  TS First Frame  TS Prev Frame
Offset                                           
2       24715008.0      47980917.0       833894.0
20      24326528.0      47588953.5       833832.5
188     24236928.0      47365434.5       816771.5
470     24514560.0      47829361.5       807675.5
478     24596224.0      47631561.5       795357.0
62      24445696.0      47624391.0       782460.5
214     24557568.0      47925311.0       773931.0
291     24435328.0      47652656.5       734758.5
341     24799232.0      48060172.0       730941.5
320     24409728.0      47593014.5       730559.5
314     24653824.0      48065437.0       720408.0
237     24527616.0      47660929.5       716419.0
278     24750208.0      48231919.5       711915.5
90      24239360.0      47536959.0       705859.5
229     24293248.0      47466903.5       703736.0
485     24494208.0      47919697.5       702726.5
223     24628992.0      48181743.5       700377.5
479     24886144.0      48392554.0       699543.0
210     24694528.0      48096844.5       698644.5
21      24401920.0      47690864.0       693857.0
           Server1      Server2
Offset                         
14      411937.000  118132.7500
266      13462.875    4046.4375
303       5994.875    1981.4375
456       5925.875    1905.5000
213       5924.000    1874.6250
450       5764.625    1834.1875
167       5686.500    1831.7500
422       5470.000    1751.1250
204       5377.875    1746.9375
85        4966.750    1659.1875
443       4944.125    1640.4375
89        4942.000    1629.0625
340       4743.500    1564.4375
176       4404.000    1520.3125
448       4251.750    1434.0000
43        4128.625    1413.1875
320       4126.000    1422.0000
457       4083.375    1420.4375
50        4033.625    1408.1875
379       4033.375    1374.8750
Current: [8, 14, 22, 38, 52, 54, 84, 97, 100, 130, 170, 234, 240, 258, 264, 268, 319, 346, 388, 416, 417, 475, 480]
         Timestamp  TS First Frame  TS Prev Frame
Offset                                           
2       24715008.0      47980917.0       833894.0
20      24326528.0      47588953.5       833832.5
188     24236928.0      47365434.5       816771.5
470     24514560.0      47829361.5       807675.5
478     24596224.0      47631561.5       795357.0
62      24445696.0      47624391.0       782460.5
214     24557568.0      47925311.0       773931.0
291     24435328.0      47652656.5       734758.5
341     24799232.0      48060172.0       730941.5
320     24409728.0      47593014.5       730559.5
314     24653824.0      48065437.0       720408.0
237     24527616.0      47660929.5       716419.0
278     24750208.0      48231919.5       711915.5
90      24239360.0      47536959.0       705859.5
229     24293248.0      47466903.5       703736.0
485     24494208.0      47919697.5       702726.5
223     24628992.0      48181743.5       700377.5
479     24886144.0      48392554.0       699543.0
210     24694528.0      48096844.5       698644.5
21      24401920.0      47690864.0       693857.0
           Server1      Server2
Offset                         
14      411937.000  118132.7500
266      13462.875    4046.4375
303       5994.875    1981.4375
456       5925.875    1905.5000
213       5924.000    1874.6250
450       5764.625    1834.1875
167       5686.500    1831.7500
422       5470.000    1751.1250
204       5377.875    1746.9375
85        4966.750    1659.1875
443       4944.125    1640.4375
89        4942.000    1629.0625
340       4743.500    1564.4375
176       4404.000    1520.3125
448       4251.750    1434.0000
43        4128.625    1413.1875
320       4126.000    1422.0000
457       4083.375    1420.4375
50        4033.625    1408.1875
379       4033.375    1374.8750
New pairs
[[130, 54], [14, 84], [264, 258], [170, 52], [475, 100], [108, 97], [234, 388], [268, 346], [240, 38], [416, 319], [22, 417], [8, 480]]
Round 1
Subround 0
         Timestamp  TS First Frame  TS Prev Frame
Offset                                           
2       24715008.0      47980917.0       833894.0
20      24326528.0      47588953.5       833832.5
188     24236928.0      47365434.5       816771.5
470     24514560.0      47829361.5       807675.5
478     24596224.0      47631561.5       795357.0
62      24445696.0      47624391.0       782460.5
214     24557568.0      47925311.0       773931.0
291     24435328.0      47652656.5       734758.5
341     24799232.0      48060172.0       730941.5
320     24409728.0      47593014.5       730559.5
314     24653824.0      48065437.0       720408.0
237     24527616.0      47660929.5       716419.0
278     24750208.0      48231919.5       711915.5
90      24239360.0      47536959.0       705859.5
229     24293248.0      47466903.5       703736.0
485     24494208.0      47919697.5       702726.5
223     24628992.0      48181743.5       700377.5
479     24886144.0      48392554.0       699543.0
210     24694528.0      48096844.5       698644.5
52      24284416.0      47460924.0       693997.0
              Server1        Server2
Offset                              
14      422920.823529  121279.176471
266      13462.875000    4046.437500
303       5994.875000    1981.437500
456       5925.875000    1905.500000
213       5924.000000    1874.625000
450       5764.625000    1834.187500
167       5686.500000    1831.750000
422       5470.000000    1751.125000
204       5377.875000    1746.937500
85        4966.750000    1659.187500
443       4944.125000    1640.437500
89        4942.000000    1629.062500
340       4743.500000    1564.437500
176       4404.000000    1520.312500
448       4251.750000    1434.000000
43        4128.625000    1413.187500
320       4126.000000    1422.000000
457       4083.375000    1420.437500
52        4043.294118    1344.882353
50        4033.625000    1408.187500
Current: [14, 38, 54, 108, 170, 234, 264, 268, 475]
Subround 1
         Timestamp  TS First Frame  TS Prev Frame
Offset                                           
2       24715008.0      47980917.0       833894.0
20      24326528.0      47588953.5       833832.5
188     24236928.0      47365434.5       816771.5
470     24514560.0      47829361.5       807675.5
478     24596224.0      47631561.5       795357.0
62      24445696.0      47624391.0       782460.5
214     24557568.0      47925311.0       773931.0
291     24435328.0      47652656.5       734758.5
341     24799232.0      48060172.0       730941.5
320     24409728.0      47593014.5       730559.5
314     24653824.0      48065437.0       720408.0
237     24527616.0      47660929.5       716419.0
278     24750208.0      48231919.5       711915.5
90      24239360.0      47536959.0       705859.5
229     24293248.0      47466903.5       703736.0
485     24494208.0      47919697.5       702726.5
223     24628992.0      48181743.5       700377.5
479     24886144.0      48392554.0       699543.0
210     24694528.0      48096844.5       698644.5
21      24401920.0      47690864.0       693857.0
           Server1        Server2
Offset                           
14      411411.000  117978.555556
266      13462.875    4046.437500
303       5994.875    1981.437500
456       5925.875    1905.500000
213       5924.000    1874.625000
450       5764.625    1834.187500
167       5686.500    1831.750000
422       5470.000    1751.125000
204       5377.875    1746.937500
85        4966.750    1659.187500
443       4944.125    1640.437500
89        4942.000    1629.062500
340       4743.500    1564.437500
176       4404.000    1520.312500
448       4251.750    1434.000000
43        4128.625    1413.187500
320       4126.000    1422.000000
457       4083.375    1420.437500
50        4033.625    1408.187500
379       4033.375    1374.875000
Current: [8, 14, 22, 234, 264, 416, 475]
Subround 2
         Timestamp  TS First Frame  TS Prev Frame
Offset                                           
2       24715008.0      47980917.0       833894.0
20      24326528.0      47588953.5       833832.5
188     24236928.0      47365434.5       816771.5
470     24514560.0      47829361.5       807675.5
478     24596224.0      47631561.5       795357.0
62      24445696.0      47624391.0       782460.5
214     24557568.0      47925311.0       773931.0
291     24435328.0      47652656.5       734758.5
341     24799232.0      48060172.0       730941.5
320     24409728.0      47593014.5       730559.5
314     24653824.0      48065437.0       720408.0
237     24527616.0      47660929.5       716419.0
278     24750208.0      48231919.5       711915.5
90      24239360.0      47536959.0       705859.5
229     24293248.0      47466903.5       703736.0
485     24494208.0      47919697.5       702726.5
223     24628992.0      48181743.5       700377.5
479     24886144.0      48392554.0       699543.0
210     24694528.0      48096844.5       698644.5
21      24401920.0      47690864.0       693857.0
              Server1      Server2
Offset                            
14      423211.578947  121359.0000
266      13462.875000    4046.4375
303       5994.875000    1981.4375
456       5925.875000    1905.5000
213       5924.000000    1874.6250
450       5764.625000    1834.1875
167       5686.500000    1831.7500
422       5470.000000    1751.1250
204       5377.875000    1746.9375
85        4966.750000    1659.1875
443       4944.125000    1640.4375
89        4942.000000    1629.0625
340       4743.500000    1564.4375
176       4404.000000    1520.3125
448       4251.750000    1434.0000
43        4128.625000    1413.1875
320       4126.000000    1422.0000
457       4083.375000    1420.4375
50        4033.625000    1408.1875
379       4033.375000    1374.8750
Current: [14, 264, 416, 475]
Subround 3
         Timestamp  TS First Frame  TS Prev Frame
Offset                                           
2       24715008.0      47980917.0       833894.0
20      24326528.0      47588953.5       833832.5
188     24236928.0      47365434.5       816771.5
470     24514560.0      47829361.5       807675.5
478     24596224.0      47631561.5       795357.0
62      24445696.0      47624391.0       782460.5
214     24557568.0      47925311.0       773931.0
291     24435328.0      47652656.5       734758.5
341     24799232.0      48060172.0       730941.5
320     24409728.0      47593014.5       730559.5
314     24653824.0      48065437.0       720408.0
237     24527616.0      47660929.5       716419.0
278     24750208.0      48231919.5       711915.5
90      24239360.0      47536959.0       705859.5
229     24293248.0      47466903.5       703736.0
485     24494208.0      47919697.5       702726.5
223     24628992.0      48181743.5       700377.5
479     24886144.0      48392554.0       699543.0
210     24694528.0      48096844.5       698644.5
21      24401920.0      47690864.0       693857.0
           Server1      Server2
Offset                         
14      409755.000  117499.9000
266      13462.875    4046.4375
303       5994.875    1981.4375
456       5925.875    1905.5000
213       5924.000    1874.6250
450       5764.625    1834.1875
167       5686.500    1831.7500
422       5470.000    1751.1250
204       5377.875    1746.9375
85        4966.750    1659.1875
443       4944.125    1640.4375
89        4942.000    1629.0625
340       4743.500    1564.4375
176       4404.000    1520.3125
448       4251.750    1434.0000
43        4128.625    1413.1875
320       4126.000    1422.0000
457       4083.375    1420.4375
50        4033.625    1408.1875
379       4033.375    1374.8750
Current: [14, 170, 234, 264, 416, 475]
Subround 4
         Timestamp  TS First Frame  TS Prev Frame
Offset                                           
2       24715008.0      47980917.0       833894.0
20      24326528.0      47588953.5       833832.5
188     24236928.0      47365434.5       816771.5
470     24514560.0      47829361.5       807675.5
478     24596224.0      47631561.5       795357.0
62      24445696.0      47624391.0       782460.5
214     24557568.0      47925311.0       773931.0
291     24435328.0      47652656.5       734758.5
341     24799232.0      48060172.0       730941.5
320     24409728.0      47593014.5       730559.5
314     24653824.0      48065437.0       720408.0
237     24527616.0      47660929.5       716419.0
278     24750208.0      48231919.5       711915.5
90      24239360.0      47536959.0       705859.5
229     24293248.0      47466903.5       703736.0
485     24494208.0      47919697.5       702726.5
223     24628992.0      48181743.5       700377.5
479     24886144.0      48392554.0       699543.0
210     24694528.0      48096844.5       698644.5
21      24401920.0      47690864.0       693857.0
              Server1       Server2
Offset                             
14      404752.761905  116061.52381
266      13462.875000    4046.43750
303       5994.875000    1981.43750
456       5925.875000    1905.50000
213       5924.000000    1874.62500
450       5764.625000    1834.18750
167       5686.500000    1831.75000
422       5470.000000    1751.12500
204       5377.875000    1746.93750
85        4966.750000    1659.18750
443       4944.125000    1640.43750
89        4942.000000    1629.06250
340       4743.500000    1564.43750
176       4404.000000    1520.31250
448       4251.750000    1434.00000
43        4128.625000    1413.18750
320       4126.000000    1422.00000
457       4083.375000    1420.43750
50        4033.625000    1408.18750
379       4033.375000    1374.87500
Current: [14, 170, 264, 416, 475]
Subround 5
         Timestamp  TS First Frame  TS Prev Frame
Offset                                           
2       24715008.0      47980917.0       833894.0
20      24326528.0      47588953.5       833832.5
188     24236928.0      47365434.5       816771.5
470     24514560.0      47829361.5       807675.5
478     24596224.0      47631561.5       795357.0
62      24445696.0      47624391.0       782460.5
214     24557568.0      47925311.0       773931.0
291     24435328.0      47652656.5       734758.5
341     24799232.0      48060172.0       730941.5
320     24409728.0      47593014.5       730559.5
314     24653824.0      48065437.0       720408.0
237     24527616.0      47660929.5       716419.0
278     24750208.0      48231919.5       711915.5
90      24239360.0      47536959.0       705859.5
229     24293248.0      47466903.5       703736.0
485     24494208.0      47919697.5       702726.5
223     24628992.0      48181743.5       700377.5
479     24886144.0      48392554.0       699543.0
210     24694528.0      48096844.5       698644.5
21      24401920.0      47690864.0       693857.0
              Server1      Server2
Offset                            
14      399644.818182  114594.5000
266      13462.875000    4046.4375
303       5994.875000    1981.4375
456       5925.875000    1905.5000
213       5924.000000    1874.6250
450       5764.625000    1834.1875
167       5686.500000    1831.7500
422       5470.000000    1751.1250
204       5377.875000    1746.9375
85        4966.750000    1659.1875
443       4944.125000    1640.4375
89        4942.000000    1629.0625
340       4743.500000    1564.4375
176       4404.000000    1520.3125
448       4251.750000    1434.0000
43        4128.625000    1413.1875
320       4126.000000    1422.0000
457       4083.375000    1420.4375
50        4033.625000    1408.1875
379       4033.375000    1374.8750
Current: [14, 170, 416, 475]
Subround 6
         Timestamp  TS First Frame  TS Prev Frame
Offset                                           
2       24715008.0      47980917.0       833894.0
20      24326528.0      47588953.5       833832.5
188     24236928.0      47365434.5       816771.5
470     24514560.0      47829361.5       807675.5
478     24596224.0      47631561.5       795357.0
62      24445696.0      47624391.0       782460.5
214     24557568.0      47925311.0       773931.0
291     24435328.0      47652656.5       734758.5
341     24799232.0      48060172.0       730941.5
320     24409728.0      47593014.5       730559.5
314     24653824.0      48065437.0       720408.0
237     24527616.0      47660929.5       716419.0
278     24750208.0      48231919.5       711915.5
90      24239360.0      47536959.0       705859.5
229     24293248.0      47466903.5       703736.0
485     24494208.0      47919697.5       702726.5
223     24628992.0      48181743.5       700377.5
479     24886144.0      48392554.0       699543.0
210     24694528.0      48096844.5       698644.5
21      24401920.0      47690864.0       693857.0
              Server1        Server2
Offset                              
14      390769.652174  112048.956522
266      13462.875000    4046.437500
303       5994.875000    1981.437500
456       5925.875000    1905.500000
213       5924.000000    1874.625000
450       5764.625000    1834.187500
167       5686.500000    1831.750000
422       5470.000000    1751.125000
204       5377.875000    1746.937500
85        4966.750000    1659.187500
443       4944.125000    1640.437500
89        4942.000000    1629.062500
340       4743.500000    1564.437500
176       4404.000000    1520.312500
448       4251.750000    1434.000000
43        4128.625000    1413.187500
320       4126.000000    1422.000000
457       4083.375000    1420.437500
50        4033.625000    1408.187500
379       4033.375000    1374.875000
Current: [14, 97, 170, 234, 416, 475]
Subround 7
         Timestamp  TS First Frame  TS Prev Frame
Offset                                           
2       24715008.0      47980917.0       833894.0
20      24326528.0      47588953.5       833832.5
188     24236928.0      47365434.5       816771.5
470     24514560.0      47829361.5       807675.5
478     24596224.0      47631561.5       795357.0
62      24445696.0      47624391.0       782460.5
214     24557568.0      47925311.0       773931.0
291     24435328.0      47652656.5       734758.5
341     24799232.0      48060172.0       730941.5
320     24409728.0      47593014.5       730559.5
314     24653824.0      48065437.0       720408.0
237     24527616.0      47660929.5       716419.0
278     24750208.0      48231919.5       711915.5
90      24239360.0      47536959.0       705859.5
229     24293248.0      47466903.5       703736.0
485     24494208.0      47919697.5       702726.5
223     24628992.0      48181743.5       700377.5
479     24886144.0      48392554.0       699543.0
210     24694528.0      48096844.5       698644.5
21      24401920.0      47690864.0       693857.0
              Server1        Server2
Offset                              
14      398389.416667  114234.333333
266      13462.875000    4046.437500
303       5994.875000    1981.437500
456       5925.875000    1905.500000
213       5924.000000    1874.625000
450       5764.625000    1834.187500
167       5686.500000    1831.750000
422       5470.000000    1751.125000
204       5377.875000    1746.937500
85        4966.750000    1659.187500
443       4944.125000    1640.437500
89        4942.000000    1629.062500
340       4743.500000    1564.437500
176       4404.000000    1520.312500
448       4251.750000    1434.000000
43        4128.625000    1413.187500
320       4126.000000    1422.000000
457       4083.375000    1420.437500
50        4033.625000    1408.187500
379       4033.375000    1374.875000
Current: [14, 97, 170, 416, 475]
Subround 8
         Timestamp  TS First Frame  TS Prev Frame
Offset                                           
2       24715008.0      47980917.0       833894.0
20      24326528.0      47588953.5       833832.5
188     24236928.0      47365434.5       816771.5
470     24514560.0      47829361.5       807675.5
478     24596224.0      47631561.5       795357.0
62      24445696.0      47624391.0       782460.5
214     24557568.0      47925311.0       773931.0
291     24435328.0      47652656.5       734758.5
341     24799232.0      48060172.0       730941.5
320     24409728.0      47593014.5       730559.5
314     24653824.0      48065437.0       720408.0
237     24527616.0      47660929.5       716419.0
278     24750208.0      48231919.5       711915.5
90      24239360.0      47536959.0       705859.5
229     24293248.0      47466903.5       703736.0
485     24494208.0      47919697.5       702726.5
223     24628992.0      48181743.5       700377.5
479     24886144.0      48392554.0       699543.0
210     24694528.0      48096844.5       698644.5
21      24401920.0      47690864.0       693857.0
           Server1      Server2
Offset                         
14      389533.360  111694.2400
266      13462.875    4046.4375
303       5994.875    1981.4375
456       5925.875    1905.5000
213       5924.000    1874.6250
450       5764.625    1834.1875
167       5686.500    1831.7500
422       5470.000    1751.1250
204       5377.875    1746.9375
85        4966.750    1659.1875
443       4944.125    1640.4375
89        4942.000    1629.0625
340       4743.500    1564.4375
176       4404.000    1520.3125
448       4251.750    1434.0000
43        4128.625    1413.1875
320       4126.000    1422.0000
457       4083.375    1420.4375
50        4033.625    1408.1875
379       4033.375    1374.8750
Current: [14, 97, 170, 416]
Subround 9
         Timestamp  TS First Frame  TS Prev Frame
Offset                                           
2       24715008.0      47980917.0       833894.0
20      24326528.0      47588953.5       833832.5
188     24236928.0      47365434.5       816771.5
470     24514560.0      47829361.5       807675.5
478     24596224.0      47631561.5       795357.0
62      24445696.0      47624391.0       782460.5
214     24557568.0      47925311.0       773931.0
291     24435328.0      47652656.5       734758.5
341     24799232.0      48060172.0       730941.5
320     24409728.0      47593014.5       730559.5
314     24653824.0      48065437.0       720408.0
237     24527616.0      47660929.5       716419.0
278     24750208.0      48231919.5       711915.5
90      24239360.0      47536959.0       705859.5
229     24293248.0      47466903.5       703736.0
485     24494208.0      47919697.5       702726.5
223     24628992.0      48181743.5       700377.5
479     24886144.0      48392554.0       699543.0
210     24694528.0      48096844.5       698644.5
21      24401920.0      47690864.0       693857.0
              Server1        Server2
Offset                              
14      380353.461538  109604.846154
266      13462.875000    4046.437500
303       5994.875000    1981.437500
456       5925.875000    1905.500000
213       5924.000000    1874.625000
450       5764.625000    1834.187500
167       5686.500000    1831.750000
422       5470.000000    1751.125000
204       5377.875000    1746.937500
85        4966.750000    1659.187500
443       4944.125000    1640.437500
89        4942.000000    1629.062500
340       4743.500000    1564.437500
176       4404.000000    1520.312500
448       4251.750000    1434.000000
43        4128.625000    1413.187500
320       4126.000000    1422.000000
457       4083.375000    1420.437500
50        4033.625000    1408.187500
379       4033.375000    1374.875000
Current: [14, 97, 130, 170, 416, 475]
Subround 10
         Timestamp  TS First Frame  TS Prev Frame
Offset                                           
2       24715008.0      47980917.0       833894.0
20      24326528.0      47588953.5       833832.5
188     24236928.0      47365434.5       816771.5
470     24514560.0      47829361.5       807675.5
478     24596224.0      47631561.5       795357.0
62      24445696.0      47624391.0       782460.5
214     24557568.0      47925311.0       773931.0
291     24435328.0      47652656.5       734758.5
341     24799232.0      48060172.0       730941.5
320     24409728.0      47593014.5       730559.5
314     24653824.0      48065437.0       720408.0
237     24527616.0      47660929.5       716419.0
278     24750208.0      48231919.5       711915.5
90      24239360.0      47536959.0       705859.5
229     24293248.0      47466903.5       703736.0
485     24494208.0      47919697.5       702726.5
223     24628992.0      48181743.5       700377.5
479     24886144.0      48392554.0       699543.0
210     24694528.0      48096844.5       698644.5
21      24401920.0      47690864.0       693857.0
              Server1        Server2
Offset                              
14      387557.555556  111650.444444
266      13462.875000    4046.437500
303       5994.875000    1981.437500
456       5925.875000    1905.500000
213       5924.000000    1874.625000
450       5764.625000    1834.187500
167       5686.500000    1831.750000
422       5470.000000    1751.125000
204       5377.875000    1746.937500
85        4966.750000    1659.187500
443       4944.125000    1640.437500
89        4942.000000    1629.062500
340       4743.500000    1564.437500
176       4404.000000    1520.312500
448       4251.750000    1434.000000
43        4128.625000    1413.187500
320       4126.000000    1422.000000
457       4083.375000    1420.437500
50        4033.625000    1408.187500
379       4033.375000    1374.875000
Current: [14, 97, 130, 170, 416, 475]
Subround 11
         Timestamp  TS First Frame  TS Prev Frame
Offset                                           
2       24715008.0      47980917.0       833894.0
20      24326528.0      47588953.5       833832.5
188     24236928.0      47365434.5       816771.5
470     24514560.0      47829361.5       807675.5
478     24596224.0      47631561.5       795357.0
62      24445696.0      47624391.0       782460.5
214     24557568.0      47925311.0       773931.0
291     24435328.0      47652656.5       734758.5
341     24799232.0      48060172.0       730941.5
320     24409728.0      47593014.5       730559.5
314     24653824.0      48065437.0       720408.0
237     24527616.0      47660929.5       716419.0
278     24750208.0      48231919.5       711915.5
90      24239360.0      47536959.0       705859.5
229     24293248.0      47466903.5       703736.0
485     24494208.0      47919697.5       702726.5
223     24628992.0      48181743.5       700377.5
479     24886144.0      48392554.0       699543.0
210     24694528.0      48096844.5       698644.5
21      24401920.0      47690864.0       693857.0
           Server1        Server2
Offset                           
14      380031.500  109473.678571
266      13462.875    4046.437500
303       5994.875    1981.437500
456       5925.875    1905.500000
213       5924.000    1874.625000
450       5764.625    1834.187500
167       5686.500    1831.750000
422       5470.000    1751.125000
204       5377.875    1746.937500
85        4966.750    1659.187500
443       4944.125    1640.437500
89        4942.000    1629.062500
340       4743.500    1564.437500
176       4404.000    1520.312500
448       4251.750    1434.000000
43        4128.625    1413.187500
320       4126.000    1422.000000
457       4083.375    1420.437500
50        4033.625    1408.187500
379       4033.375    1374.875000
Current: [14, 170, 475]
Subround 12
         Timestamp  TS First Frame  TS Prev Frame
Offset                                           
2       24715008.0      47980917.0       833894.0
20      24326528.0      47588953.5       833832.5
188     24236928.0      47365434.5       816771.5
470     24514560.0      47829361.5       807675.5
478     24596224.0      47631561.5       795357.0
62      24445696.0      47624391.0       782460.5
214     24557568.0      47925311.0       773931.0
291     24435328.0      47652656.5       734758.5
341     24799232.0      48060172.0       730941.5
320     24409728.0      47593014.5       730559.5
314     24653824.0      48065437.0       720408.0
237     24527616.0      47660929.5       716419.0
278     24750208.0      48231919.5       711915.5
90      24239360.0      47536959.0       705859.5
229     24293248.0      47466903.5       703736.0
485     24494208.0      47919697.5       702726.5
223     24628992.0      48181743.5       700377.5
479     24886144.0      48392554.0       699543.0
210     24694528.0      48096844.5       698644.5
21      24401920.0      47690864.0       693857.0
              Server1        Server2
Offset                              
14      388664.758621  111933.310345
266      13462.875000    4046.437500
303       5994.875000    1981.437500
456       5925.875000    1905.500000
213       5924.000000    1874.625000
450       5764.625000    1834.187500
167       5686.500000    1831.750000
422       5470.000000    1751.125000
204       5377.875000    1746.937500
85        4966.750000    1659.187500
443       4944.125000    1640.437500
89        4942.000000    1629.062500
340       4743.500000    1564.437500
176       4404.000000    1520.312500
448       4251.750000    1434.000000
43        4128.625000    1413.187500
320       4126.000000    1422.000000
457       4083.375000    1420.437500
50        4033.625000    1408.187500
379       4033.375000    1374.875000
Current: [14, 170, 475]
Subround 13
         Timestamp  TS First Frame  TS Prev Frame
Offset                                           
2       24715008.0      47980917.0       833894.0
20      24326528.0      47588953.5       833832.5
188     24236928.0      47365434.5       816771.5
470     24514560.0      47829361.5       807675.5
478     24596224.0      47631561.5       795357.0
62      24445696.0      47624391.0       782460.5
214     24557568.0      47925311.0       773931.0
291     24435328.0      47652656.5       734758.5
341     24799232.0      48060172.0       730941.5
320     24409728.0      47593014.5       730559.5
314     24653824.0      48065437.0       720408.0
237     24527616.0      47660929.5       716419.0
278     24750208.0      48231919.5       711915.5
90      24239360.0      47536959.0       705859.5
229     24293248.0      47466903.5       703736.0
485     24494208.0      47919697.5       702726.5
223     24628992.0      48181743.5       700377.5
479     24886144.0      48392554.0       699543.0
210     24694528.0      48096844.5       698644.5
21      24401920.0      47690864.0       693857.0
              Server1      Server2
Offset                            
14      382579.066667  110169.0000
266      13462.875000    4046.4375
303       5994.875000    1981.4375
456       5925.875000    1905.5000
213       5924.000000    1874.6250
450       5764.625000    1834.1875
167       5686.500000    1831.7500
422       5470.000000    1751.1250
204       5377.875000    1746.9375
85        4966.750000    1659.1875
443       4944.125000    1640.4375
89        4942.000000    1629.0625
340       4743.500000    1564.4375
176       4404.000000    1520.3125
448       4251.750000    1434.0000
43        4128.625000    1413.1875
320       4126.000000    1422.0000
457       4083.375000    1420.4375
50        4033.625000    1408.1875
379       4033.375000    1374.8750
Current: [14, 97, 170, 475]
Subround 14
         Timestamp  TS First Frame  TS Prev Frame
Offset                                           
2       24715008.0      47980917.0       833894.0
20      24326528.0      47588953.5       833832.5
188     24236928.0      47365434.5       816771.5
470     24514560.0      47829361.5       807675.5
478     24596224.0      47631561.5       795357.0
62      24445696.0      47624391.0       782460.5
214     24557568.0      47925311.0       773931.0
291     24435328.0      47652656.5       734758.5
341     24799232.0      48060172.0       730941.5
320     24409728.0      47593014.5       730559.5
314     24653824.0      48065437.0       720408.0
237     24527616.0      47660929.5       716419.0
278     24750208.0      48231919.5       711915.5
90      24239360.0      47536959.0       705859.5
229     24293248.0      47466903.5       703736.0
485     24494208.0      47919697.5       702726.5
223     24628992.0      48181743.5       700377.5
479     24886144.0      48392554.0       699543.0
210     24694528.0      48096844.5       698644.5
21      24401920.0      47690864.0       693857.0
              Server1        Server2
Offset                              
14      377175.096774  108604.064516
266      13462.875000    4046.437500
303       5994.875000    1981.437500
456       5925.875000    1905.500000
213       5924.000000    1874.625000
450       5764.625000    1834.187500
167       5686.500000    1831.750000
422       5470.000000    1751.125000
204       5377.875000    1746.937500
85        4966.750000    1659.187500
443       4944.125000    1640.437500
89        4942.000000    1629.062500
340       4743.500000    1564.437500
176       4404.000000    1520.312500
448       4251.750000    1434.000000
43        4128.625000    1413.187500
320       4126.000000    1422.000000
457       4083.375000    1420.437500
50        4033.625000    1408.187500
379       4033.375000    1374.875000
Current: [14, 170, 475, 480]
Subround 15
         Timestamp  TS First Frame  TS Prev Frame
Offset                                           
2       24715008.0      47980917.0       833894.0
20      24326528.0      47588953.5       833832.5
188     24236928.0      47365434.5       816771.5
470     24514560.0      47829361.5       807675.5
478     24596224.0      47631561.5       795357.0
62      24445696.0      47624391.0       782460.5
214     24557568.0      47925311.0       773931.0
291     24435328.0      47652656.5       734758.5
341     24799232.0      48060172.0       730941.5
320     24409728.0      47593014.5       730559.5
314     24653824.0      48065437.0       720408.0
237     24527616.0      47660929.5       716419.0
278     24750208.0      48231919.5       711915.5
90      24239360.0      47536959.0       705859.5
229     24293248.0      47466903.5       703736.0
485     24494208.0      47919697.5       702726.5
223     24628992.0      48181743.5       700377.5
479     24886144.0      48392554.0       699543.0
210     24694528.0      48096844.5       698644.5
21      24401920.0      47690864.0       693857.0
           Server1       Server2
Offset                          
14      393468.750  113269.40625
266      13462.875    4046.43750
303       5994.875    1981.43750
456       5925.875    1905.50000
213       5924.000    1874.62500
450       5764.625    1834.18750
167       5686.500    1831.75000
422       5470.000    1751.12500
204       5377.875    1746.93750
85        4966.750    1659.18750
443       4944.125    1640.43750
89        4942.000    1629.06250
340       4743.500    1564.43750
176       4404.000    1520.31250
448       4251.750    1434.00000
43        4128.625    1413.18750
320       4126.000    1422.00000
457       4083.375    1420.43750
50        4033.625    1408.18750
379       4033.375    1374.87500
Current: [14, 170, 475, 480]
Subround 16
         Timestamp  TS First Frame  TS Prev Frame
Offset                                           
2       24715008.0      47980917.0       833894.0
20      24326528.0      47588953.5       833832.5
188     24236928.0      47365434.5       816771.5
470     24514560.0      47829361.5       807675.5
478     24596224.0      47631561.5       795357.0
62      24445696.0      47624391.0       782460.5
214     24557568.0      47925311.0       773931.0
291     24435328.0      47652656.5       734758.5
341     24799232.0      48060172.0       730941.5
320     24409728.0      47593014.5       730559.5
314     24653824.0      48065437.0       720408.0
237     24527616.0      47660929.5       716419.0
278     24750208.0      48231919.5       711915.5
90      24239360.0      47536959.0       705859.5
229     24293248.0      47466903.5       703736.0
485     24494208.0      47919697.5       702726.5
223     24628992.0      48181743.5       700377.5
479     24886144.0      48392554.0       699543.0
210     24694528.0      48096844.5       698644.5
21      24401920.0      47690864.0       693857.0
              Server1        Server2
Offset                              
14      388152.363636  111728.606061
266      13462.875000    4046.437500
303       5994.875000    1981.437500
456       5925.875000    1905.500000
213       5924.000000    1874.625000
450       5764.625000    1834.187500
167       5686.500000    1831.750000
422       5470.000000    1751.125000
204       5377.875000    1746.937500
85        4966.750000    1659.187500
443       4944.125000    1640.437500
89        4942.000000    1629.062500
340       4743.500000    1564.437500
176       4404.000000    1520.312500
448       4251.750000    1434.000000
43        4128.625000    1413.187500
320       4126.000000    1422.000000
457       4083.375000    1420.437500
50        4033.625000    1408.187500
379       4033.375000    1374.875000
Current: [14, 170, 475]
Subround 17
         Timestamp  TS First Frame  TS Prev Frame
Offset                                           
2       24715008.0      47980917.0       833894.0
20      24326528.0      47588953.5       833832.5
188     24236928.0      47365434.5       816771.5
470     24514560.0      47829361.5       807675.5
478     24596224.0      47631561.5       795357.0
62      24445696.0      47624391.0       782460.5
214     24557568.0      47925311.0       773931.0
291     24435328.0      47652656.5       734758.5
341     24799232.0      48060172.0       730941.5
320     24409728.0      47593014.5       730559.5
314     24653824.0      48065437.0       720408.0
237     24527616.0      47660929.5       716419.0
278     24750208.0      48231919.5       711915.5
90      24239360.0      47536959.0       705859.5
229     24293248.0      47466903.5       703736.0
485     24494208.0      47919697.5       702726.5
223     24628992.0      48181743.5       700377.5
479     24886144.0      48392554.0       699543.0
210     24694528.0      48096844.5       698644.5
21      24401920.0      47690864.0       693857.0
              Server1        Server2
Offset                              
14      383372.352941  110344.176471
266      13462.875000    4046.437500
303       5994.875000    1981.437500
456       5925.875000    1905.500000
213       5924.000000    1874.625000
450       5764.625000    1834.187500
167       5686.500000    1831.750000
422       5470.000000    1751.125000
204       5377.875000    1746.937500
85        4966.750000    1659.187500
443       4944.125000    1640.437500
89        4942.000000    1629.062500
340       4743.500000    1564.437500
176       4404.000000    1520.312500
448       4251.750000    1434.000000
43        4128.625000    1413.187500
320       4126.000000    1422.000000
457       4083.375000    1420.437500
50        4033.625000    1408.187500
379       4033.375000    1374.875000
Current: [14, 170]
Subround 18
         Timestamp  TS First Frame  TS Prev Frame
Offset                                           
2       24715008.0      47980917.0       833894.0
20      24326528.0      47588953.5       833832.5
188     24236928.0      47365434.5       816771.5
470     24514560.0      47829361.5       807675.5
478     24596224.0      47631561.5       795357.0
62      24445696.0      47624391.0       782460.5
214     24557568.0      47925311.0       773931.0
291     24435328.0      47652656.5       734758.5
341     24799232.0      48060172.0       730941.5
320     24409728.0      47593014.5       730559.5
314     24653824.0      48065437.0       720408.0
237     24527616.0      47660929.5       716419.0
278     24750208.0      48231919.5       711915.5
90      24239360.0      47536959.0       705859.5
229     24293248.0      47466903.5       703736.0
485     24494208.0      47919697.5       702726.5
223     24628992.0      48181743.5       700377.5
479     24886144.0      48392554.0       699543.0
210     24694528.0      48096844.5       698644.5
21      24401920.0      47690864.0       693857.0
           Server1        Server2
Offset                           
14      388358.800  111757.828571
266      13462.875    4046.437500
303       5994.875    1981.437500
456       5925.875    1905.500000
213       5924.000    1874.625000
450       5764.625    1834.187500
167       5686.500    1831.750000
422       5470.000    1751.125000
204       5377.875    1746.937500
85        4966.750    1659.187500
443       4944.125    1640.437500
89        4942.000    1629.062500
340       4743.500    1564.437500
176       4404.000    1520.312500
448       4251.750    1434.000000
43        4128.625    1413.187500
320       4126.000    1422.000000
457       4083.375    1420.437500
50        4033.625    1408.187500
379       4033.375    1374.875000
Current: [14, 170]
Subround 19
         Timestamp  TS First Frame  TS Prev Frame
Offset                                           
2       24715008.0      47980917.0       833894.0
20      24326528.0      47588953.5       833832.5
188     24236928.0      47365434.5       816771.5
470     24514560.0      47829361.5       807675.5
478     24596224.0      47631561.5       795357.0
62      24445696.0      47624391.0       782460.5
214     24557568.0      47925311.0       773931.0
291     24435328.0      47652656.5       734758.5
341     24799232.0      48060172.0       730941.5
320     24409728.0      47593014.5       730559.5
314     24653824.0      48065437.0       720408.0
237     24527616.0      47660929.5       716419.0
278     24750208.0      48231919.5       711915.5
90      24239360.0      47536959.0       705859.5
229     24293248.0      47466903.5       703736.0
485     24494208.0      47919697.5       702726.5
223     24628992.0      48181743.5       700377.5
479     24886144.0      48392554.0       699543.0
210     24694528.0      48096844.5       698644.5
21      24401920.0      47690864.0       693857.0
              Server1        Server2
Offset                              
14      382117.777778  109957.277778
266      13462.875000    4046.437500
303       5994.875000    1981.437500
456       5925.875000    1905.500000
213       5924.000000    1874.625000
450       5764.625000    1834.187500
167       5686.500000    1831.750000
422       5470.000000    1751.125000
204       5377.875000    1746.937500
85        4966.750000    1659.187500
443       4944.125000    1640.437500
89        4942.000000    1629.062500
340       4743.500000    1564.437500
176       4404.000000    1520.312500
448       4251.750000    1434.000000
43        4128.625000    1413.187500
320       4126.000000    1422.000000
457       4083.375000    1420.437500
50        4033.625000    1408.187500
379       4033.375000    1374.875000
Current: [14, 170]
Subround 20
         Timestamp  TS First Frame  TS Prev Frame
Offset                                           
2       24715008.0      47980917.0       833894.0
20      24326528.0      47588953.5       833832.5
188     24236928.0      47365434.5       816771.5
470     24514560.0      47829361.5       807675.5
478     24596224.0      47631561.5       795357.0
62      24445696.0      47624391.0       782460.5
214     24557568.0      47925311.0       773931.0
291     24435328.0      47652656.5       734758.5
341     24799232.0      48060172.0       730941.5
320     24409728.0      47593014.5       730559.5
314     24653824.0      48065437.0       720408.0
237     24527616.0      47660929.5       716419.0
278     24750208.0      48231919.5       711915.5
90      24239360.0      47536959.0       705859.5
229     24293248.0      47466903.5       703736.0
485     24494208.0      47919697.5       702726.5
223     24628992.0      48181743.5       700377.5
479     24886144.0      48392554.0       699543.0
210     24694528.0      48096844.5       698644.5
21      24401920.0      47690864.0       693857.0
              Server1        Server2
Offset                              
14      383242.756757  110269.189189
266      13462.875000    4046.437500
303       5994.875000    1981.437500
456       5925.875000    1905.500000
213       5924.000000    1874.625000
450       5764.625000    1834.187500
167       5686.500000    1831.750000
422       5470.000000    1751.125000
204       5377.875000    1746.937500
85        4966.750000    1659.187500
443       4944.125000    1640.437500
89        4942.000000    1629.062500
340       4743.500000    1564.437500
176       4404.000000    1520.312500
448       4251.750000    1434.000000
43        4128.625000    1413.187500
320       4126.000000    1422.000000
457       4083.375000    1420.437500
50        4033.625000    1408.187500
379       4033.375000    1374.875000
Current: [14, 170]
         Timestamp  TS First Frame  TS Prev Frame
Offset                                           
2       24715008.0      47980917.0       833894.0
20      24326528.0      47588953.5       833832.5
188     24236928.0      47365434.5       816771.5
470     24514560.0      47829361.5       807675.5
478     24596224.0      47631561.5       795357.0
62      24445696.0      47624391.0       782460.5
214     24557568.0      47925311.0       773931.0
291     24435328.0      47652656.5       734758.5
341     24799232.0      48060172.0       730941.5
320     24409728.0      47593014.5       730559.5
314     24653824.0      48065437.0       720408.0
237     24527616.0      47660929.5       716419.0
278     24750208.0      48231919.5       711915.5
90      24239360.0      47536959.0       705859.5
229     24293248.0      47466903.5       703736.0
485     24494208.0      47919697.5       702726.5
223     24628992.0      48181743.5       700377.5
479     24886144.0      48392554.0       699543.0
210     24694528.0      48096844.5       698644.5
21      24401920.0      47690864.0       693857.0
              Server1        Server2
Offset                              
14      383242.756757  110269.189189
266      13462.875000    4046.437500
303       5994.875000    1981.437500
456       5925.875000    1905.500000
213       5924.000000    1874.625000
450       5764.625000    1834.187500
167       5686.500000    1831.750000
422       5470.000000    1751.125000
204       5377.875000    1746.937500
85        4966.750000    1659.187500
443       4944.125000    1640.437500
89        4942.000000    1629.062500
340       4743.500000    1564.437500
176       4404.000000    1520.312500
448       4251.750000    1434.000000
43        4128.625000    1413.187500
320       4126.000000    1422.000000
457       4083.375000    1420.437500
50        4033.625000    1408.187500
379       4033.375000    1374.875000
New pairs
[[170, 14]]
Round 2
Subround 0
         Timestamp  TS First Frame  TS Prev Frame
Offset                                           
2       24715008.0      47980917.0       833894.0
20      24326528.0      47588953.5       833832.5
188     24236928.0      47365434.5       816771.5
470     24514560.0      47829361.5       807675.5
478     24596224.0      47631561.5       795357.0
62      24445696.0      47624391.0       782460.5
214     24557568.0      47925311.0       773931.0
291     24435328.0      47652656.5       734758.5
341     24799232.0      48060172.0       730941.5
320     24409728.0      47593014.5       730559.5
314     24653824.0      48065437.0       720408.0
237     24527616.0      47660929.5       716419.0
278     24750208.0      48231919.5       711915.5
90      24239360.0      47536959.0       705859.5
229     24293248.0      47466903.5       703736.0
485     24494208.0      47919697.5       702726.5
223     24628992.0      48181743.5       700377.5
479     24886144.0      48392554.0       699543.0
210     24694528.0      48096844.5       698644.5
21      24401920.0      47690864.0       693857.0
              Server1        Server2
Offset                              
14      379796.789474  109268.552632
266      13462.875000    4046.437500
303       5994.875000    1981.437500
456       5925.875000    1905.500000
213       5924.000000    1874.625000
450       5764.625000    1834.187500
167       5686.500000    1831.750000
422       5470.000000    1751.125000
204       5377.875000    1746.937500
85        4966.750000    1659.187500
443       4944.125000    1640.437500
89        4942.000000    1629.062500
340       4743.500000    1564.437500
176       4404.000000    1520.312500
448       4251.750000    1434.000000
43        4128.625000    1413.187500
320       4126.000000    1422.000000
457       4083.375000    1420.437500
50        4033.625000    1408.187500
379       4033.375000    1374.875000
Current: []
Subround 1
         Timestamp  TS First Frame  TS Prev Frame
Offset                                           
2       24715008.0      47980917.0       833894.0
20      24326528.0      47588953.5       833832.5
188     24236928.0      47365434.5       816771.5
470     24514560.0      47829361.5       807675.5
478     24596224.0      47631561.5       795357.0
62      24445696.0      47624391.0       782460.5
214     24557568.0      47925311.0       773931.0
291     24435328.0      47652656.5       734758.5
341     24799232.0      48060172.0       730941.5
320     24409728.0      47593014.5       730559.5
314     24653824.0      48065437.0       720408.0
237     24527616.0      47660929.5       716419.0
278     24750208.0      48231919.5       711915.5
90      24239360.0      47536959.0       705859.5
229     24293248.0      47466903.5       703736.0
485     24494208.0      47919697.5       702726.5
223     24628992.0      48181743.5       700377.5
479     24886144.0      48392554.0       699543.0
210     24694528.0      48096844.5       698644.5
21      24401920.0      47690864.0       693857.0
              Server1        Server2
Offset                              
14      374405.333333  107711.128205
266      13462.875000    4046.437500
303       5994.875000    1981.437500
456       5925.875000    1905.500000
213       5924.000000    1874.625000
450       5764.625000    1834.187500
167       5686.500000    1831.750000
422       5470.000000    1751.125000
204       5377.875000    1746.937500
85        4966.750000    1659.187500
443       4944.125000    1640.437500
89        4942.000000    1629.062500
340       4743.500000    1564.437500
176       4404.000000    1520.312500
448       4251.750000    1434.000000
43        4128.625000    1413.187500
320       4126.000000    1422.000000
457       4083.375000    1420.437500
50        4033.625000    1408.187500
379       4033.375000    1374.875000
Current: [14]
Subround 2
         Timestamp  TS First Frame  TS Prev Frame
Offset                                           
2       24715008.0      47980917.0       833894.0
20      24326528.0      47588953.5       833832.5
188     24236928.0      47365434.5       816771.5
470     24514560.0      47829361.5       807675.5
478     24596224.0      47631561.5       795357.0
62      24445696.0      47624391.0       782460.5
214     24557568.0      47925311.0       773931.0
291     24435328.0      47652656.5       734758.5
341     24799232.0      48060172.0       730941.5
320     24409728.0      47593014.5       730559.5
314     24653824.0      48065437.0       720408.0
237     24527616.0      47660929.5       716419.0
278     24750208.0      48231919.5       711915.5
90      24239360.0      47536959.0       705859.5
229     24293248.0      47466903.5       703736.0
485     24494208.0      47919697.5       702726.5
223     24628992.0      48181743.5       700377.5
479     24886144.0      48392554.0       699543.0
210     24694528.0      48096844.5       698644.5
21      24401920.0      47690864.0       693857.0
           Server1      Server2
Offset                         
14      369341.250  106249.2500
266      13462.875    4046.4375
303       5994.875    1981.4375
456       5925.875    1905.5000
213       5924.000    1874.6250
450       5764.625    1834.1875
167       5686.500    1831.7500
422       5470.000    1751.1250
204       5377.875    1746.9375
85        4966.750    1659.1875
443       4944.125    1640.4375
89        4942.000    1629.0625
340       4743.500    1564.4375
176       4404.000    1520.3125
448       4251.750    1434.0000
43        4128.625    1413.1875
320       4126.000    1422.0000
457       4083.375    1420.4375
50        4033.625    1408.1875
379       4033.375    1374.8750
Current: [14]
Subround 3
         Timestamp  TS First Frame  TS Prev Frame
Offset                                           
2       24715008.0      47980917.0       833894.0
20      24326528.0      47588953.5       833832.5
188     24236928.0      47365434.5       816771.5
470     24514560.0      47829361.5       807675.5
478     24596224.0      47631561.5       795357.0
62      24445696.0      47624391.0       782460.5
214     24557568.0      47925311.0       773931.0
291     24435328.0      47652656.5       734758.5
341     24799232.0      48060172.0       730941.5
320     24409728.0      47593014.5       730559.5
314     24653824.0      48065437.0       720408.0
237     24527616.0      47660929.5       716419.0
278     24750208.0      48231919.5       711915.5
90      24239360.0      47536959.0       705859.5
229     24293248.0      47466903.5       703736.0
485     24494208.0      47919697.5       702726.5
223     24628992.0      48181743.5       700377.5
479     24886144.0      48392554.0       699543.0
210     24694528.0      48096844.5       698644.5
21      24401920.0      47690864.0       693857.0
              Server1        Server2
Offset                              
14      377855.902439  108686.463415
266      13462.875000    4046.437500
303       5994.875000    1981.437500
456       5925.875000    1905.500000
213       5924.000000    1874.625000
450       5764.625000    1834.187500
167       5686.500000    1831.750000
422       5470.000000    1751.125000
204       5377.875000    1746.937500
85        4966.750000    1659.187500
443       4944.125000    1640.437500
89        4942.000000    1629.062500
340       4743.500000    1564.437500
176       4404.000000    1520.312500
448       4251.750000    1434.000000
43        4128.625000    1413.187500
320       4126.000000    1422.000000
457       4083.375000    1420.437500
50        4033.625000    1408.187500
379       4033.375000    1374.875000
Current: [14]
Subround 4
         Timestamp  TS First Frame  TS Prev Frame
Offset                                           
2       24715008.0      47980917.0       833894.0
20      24326528.0      47588953.5       833832.5
188     24236928.0      47365434.5       816771.5
470     24514560.0      47829361.5       807675.5
478     24596224.0      47631561.5       795357.0
62      24445696.0      47624391.0       782460.5
214     24557568.0      47925311.0       773931.0
291     24435328.0      47652656.5       734758.5
341     24799232.0      48060172.0       730941.5
320     24409728.0      47593014.5       730559.5
314     24653824.0      48065437.0       720408.0
237     24527616.0      47660929.5       716419.0
278     24750208.0      48231919.5       711915.5
90      24239360.0      47536959.0       705859.5
229     24293248.0      47466903.5       703736.0
485     24494208.0      47919697.5       702726.5
223     24628992.0      48181743.5       700377.5
479     24886144.0      48392554.0       699543.0
210     24694528.0      48096844.5       698644.5
21      24401920.0      47690864.0       693857.0
           Server1       Server2
Offset                          
14      374469.000  107707.47619
266      13462.875    4046.43750
303       5994.875    1981.43750
456       5925.875    1905.50000
213       5924.000    1874.62500
450       5764.625    1834.18750
167       5686.500    1831.75000
422       5470.000    1751.12500
204       5377.875    1746.93750
85        4966.750    1659.18750
443       4944.125    1640.43750
89        4942.000    1629.06250
340       4743.500    1564.43750
176       4404.000    1520.31250
448       4251.750    1434.00000
43        4128.625    1413.18750
320       4126.000    1422.00000
457       4083.375    1420.43750
50        4033.625    1408.18750
379       4033.375    1374.87500
Current: [14]
         Timestamp  TS First Frame  TS Prev Frame
Offset                                           
2       24715008.0      47980917.0       833894.0
20      24326528.0      47588953.5       833832.5
188     24236928.0      47365434.5       816771.5
470     24514560.0      47829361.5       807675.5
478     24596224.0      47631561.5       795357.0
62      24445696.0      47624391.0       782460.5
214     24557568.0      47925311.0       773931.0
291     24435328.0      47652656.5       734758.5
341     24799232.0      48060172.0       730941.5
320     24409728.0      47593014.5       730559.5
314     24653824.0      48065437.0       720408.0
237     24527616.0      47660929.5       716419.0
278     24750208.0      48231919.5       711915.5
90      24239360.0      47536959.0       705859.5
229     24293248.0      47466903.5       703736.0
485     24494208.0      47919697.5       702726.5
223     24628992.0      48181743.5       700377.5
479     24886144.0      48392554.0       699543.0
210     24694528.0      48096844.5       698644.5
21      24401920.0      47690864.0       693857.0
           Server1       Server2
Offset                          
14      374469.000  107707.47619
266      13462.875    4046.43750
303       5994.875    1981.43750
456       5925.875    1905.50000
213       5924.000    1874.62500
450       5764.625    1834.18750
167       5686.500    1831.75000
422       5470.000    1751.12500
204       5377.875    1746.93750
85        4966.750    1659.18750
443       4944.125    1640.43750
89        4942.000    1629.06250
340       4743.500    1564.43750
176       4404.000    1520.31250
448       4251.750    1434.00000
43        4128.625    1413.18750
320       4126.000    1422.00000
457       4083.375    1420.43750
50        4033.625    1408.18750
379       4033.375    1374.87500
Winning offset:
[14]
2021-09-17 11:36:43.443350
2021-09-17 11:42:36.383699
0:05:52.940349
attacker.py:479: DeprecationWarning: The default dtype for empty Series will be 'object' instead of 'float64' in a future version. Specify a dtype explicitly to silence this warning.
  mean1 = pd.Series(values1).mean()
attacker.py:480: DeprecationWarning: The default dtype for empty Series will be 'object' instead of 'float64' in a future version. Specify a dtype explicitly to silence this warning.
  mean2 = pd.Series(values2).mean()
attacker.py:479: DeprecationWarning: The default dtype for empty Series will be 'object' instead of 'float64' in a future version. Specify a dtype explicitly to silence this warning.
  mean1 = pd.Series(values1).mean()
attacker.py:480: DeprecationWarning: The default dtype for empty Series will be 'object' instead of 'float64' in a future version. Specify a dtype explicitly to silence this warning.
  mean2 = pd.Series(values2).mean()
attacker.py:479: DeprecationWarning: The default dtype for empty Series will be 'object' instead of 'float64' in a future version. Specify a dtype explicitly to silence this warning.
  mean1 = pd.Series(values1).mean()
attacker.py:480: DeprecationWarning: The default dtype for empty Series will be 'object' instead of 'float64' in a future version. Specify a dtype explicitly to silence this warning.
  mean2 = pd.Series(values2).mean()
Exception ignored in: <function Capture.__del__ at 0x7fa4cde0d670>
Traceback (most recent call last):
  File "/home/mlipp/.virtualenvs/kaslr/lib/python3.8/site-packages/pyshark/capture/capture.py", line 445, in __del__
  File "/home/mlipp/.virtualenvs/kaslr/lib/python3.8/site-packages/pyshark/capture/capture.py", line 436, in close
  File "/usr/lib/python3.8/asyncio/base_events.py", line 592, in run_until_complete
  File "/usr/lib/python3.8/asyncio/base_events.py", line 553, in _check_running
AttributeError: 'NoneType' object has no attribute '_get_running_loop'
