Loading page file profiles/packet3/pages/0x6e4a.yaml
Loading page file profiles/packet3/pages/0x6e60.yaml
Loading page file profiles/packet3/pages/0x6ee3.yaml
Loading page file profiles/packet3/pages/0x7241.yaml
Loading page file profiles/packet3/pages/0x7242.yaml
Loading page file profiles/packet3/pages/0x7243.yaml
Loading page file profiles/packet3/pages/0x7244.yaml
Round 0
Subround 0
Empty DataFrame
Columns: [Timestamp, TS First Frame, TS Prev Frame]
Index: []
         Server1  Server2
Offset                   
14      164858.0  47285.0
46        7792.0   2714.0
389       7414.0   2568.0
273       6270.0   2037.0
432       6250.0   2070.0
201       6108.0   2055.0
258       6102.0   2104.0
127       6076.0   1984.0
209       6034.0   2208.0
282       6034.0   2079.0
18        6002.0   1974.0
240       5958.0   2108.0
377       5954.0   2193.0
5         5948.0   2057.0
440       5902.0   2042.0
91        5824.0   1914.0
302       5762.0   1984.0
241       5754.0   2083.0
139       5740.0   1962.0
260       5728.0   2079.0
Current: [0, 2, 3, 4, 5, 7, 8, 10, 14, 16, 17, 18, 23, 24, 27, 29, 30, 31, 35, 36, 38, 41, 42, 44, 45, 48, 49, 50, 51, 53, 55, 58, 60, 61, 62, 65, 67, 69, 70, 71, 78, 79, 81, 85, 88, 89, 91, 92, 93, 95, 97, 98, 99, 101, 102, 104, 105, 109, 111, 116, 120, 123, 124, 125, 126, 127, 131, 132, 139, 140, 141, 142, 144, 146, 147, 149, 152, 153, 154, 155, 160, 162, 167, 168, 170, 174, 176, 177, 179, 181, 182, 183, 184, 185, 188, 190, 191, 192, 195, 199, 200, 204, 205, 206, 207, 208, 210, 212, 213, 216, 218, 219, 220, 224, 226, 228, 233, 235, 236, 238, 239, 241, 246, 247, 248, 252, 253, 257, 258, 260, 261, 262, 265, 267, 269, 271, 273, 275, 277, 279, 281, 282, 284, 287, 288, 291, 299, 301, 307, 310, 315, 317, 319, 321, 326, 327, 329, 331, 332, 333, 337, 338, 340, 344, 345, 349, 351, 353, 355, 357, 358, 359, 360, 361, 362, 364, 365, 366, 367, 368, 371, 372, 374, 375, 376, 377, 378, 380, 381, 383, 384, 385, 387, 390, 391, 393, 396, 397, 399, 400, 401, 403, 406, 411, 412, 413, 414, 417, 419, 420, 422, 424, 425, 426, 427, 428, 429, 430, 431, 432, 433, 434, 436, 439, 441, 446, 448, 452, 456, 457, 458, 461, 463, 465, 466, 468, 475, 479, 482, 483, 486, 487, 488, 491, 496, 498, 500, 501, 504, 507, 508, 510]
Subround 1
         Timestamp  TS First Frame  TS Prev Frame
Offset                                           
268     24976640.0      48078573.5      1217974.0
41      24898176.0      48317579.0      1019816.0
66      24769280.0      48039464.5      1017418.0
86      24876416.0      48246541.5      1011463.5
55      24871168.0      48289324.5       973147.0
242     24852096.0      48255033.0       959608.0
260     24813312.0      48048813.5       937829.0
9       24850560.0      48014422.5       933646.0
397     24642688.0      47917446.5       932479.5
468     24639232.0      47958376.0       927756.0
405     24842752.0      48167655.0       908465.5
205     24833920.0      48143461.0       905065.5
154     24723584.0      48122789.0       891867.5
388     24726144.0      48225319.0       891014.0
267     24611200.0      48029772.5       889426.0
219     24732288.0      47762697.5       875560.5
18      24441216.0      47647981.5       865306.5
25      24643200.0      47842715.5       864824.5
91      24657792.0      48018768.5       861922.5
150     24556544.0      47687826.0       861652.5
         Server1  Server2
Offset                   
14      163204.0  46809.0
106       9881.0   3119.0
91        5779.0   1899.0
299       5618.0   1899.5
43        5613.0   1922.0
102       5601.0   1913.5
388       5545.0   1871.0
18        5471.0   1807.0
275       5425.0   1876.0
260       5297.0   1911.0
25        5269.0   1738.5
432       5242.0   1707.0
39        5086.0   1844.0
219       5053.0   1812.0
197       5035.0   1858.0
336       4992.0   1729.5
446       4988.0   1736.0
154       4980.0   1714.5
163       4940.0   1713.0
176       4935.0   1783.5
Current: [0, 4, 5, 7, 14, 16, 27, 30, 35, 38, 42, 44, 49, 50, 51, 53, 54, 58, 61, 67, 70, 89, 92, 93, 95, 98, 102, 105, 123, 124, 126, 139, 140, 142, 144, 149, 152, 174, 176, 179, 181, 182, 184, 188, 190, 206, 207, 212, 216, 218, 219, 226, 233, 235, 238, 239, 241, 246, 252, 253, 260, 267, 269, 271, 273, 277, 279, 284, 287, 289, 295, 310, 319, 326, 327, 332, 337, 340, 345, 357, 359, 360, 365, 366, 371, 374, 380, 383, 384, 390, 393, 396, 401, 413, 414, 417, 419, 422, 427, 428, 429, 434, 439, 446, 456, 458, 466, 468, 487, 488, 496, 498, 500, 504, 508, 510]
Subround 2
         Timestamp  TS First Frame  TS Prev Frame
Offset                                           
409     24735232.0      48082261.0      1002878.0
66      24423936.0      47154123.0       969225.0
6       24957952.0      48526601.0       961351.0
28      24793856.0      48196119.0       939138.0
156     24540416.0      47145486.0       938274.0
503     24854016.0      48287124.0       926982.0
31      24753920.0      48231962.0       926973.0
397     24153088.0      47201533.0       924203.0
486     24703488.0      48213283.0       920862.0
109     24954368.0      48447317.0       919788.0
228     24671232.0      48262586.0       916269.0
30      24947200.0      48369659.0       913405.0
159     24840960.0      48313929.0       911183.0
86      24582912.0      47565091.0       909906.0
458     24962304.0      48622278.0       907780.0
41      24776704.0      47652045.0       906353.0
405     24788992.0      47926283.0       904048.0
468     24210176.0      47125096.0       900672.0
350     25018368.0      48570886.0       892015.0
131     24545792.0      47490480.0       888983.0
              Server1       Server2
Offset                             
14      301890.666667  86679.666667
106       8352.000000   2701.000000
320       5301.333333   1768.333333
299       5012.000000   1662.333333
387       4976.000000   1726.000000
345       4730.666667   1665.000000
261       4724.000000   1563.000000
350       4702.666667   1571.000000
91        4624.666667   1520.333333
194       4610.666667   1615.333333
393       4583.333333   1609.666667
432       4514.666667   1464.666667
107       4493.333333   1517.333333
44        4476.666667   1571.000000
18        4474.000000   1482.666667
43        4458.000000   1508.666667
110       4393.333333   1582.333333
409       4380.000000   1517.333333
263       4376.000000   1535.333333
59        4370.666667   1509.333333
Current: [4, 5, 7, 14, 16, 35, 42, 44, 49, 50, 51, 54, 61, 89, 92, 98, 123, 140, 142, 144, 152, 174, 176, 179, 182, 188, 212, 216, 218, 233, 235, 252, 260, 269, 271, 273, 279, 284, 287, 289, 295, 327, 332, 357, 365, 371, 374, 383, 384, 390, 393, 396, 413, 414, 417, 427, 439, 446, 458, 487, 500, 504]
Subround 3
         Timestamp  TS First Frame  TS Prev Frame
Offset                                           
156     24579456.0      47303217.5      1036389.5
426     24699904.0      47936270.0       945049.0
131     24549760.0      47606234.0       938112.0
30      24673792.0      48065847.0       861063.5
159     24643072.0      47950622.5       855587.5
107     24610816.0      47861276.5       848537.5
236     24506368.0      47630336.0       834520.0
230     24702080.0      48186100.0       818167.0
291     24354944.0      47289566.5       817791.5
337     24539392.0      47781368.0       814165.5
481     24499328.0      47836565.5       810130.5
1       24813056.0      48002281.0       807730.0
490     24933632.0      48558572.0       804620.0
54      24318848.0      47572958.5       792613.5
117     24395136.0      47626748.5       791230.5
295     24672768.0      47958837.0       782770.0
289     24425216.0      47341907.0       779592.0
28      24357888.0      47614615.0       778376.5
452     24430080.0      47788887.5       772971.5
171     24549760.0      47798884.0       772415.0
         Server1    Server2
Offset                     
14      391284.0  112260.50
501      26521.5    7835.25
106       6931.5    2276.50
320       5063.0    1725.50
261       4781.5    1595.75
375       4692.0    1590.50
131       4508.0    1520.50
299       4442.5    1473.75
236       4418.0    1624.00
441       4404.5    1499.50
91        4384.0    1431.00
443       4346.0    1461.25
107       4331.0    1508.50
243       4321.5    1495.75
190       4318.0    1462.25
30        4304.0    1489.25
475       4295.5    1503.00
156       4292.5    1588.50
387       4254.5    1467.75
384       4246.5    1471.50
Current: [0, 4, 5, 7, 8, 10, 14, 16, 21, 23, 27, 28, 30, 35, 38, 41, 42, 44, 49, 50, 51, 53, 54, 61, 62, 67, 69, 70, 74, 85, 89, 91, 92, 93, 98, 104, 105, 111, 123, 125, 126, 127, 132, 134, 140, 142, 144, 145, 150, 152, 160, 164, 170, 172, 173, 174, 176, 179, 180, 182, 185, 188, 191, 192, 198, 206, 209, 212, 216, 218, 220, 224, 225, 226, 227, 233, 235, 239, 243, 247, 249, 252, 253, 257, 260, 263, 265, 267, 269, 271, 272, 273, 277, 279, 281, 282, 284, 287, 288, 291, 299, 302, 310, 323, 326, 327, 330, 331, 332, 336, 337, 340, 345, 349, 357, 359, 365, 366, 370, 371, 374, 381, 383, 384, 387, 390, 393, 396, 401, 403, 404, 405, 406, 409, 412, 413, 414, 415, 417, 419, 422, 424, 426, 427, 432, 434, 439, 441, 446, 448, 452, 458, 461, 465, 474, 475, 479, 485, 487, 488, 493, 498, 500, 501, 504, 507, 508, 511]
Subround 4
         Timestamp  TS First Frame  TS Prev Frame
Offset                                           
33      25036800.0      48700848.0       940658.0
156     24618496.0      47460949.0       938274.0
195     24891392.0      48568279.0       916461.0
131     24553728.0      47721988.0       888983.0
120     24224512.0      46977038.0       883467.0
171     24740864.0      48170709.0       870765.0
426     24480256.0      47620681.0       870584.0
132     24757248.0      48147315.0       865647.0
17      24701696.0      48242430.0       857276.0
473     24470272.0      47570796.0       852799.0
104     24349440.0      47229737.0       842288.0
227     24646144.0      47598764.0       841933.0
225     24382208.0      47388953.0       840174.0
407     24336896.0      47519368.0       831544.0
82      24617472.0      47870221.0       823792.0
199     24312832.0      47583294.0       820055.0
126     24290816.0      47439682.0       814138.0
273     24431360.0      47419536.0       813494.0
30      24400384.0      47762035.0       808722.0
348     24529152.0      47733995.0       806818.0
         Server1   Server2
Offset                    
14      363677.2  104312.8
501      22013.6    6550.2
106       5923.2    1952.2
320       5190.0    1764.4
30        4742.0    1649.0
156       4534.4    1670.2
131       4485.6    1533.0
375       4410.4    1479.6
475       4380.8    1550.2
243       4350.0    1527.8
171       4343.2    1513.6
477       4315.2    1525.8
362       4280.0    1474.2
227       4274.0    1462.2
261       4254.4    1417.4
128       4235.2    1459.4
199       4223.6    1479.2
155       4161.6    1426.2
444       4149.6    1384.4
354       4145.6    1438.0
Current: [5, 7, 14, 21, 28, 30, 35, 44, 50, 51, 53, 54, 61, 70, 91, 92, 111, 126, 127, 132, 134, 140, 144, 145, 150, 152, 170, 172, 173, 176, 180, 182, 191, 192, 209, 212, 218, 225, 226, 233, 239, 243, 252, 253, 260, 263, 267, 269, 272, 277, 279, 284, 287, 288, 289, 295, 302, 310, 330, 331, 337, 340, 357, 359, 365, 366, 371, 374, 383, 384, 387, 390, 396, 403, 406, 413, 414, 415, 417, 419, 424, 432, 434, 439, 441, 446, 452, 458, 461, 465, 487, 488, 504, 507, 508]
Subround 5
         Timestamp  TS First Frame  TS Prev Frame
Offset                                           
156     24579456.0      47303217.5       930933.5
53      24537600.0      47717264.0       863439.0
148     24409088.0      47740912.0       842512.5
273     24435200.0      47595278.5       841859.0
131     24549760.0      47606234.0       840535.0
407     24404608.0      47578442.5       837082.5
155     24478336.0      47799585.0       830576.5
283     24328064.0      47429572.5       805384.5
477     24507904.0      47471324.5       803438.5
325     24624768.0      48114586.0       798267.5
97      24239104.0      47309346.0       793297.5
17      24612992.0      47862288.0       790694.5
33      24858368.0      48389197.5       790311.0
181     24350336.0      47600766.0       786155.0
104     24385280.0      47279420.5       778993.5
351     24359168.0      47715463.0       777540.5
42      24745728.0      48434224.0       776947.5
270     24332160.0      47359229.5       775498.5
54      24438528.0      47650961.0       775238.0
311     24701312.0      48277172.0       773921.5
              Server1       Server2
Offset                             
14      337503.333333  96795.666667
501      18645.333333   5563.833333
247       5371.333333   1773.000000
106       5242.333333   1731.833333
320       4919.666667   1656.500000
91        4358.000000   1447.333333
30        4295.000000   1488.333333
89        4283.000000   1464.833333
477       4258.333333   1498.333333
73        4247.666667   1442.000000
128       4224.000000   1451.500000
155       4184.000000   1456.333333
283       4157.000000   1445.833333
224       4147.666667   1407.666667
432       4099.333333   1330.833333
261       4096.333333   1377.666667
42        4084.666667   1420.666667
266       4076.666667   1433.666667
293       4058.000000   1410.333333
206       4043.000000   1359.500000
Current: [5, 7, 14, 28, 35, 44, 50, 54, 61, 70, 111, 126, 140, 152, 172, 173, 176, 191, 209, 218, 226, 239, 243, 252, 260, 267, 269, 272, 279, 288, 302, 330, 331, 337, 357, 359, 365, 366, 383, 384, 387, 390, 396, 406, 413, 414, 417, 419, 432, 439, 441, 446, 461, 465, 504]
Subround 6
         Timestamp  TS First Frame  TS Prev Frame
Offset                                           
240     24647680.0      47674999.0       961087.0
156     24540416.0      47404839.0       923593.0
83      24479232.0      47428799.0       907566.0
210     24731392.0      48028112.0       896830.0
181     24428800.0      47735649.0       881544.0
440     24603648.0      47937944.0       876386.0
62      24650240.0      47864361.0       863989.0
325     24704256.0      47980877.0       862970.0
355     24338176.0      47586494.0       861073.0
118     24856320.0      48068495.0       859362.0
130     24342784.0      47872404.0       856683.0
390     24513280.0      48020728.0       850308.0
408     24991488.0      48481403.0       848722.0
439     24516352.0      47570152.0       842930.0
207     24397568.0      47403199.0       840102.0
407     24336896.0      47519368.0       831544.0
9       24473344.0      47364809.0       830330.0
442     24592128.0      47976692.0       824744.0
428     24186624.0      47450836.0       822974.0
91      24317696.0      47439401.0       819993.0
              Server1       Server2
Offset                             
14      323122.000000  92655.000000
501      16189.428571   4839.857143
169      11884.000000   3572.571429
302       5731.428571   1880.000000
247       4870.000000   1611.571429
106       4769.714286   1577.714286
320       4559.714286   1531.857143
91        4482.857143   1495.000000
432       4321.428571   1425.142857
224       4296.000000   1473.285714
440       4241.428571   1486.714286
347       4227.714286   1459.142857
452       4199.142857   1410.714286
43        4147.428571   1375.857143
438       4139.142857   1395.285714
206       4137.428571   1388.857143
283       4120.857143   1443.857143
403       4112.285714   1441.142857
336       4098.571429   1426.857143
160       4071.428571   1367.571429
Current: [0, 5, 7, 14, 20, 28, 33, 35, 39, 44, 50, 51, 61, 62, 70, 74, 79, 85, 92, 93, 97, 111, 123, 126, 127, 129, 133, 134, 140, 152, 155, 160, 172, 173, 176, 177, 181, 191, 198, 209, 212, 218, 220, 224, 225, 226, 227, 235, 239, 243, 248, 249, 252, 257, 260, 263, 267, 269, 272, 273, 277, 279, 281, 282, 284, 287, 288, 292, 299, 302, 311, 319, 324, 326, 330, 331, 337, 340, 345, 349, 357, 359, 365, 366, 371, 374, 383, 384, 387, 390, 396, 403, 406, 408, 413, 414, 415, 417, 419, 424, 432, 439, 441, 446, 461, 465, 472, 476, 483, 500, 501, 503, 504]
Subround 7
         Timestamp  TS First Frame  TS Prev Frame
Offset                                           
355     24510208.0      47861486.0       894588.0
62      24650368.0      47987241.5       873649.5
398     24884480.0      48261492.0       831980.0
403     24481920.0      47907298.0       830577.0
305     24803072.0      48438279.0       816939.0
39      24683648.0      48091713.5       802110.0
311     24654976.0      48277172.0       799584.5
325     24624768.0      47921745.0       798267.5
181     24350336.0      47600766.0       786155.0
102     24499584.0      47980286.0       781481.0
53      24535808.0      47717264.0       779346.5
224     24479488.0      47595663.0       778434.5
19      24501120.0      47733198.0       772579.5
336     24532736.0      47859360.0       757286.5
242     24831488.0      48167351.0       756655.5
440     24476160.0      47742248.5       755734.5
200     24721024.0      48237368.5       754789.5
438     24257664.0      47295024.5       754538.5
35      24177536.0      47591846.0       751985.0
273     24435200.0      47691256.0       748713.5
          Server1    Server2
Offset                      
14      312268.25  89534.000
440      19707.25   5931.625
501      14387.25   4311.250
169      10678.50   3220.125
302       5288.75   1736.125
444       5179.75   1645.875
91        4534.75   1527.375
247       4513.00   1494.750
224       4449.50   1514.375
106       4385.50   1454.500
432       4375.50   1461.875
320       4323.25   1449.125
43        4297.25   1426.625
336       4272.50   1472.750
377       4224.50   1445.750
403       4218.75   1469.625
32        4183.25   1393.500
438       4181.50   1425.875
39        4159.50   1478.750
427       4139.75   1384.500
Current: [0, 5, 7, 14, 20, 28, 35, 39, 44, 50, 51, 61, 92, 97, 123, 126, 133, 140, 152, 160, 172, 173, 177, 191, 224, 225, 227, 239, 243, 257, 260, 267, 269, 272, 279, 284, 288, 299, 302, 319, 324, 330, 331, 337, 345, 349, 357, 359, 366, 383, 384, 387, 390, 396, 408, 413, 414, 415, 417, 424, 439, 441, 446, 461, 465, 476, 483, 501, 503]
Subround 8
         Timestamp  TS First Frame  TS Prev Frame
Offset                                           
62      24650240.0      47864361.0       863989.0
355     24338176.0      47586494.0       861073.0
156     24540416.0      47404839.0       836442.0
403     24301824.0      47724899.0       789632.0
398     24883968.0      48134344.0       774866.0
18      24108288.0      47464970.0       771367.0
319     24472064.0      47645944.0       771105.0
305     24571392.0      48048031.0       770098.0
53      24395264.0      47504157.0       764037.0
19      24357888.0      47656347.0       733900.0
325     24545280.0      47862613.0       733565.0
311     24529664.0      48191823.0       727562.0
234     24571136.0      48145684.0       718952.0
102     24332544.0      47862156.0       716442.0
39      24419840.0      47711051.0       716337.0
131     24545792.0      47490480.0       714580.0
336     24386560.0      47624865.0       709605.0
36      24215552.0      47342356.0       707677.0
176     24572416.0      47681380.0       707240.0
224     24408064.0      47443564.0       706235.0
              Server1       Server2
Offset                             
14      302355.111111  86677.555556
440      17727.777778   5343.666667
501      12988.444444   3900.888889
169      10099.777778   3064.222222
188       9049.333333   2825.444444
454       5391.333333   1744.666667
302       4986.444444   1632.555556
444       4839.333333   1541.555556
247       4471.777778   1500.666667
145       4442.666667   1484.888889
43        4343.111111   1457.000000
91        4318.000000   1453.666667
106       4309.777778   1451.000000
320       4276.666667   1424.888889
299       4223.777778   1434.333333
18        4210.444444   1458.222222
224       4201.777778   1427.333333
432       4147.333333   1385.666667
176       4075.333333   1437.333333
32        4056.444444   1345.444444
Current: [5, 7, 14, 20, 28, 35, 39, 44, 50, 61, 92, 133, 140, 160, 172, 173, 191, 225, 227, 239, 243, 257, 260, 272, 279, 284, 288, 299, 302, 319, 324, 330, 337, 357, 366, 383, 384, 396, 414, 415, 417, 424, 439, 446, 461, 483, 501, 503]
Subround 9
         Timestamp  TS First Frame  TS Prev Frame
Offset                                           
156     24547968.0      47432894.0       780013.5
273     24435200.0      47691256.0       748713.5
161     24052736.0      47078916.0       729599.0
159     24643072.0      47950622.5       725369.0
18      24097664.0      47379566.5       720675.5
131     24549760.0      47606234.0       714475.5
319     24381952.0      47525571.0       709892.5
176     24535936.0      47530577.0       695997.0
311     24382976.0      47741115.5       695655.0
14      24249984.0      47524981.0       683029.5
155     24180096.0      47298139.0       682232.0
150     24076032.0      47334649.5       674708.5
62      24650368.0      47987241.5       668405.0
82      24493056.0      47832964.5       664160.5
283     24284544.0      47429572.5       656216.0
79      24206464.0      47231904.0       648015.5
446     24177024.0      47421460.5       646092.5
407     24245760.0      47487295.5       635948.5
125     24399360.0      47524603.5       632739.5
122     24388480.0      47774144.5       630337.5
         Server1  Server2
Offset                   
14      325312.4  93268.9
440      16174.0   4884.1
501      12213.4   3701.1
169       9561.8   2930.2
188       8409.4   2629.3
314       7318.4   2265.7
454       5052.4   1640.9
444       4898.8   1567.7
302       4725.8   1544.5
247       4396.0   1467.7
320       4340.8   1466.6
106       4309.0   1467.0
91        4250.6   1422.8
145       4144.6   1387.6
43        4115.4   1380.7
30        4111.2   1425.1
18        4019.6   1388.1
224       4016.2   1362.3
299       4010.2   1360.3
432       3963.2   1323.6
Current: [5, 7, 14, 16, 20, 28, 35, 39, 41, 44, 50, 61, 69, 70, 85, 91, 92, 103, 123, 130, 133, 134, 140, 145, 155, 160, 172, 173, 176, 181, 191, 218, 222, 225, 227, 229, 230, 238, 239, 243, 257, 260, 267, 272, 279, 281, 284, 287, 288, 293, 298, 299, 302, 310, 311, 319, 324, 330, 337, 338, 345, 357, 359, 365, 366, 367, 377, 383, 384, 390, 396, 406, 413, 414, 415, 417, 424, 428, 439, 441, 446, 447, 451, 461, 468, 483, 488, 501, 503, 505]
Subround 10
         Timestamp  TS First Frame  TS Prev Frame
Offset                                           
407     24336896.0      47519368.0       823269.0
118     24534272.0      47777558.0       808241.0
403     24215808.0      47220171.0       789632.0
305     24262400.0      47654054.0       770098.0
53      24395264.0      47504157.0       764037.0
148     24525568.0      47898383.0       743655.0
325     24704256.0      47980877.0       733565.0
156     24540416.0      47404839.0       723585.0
47      24302592.0      47551387.0       716319.0
104     24349440.0      47232928.0       715699.0
131     24545792.0      47490480.0       714371.0
125     24444160.0      47582380.0       710739.0
224     24408064.0      47443564.0       706235.0
477     24447488.0      47468041.0       701210.0
270     24467712.0      47575939.0       700933.0
128     24226816.0      47538081.0       697178.0
97      24101120.0      47216832.0       696325.0
181     24271872.0      47735649.0       690766.0
359     24481024.0      47905736.0       689836.0
122     24472064.0      47779643.0       688753.0
              Server1        Server2
Offset                              
14      370244.545455  106146.090909
440      15150.363636    4599.363636
501      11442.909091    3478.636364
169       8854.545455    2716.636364
188       8194.545455    2570.636364
314       6806.363636    2111.272727
454       4987.818182    1627.636364
302       4757.090909    1567.727273
444       4633.818182    1482.363636
247       4170.545455    1393.818182
393       4156.000000    1381.363636
320       4129.090909    1393.636364
224       4128.909091    1409.909091
91        4110.363636    1374.818182
283       4073.636364    1409.090909
106       4060.000000    1384.000000
145       3977.272727    1328.545455
43        3969.090909    1330.545455
377       3947.818182    1358.545455
427       3941.636364    1320.636364
Current: [5, 14, 20, 28, 35, 39, 41, 50, 61, 69, 123, 133, 140, 145, 160, 172, 173, 181, 191, 227, 230, 238, 239, 243, 267, 272, 279, 281, 284, 287, 288, 299, 302, 319, 324, 330, 337, 338, 357, 359, 365, 366, 384, 396, 414, 415, 424, 428, 439, 446, 451, 461, 488, 501, 503, 505]
Subround 11
         Timestamp  TS First Frame  TS Prev Frame
Offset                                           
403     24258816.0      47472535.0       791591.0
53      24428544.0      47509963.5       779346.5
18      24097664.0      47379566.5       720675.5
222     24597632.0      47750151.5       713708.0
319     24381952.0      47566305.0       709892.5
359     24505344.0      47905838.0       707876.5
176     24659328.0      47730001.5       695997.0
311     24345088.0      47741115.5       695655.0
390     24445184.0      47965573.5       692104.0
366     24115456.0      47265822.0       684446.5
161     24067072.0      47432796.0       683983.0
14      24249984.0      47524981.0       683029.5
150     24110464.0      47309373.0       674708.5
440     24411264.0      47620302.5       672419.5
336     24477824.0      47680085.5       667465.0
193     24474240.0      47895548.5       666853.5
39      24538112.0      47832521.5       666061.5
325     24721152.0      48114586.0       663330.0
62      24734208.0      48326710.5       660274.5
234     24533632.0      47997058.5       659938.0
              Server1        Server2
Offset                              
14      353607.000000  101376.166667
440      14312.500000    4367.083333
501      10621.666667    3235.000000
169       8312.666667    2552.750000
188       7869.000000    2482.083333
314       6653.166667    2075.500000
454       4843.500000    1579.333333
302       4785.833333    1588.000000
444       4422.000000    1418.000000
91        4305.166667    1434.583333
43        4112.333333    1384.833333
427       4093.666667    1379.083333
224       4058.666667    1386.416667
393       4057.333333    1351.833333
18        4046.166667    1389.000000
121       4041.166667    1297.583333
347       4012.666667    1381.000000
377       4007.500000    1386.583333
336       4001.500000    1368.416667
247       3992.666667    1335.000000
Current: [5, 14, 20, 28, 35, 39, 41, 50, 69, 133, 145, 172, 173, 191, 230, 239, 243, 267, 281, 288, 299, 302, 319, 324, 330, 357, 359, 365, 366, 396, 414, 415, 439, 446, 451, 501]
Subround 12
         Timestamp  TS First Frame  TS Prev Frame
Offset                                           
118     24470016.0      47732843.0       808241.0
403     24215808.0      47220171.0       789632.0
53      24395264.0      47504157.0       764037.0
156     24540416.0      47404839.0       723585.0
477     24447488.0      47468041.0       701210.0
270     24254720.0      47377539.0       700933.0
128     24226816.0      47538081.0       697178.0
359     24481024.0      47905736.0       689836.0
122     24472064.0      47779643.0       688753.0
351     24314624.0      47591099.0       687791.0
14      24263424.0      47603621.0       687695.0
176     24572416.0      47681380.0       684754.0
42      24669184.0      48250755.0       683639.0
348     24299008.0      47733995.0       680524.0
97      24101120.0      47216832.0       678401.0
18      24087040.0      47294163.0       669984.0
311     24236288.0      47290408.0       663748.0
148     24292608.0      47350849.0       661377.0
150     24104960.0      47288996.0       657230.0
159     24445184.0      47587316.0       655782.0
              Server1        Server2
Offset                              
14      372655.384615  106830.769231
340      33172.461538    9683.076923
420      13498.615385    4057.923077
440      13378.615385    4084.461538
501      10154.615385    3105.769231
169       8110.000000    2498.076923
188       7429.538462    2346.538462
314       6264.000000    1956.461538
454       4608.615385    1506.000000
302       4575.384615    1518.846154
444       4462.000000    1445.153846
91        4222.923077    1403.153846
320       4101.846154    1389.769231
106       4067.846154    1387.615385
427       4018.307692    1349.076923
393       4014.769231    1343.615385
384       3965.230769    1338.076923
43        3959.384615    1332.230769
347       3946.000000    1351.846154
336       3927.846154    1337.461538
Current: [5, 14, 20, 35, 39, 41, 69, 145, 173, 191, 230, 239, 243, 267, 288, 299, 302, 324, 330, 357, 365, 396, 415, 439, 501]
Subround 13
         Timestamp  TS First Frame  TS Prev Frame
Offset                                           
118     24464640.0      47755200.5       833801.5
403     24258816.0      47403683.0       791591.0
53      24428544.0      47509963.5       779346.5
270     24361216.0      47476739.0       766906.5
42      24664320.0      48151199.0       748040.5
222     24597632.0      47750151.5       713708.0
359     24505344.0      47905838.0       707876.5
122     24496768.0      47790983.5       704283.5
311     24345088.0      47691165.5       695655.0
18      24097664.0      47379566.5       692182.5
390     24445184.0      47892905.5       692104.0
176     24535936.0      47530577.0       688427.5
97      24156800.0      47309346.0       687363.0
366     24115456.0      47265822.0       684446.5
161     24067072.0      47432796.0       683983.0
14      24249984.0      47524981.0       683029.5
150     24110464.0      47309373.0       674708.5
440     24393984.0      47620302.5       672419.5
336     24477824.0      47680085.5       667465.0
193     24463488.0      47831268.0       666853.5
              Server1        Server2
Offset                              
14      358865.571429  102874.928571
340      31011.571429    9059.928571
440      12847.714286    3934.214286
420      12670.714286    3814.785714
501       9546.142857    2925.214286
169       7686.428571    2370.571429
188       7272.000000    2301.071429
314       6068.571429    1920.714286
302       4655.857143    1553.500000
454       4450.428571    1460.071429
91        4290.142857    1433.571429
444       4285.857143    1388.214286
427       4122.857143    1383.000000
336       4094.285714    1394.785714
347       4077.285714    1397.357143
384       4008.285714    1347.785714
377       4003.000000    1385.571429
224       3994.142857    1371.428571
201       3970.428571    1342.857143
320       3969.285714    1343.214286
Current: [5, 14, 20, 35, 39, 41, 50, 69, 70, 92, 98, 103, 123, 145, 150, 152, 156, 173, 191, 222, 230, 238, 239, 243, 267, 271, 282, 288, 299, 302, 324, 330, 337, 357, 359, 365, 366, 380, 384, 393, 396, 414, 415, 424, 437, 439, 446, 451, 456, 479, 499, 500, 501]
Subround 14
         Timestamp  TS First Frame  TS Prev Frame
Offset                                           
118     24459264.0      47732843.0       808241.0
403     24301824.0      47587195.0       789632.0
53      24395264.0      47504157.0       764037.0
156     24540416.0      47404839.0       723585.0
270     24254720.0      47377539.0       700933.0
128     24291584.0      47558934.0       697178.0
359     24529664.0      47905940.0       689836.0
122     24472064.0      47779643.0       688753.0
14      24263424.0      47603621.0       687695.0
176     24499456.0      47379774.0       684754.0
42      24669184.0      48051643.0       683639.0
97      24212480.0      47401860.0       678401.0
18      24108288.0      47464970.0       669984.0
311     24453888.0      48091923.0       663748.0
150     24104960.0      47288996.0       657230.0
159     24445184.0      47587316.0       655782.0
115     24489984.0      47601882.0       653349.0
477     24238080.0      47468041.0       638871.0
372     24232448.0      47363318.0       638411.0
440     24348672.0      47546553.0       635083.0
              Server1        Server2
Offset                              
14      350797.066667  100555.866667
340      29231.466667    8561.533333
440      12132.266667    3719.133333
420      12122.933333    6775.000000
501       9166.133333    2828.333333
169       7521.200000    2328.933333
357       7248.666667    2259.333333
188       6931.066667    2194.466667
447       6652.133333    2089.800000
314       5863.866667    1855.933333
302       4503.333333    1502.333333
454       4290.666667    1406.866667
444       4276.266667    1392.133333
91        4161.466667    1388.200000
384       4125.200000    1392.866667
320       4013.200000    1366.600000
427       4013.066667    1343.200000
336       3981.200000    1354.533333
43        3977.200000    1330.466667
347       3958.933333    1356.000000
Current: [5, 14, 39, 41, 50, 54, 69, 123, 145, 173, 222, 230, 239, 243, 267, 271, 288, 302, 330, 357, 359, 365, 366, 380, 393, 396, 415, 424, 437, 439, 446, 451, 456, 479, 500, 501]
Subround 15
         Timestamp  TS First Frame  TS Prev Frame
Offset                                           
53      24428544.0      47509963.5       779346.5
270     24361216.0      47476739.0       716538.5
222     24597632.0      47750151.5       713708.0
122     24496768.0      47774144.5       704283.5
311     24491776.0      48141873.0       695655.0
390     24445184.0      47892905.5       692104.0
97      24276096.0      47391923.5       687363.0
366     24115456.0      47265822.0       684446.5
14      24249984.0      47524981.0       683029.5
440     24393984.0      47620302.5       672419.5
477     24244736.0      47463542.0       670040.5
359     24556544.0      47971515.0       669825.0
176     24392064.0      47530577.0       667300.0
325     24673408.0      47921745.0       663330.0
62      24650368.0      47987241.5       660274.5
13      24312320.0      47607507.5       659229.0
273     24435200.0      47691256.0       658620.5
491     24325504.0      47498079.0       652683.0
188     24405760.0      47670485.0       646221.5
128     24259200.0      47548507.5       645192.5
           Server1     Server2
Offset                        
14      339327.375  97266.8750
340      27522.250   8066.5625
440      11669.375   3592.8750
278      11651.500   3542.1875
420      11481.125   6388.9375
501       8688.375   2682.7500
169       7217.375   2240.9375
357       7121.250   2227.1875
188       6778.000   2159.4375
447       6504.250   2059.5625
314       5675.375   1801.7500
302       4526.500   1519.0625
454       4297.750   1421.0625
320       4170.500   1420.0625
444       4168.375   1358.8125
347       4064.375   1395.5000
91        4057.125   1350.8125
384       4022.750   1355.7500
224       3989.625   1369.8125
427       3961.375   1327.3750
Current: [5, 14, 39, 41, 50, 54, 69, 145, 173, 288, 302, 357, 365, 380, 396, 415, 424, 500, 501]
         Timestamp  TS First Frame  TS Prev Frame
Offset                                           
53      24428544.0      47509963.5       779346.5
270     24361216.0      47476739.0       716538.5
222     24597632.0      47750151.5       713708.0
122     24496768.0      47774144.5       704283.5
311     24491776.0      48141873.0       695655.0
390     24445184.0      47892905.5       692104.0
97      24276096.0      47391923.5       687363.0
366     24115456.0      47265822.0       684446.5
14      24249984.0      47524981.0       683029.5
440     24393984.0      47620302.5       672419.5
477     24244736.0      47463542.0       670040.5
359     24556544.0      47971515.0       669825.0
176     24392064.0      47530577.0       667300.0
325     24673408.0      47921745.0       663330.0
62      24650368.0      47987241.5       660274.5
13      24312320.0      47607507.5       659229.0
273     24435200.0      47691256.0       658620.5
491     24325504.0      47498079.0       652683.0
188     24405760.0      47670485.0       646221.5
128     24259200.0      47548507.5       645192.5
           Server1     Server2
Offset                        
14      339327.375  97266.8750
340      27522.250   8066.5625
440      11669.375   3592.8750
278      11651.500   3542.1875
420      11481.125   6388.9375
501       8688.375   2682.7500
169       7217.375   2240.9375
357       7121.250   2227.1875
188       6778.000   2159.4375
447       6504.250   2059.5625
314       5675.375   1801.7500
302       4526.500   1519.0625
454       4297.750   1421.0625
320       4170.500   1420.0625
444       4168.375   1358.8125
347       4064.375   1395.5000
91        4057.125   1350.8125
384       4022.750   1355.7500
224       3989.625   1369.8125
427       3961.375   1327.3750
New pairs
[[396, 50], [14, 302], [173, 365], [145, 415], [39, 5], [424, 288], [69, 501], [54, 41], [357, 500], [380, 158]]
Round 1
Subround 0
         Timestamp  TS First Frame  TS Prev Frame
Offset                                           
53      24428544.0      47509963.5       779346.5
270     24361216.0      47476739.0       716538.5
222     24597632.0      47750151.5       713708.0
122     24496768.0      47774144.5       704283.5
311     24491776.0      48141873.0       695655.0
390     24445184.0      47892905.5       692104.0
14      24263424.0      47603621.0       687695.0
97      24276096.0      47391923.5       687363.0
366     24115456.0      47265822.0       684446.5
440     24393984.0      47620302.5       672419.5
477     24244736.0      47463542.0       670040.5
359     24556544.0      47971515.0       669825.0
176     24392064.0      47530577.0       667300.0
325     24673408.0      47921745.0       663330.0
62      24650368.0      47987241.5       660274.5
13      24312320.0      47607507.5       659229.0
273     24435200.0      47691256.0       658620.5
491     24325504.0      47498079.0       652683.0
188     24405760.0      47670485.0       646221.5
128     24259200.0      47548507.5       645192.5
              Server1        Server2
Offset                              
14      351746.352941  100819.352941
340      27522.250000    8066.562500
440      11669.375000    3592.875000
278      11651.500000    3542.187500
420      11481.125000    6388.937500
501       8280.000000    2560.764706
169       7217.375000    2240.937500
357       7015.647059    2200.529412
188       6778.000000    2159.437500
447       6504.250000    2059.562500
314       5675.375000    1801.750000
302       4550.352941    1534.705882
454       4297.750000    1421.062500
320       4170.500000    1420.062500
444       4168.375000    1358.812500
347       4064.375000    1395.500000
91        4057.125000    1350.812500
384       4022.750000    1355.750000
224       3989.625000    1369.812500
427       3961.375000    1327.375000
Current: [5, 145, 173, 302, 396, 424, 501]
Subround 1
         Timestamp  TS First Frame  TS Prev Frame
Offset                                           
53      24428544.0      47509963.5       779346.5
270     24361216.0      47476739.0       716538.5
222     24597632.0      47750151.5       713708.0
122     24496768.0      47774144.5       704283.5
311     24491776.0      48141873.0       695655.0
390     24445184.0      47892905.5       692104.0
97      24276096.0      47391923.5       687363.0
366     24115456.0      47265822.0       684446.5
14      24249984.0      47524981.0       683029.5
440     24393984.0      47620302.5       672419.5
477     24244736.0      47463542.0       670040.5
359     24556544.0      47971515.0       669825.0
176     24392064.0      47530577.0       667300.0
325     24673408.0      47921745.0       663330.0
62      24650368.0      47987241.5       660274.5
13      24312320.0      47607507.5       659229.0
273     24435200.0      47691256.0       658620.5
491     24325504.0      47498079.0       652683.0
188     24405760.0      47670485.0       646221.5
128     24259200.0      47548507.5       645192.5
              Server1       Server2
Offset                             
14      342814.888889  99155.055556
340      27522.250000   8066.562500
440      11669.375000   3592.875000
278      11651.500000   3542.187500
420      11481.125000   6388.937500
501       8068.888889   2504.000000
169       7217.375000   2240.937500
357       6911.555556   2179.666667
188       6778.000000   2159.437500
447       6504.250000   2059.562500
314       5675.375000   1801.750000
302       4411.222222   1486.388889
454       4297.750000   1421.062500
320       4170.500000   1420.062500
444       4168.375000   1358.812500
347       4064.375000   1395.500000
91        4057.125000   1350.812500
384       4022.750000   1355.750000
224       3989.625000   1369.812500
427       3961.375000   1327.375000
Current: [5, 41, 380, 396, 500, 501]
Subround 2
         Timestamp  TS First Frame  TS Prev Frame
Offset                                           
53      24428544.0      47509963.5       779346.5
270     24361216.0      47476739.0       716538.5
222     24597632.0      47750151.5       713708.0
122     24496768.0      47774144.5       704283.5
311     24491776.0      48141873.0       695655.0
390     24445184.0      47892905.5       692104.0
97      24276096.0      47391923.5       687363.0
366     24115456.0      47265822.0       684446.5
440     24393984.0      47620302.5       672419.5
477     24244736.0      47463542.0       670040.5
359     24556544.0      47971515.0       669825.0
176     24392064.0      47530577.0       667300.0
325     24673408.0      47921745.0       663330.0
62      24650368.0      47987241.5       660274.5
13      24312320.0      47607507.5       659229.0
273     24435200.0      47691256.0       658620.5
491     24325504.0      47498079.0       652683.0
14      24249984.0      47524981.0       649065.5
188     24405760.0      47670485.0       646221.5
128     24259200.0      47548507.5       645192.5
              Server1       Server2
Offset                             
14      337448.210526  97571.368421
340      27522.250000   8066.562500
440      11669.375000   3592.875000
278      11651.500000   3542.187500
420      11481.125000   6388.937500
501       7723.578947   2400.052632
169       7217.375000   2240.937500
188       6778.000000   2159.437500
357       6660.000000   2102.368421
447       6504.250000   2059.562500
314       5675.375000   1801.750000
302       4319.052632   1456.315789
454       4297.750000   1421.062500
320       4170.500000   1420.062500
444       4168.375000   1358.812500
347       4064.375000   1395.500000
91        4057.125000   1350.812500
384       4022.750000   1355.750000
224       3989.625000   1369.812500
427       3961.375000   1327.375000
Current: [41, 380, 396, 500, 501]
Subround 3
         Timestamp  TS First Frame  TS Prev Frame
Offset                                           
53      24428544.0      47509963.5       779346.5
270     24361216.0      47476739.0       716538.5
222     24597632.0      47750151.5       713708.0
122     24496768.0      47774144.5       704283.5
311     24491776.0      48141873.0       695655.0
390     24445184.0      47892905.5       692104.0
97      24276096.0      47391923.5       687363.0
366     24115456.0      47265822.0       684446.5
14      24476800.0      47762546.5       683029.5
440     24393984.0      47620302.5       672419.5
477     24244736.0      47463542.0       670040.5
359     24556544.0      47971515.0       669825.0
176     24392064.0      47530577.0       667300.0
325     24673408.0      47921745.0       663330.0
62      24650368.0      47987241.5       660274.5
13      24312320.0      47607507.5       659229.0
273     24435200.0      47691256.0       658620.5
491     24325504.0      47498079.0       652683.0
188     24405760.0      47670485.0       646221.5
128     24259200.0      47548507.5       645192.5
           Server1      Server2
Offset                         
14      349529.600  100991.3500
340      27522.250    8066.5625
440      11669.375    3592.8750
278      11651.500    3542.1875
420      11481.125    6388.9375
501       7427.800    2311.4500
169       7217.375    2240.9375
188       6778.000    2159.4375
357       6563.600    2074.6000
447       6504.250    2059.5625
314       5675.375    1801.7500
158       4504.100    1500.8500
302       4343.900    1469.9000
454       4297.750    1421.0625
320       4170.500    1420.0625
444       4168.375    1358.8125
347       4064.375    1395.5000
91        4057.125    1350.8125
384       4022.750    1355.7500
224       3989.625    1369.8125
Current: [365, 396, 501]
Subround 4
         Timestamp  TS First Frame  TS Prev Frame
Offset                                           
53      24428544.0      47509963.5       779346.5
270     24361216.0      47476739.0       716538.5
222     24597632.0      47750151.5       713708.0
122     24496768.0      47774144.5       704283.5
311     24491776.0      48141873.0       695655.0
390     24445184.0      47892905.5       692104.0
97      24276096.0      47391923.5       687363.0
366     24115456.0      47265822.0       684446.5
14      24263424.0      47603621.0       678364.0
440     24393984.0      47620302.5       672419.5
477     24244736.0      47463542.0       670040.5
359     24556544.0      47971515.0       669825.0
176     24392064.0      47530577.0       667300.0
325     24673408.0      47921745.0       663330.0
62      24650368.0      47987241.5       660274.5
13      24312320.0      47607507.5       659229.0
273     24435200.0      47691256.0       658620.5
491     24325504.0      47498079.0       652683.0
188     24405760.0      47670485.0       646221.5
128     24259200.0      47548507.5       645192.5
              Server1       Server2
Offset                             
14      340944.857143  98492.523810
340      27522.250000   8066.562500
440      11669.375000   3592.875000
278      11651.500000   3542.187500
420      11481.125000   6388.937500
501       7286.190476   2272.476190
169       7217.375000   2240.937500
188       6778.000000   2159.437500
357       6543.047619   2073.095238
447       6504.250000   2059.562500
314       5675.375000   1801.750000
158       4370.857143   1457.904762
454       4297.750000   1421.062500
302       4223.523810   1429.238095
320       4170.500000   1420.062500
444       4168.375000   1358.812500
347       4064.375000   1395.500000
91        4057.125000   1350.812500
384       4022.750000   1355.750000
224       3989.625000   1369.812500
Current: [41, 380, 501]
Subround 5
         Timestamp  TS First Frame  TS Prev Frame
Offset                                           
53      24428544.0      47509963.5       779346.5
270     24361216.0      47476739.0       716538.5
222     24597632.0      47750151.5       713708.0
122     24496768.0      47774144.5       704283.5
311     24491776.0      48141873.0       695655.0
390     24445184.0      47892905.5       692104.0
97      24276096.0      47391923.5       687363.0
366     24115456.0      47265822.0       684446.5
14      24476800.0      47762546.5       683029.5
440     24393984.0      47620302.5       672419.5
477     24244736.0      47463542.0       670040.5
359     24556544.0      47971515.0       669825.0
176     24392064.0      47530577.0       667300.0
325     24673408.0      47921745.0       663330.0
62      24650368.0      47987241.5       660274.5
13      24312320.0      47607507.5       659229.0
273     24435200.0      47691256.0       658620.5
491     24325504.0      47498079.0       652683.0
188     24405760.0      47670485.0       646221.5
128     24259200.0      47548507.5       645192.5
              Server1        Server2
Offset                              
14      351344.090909  101435.000000
340      27522.250000    8066.562500
440      11669.375000    3592.875000
278      11651.500000    3542.187500
420      11481.125000    6388.937500
169       7217.375000    2240.937500
501       7054.090909    2202.272727
188       6778.000000    2159.437500
447       6504.250000    2059.562500
357       6374.272727    2020.681818
314       5675.375000    1801.750000
454       4297.750000    1421.062500
302       4291.454545    1454.590909
158       4247.090909    1417.909091
320       4170.500000    1420.062500
444       4168.375000    1358.812500
347       4064.375000    1395.500000
91        4057.125000    1350.812500
384       4022.750000    1355.750000
224       3989.625000    1369.812500
Current: [380]
Subround 6
         Timestamp  TS First Frame  TS Prev Frame
Offset                                           
53      24428544.0      47509963.5       779346.5
270     24361216.0      47476739.0       716538.5
222     24597632.0      47750151.5       713708.0
122     24496768.0      47774144.5       704283.5
311     24491776.0      48141873.0       695655.0
390     24445184.0      47892905.5       692104.0
97      24276096.0      47391923.5       687363.0
366     24115456.0      47265822.0       684446.5
14      24395776.0      47783087.0       678364.0
440     24393984.0      47620302.5       672419.5
477     24244736.0      47463542.0       670040.5
359     24556544.0      47971515.0       669825.0
176     24392064.0      47530577.0       667300.0
325     24673408.0      47921745.0       663330.0
62      24650368.0      47987241.5       660274.5
13      24312320.0      47607507.5       659229.0
273     24435200.0      47691256.0       658620.5
491     24325504.0      47498079.0       652683.0
188     24405760.0      47670485.0       646221.5
128     24259200.0      47548507.5       645192.5
              Server1       Server2
Offset                             
14      343846.173913  99255.869565
340      27522.250000   8066.562500
440      11669.375000   3592.875000
278      11651.500000   3542.187500
420      11481.125000   6388.937500
169       7217.375000   2240.937500
501       6952.608696   2177.260870
188       6778.000000   2159.437500
447       6504.250000   2059.562500
357       6318.000000   2008.347826
314       5675.375000   1801.750000
454       4297.750000   1421.062500
302       4265.913043   1441.347826
158       4219.304348   1412.130435
320       4170.500000   1420.062500
444       4168.375000   1358.812500
347       4064.375000   1395.500000
91        4057.125000   1350.812500
384       4022.750000   1355.750000
224       3989.625000   1369.812500
Current: []
Subround 7
         Timestamp  TS First Frame  TS Prev Frame
Offset                                           
53      24428544.0      47509963.5       779346.5
270     24361216.0      47476739.0       716538.5
222     24597632.0      47750151.5       713708.0
122     24496768.0      47774144.5       704283.5
311     24491776.0      48141873.0       695655.0
390     24445184.0      47892905.5       692104.0
97      24276096.0      47391923.5       687363.0
366     24115456.0      47265822.0       684446.5
500     24187392.0      47260833.0       682415.0
440     24393984.0      47620302.5       672419.5
477     24244736.0      47463542.0       670040.5
359     24556544.0      47971515.0       669825.0
176     24392064.0      47530577.0       667300.0
14      24329600.0      47693354.0       666862.5
325     24673408.0      47921745.0       663330.0
62      24650368.0      47987241.5       660274.5
13      24312320.0      47607507.5       659229.0
273     24435200.0      47691256.0       658620.5
491     24325504.0      47498079.0       652683.0
188     24405760.0      47670485.0       646221.5
              Server1       Server2
Offset                             
14      339446.916667  97966.750000
340      27522.250000   8066.562500
440      11669.375000   3592.875000
278      11651.500000   3542.187500
420      11481.125000   6388.937500
169       7217.375000   2240.937500
501       6827.166667   2148.125000
188       6778.000000   2159.437500
447       6504.250000   2059.562500
357       6165.916667   1960.666667
314       5675.375000   1801.750000
454       4297.750000   1421.062500
302       4175.833333   1411.041667
320       4170.500000   1420.062500
444       4168.375000   1358.812500
158       4110.083333   1376.791667
347       4064.375000   1395.500000
91        4057.125000   1350.812500
384       4022.750000   1355.750000
224       3989.625000   1369.812500
Current: [380]
Subround 8
         Timestamp  TS First Frame  TS Prev Frame
Offset                                           
53      24428544.0      47509963.5       779346.5
270     24361216.0      47476739.0       716538.5
222     24597632.0      47750151.5       713708.0
122     24496768.0      47774144.5       704283.5
311     24491776.0      48141873.0       695655.0
390     24445184.0      47892905.5       692104.0
97      24276096.0      47391923.5       687363.0
366     24115456.0      47265822.0       684446.5
440     24393984.0      47620302.5       672419.5
477     24244736.0      47463542.0       670040.5
359     24556544.0      47971515.0       669825.0
176     24392064.0      47530577.0       667300.0
325     24673408.0      47921745.0       663330.0
62      24650368.0      47987241.5       660274.5
13      24312320.0      47607507.5       659229.0
273     24435200.0      47691256.0       658620.5
491     24325504.0      47498079.0       652683.0
188     24405760.0      47670485.0       646221.5
128     24259200.0      47548507.5       645192.5
193     24644096.0      47895548.5       643058.0
           Server1     Server2
Offset                        
14      341730.400  98587.8800
340      27522.250   8066.5625
440      11669.375   3592.8750
278      11651.500   3542.1875
420      11481.125   6388.9375
169       7217.375   2240.9375
188       6778.000   2159.4375
501       6621.200   2084.4400
447       6504.250   2059.5625
357       6124.560   1950.7600
314       5675.375   1801.7500
454       4297.750   1421.0625
320       4170.500   1420.0625
444       4168.375   1358.8125
302       4154.080   1403.6800
158       4110.880   1378.9200
347       4064.375   1395.5000
91        4057.125   1350.8125
384       4022.750   1355.7500
224       3989.625   1369.8125
Current: [380]
Subround 9
         Timestamp  TS First Frame  TS Prev Frame
Offset                                           
53      24428544.0      47509963.5       779346.5
270     24361216.0      47476739.0       716538.5
222     24597632.0      47750151.5       713708.0
122     24496768.0      47774144.5       704283.5
311     24491776.0      48141873.0       695655.0
390     24445184.0      47892905.5       692104.0
97      24276096.0      47391923.5       687363.0
366     24115456.0      47265822.0       684446.5
500     24187392.0      47260833.0       682415.0
440     24393984.0      47620302.5       672419.5
477     24244736.0      47463542.0       670040.5
359     24556544.0      47971515.0       669825.0
176     24392064.0      47530577.0       667300.0
325     24673408.0      47921745.0       663330.0
62      24650368.0      47987241.5       660274.5
13      24312320.0      47607507.5       659229.0
273     24435200.0      47691256.0       658620.5
491     24325504.0      47498079.0       652683.0
188     24405760.0      47670485.0       646221.5
128     24259200.0      47548507.5       645192.5
              Server1       Server2
Offset                             
14      335375.461538  96742.115385
340      27522.250000   8066.562500
440      11669.375000   3592.875000
278      11651.500000   3542.187500
420      11481.125000   6388.937500
169       7217.375000   2240.937500
188       6778.000000   2159.437500
447       6504.250000   2059.562500
501       6457.461538   2035.000000
357       5961.384615   1899.346154
314       5675.375000   1801.750000
454       4297.750000   1421.062500
320       4170.500000   1420.062500
444       4168.375000   1358.812500
302       4073.769231   1376.230769
347       4064.375000   1395.500000
91        4057.125000   1350.812500
384       4022.750000   1355.750000
158       4013.307692   1347.307692
224       3989.625000   1369.812500
Current: [14, 380]
Subround 10
         Timestamp  TS First Frame  TS Prev Frame
Offset                                           
53      24428544.0      47509963.5       779346.5
270     24361216.0      47476739.0       716538.5
222     24597632.0      47750151.5       713708.0
122     24496768.0      47774144.5       704283.5
311     24491776.0      48141873.0       695655.0
390     24445184.0      47892905.5       692104.0
97      24276096.0      47391923.5       687363.0
366     24115456.0      47265822.0       684446.5
440     24393984.0      47620302.5       672419.5
477     24244736.0      47463542.0       670040.5
359     24556544.0      47971515.0       669825.0
176     24392064.0      47530577.0       667300.0
325     24673408.0      47921745.0       663330.0
62      24650368.0      47987241.5       660274.5
13      24312320.0      47607507.5       659229.0
273     24435200.0      47691256.0       658620.5
491     24325504.0      47498079.0       652683.0
188     24405760.0      47670485.0       646221.5
128     24259200.0      47548507.5       645192.5
193     24644096.0      47895548.5       643058.0
              Server1        Server2
Offset                              
14      347270.888889  100134.037037
340      27522.250000    8066.562500
440      11669.375000    3592.875000
278      11651.500000    3542.187500
420      11481.125000    6388.937500
169       7217.375000    2240.937500
188       6778.000000    2159.437500
447       6504.250000    2059.562500
501       6284.592593    1981.037037
357       5834.000000    1859.148148
314       5675.375000    1801.750000
454       4297.750000    1421.062500
320       4170.500000    1420.062500
444       4168.375000    1358.812500
302       4167.851852    1406.962963
347       4064.375000    1395.500000
158       4058.296296    1365.888889
91        4057.125000    1350.812500
384       4022.750000    1355.750000
224       3989.625000    1369.812500
Current: [14, 380]
Subround 11
         Timestamp  TS First Frame  TS Prev Frame
Offset                                           
53      24428544.0      47509963.5       779346.5
270     24361216.0      47476739.0       716538.5
222     24597632.0      47750151.5       713708.0
122     24496768.0      47774144.5       704283.5
311     24491776.0      48141873.0       695655.0
390     24445184.0      47892905.5       692104.0
97      24276096.0      47391923.5       687363.0
366     24115456.0      47265822.0       684446.5
440     24393984.0      47620302.5       672419.5
477     24244736.0      47463542.0       670040.5
359     24556544.0      47971515.0       669825.0
176     24392064.0      47530577.0       667300.0
325     24673408.0      47921745.0       663330.0
62      24650368.0      47987241.5       660274.5
13      24312320.0      47607507.5       659229.0
273     24435200.0      47691256.0       658620.5
491     24325504.0      47498079.0       652683.0
188     24405760.0      47670485.0       646221.5
128     24259200.0      47548507.5       645192.5
193     24644096.0      47895548.5       643058.0
              Server1       Server2
Offset                             
14      341197.428571  98372.642857
340      27522.250000   8066.562500
440      11669.375000   3592.875000
278      11651.500000   3542.187500
420      11481.125000   6388.937500
169       7217.375000   2240.937500
188       6778.000000   2159.437500
447       6504.250000   2059.562500
501       6284.642857   1982.428571
357       5840.000000   1866.821429
314       5675.375000   1801.750000
454       4297.750000   1421.062500
320       4170.500000   1420.062500
444       4168.375000   1358.812500
302       4099.785714   1382.750000
347       4064.375000   1395.500000
91        4057.125000   1350.812500
158       4032.142857   1356.500000
384       4022.750000   1355.750000
224       3989.625000   1369.812500
Current: [14, 380]
Subround 12
         Timestamp  TS First Frame  TS Prev Frame
Offset                                           
53      24428544.0      47509963.5       779346.5
270     24361216.0      47476739.0       716538.5
222     24597632.0      47750151.5       713708.0
122     24496768.0      47774144.5       704283.5
311     24491776.0      48141873.0       695655.0
390     24445184.0      47892905.5       692104.0
97      24276096.0      47391923.5       687363.0
366     24115456.0      47265822.0       684446.5
440     24393984.0      47620302.5       672419.5
477     24244736.0      47463542.0       670040.5
359     24556544.0      47971515.0       669825.0
176     24392064.0      47530577.0       667300.0
325     24673408.0      47921745.0       663330.0
62      24650368.0      47987241.5       660274.5
13      24312320.0      47607507.5       659229.0
273     24435200.0      47691256.0       658620.5
491     24325504.0      47498079.0       652683.0
188     24405760.0      47670485.0       646221.5
128     24259200.0      47548507.5       645192.5
193     24644096.0      47895548.5       643058.0
              Server1        Server2
Offset                              
14      365638.896552  105350.103448
340      27522.250000    8066.562500
440      11669.375000    3592.875000
278      11651.500000    3542.187500
420      11481.125000    6388.937500
169       7217.375000    2240.937500
188       6778.000000    2159.437500
447       6504.250000    2059.562500
501       6117.862069    1931.517241
357       5710.137931    1825.241379
314       5675.375000    1801.750000
454       4297.750000    1421.062500
320       4170.500000    1420.062500
444       4168.375000    1358.812500
302       4119.793103    1391.793103
347       4064.375000    1395.500000
91        4057.125000    1350.812500
384       4022.750000    1355.750000
224       3989.625000    1369.812500
427       3961.375000    1327.375000
Current: [14]
Subround 13
         Timestamp  TS First Frame  TS Prev Frame
Offset                                           
53      24428544.0      47509963.5       779346.5
270     24361216.0      47476739.0       716538.5
222     24597632.0      47750151.5       713708.0
122     24496768.0      47774144.5       704283.5
311     24491776.0      48141873.0       695655.0
390     24445184.0      47892905.5       692104.0
97      24276096.0      47391923.5       687363.0
366     24115456.0      47265822.0       684446.5
440     24393984.0      47620302.5       672419.5
477     24244736.0      47463542.0       670040.5
359     24556544.0      47971515.0       669825.0
176     24392064.0      47530577.0       667300.0
325     24673408.0      47921745.0       663330.0
62      24650368.0      47987241.5       660274.5
13      24312320.0      47607507.5       659229.0
273     24435200.0      47691256.0       658620.5
14      24263424.0      47603621.0       655361.0
491     24325504.0      47498079.0       652683.0
188     24405760.0      47670485.0       646221.5
128     24259200.0      47548507.5       645192.5
              Server1        Server2
Offset                              
14      386490.200000  111301.766667
340      27522.250000    8066.562500
440      11669.375000    3592.875000
278      11651.500000    3542.187500
420      11481.125000    6388.937500
169       7217.375000    2240.937500
188       6778.000000    2159.437500
447       6504.250000    2059.562500
501       5993.200000    1893.400000
357       5697.333333    1823.333333
314       5675.375000    1801.750000
454       4297.750000    1421.062500
320       4170.500000    1420.062500
444       4168.375000    1358.812500
302       4157.400000    1408.066667
347       4064.375000    1395.500000
91        4057.125000    1350.812500
384       4022.750000    1355.750000
224       3989.625000    1369.812500
427       3961.375000    1327.375000
Current: [14]
Subround 14
         Timestamp  TS First Frame  TS Prev Frame
Offset                                           
53      24428544.0      47509963.5       779346.5
270     24361216.0      47476739.0       716538.5
222     24597632.0      47750151.5       713708.0
122     24496768.0      47774144.5       704283.5
311     24491776.0      48141873.0       695655.0
390     24445184.0      47892905.5       692104.0
97      24276096.0      47391923.5       687363.0
366     24115456.0      47265822.0       684446.5
440     24393984.0      47620302.5       672419.5
477     24244736.0      47463542.0       670040.5
359     24556544.0      47971515.0       669825.0
176     24392064.0      47530577.0       667300.0
325     24673408.0      47921745.0       663330.0
62      24650368.0      47987241.5       660274.5
13      24312320.0      47607507.5       659229.0
273     24435200.0      47691256.0       658620.5
491     24325504.0      47498079.0       652683.0
188     24405760.0      47670485.0       646221.5
128     24259200.0      47548507.5       645192.5
193     24644096.0      47895548.5       643058.0
              Server1        Server2
Offset                              
14      381354.774194  109816.000000
340      27522.250000    8066.562500
440      11669.375000    3592.875000
278      11651.500000    3542.187500
420      11481.125000    6388.937500
169       7217.375000    2240.937500
188       6778.000000    2159.437500
447       6504.250000    2059.562500
501       5962.709677    1891.032258
314       5675.375000    1801.750000
357       5582.903226    1788.741935
454       4297.750000    1421.062500
320       4170.500000    1420.062500
444       4168.375000    1358.812500
302       4097.290323    1387.580645
347       4064.375000    1395.500000
91        4057.125000    1350.812500
384       4022.750000    1355.750000
224       3989.625000    1369.812500
427       3961.375000    1327.375000
Current: [14]
Subround 15
         Timestamp  TS First Frame  TS Prev Frame
Offset                                           
53      24428544.0      47509963.5       779346.5
270     24361216.0      47476739.0       716538.5
222     24597632.0      47750151.5       713708.0
122     24496768.0      47774144.5       704283.5
311     24491776.0      48141873.0       695655.0
390     24445184.0      47892905.5       692104.0
97      24276096.0      47391923.5       687363.0
366     24115456.0      47265822.0       684446.5
440     24393984.0      47620302.5       672419.5
477     24244736.0      47463542.0       670040.5
359     24556544.0      47971515.0       669825.0
176     24392064.0      47530577.0       667300.0
325     24673408.0      47921745.0       663330.0
62      24650368.0      47987241.5       660274.5
13      24312320.0      47607507.5       659229.0
273     24435200.0      47691256.0       658620.5
14      24263424.0      47603621.0       655361.0
491     24325504.0      47498079.0       652683.0
188     24405760.0      47670485.0       646221.5
128     24259200.0      47548507.5       645192.5
            Server1       Server2
Offset                           
14      391765.0625  112791.21875
340      27522.2500    8066.56250
440      11669.3750    3592.87500
278      11651.5000    3542.18750
420      11481.1250    6388.93750
169       7217.3750    2240.93750
188       6778.0000    2159.43750
447       6504.2500    2059.56250
501       5836.1875    1852.78125
314       5675.3750    1801.75000
357       5486.0000    1759.37500
454       4297.7500    1421.06250
320       4170.5000    1420.06250
444       4168.3750    1358.81250
302       4156.6875    1411.53125
347       4064.3750    1395.50000
91        4057.1250    1350.81250
384       4022.7500    1355.75000
224       3989.6250    1369.81250
427       3961.3750    1327.37500
Current: [14]
         Timestamp  TS First Frame  TS Prev Frame
Offset                                           
53      24428544.0      47509963.5       779346.5
270     24361216.0      47476739.0       716538.5
222     24597632.0      47750151.5       713708.0
122     24496768.0      47774144.5       704283.5
311     24491776.0      48141873.0       695655.0
390     24445184.0      47892905.5       692104.0
97      24276096.0      47391923.5       687363.0
366     24115456.0      47265822.0       684446.5
440     24393984.0      47620302.5       672419.5
477     24244736.0      47463542.0       670040.5
359     24556544.0      47971515.0       669825.0
176     24392064.0      47530577.0       667300.0
325     24673408.0      47921745.0       663330.0
62      24650368.0      47987241.5       660274.5
13      24312320.0      47607507.5       659229.0
273     24435200.0      47691256.0       658620.5
14      24263424.0      47603621.0       655361.0
491     24325504.0      47498079.0       652683.0
188     24405760.0      47670485.0       646221.5
128     24259200.0      47548507.5       645192.5
            Server1       Server2
Offset                           
14      391765.0625  112791.21875
340      27522.2500    8066.56250
440      11669.3750    3592.87500
278      11651.5000    3542.18750
420      11481.1250    6388.93750
169       7217.3750    2240.93750
188       6778.0000    2159.43750
447       6504.2500    2059.56250
501       5836.1875    1852.78125
314       5675.3750    1801.75000
357       5486.0000    1759.37500
454       4297.7500    1421.06250
320       4170.5000    1420.06250
444       4168.3750    1358.81250
302       4156.6875    1411.53125
347       4064.3750    1395.50000
91        4057.1250    1350.81250
384       4022.7500    1355.75000
224       3989.6250    1369.81250
427       3961.3750    1327.37500
Winning offset:
[14]
2021-09-17 12:53:44.125967
2021-09-17 12:59:01.087224
0:05:16.961257
attacker.py:479: DeprecationWarning: The default dtype for empty Series will be 'object' instead of 'float64' in a future version. Specify a dtype explicitly to silence this warning.
  mean1 = pd.Series(values1).mean()
attacker.py:480: DeprecationWarning: The default dtype for empty Series will be 'object' instead of 'float64' in a future version. Specify a dtype explicitly to silence this warning.
  mean2 = pd.Series(values2).mean()
attacker.py:480: DeprecationWarning: The default dtype for empty Series will be 'object' instead of 'float64' in a future version. Specify a dtype explicitly to silence this warning.
  mean2 = pd.Series(values2).mean()
attacker.py:479: DeprecationWarning: The default dtype for empty Series will be 'object' instead of 'float64' in a future version. Specify a dtype explicitly to silence this warning.
  mean1 = pd.Series(values1).mean()
Exception ignored in: <function Capture.__del__ at 0x7f00caad8670>
Traceback (most recent call last):
  File "/home/mlipp/.virtualenvs/kaslr/lib/python3.8/site-packages/pyshark/capture/capture.py", line 445, in __del__
  File "/home/mlipp/.virtualenvs/kaslr/lib/python3.8/site-packages/pyshark/capture/capture.py", line 436, in close
  File "/usr/lib/python3.8/asyncio/base_events.py", line 592, in run_until_complete
  File "/usr/lib/python3.8/asyncio/base_events.py", line 553, in _check_running
AttributeError: 'NoneType' object has no attribute '_get_running_loop'
