Loading page file profiles/packet3/pages/0x6e4a.yaml
Loading page file profiles/packet3/pages/0x6e60.yaml
Loading page file profiles/packet3/pages/0x6ee3.yaml
Loading page file profiles/packet3/pages/0x7241.yaml
Loading page file profiles/packet3/pages/0x7242.yaml
Loading page file profiles/packet3/pages/0x7243.yaml
Loading page file profiles/packet3/pages/0x7244.yaml
Round 0
Subround 0
Empty DataFrame
Columns: [Timestamp, TS First Frame, TS Prev Frame]
Index: []
         Server1   Server2
Offset                    
14      578190.0  166395.0
436       8412.0    2556.0
182       7262.0    2537.0
409       7050.0    2434.0
161       7032.0    2405.0
1         6896.0    2224.0
265       6828.0    2375.0
369       6770.0    2335.0
186       6684.0    2346.0
256       6656.0    2475.0
51        6390.0    2101.0
105       6388.0    2114.0
285       6356.0    2240.0
417       6352.0    2106.0
360       6340.0    2091.0
264       6316.0    2160.0
339       6188.0    2015.0
313       6180.0    1987.0
288       6084.0    2102.0
358       6062.0    1966.0
Current: [1, 2, 3, 4, 6, 7, 8, 9, 12, 13, 14, 19, 21, 24, 25, 27, 28, 29, 32, 34, 35, 36, 37, 38, 39, 40, 43, 44, 45, 47, 51, 52, 54, 60, 61, 62, 63, 64, 65, 66, 68, 72, 73, 74, 78, 79, 80, 81, 84, 86, 87, 88, 92, 94, 95, 96, 98, 101, 104, 105, 106, 108, 110, 113, 115, 118, 123, 131, 132, 133, 135, 137, 138, 139, 141, 144, 146, 148, 149, 151, 154, 157, 158, 159, 161, 166, 169, 171, 174, 175, 176, 178, 179, 180, 184, 190, 191, 195, 201, 204, 205, 209, 212, 213, 216, 217, 218, 224, 226, 228, 229, 230, 232, 234, 236, 238, 240, 242, 243, 248, 250, 251, 257, 258, 260, 261, 262, 269, 270, 272, 275, 279, 280, 281, 283, 285, 289, 291, 292, 297, 298, 301, 307, 308, 310, 311, 313, 314, 317, 318, 320, 321, 322, 323, 324, 327, 330, 335, 336, 338, 340, 341, 342, 344, 345, 346, 349, 350, 353, 356, 357, 358, 360, 362, 363, 364, 366, 370, 374, 375, 376, 377, 380, 384, 385, 387, 390, 392, 396, 398, 399, 401, 403, 404, 405, 406, 409, 411, 414, 419, 421, 423, 426, 427, 428, 431, 433, 434, 435, 436, 438, 439, 440, 441, 442, 443, 444, 450, 451, 452, 453, 454, 456, 462, 463, 465, 469, 470, 474, 475, 476, 479, 480, 483, 486, 489, 490, 491, 495, 496, 497, 498, 499, 500, 503, 504, 506, 510, 511]
Subround 1
         Timestamp  TS First Frame  TS Prev Frame
Offset                                           
272     28836864.0      55661190.5      1372499.0
150     25213696.0      48420019.0      1277332.5
358     25100416.0      48593268.0       985778.5
59      24637952.0      47847276.5       960796.0
385     24952320.0      48345207.0       959728.5
226     24648576.0      47878155.5       958582.5
173     24850432.0      48435278.5       956496.0
32      24657664.0      47887421.5       953202.0
360     24549632.0      47829236.0       950555.5
340     24920448.0      48428491.0       947927.0
421     25007360.0      48513196.0       946103.5
51      24916224.0      48569077.0       945331.0
199     24963200.0      48303051.5       942887.0
408     24736384.0      47923437.0       940238.0
136     24894208.0      48485313.0       920473.0
143     24791680.0      48005124.0       916313.0
244     24845056.0      48196960.5       915268.0
1       24829824.0      48155321.5       910705.5
121     24725888.0      48610941.5       901658.0
469     24716672.0      48540259.0       899996.5
         Server1   Server2
Offset                    
14      359213.0  103306.0
91        5764.0    2048.5
360       5758.0    1925.5
1         5703.0    1954.5
31        5690.0    1761.0
32        5559.0    1874.5
421       5549.0    1854.5
373       5548.0    1909.5
409       5367.0    1796.5
408       5361.0    1985.0
381       5344.0    1894.0
51        5330.0    1790.5
436       5313.0    1648.5
358       5245.0    1742.5
199       5239.0    1892.0
325       5237.0    1779.5
173       5229.0    1746.5
272       5166.0    1785.0
194       5159.0    1785.5
121       5120.0    1818.0
Current: [4, 6, 8, 9, 13, 14, 19, 24, 27, 28, 29, 32, 34, 36, 37, 38, 51, 52, 54, 60, 62, 65, 74, 78, 80, 87, 88, 92, 95, 98, 101, 104, 106, 108, 123, 131, 132, 133, 135, 137, 138, 139, 141, 144, 148, 151, 156, 157, 159, 166, 175, 179, 190, 195, 204, 207, 209, 210, 218, 229, 232, 234, 238, 240, 248, 251, 258, 262, 266, 267, 270, 272, 275, 279, 280, 285, 289, 298, 307, 308, 311, 313, 314, 320, 321, 323, 327, 336, 338, 341, 345, 346, 357, 358, 366, 370, 375, 380, 385, 404, 409, 411, 421, 426, 428, 433, 434, 436, 439, 442, 444, 450, 451, 452, 455, 456, 463, 465, 479, 480, 483, 489, 490, 500, 503, 506, 510, 511]
Subround 2
         Timestamp  TS First Frame  TS Prev Frame
Offset                                           
279     25015552.0      48605951.0      1009537.0
190     24250112.0      47481662.0       973535.0
268     24851456.0      48658791.0       963456.0
385     24913408.0      48057322.0       958552.0
173     24798976.0      48109303.0       955164.0
199     24686336.0      47827600.0       940124.0
340     24695296.0      48132231.0       940104.0
341     24743168.0      48005083.0       933524.0
404     24320256.0      47599062.0       923000.0
358     25374720.0      49009754.0       918085.0
131     24263936.0      47438090.0       916184.0
226     25112320.0      48823429.0       910382.0
225     24874496.0      48232462.0       908046.0
421     24644864.0      48006351.0       907227.0
65      24229376.0      47436819.0       906970.0
244     24531968.0      47545601.0       905954.0
32      24345856.0      47156846.0       899693.0
103     24780800.0      48137887.0       898388.0
321     24875008.0      48214418.0       897992.0
408     24406784.0      47177386.0       897895.0
              Server1       Server2
Offset                             
14      296743.333333  85292.333333
75        5146.666667   1673.333333
315       4731.333333   1607.000000
91        4727.333333   1655.666667
131       4726.666667   1590.333333
304       4704.666667   1639.666667
192       4678.666667   1583.333333
187       4551.333333   1477.000000
283       4535.333333   1550.333333
360       4532.666667   1515.333333
224       4518.666667   1572.333333
320       4515.333333   1523.333333
31        4454.000000   1392.333333
407       4453.333333   1501.333333
373       4415.333333   1503.000000
1         4410.000000   1509.333333
421       4358.666667   1450.000000
364       4356.000000   1516.333333
32        4351.333333   1466.666667
436       4345.333333   1359.666667
Current: [13, 14, 19, 28, 32, 34, 36, 37, 38, 51, 54, 60, 74, 88, 92, 98, 104, 108, 131, 132, 133, 137, 138, 151, 159, 209, 210, 218, 232, 234, 248, 251, 258, 267, 272, 279, 280, 289, 313, 320, 321, 327, 345, 358, 366, 375, 404, 411, 434, 439, 442, 444, 452, 479, 500, 503, 506, 511]
Subround 3
         Timestamp  TS First Frame  TS Prev Frame
Offset                                           
226     25072768.0      48826746.5       931343.0
368     24614272.0      48101874.5       899404.5
9       24728832.0      47860694.5       870372.0
486     24417664.0      47403847.5       864138.5
210     24597248.0      47820686.0       862641.0
304     24556032.0      47492018.0       860906.0
136     24717440.0      48064949.0       855842.5
194     24465792.0      47591208.5       855331.5
51      24763520.0      48147836.0       827230.5
32      24574592.0      47824784.0       810502.5
408     24686464.0      47870778.5       807682.5
333     24519424.0      47804794.5       803846.0
426     24607872.0      47881636.5       782820.5
325     24544000.0      47856634.0       770873.5
110     24675328.0      47893942.0       759771.0
131     24250368.0      47380232.0       756226.5
227     25844224.0      50422866.0       751011.5
143     24791680.0      48005124.0       750060.0
193     24436608.0      47629037.5       727357.5
358     25100416.0      48593268.0       724748.0
         Server1   Server2
Offset                    
14      269087.0  77307.00
67       36845.5  10808.50
376       9515.5   2901.00
368       4536.0   1545.75
51        4521.0   1516.00
194       4422.0   1508.75
75        4408.5   1436.50
263       4357.0   1481.75
182       4285.5   1479.75
307       4267.5   1394.00
377       4250.0   1396.75
408       4247.5   1509.00
224       4233.5   1449.00
386       4233.0   1437.25
333       4219.5   1493.25
91        4193.0   1457.75
32        4185.5   1416.00
31        4137.5   1299.50
304       4135.5   1427.50
226       4111.0   1353.00
Current: [0, 2, 3, 4, 6, 13, 14, 19, 20, 24, 25, 27, 28, 32, 34, 36, 37, 38, 47, 48, 51, 52, 54, 60, 65, 69, 72, 73, 74, 75, 76, 78, 80, 86, 87, 88, 92, 95, 98, 101, 104, 108, 123, 129, 131, 132, 133, 135, 137, 138, 143, 147, 148, 151, 158, 159, 171, 175, 185, 189, 194, 196, 197, 202, 204, 208, 209, 210, 212, 214, 218, 222, 224, 232, 234, 238, 239, 240, 248, 251, 258, 262, 263, 272, 274, 279, 280, 285, 287, 289, 292, 308, 311, 313, 314, 318, 319, 320, 321, 323, 325, 326, 327, 338, 344, 345, 346, 358, 366, 375, 377, 385, 387, 390, 398, 404, 406, 409, 410, 411, 415, 434, 435, 436, 438, 439, 440, 442, 444, 446, 448, 451, 452, 453, 454, 455, 456, 463, 470, 479, 480, 483, 487, 488, 490, 491, 498, 499, 500, 503, 506, 511]
Subround 4
         Timestamp  TS First Frame  TS Prev Frame
Offset                                           
154     24957184.0      48580492.0       978477.0
265     24935680.0      48800846.0       929686.0
359     24549376.0      47641195.0       919063.0
358     24981248.0      48452147.0       918085.0
263     24959488.0      48734378.0       916875.0
193     24375808.0      47469641.0       916530.0
226     25033216.0      48823429.0       910382.0
4       25051392.0      48673137.0       904413.0
32      24803328.0      48492722.0       899693.0
408     24966144.0      48564171.0       897895.0
136     24723712.0      47976311.0       895186.0
481     24615168.0      48358673.0       886732.0
229     24342784.0      47517648.0       884463.0
29      24982528.0      48680934.0       883618.0
13      24336128.0      47516271.0       881106.0
246     24337664.0      47752673.0       880332.0
333     24517120.0      47578868.0       877711.0
181     24401408.0      47357166.0       872039.0
373     24502528.0      47478232.0       871796.0
6       25023744.0      48385676.0       870081.0
         Server1  Server2
Offset                   
14      327784.4  94119.6
67       30073.2   8856.4
376       7933.2   2434.2
329       5894.4   1832.6
377       4640.8   1552.0
91        4608.8   1603.2
194       4604.4   1561.0
263       4540.4   1543.4
51        4482.4   1508.8
32        4446.4   1525.4
408       4431.6   1551.6
307       4428.0   1494.0
386       4411.2   1492.0
161       4351.2   1520.2
59        4338.8   1489.0
31        4331.6   1401.8
182       4329.2   1522.2
360       4275.6   1469.8
403       4253.6   1441.2
13        4251.2   1429.2
Current: [0, 2, 3, 4, 13, 14, 19, 20, 25, 28, 32, 37, 38, 52, 54, 60, 69, 74, 75, 76, 78, 86, 88, 92, 98, 101, 104, 116, 123, 129, 132, 133, 135, 137, 138, 147, 148, 151, 158, 159, 197, 202, 208, 210, 214, 218, 222, 224, 232, 234, 240, 248, 251, 258, 262, 263, 267, 272, 274, 279, 285, 287, 292, 311, 313, 314, 320, 327, 338, 344, 345, 346, 358, 366, 375, 377, 385, 387, 398, 404, 411, 415, 434, 435, 438, 439, 440, 448, 452, 453, 454, 455, 456, 479, 487, 488, 490, 491, 498, 499, 500, 503, 506, 511]
Subround 5
         Timestamp  TS First Frame  TS Prev Frame
Offset                                           
358     24903680.0      48314464.5       919135.5
266     24955392.0      50223844.0       902124.0
502     25006336.0      48499309.0       896902.0
33      24739840.0      48114415.5       876853.5
136     24676736.0      48035046.0       859304.0
194     24578560.0      47835359.5       846745.0
486     24496768.0      47704062.5       836255.5
32      24886400.0      48555359.5       834439.0
373     24685440.0      48041297.5       834017.0
51      24743808.0      48097520.0       831281.5
297     24804096.0      48196321.5       829717.5
1       24630656.0      48123859.5       826825.5
320     24439040.0      47890119.5       810897.5
408     24686464.0      47942792.5       807682.5
246     24415488.0      47816693.0       804603.0
333     24419072.0      47580616.0       803846.0
388     24644352.0      48118775.5       798607.0
308     24470016.0      47707693.5       797029.5
359     24434816.0      47632318.5       796060.0
272     24445184.0      47777310.5       794744.0
              Server1       Server2
Offset                             
14      303523.333333  87146.166667
67       25424.000000   7502.500000
441      11625.000000   3469.833333
376       6911.000000   2133.000000
329       5237.000000   1632.833333
408       4699.333333   1651.666667
194       4667.000000   1580.166667
32        4564.000000   1584.666667
377       4453.333333   1477.833333
51        4445.666667   1523.500000
91        4371.666667   1506.833333
240       4330.000000   1466.333333
31        4320.666667   1433.666667
227       4259.000000   1494.666667
386       4251.666667   1427.166667
320       4248.666667   1428.500000
440       4243.666667   1421.500000
224       4228.000000   1436.833333
304       4144.000000   1432.833333
358       4122.000000   1377.166667
Current: [0, 2, 3, 13, 14, 20, 25, 28, 32, 38, 52, 54, 60, 69, 75, 76, 86, 88, 92, 98, 101, 104, 116, 123, 129, 135, 138, 147, 148, 159, 208, 210, 214, 218, 222, 232, 251, 258, 263, 267, 274, 279, 285, 287, 292, 313, 320, 327, 344, 345, 346, 358, 366, 398, 411, 415, 434, 435, 452, 454, 455, 488, 490, 498, 500]
Subround 6
         Timestamp  TS First Frame  TS Prev Frame
Offset                                           
385     24958976.0      48477556.0       958552.0
173     24798976.0      48109303.0       955164.0
358     24826112.0      48176782.0       918085.0
103     24916992.0      48577132.0       898388.0
46      24326656.0      47440006.0       894053.0
65      24229376.0      47436819.0       890392.0
222     24770816.0      48190648.0       882492.0
225     24874496.0      48232462.0       880435.0
502     24776960.0      47877412.5       878256.5
373     24718336.0      47861886.0       871796.0
125     24599552.0      47885585.0       858070.0
197     24485888.0      47982392.0       851558.0
169     24657664.0      48038930.0       850429.0
111     24881920.0      48300987.0       848777.0
118     24881920.0      48487225.0       846651.0
298     24428800.0      47828769.0       846489.0
194     24570624.0      47848440.0       845684.0
143     24751616.0      48242814.0       839250.0
321     24815104.0      48214418.0       833952.0
1       24804864.0      47913606.0       832406.0
              Server1       Server2
Offset                             
14      291112.285714  83563.857143
67       22272.285714   6582.000000
185      13256.857143   3925.571429
441      10676.857143   3229.142857
376       6824.285714   2137.285714
251       6734.857143   2139.714286
329       5232.285714   1663.428571
224       4389.428571   1501.428571
194       4378.000000   1497.142857
320       4350.857143   1477.000000
408       4314.571429   1509.000000
32        4253.714286   1471.571429
283       4226.571429   1433.571429
304       4201.714286   1464.000000
373       4164.000000   1432.857143
225       4157.714286   1378.571429
377       4138.571429   1368.857143
222       4135.714286   1464.142857
240       4132.571429   1391.857143
237       4120.000000   1448.285714
Current: [0, 2, 3, 12, 13, 14, 18, 20, 23, 25, 28, 29, 32, 36, 37, 38, 52, 54, 60, 67, 69, 72, 75, 76, 80, 86, 87, 88, 92, 98, 101, 103, 104, 116, 123, 129, 135, 138, 142, 144, 147, 148, 151, 159, 174, 197, 208, 212, 214, 217, 218, 222, 227, 232, 251, 258, 262, 263, 274, 278, 279, 285, 286, 287, 291, 292, 311, 313, 316, 320, 325, 327, 333, 338, 340, 344, 345, 346, 347, 358, 363, 366, 375, 383, 389, 390, 398, 399, 401, 404, 406, 409, 410, 411, 415, 423, 433, 434, 435, 436, 448, 452, 453, 454, 455, 456, 463, 477, 482, 487, 488, 489, 490, 491, 498, 500, 506, 511]
Subround 7
         Timestamp  TS First Frame  TS Prev Frame
Offset                                           
46      24400384.0      47459931.0       928542.0
103     24848896.0      48357509.5       872982.0
210     24597248.0      47820686.0       862641.0
304     24986880.0      48365043.0       860906.0
502     24547584.0      47255516.0       859611.0
118     24805248.0      48300894.0       854946.5
197     24525568.0      48026026.5       854255.5
373     24610432.0      47670059.0       834017.0
315     24820096.0      47987656.5       831529.5
230     24629632.0      47924740.5       830780.5
1       24630656.0      47757514.0       826825.5
51      24661120.0      48008518.0       822986.0
136     24599168.0      47933592.5       819960.5
486     24496768.0      47967613.0       813121.0
65      24341376.0      47572631.5       797905.5
320     24550400.0      47992469.0       797060.0
222     24464512.0      47719090.0       791580.0
169     24656768.0      48079603.0       787788.5
194     24465792.0      47835359.5       787765.5
411     24867968.0      48597250.5       763840.5
          Server1    Server2
Offset                      
14      278390.50  79898.250
67       19786.25   5859.375
185      12040.00   3596.250
441       9969.00   3036.375
152       8490.50   2607.125
376       6596.50   2094.000
251       6140.75   1956.625
329       5195.50   1679.000
304       4371.00   1530.375
283       4332.00   1479.250
315       4232.00   1453.125
266       4209.25   1452.500
75        4180.50   1390.125
347       4161.75   1404.875
224       4119.50   1405.000
194       4109.25   1402.125
320       4106.00   1390.000
210       4099.25   1377.750
225       4070.25   1341.250
240       4046.50   1355.250
Current: [0, 2, 3, 12, 13, 14, 25, 28, 29, 32, 36, 38, 52, 54, 60, 69, 75, 76, 80, 86, 88, 92, 98, 101, 116, 123, 129, 135, 147, 148, 159, 197, 208, 212, 214, 218, 222, 227, 232, 251, 258, 262, 263, 267, 274, 279, 285, 286, 292, 311, 313, 320, 327, 338, 346, 358, 363, 366, 390, 398, 399, 401, 404, 406, 411, 415, 434, 435, 436, 448, 452, 455, 456, 463, 482, 488, 490, 491, 500, 502, 506, 511]
Subround 8
         Timestamp  TS First Frame  TS Prev Frame
Offset                                           
226     25004288.0      48226645.0       910382.0
46      24326656.0      47462763.0       894053.0
197     24485888.0      47982392.0       851558.0
103     24780800.0      48137887.0       847576.0
118     24728576.0      48114563.0       846651.0
194     24570624.0      47822279.0       845684.0
486     24528384.0      47943332.0       821310.0
1       24541696.0      47913606.0       821245.0
51      24631552.0      47970326.0       818935.0
136     24568576.0      47976311.0       816499.0
502     24359936.0      47150009.0       816280.0
315     24795136.0      47980953.0       810586.0
230     24440832.0      47788840.0       803308.0
373     24702976.0      47861886.0       796238.0
210     24736896.0      48068553.5       781833.5
32      24803328.0      48291794.0       769185.0
426     24218624.0      47503711.0       764659.0
304     24771456.0      47928530.5       761809.0
411     24804864.0      48521585.0       759440.0
266     24718464.0      48034401.5       742396.0
              Server1       Server2
Offset                             
14      313485.777778  89951.000000
67       18146.000000   5416.888889
185      11047.555556   3306.666667
441       9132.222222   2789.222222
152       7800.888889   2405.666667
376       6069.555556   1931.111111
251       5964.222222   1911.444444
329       4854.666667   1570.111111
288       4339.333333   1452.555556
194       4310.888889   1476.111111
32        4224.666667   1464.555556
304       4218.222222   1467.222222
408       4151.111111   1449.333333
283       4108.000000   1396.222222
347       4039.111111   1358.444444
307       4031.111111   1358.888889
51        4010.888889   1381.555556
315       3995.555556   1366.111111
224       3993.111111   1362.777778
377       3989.111111   1329.888889
Current: [0, 3, 13, 14, 25, 32, 36, 38, 52, 54, 69, 75, 76, 88, 98, 101, 123, 129, 135, 147, 159, 208, 212, 251, 258, 267, 274, 279, 285, 286, 292, 313, 320, 327, 346, 358, 363, 366, 390, 399, 435, 436, 452, 455, 488]
Subround 9
         Timestamp  TS First Frame  TS Prev Frame
Offset                                           
46      24301312.0      47451384.5       888419.0
103     24848896.0      48357509.5       871733.5
502     24547584.0      47255516.0       859611.0
118     24805248.0      48267242.5       854946.5
194     24578560.0      47835359.5       846745.0
486     24545920.0      47967613.0       836255.5
315     24820096.0      47987656.5       831529.5
230     24629632.0      47924740.5       830780.5
197     24525568.0      48026026.5       829089.0
373     24710656.0      48092266.5       827611.5
51      24661120.0      48008518.0       822986.0
32      24801664.0      48194399.5       820181.5
136     24599168.0      48010597.0       819960.5
1       24673280.0      48015017.0       816229.5
408     24611840.0      47696720.5       807682.5
222     24500608.0      47864861.0       791580.0
169     24656512.0      48079603.0       787788.5
426     24234496.0      47551404.0       765538.0
65      24268416.0      47423190.5       765232.5
266     24940032.0      48553337.0       747003.0
         Server1  Server2
Offset                   
14      298919.2  85766.7
67       16547.6   4946.8
185      10140.0   3043.3
441       8438.0   2580.6
152       7382.0   2293.4
251       5698.4   1841.0
376       5655.4   1802.9
329       4601.0   1488.7
194       4513.6   1549.2
288       4430.2   1492.5
283       4303.0   1455.5
32        4300.2   1495.6
408       4285.0   1484.0
315       4236.0   1453.6
304       4234.4   1483.9
373       4186.8   1417.8
224       4175.4   1421.7
266       4106.4   1408.4
307       4103.4   1393.9
225       4078.4   1363.9
Current: [0, 2, 3, 13, 14, 20, 23, 25, 29, 32, 36, 37, 38, 47, 52, 54, 55, 60, 69, 72, 75, 76, 80, 88, 92, 98, 101, 123, 129, 135, 147, 148, 159, 208, 212, 214, 217, 222, 227, 232, 240, 251, 258, 262, 267, 274, 279, 285, 286, 292, 303, 308, 311, 313, 318, 320, 327, 346, 358, 362, 363, 366, 384, 390, 393, 398, 399, 401, 403, 404, 406, 419, 434, 435, 436, 443, 452, 455, 456, 487, 488, 491, 498, 506, 511]
Subround 10
         Timestamp  TS First Frame  TS Prev Frame
Offset                                           
268     24840192.0      48503237.0       917323.0
279     24163840.0      47279066.0       902849.0
103     24916992.0      48577132.0       895891.0
46      24307456.0      47440006.0       882785.0
230     24818432.0      48060641.0       858253.0
118     24881920.0      48419922.0       857376.0
197     24565248.0      48069661.0       851558.0
169     24657152.0      48120276.0       850429.0
194     24570624.0      47822279.0       845684.0
502     24532736.0      47562974.0       841683.0
321     24815104.0      48245332.0       833952.0
315     24845056.0      47994360.0       832050.0
341     24743168.0      48005083.0       827919.0
65      24229376.0      47409562.0       825046.0
486     24528384.0      47943332.0       821310.0
51      24631552.0      47970326.0       818935.0
136     24568576.0      47976311.0       816499.0
99      24623360.0      48312508.0       812498.0
1       24804864.0      48116428.0       811214.0
225     24874496.0      48232462.0       808953.0
              Server1       Server2
Offset                             
14      290882.545455  83450.909091
67       15227.818182   4558.363636
185       9695.272727   2937.181818
441       8055.090909   2490.000000
152       6888.363636   2146.363636
376       5459.090909   1756.454545
251       5410.363636   1750.272727
283       4804.000000   1615.909091
329       4609.636364   1507.363636
315       4370.727273   1506.181818
194       4352.000000   1488.000000
304       4281.454545   1505.181818
288       4221.636364   1420.727273
266       4215.272727   1438.000000
225       4121.454545   1393.000000
32        4105.272727   1425.272727
408       4094.727273   1415.363636
373       4087.818182   1379.727273
192       4081.636364   1365.454545
237       4046.909091   1434.090909
Current: [0, 3, 13, 14, 25, 32, 36, 38, 47, 55, 75, 88, 98, 101, 135, 147, 148, 208, 212, 214, 217, 227, 240, 251, 258, 262, 267, 274, 279, 285, 286, 292, 308, 313, 320, 327, 346, 358, 362, 363, 366, 384, 390, 399, 403, 404, 406, 435, 436, 443, 452, 487, 488, 491]
Subround 11
         Timestamp  TS First Frame  TS Prev Frame
Offset                                           
103     24848896.0      48357509.5       871733.5
118     24805248.0      48267242.5       852013.5
46      24317056.0      47451384.5       841311.5
230     24629632.0      47924740.5       830780.5
197     24525568.0      48026026.5       829089.0
502     24517888.0      47255516.0       823755.0
315     24820096.0      47987656.5       821318.0
486     24496768.0      47824878.5       813121.0
373     24602752.0      47670059.0       792485.0
169     24656512.0      48079603.0       787788.5
194     24465792.0      47737078.5       787765.5
165     24395136.0      47817575.0       772611.0
65      24268416.0      47423190.5       765232.5
370     24310784.0      47484388.0       764800.5
51      24484864.0      47959238.0       758663.5
136     24426880.0      47933592.5       749045.0
266     24496896.0      47940926.0       747003.0
32      24572928.0      47720241.0       745248.5
114     24794496.0      48274178.0       741118.5
166     24807808.0      48352076.5       726383.5
              Server1       Server2
Offset                             
14      280898.000000  80584.583333
67       14135.500000   4235.083333
185       9287.500000   2824.750000
441       7770.666667   2413.666667
152       6454.833333   2016.416667
186       6366.500000   2009.000000
376       5468.500000   1774.333333
251       5139.166667   1664.250000
329       4712.833333   1541.916667
283       4581.666667   1540.000000
315       4187.666667   1441.000000
194       4185.500000   1429.416667
304       4177.833333   1458.083333
347       4110.500000   1391.833333
75        4089.000000   1369.333333
266       4080.500000   1387.666667
288       4043.166667   1361.666667
192       4034.833333   1345.833333
165       3970.666667   1388.250000
408       3966.833333   1363.583333
Current: [0, 3, 13, 14, 25, 32, 36, 38, 55, 88, 98, 101, 135, 147, 148, 208, 217, 227, 240, 251, 258, 262, 267, 292, 313, 320, 327, 358, 362, 363, 366, 384, 390, 403, 435, 436, 452]
Subround 12
         Timestamp  TS First Frame  TS Prev Frame
Offset                                           
103     24780800.0      48137887.0       847576.0
118     24728576.0      48114563.0       846651.0
370     24381184.0      47484837.0       838133.0
315     24795136.0      47980953.0       810586.0
197     24485888.0      47982392.0       806620.0
486     24465152.0      47706425.0       804932.0
466     24261376.0      47584045.0       804590.0
230     24440832.0      47788840.0       803308.0
46      24307456.0      47440006.0       799838.0
502     24345088.0      47313210.5       798352.0
347     24387328.0      47565493.0       793622.0
373     24502528.0      47478232.0       788732.0
353     24837888.0      47992894.0       780992.0
473     24337152.0      47570840.0       759388.0
266     24430976.0      47728196.0       742396.0
75      25035264.0      48694024.0       739961.0
194     24360960.0      47651878.0       729847.0
299     24229632.0      47619670.0       728495.0
169     24655872.0      48038930.0       725148.0
422     24173056.0      47283064.0       724403.0
              Server1       Server2
Offset                             
14      278634.153846  79933.769231
67       13470.769231   4057.461538
185       8968.307692   2739.384615
441       7568.000000   2371.846154
152       6124.769231   1915.076923
186       6040.153846   1909.153846
376       5385.384615   1761.615385
251       4904.615385   1587.538462
329       4719.692308   1558.461538
283       4441.846154   1490.538462
347       4286.000000   1453.000000
75        4207.076923   1414.769231
315       4116.769231   1408.000000
379       4092.769231   1389.230769
194       4031.384615   1375.307692
304       4023.230769   1402.615385
165       3999.846154   1406.923077
192       3999.692308   1334.538462
266       3942.307692   1340.230769
288       3931.846154   1322.923077
Current: [0, 3, 14, 25, 32, 36, 38, 55, 88, 98, 101, 135, 147, 208, 240, 251, 262, 267, 292, 313, 320, 327, 358, 363, 366, 384, 436]
Subround 13
         Timestamp  TS First Frame  TS Prev Frame
Offset                                           
486     24496768.0      47824878.5       813121.0
194     24465792.0      47737078.5       787765.5
502     24172288.0      47255516.0       772949.0
370     24310784.0      47484388.0       764800.5
51      24318976.0      47628312.5       758663.5
136     24426880.0      47756318.0       749045.0
32      24572928.0      47633300.0       745248.5
112     24507136.0      47861521.5       743771.5
266     24365056.0      47515466.0       737789.0
353     24672512.0      47840262.0       737097.0
373     24602752.0      47670059.0       719354.0
347     24367104.0      47560859.5       717275.5
165     24395136.0      47817575.0       703924.0
210     24567808.0      47776612.0       689947.0
103     24582272.0      47765292.0       689087.5
473     24331392.0      47622368.5       671265.0
408     24561664.0      47661841.5       662030.5
466     24244096.0      47575502.5       661154.5
46      24291712.0      47405366.0       659831.5
227     24897920.0      48488283.5       657846.5
              Server1       Server2
Offset                             
14      297316.857143  85279.142857
67       12829.857143   3891.642857
185       8475.857143   2593.428571
441       7278.571429   2281.571429
186       5909.428571   1873.857143
152       5838.000000   1829.000000
376       5130.857143   1680.000000
251       4943.142857   1614.000000
418       4622.714286   1534.714286
329       4554.285714   1502.000000
283       4310.714286   1445.214286
347       4217.142857   1426.428571
194       4133.857143   1420.214286
75        4122.428571   1382.857143
288       4051.000000   1378.142857
32        4046.857143   1402.571429
379       3999.142857   1353.857143
91        3994.428571   1342.071429
315       3966.428571   1354.071429
408       3962.428571   1356.714286
Current: [0, 3, 14, 25, 32, 36, 37, 38, 54, 55, 72, 75, 76, 80, 88, 92, 98, 101, 135, 138, 147, 148, 158, 164, 186, 197, 208, 214, 227, 240, 251, 262, 267, 274, 292, 308, 311, 313, 320, 327, 344, 357, 358, 362, 363, 366, 368, 384, 435, 436, 452, 453, 498]
Subround 14
         Timestamp  TS First Frame  TS Prev Frame
Offset                                           
103     24780800.0      48137887.0       847576.0
315     24795136.0      47980953.0       810586.0
197     24356864.0      47599265.0       806620.0
486     24465152.0      47706425.0       804932.0
46      24307456.0      47440006.0       799838.0
502     24345088.0      47313210.5       798352.0
373     24702976.0      47861886.0       788732.0
51      24338176.0      47948150.0       780947.0
32      24345856.0      47343477.0       769185.0
136     24568576.0      47890874.0       766853.0
1       24541696.0      47913606.0       753973.0
266     24430976.0      47728196.0       742396.0
194     24360960.0      47651878.0       729847.0
169     24480000.0      47659808.0       725148.0
55      24302080.0      47439544.0       722746.0
75      25035264.0      48694024.0       709583.0
165     24540416.0      47843106.0       708715.0
65      24229376.0      47409562.0       705419.0
192     24770816.0      48235698.0       702948.0
268     24840192.0      48503237.0       701534.0
              Server1       Server2
Offset                             
14      289061.600000  82906.666667
67       12151.866667   3689.333333
185       8047.866667   2466.466667
441       6961.466667   2184.733333
152       5789.866667   1829.933333
186       5728.533333   1816.066667
376       5049.866667   1657.933333
251       4788.133333   1562.266667
19        4578.533333   1486.733333
418       4512.800000   1502.200000
329       4387.466667   1448.133333
283       4333.200000   1461.000000
194       4285.466667   1467.800000
32        4252.400000   1484.266667
347       4198.800000   1425.666667
288       4191.866667   1420.800000
75        4111.466667   1385.200000
315       4102.800000   1406.733333
91        4079.066667   1369.400000
224       4070.000000   1384.933333
Current: [0, 3, 14, 25, 32, 36, 38, 54, 55, 72, 80, 88, 92, 98, 101, 135, 138, 147, 158, 186, 197, 208, 214, 240, 251, 262, 267, 274, 308, 311, 313, 320, 327, 344, 358, 362, 363, 366, 384, 452, 453, 498]
Subround 15
         Timestamp  TS First Frame  TS Prev Frame
Offset                                           
46      24317056.0      47451384.5       841311.5
103     24582272.0      47875567.5       826569.0
315     24609024.0      47757916.5       821318.0
197     24417792.0      47754720.0       821153.5
486     24459776.0      47657236.0       791789.5
268     24845824.0      48504722.5       781624.0
502     24517888.0      47370905.0       772949.0
165     24640640.0      47979414.5       772611.0
65      24268416.0      47423190.5       765232.5
370     24310784.0      47548248.5       764800.5
32      24201344.0      47341812.5       745248.5
112     24479360.0      47546078.0       743771.5
51      24318976.0      47628312.5       739669.5
266     24365056.0      47515466.0       737789.0
75      25044864.0      48613264.5       724772.0
230     24320640.0      47607827.0       724452.5
55      24338304.0      47445991.0       724286.0
136     24426880.0      47756318.0       724222.0
373     24602752.0      47670059.0       719354.0
192     24841216.0      48440202.0       718724.5
           Server1     Server2
Offset                        
14      281660.000  80783.6250
67       11588.000   3519.3125
185       7686.250   2360.1875
441       6813.375   2152.1875
152       5530.125   1751.7500
186       5492.500   1742.0000
376       4989.750   1642.6875
251       4615.000   1507.0625
418       4510.750   1510.3750
19        4505.250   1471.5625
283       4449.875   1494.0000
329       4446.750   1475.1250
347       4271.875   1457.6875
75        4210.250   1422.5625
194       4167.875   1425.1875
315       4146.750   1434.0625
32        4099.625   1427.6875
288       4072.125   1377.2500
304       4067.750   1421.8750
192       4043.875   1368.1875
Current: [0, 3, 14, 25, 32, 36, 54, 55, 72, 88, 92, 98, 138, 147, 186, 197, 208, 251, 262, 320, 327, 358, 362, 363, 384, 452, 453, 498]
         Timestamp  TS First Frame  TS Prev Frame
Offset                                           
46      24317056.0      47451384.5       841311.5
103     24582272.0      47875567.5       826569.0
315     24609024.0      47757916.5       821318.0
197     24417792.0      47754720.0       821153.5
486     24459776.0      47657236.0       791789.5
268     24845824.0      48504722.5       781624.0
502     24517888.0      47370905.0       772949.0
165     24640640.0      47979414.5       772611.0
65      24268416.0      47423190.5       765232.5
370     24310784.0      47548248.5       764800.5
32      24201344.0      47341812.5       745248.5
112     24479360.0      47546078.0       743771.5
51      24318976.0      47628312.5       739669.5
266     24365056.0      47515466.0       737789.0
75      25044864.0      48613264.5       724772.0
230     24320640.0      47607827.0       724452.5
55      24338304.0      47445991.0       724286.0
136     24426880.0      47756318.0       724222.0
373     24602752.0      47670059.0       719354.0
192     24841216.0      48440202.0       718724.5
           Server1     Server2
Offset                        
14      281660.000  80783.6250
67       11588.000   3519.3125
185       7686.250   2360.1875
441       6813.375   2152.1875
152       5530.125   1751.7500
186       5492.500   1742.0000
376       4989.750   1642.6875
251       4615.000   1507.0625
418       4510.750   1510.3750
19        4505.250   1471.5625
283       4449.875   1494.0000
329       4446.750   1475.1250
347       4271.875   1457.6875
75        4210.250   1422.5625
194       4167.875   1425.1875
315       4146.750   1434.0625
32        4099.625   1427.6875
288       4072.125   1377.2500
304       4067.750   1421.8750
192       4043.875   1368.1875
New pairs
[[453, 147], [327, 251], [358, 262], [98, 55], [36, 498], [186, 54], [452, 32], [3, 208], [72, 384], [92, 320], [138, 197], [0, 88], [362, 363], [25, 14]]
Round 1
Subround 0
         Timestamp  TS First Frame  TS Prev Frame
Offset                                           
46      24317056.0      47451384.5       841311.5
103     24582272.0      47875567.5       826569.0
315     24609024.0      47757916.5       821318.0
197     24417792.0      47754720.0       821153.5
486     24459776.0      47657236.0       791789.5
268     24845824.0      48504722.5       781624.0
502     24517888.0      47370905.0       772949.0
165     24640640.0      47979414.5       772611.0
65      24268416.0      47423190.5       765232.5
370     24310784.0      47548248.5       764800.5
112     24479360.0      47546078.0       743771.5
51      24318976.0      47628312.5       739669.5
266     24365056.0      47515466.0       737789.0
75      25044864.0      48613264.5       724772.0
230     24320640.0      47607827.0       724452.5
136     24426880.0      47756318.0       724222.0
55      24374528.0      47452438.0       722746.0
32      24056832.0      47340148.0       721312.0
373     24602752.0      47670059.0       719354.0
192     24841216.0      48440202.0       718724.5
              Server1       Server2
Offset                             
14      275116.941176  78906.411765
67       11588.000000   3519.312500
185       7686.250000   2360.187500
441       6813.375000   2152.187500
152       5530.125000   1751.750000
186       5296.823529   1681.941176
376       4989.750000   1642.687500
251       4532.000000   1481.470588
418       4510.750000   1510.375000
19        4505.250000   1471.562500
283       4449.875000   1494.000000
329       4446.750000   1475.125000
347       4271.875000   1457.687500
75        4210.250000   1422.562500
194       4167.875000   1425.187500
315       4146.750000   1434.062500
288       4072.125000   1377.250000
304       4067.750000   1421.875000
192       4043.875000   1368.187500
187       4016.750000   1349.250000
Current: [36, 54, 92, 98, 208, 251, 262, 384, 452, 453]
Subround 1
         Timestamp  TS First Frame  TS Prev Frame
Offset                                           
46      24317056.0      47451384.5       841311.5
197     24478720.0      47910175.0       835687.0
103     24582272.0      47875567.5       826569.0
315     24609024.0      47757916.5       821318.0
486     24459776.0      47657236.0       791789.5
268     24845824.0      48504722.5       781624.0
502     24517888.0      47370905.0       772949.0
165     24640640.0      47979414.5       772611.0
65      24268416.0      47423190.5       765232.5
370     24310784.0      47548248.5       764800.5
112     24479360.0      47546078.0       743771.5
51      24318976.0      47628312.5       739669.5
266     24365056.0      47515466.0       737789.0
75      25044864.0      48613264.5       724772.0
230     24320640.0      47607827.0       724452.5
136     24426880.0      47756318.0       724222.0
373     24602752.0      47670059.0       719354.0
192     24841216.0      48440202.0       718724.5
347     24407040.0      47560859.5       717275.5
49      24332288.0      47697470.0       713601.5
              Server1       Server2
Offset                             
14      299149.777778  85794.444444
67       11588.000000   3519.312500
185       7686.250000   2360.187500
441       6813.375000   2152.187500
152       5530.125000   1751.750000
186       5140.000000   1631.888889
376       4989.750000   1642.687500
251       4635.777778   1521.000000
418       4510.750000   1510.375000
19        4505.250000   1471.562500
283       4449.875000   1494.000000
329       4446.750000   1475.125000
347       4271.875000   1457.687500
75        4210.250000   1422.562500
194       4167.875000   1425.187500
315       4146.750000   1434.062500
288       4072.125000   1377.250000
304       4067.750000   1421.875000
192       4043.875000   1368.187500
187       4016.750000   1349.250000
Current: [0, 14, 54, 92, 98, 138, 208, 251, 363, 384, 452]
Subround 2
         Timestamp  TS First Frame  TS Prev Frame
Offset                                           
46      24317056.0      47451384.5       841311.5
197     24482304.0      47946283.5       839273.5
103     24582272.0      47875567.5       826569.0
315     24609024.0      47757916.5       821318.0
486     24459776.0      47657236.0       791789.5
268     24845824.0      48504722.5       781624.0
502     24517888.0      47370905.0       772949.0
165     24640640.0      47979414.5       772611.0
65      24268416.0      47423190.5       765232.5
370     24310784.0      47548248.5       764800.5
112     24479360.0      47546078.0       743771.5
51      24318976.0      47628312.5       739669.5
266     24365056.0      47515466.0       737789.0
75      25044864.0      48613264.5       724772.0
230     24320640.0      47607827.0       724452.5
136     24426880.0      47756318.0       724222.0
55      24377088.0      47551774.0       722746.0
373     24602752.0      47670059.0       719354.0
192     24841216.0      48440202.0       718724.5
347     24407040.0      47560859.5       717275.5
              Server1       Server2
Offset                             
14      320862.947368  92003.473684
67       11588.000000   3519.312500
185       7686.250000   2360.187500
441       6813.375000   2152.187500
152       5530.125000   1751.750000
376       4989.750000   1642.687500
186       4981.684211   1582.947368
251       4650.526316   1534.421053
418       4510.750000   1510.375000
19        4505.250000   1471.562500
283       4449.875000   1494.000000
329       4446.750000   1475.125000
347       4271.875000   1457.687500
75        4210.250000   1422.562500
194       4167.875000   1425.187500
315       4146.750000   1434.062500
288       4072.125000   1377.250000
304       4067.750000   1421.875000
192       4043.875000   1368.187500
187       4016.750000   1349.250000
Current: [14, 138, 251, 363, 452]
Subround 3
         Timestamp  TS First Frame  TS Prev Frame
Offset                                           
46      24317056.0      47451384.5       841311.5
103     24582272.0      47875567.5       826569.0
315     24609024.0      47757916.5       821318.0
197     24417792.0      47754720.0       821153.5
486     24459776.0      47657236.0       791789.5
268     24845824.0      48504722.5       781624.0
502     24517888.0      47370905.0       772949.0
165     24640640.0      47979414.5       772611.0
65      24268416.0      47423190.5       765232.5
370     24310784.0      47548248.5       764800.5
112     24479360.0      47546078.0       743771.5
51      24318976.0      47628312.5       739669.5
266     24365056.0      47515466.0       737789.0
75      25044864.0      48613264.5       724772.0
230     24320640.0      47607827.0       724452.5
55      24378880.0      47595502.0       724286.0
136     24426880.0      47756318.0       724222.0
373     24602752.0      47670059.0       719354.0
192     24841216.0      48440202.0       718724.5
347     24407040.0      47560859.5       717275.5
           Server1     Server2
Offset                        
14      332321.900  95288.2000
67       11588.000   3519.3125
185       7686.250   2360.1875
441       6813.375   2152.1875
152       5530.125   1751.7500
376       4989.750   1642.6875
186       4932.400   1579.5500
251       4524.600   1493.3000
418       4510.750   1510.3750
19        4505.250   1471.5625
283       4449.875   1494.0000
329       4446.750   1475.1250
347       4271.875   1457.6875
75        4210.250   1422.5625
194       4167.875   1425.1875
315       4146.750   1434.0625
288       4072.125   1377.2500
304       4067.750   1421.8750
192       4043.875   1368.1875
187       4016.750   1349.2500
Current: [14, 54, 138, 251, 262, 363, 384, 452, 453]
Subround 4
         Timestamp  TS First Frame  TS Prev Frame
Offset                                           
46      24317056.0      47451384.5       841311.5
103     24582272.0      47875567.5       826569.0
315     24609024.0      47757916.5       821318.0
197     24478720.0      47910175.0       806620.0
486     24459776.0      47657236.0       791789.5
268     24845824.0      48504722.5       781624.0
502     24517888.0      47370905.0       772949.0
165     24640640.0      47979414.5       772611.0
65      24268416.0      47423190.5       765232.5
370     24310784.0      47548248.5       764800.5
112     24479360.0      47546078.0       743771.5
51      24318976.0      47628312.5       739669.5
266     24365056.0      47515466.0       737789.0
75      25044864.0      48613264.5       724772.0
230     24320640.0      47607827.0       724452.5
136     24426880.0      47756318.0       724222.0
55      24377088.0      47551774.0       722746.0
373     24602752.0      47670059.0       719354.0
192     24841216.0      48440202.0       718724.5
347     24407040.0      47560859.5       717275.5
              Server1       Server2
Offset                             
14      325721.142857  93394.571429
67       11588.000000   3519.312500
185       7686.250000   2360.187500
441       6813.375000   2152.187500
152       5530.125000   1751.750000
376       4989.750000   1642.687500
186       4930.380952   1593.000000
418       4510.750000   1510.375000
19        4505.250000   1471.562500
283       4449.875000   1494.000000
329       4446.750000   1475.125000
251       4424.380952   1461.190476
347       4271.875000   1457.687500
75        4210.250000   1422.562500
194       4167.875000   1425.187500
315       4146.750000   1434.062500
288       4072.125000   1377.250000
304       4067.750000   1421.875000
192       4043.875000   1368.187500
187       4016.750000   1349.250000
Current: [14, 251, 363, 384, 452, 453]
Subround 5
         Timestamp  TS First Frame  TS Prev Frame
Offset                                           
46      24317056.0      47451384.5       841311.5
103     24582272.0      47875567.5       826569.0
315     24609024.0      47757916.5       821318.0
197     24478720.0      47910175.0       806620.0
486     24459776.0      47657236.0       791789.5
268     24845824.0      48504722.5       781624.0
502     24517888.0      47370905.0       772949.0
165     24640640.0      47979414.5       772611.0
65      24268416.0      47423190.5       765232.5
370     24310784.0      47548248.5       764800.5
112     24479360.0      47546078.0       743771.5
51      24318976.0      47628312.5       739669.5
266     24365056.0      47515466.0       737789.0
75      25044864.0      48613264.5       724772.0
230     24320640.0      47607827.0       724452.5
136     24426880.0      47756318.0       724222.0
373     24602752.0      47670059.0       719354.0
192     24841216.0      48440202.0       718724.5
347     24407040.0      47560859.5       717275.5
49      24332288.0      47697470.0       713601.5
              Server1       Server2
Offset                             
14      318636.363636  91362.863636
67       11588.000000   3519.312500
185       7686.250000   2360.187500
441       6813.375000   2152.187500
152       5530.125000   1751.750000
376       4989.750000   1642.687500
186       4809.000000   1555.090909
418       4510.750000   1510.375000
19        4505.250000   1471.562500
283       4449.875000   1494.000000
329       4446.750000   1475.125000
251       4405.909091   1458.363636
347       4271.875000   1457.687500
75        4210.250000   1422.562500
194       4167.875000   1425.187500
315       4146.750000   1434.062500
288       4072.125000   1377.250000
304       4067.750000   1421.875000
192       4043.875000   1368.187500
187       4016.750000   1349.250000
Current: [14, 363, 384, 452, 453]
Subround 6
         Timestamp  TS First Frame  TS Prev Frame
Offset                                           
46      24317056.0      47451384.5       841311.5
103     24582272.0      47875567.5       826569.0
315     24609024.0      47757916.5       821318.0
486     24459776.0      47657236.0       791789.5
268     24845824.0      48504722.5       781624.0
502     24517888.0      47370905.0       772949.0
165     24640640.0      47979414.5       772611.0
65      24268416.0      47423190.5       765232.5
370     24310784.0      47548248.5       764800.5
112     24479360.0      47546078.0       743771.5
51      24318976.0      47628312.5       739669.5
266     24365056.0      47515466.0       737789.0
75      25044864.0      48613264.5       724772.0
230     24320640.0      47607827.0       724452.5
136     24426880.0      47756318.0       724222.0
373     24602752.0      47670059.0       719354.0
192     24841216.0      48440202.0       718724.5
347     24407040.0      47560859.5       717275.5
49      24332288.0      47697470.0       713601.5
187     24284928.0      47473433.0       709962.5
              Server1       Server2
Offset                             
14      314254.521739  90107.478261
67       11588.000000   3519.312500
185       7686.250000   2360.187500
441       6813.375000   2152.187500
152       5530.125000   1751.750000
376       4989.750000   1642.687500
186       4683.304348   1515.782609
418       4510.750000   1510.375000
19        4505.250000   1471.562500
251       4480.260870   1489.478261
283       4449.875000   1494.000000
329       4446.750000   1475.125000
347       4271.875000   1457.687500
75        4210.250000   1422.562500
194       4167.875000   1425.187500
315       4146.750000   1434.062500
288       4072.125000   1377.250000
304       4067.750000   1421.875000
192       4043.875000   1368.187500
187       4016.750000   1349.250000
Current: [3, 14, 54, 92, 251, 363, 384, 452, 453]
Subround 7
         Timestamp  TS First Frame  TS Prev Frame
Offset                                           
46      24317056.0      47451384.5       841311.5
103     24582272.0      47875567.5       826569.0
315     24609024.0      47757916.5       821318.0
486     24459776.0      47657236.0       791789.5
268     24845824.0      48504722.5       781624.0
502     24517888.0      47370905.0       772949.0
165     24640640.0      47979414.5       772611.0
65      24268416.0      47423190.5       765232.5
370     24310784.0      47548248.5       764800.5
197     24478720.0      47982392.0       752778.0
112     24479360.0      47546078.0       743771.5
51      24318976.0      47628312.5       739669.5
266     24365056.0      47515466.0       737789.0
75      25044864.0      48613264.5       724772.0
230     24320640.0      47607827.0       724452.5
136     24426880.0      47756318.0       724222.0
373     24602752.0      47670059.0       719354.0
192     24841216.0      48440202.0       718724.5
347     24407040.0      47560859.5       717275.5
49      24332288.0      47697470.0       713601.5
              Server1       Server2
Offset                             
14      325424.666667  93310.791667
67       11588.000000   3519.312500
185       7686.250000   2360.187500
441       6813.375000   2152.187500
152       5530.125000   1751.750000
376       4989.750000   1642.687500
186       4607.666667   1491.916667
418       4510.750000   1510.375000
19        4505.250000   1471.562500
251       4471.666667   1493.916667
283       4449.875000   1494.000000
329       4446.750000   1475.125000
347       4271.875000   1457.687500
75        4210.250000   1422.562500
194       4167.875000   1425.187500
315       4146.750000   1434.062500
288       4072.125000   1377.250000
304       4067.750000   1421.875000
192       4043.875000   1368.187500
187       4016.750000   1349.250000
Current: [14, 363, 384, 452, 453]
Subround 8
         Timestamp  TS First Frame  TS Prev Frame
Offset                                           
46      24317056.0      47451384.5       841311.5
103     24582272.0      47875567.5       826569.0
315     24609024.0      47757916.5       821318.0
486     24459776.0      47657236.0       791789.5
268     24845824.0      48504722.5       781624.0
502     24517888.0      47370905.0       772949.0
165     24640640.0      47979414.5       772611.0
65      24268416.0      47423190.5       765232.5
370     24310784.0      47548248.5       764800.5
112     24479360.0      47546078.0       743771.5
51      24318976.0      47628312.5       739669.5
266     24365056.0      47515466.0       737789.0
75      25044864.0      48613264.5       724772.0
230     24320640.0      47607827.0       724452.5
136     24426880.0      47756318.0       724222.0
55      24374528.0      47537298.0       722746.0
373     24602752.0      47670059.0       719354.0
192     24841216.0      48440202.0       718724.5
347     24407040.0      47560859.5       717275.5
49      24332288.0      47697470.0       713601.5
           Server1     Server2
Offset                        
14      336968.160  96628.0000
67       11588.000   3519.3125
185       7686.250   2360.1875
441       6813.375   2152.1875
152       5530.125   1751.7500
376       4989.750   1642.6875
186       4640.320   1510.5600
418       4510.750   1510.3750
19        4505.250   1471.5625
283       4449.875   1494.0000
329       4446.750   1475.1250
251       4380.640   1463.4400
347       4271.875   1457.6875
75        4210.250   1422.5625
194       4167.875   1425.1875
315       4146.750   1434.0625
288       4072.125   1377.2500
304       4067.750   1421.8750
192       4043.875   1368.1875
187       4016.750   1349.2500
Current: [14, 384, 452]
Subround 9
         Timestamp  TS First Frame  TS Prev Frame
Offset                                           
46      24317056.0      47451384.5       841311.5
103     24582272.0      47875567.5       826569.0
315     24609024.0      47757916.5       821318.0
486     24459776.0      47657236.0       791789.5
268     24845824.0      48504722.5       781624.0
502     24517888.0      47370905.0       772949.0
165     24640640.0      47979414.5       772611.0
65      24268416.0      47423190.5       765232.5
370     24310784.0      47548248.5       764800.5
112     24479360.0      47546078.0       743771.5
51      24318976.0      47628312.5       739669.5
266     24365056.0      47515466.0       737789.0
75      25044864.0      48613264.5       724772.0
230     24320640.0      47607827.0       724452.5
136     24426880.0      47756318.0       724222.0
373     24602752.0      47670059.0       719354.0
192     24841216.0      48440202.0       718724.5
347     24407040.0      47560859.5       717275.5
49      24332288.0      47697470.0       713601.5
187     24284928.0      47473433.0       709962.5
              Server1       Server2
Offset                             
14      331948.230769  95188.576923
67       11588.000000   3519.312500
185       7686.250000   2360.187500
441       6813.375000   2152.187500
152       5530.125000   1751.750000
376       4989.750000   1642.687500
186       4584.153846   1496.269231
418       4510.750000   1510.375000
19        4505.250000   1471.562500
283       4449.875000   1494.000000
329       4446.750000   1475.125000
251       4300.384615   1436.192308
347       4271.875000   1457.687500
75        4210.250000   1422.562500
194       4167.875000   1425.187500
315       4146.750000   1434.062500
288       4072.125000   1377.250000
304       4067.750000   1421.875000
192       4043.875000   1368.187500
187       4016.750000   1349.250000
Current: [14, 54, 384, 452]
Subround 10
         Timestamp  TS First Frame  TS Prev Frame
Offset                                           
46      24317056.0      47451384.5       841311.5
103     24582272.0      47875567.5       826569.0
315     24609024.0      47757916.5       821318.0
486     24459776.0      47657236.0       791789.5
268     24845824.0      48504722.5       781624.0
502     24517888.0      47370905.0       772949.0
165     24640640.0      47979414.5       772611.0
65      24268416.0      47423190.5       765232.5
370     24310784.0      47548248.5       764800.5
112     24479360.0      47546078.0       743771.5
51      24318976.0      47628312.5       739669.5
266     24365056.0      47515466.0       737789.0
75      25044864.0      48613264.5       724772.0
230     24320640.0      47607827.0       724452.5
136     24426880.0      47756318.0       724222.0
373     24602752.0      47670059.0       719354.0
192     24841216.0      48440202.0       718724.5
347     24407040.0      47560859.5       717275.5
49      24332288.0      47697470.0       713601.5
187     24284928.0      47473433.0       709962.5
             Server1       Server2
Offset                            
14      328005.62963  94060.666667
67       11588.00000   3519.312500
185       7686.25000   2360.187500
441       6813.37500   2152.187500
152       5530.12500   1751.750000
376       4989.75000   1642.687500
418       4510.75000   1510.375000
19        4505.25000   1471.562500
186       4481.62963   1463.777778
283       4449.87500   1494.000000
329       4446.75000   1475.125000
347       4271.87500   1457.687500
251       4220.00000   1408.407407
75        4210.25000   1422.562500
194       4167.87500   1425.187500
315       4146.75000   1434.062500
288       4072.12500   1377.250000
304       4067.75000   1421.875000
192       4043.87500   1368.187500
187       4016.75000   1349.250000
Current: [14, 54, 384, 452]
Subround 11
         Timestamp  TS First Frame  TS Prev Frame
Offset                                           
46      24317056.0      47451384.5       841311.5
103     24582272.0      47875567.5       826569.0
315     24609024.0      47757916.5       821318.0
486     24459776.0      47657236.0       791789.5
268     24845824.0      48504722.5       781624.0
502     24517888.0      47370905.0       772949.0
165     24640640.0      47979414.5       772611.0
65      24268416.0      47423190.5       765232.5
370     24310784.0      47548248.5       764800.5
112     24479360.0      47546078.0       743771.5
51      24318976.0      47628312.5       739669.5
266     24365056.0      47515466.0       737789.0
75      25044864.0      48613264.5       724772.0
230     24320640.0      47607827.0       724452.5
136     24426880.0      47756318.0       724222.0
373     24602752.0      47670059.0       719354.0
192     24841216.0      48440202.0       718724.5
347     24407040.0      47560859.5       717275.5
49      24332288.0      47697470.0       713601.5
187     24284928.0      47473433.0       709962.5
              Server1       Server2
Offset                             
14      338967.642857  97211.321429
67       11588.000000   3519.312500
185       7686.250000   2360.187500
441       6813.375000   2152.187500
152       5530.125000   1751.750000
376       4989.750000   1642.687500
418       4510.750000   1510.375000
19        4505.250000   1471.562500
283       4449.875000   1494.000000
329       4446.750000   1475.125000
186       4425.214286   1443.964286
347       4271.875000   1457.687500
251       4228.785714   1416.392857
75        4210.250000   1422.562500
194       4167.875000   1425.187500
315       4146.750000   1434.062500
288       4072.125000   1377.250000
304       4067.750000   1421.875000
192       4043.875000   1368.187500
187       4016.750000   1349.250000
Current: [14, 54, 384, 452]
Subround 12
         Timestamp  TS First Frame  TS Prev Frame
Offset                                           
46      24317056.0      47451384.5       841311.5
103     24582272.0      47875567.5       826569.0
315     24609024.0      47757916.5       821318.0
486     24459776.0      47657236.0       791789.5
268     24845824.0      48504722.5       781624.0
502     24517888.0      47370905.0       772949.0
165     24640640.0      47979414.5       772611.0
65      24268416.0      47423190.5       765232.5
370     24310784.0      47548248.5       764800.5
112     24479360.0      47546078.0       743771.5
51      24318976.0      47628312.5       739669.5
266     24365056.0      47515466.0       737789.0
75      25044864.0      48613264.5       724772.0
230     24320640.0      47607827.0       724452.5
136     24426880.0      47756318.0       724222.0
373     24602752.0      47670059.0       719354.0
192     24841216.0      48440202.0       718724.5
347     24407040.0      47560859.5       717275.5
49      24332288.0      47697470.0       713601.5
187     24284928.0      47473433.0       709962.5
              Server1       Server2
Offset                             
14      347393.724138  99638.103448
67       11588.000000   3519.312500
185       7686.250000   2360.187500
441       6813.375000   2152.187500
152       5530.125000   1751.750000
376       4989.750000   1642.687500
418       4510.750000   1510.375000
19        4505.250000   1471.562500
283       4449.875000   1494.000000
329       4446.750000   1475.125000
186       4390.689655   1431.379310
347       4271.875000   1457.687500
251       4251.586207   1428.068966
75        4210.250000   1422.562500
194       4167.875000   1425.187500
315       4146.750000   1434.062500
288       4072.125000   1377.250000
304       4067.750000   1421.875000
192       4043.875000   1368.187500
187       4016.750000   1349.250000
Current: [14, 452]
Subround 13
         Timestamp  TS First Frame  TS Prev Frame
Offset                                           
46      24317056.0      47451384.5       841311.5
103     24582272.0      47875567.5       826569.0
315     24609024.0      47757916.5       821318.0
486     24459776.0      47657236.0       791789.5
268     24845824.0      48504722.5       781624.0
502     24517888.0      47370905.0       772949.0
165     24640640.0      47979414.5       772611.0
65      24268416.0      47423190.5       765232.5
370     24310784.0      47548248.5       764800.5
112     24479360.0      47546078.0       743771.5
51      24318976.0      47628312.5       739669.5
266     24365056.0      47515466.0       737789.0
75      25044864.0      48613264.5       724772.0
230     24320640.0      47607827.0       724452.5
136     24426880.0      47756318.0       724222.0
373     24602752.0      47670059.0       719354.0
192     24841216.0      48440202.0       718724.5
347     24407040.0      47560859.5       717275.5
49      24332288.0      47697470.0       713601.5
187     24284928.0      47473433.0       709962.5
              Server1       Server2
Offset                             
14      343683.466667  98574.766667
67       11588.000000   3519.312500
185       7686.250000   2360.187500
441       6813.375000   2152.187500
152       5530.125000   1751.750000
376       4989.750000   1642.687500
418       4510.750000   1510.375000
19        4505.250000   1471.562500
283       4449.875000   1494.000000
329       4446.750000   1475.125000
186       4410.333333   1444.366667
347       4271.875000   1457.687500
75        4210.250000   1422.562500
251       4195.733333   1408.533333
194       4167.875000   1425.187500
315       4146.750000   1434.062500
288       4072.125000   1377.250000
304       4067.750000   1421.875000
192       4043.875000   1368.187500
187       4016.750000   1349.250000
Current: [14, 54, 384, 452, 453]
Subround 14
         Timestamp  TS First Frame  TS Prev Frame
Offset                                           
46      24317056.0      47451384.5       841311.5
103     24582272.0      47875567.5       826569.0
315     24609024.0      47757916.5       821318.0
486     24459776.0      47657236.0       791789.5
268     24845824.0      48504722.5       781624.0
502     24517888.0      47370905.0       772949.0
165     24640640.0      47979414.5       772611.0
65      24268416.0      47423190.5       765232.5
370     24310784.0      47548248.5       764800.5
112     24479360.0      47546078.0       743771.5
51      24318976.0      47628312.5       739669.5
266     24365056.0      47515466.0       737789.0
75      25044864.0      48613264.5       724772.0
230     24320640.0      47607827.0       724452.5
136     24426880.0      47756318.0       724222.0
373     24602752.0      47670059.0       719354.0
192     24841216.0      48440202.0       718724.5
347     24407040.0      47560859.5       717275.5
49      24332288.0      47697470.0       713601.5
187     24284928.0      47473433.0       709962.5
              Server1       Server2
Offset                             
14      339241.483871  97299.354839
67       11588.000000   3519.312500
185       7686.250000   2360.187500
441       6813.375000   2152.187500
152       5530.125000   1751.750000
376       4989.750000   1642.687500
418       4510.750000   1510.375000
19        4505.250000   1471.562500
283       4449.875000   1494.000000
329       4446.750000   1475.125000
186       4366.580645   1431.806452
347       4271.875000   1457.687500
75        4210.250000   1422.562500
194       4167.875000   1425.187500
315       4146.750000   1434.062500
251       4135.032258   1387.903226
288       4072.125000   1377.250000
304       4067.750000   1421.875000
192       4043.875000   1368.187500
187       4016.750000   1349.250000
Current: [14, 452]
Subround 15
         Timestamp  TS First Frame  TS Prev Frame
Offset                                           
46      24317056.0      47451384.5       841311.5
103     24582272.0      47875567.5       826569.0
315     24609024.0      47757916.5       821318.0
486     24459776.0      47657236.0       791789.5
268     24845824.0      48504722.5       781624.0
502     24517888.0      47370905.0       772949.0
165     24640640.0      47979414.5       772611.0
65      24268416.0      47423190.5       765232.5
370     24310784.0      47548248.5       764800.5
112     24479360.0      47546078.0       743771.5
51      24318976.0      47628312.5       739669.5
266     24365056.0      47515466.0       737789.0
75      25044864.0      48613264.5       724772.0
230     24320640.0      47607827.0       724452.5
136     24426880.0      47756318.0       724222.0
373     24602752.0      47670059.0       719354.0
192     24841216.0      48440202.0       718724.5
347     24407040.0      47560859.5       717275.5
49      24332288.0      47697470.0       713601.5
187     24284928.0      47473433.0       709962.5
            Server1     Server2
Offset                         
14      333284.5625  95590.8125
67       11588.0000   3519.3125
185       7686.2500   2360.1875
441       6813.3750   2152.1875
152       5530.1250   1751.7500
376       4989.7500   1642.6875
418       4510.7500   1510.3750
19        4505.2500   1471.5625
283       4449.8750   1494.0000
329       4446.7500   1475.1250
186       4302.6250   1411.4375
347       4271.8750   1457.6875
75        4210.2500   1422.5625
251       4180.4375   1405.5000
194       4167.8750   1425.1875
315       4146.7500   1434.0625
288       4072.1250   1377.2500
304       4067.7500   1421.8750
192       4043.8750   1368.1875
187       4016.7500   1349.2500
Current: [14, 452]
Subround 16
         Timestamp  TS First Frame  TS Prev Frame
Offset                                           
46      24317056.0      47451384.5       841311.5
103     24582272.0      47875567.5       826569.0
315     24609024.0      47757916.5       821318.0
486     24459776.0      47657236.0       791789.5
268     24845824.0      48504722.5       781624.0
502     24517888.0      47370905.0       772949.0
165     24640640.0      47979414.5       772611.0
65      24268416.0      47423190.5       765232.5
370     24310784.0      47548248.5       764800.5
112     24479360.0      47546078.0       743771.5
51      24318976.0      47628312.5       739669.5
266     24365056.0      47515466.0       737789.0
75      25044864.0      48613264.5       724772.0
230     24320640.0      47607827.0       724452.5
136     24426880.0      47756318.0       724222.0
373     24602752.0      47670059.0       719354.0
192     24841216.0      48440202.0       718724.5
347     24407040.0      47560859.5       717275.5
49      24332288.0      47697470.0       713601.5
187     24284928.0      47473433.0       709962.5
              Server1       Server2
Offset                             
14      346190.363636  99287.545455
67       11588.000000   3519.312500
185       7686.250000   2360.187500
441       6813.375000   2152.187500
152       5530.125000   1751.750000
376       4989.750000   1642.687500
418       4510.750000   1510.375000
19        4505.250000   1471.562500
283       4449.875000   1494.000000
329       4446.750000   1475.125000
347       4271.875000   1457.687500
186       4253.575758   1397.727273
75        4210.250000   1422.562500
194       4167.875000   1425.187500
251       4157.939394   1395.121212
315       4146.750000   1434.062500
288       4072.125000   1377.250000
304       4067.750000   1421.875000
192       4043.875000   1368.187500
187       4016.750000   1349.250000
Current: [14, 54, 452, 453]
Subround 17
         Timestamp  TS First Frame  TS Prev Frame
Offset                                           
46      24317056.0      47451384.5       841311.5
103     24582272.0      47875567.5       826569.0
315     24609024.0      47757916.5       821318.0
486     24459776.0      47657236.0       791789.5
268     24845824.0      48504722.5       781624.0
502     24517888.0      47370905.0       772949.0
165     24640640.0      47979414.5       772611.0
65      24268416.0      47423190.5       765232.5
370     24310784.0      47548248.5       764800.5
112     24479360.0      47546078.0       743771.5
51      24318976.0      47628312.5       739669.5
266     24365056.0      47515466.0       737789.0
75      25044864.0      48613264.5       724772.0
230     24320640.0      47607827.0       724452.5
136     24426880.0      47756318.0       724222.0
373     24602752.0      47670059.0       719354.0
192     24841216.0      48440202.0       718724.5
347     24407040.0      47560859.5       717275.5
49      24332288.0      47697470.0       713601.5
187     24284928.0      47473433.0       709962.5
              Server1        Server2
Offset                              
14      352780.352941  101177.441176
67       11588.000000    3519.312500
185       7686.250000    2360.187500
441       6813.375000    2152.187500
152       5530.125000    1751.750000
376       4989.750000    1642.687500
418       4510.750000    1510.375000
19        4505.250000    1471.562500
283       4449.875000    1494.000000
329       4446.750000    1475.125000
347       4271.875000    1457.687500
186       4260.411765    1404.852941
75        4210.250000    1422.562500
194       4167.875000    1425.187500
315       4146.750000    1434.062500
251       4118.176471    1379.794118
288       4072.125000    1377.250000
304       4067.750000    1421.875000
192       4043.875000    1368.187500
187       4016.750000    1349.250000
Current: [14, 54]
Subround 18
         Timestamp  TS First Frame  TS Prev Frame
Offset                                           
46      24317056.0      47451384.5       841311.5
103     24582272.0      47875567.5       826569.0
315     24609024.0      47757916.5       821318.0
486     24459776.0      47657236.0       791789.5
268     24845824.0      48504722.5       781624.0
502     24517888.0      47370905.0       772949.0
165     24640640.0      47979414.5       772611.0
65      24268416.0      47423190.5       765232.5
370     24310784.0      47548248.5       764800.5
112     24479360.0      47546078.0       743771.5
51      24318976.0      47628312.5       739669.5
266     24365056.0      47515466.0       737789.0
75      25044864.0      48613264.5       724772.0
230     24320640.0      47607827.0       724452.5
136     24426880.0      47756318.0       724222.0
373     24602752.0      47670059.0       719354.0
192     24841216.0      48440202.0       718724.5
347     24407040.0      47560859.5       717275.5
49      24332288.0      47697470.0       713601.5
187     24284928.0      47473433.0       709962.5
              Server1       Server2
Offset                             
14      347663.542857  99709.400000
67       11588.000000   3519.312500
185       7686.250000   2360.187500
441       6813.375000   2152.187500
152       5530.125000   1751.750000
376       4989.750000   1642.687500
418       4510.750000   1510.375000
19        4505.250000   1471.562500
283       4449.875000   1494.000000
329       4446.750000   1475.125000
347       4271.875000   1457.687500
75        4210.250000   1422.562500
186       4200.914286   1385.657143
194       4167.875000   1425.187500
315       4146.750000   1434.062500
251       4104.114286   1373.371429
288       4072.125000   1377.250000
304       4067.750000   1421.875000
192       4043.875000   1368.187500
187       4016.750000   1349.250000
Current: [14]
Subround 19
         Timestamp  TS First Frame  TS Prev Frame
Offset                                           
46      24317056.0      47451384.5       841311.5
103     24582272.0      47875567.5       826569.0
315     24609024.0      47757916.5       821318.0
486     24459776.0      47657236.0       791789.5
268     24845824.0      48504722.5       781624.0
502     24517888.0      47370905.0       772949.0
165     24640640.0      47979414.5       772611.0
65      24268416.0      47423190.5       765232.5
370     24310784.0      47548248.5       764800.5
112     24479360.0      47546078.0       743771.5
51      24318976.0      47628312.5       739669.5
266     24365056.0      47515466.0       737789.0
75      25044864.0      48613264.5       724772.0
230     24320640.0      47607827.0       724452.5
136     24426880.0      47756318.0       724222.0
373     24602752.0      47670059.0       719354.0
192     24841216.0      48440202.0       718724.5
347     24407040.0      47560859.5       717275.5
49      24332288.0      47697470.0       713601.5
187     24284928.0      47473433.0       709962.5
              Server1       Server2
Offset                             
14      342231.555556  98152.055556
67       11588.000000   3519.312500
185       7686.250000   2360.187500
441       6813.375000   2152.187500
152       5530.125000   1751.750000
376       4989.750000   1642.687500
418       4510.750000   1510.375000
19        4505.250000   1471.562500
283       4449.875000   1494.000000
329       4446.750000   1475.125000
347       4271.875000   1457.687500
75        4210.250000   1422.562500
194       4167.875000   1425.187500
315       4146.750000   1434.062500
186       4142.000000   1366.527778
288       4072.125000   1377.250000
251       4068.722222   1361.944444
304       4067.750000   1421.875000
192       4043.875000   1368.187500
187       4016.750000   1349.250000
Current: [14, 54]
Subround 20
         Timestamp  TS First Frame  TS Prev Frame
Offset                                           
46      24317056.0      47451384.5       841311.5
103     24582272.0      47875567.5       826569.0
315     24609024.0      47757916.5       821318.0
486     24459776.0      47657236.0       791789.5
268     24845824.0      48504722.5       781624.0
502     24517888.0      47370905.0       772949.0
165     24640640.0      47979414.5       772611.0
65      24268416.0      47423190.5       765232.5
370     24310784.0      47548248.5       764800.5
112     24479360.0      47546078.0       743771.5
51      24318976.0      47628312.5       739669.5
266     24365056.0      47515466.0       737789.0
75      25044864.0      48613264.5       724772.0
230     24320640.0      47607827.0       724452.5
136     24426880.0      47756318.0       724222.0
373     24602752.0      47670059.0       719354.0
192     24841216.0      48440202.0       718724.5
347     24407040.0      47560859.5       717275.5
49      24332288.0      47697470.0       713601.5
187     24284928.0      47473433.0       709962.5
              Server1       Server2
Offset                             
14      338191.945946  96992.648649
67       11588.000000   3519.312500
185       7686.250000   2360.187500
441       6813.375000   2152.187500
152       5530.125000   1751.750000
376       4989.750000   1642.687500
418       4510.750000   1510.375000
19        4505.250000   1471.562500
283       4449.875000   1494.000000
329       4446.750000   1475.125000
347       4271.875000   1457.687500
75        4210.250000   1422.562500
194       4167.875000   1425.187500
315       4146.750000   1434.062500
186       4115.459459   1356.648649
251       4099.189189   1372.783784
288       4072.125000   1377.250000
304       4067.750000   1421.875000
192       4043.875000   1368.187500
187       4016.750000   1349.250000
Current: [14]
         Timestamp  TS First Frame  TS Prev Frame
Offset                                           
46      24317056.0      47451384.5       841311.5
103     24582272.0      47875567.5       826569.0
315     24609024.0      47757916.5       821318.0
486     24459776.0      47657236.0       791789.5
268     24845824.0      48504722.5       781624.0
502     24517888.0      47370905.0       772949.0
165     24640640.0      47979414.5       772611.0
65      24268416.0      47423190.5       765232.5
370     24310784.0      47548248.5       764800.5
112     24479360.0      47546078.0       743771.5
51      24318976.0      47628312.5       739669.5
266     24365056.0      47515466.0       737789.0
75      25044864.0      48613264.5       724772.0
230     24320640.0      47607827.0       724452.5
136     24426880.0      47756318.0       724222.0
373     24602752.0      47670059.0       719354.0
192     24841216.0      48440202.0       718724.5
347     24407040.0      47560859.5       717275.5
49      24332288.0      47697470.0       713601.5
187     24284928.0      47473433.0       709962.5
              Server1       Server2
Offset                             
14      338191.945946  96992.648649
67       11588.000000   3519.312500
185       7686.250000   2360.187500
441       6813.375000   2152.187500
152       5530.125000   1751.750000
376       4989.750000   1642.687500
418       4510.750000   1510.375000
19        4505.250000   1471.562500
283       4449.875000   1494.000000
329       4446.750000   1475.125000
347       4271.875000   1457.687500
75        4210.250000   1422.562500
194       4167.875000   1425.187500
315       4146.750000   1434.062500
186       4115.459459   1356.648649
251       4099.189189   1372.783784
288       4072.125000   1377.250000
304       4067.750000   1421.875000
192       4043.875000   1368.187500
187       4016.750000   1349.250000
Winning offset:
[14]
2021-09-17 13:10:49.567777
2021-09-17 13:16:28.492191
0:05:38.924414
attacker.py:479: DeprecationWarning: The default dtype for empty Series will be 'object' instead of 'float64' in a future version. Specify a dtype explicitly to silence this warning.
  mean1 = pd.Series(values1).mean()
attacker.py:480: DeprecationWarning: The default dtype for empty Series will be 'object' instead of 'float64' in a future version. Specify a dtype explicitly to silence this warning.
  mean2 = pd.Series(values2).mean()
attacker.py:479: DeprecationWarning: The default dtype for empty Series will be 'object' instead of 'float64' in a future version. Specify a dtype explicitly to silence this warning.
  mean1 = pd.Series(values1).mean()
attacker.py:480: DeprecationWarning: The default dtype for empty Series will be 'object' instead of 'float64' in a future version. Specify a dtype explicitly to silence this warning.
  mean2 = pd.Series(values2).mean()
Exception ignored in: <function Capture.__del__ at 0x7ff08bc5d670>
Traceback (most recent call last):
  File "/home/mlipp/.virtualenvs/kaslr/lib/python3.8/site-packages/pyshark/capture/capture.py", line 445, in __del__
  File "/home/mlipp/.virtualenvs/kaslr/lib/python3.8/site-packages/pyshark/capture/capture.py", line 436, in close
  File "/usr/lib/python3.8/asyncio/base_events.py", line 592, in run_until_complete
  File "/usr/lib/python3.8/asyncio/base_events.py", line 553, in _check_running
AttributeError: 'NoneType' object has no attribute '_get_running_loop'
