Loading page file profiles/packet3/pages/0x6e4a.yaml
Loading page file profiles/packet3/pages/0x6e60.yaml
Loading page file profiles/packet3/pages/0x6ee3.yaml
Loading page file profiles/packet3/pages/0x7241.yaml
Loading page file profiles/packet3/pages/0x7242.yaml
Loading page file profiles/packet3/pages/0x7243.yaml
Loading page file profiles/packet3/pages/0x7244.yaml
Round 1
Subround 1
not enough
     Count  Value
21       1    1.0
290      1    1.0
39       1    1.0
380      1    1.0
163      1    1.0
298      1    1.0
374      1    1.0
42       1    1.0
502      1    1.0
468      1    1.0
489      1    1.0
146      1    1.0
80       1    1.0
337      1    1.0
485      1    1.0
74       1    1.0
244      1    1.0
363      1    1.0
53       1    1.0
289      1    1.0
     Count  Value
21       1    1.0
290      1    1.0
39       1    1.0
380      1    1.0
163      1    1.0
298      1    1.0
374      1    1.0
42       1    1.0
502      1    1.0
468      1    1.0
Current: [0, 4, 9, 13, 14, 15, 16, 21, 23, 24, 25, 26, 27, 29, 31, 33, 35, 36, 37, 38, 39, 40, 41, 42, 48, 49, 50, 52, 53, 54, 55, 56, 61, 62, 64, 65, 69, 70, 71, 74, 76, 78, 80, 82, 84, 86, 88, 90, 91, 93, 94, 97, 98, 99, 100, 101, 102, 106, 110, 111, 112, 113, 115, 118, 122, 127, 128, 129, 130, 131, 133, 134, 135, 139, 140, 142, 143, 145, 146, 148, 151, 152, 153, 155, 158, 159, 160, 162, 163, 164, 167, 168, 169, 171, 172, 173, 176, 178, 179, 180, 181, 182, 183, 184, 185, 186, 189, 194, 196, 198, 199, 204, 211, 214, 215, 219, 222, 223, 224, 225, 226, 227, 229, 235, 237, 242, 243, 244, 245, 246, 247, 248, 249, 250, 252, 253, 256, 261, 263, 265, 268, 272, 273, 278, 280, 282, 286, 289, 290, 291, 292, 293, 294, 296, 297, 298, 301, 304, 306, 307, 312, 315, 318, 320, 322, 323, 324, 328, 330, 331, 335, 337, 341, 346, 347, 348, 352, 353, 356, 357, 358, 362, 363, 367, 368, 369, 372, 373, 374, 376, 377, 379, 380, 381, 382, 384, 391, 393, 396, 397, 398, 401, 402, 404, 406, 407, 408, 409, 411, 413, 414, 416, 417, 418, 419, 420, 422, 425, 426, 433, 437, 441, 445, 447, 448, 450, 451, 452, 460, 462, 464, 465, 466, 467, 468, 470, 472, 476, 478, 480, 485, 488, 489, 490, 492, 493, 496, 497, 498, 499, 501, 502, 504, 506, 507, 511]
Subround 2
not enough
     Count  Value
21       2    1.0
357      2    1.0
180      2    1.0
224      2    1.0
393      2    1.0
358      2    1.0
452      2    1.0
414      2    1.0
273      2    1.0
178      2    1.0
480      2    1.0
42       2    1.0
504      2    1.0
167      2    1.0
153      2    1.0
347      2    1.0
155      2    1.0
301      2    1.0
380      2    1.0
163      2    1.0
     Count  Value
21       2    1.0
357      2    1.0
180      2    1.0
224      2    1.0
393      2    1.0
358      2    1.0
452      2    1.0
414      2    1.0
273      2    1.0
178      2    1.0
Current: [0, 4, 9, 13, 14, 15, 16, 21, 27, 31, 37, 40, 42, 52, 54, 55, 56, 62, 64, 65, 71, 78, 80, 86, 88, 91, 93, 94, 97, 98, 99, 100, 101, 102, 106, 111, 115, 127, 128, 135, 142, 146, 151, 152, 153, 155, 162, 163, 167, 171, 178, 179, 180, 181, 185, 186, 196, 214, 215, 219, 223, 224, 226, 229, 237, 245, 247, 248, 250, 252, 253, 256, 263, 268, 272, 273, 278, 282, 292, 293, 296, 297, 298, 301, 307, 312, 315, 322, 337, 341, 346, 347, 356, 357, 358, 362, 367, 372, 377, 380, 382, 391, 393, 396, 398, 402, 407, 409, 411, 414, 420, 422, 445, 452, 462, 466, 468, 476, 478, 480, 485, 488, 492, 498, 504]
Subround 3
not enough
     Count  Value
21       3    1.0
402      3    1.0
27       3    1.0
15       3    1.0
367      3    1.0
142      3    1.0
181      3    1.0
356      3    1.0
272      3    1.0
135      3    1.0
268      3    1.0
16       3    1.0
250      3    1.0
476      3    1.0
55       3    1.0
13       3    1.0
185      3    1.0
40       3    1.0
312      3    1.0
219      3    1.0
     Count  Value
21       3    1.0
402      3    1.0
27       3    1.0
15       3    1.0
367      3    1.0
142      3    1.0
181      3    1.0
356      3    1.0
272      3    1.0
135      3    1.0
Current: [13, 15, 16, 21, 27, 40, 52, 54, 55, 64, 97, 100, 135, 142, 153, 162, 171, 180, 181, 185, 219, 224, 226, 229, 247, 250, 268, 272, 282, 297, 298, 301, 307, 312, 356, 362, 367, 402, 420, 452, 462, 468, 476, 480]
Subround 4
not enough
     Count  Value
462      4    1.0
402      4    1.0
452      4    1.0
224      4    1.0
40       4    1.0
55       4    1.0
52       4    1.0
219      4    1.0
268      4    1.0
27       4    1.0
480      4    1.0
420      4    1.0
229      4    1.0
185      4    1.0
162      4    1.0
64       4    1.0
367      4    1.0
226      4    1.0
250      4    1.0
171      4    1.0
     Count  Value
462      4    1.0
402      4    1.0
452      4    1.0
224      4    1.0
40       4    1.0
55       4    1.0
52       4    1.0
219      4    1.0
268      4    1.0
27       4    1.0
Current: [4, 13, 14, 15, 16, 18, 21, 25, 26, 27, 29, 33, 40, 48, 52, 53, 54, 55, 62, 64, 71, 76, 77, 78, 80, 88, 89, 90, 91, 93, 97, 98, 99, 100, 101, 106, 114, 115, 117, 124, 135, 140, 142, 150, 151, 153, 155, 158, 160, 162, 167, 171, 179, 180, 181, 182, 183, 184, 185, 186, 188, 194, 196, 209, 215, 219, 223, 224, 226, 229, 237, 239, 242, 247, 248, 250, 253, 265, 268, 272, 280, 282, 290, 293, 296, 297, 298, 301, 303, 307, 312, 313, 318, 323, 328, 333, 345, 346, 349, 353, 354, 356, 357, 358, 362, 363, 367, 372, 377, 382, 385, 391, 393, 396, 397, 401, 402, 404, 409, 414, 419, 420, 425, 437, 445, 451, 452, 462, 464, 465, 468, 476, 478, 479, 480, 485, 488, 496, 504]
Subround 5
not enough
     Count  Value
185      5    1.0
402      5    1.0
356      4    0.8
250      4    0.8
297      4    0.8
71       4    0.8
425      4    0.8
237      4    0.8
323      4    0.8
219      4    0.8
40       4    0.8
13       4    0.8
226      4    0.8
171      4    0.8
367      4    0.8
135      4    0.8
64       4    0.8
296      4    0.8
307      4    0.8
179      4    0.8
     Count  Value
185      5    1.0
402      5    1.0
356      4    0.8
250      4    0.8
297      4    0.8
71       4    0.8
425      4    0.8
237      4    0.8
323      4    0.8
219      4    0.8
Current: [13, 14, 27, 40, 52, 53, 54, 55, 64, 71, 89, 97, 100, 135, 153, 162, 171, 179, 180, 181, 183, 185, 188, 219, 224, 226, 229, 237, 239, 250, 253, 268, 272, 282, 296, 297, 298, 301, 307, 312, 323, 349, 356, 362, 363, 367, 385, 391, 402, 404, 414, 420, 425, 452, 462, 468, 476, 480, 488]
Subround 6
not enough
     Count     Value
402      6  1.000000
268      5  0.833333
64       5  0.833333
239      5  0.833333
425      5  0.833333
181      5  0.833333
349      5  0.833333
52       5  0.833333
180      5  0.833333
452      5  0.833333
183      5  0.833333
480      5  0.833333
298      5  0.833333
468      5  0.833333
363      5  0.833333
272      5  0.833333
188      5  0.833333
14       5  0.833333
476      5  0.833333
55       5  0.833333
     Count     Value
402      6  1.000000
268      5  0.833333
64       5  0.833333
239      5  0.833333
425      5  0.833333
181      5  0.833333
349      5  0.833333
52       5  0.833333
180      5  0.833333
452      5  0.833333
Current: [14, 40, 52, 55, 64, 89, 135, 180, 181, 183, 185, 188, 219, 229, 237, 239, 250, 268, 272, 296, 297, 298, 323, 349, 362, 363, 367, 402, 404, 425, 452, 468, 476, 480, 488]
Subround 7
not enough
     Count     Value
468      6  0.857143
349      6  0.857143
219      6  0.857143
14       6  0.857143
268      6  0.857143
323      6  0.857143
237      6  0.857143
135      6  0.857143
404      6  0.857143
297      6  0.857143
181      6  0.857143
402      6  0.857143
476      6  0.857143
55       6  0.857143
183      6  0.857143
488      5  0.714286
171      5  0.714286
243      5  0.714286
397      5  0.714286
253      5  0.714286
     Count     Value
468      6  0.857143
349      6  0.857143
219      6  0.857143
14       6  0.857143
268      6  0.857143
323      6  0.857143
237      6  0.857143
135      6  0.857143
404      6  0.857143
297      6  0.857143
Current: [13, 14, 38, 40, 52, 53, 55, 62, 64, 71, 78, 89, 97, 100, 135, 144, 153, 159, 163, 168, 171, 176, 180, 181, 183, 185, 188, 208, 219, 224, 229, 237, 239, 243, 250, 253, 259, 267, 268, 272, 278, 282, 296, 297, 298, 301, 306, 312, 323, 328, 349, 356, 357, 362, 363, 367, 385, 391, 397, 402, 404, 408, 414, 420, 425, 431, 436, 452, 468, 476, 480, 488]
Subround 8
not enough
     Count  Value
135      7  0.875
402      7  0.875
349      7  0.875
476      7  0.875
268      7  0.875
14       7  0.875
183      6  0.750
250      6  0.750
97       6  0.750
153      6  0.750
267      6  0.750
357      6  0.750
385      6  0.750
367      6  0.750
414      6  0.750
89       6  0.750
176      6  0.750
259      6  0.750
224      6  0.750
253      6  0.750
     Count  Value
135      7  0.875
402      7  0.875
349      7  0.875
476      7  0.875
268      7  0.875
14       7  0.875
183      6  0.750
250      6  0.750
97       6  0.750
153      6  0.750
Current: [14, 38, 40, 52, 55, 62, 89, 97, 100, 135, 153, 176, 181, 183, 185, 208, 219, 224, 237, 250, 253, 259, 267, 268, 272, 297, 301, 306, 312, 323, 349, 357, 362, 367, 385, 397, 402, 404, 408, 414, 436, 468, 476]
Subround 9
not enough
     Count     Value
14       8  0.888889
349      8  0.888889
402      7  0.777778
312      7  0.777778
476      7  0.777778
404      7  0.777778
55       7  0.777778
52       7  0.777778
97       7  0.777778
181      7  0.777778
208      7  0.777778
297      7  0.777778
237      7  0.777778
268      7  0.777778
219      7  0.777778
468      7  0.777778
185      7  0.777778
176      7  0.777778
135      7  0.777778
153      7  0.777778
     Count     Value
14       8  0.888889
349      8  0.888889
402      7  0.777778
312      7  0.777778
476      7  0.777778
404      7  0.777778
55       7  0.777778
52       7  0.777778
97       7  0.777778
181      7  0.777778
Current: [14, 52, 55, 97, 135, 153, 176, 181, 183, 185, 208, 219, 237, 268, 272, 297, 312, 349, 362, 402, 404, 468, 476]
Subround 10
     Count  Value
349      9    0.9
14       9    0.9
135      8    0.8
219      8    0.8
185      8    0.8
404      8    0.8
297      8    0.8
237      8    0.8
208      8    0.8
52       8    0.8
468      8    0.8
97       8    0.8
176      8    0.8
362      8    0.8
402      8    0.8
268      8    0.8
272      8    0.8
183      8    0.8
312      8    0.8
57       7    0.7
     Count  Value
349      9    0.9
14       9    0.9
135      8    0.8
219      8    0.8
185      8    0.8
404      8    0.8
297      8    0.8
237      8    0.8
208      8    0.8
52       8    0.8
Current: [14, 52, 97, 135, 176, 183, 185, 208, 219, 237, 268, 272, 297, 312, 349, 362, 402, 404, 468]
Round 2
Subround 1
not enough
     Count     Value
349     10  0.909091
14      10  0.909091
183      9  0.818182
272      9  0.818182
268      9  0.818182
297      9  0.818182
237      9  0.818182
362      9  0.818182
208      9  0.818182
52       9  0.818182
135      8  0.727273
468      8  0.727273
185      8  0.727273
404      8  0.727273
176      8  0.727273
97       8  0.727273
219      8  0.727273
402      8  0.727273
312      8  0.727273
466      7  0.636364
     Count  Value
268      1    1.0
52       1    1.0
272      1    1.0
14       1    1.0
183      1    1.0
208      1    1.0
297      1    1.0
237      1    1.0
362      1    1.0
349      1    1.0
Current: [14, 52, 183, 208, 237, 268, 272, 297, 349, 362]
Subround 2
not enough
     Count     Value
14      11  0.916667
183     10  0.833333
272     10  0.833333
208     10  0.833333
297     10  0.833333
349     10  0.833333
362      9  0.750000
268      9  0.750000
404      9  0.750000
52       9  0.750000
402      9  0.750000
97       9  0.750000
237      9  0.750000
219      9  0.750000
185      8  0.666667
176      8  0.666667
468      8  0.666667
135      8  0.666667
312      8  0.666667
253      7  0.583333
     Count  Value
272      2    1.0
14       2    1.0
183      2    1.0
208      2    1.0
297      2    1.0
268      1    0.5
52       1    0.5
237      1    0.5
362      1    0.5
349      1    0.5
Current: [14, 183, 208, 272, 297, 349]
Subround 3
not enough
     Count     Value
14      12  0.923077
349     11  0.846154
183     10  0.769231
268     10  0.769231
272     10  0.769231
208     10  0.769231
297     10  0.769231
97      10  0.769231
219     10  0.769231
176      9  0.692308
404      9  0.692308
468      9  0.692308
402      9  0.692308
52       9  0.692308
312      9  0.692308
185      9  0.692308
362      9  0.692308
237      9  0.692308
135      9  0.692308
8        7  0.538462
     Count     Value
14       3  1.000000
268      2  0.666667
297      2  0.666667
219      2  0.666667
349      2  0.666667
97       2  0.666667
208      2  0.666667
183      2  0.666667
272      2  0.666667
237      1  0.333333
Current: [14, 349]
Subround 4
not enough
     Count     Value
14      12  0.857143
349     11  0.785714
268     11  0.785714
272     11  0.785714
208     11  0.785714
297     11  0.785714
97      11  0.785714
219     11  0.785714
468     10  0.714286
237     10  0.714286
362     10  0.714286
183     10  0.714286
404     10  0.714286
312      9  0.642857
135      9  0.642857
176      9  0.642857
52       9  0.642857
402      9  0.642857
185      9  0.642857
357      7  0.500000
     Count  Value
268      3   0.75
208      3   0.75
219      3   0.75
297      3   0.75
97       3   0.75
14       3   0.75
272      3   0.75
183      2   0.50
237      2   0.50
362      2   0.50
Current: [14]
Subround 5
not enough
     Count     Value
14      13  0.866667
97      12  0.800000
183     11  0.733333
237     11  0.733333
272     11  0.733333
297     11  0.733333
208     11  0.733333
268     11  0.733333
349     11  0.733333
219     11  0.733333
402     10  0.666667
362     10  0.666667
52      10  0.666667
312     10  0.666667
135     10  0.666667
468     10  0.666667
404     10  0.666667
185     10  0.666667
176      9  0.600000
181      7  0.466667
     Count  Value
97       4    0.8
14       4    0.8
297      3    0.6
219      3    0.6
237      3    0.6
268      3    0.6
208      3    0.6
183      3    0.6
272      3    0.6
362      2    0.4
Current: [14]
Subround 6
not enough
     Count   Value
14      13  0.8125
183     12  0.7500
97      12  0.7500
272     12  0.7500
219     12  0.7500
297     12  0.7500
208     12  0.7500
185     11  0.6875
312     11  0.6875
135     11  0.6875
52      11  0.6875
268     11  0.6875
349     11  0.6875
237     11  0.6875
362     10  0.6250
468     10  0.6250
402     10  0.6250
404     10  0.6250
176      9  0.5625
21       8  0.5000
     Count     Value
97       4  0.666667
272      4  0.666667
14       4  0.666667
183      4  0.666667
208      4  0.666667
297      4  0.666667
219      4  0.666667
21       3  0.500000
135      3  0.500000
312      3  0.500000
Current: [14]
Subround 7
not enough
     Count     Value
14      14  0.823529
272     13  0.764706
97      13  0.764706
183     12  0.705882
237     12  0.705882
297     12  0.705882
208     12  0.705882
268     12  0.705882
219     12  0.705882
402     11  0.647059
185     11  0.647059
362     11  0.647059
349     11  0.647059
52      11  0.647059
468     11  0.647059
312     11  0.647059
404     11  0.647059
135     11  0.647059
176     10  0.588235
21       8  0.470588
     Count     Value
97       5  0.714286
272      5  0.714286
14       5  0.714286
297      4  0.571429
219      4  0.571429
237      4  0.571429
268      4  0.571429
208      4  0.571429
183      4  0.571429
362      3  0.428571
Current: [14]
Subround 8
not enough
     Count     Value
272     14  0.777778
14      14  0.777778
268     13  0.722222
97      13  0.722222
219     13  0.722222
237     13  0.722222
312     12  0.666667
297     12  0.666667
135     12  0.666667
208     12  0.666667
52      12  0.666667
183     12  0.666667
402     12  0.666667
362     11  0.611111
176     11  0.611111
185     11  0.611111
468     11  0.611111
404     11  0.611111
349     11  0.611111
21       9  0.500000
     Count  Value
272      6  0.750
268      5  0.625
237      5  0.625
219      5  0.625
97       5  0.625
14       5  0.625
208      4  0.500
297      4  0.500
183      4  0.500
52       4  0.500
no winner, not enough
Current: []
Subround 9
not enough
     Count     Value
14      15  0.789474
272     14  0.736842
219     14  0.736842
183     13  0.684211
237     13  0.684211
297     13  0.684211
208     13  0.684211
97      13  0.684211
268     13  0.684211
185     12  0.631579
362     12  0.631579
402     12  0.631579
52      12  0.631579
349     12  0.631579
312     12  0.631579
468     12  0.631579
135     12  0.631579
404     12  0.631579
176     11  0.578947
21       9  0.473684
     Count     Value
272      6  0.666667
14       6  0.666667
219      6  0.666667
268      5  0.555556
297      5  0.555556
237      5  0.555556
97       5  0.555556
208      5  0.555556
183      5  0.555556
362      4  0.444444
no winner, not enough
Current: []
Subround 10
     Count  Value
14      16   0.80
272     15   0.75
183     14   0.70
237     14   0.70
219     14   0.70
208     14   0.70
97      14   0.70
312     13   0.65
297     13   0.65
135     13   0.65
268     13   0.65
362     12   0.60
176     12   0.60
52      12   0.60
402     12   0.60
185     12   0.60
468     12   0.60
404     12   0.60
349     12   0.60
21      10   0.50
     Count  Value
272      7    0.7
14       7    0.7
97       6    0.6
183      6    0.6
208      6    0.6
237      6    0.6
219      6    0.6
21       5    0.5
135      5    0.5
312      5    0.5
no winner, not enough
Current: []
Subround 11
     Count     Value
14      16  0.761905
183     15  0.714286
237     15  0.714286
272     15  0.714286
219     15  0.714286
297     14  0.666667
208     14  0.666667
97      14  0.666667
268     14  0.666667
362     13  0.619048
402     13  0.619048
52      13  0.619048
312     13  0.619048
468     13  0.619048
135     13  0.619048
404     13  0.619048
176     12  0.571429
185     12  0.571429
349     12  0.571429
21      10  0.476190
     Count     Value
237      7  0.636364
272      7  0.636364
14       7  0.636364
183      7  0.636364
219      7  0.636364
268      6  0.545455
97       6  0.545455
297      6  0.545455
208      6  0.545455
362      5  0.454545
no winner, not enough
Current: []
Subround 12
     Count     Value
14      17  0.772727
219     16  0.727273
237     16  0.727273
183     15  0.681818
272     15  0.681818
97      14  0.636364
312     14  0.636364
404     14  0.636364
297     14  0.636364
135     14  0.636364
208     14  0.636364
52      14  0.636364
268     14  0.636364
402     14  0.636364
362     13  0.590909
468     13  0.590909
349     13  0.590909
176     12  0.545455
185     12  0.545455
21      11  0.500000
     Count     Value
14       8  0.666667
237      8  0.666667
219      8  0.666667
272      7  0.583333
183      7  0.583333
268      6  0.500000
21       6  0.500000
135      6  0.500000
312      6  0.500000
402      6  0.500000
no winner, not enough
Current: []
Subround 13
     Count     Value
14      17  0.739130
183     16  0.695652
237     16  0.695652
272     16  0.695652
219     16  0.695652
297     15  0.652174
208     15  0.652174
97      15  0.652174
268     15  0.652174
362     14  0.608696
402     14  0.608696
52      14  0.608696
312     14  0.608696
468     14  0.608696
135     14  0.608696
404     14  0.608696
176     13  0.565217
185     13  0.565217
349     13  0.565217
21      11  0.478261
     Count     Value
237      8  0.615385
272      8  0.615385
14       8  0.615385
183      8  0.615385
219      8  0.615385
268      7  0.538462
97       7  0.538462
297      7  0.538462
208      7  0.538462
362      6  0.461538
no winner, not enough
Current: []
Subround 14
     Count     Value
14      18  0.750000
183     16  0.666667
237     16  0.666667
272     16  0.666667
297     16  0.666667
208     16  0.666667
268     16  0.666667
219     16  0.666667
97      15  0.625000
312     15  0.625000
135     15  0.625000
349     14  0.583333
362     14  0.583333
52      14  0.583333
402     14  0.583333
468     14  0.583333
404     14  0.583333
176     14  0.583333
185     14  0.583333
21      12  0.500000
     Count     Value
14       9  0.642857
268      8  0.571429
272      8  0.571429
183      8  0.571429
208      8  0.571429
297      8  0.571429
237      8  0.571429
219      8  0.571429
21       7  0.500000
135      7  0.500000
no winner, not enough
Current: []
Subround 15
     Count  Value
14      19   0.76
183     17   0.68
219     17   0.68
268     17   0.68
272     16   0.64
237     16   0.64
97      16   0.64
208     16   0.64
297     16   0.64
135     15   0.60
176     15   0.60
402     15   0.60
312     15   0.60
52      15   0.60
468     15   0.60
404     15   0.60
349     14   0.56
362     14   0.56
185     14   0.56
21      12   0.48
     Count     Value
14      10  0.666667
268      9  0.600000
219      9  0.600000
183      9  0.600000
297      8  0.533333
237      8  0.533333
97       8  0.533333
208      8  0.533333
272      8  0.533333
52       7  0.466667
no winner, not enough
Current: []
Subround 16
     Count     Value
14      20  0.769231
268     18  0.692308
219     18  0.692308
237     17  0.653846
297     17  0.653846
183     17  0.653846
176     16  0.615385
402     16  0.615385
272     16  0.615385
97      16  0.615385
52      16  0.615385
208     16  0.615385
349     15  0.576923
362     15  0.576923
468     15  0.576923
312     15  0.576923
135     15  0.576923
404     15  0.576923
185     14  0.538462
21      12  0.461538
     Count   Value
14      11  0.6875
268     10  0.6250
219     10  0.6250
183      9  0.5625
297      9  0.5625
237      9  0.5625
52       8  0.5000
176      8  0.5000
402      8  0.5000
97       8  0.5000
no winner, not enough
Current: []
Subround 17
     Count     Value
14      21  0.777778
268     19  0.703704
219     18  0.666667
237     17  0.629630
297     17  0.629630
208     17  0.629630
52      17  0.629630
183     17  0.629630
402     16  0.592593
176     16  0.592593
272     16  0.592593
97      16  0.592593
468     16  0.592593
312     16  0.592593
135     16  0.592593
404     16  0.592593
362     15  0.555556
349     15  0.555556
185     15  0.555556
21      13  0.481481
     Count     Value
14      12  0.705882
268     11  0.647059
219     10  0.588235
183      9  0.529412
208      9  0.529412
297      9  0.529412
237      9  0.529412
52       9  0.529412
402      8  0.470588
135      8  0.470588
no winner, not enough
Current: []
Subround 18
     Count     Value
14      22  0.785714
268     20  0.714286
219     19  0.678571
237     18  0.642857
208     18  0.642857
272     17  0.607143
297     17  0.607143
135     17  0.607143
52      17  0.607143
183     17  0.607143
402     17  0.607143
176     16  0.571429
185     16  0.571429
97      16  0.571429
312     16  0.571429
468     16  0.571429
349     16  0.571429
404     16  0.571429
362     15  0.535714
21      13  0.464286
     Count     Value
14      13  0.722222
268     12  0.666667
219     11  0.611111
208     10  0.555556
237     10  0.555556
402      9  0.500000
272      9  0.500000
183      9  0.500000
297      9  0.500000
135      9  0.500000
no winner, not enough
Current: []
Subround 19
     Count     Value
14      23  0.793103
268     20  0.689655
219     20  0.689655
52      18  0.620690
297     18  0.620690
135     18  0.620690
237     18  0.620690
208     18  0.620690
272     17  0.586207
185     17  0.586207
404     17  0.586207
176     17  0.586207
183     17  0.586207
402     17  0.586207
97      16  0.551724
468     16  0.551724
312     16  0.551724
362     16  0.551724
349     16  0.551724
21      14  0.482759
     Count     Value
14      14  0.736842
268     12  0.631579
219     12  0.631579
135     10  0.526316
208     10  0.526316
297     10  0.526316
237     10  0.526316
52      10  0.526316
176      9  0.473684
402      9  0.473684
no winner, not enough
Current: []
Subround 20
     Count     Value
14      24  0.800000
268     21  0.700000
219     20  0.666667
297     19  0.633333
135     19  0.633333
237     19  0.633333
208     19  0.633333
52      18  0.600000
185     18  0.600000
404     18  0.600000
272     17  0.566667
176     17  0.566667
183     17  0.566667
97      17  0.566667
402     17  0.566667
362     17  0.566667
468     16  0.533333
312     16  0.533333
349     16  0.533333
21      14  0.466667
     Count  Value
14      15   0.75
268     13   0.65
219     12   0.60
135     11   0.55
208     11   0.55
297     11   0.55
237     11   0.55
52      10   0.50
404     10   0.50
185     10   0.50
no winner, not enough
Current: []
Subround 21
     Count     Value
14      25  0.806452
268     21  0.677419
219     21  0.677419
297     20  0.645161
237     20  0.645161
208     20  0.645161
135     19  0.612903
52      19  0.612903
185     18  0.580645
404     18  0.580645
402     18  0.580645
362     18  0.580645
272     17  0.548387
312     17  0.548387
176     17  0.548387
183     17  0.548387
97      17  0.548387
468     16  0.516129
349     16  0.516129
21      15  0.483871
     Count     Value
14      16  0.761905
268     13  0.619048
219     13  0.619048
208     12  0.571429
297     12  0.571429
237     12  0.571429
135     11  0.523810
52      11  0.523810
21      10  0.476190
402     10  0.476190
Current: [14]
Winning offset:
[14]
2021-09-07 17:50:41.068160
2021-09-07 17:54:34.333753
0:03:53.265593
