Loading page file profiles/packet3/pages/0x6e4a.yaml
Loading page file profiles/packet3/pages/0x6e60.yaml
Loading page file profiles/packet3/pages/0x6ee3.yaml
Loading page file profiles/packet3/pages/0x7241.yaml
Loading page file profiles/packet3/pages/0x7242.yaml
Loading page file profiles/packet3/pages/0x7243.yaml
Loading page file profiles/packet3/pages/0x7244.yaml
Round 1
Subround 1
not enough
     Count  Value
81       1    1.0
360      1    1.0
53       1    1.0
246      1    1.0
470      1    1.0
511      1    1.0
91       1    1.0
296      1    1.0
173      1    1.0
138      1    1.0
115      1    1.0
175      1    1.0
202      1    1.0
449      1    1.0
409      1    1.0
180      1    1.0
373      1    1.0
276      1    1.0
487      1    1.0
58       1    1.0
     Count  Value
81       1    1.0
360      1    1.0
53       1    1.0
246      1    1.0
470      1    1.0
511      1    1.0
91       1    1.0
296      1    1.0
173      1    1.0
138      1    1.0
Current: [3, 10, 11, 13, 16, 17, 19, 21, 24, 27, 29, 30, 32, 33, 34, 36, 37, 39, 41, 42, 44, 45, 47, 49, 50, 52, 53, 55, 56, 58, 60, 63, 64, 65, 66, 72, 74, 76, 77, 79, 80, 81, 82, 83, 84, 86, 91, 93, 95, 96, 98, 99, 101, 102, 103, 104, 110, 111, 114, 115, 119, 122, 127, 130, 131, 132, 133, 134, 137, 138, 139, 140, 144, 146, 147, 148, 149, 151, 152, 154, 158, 159, 160, 164, 165, 167, 168, 169, 170, 172, 173, 175, 176, 179, 180, 183, 185, 187, 188, 190, 195, 199, 200, 202, 207, 209, 211, 212, 215, 216, 218, 219, 220, 221, 222, 223, 224, 225, 226, 227, 229, 235, 237, 239, 241, 242, 246, 247, 250, 252, 253, 254, 256, 261, 262, 263, 265, 266, 268, 270, 273, 274, 276, 279, 280, 286, 287, 289, 294, 295, 296, 300, 303, 304, 306, 307, 309, 310, 314, 316, 317, 318, 322, 324, 325, 328, 329, 331, 332, 334, 336, 337, 340, 341, 342, 343, 346, 347, 350, 352, 356, 357, 359, 360, 361, 362, 363, 367, 372, 373, 375, 376, 377, 380, 381, 384, 389, 390, 392, 393, 396, 398, 401, 402, 403, 405, 408, 409, 413, 414, 417, 418, 419, 420, 425, 426, 429, 431, 433, 437, 438, 439, 440, 442, 444, 448, 449, 454, 456, 461, 462, 466, 468, 470, 472, 474, 477, 478, 483, 484, 485, 486, 487, 490, 491, 492, 494, 496, 498, 500, 503, 504, 508, 509, 510, 511]
Subround 2
not enough
     Count  Value
81       2    1.0
183      2    1.0
418      2    1.0
52       2    1.0
396      2    1.0
380      2    1.0
340      2    1.0
256      2    1.0
82       2    1.0
309      2    1.0
30       2    1.0
437      2    1.0
130      2    1.0
494      2    1.0
80       2    1.0
53       2    1.0
138      2    1.0
115      2    1.0
175      2    1.0
398      2    1.0
     Count  Value
81       2    1.0
183      2    1.0
418      2    1.0
52       2    1.0
396      2    1.0
380      2    1.0
340      2    1.0
256      2    1.0
82       2    1.0
309      2    1.0
Current: [3, 11, 13, 17, 19, 27, 29, 30, 32, 33, 34, 37, 42, 45, 49, 50, 52, 53, 55, 56, 60, 72, 74, 80, 81, 82, 95, 96, 98, 101, 102, 110, 111, 115, 119, 130, 134, 137, 138, 146, 149, 151, 158, 160, 167, 175, 179, 180, 183, 185, 195, 200, 212, 215, 225, 226, 227, 229, 241, 242, 247, 252, 256, 265, 273, 276, 286, 289, 295, 300, 309, 310, 316, 317, 324, 329, 331, 336, 340, 341, 342, 350, 357, 359, 360, 362, 376, 380, 384, 389, 396, 398, 401, 403, 405, 408, 409, 413, 417, 418, 425, 433, 437, 449, 456, 466, 468, 474, 477, 478, 483, 484, 486, 487, 491, 492, 494, 503, 509]
Subround 3
not enough
     Count  Value
53       3    1.0
42       3    1.0
183      3    1.0
19       3    1.0
60       3    1.0
324      3    1.0
456      3    1.0
56       3    1.0
336      3    1.0
200      3    1.0
417      3    1.0
477      3    1.0
227      3    1.0
185      3    1.0
137      3    1.0
111      3    1.0
17       3    1.0
478      3    1.0
474      3    1.0
401      3    1.0
     Count  Value
53       3    1.0
42       3    1.0
183      3    1.0
19       3    1.0
60       3    1.0
324      3    1.0
456      3    1.0
56       3    1.0
336      3    1.0
200      3    1.0
Current: [17, 19, 29, 30, 32, 33, 34, 37, 42, 52, 53, 56, 60, 72, 80, 111, 115, 119, 130, 137, 138, 180, 183, 185, 200, 212, 226, 227, 252, 256, 276, 300, 309, 324, 336, 340, 341, 357, 389, 396, 401, 409, 417, 425, 456, 474, 477, 478, 483, 484, 487]
Subround 4
not enough
     Count  Value
227      4    1.0
119      4    1.0
19       4    1.0
138      4    1.0
487      4    1.0
53       4    1.0
357      4    1.0
80       4    1.0
130      4    1.0
309      4    1.0
474      4    1.0
252      4    1.0
212      4    1.0
396      4    1.0
52       4    1.0
56       4    1.0
417      4    1.0
477      4    1.0
32       4    1.0
72       4    1.0
     Count  Value
227      4    1.0
119      4    1.0
19       4    1.0
138      4    1.0
487      4    1.0
53       4    1.0
357      4    1.0
80       4    1.0
130      4    1.0
309      4    1.0
Current: [3, 11, 13, 14, 16, 17, 19, 24, 27, 29, 30, 32, 33, 34, 37, 42, 43, 44, 51, 52, 53, 55, 56, 58, 60, 72, 74, 75, 79, 80, 81, 82, 94, 95, 102, 110, 111, 115, 119, 127, 128, 130, 132, 137, 138, 140, 144, 149, 154, 157, 160, 168, 170, 178, 180, 181, 183, 185, 187, 193, 195, 200, 202, 206, 211, 212, 215, 218, 220, 222, 226, 227, 229, 231, 235, 241, 242, 246, 250, 252, 256, 265, 267, 275, 276, 279, 280, 289, 292, 295, 300, 302, 306, 309, 314, 317, 319, 322, 324, 325, 326, 336, 337, 340, 341, 346, 349, 350, 355, 357, 359, 363, 364, 372, 374, 375, 376, 377, 389, 390, 396, 398, 401, 405, 408, 409, 416, 417, 423, 425, 433, 435, 441, 442, 446, 456, 460, 462, 466, 474, 476, 477, 478, 483, 484, 486, 487, 491, 494, 503, 505]
Subround 5
not enough
     Count  Value
396      5    1.0
357      5    1.0
72       5    1.0
212      5    1.0
19       5    1.0
53       5    1.0
252      5    1.0
29       4    0.8
340      4    0.8
302      4    0.8
484      4    0.8
462      4    0.8
416      4    0.8
11       4    0.8
222      4    0.8
3        4    0.8
325      4    0.8
474      4    0.8
227      4    0.8
280      4    0.8
     Count  Value
396      5    1.0
357      5    1.0
72       5    1.0
212      5    1.0
19       5    1.0
53       5    1.0
252      5    1.0
29       4    0.8
340      4    0.8
302      4    0.8
Current: [3, 11, 14, 16, 17, 19, 29, 30, 32, 34, 37, 52, 53, 56, 58, 60, 72, 80, 95, 111, 115, 119, 130, 132, 137, 138, 140, 154, 157, 160, 183, 187, 200, 206, 212, 218, 220, 222, 226, 227, 235, 242, 250, 252, 256, 267, 276, 280, 300, 302, 309, 317, 324, 325, 336, 340, 341, 349, 357, 363, 364, 389, 396, 408, 416, 417, 433, 442, 446, 462, 474, 477, 484, 487, 494]
Subround 6
not enough
     Count     Value
357      6  1.000000
53       6  1.000000
252      6  1.000000
19       6  1.000000
187      5  0.833333
137      5  0.833333
183      5  0.833333
220      5  0.833333
29       5  0.833333
58       5  0.833333
212      5  0.833333
11       5  0.833333
37       5  0.833333
317      5  0.833333
408      5  0.833333
60       5  0.833333
416      5  0.833333
227      5  0.833333
17       5  0.833333
34       5  0.833333
     Count     Value
357      6  1.000000
53       6  1.000000
252      6  1.000000
19       6  1.000000
187      5  0.833333
137      5  0.833333
183      5  0.833333
220      5  0.833333
29       5  0.833333
58       5  0.833333
Current: [3, 11, 17, 19, 29, 32, 34, 37, 53, 56, 58, 60, 72, 80, 111, 115, 119, 137, 138, 140, 160, 183, 187, 200, 212, 220, 226, 227, 235, 252, 302, 317, 340, 341, 357, 363, 364, 396, 408, 416, 433]
Subround 7
not enough
     Count     Value
53       7  1.000000
357      7  1.000000
56       6  0.857143
58       6  0.857143
220      6  0.857143
19       6  0.857143
408      6  0.857143
364      6  0.857143
340      6  0.857143
212      6  0.857143
416      6  0.857143
17       6  0.857143
32       6  0.857143
140      6  0.857143
396      6  0.857143
138      6  0.857143
115      6  0.857143
137      6  0.857143
252      6  0.857143
72       6  0.857143
     Count     Value
53       7  1.000000
357      7  1.000000
56       6  0.857143
58       6  0.857143
220      6  0.857143
19       6  0.857143
408      6  0.857143
364      6  0.857143
340      6  0.857143
212      6  0.857143
Current: [3, 11, 14, 16, 17, 18, 19, 21, 29, 30, 32, 34, 37, 44, 52, 53, 56, 58, 60, 72, 74, 80, 84, 94, 96, 110, 111, 115, 119, 126, 130, 132, 137, 138, 139, 140, 144, 154, 157, 160, 183, 185, 187, 190, 195, 200, 206, 212, 218, 220, 222, 226, 227, 235, 242, 246, 252, 256, 265, 267, 276, 300, 302, 317, 320, 325, 331, 336, 340, 341, 346, 349, 357, 358, 363, 364, 396, 408, 416, 417, 418, 433, 442, 446, 460, 462, 472, 476, 477, 483, 487, 494]
Subround 8
not enough
     Count  Value
357      8  1.000
32       7  0.875
53       7  0.875
220      7  0.875
138      7  0.875
115      7  0.875
252      7  0.875
58       7  0.875
364      7  0.875
19       7  0.875
140      7  0.875
442      6  0.750
300      6  0.750
433      6  0.750
408      6  0.750
222      6  0.750
44       6  0.750
11       6  0.750
446      6  0.750
84       6  0.750
     Count  Value
357      8  1.000
32       7  0.875
53       7  0.875
220      7  0.875
138      7  0.875
115      7  0.875
252      7  0.875
58       7  0.875
364      7  0.875
19       7  0.875
Current: [3, 11, 14, 16, 17, 19, 21, 29, 32, 37, 44, 53, 56, 58, 72, 80, 84, 94, 115, 137, 138, 139, 140, 154, 157, 160, 183, 185, 187, 190, 200, 212, 218, 220, 222, 226, 252, 256, 300, 302, 317, 331, 336, 340, 349, 357, 358, 363, 364, 396, 408, 416, 418, 433, 442, 446, 462, 476, 477, 487, 494]
Subround 9
not enough
     Count     Value
357      9  1.000000
53       8  0.888889
140      8  0.888889
138      8  0.888889
58       8  0.888889
218      7  0.777778
396      7  0.777778
154      7  0.777778
358      7  0.777778
80       7  0.777778
408      7  0.777778
44       7  0.777778
487      7  0.777778
364      7  0.777778
340      7  0.777778
252      7  0.777778
220      7  0.777778
416      7  0.777778
349      7  0.777778
32       7  0.777778
     Count     Value
357      9  1.000000
53       8  0.888889
140      8  0.888889
138      8  0.888889
58       8  0.888889
218      7  0.777778
396      7  0.777778
154      7  0.777778
358      7  0.777778
80       7  0.777778
Current: [11, 14, 16, 19, 21, 32, 44, 53, 58, 80, 115, 137, 138, 139, 140, 154, 157, 187, 200, 218, 220, 252, 300, 317, 340, 349, 357, 358, 363, 364, 396, 408, 416, 433, 446, 462, 487]
Subround 10
     Count  Value
357     10    1.0
140      9    0.9
58       9    0.9
53       9    0.9
416      8    0.8
16       8    0.8
300      8    0.8
14       8    0.8
44       8    0.8
252      8    0.8
200      8    0.8
115      8    0.8
154      8    0.8
358      8    0.8
138      8    0.8
11       8    0.8
363      8    0.8
340      8    0.8
364      7    0.7
222      7    0.7
     Count  Value
357     10    1.0
140      9    0.9
58       9    0.9
53       9    0.9
416      8    0.8
16       8    0.8
300      8    0.8
14       8    0.8
44       8    0.8
252      8    0.8
Current: [11, 14, 16, 44, 53, 58, 115, 138, 140, 154, 200, 252, 300, 340, 357, 358, 363, 416]
Round 2
Subround 1
not enough
     Count     Value
357     10  0.909091
416      9  0.818182
53       9  0.818182
14       9  0.818182
44       9  0.818182
252      9  0.818182
58       9  0.818182
115      9  0.818182
154      9  0.818182
358      9  0.818182
138      9  0.818182
140      9  0.818182
340      9  0.818182
11       8  0.727273
16       8  0.727273
300      8  0.727273
200      8  0.727273
363      8  0.727273
222      7  0.636364
29       7  0.636364
     Count  Value
138      1    1.0
358      1    1.0
14       1    1.0
340      1    1.0
115      1    1.0
252      1    1.0
416      1    1.0
154      1    1.0
44       1    1.0
Current: [14, 44, 53, 58, 115, 138, 140, 154, 252, 340, 357, 358, 416]
Subround 2
not enough
     Count     Value
357     11  0.916667
416     10  0.833333
14      10  0.833333
44      10  0.833333
115     10  0.833333
154     10  0.833333
358     10  0.833333
53       9  0.750000
16       9  0.750000
252      9  0.750000
58       9  0.750000
138      9  0.750000
11       9  0.750000
340      9  0.750000
140      9  0.750000
363      8  0.666667
300      8  0.666667
200      8  0.666667
84       7  0.583333
222      7  0.583333
     Count  Value
358      2    1.0
14       2    1.0
115      2    1.0
416      2    1.0
154      2    1.0
44       2    1.0
138      1    0.5
340      1    0.5
252      1    0.5
11       1    0.5
Current: [14, 44, 115, 154, 357, 358, 416]
Subround 3
not enough
     Count     Value
357     12  0.923077
14      11  0.846154
416     10  0.769231
53      10  0.769231
44      10  0.769231
252     10  0.769231
58      10  0.769231
115     10  0.769231
154     10  0.769231
358     10  0.769231
138     10  0.769231
140     10  0.769231
340     10  0.769231
11       9  0.692308
16       9  0.692308
363      9  0.692308
300      8  0.615385
200      8  0.615385
222      7  0.538462
29       7  0.538462
     Count     Value
14       3  1.000000
138      2  0.666667
358      2  0.666667
340      2  0.666667
115      2  0.666667
252      2  0.666667
416      2  0.666667
154      2  0.666667
44       2  0.666667
357      2  0.666667
Current: [14, 357]
Subround 4
not enough
     Count     Value
357     12  0.857143
14      12  0.857143
416     11  0.785714
154     11  0.785714
358     11  0.785714
138     11  0.785714
140     11  0.785714
11      10  0.714286
44      10  0.714286
58      10  0.714286
340     10  0.714286
115     10  0.714286
252     10  0.714286
53      10  0.714286
363     10  0.714286
16      10  0.714286
200      8  0.571429
300      8  0.571429
32       7  0.500000
317      7  0.500000
     Count  Value
14       4   1.00
138      3   0.75
358      3   0.75
416      3   0.75
154      3   0.75
340      2   0.50
115      2   0.50
252      2   0.50
44       2   0.50
11       2   0.50
Current: [14, 357]
Subround 5
not enough
     Count     Value
14      13  0.866667
357     13  0.866667
154     12  0.800000
358     12  0.800000
416     11  0.733333
363     11  0.733333
252     11  0.733333
115     11  0.733333
53      11  0.733333
138     11  0.733333
140     11  0.733333
58      10  0.666667
16      10  0.666667
340     10  0.666667
44      10  0.666667
11      10  0.666667
200      9  0.600000
300      8  0.533333
364      7  0.466667
462      7  0.466667
     Count  Value
14       5    1.0
154      4    0.8
358      4    0.8
138      3    0.6
357      3    0.6
363      3    0.6
115      3    0.6
252      3    0.6
416      3    0.6
53       2    0.4
Current: [14, 357]
Subround 6
not enough
     Count   Value
14      14  0.8750
357     14  0.8750
416     12  0.7500
363     12  0.7500
154     12  0.7500
358     12  0.7500
53      12  0.7500
138     12  0.7500
140     12  0.7500
11      11  0.6875
340     11  0.6875
252     11  0.6875
115     11  0.6875
16      10  0.6250
44      10  0.6250
58      10  0.6250
200      9  0.5625
300      8  0.5000
137      7  0.4375
250      7  0.4375
     Count     Value
14       6  1.000000
138      4  0.666667
416      4  0.666667
154      4  0.666667
358      4  0.666667
363      4  0.666667
357      4  0.666667
53       3  0.500000
340      3  0.500000
115      3  0.500000
Current: [14, 357]
Subround 7
not enough
     Count     Value
14      15  0.882353
357     15  0.882353
140     13  0.764706
154     13  0.764706
358     13  0.764706
53      13  0.764706
416     12  0.705882
363     12  0.705882
138     12  0.705882
11      12  0.705882
115     11  0.647059
340     11  0.647059
44      11  0.647059
252     11  0.647059
16      10  0.588235
200     10  0.588235
58      10  0.588235
300      8  0.470588
137      7  0.411765
250      7  0.411765
     Count     Value
14       7  1.000000
357      5  0.714286
154      5  0.714286
358      5  0.714286
138      4  0.571429
363      4  0.571429
53       4  0.571429
140      4  0.571429
416      4  0.571429
11       4  0.571429
Current: [14, 357]
Subround 8
not enough
     Count     Value
14      16  0.888889
357     15  0.833333
140     14  0.777778
154     14  0.777778
53      14  0.777778
358     13  0.722222
416     12  0.666667
363     12  0.666667
252     12  0.666667
138     12  0.666667
11      12  0.666667
115     11  0.611111
16      11  0.611111
340     11  0.611111
44      11  0.611111
200     11  0.611111
58      11  0.611111
300      9  0.500000
364      7  0.388889
250      7  0.388889
     Count  Value
14       8  1.000
154      6  0.750
358      5  0.625
53       5  0.625
140      5  0.625
357      5  0.625
138      4  0.500
363      4  0.500
11       4  0.500
416      4  0.500
Current: [14, 357]
Subround 9
not enough
     Count     Value
14      17  0.894737
357     16  0.842105
154     15  0.789474
53      14  0.736842
140     14  0.736842
358     14  0.736842
363     13  0.684211
416     12  0.631579
16      12  0.631579
44      12  0.631579
252     12  0.631579
58      12  0.631579
138     12  0.631579
11      12  0.631579
340     12  0.631579
115     11  0.578947
200     11  0.578947
300      9  0.473684
84       7  0.368421
222      7  0.368421
     Count     Value
14       9  1.000000
154      7  0.777778
358      6  0.666667
357      6  0.666667
363      5  0.555556
53       5  0.555556
140      5  0.555556
138      4  0.444444
16       4  0.444444
11       4  0.444444
Current: [14, 357]
Subround 10
     Count  Value
14      18   0.90
357     17   0.85
154     16   0.80
358     15   0.75
140     14   0.70
363     14   0.70
53      14   0.70
340     13   0.65
252     13   0.65
58      13   0.65
416     12   0.60
16      12   0.60
44      12   0.60
115     12   0.60
138     12   0.60
11      12   0.60
200     11   0.55
300      9   0.45
364      7   0.35
137      7   0.35
     Count  Value
14      10    1.0
154      8    0.8
357      7    0.7
358      7    0.7
363      6    0.6
340      5    0.5
252      5    0.5
53       5    0.5
140      5    0.5
138      4    0.4
Current: [14, 357]
Round 3
Subround 1
not enough
     Count     Value
357     18  0.857143
14      18  0.857143
154     16  0.761905
358     15  0.714286
140     14  0.666667
363     14  0.666667
53      14  0.666667
340     13  0.619048
252     13  0.619048
58      13  0.619048
416     12  0.571429
16      12  0.571429
44      12  0.571429
115     12  0.571429
138     12  0.571429
11      12  0.571429
200     11  0.523810
300      9  0.428571
364      7  0.333333
137      7  0.333333
     Count  Value
357      1    1.0
Current: [14, 357]
Subround 2
not enough
     Count     Value
14      19  0.863636
357     18  0.818182
154     16  0.727273
358     15  0.681818
140     14  0.636364
363     14  0.636364
53      14  0.636364
340     13  0.590909
252     13  0.590909
58      13  0.590909
416     12  0.545455
16      12  0.545455
44      12  0.545455
115     12  0.545455
138     12  0.545455
11      12  0.545455
200     11  0.500000
300      9  0.409091
364      7  0.318182
137      7  0.318182
     Count  Value
357      1    0.5
14       1    0.5
Current: [14, 357]
Subround 3
not enough
     Count     Value
14      20  0.869565
357     18  0.782609
154     16  0.695652
358     15  0.652174
140     14  0.608696
363     14  0.608696
53      14  0.608696
340     13  0.565217
252     13  0.565217
58      13  0.565217
416     12  0.521739
16      12  0.521739
44      12  0.521739
115     12  0.521739
138     12  0.521739
11      12  0.521739
200     11  0.478261
300      9  0.391304
364      7  0.304348
137      7  0.304348
     Count     Value
14       2  0.666667
357      1  0.333333
Current: [14]
Subround 4
not enough
     Count     Value
14      20  0.833333
357     19  0.791667
154     16  0.666667
358     15  0.625000
140     14  0.583333
363     14  0.583333
53      14  0.583333
340     13  0.541667
252     13  0.541667
58      13  0.541667
416     12  0.500000
16      12  0.500000
44      12  0.500000
115     12  0.500000
138     12  0.500000
11      12  0.500000
200     11  0.458333
300      9  0.375000
364      7  0.291667
137      7  0.291667
     Count  Value
357      2    0.5
14       2    0.5
Current: [14]
Subround 5
not enough
     Count  Value
14      21   0.84
357     19   0.76
154     16   0.64
358     15   0.60
140     14   0.56
363     14   0.56
53      14   0.56
340     13   0.52
252     13   0.52
58      13   0.52
416     12   0.48
16      12   0.48
44      12   0.48
115     12   0.48
138     12   0.48
11      12   0.48
200     11   0.44
300      9   0.36
364      7   0.28
137      7   0.28
     Count  Value
14       3    0.6
357      2    0.4
Current: [14]
Subround 6
not enough
     Count     Value
14      21  0.807692
357     20  0.769231
154     16  0.615385
358     15  0.576923
140     14  0.538462
363     14  0.538462
53      14  0.538462
340     13  0.500000
252     13  0.500000
58      13  0.500000
416     12  0.461538
16      12  0.461538
44      12  0.461538
115     12  0.461538
138     12  0.461538
11      12  0.461538
200     11  0.423077
300      9  0.346154
364      7  0.269231
137      7  0.269231
     Count  Value
357      3    0.5
14       3    0.5
Current: [14]
Subround 7
not enough
     Count     Value
14      22  0.814815
357     20  0.740741
154     16  0.592593
358     15  0.555556
140     14  0.518519
363     14  0.518519
53      14  0.518519
340     13  0.481481
252     13  0.481481
58      13  0.481481
416     12  0.444444
16      12  0.444444
44      12  0.444444
115     12  0.444444
138     12  0.444444
11      12  0.444444
200     11  0.407407
300      9  0.333333
364      7  0.259259
137      7  0.259259
     Count     Value
14       4  0.571429
357      3  0.428571
Current: [14]
Subround 8
not enough
     Count     Value
14      23  0.821429
357     20  0.714286
154     16  0.571429
358     15  0.535714
140     14  0.500000
363     14  0.500000
53      14  0.500000
340     13  0.464286
252     13  0.464286
58      13  0.464286
416     12  0.428571
16      12  0.428571
44      12  0.428571
115     12  0.428571
138     12  0.428571
11      12  0.428571
200     11  0.392857
300      9  0.321429
364      7  0.250000
137      7  0.250000
     Count  Value
14       5  0.625
357      3  0.375
Current: [14]
Subround 9
not enough
     Count     Value
14      24  0.827586
357     20  0.689655
154     16  0.551724
358     15  0.517241
140     14  0.482759
363     14  0.482759
53      14  0.482759
340     13  0.448276
252     13  0.448276
58      13  0.448276
416     12  0.413793
16      12  0.413793
44      12  0.413793
115     12  0.413793
138     12  0.413793
11      12  0.413793
200     11  0.379310
300      9  0.310345
364      7  0.241379
137      7  0.241379
     Count     Value
14       6  0.666667
357      3  0.333333
Current: [14]
Subround 10
     Count     Value
14      24  0.800000
357     21  0.700000
154     16  0.533333
358     15  0.500000
140     14  0.466667
363     14  0.466667
53      14  0.466667
340     13  0.433333
252     13  0.433333
58      13  0.433333
416     12  0.400000
16      12  0.400000
44      12  0.400000
115     12  0.400000
138     12  0.400000
11      12  0.400000
200     11  0.366667
300      9  0.300000
364      7  0.233333
137      7  0.233333
     Count  Value
14       6    0.6
357      4    0.4
no winner, not enough
Current: []
Subround 11
     Count     Value
14      25  0.806452
357     21  0.677419
154     16  0.516129
358     15  0.483871
140     14  0.451613
363     14  0.451613
53      14  0.451613
340     13  0.419355
252     13  0.419355
58      13  0.419355
416     12  0.387097
16      12  0.387097
44      12  0.387097
115     12  0.387097
138     12  0.387097
11      12  0.387097
200     11  0.354839
300      9  0.290323
364      7  0.225806
137      7  0.225806
     Count     Value
14       7  0.636364
357      4  0.363636
Current: [14]
Winning offset:
[14]
2021-09-07 11:13:53.759805
2021-09-07 11:17:43.249307
0:03:49.489502
