Loading page file profiles/packet3/pages/0x6e4a.yaml
Loading page file profiles/packet3/pages/0x6e60.yaml
Loading page file profiles/packet3/pages/0x6ee3.yaml
Loading page file profiles/packet3/pages/0x7241.yaml
Loading page file profiles/packet3/pages/0x7242.yaml
Loading page file profiles/packet3/pages/0x7243.yaml
Loading page file profiles/packet3/pages/0x7244.yaml
Round 1
Subround 1
not enough
     Count  Value
228      1    1.0
14       1    1.0
130      1    1.0
148      1    1.0
205      1    1.0
224      1    1.0
96       1    1.0
110      1    1.0
475      1    1.0
387      1    1.0
8        1    1.0
144      1    1.0
339      1    1.0
194      1    1.0
60       1    1.0
215      1    1.0
47       1    1.0
55       1    1.0
180      1    1.0
369      1    1.0
     Count  Value
228      1    1.0
14       1    1.0
130      1    1.0
148      1    1.0
205      1    1.0
224      1    1.0
96       1    1.0
110      1    1.0
475      1    1.0
387      1    1.0
Current: [0, 1, 2, 3, 4, 6, 8, 10, 11, 14, 15, 17, 18, 21, 22, 25, 28, 29, 30, 31, 33, 34, 35, 36, 38, 39, 40, 41, 45, 47, 48, 49, 50, 53, 55, 58, 59, 60, 61, 64, 65, 66, 67, 69, 71, 74, 75, 77, 79, 81, 86, 89, 90, 91, 92, 93, 96, 100, 101, 102, 104, 106, 107, 108, 109, 110, 113, 114, 117, 121, 123, 128, 129, 130, 131, 133, 134, 135, 137, 140, 141, 142, 143, 144, 148, 149, 150, 152, 157, 159, 161, 162, 166, 167, 168, 172, 174, 180, 182, 188, 189, 190, 191, 193, 194, 195, 196, 198, 199, 203, 205, 209, 210, 211, 212, 213, 214, 215, 216, 218, 219, 220, 224, 225, 228, 230, 231, 234, 236, 237, 239, 241, 242, 243, 244, 247, 250, 251, 255, 259, 260, 261, 263, 264, 270, 273, 274, 275, 277, 280, 282, 284, 285, 288, 290, 293, 295, 296, 307, 308, 311, 314, 315, 316, 317, 320, 324, 328, 329, 331, 334, 335, 338, 339, 340, 342, 346, 347, 348, 350, 351, 352, 353, 354, 355, 357, 360, 363, 366, 368, 369, 370, 372, 373, 376, 382, 383, 384, 385, 386, 387, 389, 394, 396, 397, 398, 402, 407, 409, 410, 411, 412, 414, 418, 419, 420, 423, 424, 428, 429, 436, 437, 438, 441, 442, 443, 447, 450, 451, 454, 456, 459, 461, 464, 467, 468, 471, 472, 475, 482, 483, 485, 490, 492, 493, 496, 497, 498, 499, 501, 502, 503, 506, 507, 508, 511]
Subround 2
not enough
     Count  Value
228      2    1.0
410      2    1.0
210      2    1.0
493      2    1.0
420      2    1.0
255      2    1.0
193      2    1.0
376      2    1.0
29       2    1.0
231      2    1.0
48       2    1.0
437      2    1.0
244      2    1.0
71       2    1.0
104      2    1.0
352      2    1.0
114      2    1.0
93       2    1.0
11       2    1.0
447      2    1.0
     Count  Value
228      2    1.0
410      2    1.0
210      2    1.0
493      2    1.0
420      2    1.0
255      2    1.0
193      2    1.0
376      2    1.0
29       2    1.0
231      2    1.0
Current: [1, 4, 8, 11, 14, 18, 25, 29, 31, 33, 34, 35, 36, 38, 39, 40, 45, 48, 49, 50, 53, 61, 64, 65, 67, 69, 71, 75, 81, 93, 96, 104, 108, 114, 117, 130, 134, 135, 137, 141, 142, 144, 148, 152, 157, 161, 168, 182, 189, 190, 191, 193, 194, 196, 199, 203, 209, 210, 211, 213, 214, 220, 228, 231, 236, 239, 241, 243, 244, 247, 250, 255, 261, 274, 275, 288, 295, 307, 311, 314, 316, 320, 331, 340, 347, 350, 351, 352, 354, 357, 363, 372, 373, 376, 383, 386, 387, 389, 394, 396, 397, 402, 409, 410, 419, 420, 437, 438, 441, 447, 450, 454, 456, 459, 461, 464, 467, 468, 482, 483, 485, 490, 493, 497, 501, 506, 507]
Subround 3
not enough
     Count  Value
199      3    1.0
231      3    1.0
69       3    1.0
307      3    1.0
161      3    1.0
386      3    1.0
35       3    1.0
314      3    1.0
354      3    1.0
394      3    1.0
239      3    1.0
191      3    1.0
220      3    1.0
157      3    1.0
141      3    1.0
402      3    1.0
190      3    1.0
275      3    1.0
316      3    1.0
483      3    1.0
     Count  Value
199      3    1.0
231      3    1.0
69       3    1.0
307      3    1.0
161      3    1.0
386      3    1.0
35       3    1.0
314      3    1.0
354      3    1.0
394      3    1.0
Current: [14, 35, 69, 108, 141, 157, 161, 182, 190, 191, 199, 214, 220, 231, 236, 239, 247, 275, 307, 314, 316, 350, 351, 354, 386, 394, 396, 402, 464, 468, 483, 507]
Subround 4
not enough
     Count  Value
141      4   1.00
14       4   1.00
464      4   1.00
157      4   1.00
314      4   1.00
231      4   1.00
199      4   1.00
468      4   1.00
69       4   1.00
236      4   1.00
275      4   1.00
394      4   1.00
161      4   1.00
354      4   1.00
362      3   0.75
94       3   0.75
348      3   0.75
129      3   0.75
447      3   0.75
137      3   0.75
     Count  Value
141      4    1.0
14       4    1.0
464      4    1.0
157      4    1.0
314      4    1.0
231      4    1.0
199      4    1.0
468      4    1.0
69       4    1.0
236      4    1.0
Current: [0, 8, 10, 11, 14, 15, 17, 23, 25, 32, 33, 35, 36, 38, 48, 50, 53, 59, 61, 64, 67, 69, 74, 75, 77, 79, 81, 86, 91, 92, 93, 94, 100, 102, 108, 114, 119, 121, 123, 128, 129, 130, 133, 137, 141, 142, 148, 157, 161, 165, 168, 180, 182, 188, 189, 190, 191, 195, 196, 197, 198, 199, 203, 205, 206, 207, 210, 213, 214, 219, 220, 223, 224, 227, 228, 231, 234, 236, 239, 241, 243, 247, 250, 251, 260, 273, 274, 275, 277, 285, 288, 290, 307, 311, 314, 316, 320, 325, 329, 334, 339, 347, 348, 350, 351, 352, 354, 355, 358, 360, 362, 363, 370, 382, 384, 386, 389, 394, 395, 396, 397, 402, 409, 410, 411, 413, 420, 423, 424, 425, 427, 432, 433, 436, 440, 442, 447, 450, 454, 464, 468, 483, 486, 492, 496, 497, 498, 499, 501, 505, 506, 507, 508]
Subround 5
not enough
     Count  Value
468      5    1.0
14       5    1.0
141      5    1.0
142      4    0.8
360      4    0.8
61       4    0.8
33       4    0.8
329      4    0.8
239      4    0.8
505      4    0.8
100      4    0.8
247      4    0.8
157      4    0.8
220      4    0.8
483      4    0.8
314      4    0.8
507      4    0.8
25       4    0.8
102      4    0.8
69       4    0.8
     Count  Value
468      5    1.0
14       5    1.0
141      5    1.0
142      4    0.8
360      4    0.8
61       4    0.8
33       4    0.8
329      4    0.8
239      4    0.8
505      4    0.8
Current: [0, 8, 11, 14, 25, 33, 35, 36, 61, 69, 81, 93, 100, 102, 128, 141, 142, 157, 161, 165, 182, 190, 195, 199, 213, 219, 220, 231, 234, 236, 239, 243, 247, 273, 275, 277, 314, 325, 329, 350, 351, 354, 360, 370, 386, 394, 395, 410, 413, 427, 447, 464, 468, 483, 505, 507]
Subround 6
not enough
     Count     Value
141      6  1.000000
14       6  1.000000
243      5  0.833333
93       5  0.833333
447      5  0.833333
395      5  0.833333
128      5  0.833333
8        5  0.833333
102      5  0.833333
386      5  0.833333
161      5  0.833333
142      5  0.833333
507      5  0.833333
81       5  0.833333
234      5  0.833333
239      5  0.833333
468      5  0.833333
195      5  0.833333
273      5  0.833333
33       5  0.833333
     Count     Value
141      6  1.000000
14       6  1.000000
243      5  0.833333
93       5  0.833333
447      5  0.833333
395      5  0.833333
128      5  0.833333
8        5  0.833333
102      5  0.833333
386      5  0.833333
Current: [8, 14, 33, 35, 61, 81, 93, 102, 128, 141, 142, 161, 165, 190, 195, 213, 220, 231, 234, 239, 243, 273, 351, 354, 360, 370, 386, 394, 395, 413, 427, 447, 468, 507]
Subround 7
not enough
     Count     Value
14       7  1.000000
190      6  0.857143
195      6  0.857143
141      6  0.857143
239      6  0.857143
220      6  0.857143
33       6  0.857143
395      6  0.857143
468      6  0.857143
102      6  0.857143
447      6  0.857143
413      6  0.857143
100      5  0.714286
157      5  0.714286
354      5  0.714286
35       5  0.714286
397      5  0.714286
464      5  0.714286
243      5  0.714286
360      5  0.714286
     Count     Value
14       7  1.000000
190      6  0.857143
195      6  0.857143
141      6  0.857143
239      6  0.857143
220      6  0.857143
33       6  0.857143
395      6  0.857143
468      6  0.857143
102      6  0.857143
Current: [0, 7, 8, 11, 14, 21, 25, 33, 34, 35, 47, 61, 81, 93, 100, 102, 128, 141, 142, 157, 161, 165, 166, 182, 190, 195, 197, 199, 213, 219, 220, 231, 234, 236, 239, 243, 247, 251, 273, 275, 277, 314, 331, 339, 350, 351, 352, 354, 360, 369, 370, 384, 386, 394, 395, 397, 402, 413, 427, 447, 464, 468, 483, 505, 507]
Subround 8
not enough
     Count  Value
14       8  1.000
190      7  0.875
239      7  0.875
395      7  0.875
220      7  0.875
195      7  0.875
468      7  0.875
102      7  0.875
128      6  0.750
386      6  0.750
33       6  0.750
505      6  0.750
93       6  0.750
61       6  0.750
161      6  0.750
166      6  0.750
413      6  0.750
447      6  0.750
142      6  0.750
243      6  0.750
     Count  Value
14       8  1.000
190      7  0.875
239      7  0.875
395      7  0.875
220      7  0.875
195      7  0.875
468      7  0.875
102      7  0.875
128      6  0.750
386      6  0.750
Current: [0, 7, 8, 14, 33, 34, 35, 47, 61, 81, 93, 100, 102, 128, 141, 142, 157, 161, 165, 166, 190, 195, 220, 231, 234, 239, 243, 251, 331, 339, 350, 354, 384, 386, 395, 413, 427, 447, 468, 505]
Subround 9
not enough
     Count     Value
14       9  1.000000
195      8  0.888889
190      8  0.888889
395      8  0.888889
239      7  0.777778
339      7  0.777778
61       7  0.777778
161      7  0.777778
220      7  0.777778
157      7  0.777778
231      7  0.777778
468      7  0.777778
102      7  0.777778
447      7  0.777778
33       7  0.777778
47       7  0.777778
34       7  0.777778
81       7  0.777778
251      6  0.666667
29       6  0.666667
     Count     Value
14       9  1.000000
195      8  0.888889
190      8  0.888889
395      8  0.888889
239      7  0.777778
339      7  0.777778
61       7  0.777778
161      7  0.777778
220      7  0.777778
157      7  0.777778
Current: [14, 33, 34, 47, 61, 81, 102, 157, 161, 190, 195, 220, 231, 239, 339, 395, 447, 468]
Subround 10
     Count  Value
14      10    1.0
195      9    0.9
190      9    0.9
395      8    0.8
220      8    0.8
447      8    0.8
81       8    0.8
468      8    0.8
33       8    0.8
231      8    0.8
213      7    0.7
197      7    0.7
311      7    0.7
25       7    0.7
142      7    0.7
166      7    0.7
331      7    0.7
239      7    0.7
385      7    0.7
161      7    0.7
     Count  Value
14      10    1.0
195      9    0.9
190      9    0.9
395      8    0.8
220      8    0.8
447      8    0.8
81       8    0.8
468      8    0.8
33       8    0.8
231      8    0.8
Current: [14, 33, 81, 190, 195, 220, 231, 395, 447, 468]
Round 2
Subround 1
not enough
     Count     Value
14      11  1.000000
195     10  0.909091
190     10  0.909091
468      9  0.818182
33       9  0.818182
395      8  0.727273
220      8  0.727273
447      8  0.727273
81       8  0.727273
231      8  0.727273
213      7  0.636364
197      7  0.636364
311      7  0.636364
25       7  0.636364
142      7  0.636364
166      7  0.636364
331      7  0.636364
239      7  0.636364
385      7  0.636364
161      7  0.636364
     Count  Value
190      1    1.0
33       1    1.0
468      1    1.0
14       1    1.0
195      1    1.0
Current: [14, 33, 190, 195, 468]
Subround 2
not enough
     Count     Value
14      12  1.000000
195     11  0.916667
190     11  0.916667
395      9  0.750000
220      9  0.750000
468      9  0.750000
33       9  0.750000
447      8  0.666667
81       8  0.666667
231      8  0.666667
213      7  0.583333
197      7  0.583333
311      7  0.583333
25       7  0.583333
142      7  0.583333
166      7  0.583333
331      7  0.583333
239      7  0.583333
385      7  0.583333
161      7  0.583333
     Count  Value
190      2    1.0
14       2    1.0
195      2    1.0
33       1    0.5
468      1    0.5
395      1    0.5
220      1    0.5
Current: [14, 190, 195]
Subround 3
not enough
     Count     Value
14      13  1.000000
195     11  0.846154
190     11  0.846154
468     10  0.769231
33      10  0.769231
395      9  0.692308
220      9  0.692308
81       9  0.692308
231      9  0.692308
447      8  0.615385
34       7  0.538462
340      7  0.538462
197      7  0.538462
102      7  0.538462
339      7  0.538462
61       7  0.538462
25       7  0.538462
142      7  0.538462
166      7  0.538462
47       7  0.538462
     Count     Value
14       3  1.000000
190      2  0.666667
33       2  0.666667
468      2  0.666667
195      2  0.666667
395      1  0.333333
220      1  0.333333
231      1  0.333333
81       1  0.333333
Current: [14, 190, 195]
Subround 4
not enough
     Count     Value
14      14  1.000000
195     12  0.857143
190     12  0.857143
220     10  0.714286
468     10  0.714286
33      10  0.714286
395      9  0.642857
447      9  0.642857
81       9  0.642857
231      9  0.642857
213      7  0.500000
197      7  0.500000
311      7  0.500000
25       7  0.500000
142      7  0.500000
166      7  0.500000
331      7  0.500000
239      7  0.500000
385      7  0.500000
161      7  0.500000
     Count  Value
14       4   1.00
190      3   0.75
195      3   0.75
33       2   0.50
468      2   0.50
220      2   0.50
395      1   0.25
231      1   0.25
81       1   0.25
447      1   0.25
Current: [14, 190, 195]
Subround 5
not enough
     Count     Value
14      15  1.000000
190     13  0.866667
195     12  0.800000
220     11  0.733333
468     11  0.733333
33      10  0.666667
231     10  0.666667
395      9  0.600000
447      9  0.600000
81       9  0.600000
507      7  0.466667
402      7  0.466667
197      7  0.466667
102      7  0.466667
61       7  0.466667
311      7  0.466667
25       7  0.466667
142      7  0.466667
166      7  0.466667
369      7  0.466667
     Count  Value
14       5    1.0
190      4    0.8
468      3    0.6
195      3    0.6
220      3    0.6
33       2    0.4
231      2    0.4
395      1    0.2
81       1    0.2
447      1    0.2
Current: [14, 190]
Subround 6
not enough
     Count   Value
14      16  1.0000
190     14  0.8750
195     13  0.8125
468     12  0.7500
220     11  0.6875
231     11  0.6875
33      10  0.6250
81       9  0.5625
447      9  0.5625
395      9  0.5625
25       7  0.4375
53       7  0.4375
339      7  0.4375
47       7  0.4375
402      7  0.4375
197      7  0.4375
102      7  0.4375
61       7  0.4375
311      7  0.4375
369      7  0.4375
     Count     Value
14       6  1.000000
190      5  0.833333
468      4  0.666667
195      4  0.666667
220      3  0.500000
231      3  0.500000
33       2  0.333333
395      1  0.166667
81       1  0.166667
447      1  0.166667
Current: [14, 190, 195]
Subround 7
not enough
     Count     Value
14      17  1.000000
190     14  0.823529
195     13  0.764706
220     12  0.705882
468     12  0.705882
231     12  0.705882
33      10  0.588235
447     10  0.588235
395     10  0.588235
81       9  0.529412
25       7  0.411765
53       7  0.411765
339      7  0.411765
47       7  0.411765
402      7  0.411765
197      7  0.411765
102      7  0.411765
61       7  0.411765
311      7  0.411765
369      7  0.411765
     Count     Value
14       7  1.000000
190      5  0.714286
468      4  0.571429
195      4  0.571429
220      4  0.571429
231      4  0.571429
33       2  0.285714
395      2  0.285714
447      2  0.285714
81       1  0.142857
Current: [14, 190]
Subround 8
not enough
     Count     Value
14      17  0.944444
195     14  0.777778
190     14  0.777778
220     13  0.722222
468     13  0.722222
231     12  0.666667
33      11  0.611111
447     11  0.611111
395     10  0.555556
81       9  0.500000
25       7  0.388889
53       7  0.388889
339      7  0.388889
47       7  0.388889
402      7  0.388889
197      7  0.388889
102      7  0.388889
61       7  0.388889
311      7  0.388889
369      7  0.388889
     Count  Value
14       7  0.875
190      5  0.625
468      5  0.625
195      5  0.625
220      5  0.625
231      4  0.500
33       3  0.375
447      3  0.375
395      2  0.250
81       1  0.125
Current: [14]
Subround 9
not enough
     Count     Value
14      18  0.947368
195     14  0.736842
190     14  0.736842
468     14  0.736842
220     13  0.684211
231     13  0.684211
33      11  0.578947
447     11  0.578947
395     11  0.578947
81      10  0.526316
25       7  0.368421
53       7  0.368421
339      7  0.368421
47       7  0.368421
402      7  0.368421
197      7  0.368421
102      7  0.368421
61       7  0.368421
311      7  0.368421
369      7  0.368421
     Count     Value
14       8  0.888889
468      6  0.666667
190      5  0.555556
195      5  0.555556
220      5  0.555556
231      5  0.555556
33       3  0.333333
395      3  0.333333
447      3  0.333333
81       2  0.222222
Current: [14]
Subround 10
     Count  Value
14      19   0.95
190     15   0.75
468     15   0.75
195     14   0.70
220     14   0.70
231     13   0.65
33      11   0.55
81      11   0.55
447     11   0.55
395     11   0.55
25       7   0.35
53       7   0.35
339      7   0.35
47       7   0.35
402      7   0.35
197      7   0.35
102      7   0.35
61       7   0.35
311      7   0.35
369      7   0.35
     Count  Value
14       9    0.9
468      7    0.7
190      6    0.6
220      6    0.6
195      5    0.5
231      5    0.5
33       3    0.3
395      3    0.3
81       3    0.3
447      3    0.3
Current: [14]
Winning offset:
[14]
2021-09-07 18:10:54.511203
2021-09-07 18:14:07.861716
0:03:13.350513
