Loading page file profiles/packet3/pages/0x6e4a.yaml
Loading page file profiles/packet3/pages/0x6e60.yaml
Loading page file profiles/packet3/pages/0x6ee3.yaml
Loading page file profiles/packet3/pages/0x7241.yaml
Loading page file profiles/packet3/pages/0x7242.yaml
Loading page file profiles/packet3/pages/0x7243.yaml
Loading page file profiles/packet3/pages/0x7244.yaml
Round 1
Subround 1
not enough
     Count  Value
173      1    1.0
316      1    1.0
161      1    1.0
417      1    1.0
428      1    1.0
329      1    1.0
306      1    1.0
490      1    1.0
264      1    1.0
276      1    1.0
226      1    1.0
317      1    1.0
354      1    1.0
384      1    1.0
287      1    1.0
336      1    1.0
403      1    1.0
255      1    1.0
123      1    1.0
339      1    1.0
     Count  Value
173      1    1.0
316      1    1.0
161      1    1.0
417      1    1.0
428      1    1.0
329      1    1.0
306      1    1.0
490      1    1.0
264      1    1.0
276      1    1.0
Current: [3, 4, 5, 6, 8, 9, 14, 16, 20, 23, 24, 25, 28, 30, 31, 34, 35, 36, 38, 41, 43, 44, 47, 48, 50, 53, 56, 57, 58, 60, 66, 67, 68, 70, 71, 72, 74, 79, 82, 84, 87, 89, 90, 91, 93, 97, 102, 103, 105, 106, 107, 108, 110, 113, 114, 118, 119, 123, 124, 125, 126, 136, 137, 144, 145, 151, 154, 155, 156, 158, 159, 161, 162, 163, 165, 166, 169, 170, 173, 175, 176, 183, 184, 189, 190, 192, 194, 195, 198, 201, 202, 203, 204, 207, 208, 210, 212, 214, 215, 217, 219, 224, 226, 227, 228, 229, 230, 231, 232, 234, 236, 237, 243, 244, 246, 249, 250, 251, 253, 255, 258, 260, 263, 264, 267, 269, 271, 272, 274, 275, 276, 277, 278, 283, 284, 285, 286, 287, 289, 290, 295, 299, 300, 301, 303, 304, 306, 309, 310, 311, 313, 316, 317, 318, 319, 322, 323, 326, 328, 329, 330, 331, 333, 334, 335, 336, 338, 339, 343, 347, 348, 350, 351, 352, 353, 354, 355, 356, 359, 360, 361, 363, 366, 367, 369, 370, 373, 374, 380, 383, 384, 387, 388, 390, 391, 396, 398, 399, 400, 401, 403, 405, 406, 407, 410, 413, 416, 417, 423, 424, 425, 427, 428, 430, 434, 435, 439, 440, 443, 444, 445, 448, 449, 452, 453, 456, 457, 459, 465, 466, 468, 469, 470, 473, 474, 475, 477, 479, 480, 482, 485, 486, 487, 490, 494, 495, 497, 499, 500, 501, 502, 505, 506, 508, 509, 511]
Subround 2
not enough
     Count  Value
107      2    1.0
470      2    1.0
328      2    1.0
90       2    1.0
184      2    1.0
468      2    1.0
274      2    1.0
410      2    1.0
330      2    1.0
30       2    1.0
343      2    1.0
151      2    1.0
267      2    1.0
108      2    1.0
25       2    1.0
486      2    1.0
322      2    1.0
57       2    1.0
84       2    1.0
67       2    1.0
     Count  Value
107      2    1.0
470      2    1.0
328      2    1.0
90       2    1.0
184      2    1.0
468      2    1.0
274      2    1.0
410      2    1.0
330      2    1.0
30       2    1.0
Current: [3, 8, 9, 14, 20, 23, 24, 25, 28, 30, 31, 34, 35, 36, 38, 43, 47, 48, 50, 56, 57, 60, 67, 72, 84, 89, 90, 93, 97, 105, 107, 108, 113, 137, 151, 154, 155, 159, 161, 162, 165, 170, 175, 176, 183, 184, 192, 195, 198, 202, 203, 224, 226, 228, 229, 237, 243, 244, 246, 249, 251, 253, 264, 267, 271, 274, 276, 277, 278, 287, 289, 299, 300, 309, 311, 317, 318, 319, 322, 323, 326, 328, 329, 330, 333, 334, 335, 336, 339, 343, 347, 351, 353, 354, 355, 356, 363, 373, 374, 383, 384, 388, 391, 396, 398, 403, 407, 410, 416, 417, 427, 430, 434, 443, 445, 448, 449, 452, 453, 456, 457, 459, 465, 468, 470, 474, 485, 486, 487, 497, 506, 508]
Subround 3
not enough
     Count  Value
162      3    1.0
330      3    1.0
277      3    1.0
468      3    1.0
326      3    1.0
202      3    1.0
30       3    1.0
226      3    1.0
175      3    1.0
249      3    1.0
354      3    1.0
90       3    1.0
391      3    1.0
113      3    1.0
154      3    1.0
151      3    1.0
24       3    1.0
35       3    1.0
453      3    1.0
14       3    1.0
     Count  Value
162      3    1.0
330      3    1.0
277      3    1.0
468      3    1.0
326      3    1.0
202      3    1.0
30       3    1.0
226      3    1.0
175      3    1.0
249      3    1.0
Current: [3, 14, 24, 30, 35, 38, 50, 90, 105, 113, 151, 154, 162, 175, 198, 202, 226, 229, 249, 253, 271, 277, 289, 299, 323, 326, 330, 351, 354, 374, 391, 453, 468]
Subround 4
not enough
     Count  Value
175      4   1.00
453      4   1.00
35       4   1.00
330      4   1.00
105      4   1.00
249      4   1.00
14       4   1.00
351      4   1.00
299      4   1.00
468      4   1.00
151      4   1.00
50       4   1.00
202      4   1.00
391      4   1.00
323      4   1.00
354      4   1.00
226      4   1.00
3        4   1.00
298      3   0.75
90       3   0.75
     Count  Value
175      4    1.0
453      4    1.0
35       4    1.0
330      4    1.0
105      4    1.0
249      4    1.0
14       4    1.0
351      4    1.0
299      4    1.0
468      4    1.0
Current: [3, 6, 9, 14, 20, 23, 24, 28, 30, 34, 35, 38, 43, 47, 48, 49, 50, 55, 56, 60, 68, 72, 73, 79, 87, 90, 92, 96, 97, 102, 104, 105, 106, 107, 112, 113, 137, 145, 151, 154, 161, 162, 165, 169, 173, 175, 176, 184, 187, 194, 195, 198, 200, 202, 203, 207, 210, 226, 228, 229, 234, 236, 238, 243, 249, 250, 251, 252, 253, 255, 258, 269, 271, 276, 277, 287, 289, 298, 299, 300, 309, 310, 311, 316, 317, 319, 323, 326, 328, 329, 330, 334, 336, 339, 351, 353, 354, 355, 356, 363, 366, 367, 374, 380, 384, 389, 391, 396, 399, 403, 405, 407, 410, 412, 415, 416, 417, 427, 440, 443, 449, 452, 453, 455, 456, 459, 460, 465, 467, 468, 470, 473, 474, 477, 480, 486, 487, 495, 496, 497, 499, 502, 506, 509]
Subround 5
not enough
     Count  Value
453      5    1.0
35       5    1.0
202      5    1.0
249      5    1.0
14       5    1.0
105      5    1.0
330      5    1.0
354      5    1.0
468      5    1.0
366      4    0.8
465      4    0.8
50       4    0.8
405      4    0.8
316      4    0.8
200      4    0.8
363      4    0.8
73       4    0.8
173      4    0.8
326      4    0.8
323      4    0.8
     Count  Value
453      5    1.0
35       5    1.0
202      5    1.0
249      5    1.0
14       5    1.0
105      5    1.0
330      5    1.0
354      5    1.0
468      5    1.0
366      4    0.8
Current: [3, 6, 14, 20, 23, 34, 35, 47, 50, 55, 68, 72, 73, 90, 104, 105, 106, 151, 154, 161, 165, 169, 173, 175, 194, 198, 200, 202, 207, 226, 229, 249, 251, 253, 287, 289, 299, 309, 310, 311, 316, 317, 323, 326, 330, 351, 353, 354, 356, 363, 366, 374, 391, 396, 403, 405, 407, 412, 416, 417, 427, 440, 449, 453, 456, 465, 468, 470, 473, 474, 486, 502]
Subround 6
not enough
     Count     Value
249      6  1.000000
14       6  1.000000
202      6  1.000000
173      5  0.833333
50       5  0.833333
354      5  0.833333
287      5  0.833333
403      5  0.833333
351      5  0.833333
363      5  0.833333
326      5  0.833333
316      5  0.833333
105      5  0.833333
323      5  0.833333
486      5  0.833333
465      5  0.833333
449      5  0.833333
317      5  0.833333
473      5  0.833333
229      5  0.833333
     Count     Value
249      6  1.000000
14       6  1.000000
202      6  1.000000
173      5  0.833333
50       5  0.833333
354      5  0.833333
287      5  0.833333
403      5  0.833333
351      5  0.833333
363      5  0.833333
Current: [14, 23, 34, 35, 47, 50, 55, 72, 105, 161, 173, 175, 194, 202, 229, 249, 287, 289, 299, 309, 316, 317, 323, 326, 330, 351, 354, 356, 363, 391, 403, 405, 407, 417, 449, 453, 465, 468, 473, 474, 486, 502]
Subround 7
not enough
     Count     Value
249      7  1.000000
202      7  1.000000
502      6  0.857143
405      6  0.857143
391      6  0.857143
14       6  0.857143
417      6  0.857143
34       6  0.857143
289      6  0.857143
403      6  0.857143
510      5  0.714286
68       5  0.714286
161      5  0.714286
135      5  0.714286
232      5  0.714286
218      5  0.714286
374      5  0.714286
497      5  0.714286
335      5  0.714286
311      5  0.714286
     Count     Value
249      7  1.000000
202      7  1.000000
502      6  0.857143
405      6  0.857143
391      6  0.857143
14       6  0.857143
417      6  0.857143
34       6  0.857143
289      6  0.857143
403      6  0.857143
Current: [3, 6, 14, 20, 23, 30, 34, 35, 47, 49, 50, 55, 68, 72, 73, 90, 104, 105, 106, 107, 114, 120, 135, 142, 154, 161, 162, 165, 169, 173, 175, 176, 194, 200, 201, 202, 207, 208, 212, 218, 219, 229, 232, 249, 251, 253, 264, 265, 271, 287, 289, 299, 309, 311, 313, 316, 317, 323, 326, 330, 335, 343, 351, 352, 354, 355, 356, 358, 359, 363, 370, 374, 382, 391, 396, 399, 403, 405, 407, 412, 416, 417, 424, 425, 427, 435, 438, 440, 449, 453, 456, 465, 468, 473, 474, 485, 486, 497, 501, 502, 510]
Subround 8
not enough
     Count  Value
202      8  1.000
249      7  0.875
14       7  0.875
403      7  0.875
391      7  0.875
405      7  0.875
289      7  0.875
142      6  0.750
114      6  0.750
474      6  0.750
90       6  0.750
30       6  0.750
271      6  0.750
486      6  0.750
382      6  0.750
169      6  0.750
201      6  0.750
453      6  0.750
176      6  0.750
326      6  0.750
     Count  Value
202      8  1.000
249      7  0.875
14       7  0.875
403      7  0.875
391      7  0.875
405      7  0.875
289      7  0.875
142      6  0.750
114      6  0.750
474      6  0.750
Current: [14, 30, 34, 49, 72, 73, 90, 105, 114, 120, 135, 142, 154, 169, 176, 194, 200, 201, 202, 207, 232, 249, 264, 265, 271, 289, 326, 330, 352, 354, 355, 358, 370, 382, 391, 403, 405, 407, 412, 417, 427, 449, 453, 473, 474, 486, 497, 502]
Subround 9
not enough
     Count     Value
202      9  1.000000
391      8  0.888889
249      8  0.888889
14       8  0.888889
105      7  0.777778
453      7  0.777778
194      7  0.777778
427      7  0.777778
154      7  0.777778
176      7  0.777778
405      7  0.777778
449      7  0.777778
169      7  0.777778
289      7  0.777778
417      7  0.777778
201      7  0.777778
34       7  0.777778
403      7  0.777778
407      7  0.777778
502      7  0.777778
     Count     Value
202      9  1.000000
391      8  0.888889
249      8  0.888889
14       8  0.888889
105      7  0.777778
453      7  0.777778
194      7  0.777778
427      7  0.777778
154      7  0.777778
176      7  0.777778
Current: [14, 34, 105, 154, 169, 176, 194, 201, 202, 249, 289, 391, 403, 405, 407, 417, 427, 449, 453, 502]
Subround 10
     Count  Value
202     10    1.0
14       9    0.9
391      9    0.9
249      9    0.9
201      8    0.8
154      8    0.8
453      8    0.8
407      8    0.8
427      8    0.8
34       8    0.8
412      7    0.7
212      7    0.7
238      7    0.7
176      7    0.7
283      7    0.7
90       7    0.7
435      7    0.7
30       7    0.7
142      7    0.7
383      7    0.7
     Count  Value
202     10    1.0
14       9    0.9
391      9    0.9
249      9    0.9
201      8    0.8
154      8    0.8
453      8    0.8
407      8    0.8
427      8    0.8
34       8    0.8
Current: [14, 34, 154, 201, 202, 249, 391, 407, 427, 453]
Round 2
Subround 1
not enough
     Count     Value
14      10  0.909091
202     10  0.909091
391      9  0.818182
201      9  0.818182
407      9  0.818182
249      9  0.818182
427      9  0.818182
34       9  0.818182
154      8  0.727273
453      8  0.727273
412      7  0.636364
212      7  0.636364
238      7  0.636364
176      7  0.636364
283      7  0.636364
90       7  0.636364
435      7  0.636364
30       7  0.636364
142      7  0.636364
383      7  0.636364
     Count  Value
427      1    1.0
201      1    1.0
407      1    1.0
14       1    1.0
34       1    1.0
Current: [14, 34, 201, 202, 249, 391, 407, 427]
Subround 2
not enough
     Count     Value
14      11  0.916667
202     11  0.916667
201     10  0.833333
249     10  0.833333
391      9  0.750000
154      9  0.750000
407      9  0.750000
427      9  0.750000
34       9  0.750000
453      8  0.666667
412      7  0.583333
212      7  0.583333
238      7  0.583333
176      7  0.583333
283      7  0.583333
90       7  0.583333
435      7  0.583333
30       7  0.583333
142      7  0.583333
383      7  0.583333
     Count  Value
201      2    1.0
14       2    1.0
427      1    0.5
407      1    0.5
34       1    0.5
202      1    0.5
249      1    0.5
154      1    0.5
Current: [14, 201, 202, 249]
Subround 3
not enough
     Count     Value
14      12  0.923077
202     11  0.846154
201     10  0.769231
407     10  0.769231
249     10  0.769231
427     10  0.769231
34      10  0.769231
391      9  0.692308
154      9  0.692308
453      9  0.692308
412      7  0.538462
212      7  0.538462
238      7  0.538462
176      7  0.538462
283      7  0.538462
90       7  0.538462
435      7  0.538462
30       7  0.538462
142      7  0.538462
383      7  0.538462
     Count     Value
14       3  1.000000
427      2  0.666667
201      2  0.666667
407      2  0.666667
34       2  0.666667
202      1  0.333333
249      1  0.333333
154      1  0.333333
453      1  0.333333
Current: [14, 202]
Subround 4
not enough
     Count     Value
14      12  0.857143
202     12  0.857143
407     11  0.785714
427     11  0.785714
391     10  0.714286
201     10  0.714286
154     10  0.714286
249     10  0.714286
34      10  0.714286
453      9  0.642857
412      7  0.500000
212      7  0.500000
238      7  0.500000
176      7  0.500000
283      7  0.500000
90       7  0.500000
435      7  0.500000
30       7  0.500000
142      7  0.500000
383      7  0.500000
     Count  Value
427      3   0.75
407      3   0.75
14       3   0.75
201      2   0.50
34       2   0.50
202      2   0.50
154      2   0.50
249      1   0.25
453      1   0.25
391      1   0.25
Current: [14, 202]
Subround 5
not enough
     Count     Value
14      13  0.866667
202     12  0.800000
407     12  0.800000
391     11  0.733333
154     11  0.733333
427     11  0.733333
34      11  0.733333
201     10  0.666667
249     10  0.666667
453      9  0.600000
412      7  0.466667
212      7  0.466667
238      7  0.466667
176      7  0.466667
283      7  0.466667
90       7  0.466667
435      7  0.466667
30       7  0.466667
142      7  0.466667
383      7  0.466667
     Count  Value
407      4    0.8
14       4    0.8
427      3    0.6
34       3    0.6
154      3    0.6
201      2    0.4
202      2    0.4
391      2    0.4
249      1    0.2
453      1    0.2
Current: [14]
Subround 6
not enough
     Count   Value
14      14  0.8750
202     12  0.7500
407     12  0.7500
427     12  0.7500
34      12  0.7500
391     11  0.6875
201     11  0.6875
154     11  0.6875
249     11  0.6875
453      9  0.5625
412      7  0.4375
212      7  0.4375
238      7  0.4375
176      7  0.4375
283      7  0.4375
90       7  0.4375
435      7  0.4375
30       7  0.4375
142      7  0.4375
383      7  0.4375
     Count     Value
14       5  0.833333
427      4  0.666667
407      4  0.666667
34       4  0.666667
201      3  0.500000
154      3  0.500000
202      2  0.333333
249      2  0.333333
391      2  0.333333
453      1  0.166667
Current: [14]
Subround 7
not enough
     Count     Value
14      15  0.882353
407     13  0.764706
34      13  0.764706
201     12  0.705882
202     12  0.705882
427     12  0.705882
391     11  0.647059
154     11  0.647059
249     11  0.647059
453     10  0.588235
412      7  0.411765
212      7  0.411765
238      7  0.411765
176      7  0.411765
283      7  0.411765
90       7  0.411765
435      7  0.411765
30       7  0.411765
142      7  0.411765
383      7  0.411765
     Count     Value
14       6  0.857143
407      5  0.714286
34       5  0.714286
427      4  0.571429
201      4  0.571429
154      3  0.428571
202      2  0.285714
249      2  0.285714
453      2  0.285714
391      2  0.285714
Current: [14]
Subround 8
not enough
     Count     Value
14      16  0.888889
407     14  0.777778
34      14  0.777778
201     12  0.666667
202     12  0.666667
154     12  0.666667
427     12  0.666667
391     11  0.611111
453     11  0.611111
249     11  0.611111
412      7  0.388889
212      7  0.388889
238      7  0.388889
176      7  0.388889
283      7  0.388889
90       7  0.388889
435      7  0.388889
30       7  0.388889
142      7  0.388889
383      7  0.388889
     Count  Value
14       7  0.875
407      6  0.750
34       6  0.750
427      4  0.500
201      4  0.500
154      4  0.500
453      3  0.375
202      2  0.250
249      2  0.250
391      2  0.250
Current: [14]
Subround 9
not enough
     Count     Value
14      17  0.894737
407     15  0.789474
34      14  0.736842
391     12  0.631579
201     12  0.631579
202     12  0.631579
154     12  0.631579
453     12  0.631579
249     12  0.631579
427     12  0.631579
412      7  0.368421
212      7  0.368421
238      7  0.368421
176      7  0.368421
283      7  0.368421
90       7  0.368421
435      7  0.368421
30       7  0.368421
142      7  0.368421
383      7  0.368421
     Count     Value
14       8  0.888889
407      7  0.777778
34       6  0.666667
427      4  0.444444
201      4  0.444444
154      4  0.444444
453      4  0.444444
249      3  0.333333
391      3  0.333333
202      2  0.222222
Current: [14]
Subround 10
     Count  Value
14      18   0.90
407     15   0.75
34      15   0.75
154     13   0.65
249     13   0.65
427     13   0.65
391     12   0.60
201     12   0.60
202     12   0.60
453     12   0.60
412      7   0.35
212      7   0.35
238      7   0.35
176      7   0.35
283      7   0.35
90       7   0.35
435      7   0.35
30       7   0.35
142      7   0.35
383      7   0.35
     Count  Value
14       9    0.9
407      7    0.7
34       7    0.7
427      5    0.5
154      5    0.5
201      4    0.4
249      4    0.4
453      4    0.4
391      3    0.3
202      2    0.2
Current: [14]
Winning offset:
[14]
2021-09-07 12:37:24.079105
2021-09-07 12:40:39.858126
0:03:15.779021
