Loading page file profiles/packet3/pages/0x6e4a.yaml
Loading page file profiles/packet3/pages/0x6e60.yaml
Loading page file profiles/packet3/pages/0x6ee3.yaml
Loading page file profiles/packet3/pages/0x7241.yaml
Loading page file profiles/packet3/pages/0x7242.yaml
Loading page file profiles/packet3/pages/0x7243.yaml
Loading page file profiles/packet3/pages/0x7244.yaml
Round 1
Subround 1
not enough
     Count  Value
161      1    1.0
113      1    1.0
486      1    1.0
336      1    1.0
87       1    1.0
351      1    1.0
332      1    1.0
357      1    1.0
259      1    1.0
339      1    1.0
96       1    1.0
291      1    1.0
95       1    1.0
178      1    1.0
364      1    1.0
82       1    1.0
211      1    1.0
10       1    1.0
408      1    1.0
126      1    1.0
     Count  Value
161      1    1.0
113      1    1.0
486      1    1.0
336      1    1.0
87       1    1.0
351      1    1.0
332      1    1.0
357      1    1.0
259      1    1.0
339      1    1.0
Current: [1, 4, 7, 10, 11, 12, 13, 14, 16, 21, 23, 24, 27, 29, 30, 31, 32, 34, 36, 43, 45, 46, 47, 48, 49, 51, 52, 54, 55, 57, 60, 61, 67, 69, 71, 72, 73, 77, 78, 79, 80, 81, 82, 83, 84, 85, 86, 87, 89, 90, 91, 92, 94, 95, 96, 99, 100, 101, 106, 108, 110, 112, 113, 114, 117, 120, 123, 125, 126, 127, 128, 130, 131, 132, 134, 135, 137, 139, 143, 144, 146, 147, 149, 150, 151, 152, 155, 156, 157, 158, 159, 161, 163, 165, 166, 169, 170, 171, 174, 175, 178, 179, 180, 181, 182, 185, 187, 189, 190, 193, 195, 196, 197, 200, 203, 204, 205, 206, 210, 211, 215, 220, 222, 223, 225, 227, 228, 231, 232, 237, 239, 240, 243, 245, 250, 253, 255, 256, 257, 259, 262, 264, 265, 270, 281, 282, 287, 290, 291, 293, 294, 296, 298, 299, 303, 305, 306, 309, 310, 318, 320, 321, 322, 325, 326, 331, 332, 333, 336, 337, 339, 342, 343, 345, 350, 351, 356, 357, 359, 360, 363, 364, 365, 366, 369, 370, 371, 372, 374, 375, 377, 378, 379, 380, 382, 386, 388, 389, 391, 392, 393, 394, 396, 398, 404, 405, 406, 407, 408, 411, 412, 413, 414, 416, 419, 421, 422, 423, 428, 430, 432, 434, 435, 437, 439, 440, 441, 442, 443, 444, 446, 448, 450, 452, 458, 459, 460, 463, 464, 465, 466, 469, 471, 480, 484, 486, 488, 489, 490, 492, 495, 498, 499, 500, 502, 504]
Subround 2
not enough
     Count  Value
161      2    1.0
200      2    1.0
4        2    1.0
158      2    1.0
46       2    1.0
331      2    1.0
101      2    1.0
71       2    1.0
434      2    1.0
149      2    1.0
24       2    1.0
440      2    1.0
85       2    1.0
486      2    1.0
336      2    1.0
351      2    1.0
357      2    1.0
291      2    1.0
82       2    1.0
211      2    1.0
     Count  Value
161      2    1.0
200      2    1.0
4        2    1.0
158      2    1.0
46       2    1.0
331      2    1.0
101      2    1.0
71       2    1.0
434      2    1.0
149      2    1.0
Current: [4, 7, 11, 24, 29, 31, 34, 43, 46, 48, 51, 52, 57, 60, 69, 71, 77, 78, 79, 81, 82, 83, 84, 85, 92, 94, 100, 101, 108, 110, 112, 113, 114, 117, 123, 128, 132, 134, 135, 139, 143, 149, 150, 156, 158, 159, 161, 163, 165, 166, 169, 170, 171, 175, 179, 181, 182, 193, 195, 197, 200, 206, 211, 215, 220, 223, 225, 227, 228, 231, 232, 239, 243, 250, 253, 256, 257, 265, 282, 287, 291, 294, 296, 298, 303, 305, 309, 318, 320, 322, 331, 333, 336, 343, 350, 351, 357, 359, 360, 365, 366, 370, 371, 372, 374, 377, 380, 388, 389, 391, 392, 394, 398, 404, 406, 407, 408, 413, 414, 416, 419, 421, 428, 430, 434, 440, 444, 448, 452, 464, 466, 486, 490, 498, 499, 502]
Subround 3
not enough
     Count  Value
296      3    1.0
502      3    1.0
419      3    1.0
365      3    1.0
117      3    1.0
134      3    1.0
215      3    1.0
303      3    1.0
150      3    1.0
169      3    1.0
81       3    1.0
31       3    1.0
406      3    1.0
112      3    1.0
398      3    1.0
128      3    1.0
343      3    1.0
305      3    1.0
60       3    1.0
135      3    1.0
     Count  Value
296      3    1.0
502      3    1.0
419      3    1.0
365      3    1.0
117      3    1.0
134      3    1.0
215      3    1.0
303      3    1.0
150      3    1.0
169      3    1.0
Current: [31, 46, 60, 71, 79, 81, 82, 84, 85, 94, 100, 112, 113, 117, 128, 132, 134, 135, 139, 149, 150, 156, 169, 171, 211, 215, 220, 223, 227, 232, 250, 257, 282, 291, 296, 303, 305, 318, 320, 322, 331, 343, 357, 360, 365, 366, 371, 380, 392, 394, 398, 406, 414, 419, 421, 434, 440, 448, 466, 490, 498, 502]
Subround 4
not enough
     Count  Value
318      4    1.0
392      4    1.0
406      4    1.0
282      4    1.0
305      4    1.0
128      4    1.0
398      4    1.0
139      4    1.0
357      4    1.0
85       4    1.0
257      4    1.0
149      4    1.0
498      4    1.0
331      4    1.0
223      4    1.0
169      4    1.0
502      4    1.0
150      4    1.0
117      4    1.0
419      4    1.0
     Count  Value
318      4    1.0
392      4    1.0
406      4    1.0
282      4    1.0
305      4    1.0
128      4    1.0
398      4    1.0
139      4    1.0
357      4    1.0
85       4    1.0
Current: [0, 1, 4, 7, 28, 30, 31, 38, 43, 44, 46, 48, 60, 61, 67, 69, 70, 71, 73, 75, 78, 79, 81, 82, 83, 84, 85, 86, 94, 96, 100, 101, 112, 113, 117, 118, 123, 125, 128, 132, 134, 135, 139, 143, 144, 149, 150, 156, 158, 159, 161, 163, 169, 170, 171, 174, 176, 179, 181, 182, 197, 200, 211, 215, 220, 223, 227, 228, 232, 237, 239, 243, 245, 248, 250, 252, 253, 257, 258, 259, 262, 264, 265, 270, 282, 290, 291, 295, 296, 298, 299, 303, 305, 309, 318, 320, 321, 322, 327, 331, 332, 340, 342, 343, 345, 347, 354, 356, 357, 360, 365, 366, 371, 372, 373, 379, 380, 386, 390, 391, 392, 394, 396, 398, 405, 406, 408, 409, 410, 413, 414, 419, 421, 423, 432, 434, 437, 440, 444, 448, 460, 463, 466, 475, 487, 490, 498, 502, 504, 505]
Subround 5
not enough
     Count  Value
169      5    1.0
357      5    1.0
371      5    1.0
135      5    1.0
117      5    1.0
85       5    1.0
392      5    1.0
139      5    1.0
223      5    1.0
150      4    0.8
296      4    0.8
69       4    0.8
232      4    0.8
179      4    0.8
181      4    0.8
379      4    0.8
414      4    0.8
291      4    0.8
113      4    0.8
502      4    0.8
     Count  Value
169      5    1.0
357      5    1.0
371      5    1.0
135      5    1.0
117      5    1.0
85       5    1.0
392      5    1.0
139      5    1.0
223      5    1.0
150      4    0.8
Current: [0, 1, 4, 7, 31, 38, 46, 69, 71, 73, 78, 79, 84, 85, 86, 94, 113, 117, 118, 128, 134, 135, 139, 143, 149, 150, 163, 169, 171, 174, 179, 181, 211, 220, 223, 228, 232, 239, 243, 250, 253, 257, 270, 282, 291, 295, 296, 303, 305, 318, 322, 331, 357, 360, 366, 371, 379, 380, 392, 394, 398, 405, 406, 408, 414, 419, 421, 432, 434, 437, 440, 463, 466, 475, 498, 502]
Subround 6
not enough
     Count     Value
135      6  1.000000
117      6  1.000000
223      6  1.000000
398      5  0.833333
303      5  0.833333
85       5  0.833333
475      5  0.833333
371      5  0.833333
149      5  0.833333
434      5  0.833333
331      5  0.833333
239      5  0.833333
171      5  0.833333
31       5  0.833333
4        5  0.833333
394      5  0.833333
466      5  0.833333
406      5  0.833333
318      5  0.833333
405      5  0.833333
     Count     Value
135      6  1.000000
117      6  1.000000
223      6  1.000000
398      5  0.833333
303      5  0.833333
85       5  0.833333
475      5  0.833333
371      5  0.833333
149      5  0.833333
434      5  0.833333
Current: [4, 31, 78, 84, 85, 117, 118, 135, 139, 149, 150, 169, 171, 179, 181, 211, 220, 223, 239, 253, 270, 282, 291, 295, 303, 318, 331, 357, 371, 379, 380, 392, 394, 398, 405, 406, 414, 434, 463, 466, 475, 498]
Subround 7
not enough
     Count     Value
498      6  0.857143
135      6  0.857143
118      6  0.857143
239      6  0.857143
406      6  0.857143
392      6  0.857143
318      6  0.857143
223      6  0.857143
84       6  0.857143
371      6  0.857143
117      6  0.857143
85       6  0.857143
475      6  0.857143
414      6  0.857143
463      6  0.857143
295      6  0.857143
149      5  0.714286
434      5  0.714286
86       5  0.714286
71       5  0.714286
     Count     Value
498      6  0.857143
135      6  0.857143
118      6  0.857143
239      6  0.857143
406      6  0.857143
392      6  0.857143
318      6  0.857143
223      6  0.857143
84       6  0.857143
371      6  0.857143
Current: [0, 1, 4, 7, 11, 14, 25, 31, 36, 38, 43, 48, 56, 61, 71, 78, 79, 84, 85, 86, 89, 94, 110, 117, 118, 125, 133, 134, 135, 139, 144, 149, 150, 163, 169, 171, 174, 176, 179, 181, 182, 184, 206, 211, 220, 223, 228, 232, 239, 243, 253, 257, 270, 282, 288, 291, 295, 303, 305, 309, 314, 318, 320, 322, 331, 340, 345, 351, 357, 358, 371, 374, 379, 380, 390, 392, 394, 398, 405, 406, 408, 409, 410, 414, 419, 423, 432, 434, 436, 440, 441, 463, 464, 466, 475, 486, 489, 490, 498]
Subround 8
not enough
     Count  Value
85       7  0.875
475      7  0.875
135      7  0.875
318      7  0.875
498      7  0.875
117      7  0.875
84       7  0.875
239      7  0.875
414      7  0.875
371      7  0.875
118      7  0.875
436      6  0.750
405      6  0.750
223      6  0.750
169      6  0.750
150      6  0.750
440      6  0.750
340      6  0.750
71       6  0.750
25       6  0.750
     Count  Value
85       7  0.875
475      7  0.875
135      7  0.875
318      7  0.875
498      7  0.875
117      7  0.875
84       7  0.875
239      7  0.875
414      7  0.875
371      7  0.875
Current: [0, 1, 7, 14, 25, 43, 48, 56, 71, 79, 84, 85, 86, 94, 110, 117, 118, 125, 135, 139, 150, 163, 169, 174, 176, 182, 184, 206, 211, 223, 228, 232, 239, 253, 257, 270, 282, 291, 295, 303, 305, 309, 318, 322, 331, 340, 371, 374, 390, 392, 394, 405, 406, 408, 410, 414, 423, 432, 436, 440, 463, 464, 475, 489, 490, 498]
Subround 9
not enough
     Count     Value
414      8  0.888889
85       8  0.888889
371      8  0.888889
475      8  0.888889
318      8  0.888889
118      8  0.888889
94       7  0.777778
232      7  0.777778
322      7  0.777778
436      7  0.777778
174      7  0.777778
182      7  0.777778
374      7  0.777778
282      7  0.777778
239      7  0.777778
463      7  0.777778
309      7  0.777778
498      7  0.777778
86       7  0.777778
135      7  0.777778
     Count     Value
414      8  0.888889
85       8  0.888889
371      8  0.888889
475      8  0.888889
318      8  0.888889
118      8  0.888889
94       7  0.777778
232      7  0.777778
322      7  0.777778
436      7  0.777778
Current: [14, 84, 85, 86, 94, 117, 118, 135, 150, 174, 182, 184, 206, 223, 232, 239, 270, 282, 291, 309, 318, 322, 371, 374, 408, 414, 436, 463, 475, 498]
Subround 10
     Count  Value
85       9    0.9
118      9    0.9
475      9    0.9
414      9    0.9
270      8    0.8
436      8    0.8
86       8    0.8
498      8    0.8
371      8    0.8
408      8    0.8
232      8    0.8
84       8    0.8
322      8    0.8
150      8    0.8
206      8    0.8
318      8    0.8
374      8    0.8
174      8    0.8
406      7    0.7
291      7    0.7
     Count  Value
85       9    0.9
118      9    0.9
475      9    0.9
414      9    0.9
270      8    0.8
436      8    0.8
86       8    0.8
498      8    0.8
371      8    0.8
408      8    0.8
Current: [84, 85, 86, 118, 150, 174, 206, 232, 270, 318, 322, 371, 374, 408, 414, 436, 475, 498]
Round 2
Subround 1
not enough
     Count     Value
85      10  0.909091
118     10  0.909091
84       9  0.818182
318      9  0.818182
475      9  0.818182
498      9  0.818182
414      9  0.818182
150      9  0.818182
408      9  0.818182
206      9  0.818182
232      9  0.818182
436      8  0.727273
86       8  0.727273
371      8  0.727273
322      8  0.727273
270      8  0.727273
174      8  0.727273
374      8  0.727273
486      7  0.636364
25       7  0.636364
     Count  Value
84       1    1.0
408      1    1.0
206      1    1.0
232      1    1.0
118      1    1.0
498      1    1.0
318      1    1.0
150      1    1.0
85       1    1.0
Current: [84, 85, 118, 150, 206, 232, 318, 408, 414, 475, 498]
Subround 2
not enough
     Count     Value
85      10  0.833333
84      10  0.833333
118     10  0.833333
475     10  0.833333
498     10  0.833333
414     10  0.833333
150     10  0.833333
232     10  0.833333
318      9  0.750000
436      9  0.750000
86       9  0.750000
371      9  0.750000
408      9  0.750000
206      9  0.750000
322      8  0.666667
270      8  0.666667
174      8  0.666667
374      8  0.666667
486      7  0.583333
25       7  0.583333
     Count  Value
84       2    1.0
232      2    1.0
498      2    1.0
150      2    1.0
408      1    0.5
206      1    0.5
118      1    0.5
318      1    0.5
85       1    0.5
371      1    0.5
Current: [84, 85, 118, 150, 232, 414, 475, 498]
Subround 3
not enough
     Count     Value
85      11  0.846154
118     11  0.846154
498     11  0.846154
232     11  0.846154
84      10  0.769231
436     10  0.769231
475     10  0.769231
86      10  0.769231
414     10  0.769231
150     10  0.769231
371     10  0.769231
206     10  0.769231
318      9  0.692308
174      9  0.692308
408      9  0.692308
322      8  0.615385
270      8  0.615385
374      8  0.615385
486      7  0.538462
25       7  0.538462
     Count     Value
232      3  1.000000
498      3  1.000000
84       2  0.666667
206      2  0.666667
118      2  0.666667
150      2  0.666667
85       2  0.666667
371      2  0.666667
86       2  0.666667
436      2  0.666667
Current: [85, 118, 232, 498]
Subround 4
not enough
     Count     Value
118     12  0.857143
85      11  0.785714
84      11  0.785714
475     11  0.785714
86      11  0.785714
414     11  0.785714
150     11  0.785714
498     11  0.785714
232     11  0.785714
318     10  0.714286
436     10  0.714286
174     10  0.714286
371     10  0.714286
206     10  0.714286
408      9  0.642857
270      9  0.642857
322      8  0.571429
374      8  0.571429
25       7  0.500000
184      7  0.500000
     Count  Value
84       3   0.75
232      3   0.75
118      3   0.75
498      3   0.75
150      3   0.75
86       3   0.75
206      2   0.50
318      2   0.50
85       2   0.50
371      2   0.50
Current: [118]
Subround 5
not enough
     Count     Value
85      12  0.800000
232     12  0.800000
118     12  0.800000
206     11  0.733333
498     11  0.733333
86      11  0.733333
150     11  0.733333
414     11  0.733333
436     11  0.733333
475     11  0.733333
174     11  0.733333
318     11  0.733333
84      11  0.733333
371     10  0.666667
270     10  0.666667
408     10  0.666667
374      9  0.600000
322      8  0.533333
184      7  0.466667
25       7  0.466667
     Count  Value
232      4    0.8
84       3    0.6
150      3    0.6
174      3    0.6
436      3    0.6
86       3    0.6
85       3    0.6
318      3    0.6
498      3    0.6
118      3    0.6
no winner, not enough
Current: []
Subround 6
not enough
     Count   Value
85      13  0.8125
174     12  0.7500
206     12  0.7500
498     12  0.7500
232     12  0.7500
414     12  0.7500
118     12  0.7500
84      12  0.7500
475     11  0.6875
436     11  0.6875
150     11  0.6875
86      11  0.6875
318     11  0.6875
371     11  0.6875
270     11  0.6875
408     11  0.6875
374      9  0.5625
322      8  0.5000
184      7  0.4375
25       7  0.4375
     Count     Value
84       4  0.666667
498      4  0.666667
174      4  0.666667
85       4  0.666667
232      4  0.666667
206      4  0.666667
118      3  0.500000
318      3  0.500000
150      3  0.500000
408      3  0.500000
Current: [85]
Subround 7
not enough
     Count     Value
85      13  0.764706
174     13  0.764706
232     13  0.764706
84      13  0.764706
475     12  0.705882
436     12  0.705882
118     12  0.705882
86      12  0.705882
498     12  0.705882
206     12  0.705882
270     12  0.705882
408     12  0.705882
414     12  0.705882
318     11  0.647059
150     11  0.647059
371     11  0.647059
374     10  0.588235
322      8  0.470588
184      7  0.411765
25       7  0.411765
     Count     Value
84       5  0.714286
232      5  0.714286
174      5  0.714286
408      4  0.571429
270      4  0.571429
436      4  0.571429
86       4  0.571429
85       4  0.571429
498      4  0.571429
206      4  0.571429
no winner, not enough
Current: []
Subround 8
not enough
     Count     Value
85      14  0.777778
232     14  0.777778
174     14  0.777778
436     13  0.722222
206     13  0.722222
86      13  0.722222
414     13  0.722222
118     13  0.722222
84      13  0.722222
475     12  0.666667
498     12  0.666667
270     12  0.666667
408     12  0.666667
374     11  0.611111
150     11  0.611111
318     11  0.611111
371     11  0.611111
322      8  0.444444
184      7  0.388889
25       7  0.388889
     Count  Value
174      6  0.750
232      6  0.750
84       5  0.625
86       5  0.625
436      5  0.625
85       5  0.625
206      5  0.625
408      4  0.500
498      4  0.500
118      4  0.500
no winner, not enough
Current: []
Subround 9
not enough
     Count     Value
85      15  0.789474
174     15  0.789474
86      14  0.736842
232     14  0.736842
414     14  0.736842
118     14  0.736842
436     13  0.684211
206     13  0.684211
270     13  0.684211
84      13  0.684211
374     12  0.631579
475     12  0.631579
318     12  0.631579
150     12  0.631579
498     12  0.631579
408     12  0.631579
371     11  0.578947
322      8  0.421053
184      7  0.368421
25       7  0.368421
     Count     Value
174      7  0.777778
85       6  0.666667
86       6  0.666667
232      6  0.666667
270      5  0.555556
414      5  0.555556
436      5  0.555556
84       5  0.555556
118      5  0.555556
206      5  0.555556
no winner, not enough
Current: []
Subround 10
     Count  Value
85      16   0.80
174     16   0.80
86      15   0.75
206     14   0.70
232     14   0.70
414     14   0.70
118     14   0.70
436     13   0.65
374     13   0.65
150     13   0.65
318     13   0.65
270     13   0.65
84      13   0.65
475     12   0.60
498     12   0.60
371     12   0.60
408     12   0.60
322      9   0.45
184      7   0.35
25       7   0.35
     Count  Value
174      8    0.8
85       7    0.7
86       7    0.7
206      6    0.6
232      6    0.6
84       5    0.5
414      5    0.5
118      5    0.5
374      5    0.5
318      5    0.5
no winner, not enough
Current: []
Subround 11
     Count     Value
85      16  0.761905
174     16  0.761905
206     15  0.714286
86      15  0.714286
414     15  0.714286
118     15  0.714286
374     14  0.666667
232     14  0.666667
270     14  0.666667
475     13  0.619048
436     13  0.619048
150     13  0.619048
318     13  0.619048
371     13  0.619048
408     13  0.619048
84      13  0.619048
498     12  0.571429
322     10  0.476190
184      7  0.333333
25       7  0.333333
     Count     Value
174      8  0.727273
206      7  0.636364
85       7  0.636364
86       7  0.636364
232      6  0.545455
118      6  0.545455
374      6  0.545455
270      6  0.545455
414      6  0.545455
84       5  0.454545
no winner, not enough
Current: []
Subround 12
     Count     Value
174     17  0.772727
85      16  0.727273
118     16  0.727273
206     16  0.727273
86      16  0.727273
414     15  0.681818
436     14  0.636364
232     14  0.636364
374     14  0.636364
318     14  0.636364
270     14  0.636364
408     14  0.636364
84      14  0.636364
475     13  0.590909
150     13  0.590909
371     13  0.590909
498     12  0.545455
322     11  0.500000
184      7  0.318182
25       7  0.318182
     Count     Value
174      9  0.750000
206      8  0.666667
86       8  0.666667
118      7  0.583333
85       7  0.583333
84       6  0.500000
414      6  0.500000
232      6  0.500000
374      6  0.500000
318      6  0.500000
no winner, not enough
Current: []
Subround 13
     Count     Value
174     18  0.782609
118     17  0.739130
85      16  0.695652
86      16  0.695652
206     16  0.695652
408     15  0.652174
270     15  0.652174
414     15  0.652174
436     15  0.652174
374     15  0.652174
318     15  0.652174
232     14  0.608696
150     14  0.608696
371     14  0.608696
84      14  0.608696
475     13  0.565217
498     12  0.521739
322     11  0.478261
184      7  0.304348
25       7  0.304348
     Count     Value
174     10  0.769231
206      8  0.615385
118      8  0.615385
86       8  0.615385
374      7  0.538462
270      7  0.538462
318      7  0.538462
85       7  0.538462
408      7  0.538462
436      7  0.538462
no winner, not enough
Current: []
Subround 14
     Count     Value
118     18  0.750000
174     18  0.750000
86      17  0.708333
85      16  0.666667
206     16  0.666667
318     16  0.666667
374     16  0.666667
436     16  0.666667
270     16  0.666667
408     15  0.625000
371     15  0.625000
414     15  0.625000
150     15  0.625000
232     14  0.583333
84      14  0.583333
475     13  0.541667
498     12  0.500000
322     12  0.500000
184      7  0.291667
25       7  0.291667
     Count     Value
174     10  0.714286
118      9  0.642857
86       9  0.642857
206      8  0.571429
374      8  0.571429
270      8  0.571429
318      8  0.571429
436      8  0.571429
371      7  0.500000
150      7  0.500000
no winner, not enough
Current: []
Subround 15
     Count  Value
174     19   0.76
118     18   0.72
85      17   0.68
86      17   0.68
206     17   0.68
408     16   0.64
270     16   0.64
371     16   0.64
414     16   0.64
436     16   0.64
374     16   0.64
318     16   0.64
150     15   0.60
232     15   0.60
475     14   0.56
84      14   0.56
498     13   0.52
322     12   0.48
184      7   0.28
25       7   0.28
     Count     Value
174     11  0.733333
206      9  0.600000
118      9  0.600000
86       9  0.600000
371      8  0.533333
374      8  0.533333
318      8  0.533333
85       8  0.533333
408      8  0.533333
436      8  0.533333
no winner, not enough
Current: []
Subround 16
     Count     Value
174     19  0.730769
85      18  0.692308
118     18  0.692308
86      17  0.653846
318     17  0.653846
374     17  0.653846
206     17  0.653846
408     16  0.615385
270     16  0.615385
371     16  0.615385
414     16  0.615385
150     16  0.615385
232     16  0.615385
436     16  0.615385
475     15  0.576923
84      15  0.576923
498     14  0.538462
322     13  0.500000
184      7  0.269231
25       7  0.269231
     Count   Value
174     11  0.6875
206      9  0.5625
118      9  0.5625
374      9  0.5625
318      9  0.5625
85       9  0.5625
86       9  0.5625
371      8  0.5000
232      8  0.5000
150      8  0.5000
no winner, not enough
Current: []
Subround 17
     Count     Value
174     20  0.740741
118     19  0.703704
85      18  0.666667
206     18  0.666667
86      18  0.666667
318     17  0.629630
374     17  0.629630
408     17  0.629630
270     17  0.629630
232     17  0.629630
150     17  0.629630
371     17  0.629630
414     16  0.592593
436     16  0.592593
475     15  0.555556
84      15  0.555556
498     14  0.518519
322     13  0.481481
184      7  0.259259
25       7  0.259259
     Count     Value
174     12  0.705882
206     10  0.588235
118     10  0.588235
86      10  0.588235
371      9  0.529412
232      9  0.529412
374      9  0.529412
318      9  0.529412
150      9  0.529412
85       9  0.529412
no winner, not enough
Current: []
Subround 18
     Count     Value
174     21  0.750000
118     20  0.714286
206     19  0.678571
85      18  0.642857
318     18  0.642857
374     18  0.642857
408     18  0.642857
86      18  0.642857
371     17  0.607143
436     17  0.607143
232     17  0.607143
150     17  0.607143
270     17  0.607143
414     16  0.571429
475     16  0.571429
498     15  0.535714
84      15  0.535714
322     13  0.464286
184      7  0.250000
25       7  0.250000
     Count     Value
174     13  0.722222
206     11  0.611111
118     11  0.611111
374     10  0.555556
318     10  0.555556
408     10  0.555556
86      10  0.555556
371      9  0.500000
232      9  0.500000
150      9  0.500000
no winner, not enough
Current: []
Subround 19
     Count     Value
174     21  0.724138
118     20  0.689655
85      19  0.655172
206     19  0.655172
86      19  0.655172
318     18  0.620690
374     18  0.620690
408     18  0.620690
270     18  0.620690
232     18  0.620690
150     18  0.620690
371     18  0.620690
414     17  0.586207
436     17  0.586207
498     16  0.551724
475     16  0.551724
84      15  0.517241
322     14  0.482759
184      7  0.241379
25       7  0.241379
     Count     Value
174     13  0.684211
206     11  0.578947
118     11  0.578947
86      11  0.578947
371     10  0.526316
270     10  0.526316
232     10  0.526316
318     10  0.526316
150     10  0.526316
85      10  0.526316
no winner, not enough
Current: []
Subround 20
     Count     Value
174     22  0.733333
118     21  0.700000
85      20  0.666667
206     20  0.666667
86      20  0.666667
318     19  0.633333
408     19  0.633333
232     19  0.633333
374     18  0.600000
270     18  0.600000
150     18  0.600000
371     18  0.600000
414     17  0.566667
436     17  0.566667
475     17  0.566667
498     16  0.533333
84      15  0.500000
322     14  0.466667
184      7  0.233333
25       7  0.233333
     Count  Value
174     14   0.70
206     12   0.60
118     12   0.60
86      12   0.60
232     11   0.55
318     11   0.55
85      11   0.55
408     11   0.55
371     10   0.50
374     10   0.50
no winner, not enough
Current: []
Subround 21
     Count     Value
174     23  0.741935
85      21  0.677419
118     21  0.677419
206     20  0.645161
318     20  0.645161
232     20  0.645161
86      20  0.645161
408     19  0.612903
371     19  0.612903
150     19  0.612903
270     18  0.580645
414     18  0.580645
374     18  0.580645
498     17  0.548387
436     17  0.548387
475     17  0.548387
84      16  0.516129
322     14  0.451613
184      7  0.225806
25       7  0.225806
     Count     Value
174     15  0.714286
206     12  0.571429
232     12  0.571429
118     12  0.571429
318     12  0.571429
85      12  0.571429
86      12  0.571429
371     11  0.523810
150     11  0.523810
408     11  0.523810
no winner, not enough
Current: []
Subround 22
     Count    Value
174     24  0.75000
85      22  0.68750
118     22  0.68750
232     21  0.65625
86      21  0.65625
206     20  0.62500
318     20  0.62500
150     20  0.62500
408     19  0.59375
371     19  0.59375
270     18  0.56250
414     18  0.56250
498     18  0.56250
436     18  0.56250
475     18  0.56250
374     18  0.56250
84      16  0.50000
322     14  0.43750
184      7  0.21875
25       7  0.21875
     Count     Value
174     16  0.727273
232     13  0.590909
118     13  0.590909
85      13  0.590909
86      13  0.590909
206     12  0.545455
318     12  0.545455
150     12  0.545455
371     11  0.500000
408     11  0.500000
no winner, not enough
Current: []
Subround 23
     Count     Value
174     24  0.727273
85      23  0.696970
118     22  0.666667
232     22  0.666667
206     21  0.636364
86      21  0.636364
318     20  0.606061
371     20  0.606061
150     20  0.606061
408     19  0.575758
270     19  0.575758
414     19  0.575758
498     19  0.575758
374     19  0.575758
436     18  0.545455
475     18  0.545455
84      16  0.484848
322     15  0.454545
184      7  0.212121
25       7  0.212121
     Count     Value
174     16  0.695652
232     14  0.608696
85      14  0.608696
206     13  0.565217
118     13  0.565217
86      13  0.565217
371     12  0.521739
318     12  0.521739
150     12  0.521739
374     11  0.478261
no winner, not enough
Current: []
Subround 24
     Count     Value
174     25  0.735294
85      23  0.676471
118     23  0.676471
232     22  0.647059
206     21  0.617647
318     21  0.617647
371     21  0.617647
86      21  0.617647
150     20  0.588235
498     20  0.588235
408     19  0.558824
270     19  0.558824
414     19  0.558824
436     19  0.558824
475     19  0.558824
374     19  0.558824
84      17  0.500000
322     16  0.470588
184      7  0.205882
25       7  0.205882
     Count     Value
174     17  0.708333
232     14  0.583333
118     14  0.583333
85      14  0.583333
371     13  0.541667
206     13  0.541667
318     13  0.541667
86      13  0.541667
498     12  0.500000
150     12  0.500000
no winner, not enough
Current: []
Subround 25
     Count     Value
174     26  0.742857
118     24  0.685714
85      23  0.657143
232     23  0.657143
318     22  0.628571
498     21  0.600000
371     21  0.600000
206     21  0.600000
150     21  0.600000
86      21  0.600000
408     20  0.571429
414     20  0.571429
436     20  0.571429
475     19  0.542857
270     19  0.542857
374     19  0.542857
84      17  0.485714
322     16  0.457143
184      7  0.200000
25       7  0.200000
     Count  Value
174     18   0.72
232     15   0.60
118     15   0.60
318     14   0.56
85      14   0.56
371     13   0.52
206     13   0.52
498     13   0.52
150     13   0.52
86      13   0.52
no winner, not enough
Current: []
Subround 26
     Count     Value
174     27  0.750000
118     24  0.666667
85      23  0.638889
232     23  0.638889
318     22  0.611111
371     22  0.611111
150     22  0.611111
86      22  0.611111
206     21  0.583333
408     21  0.583333
436     21  0.583333
498     21  0.583333
414     20  0.555556
475     20  0.555556
374     20  0.555556
270     19  0.527778
84      18  0.500000
322     16  0.444444
184      7  0.194444
25       7  0.194444
     Count     Value
174     19  0.730769
232     15  0.576923
118     15  0.576923
371     14  0.538462
318     14  0.538462
150     14  0.538462
85      14  0.538462
86      14  0.538462
206     13  0.500000
498     13  0.500000
no winner, not enough
Current: []
Subround 27
     Count     Value
174     28  0.756757
85      24  0.648649
118     24  0.648649
232     24  0.648649
318     23  0.621622
408     22  0.594595
371     22  0.594595
436     22  0.594595
150     22  0.594595
86      22  0.594595
498     22  0.594595
206     21  0.567568
414     21  0.567568
475     20  0.540541
374     20  0.540541
270     19  0.513514
84      18  0.486486
322     17  0.459459
184      7  0.189189
25       7  0.189189
     Count     Value
174     20  0.740741
232     16  0.592593
118     15  0.555556
318     15  0.555556
85      15  0.555556
371     14  0.518519
498     14  0.518519
150     14  0.518519
408     14  0.518519
86      14  0.518519
no winner, not enough
Current: []
Subround 28
     Count     Value
174     29  0.763158
85      25  0.657895
232     25  0.657895
118     24  0.631579
318     23  0.605263
408     23  0.605263
498     23  0.605263
371     22  0.578947
436     22  0.578947
150     22  0.578947
86      22  0.578947
206     21  0.552632
414     21  0.552632
475     21  0.552632
374     21  0.552632
270     19  0.500000
84      19  0.500000
322     18  0.473684
184      7  0.184211
25       7  0.184211
     Count     Value
174     21  0.750000
232     17  0.607143
85      16  0.571429
118     15  0.535714
498     15  0.535714
318     15  0.535714
408     15  0.535714
371     14  0.500000
150     14  0.500000
86      14  0.500000
no winner, not enough
Current: []
Subround 29
     Count     Value
174     29  0.743590
85      25  0.641026
118     25  0.641026
232     25  0.641026
318     24  0.615385
436     23  0.589744
150     23  0.589744
86      23  0.589744
498     23  0.589744
371     23  0.589744
408     23  0.589744
414     22  0.564103
374     21  0.538462
475     21  0.538462
206     21  0.538462
84      20  0.512821
322     19  0.487179
270     19  0.487179
25       7  0.179487
184      7  0.179487
     Count     Value
174     21  0.724138
232     17  0.586207
118     16  0.551724
318     16  0.551724
85      16  0.551724
371     15  0.517241
498     15  0.517241
150     15  0.517241
408     15  0.517241
86      15  0.517241
no winner, not enough
Current: []
Subround 30
     Count  Value
174     30  0.750
118     26  0.650
85      25  0.625
232     25  0.625
318     24  0.600
371     24  0.600
498     24  0.600
86      23  0.575
408     23  0.575
414     23  0.575
150     23  0.575
436     23  0.575
206     22  0.550
475     22  0.550
374     22  0.550
270     20  0.500
84      20  0.500
322     19  0.475
184      7  0.175
25       7  0.175
     Count     Value
174     22  0.733333
232     17  0.566667
118     17  0.566667
371     16  0.533333
498     16  0.533333
318     16  0.533333
85      16  0.533333
150     15  0.500000
408     15  0.500000
86      15  0.500000
Rest half winner
Current: [0, 1, 2, 4, 5, 7, 9, 10, 11, 14, 15, 18, 25, 28, 29, 30, 31, 35, 36, 37, 38, 39, 43, 44, 48, 50, 51, 53, 56, 60, 61, 62, 63, 64, 66, 69, 70, 71, 72, 74, 76, 78, 79, 84, 85, 86, 88, 89, 91, 92, 93, 94, 95, 98, 100, 103, 105, 109, 110, 111, 115, 116, 117, 118, 119, 121, 122, 123, 124, 125, 131, 133, 134, 135, 139, 140, 143, 148, 149, 150, 154, 155, 158, 160, 163, 164, 167, 168, 169, 171, 173, 174, 175, 176, 177, 178, 179, 181, 182, 183, 184, 187, 188, 190, 191, 192, 194, 195, 196, 197, 198, 202, 203, 206, 209, 211, 212, 214, 216, 219, 220, 221, 223, 225, 228, 230, 232, 233, 239, 243, 244, 245, 247, 248, 251, 252, 253, 256, 257, 258, 259, 265, 267, 270, 271, 273, 274, 275, 279, 282, 284, 288, 290, 291, 295, 300, 302, 303, 304, 305, 307, 309, 311, 314, 315, 317, 318, 320, 321, 322, 327, 328, 330, 331, 335, 337, 338, 340, 342, 343, 345, 346, 347, 348, 349, 350, 351, 358, 360, 364, 366, 368, 371, 373, 374, 376, 384, 385, 386, 387, 390, 391, 392, 394, 397, 398, 400, 401, 404, 405, 406, 407, 408, 409, 410, 414, 416, 417, 418, 421, 423, 426, 432, 436, 437, 440, 441, 442, 443, 447, 451, 452, 454, 457, 460, 462, 463, 464, 469, 471, 472, 475, 479, 484, 486, 489, 490, 493, 494, 498, 499, 502, 503, 505, 507, 510]
Round 3
Subround 1
not enough
     Count  Value
290      1    1.0
187      1    1.0
212      1    1.0
302      1    1.0
387      1    1.0
225      1    1.0
192      1    1.0
328      1    1.0
134      1    1.0
230      1    1.0
79       1    1.0
63       1    1.0
163      1    1.0
248      1    1.0
251      1    1.0
318      1    1.0
160      1    1.0
418      1    1.0
401      1    1.0
124      1    1.0
     Count  Value
290      1    1.0
187      1    1.0
212      1    1.0
302      1    1.0
387      1    1.0
225      1    1.0
192      1    1.0
328      1    1.0
134      1    1.0
230      1    1.0
Current: [0, 2, 10, 11, 14, 15, 25, 28, 29, 30, 31, 35, 36, 37, 39, 43, 44, 53, 61, 63, 64, 69, 74, 78, 79, 86, 89, 94, 103, 109, 111, 115, 118, 123, 124, 131, 134, 143, 149, 155, 158, 160, 163, 164, 174, 175, 178, 179, 181, 187, 188, 190, 192, 194, 195, 196, 197, 206, 209, 211, 212, 214, 219, 223, 225, 230, 232, 233, 243, 247, 248, 251, 252, 256, 259, 265, 270, 271, 275, 288, 290, 291, 295, 302, 303, 307, 315, 318, 321, 327, 328, 331, 343, 346, 347, 348, 350, 358, 360, 364, 366, 368, 376, 387, 390, 391, 394, 397, 400, 401, 404, 406, 408, 409, 418, 426, 432, 436, 447, 452, 454, 469, 472, 486, 493, 494, 498, 505]
Subround 2
not enough
     Count  Value
290      2    1.0
155      2    1.0
124      2    1.0
211      2    1.0
190      2    1.0
366      2    1.0
408      2    1.0
493      2    1.0
181      2    1.0
291      2    1.0
2        2    1.0
318      2    1.0
394      2    1.0
347      2    1.0
61       2    1.0
53       2    1.0
143      2    1.0
219      2    1.0
10       2    1.0
321      2    1.0
     Count  Value
290      2    1.0
155      2    1.0
124      2    1.0
211      2    1.0
190      2    1.0
366      2    1.0
408      2    1.0
493      2    1.0
181      2    1.0
291      2    1.0
Current: [0, 2, 10, 14, 28, 29, 30, 36, 37, 39, 53, 61, 63, 69, 86, 111, 118, 124, 143, 155, 158, 179, 181, 187, 190, 192, 196, 197, 211, 212, 214, 219, 230, 247, 248, 251, 252, 265, 271, 290, 291, 302, 303, 307, 315, 318, 321, 346, 347, 350, 358, 366, 376, 390, 391, 394, 397, 401, 408, 409, 432, 436, 447, 452, 454, 472, 493]
Subround 3
not enough
     Count  Value
290      3    1.0
37       3    1.0
214      3    1.0
397      3    1.0
265      3    1.0
432      3    1.0
303      3    1.0
111      3    1.0
143      3    1.0
247      3    1.0
212      3    1.0
192      3    1.0
61       3    1.0
394      3    1.0
291      3    1.0
181      3    1.0
251      3    1.0
493      3    1.0
190      3    1.0
358      3    1.0
     Count  Value
290      3    1.0
37       3    1.0
214      3    1.0
397      3    1.0
265      3    1.0
432      3    1.0
303      3    1.0
111      3    1.0
143      3    1.0
247      3    1.0
Current: [14, 37, 61, 111, 143, 181, 190, 192, 196, 212, 214, 247, 251, 265, 290, 291, 303, 307, 346, 358, 394, 397, 432, 493]
Subround 4
not enough
     Count  Value
290      4   1.00
493      4   1.00
212      4   1.00
247      4   1.00
61       4   1.00
358      4   1.00
37       4   1.00
397      4   1.00
14       4   1.00
307      4   1.00
214      4   1.00
346      4   1.00
394      4   1.00
143      4   1.00
230      3   0.75
103      3   0.75
387      3   0.75
2        3   0.75
192      3   0.75
328      3   0.75
     Count  Value
290      4    1.0
493      4    1.0
212      4    1.0
247      4    1.0
61       4    1.0
358      4    1.0
37       4    1.0
397      4    1.0
14       4    1.0
307      4    1.0
Current: [14, 37, 61, 143, 212, 214, 247, 290, 307, 346, 358, 394, 397, 493]
Subround 5
not enough
     Count  Value
290      5    1.0
307      5    1.0
212      5    1.0
14       5    1.0
247      5    1.0
394      4    0.8
493      4    0.8
364      4    0.8
181      4    0.8
348      4    0.8
103      4    0.8
190      4    0.8
347      4    0.8
61       4    0.8
53       4    0.8
64       4    0.8
143      4    0.8
432      4    0.8
408      4    0.8
251      4    0.8
     Count  Value
290      5    1.0
307      5    1.0
212      5    1.0
14       5    1.0
247      5    1.0
394      4    0.8
493      4    0.8
364      4    0.8
181      4    0.8
348      4    0.8
Current: [14, 212, 247, 290, 307]
Subround 6
not enough
     Count     Value
14       6  1.000000
290      5  0.833333
63       5  0.833333
25       5  0.833333
247      5  0.833333
37       5  0.833333
358      5  0.833333
192      5  0.833333
328      5  0.833333
437      5  0.833333
284      5  0.833333
124      5  0.833333
194      5  0.833333
432      5  0.833333
408      5  0.833333
454      5  0.833333
103      5  0.833333
303      5  0.833333
212      5  0.833333
347      5  0.833333
     Count     Value
14       6  1.000000
290      5  0.833333
63       5  0.833333
25       5  0.833333
247      5  0.833333
37       5  0.833333
358      5  0.833333
192      5  0.833333
328      5  0.833333
437      5  0.833333
Current: [0, 14, 25, 37, 63, 103, 124, 192, 194, 212, 247, 284, 290, 303, 307, 328, 346, 347, 358, 368, 397, 408, 432, 437, 454]
Subround 7
not enough
     Count     Value
346      6  0.857143
368      6  0.857143
63       6  0.857143
212      6  0.857143
432      6  0.857143
247      6  0.857143
14       6  0.857143
358      6  0.857143
408      6  0.857143
284      6  0.857143
307      6  0.857143
343      5  0.714286
315      5  0.714286
397      5  0.714286
290      5  0.714286
64       5  0.714286
94       5  0.714286
61       5  0.714286
178      5  0.714286
328      5  0.714286
     Count     Value
346      6  0.857143
368      6  0.857143
63       6  0.857143
212      6  0.857143
432      6  0.857143
247      6  0.857143
14       6  0.857143
358      6  0.857143
408      6  0.857143
284      6  0.857143
Current: [14, 63, 212, 247, 284, 307, 346, 358, 368, 408, 432]
Subround 8
not enough
     Count  Value
432      7  0.875
14       7  0.875
368      7  0.875
303      6  0.750
230      6  0.750
175      6  0.750
358      6  0.750
284      6  0.750
397      6  0.750
63       6  0.750
328      6  0.750
212      6  0.750
490      6  0.750
307      6  0.750
214      6  0.750
94       6  0.750
64       6  0.750
346      6  0.750
275      6  0.750
247      6  0.750
     Count  Value
432      7  0.875
14       7  0.875
368      7  0.875
303      6  0.750
230      6  0.750
175      6  0.750
358      6  0.750
284      6  0.750
397      6  0.750
63       6  0.750
Current: [14, 368, 432]
Subround 9
not enough
     Count     Value
14       8  0.888889
432      7  0.777778
303      7  0.777778
358      7  0.777778
275      7  0.777778
51       7  0.777778
230      7  0.777778
214      7  0.777778
307      7  0.777778
212      7  0.777778
408      7  0.777778
247      7  0.777778
175      7  0.777778
346      7  0.777778
397      7  0.777778
368      7  0.777778
61       6  0.666667
103      6  0.666667
53       6  0.666667
343      6  0.666667
     Count     Value
14       8  0.888889
432      7  0.777778
303      7  0.777778
358      7  0.777778
275      7  0.777778
51       7  0.777778
230      7  0.777778
214      7  0.777778
307      7  0.777778
212      7  0.777778
Current: [14]
Subround 10
     Count  Value
14       9    0.9
212      8    0.8
214      8    0.8
397      8    0.8
230      8    0.8
303      8    0.8
404      7    0.7
454      7    0.7
493      7    0.7
368      7    0.7
243      7    0.7
194      7    0.7
432      7    0.7
247      7    0.7
94       7    0.7
331      7    0.7
343      7    0.7
192      7    0.7
328      7    0.7
53       7    0.7
     Count  Value
14       9    0.9
212      8    0.8
214      8    0.8
397      8    0.8
230      8    0.8
303      8    0.8
404      7    0.7
454      7    0.7
493      7    0.7
368      7    0.7
Current: [14]
Winning offset:
[14]
2021-09-07 12:43:59.787594
2021-09-07 12:50:00.890127
0:06:01.102533
