Loading page file profiles/packet3/pages/0x6e4a.yaml
Loading page file profiles/packet3/pages/0x6e60.yaml
Loading page file profiles/packet3/pages/0x6ee3.yaml
Loading page file profiles/packet3/pages/0x7241.yaml
Loading page file profiles/packet3/pages/0x7242.yaml
Loading page file profiles/packet3/pages/0x7243.yaml
Loading page file profiles/packet3/pages/0x7244.yaml
Round 1
Subround 1
not enough
     Count  Value
182      1    1.0
496      1    1.0
175      1    1.0
468      1    1.0
369      1    1.0
140      1    1.0
92       1    1.0
12       1    1.0
299      1    1.0
383      1    1.0
294      1    1.0
282      1    1.0
28       1    1.0
320      1    1.0
163      1    1.0
437      1    1.0
53       1    1.0
254      1    1.0
120      1    1.0
341      1    1.0
     Count  Value
182      1    1.0
496      1    1.0
175      1    1.0
468      1    1.0
369      1    1.0
140      1    1.0
92       1    1.0
12       1    1.0
299      1    1.0
383      1    1.0
Current: [0, 2, 3, 6, 7, 10, 11, 12, 15, 17, 19, 21, 22, 23, 25, 26, 27, 28, 32, 33, 34, 35, 36, 38, 39, 40, 43, 45, 52, 53, 56, 57, 61, 62, 66, 69, 70, 71, 73, 74, 75, 76, 77, 79, 82, 86, 87, 88, 90, 92, 95, 96, 97, 99, 100, 101, 102, 103, 105, 109, 110, 112, 113, 116, 117, 118, 119, 120, 122, 125, 126, 128, 129, 131, 132, 133, 136, 140, 141, 143, 147, 150, 151, 153, 154, 155, 160, 163, 166, 167, 168, 170, 173, 174, 175, 178, 180, 181, 182, 183, 184, 188, 190, 192, 196, 198, 199, 201, 202, 205, 206, 207, 209, 211, 212, 213, 216, 217, 219, 220, 221, 223, 224, 226, 227, 228, 229, 230, 231, 232, 233, 235, 236, 237, 238, 239, 240, 242, 244, 245, 246, 247, 249, 252, 254, 258, 263, 264, 267, 269, 270, 272, 280, 282, 284, 289, 291, 293, 294, 295, 299, 301, 302, 303, 305, 306, 307, 308, 309, 310, 312, 314, 317, 318, 319, 320, 321, 322, 324, 328, 334, 336, 337, 341, 344, 345, 349, 350, 352, 356, 357, 360, 362, 363, 365, 366, 367, 369, 371, 373, 376, 377, 381, 383, 385, 388, 390, 391, 392, 395, 397, 405, 407, 408, 410, 413, 415, 417, 423, 425, 427, 430, 431, 435, 437, 440, 443, 445, 447, 449, 451, 454, 457, 460, 464, 465, 468, 470, 471, 472, 473, 474, 475, 479, 484, 486, 487, 489, 490, 496, 498, 499, 503, 506, 507, 510]
Subround 2
not enough
     Count  Value
182      2    1.0
322      2    1.0
99       2    1.0
198      2    1.0
17       2    1.0
110      2    1.0
87       2    1.0
306      2    1.0
486      2    1.0
126      2    1.0
427      2    1.0
125      2    1.0
252      2    1.0
305      2    1.0
391      2    1.0
289      2    1.0
71       2    1.0
367      2    1.0
3        2    1.0
76       2    1.0
     Count  Value
182      2    1.0
322      2    1.0
99       2    1.0
198      2    1.0
17       2    1.0
110      2    1.0
87       2    1.0
306      2    1.0
486      2    1.0
126      2    1.0
Current: [0, 3, 6, 7, 12, 17, 22, 27, 28, 32, 34, 36, 39, 52, 53, 61, 62, 69, 71, 75, 76, 79, 86, 87, 88, 90, 92, 96, 97, 99, 105, 109, 110, 112, 113, 117, 120, 125, 126, 128, 131, 132, 133, 140, 141, 147, 151, 166, 167, 173, 174, 180, 182, 188, 190, 198, 199, 205, 206, 207, 211, 212, 216, 217, 219, 223, 227, 233, 235, 237, 239, 245, 252, 254, 258, 267, 269, 270, 272, 280, 282, 289, 291, 293, 295, 299, 303, 305, 306, 309, 314, 317, 318, 320, 321, 322, 324, 341, 344, 345, 349, 352, 365, 367, 371, 373, 377, 381, 391, 395, 397, 407, 413, 415, 423, 427, 431, 440, 445, 451, 454, 457, 460, 472, 473, 479, 484, 486, 487, 496, 498, 506, 507, 510]
Subround 3
not enough
     Count  Value
52       3    1.0
92       3    1.0
252      3    1.0
105      3    1.0
88       3    1.0
415      3    1.0
320      3    1.0
53       3    1.0
254      3    1.0
293      3    1.0
457      3    1.0
27       3    1.0
112      3    1.0
314      3    1.0
322      3    1.0
7        3    1.0
198      3    1.0
267      3    1.0
233      3    1.0
352      3    1.0
     Count  Value
52       3    1.0
92       3    1.0
252      3    1.0
105      3    1.0
88       3    1.0
415      3    1.0
320      3    1.0
53       3    1.0
254      3    1.0
293      3    1.0
Current: [7, 12, 27, 34, 52, 53, 75, 86, 88, 92, 105, 112, 113, 166, 174, 180, 198, 205, 217, 227, 233, 252, 254, 267, 293, 305, 314, 320, 321, 322, 349, 352, 373, 413, 415, 423, 445, 451, 457, 507]
Subround 4
not enough
     Count  Value
321      4   1.00
12       4   1.00
227      4   1.00
373      4   1.00
305      4   1.00
415      4   1.00
349      4   1.00
34       4   1.00
252      4   1.00
217      4   1.00
205      4   1.00
320      4   1.00
457      4   1.00
445      4   1.00
174      4   1.00
314      4   1.00
413      4   1.00
289      3   0.75
33       3   0.75
427      3   0.75
     Count  Value
321      4    1.0
12       4    1.0
227      4    1.0
373      4    1.0
305      4    1.0
415      4    1.0
349      4    1.0
34       4    1.0
252      4    1.0
217      4    1.0
Current: [2, 7, 12, 14, 17, 20, 22, 25, 27, 28, 29, 32, 33, 34, 36, 38, 39, 40, 45, 52, 53, 65, 66, 75, 76, 78, 79, 86, 87, 88, 92, 95, 99, 101, 103, 104, 105, 112, 113, 119, 120, 122, 124, 131, 138, 140, 143, 147, 150, 151, 154, 155, 166, 167, 169, 170, 172, 173, 174, 180, 183, 184, 198, 199, 201, 205, 207, 209, 211, 212, 215, 216, 217, 219, 223, 224, 226, 227, 228, 230, 231, 233, 236, 238, 240, 245, 248, 252, 254, 258, 265, 267, 270, 272, 280, 289, 291, 293, 295, 299, 303, 305, 306, 307, 308, 314, 318, 319, 320, 321, 322, 331, 333, 334, 336, 337, 338, 341, 345, 349, 352, 357, 363, 367, 373, 377, 391, 394, 395, 397, 407, 413, 415, 417, 423, 425, 427, 431, 440, 445, 451, 454, 457, 463, 472, 473, 484, 486, 496, 498, 505, 506, 507, 510]
Subround 5
not enough
     Count  Value
445      5    1.0
205      5    1.0
227      5    1.0
174      5    1.0
457      5    1.0
34       5    1.0
305      5    1.0
349      5    1.0
413      5    1.0
314      5    1.0
320      5    1.0
391      4    0.8
33       4    0.8
506      4    0.8
258      4    0.8
407      4    0.8
76       4    0.8
183      4    0.8
345      4    0.8
293      4    0.8
     Count  Value
445      5    1.0
205      5    1.0
227      5    1.0
174      5    1.0
457      5    1.0
34       5    1.0
305      5    1.0
349      5    1.0
413      5    1.0
314      5    1.0
Current: [12, 14, 17, 20, 22, 29, 33, 34, 36, 39, 40, 75, 76, 79, 88, 101, 104, 124, 131, 147, 150, 155, 166, 167, 169, 173, 174, 183, 199, 205, 212, 217, 227, 231, 240, 248, 252, 258, 267, 272, 291, 293, 295, 305, 306, 308, 314, 320, 321, 322, 336, 337, 338, 345, 349, 352, 357, 373, 391, 407, 413, 415, 425, 431, 440, 445, 457, 472, 473, 498, 505, 506, 507, 510]
Subround 6
not enough
     Count     Value
174      6  1.000000
349      6  1.000000
34       6  1.000000
205      6  1.000000
305      6  1.000000
357      5  0.833333
506      5  0.833333
322      5  0.833333
150      5  0.833333
413      5  0.833333
293      5  0.833333
227      5  0.833333
457      5  0.833333
352      5  0.833333
337      5  0.833333
14       5  0.833333
291      5  0.833333
252      5  0.833333
40       5  0.833333
101      5  0.833333
     Count     Value
174      6  1.000000
349      6  1.000000
34       6  1.000000
205      6  1.000000
305      6  1.000000
357      5  0.833333
506      5  0.833333
322      5  0.833333
150      5  0.833333
413      5  0.833333
Current: [12, 14, 17, 33, 34, 39, 40, 76, 101, 104, 150, 155, 173, 174, 183, 199, 205, 227, 231, 240, 252, 291, 293, 295, 305, 314, 320, 321, 322, 336, 337, 349, 352, 357, 373, 391, 413, 425, 445, 457, 506, 507, 510]
Subround 7
not enough
     Count     Value
174      7  1.000000
349      7  1.000000
205      7  1.000000
17       6  0.857143
34       6  0.857143
391      6  0.857143
413      6  0.857143
336      6  0.857143
295      6  0.857143
14       6  0.857143
322      6  0.857143
320      6  0.857143
40       6  0.857143
305      6  0.857143
407      5  0.714286
76       5  0.714286
33       5  0.714286
227      5  0.714286
350      5  0.714286
289      5  0.714286
     Count     Value
174      7  1.000000
349      7  1.000000
205      7  1.000000
17       6  0.857143
34       6  0.857143
391      6  0.857143
413      6  0.857143
336      6  0.857143
295      6  0.857143
14       6  0.857143
Current: [12, 14, 17, 20, 22, 27, 29, 33, 34, 38, 39, 40, 66, 73, 75, 76, 79, 90, 101, 104, 108, 116, 124, 131, 147, 150, 155, 166, 167, 169, 173, 174, 183, 199, 205, 212, 217, 218, 223, 226, 227, 231, 240, 248, 252, 258, 265, 267, 289, 291, 293, 295, 305, 306, 307, 308, 314, 320, 321, 322, 331, 336, 337, 338, 344, 349, 350, 352, 357, 358, 360, 367, 371, 373, 391, 401, 407, 413, 423, 425, 431, 440, 445, 448, 449, 457, 461, 468, 486, 498, 505, 506, 507, 510]
Subround 8
not enough
     Count  Value
349      8  1.000
174      8  1.000
320      7  0.875
14       7  0.875
295      7  0.875
205      7  0.875
358      6  0.750
66       6  0.750
291      6  0.750
413      6  0.750
173      6  0.750
510      6  0.750
199      6  0.750
425      6  0.750
506      6  0.750
344      6  0.750
38       6  0.750
265      6  0.750
150      6  0.750
34       6  0.750
     Count  Value
349      8  1.000
174      8  1.000
320      7  0.875
14       7  0.875
295      7  0.875
205      7  0.875
358      6  0.750
66       6  0.750
291      6  0.750
413      6  0.750
Current: [14, 17, 20, 29, 33, 34, 38, 40, 66, 76, 104, 150, 155, 167, 173, 174, 183, 199, 205, 212, 218, 226, 227, 240, 252, 258, 265, 291, 295, 305, 320, 321, 322, 336, 337, 344, 349, 350, 358, 360, 367, 391, 413, 423, 425, 431, 440, 445, 457, 461, 468, 486, 506, 510]
Subround 9
not enough
     Count     Value
174      9  1.000000
349      9  1.000000
14       8  0.888889
205      8  0.888889
295      8  0.888889
336      7  0.777778
322      7  0.777778
226      7  0.777778
344      7  0.777778
199      7  0.777778
104      7  0.777778
291      7  0.777778
173      7  0.777778
34       7  0.777778
150      7  0.777778
252      7  0.777778
66       7  0.777778
320      7  0.777778
40       7  0.777778
321      7  0.777778
     Count     Value
174      9  1.000000
349      9  1.000000
14       8  0.888889
205      8  0.888889
295      8  0.888889
336      7  0.777778
322      7  0.777778
226      7  0.777778
344      7  0.777778
199      7  0.777778
Current: [14, 34, 40, 66, 104, 150, 173, 174, 199, 205, 226, 252, 291, 295, 320, 321, 322, 336, 344, 349, 391]
Subround 10
     Count  Value
349     10    1.0
174     10    1.0
14       9    0.9
205      9    0.9
252      8    0.8
34       8    0.8
322      8    0.8
336      8    0.8
295      8    0.8
320      8    0.8
391      8    0.8
199      8    0.8
40       8    0.8
365      7    0.7
240      7    0.7
30       7    0.7
12       7    0.7
506      7    0.7
410      7    0.7
309      7    0.7
     Count  Value
349     10    1.0
174     10    1.0
14       9    0.9
205      9    0.9
252      8    0.8
34       8    0.8
322      8    0.8
336      8    0.8
295      8    0.8
320      8    0.8
Current: [14, 34, 40, 174, 199, 205, 252, 295, 320, 322, 336, 349, 391]
Round 2
Subround 1
not enough
     Count     Value
174     11  1.000000
349     10  0.909091
14      10  0.909091
34       9  0.818182
336      9  0.818182
295      9  0.818182
320      9  0.818182
205      9  0.818182
391      8  0.727273
252      8  0.727273
40       8  0.727273
199      8  0.727273
322      8  0.727273
12       7  0.636364
309      7  0.636364
352      7  0.636364
237      7  0.636364
66       7  0.636364
291      7  0.636364
410      7  0.636364
     Count  Value
336      1    1.0
295      1    1.0
320      1    1.0
34       1    1.0
14       1    1.0
174      1    1.0
182      1    1.0
Current: [14, 34, 174, 205, 295, 320, 336, 349]
Subround 2
not enough
     Count     Value
174     12  1.000000
349     11  0.916667
14      11  0.916667
320     10  0.833333
205     10  0.833333
34       9  0.750000
322      9  0.750000
336      9  0.750000
295      9  0.750000
252      8  0.666667
199      8  0.666667
182      8  0.666667
391      8  0.666667
40       8  0.666667
169      7  0.583333
352      7  0.583333
291      7  0.583333
506      7  0.583333
12       7  0.583333
365      7  0.583333
     Count  Value
320      2    1.0
14       2    1.0
174      2    1.0
182      2    1.0
336      1    0.5
295      1    0.5
34       1    0.5
205      1    0.5
322      1    0.5
349      1    0.5
Current: [14, 174, 205, 320, 349]
Subround 3
not enough
     Count     Value
174     12  0.923077
14      12  0.923077
349     11  0.846154
320     10  0.769231
322     10  0.769231
205     10  0.769231
295     10  0.769231
252      9  0.692308
199      9  0.692308
34       9  0.692308
336      9  0.692308
182      9  0.692308
391      9  0.692308
40       8  0.615385
169      7  0.538462
352      7  0.538462
291      7  0.538462
506      7  0.538462
12       7  0.538462
365      7  0.538462
     Count     Value
14       3  1.000000
182      3  1.000000
295      2  0.666667
320      2  0.666667
174      2  0.666667
322      2  0.666667
336      1  0.333333
34       1  0.333333
205      1  0.333333
349      1  0.333333
Current: [14, 174, 349]
Subround 4
not enough
     Count     Value
14      13  0.928571
174     13  0.928571
349     11  0.785714
320     11  0.785714
391     10  0.714286
34      10  0.714286
322     10  0.714286
295     10  0.714286
252     10  0.714286
182     10  0.714286
205     10  0.714286
199      9  0.642857
336      9  0.642857
40       8  0.571429
305      7  0.500000
352      7  0.500000
291      7  0.500000
506      7  0.500000
12       7  0.500000
365      7  0.500000
     Count  Value
14       4   1.00
182      4   1.00
320      3   0.75
174      3   0.75
295      2   0.50
34       2   0.50
322      2   0.50
391      2   0.50
252      2   0.50
336      1   0.25
Current: [14, 174]
Subround 5
not enough
     Count     Value
174     14  0.933333
14      13  0.866667
349     12  0.800000
252     11  0.733333
320     11  0.733333
322     11  0.733333
205     11  0.733333
295     11  0.733333
199     10  0.666667
34      10  0.666667
182     10  0.666667
391     10  0.666667
336      9  0.600000
40       8  0.533333
305      7  0.466667
352      7  0.466667
291      7  0.466667
506      7  0.466667
12       7  0.466667
365      7  0.466667
     Count  Value
14       4    0.8
174      4    0.8
182      4    0.8
295      3    0.6
320      3    0.6
322      3    0.6
252      3    0.6
34       2    0.4
205      2    0.4
349      2    0.4
Current: [14, 174]
Subround 6
not enough
     Count   Value
174     15  0.9375
14      14  0.8750
349     12  0.7500
252     12  0.7500
322     12  0.7500
205     12  0.7500
295     12  0.7500
320     11  0.6875
391     11  0.6875
199     10  0.6250
34      10  0.6250
182     10  0.6250
336      9  0.5625
40       8  0.5000
169      7  0.4375
352      7  0.4375
291      7  0.4375
506      7  0.4375
12       7  0.4375
365      7  0.4375
     Count     Value
14       5  0.833333
174      5  0.833333
295      4  0.666667
182      4  0.666667
322      4  0.666667
252      4  0.666667
320      3  0.500000
205      3  0.500000
391      3  0.500000
34       2  0.333333
Current: [14, 174]
Subround 7
not enough
     Count     Value
174     15  0.882353
14      15  0.882353
349     13  0.764706
252     13  0.764706
295     12  0.705882
322     12  0.705882
205     12  0.705882
199     11  0.647059
320     11  0.647059
34      11  0.647059
391     11  0.647059
336     10  0.588235
182     10  0.588235
40       9  0.529412
448      7  0.411765
352      7  0.411765
291      7  0.411765
506      7  0.411765
12       7  0.411765
365      7  0.411765
     Count     Value
14       6  0.857143
174      5  0.714286
252      5  0.714286
295      4  0.571429
182      4  0.571429
322      4  0.571429
320      3  0.428571
34       3  0.428571
205      3  0.428571
349      3  0.428571
Current: [14, 174]
Subround 8
not enough
     Count     Value
14      16  0.888889
174     15  0.833333
349     13  0.722222
295     13  0.722222
205     13  0.722222
252     13  0.722222
199     12  0.666667
34      12  0.666667
322     12  0.666667
320     11  0.611111
336     11  0.611111
391     11  0.611111
182     10  0.555556
40      10  0.555556
448      7  0.388889
352      7  0.388889
291      7  0.388889
506      7  0.388889
12       7  0.388889
365      7  0.388889
     Count  Value
14       7  0.875
295      5  0.625
174      5  0.625
252      5  0.625
34       4  0.500
182      4  0.500
205      4  0.500
322      4  0.500
199      4  0.500
336      3  0.375
Current: [14, 174]
Subround 9
not enough
     Count     Value
174     16  0.842105
14      16  0.842105
349     14  0.736842
205     14  0.736842
295     13  0.684211
322     13  0.684211
252     13  0.684211
199     12  0.631579
34      12  0.631579
336     12  0.631579
391     12  0.631579
320     11  0.578947
182     11  0.578947
40      10  0.526316
448      7  0.368421
352      7  0.368421
291      7  0.368421
506      7  0.368421
12       7  0.368421
365      7  0.368421
     Count     Value
14       7  0.777778
174      6  0.666667
295      5  0.555556
182      5  0.555556
205      5  0.555556
322      5  0.555556
252      5  0.555556
336      4  0.444444
34       4  0.444444
349      4  0.444444
Current: [14, 174]
Subround 10
     Count  Value
174     17   0.85
14      17   0.85
349     14   0.70
322     14   0.70
205     14   0.70
252     13   0.65
34      13   0.65
336     13   0.65
295     13   0.65
199     12   0.60
320     12   0.60
182     12   0.60
391     12   0.60
40      10   0.50
169      7   0.35
352      7   0.35
291      7   0.35
506      7   0.35
12       7   0.35
365      7   0.35
     Count  Value
14       8    0.8
174      7    0.7
182      6    0.6
322      6    0.6
336      5    0.5
295      5    0.5
34       5    0.5
205      5    0.5
252      5    0.5
320      4    0.4
Current: [14, 174]
Round 3
Subround 1
not enough
     Count     Value
14      18  0.857143
174     17  0.809524
349     14  0.666667
322     14  0.666667
205     14  0.666667
252     13  0.619048
34      13  0.619048
336     13  0.619048
295     13  0.619048
199     12  0.571429
320     12  0.571429
182     12  0.571429
391     12  0.571429
40      10  0.476190
169      7  0.333333
352      7  0.333333
291      7  0.333333
506      7  0.333333
12       7  0.333333
365      7  0.333333
    Count  Value
14      1    1.0
Current: [14, 174]
Subround 2
not enough
     Count     Value
174     18  0.818182
14      18  0.818182
349     14  0.636364
322     14  0.636364
205     14  0.636364
252     13  0.590909
34      13  0.590909
336     13  0.590909
295     13  0.590909
199     12  0.545455
320     12  0.545455
182     12  0.545455
391     12  0.545455
40      10  0.454545
169      7  0.318182
352      7  0.318182
291      7  0.318182
506      7  0.318182
12       7  0.318182
365      7  0.318182
     Count  Value
14       1    0.5
174      1    0.5
Current: [14, 174]
Subround 3
not enough
     Count     Value
14      19  0.826087
174     18  0.782609
349     14  0.608696
322     14  0.608696
205     14  0.608696
252     13  0.565217
34      13  0.565217
336     13  0.565217
295     13  0.565217
199     12  0.521739
320     12  0.521739
182     12  0.521739
391     12  0.521739
40      10  0.434783
169      7  0.304348
352      7  0.304348
291      7  0.304348
506      7  0.304348
12       7  0.304348
365      7  0.304348
     Count     Value
14       2  0.666667
174      1  0.333333
Current: [14]
Subround 4
not enough
     Count     Value
14      20  0.833333
174     18  0.750000
349     14  0.583333
322     14  0.583333
205     14  0.583333
252     13  0.541667
34      13  0.541667
336     13  0.541667
295     13  0.541667
199     12  0.500000
320     12  0.500000
182     12  0.500000
391     12  0.500000
40      10  0.416667
169      7  0.291667
352      7  0.291667
291      7  0.291667
506      7  0.291667
12       7  0.291667
365      7  0.291667
     Count  Value
14       3   0.75
174      1   0.25
Current: [14]
Subround 5
not enough
     Count  Value
14      20   0.80
174     19   0.76
349     14   0.56
322     14   0.56
205     14   0.56
252     13   0.52
34      13   0.52
336     13   0.52
295     13   0.52
199     12   0.48
320     12   0.48
182     12   0.48
391     12   0.48
40      10   0.40
169      7   0.28
352      7   0.28
291      7   0.28
506      7   0.28
12       7   0.28
365      7   0.28
     Count  Value
14       3    0.6
174      2    0.4
no winner, not enough
Current: []
Subround 6
not enough
     Count     Value
14      21  0.807692
174     19  0.730769
349     14  0.538462
322     14  0.538462
205     14  0.538462
252     13  0.500000
34      13  0.500000
336     13  0.500000
295     13  0.500000
199     12  0.461538
320     12  0.461538
182     12  0.461538
391     12  0.461538
40      10  0.384615
169      7  0.269231
352      7  0.269231
291      7  0.269231
506      7  0.269231
12       7  0.269231
365      7  0.269231
     Count     Value
14       4  0.666667
174      2  0.333333
Current: [14]
Subround 7
not enough
     Count     Value
14      22  0.814815
174     19  0.703704
349     14  0.518519
322     14  0.518519
205     14  0.518519
252     13  0.481481
34      13  0.481481
336     13  0.481481
295     13  0.481481
199     12  0.444444
320     12  0.444444
182     12  0.444444
391     12  0.444444
40      10  0.370370
169      7  0.259259
352      7  0.259259
291      7  0.259259
506      7  0.259259
12       7  0.259259
365      7  0.259259
     Count     Value
14       5  0.714286
174      2  0.285714
Current: [14]
Subround 8
not enough
     Count     Value
14      23  0.821429
174     19  0.678571
349     14  0.500000
322     14  0.500000
205     14  0.500000
252     13  0.464286
34      13  0.464286
336     13  0.464286
295     13  0.464286
199     12  0.428571
320     12  0.428571
182     12  0.428571
391     12  0.428571
40      10  0.357143
169      7  0.250000
352      7  0.250000
291      7  0.250000
506      7  0.250000
12       7  0.250000
365      7  0.250000
     Count  Value
14       6   0.75
174      2   0.25
Current: [14]
Subround 9
not enough
     Count     Value
14      23  0.793103
174     20  0.689655
349     14  0.482759
322     14  0.482759
205     14  0.482759
252     13  0.448276
34      13  0.448276
336     13  0.448276
295     13  0.448276
199     12  0.413793
320     12  0.413793
182     12  0.413793
391     12  0.413793
40      10  0.344828
169      7  0.241379
352      7  0.241379
291      7  0.241379
506      7  0.241379
12       7  0.241379
365      7  0.241379
     Count     Value
14       6  0.666667
174      3  0.333333
no winner, not enough
Current: []
Subround 10
     Count     Value
14      24  0.800000
174     20  0.666667
349     14  0.466667
322     14  0.466667
205     14  0.466667
252     13  0.433333
34      13  0.433333
336     13  0.433333
295     13  0.433333
199     12  0.400000
320     12  0.400000
182     12  0.400000
391     12  0.400000
40      10  0.333333
169      7  0.233333
352      7  0.233333
291      7  0.233333
506      7  0.233333
12       7  0.233333
365      7  0.233333
     Count  Value
14       7    0.7
174      3    0.3
no winner, not enough
Current: []
Subround 11
     Count     Value
14      25  0.806452
174     20  0.645161
349     14  0.451613
322     14  0.451613
205     14  0.451613
252     13  0.419355
34      13  0.419355
336     13  0.419355
295     13  0.419355
199     12  0.387097
320     12  0.387097
182     12  0.387097
391     12  0.387097
40      10  0.322581
169      7  0.225806
352      7  0.225806
291      7  0.225806
506      7  0.225806
12       7  0.225806
365      7  0.225806
     Count     Value
14       8  0.727273
174      3  0.272727
Current: [14]
Winning offset:
[14]
2021-09-07 12:50:04.081303
2021-09-07 12:53:50.726133
0:03:46.644830
