Loading page file profiles/packet3/pages/0x6e4a.yaml
Loading page file profiles/packet3/pages/0x6e60.yaml
Loading page file profiles/packet3/pages/0x6ee3.yaml
Loading page file profiles/packet3/pages/0x7241.yaml
Loading page file profiles/packet3/pages/0x7242.yaml
Loading page file profiles/packet3/pages/0x7243.yaml
Loading page file profiles/packet3/pages/0x7244.yaml
Round 1
Subround 1
not enough
     Count  Value
423      1    1.0
465      1    1.0
442      1    1.0
348      1    1.0
261      1    1.0
497      1    1.0
178      1    1.0
432      1    1.0
66       1    1.0
206      1    1.0
103      1    1.0
45       1    1.0
361      1    1.0
378      1    1.0
303      1    1.0
182      1    1.0
332      1    1.0
407      1    1.0
507      1    1.0
387      1    1.0
     Count  Value
423      1    1.0
465      1    1.0
442      1    1.0
348      1    1.0
261      1    1.0
497      1    1.0
178      1    1.0
432      1    1.0
66       1    1.0
206      1    1.0
Current: [1, 7, 8, 9, 11, 12, 13, 14, 15, 18, 19, 21, 22, 25, 27, 28, 29, 30, 31, 34, 36, 37, 38, 40, 41, 42, 45, 46, 48, 54, 55, 56, 57, 59, 63, 64, 65, 66, 68, 70, 72, 75, 76, 80, 81, 85, 90, 91, 95, 98, 102, 103, 109, 112, 115, 116, 117, 118, 122, 123, 124, 125, 126, 127, 128, 129, 134, 137, 138, 144, 145, 146, 150, 151, 153, 154, 155, 156, 166, 167, 169, 171, 174, 176, 178, 179, 181, 182, 185, 186, 187, 190, 195, 196, 197, 199, 200, 201, 202, 204, 206, 207, 209, 210, 211, 216, 217, 218, 220, 221, 225, 228, 229, 231, 233, 234, 235, 237, 239, 240, 241, 243, 247, 249, 250, 252, 253, 254, 255, 257, 258, 260, 261, 264, 265, 266, 267, 268, 272, 278, 281, 282, 284, 291, 292, 295, 298, 299, 303, 304, 305, 306, 308, 309, 310, 314, 319, 320, 321, 324, 326, 327, 331, 332, 334, 335, 336, 339, 341, 342, 343, 344, 345, 348, 350, 354, 355, 357, 358, 360, 361, 362, 363, 364, 369, 370, 372, 374, 375, 378, 383, 385, 386, 387, 388, 393, 394, 396, 398, 403, 404, 405, 407, 409, 411, 412, 414, 415, 420, 421, 422, 423, 424, 427, 430, 432, 435, 436, 440, 441, 442, 445, 447, 449, 450, 451, 452, 453, 454, 455, 456, 457, 458, 464, 465, 466, 467, 473, 480, 483, 484, 486, 488, 489, 490, 491, 493, 494, 497, 499, 502, 503, 506, 507, 508, 510]
Subround 2
not enough
     Count  Value
423      2    1.0
320      2    1.0
12       2    1.0
166      2    1.0
360      2    1.0
211      2    1.0
196      2    1.0
153      2    1.0
28       2    1.0
200      2    1.0
350      2    1.0
220      2    1.0
91       2    1.0
266      2    1.0
508      2    1.0
403      2    1.0
442      2    1.0
497      2    1.0
45       2    1.0
361      2    1.0
     Count  Value
423      2    1.0
320      2    1.0
12       2    1.0
166      2    1.0
360      2    1.0
211      2    1.0
196      2    1.0
153      2    1.0
28       2    1.0
200      2    1.0
Current: [7, 12, 13, 14, 15, 18, 19, 25, 27, 28, 30, 31, 37, 40, 42, 45, 48, 55, 57, 59, 63, 65, 91, 109, 128, 129, 134, 137, 138, 144, 146, 150, 153, 154, 155, 156, 166, 171, 174, 179, 182, 185, 186, 187, 190, 196, 197, 199, 200, 201, 202, 207, 211, 216, 217, 220, 228, 229, 231, 235, 237, 240, 241, 249, 250, 253, 254, 260, 266, 268, 278, 281, 295, 305, 306, 320, 324, 326, 331, 332, 334, 335, 339, 341, 342, 343, 350, 354, 357, 358, 360, 361, 362, 363, 372, 375, 378, 396, 398, 403, 405, 407, 412, 415, 421, 422, 423, 424, 430, 435, 442, 451, 452, 453, 456, 458, 465, 467, 484, 491, 497, 499, 502, 503, 506, 507, 508, 510]
Subround 3
not enough
     Count  Value
423      3    1.0
134      3    1.0
156      3    1.0
422      3    1.0
155      3    1.0
202      3    1.0
37       3    1.0
109      3    1.0
229      3    1.0
398      3    1.0
295      3    1.0
452      3    1.0
456      3    1.0
375      3    1.0
14       3    1.0
491      3    1.0
27       3    1.0
306      3    1.0
249      3    1.0
435      3    1.0
     Count  Value
423      3    1.0
134      3    1.0
156      3    1.0
422      3    1.0
155      3    1.0
202      3    1.0
37       3    1.0
109      3    1.0
229      3    1.0
398      3    1.0
Current: [12, 14, 27, 31, 37, 45, 59, 65, 91, 109, 134, 137, 155, 156, 182, 197, 202, 229, 235, 240, 249, 253, 295, 306, 320, 339, 341, 357, 372, 375, 378, 398, 403, 422, 423, 435, 451, 452, 453, 456, 491]
Subround 4
not enough
     Count  Value
398      4    1.0
453      4    1.0
295      4    1.0
253      4    1.0
339      4    1.0
59       4    1.0
14       4    1.0
452      4    1.0
91       4    1.0
341      4    1.0
320      4    1.0
27       4    1.0
182      4    1.0
134      4    1.0
357      4    1.0
306      4    1.0
109      4    1.0
155      4    1.0
451      4    1.0
249      4    1.0
     Count  Value
398      4    1.0
453      4    1.0
295      4    1.0
253      4    1.0
339      4    1.0
59       4    1.0
14       4    1.0
452      4    1.0
91       4    1.0
341      4    1.0
Current: [7, 11, 12, 13, 14, 18, 19, 22, 27, 29, 30, 31, 36, 37, 38, 42, 45, 48, 55, 59, 63, 65, 72, 75, 81, 91, 98, 109, 114, 115, 123, 125, 126, 134, 137, 138, 140, 141, 144, 150, 153, 155, 156, 166, 171, 173, 174, 178, 179, 181, 182, 186, 196, 197, 200, 201, 202, 203, 204, 206, 216, 219, 221, 229, 231, 233, 234, 235, 237, 239, 240, 249, 250, 253, 254, 257, 260, 262, 268, 269, 272, 275, 295, 299, 301, 303, 306, 308, 309, 310, 313, 319, 320, 324, 326, 331, 332, 334, 335, 339, 341, 343, 351, 354, 357, 360, 361, 363, 369, 372, 374, 375, 378, 379, 386, 387, 391, 396, 398, 403, 404, 411, 415, 418, 419, 420, 422, 423, 435, 440, 442, 445, 447, 451, 452, 453, 455, 456, 466, 467, 483, 491, 497, 501, 502, 506, 507, 508]
Subround 5
not enough
     Count  Value
155      5    1.0
295      5    1.0
134      5    1.0
357      5    1.0
306      5    1.0
320      5    1.0
14       5    1.0
37       4    0.8
109      4    0.8
483      4    0.8
202      4    0.8
125      4    0.8
144      4    0.8
422      4    0.8
27       4    0.8
140      4    0.8
200      4    0.8
249      4    0.8
491      4    0.8
326      4    0.8
     Count  Value
155      5    1.0
295      5    1.0
134      5    1.0
357      5    1.0
306      5    1.0
320      5    1.0
14       5    1.0
37       4    0.8
109      4    0.8
483      4    0.8
Current: [7, 11, 12, 14, 19, 22, 27, 29, 31, 37, 38, 59, 91, 109, 125, 134, 137, 140, 141, 144, 155, 156, 173, 179, 181, 182, 197, 200, 202, 206, 229, 231, 240, 249, 253, 269, 272, 295, 299, 301, 306, 308, 309, 313, 319, 320, 324, 326, 335, 339, 341, 357, 363, 378, 379, 398, 403, 419, 420, 422, 445, 451, 452, 453, 456, 466, 467, 483, 491, 501, 502]
Subround 6
not enough
     Count     Value
134      6  1.000000
357      6  1.000000
319      5  0.833333
91       5  0.833333
320      5  0.833333
339      5  0.833333
156      5  0.833333
29       5  0.833333
301      5  0.833333
445      5  0.833333
155      5  0.833333
483      5  0.833333
37       5  0.833333
173      5  0.833333
335      5  0.833333
491      5  0.833333
313      5  0.833333
467      5  0.833333
240      5  0.833333
501      5  0.833333
     Count     Value
134      6  1.000000
357      6  1.000000
319      5  0.833333
91       5  0.833333
320      5  0.833333
339      5  0.833333
156      5  0.833333
29       5  0.833333
301      5  0.833333
445      5  0.833333
Current: [14, 27, 29, 37, 91, 134, 144, 155, 156, 173, 182, 197, 206, 229, 240, 249, 269, 272, 295, 299, 301, 306, 313, 319, 320, 324, 335, 339, 341, 357, 363, 403, 420, 445, 453, 456, 467, 483, 491, 501, 502]
Subround 7
not enough
     Count     Value
14       6  0.857143
27       6  0.857143
357      6  0.857143
306      6  0.857143
134      6  0.857143
240      6  0.857143
295      6  0.857143
206      6  0.857143
299      6  0.857143
320      6  0.857143
29       6  0.857143
144      6  0.857143
420      6  0.857143
309      5  0.714286
419      5  0.714286
272      5  0.714286
456      5  0.714286
131      5  0.714286
343      5  0.714286
137      5  0.714286
     Count     Value
14       6  0.857143
27       6  0.857143
357      6  0.857143
306      6  0.857143
134      6  0.857143
240      6  0.857143
295      6  0.857143
206      6  0.857143
299      6  0.857143
320      6  0.857143
Current: [7, 11, 12, 14, 19, 21, 22, 27, 29, 37, 38, 59, 91, 95, 109, 116, 121, 125, 131, 134, 137, 144, 154, 155, 156, 171, 173, 180, 181, 182, 196, 197, 200, 201, 205, 206, 208, 209, 216, 219, 229, 231, 235, 240, 247, 249, 253, 259, 269, 272, 278, 295, 299, 301, 303, 306, 308, 309, 313, 319, 320, 324, 326, 335, 337, 339, 341, 343, 344, 357, 363, 378, 379, 387, 403, 411, 419, 420, 422, 445, 447, 451, 453, 456, 465, 466, 467, 483, 491, 501, 502, 507, 508]
Subround 8
not enough
     Count  Value
320      7  0.875
240      7  0.875
306      7  0.875
27       7  0.875
14       7  0.875
420      7  0.875
299      7  0.875
134      7  0.875
144      7  0.875
295      7  0.875
507      6  0.750
272      6  0.750
180      6  0.750
456      6  0.750
29       6  0.750
363      6  0.750
278      6  0.750
339      6  0.750
216      6  0.750
319      6  0.750
     Count  Value
320      7  0.875
240      7  0.875
306      7  0.875
27       7  0.875
14       7  0.875
420      7  0.875
299      7  0.875
134      7  0.875
144      7  0.875
295      7  0.875
Current: [12, 14, 21, 27, 29, 38, 59, 95, 109, 116, 121, 125, 134, 144, 154, 155, 180, 182, 196, 200, 205, 206, 209, 216, 229, 235, 240, 272, 278, 295, 299, 306, 309, 313, 319, 320, 326, 337, 339, 341, 344, 357, 363, 379, 403, 411, 420, 453, 456, 483, 507]
Subround 9
not enough
     Count     Value
240      8  0.888889
134      8  0.888889
306      8  0.888889
14       8  0.888889
144      8  0.888889
295      8  0.888889
420      7  0.777778
229      7  0.777778
278      7  0.777778
95       7  0.777778
299      7  0.777778
196      7  0.777778
200      7  0.777778
341      7  0.777778
344      7  0.777778
483      7  0.777778
320      7  0.777778
59       7  0.777778
21       7  0.777778
109      7  0.777778
     Count     Value
240      8  0.888889
134      8  0.888889
306      8  0.888889
14       8  0.888889
144      8  0.888889
295      8  0.888889
420      7  0.777778
229      7  0.777778
278      7  0.777778
95       7  0.777778
Current: [14, 21, 27, 59, 95, 109, 116, 134, 144, 196, 200, 205, 206, 229, 235, 240, 272, 278, 295, 299, 306, 319, 320, 341, 344, 379, 420, 483]
Subround 10
     Count  Value
134      9    0.9
144      9    0.9
14       9    0.9
306      9    0.9
21       8    0.8
59       8    0.8
95       8    0.8
278      8    0.8
235      8    0.8
295      8    0.8
27       8    0.8
109      8    0.8
344      8    0.8
240      8    0.8
200      8    0.8
299      7    0.7
420      7    0.7
249      7    0.7
11       7    0.7
491      7    0.7
     Count  Value
134      9    0.9
144      9    0.9
14       9    0.9
306      9    0.9
21       8    0.8
59       8    0.8
95       8    0.8
278      8    0.8
235      8    0.8
295      8    0.8
Current: [14, 21, 27, 59, 95, 109, 134, 144, 200, 235, 240, 278, 295, 306, 344]
Round 2
Subround 1
not enough
     Count     Value
14      10  0.909091
21       9  0.818182
278      9  0.818182
134      9  0.818182
144      9  0.818182
295      9  0.818182
59       9  0.818182
95       9  0.818182
306      9  0.818182
109      9  0.818182
240      8  0.727273
200      8  0.727273
344      8  0.727273
27       8  0.727273
235      8  0.727273
182      7  0.636364
206      7  0.636364
178      7  0.636364
507      7  0.636364
423      7  0.636364
     Count  Value
95       1    1.0
423      1    1.0
109      1    1.0
59       1    1.0
21       1    1.0
14       1    1.0
295      1    1.0
278      1    1.0
Current: [14, 21, 59, 95, 109, 134, 144, 278, 295, 306]
Subround 2
not enough
     Count     Value
14      11  0.916667
95      10  0.833333
134     10  0.833333
278      9  0.750000
144      9  0.750000
295      9  0.750000
59       9  0.750000
344      9  0.750000
200      9  0.750000
21       9  0.750000
240      9  0.750000
306      9  0.750000
109      9  0.750000
27       9  0.750000
235      9  0.750000
206      7  0.583333
182      7  0.583333
178      7  0.583333
507      7  0.583333
423      7  0.583333
     Count  Value
95       2    1.0
14       2    1.0
423      1    0.5
109      1    0.5
59       1    0.5
21       1    0.5
295      1    0.5
278      1    0.5
240      1    0.5
344      1    0.5
Current: [14, 95, 134]
Subround 3
not enough
     Count     Value
14      12  0.923077
95      11  0.846154
134     11  0.846154
344     10  0.769231
144     10  0.769231
21      10  0.769231
27      10  0.769231
306      9  0.692308
240      9  0.692308
278      9  0.692308
200      9  0.692308
109      9  0.692308
59       9  0.692308
295      9  0.692308
235      9  0.692308
423      8  0.615385
507      7  0.538462
182      7  0.538462
206      7  0.538462
178      7  0.538462
     Count     Value
95       3  1.000000
14       3  1.000000
423      2  0.666667
21       2  0.666667
344      2  0.666667
134      2  0.666667
27       2  0.666667
109      1  0.333333
59       1  0.333333
295      1  0.333333
Current: [14, 95, 134]
Subround 4
not enough
     Count     Value
14      12  0.857143
134     12  0.857143
21      11  0.785714
344     11  0.785714
144     11  0.785714
95      11  0.785714
240     10  0.714286
200     10  0.714286
109     10  0.714286
27      10  0.714286
235     10  0.714286
306      9  0.642857
278      9  0.642857
59       9  0.642857
295      9  0.642857
423      8  0.571429
507      7  0.500000
182      7  0.500000
206      7  0.500000
178      7  0.500000
     Count  Value
95       3   0.75
21       3   0.75
14       3   0.75
344      3   0.75
134      3   0.75
423      2   0.50
109      2   0.50
240      2   0.50
235      2   0.50
27       2   0.50
Current: [14, 134]
Subround 5
not enough
     Count     Value
134     13  0.866667
95      12  0.800000
14      12  0.800000
144     12  0.800000
344     11  0.733333
21      11  0.733333
27      11  0.733333
306     10  0.666667
240     10  0.666667
278     10  0.666667
200     10  0.666667
109     10  0.666667
295     10  0.666667
235     10  0.666667
59       9  0.600000
423      9  0.600000
507      7  0.466667
182      7  0.466667
206      7  0.466667
178      7  0.466667
     Count  Value
95       4    0.8
134      4    0.8
423      3    0.6
21       3    0.6
14       3    0.6
344      3    0.6
27       3    0.6
144      3    0.6
109      2    0.4
295      2    0.4
Current: [134]
Subround 6
not enough
     Count   Value
95      13  0.8125
14      13  0.8125
134     13  0.8125
144     13  0.8125
27      12  0.7500
278     11  0.6875
295     11  0.6875
344     11  0.6875
21      11  0.6875
109     11  0.6875
240     10  0.6250
200     10  0.6250
306     10  0.6250
59      10  0.6250
235     10  0.6250
423      9  0.5625
182      7  0.4375
206      7  0.4375
178      7  0.4375
507      7  0.4375
     Count     Value
95       5  0.833333
14       4  0.666667
134      4  0.666667
27       4  0.666667
144      4  0.666667
423      3  0.500000
109      3  0.500000
21       3  0.500000
295      3  0.500000
278      3  0.500000
Current: [14, 95, 134, 144]
Subround 7
not enough
     Count     Value
14      14  0.823529
134     14  0.823529
95      13  0.764706
144     13  0.764706
278     12  0.705882
344     12  0.705882
21      12  0.705882
27      12  0.705882
240     11  0.647059
200     11  0.647059
109     11  0.647059
295     11  0.647059
306     10  0.588235
59      10  0.588235
235     10  0.588235
423     10  0.588235
182      7  0.411765
507      7  0.411765
206      7  0.411765
178      7  0.411765
     Count     Value
95       5  0.714286
14       5  0.714286
134      5  0.714286
423      4  0.571429
21       4  0.571429
278      4  0.571429
344      4  0.571429
27       4  0.571429
144      4  0.571429
109      3  0.428571
Current: [14, 134]
Subround 8
not enough
     Count     Value
14      15  0.833333
134     15  0.833333
95      14  0.777778
278     13  0.722222
144     13  0.722222
344     12  0.666667
200     12  0.666667
21      12  0.666667
109     12  0.666667
27      12  0.666667
240     11  0.611111
59      11  0.611111
295     11  0.611111
423     11  0.611111
306     10  0.555556
235     10  0.555556
182      7  0.388889
206      7  0.388889
507      7  0.388889
178      7  0.388889
     Count  Value
95       6  0.750
14       6  0.750
134      6  0.750
423      5  0.625
278      5  0.625
109      4  0.500
21       4  0.500
344      4  0.500
27       4  0.500
200      4  0.500
Current: [14, 134]
Subround 9
not enough
     Count     Value
14      16  0.842105
134     16  0.842105
95      15  0.789474
144     13  0.684211
200     13  0.684211
278     13  0.684211
240     12  0.631579
59      12  0.631579
344     12  0.631579
21      12  0.631579
109     12  0.631579
27      12  0.631579
306     11  0.578947
295     11  0.578947
235     11  0.578947
423     11  0.578947
182      7  0.368421
206      7  0.368421
507      7  0.368421
178      7  0.368421
     Count     Value
95       7  0.777778
14       7  0.777778
134      7  0.777778
423      5  0.555556
278      5  0.555556
200      5  0.555556
109      4  0.444444
59       4  0.444444
21       4  0.444444
240      4  0.444444
Current: [14, 134]
Subround 10
     Count  Value
14      17   0.85
134     17   0.85
95      16   0.80
278     14   0.70
144     13   0.65
344     13   0.65
200     13   0.65
21      13   0.65
109     13   0.65
240     12   0.60
306     12   0.60
59      12   0.60
27      12   0.60
295     11   0.55
235     11   0.55
423     11   0.55
182      7   0.35
206      7   0.35
507      7   0.35
178      7   0.35
     Count  Value
95       8    0.8
14       8    0.8
134      8    0.8
278      6    0.6
423      5    0.5
109      5    0.5
21       5    0.5
344      5    0.5
200      5    0.5
59       4    0.4
Current: [14, 134]
Round 3
Subround 1
not enough
     Count     Value
14      18  0.857143
134     17  0.809524
95      16  0.761905
278     14  0.666667
144     13  0.619048
344     13  0.619048
200     13  0.619048
21      13  0.619048
109     13  0.619048
240     12  0.571429
306     12  0.571429
59      12  0.571429
27      12  0.571429
295     11  0.523810
235     11  0.523810
423     11  0.523810
182      7  0.333333
206      7  0.333333
507      7  0.333333
178      7  0.333333
    Count  Value
14      1    1.0
Current: [14, 134]
Subround 2
not enough
     Count     Value
14      18  0.818182
134     18  0.818182
95      16  0.727273
278     14  0.636364
144     13  0.590909
344     13  0.590909
200     13  0.590909
21      13  0.590909
109     13  0.590909
240     12  0.545455
306     12  0.545455
59      12  0.545455
27      12  0.545455
295     11  0.500000
235     11  0.500000
423     11  0.500000
182      7  0.318182
206      7  0.318182
507      7  0.318182
178      7  0.318182
     Count  Value
14       1    0.5
134      1    0.5
Current: [14, 134]
Subround 3
not enough
     Count     Value
14      19  0.826087
134     18  0.782609
95      16  0.695652
278     14  0.608696
144     13  0.565217
344     13  0.565217
200     13  0.565217
21      13  0.565217
109     13  0.565217
240     12  0.521739
306     12  0.521739
59      12  0.521739
27      12  0.521739
295     11  0.478261
235     11  0.478261
423     11  0.478261
182      7  0.304348
206      7  0.304348
507      7  0.304348
178      7  0.304348
     Count     Value
14       2  0.666667
134      1  0.333333
Current: [14]
Subround 4
not enough
     Count     Value
14      20  0.833333
134     18  0.750000
95      16  0.666667
278     14  0.583333
144     13  0.541667
344     13  0.541667
200     13  0.541667
21      13  0.541667
109     13  0.541667
240     12  0.500000
306     12  0.500000
59      12  0.500000
27      12  0.500000
295     11  0.458333
235     11  0.458333
423     11  0.458333
182      7  0.291667
206      7  0.291667
507      7  0.291667
178      7  0.291667
     Count  Value
14       3   0.75
134      1   0.25
Current: [14]
Subround 5
not enough
     Count  Value
14      21   0.84
134     18   0.72
95      16   0.64
278     14   0.56
144     13   0.52
344     13   0.52
200     13   0.52
21      13   0.52
109     13   0.52
240     12   0.48
306     12   0.48
59      12   0.48
27      12   0.48
295     11   0.44
235     11   0.44
423     11   0.44
182      7   0.28
206      7   0.28
507      7   0.28
178      7   0.28
     Count  Value
14       4    0.8
134      1    0.2
Current: [14]
Subround 6
not enough
     Count     Value
14      22  0.846154
134     18  0.692308
95      16  0.615385
278     14  0.538462
144     13  0.500000
344     13  0.500000
200     13  0.500000
21      13  0.500000
109     13  0.500000
240     12  0.461538
306     12  0.461538
59      12  0.461538
27      12  0.461538
295     11  0.423077
235     11  0.423077
423     11  0.423077
182      7  0.269231
206      7  0.269231
507      7  0.269231
178      7  0.269231
     Count     Value
14       5  0.833333
134      1  0.166667
Current: [14]
Subround 7
not enough
     Count     Value
14      23  0.851852
134     18  0.666667
95      16  0.592593
278     14  0.518519
144     13  0.481481
344     13  0.481481
200     13  0.481481
21      13  0.481481
109     13  0.481481
240     12  0.444444
306     12  0.444444
59      12  0.444444
27      12  0.444444
295     11  0.407407
235     11  0.407407
423     11  0.407407
182      7  0.259259
206      7  0.259259
507      7  0.259259
178      7  0.259259
     Count     Value
14       6  0.857143
134      1  0.142857
Current: [14]
Subround 8
not enough
     Count     Value
14      24  0.857143
134     18  0.642857
95      16  0.571429
278     14  0.500000
144     13  0.464286
344     13  0.464286
200     13  0.464286
21      13  0.464286
109     13  0.464286
240     12  0.428571
306     12  0.428571
59      12  0.428571
27      12  0.428571
295     11  0.392857
235     11  0.392857
423     11  0.392857
182      7  0.250000
206      7  0.250000
507      7  0.250000
178      7  0.250000
     Count  Value
14       7  0.875
134      1  0.125
Current: [14]
Subround 9
not enough
     Count     Value
14      25  0.862069
134     18  0.620690
95      16  0.551724
278     14  0.482759
144     13  0.448276
344     13  0.448276
200     13  0.448276
21      13  0.448276
109     13  0.448276
240     12  0.413793
306     12  0.413793
59      12  0.413793
27      12  0.413793
295     11  0.379310
235     11  0.379310
423     11  0.379310
182      7  0.241379
206      7  0.241379
507      7  0.241379
178      7  0.241379
     Count     Value
14       8  0.888889
134      1  0.111111
Current: [14]
Subround 10
     Count     Value
14      26  0.866667
134     18  0.600000
95      16  0.533333
278     14  0.466667
144     13  0.433333
344     13  0.433333
200     13  0.433333
21      13  0.433333
109     13  0.433333
240     12  0.400000
306     12  0.400000
59      12  0.400000
27      12  0.400000
295     11  0.366667
235     11  0.366667
423     11  0.366667
182      7  0.233333
206      7  0.233333
507      7  0.233333
178      7  0.233333
     Count  Value
14       9    0.9
134      1    0.1
Current: [14]
Winning offset:
[14]
2021-09-07 12:57:16.499233
2021-09-07 13:01:01.850124
0:03:45.350891
