Loading page file profiles/packet3/pages/0x6e4a.yaml
Loading page file profiles/packet3/pages/0x6e60.yaml
Loading page file profiles/packet3/pages/0x6ee3.yaml
Loading page file profiles/packet3/pages/0x7241.yaml
Loading page file profiles/packet3/pages/0x7242.yaml
Loading page file profiles/packet3/pages/0x7243.yaml
Loading page file profiles/packet3/pages/0x7244.yaml
Round 1
Subround 1
not enough
     Count  Value
286      1    1.0
362      1    1.0
499      1    1.0
259      1    1.0
331      1    1.0
318      1    1.0
380      1    1.0
475      1    1.0
110      1    1.0
39       1    1.0
454      1    1.0
13       1    1.0
128      1    1.0
138      1    1.0
16       1    1.0
175      1    1.0
258      1    1.0
100      1    1.0
96       1    1.0
271      1    1.0
     Count  Value
286      1    1.0
362      1    1.0
499      1    1.0
259      1    1.0
331      1    1.0
318      1    1.0
380      1    1.0
475      1    1.0
110      1    1.0
39       1    1.0
Current: [0, 3, 6, 8, 9, 10, 11, 12, 13, 14, 16, 18, 20, 22, 24, 25, 27, 28, 29, 30, 33, 34, 37, 39, 41, 44, 45, 46, 47, 48, 49, 50, 53, 56, 57, 59, 61, 63, 65, 66, 69, 70, 73, 74, 76, 78, 80, 85, 86, 89, 90, 93, 96, 98, 99, 100, 102, 103, 105, 107, 110, 111, 115, 117, 119, 120, 124, 125, 128, 129, 130, 134, 136, 138, 141, 144, 146, 147, 148, 149, 152, 154, 156, 157, 158, 161, 162, 165, 166, 170, 175, 177, 178, 179, 180, 182, 184, 186, 187, 188, 193, 194, 195, 196, 197, 199, 201, 208, 209, 210, 211, 212, 213, 217, 218, 219, 220, 223, 225, 228, 230, 231, 241, 242, 243, 249, 251, 253, 254, 258, 259, 260, 261, 263, 265, 268, 271, 272, 273, 274, 279, 282, 284, 285, 286, 289, 291, 292, 294, 296, 297, 301, 303, 304, 308, 309, 310, 312, 313, 314, 317, 318, 320, 321, 322, 323, 325, 327, 331, 333, 336, 337, 338, 339, 340, 341, 342, 344, 345, 347, 350, 352, 354, 355, 356, 359, 361, 362, 370, 372, 377, 379, 380, 382, 383, 384, 387, 388, 389, 391, 394, 396, 399, 401, 402, 405, 409, 411, 417, 420, 422, 424, 425, 427, 428, 430, 432, 434, 436, 437, 439, 440, 442, 445, 448, 450, 451, 454, 455, 458, 459, 460, 462, 463, 464, 465, 466, 467, 470, 472, 473, 475, 480, 483, 484, 485, 491, 494, 498, 499, 500, 502, 503, 505, 507, 510]
Subround 2
not enough
     Count  Value
451      2    1.0
309      2    1.0
480      2    1.0
336      2    1.0
394      2    1.0
338      2    1.0
265      2    1.0
308      2    1.0
20       2    1.0
352      2    1.0
103      2    1.0
180      2    1.0
34       2    1.0
483      2    1.0
249      2    1.0
178      2    1.0
402      2    1.0
182      2    1.0
383      2    1.0
125      2    1.0
     Count  Value
451      2    1.0
309      2    1.0
480      2    1.0
336      2    1.0
394      2    1.0
338      2    1.0
265      2    1.0
308      2    1.0
20       2    1.0
352      2    1.0
Current: [0, 10, 13, 14, 18, 20, 22, 24, 25, 29, 30, 34, 37, 39, 45, 46, 49, 50, 56, 61, 63, 66, 70, 74, 80, 86, 96, 99, 103, 107, 111, 124, 125, 134, 141, 146, 147, 149, 156, 161, 165, 166, 170, 175, 177, 178, 179, 180, 182, 186, 187, 193, 194, 195, 196, 209, 212, 220, 223, 242, 243, 249, 253, 258, 259, 263, 265, 274, 279, 284, 285, 291, 292, 296, 297, 304, 308, 309, 314, 318, 323, 327, 333, 336, 337, 338, 340, 341, 344, 352, 359, 361, 362, 372, 379, 382, 383, 384, 388, 394, 399, 401, 402, 405, 409, 411, 417, 420, 422, 424, 428, 432, 436, 440, 451, 454, 455, 458, 467, 470, 472, 473, 480, 483, 485, 491, 499, 500, 505, 507]
Subround 3
not enough
     Count  Value
470      3    1.0
49       3    1.0
56       3    1.0
304      3    1.0
66       3    1.0
337      3    1.0
382      3    1.0
223      3    1.0
34       3    1.0
20       3    1.0
107      3    1.0
327      3    1.0
432      3    1.0
284      3    1.0
111      3    1.0
505      3    1.0
440      3    1.0
336      3    1.0
196      3    1.0
428      3    1.0
     Count  Value
470      3    1.0
49       3    1.0
56       3    1.0
304      3    1.0
66       3    1.0
337      3    1.0
382      3    1.0
223      3    1.0
34       3    1.0
20       3    1.0
Current: [0, 14, 20, 29, 30, 34, 39, 45, 49, 50, 56, 66, 103, 107, 111, 146, 147, 166, 175, 179, 196, 223, 259, 284, 304, 309, 318, 327, 336, 337, 341, 361, 379, 382, 383, 428, 432, 440, 454, 470, 472, 480, 491, 499, 505]
Subround 4
not enough
     Count  Value
147      4    1.0
382      4    1.0
470      4    1.0
50       4    1.0
107      4    1.0
49       4    1.0
34       4    1.0
45       4    1.0
14       4    1.0
336      4    1.0
284      4    1.0
432      4    1.0
111      4    1.0
179      4    1.0
341      4    1.0
196      4    1.0
146      4    1.0
56       4    1.0
0        4    1.0
454      4    1.0
     Count  Value
147      4    1.0
382      4    1.0
470      4    1.0
50       4    1.0
107      4    1.0
49       4    1.0
34       4    1.0
45       4    1.0
14       4    1.0
336      4    1.0
Current: [0, 5, 9, 10, 14, 16, 20, 21, 24, 25, 27, 28, 29, 30, 34, 35, 39, 41, 42, 45, 49, 50, 56, 61, 63, 66, 70, 84, 86, 89, 96, 98, 103, 105, 107, 110, 111, 115, 120, 128, 146, 147, 148, 149, 153, 154, 156, 157, 161, 162, 165, 166, 169, 170, 175, 179, 180, 183, 194, 195, 196, 201, 204, 209, 210, 211, 212, 220, 221, 223, 228, 231, 241, 249, 251, 254, 258, 259, 263, 268, 270, 279, 282, 284, 297, 303, 304, 308, 309, 312, 313, 314, 318, 320, 321, 325, 327, 331, 336, 337, 338, 340, 341, 342, 344, 350, 352, 355, 359, 361, 367, 370, 372, 376, 377, 379, 382, 383, 387, 398, 409, 411, 420, 425, 428, 430, 432, 434, 437, 440, 445, 454, 460, 466, 467, 470, 472, 475, 477, 480, 483, 484, 485, 491, 499, 503, 505, 507]
Subround 5
not enough
     Count  Value
284      5    1.0
45       5    1.0
454      5    1.0
336      5    1.0
146      5    1.0
14       5    1.0
179      5    1.0
428      4    0.8
20       4    0.8
29       4    0.8
309      4    0.8
383      4    0.8
472      4    0.8
491      4    0.8
166      4    0.8
420      4    0.8
147      4    0.8
480      4    0.8
196      4    0.8
484      4    0.8
     Count  Value
284      5    1.0
45       5    1.0
454      5    1.0
336      5    1.0
146      5    1.0
14       5    1.0
179      5    1.0
428      4    0.8
20       4    0.8
29       4    0.8
Current: [0, 9, 14, 20, 21, 29, 34, 39, 45, 49, 50, 56, 66, 89, 103, 107, 111, 115, 146, 147, 154, 165, 166, 169, 175, 179, 183, 196, 204, 220, 221, 249, 251, 259, 270, 284, 304, 309, 321, 325, 331, 336, 337, 338, 340, 341, 344, 350, 355, 367, 372, 379, 382, 383, 398, 411, 420, 425, 428, 432, 440, 445, 454, 470, 472, 480, 483, 484, 491, 499, 505]
Subround 6
not enough
     Count     Value
454      6  1.000000
284      6  1.000000
146      6  1.000000
336      6  1.000000
411      5  0.833333
331      5  0.833333
14       5  0.833333
480      5  0.833333
45       5  0.833333
103      5  0.833333
39       5  0.833333
169      5  0.833333
66       5  0.833333
340      5  0.833333
49       5  0.833333
111      5  0.833333
166      5  0.833333
470      5  0.833333
344      5  0.833333
325      5  0.833333
     Count     Value
454      6  1.000000
284      6  1.000000
146      6  1.000000
336      6  1.000000
411      5  0.833333
331      5  0.833333
14       5  0.833333
480      5  0.833333
45       5  0.833333
103      5  0.833333
Current: [0, 14, 20, 29, 39, 45, 49, 56, 66, 103, 111, 146, 147, 166, 169, 179, 220, 259, 284, 309, 325, 331, 336, 340, 344, 355, 372, 379, 382, 411, 440, 445, 454, 470, 472, 480, 483, 491]
Subround 7
not enough
     Count     Value
445      6  0.857143
325      6  0.857143
146      6  0.857143
39       6  0.857143
111      6  0.857143
454      6  0.857143
103      6  0.857143
220      6  0.857143
336      6  0.857143
0        6  0.857143
45       6  0.857143
56       6  0.857143
179      6  0.857143
284      6  0.857143
344      6  0.857143
485      5  0.714286
472      5  0.714286
430      5  0.714286
459      5  0.714286
169      5  0.714286
     Count     Value
445      6  0.857143
325      6  0.857143
146      6  0.857143
39       6  0.857143
111      6  0.857143
454      6  0.857143
103      6  0.857143
220      6  0.857143
336      6  0.857143
0        6  0.857143
Current: [0, 9, 14, 20, 21, 22, 24, 29, 39, 45, 49, 50, 56, 66, 68, 69, 84, 103, 105, 107, 108, 109, 111, 128, 146, 147, 166, 169, 179, 181, 194, 196, 204, 210, 212, 220, 221, 223, 251, 259, 275, 282, 283, 284, 297, 303, 304, 308, 309, 317, 325, 331, 336, 340, 341, 344, 350, 355, 367, 372, 377, 379, 382, 388, 398, 411, 420, 430, 432, 440, 445, 448, 454, 459, 466, 470, 472, 480, 483, 485, 491, 499]
Subround 8
not enough
     Count  Value
45       7  0.875
56       7  0.875
325      7  0.875
39       7  0.875
454      7  0.875
0        7  0.875
146      7  0.875
179      7  0.875
220      7  0.875
344      7  0.875
66       6  0.750
355      6  0.750
29       6  0.750
69       6  0.750
24       6  0.750
470      6  0.750
223      6  0.750
196      6  0.750
420      6  0.750
14       6  0.750
     Count  Value
45       7  0.875
56       7  0.875
325      7  0.875
39       7  0.875
454      7  0.875
0        7  0.875
146      7  0.875
179      7  0.875
220      7  0.875
344      7  0.875
Current: [0, 9, 14, 20, 21, 24, 29, 39, 45, 49, 56, 66, 69, 103, 107, 108, 111, 128, 146, 169, 179, 181, 194, 196, 220, 223, 259, 283, 284, 297, 303, 304, 308, 309, 317, 325, 336, 344, 350, 355, 377, 382, 420, 430, 432, 445, 448, 454, 470, 472, 480, 485, 499]
Subround 9
not enough
     Count     Value
179      8  0.888889
454      8  0.888889
56       8  0.888889
220      8  0.888889
304      7  0.777778
350      7  0.777778
29       7  0.777778
223      7  0.777778
432      7  0.777778
325      7  0.777778
45       7  0.777778
480      7  0.777778
430      7  0.777778
21       7  0.777778
14       7  0.777778
355      7  0.777778
303      7  0.777778
420      7  0.777778
344      7  0.777778
472      7  0.777778
     Count     Value
179      8  0.888889
454      8  0.888889
56       8  0.888889
220      8  0.888889
304      7  0.777778
350      7  0.777778
29       7  0.777778
223      7  0.777778
432      7  0.777778
325      7  0.777778
Current: [0, 14, 21, 24, 29, 39, 45, 56, 128, 146, 179, 181, 194, 220, 223, 283, 303, 304, 325, 344, 350, 355, 382, 420, 430, 432, 454, 472, 480, 499]
Subround 10
     Count  Value
220      9    0.9
179      9    0.9
56       9    0.9
128      8    0.8
382      8    0.8
303      8    0.8
499      8    0.8
355      8    0.8
430      8    0.8
14       8    0.8
325      8    0.8
146      8    0.8
344      8    0.8
472      8    0.8
432      8    0.8
21       8    0.8
420      8    0.8
223      8    0.8
304      8    0.8
24       8    0.8
     Count  Value
220      9    0.9
179      9    0.9
56       9    0.9
128      8    0.8
382      8    0.8
303      8    0.8
499      8    0.8
355      8    0.8
430      8    0.8
14       8    0.8
Current: [14, 21, 24, 56, 128, 146, 179, 220, 223, 303, 304, 325, 344, 355, 382, 420, 430, 432, 454, 472, 499]
Round 2
Subround 1
not enough
     Count     Value
56      10  0.909091
432      9  0.818182
344      9  0.818182
303      9  0.818182
220      9  0.818182
24       9  0.818182
304      9  0.818182
179      9  0.818182
223      9  0.818182
430      9  0.818182
14       9  0.818182
21       9  0.818182
325      9  0.818182
499      8  0.727273
355      8  0.727273
146      8  0.727273
128      8  0.727273
472      8  0.727273
382      8  0.727273
420      8  0.727273
     Count  Value
56       1    1.0
223      1    1.0
325      1    1.0
24       1    1.0
304      1    1.0
432      1    1.0
14       1    1.0
21       1    1.0
430      1    1.0
344      1    1.0
Current: [14, 21, 24, 56, 179, 220, 223, 303, 304, 325, 344, 430, 432]
Subround 2
not enough
     Count     Value
430     10  0.833333
325     10  0.833333
21      10  0.833333
303     10  0.833333
24      10  0.833333
304     10  0.833333
56      10  0.833333
14      10  0.833333
432      9  0.750000
220      9  0.750000
344      9  0.750000
223      9  0.750000
420      9  0.750000
454      9  0.750000
179      9  0.750000
355      9  0.750000
146      8  0.666667
472      8  0.666667
382      8  0.666667
128      8  0.666667
     Count  Value
325      2    1.0
24       2    1.0
304      2    1.0
14       2    1.0
21       2    1.0
430      2    1.0
303      2    1.0
56       1    0.5
223      1    0.5
432      1    0.5
Current: [14, 21, 24, 56, 303, 304, 325, 430]
Subround 3
not enough
     Count     Value
14      11  0.846154
430     10  0.769231
304     10  0.769231
21      10  0.769231
303     10  0.769231
420     10  0.769231
24      10  0.769231
220     10  0.769231
432     10  0.769231
325     10  0.769231
344     10  0.769231
223     10  0.769231
179     10  0.769231
56      10  0.769231
146      9  0.692308
355      9  0.692308
472      9  0.692308
382      9  0.692308
499      9  0.692308
454      9  0.692308
     Count     Value
14       3  1.000000
303      2  0.666667
325      2  0.666667
24       2  0.666667
304      2  0.666667
432      2  0.666667
21       2  0.666667
430      2  0.666667
344      2  0.666667
223      2  0.666667
Current: [14]
Subround 4
not enough
     Count     Value
14      12  0.857143
430     11  0.785714
432     11  0.785714
420     11  0.785714
24      11  0.785714
304     11  0.785714
220     11  0.785714
325     11  0.785714
223     11  0.785714
179     11  0.785714
355     10  0.714286
344     10  0.714286
303     10  0.714286
21      10  0.714286
56      10  0.714286
146      9  0.642857
472      9  0.642857
382      9  0.642857
499      9  0.642857
454      9  0.642857
     Count  Value
14       4   1.00
325      3   0.75
24       3   0.75
304      3   0.75
432      3   0.75
430      3   0.75
223      3   0.75
420      3   0.75
303      2   0.50
21       2   0.50
Current: [14]
Subround 5
not enough
     Count     Value
14      13  0.866667
430     12  0.800000
179     12  0.800000
223     12  0.800000
432     12  0.800000
24      12  0.800000
304     11  0.733333
21      11  0.733333
303     11  0.733333
420     11  0.733333
355     11  0.733333
220     11  0.733333
325     11  0.733333
146     10  0.666667
454     10  0.666667
344     10  0.666667
56      10  0.666667
472      9  0.600000
382      9  0.600000
499      9  0.600000
     Count  Value
14       5    1.0
430      4    0.8
24       4    0.8
432      4    0.8
223      4    0.8
179      3    0.6
355      3    0.6
420      3    0.6
303      3    0.6
21       3    0.6
Current: [14]
Subround 6
not enough
     Count   Value
430     13  0.8125
432     13  0.8125
14      13  0.8125
223     13  0.8125
303     12  0.7500
420     12  0.7500
24      12  0.7500
355     12  0.7500
179     12  0.7500
220     11  0.6875
304     11  0.6875
325     11  0.6875
344     11  0.6875
454     11  0.6875
21      11  0.6875
56      11  0.6875
146     10  0.6250
472     10  0.6250
382      9  0.5625
499      9  0.5625
     Count     Value
432      5  0.833333
14       5  0.833333
430      5  0.833333
223      5  0.833333
303      4  0.666667
24       4  0.666667
420      4  0.666667
355      4  0.666667
325      3  0.500000
304      3  0.500000
Current: [14, 223, 430, 432]
Subround 7
not enough
     Count     Value
430     14  0.823529
14      14  0.823529
432     14  0.823529
303     13  0.764706
223     13  0.764706
24      13  0.764706
304     12  0.705882
420     12  0.705882
355     12  0.705882
220     12  0.705882
325     12  0.705882
344     12  0.705882
179     12  0.705882
146     11  0.647059
454     11  0.647059
21      11  0.647059
56      11  0.647059
472     10  0.588235
382      9  0.529412
128      9  0.529412
     Count     Value
430      6  0.857143
432      6  0.857143
14       6  0.857143
24       5  0.714286
303      5  0.714286
223      5  0.714286
420      4  0.571429
325      4  0.571429
304      4  0.571429
355      4  0.571429
Current: [14, 430, 432]
Subround 8
not enough
     Count     Value
14      15  0.833333
430     14  0.777778
223     14  0.777778
432     14  0.777778
24      14  0.777778
304     13  0.722222
179     13  0.722222
325     13  0.722222
303     13  0.722222
420     13  0.722222
146     12  0.666667
355     12  0.666667
220     12  0.666667
344     12  0.666667
472     11  0.611111
56      11  0.611111
454     11  0.611111
21      11  0.611111
128     10  0.555556
499     10  0.555556
     Count  Value
14       7  0.875
24       6  0.750
432      6  0.750
430      6  0.750
223      6  0.750
420      5  0.625
325      5  0.625
304      5  0.625
303      5  0.625
344      4  0.500
Current: [14]
Subround 9
not enough
     Count     Value
14      16  0.842105
430     15  0.789474
24      15  0.789474
432     15  0.789474
223     14  0.736842
303     14  0.736842
325     14  0.736842
304     13  0.684211
420     13  0.684211
220     13  0.684211
146     13  0.684211
179     13  0.684211
21      12  0.631579
355     12  0.631579
344     12  0.631579
454     11  0.578947
472     11  0.578947
56      11  0.578947
499     10  0.526316
128     10  0.526316
     Count     Value
14       8  0.888889
24       7  0.777778
432      7  0.777778
430      7  0.777778
325      6  0.666667
303      6  0.666667
223      6  0.666667
304      5  0.555556
146      5  0.555556
420      5  0.555556
Current: [14]
Subround 10
     Count  Value
14      17   0.85
430     15   0.75
223     15   0.75
432     15   0.75
24      15   0.75
304     14   0.70
303     14   0.70
325     14   0.70
179     14   0.70
420     13   0.65
355     13   0.65
220     13   0.65
344     13   0.65
146     13   0.65
454     12   0.60
21      12   0.60
472     12   0.60
56      12   0.60
128     11   0.55
499     10   0.50
     Count  Value
14       9    0.9
24       7    0.7
432      7    0.7
430      7    0.7
223      7    0.7
325      6    0.6
304      6    0.6
303      6    0.6
344      5    0.5
420      5    0.5
Current: [14]
Winning offset:
[14]
2021-09-07 13:04:20.014703
2021-09-07 13:07:36.393830
0:03:16.379127
