Loading page file profiles/packet3/pages/0x6e4a.yaml
Loading page file profiles/packet3/pages/0x6e60.yaml
Loading page file profiles/packet3/pages/0x6ee3.yaml
Loading page file profiles/packet3/pages/0x7241.yaml
Loading page file profiles/packet3/pages/0x7242.yaml
Loading page file profiles/packet3/pages/0x7243.yaml
Loading page file profiles/packet3/pages/0x7244.yaml
Round 1
Subround 1
not enough
     Count  Value
282      1    1.0
132      1    1.0
75       1    1.0
424      1    1.0
319      1    1.0
17       1    1.0
401      1    1.0
104      1    1.0
14       1    1.0
76       1    1.0
122      1    1.0
8        1    1.0
315      1    1.0
180      1    1.0
286      1    1.0
323      1    1.0
292      1    1.0
440      1    1.0
169      1    1.0
35       1    1.0
     Count  Value
282      1    1.0
132      1    1.0
75       1    1.0
424      1    1.0
319      1    1.0
17       1    1.0
401      1    1.0
104      1    1.0
14       1    1.0
76       1    1.0
Current: [0, 1, 7, 8, 9, 12, 14, 16, 17, 24, 25, 26, 27, 30, 31, 34, 35, 36, 41, 43, 46, 48, 49, 53, 54, 56, 59, 60, 61, 62, 69, 71, 73, 75, 76, 77, 78, 79, 81, 82, 83, 87, 88, 90, 91, 93, 94, 96, 98, 99, 101, 102, 103, 104, 108, 110, 111, 112, 113, 114, 115, 118, 122, 123, 124, 125, 129, 132, 133, 136, 138, 143, 145, 147, 150, 152, 155, 159, 160, 161, 164, 165, 169, 170, 172, 176, 177, 180, 183, 187, 188, 191, 192, 193, 197, 198, 199, 200, 204, 207, 208, 209, 211, 212, 214, 215, 217, 218, 222, 223, 225, 226, 228, 230, 232, 236, 238, 242, 243, 246, 249, 252, 253, 255, 257, 258, 261, 262, 263, 264, 270, 273, 274, 275, 276, 277, 278, 279, 281, 282, 283, 284, 286, 288, 289, 291, 292, 295, 298, 300, 305, 306, 307, 309, 311, 313, 315, 316, 319, 321, 323, 326, 328, 329, 333, 334, 337, 338, 339, 343, 346, 347, 348, 351, 353, 354, 355, 358, 361, 362, 363, 364, 366, 367, 368, 369, 370, 372, 373, 375, 377, 378, 379, 380, 385, 387, 388, 390, 392, 393, 394, 398, 400, 401, 403, 406, 409, 410, 411, 412, 413, 417, 419, 423, 424, 427, 428, 429, 433, 435, 436, 437, 438, 439, 440, 444, 445, 446, 451, 454, 457, 460, 462, 464, 471, 474, 476, 478, 479, 483, 484, 485, 487, 490, 491, 492, 495, 498, 499, 500, 501, 502, 505, 508, 509, 510]
Subround 2
not enough
     Count  Value
282      2    1.0
370      2    1.0
361      2    1.0
82       2    1.0
111      2    1.0
410      2    1.0
337      2    1.0
159      2    1.0
321      2    1.0
102      2    1.0
215      2    1.0
76       2    1.0
262      2    1.0
145      2    1.0
230      2    1.0
218      2    1.0
362      2    1.0
187      2    1.0
75       2    1.0
401      2    1.0
     Count  Value
282      2    1.0
370      2    1.0
361      2    1.0
82       2    1.0
111      2    1.0
410      2    1.0
337      2    1.0
159      2    1.0
321      2    1.0
102      2    1.0
Current: [1, 8, 14, 25, 26, 35, 36, 41, 43, 46, 48, 53, 54, 62, 75, 76, 78, 81, 82, 87, 90, 91, 93, 94, 102, 103, 108, 110, 111, 113, 118, 122, 123, 129, 136, 138, 145, 150, 152, 159, 161, 164, 169, 172, 180, 187, 188, 192, 200, 207, 211, 212, 215, 217, 218, 225, 226, 228, 230, 242, 243, 255, 257, 262, 263, 264, 275, 277, 278, 279, 282, 289, 291, 295, 298, 305, 306, 309, 311, 315, 316, 321, 323, 328, 333, 334, 337, 346, 347, 361, 362, 366, 368, 369, 370, 372, 373, 377, 378, 379, 385, 390, 392, 394, 401, 410, 417, 419, 427, 429, 433, 437, 444, 446, 451, 454, 460, 464, 492, 500, 502, 505, 508, 509]
Subround 3
not enough
     Count  Value
366      3    1.0
46       3    1.0
323      3    1.0
419      3    1.0
255      3    1.0
311      3    1.0
279      3    1.0
76       3    1.0
14       3    1.0
385      3    1.0
91       3    1.0
427      3    1.0
75       3    1.0
53       3    1.0
278      3    1.0
218      3    1.0
372      3    1.0
36       3    1.0
113      3    1.0
309      3    1.0
     Count  Value
366      3    1.0
46       3    1.0
323      3    1.0
419      3    1.0
255      3    1.0
311      3    1.0
279      3    1.0
76       3    1.0
14       3    1.0
385      3    1.0
Current: [14, 26, 36, 43, 46, 53, 75, 76, 91, 111, 113, 123, 164, 218, 243, 255, 278, 279, 309, 311, 323, 366, 372, 385, 419, 427, 451, 509]
Subround 4
not enough
     Count  Value
123      4   1.00
278      4   1.00
53       4   1.00
111      4   1.00
43       4   1.00
36       4   1.00
366      4   1.00
323      4   1.00
255      4   1.00
113      4   1.00
218      4   1.00
46       4   1.00
164      4   1.00
427      4   1.00
204      3   0.75
361      3   0.75
82       3   0.75
509      3   0.75
61       3   0.75
282      3   0.75
     Count  Value
123      4    1.0
278      4    1.0
53       4    1.0
111      4    1.0
43       4    1.0
36       4    1.0
366      4    1.0
323      4    1.0
255      4    1.0
113      4    1.0
Current: [1, 14, 16, 21, 25, 26, 27, 31, 34, 36, 41, 42, 43, 46, 53, 56, 59, 61, 62, 75, 76, 79, 80, 82, 83, 88, 91, 95, 96, 98, 99, 101, 102, 103, 111, 113, 117, 122, 123, 124, 129, 131, 136, 138, 152, 155, 160, 164, 165, 172, 173, 180, 185, 187, 188, 192, 193, 197, 199, 200, 203, 204, 211, 214, 218, 223, 228, 230, 232, 236, 242, 243, 246, 253, 255, 262, 263, 264, 273, 278, 279, 281, 282, 288, 295, 298, 305, 309, 311, 313, 315, 323, 325, 326, 333, 337, 346, 347, 348, 357, 359, 361, 366, 367, 368, 370, 372, 377, 378, 380, 385, 390, 391, 392, 393, 403, 406, 417, 419, 424, 427, 428, 429, 431, 433, 437, 439, 442, 444, 446, 448, 451, 454, 457, 460, 464, 474, 477, 478, 483, 484, 487, 490, 491, 499, 500, 505, 506, 508, 509]
Subround 5
not enough
     Count  Value
46       5    1.0
113      5    1.0
323      5    1.0
111      5    1.0
366      4    0.8
164      4    0.8
243      4    0.8
444      4    0.8
53       4    0.8
454      4    0.8
347      4    0.8
279      4    0.8
348      4    0.8
246      4    0.8
311      4    0.8
242      4    0.8
1        4    0.8
380      4    0.8
185      4    0.8
506      4    0.8
     Count  Value
46       5    1.0
113      5    1.0
323      5    1.0
111      5    1.0
366      4    0.8
164      4    0.8
243      4    0.8
444      4    0.8
53       4    0.8
454      4    0.8
Current: [1, 14, 21, 26, 31, 34, 36, 42, 43, 46, 53, 59, 61, 76, 82, 83, 91, 98, 102, 103, 111, 113, 123, 136, 164, 185, 200, 204, 218, 242, 243, 246, 255, 278, 279, 298, 311, 313, 323, 347, 348, 357, 366, 370, 372, 378, 380, 390, 393, 419, 427, 429, 433, 439, 442, 444, 454, 460, 490, 500, 506, 508]
Subround 6
not enough
     Count     Value
323      6  1.000000
46       6  1.000000
111      6  1.000000
113      6  1.000000
102      5  0.833333
82       5  0.833333
103      5  0.833333
204      5  0.833333
439      5  0.833333
347      5  0.833333
378      5  0.833333
454      5  0.833333
185      5  0.833333
34       5  0.833333
76       5  0.833333
500      5  0.833333
298      5  0.833333
14       5  0.833333
366      5  0.833333
278      5  0.833333
     Count     Value
323      6  1.000000
46       6  1.000000
111      6  1.000000
113      6  1.000000
102      5  0.833333
82       5  0.833333
103      5  0.833333
204      5  0.833333
439      5  0.833333
347      5  0.833333
Current: [14, 34, 36, 42, 46, 76, 82, 83, 102, 103, 111, 113, 185, 204, 242, 243, 246, 278, 298, 313, 323, 347, 366, 370, 372, 378, 380, 390, 429, 439, 442, 454, 460, 500, 506, 508]
Subround 7
not enough
     Count     Value
454      6  0.857143
185      6  0.857143
372      6  0.857143
36       6  0.857143
111      6  0.857143
46       6  0.857143
313      6  0.857143
460      6  0.857143
113      6  0.857143
323      6  0.857143
67       5  0.714286
82       5  0.714286
123      5  0.714286
43       5  0.714286
243      5  0.714286
103      5  0.714286
289      5  0.714286
246      5  0.714286
348      5  0.714286
77       5  0.714286
     Count     Value
454      6  0.857143
185      6  0.857143
372      6  0.857143
36       6  0.857143
111      6  0.857143
46       6  0.857143
313      6  0.857143
460      6  0.857143
113      6  0.857143
323      6  0.857143
Current: [11, 14, 22, 34, 36, 42, 43, 46, 61, 67, 76, 77, 82, 83, 91, 98, 102, 103, 111, 113, 122, 123, 125, 131, 137, 163, 164, 170, 180, 185, 197, 200, 204, 208, 218, 228, 242, 243, 246, 255, 276, 277, 278, 279, 284, 289, 291, 295, 298, 311, 313, 319, 323, 337, 343, 347, 348, 353, 357, 363, 365, 366, 370, 372, 378, 380, 390, 393, 395, 417, 419, 423, 424, 427, 429, 439, 442, 444, 454, 460, 490, 498, 500, 506, 508]
Subround 8
not enough
     Count  Value
113      7  0.875
111      7  0.875
323      7  0.875
46       7  0.875
83       6  0.750
295      6  0.750
348      6  0.750
393      6  0.750
200      6  0.750
242      6  0.750
228      6  0.750
500      6  0.750
98       6  0.750
284      6  0.750
102      6  0.750
170      6  0.750
395      6  0.750
347      6  0.750
279      6  0.750
11       6  0.750
     Count  Value
113      7  0.875
111      7  0.875
323      7  0.875
46       7  0.875
83       6  0.750
295      6  0.750
348      6  0.750
393      6  0.750
200      6  0.750
242      6  0.750
Current: [11, 14, 36, 42, 46, 76, 77, 82, 83, 98, 102, 103, 111, 113, 122, 123, 125, 131, 137, 164, 170, 180, 185, 200, 208, 228, 242, 243, 246, 277, 279, 284, 295, 298, 313, 323, 347, 348, 353, 372, 380, 390, 393, 395, 424, 427, 444, 454, 460, 490, 500]
Subround 9
not enough
     Count     Value
113      8  0.888889
11       7  0.777778
372      7  0.777778
424      7  0.777778
170      7  0.777778
111      7  0.777778
82       7  0.777778
14       7  0.777778
36       7  0.777778
390      7  0.777778
323      7  0.777778
313      7  0.777778
490      7  0.777778
46       7  0.777778
460      7  0.777778
277      7  0.777778
208      6  0.666667
123      6  0.666667
98       6  0.666667
500      6  0.666667
     Count     Value
113      8  0.888889
11       7  0.777778
372      7  0.777778
424      7  0.777778
170      7  0.777778
111      7  0.777778
82       7  0.777778
14       7  0.777778
36       7  0.777778
390      7  0.777778
Current: [11, 14, 36, 46, 82, 111, 113, 170, 277, 313, 323, 372, 390, 424, 460, 490]
Subround 10
     Count  Value
14       8    0.8
11       8    0.8
490      8    0.8
113      8    0.8
111      8    0.8
323      8    0.8
277      7    0.7
311      7    0.7
164      7    0.7
343      7    0.7
102      7    0.7
170      7    0.7
242      7    0.7
77       7    0.7
218      7    0.7
438      7    0.7
298      7    0.7
424      7    0.7
319      7    0.7
276      7    0.7
     Count  Value
14       8    0.8
11       8    0.8
490      8    0.8
113      8    0.8
111      8    0.8
323      8    0.8
277      7    0.7
311      7    0.7
164      7    0.7
343      7    0.7
Current: [11, 14, 111, 113, 323, 490]
Round 2
Subround 1
not enough
     Count     Value
11       9  0.818182
113      9  0.818182
111      9  0.818182
14       8  0.727273
490      8  0.727273
323      8  0.727273
277      7  0.636364
311      7  0.636364
164      7  0.636364
343      7  0.636364
102      7  0.636364
170      7  0.636364
242      7  0.636364
77       7  0.636364
218      7  0.636364
438      7  0.636364
298      7  0.636364
424      7  0.636364
319      7  0.636364
276      7  0.636364
     Count  Value
111      1    1.0
113      1    1.0
11       1    1.0
Current: [11, 111, 113]
Subround 2
not enough
     Count     Value
113     10  0.833333
111     10  0.833333
14       9  0.750000
11       9  0.750000
490      8  0.666667
323      8  0.666667
277      7  0.583333
311      7  0.583333
164      7  0.583333
343      7  0.583333
102      7  0.583333
170      7  0.583333
242      7  0.583333
77       7  0.583333
218      7  0.583333
438      7  0.583333
298      7  0.583333
424      7  0.583333
319      7  0.583333
276      7  0.583333
     Count  Value
111      2    1.0
113      2    1.0
11       1    0.5
14       1    0.5
Current: [111, 113]
Subround 3
not enough
     Count     Value
14      10  0.769231
11      10  0.769231
113     10  0.769231
111     10  0.769231
323      9  0.692308
490      8  0.615385
277      7  0.538462
311      7  0.538462
164      7  0.538462
343      7  0.538462
102      7  0.538462
170      7  0.538462
242      7  0.538462
77       7  0.538462
218      7  0.538462
438      7  0.538462
298      7  0.538462
424      7  0.538462
319      7  0.538462
276      7  0.538462
     Count     Value
111      2  0.666667
113      2  0.666667
11       2  0.666667
14       2  0.666667
323      1  0.333333
no winner, not enough
Current: []
Subround 4
not enough
     Count     Value
14      11  0.785714
113     11  0.785714
111     11  0.785714
11      10  0.714286
323      9  0.642857
490      8  0.571429
277      7  0.500000
311      7  0.500000
164      7  0.500000
343      7  0.500000
102      7  0.500000
170      7  0.500000
242      7  0.500000
77       7  0.500000
218      7  0.500000
438      7  0.500000
298      7  0.500000
424      7  0.500000
319      7  0.500000
276      7  0.500000
     Count  Value
111      3   0.75
113      3   0.75
14       3   0.75
11       2   0.50
323      1   0.25
no winner, not enough
Current: []
Subround 5
not enough
     Count     Value
14      12  0.800000
113     12  0.800000
111     12  0.800000
11      10  0.666667
323      9  0.600000
490      8  0.533333
277      7  0.466667
311      7  0.466667
164      7  0.466667
343      7  0.466667
102      7  0.466667
170      7  0.466667
242      7  0.466667
77       7  0.466667
218      7  0.466667
438      7  0.466667
298      7  0.466667
424      7  0.466667
319      7  0.466667
276      7  0.466667
     Count  Value
111      4    0.8
113      4    0.8
14       4    0.8
11       2    0.4
323      1    0.2
no winner, not enough
Current: []
Subround 6
not enough
     Count   Value
14      13  0.8125
113     13  0.8125
111     12  0.7500
11      11  0.6875
323      9  0.5625
490      8  0.5000
277      7  0.4375
311      7  0.4375
164      7  0.4375
343      7  0.4375
102      7  0.4375
170      7  0.4375
242      7  0.4375
77       7  0.4375
218      7  0.4375
438      7  0.4375
298      7  0.4375
424      7  0.4375
319      7  0.4375
276      7  0.4375
     Count     Value
113      5  0.833333
14       5  0.833333
111      4  0.666667
11       3  0.500000
323      1  0.166667
Current: [14, 113]
Subround 7
not enough
     Count     Value
14      14  0.823529
113     14  0.823529
111     13  0.764706
11      11  0.647059
323      9  0.529412
490      8  0.470588
277      7  0.411765
311      7  0.411765
164      7  0.411765
343      7  0.411765
102      7  0.411765
170      7  0.411765
242      7  0.411765
77       7  0.411765
218      7  0.411765
438      7  0.411765
298      7  0.411765
424      7  0.411765
319      7  0.411765
276      7  0.411765
     Count     Value
113      6  0.857143
14       6  0.857143
111      5  0.714286
11       3  0.428571
323      1  0.142857
Current: [14, 113]
Subround 8
not enough
     Count     Value
14      15  0.833333
113     15  0.833333
111     14  0.777778
11      11  0.611111
323      9  0.500000
490      8  0.444444
277      7  0.388889
311      7  0.388889
164      7  0.388889
343      7  0.388889
102      7  0.388889
170      7  0.388889
242      7  0.388889
77       7  0.388889
218      7  0.388889
438      7  0.388889
298      7  0.388889
424      7  0.388889
319      7  0.388889
276      7  0.388889
     Count  Value
113      7  0.875
14       7  0.875
111      6  0.750
11       3  0.375
323      1  0.125
Current: [14, 113]
Subround 9
not enough
     Count     Value
14      16  0.842105
113     16  0.842105
111     15  0.789474
11      11  0.578947
323      9  0.473684
490      8  0.421053
277      7  0.368421
311      7  0.368421
164      7  0.368421
343      7  0.368421
102      7  0.368421
170      7  0.368421
242      7  0.368421
77       7  0.368421
218      7  0.368421
438      7  0.368421
298      7  0.368421
424      7  0.368421
319      7  0.368421
276      7  0.368421
     Count     Value
113      8  0.888889
14       8  0.888889
111      7  0.777778
11       3  0.333333
323      1  0.111111
Current: [14, 113]
Subround 10
     Count  Value
14      17   0.85
113     17   0.85
111     15   0.75
11      12   0.60
323      9   0.45
490      8   0.40
277      7   0.35
311      7   0.35
164      7   0.35
343      7   0.35
102      7   0.35
170      7   0.35
242      7   0.35
77       7   0.35
218      7   0.35
438      7   0.35
298      7   0.35
424      7   0.35
319      7   0.35
276      7   0.35
     Count  Value
113      9    0.9
14       9    0.9
111      7    0.7
11       4    0.4
323      1    0.1
Current: [14, 113]
Round 3
Subround 1
not enough
     Count     Value
14      18  0.857143
113     17  0.809524
111     15  0.714286
11      12  0.571429
323      9  0.428571
490      8  0.380952
277      7  0.333333
311      7  0.333333
164      7  0.333333
343      7  0.333333
102      7  0.333333
170      7  0.333333
242      7  0.333333
77       7  0.333333
218      7  0.333333
438      7  0.333333
298      7  0.333333
424      7  0.333333
319      7  0.333333
276      7  0.333333
    Count  Value
14      1    1.0
Current: [14, 113]
Subround 2
not enough
     Count     Value
14      19  0.863636
113     17  0.772727
111     15  0.681818
11      12  0.545455
323      9  0.409091
490      8  0.363636
277      7  0.318182
311      7  0.318182
164      7  0.318182
343      7  0.318182
102      7  0.318182
170      7  0.318182
242      7  0.318182
77       7  0.318182
218      7  0.318182
438      7  0.318182
298      7  0.318182
424      7  0.318182
319      7  0.318182
276      7  0.318182
    Count  Value
14      2    1.0
Current: [14]
Subround 3
not enough
     Count     Value
14      20  0.869565
113     17  0.739130
111     15  0.652174
11      12  0.521739
323      9  0.391304
490      8  0.347826
277      7  0.304348
311      7  0.304348
164      7  0.304348
343      7  0.304348
102      7  0.304348
170      7  0.304348
242      7  0.304348
77       7  0.304348
218      7  0.304348
438      7  0.304348
298      7  0.304348
424      7  0.304348
319      7  0.304348
276      7  0.304348
    Count  Value
14      3    1.0
Current: [14]
Subround 4
not enough
     Count     Value
14      21  0.875000
113     17  0.708333
111     15  0.625000
11      12  0.500000
323      9  0.375000
490      8  0.333333
277      7  0.291667
311      7  0.291667
164      7  0.291667
343      7  0.291667
102      7  0.291667
170      7  0.291667
242      7  0.291667
77       7  0.291667
218      7  0.291667
438      7  0.291667
298      7  0.291667
424      7  0.291667
319      7  0.291667
276      7  0.291667
    Count  Value
14      4    1.0
Current: [14]
Subround 5
not enough
     Count  Value
14      21   0.84
113     18   0.72
111     15   0.60
11      12   0.48
323      9   0.36
490      8   0.32
277      7   0.28
311      7   0.28
164      7   0.28
343      7   0.28
102      7   0.28
170      7   0.28
242      7   0.28
77       7   0.28
218      7   0.28
438      7   0.28
298      7   0.28
424      7   0.28
319      7   0.28
276      7   0.28
     Count  Value
14       4    0.8
113      1    0.2
Current: [14]
Subround 6
not enough
     Count     Value
14      21  0.807692
113     19  0.730769
111     15  0.576923
11      12  0.461538
323      9  0.346154
490      8  0.307692
277      7  0.269231
311      7  0.269231
164      7  0.269231
343      7  0.269231
102      7  0.269231
170      7  0.269231
242      7  0.269231
77       7  0.269231
218      7  0.269231
438      7  0.269231
298      7  0.269231
424      7  0.269231
319      7  0.269231
276      7  0.269231
     Count     Value
14       4  0.666667
113      2  0.333333
Current: [14]
Subround 7
not enough
     Count     Value
14      22  0.814815
113     19  0.703704
111     15  0.555556
11      12  0.444444
323      9  0.333333
490      8  0.296296
277      7  0.259259
311      7  0.259259
164      7  0.259259
343      7  0.259259
102      7  0.259259
170      7  0.259259
242      7  0.259259
77       7  0.259259
218      7  0.259259
438      7  0.259259
298      7  0.259259
424      7  0.259259
319      7  0.259259
276      7  0.259259
     Count     Value
14       5  0.714286
113      2  0.285714
Current: [14]
Subround 8
not enough
     Count     Value
14      23  0.821429
113     19  0.678571
111     15  0.535714
11      12  0.428571
323      9  0.321429
490      8  0.285714
277      7  0.250000
311      7  0.250000
164      7  0.250000
343      7  0.250000
102      7  0.250000
170      7  0.250000
242      7  0.250000
77       7  0.250000
218      7  0.250000
438      7  0.250000
298      7  0.250000
424      7  0.250000
319      7  0.250000
276      7  0.250000
     Count  Value
14       6   0.75
113      2   0.25
Current: [14]
Subround 9
not enough
     Count     Value
14      23  0.793103
113     20  0.689655
111     15  0.517241
11      12  0.413793
323      9  0.310345
490      8  0.275862
277      7  0.241379
311      7  0.241379
164      7  0.241379
343      7  0.241379
102      7  0.241379
170      7  0.241379
242      7  0.241379
77       7  0.241379
218      7  0.241379
438      7  0.241379
298      7  0.241379
424      7  0.241379
319      7  0.241379
276      7  0.241379
     Count     Value
14       6  0.666667
113      3  0.333333
no winner, not enough
Current: []
Subround 10
     Count     Value
14      24  0.800000
113     20  0.666667
111     15  0.500000
11      12  0.400000
323      9  0.300000
490      8  0.266667
277      7  0.233333
311      7  0.233333
164      7  0.233333
343      7  0.233333
102      7  0.233333
170      7  0.233333
242      7  0.233333
77       7  0.233333
218      7  0.233333
438      7  0.233333
298      7  0.233333
424      7  0.233333
319      7  0.233333
276      7  0.233333
     Count  Value
14       7    0.7
113      3    0.3
no winner, not enough
Current: []
Subround 11
     Count     Value
14      24  0.774194
113     21  0.677419
111     15  0.483871
11      12  0.387097
323      9  0.290323
490      8  0.258065
277      7  0.225806
311      7  0.225806
164      7  0.225806
343      7  0.225806
102      7  0.225806
170      7  0.225806
242      7  0.225806
77       7  0.225806
218      7  0.225806
438      7  0.225806
298      7  0.225806
424      7  0.225806
319      7  0.225806
276      7  0.225806
     Count     Value
14       7  0.636364
113      4  0.363636
no winner, not enough
Current: []
Subround 12
     Count    Value
14      24  0.75000
113     22  0.68750
111     15  0.46875
11      12  0.37500
323      9  0.28125
490      8  0.25000
277      7  0.21875
311      7  0.21875
164      7  0.21875
343      7  0.21875
102      7  0.21875
170      7  0.21875
242      7  0.21875
77       7  0.21875
218      7  0.21875
438      7  0.21875
298      7  0.21875
424      7  0.21875
319      7  0.21875
276      7  0.21875
     Count     Value
14       7  0.583333
113      5  0.416667
no winner, not enough
Current: []
Subround 13
     Count     Value
14      25  0.757576
113     22  0.666667
111     15  0.454545
11      12  0.363636
323      9  0.272727
490      8  0.242424
277      7  0.212121
311      7  0.212121
164      7  0.212121
343      7  0.212121
102      7  0.212121
170      7  0.212121
242      7  0.212121
77       7  0.212121
218      7  0.212121
438      7  0.212121
298      7  0.212121
424      7  0.212121
319      7  0.212121
276      7  0.212121
     Count     Value
14       8  0.615385
113      5  0.384615
no winner, not enough
Current: []
Subround 14
     Count     Value
14      25  0.735294
113     23  0.676471
111     15  0.441176
11      12  0.352941
323      9  0.264706
490      8  0.235294
277      7  0.205882
311      7  0.205882
164      7  0.205882
343      7  0.205882
102      7  0.205882
170      7  0.205882
242      7  0.205882
77       7  0.205882
218      7  0.205882
438      7  0.205882
298      7  0.205882
424      7  0.205882
319      7  0.205882
276      7  0.205882
     Count     Value
14       8  0.571429
113      6  0.428571
no winner, not enough
Current: []
Subround 15
     Count     Value
14      26  0.742857
113     23  0.657143
111     15  0.428571
11      12  0.342857
323      9  0.257143
490      8  0.228571
277      7  0.200000
311      7  0.200000
164      7  0.200000
343      7  0.200000
102      7  0.200000
170      7  0.200000
242      7  0.200000
77       7  0.200000
218      7  0.200000
438      7  0.200000
298      7  0.200000
424      7  0.200000
319      7  0.200000
276      7  0.200000
     Count  Value
14       9    0.6
113      6    0.4
no winner, not enough
Current: []
Subround 16
     Count     Value
14      27  0.750000
113     23  0.638889
111     15  0.416667
11      12  0.333333
323      9  0.250000
490      8  0.222222
277      7  0.194444
311      7  0.194444
164      7  0.194444
343      7  0.194444
102      7  0.194444
170      7  0.194444
242      7  0.194444
77       7  0.194444
218      7  0.194444
438      7  0.194444
298      7  0.194444
424      7  0.194444
319      7  0.194444
276      7  0.194444
     Count  Value
14      10  0.625
113      6  0.375
no winner, not enough
Current: []
Subround 17
     Count     Value
14      28  0.756757
113     23  0.621622
111     15  0.405405
11      12  0.324324
323      9  0.243243
490      8  0.216216
277      7  0.189189
311      7  0.189189
164      7  0.189189
343      7  0.189189
102      7  0.189189
170      7  0.189189
242      7  0.189189
77       7  0.189189
218      7  0.189189
438      7  0.189189
298      7  0.189189
424      7  0.189189
319      7  0.189189
276      7  0.189189
     Count     Value
14      11  0.647059
113      6  0.352941
no winner, not enough
Current: []
Subround 18
     Count     Value
14      29  0.763158
113     23  0.605263
111     15  0.394737
11      12  0.315789
323      9  0.236842
490      8  0.210526
277      7  0.184211
311      7  0.184211
164      7  0.184211
343      7  0.184211
102      7  0.184211
170      7  0.184211
242      7  0.184211
77       7  0.184211
218      7  0.184211
438      7  0.184211
298      7  0.184211
424      7  0.184211
319      7  0.184211
276      7  0.184211
     Count     Value
14      12  0.666667
113      6  0.333333
no winner, not enough
Current: []
Subround 19
     Count     Value
14      30  0.769231
113     23  0.589744
111     15  0.384615
11      12  0.307692
323      9  0.230769
490      8  0.205128
277      7  0.179487
311      7  0.179487
164      7  0.179487
343      7  0.179487
102      7  0.179487
170      7  0.179487
242      7  0.179487
77       7  0.179487
218      7  0.179487
438      7  0.179487
298      7  0.179487
424      7  0.179487
319      7  0.179487
276      7  0.179487
     Count     Value
14      13  0.684211
113      6  0.315789
no winner, not enough
Current: []
Subround 20
     Count  Value
14      30  0.750
113     24  0.600
111     15  0.375
11      12  0.300
323      9  0.225
490      8  0.200
277      7  0.175
311      7  0.175
164      7  0.175
343      7  0.175
102      7  0.175
170      7  0.175
242      7  0.175
77       7  0.175
218      7  0.175
438      7  0.175
298      7  0.175
424      7  0.175
319      7  0.175
276      7  0.175
     Count  Value
14      13   0.65
113      7   0.35
no winner, not enough
Current: []
Subround 21
     Count     Value
14      30  0.731707
113     25  0.609756
111     15  0.365854
11      12  0.292683
323      9  0.219512
490      8  0.195122
277      7  0.170732
311      7  0.170732
164      7  0.170732
343      7  0.170732
102      7  0.170732
170      7  0.170732
242      7  0.170732
77       7  0.170732
218      7  0.170732
438      7  0.170732
298      7  0.170732
424      7  0.170732
319      7  0.170732
276      7  0.170732
     Count     Value
14      13  0.619048
113      8  0.380952
no winner, not enough
Current: []
Subround 22
     Count     Value
14      31  0.738095
113     25  0.595238
111     15  0.357143
11      12  0.285714
323      9  0.214286
490      8  0.190476
277      7  0.166667
311      7  0.166667
164      7  0.166667
343      7  0.166667
102      7  0.166667
170      7  0.166667
242      7  0.166667
77       7  0.166667
218      7  0.166667
438      7  0.166667
298      7  0.166667
424      7  0.166667
319      7  0.166667
276      7  0.166667
     Count     Value
14      14  0.636364
113      8  0.363636
no winner, not enough
Current: []
Subround 23
     Count     Value
14      31  0.720930
113     26  0.604651
111     15  0.348837
11      12  0.279070
323      9  0.209302
490      8  0.186047
277      7  0.162791
311      7  0.162791
164      7  0.162791
343      7  0.162791
102      7  0.162791
170      7  0.162791
242      7  0.162791
77       7  0.162791
218      7  0.162791
438      7  0.162791
298      7  0.162791
424      7  0.162791
319      7  0.162791
276      7  0.162791
     Count     Value
14      14  0.608696
113      9  0.391304
no winner, not enough
Current: []
Subround 24
     Count     Value
14      31  0.704545
113     27  0.613636
111     15  0.340909
11      12  0.272727
323      9  0.204545
490      8  0.181818
277      7  0.159091
311      7  0.159091
164      7  0.159091
343      7  0.159091
102      7  0.159091
170      7  0.159091
242      7  0.159091
77       7  0.159091
218      7  0.159091
438      7  0.159091
298      7  0.159091
424      7  0.159091
319      7  0.159091
276      7  0.159091
     Count     Value
14      14  0.583333
113     10  0.416667
no winner, not enough
Current: []
Subround 25
     Count     Value
14      32  0.711111
113     27  0.600000
111     15  0.333333
11      12  0.266667
323      9  0.200000
490      8  0.177778
277      7  0.155556
311      7  0.155556
164      7  0.155556
343      7  0.155556
102      7  0.155556
170      7  0.155556
242      7  0.155556
77       7  0.155556
218      7  0.155556
438      7  0.155556
298      7  0.155556
424      7  0.155556
319      7  0.155556
276      7  0.155556
     Count  Value
14      15    0.6
113     10    0.4
no winner, not enough
Current: []
Subround 26
     Count     Value
14      32  0.695652
113     28  0.608696
111     15  0.326087
11      12  0.260870
323      9  0.195652
490      8  0.173913
277      7  0.152174
311      7  0.152174
164      7  0.152174
343      7  0.152174
102      7  0.152174
170      7  0.152174
242      7  0.152174
77       7  0.152174
218      7  0.152174
438      7  0.152174
298      7  0.152174
424      7  0.152174
319      7  0.152174
276      7  0.152174
     Count     Value
14      15  0.576923
113     11  0.423077
no winner, not enough
Current: []
Subround 27
     Count     Value
14      33  0.702128
113     28  0.595745
111     15  0.319149
11      12  0.255319
323      9  0.191489
490      8  0.170213
277      7  0.148936
311      7  0.148936
164      7  0.148936
343      7  0.148936
102      7  0.148936
170      7  0.148936
242      7  0.148936
77       7  0.148936
218      7  0.148936
438      7  0.148936
298      7  0.148936
424      7  0.148936
319      7  0.148936
276      7  0.148936
     Count     Value
14      16  0.592593
113     11  0.407407
no winner, not enough
Current: []
Subround 28
     Count     Value
14      34  0.708333
113     28  0.583333
111     15  0.312500
11      12  0.250000
323      9  0.187500
490      8  0.166667
277      7  0.145833
311      7  0.145833
164      7  0.145833
343      7  0.145833
102      7  0.145833
170      7  0.145833
242      7  0.145833
77       7  0.145833
218      7  0.145833
438      7  0.145833
298      7  0.145833
424      7  0.145833
319      7  0.145833
276      7  0.145833
     Count     Value
14      17  0.607143
113     11  0.392857
no winner, not enough
Current: []
Subround 29
     Count     Value
14      35  0.714286
113     28  0.571429
111     15  0.306122
11      12  0.244898
323      9  0.183673
490      8  0.163265
277      7  0.142857
311      7  0.142857
164      7  0.142857
343      7  0.142857
102      7  0.142857
170      7  0.142857
242      7  0.142857
77       7  0.142857
218      7  0.142857
438      7  0.142857
298      7  0.142857
424      7  0.142857
319      7  0.142857
276      7  0.142857
     Count    Value
14      18  0.62069
113     11  0.37931
no winner, not enough
Current: []
Subround 30
     Count  Value
14      36   0.72
113     28   0.56
111     15   0.30
11      12   0.24
323      9   0.18
490      8   0.16
277      7   0.14
311      7   0.14
164      7   0.14
343      7   0.14
102      7   0.14
170      7   0.14
242      7   0.14
77       7   0.14
218      7   0.14
438      7   0.14
298      7   0.14
424      7   0.14
319      7   0.14
276      7   0.14
     Count     Value
14      19  0.633333
113     11  0.366667
Rest half winner
Current: [0, 2, 4, 5, 6, 11, 13, 14, 18, 21, 22, 23, 30, 31, 32, 33, 34, 36, 37, 38, 40, 42, 43, 44, 46, 47, 48, 49, 52, 55, 61, 63, 64, 65, 67, 70, 76, 77, 80, 82, 83, 85, 88, 89, 91, 92, 94, 95, 97, 98, 102, 103, 107, 111, 112, 113, 115, 118, 122, 123, 124, 125, 126, 128, 130, 131, 135, 136, 137, 139, 143, 152, 153, 156, 163, 164, 166, 167, 168, 170, 175, 180, 181, 182, 183, 184, 185, 186, 189, 192, 196, 197, 199, 200, 202, 203, 204, 205, 206, 207, 208, 210, 213, 214, 218, 219, 222, 223, 228, 229, 230, 231, 233, 234, 236, 237, 239, 240, 241, 242, 243, 245, 246, 252, 255, 262, 263, 264, 267, 269, 272, 273, 276, 277, 278, 279, 282, 284, 288, 289, 290, 291, 293, 294, 295, 298, 300, 303, 310, 311, 312, 313, 314, 315, 317, 318, 319, 321, 323, 325, 329, 330, 331, 332, 335, 337, 340, 341, 343, 344, 345, 347, 348, 351, 352, 353, 354, 356, 357, 359, 360, 362, 363, 365, 366, 371, 372, 373, 374, 376, 377, 378, 380, 381, 382, 384, 385, 386, 390, 391, 393, 395, 396, 402, 403, 407, 408, 417, 418, 419, 420, 423, 424, 426, 427, 429, 430, 431, 433, 434, 437, 438, 439, 441, 442, 443, 444, 445, 446, 448, 449, 454, 456, 457, 460, 466, 468, 471, 473, 476, 477, 479, 481, 482, 484, 488, 489, 490, 496, 498, 500, 505, 506, 507, 508, 509]
Round 4
Subround 1
not enough
     Count  Value
439      1    1.0
429      1    1.0
312      1    1.0
22       1    1.0
130      1    1.0
85       1    1.0
427      1    1.0
136      1    1.0
420      1    1.0
223      1    1.0
89       1    1.0
444      1    1.0
11       1    1.0
88       1    1.0
315      1    1.0
202      1    1.0
236      1    1.0
48       1    1.0
311      1    1.0
37       1    1.0
     Count  Value
439      1    1.0
429      1    1.0
312      1    1.0
22       1    1.0
130      1    1.0
85       1    1.0
427      1    1.0
136      1    1.0
420      1    1.0
223      1    1.0
Current: [2, 4, 6, 11, 14, 21, 22, 23, 34, 37, 46, 47, 48, 49, 52, 61, 65, 70, 77, 80, 82, 85, 88, 89, 91, 92, 95, 97, 98, 103, 112, 122, 128, 130, 136, 139, 143, 156, 167, 168, 170, 180, 182, 183, 186, 192, 197, 200, 202, 207, 213, 214, 219, 222, 223, 228, 233, 234, 236, 237, 239, 240, 243, 252, 255, 263, 269, 276, 277, 278, 288, 289, 293, 303, 310, 311, 312, 314, 315, 317, 321, 323, 330, 335, 337, 340, 343, 344, 348, 351, 359, 360, 362, 363, 365, 366, 371, 372, 374, 378, 381, 382, 385, 391, 393, 395, 396, 402, 417, 420, 423, 427, 429, 431, 433, 434, 439, 444, 446, 454, 456, 481, 484, 488, 490, 500, 505, 508]
Subround 2
not enough
     Count  Value
439      2    1.0
427      2    1.0
420      2    1.0
11       2    1.0
202      2    1.0
48       2    1.0
168      2    1.0
381      2    1.0
360      2    1.0
321      2    1.0
97       2    1.0
391      2    1.0
143      2    1.0
34       2    1.0
240      2    1.0
454      2    1.0
70       2    1.0
65       2    1.0
269      2    1.0
136      2    1.0
     Count  Value
439      2    1.0
427      2    1.0
420      2    1.0
11       2    1.0
202      2    1.0
48       2    1.0
168      2    1.0
381      2    1.0
360      2    1.0
321      2    1.0
Current: [4, 11, 14, 21, 23, 34, 47, 48, 65, 70, 77, 82, 95, 97, 98, 103, 128, 130, 136, 143, 168, 170, 180, 182, 183, 197, 200, 202, 213, 219, 222, 234, 240, 255, 269, 277, 293, 310, 312, 321, 343, 359, 360, 362, 365, 374, 378, 381, 382, 391, 402, 417, 420, 423, 427, 429, 439, 446, 454, 484]
Subround 3
not enough
     Count  Value
21       3    1.0
200      3    1.0
170      3    1.0
14       3    1.0
82       3    1.0
484      3    1.0
77       3    1.0
454      3    1.0
234      3    1.0
95       3    1.0
240      3    1.0
34       3    1.0
197      3    1.0
97       3    1.0
255      3    1.0
183      3    1.0
321      3    1.0
360      3    1.0
168      3    1.0
365      3    1.0
     Count  Value
21       3    1.0
200      3    1.0
170      3    1.0
14       3    1.0
82       3    1.0
484      3    1.0
77       3    1.0
454      3    1.0
234      3    1.0
95       3    1.0
Current: [14, 21, 34, 77, 82, 95, 97, 168, 170, 183, 197, 200, 202, 234, 240, 255, 321, 360, 365, 374, 454, 484]
Subround 4
not enough
     Count  Value
484      4   1.00
200      4   1.00
77       4   1.00
95       4   1.00
255      4   1.00
183      4   1.00
168      4   1.00
360      4   1.00
321      4   1.00
240      4   1.00
21       4   1.00
82       4   1.00
14       4   1.00
97       4   1.00
125      3   0.75
34       3   0.75
330      3   0.75
288      3   0.75
279      3   0.75
189      3   0.75
     Count  Value
484      4    1.0
200      4    1.0
77       4    1.0
95       4    1.0
255      4    1.0
183      4    1.0
168      4    1.0
360      4    1.0
321      4    1.0
240      4    1.0
Current: [14, 21, 77, 82, 95, 97, 168, 183, 200, 240, 255, 321, 360, 484]
Subround 5
not enough
     Count  Value
97       5    1.0
255      5    1.0
95       5    1.0
321      5    1.0
14       5    1.0
183      5    1.0
218      4    0.8
170      4    0.8
125      4    0.8
222      4    0.8
234      4    0.8
433      4    0.8
23       4    0.8
219      4    0.8
240      4    0.8
21       4    0.8
89       4    0.8
484      4    0.8
77       4    0.8
340      4    0.8
     Count  Value
97       5    1.0
255      5    1.0
95       5    1.0
321      5    1.0
14       5    1.0
183      5    1.0
218      4    0.8
170      4    0.8
125      4    0.8
222      4    0.8
Current: [14, 95, 97, 183, 255, 321]
Subround 6
not enough
     Count     Value
183      6  1.000000
14       6  1.000000
97       6  1.000000
454      5  0.833333
321      5  0.833333
202      5  0.833333
48       5  0.833333
255      5  0.833333
197      5  0.833333
82       5  0.833333
95       5  0.833333
360      5  0.833333
89       5  0.833333
340      5  0.833333
374      5  0.833333
128      5  0.833333
125      5  0.833333
311      4  0.666667
315      4  0.666667
236      4  0.666667
     Count     Value
183      6  1.000000
14       6  1.000000
97       6  1.000000
454      5  0.833333
321      5  0.833333
202      5  0.833333
48       5  0.833333
255      5  0.833333
197      5  0.833333
82       5  0.833333
Current: [14, 48, 82, 89, 95, 97, 125, 128, 183, 197, 202, 255, 321, 340, 360, 374, 454]
Subround 7
not enough
     Count     Value
14       7  1.000000
183      7  1.000000
97       6  0.857143
89       6  0.857143
202      6  0.857143
82       6  0.857143
255      6  0.857143
340      6  0.857143
484      5  0.714286
240      5  0.714286
454      5  0.714286
77       5  0.714286
315      5  0.714286
23       5  0.714286
344      5  0.714286
391      5  0.714286
125      5  0.714286
21       5  0.714286
197      5  0.714286
95       5  0.714286
     Count     Value
14       7  1.000000
183      7  1.000000
97       6  0.857143
89       6  0.857143
202      6  0.857143
82       6  0.857143
255      6  0.857143
340      6  0.857143
484      5  0.714286
240      5  0.714286
Current: [14, 82, 89, 97, 183, 202, 255, 340]
Subround 8
not enough
     Count  Value
14       8  1.000
202      7  0.875
183      7  0.875
255      7  0.875
23       6  0.750
321      6  0.750
331      6  0.750
89       6  0.750
82       6  0.750
21       6  0.750
267      6  0.750
330      6  0.750
395      6  0.750
508      6  0.750
340      6  0.750
197      6  0.750
97       6  0.750
454      6  0.750
374      6  0.750
240      6  0.750
     Count  Value
14       8  1.000
202      7  0.875
183      7  0.875
255      7  0.875
23       6  0.750
321      6  0.750
331      6  0.750
89       6  0.750
82       6  0.750
21       6  0.750
Current: [14, 183, 202, 255]
Subround 9
not enough
     Count     Value
202      8  0.888889
183      8  0.888889
14       8  0.888889
23       7  0.777778
340      7  0.777778
454      7  0.777778
321      7  0.777778
255      7  0.777778
82       7  0.777778
374      7  0.777778
89       7  0.777778
330      6  0.666667
48       6  0.666667
344      6  0.666667
21       6  0.666667
484      6  0.666667
77       6  0.666667
229      6  0.666667
376      6  0.666667
38       6  0.666667
     Count     Value
202      8  0.888889
183      8  0.888889
14       8  0.888889
23       7  0.777778
340      7  0.777778
454      7  0.777778
321      7  0.777778
255      7  0.777778
82       7  0.777778
374      7  0.777778
Current: [14, 183, 202]
Subround 10
     Count  Value
183      9    0.9
14       9    0.9
454      8    0.8
202      8    0.8
340      8    0.8
89       8    0.8
321      8    0.8
298      7    0.7
381      7    0.7
315      7    0.7
21       7    0.7
229      7    0.7
82       7    0.7
500      7    0.7
427      7    0.7
22       7    0.7
312      7    0.7
255      7    0.7
230      7    0.7
395      7    0.7
     Count  Value
183      9    0.9
14       9    0.9
454      8    0.8
202      8    0.8
340      8    0.8
89       8    0.8
321      8    0.8
298      7    0.7
381      7    0.7
315      7    0.7
Current: [14, 183]
Round 5
Subround 1
not enough
     Count     Value
14      10  0.909091
183      9  0.818182
454      8  0.727273
202      8  0.727273
340      8  0.727273
89       8  0.727273
321      8  0.727273
298      7  0.636364
381      7  0.636364
315      7  0.636364
21       7  0.636364
229      7  0.636364
82       7  0.636364
500      7  0.636364
427      7  0.636364
22       7  0.636364
312      7  0.636364
255      7  0.636364
230      7  0.636364
395      7  0.636364
    Count  Value
14      1    1.0
Current: [14, 183]
Subround 2
not enough
     Count     Value
14      11  0.916667
183      9  0.750000
454      8  0.666667
202      8  0.666667
340      8  0.666667
89       8  0.666667
321      8  0.666667
298      7  0.583333
381      7  0.583333
315      7  0.583333
21       7  0.583333
229      7  0.583333
82       7  0.583333
500      7  0.583333
427      7  0.583333
22       7  0.583333
312      7  0.583333
255      7  0.583333
230      7  0.583333
395      7  0.583333
    Count  Value
14      2    1.0
Current: [14]
Subround 3
not enough
     Count     Value
14      12  0.923077
183      9  0.692308
454      8  0.615385
202      8  0.615385
340      8  0.615385
89       8  0.615385
321      8  0.615385
298      7  0.538462
381      7  0.538462
315      7  0.538462
21       7  0.538462
229      7  0.538462
82       7  0.538462
500      7  0.538462
427      7  0.538462
22       7  0.538462
312      7  0.538462
255      7  0.538462
230      7  0.538462
395      7  0.538462
    Count  Value
14      3    1.0
Current: [14]
Subround 4
not enough
     Count     Value
14      13  0.928571
183      9  0.642857
454      8  0.571429
202      8  0.571429
340      8  0.571429
89       8  0.571429
321      8  0.571429
298      7  0.500000
381      7  0.500000
315      7  0.500000
21       7  0.500000
229      7  0.500000
82       7  0.500000
500      7  0.500000
427      7  0.500000
22       7  0.500000
312      7  0.500000
255      7  0.500000
230      7  0.500000
395      7  0.500000
    Count  Value
14      4    1.0
Current: [14]
Subround 5
not enough
     Count     Value
14      13  0.866667
183     10  0.666667
454      8  0.533333
202      8  0.533333
340      8  0.533333
89       8  0.533333
321      8  0.533333
298      7  0.466667
381      7  0.466667
315      7  0.466667
21       7  0.466667
229      7  0.466667
82       7  0.466667
500      7  0.466667
427      7  0.466667
22       7  0.466667
312      7  0.466667
255      7  0.466667
230      7  0.466667
395      7  0.466667
     Count  Value
14       4    0.8
183      1    0.2
Current: [14]
Subround 6
not enough
     Count   Value
14      14  0.8750
183     10  0.6250
454      8  0.5000
202      8  0.5000
340      8  0.5000
89       8  0.5000
321      8  0.5000
298      7  0.4375
381      7  0.4375
315      7  0.4375
21       7  0.4375
229      7  0.4375
82       7  0.4375
500      7  0.4375
427      7  0.4375
22       7  0.4375
312      7  0.4375
255      7  0.4375
230      7  0.4375
395      7  0.4375
     Count     Value
14       5  0.833333
183      1  0.166667
Current: [14]
Subround 7
not enough
     Count     Value
14      15  0.882353
183     10  0.588235
454      8  0.470588
202      8  0.470588
340      8  0.470588
89       8  0.470588
321      8  0.470588
298      7  0.411765
381      7  0.411765
315      7  0.411765
21       7  0.411765
229      7  0.411765
82       7  0.411765
500      7  0.411765
427      7  0.411765
22       7  0.411765
312      7  0.411765
255      7  0.411765
230      7  0.411765
395      7  0.411765
     Count     Value
14       6  0.857143
183      1  0.142857
Current: [14]
Subround 8
not enough
     Count     Value
14      15  0.833333
183     11  0.611111
454      8  0.444444
202      8  0.444444
340      8  0.444444
89       8  0.444444
321      8  0.444444
298      7  0.388889
381      7  0.388889
315      7  0.388889
21       7  0.388889
229      7  0.388889
82       7  0.388889
500      7  0.388889
427      7  0.388889
22       7  0.388889
312      7  0.388889
255      7  0.388889
230      7  0.388889
395      7  0.388889
     Count  Value
14       6   0.75
183      2   0.25
Current: [14]
Subround 9
not enough
     Count     Value
14      16  0.842105
183     11  0.578947
454      8  0.421053
202      8  0.421053
340      8  0.421053
89       8  0.421053
321      8  0.421053
298      7  0.368421
381      7  0.368421
315      7  0.368421
21       7  0.368421
229      7  0.368421
82       7  0.368421
500      7  0.368421
427      7  0.368421
22       7  0.368421
312      7  0.368421
255      7  0.368421
230      7  0.368421
395      7  0.368421
     Count     Value
14       7  0.777778
183      2  0.222222
Current: [14]
Subround 10
     Count  Value
14      17   0.85
183     11   0.55
454      8   0.40
202      8   0.40
340      8   0.40
89       8   0.40
321      8   0.40
298      7   0.35
381      7   0.35
315      7   0.35
21       7   0.35
229      7   0.35
82       7   0.35
500      7   0.35
427      7   0.35
22       7   0.35
312      7   0.35
255      7   0.35
230      7   0.35
395      7   0.35
     Count  Value
14       8    0.8
183      2    0.2
Current: [14]
Winning offset:
[14]
2021-09-07 13:14:15.554783
2021-09-07 13:21:07.038129
0:06:51.483346
