Loading page file profiles/packet3/pages/0x6e4a.yaml
Loading page file profiles/packet3/pages/0x6e60.yaml
Loading page file profiles/packet3/pages/0x6ee3.yaml
Loading page file profiles/packet3/pages/0x7241.yaml
Loading page file profiles/packet3/pages/0x7242.yaml
Loading page file profiles/packet3/pages/0x7243.yaml
Loading page file profiles/packet3/pages/0x7244.yaml
Round 1
Subround 1
not enough
     Count  Value
480      1    1.0
192      1    1.0
317      1    1.0
422      1    1.0
172      1    1.0
23       1    1.0
262      1    1.0
291      1    1.0
332      1    1.0
407      1    1.0
28       1    1.0
217      1    1.0
331      1    1.0
484      1    1.0
305      1    1.0
394      1    1.0
289      1    1.0
207      1    1.0
103      1    1.0
294      1    1.0
     Count  Value
480      1    1.0
192      1    1.0
317      1    1.0
422      1    1.0
172      1    1.0
23       1    1.0
262      1    1.0
291      1    1.0
332      1    1.0
407      1    1.0
Current: [0, 1, 2, 3, 6, 7, 8, 10, 12, 13, 14, 17, 18, 19, 23, 24, 26, 28, 29, 30, 34, 35, 38, 47, 51, 52, 53, 55, 56, 63, 65, 66, 70, 73, 74, 78, 81, 83, 85, 86, 87, 91, 92, 94, 95, 96, 97, 99, 100, 102, 103, 106, 109, 110, 111, 112, 113, 114, 115, 119, 120, 125, 128, 129, 130, 132, 135, 136, 137, 140, 150, 153, 157, 159, 160, 161, 162, 163, 166, 172, 173, 174, 175, 176, 180, 181, 182, 185, 186, 188, 189, 190, 192, 194, 195, 196, 199, 201, 203, 204, 205, 207, 208, 209, 210, 212, 215, 217, 225, 227, 230, 232, 233, 235, 236, 238, 240, 241, 242, 244, 247, 248, 250, 252, 254, 255, 257, 258, 260, 261, 262, 264, 266, 268, 275, 276, 277, 279, 281, 282, 283, 284, 285, 286, 289, 290, 291, 293, 294, 295, 296, 297, 298, 301, 302, 303, 304, 305, 307, 310, 316, 317, 318, 319, 320, 321, 322, 326, 328, 329, 330, 331, 332, 334, 340, 345, 347, 348, 354, 355, 356, 358, 359, 362, 363, 365, 368, 376, 378, 380, 382, 383, 385, 386, 388, 389, 392, 393, 394, 398, 399, 402, 403, 404, 405, 407, 409, 411, 412, 413, 417, 418, 420, 421, 422, 424, 428, 431, 432, 433, 434, 440, 441, 442, 444, 445, 446, 447, 452, 454, 455, 456, 457, 464, 470, 471, 473, 474, 478, 479, 480, 482, 484, 487, 488, 489, 490, 494, 495, 496, 497, 498, 499, 501, 509, 511]
Subround 2
not enough
     Count  Value
496      2    1.0
6        2    1.0
304      2    1.0
411      2    1.0
307      2    1.0
330      2    1.0
188      2    1.0
161      2    1.0
192      2    1.0
182      2    1.0
447      2    1.0
132      2    1.0
297      2    1.0
445      2    1.0
440      2    1.0
86       2    1.0
380      2    1.0
0        2    1.0
348      2    1.0
10       2    1.0
     Count  Value
496      2    1.0
6        2    1.0
304      2    1.0
411      2    1.0
307      2    1.0
330      2    1.0
188      2    1.0
161      2    1.0
192      2    1.0
182      2    1.0
Current: [0, 2, 6, 7, 10, 12, 14, 26, 29, 35, 52, 55, 63, 65, 73, 74, 86, 94, 96, 97, 99, 102, 106, 110, 112, 113, 114, 115, 119, 120, 129, 132, 135, 136, 137, 150, 159, 160, 161, 172, 182, 186, 188, 189, 190, 192, 194, 203, 207, 210, 212, 233, 235, 236, 238, 240, 241, 244, 247, 250, 252, 261, 262, 264, 266, 268, 275, 276, 281, 283, 285, 286, 290, 291, 293, 294, 296, 297, 298, 302, 304, 305, 307, 316, 317, 321, 329, 330, 332, 345, 348, 355, 363, 376, 378, 380, 382, 385, 386, 398, 399, 402, 403, 409, 411, 420, 422, 424, 428, 431, 432, 440, 442, 445, 447, 454, 471, 479, 482, 494, 495, 496, 501, 511]
Subround 3
not enough
     Count  Value
26       3    1.0
385      3    1.0
188      3    1.0
447      3    1.0
276      3    1.0
132      3    1.0
402      3    1.0
411      3    1.0
386      3    1.0
305      3    1.0
348      3    1.0
496      3    1.0
363      3    1.0
194      3    1.0
291      3    1.0
290      3    1.0
511      3    1.0
378      3    1.0
286      3    1.0
14       3    1.0
     Count  Value
26       3    1.0
385      3    1.0
188      3    1.0
447      3    1.0
276      3    1.0
132      3    1.0
402      3    1.0
411      3    1.0
386      3    1.0
305      3    1.0
Current: [14, 26, 102, 106, 132, 137, 188, 194, 210, 240, 276, 283, 286, 290, 291, 305, 348, 363, 378, 385, 386, 402, 409, 411, 447, 496, 501, 511]
Subround 4
not enough
     Count  Value
194      4   1.00
363      4   1.00
385      4   1.00
290      4   1.00
286      4   1.00
26       4   1.00
210      4   1.00
14       4   1.00
276      4   1.00
305      4   1.00
422      3   0.75
407      3   0.75
394      3   0.75
83       3   0.75
235      3   0.75
145      3   0.75
99       3   0.75
461      3   0.75
172      3   0.75
224      3   0.75
     Count  Value
194      4    1.0
363      4    1.0
385      4    1.0
290      4    1.0
286      4    1.0
26       4    1.0
210      4    1.0
14       4    1.0
276      4    1.0
305      4    1.0
Current: [3, 4, 10, 14, 26, 29, 34, 38, 48, 52, 73, 74, 83, 84, 85, 87, 92, 95, 99, 100, 102, 103, 106, 107, 110, 112, 113, 114, 124, 125, 130, 132, 135, 137, 143, 145, 150, 153, 158, 159, 160, 171, 172, 174, 175, 176, 180, 186, 188, 189, 190, 192, 194, 195, 196, 203, 210, 220, 224, 230, 233, 235, 240, 244, 247, 253, 255, 261, 263, 264, 268, 275, 276, 277, 283, 285, 286, 290, 291, 293, 301, 302, 304, 305, 322, 327, 329, 330, 334, 347, 348, 354, 359, 363, 368, 376, 378, 383, 384, 385, 386, 388, 392, 394, 398, 402, 404, 405, 407, 409, 411, 412, 413, 421, 422, 428, 432, 434, 442, 445, 447, 452, 454, 455, 461, 462, 478, 480, 482, 489, 491, 494, 496, 498, 499, 501, 511]
Subround 5
not enough
     Count  Value
290      5    1.0
305      5    1.0
14       5    1.0
286      5    1.0
194      4    0.8
499      4    0.8
496      4    0.8
160      4    0.8
107      4    0.8
388      4    0.8
255      4    0.8
235      4    0.8
196      4    0.8
385      4    0.8
322      4    0.8
461      4    0.8
244      4    0.8
334      4    0.8
276      4    0.8
240      4    0.8
     Count  Value
290      5    1.0
305      5    1.0
14       5    1.0
286      5    1.0
194      4    0.8
499      4    0.8
496      4    0.8
160      4    0.8
107      4    0.8
388      4    0.8
Current: [3, 14, 26, 52, 73, 85, 92, 99, 100, 102, 106, 107, 112, 114, 130, 137, 158, 160, 186, 188, 194, 195, 196, 210, 220, 235, 240, 244, 255, 261, 263, 276, 286, 290, 305, 322, 334, 359, 363, 384, 385, 386, 388, 392, 394, 409, 411, 421, 422, 434, 447, 452, 454, 461, 480, 482, 491, 496, 499, 501]
Subround 6
not enough
     Count     Value
305      6  1.000000
290      6  1.000000
14       6  1.000000
188      5  0.833333
263      5  0.833333
482      5  0.833333
359      5  0.833333
235      5  0.833333
107      5  0.833333
491      5  0.833333
52       5  0.833333
73       5  0.833333
100      5  0.833333
286      5  0.833333
220      5  0.833333
114      5  0.833333
92       5  0.833333
210      5  0.833333
3        5  0.833333
385      5  0.833333
     Count     Value
305      6  1.000000
290      6  1.000000
14       6  1.000000
188      5  0.833333
263      5  0.833333
482      5  0.833333
359      5  0.833333
235      5  0.833333
107      5  0.833333
491      5  0.833333
Current: [3, 14, 52, 73, 92, 100, 106, 107, 114, 160, 188, 194, 195, 210, 220, 235, 240, 263, 286, 290, 305, 359, 363, 385, 392, 411, 422, 447, 461, 482, 491, 501]
Subround 7
not enough
     Count     Value
491      6  0.857143
305      6  0.857143
107      6  0.857143
290      6  0.857143
263      6  0.857143
14       6  0.857143
480      5  0.714286
386      5  0.714286
363      5  0.714286
182      5  0.714286
447      5  0.714286
130      5  0.714286
188      5  0.714286
296      5  0.714286
307      5  0.714286
411      5  0.714286
195      5  0.714286
158      5  0.714286
398      5  0.714286
220      5  0.714286
     Count     Value
491      6  0.857143
305      6  0.857143
107      6  0.857143
290      6  0.857143
263      6  0.857143
14       6  0.857143
480      5  0.714286
386      5  0.714286
363      5  0.714286
182      5  0.714286
Current: [3, 10, 14, 52, 67, 68, 73, 85, 87, 92, 99, 100, 102, 106, 107, 112, 114, 119, 130, 137, 158, 160, 165, 179, 182, 186, 188, 194, 195, 196, 210, 220, 235, 236, 240, 244, 250, 255, 261, 263, 276, 285, 286, 290, 296, 305, 307, 322, 331, 334, 347, 356, 359, 363, 368, 384, 385, 386, 388, 392, 394, 398, 407, 409, 411, 416, 421, 422, 434, 445, 447, 452, 454, 461, 479, 480, 482, 491, 501]
Subround 8
not enough
     Count  Value
107      7  0.875
491      7  0.875
263      7  0.875
307      6  0.750
52       6  0.750
331      6  0.750
305      6  0.750
452      6  0.750
220      6  0.750
276      6  0.750
3        6  0.750
244      6  0.750
158      6  0.750
296      6  0.750
188      6  0.750
347      6  0.750
195      6  0.750
363      6  0.750
255      6  0.750
92       6  0.750
     Count  Value
107      7  0.875
491      7  0.875
263      7  0.875
307      6  0.750
52       6  0.750
331      6  0.750
305      6  0.750
452      6  0.750
220      6  0.750
276      6  0.750
Current: [3, 14, 52, 67, 68, 87, 92, 102, 107, 114, 119, 137, 158, 165, 182, 186, 188, 195, 196, 210, 220, 244, 250, 255, 263, 276, 286, 290, 296, 305, 307, 331, 334, 347, 363, 386, 392, 421, 422, 447, 452, 479, 491, 501]
Subround 9
not enough
     Count     Value
491      8  0.888889
107      8  0.888889
263      8  0.888889
276      7  0.777778
250      7  0.777778
68       7  0.777778
3        7  0.777778
195      7  0.777778
92       7  0.777778
210      7  0.777778
165      7  0.777778
452      7  0.777778
158      7  0.777778
14       7  0.777778
386      7  0.777778
244      7  0.777778
305      7  0.777778
137      7  0.777778
87       7  0.777778
114      6  0.666667
     Count     Value
491      8  0.888889
107      8  0.888889
263      8  0.888889
276      7  0.777778
250      7  0.777778
68       7  0.777778
3        7  0.777778
195      7  0.777778
92       7  0.777778
210      7  0.777778
Current: [3, 14, 68, 87, 92, 107, 137, 158, 165, 195, 210, 244, 250, 263, 276, 305, 386, 452, 491]
Subround 10
     Count  Value
263      9    0.9
386      8    0.8
165      8    0.8
452      8    0.8
244      8    0.8
137      8    0.8
14       8    0.8
250      8    0.8
158      8    0.8
491      8    0.8
107      8    0.8
0        7    0.7
447      7    0.7
130      7    0.7
68       7    0.7
16       7    0.7
188      7    0.7
307      7    0.7
302      7    0.7
242      7    0.7
     Count  Value
263      9    0.9
386      8    0.8
165      8    0.8
452      8    0.8
244      8    0.8
137      8    0.8
14       8    0.8
250      8    0.8
158      8    0.8
491      8    0.8
Current: [14, 107, 137, 158, 165, 244, 250, 263, 386, 452, 491]
Round 2
Subround 1
not enough
     Count     Value
386      9  0.818182
158      9  0.818182
452      9  0.818182
263      9  0.818182
14       9  0.818182
250      9  0.818182
107      9  0.818182
165      8  0.727273
491      8  0.727273
137      8  0.727273
244      8  0.727273
447      7  0.636364
0        7  0.636364
130      7  0.636364
68       7  0.636364
16       7  0.636364
188      7  0.636364
307      7  0.636364
302      7  0.636364
242      7  0.636364
     Count  Value
107      1    1.0
386      1    1.0
158      1    1.0
14       1    1.0
250      1    1.0
452      1    1.0
Current: [14, 107, 158, 250, 263, 386, 452]
Subround 2
not enough
     Count     Value
386     10  0.833333
14      10  0.833333
263     10  0.833333
250     10  0.833333
107     10  0.833333
158      9  0.750000
137      9  0.750000
452      9  0.750000
491      8  0.666667
165      8  0.666667
244      8  0.666667
447      7  0.583333
68       7  0.583333
0        7  0.583333
130      7  0.583333
302      7  0.583333
16       7  0.583333
188      7  0.583333
307      7  0.583333
242      7  0.583333
     Count  Value
107      2    1.0
386      2    1.0
14       2    1.0
250      2    1.0
158      1    0.5
452      1    0.5
137      1    0.5
263      1    0.5
Current: [14, 107, 250, 263, 386]
Subround 3
not enough
     Count     Value
14      11  0.846154
386     10  0.769231
158     10  0.769231
452     10  0.769231
263     10  0.769231
250     10  0.769231
107     10  0.769231
165      9  0.692308
137      9  0.692308
244      9  0.692308
491      8  0.615385
447      7  0.538462
0        7  0.538462
130      7  0.538462
68       7  0.538462
16       7  0.538462
188      7  0.538462
307      7  0.538462
302      7  0.538462
480      7  0.538462
     Count     Value
14       3  1.000000
107      2  0.666667
386      2  0.666667
158      2  0.666667
250      2  0.666667
452      2  0.666667
137      1  0.333333
263      1  0.333333
165      1  0.333333
480      1  0.333333
Current: [14]
Subround 4
not enough
     Count     Value
14      12  0.857143
250     11  0.785714
386     10  0.714286
137     10  0.714286
107     10  0.714286
452     10  0.714286
263     10  0.714286
158     10  0.714286
165     10  0.714286
244     10  0.714286
480      8  0.571429
491      8  0.571429
210      7  0.500000
307      7  0.500000
302      7  0.500000
68       7  0.500000
447      7  0.500000
388      7  0.500000
130      7  0.500000
16       7  0.500000
     Count  Value
14       4   1.00
250      3   0.75
107      2   0.50
386      2   0.50
158      2   0.50
452      2   0.50
137      2   0.50
165      2   0.50
480      2   0.50
244      2   0.50
Current: [14]
Subround 5
not enough
     Count     Value
14      13  0.866667
250     12  0.800000
386     11  0.733333
158     11  0.733333
165     11  0.733333
137     10  0.666667
107     10  0.666667
452     10  0.666667
263     10  0.666667
244     10  0.666667
480      9  0.600000
491      8  0.533333
210      7  0.466667
307      7  0.466667
302      7  0.466667
68       7  0.466667
447      7  0.466667
388      7  0.466667
130      7  0.466667
16       7  0.466667
     Count  Value
14       5    1.0
250      4    0.8
386      3    0.6
158      3    0.6
165      3    0.6
480      3    0.6
107      2    0.4
452      2    0.4
137      2    0.4
244      2    0.4
Current: [14]
Subround 6
not enough
     Count   Value
14      14  0.8750
250     13  0.8125
386     11  0.6875
107     11  0.6875
452     11  0.6875
158     11  0.6875
165     11  0.6875
244     11  0.6875
137     10  0.6250
263     10  0.6250
480      9  0.5625
491      9  0.5625
210      7  0.4375
307      7  0.4375
302      7  0.4375
68       7  0.4375
447      7  0.4375
388      7  0.4375
130      7  0.4375
16       7  0.4375
     Count     Value
14       6  1.000000
250      5  0.833333
107      3  0.500000
386      3  0.500000
158      3  0.500000
452      3  0.500000
165      3  0.500000
480      3  0.500000
244      3  0.500000
137      2  0.333333
Current: [14, 250]
Subround 7
not enough
     Count     Value
14      14  0.823529
250     13  0.764706
386     12  0.705882
107     12  0.705882
452     12  0.705882
158     12  0.705882
137     11  0.647059
165     11  0.647059
244     11  0.647059
263     10  0.588235
480     10  0.588235
491      9  0.529412
210      7  0.411765
307      7  0.411765
302      7  0.411765
68       7  0.411765
447      7  0.411765
388      7  0.411765
130      7  0.411765
16       7  0.411765
     Count     Value
14       6  0.857143
250      5  0.714286
107      4  0.571429
386      4  0.571429
158      4  0.571429
452      4  0.571429
480      4  0.571429
137      3  0.428571
165      3  0.428571
244      3  0.428571
Current: [14]
Subround 8
not enough
     Count     Value
250     14  0.777778
14      14  0.777778
107     13  0.722222
452     13  0.722222
386     12  0.666667
158     12  0.666667
165     12  0.666667
244     11  0.611111
137     11  0.611111
480     11  0.611111
263     10  0.555556
491     10  0.555556
210      7  0.388889
307      7  0.388889
302      7  0.388889
68       7  0.388889
447      7  0.388889
388      7  0.388889
130      7  0.388889
16       7  0.388889
     Count  Value
14       6  0.750
250      6  0.750
107      5  0.625
452      5  0.625
480      5  0.625
386      4  0.500
158      4  0.500
165      4  0.500
137      3  0.375
244      3  0.375
no winner, not enough
Current: []
Subround 9
not enough
     Count     Value
250     15  0.789474
14      14  0.736842
107     14  0.736842
452     14  0.736842
158     13  0.684211
386     12  0.631579
165     12  0.631579
137     11  0.578947
263     11  0.578947
244     11  0.578947
480     11  0.578947
491     11  0.578947
210      7  0.368421
307      7  0.368421
302      7  0.368421
68       7  0.368421
447      7  0.368421
388      7  0.368421
130      7  0.368421
16       7  0.368421
     Count     Value
250      7  0.777778
107      6  0.666667
14       6  0.666667
452      6  0.666667
158      5  0.555556
480      5  0.555556
386      4  0.444444
165      4  0.444444
137      3  0.333333
244      3  0.333333
no winner, not enough
Current: []
Subround 10
     Count  Value
14      15   0.75
452     15   0.75
250     15   0.75
107     14   0.70
158     13   0.65
386     12   0.60
244     12   0.60
491     12   0.60
165     12   0.60
263     12   0.60
137     12   0.60
480     11   0.55
100      7   0.35
210      7   0.35
302      7   0.35
68       7   0.35
447      7   0.35
388      7   0.35
130      7   0.35
16       7   0.35
     Count  Value
14       7    0.7
250      7    0.7
452      7    0.7
107      6    0.6
158      5    0.5
480      5    0.5
386      4    0.4
137      4    0.4
165      4    0.4
244      4    0.4
no winner, not enough
Current: []
Subround 11
     Count     Value
452     16  0.761905
14      15  0.714286
107     15  0.714286
250     15  0.714286
158     14  0.666667
386     13  0.619048
165     13  0.619048
137     12  0.571429
263     12  0.571429
244     12  0.571429
480     12  0.571429
491     12  0.571429
210      7  0.333333
307      7  0.333333
302      7  0.333333
68       7  0.333333
447      7  0.333333
388      7  0.333333
130      7  0.333333
16       7  0.333333
     Count     Value
452      8  0.727273
107      7  0.636364
14       7  0.636364
250      7  0.636364
158      6  0.545455
480      6  0.545455
386      5  0.454545
165      5  0.454545
137      4  0.363636
244      4  0.363636
no winner, not enough
Current: []
Subround 12
     Count     Value
14      16  0.727273
452     16  0.727273
250     15  0.681818
107     15  0.681818
158     15  0.681818
386     14  0.636364
244     13  0.590909
137     13  0.590909
480     13  0.590909
165     13  0.590909
263     12  0.545455
491     12  0.545455
210      7  0.318182
307      7  0.318182
302      7  0.318182
68       7  0.318182
447      7  0.318182
388      7  0.318182
130      7  0.318182
16       7  0.318182
     Count     Value
14       8  0.666667
452      8  0.666667
107      7  0.583333
158      7  0.583333
250      7  0.583333
480      7  0.583333
386      6  0.500000
137      5  0.416667
165      5  0.416667
244      5  0.416667
no winner, not enough
Current: []
Subround 13
     Count     Value
14      16  0.695652
107     16  0.695652
452     16  0.695652
250     16  0.695652
158     15  0.652174
480     14  0.608696
165     14  0.608696
386     14  0.608696
137     13  0.565217
244     13  0.565217
263     13  0.565217
491     13  0.565217
210      7  0.304348
307      7  0.304348
302      7  0.304348
68       7  0.304348
447      7  0.304348
388      7  0.304348
130      7  0.304348
16       7  0.304348
     Count     Value
107      8  0.615385
14       8  0.615385
250      8  0.615385
452      8  0.615385
480      8  0.615385
158      7  0.538462
386      6  0.461538
165      6  0.461538
137      5  0.384615
244      5  0.384615
no winner, not enough
Current: []
Subround 14
     Count     Value
14      17  0.708333
452     17  0.708333
250     16  0.666667
107     16  0.666667
158     16  0.666667
386     15  0.625000
263     14  0.583333
137     14  0.583333
480     14  0.583333
165     14  0.583333
244     13  0.541667
491     13  0.541667
210      7  0.291667
307      7  0.291667
302      7  0.291667
68       7  0.291667
447      7  0.291667
388      7  0.291667
130      7  0.291667
16       7  0.291667
     Count     Value
14       9  0.642857
452      9  0.642857
107      8  0.571429
158      8  0.571429
250      8  0.571429
480      8  0.571429
386      7  0.500000
137      6  0.428571
165      6  0.428571
263      5  0.357143
no winner, not enough
Current: []
Subround 15
     Count  Value
14      18   0.72
452     18   0.72
107     17   0.68
158     17   0.68
386     16   0.64
250     16   0.64
263     14   0.56
244     14   0.56
137     14   0.56
480     14   0.56
165     14   0.56
491     13   0.52
210      7   0.28
307      7   0.28
302      7   0.28
68       7   0.28
447      7   0.28
388      7   0.28
130      7   0.28
16       7   0.28
     Count     Value
14      10  0.666667
452     10  0.666667
107      9  0.600000
158      9  0.600000
386      8  0.533333
250      8  0.533333
480      8  0.533333
137      6  0.400000
165      6  0.400000
244      6  0.400000
no winner, not enough
Current: []
Subround 16
     Count     Value
14      19  0.730769
107     18  0.692308
452     18  0.692308
250     17  0.653846
158     17  0.653846
386     16  0.615385
263     15  0.576923
137     15  0.576923
480     15  0.576923
244     14  0.538462
165     14  0.538462
491     13  0.500000
210      7  0.269231
307      7  0.269231
302      7  0.269231
68       7  0.269231
447      7  0.269231
388      7  0.269231
130      7  0.269231
16       7  0.269231
     Count   Value
14      11  0.6875
107     10  0.6250
452     10  0.6250
158      9  0.5625
250      9  0.5625
480      9  0.5625
386      8  0.5000
137      7  0.4375
263      6  0.3750
165      6  0.3750
no winner, not enough
Current: []
Subround 17
     Count     Value
14      20  0.740741
452     19  0.703704
158     18  0.666667
107     18  0.666667
250     17  0.629630
480     16  0.592593
386     16  0.592593
165     15  0.555556
137     15  0.555556
263     15  0.555556
244     14  0.518519
491     14  0.518519
307      7  0.259259
302      7  0.259259
68       7  0.259259
447      7  0.259259
388      7  0.259259
130      7  0.259259
16       7  0.259259
188      7  0.259259
     Count     Value
14      12  0.705882
452     11  0.647059
107     10  0.588235
158     10  0.588235
480     10  0.588235
250      9  0.529412
386      8  0.470588
137      7  0.411765
165      7  0.411765
263      6  0.352941
no winner, not enough
Current: []
Subround 18
     Count     Value
14      21  0.750000
452     20  0.714286
158     18  0.642857
107     18  0.642857
250     18  0.642857
480     17  0.607143
386     16  0.571429
165     15  0.535714
137     15  0.535714
244     15  0.535714
263     15  0.535714
491     15  0.535714
307      7  0.250000
302      7  0.250000
68       7  0.250000
447      7  0.250000
388      7  0.250000
130      7  0.250000
16       7  0.250000
188      7  0.250000
     Count     Value
14      13  0.722222
452     12  0.666667
480     11  0.611111
107     10  0.555556
158     10  0.555556
250     10  0.555556
386      8  0.444444
137      7  0.388889
165      7  0.388889
244      7  0.388889
no winner, not enough
Current: []
Subround 19
     Count     Value
14      22  0.758621
452     20  0.689655
158     19  0.655172
107     18  0.620690
250     18  0.620690
480     17  0.586207
386     17  0.586207
165     16  0.551724
137     16  0.551724
263     16  0.551724
244     15  0.517241
491     15  0.517241
307      7  0.241379
302      7  0.241379
68       7  0.241379
447      7  0.241379
388      7  0.241379
130      7  0.241379
16       7  0.241379
188      7  0.241379
     Count     Value
14      14  0.736842
452     12  0.631579
158     11  0.578947
480     11  0.578947
107     10  0.526316
250     10  0.526316
386      9  0.473684
137      8  0.421053
165      8  0.421053
263      7  0.368421
no winner, not enough
Current: []
Subround 20
     Count     Value
14      23  0.766667
452     20  0.666667
158     19  0.633333
250     19  0.633333
480     18  0.600000
107     18  0.600000
386     18  0.600000
137     17  0.566667
263     17  0.566667
165     16  0.533333
244     15  0.500000
491     15  0.500000
307      7  0.233333
302      7  0.233333
68       7  0.233333
447      7  0.233333
388      7  0.233333
130      7  0.233333
16       7  0.233333
188      7  0.233333
     Count  Value
14      15   0.75
452     12   0.60
480     12   0.60
158     11   0.55
250     11   0.55
107     10   0.50
386     10   0.50
137      9   0.45
263      8   0.40
165      8   0.40
no winner, not enough
Current: []
Subround 21
     Count     Value
14      24  0.774194
250     20  0.645161
452     20  0.645161
158     19  0.612903
480     18  0.580645
107     18  0.580645
263     18  0.580645
386     18  0.580645
137     17  0.548387
165     17  0.548387
244     16  0.516129
491     16  0.516129
210      7  0.225806
307      7  0.225806
302      7  0.225806
68       7  0.225806
447      7  0.225806
388      7  0.225806
130      7  0.225806
16       7  0.225806
     Count     Value
14      16  0.761905
250     12  0.571429
452     12  0.571429
480     12  0.571429
158     11  0.523810
107     10  0.476190
386     10  0.476190
137      9  0.428571
263      9  0.428571
165      9  0.428571
no winner, not enough
Current: []
Subround 22
     Count    Value
14      25  0.78125
452     21  0.65625
250     20  0.62500
158     20  0.62500
386     19  0.59375
107     18  0.56250
263     18  0.56250
480     18  0.56250
165     18  0.56250
137     17  0.53125
491     17  0.53125
244     16  0.50000
210      7  0.21875
307      7  0.21875
302      7  0.21875
68       7  0.21875
447      7  0.21875
388      7  0.21875
130      7  0.21875
16       7  0.21875
     Count     Value
14      17  0.772727
452     13  0.590909
158     12  0.545455
250     12  0.545455
480     12  0.545455
386     11  0.500000
107     10  0.454545
165     10  0.454545
137      9  0.409091
263      9  0.409091
no winner, not enough
Current: []
Subround 23
     Count     Value
14      25  0.757576
452     22  0.666667
158     21  0.636364
250     21  0.636364
480     19  0.575758
386     19  0.575758
137     18  0.545455
263     18  0.545455
165     18  0.545455
107     18  0.545455
491     17  0.515152
244     17  0.515152
431      7  0.212121
307      7  0.212121
302      7  0.212121
68       7  0.212121
447      7  0.212121
388      7  0.212121
130      7  0.212121
16       7  0.212121
     Count     Value
14      17  0.739130
452     14  0.608696
158     13  0.565217
250     13  0.565217
480     13  0.565217
386     11  0.478261
107     10  0.434783
137     10  0.434783
165     10  0.434783
263      9  0.391304
no winner, not enough
Current: []
Subround 24
     Count     Value
14      25  0.735294
452     22  0.647059
158     22  0.647059
250     21  0.617647
480     19  0.558824
263     19  0.558824
137     19  0.558824
386     19  0.558824
165     19  0.558824
244     18  0.529412
491     18  0.529412
107     18  0.529412
210      7  0.205882
307      7  0.205882
302      7  0.205882
68       7  0.205882
447      7  0.205882
388      7  0.205882
130      7  0.205882
16       7  0.205882
     Count     Value
14      17  0.708333
158     14  0.583333
452     14  0.583333
250     13  0.541667
480     13  0.541667
386     11  0.458333
137     11  0.458333
165     11  0.458333
107     10  0.416667
263     10  0.416667
no winner, not enough
Current: []
Subround 25
     Count     Value
14      26  0.742857
452     23  0.657143
158     22  0.628571
250     21  0.600000
480     20  0.571429
165     20  0.571429
386     20  0.571429
491     19  0.542857
137     19  0.542857
263     19  0.542857
244     18  0.514286
107     18  0.514286
431      7  0.200000
307      7  0.200000
302      7  0.200000
68       7  0.200000
447      7  0.200000
388      7  0.200000
130      7  0.200000
16       7  0.200000
     Count  Value
14      18   0.72
452     15   0.60
158     14   0.56
480     14   0.56
250     13   0.52
386     12   0.48
165     12   0.48
137     11   0.44
491     11   0.44
107     10   0.40
no winner, not enough
Current: []
Subround 26
     Count     Value
14      27  0.750000
452     23  0.638889
250     22  0.611111
158     22  0.611111
165     21  0.583333
480     20  0.555556
263     20  0.555556
137     20  0.555556
386     20  0.555556
491     19  0.527778
107     19  0.527778
244     18  0.500000
210      7  0.194444
307      7  0.194444
302      7  0.194444
68       7  0.194444
447      7  0.194444
388      7  0.194444
130      7  0.194444
16       7  0.194444
     Count     Value
14      19  0.730769
452     15  0.576923
158     14  0.538462
250     14  0.538462
480     14  0.538462
165     13  0.500000
386     12  0.461538
137     12  0.461538
107     11  0.423077
263     11  0.423077
no winner, not enough
Current: []
Subround 27
     Count     Value
14      27  0.729730
452     23  0.621622
250     23  0.621622
158     22  0.594595
165     22  0.594595
480     21  0.567568
386     21  0.567568
491     20  0.540541
137     20  0.540541
263     20  0.540541
244     19  0.513514
107     19  0.513514
431      7  0.189189
307      7  0.189189
302      7  0.189189
68       7  0.189189
447      7  0.189189
388      7  0.189189
130      7  0.189189
16       7  0.189189
     Count     Value
14      19  0.703704
250     15  0.555556
452     15  0.555556
480     15  0.555556
158     14  0.518519
165     14  0.518519
386     13  0.481481
137     12  0.444444
491     12  0.444444
107     11  0.407407
no winner, not enough
Current: []
Subround 28
     Count     Value
14      27  0.710526
452     24  0.631579
250     24  0.631579
165     23  0.605263
480     22  0.578947
158     22  0.578947
137     21  0.552632
386     21  0.552632
491     20  0.526316
263     20  0.526316
107     20  0.526316
244     19  0.500000
210      7  0.184211
307      7  0.184211
302      7  0.184211
68       7  0.184211
447      7  0.184211
388      7  0.184211
130      7  0.184211
16       7  0.184211
     Count     Value
14      19  0.678571
250     16  0.571429
452     16  0.571429
480     16  0.571429
165     15  0.535714
158     14  0.500000
386     13  0.464286
137     13  0.464286
107     12  0.428571
491     12  0.428571
no winner, not enough
Current: []
Subround 29
     Count     Value
14      28  0.717949
452     24  0.615385
250     24  0.615385
158     23  0.589744
165     23  0.589744
480     22  0.564103
386     22  0.564103
491     21  0.538462
137     21  0.538462
263     21  0.538462
244     20  0.512821
107     20  0.512821
431      7  0.179487
307      7  0.179487
302      7  0.179487
68       7  0.179487
447      7  0.179487
388      7  0.179487
130      7  0.179487
16       7  0.179487
     Count     Value
14      20  0.689655
250     16  0.551724
452     16  0.551724
480     16  0.551724
158     15  0.517241
165     15  0.517241
386     14  0.482759
137     13  0.448276
491     13  0.448276
107     12  0.413793
no winner, not enough
Current: []
Subround 30
     Count  Value
14      29  0.725
250     25  0.625
452     24  0.600
158     23  0.575
165     23  0.575
480     22  0.550
263     22  0.550
137     22  0.550
386     22  0.550
491     22  0.550
244     21  0.525
107     20  0.500
210      7  0.175
307      7  0.175
302      7  0.175
68       7  0.175
447      7  0.175
388      7  0.175
130      7  0.175
16       7  0.175
     Count     Value
14      21  0.700000
250     17  0.566667
452     16  0.533333
480     16  0.533333
158     15  0.500000
165     15  0.500000
386     14  0.466667
137     14  0.466667
491     14  0.466667
263     13  0.433333
Rest half winner
Current: [0, 3, 4, 5, 11, 14, 15, 16, 25, 26, 28, 35, 37, 40, 42, 44, 48, 50, 51, 52, 60, 62, 64, 67, 68, 69, 73, 74, 75, 76, 79, 80, 83, 85, 87, 90, 92, 95, 100, 102, 106, 107, 108, 110, 111, 112, 113, 114, 116, 117, 119, 122, 123, 124, 125, 126, 130, 132, 133, 134, 137, 140, 142, 144, 145, 147, 148, 149, 150, 151, 152, 154, 155, 156, 157, 158, 160, 162, 163, 165, 168, 172, 174, 176, 177, 178, 179, 180, 182, 183, 186, 187, 188, 189, 190, 192, 194, 195, 196, 197, 199, 200, 201, 202, 204, 206, 207, 210, 212, 213, 214, 215, 218, 220, 221, 223, 224, 225, 228, 230, 233, 236, 238, 239, 240, 242, 244, 246, 250, 251, 253, 255, 256, 260, 261, 263, 266, 269, 271, 272, 274, 276, 277, 280, 281, 283, 285, 286, 290, 291, 296, 298, 300, 302, 305, 306, 307, 308, 311, 312, 319, 320, 322, 323, 324, 327, 330, 331, 333, 334, 335, 336, 337, 338, 339, 347, 349, 350, 351, 352, 353, 354, 355, 358, 359, 360, 363, 364, 365, 368, 372, 376, 378, 379, 381, 384, 385, 386, 388, 389, 390, 391, 392, 395, 397, 398, 401, 403, 407, 409, 410, 411, 413, 416, 420, 421, 422, 424, 429, 430, 431, 434, 437, 439, 441, 442, 445, 446, 447, 448, 449, 452, 453, 455, 461, 465, 466, 468, 469, 472, 476, 477, 479, 480, 482, 485, 486, 491, 496, 499, 500, 501, 504, 505, 508, 510]
Round 3
Subround 1
not enough
     Count  Value
420      1    1.0
156      1    1.0
413      1    1.0
210      1    1.0
272      1    1.0
504      1    1.0
311      1    1.0
271      1    1.0
189      1    1.0
411      1    1.0
449      1    1.0
401      1    1.0
133      1    1.0
392      1    1.0
119      1    1.0
409      1    1.0
306      1    1.0
395      1    1.0
178      1    1.0
110      1    1.0
     Count  Value
420      1    1.0
156      1    1.0
413      1    1.0
210      1    1.0
272      1    1.0
504      1    1.0
311      1    1.0
271      1    1.0
189      1    1.0
411      1    1.0
Current: [4, 5, 14, 26, 35, 40, 42, 44, 50, 62, 64, 69, 73, 74, 75, 80, 83, 85, 92, 100, 102, 106, 107, 108, 110, 112, 117, 119, 122, 124, 125, 126, 132, 133, 134, 144, 145, 149, 151, 155, 156, 157, 158, 162, 163, 172, 177, 178, 182, 183, 186, 189, 194, 195, 196, 199, 202, 204, 206, 210, 212, 214, 215, 220, 221, 223, 233, 236, 240, 244, 251, 255, 260, 263, 271, 272, 281, 283, 290, 302, 305, 306, 307, 311, 322, 330, 334, 336, 337, 338, 347, 349, 351, 353, 355, 358, 363, 364, 378, 381, 385, 386, 392, 395, 397, 401, 407, 409, 411, 413, 416, 420, 422, 431, 434, 445, 446, 447, 449, 452, 453, 455, 465, 468, 486, 499, 504, 508]
Subround 2
not enough
     Count  Value
26       2    1.0
92       2    1.0
504      2    1.0
311      2    1.0
411      2    1.0
401      2    1.0
392      2    1.0
119      2    1.0
306      2    1.0
110      2    1.0
35       2    1.0
386      2    1.0
355      2    1.0
447      2    1.0
251      2    1.0
281      2    1.0
122      2    1.0
223      2    1.0
486      2    1.0
260      2    1.0
     Count  Value
26       2    1.0
92       2    1.0
504      2    1.0
311      2    1.0
411      2    1.0
401      2    1.0
392      2    1.0
119      2    1.0
306      2    1.0
110      2    1.0
Current: [5, 14, 26, 35, 62, 69, 75, 80, 92, 106, 108, 110, 117, 119, 122, 125, 126, 132, 134, 145, 149, 156, 158, 162, 183, 194, 195, 199, 202, 210, 214, 221, 223, 240, 244, 251, 255, 260, 263, 281, 283, 290, 302, 306, 307, 311, 330, 336, 349, 351, 355, 358, 364, 378, 386, 392, 401, 407, 411, 422, 434, 447, 486, 504]
Subround 3
not enough
     Count     Value
407      3  1.000000
283      3  1.000000
162      3  1.000000
349      3  1.000000
183      3  1.000000
134      3  1.000000
202      3  1.000000
307      3  1.000000
255      3  1.000000
447      3  1.000000
214      3  1.000000
486      3  1.000000
386      3  1.000000
302      3  1.000000
80       3  1.000000
311      3  1.000000
14       3  1.000000
322      2  0.666667
75       2  0.666667
151      2  0.666667
     Count  Value
407      3    1.0
283      3    1.0
162      3    1.0
349      3    1.0
183      3    1.0
134      3    1.0
202      3    1.0
307      3    1.0
255      3    1.0
447      3    1.0
Current: [14, 80, 134, 162, 183, 202, 214, 255, 283, 302, 307, 311, 349, 386, 407, 447, 486]
Subround 4
not enough
     Count  Value
407      4   1.00
311      4   1.00
486      4   1.00
386      4   1.00
307      4   1.00
214      4   1.00
14       4   1.00
447      4   1.00
183      4   1.00
251      3   0.75
189      3   0.75
411      3   0.75
395      3   0.75
110      3   0.75
35       3   0.75
206      3   0.75
112      3   0.75
465      3   0.75
272      3   0.75
281      3   0.75
     Count  Value
407      4   1.00
311      4   1.00
486      4   1.00
386      4   1.00
307      4   1.00
214      4   1.00
14       4   1.00
447      4   1.00
183      4   1.00
251      3   0.75
Current: [14, 183, 214, 307, 311, 386, 407, 447, 486]
Subround 5
not enough
     Count  Value
447      5    1.0
214      5    1.0
14       5    1.0
411      4    0.8
386      4    0.8
407      4    0.8
349      4    0.8
108      4    0.8
183      4    0.8
80       4    0.8
134      4    0.8
431      4    0.8
337      4    0.8
307      4    0.8
508      4    0.8
381      4    0.8
486      4    0.8
220      4    0.8
83       4    0.8
255      4    0.8
     Count  Value
447      5    1.0
214      5    1.0
14       5    1.0
411      4    0.8
386      4    0.8
407      4    0.8
349      4    0.8
108      4    0.8
183      4    0.8
80       4    0.8
Current: [14, 214, 447]
Subround 6
not enough
     Count     Value
447      6  1.000000
14       6  1.000000
307      5  0.833333
134      5  0.833333
255      5  0.833333
324      5  0.833333
137      5  0.833333
214      5  0.833333
486      5  0.833333
337      5  0.833333
108      5  0.833333
349      5  0.833333
122      4  0.666667
251      4  0.666667
112      4  0.666667
465      4  0.666667
323      4  0.666667
123      4  0.666667
327      4  0.666667
83       4  0.666667
     Count     Value
447      6  1.000000
14       6  1.000000
307      5  0.833333
134      5  0.833333
255      5  0.833333
324      5  0.833333
137      5  0.833333
214      5  0.833333
486      5  0.833333
337      5  0.833333
Current: [14, 108, 134, 137, 214, 255, 307, 324, 337, 349, 447, 486]
Subround 7
not enough
     Count     Value
14       7  1.000000
447      7  1.000000
134      6  0.857143
307      6  0.857143
486      6  0.857143
349      6  0.857143
214      6  0.857143
108      6  0.857143
255      6  0.857143
236      5  0.714286
508      5  0.714286
324      5  0.714286
372      5  0.714286
302      5  0.714286
137      5  0.714286
411      5  0.714286
431      5  0.714286
337      5  0.714286
452      5  0.714286
407      5  0.714286
     Count     Value
14       7  1.000000
447      7  1.000000
134      6  0.857143
307      6  0.857143
486      6  0.857143
349      6  0.857143
214      6  0.857143
108      6  0.857143
255      6  0.857143
236      5  0.714286
Current: [14, 108, 134, 214, 255, 307, 349, 447, 486]
Subround 8
not enough
     Count  Value
14       8  1.000
255      7  0.875
486      7  0.875
307      7  0.875
447      7  0.875
108      7  0.875
349      7  0.875
381      6  0.750
272      6  0.750
233      6  0.750
302      6  0.750
110      6  0.750
411      6  0.750
74       6  0.750
431      6  0.750
372      6  0.750
122      6  0.750
137      6  0.750
214      6  0.750
83       6  0.750
     Count  Value
14       8  1.000
255      7  0.875
486      7  0.875
307      7  0.875
447      7  0.875
108      7  0.875
349      7  0.875
381      6  0.750
272      6  0.750
233      6  0.750
Current: [14, 108, 255, 307, 349, 447, 486]
Subround 9
not enough
     Count     Value
14       9  1.000000
486      8  0.888889
447      8  0.888889
233      7  0.777778
381      7  0.777778
134      7  0.777778
214      7  0.777778
327      7  0.777778
108      7  0.777778
307      7  0.777778
431      7  0.777778
255      7  0.777778
110      7  0.777778
272      7  0.777778
349      7  0.777778
337      6  0.666667
333      6  0.666667
189      6  0.666667
64       6  0.666667
102      6  0.666667
     Count     Value
14       9  1.000000
486      8  0.888889
447      8  0.888889
233      7  0.777778
381      7  0.777778
134      7  0.777778
214      7  0.777778
327      7  0.777778
108      7  0.777778
307      7  0.777778
Current: [14, 447, 486]
Subround 10
     Count  Value
14      10    1.0
447      9    0.9
214      8    0.8
272      8    0.8
349      8    0.8
110      8    0.8
486      8    0.8
233      8    0.8
108      7    0.7
134      7    0.7
236      7    0.7
307      7    0.7
255      7    0.7
114      7    0.7
411      7    0.7
431      7    0.7
337      7    0.7
381      7    0.7
392      7    0.7
220      7    0.7
     Count  Value
14      10    1.0
447      9    0.9
214      8    0.8
272      8    0.8
349      8    0.8
110      8    0.8
486      8    0.8
233      8    0.8
108      7    0.7
134      7    0.7
Current: [14, 447]
Round 4
Subround 1
not enough
     Count     Value
14      11  1.000000
447      9  0.818182
214      8  0.727273
272      8  0.727273
349      8  0.727273
110      8  0.727273
486      8  0.727273
233      8  0.727273
108      7  0.636364
134      7  0.636364
236      7  0.636364
307      7  0.636364
255      7  0.636364
114      7  0.636364
411      7  0.636364
431      7  0.636364
337      7  0.636364
381      7  0.636364
392      7  0.636364
220      7  0.636364
    Count  Value
14      1    1.0
Current: [14, 447]
Subround 2
not enough
     Count     Value
14      12  1.000000
447      9  0.750000
214      8  0.666667
272      8  0.666667
349      8  0.666667
110      8  0.666667
486      8  0.666667
233      8  0.666667
108      7  0.583333
134      7  0.583333
236      7  0.583333
307      7  0.583333
255      7  0.583333
114      7  0.583333
411      7  0.583333
431      7  0.583333
337      7  0.583333
381      7  0.583333
392      7  0.583333
220      7  0.583333
    Count  Value
14      2    1.0
Current: [14]
Subround 3
not enough
     Count     Value
14      12  0.923077
447     10  0.769231
214      8  0.615385
272      8  0.615385
349      8  0.615385
110      8  0.615385
486      8  0.615385
233      8  0.615385
108      7  0.538462
134      7  0.538462
236      7  0.538462
307      7  0.538462
255      7  0.538462
114      7  0.538462
411      7  0.538462
431      7  0.538462
337      7  0.538462
381      7  0.538462
392      7  0.538462
220      7  0.538462
     Count     Value
14       2  0.666667
447      1  0.333333
Current: [14]
Subround 4
not enough
     Count     Value
14      13  0.928571
447     10  0.714286
214      8  0.571429
272      8  0.571429
349      8  0.571429
110      8  0.571429
486      8  0.571429
233      8  0.571429
108      7  0.500000
134      7  0.500000
236      7  0.500000
307      7  0.500000
255      7  0.500000
114      7  0.500000
411      7  0.500000
431      7  0.500000
337      7  0.500000
381      7  0.500000
392      7  0.500000
220      7  0.500000
     Count  Value
14       3   0.75
447      1   0.25
Current: [14]
Subround 5
not enough
     Count     Value
14      14  0.933333
447     10  0.666667
214      8  0.533333
272      8  0.533333
349      8  0.533333
110      8  0.533333
486      8  0.533333
233      8  0.533333
108      7  0.466667
134      7  0.466667
236      7  0.466667
307      7  0.466667
255      7  0.466667
114      7  0.466667
411      7  0.466667
431      7  0.466667
337      7  0.466667
381      7  0.466667
392      7  0.466667
220      7  0.466667
     Count  Value
14       4    0.8
447      1    0.2
Current: [14]
Subround 6
not enough
     Count   Value
14      15  0.9375
447     10  0.6250
214      8  0.5000
272      8  0.5000
349      8  0.5000
110      8  0.5000
486      8  0.5000
233      8  0.5000
108      7  0.4375
134      7  0.4375
236      7  0.4375
307      7  0.4375
255      7  0.4375
114      7  0.4375
411      7  0.4375
431      7  0.4375
337      7  0.4375
381      7  0.4375
392      7  0.4375
220      7  0.4375
     Count     Value
14       5  0.833333
447      1  0.166667
Current: [14]
Subround 7
not enough
     Count     Value
14      15  0.882353
447     11  0.647059
214      8  0.470588
272      8  0.470588
349      8  0.470588
110      8  0.470588
486      8  0.470588
233      8  0.470588
108      7  0.411765
134      7  0.411765
236      7  0.411765
307      7  0.411765
255      7  0.411765
114      7  0.411765
411      7  0.411765
431      7  0.411765
337      7  0.411765
381      7  0.411765
392      7  0.411765
220      7  0.411765
     Count     Value
14       5  0.714286
447      2  0.285714
Current: [14]
Subround 8
not enough
     Count     Value
14      16  0.888889
447     11  0.611111
214      8  0.444444
272      8  0.444444
349      8  0.444444
110      8  0.444444
486      8  0.444444
233      8  0.444444
108      7  0.388889
134      7  0.388889
236      7  0.388889
307      7  0.388889
255      7  0.388889
114      7  0.388889
411      7  0.388889
431      7  0.388889
337      7  0.388889
381      7  0.388889
392      7  0.388889
220      7  0.388889
     Count  Value
14       6   0.75
447      2   0.25
Current: [14]
Subround 9
not enough
     Count     Value
14      17  0.894737
447     11  0.578947
214      8  0.421053
272      8  0.421053
349      8  0.421053
110      8  0.421053
486      8  0.421053
233      8  0.421053
108      7  0.368421
134      7  0.368421
236      7  0.368421
307      7  0.368421
255      7  0.368421
114      7  0.368421
411      7  0.368421
431      7  0.368421
337      7  0.368421
381      7  0.368421
392      7  0.368421
220      7  0.368421
     Count     Value
14       7  0.777778
447      2  0.222222
Current: [14]
Subround 10
     Count  Value
14      18   0.90
447     11   0.55
214      8   0.40
272      8   0.40
349      8   0.40
110      8   0.40
486      8   0.40
233      8   0.40
108      7   0.35
134      7   0.35
236      7   0.35
307      7   0.35
255      7   0.35
114      7   0.35
411      7   0.35
431      7   0.35
337      7   0.35
381      7   0.35
392      7   0.35
220      7   0.35
     Count  Value
14       8    0.8
447      2    0.2
Current: [14]
Winning offset:
[14]
2021-09-07 13:21:09.385127
2021-09-07 13:27:34.806131
0:06:25.421004
