Loading page file profiles/packet3/pages/0x6e4a.yaml
Loading page file profiles/packet3/pages/0x6e60.yaml
Loading page file profiles/packet3/pages/0x6ee3.yaml
Loading page file profiles/packet3/pages/0x7241.yaml
Loading page file profiles/packet3/pages/0x7242.yaml
Loading page file profiles/packet3/pages/0x7243.yaml
Loading page file profiles/packet3/pages/0x7244.yaml
Round 1
Subround 1
not enough
     Count  Value
176      1    1.0
301      1    1.0
418      1    1.0
299      1    1.0
488      1    1.0
179      1    1.0
55       1    1.0
338      1    1.0
12       1    1.0
348      1    1.0
84       1    1.0
138      1    1.0
208      1    1.0
312      1    1.0
466      1    1.0
39       1    1.0
90       1    1.0
412      1    1.0
240      1    1.0
376      1    1.0
     Count  Value
176      1    1.0
301      1    1.0
418      1    1.0
299      1    1.0
488      1    1.0
179      1    1.0
55       1    1.0
338      1    1.0
12       1    1.0
348      1    1.0
Current: [1, 2, 5, 7, 8, 9, 10, 11, 12, 13, 14, 15, 16, 20, 21, 22, 25, 26, 27, 28, 30, 31, 32, 33, 36, 39, 43, 47, 48, 49, 50, 54, 55, 56, 59, 60, 62, 67, 71, 74, 75, 76, 77, 82, 83, 84, 88, 90, 91, 94, 96, 99, 101, 102, 105, 107, 109, 110, 111, 113, 114, 115, 116, 118, 119, 121, 123, 125, 126, 128, 132, 133, 135, 137, 138, 139, 141, 151, 154, 155, 158, 159, 160, 162, 165, 168, 174, 176, 179, 183, 184, 186, 192, 193, 196, 199, 200, 201, 202, 203, 205, 206, 208, 209, 210, 214, 215, 216, 217, 219, 221, 222, 224, 225, 228, 230, 232, 236, 237, 238, 240, 245, 247, 248, 254, 255, 258, 259, 260, 264, 265, 267, 268, 269, 270, 271, 273, 274, 276, 278, 279, 280, 281, 282, 283, 287, 289, 295, 297, 298, 299, 301, 302, 305, 306, 310, 311, 312, 315, 316, 317, 319, 323, 325, 326, 327, 329, 330, 336, 337, 338, 340, 341, 343, 344, 345, 346, 348, 350, 351, 353, 356, 357, 358, 366, 367, 371, 373, 376, 377, 382, 385, 391, 392, 393, 394, 396, 397, 398, 399, 400, 401, 402, 404, 406, 408, 411, 412, 417, 418, 419, 420, 423, 427, 428, 429, 430, 431, 436, 437, 438, 441, 443, 445, 446, 448, 450, 452, 453, 456, 457, 462, 463, 466, 468, 469, 473, 474, 476, 477, 478, 479, 480, 487, 488, 489, 492, 493, 496, 497, 500, 501, 503, 504, 507, 509]
Subround 2
not enough
     Count  Value
356      2    1.0
201      2    1.0
14       2    1.0
351      2    1.0
225      2    1.0
59       2    1.0
13       2    1.0
94       2    1.0
273      2    1.0
437      2    1.0
411      2    1.0
507      2    1.0
236      2    1.0
76       2    1.0
110      2    1.0
438      2    1.0
276      2    1.0
443      2    1.0
205      2    1.0
418      2    1.0
     Count  Value
356      2    1.0
201      2    1.0
14       2    1.0
351      2    1.0
225      2    1.0
59       2    1.0
13       2    1.0
94       2    1.0
273      2    1.0
437      2    1.0
Current: [8, 12, 13, 14, 16, 20, 22, 28, 30, 54, 55, 59, 60, 75, 76, 77, 83, 84, 91, 94, 105, 107, 110, 111, 114, 118, 121, 125, 126, 128, 132, 135, 137, 138, 139, 151, 154, 160, 168, 174, 179, 186, 192, 196, 199, 201, 202, 205, 206, 208, 209, 221, 222, 224, 225, 230, 232, 236, 237, 238, 240, 255, 260, 265, 267, 269, 271, 273, 276, 279, 280, 281, 287, 295, 297, 299, 301, 305, 310, 316, 319, 323, 327, 329, 338, 340, 341, 343, 346, 351, 353, 356, 358, 366, 371, 376, 377, 385, 391, 392, 393, 396, 399, 400, 401, 406, 411, 412, 418, 419, 429, 436, 437, 438, 441, 443, 445, 450, 453, 457, 462, 468, 469, 473, 474, 477, 487, 488, 496, 497, 503, 504, 507, 509]
Subround 3
not enough
     Count  Value
240      3    1.0
105      3    1.0
54       3    1.0
12       3    1.0
20       3    1.0
160      3    1.0
121      3    1.0
138      3    1.0
496      3    1.0
28       3    1.0
323      3    1.0
287      3    1.0
132      3    1.0
412      3    1.0
267      3    1.0
445      3    1.0
60       3    1.0
469      3    1.0
366      3    1.0
199      3    1.0
     Count  Value
240      3    1.0
105      3    1.0
54       3    1.0
12       3    1.0
20       3    1.0
160      3    1.0
121      3    1.0
138      3    1.0
496      3    1.0
28       3    1.0
Current: [12, 14, 20, 28, 54, 60, 94, 105, 110, 121, 132, 135, 138, 160, 196, 199, 202, 205, 221, 238, 240, 267, 276, 287, 310, 323, 341, 366, 411, 412, 445, 469, 474, 496]
Subround 4
not enough
     Count  Value
267      4    1.0
474      4    1.0
28       4    1.0
287      4    1.0
132      4    1.0
323      4    1.0
14       4    1.0
160      4    1.0
60       4    1.0
496      4    1.0
445      4    1.0
94       4    1.0
412      4    1.0
341      4    1.0
411      4    1.0
240      4    1.0
205      4    1.0
135      4    1.0
110      4    1.0
138      4    1.0
     Count  Value
267      4    1.0
474      4    1.0
28       4    1.0
287      4    1.0
132      4    1.0
323      4    1.0
14       4    1.0
160      4    1.0
60       4    1.0
496      4    1.0
Current: [2, 8, 11, 12, 14, 15, 20, 26, 27, 28, 31, 39, 41, 43, 47, 50, 54, 60, 75, 77, 82, 83, 94, 105, 109, 110, 111, 112, 114, 118, 121, 125, 126, 132, 133, 135, 138, 140, 160, 168, 173, 174, 175, 179, 184, 193, 196, 197, 199, 202, 203, 205, 210, 216, 217, 219, 221, 222, 224, 225, 236, 237, 238, 240, 242, 255, 259, 260, 267, 269, 270, 271, 273, 276, 283, 287, 292, 293, 298, 299, 301, 302, 305, 310, 311, 316, 317, 319, 323, 327, 329, 337, 338, 340, 341, 343, 348, 353, 356, 358, 366, 367, 371, 372, 376, 377, 383, 385, 392, 396, 397, 398, 399, 401, 406, 408, 411, 412, 415, 419, 429, 431, 436, 437, 438, 443, 445, 453, 456, 466, 469, 474, 476, 487, 496, 507]
Subround 5
not enough
     Count  Value
474      5    1.0
160      5    1.0
132      5    1.0
445      5    1.0
237      4    0.8
216      4    0.8
411      4    0.8
437      4    0.8
94       4    0.8
14       4    0.8
54       4    0.8
371      4    0.8
401      4    0.8
203      4    0.8
60       4    0.8
276      4    0.8
316      4    0.8
27       4    0.8
82       4    0.8
31       4    0.8
     Count  Value
474      5    1.0
160      5    1.0
132      5    1.0
445      5    1.0
237      4    0.8
216      4    0.8
411      4    0.8
437      4    0.8
94       4    0.8
14       4    0.8
Current: [12, 14, 20, 27, 28, 31, 39, 41, 47, 54, 60, 82, 94, 105, 110, 111, 114, 121, 132, 135, 138, 160, 175, 196, 197, 199, 202, 203, 205, 216, 217, 221, 237, 240, 255, 267, 270, 271, 276, 283, 287, 316, 323, 341, 348, 353, 356, 371, 376, 398, 401, 406, 408, 411, 412, 415, 419, 429, 437, 443, 445, 466, 469, 474, 496]
Subround 6
not enough
     Count     Value
445      6  1.000000
160      6  1.000000
474      6  1.000000
82       5  0.833333
411      5  0.833333
276      5  0.833333
217      5  0.833333
121      5  0.833333
216      5  0.833333
47       5  0.833333
323      5  0.833333
132      5  0.833333
202      5  0.833333
443      5  0.833333
287      5  0.833333
105      5  0.833333
408      5  0.833333
20       5  0.833333
371      5  0.833333
175      5  0.833333
     Count     Value
445      6  1.000000
160      6  1.000000
474      6  1.000000
82       5  0.833333
411      5  0.833333
276      5  0.833333
217      5  0.833333
121      5  0.833333
216      5  0.833333
47       5  0.833333
Current: [12, 20, 39, 41, 47, 82, 105, 114, 121, 132, 160, 175, 197, 202, 203, 205, 216, 217, 240, 255, 276, 287, 316, 323, 371, 408, 411, 415, 443, 445, 469, 474]
Subround 7
not enough
     Count     Value
474      7  1.000000
255      6  0.857143
287      6  0.857143
132      6  0.857143
323      6  0.857143
445      6  0.857143
12       6  0.857143
160      6  0.857143
216      6  0.857143
197      5  0.714286
203      5  0.714286
393      5  0.714286
75       5  0.714286
279      5  0.714286
77       5  0.714286
469      5  0.714286
184      5  0.714286
126      5  0.714286
371      5  0.714286
237      5  0.714286
     Count     Value
474      7  1.000000
255      6  0.857143
287      6  0.857143
132      6  0.857143
323      6  0.857143
445      6  0.857143
12       6  0.857143
160      6  0.857143
216      6  0.857143
197      5  0.714286
Current: [12, 14, 20, 27, 28, 31, 39, 41, 43, 47, 54, 68, 75, 76, 77, 82, 94, 96, 105, 111, 113, 114, 121, 123, 126, 132, 151, 160, 173, 174, 175, 180, 184, 196, 197, 199, 202, 203, 204, 205, 208, 216, 217, 226, 237, 240, 255, 258, 267, 269, 271, 276, 279, 287, 292, 293, 301, 302, 316, 319, 323, 337, 340, 356, 358, 365, 371, 376, 377, 383, 393, 398, 406, 408, 411, 412, 415, 419, 429, 436, 437, 443, 445, 452, 466, 469, 474, 476, 496, 503, 507]
Subround 8
not enough
     Count  Value
132      7  0.875
255      7  0.875
160      7  0.875
12       7  0.875
474      7  0.875
445      7  0.875
197      6  0.750
28       6  0.750
96       6  0.750
43       6  0.750
199      6  0.750
20       6  0.750
287      6  0.750
54       6  0.750
47       6  0.750
75       6  0.750
258      6  0.750
279      6  0.750
340      6  0.750
271      6  0.750
     Count  Value
132      7  0.875
255      7  0.875
160      7  0.875
12       7  0.875
474      7  0.875
445      7  0.875
197      6  0.750
28       6  0.750
96       6  0.750
43       6  0.750
Current: [12, 20, 28, 43, 47, 54, 75, 76, 77, 96, 105, 111, 123, 126, 132, 151, 160, 173, 174, 180, 197, 199, 203, 208, 216, 226, 255, 258, 271, 276, 279, 287, 293, 301, 302, 323, 337, 340, 365, 371, 383, 411, 412, 415, 437, 445, 466, 474]
Subround 9
not enough
     Count     Value
255      8  0.888889
474      8  0.888889
445      8  0.888889
12       8  0.888889
337      7  0.777778
77       7  0.777778
126      7  0.777778
20       7  0.777778
76       7  0.777778
160      7  0.777778
216      7  0.777778
132      7  0.777778
276      7  0.777778
371      7  0.777778
203      7  0.777778
180      7  0.777778
293      7  0.777778
302      7  0.777778
199      7  0.777778
287      7  0.777778
     Count     Value
255      8  0.888889
474      8  0.888889
445      8  0.888889
12       8  0.888889
337      7  0.777778
77       7  0.777778
126      7  0.777778
20       7  0.777778
76       7  0.777778
160      7  0.777778
Current: [12, 20, 76, 77, 96, 105, 111, 126, 132, 160, 180, 199, 203, 216, 226, 255, 258, 271, 276, 287, 293, 301, 302, 323, 337, 365, 371, 415, 445, 474]
Subround 10
     Count  Value
255      9    0.9
271      8    0.8
12       8    0.8
301      8    0.8
96       8    0.8
132      8    0.8
323      8    0.8
474      8    0.8
445      8    0.8
180      8    0.8
203      8    0.8
226      8    0.8
302      8    0.8
76       8    0.8
216      8    0.8
276      8    0.8
365      8    0.8
126      7    0.7
248      7    0.7
14       7    0.7
     Count  Value
255      9    0.9
271      8    0.8
12       8    0.8
301      8    0.8
96       8    0.8
132      8    0.8
323      8    0.8
474      8    0.8
445      8    0.8
180      8    0.8
Current: [12, 76, 96, 132, 180, 203, 216, 226, 255, 271, 276, 301, 302, 323, 365, 445, 474]
Round 2
Subround 1
not enough
     Count     Value
255     10  0.909091
365      9  0.818182
76       9  0.818182
276      9  0.818182
96       9  0.818182
132      9  0.818182
474      9  0.818182
226      9  0.818182
12       9  0.818182
180      8  0.727273
301      8  0.727273
323      8  0.727273
445      8  0.727273
271      8  0.727273
203      8  0.727273
216      8  0.727273
302      8  0.727273
14       7  0.636364
287      7  0.636364
488      7  0.636364
     Count  Value
365      1    1.0
226      1    1.0
474      1    1.0
276      1    1.0
132      1    1.0
76       1    1.0
12       1    1.0
96       1    1.0
255      1    1.0
Current: [12, 76, 96, 132, 226, 255, 276, 365, 474]
Subround 2
not enough
     Count     Value
365     10  0.833333
255     10  0.833333
96      10  0.833333
276     10  0.833333
12      10  0.833333
226      9  0.750000
132      9  0.750000
474      9  0.750000
445      9  0.750000
180      9  0.750000
271      9  0.750000
203      9  0.750000
76       9  0.750000
216      9  0.750000
301      8  0.666667
323      8  0.666667
302      8  0.666667
293      7  0.583333
75       7  0.583333
269      7  0.583333
     Count  Value
365      2    1.0
276      2    1.0
12       2    1.0
96       2    1.0
226      1    0.5
474      1    0.5
132      1    0.5
76       1    0.5
255      1    0.5
271      1    0.5
Current: [12, 96, 255, 276, 365]
Subround 3
not enough
     Count     Value
255     11  0.846154
276     11  0.846154
365     10  0.769231
180     10  0.769231
76      10  0.769231
96      10  0.769231
132     10  0.769231
474     10  0.769231
226     10  0.769231
12      10  0.769231
323      9  0.692308
445      9  0.692308
271      9  0.692308
203      9  0.692308
216      9  0.692308
301      8  0.615385
302      8  0.615385
411      7  0.538462
20       7  0.538462
287      7  0.538462
     Count     Value
276      3  1.000000
365      2  0.666667
226      2  0.666667
474      2  0.666667
132      2  0.666667
76       2  0.666667
12       2  0.666667
96       2  0.666667
255      2  0.666667
180      2  0.666667
Current: [255, 276]
Subround 4
not enough
     Count     Value
276     12  0.857143
365     11  0.785714
12      11  0.785714
76      11  0.785714
255     11  0.785714
96      11  0.785714
132     11  0.785714
323     10  0.714286
474     10  0.714286
180     10  0.714286
271     10  0.714286
226     10  0.714286
203     10  0.714286
445      9  0.642857
216      9  0.642857
301      8  0.571429
302      8  0.571429
151      7  0.500000
411      7  0.500000
287      7  0.500000
     Count  Value
276      4   1.00
365      3   0.75
132      3   0.75
76       3   0.75
12       3   0.75
96       3   0.75
226      2   0.50
474      2   0.50
255      2   0.50
271      2   0.50
Current: [276]
Subround 5
not enough
     Count     Value
276     12  0.800000
255     12  0.800000
132     11  0.733333
96      11  0.733333
76      11  0.733333
365     11  0.733333
180     11  0.733333
12      11  0.733333
203     11  0.733333
474     11  0.733333
226     11  0.733333
271     10  0.666667
323     10  0.666667
216     10  0.666667
301      9  0.600000
302      9  0.600000
445      9  0.600000
176      8  0.533333
437      7  0.466667
75       7  0.466667
     Count  Value
276      4    0.8
365      3    0.6
180      3    0.6
474      3    0.6
132      3    0.6
76       3    0.6
12       3    0.6
96       3    0.6
255      3    0.6
226      3    0.6
no winner, not enough
Current: []
Subround 6
not enough
     Count   Value
255     13  0.8125
132     12  0.7500
226     12  0.7500
76      12  0.7500
276     12  0.7500
180     12  0.7500
203     12  0.7500
365     11  0.6875
96      11  0.6875
271     11  0.6875
474     11  0.6875
12      11  0.6875
216     11  0.6875
323     10  0.6250
301     10  0.6250
302      9  0.5625
445      9  0.5625
176      8  0.5000
437      7  0.4375
75       7  0.4375
     Count     Value
226      4  0.666667
180      4  0.666667
276      4  0.666667
132      4  0.666667
76       4  0.666667
203      4  0.666667
255      4  0.666667
365      3  0.500000
216      3  0.500000
271      3  0.500000
Current: [255]
Subround 7
not enough
     Count     Value
76      13  0.764706
276     13  0.764706
255     13  0.764706
271     12  0.705882
474     12  0.705882
365     12  0.705882
180     12  0.705882
226     12  0.705882
132     12  0.705882
203     12  0.705882
323     11  0.647059
96      11  0.647059
12      11  0.647059
216     11  0.647059
301     10  0.588235
302     10  0.588235
445     10  0.588235
176      9  0.529412
437      7  0.411765
75       7  0.411765
     Count     Value
276      5  0.714286
76       5  0.714286
365      4  0.571429
255      4  0.571429
180      4  0.571429
203      4  0.571429
226      4  0.571429
271      4  0.571429
132      4  0.571429
474      4  0.571429
no winner, not enough
Current: []
Subround 8
not enough
     Count     Value
76      14  0.777778
276     14  0.777778
255     14  0.777778
132     13  0.722222
180     13  0.722222
226     13  0.722222
474     12  0.666667
365     12  0.666667
96      12  0.666667
271     12  0.666667
323     12  0.666667
203     12  0.666667
216     12  0.666667
12      11  0.611111
301     10  0.555556
302     10  0.555556
445     10  0.555556
176      9  0.500000
437      7  0.388889
75       7  0.388889
     Count  Value
276      6  0.750
76       6  0.750
132      5  0.625
180      5  0.625
255      5  0.625
226      5  0.625
365      4  0.500
216      4  0.500
323      4  0.500
203      4  0.500
no winner, not enough
Current: []
Subround 9
not enough
     Count     Value
76      14  0.736842
276     14  0.736842
180     14  0.736842
255     14  0.736842
271     13  0.684211
323     13  0.684211
365     13  0.684211
226     13  0.684211
132     13  0.684211
203     13  0.684211
474     12  0.631579
96      12  0.631579
12      12  0.631579
216     12  0.631579
301     11  0.578947
302     11  0.578947
445     11  0.578947
176      9  0.473684
437      7  0.368421
75       7  0.368421
     Count     Value
276      6  0.666667
180      6  0.666667
76       6  0.666667
365      5  0.555556
255      5  0.555556
323      5  0.555556
203      5  0.555556
226      5  0.555556
271      5  0.555556
132      5  0.555556
no winner, not enough
Current: []
Subround 10
     Count  Value
76      15   0.75
180     15   0.75
226     14   0.70
365     14   0.70
276     14   0.70
255     14   0.70
271     13   0.65
96      13   0.65
132     13   0.65
323     13   0.65
203     13   0.65
12      13   0.65
216     13   0.65
474     12   0.60
301     12   0.60
302     12   0.60
445     11   0.55
176      9   0.45
437      7   0.35
75       7   0.35
     Count  Value
180      7    0.7
76       7    0.7
365      6    0.6
226      6    0.6
276      6    0.6
323      5    0.5
203      5    0.5
216      5    0.5
271      5    0.5
255      5    0.5
no winner, not enough
Current: []
Subround 11
     Count     Value
226     15  0.714286
76      15  0.714286
365     15  0.714286
276     15  0.714286
180     15  0.714286
271     14  0.666667
255     14  0.666667
132     14  0.666667
203     14  0.666667
12      14  0.666667
216     14  0.666667
323     13  0.619048
96      13  0.619048
474     12  0.571429
301     12  0.571429
302     12  0.571429
445     12  0.571429
176      9  0.428571
437      7  0.333333
75       7  0.333333
     Count     Value
365      7  0.636364
226      7  0.636364
180      7  0.636364
276      7  0.636364
76       7  0.636364
203      6  0.545455
216      6  0.545455
271      6  0.545455
12       6  0.545455
132      6  0.545455
no winner, not enough
Current: []
Subround 12
     Count     Value
76      16  0.727273
365     16  0.727273
226     15  0.681818
276     15  0.681818
180     15  0.681818
255     15  0.681818
203     15  0.681818
271     14  0.636364
96      14  0.636364
132     14  0.636364
323     14  0.636364
12      14  0.636364
216     14  0.636364
474     13  0.590909
302     13  0.590909
445     13  0.590909
301     12  0.545455
176      9  0.409091
437      7  0.318182
75       7  0.318182
     Count     Value
365      8  0.666667
76       8  0.666667
226      7  0.583333
276      7  0.583333
180      7  0.583333
203      7  0.583333
323      6  0.500000
216      6  0.500000
271      6  0.500000
255      6  0.500000
no winner, not enough
Current: []
Subround 13
     Count     Value
76      16  0.695652
365     16  0.695652
203     16  0.695652
255     16  0.695652
271     15  0.652174
96      15  0.652174
216     15  0.652174
276     15  0.652174
12      15  0.652174
180     15  0.652174
226     15  0.652174
132     14  0.608696
474     14  0.608696
323     14  0.608696
301     13  0.565217
302     13  0.565217
445     13  0.565217
176     10  0.434783
437      7  0.304348
75       7  0.304348
     Count     Value
365      8  0.615385
203      8  0.615385
76       8  0.615385
255      7  0.538462
180      7  0.538462
216      7  0.538462
226      7  0.538462
271      7  0.538462
96       7  0.538462
12       7  0.538462
no winner, not enough
Current: []
Subround 14
     Count     Value
76      17  0.708333
365     17  0.708333
255     16  0.666667
216     16  0.666667
276     16  0.666667
203     16  0.666667
180     16  0.666667
226     16  0.666667
271     15  0.625000
12      15  0.625000
323     15  0.625000
96      15  0.625000
445     14  0.583333
474     14  0.583333
302     14  0.583333
132     14  0.583333
301     13  0.541667
176     10  0.416667
437      7  0.291667
75       7  0.291667
     Count     Value
365      9  0.642857
76       9  0.642857
226      8  0.571429
276      8  0.571429
180      8  0.571429
203      8  0.571429
216      8  0.571429
323      7  0.500000
271      7  0.500000
255      7  0.500000
no winner, not enough
Current: []
Subround 15
     Count  Value
76      18   0.72
216     17   0.68
276     17   0.68
365     17   0.68
180     17   0.68
226     17   0.68
255     16   0.64
12      16   0.64
203     16   0.64
323     16   0.64
271     15   0.60
445     15   0.60
96      15   0.60
474     14   0.56
302     14   0.56
132     14   0.56
301     13   0.52
176     11   0.44
437      7   0.28
75       7   0.28
     Count     Value
76      10  0.666667
365      9  0.600000
216      9  0.600000
276      9  0.600000
180      9  0.600000
226      9  0.600000
323      8  0.533333
12       8  0.533333
203      8  0.533333
445      7  0.466667
no winner, not enough
Current: []
Subround 16
     Count     Value
76      19  0.730769
276     18  0.692308
365     18  0.692308
226     18  0.692308
255     17  0.653846
216     17  0.653846
12      17  0.653846
323     17  0.653846
180     17  0.653846
445     16  0.615385
203     16  0.615385
271     15  0.576923
96      15  0.576923
301     14  0.538462
474     14  0.538462
302     14  0.538462
132     14  0.538462
176     11  0.423077
437      7  0.269231
75       7  0.269231
     Count   Value
76      11  0.6875
365     10  0.6250
276     10  0.6250
226     10  0.6250
323      9  0.5625
180      9  0.5625
12       9  0.5625
216      9  0.5625
445      8  0.5000
203      8  0.5000
no winner, not enough
Current: []
Subround 17
     Count     Value
76      19  0.703704
216     18  0.666667
276     18  0.666667
365     18  0.666667
180     18  0.666667
226     18  0.666667
255     17  0.629630
12      17  0.629630
203     17  0.629630
323     17  0.629630
271     16  0.592593
445     16  0.592593
96      16  0.592593
301     15  0.555556
302     15  0.555556
132     15  0.555556
474     14  0.518519
176     12  0.444444
437      7  0.259259
75       7  0.259259
     Count     Value
76      11  0.647059
365     10  0.588235
216     10  0.588235
276     10  0.588235
180     10  0.588235
226     10  0.588235
323      9  0.529412
12       9  0.529412
203      9  0.529412
445      8  0.470588
no winner, not enough
Current: []
Subround 18
     Count     Value
76      20  0.714286
276     19  0.678571
226     19  0.678571
255     18  0.642857
216     18  0.642857
365     18  0.642857
12      18  0.642857
203     18  0.642857
180     18  0.642857
445     17  0.607143
323     17  0.607143
301     16  0.571429
271     16  0.571429
96      16  0.571429
302     16  0.571429
132     15  0.535714
474     14  0.500000
176     12  0.428571
437      7  0.250000
75       7  0.250000
     Count     Value
76      12  0.666667
276     11  0.611111
226     11  0.611111
365     10  0.555556
203     10  0.555556
12      10  0.555556
180     10  0.555556
216     10  0.555556
323      9  0.500000
255      9  0.500000
no winner, not enough
Current: []
Subround 19
     Count     Value
76      21  0.724138
226     20  0.689655
216     19  0.655172
276     19  0.655172
365     19  0.655172
12      19  0.655172
445     18  0.620690
203     18  0.620690
180     18  0.620690
255     18  0.620690
323     17  0.586207
96      17  0.586207
301     16  0.551724
271     16  0.551724
302     16  0.551724
132     16  0.551724
474     14  0.482759
176     13  0.448276
437      7  0.241379
75       7  0.241379
     Count     Value
76      13  0.684211
226     12  0.631579
365     11  0.578947
276     11  0.578947
12      11  0.578947
216     11  0.578947
180     10  0.526316
445     10  0.526316
203     10  0.526316
323      9  0.473684
no winner, not enough
Current: []
Subround 20
     Count     Value
76      22  0.733333
216     20  0.666667
276     20  0.666667
12      20  0.666667
226     20  0.666667
365     19  0.633333
203     19  0.633333
180     19  0.633333
445     18  0.600000
323     18  0.600000
255     18  0.600000
301     17  0.566667
96      17  0.566667
271     16  0.533333
302     16  0.533333
132     16  0.533333
474     15  0.500000
176     13  0.433333
437      7  0.233333
75       7  0.233333
     Count  Value
76      14   0.70
216     12   0.60
276     12   0.60
12      12   0.60
226     12   0.60
365     11   0.55
180     11   0.55
203     11   0.55
323     10   0.50
445     10   0.50
no winner, not enough
Current: []
Subround 21
     Count     Value
76      23  0.741935
216     21  0.677419
226     21  0.677419
276     20  0.645161
365     20  0.645161
12      20  0.645161
203     20  0.645161
445     19  0.612903
180     19  0.612903
255     18  0.580645
323     18  0.580645
301     17  0.548387
271     17  0.548387
96      17  0.548387
302     17  0.548387
132     16  0.516129
474     15  0.483871
176     14  0.451613
437      7  0.225806
75       7  0.225806
     Count     Value
76      15  0.714286
226     13  0.619048
216     13  0.619048
365     12  0.571429
276     12  0.571429
12      12  0.571429
203     12  0.571429
445     11  0.523810
180     11  0.523810
323     10  0.476190
no winner, not enough
Current: []
Subround 22
     Count    Value
76      24  0.75000
216     21  0.65625
365     21  0.65625
226     21  0.65625
276     20  0.62500
12      20  0.62500
203     20  0.62500
180     20  0.62500
445     19  0.59375
323     19  0.59375
255     18  0.56250
301     18  0.56250
271     18  0.56250
302     18  0.56250
96      17  0.53125
132     17  0.53125
474     16  0.50000
176     14  0.43750
437      7  0.21875
75       7  0.21875
     Count     Value
76      16  0.727273
365     13  0.590909
226     13  0.590909
216     13  0.590909
276     12  0.545455
12      12  0.545455
180     12  0.545455
203     12  0.545455
445     11  0.500000
323     11  0.500000
no winner, not enough
Current: []
Subround 23
     Count     Value
76      24  0.727273
216     22  0.666667
365     22  0.666667
226     22  0.666667
276     21  0.636364
12      21  0.636364
203     21  0.636364
445     20  0.606061
180     20  0.606061
302     19  0.575758
323     19  0.575758
255     19  0.575758
301     18  0.545455
271     18  0.545455
96      17  0.515152
132     17  0.515152
474     16  0.484848
176     14  0.424242
437      7  0.212121
75       7  0.212121
     Count     Value
76      16  0.695652
365     14  0.608696
226     14  0.608696
216     14  0.608696
276     13  0.565217
12      13  0.565217
203     13  0.565217
445     12  0.521739
180     12  0.521739
302     11  0.478261
no winner, not enough
Current: []
Subround 24
     Count     Value
76      24  0.705882
216     23  0.676471
226     23  0.676471
12      22  0.647059
365     22  0.647059
276     21  0.617647
203     21  0.617647
180     21  0.617647
445     20  0.588235
255     20  0.588235
302     20  0.588235
271     19  0.558824
323     19  0.558824
301     18  0.529412
96      17  0.500000
474     17  0.500000
132     17  0.500000
176     15  0.441176
437      7  0.205882
75       7  0.205882
     Count     Value
76      16  0.666667
226     15  0.625000
216     15  0.625000
365     14  0.583333
12      14  0.583333
276     13  0.541667
180     13  0.541667
203     13  0.541667
445     12  0.500000
302     12  0.500000
no winner, not enough
Current: []
Subround 25
     Count     Value
76      25  0.714286
226     24  0.685714
216     23  0.657143
12      23  0.657143
203     22  0.628571
365     22  0.628571
445     21  0.600000
276     21  0.600000
180     21  0.600000
302     20  0.571429
323     20  0.571429
255     20  0.571429
301     19  0.542857
271     19  0.542857
96      18  0.514286
132     18  0.514286
474     17  0.485714
176     15  0.428571
437      7  0.200000
75       7  0.200000
     Count  Value
76      17   0.68
226     16   0.64
12      15   0.60
216     15   0.60
365     14   0.56
203     14   0.56
445     13   0.52
276     13   0.52
180     13   0.52
302     12   0.48
no winner, not enough
Current: []
Subround 26
     Count     Value
76      25  0.694444
12      24  0.666667
226     24  0.666667
216     23  0.638889
203     23  0.638889
365     23  0.638889
276     22  0.611111
445     21  0.583333
323     21  0.583333
180     21  0.583333
301     20  0.555556
302     20  0.555556
255     20  0.555556
271     19  0.527778
132     19  0.527778
96      18  0.500000
474     18  0.500000
176     16  0.444444
437      7  0.194444
75       7  0.194444
     Count     Value
76      17  0.653846
12      16  0.615385
226     16  0.615385
365     15  0.576923
203     15  0.576923
216     15  0.576923
276     14  0.538462
445     13  0.500000
323     13  0.500000
180     13  0.500000
no winner, not enough
Current: []
Subround 27
     Count     Value
76      25  0.675676
12      25  0.675676
226     25  0.675676
216     24  0.648649
365     24  0.648649
203     23  0.621622
445     22  0.594595
276     22  0.594595
302     21  0.567568
323     21  0.567568
180     21  0.567568
255     21  0.567568
301     20  0.540541
271     19  0.513514
96      19  0.513514
474     19  0.513514
132     19  0.513514
176     16  0.432432
437      7  0.189189
75       7  0.189189
     Count     Value
76      17  0.629630
12      17  0.629630
226     17  0.629630
365     16  0.592593
216     16  0.592593
203     15  0.555556
445     14  0.518519
276     14  0.518519
302     13  0.481481
323     13  0.481481
no winner, not enough
Current: []
Subround 28
     Count     Value
226     26  0.684211
76      25  0.657895
216     25  0.657895
12      25  0.657895
365     24  0.631579
445     23  0.605263
276     23  0.605263
203     23  0.605263
302     22  0.578947
180     22  0.578947
301     21  0.552632
323     21  0.552632
255     21  0.552632
132     20  0.526316
96      20  0.526316
474     19  0.500000
271     19  0.500000
176     16  0.421053
437      7  0.184211
75       7  0.184211
     Count     Value
226     18  0.642857
76      17  0.607143
12      17  0.607143
216     17  0.607143
365     16  0.571429
445     15  0.535714
276     15  0.535714
203     15  0.535714
302     14  0.500000
180     14  0.500000
no winner, not enough
Current: []
Subround 29
     Count     Value
76      26  0.666667
226     26  0.666667
216     25  0.641026
12      25  0.641026
365     25  0.641026
203     24  0.615385
445     23  0.589744
276     23  0.589744
180     23  0.589744
302     22  0.564103
323     22  0.564103
255     22  0.564103
301     21  0.538462
271     20  0.512821
96      20  0.512821
474     20  0.512821
132     20  0.512821
176     17  0.435897
437      7  0.179487
75       7  0.179487
     Count     Value
76      18  0.620690
226     18  0.620690
365     17  0.586207
12      17  0.586207
216     17  0.586207
203     16  0.551724
445     15  0.517241
276     15  0.517241
180     15  0.517241
302     14  0.482759
no winner, not enough
Current: []
Subround 30
     Count  Value
76      27  0.675
226     27  0.675
216     26  0.650
365     26  0.650
12      25  0.625
203     25  0.625
445     23  0.575
276     23  0.575
302     23  0.575
180     23  0.575
301     22  0.550
323     22  0.550
255     22  0.550
132     21  0.525
96      21  0.525
474     20  0.500
271     20  0.500
176     17  0.425
437      7  0.175
75       7  0.175
     Count     Value
76      19  0.633333
226     19  0.633333
365     18  0.600000
216     18  0.600000
12      17  0.566667
203     17  0.566667
445     15  0.500000
302     15  0.500000
276     15  0.500000
180     15  0.500000
Rest half winner
Current: [2, 4, 6, 10, 11, 12, 13, 14, 15, 18, 20, 24, 27, 28, 30, 31, 33, 35, 39, 42, 43, 47, 48, 49, 50, 51, 52, 53, 54, 55, 59, 63, 68, 70, 71, 72, 73, 75, 76, 77, 78, 79, 83, 84, 86, 87, 91, 94, 96, 99, 100, 102, 103, 105, 106, 108, 110, 111, 116, 119, 121, 122, 123, 126, 127, 132, 136, 140, 142, 145, 146, 147, 149, 151, 154, 155, 156, 160, 164, 167, 169, 173, 174, 175, 176, 178, 179, 180, 182, 184, 187, 189, 192, 196, 197, 199, 201, 202, 203, 204, 205, 206, 208, 209, 210, 212, 213, 216, 217, 219, 221, 223, 224, 226, 227, 232, 234, 237, 240, 242, 243, 245, 247, 248, 249, 250, 253, 255, 257, 258, 259, 266, 267, 269, 271, 272, 276, 278, 279, 283, 284, 285, 286, 287, 288, 292, 293, 294, 295, 296, 298, 299, 300, 301, 302, 303, 310, 311, 312, 314, 315, 316, 318, 319, 323, 324, 326, 327, 330, 331, 335, 336, 337, 340, 341, 343, 346, 348, 349, 351, 353, 355, 356, 357, 358, 363, 364, 365, 368, 371, 372, 373, 375, 376, 377, 378, 381, 383, 385, 389, 392, 397, 398, 401, 402, 403, 406, 408, 409, 411, 412, 415, 418, 419, 424, 425, 429, 431, 434, 437, 438, 440, 441, 442, 443, 444, 445, 446, 447, 448, 449, 450, 452, 453, 457, 460, 461, 464, 466, 468, 469, 471, 474, 475, 476, 478, 485, 486, 488, 491, 496, 501, 503, 504, 506, 507]
Round 3
Subround 1
not enough
     Count  Value
196      1    1.0
457      1    1.0
14       1    1.0
368      1    1.0
452      1    1.0
389      1    1.0
199      1    1.0
363      1    1.0
286      1    1.0
437      1    1.0
216      1    1.0
63       1    1.0
402      1    1.0
346      1    1.0
127      1    1.0
51       1    1.0
412      1    1.0
180      1    1.0
116      1    1.0
78       1    1.0
     Count  Value
196      1    1.0
457      1    1.0
14       1    1.0
368      1    1.0
452      1    1.0
389      1    1.0
199      1    1.0
363      1    1.0
286      1    1.0
437      1    1.0
Current: [2, 10, 13, 14, 15, 20, 24, 39, 43, 47, 48, 51, 52, 55, 59, 63, 68, 70, 71, 72, 75, 76, 77, 78, 83, 84, 91, 96, 99, 102, 103, 110, 111, 116, 119, 123, 126, 127, 136, 140, 142, 151, 156, 164, 169, 173, 174, 175, 176, 178, 180, 182, 187, 192, 196, 197, 199, 202, 206, 208, 209, 210, 216, 217, 219, 221, 226, 227, 242, 247, 248, 284, 285, 286, 287, 288, 293, 294, 295, 299, 300, 301, 310, 311, 318, 324, 331, 337, 340, 341, 346, 357, 363, 365, 368, 371, 376, 377, 378, 385, 389, 392, 402, 403, 409, 412, 419, 429, 431, 437, 438, 445, 446, 447, 448, 449, 452, 453, 457, 461, 466, 469, 475, 476, 478, 496, 504, 507]
Subround 2
not enough
     Count  Value
196      2    1.0
429      2    1.0
78       2    1.0
187      2    1.0
403      2    1.0
377      2    1.0
173      2    1.0
447      2    1.0
445      2    1.0
48       2    1.0
357      2    1.0
151      2    1.0
507      2    1.0
123      2    1.0
449      2    1.0
378      2    1.0
476      2    1.0
227      2    1.0
209      2    1.0
110      2    1.0
     Count  Value
196      2    1.0
429      2    1.0
78       2    1.0
187      2    1.0
403      2    1.0
377      2    1.0
173      2    1.0
447      2    1.0
445      2    1.0
48       2    1.0
Current: [39, 48, 51, 63, 71, 75, 77, 78, 96, 110, 111, 116, 123, 126, 142, 151, 156, 164, 173, 187, 192, 196, 197, 199, 202, 206, 209, 216, 221, 226, 227, 242, 288, 311, 324, 331, 340, 341, 357, 363, 377, 378, 385, 389, 392, 403, 409, 412, 429, 437, 445, 447, 448, 449, 452, 461, 469, 476, 478, 496, 507]
Subround 3
not enough
     Count  Value
340      3    1.0
429      3    1.0
202      3    1.0
126      3    1.0
192      3    1.0
209      3    1.0
111      3    1.0
227      3    1.0
476      3    1.0
164      3    1.0
378      3    1.0
197      3    1.0
75       3    1.0
242      3    1.0
449      3    1.0
151      3    1.0
116      3    1.0
389      3    1.0
445      3    1.0
199      3    1.0
     Count  Value
340      3    1.0
429      3    1.0
202      3    1.0
126      3    1.0
192      3    1.0
209      3    1.0
111      3    1.0
227      3    1.0
476      3    1.0
164      3    1.0
Current: [39, 75, 111, 116, 126, 151, 164, 187, 192, 197, 199, 202, 209, 216, 227, 242, 340, 377, 378, 389, 429, 445, 449, 476]
Subround 4
not enough
     Count  Value
199      4   1.00
116      4   1.00
389      4   1.00
340      4   1.00
216      4   1.00
202      4   1.00
75       4   1.00
164      4   1.00
39       4   1.00
197      4   1.00
378      4   1.00
242      4   1.00
392      3   0.75
55       3   0.75
174      3   0.75
210      3   0.75
376      3   0.75
126      3   0.75
196      3   0.75
341      3   0.75
     Count  Value
199      4    1.0
116      4    1.0
389      4    1.0
340      4    1.0
216      4    1.0
202      4    1.0
75       4    1.0
164      4    1.0
39       4    1.0
197      4    1.0
Current: [39, 75, 116, 164, 197, 199, 202, 216, 242, 340, 378, 389]
Subround 5
not enough
     Count  Value
378      5    1.0
216      5    1.0
389      5    1.0
164      5    1.0
340      5    1.0
116      5    1.0
209      4    0.8
100      4    0.8
371      4    0.8
476      4    0.8
398      4    0.8
151      4    0.8
122      4    0.8
47       4    0.8
449      4    0.8
293      4    0.8
365      4    0.8
182      4    0.8
202      4    0.8
140      4    0.8
     Count  Value
378      5    1.0
216      5    1.0
389      5    1.0
164      5    1.0
340      5    1.0
116      5    1.0
209      4    0.8
100      4    0.8
371      4    0.8
476      4    0.8
Current: [116, 164, 216, 340, 378, 389]
Subround 6
not enough
     Count     Value
116      6  1.000000
340      6  1.000000
378      6  1.000000
192      5  0.833333
174      5  0.833333
216      5  0.833333
412      5  0.833333
199      5  0.833333
389      5  0.833333
406      5  0.833333
365      5  0.833333
151      5  0.833333
293      5  0.833333
164      5  0.833333
242      5  0.833333
202      5  0.833333
331      5  0.833333
205      5  0.833333
122      5  0.833333
210      5  0.833333
     Count     Value
116      6  1.000000
340      6  1.000000
378      6  1.000000
192      5  0.833333
174      5  0.833333
216      5  0.833333
412      5  0.833333
199      5  0.833333
389      5  0.833333
406      5  0.833333
Current: [10, 35, 87, 116, 122, 126, 140, 151, 164, 174, 192, 199, 202, 205, 210, 216, 242, 293, 331, 340, 365, 378, 389, 398, 406, 412, 469, 476]
Subround 7
not enough
     Count     Value
378      7  1.000000
340      7  1.000000
199      6  0.857143
216      6  0.857143
365      6  0.857143
242      6  0.857143
210      6  0.857143
116      6  0.857143
164      6  0.857143
146      5  0.714286
182      5  0.714286
319      5  0.714286
151      5  0.714286
293      5  0.714286
202      5  0.714286
311      5  0.714286
475      5  0.714286
47       5  0.714286
403      5  0.714286
376      5  0.714286
     Count     Value
378      7  1.000000
340      7  1.000000
199      6  0.857143
216      6  0.857143
365      6  0.857143
242      6  0.857143
210      6  0.857143
116      6  0.857143
164      6  0.857143
146      5  0.714286
Current: [116, 164, 199, 210, 216, 242, 340, 365, 378]
Subround 8
not enough
     Count  Value
378      8  1.000
216      7  0.875
116      7  0.875
340      7  0.875
210      7  0.875
100      6  0.750
126      6  0.750
331      6  0.750
475      6  0.750
192      6  0.750
365      6  0.750
469      6  0.750
293      6  0.750
202      6  0.750
227      6  0.750
209      6  0.750
319      6  0.750
476      6  0.750
174      6  0.750
164      6  0.750
     Count  Value
378      8  1.000
216      7  0.875
116      7  0.875
340      7  0.875
210      7  0.875
100      6  0.750
126      6  0.750
331      6  0.750
475      6  0.750
192      6  0.750
Current: [116, 210, 216, 340, 378]
Subround 9
not enough
     Count     Value
210      8  0.888889
378      8  0.888889
340      8  0.888889
116      8  0.888889
227      7  0.777778
216      7  0.777778
174      7  0.777778
126      7  0.777778
469      7  0.777778
242      7  0.777778
411      7  0.777778
164      7  0.777778
442      7  0.777778
365      7  0.777778
173      6  0.666667
476      6  0.666667
371      6  0.666667
449      6  0.666667
392      6  0.666667
14       6  0.666667
     Count     Value
210      8  0.888889
378      8  0.888889
340      8  0.888889
116      8  0.888889
227      7  0.777778
216      7  0.777778
174      7  0.777778
126      7  0.777778
469      7  0.777778
242      7  0.777778
Current: [116, 210, 340, 378]
Subround 10
     Count  Value
116      9    0.9
340      9    0.9
210      9    0.9
164      8    0.8
216      8    0.8
242      8    0.8
378      8    0.8
227      8    0.8
411      8    0.8
126      7    0.7
403      7    0.7
475      7    0.7
192      7    0.7
469      7    0.7
365      7    0.7
202      7    0.7
196      7    0.7
174      7    0.7
476      7    0.7
14       7    0.7
     Count  Value
116      9    0.9
340      9    0.9
210      9    0.9
164      8    0.8
216      8    0.8
242      8    0.8
378      8    0.8
227      8    0.8
411      8    0.8
126      7    0.7
Current: [116, 210, 340]
Round 4
Subround 1
not enough
     Count     Value
210     10  0.909091
116      9  0.818182
340      9  0.818182
196      8  0.727273
378      8  0.727273
242      8  0.727273
411      8  0.727273
227      8  0.727273
164      8  0.727273
216      8  0.727273
389      7  0.636364
402      7  0.636364
403      7  0.636364
475      7  0.636364
192      7  0.636364
469      7  0.636364
127      7  0.636364
365      7  0.636364
202      7  0.636364
14       7  0.636364
     Count  Value
210      1    1.0
196      1    1.0
Current: [116, 210, 340]
Subround 2
not enough
     Count     Value
210     11  0.916667
196      9  0.750000
116      9  0.750000
340      9  0.750000
378      8  0.666667
242      8  0.666667
411      8  0.666667
227      8  0.666667
164      8  0.666667
216      8  0.666667
389      7  0.583333
402      7  0.583333
403      7  0.583333
475      7  0.583333
192      7  0.583333
469      7  0.583333
127      7  0.583333
365      7  0.583333
202      7  0.583333
14       7  0.583333
     Count  Value
210      2    1.0
196      2    1.0
Current: [210]
Subround 3
not enough
     Count     Value
210     12  0.923077
196     10  0.769231
116      9  0.692308
340      9  0.692308
378      8  0.615385
242      8  0.615385
411      8  0.615385
227      8  0.615385
164      8  0.615385
216      8  0.615385
389      7  0.538462
402      7  0.538462
403      7  0.538462
475      7  0.538462
192      7  0.538462
469      7  0.538462
127      7  0.538462
365      7  0.538462
202      7  0.538462
14       7  0.538462
     Count  Value
210      3    1.0
196      3    1.0
Current: [210]
Subround 4
not enough
     Count     Value
210     12  0.857143
196     11  0.785714
340     10  0.714286
116      9  0.642857
378      8  0.571429
242      8  0.571429
411      8  0.571429
227      8  0.571429
164      8  0.571429
216      8  0.571429
389      7  0.500000
402      7  0.500000
403      7  0.500000
475      7  0.500000
192      7  0.500000
469      7  0.500000
127      7  0.500000
365      7  0.500000
202      7  0.500000
14       7  0.500000
     Count  Value
196      4   1.00
210      3   0.75
340      1   0.25
Current: [210]
Subround 5
not enough
     Count     Value
210     13  0.866667
196     11  0.733333
116     10  0.666667
340     10  0.666667
378      8  0.533333
242      8  0.533333
411      8  0.533333
227      8  0.533333
164      8  0.533333
216      8  0.533333
389      7  0.466667
402      7  0.466667
403      7  0.466667
475      7  0.466667
192      7  0.466667
469      7  0.466667
127      7  0.466667
365      7  0.466667
202      7  0.466667
14       7  0.466667
     Count  Value
210      4    0.8
196      4    0.8
340      1    0.2
116      1    0.2
Current: [210]
Subround 6
not enough
     Count   Value
210     13  0.8125
196     12  0.7500
116     11  0.6875
340     10  0.6250
378      8  0.5000
242      8  0.5000
411      8  0.5000
227      8  0.5000
164      8  0.5000
216      8  0.5000
389      7  0.4375
402      7  0.4375
403      7  0.4375
475      7  0.4375
192      7  0.4375
469      7  0.4375
127      7  0.4375
365      7  0.4375
202      7  0.4375
14       7  0.4375
     Count     Value
196      5  0.833333
210      4  0.666667
116      2  0.333333
340      1  0.166667
Current: [210]
Subround 7
not enough
     Count     Value
210     14  0.823529
196     12  0.705882
116     11  0.647059
340     11  0.647059
378      8  0.470588
242      8  0.470588
411      8  0.470588
227      8  0.470588
164      8  0.470588
216      8  0.470588
389      7  0.411765
402      7  0.411765
403      7  0.411765
475      7  0.411765
192      7  0.411765
469      7  0.411765
127      7  0.411765
365      7  0.411765
202      7  0.411765
14       7  0.411765
     Count     Value
210      5  0.714286
196      5  0.714286
340      2  0.285714
116      2  0.285714
Current: [210]
Subround 8
not enough
     Count     Value
210     14  0.777778
196     12  0.666667
116     12  0.666667
340     12  0.666667
378      8  0.444444
242      8  0.444444
411      8  0.444444
227      8  0.444444
164      8  0.444444
216      8  0.444444
389      7  0.388889
402      7  0.388889
403      7  0.388889
475      7  0.388889
192      7  0.388889
469      7  0.388889
127      7  0.388889
365      7  0.388889
202      7  0.388889
14       7  0.388889
     Count  Value
210      5  0.625
196      5  0.625
340      3  0.375
116      3  0.375
no winner, not enough
Current: []
Subround 9
not enough
     Count     Value
210     15  0.789474
196     13  0.684211
116     12  0.631579
340     12  0.631579
378      8  0.421053
242      8  0.421053
411      8  0.421053
227      8  0.421053
164      8  0.421053
216      8  0.421053
389      7  0.368421
402      7  0.368421
403      7  0.368421
475      7  0.368421
192      7  0.368421
469      7  0.368421
127      7  0.368421
365      7  0.368421
202      7  0.368421
14       7  0.368421
     Count     Value
210      6  0.666667
196      6  0.666667
340      3  0.333333
116      3  0.333333
no winner, not enough
Current: []
Subround 10
     Count  Value
210     16   0.80
196     14   0.70
116     12   0.60
340     12   0.60
378      8   0.40
242      8   0.40
411      8   0.40
227      8   0.40
164      8   0.40
216      8   0.40
389      7   0.35
402      7   0.35
403      7   0.35
475      7   0.35
192      7   0.35
469      7   0.35
127      7   0.35
365      7   0.35
202      7   0.35
14       7   0.35
     Count  Value
210      7    0.7
196      7    0.7
340      3    0.3
116      3    0.3
no winner, not enough
Current: []
Subround 11
     Count     Value
210     17  0.809524
196     14  0.666667
340     13  0.619048
116     12  0.571429
378      8  0.380952
242      8  0.380952
411      8  0.380952
227      8  0.380952
164      8  0.380952
216      8  0.380952
389      7  0.333333
402      7  0.333333
403      7  0.333333
475      7  0.333333
192      7  0.333333
469      7  0.333333
127      7  0.333333
365      7  0.333333
202      7  0.333333
14       7  0.333333
     Count     Value
210      8  0.727273
196      7  0.636364
340      4  0.363636
116      3  0.272727
Current: [210]
Winning offset:
[210]
2021-09-07 13:27:37.928916
2021-09-07 13:34:11.934133
0:06:34.005217
