Loading page file profiles/packet3/pages/0x6e4a.yaml
Loading page file profiles/packet3/pages/0x6e60.yaml
Loading page file profiles/packet3/pages/0x6ee3.yaml
Loading page file profiles/packet3/pages/0x7241.yaml
Loading page file profiles/packet3/pages/0x7242.yaml
Loading page file profiles/packet3/pages/0x7243.yaml
Loading page file profiles/packet3/pages/0x7244.yaml
Round 1
Subround 1
not enough
     Count  Value
154      1    1.0
115      1    1.0
358      1    1.0
446      1    1.0
400      1    1.0
493      1    1.0
351      1    1.0
15       1    1.0
162      1    1.0
331      1    1.0
132      1    1.0
246      1    1.0
201      1    1.0
249      1    1.0
216      1    1.0
17       1    1.0
290      1    1.0
409      1    1.0
85       1    1.0
435      1    1.0
     Count  Value
154      1    1.0
115      1    1.0
358      1    1.0
446      1    1.0
400      1    1.0
493      1    1.0
351      1    1.0
15       1    1.0
162      1    1.0
331      1    1.0
Current: [1, 2, 3, 4, 5, 6, 8, 14, 15, 16, 17, 19, 21, 22, 26, 27, 28, 31, 32, 34, 37, 38, 41, 42, 43, 44, 45, 51, 53, 54, 56, 59, 61, 62, 63, 64, 65, 66, 67, 68, 69, 74, 79, 80, 81, 82, 83, 84, 85, 87, 88, 89, 90, 91, 92, 97, 99, 101, 104, 105, 107, 111, 112, 114, 115, 116, 117, 118, 132, 133, 134, 135, 136, 138, 144, 149, 150, 154, 162, 163, 165, 168, 169, 171, 172, 173, 174, 175, 178, 179, 180, 188, 189, 190, 191, 193, 195, 196, 201, 205, 207, 208, 209, 211, 213, 216, 217, 221, 222, 223, 225, 227, 228, 229, 230, 231, 233, 235, 236, 238, 240, 241, 242, 243, 244, 246, 249, 254, 256, 258, 261, 264, 265, 267, 268, 271, 276, 277, 279, 282, 283, 285, 290, 291, 295, 296, 297, 299, 300, 301, 302, 304, 306, 307, 310, 311, 313, 316, 318, 320, 323, 325, 327, 331, 332, 335, 336, 338, 340, 341, 342, 343, 345, 348, 349, 350, 351, 352, 353, 354, 355, 357, 358, 361, 363, 364, 367, 368, 369, 371, 374, 376, 377, 379, 381, 383, 384, 385, 387, 391, 397, 400, 402, 405, 407, 408, 409, 410, 414, 417, 419, 420, 421, 422, 427, 431, 432, 434, 435, 439, 441, 446, 447, 450, 451, 452, 454, 455, 456, 457, 459, 461, 463, 464, 466, 467, 474, 475, 476, 477, 478, 480, 481, 483, 488, 491, 492, 493, 495, 500, 501, 503, 504, 508, 509, 511]
Subround 2
not enough
     Count  Value
154      2    1.0
4        2    1.0
37       2    1.0
410      2    1.0
318      2    1.0
230      2    1.0
254      2    1.0
313      2    1.0
265      2    1.0
242      2    1.0
361      2    1.0
355      2    1.0
349      2    1.0
379      2    1.0
233      2    1.0
364      2    1.0
307      2    1.0
358      2    1.0
400      2    1.0
15       2    1.0
     Count  Value
154      2    1.0
4        2    1.0
37       2    1.0
410      2    1.0
318      2    1.0
230      2    1.0
254      2    1.0
313      2    1.0
265      2    1.0
242      2    1.0
Current: [4, 6, 14, 15, 17, 19, 21, 22, 26, 28, 31, 37, 42, 43, 44, 53, 59, 61, 62, 64, 68, 69, 74, 81, 87, 89, 92, 97, 105, 107, 114, 133, 134, 135, 136, 149, 154, 162, 163, 168, 172, 173, 175, 178, 180, 193, 196, 201, 205, 208, 209, 213, 216, 221, 222, 223, 227, 229, 230, 231, 233, 235, 236, 242, 243, 244, 254, 256, 258, 261, 265, 268, 271, 276, 279, 296, 297, 302, 307, 313, 318, 325, 327, 332, 345, 349, 352, 354, 355, 358, 361, 363, 364, 367, 371, 374, 377, 379, 384, 385, 391, 397, 400, 405, 409, 410, 417, 420, 422, 435, 447, 452, 455, 463, 467, 477, 478, 480, 481, 483, 488, 501, 508, 509, 511]
Subround 3
not enough
     Count  Value
196      3    1.0
279      3    1.0
455      3    1.0
43       3    1.0
17       3    1.0
397      3    1.0
53       3    1.0
508      3    1.0
135      3    1.0
271      3    1.0
26       3    1.0
302      3    1.0
209      3    1.0
134      3    1.0
14       3    1.0
175      3    1.0
345      3    1.0
31       3    1.0
59       3    1.0
61       3    1.0
     Count  Value
196      3    1.0
279      3    1.0
455      3    1.0
43       3    1.0
17       3    1.0
397      3    1.0
53       3    1.0
508      3    1.0
135      3    1.0
271      3    1.0
Current: [6, 14, 17, 26, 31, 43, 53, 59, 61, 133, 134, 135, 162, 175, 196, 205, 209, 221, 230, 254, 265, 268, 271, 279, 302, 307, 318, 325, 345, 352, 354, 397, 400, 417, 455, 477, 483, 508]
Subround 4
not enough
     Count  Value
17       4   1.00
14       4   1.00
254      4   1.00
477      4   1.00
43       4   1.00
205      4   1.00
196      4   1.00
483      4   1.00
268      4   1.00
59       4   1.00
6        4   1.00
175      4   1.00
221      4   1.00
302      4   1.00
354      4   1.00
162      4   1.00
209      4   1.00
345      4   1.00
307      3   0.75
237      3   0.75
     Count  Value
17       4    1.0
14       4    1.0
254      4    1.0
477      4    1.0
43       4    1.0
205      4    1.0
196      4    1.0
483      4    1.0
268      4    1.0
59       4    1.0
Current: [1, 4, 5, 6, 8, 14, 17, 18, 22, 26, 31, 34, 41, 42, 43, 44, 47, 52, 53, 58, 59, 61, 64, 66, 68, 69, 70, 74, 82, 84, 88, 90, 91, 95, 99, 105, 108, 111, 112, 114, 132, 133, 134, 135, 137, 144, 147, 149, 154, 162, 163, 165, 167, 175, 180, 188, 189, 193, 196, 201, 205, 207, 208, 209, 214, 217, 220, 221, 222, 230, 231, 233, 236, 237, 243, 246, 254, 265, 266, 268, 271, 279, 280, 290, 295, 296, 301, 302, 307, 317, 318, 320, 324, 325, 327, 332, 335, 340, 345, 350, 351, 352, 354, 364, 367, 376, 377, 384, 385, 397, 400, 409, 410, 417, 419, 421, 422, 434, 447, 452, 453, 454, 455, 463, 474, 476, 477, 483, 492, 493, 501, 508, 511]
Subround 5
not enough
     Count  Value
205      5    1.0
6        5    1.0
221      5    1.0
14       5    1.0
354      5    1.0
301      4    0.8
114      4    0.8
400      4    0.8
364      4    0.8
59       4    0.8
268      4    0.8
90       4    0.8
254      4    0.8
230      4    0.8
434      4    0.8
41       4    0.8
455      4    0.8
367      4    0.8
17       4    0.8
271      4    0.8
     Count  Value
205      5    1.0
6        5    1.0
221      5    1.0
14       5    1.0
354      5    1.0
301      4    0.8
114      4    0.8
400      4    0.8
364      4    0.8
59       4    0.8
Current: [6, 14, 17, 41, 43, 47, 53, 59, 61, 74, 82, 90, 95, 105, 114, 133, 134, 135, 147, 154, 162, 163, 167, 175, 180, 196, 205, 209, 217, 221, 230, 236, 237, 254, 265, 266, 268, 271, 295, 301, 302, 325, 332, 345, 354, 364, 367, 377, 400, 409, 417, 434, 452, 455, 474, 477, 483, 508, 511]
Subround 6
not enough
     Count     Value
354      6  1.000000
221      6  1.000000
14       6  1.000000
6        6  1.000000
417      5  0.833333
511      5  0.833333
90       5  0.833333
325      5  0.833333
508      5  0.833333
209      5  0.833333
180      5  0.833333
345      5  0.833333
452      5  0.833333
236      5  0.833333
302      5  0.833333
266      5  0.833333
196      5  0.833333
17       5  0.833333
409      5  0.833333
477      5  0.833333
     Count     Value
354      6  1.000000
221      6  1.000000
14       6  1.000000
6        6  1.000000
417      5  0.833333
511      5  0.833333
90       5  0.833333
325      5  0.833333
508      5  0.833333
209      5  0.833333
Current: [6, 14, 17, 41, 47, 59, 74, 90, 134, 147, 163, 167, 180, 196, 205, 209, 221, 236, 237, 266, 268, 302, 325, 332, 345, 354, 364, 377, 409, 417, 434, 452, 474, 477, 508, 511]
Subround 7
not enough
     Count     Value
14       7  1.000000
377      6  0.857143
180      6  0.857143
508      6  0.857143
354      6  0.857143
477      6  0.857143
332      6  0.857143
434      6  0.857143
409      6  0.857143
221      6  0.857143
6        6  0.857143
163      6  0.857143
345      6  0.857143
230      5  0.714286
455      5  0.714286
267      5  0.714286
381      5  0.714286
420      5  0.714286
233      5  0.714286
41       5  0.714286
     Count     Value
14       7  1.000000
377      6  0.857143
180      6  0.857143
508      6  0.857143
354      6  0.857143
477      6  0.857143
332      6  0.857143
434      6  0.857143
409      6  0.857143
221      6  0.857143
Current: [3, 6, 14, 17, 36, 41, 47, 53, 59, 74, 84, 90, 95, 114, 130, 133, 134, 147, 154, 162, 163, 167, 169, 173, 180, 187, 196, 201, 205, 209, 212, 217, 220, 221, 223, 230, 233, 236, 237, 244, 266, 267, 268, 271, 283, 297, 301, 302, 325, 332, 345, 351, 354, 363, 364, 367, 371, 376, 377, 381, 400, 402, 404, 409, 417, 420, 434, 452, 455, 465, 470, 474, 477, 483, 488, 508, 511]
Subround 8
not enough
     Count  Value
14       8  1.000
180      7  0.875
332      7  0.875
163      7  0.875
434      7  0.875
377      7  0.875
409      7  0.875
508      6  0.750
381      6  0.750
233      6  0.750
266      6  0.750
364      6  0.750
201      6  0.750
17       6  0.750
187      6  0.750
511      6  0.750
169      6  0.750
6        6  0.750
114      6  0.750
376      6  0.750
     Count  Value
14       8  1.000
180      7  0.875
332      7  0.875
163      7  0.875
434      7  0.875
377      7  0.875
409      7  0.875
508      6  0.750
381      6  0.750
233      6  0.750
Current: [6, 14, 17, 95, 114, 130, 147, 163, 167, 169, 173, 180, 187, 196, 201, 205, 220, 221, 230, 233, 237, 266, 268, 271, 301, 332, 345, 354, 363, 364, 367, 371, 376, 377, 381, 402, 404, 409, 420, 434, 452, 455, 477, 483, 508, 511]
Subround 9
not enough
     Count     Value
14       9  1.000000
434      8  0.888889
409      8  0.888889
187      7  0.777778
6        7  0.777778
455      7  0.777778
363      7  0.777778
511      7  0.777778
364      7  0.777778
377      7  0.777778
332      7  0.777778
221      7  0.777778
345      7  0.777778
180      7  0.777778
205      7  0.777778
508      7  0.777778
114      7  0.777778
130      7  0.777778
220      7  0.777778
163      7  0.777778
     Count     Value
14       9  1.000000
434      8  0.888889
409      8  0.888889
187      7  0.777778
6        7  0.777778
455      7  0.777778
363      7  0.777778
511      7  0.777778
364      7  0.777778
377      7  0.777778
Current: [6, 14, 114, 130, 163, 180, 187, 205, 220, 221, 332, 345, 363, 364, 377, 409, 434, 455, 508, 511]
Subround 10
     Count  Value
14       9    0.9
508      8    0.8
180      8    0.8
511      8    0.8
377      8    0.8
363      8    0.8
409      8    0.8
221      8    0.8
114      8    0.8
6        8    0.8
332      8    0.8
434      8    0.8
25       7    0.7
220      7    0.7
227      7    0.7
107      7    0.7
367      7    0.7
470      7    0.7
279      7    0.7
283      7    0.7
     Count  Value
14       9    0.9
508      8    0.8
180      8    0.8
511      8    0.8
377      8    0.8
363      8    0.8
409      8    0.8
221      8    0.8
114      8    0.8
6        8    0.8
Current: [6, 14, 114, 180, 221, 332, 363, 377, 409, 434, 508, 511]
Round 2
Subround 1
not enough
     Count     Value
14      10  0.909091
508      9  0.818182
180      9  0.818182
511      9  0.818182
377      9  0.818182
409      9  0.818182
363      8  0.727273
221      8  0.727273
114      8  0.727273
6        8  0.727273
332      8  0.727273
434      8  0.727273
25       7  0.636364
220      7  0.636364
227      7  0.636364
107      7  0.636364
367      7  0.636364
470      7  0.636364
279      7  0.636364
283      7  0.636364
     Count  Value
409      1    1.0
377      1    1.0
511      1    1.0
14       1    1.0
180      1    1.0
508      1    1.0
Current: [14, 180, 377, 409, 508, 511]
Subround 2
not enough
     Count     Value
180     10  0.833333
14      10  0.833333
409     10  0.833333
508      9  0.750000
511      9  0.750000
377      9  0.750000
221      9  0.750000
114      9  0.750000
6        9  0.750000
332      9  0.750000
363      8  0.666667
434      8  0.666667
237      7  0.583333
220      7  0.583333
227      7  0.583333
107      7  0.583333
367      7  0.583333
470      7  0.583333
279      7  0.583333
108      7  0.583333
     Count  Value
409      2    1.0
180      2    1.0
377      1    0.5
511      1    0.5
14       1    0.5
508      1    0.5
332      1    0.5
6        1    0.5
114      1    0.5
221      1    0.5
Current: [14, 180, 409]
Subround 3
not enough
     Count     Value
180     11  0.846154
14      11  0.846154
508     10  0.769231
511     10  0.769231
377     10  0.769231
409     10  0.769231
221      9  0.692308
114      9  0.692308
6        9  0.692308
332      9  0.692308
434      9  0.692308
363      8  0.615385
237      7  0.538462
220      7  0.538462
227      7  0.538462
107      7  0.538462
367      7  0.538462
470      7  0.538462
279      7  0.538462
108      7  0.538462
     Count     Value
180      3  1.000000
409      2  0.666667
377      2  0.666667
511      2  0.666667
14       2  0.666667
508      2  0.666667
332      1  0.333333
6        1  0.333333
114      1  0.333333
221      1  0.333333
Current: [14, 180]
Subround 4
not enough
     Count     Value
180     12  0.857143
14      12  0.857143
511     11  0.785714
508     10  0.714286
377     10  0.714286
409     10  0.714286
114     10  0.714286
332     10  0.714286
434     10  0.714286
6        9  0.642857
221      9  0.642857
363      8  0.571429
107      7  0.500000
367      7  0.500000
470      7  0.500000
279      7  0.500000
237      7  0.500000
108      7  0.500000
455      7  0.500000
283      7  0.500000
     Count  Value
180      4   1.00
511      3   0.75
14       3   0.75
409      2   0.50
377      2   0.50
508      2   0.50
332      2   0.50
114      2   0.50
434      2   0.50
6        1   0.25
Current: [14, 180]
Subround 5
not enough
     Count     Value
14      13  0.866667
180     12  0.800000
511     11  0.733333
377     11  0.733333
409     11  0.733333
434     11  0.733333
114     11  0.733333
508     10  0.666667
221     10  0.666667
332     10  0.666667
6        9  0.600000
363      8  0.533333
25       7  0.466667
220      7  0.466667
227      7  0.466667
107      7  0.466667
367      7  0.466667
470      7  0.466667
279      7  0.466667
108      7  0.466667
     Count  Value
14       4    0.8
180      4    0.8
409      3    0.6
377      3    0.6
511      3    0.6
114      3    0.6
434      3    0.6
508      2    0.4
332      2    0.4
221      2    0.4
Current: [14]
Subround 6
not enough
     Count   Value
14      14  0.8750
180     12  0.7500
409     12  0.7500
434     12  0.7500
114     12  0.7500
511     11  0.6875
377     11  0.6875
508     10  0.6250
221     10  0.6250
6       10  0.6250
332     10  0.6250
363      9  0.5625
25       7  0.4375
220      7  0.4375
227      7  0.4375
107      7  0.4375
367      7  0.4375
470      7  0.4375
279      7  0.4375
108      7  0.4375
     Count     Value
14       5  0.833333
409      4  0.666667
180      4  0.666667
114      4  0.666667
434      4  0.666667
377      3  0.500000
511      3  0.500000
508      2  0.333333
332      2  0.333333
6        2  0.333333
Current: [14]
Subround 7
not enough
     Count     Value
14      14  0.823529
180     13  0.764706
511     12  0.705882
377     12  0.705882
409     12  0.705882
434     12  0.705882
114     12  0.705882
508     11  0.647059
221     11  0.647059
332     11  0.647059
6       10  0.588235
363      9  0.529412
25       7  0.411765
220      7  0.411765
227      7  0.411765
107      7  0.411765
367      7  0.411765
470      7  0.411765
279      7  0.411765
108      7  0.411765
     Count     Value
14       5  0.714286
180      5  0.714286
409      4  0.571429
377      4  0.571429
511      4  0.571429
114      4  0.571429
434      4  0.571429
508      3  0.428571
332      3  0.428571
221      3  0.428571
Current: [14]
Subround 8
not enough
     Count     Value
14      15  0.833333
180     13  0.722222
377     13  0.722222
409     13  0.722222
114     13  0.722222
508     12  0.666667
511     12  0.666667
434     12  0.666667
221     11  0.611111
332     11  0.611111
6       10  0.555556
363     10  0.555556
25       7  0.388889
220      7  0.388889
227      7  0.388889
107      7  0.388889
367      7  0.388889
470      7  0.388889
279      7  0.388889
108      7  0.388889
     Count  Value
14       6  0.750
409      5  0.625
377      5  0.625
180      5  0.625
114      5  0.625
511      4  0.500
508      4  0.500
434      4  0.500
332      3  0.375
221      3  0.375
Current: [14]
Subround 9
not enough
     Count     Value
14      16  0.842105
180     14  0.736842
511     13  0.684211
377     13  0.684211
409     13  0.684211
434     13  0.684211
114     13  0.684211
508     12  0.631579
221     12  0.631579
6       11  0.578947
332     11  0.578947
363     10  0.526316
25       7  0.368421
220      7  0.368421
227      7  0.368421
107      7  0.368421
367      7  0.368421
470      7  0.368421
279      7  0.368421
108      7  0.368421
     Count     Value
14       7  0.777778
180      6  0.666667
409      5  0.555556
377      5  0.555556
511      5  0.555556
114      5  0.555556
434      5  0.555556
508      4  0.444444
221      4  0.444444
332      3  0.333333
Current: [14]
Subround 10
     Count  Value
14      17   0.85
180     14   0.70
511     14   0.70
409     14   0.70
434     14   0.70
377     13   0.65
114     13   0.65
508     12   0.60
221     12   0.60
6       12   0.60
332     11   0.55
363     11   0.55
25       7   0.35
220      7   0.35
227      7   0.35
107      7   0.35
367      7   0.35
470      7   0.35
279      7   0.35
108      7   0.35
     Count  Value
14       8    0.8
409      6    0.6
511      6    0.6
180      6    0.6
434      6    0.6
377      5    0.5
114      5    0.5
508      4    0.4
6        4    0.4
221      4    0.4
Current: [14]
Winning offset:
[14]
2021-09-07 13:34:14.310219
2021-09-07 13:37:28.750131
0:03:14.439912
