Loading page file profiles/packet3/pages/0x6e4a.yaml
Loading page file profiles/packet3/pages/0x6e60.yaml
Loading page file profiles/packet3/pages/0x6ee3.yaml
Loading page file profiles/packet3/pages/0x7241.yaml
Loading page file profiles/packet3/pages/0x7242.yaml
Loading page file profiles/packet3/pages/0x7243.yaml
Loading page file profiles/packet3/pages/0x7244.yaml
Round 1
Subround 1
not enough
     Count  Value
57       1    1.0
88       1    1.0
41       1    1.0
438      1    1.0
465      1    1.0
425      1    1.0
176      1    1.0
69       1    1.0
179      1    1.0
65       1    1.0
282      1    1.0
2        1    1.0
378      1    1.0
102      1    1.0
5        1    1.0
322      1    1.0
168      1    1.0
207      1    1.0
148      1    1.0
22       1    1.0
     Count  Value
57       1    1.0
88       1    1.0
41       1    1.0
438      1    1.0
465      1    1.0
425      1    1.0
176      1    1.0
69       1    1.0
179      1    1.0
65       1    1.0
Current: [2, 4, 5, 6, 9, 11, 12, 14, 17, 19, 20, 22, 23, 24, 29, 30, 33, 34, 35, 39, 41, 42, 43, 45, 46, 47, 48, 51, 52, 54, 56, 57, 59, 61, 62, 63, 64, 65, 67, 69, 71, 72, 73, 74, 76, 77, 78, 84, 86, 87, 88, 91, 93, 94, 95, 100, 101, 102, 104, 106, 107, 109, 110, 114, 115, 116, 117, 118, 119, 121, 125, 128, 130, 131, 132, 133, 134, 136, 137, 140, 141, 142, 143, 144, 148, 149, 158, 162, 165, 167, 168, 171, 172, 173, 174, 175, 176, 177, 178, 179, 181, 183, 185, 186, 189, 190, 191, 192, 196, 197, 200, 206, 207, 212, 213, 214, 215, 220, 222, 223, 224, 226, 229, 230, 232, 234, 235, 238, 239, 242, 244, 247, 248, 253, 254, 257, 260, 262, 266, 268, 271, 272, 273, 277, 279, 282, 284, 289, 292, 296, 297, 298, 301, 302, 304, 308, 309, 310, 312, 313, 314, 318, 320, 321, 322, 325, 328, 329, 337, 338, 342, 343, 345, 346, 348, 349, 351, 352, 353, 355, 357, 360, 362, 364, 365, 366, 369, 370, 371, 376, 377, 378, 380, 381, 382, 383, 385, 386, 387, 390, 391, 394, 395, 396, 397, 399, 400, 402, 404, 405, 406, 407, 410, 411, 413, 414, 417, 420, 421, 423, 425, 428, 430, 432, 433, 434, 437, 438, 439, 440, 441, 445, 446, 449, 453, 456, 459, 460, 464, 465, 466, 471, 472, 473, 476, 478, 484, 488, 491, 492, 495, 496, 499, 508, 509, 511]
Subround 2
not enough
     Count  Value
115      2    1.0
133      2    1.0
385      2    1.0
266      2    1.0
511      2    1.0
131      2    1.0
118      2    1.0
402      2    1.0
235      2    1.0
30       2    1.0
314      2    1.0
449      2    1.0
357      2    1.0
386      2    1.0
78       2    1.0
406      2    1.0
232      2    1.0
364      2    1.0
360      2    1.0
329      2    1.0
     Count  Value
115      2    1.0
133      2    1.0
385      2    1.0
266      2    1.0
511      2    1.0
131      2    1.0
118      2    1.0
402      2    1.0
235      2    1.0
30       2    1.0
Current: [2, 4, 5, 6, 12, 14, 19, 23, 24, 30, 33, 34, 39, 42, 43, 45, 46, 48, 51, 59, 61, 64, 67, 69, 74, 76, 78, 86, 91, 95, 100, 101, 104, 106, 107, 115, 118, 121, 128, 131, 133, 136, 142, 144, 162, 165, 172, 173, 174, 176, 177, 178, 183, 185, 189, 190, 213, 222, 223, 229, 232, 235, 238, 242, 244, 247, 248, 260, 266, 271, 273, 279, 289, 292, 298, 302, 304, 308, 309, 312, 313, 314, 318, 320, 325, 328, 329, 337, 346, 352, 355, 357, 360, 364, 366, 371, 377, 382, 385, 386, 387, 391, 395, 399, 400, 402, 404, 406, 407, 411, 417, 420, 430, 432, 433, 434, 438, 439, 449, 456, 466, 484, 488, 499, 511]
Subround 3
not enough
     Count  Value
430      3    1.0
247      3    1.0
386      3    1.0
260      3    1.0
76       3    1.0
309      3    1.0
176      3    1.0
46       3    1.0
64       3    1.0
411      3    1.0
213      3    1.0
106      3    1.0
34       3    1.0
346      3    1.0
433      3    1.0
318      3    1.0
420      3    1.0
387      3    1.0
142      3    1.0
229      3    1.0
     Count  Value
430      3    1.0
247      3    1.0
386      3    1.0
260      3    1.0
76       3    1.0
309      3    1.0
176      3    1.0
46       3    1.0
64       3    1.0
411      3    1.0
Current: [6, 12, 14, 19, 33, 34, 42, 46, 64, 76, 78, 104, 106, 107, 142, 173, 176, 178, 189, 213, 222, 229, 238, 242, 247, 260, 271, 292, 304, 309, 312, 313, 314, 318, 325, 329, 346, 386, 387, 399, 406, 411, 420, 430, 433, 449, 484, 488]
Subround 4
not enough
     Count  Value
484      4    1.0
313      4    1.0
314      4    1.0
229      4    1.0
178      4    1.0
449      4    1.0
78       4    1.0
76       4    1.0
325      4    1.0
213      4    1.0
304      4    1.0
318      4    1.0
309      4    1.0
176      4    1.0
292      4    1.0
19       4    1.0
222      4    1.0
14       4    1.0
399      4    1.0
106      4    1.0
     Count  Value
484      4    1.0
313      4    1.0
314      4    1.0
229      4    1.0
178      4    1.0
449      4    1.0
78       4    1.0
76       4    1.0
325      4    1.0
213      4    1.0
Current: [2, 6, 7, 9, 12, 14, 19, 22, 23, 24, 26, 33, 34, 35, 36, 39, 41, 42, 44, 45, 46, 48, 50, 56, 59, 61, 64, 68, 72, 73, 74, 76, 77, 78, 80, 86, 95, 101, 104, 106, 107, 110, 115, 117, 128, 130, 142, 143, 144, 157, 163, 171, 172, 173, 174, 176, 178, 179, 183, 186, 189, 190, 196, 197, 200, 213, 215, 222, 224, 229, 232, 238, 239, 242, 244, 247, 257, 260, 261, 262, 266, 267, 271, 272, 273, 289, 292, 297, 299, 301, 302, 304, 309, 312, 313, 314, 318, 320, 325, 328, 329, 330, 337, 339, 343, 346, 350, 355, 362, 365, 369, 375, 376, 378, 386, 387, 389, 391, 394, 395, 397, 399, 405, 406, 407, 411, 413, 420, 428, 430, 433, 434, 435, 437, 439, 440, 445, 449, 450, 456, 461, 466, 471, 479, 484, 488, 493, 499, 508]
Subround 5
not enough
     Count  Value
14       5    1.0
76       5    1.0
106      5    1.0
313      5    1.0
19       5    1.0
309      5    1.0
292      5    1.0
471      4    0.8
434      4    0.8
33       4    0.8
186      4    0.8
355      4    0.8
328      4    0.8
301      4    0.8
289      4    0.8
329      4    0.8
196      4    0.8
178      4    0.8
260      4    0.8
144      4    0.8
     Count  Value
14       5    1.0
76       5    1.0
106      5    1.0
313      5    1.0
19       5    1.0
309      5    1.0
292      5    1.0
471      4    0.8
434      4    0.8
33       4    0.8
Current: [12, 14, 19, 33, 35, 48, 64, 68, 73, 76, 78, 95, 104, 106, 107, 115, 142, 144, 173, 176, 178, 186, 189, 190, 196, 200, 213, 222, 224, 229, 238, 242, 244, 260, 271, 273, 289, 292, 301, 304, 309, 313, 314, 318, 325, 328, 329, 330, 339, 346, 350, 355, 365, 386, 387, 389, 399, 406, 407, 411, 420, 428, 430, 434, 435, 449, 471, 484, 493, 499]
Subround 6
not enough
     Count     Value
106      6  1.000000
14       6  1.000000
292      6  1.000000
76       6  1.000000
19       6  1.000000
313      6  1.000000
33       5  0.833333
173      5  0.833333
314      5  0.833333
386      5  0.833333
260      5  0.833333
144      5  0.833333
107      5  0.833333
339      5  0.833333
12       5  0.833333
73       5  0.833333
407      5  0.833333
346      5  0.833333
318      5  0.833333
222      5  0.833333
     Count     Value
106      6  1.000000
14       6  1.000000
292      6  1.000000
76       6  1.000000
19       6  1.000000
313      6  1.000000
33       5  0.833333
173      5  0.833333
314      5  0.833333
386      5  0.833333
Current: [12, 14, 19, 33, 48, 73, 76, 104, 106, 107, 115, 142, 144, 173, 176, 186, 196, 213, 222, 224, 229, 242, 260, 292, 309, 313, 314, 318, 325, 329, 330, 339, 346, 350, 355, 365, 386, 407, 420, 428, 435]
Subround 7
not enough
     Count     Value
313      7  1.000000
292      7  1.000000
76       7  1.000000
14       7  1.000000
106      7  1.000000
186      6  0.857143
19       6  0.857143
314      6  0.857143
213      6  0.857143
428      6  0.857143
107      6  0.857143
144      6  0.857143
260      6  0.857143
48       6  0.857143
242      6  0.857143
346      6  0.857143
386      6  0.857143
176      6  0.857143
350      6  0.857143
104      6  0.857143
     Count     Value
313      7  1.000000
292      7  1.000000
76       7  1.000000
14       7  1.000000
106      7  1.000000
186      6  0.857143
19       6  0.857143
314      6  0.857143
213      6  0.857143
428      6  0.857143
Current: [4, 9, 12, 14, 19, 22, 26, 33, 41, 42, 48, 50, 51, 59, 73, 76, 86, 100, 104, 106, 107, 115, 118, 128, 136, 142, 143, 144, 161, 173, 176, 183, 186, 189, 196, 200, 202, 213, 222, 224, 229, 242, 244, 260, 270, 273, 274, 289, 292, 301, 304, 309, 313, 314, 318, 320, 325, 329, 330, 335, 339, 346, 350, 355, 365, 366, 386, 387, 389, 399, 402, 407, 410, 417, 420, 426, 428, 430, 434, 435, 437, 449, 458, 471, 479, 484, 495, 499]
Subround 8
not enough
     Count  Value
14       8  1.000
313      8  1.000
292      8  1.000
76       7  0.875
106      7  0.875
19       7  0.875
350      7  0.875
242      7  0.875
213      7  0.875
428      7  0.875
186      7  0.875
402      6  0.750
309      6  0.750
270      6  0.750
318      6  0.750
314      6  0.750
449      6  0.750
495      6  0.750
161      6  0.750
183      6  0.750
     Count  Value
14       8  1.000
313      8  1.000
292      8  1.000
76       7  0.875
106      7  0.875
19       7  0.875
350      7  0.875
242      7  0.875
213      7  0.875
428      7  0.875
Current: [4, 14, 19, 26, 33, 41, 48, 50, 51, 76, 104, 106, 107, 118, 136, 143, 144, 161, 173, 176, 183, 186, 200, 213, 222, 224, 229, 242, 244, 260, 270, 273, 274, 292, 301, 309, 313, 314, 318, 325, 330, 339, 346, 350, 355, 386, 389, 402, 420, 426, 428, 434, 435, 437, 449, 458, 471, 479, 495]
Subround 9
not enough
     Count     Value
14       9  1.000000
106      8  0.888889
76       8  0.888889
313      8  0.888889
292      8  0.888889
428      7  0.777778
19       7  0.777778
346      7  0.777778
242      7  0.777778
136      7  0.777778
144      7  0.777778
176      7  0.777778
386      7  0.777778
420      7  0.777778
479      7  0.777778
449      7  0.777778
314      7  0.777778
355      7  0.777778
186      7  0.777778
143      7  0.777778
     Count     Value
14       9  1.000000
106      8  0.888889
76       8  0.888889
313      8  0.888889
292      8  0.888889
428      7  0.777778
19       7  0.777778
346      7  0.777778
242      7  0.777778
136      7  0.777778
Current: [14, 19, 33, 50, 76, 106, 136, 143, 144, 176, 183, 186, 200, 213, 229, 242, 270, 273, 292, 313, 314, 346, 350, 355, 386, 420, 428, 435, 449, 479]
Subround 10
     Count  Value
14      10    1.0
76       9    0.9
313      9    0.9
186      8    0.8
270      8    0.8
292      8    0.8
176      8    0.8
420      8    0.8
346      8    0.8
355      8    0.8
386      8    0.8
106      8    0.8
143      8    0.8
33       8    0.8
200      8    0.8
426      7    0.7
458      7    0.7
318      7    0.7
497      7    0.7
183      7    0.7
     Count  Value
14      10    1.0
76       9    0.9
313      9    0.9
186      8    0.8
270      8    0.8
292      8    0.8
176      8    0.8
420      8    0.8
346      8    0.8
355      8    0.8
Current: [14, 33, 76, 106, 143, 176, 186, 200, 270, 292, 313, 346, 355, 386, 420]
Round 2
Subround 1
not enough
     Count     Value
14      11  1.000000
76      10  0.909091
313      9  0.818182
355      9  0.818182
200      9  0.818182
143      9  0.818182
346      9  0.818182
106      9  0.818182
420      8  0.727273
386      8  0.727273
33       8  0.727273
292      8  0.727273
186      8  0.727273
176      8  0.727273
270      8  0.727273
458      7  0.636364
42       7  0.636364
23       7  0.636364
47       7  0.636364
434      7  0.636364
     Count  Value
346      1    1.0
143      1    1.0
76       1    1.0
200      1    1.0
106      1    1.0
57       1    1.0
14       1    1.0
355      1    1.0
Current: [14, 76, 106, 143, 200, 313, 346, 355]
Subround 2
not enough
     Count     Value
14      12  1.000000
76      11  0.916667
355     10  0.833333
106     10  0.833333
313      9  0.750000
176      9  0.750000
292      9  0.750000
200      9  0.750000
143      9  0.750000
346      9  0.750000
420      9  0.750000
186      9  0.750000
386      8  0.666667
33       8  0.666667
270      8  0.666667
42       7  0.583333
458      7  0.583333
23       7  0.583333
47       7  0.583333
434      7  0.583333
     Count  Value
76       2    1.0
106      2    1.0
14       2    1.0
355      2    1.0
346      1    0.5
143      1    0.5
200      1    0.5
57       1    0.5
176      1    0.5
186      1    0.5
Current: [14, 76, 106, 355]
Subround 3
not enough
     Count     Value
14      13  1.000000
355     11  0.846154
76      11  0.846154
186     10  0.769231
176     10  0.769231
106     10  0.769231
313     10  0.769231
143      9  0.692308
292      9  0.692308
200      9  0.692308
346      9  0.692308
420      9  0.692308
386      9  0.692308
33       9  0.692308
270      9  0.692308
42       7  0.538462
458      7  0.538462
23       7  0.538462
47       7  0.538462
434      7  0.538462
     Count     Value
14       3  1.000000
355      3  1.000000
76       2  0.666667
106      2  0.666667
176      2  0.666667
186      2  0.666667
346      1  0.333333
143      1  0.333333
200      1  0.333333
57       1  0.333333
Current: [14, 76, 355]
Subround 4
not enough
     Count     Value
14      14  1.000000
176     11  0.785714
76      11  0.785714
355     11  0.785714
186     11  0.785714
313     11  0.785714
106     10  0.714286
143     10  0.714286
270     10  0.714286
386     10  0.714286
420      9  0.642857
200      9  0.642857
346      9  0.642857
292      9  0.642857
33       9  0.642857
479      7  0.500000
158      7  0.500000
144      7  0.500000
407      7  0.500000
300      7  0.500000
     Count  Value
14       4   1.00
355      3   0.75
176      3   0.75
186      3   0.75
143      2   0.50
76       2   0.50
106      2   0.50
57       2   0.50
386      2   0.50
270      2   0.50
Current: [14]
Subround 5
not enough
     Count     Value
14      15  1.000000
176     12  0.800000
76      12  0.800000
313     12  0.800000
355     11  0.733333
186     11  0.733333
386     10  0.666667
420     10  0.666667
143     10  0.666667
106     10  0.666667
346     10  0.666667
33      10  0.666667
292     10  0.666667
270     10  0.666667
200      9  0.600000
12       7  0.466667
196      7  0.466667
436      7  0.466667
222      7  0.466667
74       7  0.466667
     Count  Value
14       5    1.0
176      4    0.8
76       3    0.6
355      3    0.6
186      3    0.6
313      3    0.6
346      2    0.4
143      2    0.4
106      2    0.4
57       2    0.4
Current: [14]
Subround 6
not enough
     Count   Value
14      16  1.0000
176     12  0.7500
76      12  0.7500
355     12  0.7500
313     12  0.7500
186     12  0.7500
106     11  0.6875
420     11  0.6875
143     11  0.6875
346     11  0.6875
270     11  0.6875
386     10  0.6250
292     10  0.6250
33      10  0.6250
200      9  0.5625
300      7  0.4375
407      7  0.4375
158      7  0.4375
23       7  0.4375
144      7  0.4375
     Count     Value
14       6  1.000000
355      4  0.666667
176      4  0.666667
186      4  0.666667
346      3  0.500000
143      3  0.500000
76       3  0.500000
106      3  0.500000
420      3  0.500000
270      3  0.500000
Current: [14]
Subround 7
not enough
     Count     Value
14      17  1.000000
355     13  0.764706
313     13  0.764706
76      13  0.764706
176     12  0.705882
270     12  0.705882
346     12  0.705882
186     12  0.705882
420     11  0.647059
386     11  0.647059
106     11  0.647059
143     11  0.647059
33      10  0.588235
292     10  0.588235
200      9  0.529412
345      7  0.411765
511      7  0.411765
426      7  0.411765
23       7  0.411765
42       7  0.411765
     Count     Value
14       7  1.000000
355      5  0.714286
346      4  0.571429
76       4  0.571429
176      4  0.571429
186      4  0.571429
270      4  0.571429
313      4  0.571429
143      3  0.428571
106      3  0.428571
Current: [14]
Subround 8
not enough
     Count     Value
14      17  0.944444
355     14  0.777778
270     13  0.722222
313     13  0.722222
76      13  0.722222
176     12  0.666667
420     12  0.666667
386     12  0.666667
346     12  0.666667
186     12  0.666667
106     12  0.666667
33      11  0.611111
292     11  0.611111
143     11  0.611111
200     10  0.555556
345      7  0.388889
511      7  0.388889
426      7  0.388889
23       7  0.388889
42       7  0.388889
     Count  Value
14       7  0.875
355      6  0.750
270      5  0.625
346      4  0.500
76       4  0.500
106      4  0.500
176      4  0.500
186      4  0.500
420      4  0.500
386      4  0.500
Current: [14]
Subround 9
not enough
     Count     Value
14      18  0.947368
355     14  0.736842
313     14  0.736842
76      14  0.736842
176     13  0.684211
270     13  0.684211
186     13  0.684211
346     13  0.684211
143     12  0.631579
106     12  0.631579
386     12  0.631579
420     12  0.631579
33      11  0.578947
292     11  0.578947
200     10  0.526316
57       8  0.421053
229      7  0.368421
242      7  0.368421
224      7  0.368421
511      7  0.368421
     Count     Value
14       8  0.888889
355      6  0.666667
346      5  0.555556
76       5  0.555556
176      5  0.555556
186      5  0.555556
270      5  0.555556
313      5  0.555556
143      4  0.444444
106      4  0.444444
Current: [14]
Subround 10
     Count  Value
14      19   0.95
355     15   0.75
313     15   0.75
76      15   0.75
186     14   0.70
176     13   0.65
270     13   0.65
386     13   0.65
346     13   0.65
420     13   0.65
33      12   0.60
143     12   0.60
106     12   0.60
292     11   0.55
200     10   0.50
57       8   0.40
229      7   0.35
242      7   0.35
224      7   0.35
511      7   0.35
     Count  Value
14       9    0.9
355      7    0.7
76       6    0.6
186      6    0.6
313      6    0.6
346      5    0.5
176      5    0.5
420      5    0.5
386      5    0.5
270      5    0.5
Current: [14]
Winning offset:
[14]
2021-09-07 13:50:38.805412
2021-09-07 13:53:53.293329
0:03:14.487917
