Loading page file profiles/packet3/pages/0x6e4a.yaml
Loading page file profiles/packet3/pages/0x6e60.yaml
Loading page file profiles/packet3/pages/0x6ee3.yaml
Loading page file profiles/packet3/pages/0x7241.yaml
Loading page file profiles/packet3/pages/0x7242.yaml
Loading page file profiles/packet3/pages/0x7243.yaml
Loading page file profiles/packet3/pages/0x7244.yaml
Round 1
Subround 1
not enough
     Count  Value
251      1    1.0
257      1    1.0
459      1    1.0
265      1    1.0
140      1    1.0
314      1    1.0
332      1    1.0
231      1    1.0
375      1    1.0
347      1    1.0
270      1    1.0
30       1    1.0
218      1    1.0
469      1    1.0
326      1    1.0
25       1    1.0
184      1    1.0
228      1    1.0
334      1    1.0
307      1    1.0
     Count  Value
251      1    1.0
257      1    1.0
459      1    1.0
265      1    1.0
140      1    1.0
314      1    1.0
332      1    1.0
231      1    1.0
375      1    1.0
347      1    1.0
Current: [2, 3, 8, 11, 12, 13, 14, 15, 20, 23, 24, 25, 26, 29, 30, 31, 33, 34, 36, 39, 40, 44, 45, 49, 50, 53, 54, 55, 62, 63, 64, 65, 66, 68, 70, 72, 74, 77, 80, 82, 83, 85, 86, 88, 93, 94, 95, 96, 97, 98, 102, 103, 105, 106, 107, 108, 111, 112, 116, 117, 125, 127, 128, 130, 132, 133, 135, 136, 137, 138, 140, 142, 143, 145, 154, 160, 162, 167, 170, 171, 173, 175, 177, 179, 182, 184, 185, 189, 190, 191, 192, 193, 194, 195, 198, 199, 202, 204, 206, 207, 208, 213, 214, 215, 218, 224, 226, 228, 229, 231, 235, 242, 243, 246, 247, 248, 250, 251, 253, 255, 257, 259, 264, 265, 266, 268, 270, 272, 273, 274, 277, 279, 280, 282, 284, 286, 290, 292, 294, 296, 298, 301, 302, 303, 304, 307, 308, 310, 314, 317, 319, 320, 321, 323, 325, 326, 327, 329, 332, 334, 336, 337, 340, 341, 343, 345, 346, 347, 350, 351, 353, 354, 356, 357, 358, 359, 362, 364, 367, 371, 372, 373, 375, 377, 379, 380, 381, 382, 383, 384, 387, 388, 390, 392, 393, 396, 398, 399, 402, 403, 404, 407, 408, 410, 412, 413, 417, 418, 419, 420, 428, 429, 432, 433, 434, 435, 436, 438, 439, 441, 442, 445, 447, 448, 450, 452, 457, 459, 460, 461, 462, 463, 465, 469, 470, 471, 473, 474, 478, 479, 481, 482, 485, 490, 491, 494, 495, 499, 501, 503, 504, 505, 506, 507, 509, 510]
Subround 2
not enough
     Count  Value
251      2    1.0
412      2    1.0
127      2    1.0
274      2    1.0
246      2    1.0
142      2    1.0
432      2    1.0
55       2    1.0
337      2    1.0
501      2    1.0
351      2    1.0
215      2    1.0
82       2    1.0
429      2    1.0
33       2    1.0
434      2    1.0
320      2    1.0
459      2    1.0
140      2    1.0
314      2    1.0
     Count  Value
251      2    1.0
412      2    1.0
127      2    1.0
274      2    1.0
246      2    1.0
142      2    1.0
432      2    1.0
55       2    1.0
337      2    1.0
501      2    1.0
Current: [2, 3, 8, 11, 14, 15, 23, 24, 26, 29, 31, 33, 34, 40, 45, 49, 50, 55, 62, 63, 68, 72, 77, 82, 83, 86, 94, 95, 96, 98, 103, 106, 107, 108, 111, 127, 132, 135, 136, 138, 140, 142, 160, 173, 175, 182, 184, 189, 190, 193, 195, 202, 204, 206, 213, 215, 226, 228, 231, 235, 242, 246, 247, 251, 253, 257, 259, 268, 274, 282, 286, 294, 296, 298, 303, 314, 317, 320, 321, 325, 332, 334, 337, 340, 341, 346, 347, 350, 351, 371, 372, 373, 379, 381, 382, 383, 388, 392, 408, 410, 412, 417, 418, 420, 428, 429, 432, 433, 434, 435, 441, 442, 445, 448, 452, 457, 459, 461, 463, 465, 469, 471, 478, 481, 490, 501, 510]
Subround 3
not enough
     Count  Value
251      3    1.0
95       3    1.0
410      3    1.0
294      3    1.0
182      3    1.0
135      3    1.0
103      3    1.0
235      3    1.0
317      3    1.0
373      3    1.0
132      3    1.0
226      3    1.0
428      3    1.0
15       3    1.0
418      3    1.0
127      3    1.0
259      3    1.0
107      3    1.0
14       3    1.0
72       3    1.0
     Count  Value
251      3    1.0
95       3    1.0
410      3    1.0
294      3    1.0
182      3    1.0
135      3    1.0
103      3    1.0
235      3    1.0
317      3    1.0
373      3    1.0
Current: [11, 14, 15, 33, 49, 72, 95, 96, 103, 106, 107, 108, 127, 132, 135, 182, 226, 235, 246, 251, 257, 259, 274, 282, 294, 303, 317, 332, 334, 337, 346, 347, 373, 383, 410, 417, 418, 428, 435, 442, 445, 459, 469, 478]
Subround 4
not enough
     Count  Value
257      4    1.0
303      4    1.0
478      4    1.0
274      4    1.0
246      4    1.0
72       4    1.0
337      4    1.0
96       4    1.0
107      4    1.0
294      4    1.0
332      4    1.0
226      4    1.0
132      4    1.0
373      4    1.0
317      4    1.0
95       4    1.0
135      4    1.0
334      4    1.0
182      4    1.0
435      4    1.0
     Count  Value
257      4    1.0
303      4    1.0
478      4    1.0
274      4    1.0
246      4    1.0
72       4    1.0
337      4    1.0
96       4    1.0
107      4    1.0
294      4    1.0
Current: [0, 7, 11, 14, 15, 33, 34, 38, 43, 44, 49, 50, 54, 55, 57, 65, 66, 70, 72, 76, 77, 80, 83, 93, 94, 95, 96, 97, 102, 103, 106, 107, 108, 111, 112, 125, 127, 132, 135, 136, 137, 140, 142, 145, 158, 179, 182, 184, 190, 192, 193, 195, 197, 202, 204, 206, 209, 213, 215, 217, 218, 221, 226, 228, 229, 235, 241, 244, 246, 248, 251, 257, 258, 259, 267, 273, 274, 275, 279, 282, 294, 295, 296, 303, 310, 314, 317, 321, 325, 329, 330, 332, 334, 337, 340, 341, 346, 347, 351, 356, 357, 362, 371, 372, 373, 374, 375, 377, 382, 383, 386, 388, 389, 393, 394, 396, 398, 399, 407, 410, 417, 418, 428, 429, 433, 434, 435, 438, 442, 445, 448, 452, 457, 459, 465, 469, 471, 478, 485, 487, 499, 505]
Subround 5
not enough
     Count  Value
132      5    1.0
332      5    1.0
274      5    1.0
317      5    1.0
294      5    1.0
108      5    1.0
14       5    1.0
106      5    1.0
107      5    1.0
362      4    0.8
135      4    0.8
257      4    0.8
346      4    0.8
72       4    0.8
310      4    0.8
259      4    0.8
435      4    0.8
145      4    0.8
251      4    0.8
184      4    0.8
     Count  Value
132      5    1.0
332      5    1.0
274      5    1.0
317      5    1.0
294      5    1.0
108      5    1.0
14       5    1.0
106      5    1.0
107      5    1.0
362      4    0.8
Current: [7, 14, 15, 34, 43, 50, 55, 66, 70, 72, 95, 96, 106, 107, 108, 111, 112, 127, 132, 135, 142, 145, 179, 182, 184, 192, 206, 217, 218, 226, 229, 235, 241, 244, 246, 251, 257, 259, 267, 273, 274, 282, 294, 295, 303, 310, 317, 325, 329, 330, 332, 334, 337, 340, 346, 347, 351, 356, 362, 371, 373, 374, 375, 382, 383, 386, 407, 410, 429, 435, 445, 448, 465, 478, 487]
Subround 6
not enough
     Count     Value
107      6  1.000000
14       6  1.000000
106      6  1.000000
294      5  0.833333
487      5  0.833333
96       5  0.833333
108      5  0.833333
329      5  0.833333
351      5  0.833333
383      5  0.833333
182      5  0.833333
217      5  0.833333
371      5  0.833333
66       5  0.833333
132      5  0.833333
303      5  0.833333
235      5  0.833333
465      5  0.833333
429      5  0.833333
362      5  0.833333
     Count     Value
107      6  1.000000
14       6  1.000000
106      6  1.000000
294      5  0.833333
487      5  0.833333
96       5  0.833333
108      5  0.833333
329      5  0.833333
351      5  0.833333
383      5  0.833333
Current: [7, 14, 15, 43, 66, 70, 72, 95, 96, 106, 107, 108, 111, 132, 145, 179, 182, 192, 217, 218, 235, 241, 251, 257, 267, 274, 282, 294, 303, 310, 317, 325, 329, 332, 334, 347, 351, 362, 371, 375, 382, 383, 386, 407, 429, 435, 465, 487]
Subround 7
not enough
     Count     Value
107      7  1.000000
251      6  0.857143
274      6  0.857143
329      6  0.857143
72       6  0.857143
66       6  0.857143
70       6  0.857143
303      6  0.857143
407      6  0.857143
43       6  0.857143
96       6  0.857143
325      6  0.857143
351      6  0.857143
235      6  0.857143
111      6  0.857143
332      6  0.857143
108      6  0.857143
375      6  0.857143
241      6  0.857143
362      6  0.857143
     Count     Value
107      7  1.000000
251      6  0.857143
274      6  0.857143
329      6  0.857143
72       6  0.857143
66       6  0.857143
70       6  0.857143
303      6  0.857143
407      6  0.857143
43       6  0.857143
Current: [4, 7, 10, 11, 14, 15, 34, 43, 45, 55, 63, 66, 70, 72, 83, 88, 89, 95, 96, 103, 106, 107, 108, 111, 127, 130, 132, 135, 136, 142, 145, 173, 179, 182, 184, 189, 192, 193, 205, 217, 218, 226, 229, 235, 240, 241, 251, 257, 259, 265, 267, 270, 274, 277, 282, 293, 294, 303, 310, 316, 317, 321, 325, 329, 330, 332, 334, 337, 346, 347, 351, 356, 362, 365, 371, 373, 374, 375, 378, 382, 383, 384, 386, 393, 407, 410, 417, 429, 433, 435, 439, 445, 448, 465, 478, 487, 499]
Subround 8
not enough
     Count  Value
251      7  0.875
70       7  0.875
14       7  0.875
362      7  0.875
96       7  0.875
325      7  0.875
235      7  0.875
267      7  0.875
107      7  0.875
192      7  0.875
375      7  0.875
329      7  0.875
72       7  0.875
106      7  0.875
374      6  0.750
382      6  0.750
45       6  0.750
465      6  0.750
103      6  0.750
378      6  0.750
     Count  Value
251      7  0.875
70       7  0.875
14       7  0.875
362      7  0.875
96       7  0.875
325      7  0.875
235      7  0.875
267      7  0.875
107      7  0.875
192      7  0.875
Current: [7, 11, 14, 15, 34, 43, 45, 63, 66, 70, 72, 88, 96, 103, 106, 107, 108, 111, 130, 132, 145, 179, 192, 193, 205, 217, 218, 235, 241, 251, 259, 265, 267, 274, 282, 293, 303, 310, 316, 321, 325, 329, 332, 346, 351, 362, 371, 374, 375, 378, 382, 383, 384, 386, 393, 407, 429, 433, 465, 478, 487]
Subround 9
not enough
     Count     Value
251      8  0.888889
14       8  0.888889
106      8  0.888889
351      7  0.777778
96       7  0.777778
72       7  0.777778
383      7  0.777778
66       7  0.777778
70       7  0.777778
235      7  0.777778
325      7  0.777778
218      7  0.777778
375      7  0.777778
429      7  0.777778
107      7  0.777778
393      7  0.777778
192      7  0.777778
407      7  0.777778
274      7  0.777778
329      7  0.777778
     Count     Value
251      8  0.888889
14       8  0.888889
106      8  0.888889
351      7  0.777778
96       7  0.777778
72       7  0.777778
383      7  0.777778
66       7  0.777778
70       7  0.777778
235      7  0.777778
Current: [11, 14, 63, 66, 70, 72, 88, 96, 106, 107, 108, 145, 192, 218, 235, 241, 251, 259, 267, 274, 293, 325, 329, 351, 362, 374, 375, 383, 393, 407, 429, 465]
Subround 10
     Count  Value
106      9    0.9
251      8    0.8
325      8    0.8
145      8    0.8
14       8    0.8
259      8    0.8
241      8    0.8
108      8    0.8
96       8    0.8
329      8    0.8
267      8    0.8
351      8    0.8
429      8    0.8
375      8    0.8
218      8    0.8
407      8    0.8
11       8    0.8
132      7    0.7
327      7    0.7
316      7    0.7
     Count  Value
106      9    0.9
251      8    0.8
325      8    0.8
145      8    0.8
14       8    0.8
259      8    0.8
241      8    0.8
108      8    0.8
96       8    0.8
329      8    0.8
Current: [11, 14, 96, 106, 108, 145, 218, 241, 251, 259, 267, 325, 329, 351, 375, 407, 429]
Round 2
Subround 1
not enough
     Count     Value
251      9  0.818182
325      9  0.818182
259      9  0.818182
108      9  0.818182
96       9  0.818182
267      9  0.818182
351      9  0.818182
218      9  0.818182
407      9  0.818182
106      9  0.818182
329      8  0.727273
429      8  0.727273
241      8  0.727273
11       8  0.727273
145      8  0.727273
14       8  0.727273
375      8  0.727273
293      7  0.636364
493      7  0.636364
316      7  0.636364
     Count  Value
325      1    1.0
96       1    1.0
351      1    1.0
259      1    1.0
108      1    1.0
267      1    1.0
218      1    1.0
251      1    1.0
407      1    1.0
Current: [96, 106, 108, 218, 251, 259, 267, 325, 351, 407]
Subround 2
not enough
     Count     Value
407     10  0.833333
325     10  0.833333
106     10  0.833333
267     10  0.833333
145      9  0.750000
14       9  0.750000
259      9  0.750000
241      9  0.750000
108      9  0.750000
96       9  0.750000
351      9  0.750000
429      9  0.750000
375      9  0.750000
218      9  0.750000
251      9  0.750000
329      8  0.666667
11       8  0.666667
378      7  0.583333
293      7  0.583333
316      7  0.583333
     Count  Value
325      2    1.0
267      2    1.0
407      2    1.0
96       1    0.5
351      1    0.5
259      1    0.5
108      1    0.5
218      1    0.5
251      1    0.5
429      1    0.5
Current: [106, 267, 325, 407]
Subround 3
not enough
     Count     Value
106     11  0.846154
267     11  0.846154
407     10  0.769231
325     10  0.769231
14      10  0.769231
241     10  0.769231
108     10  0.769231
96      10  0.769231
351     10  0.769231
429     10  0.769231
218     10  0.769231
145      9  0.692308
259      9  0.692308
375      9  0.692308
251      9  0.692308
329      8  0.615385
11       8  0.615385
378      7  0.538462
293      7  0.538462
316      7  0.538462
     Count     Value
267      3  1.000000
325      2  0.666667
96       2  0.666667
351      2  0.666667
108      2  0.666667
218      2  0.666667
407      2  0.666667
429      2  0.666667
14       2  0.666667
241      2  0.666667
Current: [106, 267]
Subround 4
not enough
     Count     Value
267     12  0.857143
407     11  0.785714
14      11  0.785714
106     11  0.785714
108     11  0.785714
218     11  0.785714
325     10  0.714286
145     10  0.714286
259     10  0.714286
241     10  0.714286
96      10  0.714286
351     10  0.714286
429     10  0.714286
375     10  0.714286
329      9  0.642857
251      9  0.642857
11       8  0.571429
132      7  0.500000
327      7  0.500000
316      7  0.500000
     Count  Value
267      4   1.00
108      3   0.75
218      3   0.75
407      3   0.75
14       3   0.75
325      2   0.50
96       2   0.50
351      2   0.50
259      2   0.50
429      2   0.50
Current: [267]
Subround 5
not enough
     Count     Value
106     12  0.800000
267     12  0.800000
407     11  0.733333
325     11  0.733333
14      11  0.733333
259     11  0.733333
241     11  0.733333
108     11  0.733333
96      11  0.733333
351     11  0.733333
429     11  0.733333
218     11  0.733333
145     10  0.666667
375     10  0.666667
251     10  0.666667
329      9  0.600000
11       9  0.600000
378      7  0.466667
293      7  0.466667
316      7  0.466667
     Count  Value
267      4    0.8
325      3    0.6
96       3    0.6
106      3    0.6
241      3    0.6
14       3    0.6
429      3    0.6
407      3    0.6
218      3    0.6
108      3    0.6
no winner, not enough
Current: []
Subround 6
not enough
     Count   Value
407     12  0.7500
325     12  0.7500
14      12  0.7500
106     12  0.7500
241     12  0.7500
267     12  0.7500
351     12  0.7500
429     12  0.7500
218     12  0.7500
145     11  0.6875
259     11  0.6875
108     11  0.6875
96      11  0.6875
375     10  0.6250
251     10  0.6250
11      10  0.6250
329      9  0.5625
378      7  0.4375
293      7  0.4375
316      7  0.4375
     Count     Value
325      4  0.666667
218      4  0.666667
241      4  0.666667
14       4  0.666667
429      4  0.666667
407      4  0.666667
267      4  0.666667
351      4  0.666667
96       3  0.500000
108      3  0.500000
no winner, not enough
Current: []
Subround 7
not enough
     Count     Value
14      13  0.764706
267     13  0.764706
351     13  0.764706
429     13  0.764706
407     12  0.705882
259     12  0.705882
106     12  0.705882
241     12  0.705882
108     12  0.705882
218     12  0.705882
325     12  0.705882
11      11  0.647059
145     11  0.647059
96      11  0.647059
251     11  0.647059
329     10  0.588235
375     10  0.588235
378      7  0.411765
293      7  0.411765
316      7  0.411765
     Count     Value
429      5  0.714286
351      5  0.714286
14       5  0.714286
267      5  0.714286
325      4  0.571429
241      4  0.571429
407      4  0.571429
218      4  0.571429
108      4  0.571429
259      4  0.571429
no winner, not enough
Current: []
Subround 8
not enough
     Count     Value
14      14  0.777778
351     14  0.777778
429     14  0.777778
407     13  0.722222
241     13  0.722222
108     13  0.722222
267     13  0.722222
325     12  0.666667
259     12  0.666667
218     12  0.666667
251     12  0.666667
106     12  0.666667
375     11  0.611111
145     11  0.611111
11      11  0.611111
96      11  0.611111
329     10  0.555556
257      8  0.444444
63       7  0.388889
192      7  0.388889
     Count  Value
429      6  0.750
351      6  0.750
14       6  0.750
407      5  0.625
241      5  0.625
108      5  0.625
267      5  0.625
325      4  0.500
251      4  0.500
218      4  0.500
no winner, not enough
Current: []
Subround 9
not enough
     Count     Value
14      15  0.789474
108     14  0.736842
267     14  0.736842
351     14  0.736842
429     14  0.736842
407     13  0.684211
106     13  0.684211
241     13  0.684211
218     13  0.684211
11      12  0.631579
145     12  0.631579
259     12  0.631579
96      12  0.631579
325     12  0.631579
251     12  0.631579
329     11  0.578947
375     11  0.578947
257      8  0.421053
378      7  0.368421
293      7  0.368421
     Count     Value
14       7  0.777778
429      6  0.666667
351      6  0.666667
108      6  0.666667
267      6  0.666667
241      5  0.555556
218      5  0.555556
407      5  0.555556
11       4  0.444444
145      4  0.444444
no winner, not enough
Current: []
Subround 10
     Count  Value
14      16   0.80
108     15   0.75
241     14   0.70
267     14   0.70
351     14   0.70
429     14   0.70
251     13   0.65
11      13   0.65
145     13   0.65
259     13   0.65
218     13   0.65
407     13   0.65
106     13   0.65
96      12   0.60
325     12   0.60
375     12   0.60
329     11   0.55
257      9   0.45
478      7   0.35
193      7   0.35
     Count  Value
14       8    0.8
108      7    0.7
429      6    0.6
351      6    0.6
267      6    0.6
241      6    0.6
145      5    0.5
259      5    0.5
218      5    0.5
251      5    0.5
no winner, not enough
Current: []
Subround 11
     Count     Value
14      16  0.761905
108     15  0.714286
267     15  0.714286
351     15  0.714286
429     15  0.714286
407     14  0.666667
106     14  0.666667
241     14  0.666667
218     14  0.666667
11      13  0.619048
145     13  0.619048
259     13  0.619048
96      13  0.619048
325     13  0.619048
251     13  0.619048
329     12  0.571429
375     12  0.571429
257      9  0.428571
378      7  0.333333
293      7  0.333333
     Count     Value
14       8  0.727273
429      7  0.636364
351      7  0.636364
108      7  0.636364
267      7  0.636364
241      6  0.545455
218      6  0.545455
407      6  0.545455
11       5  0.454545
145      5  0.454545
no winner, not enough
Current: []
Subround 12
     Count     Value
14      16  0.727273
267     16  0.727273
351     16  0.727273
407     15  0.681818
108     15  0.681818
429     15  0.681818
218     15  0.681818
325     14  0.636364
145     14  0.636364
106     14  0.636364
241     14  0.636364
96      14  0.636364
11      14  0.636364
259     13  0.590909
375     13  0.590909
251     13  0.590909
329     12  0.545455
257      9  0.409091
132      7  0.318182
72       7  0.318182
     Count     Value
14       8  0.666667
351      8  0.666667
267      8  0.666667
429      7  0.583333
108      7  0.583333
218      7  0.583333
407      7  0.583333
11       6  0.500000
145      6  0.500000
241      6  0.500000
no winner, not enough
Current: []
Subround 13
     Count     Value
14      17  0.739130
108     16  0.695652
267     16  0.695652
351     16  0.695652
429     16  0.695652
407     15  0.652174
106     15  0.652174
241     15  0.652174
11      15  0.652174
218     15  0.652174
325     14  0.608696
145     14  0.608696
259     14  0.608696
96      14  0.608696
329     13  0.565217
375     13  0.565217
251     13  0.565217
257     10  0.434783
365      7  0.304348
293      7  0.304348
     Count     Value
14       9  0.692308
429      8  0.615385
351      8  0.615385
108      8  0.615385
267      8  0.615385
241      7  0.538462
11       7  0.538462
218      7  0.538462
407      7  0.538462
145      6  0.461538
no winner, not enough
Current: []
Subround 14
     Count     Value
14      18  0.750000
108     17  0.708333
241     16  0.666667
267     16  0.666667
351     16  0.666667
429     16  0.666667
407     15  0.625000
325     15  0.625000
259     15  0.625000
106     15  0.625000
96      15  0.625000
11      15  0.625000
218     15  0.625000
145     14  0.583333
329     14  0.583333
375     14  0.583333
251     13  0.541667
257     11  0.458333
365      7  0.291667
293      7  0.291667
     Count     Value
14      10  0.714286
108      9  0.642857
429      8  0.571429
351      8  0.571429
267      8  0.571429
241      8  0.571429
96       7  0.500000
11       7  0.500000
325      7  0.500000
407      7  0.500000
no winner, not enough
Current: []
Subround 15
     Count  Value
14      19   0.76
241     17   0.68
108     17   0.68
351     17   0.68
429     17   0.68
407     16   0.64
259     16   0.64
267     16   0.64
325     15   0.60
106     15   0.60
96      15   0.60
375     15   0.60
11      15   0.60
218     15   0.60
145     14   0.56
329     14   0.56
251     14   0.56
257     12   0.48
365      7   0.28
293      7   0.28
     Count     Value
14      11  0.733333
429      9  0.600000
351      9  0.600000
108      9  0.600000
241      9  0.600000
259      8  0.533333
267      8  0.533333
407      8  0.533333
11       7  0.466667
375      7  0.466667
no winner, not enough
Current: []
Subround 16
     Count     Value
14      19  0.730769
429     18  0.692308
407     17  0.653846
259     17  0.653846
241     17  0.653846
108     17  0.653846
267     17  0.653846
351     17  0.653846
325     16  0.615385
106     16  0.615385
375     16  0.615385
96      15  0.576923
329     15  0.576923
11      15  0.576923
218     15  0.576923
145     14  0.538462
251     14  0.538462
257     13  0.500000
365      7  0.269231
293      7  0.269231
     Count   Value
14      11  0.6875
429     10  0.6250
351      9  0.5625
259      9  0.5625
108      9  0.5625
267      9  0.5625
241      9  0.5625
407      9  0.5625
375      8  0.5000
325      8  0.5000
no winner, not enough
Current: []
Subround 17
     Count     Value
14      20  0.740741
407     18  0.666667
108     18  0.666667
351     18  0.666667
429     18  0.666667
325     17  0.629630
259     17  0.629630
241     17  0.629630
267     17  0.629630
375     17  0.629630
106     16  0.592593
96      16  0.592593
329     16  0.592593
145     15  0.555556
11      15  0.555556
218     15  0.555556
251     14  0.518519
257     13  0.481481
365      7  0.259259
293      7  0.259259
     Count     Value
14      12  0.705882
429     10  0.588235
407     10  0.588235
351     10  0.588235
108     10  0.588235
375      9  0.529412
241      9  0.529412
325      9  0.529412
267      9  0.529412
259      9  0.529412
no winner, not enough
Current: []
Subround 18
     Count     Value
14      21  0.750000
407     19  0.678571
108     19  0.678571
351     19  0.678571
241     18  0.642857
429     18  0.642857
325     17  0.607143
259     17  0.607143
106     17  0.607143
96      17  0.607143
267     17  0.607143
375     17  0.607143
145     16  0.571429
329     16  0.571429
218     16  0.571429
11      15  0.535714
251     14  0.500000
257     13  0.464286
365      7  0.250000
293      7  0.250000
     Count     Value
14      13  0.722222
407     11  0.611111
351     11  0.611111
108     11  0.611111
429     10  0.555556
241     10  0.555556
375      9  0.500000
96       9  0.500000
325      9  0.500000
267      9  0.500000
no winner, not enough
Current: []
Subround 19
     Count     Value
14      22  0.758621
407     19  0.655172
429     19  0.655172
108     19  0.655172
351     19  0.655172
267     18  0.620690
375     18  0.620690
259     18  0.620690
241     18  0.620690
325     18  0.620690
96      17  0.586207
329     17  0.586207
106     17  0.586207
11      16  0.551724
145     16  0.551724
218     16  0.551724
257     14  0.482759
251     14  0.482759
124      7  0.241379
365      7  0.241379
     Count     Value
14      14  0.736842
429     11  0.578947
407     11  0.578947
351     11  0.578947
108     11  0.578947
375     10  0.526316
241     10  0.526316
325     10  0.526316
267     10  0.526316
259     10  0.526316
no winner, not enough
Current: []
Subround 20
     Count     Value
14      23  0.766667
429     20  0.666667
407     19  0.633333
375     19  0.633333
259     19  0.633333
241     19  0.633333
108     19  0.633333
351     19  0.633333
267     18  0.600000
96      18  0.600000
325     18  0.600000
106     18  0.600000
329     17  0.566667
218     17  0.566667
11      16  0.533333
145     16  0.533333
257     15  0.500000
251     14  0.466667
124      7  0.233333
365      7  0.233333
     Count  Value
14      15   0.75
429     12   0.60
351     11   0.55
259     11   0.55
108     11   0.55
375     11   0.55
241     11   0.55
407     11   0.55
96      10   0.50
325     10   0.50
no winner, not enough
Current: []
Subround 21
     Count     Value
14      24  0.774194
407     20  0.645161
375     20  0.645161
429     20  0.645161
241     20  0.645161
267     19  0.612903
259     19  0.612903
108     19  0.612903
325     19  0.612903
351     19  0.612903
96      18  0.580645
106     18  0.580645
329     17  0.548387
11      17  0.548387
218     17  0.548387
257     16  0.516129
145     16  0.516129
251     15  0.483871
124      7  0.225806
365      7  0.225806
     Count     Value
14      16  0.761905
429     12  0.571429
407     12  0.571429
375     12  0.571429
241     12  0.571429
325     11  0.523810
267     11  0.523810
108     11  0.523810
259     11  0.523810
351     11  0.523810
no winner, not enough
Current: []
Subround 22
     Count    Value
14      25  0.78125
407     21  0.65625
429     21  0.65625
241     21  0.65625
375     20  0.62500
267     20  0.62500
325     19  0.59375
351     19  0.59375
96      19  0.59375
108     19  0.59375
106     19  0.59375
259     19  0.59375
218     18  0.56250
329     17  0.53125
11      17  0.53125
145     17  0.53125
257     16  0.50000
251     15  0.46875
124      7  0.21875
365      7  0.21875
     Count     Value
14      17  0.772727
429     13  0.590909
407     13  0.590909
241     13  0.590909
375     12  0.545455
267     12  0.545455
96      11  0.500000
325     11  0.500000
108     11  0.500000
259     11  0.500000
no winner, not enough
Current: []
Subround 23
     Count     Value
14      25  0.757576
241     22  0.666667
407     21  0.636364
267     21  0.636364
375     21  0.636364
429     21  0.636364
351     20  0.606061
96      20  0.606061
325     19  0.575758
108     19  0.575758
106     19  0.575758
259     19  0.575758
329     18  0.545455
11      18  0.545455
145     18  0.545455
218     18  0.545455
257     17  0.515152
251     15  0.454545
124      7  0.212121
365      7  0.212121
     Count     Value
14      17  0.739130
241     14  0.608696
429     13  0.565217
407     13  0.565217
375     13  0.565217
267     13  0.565217
351     12  0.521739
96      12  0.521739
325     11  0.478261
108     11  0.478261
no winner, not enough
Current: []
Subround 24
     Count     Value
14      26  0.764706
407     22  0.647059
241     22  0.647059
375     22  0.647059
429     22  0.647059
267     21  0.617647
96      21  0.617647
351     20  0.588235
259     20  0.588235
108     19  0.558824
325     19  0.558824
106     19  0.558824
11      19  0.558824
145     19  0.558824
218     19  0.558824
329     18  0.529412
257     17  0.500000
251     15  0.441176
124      7  0.205882
365      7  0.205882
     Count     Value
14      18  0.750000
429     14  0.583333
241     14  0.583333
375     14  0.583333
407     14  0.583333
267     13  0.541667
96      13  0.541667
351     12  0.500000
259     12  0.500000
11      11  0.458333
no winner, not enough
Current: []
Subround 25
     Count     Value
14      27  0.771429
241     23  0.657143
407     22  0.628571
267     22  0.628571
375     22  0.628571
429     22  0.628571
351     21  0.600000
96      21  0.600000
259     21  0.600000
108     20  0.571429
106     20  0.571429
325     19  0.542857
11      19  0.542857
145     19  0.542857
218     19  0.542857
329     18  0.514286
257     18  0.514286
251     16  0.457143
124      7  0.200000
365      7  0.200000
     Count  Value
14      19   0.76
241     15   0.60
429     14   0.56
267     14   0.56
375     14   0.56
407     14   0.56
351     13   0.52
259     13   0.52
96      13   0.52
108     12   0.48
no winner, not enough
Current: []
Subround 26
     Count     Value
14      28  0.777778
429     23  0.638889
241     23  0.638889
407     22  0.611111
267     22  0.611111
375     22  0.611111
351     22  0.611111
96      22  0.611111
106     21  0.583333
259     21  0.583333
325     20  0.555556
108     20  0.555556
11      20  0.555556
329     19  0.527778
145     19  0.527778
218     19  0.527778
257     18  0.500000
251     17  0.472222
124      7  0.194444
365      7  0.194444
     Count     Value
14      20  0.769231
429     15  0.576923
241     15  0.576923
351     14  0.538462
267     14  0.538462
375     14  0.538462
407     14  0.538462
96      14  0.538462
259     13  0.500000
11      12  0.461538
no winner, not enough
Current: []
Subround 27
     Count     Value
14      29  0.783784
429     24  0.648649
241     24  0.648649
267     23  0.621622
375     23  0.621622
351     23  0.621622
407     22  0.594595
96      22  0.594595
325     21  0.567568
106     21  0.567568
259     21  0.567568
11      21  0.567568
108     20  0.540541
218     20  0.540541
329     19  0.513514
145     19  0.513514
257     18  0.486486
251     17  0.459459
124      7  0.189189
365      7  0.189189
     Count     Value
14      21  0.777778
429     16  0.592593
241     16  0.592593
351     15  0.555556
375     15  0.555556
267     15  0.555556
96      14  0.518519
407     14  0.518519
11      13  0.481481
325     13  0.481481
no winner, not enough
Current: []
Subround 28
     Count     Value
14      30  0.789474
429     25  0.657895
241     25  0.657895
267     24  0.631579
375     24  0.631579
351     24  0.631579
407     22  0.578947
96      22  0.578947
106     22  0.578947
259     22  0.578947
325     21  0.552632
11      21  0.552632
108     20  0.526316
218     20  0.526316
329     19  0.500000
257     19  0.500000
145     19  0.500000
251     17  0.447368
124      7  0.184211
365      7  0.184211
     Count     Value
14      22  0.785714
429     17  0.607143
241     17  0.607143
351     16  0.571429
267     16  0.571429
375     16  0.571429
259     14  0.500000
407     14  0.500000
96      14  0.500000
11      13  0.464286
no winner, not enough
Current: []
Subround 29
     Count     Value
14      31  0.794872
429     26  0.666667
375     25  0.641026
241     25  0.641026
267     24  0.615385
351     24  0.615385
407     23  0.589744
106     23  0.589744
96      22  0.564103
325     22  0.564103
259     22  0.564103
108     21  0.538462
11      21  0.538462
145     20  0.512821
218     20  0.512821
329     19  0.487179
257     19  0.487179
251     18  0.461538
124      7  0.179487
365      7  0.179487
     Count     Value
14      23  0.793103
429     18  0.620690
375     17  0.586207
241     17  0.586207
351     16  0.551724
267     16  0.551724
407     15  0.517241
96      14  0.482759
106     14  0.482759
325     14  0.482759
no winner, not enough
Current: []
Subround 30
     Count  Value
14      31  0.775
375     26  0.650
429     26  0.650
267     25  0.625
241     25  0.625
351     25  0.625
407     24  0.600
106     24  0.600
11      22  0.550
96      22  0.550
325     22  0.550
259     22  0.550
108     21  0.525
145     21  0.525
218     21  0.525
329     20  0.500
257     19  0.475
251     18  0.450
124      7  0.175
365      7  0.175
     Count     Value
14      23  0.766667
429     18  0.600000
375     18  0.600000
351     17  0.566667
267     17  0.566667
241     17  0.566667
407     16  0.533333
106     15  0.500000
11      14  0.466667
325     14  0.466667
Rest half winner
Current: [4, 5, 6, 7, 8, 9, 10, 11, 14, 15, 18, 19, 21, 24, 26, 30, 32, 34, 35, 37, 38, 39, 40, 42, 43, 44, 45, 46, 48, 51, 56, 57, 60, 63, 64, 66, 67, 70, 72, 73, 76, 77, 81, 82, 83, 86, 88, 89, 90, 91, 95, 96, 98, 102, 103, 104, 106, 107, 108, 111, 112, 113, 114, 118, 119, 120, 124, 127, 129, 130, 132, 134, 135, 136, 137, 138, 139, 140, 142, 143, 145, 146, 148, 150, 151, 157, 158, 163, 164, 173, 176, 178, 179, 180, 181, 182, 183, 184, 185, 186, 189, 190, 192, 193, 196, 197, 201, 202, 203, 204, 205, 209, 210, 215, 216, 217, 218, 220, 221, 226, 229, 232, 234, 235, 238, 239, 240, 241, 242, 244, 248, 251, 254, 257, 258, 259, 260, 261, 262, 265, 267, 273, 274, 275, 276, 277, 278, 279, 281, 282, 283, 288, 290, 293, 295, 296, 303, 304, 305, 306, 308, 310, 312, 316, 317, 319, 321, 323, 324, 325, 327, 329, 330, 332, 334, 335, 337, 339, 342, 344, 346, 347, 348, 351, 353, 354, 356, 360, 361, 362, 364, 365, 366, 369, 370, 371, 373, 374, 375, 378, 382, 383, 384, 385, 386, 387, 388, 389, 393, 394, 395, 396, 400, 401, 407, 409, 411, 414, 417, 418, 421, 422, 429, 431, 433, 435, 438, 441, 442, 443, 446, 449, 450, 452, 454, 455, 456, 458, 460, 465, 468, 470, 471, 475, 476, 478, 480, 482, 483, 484, 485, 487, 489, 493, 496, 511]
Round 3
Subround 1
not enough
     Count  Value
11       1    1.0
76       1    1.0
244      1    1.0
180      1    1.0
258      1    1.0
387      1    1.0
422      1    1.0
57       1    1.0
178      1    1.0
465      1    1.0
378      1    1.0
321      1    1.0
120      1    1.0
417      1    1.0
146      1    1.0
334      1    1.0
135      1    1.0
107      1    1.0
267      1    1.0
21       1    1.0
     Count  Value
11       1    1.0
76       1    1.0
244      1    1.0
180      1    1.0
258      1    1.0
387      1    1.0
422      1    1.0
57       1    1.0
178      1    1.0
465      1    1.0
Current: [7, 8, 11, 14, 15, 21, 24, 26, 35, 37, 39, 40, 43, 44, 45, 46, 51, 57, 64, 70, 76, 77, 81, 82, 86, 89, 90, 98, 102, 107, 108, 112, 114, 119, 120, 124, 127, 130, 132, 134, 135, 136, 137, 139, 140, 146, 151, 163, 173, 178, 179, 180, 184, 190, 202, 209, 215, 218, 220, 221, 226, 232, 239, 244, 248, 258, 259, 261, 265, 267, 276, 279, 293, 303, 308, 310, 312, 317, 321, 323, 327, 334, 335, 339, 342, 348, 353, 354, 356, 360, 362, 364, 365, 366, 370, 371, 374, 375, 378, 384, 386, 387, 393, 395, 400, 401, 407, 409, 411, 417, 422, 435, 441, 442, 452, 454, 456, 458, 460, 465, 468, 470, 476, 478, 480, 482, 493, 496]
Subround 2
not enough
     Count  Value
348      2    1.0
411      2    1.0
137      2    1.0
24       2    1.0
480      2    1.0
44       2    1.0
136      2    1.0
293      2    1.0
163      2    1.0
362      2    1.0
232      2    1.0
317      2    1.0
310      2    1.0
375      2    1.0
112      2    1.0
120      2    1.0
140      2    1.0
46       2    1.0
400      2    1.0
226      2    1.0
     Count  Value
348      2    1.0
411      2    1.0
137      2    1.0
24       2    1.0
480      2    1.0
44       2    1.0
136      2    1.0
293      2    1.0
163      2    1.0
362      2    1.0
Current: [14, 24, 39, 44, 46, 51, 57, 64, 70, 89, 90, 107, 108, 112, 120, 124, 130, 132, 134, 135, 136, 137, 140, 151, 163, 178, 190, 215, 220, 226, 232, 244, 265, 279, 293, 310, 312, 317, 323, 334, 335, 339, 342, 348, 360, 362, 366, 370, 371, 375, 378, 387, 400, 401, 407, 409, 411, 422, 441, 480, 496]
Subround 3
not enough
     Count  Value
14       3    1.0
178      3    1.0
220      3    1.0
317      3    1.0
362      3    1.0
163      3    1.0
293      3    1.0
279      3    1.0
265      3    1.0
407      3    1.0
348      3    1.0
136      3    1.0
24       3    1.0
39       3    1.0
422      3    1.0
244      3    1.0
140      3    1.0
151      3    1.0
360      3    1.0
378      3    1.0
     Count  Value
14       3    1.0
178      3    1.0
220      3    1.0
317      3    1.0
362      3    1.0
163      3    1.0
293      3    1.0
279      3    1.0
265      3    1.0
407      3    1.0
Current: [14, 24, 39, 108, 120, 132, 136, 140, 151, 163, 178, 220, 244, 265, 279, 293, 317, 348, 360, 362, 371, 378, 407, 422]
Subround 4
not enough
     Count  Value
378      4   1.00
422      4   1.00
24       4   1.00
14       4   1.00
293      4   1.00
360      4   1.00
108      4   1.00
140      4   1.00
132      4   1.00
163      4   1.00
348      4   1.00
120      4   1.00
407      4   1.00
178      4   1.00
265      4   1.00
77       3   0.75
442      3   0.75
119      3   0.75
95       3   0.75
201      3   0.75
     Count  Value
378      4    1.0
422      4    1.0
24       4    1.0
14       4    1.0
293      4    1.0
360      4    1.0
108      4    1.0
140      4    1.0
132      4    1.0
163      4    1.0
Current: [14, 24, 108, 120, 132, 140, 163, 178, 265, 293, 348, 360, 378, 407, 422]
Subround 5
not enough
     Count  Value
163      5    1.0
132      5    1.0
407      5    1.0
265      5    1.0
178      5    1.0
108      5    1.0
140      5    1.0
293      5    1.0
14       5    1.0
360      5    1.0
342      4    0.8
279      4    0.8
102      4    0.8
393      4    0.8
24       4    0.8
64       4    0.8
339      4    0.8
364      4    0.8
442      4    0.8
130      4    0.8
     Count  Value
163      5    1.0
132      5    1.0
407      5    1.0
265      5    1.0
178      5    1.0
108      5    1.0
140      5    1.0
293      5    1.0
14       5    1.0
360      5    1.0
Current: [14, 108, 132, 140, 163, 178, 265, 293, 360, 407]
Subround 6
not enough
     Count     Value
407      6  1.000000
163      6  1.000000
360      6  1.000000
14       6  1.000000
108      6  1.000000
178      5  0.833333
220      5  0.833333
140      5  0.833333
151      5  0.833333
135      5  0.833333
378      5  0.833333
244      5  0.833333
470      5  0.833333
293      5  0.833333
102      5  0.833333
130      5  0.833333
64       5  0.833333
265      5  0.833333
241      5  0.833333
95       5  0.833333
     Count     Value
407      6  1.000000
163      6  1.000000
360      6  1.000000
14       6  1.000000
108      6  1.000000
178      5  0.833333
220      5  0.833333
140      5  0.833333
151      5  0.833333
135      5  0.833333
Current: [14, 39, 64, 95, 102, 108, 130, 132, 135, 140, 151, 163, 178, 220, 241, 244, 265, 279, 293, 360, 378, 400, 407, 409, 470]
Subround 7
not enough
     Count     Value
163      7  1.000000
14       7  1.000000
360      7  1.000000
407      6  0.857143
265      6  0.857143
64       6  0.857143
470      6  0.857143
293      6  0.857143
241      6  0.857143
140      6  0.857143
378      6  0.857143
108      6  0.857143
279      6  0.857143
178      6  0.857143
120      5  0.714286
146      5  0.714286
304      5  0.714286
348      5  0.714286
371      5  0.714286
226      5  0.714286
     Count     Value
163      7  1.000000
14       7  1.000000
360      7  1.000000
407      6  0.857143
265      6  0.857143
64       6  0.857143
470      6  0.857143
293      6  0.857143
241      6  0.857143
140      6  0.857143
Current: [14, 64, 108, 140, 163, 178, 241, 265, 279, 293, 360, 378, 407, 470]
Subround 8
not enough
     Count  Value
14       8  1.000
360      8  1.000
108      7  0.875
293      7  0.875
470      7  0.875
64       7  0.875
163      7  0.875
140      7  0.875
407      7  0.875
241      7  0.875
24       6  0.750
378      6  0.750
114      6  0.750
178      6  0.750
135      6  0.750
57       6  0.750
362      6  0.750
279      6  0.750
365      6  0.750
364      6  0.750
     Count  Value
14       8  1.000
360      8  1.000
108      7  0.875
293      7  0.875
470      7  0.875
64       7  0.875
163      7  0.875
140      7  0.875
407      7  0.875
241      7  0.875
Current: [14, 64, 108, 140, 163, 241, 293, 360, 407, 470]
Subround 9
not enough
     Count     Value
360      9  1.000000
14       8  0.888889
241      8  0.888889
163      8  0.888889
265      7  0.777778
378      7  0.777778
279      7  0.777778
366      7  0.777778
140      7  0.777778
470      7  0.777778
178      7  0.777778
108      7  0.777778
64       7  0.777778
95       7  0.777778
293      7  0.777778
407      7  0.777778
40       6  0.666667
442      6  0.666667
393      6  0.666667
400      6  0.666667
     Count     Value
360      9  1.000000
14       8  0.888889
241      8  0.888889
163      8  0.888889
265      7  0.777778
378      7  0.777778
279      7  0.777778
366      7  0.777778
140      7  0.777778
470      7  0.777778
Current: [14, 163, 241, 360]
Subround 10
     Count  Value
360     10    1.0
14       9    0.9
163      9    0.9
241      8    0.8
108      8    0.8
470      8    0.8
293      8    0.8
64       8    0.8
265      8    0.8
95       7    0.7
226      7    0.7
114      7    0.7
261      7    0.7
400      7    0.7
383      7    0.7
339      7    0.7
178      7    0.7
220      7    0.7
335      7    0.7
378      7    0.7
     Count  Value
360     10    1.0
14       9    0.9
163      9    0.9
241      8    0.8
108      8    0.8
470      8    0.8
293      8    0.8
64       8    0.8
265      8    0.8
95       7    0.7
Current: [14, 163, 360]
Round 4
Subround 1
not enough
     Count     Value
163     10  0.909091
360     10  0.909091
14       9  0.818182
241      8  0.727273
108      8  0.727273
470      8  0.727273
293      8  0.727273
64       8  0.727273
265      8  0.727273
95       7  0.636364
226      7  0.636364
114      7  0.636364
261      7  0.636364
400      7  0.636364
383      7  0.636364
339      7  0.636364
178      7  0.636364
220      7  0.636364
335      7  0.636364
378      7  0.636364
     Count  Value
163      1    1.0
11       1    1.0
Current: [14, 163, 360]
Subround 2
not enough
     Count     Value
360     10  0.833333
14      10  0.833333
163     10  0.833333
265      8  0.666667
64       8  0.666667
470      8  0.666667
241      8  0.666667
108      8  0.666667
293      8  0.666667
11       7  0.583333
335      7  0.583333
146      7  0.583333
95       7  0.583333
371      7  0.583333
226      7  0.583333
193      7  0.583333
140      7  0.583333
378      7  0.583333
400      7  0.583333
178      7  0.583333
     Count  Value
11       2    1.0
163      1    0.5
14       1    0.5
Current: [14, 163, 360]
Subround 3
not enough
     Count     Value
14      11  0.846154
163     11  0.846154
360     10  0.769231
265      8  0.615385
64       8  0.615385
470      8  0.615385
241      8  0.615385
108      8  0.615385
293      8  0.615385
11       7  0.538462
335      7  0.538462
146      7  0.538462
95       7  0.538462
371      7  0.538462
226      7  0.538462
193      7  0.538462
140      7  0.538462
378      7  0.538462
400      7  0.538462
178      7  0.538462
     Count     Value
163      2  0.666667
11       2  0.666667
14       2  0.666667
Current: [14, 163]
Subround 4
not enough
     Count     Value
14      12  0.857143
163     11  0.785714
360     10  0.714286
11       8  0.571429
265      8  0.571429
64       8  0.571429
470      8  0.571429
241      8  0.571429
108      8  0.571429
293      8  0.571429
335      7  0.500000
146      7  0.500000
95       7  0.500000
371      7  0.500000
226      7  0.500000
193      7  0.500000
140      7  0.500000
378      7  0.500000
400      7  0.500000
178      7  0.500000
     Count  Value
11       3   0.75
14       3   0.75
163      2   0.50
Current: [14]
Subround 5
not enough
     Count     Value
14      13  0.866667
163     12  0.800000
360     10  0.666667
11       8  0.533333
265      8  0.533333
64       8  0.533333
470      8  0.533333
241      8  0.533333
108      8  0.533333
293      8  0.533333
335      7  0.466667
146      7  0.466667
95       7  0.466667
371      7  0.466667
226      7  0.466667
193      7  0.466667
140      7  0.466667
378      7  0.466667
400      7  0.466667
178      7  0.466667
     Count  Value
14       4    0.8
163      3    0.6
11       3    0.6
Current: [14]
Subround 6
not enough
     Count   Value
14      14  0.8750
163     12  0.7500
360     11  0.6875
11       8  0.5000
265      8  0.5000
64       8  0.5000
470      8  0.5000
241      8  0.5000
108      8  0.5000
293      8  0.5000
335      7  0.4375
146      7  0.4375
95       7  0.4375
371      7  0.4375
226      7  0.4375
193      7  0.4375
140      7  0.4375
378      7  0.4375
400      7  0.4375
178      7  0.4375
     Count     Value
14       5  0.833333
163      3  0.500000
11       3  0.500000
360      1  0.166667
Current: [14]
Subround 7
not enough
     Count     Value
14      15  0.882353
360     12  0.705882
163     12  0.705882
11       8  0.470588
265      8  0.470588
64       8  0.470588
470      8  0.470588
241      8  0.470588
108      8  0.470588
293      8  0.470588
335      7  0.411765
146      7  0.411765
95       7  0.411765
371      7  0.411765
226      7  0.411765
193      7  0.411765
140      7  0.411765
378      7  0.411765
400      7  0.411765
178      7  0.411765
     Count     Value
14       6  0.857143
163      3  0.428571
11       3  0.428571
360      2  0.285714
Current: [14]
Subround 8
not enough
     Count     Value
14      16  0.888889
360     12  0.666667
163     12  0.666667
11       9  0.500000
265      8  0.444444
64       8  0.444444
470      8  0.444444
241      8  0.444444
108      8  0.444444
293      8  0.444444
335      7  0.388889
146      7  0.388889
95       7  0.388889
371      7  0.388889
226      7  0.388889
193      7  0.388889
140      7  0.388889
378      7  0.388889
400      7  0.388889
178      7  0.388889
     Count  Value
14       7  0.875
11       4  0.500
163      3  0.375
360      2  0.250
Current: [14]
Subround 9
not enough
     Count     Value
14      16  0.842105
360     13  0.684211
163     13  0.684211
11       9  0.473684
265      8  0.421053
64       8  0.421053
470      8  0.421053
241      8  0.421053
108      8  0.421053
293      8  0.421053
335      7  0.368421
146      7  0.368421
95       7  0.368421
371      7  0.368421
226      7  0.368421
193      7  0.368421
140      7  0.368421
378      7  0.368421
400      7  0.368421
178      7  0.368421
     Count     Value
14       7  0.777778
163      4  0.444444
11       4  0.444444
360      3  0.333333
Current: [14]
Subround 10
     Count  Value
14      17   0.85
360     13   0.65
163     13   0.65
11      10   0.50
265      8   0.40
64       8   0.40
470      8   0.40
241      8   0.40
108      8   0.40
293      8   0.40
335      7   0.35
146      7   0.35
95       7   0.35
371      7   0.35
226      7   0.35
193      7   0.35
140      7   0.35
378      7   0.35
400      7   0.35
178      7   0.35
     Count  Value
14       8    0.8
11       5    0.5
163      4    0.4
360      3    0.3
Current: [14]
Winning offset:
[14]
2021-09-07 11:21:03.277285
2021-09-07 11:27:33.458135
0:06:30.180850
