Loading page file profiles/packet3/pages/0x6e4a.yaml
Loading page file profiles/packet3/pages/0x6e60.yaml
Loading page file profiles/packet3/pages/0x6ee3.yaml
Loading page file profiles/packet3/pages/0x7241.yaml
Loading page file profiles/packet3/pages/0x7242.yaml
Loading page file profiles/packet3/pages/0x7243.yaml
Loading page file profiles/packet3/pages/0x7244.yaml
Round 1
Subround 1
not enough
     Count  Value
2        1    1.0
20       1    1.0
123      1    1.0
78       1    1.0
402      1    1.0
113      1    1.0
323      1    1.0
246      1    1.0
506      1    1.0
33       1    1.0
358      1    1.0
172      1    1.0
414      1    1.0
271      1    1.0
265      1    1.0
428      1    1.0
510      1    1.0
209      1    1.0
403      1    1.0
218      1    1.0
     Count  Value
2        1    1.0
20       1    1.0
123      1    1.0
78       1    1.0
402      1    1.0
113      1    1.0
323      1    1.0
246      1    1.0
506      1    1.0
33       1    1.0
Current: [2, 3, 4, 5, 6, 9, 12, 14, 16, 20, 21, 22, 26, 27, 29, 30, 31, 33, 34, 35, 41, 44, 48, 50, 54, 56, 59, 60, 61, 64, 65, 66, 70, 72, 75, 77, 78, 79, 87, 88, 89, 90, 91, 92, 94, 97, 98, 100, 102, 104, 106, 107, 108, 113, 116, 117, 119, 120, 121, 122, 123, 124, 125, 126, 128, 129, 130, 133, 134, 135, 136, 141, 142, 143, 144, 147, 152, 155, 157, 159, 164, 169, 172, 173, 175, 177, 180, 182, 184, 185, 186, 188, 191, 193, 194, 195, 196, 199, 202, 205, 209, 210, 212, 213, 214, 215, 216, 218, 221, 223, 225, 226, 227, 230, 231, 234, 236, 237, 240, 241, 242, 244, 245, 246, 247, 252, 253, 258, 262, 264, 265, 266, 267, 268, 269, 271, 275, 276, 277, 279, 280, 281, 282, 283, 285, 288, 290, 292, 296, 297, 298, 301, 303, 305, 307, 309, 310, 311, 314, 315, 318, 319, 320, 321, 322, 323, 324, 329, 330, 331, 334, 337, 338, 339, 342, 344, 345, 347, 350, 351, 354, 358, 359, 362, 364, 366, 368, 370, 374, 379, 381, 382, 383, 384, 389, 390, 392, 393, 394, 395, 401, 402, 403, 404, 407, 412, 414, 415, 418, 419, 420, 423, 424, 425, 428, 430, 431, 432, 433, 435, 437, 438, 447, 448, 451, 452, 455, 457, 459, 461, 462, 465, 468, 469, 473, 474, 475, 479, 482, 486, 487, 490, 492, 493, 494, 496, 497, 499, 500, 501, 502, 506, 507, 509, 510, 511]
Subround 2
not enough
     Count  Value
319      2    1.0
382      2    1.0
395      2    1.0
451      2    1.0
91       2    1.0
94       2    1.0
44       2    1.0
236      2    1.0
490      2    1.0
120      2    1.0
175      2    1.0
88       2    1.0
225      2    1.0
296      2    1.0
119      2    1.0
31       2    1.0
123      2    1.0
78       2    1.0
113      2    1.0
323      2    1.0
     Count  Value
319      2    1.0
382      2    1.0
395      2    1.0
451      2    1.0
91       2    1.0
94       2    1.0
44       2    1.0
236      2    1.0
490      2    1.0
120      2    1.0
Current: [4, 14, 16, 20, 21, 22, 31, 33, 35, 41, 44, 54, 60, 66, 70, 75, 78, 79, 88, 89, 90, 91, 94, 104, 108, 113, 119, 120, 123, 125, 126, 134, 141, 143, 144, 147, 152, 155, 157, 169, 172, 173, 175, 177, 184, 188, 193, 194, 196, 202, 209, 212, 215, 221, 223, 225, 226, 236, 240, 241, 242, 244, 245, 246, 252, 265, 266, 267, 268, 271, 275, 276, 277, 279, 280, 283, 285, 292, 296, 298, 303, 305, 314, 315, 318, 319, 321, 323, 324, 329, 331, 334, 338, 342, 344, 350, 354, 358, 382, 384, 390, 393, 394, 395, 401, 403, 404, 407, 414, 418, 419, 420, 423, 424, 428, 431, 433, 437, 438, 451, 455, 459, 461, 465, 473, 475, 479, 482, 490, 492, 497, 502, 506, 507, 510]
Subround 3
not enough
     Count  Value
252      3    1.0
350      3    1.0
394      3    1.0
403      3    1.0
20       3    1.0
147      3    1.0
90       3    1.0
319      3    1.0
318      3    1.0
16       3    1.0
267      3    1.0
196      3    1.0
324      3    1.0
277      3    1.0
342      3    1.0
193      3    1.0
404      3    1.0
321      3    1.0
173      3    1.0
276      3    1.0
     Count  Value
252      3    1.0
350      3    1.0
394      3    1.0
403      3    1.0
20       3    1.0
147      3    1.0
90       3    1.0
319      3    1.0
318      3    1.0
16       3    1.0
Current: [4, 14, 16, 20, 35, 44, 54, 75, 88, 90, 91, 104, 113, 123, 147, 152, 155, 157, 172, 173, 177, 193, 194, 196, 225, 252, 267, 276, 277, 279, 296, 318, 319, 321, 323, 324, 342, 350, 384, 393, 394, 403, 404, 407, 419, 433, 438, 459, 461, 482]
Subround 4
not enough
     Count  Value
196      4    1.0
193      4    1.0
75       4    1.0
147      4    1.0
54       4    1.0
461      4    1.0
155      4    1.0
459      4    1.0
393      4    1.0
16       4    1.0
194      4    1.0
152      4    1.0
104      4    1.0
438      4    1.0
123      4    1.0
350      4    1.0
14       4    1.0
384      4    1.0
173      4    1.0
276      4    1.0
     Count  Value
196      4    1.0
193      4    1.0
75       4    1.0
147      4    1.0
54       4    1.0
461      4    1.0
155      4    1.0
459      4    1.0
393      4    1.0
16       4    1.0
Current: [4, 14, 16, 20, 21, 22, 26, 27, 35, 44, 50, 54, 55, 56, 59, 60, 61, 65, 70, 73, 75, 78, 79, 85, 88, 89, 90, 91, 92, 94, 104, 113, 114, 116, 119, 120, 123, 124, 125, 134, 138, 141, 145, 146, 147, 152, 155, 157, 172, 173, 175, 177, 185, 193, 194, 196, 199, 205, 212, 213, 216, 218, 221, 223, 225, 230, 232, 239, 241, 247, 252, 253, 256, 261, 262, 265, 266, 267, 271, 272, 276, 277, 279, 280, 283, 285, 288, 290, 296, 300, 303, 312, 315, 318, 319, 321, 322, 323, 324, 329, 331, 334, 339, 340, 342, 344, 347, 350, 352, 354, 358, 365, 366, 374, 383, 384, 390, 393, 394, 402, 403, 404, 407, 412, 414, 418, 419, 423, 424, 430, 433, 435, 437, 438, 446, 457, 459, 461, 462, 465, 473, 474, 475, 479, 482, 487, 490, 497, 502, 506, 507]
Subround 5
not enough
     Count  Value
196      5    1.0
276      5    1.0
16       5    1.0
323      5    1.0
194      5    1.0
14       5    1.0
75       5    1.0
393      5    1.0
279      5    1.0
54       5    1.0
104      5    1.0
262      4    0.8
318      4    0.8
266      4    0.8
424      4    0.8
173      4    0.8
506      4    0.8
70       4    0.8
90       4    0.8
61       4    0.8
     Count  Value
196      5    1.0
276      5    1.0
16       5    1.0
323      5    1.0
194      5    1.0
14       5    1.0
75       5    1.0
393      5    1.0
279      5    1.0
54       5    1.0
Current: [4, 14, 16, 35, 54, 59, 61, 65, 70, 75, 85, 90, 94, 104, 113, 120, 123, 124, 125, 138, 145, 146, 147, 152, 155, 173, 175, 177, 185, 193, 194, 196, 212, 218, 223, 225, 230, 252, 262, 265, 266, 276, 277, 279, 288, 290, 318, 321, 322, 323, 329, 331, 334, 342, 344, 350, 374, 383, 384, 393, 394, 402, 404, 418, 423, 424, 433, 437, 438, 459, 461, 462, 465, 487, 506]
Subround 6
not enough
     Count     Value
16       6  1.000000
14       6  1.000000
194      6  1.000000
393      6  1.000000
196      6  1.000000
104      6  1.000000
323      6  1.000000
459      5  0.833333
90       5  0.833333
70       5  0.833333
279      5  0.833333
424      5  0.833333
423      5  0.833333
147      5  0.833333
230      5  0.833333
54       5  0.833333
75       5  0.833333
125      5  0.833333
438      5  0.833333
465      5  0.833333
     Count     Value
16       6  1.000000
14       6  1.000000
194      6  1.000000
393      6  1.000000
196      6  1.000000
104      6  1.000000
323      6  1.000000
459      5  0.833333
90       5  0.833333
70       5  0.833333
Current: [14, 16, 54, 59, 70, 75, 90, 104, 113, 123, 125, 146, 147, 152, 155, 173, 185, 194, 196, 212, 218, 225, 230, 262, 276, 277, 279, 288, 318, 322, 323, 334, 344, 384, 393, 394, 418, 423, 424, 433, 438, 459, 465, 506]
Subround 7
not enough
     Count     Value
196      7  1.000000
14       7  1.000000
394      6  0.857143
334      6  0.857143
194      6  0.857143
277      6  0.857143
54       6  0.857143
75       6  0.857143
276      6  0.857143
279      6  0.857143
393      6  0.857143
185      6  0.857143
104      6  0.857143
16       6  0.857143
146      6  0.857143
459      6  0.857143
506      6  0.857143
323      6  0.857143
155      6  0.857143
465      6  0.857143
     Count     Value
196      7  1.000000
14       7  1.000000
394      6  0.857143
334      6  0.857143
194      6  0.857143
277      6  0.857143
54       6  0.857143
75       6  0.857143
276      6  0.857143
279      6  0.857143
Current: [4, 11, 14, 16, 21, 31, 35, 54, 59, 64, 65, 70, 75, 85, 90, 104, 113, 123, 124, 125, 138, 145, 146, 147, 152, 155, 173, 175, 177, 182, 185, 186, 193, 194, 196, 197, 212, 213, 218, 223, 225, 227, 230, 232, 252, 262, 266, 276, 277, 279, 280, 288, 290, 303, 313, 318, 321, 322, 323, 329, 331, 334, 342, 344, 350, 374, 384, 386, 391, 393, 394, 398, 402, 411, 418, 419, 423, 424, 433, 437, 438, 448, 459, 462, 465, 479, 495, 500, 506]
Subround 8
not enough
     Count  Value
196      8  1.000
14       8  1.000
465      7  0.875
459      7  0.875
75       7  0.875
279      7  0.875
146      7  0.875
185      7  0.875
393      7  0.875
506      7  0.875
323      7  0.875
394      7  0.875
277      7  0.875
433      6  0.750
65       6  0.750
424      6  0.750
223      6  0.750
500      6  0.750
64       6  0.750
90       6  0.750
     Count  Value
196      8  1.000
14       8  1.000
465      7  0.875
459      7  0.875
75       7  0.875
279      7  0.875
146      7  0.875
185      7  0.875
393      7  0.875
506      7  0.875
Current: [11, 14, 16, 21, 35, 54, 59, 64, 65, 75, 85, 90, 104, 113, 123, 138, 145, 146, 147, 155, 177, 182, 185, 194, 196, 212, 213, 223, 266, 276, 277, 279, 288, 290, 323, 334, 342, 393, 394, 398, 402, 423, 424, 433, 437, 448, 459, 462, 465, 500, 506]
Subround 9
not enough
     Count     Value
196      9  1.000000
14       9  1.000000
465      8  0.888889
277      8  0.888889
146      7  0.777778
35       7  0.777778
459      7  0.777778
64       7  0.777778
90       7  0.777778
185      7  0.777778
138      7  0.777778
54       7  0.777778
155      7  0.777778
342      7  0.777778
279      7  0.777778
394      7  0.777778
194      7  0.777778
16       7  0.777778
462      7  0.777778
334      7  0.777778
     Count     Value
196      9  1.000000
14       9  1.000000
465      8  0.888889
277      8  0.888889
146      7  0.777778
35       7  0.777778
459      7  0.777778
64       7  0.777778
90       7  0.777778
185      7  0.777778
Current: [14, 16, 35, 54, 64, 75, 85, 90, 138, 146, 155, 177, 182, 185, 194, 196, 277, 279, 288, 323, 334, 342, 393, 394, 459, 462, 465, 506]
Subround 10
     Count  Value
14      10    1.0
196      9    0.9
277      9    0.9
459      8    0.8
506      8    0.8
75       8    0.8
182      8    0.8
465      8    0.8
279      8    0.8
85       8    0.8
146      8    0.8
342      8    0.8
155      8    0.8
278      7    0.7
185      7    0.7
90       7    0.7
64       7    0.7
124      7    0.7
500      7    0.7
462      7    0.7
     Count  Value
14      10    1.0
196      9    0.9
277      9    0.9
459      8    0.8
506      8    0.8
75       8    0.8
182      8    0.8
465      8    0.8
279      8    0.8
85       8    0.8
Current: [14, 75, 85, 146, 155, 182, 196, 277, 279, 342, 459, 465, 506]
Round 2
Subround 1
not enough
     Count     Value
14      11  1.000000
196      9  0.818182
465      9  0.818182
75       9  0.818182
155      9  0.818182
279      9  0.818182
277      9  0.818182
182      9  0.818182
146      9  0.818182
459      8  0.727273
342      8  0.727273
85       8  0.727273
506      8  0.727273
124      7  0.636364
462      7  0.636364
278      7  0.636364
185      7  0.636364
90       7  0.636364
64       7  0.636364
334      7  0.636364
     Count  Value
279      1    1.0
465      1    1.0
146      1    1.0
75       1    1.0
155      1    1.0
14       1    1.0
182      1    1.0
Current: [14, 75, 146, 155, 182, 196, 277, 279, 465]
Subround 2
not enough
     Count     Value
14      12  1.000000
146     10  0.833333
182     10  0.833333
465     10  0.833333
279     10  0.833333
196      9  0.750000
342      9  0.750000
75       9  0.750000
155      9  0.750000
277      9  0.750000
459      9  0.750000
85       8  0.666667
506      8  0.666667
231      7  0.583333
173      7  0.583333
323      7  0.583333
424      7  0.583333
334      7  0.583333
433      7  0.583333
500      7  0.583333
     Count  Value
279      2    1.0
465      2    1.0
146      2    1.0
14       2    1.0
182      2    1.0
75       1    0.5
155      1    0.5
342      1    0.5
459      1    0.5
Current: [14, 146, 182, 279, 465]
Subround 3
not enough
     Count     Value
14      13  1.000000
277     10  0.769231
342     10  0.769231
75      10  0.769231
155     10  0.769231
146     10  0.769231
182     10  0.769231
465     10  0.769231
279     10  0.769231
506      9  0.692308
196      9  0.692308
85       9  0.692308
459      9  0.692308
231      7  0.538462
173      7  0.538462
323      7  0.538462
424      7  0.538462
334      7  0.538462
500      7  0.538462
433      7  0.538462
     Count     Value
14       3  1.000000
279      2  0.666667
465      2  0.666667
146      2  0.666667
75       2  0.666667
155      2  0.666667
182      2  0.666667
342      2  0.666667
459      1  0.333333
506      1  0.333333
Current: [14]
Subround 4
not enough
     Count     Value
14      14  1.000000
279     11  0.785714
75      11  0.785714
182     11  0.785714
196     10  0.714286
155     10  0.714286
342     10  0.714286
85      10  0.714286
277     10  0.714286
459     10  0.714286
146     10  0.714286
465     10  0.714286
506      9  0.642857
124      7  0.500000
462      7  0.500000
278      7  0.500000
185      7  0.500000
90       7  0.500000
64       7  0.500000
334      7  0.500000
     Count  Value
14       4   1.00
279      3   0.75
75       3   0.75
182      3   0.75
465      2   0.50
146      2   0.50
155      2   0.50
342      2   0.50
459      2   0.50
85       2   0.50
Current: [14]
Subround 5
not enough
     Count     Value
14      15  1.000000
182     12  0.800000
279     12  0.800000
75      12  0.800000
146     11  0.733333
459     11  0.733333
342     10  0.666667
155     10  0.666667
196     10  0.666667
85      10  0.666667
465     10  0.666667
277     10  0.666667
506      9  0.600000
433      7  0.466667
173      7  0.466667
92       7  0.466667
334      7  0.466667
177      7  0.466667
124      7  0.466667
144      7  0.466667
     Count  Value
14       5    1.0
279      4    0.8
75       4    0.8
182      4    0.8
146      3    0.6
459      3    0.6
465      2    0.4
155      2    0.4
342      2    0.4
85       2    0.4
Current: [14]
Subround 6
not enough
     Count   Value
14      16  1.0000
279     13  0.8125
182     12  0.7500
75      12  0.7500
85      11  0.6875
196     11  0.6875
146     11  0.6875
277     11  0.6875
459     11  0.6875
465     11  0.6875
155     11  0.6875
342     10  0.6250
506      9  0.5625
173      7  0.4375
433      7  0.4375
92       7  0.4375
334      7  0.4375
177      7  0.4375
124      7  0.4375
144      7  0.4375
     Count     Value
14       6  1.000000
279      5  0.833333
75       4  0.666667
182      4  0.666667
465      3  0.500000
146      3  0.500000
155      3  0.500000
459      3  0.500000
85       3  0.500000
342      2  0.333333
Current: [14, 279]
Subround 7
not enough
     Count     Value
14      17  1.000000
279     13  0.764706
75      13  0.764706
85      12  0.705882
196     12  0.705882
146     12  0.705882
182     12  0.705882
465     12  0.705882
155     12  0.705882
277     11  0.647059
459     11  0.647059
342     10  0.588235
506      9  0.529412
173      7  0.411765
433      7  0.411765
92       7  0.411765
334      7  0.411765
177      7  0.411765
124      7  0.411765
144      7  0.411765
     Count     Value
14       7  1.000000
279      5  0.714286
75       5  0.714286
465      4  0.571429
146      4  0.571429
155      4  0.571429
182      4  0.571429
85       4  0.571429
459      3  0.428571
196      3  0.428571
Current: [14]
Subround 8
not enough
     Count     Value
14      17  0.944444
75      14  0.777778
279     13  0.722222
182     13  0.722222
155     13  0.722222
146     13  0.722222
465     12  0.666667
196     12  0.666667
85      12  0.666667
277     12  0.666667
459     11  0.611111
506     10  0.555556
342     10  0.555556
185      7  0.388889
227      7  0.388889
90       7  0.388889
64       7  0.388889
8        7  0.388889
2        7  0.388889
230      7  0.388889
     Count  Value
14       7  0.875
75       6  0.750
279      5  0.625
146      5  0.625
155      5  0.625
182      5  0.625
465      4  0.500
85       4  0.500
459      3  0.375
277      3  0.375
Current: [14]
Subround 9
not enough
     Count     Value
14      18  0.947368
75      14  0.736842
155     14  0.736842
146     14  0.736842
279     13  0.684211
182     13  0.684211
196     13  0.684211
85      13  0.684211
465     12  0.631579
459     12  0.631579
277     12  0.631579
342     11  0.578947
506     10  0.526316
185      7  0.368421
227      7  0.368421
90       7  0.368421
64       7  0.368421
8        7  0.368421
2        7  0.368421
230      7  0.368421
     Count     Value
14       8  0.888889
146      6  0.666667
75       6  0.666667
155      6  0.666667
279      5  0.555556
182      5  0.555556
85       5  0.555556
465      4  0.444444
459      4  0.444444
196      4  0.444444
Current: [14]
Subround 10
     Count  Value
14      19   0.95
155     15   0.75
146     15   0.75
75      14   0.70
279     14   0.70
277     13   0.65
182     13   0.65
196     13   0.65
85      13   0.65
465     12   0.60
459     12   0.60
342     12   0.60
506     10   0.50
2        8   0.40
290      7   0.35
230      7   0.35
173      7   0.35
58       7   0.35
227      7   0.35
8        7   0.35
     Count  Value
14       9    0.9
146      7    0.7
155      7    0.7
279      6    0.6
75       6    0.6
182      5    0.5
85       5    0.5
465      4    0.4
342      4    0.4
459      4    0.4
Current: [14]
Winning offset:
[14]
2021-09-07 13:57:13.005866
2021-09-07 14:00:27.490130
0:03:14.484264
