Loading page file profiles/packet3/pages/0x6e4a.yaml
Loading page file profiles/packet3/pages/0x6e60.yaml
Loading page file profiles/packet3/pages/0x6ee3.yaml
Loading page file profiles/packet3/pages/0x7241.yaml
Loading page file profiles/packet3/pages/0x7242.yaml
Loading page file profiles/packet3/pages/0x7243.yaml
Loading page file profiles/packet3/pages/0x7244.yaml
Round 1
Subround 1
not enough
     Count  Value
279      1    1.0
141      1    1.0
50       1    1.0
456      1    1.0
439      1    1.0
265      1    1.0
66       1    1.0
103      1    1.0
349      1    1.0
296      1    1.0
487      1    1.0
87       1    1.0
34       1    1.0
12       1    1.0
166      1    1.0
131      1    1.0
286      1    1.0
506      1    1.0
257      1    1.0
248      1    1.0
     Count  Value
279      1    1.0
141      1    1.0
50       1    1.0
456      1    1.0
439      1    1.0
265      1    1.0
66       1    1.0
103      1    1.0
349      1    1.0
296      1    1.0
Current: [0, 2, 7, 8, 9, 11, 12, 13, 14, 17, 18, 19, 20, 24, 25, 27, 29, 30, 32, 33, 34, 35, 36, 37, 39, 43, 44, 46, 48, 50, 51, 55, 56, 57, 59, 61, 63, 66, 69, 71, 73, 74, 76, 77, 79, 80, 81, 83, 85, 86, 87, 88, 89, 93, 96, 101, 103, 105, 109, 110, 111, 112, 113, 116, 118, 121, 124, 125, 129, 131, 132, 135, 137, 140, 141, 142, 144, 145, 152, 154, 155, 159, 160, 161, 162, 163, 166, 168, 170, 171, 173, 176, 177, 179, 184, 185, 189, 190, 193, 194, 195, 196, 198, 202, 203, 205, 206, 207, 209, 210, 211, 214, 216, 219, 223, 225, 227, 232, 233, 234, 235, 236, 237, 240, 242, 245, 248, 256, 257, 260, 264, 265, 268, 272, 276, 279, 280, 281, 284, 285, 286, 288, 290, 291, 292, 293, 295, 296, 297, 298, 300, 301, 303, 304, 305, 306, 307, 309, 310, 312, 313, 319, 323, 326, 327, 328, 329, 331, 332, 335, 336, 339, 340, 349, 350, 351, 352, 356, 359, 362, 364, 365, 369, 370, 373, 375, 376, 378, 381, 385, 386, 387, 388, 389, 393, 394, 396, 397, 398, 399, 400, 403, 409, 414, 418, 419, 420, 422, 423, 424, 428, 429, 430, 431, 433, 436, 437, 438, 439, 440, 442, 443, 444, 448, 450, 453, 455, 456, 458, 459, 460, 462, 465, 467, 469, 470, 471, 472, 474, 476, 477, 478, 480, 482, 484, 487, 490, 491, 492, 493, 494, 499, 504, 506, 509, 511]
Subround 2
not enough
     Count  Value
36       2    1.0
351      2    1.0
409      2    1.0
24       2    1.0
86       2    1.0
59       2    1.0
378      2    1.0
206      2    1.0
184      2    1.0
162      2    1.0
291      2    1.0
223      2    1.0
240      2    1.0
385      2    1.0
381      2    1.0
85       2    1.0
89       2    1.0
113      2    1.0
189      2    1.0
439      2    1.0
     Count  Value
36       2    1.0
351      2    1.0
409      2    1.0
24       2    1.0
86       2    1.0
59       2    1.0
378      2    1.0
206      2    1.0
184      2    1.0
162      2    1.0
Current: [2, 9, 12, 13, 14, 18, 19, 24, 27, 32, 33, 36, 55, 59, 61, 66, 71, 73, 74, 76, 77, 81, 85, 86, 89, 105, 109, 110, 112, 113, 116, 124, 129, 131, 140, 155, 160, 162, 163, 168, 179, 184, 189, 196, 203, 206, 207, 209, 210, 211, 214, 216, 223, 225, 227, 232, 233, 237, 240, 245, 260, 265, 284, 285, 286, 290, 291, 293, 295, 296, 298, 300, 301, 303, 304, 313, 327, 328, 335, 339, 340, 350, 351, 352, 359, 375, 376, 378, 381, 385, 387, 389, 393, 394, 396, 398, 399, 409, 418, 419, 420, 424, 428, 431, 433, 437, 438, 439, 440, 442, 443, 448, 450, 470, 471, 476, 482, 487, 490, 491, 492, 494, 499, 504, 506, 511]
Subround 3
not enough
     Count  Value
77       3    1.0
209      3    1.0
76       3    1.0
290      3    1.0
18       3    1.0
179      3    1.0
14       3    1.0
393      3    1.0
450      3    1.0
260      3    1.0
313      3    1.0
359      3    1.0
286      3    1.0
396      3    1.0
110      3    1.0
399      3    1.0
32       3    1.0
105      3    1.0
327      3    1.0
55       3    1.0
     Count  Value
77       3    1.0
209      3    1.0
76       3    1.0
290      3    1.0
18       3    1.0
179      3    1.0
14       3    1.0
393      3    1.0
450      3    1.0
260      3    1.0
Current: [14, 18, 32, 55, 73, 76, 77, 86, 105, 110, 116, 179, 209, 210, 240, 260, 286, 290, 293, 313, 327, 328, 359, 389, 393, 396, 399, 409, 418, 419, 450, 499]
Subround 4
not enough
     Count  Value
116      4   1.00
209      4   1.00
313      4   1.00
73       4   1.00
393      4   1.00
450      4   1.00
14       4   1.00
293      4   1.00
110      4   1.00
260      4   1.00
399      4   1.00
286      4   1.00
499      4   1.00
409      4   1.00
77       4   1.00
396      4   1.00
290      3   0.75
437      3   0.75
35       3   0.75
37       3   0.75
     Count  Value
116      4    1.0
209      4    1.0
313      4    1.0
73       4    1.0
393      4    1.0
450      4    1.0
14       4    1.0
293      4    1.0
110      4    1.0
260      4    1.0
Current: [0, 7, 9, 14, 16, 18, 30, 32, 33, 34, 35, 37, 43, 50, 55, 56, 63, 64, 66, 70, 71, 73, 74, 76, 77, 80, 83, 86, 88, 89, 96, 104, 105, 110, 113, 115, 116, 118, 121, 125, 131, 135, 144, 145, 152, 159, 160, 163, 168, 170, 173, 179, 184, 189, 198, 203, 206, 207, 209, 210, 212, 219, 220, 230, 232, 233, 240, 245, 248, 251, 256, 260, 272, 276, 281, 283, 285, 286, 288, 290, 291, 293, 296, 297, 301, 303, 305, 310, 312, 313, 314, 319, 323, 327, 328, 331, 339, 340, 352, 359, 362, 369, 370, 373, 375, 376, 378, 381, 384, 386, 387, 389, 393, 394, 396, 397, 399, 409, 417, 418, 419, 420, 421, 423, 424, 428, 430, 431, 433, 437, 440, 450, 455, 458, 459, 460, 462, 467, 470, 471, 472, 474, 480, 482, 486, 490, 494, 499, 504, 506, 509, 511]
Subround 5
not enough
     Count  Value
14       5    1.0
293      5    1.0
409      5    1.0
313      5    1.0
393      5    1.0
450      5    1.0
77       5    1.0
499      5    1.0
251      4    0.8
30       4    0.8
291      4    0.8
440      4    0.8
470      4    0.8
73       4    0.8
389      4    0.8
431      4    0.8
375      4    0.8
430      4    0.8
110      4    0.8
373      4    0.8
     Count  Value
14       5    1.0
293      5    1.0
409      5    1.0
313      5    1.0
393      5    1.0
450      5    1.0
77       5    1.0
499      5    1.0
251      4    0.8
30       4    0.8
Current: [0, 7, 14, 16, 30, 33, 34, 35, 70, 73, 77, 80, 83, 88, 89, 104, 110, 113, 115, 116, 118, 121, 131, 135, 145, 152, 159, 163, 173, 189, 203, 206, 207, 209, 219, 230, 233, 251, 260, 276, 285, 286, 288, 290, 291, 293, 296, 303, 312, 313, 327, 328, 370, 373, 375, 381, 389, 393, 396, 399, 409, 418, 420, 421, 423, 430, 431, 440, 450, 462, 470, 472, 474, 482, 490, 499, 506, 509, 511]
Subround 6
not enough
     Count     Value
313      6  1.000000
14       6  1.000000
499      6  1.000000
293      6  1.000000
77       6  1.000000
450      5  0.833333
116      5  0.833333
396      5  0.833333
312      5  0.833333
206      5  0.833333
118      5  0.833333
393      5  0.833333
163      5  0.833333
490      5  0.833333
159      5  0.833333
89       5  0.833333
276      5  0.833333
303      5  0.833333
291      5  0.833333
33       5  0.833333
     Count     Value
313      6  1.000000
14       6  1.000000
499      6  1.000000
293      6  1.000000
77       6  1.000000
450      5  0.833333
116      5  0.833333
396      5  0.833333
312      5  0.833333
206      5  0.833333
Current: [14, 33, 35, 77, 89, 116, 118, 121, 131, 135, 145, 159, 163, 189, 203, 206, 207, 276, 291, 293, 296, 303, 312, 313, 328, 381, 389, 393, 396, 409, 431, 440, 450, 462, 470, 474, 490, 499, 506, 511]
Subround 7
not enough
     Count     Value
293      7  1.000000
77       7  1.000000
14       7  1.000000
303      6  0.857143
312      6  0.857143
450      6  0.857143
121      6  0.857143
276      6  0.857143
470      6  0.857143
440      6  0.857143
145      6  0.857143
313      6  0.857143
135      6  0.857143
499      6  0.857143
116      6  0.857143
381      6  0.857143
506      6  0.857143
393      6  0.857143
118      6  0.857143
328      6  0.857143
     Count     Value
293      7  1.000000
77       7  1.000000
14       7  1.000000
303      6  0.857143
312      6  0.857143
450      6  0.857143
121      6  0.857143
276      6  0.857143
470      6  0.857143
440      6  0.857143
Current: [0, 14, 17, 33, 35, 49, 55, 66, 73, 76, 77, 79, 81, 89, 96, 104, 110, 113, 115, 116, 118, 121, 130, 131, 135, 140, 145, 150, 154, 159, 163, 173, 189, 190, 199, 203, 206, 207, 209, 213, 219, 229, 230, 233, 240, 257, 260, 276, 283, 286, 288, 289, 291, 293, 296, 303, 312, 313, 328, 331, 336, 350, 362, 370, 371, 375, 381, 384, 389, 393, 396, 399, 409, 417, 418, 423, 428, 431, 433, 440, 450, 462, 470, 472, 474, 490, 499, 506, 509, 511]
Subround 8
not enough
     Count  Value
14       8  1.000
77       8  1.000
293      8  1.000
312      7  0.875
116      7  0.875
499      7  0.875
470      7  0.875
328      7  0.875
135      7  0.875
418      6  0.750
399      6  0.750
462      6  0.750
375      6  0.750
371      6  0.750
331      6  0.750
472      6  0.750
219      6  0.750
150      6  0.750
240      6  0.750
381      6  0.750
     Count  Value
14       8  1.000
77       8  1.000
293      8  1.000
312      7  0.875
116      7  0.875
499      7  0.875
470      7  0.875
328      7  0.875
135      7  0.875
418      6  0.750
Current: [0, 14, 33, 66, 77, 81, 89, 104, 113, 115, 116, 118, 121, 135, 145, 150, 159, 163, 189, 190, 199, 203, 207, 219, 233, 240, 260, 276, 288, 293, 296, 303, 312, 313, 328, 331, 350, 370, 371, 375, 381, 384, 393, 396, 399, 417, 418, 440, 450, 462, 470, 472, 490, 499, 506, 511]
Subround 9
not enough
     Count     Value
77       9  1.000000
14       9  1.000000
293      8  0.888889
288      7  0.777778
150      7  0.777778
470      7  0.777778
499      7  0.777778
399      7  0.777778
393      7  0.777778
276      7  0.777778
303      7  0.777778
381      7  0.777778
135      7  0.777778
440      7  0.777778
396      7  0.777778
370      7  0.777778
145      7  0.777778
506      7  0.777778
417      7  0.777778
312      7  0.777778
     Count     Value
77       9  1.000000
14       9  1.000000
293      8  0.888889
288      7  0.777778
150      7  0.777778
470      7  0.777778
499      7  0.777778
399      7  0.777778
393      7  0.777778
276      7  0.777778
Current: [14, 77, 116, 135, 145, 150, 276, 288, 293, 296, 303, 312, 328, 370, 381, 393, 396, 399, 417, 440, 470, 499, 506]
Subround 10
     Count  Value
77      10    1.0
14       9    0.9
293      9    0.9
150      8    0.8
499      8    0.8
312      8    0.8
303      8    0.8
440      8    0.8
116      8    0.8
393      8    0.8
296      8    0.8
135      8    0.8
288      8    0.8
381      8    0.8
328      8    0.8
470      8    0.8
417      8    0.8
219      7    0.7
350      7    0.7
163      7    0.7
     Count  Value
77      10    1.0
14       9    0.9
293      9    0.9
150      8    0.8
499      8    0.8
312      8    0.8
303      8    0.8
440      8    0.8
116      8    0.8
393      8    0.8
Current: [14, 77, 116, 135, 150, 288, 293, 296, 303, 312, 328, 381, 393, 417, 440, 470, 499]
Round 2
Subround 1
not enough
     Count     Value
14      10  0.909091
77      10  0.909091
150      9  0.818182
135      9  0.818182
312      9  0.818182
440      9  0.818182
116      9  0.818182
293      9  0.818182
296      9  0.818182
328      9  0.818182
417      9  0.818182
288      8  0.727273
499      8  0.727273
381      8  0.727273
393      8  0.727273
303      8  0.727273
470      8  0.727273
375      7  0.636364
219      7  0.636364
350      7  0.636364
     Count  Value
328      1    1.0
150      1    1.0
312      1    1.0
296      1    1.0
135      1    1.0
116      1    1.0
417      1    1.0
14       1    1.0
440      1    1.0
Current: [14, 77, 116, 135, 150, 293, 296, 312, 328, 417, 440]
Subround 2
not enough
     Count     Value
77      11  0.916667
14      11  0.916667
296     10  0.833333
293     10  0.833333
312     10  0.833333
440     10  0.833333
417     10  0.833333
150      9  0.750000
470      9  0.750000
135      9  0.750000
303      9  0.750000
328      9  0.750000
116      9  0.750000
288      8  0.666667
393      8  0.666667
381      8  0.666667
499      8  0.666667
370      7  0.583333
163      7  0.583333
350      7  0.583333
     Count  Value
312      2    1.0
296      2    1.0
417      2    1.0
14       2    1.0
440      2    1.0
328      1    0.5
150      1    0.5
135      1    0.5
116      1    0.5
470      1    0.5
Current: [14, 77, 293, 296, 312, 417, 440]
Subround 3
not enough
     Count     Value
14      12  0.923077
312     11  0.846154
77      11  0.846154
417     10  0.769231
116     10  0.769231
293     10  0.769231
328     10  0.769231
135     10  0.769231
440     10  0.769231
296     10  0.769231
150      9  0.692308
393      9  0.692308
303      9  0.692308
381      9  0.692308
288      9  0.692308
470      9  0.692308
499      8  0.615385
279      8  0.615385
211      7  0.538462
173      7  0.538462
     Count     Value
312      3  1.000000
14       3  1.000000
328      2  0.666667
116      2  0.666667
417      2  0.666667
440      2  0.666667
135      2  0.666667
296      2  0.666667
150      1  0.333333
470      1  0.333333
Current: [14, 77, 312]
Subround 4
not enough
     Count     Value
14      12  0.857143
312     12  0.857143
440     11  0.785714
328     11  0.785714
135     11  0.785714
293     11  0.785714
77      11  0.785714
417     10  0.714286
470     10  0.714286
288     10  0.714286
381     10  0.714286
116     10  0.714286
296     10  0.714286
150      9  0.642857
393      9  0.642857
303      9  0.642857
499      9  0.642857
279      8  0.571429
211      7  0.500000
173      7  0.500000
     Count  Value
312      4   1.00
328      3   0.75
440      3   0.75
135      3   0.75
14       3   0.75
381      2   0.50
288      2   0.50
293      2   0.50
470      2   0.50
417      2   0.50
Current: [14, 312]
Subround 5
not enough
     Count     Value
14      13  0.866667
312     12  0.800000
77      12  0.800000
417     11  0.733333
116     11  0.733333
293     11  0.733333
328     11  0.733333
135     11  0.733333
440     11  0.733333
296     11  0.733333
150     10  0.666667
393     10  0.666667
303     10  0.666667
381     10  0.666667
288     10  0.666667
470     10  0.666667
499      9  0.600000
279      9  0.600000
211      7  0.466667
173      7  0.466667
     Count  Value
312      4    0.8
14       4    0.8
328      3    0.6
296      3    0.6
135      3    0.6
116      3    0.6
417      3    0.6
440      3    0.6
288      2    0.4
381      2    0.4
Current: [14]
Subround 6
not enough
     Count   Value
14      14  0.8750
293     12  0.7500
312     12  0.7500
135     12  0.7500
296     12  0.7500
116     12  0.7500
77      12  0.7500
150     11  0.6875
393     11  0.6875
440     11  0.6875
417     11  0.6875
303     11  0.6875
288     11  0.6875
328     11  0.6875
381     10  0.6250
470     10  0.6250
499      9  0.5625
279      9  0.5625
211      7  0.4375
173      7  0.4375
     Count     Value
14       5  0.833333
312      4  0.666667
296      4  0.666667
135      4  0.666667
116      4  0.666667
328      3  0.500000
393      3  0.500000
417      3  0.500000
440      3  0.500000
150      3  0.500000
Current: [14]
Subround 7
not enough
     Count     Value
14      15  0.882353
116     13  0.764706
296     13  0.764706
77      13  0.764706
417     12  0.705882
293     12  0.705882
312     12  0.705882
440     12  0.705882
135     12  0.705882
303     12  0.705882
150     11  0.647059
393     11  0.647059
288     11  0.647059
328     11  0.647059
470     11  0.647059
381     10  0.588235
499     10  0.588235
279      9  0.529412
211      7  0.411765
173      7  0.411765
     Count     Value
14       6  0.857143
296      5  0.714286
116      5  0.714286
312      4  0.571429
135      4  0.571429
417      4  0.571429
440      4  0.571429
303      4  0.571429
328      3  0.428571
293      3  0.428571
Current: [14]
Subround 8
not enough
     Count     Value
14      16  0.888889
77      14  0.777778
116     14  0.777778
440     13  0.722222
296     13  0.722222
303     12  0.666667
470     12  0.666667
288     12  0.666667
135     12  0.666667
393     12  0.666667
312     12  0.666667
417     12  0.666667
293     12  0.666667
150     11  0.611111
328     11  0.611111
499     11  0.611111
279     10  0.555556
381     10  0.555556
310      7  0.388889
211      7  0.388889
     Count  Value
14       7  0.875
116      6  0.750
296      5  0.625
440      5  0.625
470      4  0.500
288      4  0.500
312      4  0.500
135      4  0.500
417      4  0.500
393      4  0.500
Current: [14]
Subround 9
not enough
     Count     Value
14      17  0.894737
77      14  0.736842
116     14  0.736842
303     13  0.684211
135     13  0.684211
393     13  0.684211
440     13  0.684211
296     13  0.684211
312     13  0.684211
417     13  0.684211
293     13  0.684211
150     12  0.631579
470     12  0.631579
328     12  0.631579
288     12  0.631579
499     11  0.578947
279     10  0.526316
381     10  0.526316
310      7  0.368421
211      7  0.368421
     Count     Value
14       8  0.888889
116      6  0.666667
312      5  0.555556
296      5  0.555556
135      5  0.555556
417      5  0.555556
440      5  0.555556
393      5  0.555556
303      5  0.555556
328      4  0.444444
Current: [14]
Subround 10
     Count  Value
14      18   0.90
116     15   0.75
293     14   0.70
312     14   0.70
77      14   0.70
296     14   0.70
417     13   0.65
440     13   0.65
470     13   0.65
288     13   0.65
135     13   0.65
303     13   0.65
393     13   0.65
150     12   0.60
328     12   0.60
499     12   0.60
381     11   0.55
279     10   0.50
211      7   0.35
173      7   0.35
     Count  Value
14       9    0.9
116      7    0.7
312      6    0.6
296      6    0.6
470      5    0.5
293      5    0.5
135      5    0.5
417      5    0.5
440      5    0.5
393      5    0.5
Current: [14]
Winning offset:
[14]
2021-09-07 14:00:29.850177
2021-09-07 14:03:43.613939
0:03:13.763762
