Loading page file profiles/packet3/pages/0x6e4a.yaml
Loading page file profiles/packet3/pages/0x6e60.yaml
Loading page file profiles/packet3/pages/0x6ee3.yaml
Loading page file profiles/packet3/pages/0x7241.yaml
Loading page file profiles/packet3/pages/0x7242.yaml
Loading page file profiles/packet3/pages/0x7243.yaml
Loading page file profiles/packet3/pages/0x7244.yaml
Round 1
Subround 1
not enough
     Count  Value
23       1    1.0
375      1    1.0
70       1    1.0
279      1    1.0
177      1    1.0
173      1    1.0
424      1    1.0
235      1    1.0
223      1    1.0
210      1    1.0
234      1    1.0
385      1    1.0
242      1    1.0
200      1    1.0
25       1    1.0
474      1    1.0
2        1    1.0
236      1    1.0
346      1    1.0
327      1    1.0
     Count  Value
23       1    1.0
375      1    1.0
70       1    1.0
279      1    1.0
177      1    1.0
173      1    1.0
424      1    1.0
235      1    1.0
223      1    1.0
210      1    1.0
Current: [0, 2, 3, 8, 9, 10, 14, 15, 17, 19, 20, 21, 23, 25, 29, 30, 32, 34, 38, 41, 45, 52, 53, 54, 61, 62, 64, 69, 70, 71, 72, 73, 78, 79, 81, 82, 85, 94, 96, 99, 106, 107, 108, 109, 111, 112, 115, 116, 118, 121, 123, 125, 127, 129, 130, 133, 134, 137, 139, 141, 143, 144, 145, 146, 147, 148, 151, 153, 154, 156, 157, 158, 159, 163, 164, 167, 168, 170, 172, 173, 175, 177, 180, 182, 184, 185, 186, 189, 190, 191, 193, 196, 198, 199, 200, 201, 202, 203, 206, 208, 209, 210, 211, 213, 216, 217, 218, 219, 220, 223, 226, 228, 229, 233, 234, 235, 236, 238, 242, 244, 246, 247, 248, 250, 252, 253, 254, 255, 257, 258, 261, 262, 266, 267, 269, 270, 272, 275, 276, 277, 279, 281, 286, 288, 289, 291, 294, 295, 296, 299, 304, 305, 306, 308, 310, 311, 316, 317, 323, 324, 325, 326, 327, 328, 333, 334, 336, 338, 339, 345, 346, 347, 348, 352, 353, 355, 357, 358, 359, 360, 361, 364, 366, 370, 372, 374, 375, 377, 378, 380, 384, 385, 386, 387, 388, 393, 397, 398, 399, 400, 403, 407, 409, 410, 411, 419, 421, 424, 425, 426, 427, 430, 432, 434, 435, 436, 437, 439, 440, 441, 442, 444, 445, 447, 448, 450, 453, 454, 455, 456, 460, 461, 462, 464, 468, 473, 474, 475, 478, 479, 480, 483, 484, 490, 494, 495, 496, 497, 499, 500, 502, 503, 504, 505, 508, 511]
Subround 2
not enough
     Count  Value
434      2    1.0
130      2    1.0
184      2    1.0
72       2    1.0
310      2    1.0
29       2    1.0
69       2    1.0
238      2    1.0
276      2    1.0
400      2    1.0
229      2    1.0
141      2    1.0
148      2    1.0
143      2    1.0
370      2    1.0
70       2    1.0
279      2    1.0
177      2    1.0
173      2    1.0
424      2    1.0
     Count  Value
434      2    1.0
130      2    1.0
184      2    1.0
72       2    1.0
310      2    1.0
29       2    1.0
69       2    1.0
238      2    1.0
276      2    1.0
400      2    1.0
Current: [0, 8, 9, 10, 20, 21, 29, 34, 38, 41, 45, 52, 61, 69, 70, 71, 72, 73, 78, 81, 82, 96, 99, 106, 107, 108, 109, 111, 116, 118, 121, 130, 134, 139, 141, 143, 144, 146, 147, 148, 153, 157, 158, 163, 164, 173, 175, 177, 184, 185, 191, 193, 196, 200, 201, 203, 206, 208, 216, 220, 226, 228, 229, 236, 238, 242, 244, 250, 252, 253, 254, 257, 261, 262, 266, 269, 272, 276, 279, 281, 289, 291, 295, 296, 308, 310, 316, 323, 324, 325, 326, 334, 336, 338, 339, 345, 352, 353, 355, 361, 364, 370, 375, 378, 380, 384, 397, 399, 400, 410, 419, 424, 425, 426, 430, 432, 434, 439, 441, 444, 450, 453, 455, 456, 461, 473, 474, 478, 479, 500, 511]
Subround 3
not enough
     Count  Value
82       3    1.0
295      3    1.0
261      3    1.0
253      3    1.0
206      3    1.0
257      3    1.0
200      3    1.0
38       3    1.0
158      3    1.0
21       3    1.0
208      3    1.0
364      3    1.0
236      3    1.0
441      3    1.0
163      3    1.0
9        3    1.0
8        3    1.0
500      3    1.0
164      3    1.0
424      3    1.0
     Count  Value
82       3    1.0
295      3    1.0
261      3    1.0
253      3    1.0
206      3    1.0
257      3    1.0
200      3    1.0
38       3    1.0
158      3    1.0
21       3    1.0
Current: [8, 9, 21, 38, 72, 82, 96, 116, 118, 130, 148, 153, 158, 163, 164, 173, 196, 200, 206, 208, 236, 253, 254, 257, 261, 279, 289, 295, 316, 324, 364, 419, 424, 441, 473, 478, 500]
Subround 4
not enough
     Count  Value
200      4    1.0
257      4    1.0
153      4    1.0
324      4    1.0
164      4    1.0
478      4    1.0
130      4    1.0
21       4    1.0
72       4    1.0
289      4    1.0
261      4    1.0
295      4    1.0
82       4    1.0
118      4    1.0
441      4    1.0
173      4    1.0
279      4    1.0
419      4    1.0
473      4    1.0
364      4    1.0
     Count  Value
200      4    1.0
257      4    1.0
153      4    1.0
324      4    1.0
164      4    1.0
478      4    1.0
130      4    1.0
21       4    1.0
72       4    1.0
289      4    1.0
Current: [3, 8, 9, 14, 15, 20, 21, 30, 34, 38, 46, 54, 61, 64, 69, 70, 72, 73, 77, 79, 82, 83, 96, 102, 107, 108, 111, 112, 116, 118, 123, 127, 130, 134, 136, 139, 147, 148, 151, 153, 157, 158, 159, 162, 163, 164, 172, 173, 175, 177, 184, 188, 196, 198, 199, 200, 202, 206, 208, 209, 211, 212, 216, 218, 219, 220, 224, 228, 229, 234, 236, 242, 244, 247, 252, 253, 254, 257, 261, 263, 266, 269, 275, 279, 281, 286, 289, 291, 295, 299, 304, 308, 311, 316, 324, 326, 327, 328, 336, 338, 340, 346, 347, 358, 364, 370, 371, 393, 397, 403, 419, 424, 429, 437, 441, 444, 445, 447, 448, 450, 453, 454, 455, 456, 460, 464, 465, 467, 468, 473, 474, 478, 479, 490, 491, 495, 500, 503, 505, 511]
Subround 5
not enough
     Count  Value
200      5    1.0
289      5    1.0
82       5    1.0
173      5    1.0
158      5    1.0
38       5    1.0
261      5    1.0
478      5    1.0
364      5    1.0
21       5    1.0
228      4    0.8
447      4    0.8
163      4    0.8
8        4    0.8
295      4    0.8
279      4    0.8
46       4    0.8
441      4    0.8
454      4    0.8
347      4    0.8
     Count  Value
200      5    1.0
289      5    1.0
82       5    1.0
173      5    1.0
158      5    1.0
38       5    1.0
261      5    1.0
478      5    1.0
364      5    1.0
21       5    1.0
Current: [8, 9, 14, 21, 38, 46, 64, 69, 72, 77, 79, 82, 96, 108, 112, 116, 118, 130, 139, 147, 148, 153, 157, 158, 162, 163, 164, 172, 173, 175, 200, 208, 212, 216, 228, 234, 236, 244, 247, 254, 257, 261, 266, 279, 281, 289, 295, 299, 304, 308, 311, 316, 324, 340, 347, 364, 371, 397, 419, 424, 429, 441, 445, 447, 448, 454, 460, 473, 478, 495]
Subround 6
not enough
     Count     Value
158      6  1.000000
200      6  1.000000
478      6  1.000000
289      6  1.000000
38       5  0.833333
79       5  0.833333
445      5  0.833333
316      5  0.833333
64       5  0.833333
299      5  0.833333
21       5  0.833333
69       5  0.833333
82       5  0.833333
8        5  0.833333
447      5  0.833333
163      5  0.833333
295      5  0.833333
441      5  0.833333
429      5  0.833333
324      5  0.833333
     Count     Value
158      6  1.000000
200      6  1.000000
478      6  1.000000
289      6  1.000000
38       5  0.833333
79       5  0.833333
445      5  0.833333
316      5  0.833333
64       5  0.833333
299      5  0.833333
Current: [8, 21, 38, 64, 69, 79, 82, 158, 162, 163, 164, 172, 173, 200, 212, 234, 236, 244, 257, 261, 266, 289, 295, 299, 316, 324, 364, 371, 397, 429, 441, 445, 447, 460, 478]
Subround 7
not enough
     Count     Value
478      7  1.000000
289      7  1.000000
158      7  1.000000
200      7  1.000000
69       6  0.857143
163      6  0.857143
447      6  0.857143
244      6  0.857143
460      6  0.857143
64       6  0.857143
8        6  0.857143
445      6  0.857143
261      6  0.857143
234      6  0.857143
236      6  0.857143
441      6  0.857143
82       6  0.857143
429      6  0.857143
371      6  0.857143
164      6  0.857143
     Count     Value
478      7  1.000000
289      7  1.000000
158      7  1.000000
200      7  1.000000
69       6  0.857143
163      6  0.857143
447      6  0.857143
244      6  0.857143
460      6  0.857143
64       6  0.857143
Current: [8, 9, 12, 14, 21, 38, 49, 54, 64, 69, 72, 73, 77, 79, 82, 108, 112, 116, 118, 130, 132, 135, 139, 147, 148, 153, 156, 158, 159, 162, 163, 164, 172, 173, 175, 177, 191, 196, 200, 208, 209, 212, 216, 228, 234, 236, 244, 247, 250, 257, 258, 261, 266, 269, 276, 281, 286, 289, 295, 297, 299, 308, 310, 311, 316, 324, 328, 340, 347, 353, 355, 364, 371, 375, 397, 399, 413, 424, 425, 429, 434, 441, 445, 446, 447, 448, 460, 461, 473, 478, 491, 495, 503, 510]
Subround 8
not enough
     Count  Value
200      8  1.000
8        7  0.875
164      7  0.875
158      7  0.875
261      7  0.875
69       7  0.875
441      7  0.875
173      7  0.875
82       7  0.875
289      7  0.875
371      7  0.875
447      7  0.875
478      7  0.875
212      7  0.875
491      6  0.750
64       6  0.750
328      6  0.750
460      6  0.750
139      6  0.750
208      6  0.750
     Count  Value
200      8  1.000
8        7  0.875
164      7  0.875
158      7  0.875
261      7  0.875
69       7  0.875
441      7  0.875
173      7  0.875
82       7  0.875
289      7  0.875
Current: [8, 12, 21, 38, 49, 54, 64, 69, 72, 82, 108, 112, 116, 118, 130, 132, 135, 139, 147, 153, 158, 159, 163, 164, 173, 191, 196, 200, 208, 212, 228, 234, 236, 244, 258, 261, 269, 276, 286, 289, 297, 299, 308, 324, 328, 340, 353, 364, 371, 375, 413, 424, 425, 429, 434, 441, 445, 447, 448, 460, 478, 491, 495, 503, 510]
Subround 9
not enough
     Count     Value
173      8  0.888889
200      8  0.888889
289      8  0.888889
212      8  0.888889
158      8  0.888889
441      8  0.888889
429      7  0.777778
12       7  0.777778
8        7  0.777778
191      7  0.777778
82       7  0.777778
139      7  0.777778
460      7  0.777778
261      7  0.777778
208      7  0.777778
164      7  0.777778
118      7  0.777778
503      7  0.777778
163      7  0.777778
447      7  0.777778
     Count     Value
173      8  0.888889
200      8  0.888889
289      8  0.888889
212      8  0.888889
158      8  0.888889
441      8  0.888889
429      7  0.777778
12       7  0.777778
8        7  0.777778
191      7  0.777778
Current: [8, 12, 69, 72, 82, 118, 130, 139, 158, 159, 163, 164, 173, 191, 200, 208, 212, 236, 261, 289, 297, 353, 371, 425, 429, 441, 445, 447, 460, 478, 503]
Subround 10
     Count  Value
212      9    0.9
289      9    0.9
173      9    0.9
200      9    0.9
158      9    0.9
441      9    0.9
460      8    0.8
69       8    0.8
445      8    0.8
163      8    0.8
429      8    0.8
8        8    0.8
139      8    0.8
208      8    0.8
72       8    0.8
425      8    0.8
503      8    0.8
118      8    0.8
297      8    0.8
269      7    0.7
     Count  Value
212      9    0.9
289      9    0.9
173      9    0.9
200      9    0.9
158      9    0.9
441      9    0.9
460      8    0.8
69       8    0.8
445      8    0.8
163      8    0.8
Current: [8, 69, 72, 118, 139, 158, 163, 173, 200, 208, 212, 289, 297, 425, 429, 441, 445, 460, 503]
Round 2
Subround 1
not enough
     Count     Value
441     10  0.909091
173     10  0.909091
289     10  0.909091
158      9  0.818182
445      9  0.818182
200      9  0.818182
8        9  0.818182
460      9  0.818182
208      9  0.818182
69       9  0.818182
212      9  0.818182
163      9  0.818182
297      9  0.818182
425      8  0.727273
139      8  0.727273
429      8  0.727273
503      8  0.727273
72       8  0.727273
118      8  0.727273
244      7  0.636364
     Count  Value
445      1    1.0
208      1    1.0
163      1    1.0
173      1    1.0
297      1    1.0
441      1    1.0
8        1    1.0
289      1    1.0
460      1    1.0
69       1    1.0
Current: [8, 69, 158, 163, 173, 200, 208, 212, 289, 297, 441, 445, 460]
Subround 2
not enough
     Count     Value
173     11  0.916667
289     11  0.916667
441     10  0.833333
8       10  0.833333
460     10  0.833333
297     10  0.833333
69      10  0.833333
158      9  0.750000
445      9  0.750000
200      9  0.750000
139      9  0.750000
208      9  0.750000
212      9  0.750000
72       9  0.750000
163      9  0.750000
118      9  0.750000
503      9  0.750000
425      8  0.666667
429      8  0.666667
269      7  0.583333
     Count  Value
173      2    1.0
297      2    1.0
8        2    1.0
289      2    1.0
460      2    1.0
69       2    1.0
445      1    0.5
208      1    0.5
163      1    0.5
441      1    0.5
Current: [8, 69, 173, 289, 297, 441, 460]
Subround 3
not enough
     Count     Value
173     12  0.923077
289     12  0.923077
441     11  0.846154
69      11  0.846154
503     10  0.769231
445     10  0.769231
200     10  0.769231
8       10  0.769231
460     10  0.769231
208     10  0.769231
212     10  0.769231
297     10  0.769231
72       9  0.692308
139      9  0.692308
163      9  0.692308
158      9  0.692308
429      9  0.692308
118      9  0.692308
425      8  0.615385
442      7  0.538462
     Count     Value
289      3  1.000000
173      3  1.000000
69       3  1.000000
445      2  0.666667
503      2  0.666667
208      2  0.666667
460      2  0.666667
8        2  0.666667
441      2  0.666667
297      2  0.666667
Current: [69, 173, 289, 441]
Subround 4
not enough
     Count     Value
173     13  0.928571
441     12  0.857143
289     12  0.857143
69      12  0.857143
445     11  0.785714
200     11  0.785714
208     11  0.785714
503     10  0.714286
8       10  0.714286
460     10  0.714286
139     10  0.714286
212     10  0.714286
72      10  0.714286
429     10  0.714286
163     10  0.714286
297     10  0.714286
158      9  0.642857
118      9  0.642857
425      8  0.571429
442      7  0.500000
     Count  Value
173      4   1.00
69       4   1.00
445      3   0.75
441      3   0.75
289      3   0.75
208      3   0.75
503      2   0.50
200      2   0.50
72       2   0.50
139      2   0.50
Current: [69, 173, 289, 441]
Subround 5
not enough
     Count     Value
173     13  0.866667
441     12  0.800000
200     12  0.800000
289     12  0.800000
69      12  0.800000
297     11  0.733333
445     11  0.733333
460     11  0.733333
139     11  0.733333
208     11  0.733333
72      11  0.733333
163     11  0.733333
429     11  0.733333
212     10  0.666667
503     10  0.666667
158     10  0.666667
8       10  0.666667
425      9  0.600000
118      9  0.600000
442      7  0.466667
     Count  Value
173      4    0.8
69       4    0.8
445      3    0.6
72       3    0.6
163      3    0.6
297      3    0.6
441      3    0.6
429      3    0.6
289      3    0.6
460      3    0.6
Current: [173]
Subround 6
not enough
     Count   Value
441     13  0.8125
69      13  0.8125
173     13  0.8125
200     13  0.8125
289     12  0.7500
139     12  0.7500
163     12  0.7500
445     12  0.7500
212     11  0.6875
429     11  0.6875
72      11  0.6875
297     11  0.6875
158     11  0.6875
460     11  0.6875
208     11  0.6875
425     10  0.6250
8       10  0.6250
503     10  0.6250
118      9  0.5625
244      7  0.4375
     Count     Value
69       5  0.833333
445      4  0.666667
200      4  0.666667
163      4  0.666667
173      4  0.666667
441      4  0.666667
139      4  0.666667
297      3  0.500000
289      3  0.500000
460      3  0.500000
Current: [69, 173, 200, 441]
Subround 7
not enough
     Count     Value
441     14  0.823529
173     13  0.764706
69      13  0.764706
163     13  0.764706
200     13  0.764706
72      12  0.705882
289     12  0.705882
445     12  0.705882
297     12  0.705882
460     12  0.705882
158     12  0.705882
139     12  0.705882
208     11  0.647059
425     11  0.647059
503     11  0.647059
212     11  0.647059
429     11  0.647059
8       10  0.588235
118     10  0.588235
478      7  0.411765
     Count     Value
163      5  0.714286
441      5  0.714286
69       5  0.714286
445      4  0.571429
72       4  0.571429
173      4  0.571429
297      4  0.571429
460      4  0.571429
139      4  0.571429
200      4  0.571429
Current: [441]
Subround 8
not enough
     Count     Value
69      14  0.777778
441     14  0.777778
173     13  0.722222
200     13  0.722222
72      13  0.722222
445     13  0.722222
163     13  0.722222
289     13  0.722222
158     13  0.722222
139     13  0.722222
212     12  0.666667
297     12  0.666667
503     12  0.666667
208     12  0.666667
460     12  0.666667
118     11  0.611111
425     11  0.611111
429     11  0.611111
8       10  0.555556
478      7  0.388889
     Count  Value
69       6  0.750
445      5  0.625
163      5  0.625
441      5  0.625
72       5  0.625
139      5  0.625
158      4  0.500
200      4  0.500
208      4  0.500
503      4  0.500
no winner, not enough
Current: []
Subround 9
not enough
     Count     Value
441     15  0.789474
173     14  0.736842
200     14  0.736842
158     14  0.736842
69      14  0.736842
163     14  0.736842
297     13  0.684211
289     13  0.684211
445     13  0.684211
72      13  0.684211
139     13  0.684211
212     12  0.631579
503     12  0.631579
425     12  0.631579
208     12  0.631579
460     12  0.631579
429     12  0.631579
118     11  0.578947
8       11  0.578947
23       8  0.421053
     Count     Value
163      6  0.666667
441      6  0.666667
69       6  0.666667
445      5  0.555556
72       5  0.555556
173      5  0.555556
297      5  0.555556
158      5  0.555556
200      5  0.555556
139      5  0.555556
no winner, not enough
Current: []
Subround 10
     Count  Value
441     16   0.80
173     15   0.75
200     15   0.75
69      15   0.75
163     14   0.70
445     14   0.70
289     14   0.70
158     14   0.70
212     13   0.65
297     13   0.65
425     13   0.65
72      13   0.65
139     13   0.65
429     13   0.65
503     12   0.60
208     12   0.60
460     12   0.60
118     11   0.55
8       11   0.55
23       9   0.45
     Count  Value
441      7    0.7
69       7    0.7
445      6    0.6
163      6    0.6
173      6    0.6
200      6    0.6
139      5    0.5
158      5    0.5
23       5    0.5
429      5    0.5
no winner, not enough
Current: []
Subround 11
     Count     Value
173     16  0.761905
441     16  0.761905
200     16  0.761905
289     15  0.714286
69      15  0.714286
212     14  0.666667
163     14  0.666667
445     14  0.666667
158     14  0.666667
72      14  0.666667
297     13  0.619048
503     13  0.619048
425     13  0.619048
208     13  0.619048
139     13  0.619048
460     13  0.619048
429     13  0.619048
118     12  0.571429
8       12  0.571429
23       9  0.428571
     Count     Value
173      7  0.636364
441      7  0.636364
69       7  0.636364
200      7  0.636364
445      6  0.545455
72       6  0.545455
163      6  0.545455
289      6  0.545455
158      5  0.454545
23       5  0.454545
no winner, not enough
Current: []
Subround 12
     Count     Value
173     17  0.772727
200     17  0.772727
441     16  0.727273
289     16  0.727273
69      16  0.727273
163     15  0.681818
72      15  0.681818
212     14  0.636364
445     14  0.636364
158     14  0.636364
208     14  0.636364
139     14  0.636364
460     14  0.636364
297     13  0.590909
503     13  0.590909
425     13  0.590909
429     13  0.590909
118     12  0.545455
8       12  0.545455
23      10  0.454545
     Count     Value
200      8  0.666667
173      8  0.666667
69       8  0.666667
163      7  0.583333
441      7  0.583333
289      7  0.583333
72       7  0.583333
445      6  0.500000
23       6  0.500000
460      6  0.500000
no winner, not enough
Current: []
Subround 13
     Count     Value
200     18  0.782609
173     17  0.739130
289     17  0.739130
441     16  0.695652
69      16  0.695652
212     15  0.652174
163     15  0.652174
445     15  0.652174
72      15  0.652174
460     15  0.652174
503     14  0.608696
158     14  0.608696
425     14  0.608696
208     14  0.608696
139     14  0.608696
429     14  0.608696
297     13  0.565217
118     13  0.565217
8       13  0.565217
23      10  0.434783
     Count     Value
200      9  0.692308
173      8  0.615385
289      8  0.615385
69       8  0.615385
445      7  0.538462
72       7  0.538462
163      7  0.538462
441      7  0.538462
460      7  0.538462
23       6  0.461538
no winner, not enough
Current: []
Subround 14
     Count     Value
200     18  0.750000
289     18  0.750000
173     17  0.708333
441     17  0.708333
69      17  0.708333
163     16  0.666667
445     16  0.666667
212     15  0.625000
158     15  0.625000
425     15  0.625000
72      15  0.625000
139     15  0.625000
460     15  0.625000
297     14  0.583333
503     14  0.583333
208     14  0.583333
429     14  0.583333
118     14  0.583333
8       13  0.541667
23      10  0.416667
     Count     Value
69       9  0.642857
200      9  0.642857
289      9  0.642857
445      8  0.571429
163      8  0.571429
173      8  0.571429
441      8  0.571429
72       7  0.500000
139      7  0.500000
425      7  0.500000
no winner, not enough
Current: []
Subround 15
     Count  Value
173     18   0.72
441     18   0.72
200     18   0.72
289     18   0.72
69      18   0.72
163     17   0.68
212     16   0.64
445     16   0.64
158     16   0.64
425     16   0.64
72      16   0.64
503     15   0.60
139     15   0.60
460     15   0.60
118     15   0.60
297     14   0.56
208     14   0.56
429     14   0.56
8       13   0.52
23      10   0.40
     Count     Value
69      10  0.666667
163      9  0.600000
173      9  0.600000
200      9  0.600000
441      9  0.600000
289      9  0.600000
445      8  0.533333
72       8  0.533333
425      8  0.533333
460      7  0.466667
no winner, not enough
Current: []
Subround 16
     Count     Value
173     19  0.730769
441     19  0.730769
289     19  0.730769
69      19  0.730769
163     18  0.692308
200     18  0.692308
425     17  0.653846
72      17  0.653846
212     16  0.615385
445     16  0.615385
503     16  0.615385
158     16  0.615385
118     16  0.615385
429     15  0.576923
139     15  0.576923
460     15  0.576923
297     14  0.538462
208     14  0.538462
8       13  0.500000
23      10  0.384615
     Count   Value
69      11  0.6875
163     10  0.6250
173     10  0.6250
441     10  0.6250
289     10  0.6250
425      9  0.5625
200      9  0.5625
72       9  0.5625
118      8  0.5000
445      8  0.5000
no winner, not enough
Current: []
Subround 17
     Count     Value
69      20  0.740741
289     20  0.740741
441     20  0.740741
163     19  0.703704
173     19  0.703704
200     18  0.666667
212     17  0.629630
503     17  0.629630
425     17  0.629630
72      17  0.629630
118     17  0.629630
445     16  0.592593
429     16  0.592593
158     16  0.592593
460     16  0.592593
208     15  0.555556
139     15  0.555556
297     14  0.518519
8       13  0.481481
23      10  0.370370
     Count     Value
69      12  0.705882
163     11  0.647059
441     11  0.647059
289     11  0.647059
173     10  0.588235
503      9  0.529412
200      9  0.529412
72       9  0.529412
118      9  0.529412
425      9  0.529412
no winner, not enough
Current: []
Subround 18
     Count     Value
69      21  0.750000
441     20  0.714286
289     20  0.714286
173     20  0.714286
163     19  0.678571
200     19  0.678571
425     18  0.642857
212     17  0.607143
445     17  0.607143
503     17  0.607143
429     17  0.607143
72      17  0.607143
460     17  0.607143
118     17  0.607143
158     16  0.571429
208     16  0.571429
139     16  0.571429
297     14  0.500000
8       14  0.500000
23      10  0.357143
     Count     Value
69      13  0.722222
163     11  0.611111
173     11  0.611111
441     11  0.611111
289     11  0.611111
425     10  0.555556
200     10  0.555556
118      9  0.500000
429      9  0.500000
72       9  0.500000
no winner, not enough
Current: []
Subround 19
     Count     Value
69      21  0.724138
441     21  0.724138
163     20  0.689655
289     20  0.689655
173     20  0.689655
425     19  0.655172
200     19  0.655172
212     18  0.620690
429     18  0.620690
72      18  0.620690
460     18  0.620690
445     17  0.586207
503     17  0.586207
139     17  0.586207
118     17  0.586207
158     16  0.551724
208     16  0.551724
297     15  0.517241
8       14  0.482759
23      11  0.379310
     Count     Value
69      13  0.684211
163     12  0.631579
441     12  0.631579
425     11  0.578947
173     11  0.578947
289     11  0.578947
429     10  0.526316
200     10  0.526316
460     10  0.526316
72      10  0.526316
no winner, not enough
Current: []
Subround 20
     Count     Value
441     22  0.733333
69      21  0.700000
163     21  0.700000
425     20  0.666667
289     20  0.666667
173     20  0.666667
429     19  0.633333
460     19  0.633333
200     19  0.633333
212     18  0.600000
72      18  0.600000
118     18  0.600000
503     17  0.566667
445     17  0.566667
158     17  0.566667
208     17  0.566667
139     17  0.566667
297     16  0.533333
8       14  0.466667
23      12  0.400000
     Count  Value
163     13   0.65
441     13   0.65
69      13   0.65
425     12   0.60
173     11   0.55
429     11   0.55
289     11   0.55
460     11   0.55
118     10   0.50
200     10   0.50
no winner, not enough
Current: []
Subround 21
     Count     Value
441     23  0.741935
69      22  0.709677
163     21  0.677419
289     21  0.677419
173     21  0.677419
425     20  0.645161
200     20  0.645161
212     19  0.612903
429     19  0.612903
72      19  0.612903
460     19  0.612903
503     18  0.580645
139     18  0.580645
118     18  0.580645
445     17  0.548387
158     17  0.548387
208     17  0.548387
297     16  0.516129
8       15  0.483871
23      12  0.387097
     Count     Value
441     14  0.666667
69      14  0.666667
163     13  0.619048
425     12  0.571429
173     12  0.571429
289     12  0.571429
429     11  0.523810
200     11  0.523810
460     11  0.523810
72      11  0.523810
no winner, not enough
Current: []
Subround 22
     Count    Value
69      23  0.71875
441     23  0.71875
289     22  0.68750
173     22  0.68750
163     21  0.65625
425     21  0.65625
200     21  0.65625
72      20  0.62500
212     19  0.59375
429     19  0.59375
139     19  0.59375
460     19  0.59375
503     18  0.56250
158     18  0.56250
118     18  0.56250
297     17  0.53125
445     17  0.53125
208     17  0.53125
8       16  0.50000
23      12  0.37500
     Count     Value
69      15  0.681818
441     14  0.636364
425     13  0.590909
163     13  0.590909
173     13  0.590909
289     13  0.590909
72      12  0.545455
200     12  0.545455
429     11  0.500000
460     11  0.500000
no winner, not enough
Current: []
Subround 23
     Count     Value
441     24  0.727273
69      23  0.696970
200     22  0.666667
289     22  0.666667
173     22  0.666667
163     21  0.636364
425     21  0.636364
212     20  0.606061
72      20  0.606061
460     20  0.606061
429     20  0.606061
503     19  0.575758
139     19  0.575758
118     19  0.575758
297     18  0.545455
445     18  0.545455
158     18  0.545455
208     17  0.515152
8       17  0.515152
23      12  0.363636
     Count     Value
441     15  0.652174
69      15  0.652174
425     13  0.565217
163     13  0.565217
173     13  0.565217
200     13  0.565217
289     13  0.565217
429     12  0.521739
460     12  0.521739
72      12  0.521739
no winner, not enough
Current: []
Subround 24
     Count     Value
441     24  0.705882
69      23  0.676471
200     23  0.676471
289     22  0.647059
173     22  0.647059
163     22  0.647059
212     21  0.617647
425     21  0.617647
72      21  0.617647
460     21  0.617647
429     20  0.588235
118     20  0.588235
297     19  0.558824
503     19  0.558824
445     19  0.558824
139     19  0.558824
158     18  0.529412
8       18  0.529412
208     17  0.500000
23      13  0.382353
     Count     Value
441     15  0.625000
69      15  0.625000
163     14  0.583333
200     14  0.583333
425     13  0.541667
173     13  0.541667
289     13  0.541667
460     13  0.541667
72      13  0.541667
118     12  0.500000
no winner, not enough
Current: []
Subround 25
     Count     Value
441     25  0.714286
69      23  0.657143
200     23  0.657143
289     23  0.657143
460     22  0.628571
72      22  0.628571
425     22  0.628571
173     22  0.628571
212     22  0.628571
163     22  0.628571
429     21  0.600000
503     20  0.571429
118     20  0.571429
297     19  0.542857
158     19  0.542857
139     19  0.542857
445     19  0.542857
8       18  0.514286
208     17  0.485714
23      14  0.400000
     Count  Value
441     16   0.64
69      15   0.60
425     14   0.56
163     14   0.56
200     14   0.56
289     14   0.56
460     14   0.56
72      14   0.56
173     13   0.52
429     13   0.52
no winner, not enough
Current: []
Subround 26
     Count     Value
441     25  0.694444
200     24  0.666667
173     23  0.638889
425     23  0.638889
289     23  0.638889
69      23  0.638889
212     23  0.638889
163     23  0.638889
72      22  0.611111
460     22  0.611111
429     21  0.583333
297     20  0.555556
503     20  0.555556
158     20  0.555556
445     20  0.555556
118     20  0.555556
139     19  0.527778
8       19  0.527778
208     18  0.500000
23      14  0.388889
     Count     Value
441     16  0.615385
425     15  0.576923
163     15  0.576923
200     15  0.576923
69      15  0.576923
173     14  0.538462
289     14  0.538462
460     14  0.538462
212     14  0.538462
72      14  0.538462
no winner, not enough
Current: []
Subround 27
     Count     Value
441     26  0.702703
69      24  0.648649
200     24  0.648649
425     24  0.648649
289     24  0.648649
460     23  0.621622
72      23  0.621622
173     23  0.621622
212     23  0.621622
163     23  0.621622
503     21  0.567568
429     21  0.567568
118     21  0.567568
297     20  0.540541
158     20  0.540541
139     20  0.540541
445     20  0.540541
8       19  0.513514
208     18  0.486486
23      15  0.405405
     Count     Value
441     17  0.629630
425     16  0.592593
69      16  0.592593
163     15  0.555556
200     15  0.555556
289     15  0.555556
460     15  0.555556
72      15  0.555556
173     14  0.518519
212     14  0.518519
no winner, not enough
Current: []
Subround 28
     Count     Value
441     26  0.684211
289     25  0.657895
200     25  0.657895
69      24  0.631579
163     24  0.631579
212     24  0.631579
425     24  0.631579
460     23  0.605263
72      23  0.605263
173     23  0.605263
503     22  0.578947
118     22  0.578947
297     21  0.552632
139     21  0.552632
429     21  0.552632
158     20  0.526316
445     20  0.526316
208     19  0.500000
8       19  0.500000
23      16  0.421053
     Count     Value
441     17  0.607143
425     16  0.571429
163     16  0.571429
200     16  0.571429
289     16  0.571429
69      16  0.571429
212     15  0.535714
72      15  0.535714
460     15  0.535714
118     14  0.500000
no winner, not enough
Current: []
Subround 29
     Count     Value
441     26  0.666667
69      25  0.641026
289     25  0.641026
200     25  0.641026
212     25  0.641026
425     25  0.641026
460     24  0.615385
72      24  0.615385
173     24  0.615385
163     24  0.615385
503     22  0.564103
429     22  0.564103
118     22  0.564103
158     21  0.538462
297     21  0.538462
139     21  0.538462
445     21  0.538462
8       20  0.512821
208     19  0.487179
23      16  0.410256
     Count     Value
425     17  0.586207
441     17  0.586207
69      17  0.586207
163     16  0.551724
200     16  0.551724
289     16  0.551724
460     16  0.551724
212     16  0.551724
72      16  0.551724
173     15  0.517241
no winner, not enough
Current: []
Subround 30
     Count  Value
289     26  0.650
212     26  0.650
441     26  0.650
425     26  0.650
69      25  0.625
200     25  0.625
460     25  0.625
163     25  0.625
72      24  0.600
173     24  0.600
429     23  0.575
118     23  0.575
503     22  0.550
297     22  0.550
445     22  0.550
158     21  0.525
139     21  0.525
208     20  0.500
8       20  0.500
23      16  0.400
     Count     Value
425     18  0.600000
163     17  0.566667
441     17  0.566667
289     17  0.566667
460     17  0.566667
69      17  0.566667
212     17  0.566667
200     16  0.533333
72      16  0.533333
118     15  0.500000
Rest half winner
Current: [0, 3, 5, 8, 9, 10, 12, 14, 17, 21, 23, 26, 27, 30, 32, 34, 38, 40, 41, 42, 46, 47, 48, 49, 50, 52, 53, 54, 55, 56, 59, 60, 61, 64, 66, 67, 69, 70, 72, 73, 74, 76, 77, 79, 82, 83, 84, 85, 87, 96, 100, 101, 103, 104, 105, 107, 108, 112, 116, 117, 118, 119, 121, 122, 124, 126, 127, 130, 131, 132, 134, 135, 136, 139, 140, 141, 142, 143, 145, 146, 147, 150, 153, 155, 156, 157, 158, 159, 161, 162, 163, 164, 165, 166, 169, 170, 173, 175, 177, 181, 183, 184, 187, 188, 189, 191, 194, 196, 198, 199, 200, 201, 202, 203, 206, 208, 209, 210, 211, 212, 216, 218, 220, 222, 223, 224, 225, 227, 228, 230, 231, 232, 233, 234, 236, 239, 244, 250, 254, 257, 258, 260, 261, 262, 263, 266, 267, 268, 269, 270, 272, 276, 278, 279, 281, 282, 286, 289, 291, 293, 295, 297, 299, 301, 302, 303, 305, 308, 309, 310, 311, 313, 316, 319, 320, 324, 326, 328, 329, 331, 332, 333, 336, 340, 341, 344, 345, 347, 348, 349, 351, 352, 353, 355, 357, 360, 361, 364, 365, 366, 368, 369, 370, 371, 372, 373, 375, 377, 378, 382, 384, 390, 392, 394, 397, 399, 403, 405, 409, 410, 413, 417, 419, 420, 424, 425, 429, 433, 434, 437, 439, 441, 442, 444, 445, 446, 447, 448, 452, 453, 456, 460, 465, 468, 470, 473, 478, 482, 486, 490, 491, 495, 500, 503, 510, 511]
Round 3
Subround 1
not enough
     Count  Value
261      1    1.0
434      1    1.0
146      1    1.0
244      1    1.0
73       1    1.0
268      1    1.0
67       1    1.0
69       1    1.0
189      1    1.0
47       1    1.0
278      1    1.0
348      1    1.0
324      1    1.0
257      1    1.0
116      1    1.0
112      1    1.0
141      1    1.0
108      1    1.0
419      1    1.0
126      1    1.0
     Count  Value
261      1    1.0
434      1    1.0
146      1    1.0
244      1    1.0
73       1    1.0
268      1    1.0
67       1    1.0
69       1    1.0
189      1    1.0
47       1    1.0
Current: [0, 3, 8, 9, 12, 14, 21, 23, 26, 27, 32, 42, 46, 47, 48, 49, 54, 55, 59, 66, 67, 69, 70, 72, 73, 77, 79, 83, 104, 105, 108, 112, 116, 121, 122, 126, 127, 131, 134, 136, 139, 140, 141, 143, 145, 146, 150, 153, 165, 181, 187, 188, 189, 191, 194, 198, 200, 203, 206, 211, 216, 218, 224, 225, 231, 236, 239, 244, 250, 257, 258, 261, 263, 268, 269, 270, 278, 282, 286, 291, 297, 302, 308, 309, 313, 316, 320, 324, 328, 332, 341, 344, 345, 348, 349, 352, 357, 360, 364, 365, 368, 369, 371, 377, 384, 390, 397, 399, 403, 405, 410, 417, 419, 420, 425, 429, 434, 437, 441, 442, 446, 448, 456, 460, 468, 473, 482, 495]
Subround 2
not enough
     Count  Value
59       2    1.0
384      2    1.0
405      2    1.0
309      2    1.0
282      2    1.0
291      2    1.0
23       2    1.0
420      2    1.0
349      2    1.0
134      2    1.0
21       2    1.0
198      2    1.0
278      2    1.0
72       2    1.0
14       2    1.0
360      2    1.0
188      2    1.0
410      2    1.0
46       2    1.0
127      2    1.0
     Count  Value
59       2    1.0
384      2    1.0
405      2    1.0
309      2    1.0
282      2    1.0
291      2    1.0
23       2    1.0
420      2    1.0
349      2    1.0
134      2    1.0
Current: [9, 14, 21, 23, 26, 42, 46, 49, 54, 59, 67, 72, 73, 77, 105, 112, 116, 127, 134, 139, 140, 141, 153, 181, 187, 188, 198, 200, 206, 218, 224, 236, 239, 250, 263, 268, 269, 270, 278, 282, 291, 297, 309, 316, 328, 332, 345, 348, 349, 352, 360, 384, 405, 410, 419, 420, 425, 437, 442, 460, 482]
Subround 3
not enough
     Count  Value
316      3    1.0
437      3    1.0
198      3    1.0
21       3    1.0
349      3    1.0
384      3    1.0
59       3    1.0
200      3    1.0
134      3    1.0
297      3    1.0
14       3    1.0
309      3    1.0
23       3    1.0
269      3    1.0
410      3    1.0
77       3    1.0
239      3    1.0
153      3    1.0
105      3    1.0
348      3    1.0
     Count  Value
316      3    1.0
437      3    1.0
198      3    1.0
21       3    1.0
349      3    1.0
384      3    1.0
59       3    1.0
200      3    1.0
134      3    1.0
297      3    1.0
Current: [14, 21, 23, 59, 77, 105, 134, 139, 153, 198, 200, 218, 239, 263, 268, 269, 297, 309, 316, 328, 348, 349, 352, 384, 410, 437]
Subround 4
not enough
     Count  Value
352      4   1.00
200      4   1.00
23       4   1.00
437      4   1.00
14       4   1.00
410      4   1.00
134      4   1.00
348      4   1.00
384      4   1.00
198      4   1.00
349      4   1.00
139      3   0.75
112      3   0.75
108      3   0.75
419      3   0.75
79       3   0.75
328      3   0.75
289      3   0.75
96       3   0.75
231      3   0.75
     Count  Value
352      4    1.0
200      4    1.0
23       4    1.0
437      4    1.0
14       4    1.0
410      4    1.0
134      4    1.0
348      4    1.0
384      4    1.0
198      4    1.0
Current: [14, 23, 134, 198, 200, 348, 349, 352, 384, 410, 437]
Subround 5
not enough
     Count  Value
14       5    1.0
198      5    1.0
384      5    1.0
410      5    1.0
231      4    0.8
41       4    0.8
59       4    0.8
456      4    0.8
349      4    0.8
239      4    0.8
200      4    0.8
134      4    0.8
309      4    0.8
405      4    0.8
206      4    0.8
96       4    0.8
23       4    0.8
437      4    0.8
153      4    0.8
308      4    0.8
     Count  Value
14       5    1.0
198      5    1.0
384      5    1.0
410      5    1.0
231      4    0.8
41       4    0.8
59       4    0.8
456      4    0.8
349      4    0.8
239      4    0.8
Current: [14, 198, 384, 410]
Subround 6
not enough
     Count     Value
198      6  1.000000
384      6  1.000000
14       6  1.000000
206      5  0.833333
139      5  0.833333
349      5  0.833333
34       5  0.833333
231      5  0.833333
410      5  0.833333
308      5  0.833333
419      5  0.833333
316      5  0.833333
69       5  0.833333
0        5  0.833333
23       5  0.833333
409      5  0.833333
41       5  0.833333
200      5  0.833333
187      5  0.833333
59       5  0.833333
     Count     Value
198      6  1.000000
384      6  1.000000
14       6  1.000000
206      5  0.833333
139      5  0.833333
349      5  0.833333
34       5  0.833333
231      5  0.833333
410      5  0.833333
308      5  0.833333
Current: [0, 14, 23, 34, 41, 59, 69, 139, 187, 198, 200, 206, 231, 308, 316, 349, 384, 409, 410, 419]
Subround 7
not enough
     Count     Value
14       7  1.000000
384      6  0.857143
69       6  0.857143
316      6  0.857143
41       6  0.857143
231      6  0.857143
409      6  0.857143
308      6  0.857143
349      6  0.857143
198      6  0.857143
341      5  0.714286
139      5  0.714286
0        5  0.714286
446      5  0.714286
410      5  0.714286
17       5  0.714286
437      5  0.714286
309      5  0.714286
79       5  0.714286
328      5  0.714286
     Count     Value
14       7  1.000000
384      6  0.857143
69       6  0.857143
316      6  0.857143
41       6  0.857143
231      6  0.857143
409      6  0.857143
308      6  0.857143
349      6  0.857143
198      6  0.857143
Current: [14, 41, 69, 198, 231, 308, 316, 349, 384, 409]
Subround 8
not enough
     Count  Value
14       8  1.000
316      7  0.875
349      7  0.875
41       7  0.875
231      7  0.875
341      6  0.750
181      6  0.750
390      6  0.750
332      6  0.750
409      6  0.750
371      6  0.750
384      6  0.750
69       6  0.750
134      6  0.750
0        6  0.750
446      6  0.750
291      6  0.750
352      6  0.750
324      6  0.750
198      6  0.750
     Count  Value
14       8  1.000
316      7  0.875
349      7  0.875
41       7  0.875
231      7  0.875
341      6  0.750
181      6  0.750
390      6  0.750
332      6  0.750
409      6  0.750
Current: [14, 41, 231, 316, 349]
Subround 9
not enough
     Count     Value
14       9  1.000000
231      8  0.888889
316      7  0.777778
181      7  0.777778
308      7  0.777778
437      7  0.777778
349      7  0.777778
134      7  0.777778
384      7  0.777778
41       7  0.777778
69       7  0.777778
324      7  0.777778
352      7  0.777778
409      6  0.666667
410      6  0.666667
261      6  0.666667
446      6  0.666667
139      6  0.666667
341      6  0.666667
473      6  0.666667
     Count     Value
14       9  1.000000
231      8  0.888889
316      7  0.777778
181      7  0.777778
308      7  0.777778
437      7  0.777778
349      7  0.777778
134      7  0.777778
384      7  0.777778
41       7  0.777778
Current: [14, 231]
Subround 10
     Count  Value
14      10    1.0
41       8    0.8
349      8    0.8
352      8    0.8
69       8    0.8
316      8    0.8
231      8    0.8
181      8    0.8
324      8    0.8
198      7    0.7
54       7    0.7
200      7    0.7
134      7    0.7
365      7    0.7
448      7    0.7
23       7    0.7
384      7    0.7
261      7    0.7
409      7    0.7
0        7    0.7
     Count  Value
14      10    1.0
41       8    0.8
349      8    0.8
352      8    0.8
69       8    0.8
316      8    0.8
231      8    0.8
181      8    0.8
324      8    0.8
198      7    0.7
Current: [14]
Winning offset:
[14]
2021-09-07 14:03:46.171811
2021-09-07 14:09:45.602139
0:05:59.430328
