Loading page file profiles/packet3/pages/0x6e4a.yaml
Loading page file profiles/packet3/pages/0x6e60.yaml
Loading page file profiles/packet3/pages/0x6ee3.yaml
Loading page file profiles/packet3/pages/0x7241.yaml
Loading page file profiles/packet3/pages/0x7242.yaml
Loading page file profiles/packet3/pages/0x7243.yaml
Loading page file profiles/packet3/pages/0x7244.yaml
Round 1
Subround 1
not enough
     Count  Value
30       1    1.0
134      1    1.0
284      1    1.0
252      1    1.0
135      1    1.0
416      1    1.0
507      1    1.0
157      1    1.0
115      1    1.0
326      1    1.0
113      1    1.0
174      1    1.0
353      1    1.0
504      1    1.0
334      1    1.0
488      1    1.0
341      1    1.0
67       1    1.0
283      1    1.0
65       1    1.0
     Count  Value
30       1    1.0
134      1    1.0
284      1    1.0
252      1    1.0
135      1    1.0
416      1    1.0
507      1    1.0
157      1    1.0
115      1    1.0
326      1    1.0
Current: [1, 3, 5, 6, 9, 12, 14, 15, 17, 18, 19, 20, 21, 22, 24, 27, 30, 32, 33, 40, 41, 43, 47, 48, 51, 52, 53, 54, 59, 63, 65, 66, 67, 68, 73, 78, 80, 82, 83, 85, 87, 88, 92, 93, 99, 100, 103, 105, 107, 109, 110, 111, 113, 114, 115, 117, 120, 122, 126, 127, 128, 129, 132, 134, 135, 138, 141, 146, 147, 151, 153, 157, 158, 161, 162, 163, 166, 167, 168, 169, 170, 172, 174, 175, 181, 182, 183, 184, 185, 187, 189, 191, 193, 196, 197, 198, 201, 203, 205, 206, 208, 211, 214, 216, 218, 219, 222, 224, 225, 226, 228, 231, 235, 236, 237, 238, 240, 244, 245, 246, 247, 249, 250, 251, 252, 253, 255, 257, 258, 261, 263, 264, 265, 266, 277, 278, 280, 283, 284, 286, 287, 289, 294, 295, 302, 303, 305, 306, 307, 309, 310, 311, 314, 315, 320, 322, 323, 326, 328, 329, 331, 332, 334, 335, 336, 337, 338, 341, 343, 344, 347, 348, 351, 352, 353, 354, 356, 357, 359, 361, 363, 367, 370, 373, 374, 376, 379, 380, 381, 388, 389, 390, 391, 392, 394, 399, 400, 402, 403, 408, 410, 414, 416, 418, 419, 422, 424, 426, 427, 428, 430, 431, 432, 433, 436, 438, 439, 441, 442, 443, 445, 447, 449, 450, 451, 452, 453, 454, 455, 456, 463, 464, 465, 468, 471, 472, 474, 476, 477, 478, 479, 480, 483, 484, 488, 489, 490, 494, 497, 498, 499, 500, 502, 504, 507, 510]
Subround 2
not enough
     Count  Value
30       2    1.0
468      2    1.0
344      2    1.0
477      2    1.0
351      2    1.0
110      2    1.0
27       2    1.0
394      2    1.0
449      2    1.0
489      2    1.0
211      2    1.0
214      2    1.0
352      2    1.0
399      2    1.0
428      2    1.0
250      2    1.0
153      2    1.0
287      2    1.0
455      2    1.0
306      2    1.0
     Count  Value
30       2    1.0
468      2    1.0
344      2    1.0
477      2    1.0
351      2    1.0
110      2    1.0
27       2    1.0
394      2    1.0
449      2    1.0
489      2    1.0
Current: [1, 3, 5, 6, 14, 15, 17, 18, 20, 24, 27, 30, 33, 41, 47, 53, 54, 59, 66, 68, 73, 78, 80, 82, 87, 88, 99, 105, 107, 109, 110, 117, 120, 122, 126, 128, 129, 132, 147, 153, 157, 162, 166, 167, 172, 174, 175, 183, 184, 193, 201, 211, 214, 219, 222, 226, 237, 245, 249, 250, 251, 258, 261, 266, 277, 278, 280, 284, 286, 287, 289, 303, 306, 309, 314, 320, 322, 323, 335, 336, 344, 347, 348, 351, 352, 356, 359, 373, 374, 380, 381, 389, 392, 394, 399, 400, 402, 403, 408, 414, 416, 418, 426, 427, 428, 432, 439, 442, 443, 445, 447, 449, 451, 452, 455, 456, 468, 472, 477, 488, 489, 490, 494, 497, 500, 502, 504, 510]
Subround 3
not enough
     Count  Value
30       3    1.0
278      3    1.0
5        3    1.0
389      3    1.0
426      3    1.0
336      3    1.0
445      3    1.0
494      3    1.0
277      3    1.0
497      3    1.0
172      3    1.0
289      3    1.0
303      3    1.0
54       3    1.0
147      3    1.0
107      3    1.0
380      3    1.0
59       3    1.0
439      3    1.0
41       3    1.0
     Count  Value
30       3    1.0
278      3    1.0
5        3    1.0
389      3    1.0
426      3    1.0
336      3    1.0
445      3    1.0
494      3    1.0
277      3    1.0
497      3    1.0
Current: [1, 5, 6, 14, 18, 27, 30, 41, 54, 59, 107, 110, 147, 167, 172, 214, 219, 251, 266, 277, 278, 284, 287, 289, 303, 320, 335, 336, 344, 352, 380, 389, 394, 426, 439, 445, 456, 488, 494, 497]
Subround 4
not enough
     Count  Value
344      4   1.00
251      4   1.00
172      4   1.00
277      4   1.00
214      4   1.00
352      4   1.00
445      4   1.00
426      4   1.00
287      4   1.00
284      4   1.00
488      4   1.00
320      4   1.00
107      4   1.00
497      4   1.00
278      4   1.00
389      4   1.00
14       4   1.00
451      3   0.75
92       3   0.75
27       3   0.75
     Count  Value
344      4    1.0
251      4    1.0
172      4    1.0
277      4    1.0
214      4    1.0
352      4    1.0
445      4    1.0
426      4    1.0
287      4    1.0
284      4    1.0
Current: [1, 3, 5, 6, 12, 14, 17, 18, 20, 22, 24, 27, 28, 30, 32, 33, 36, 41, 43, 51, 54, 59, 63, 65, 73, 87, 89, 92, 93, 103, 104, 105, 107, 109, 110, 111, 112, 117, 120, 122, 126, 128, 129, 132, 137, 146, 147, 148, 149, 161, 162, 166, 167, 169, 172, 176, 179, 183, 184, 198, 202, 208, 211, 213, 214, 219, 226, 228, 231, 238, 245, 246, 249, 251, 253, 257, 258, 263, 264, 266, 274, 277, 278, 280, 284, 286, 287, 289, 300, 303, 307, 309, 311, 315, 320, 322, 323, 328, 329, 330, 335, 336, 337, 338, 342, 344, 351, 352, 356, 359, 361, 376, 380, 381, 389, 390, 394, 396, 399, 400, 402, 403, 414, 418, 421, 425, 426, 427, 428, 432, 433, 436, 439, 441, 442, 443, 445, 451, 453, 456, 457, 463, 464, 472, 474, 483, 488, 490, 494, 497, 500, 503, 504, 510]
Subround 5
not enough
     Count  Value
172      5    1.0
284      5    1.0
426      5    1.0
214      5    1.0
107      5    1.0
443      4    0.8
166      4    0.8
439      4    0.8
93       4    0.8
278      4    0.8
3        4    0.8
376      4    0.8
54       4    0.8
111      4    0.8
289      4    0.8
5        4    0.8
389      4    0.8
497      4    0.8
6        4    0.8
427      4    0.8
     Count  Value
172      5    1.0
284      5    1.0
426      5    1.0
214      5    1.0
107      5    1.0
443      4    0.8
166      4    0.8
439      4    0.8
93       4    0.8
278      4    0.8
Current: [1, 3, 5, 6, 14, 17, 22, 27, 30, 36, 41, 54, 59, 73, 93, 107, 109, 110, 111, 128, 147, 166, 167, 172, 176, 202, 208, 211, 213, 214, 219, 228, 251, 266, 277, 278, 284, 287, 289, 300, 303, 320, 328, 329, 335, 336, 338, 344, 352, 376, 389, 394, 418, 426, 427, 439, 443, 445, 456, 457, 488, 494, 497, 504]
Subround 6
not enough
     Count     Value
284      6  1.000000
107      6  1.000000
418      5  0.833333
329      5  0.833333
213      5  0.833333
27       5  0.833333
54       5  0.833333
147      5  0.833333
111      5  0.833333
300      5  0.833333
394      5  0.833333
211      5  0.833333
3        5  0.833333
172      5  0.833333
214      5  0.833333
176      5  0.833333
488      5  0.833333
338      5  0.833333
494      5  0.833333
426      5  0.833333
     Count     Value
284      6  1.000000
107      6  1.000000
418      5  0.833333
329      5  0.833333
213      5  0.833333
27       5  0.833333
54       5  0.833333
147      5  0.833333
111      5  0.833333
300      5  0.833333
Current: [1, 3, 5, 14, 27, 41, 54, 93, 107, 111, 128, 147, 166, 167, 172, 176, 202, 211, 213, 214, 219, 266, 284, 300, 329, 335, 338, 344, 376, 394, 418, 426, 439, 445, 488, 494]
Subround 7
not enough
     Count     Value
41       6  0.857143
172      6  0.857143
214      6  0.857143
107      6  0.857143
128      6  0.857143
213      6  0.857143
284      6  0.857143
426      6  0.857143
14       6  0.857143
427      5  0.714286
253      5  0.714286
430      5  0.714286
494      5  0.714286
228      5  0.714286
211      5  0.714286
329      5  0.714286
394      5  0.714286
27       5  0.714286
351      5  0.714286
328      5  0.714286
     Count     Value
41       6  0.857143
172      6  0.857143
214      6  0.857143
107      6  0.857143
128      6  0.857143
213      6  0.857143
284      6  0.857143
426      6  0.857143
14       6  0.857143
427      5  0.714286
Current: [1, 3, 5, 6, 14, 17, 22, 27, 30, 41, 43, 54, 59, 70, 73, 74, 93, 101, 105, 107, 111, 114, 128, 146, 147, 166, 167, 172, 176, 202, 208, 211, 213, 214, 219, 222, 228, 251, 253, 266, 278, 284, 286, 287, 289, 300, 303, 306, 320, 328, 329, 335, 336, 338, 344, 351, 356, 374, 376, 380, 389, 394, 418, 426, 427, 428, 430, 432, 439, 445, 448, 456, 457, 488, 494, 497, 504, 510]
Subround 8
not enough
     Count  Value
14       7  0.875
107      7  0.875
214      7  0.875
41       7  0.875
30       6  0.750
418      6  0.750
176      6  0.750
329      6  0.750
328      6  0.750
344      6  0.750
306      6  0.750
43       6  0.750
439      6  0.750
54       6  0.750
111      6  0.750
289      6  0.750
172      6  0.750
494      6  0.750
426      6  0.750
228      6  0.750
     Count  Value
14       7  0.875
107      7  0.875
214      7  0.875
41       7  0.875
30       6  0.750
418      6  0.750
176      6  0.750
329      6  0.750
328      6  0.750
344      6  0.750
Current: [5, 6, 14, 22, 30, 41, 43, 54, 70, 107, 111, 128, 167, 172, 176, 208, 213, 214, 219, 228, 251, 266, 284, 289, 300, 306, 320, 328, 329, 344, 356, 376, 380, 418, 426, 430, 432, 439, 448, 456, 457, 488, 494, 497, 504]
Subround 9
not enough
     Count     Value
41       8  0.888889
14       8  0.888889
214      8  0.888889
457      7  0.777778
219      7  0.777778
228      7  0.777778
432      7  0.777778
300      7  0.777778
43       7  0.777778
251      7  0.777778
284      7  0.777778
208      7  0.777778
306      7  0.777778
504      7  0.777778
488      7  0.777778
418      7  0.777778
107      7  0.777778
172      7  0.777778
22       7  0.777778
30       7  0.777778
     Count     Value
41       8  0.888889
14       8  0.888889
214      8  0.888889
457      7  0.777778
219      7  0.777778
228      7  0.777778
432      7  0.777778
300      7  0.777778
43       7  0.777778
251      7  0.777778
Current: [14, 22, 30, 41, 43, 107, 172, 208, 214, 219, 228, 251, 284, 300, 306, 418, 432, 457, 488, 504]
Subround 10
     Count  Value
14       9    0.9
30       8    0.8
457      8    0.8
41       8    0.8
418      8    0.8
306      8    0.8
214      8    0.8
284      8    0.8
504      8    0.8
107      8    0.8
219      8    0.8
213      7    0.7
28       7    0.7
351      7    0.7
51       7    0.7
328      7    0.7
344      7    0.7
89       7    0.7
361      7    0.7
43       7    0.7
     Count  Value
14       9    0.9
30       8    0.8
457      8    0.8
41       8    0.8
418      8    0.8
306      8    0.8
214      8    0.8
284      8    0.8
504      8    0.8
107      8    0.8
Current: [14, 30, 41, 107, 214, 219, 284, 306, 418, 457, 504]
Round 2
Subround 1
not enough
     Count     Value
14      10  0.909091
30       9  0.818182
41       9  0.818182
284      9  0.818182
219      9  0.818182
504      8  0.727273
418      8  0.727273
214      8  0.727273
457      8  0.727273
107      8  0.727273
306      8  0.727273
228      7  0.636364
351      7  0.636364
51       7  0.636364
328      7  0.636364
344      7  0.636364
361      7  0.636364
43       7  0.636364
28       7  0.636364
202      7  0.636364
     Count  Value
219      1    1.0
134      1    1.0
14       1    1.0
41       1    1.0
284      1    1.0
30       1    1.0
Current: [14, 30, 41, 219, 284]
Subround 2
not enough
     Count     Value
14      11  0.916667
30      10  0.833333
41      10  0.833333
107      9  0.750000
418      9  0.750000
284      9  0.750000
504      9  0.750000
219      9  0.750000
214      8  0.666667
457      8  0.666667
306      8  0.666667
28       7  0.583333
228      7  0.583333
351      7  0.583333
51       7  0.583333
328      7  0.583333
344      7  0.583333
361      7  0.583333
43       7  0.583333
202      7  0.583333
     Count  Value
14       2    1.0
41       2    1.0
30       2    1.0
219      1    0.5
134      1    0.5
284      1    0.5
418      1    0.5
107      1    0.5
504      1    0.5
Current: [14, 30, 41]
Subround 3
not enough
     Count     Value
14      12  0.923077
30      10  0.769231
41      10  0.769231
284     10  0.769231
219     10  0.769231
214      9  0.692308
107      9  0.692308
306      9  0.692308
418      9  0.692308
504      9  0.692308
457      8  0.615385
51       7  0.538462
336      7  0.538462
374      7  0.538462
430      7  0.538462
253      7  0.538462
172      7  0.538462
228      7  0.538462
351      7  0.538462
359      7  0.538462
     Count     Value
14       3  1.000000
219      2  0.666667
134      2  0.666667
41       2  0.666667
284      2  0.666667
30       2  0.666667
418      1  0.333333
107      1  0.333333
504      1  0.333333
214      1  0.333333
Current: [14]
Subround 4
not enough
     Count     Value
14      12  0.857143
30      11  0.785714
219     11  0.785714
41      11  0.785714
284     10  0.714286
418     10  0.714286
214      9  0.642857
107      9  0.642857
457      9  0.642857
504      9  0.642857
306      9  0.642857
134      8  0.571429
344      7  0.500000
430      7  0.500000
336      7  0.500000
228      7  0.500000
351      7  0.500000
51       7  0.500000
328      7  0.500000
374      7  0.500000
     Count  Value
219      3   0.75
134      3   0.75
14       3   0.75
41       3   0.75
30       3   0.75
284      2   0.50
418      2   0.50
107      1   0.25
504      1   0.25
214      1   0.25
Current: [14]
Subround 5
not enough
     Count     Value
14      13  0.866667
30      12  0.800000
219     11  0.733333
41      11  0.733333
284     11  0.733333
107     10  0.666667
504     10  0.666667
418     10  0.666667
214      9  0.600000
457      9  0.600000
134      9  0.600000
306      9  0.600000
344      7  0.466667
430      7  0.466667
336      7  0.466667
228      7  0.466667
351      7  0.466667
51       7  0.466667
328      7  0.466667
374      7  0.466667
     Count  Value
134      4    0.8
14       4    0.8
30       4    0.8
219      3    0.6
41       3    0.6
284      3    0.6
418      2    0.4
107      2    0.4
504      2    0.4
214      1    0.2
Current: [14]
Subround 6
not enough
     Count   Value
30      13  0.8125
14      13  0.8125
284     12  0.7500
41      11  0.6875
219     11  0.6875
107     11  0.6875
504     11  0.6875
457     10  0.6250
134     10  0.6250
418     10  0.6250
306      9  0.5625
214      9  0.5625
430      7  0.4375
228      7  0.4375
351      7  0.4375
51       7  0.4375
328      7  0.4375
344      7  0.4375
374      7  0.4375
361      7  0.4375
     Count     Value
134      5  0.833333
30       5  0.833333
14       4  0.666667
284      4  0.666667
219      3  0.500000
41       3  0.500000
107      3  0.500000
504      3  0.500000
418      2  0.333333
457      2  0.333333
Current: [14, 30]
Subround 7
not enough
     Count     Value
30      14  0.823529
14      14  0.823529
284     13  0.764706
41      11  0.647059
219     11  0.647059
107     11  0.647059
504     11  0.647059
418     11  0.647059
306     10  0.588235
214     10  0.588235
457     10  0.588235
134     10  0.588235
430      7  0.411765
228      7  0.411765
351      7  0.411765
51       7  0.411765
328      7  0.411765
344      7  0.411765
374      7  0.411765
361      7  0.411765
     Count     Value
30       6  0.857143
134      5  0.714286
14       5  0.714286
284      5  0.714286
219      3  0.428571
41       3  0.428571
418      3  0.428571
107      3  0.428571
504      3  0.428571
214      2  0.285714
Current: [14, 30]
Subround 8
not enough
     Count     Value
14      15  0.833333
30      14  0.777778
284     13  0.722222
219     12  0.666667
107     12  0.666667
504     12  0.666667
41      11  0.611111
214     11  0.611111
457     11  0.611111
418     11  0.611111
306     10  0.555556
134     10  0.555556
430      7  0.388889
228      7  0.388889
351      7  0.388889
51       7  0.388889
328      7  0.388889
344      7  0.388889
374      7  0.388889
361      7  0.388889
     Count  Value
14       6  0.750
30       6  0.750
134      5  0.625
284      5  0.625
219      4  0.500
107      4  0.500
504      4  0.500
41       3  0.375
418      3  0.375
214      3  0.375
Current: [14]
Subround 9
not enough
     Count     Value
14      16  0.842105
30      15  0.789474
219     13  0.684211
504     13  0.684211
284     13  0.684211
214     12  0.631579
107     12  0.631579
418     12  0.631579
41      11  0.578947
457     11  0.578947
134     10  0.526316
306     10  0.526316
344      7  0.368421
430      7  0.368421
336      7  0.368421
228      7  0.368421
351      7  0.368421
51       7  0.368421
328      7  0.368421
253      7  0.368421
     Count     Value
14       7  0.777778
30       7  0.777778
219      5  0.555556
134      5  0.555556
284      5  0.555556
504      5  0.555556
418      4  0.444444
107      4  0.444444
214      4  0.444444
41       3  0.333333
Current: [14]
Subround 10
     Count  Value
14      17   0.85
30      16   0.80
504     14   0.70
219     13   0.65
107     13   0.65
418     13   0.65
284     13   0.65
41      12   0.60
214     12   0.60
457     11   0.55
134     10   0.50
306     10   0.50
278      7   0.35
51       7   0.35
430      7   0.35
336      7   0.35
359      7   0.35
228      7   0.35
374      7   0.35
351      7   0.35
     Count  Value
14       8    0.8
30       8    0.8
504      6    0.6
219      5    0.5
134      5    0.5
284      5    0.5
418      5    0.5
107      5    0.5
41       4    0.4
214      4    0.4
Current: [14]
Winning offset:
[14]
2021-09-07 14:16:16.588602
2021-09-07 14:19:30.542131
0:03:13.953529
