Loading page file profiles/packet3/pages/0x6e4a.yaml
Loading page file profiles/packet3/pages/0x6e60.yaml
Loading page file profiles/packet3/pages/0x6ee3.yaml
Loading page file profiles/packet3/pages/0x7241.yaml
Loading page file profiles/packet3/pages/0x7242.yaml
Loading page file profiles/packet3/pages/0x7243.yaml
Loading page file profiles/packet3/pages/0x7244.yaml
Round 1
Subround 1
not enough
     Count  Value
215      1    1.0
463      1    1.0
317      1    1.0
20       1    1.0
370      1    1.0
377      1    1.0
54       1    1.0
258      1    1.0
287      1    1.0
282      1    1.0
191      1    1.0
311      1    1.0
208      1    1.0
81       1    1.0
146      1    1.0
162      1    1.0
117      1    1.0
383      1    1.0
184      1    1.0
318      1    1.0
     Count  Value
215      1    1.0
463      1    1.0
317      1    1.0
20       1    1.0
370      1    1.0
377      1    1.0
54       1    1.0
258      1    1.0
287      1    1.0
282      1    1.0
Current: [0, 1, 3, 4, 5, 7, 8, 9, 10, 11, 12, 14, 15, 16, 18, 19, 20, 22, 27, 33, 35, 36, 38, 39, 40, 46, 52, 54, 55, 56, 57, 58, 59, 60, 61, 65, 67, 68, 72, 75, 77, 78, 81, 83, 84, 85, 90, 91, 92, 93, 94, 95, 96, 98, 101, 104, 105, 106, 108, 110, 111, 112, 113, 114, 116, 117, 119, 121, 126, 127, 128, 130, 132, 138, 140, 142, 145, 146, 149, 151, 152, 154, 155, 156, 157, 162, 165, 167, 169, 171, 173, 177, 179, 181, 182, 184, 188, 189, 191, 192, 193, 196, 197, 200, 201, 206, 207, 208, 211, 212, 214, 215, 222, 223, 224, 225, 227, 228, 229, 232, 233, 237, 238, 240, 241, 245, 247, 248, 250, 251, 253, 256, 258, 259, 260, 261, 263, 264, 266, 268, 271, 274, 275, 279, 280, 282, 284, 287, 291, 293, 296, 298, 300, 301, 303, 309, 310, 311, 312, 313, 314, 315, 317, 318, 322, 323, 327, 329, 331, 334, 336, 338, 339, 341, 343, 344, 345, 347, 350, 355, 357, 359, 362, 365, 366, 370, 371, 373, 375, 377, 378, 379, 381, 383, 388, 391, 392, 393, 395, 399, 401, 402, 403, 404, 405, 408, 409, 411, 412, 414, 415, 418, 419, 421, 424, 425, 426, 429, 434, 435, 437, 440, 441, 442, 443, 444, 445, 446, 450, 453, 455, 457, 459, 460, 461, 462, 463, 464, 468, 469, 473, 476, 477, 478, 479, 482, 490, 492, 498, 500, 502, 504, 505, 506, 510, 511]
Subround 2
not enough
     Count  Value
224      2    1.0
54       2    1.0
259      2    1.0
212      2    1.0
425      2    1.0
201      2    1.0
16       2    1.0
421      2    1.0
245      2    1.0
132      2    1.0
65       2    1.0
419      2    1.0
229      2    1.0
145      2    1.0
365      2    1.0
140      2    1.0
331      2    1.0
317      2    1.0
370      2    1.0
477      2    1.0
     Count  Value
224      2    1.0
54       2    1.0
259      2    1.0
212      2    1.0
425      2    1.0
201      2    1.0
16       2    1.0
421      2    1.0
245      2    1.0
132      2    1.0
Current: [1, 4, 5, 9, 10, 14, 16, 35, 40, 46, 54, 57, 58, 59, 65, 78, 85, 90, 91, 92, 93, 96, 105, 110, 112, 113, 114, 116, 119, 121, 132, 140, 145, 149, 151, 152, 155, 157, 162, 169, 173, 177, 184, 188, 191, 196, 201, 206, 212, 222, 224, 225, 229, 232, 233, 237, 245, 250, 251, 256, 258, 259, 260, 264, 266, 268, 271, 284, 287, 291, 296, 303, 310, 311, 312, 313, 317, 318, 323, 331, 350, 357, 365, 366, 370, 373, 375, 377, 383, 391, 393, 395, 399, 401, 405, 408, 409, 414, 415, 419, 421, 425, 437, 441, 442, 443, 446, 453, 455, 457, 459, 461, 476, 477, 478, 482, 492, 505, 506, 511]
Subround 3
not enough
     Count  Value
455      3    1.0
268      3    1.0
375      3    1.0
399      3    1.0
4        3    1.0
16       3    1.0
173      3    1.0
311      3    1.0
225      3    1.0
477      3    1.0
85       3    1.0
425      3    1.0
408      3    1.0
184      3    1.0
443      3    1.0
113      3    1.0
421      3    1.0
57       3    1.0
96       3    1.0
59       3    1.0
     Count  Value
455      3    1.0
268      3    1.0
375      3    1.0
399      3    1.0
4        3    1.0
16       3    1.0
173      3    1.0
311      3    1.0
225      3    1.0
477      3    1.0
Current: [4, 14, 16, 46, 54, 57, 59, 65, 85, 96, 113, 119, 121, 132, 173, 184, 225, 260, 268, 284, 311, 357, 375, 399, 408, 421, 425, 443, 455, 477, 482, 511]
Subround 4
not enough
     Count  Value
113      4   1.00
408      4   1.00
357      4   1.00
132      4   1.00
85       4   1.00
443      4   1.00
173      4   1.00
421      4   1.00
14       4   1.00
260      4   1.00
184      4   1.00
284      4   1.00
511      4   1.00
54       4   1.00
65       3   0.75
412      3   0.75
16       3   0.75
215      3   0.75
140      3   0.75
229      3   0.75
     Count  Value
113      4    1.0
408      4    1.0
357      4    1.0
132      4    1.0
85       4    1.0
443      4    1.0
173      4    1.0
421      4    1.0
14       4    1.0
260      4    1.0
Current: [2, 4, 5, 11, 13, 14, 16, 18, 22, 27, 40, 46, 54, 57, 58, 59, 65, 68, 75, 78, 83, 85, 89, 90, 94, 96, 99, 110, 112, 113, 114, 119, 121, 122, 132, 134, 140, 148, 151, 152, 154, 155, 162, 164, 165, 167, 173, 182, 184, 188, 191, 192, 193, 200, 201, 206, 208, 212, 215, 218, 222, 224, 225, 228, 229, 232, 233, 237, 241, 246, 250, 256, 259, 260, 263, 266, 268, 271, 279, 282, 284, 296, 298, 299, 300, 308, 310, 311, 314, 327, 331, 334, 336, 338, 344, 347, 357, 375, 391, 395, 399, 401, 403, 408, 412, 414, 418, 421, 422, 424, 425, 427, 434, 437, 440, 443, 446, 455, 458, 461, 462, 469, 475, 477, 478, 482, 484, 492, 495, 502, 505, 511]
Subround 5
not enough
     Count  Value
14       5    1.0
421      5    1.0
408      5    1.0
284      5    1.0
113      5    1.0
511      5    1.0
132      5    1.0
148      4    0.8
495      4    0.8
336      4    0.8
85       4    0.8
469      4    0.8
27       4    0.8
46       4    0.8
425      4    0.8
237      4    0.8
357      4    0.8
260      4    0.8
16       4    0.8
224      4    0.8
     Count  Value
14       5    1.0
421      5    1.0
408      5    1.0
284      5    1.0
113      5    1.0
511      5    1.0
132      5    1.0
148      4    0.8
495      4    0.8
336      4    0.8
Current: [13, 14, 16, 27, 46, 54, 65, 68, 78, 85, 96, 113, 114, 119, 121, 132, 134, 148, 151, 152, 173, 182, 184, 188, 208, 218, 224, 225, 229, 233, 237, 241, 260, 268, 271, 282, 284, 298, 299, 311, 331, 334, 336, 338, 347, 357, 391, 408, 414, 418, 421, 422, 424, 425, 427, 443, 462, 469, 478, 482, 495, 502, 511]
Subround 6
not enough
     Count     Value
421      6  1.000000
14       6  1.000000
132      6  1.000000
16       5  0.833333
27       5  0.833333
78       5  0.833333
478      5  0.833333
46       5  0.833333
511      5  0.833333
237      5  0.833333
148      5  0.833333
173      5  0.833333
357      5  0.833333
425      5  0.833333
224      5  0.833333
218      5  0.833333
241      5  0.833333
331      5  0.833333
347      5  0.833333
54       5  0.833333
     Count     Value
421      6  1.000000
14       6  1.000000
132      6  1.000000
16       5  0.833333
27       5  0.833333
78       5  0.833333
478      5  0.833333
46       5  0.833333
511      5  0.833333
237      5  0.833333
Current: [13, 14, 16, 27, 46, 54, 78, 96, 113, 132, 148, 173, 188, 218, 224, 225, 237, 241, 282, 284, 299, 331, 334, 347, 357, 391, 408, 414, 421, 422, 425, 427, 462, 478, 502, 511]
Subround 7
not enough
     Count     Value
331      6  0.857143
511      6  0.857143
282      6  0.857143
27       6  0.857143
462      6  0.857143
421      6  0.857143
425      6  0.857143
14       6  0.857143
132      6  0.857143
408      6  0.857143
40       5  0.714286
459      5  0.714286
54       5  0.714286
68       5  0.714286
119      5  0.714286
414      5  0.714286
366      5  0.714286
214      5  0.714286
113      5  0.714286
311      5  0.714286
     Count     Value
331      6  0.857143
511      6  0.857143
282      6  0.857143
27       6  0.857143
462      6  0.857143
421      6  0.857143
425      6  0.857143
14       6  0.857143
132      6  0.857143
408      6  0.857143
Current: [2, 3, 5, 13, 14, 15, 16, 27, 40, 46, 50, 54, 65, 67, 68, 78, 85, 96, 97, 104, 113, 119, 121, 122, 128, 132, 148, 151, 170, 173, 182, 188, 191, 198, 200, 208, 214, 218, 224, 225, 233, 237, 241, 245, 246, 255, 258, 260, 268, 271, 282, 284, 299, 310, 311, 327, 331, 334, 336, 337, 338, 344, 345, 347, 357, 366, 375, 382, 391, 399, 408, 414, 416, 421, 422, 424, 425, 427, 430, 443, 459, 462, 469, 475, 478, 495, 502, 511]
Subround 8
not enough
     Count  Value
132      7  0.875
511      7  0.875
408      7  0.875
331      7  0.875
282      7  0.875
425      7  0.875
443      6  0.750
15       6  0.750
469      6  0.750
191      6  0.750
258      6  0.750
245      6  0.750
54       6  0.750
198      6  0.750
27       6  0.750
85       6  0.750
225      6  0.750
151      6  0.750
268      6  0.750
182      6  0.750
     Count  Value
132      7  0.875
511      7  0.875
408      7  0.875
331      7  0.875
282      7  0.875
425      7  0.875
443      6  0.750
15       6  0.750
469      6  0.750
191      6  0.750
Current: [2, 14, 15, 27, 46, 54, 65, 85, 96, 113, 119, 122, 132, 148, 151, 173, 182, 191, 198, 200, 214, 224, 225, 245, 258, 268, 271, 282, 284, 310, 331, 334, 336, 338, 357, 391, 399, 408, 416, 421, 425, 443, 459, 462, 469, 475, 478, 511]
Subround 9
not enough
     Count     Value
408      8  0.888889
331      8  0.888889
46       7  0.777778
416      7  0.777778
245      7  0.777778
511      7  0.777778
151      7  0.777778
198      7  0.777778
399      7  0.777778
85       7  0.777778
462      7  0.777778
113      7  0.777778
478      7  0.777778
119      7  0.777778
132      7  0.777778
27       7  0.777778
469      7  0.777778
421      7  0.777778
214      7  0.777778
425      7  0.777778
     Count     Value
408      8  0.888889
331      8  0.888889
46       7  0.777778
416      7  0.777778
245      7  0.777778
511      7  0.777778
151      7  0.777778
198      7  0.777778
399      7  0.777778
85       7  0.777778
Current: [2, 14, 27, 46, 54, 85, 113, 119, 122, 132, 151, 191, 198, 214, 245, 282, 331, 336, 399, 408, 416, 421, 425, 462, 469, 478, 511]
Subround 10
     Count  Value
122      8    0.8
85       8    0.8
119      8    0.8
421      8    0.8
113      8    0.8
2        8    0.8
408      8    0.8
27       8    0.8
416      8    0.8
198      8    0.8
478      8    0.8
14       8    0.8
331      8    0.8
214      7    0.7
228      7    0.7
148      7    0.7
399      7    0.7
138      7    0.7
372      7    0.7
246      7    0.7
     Count  Value
122      8    0.8
85       8    0.8
119      8    0.8
421      8    0.8
113      8    0.8
2        8    0.8
408      8    0.8
27       8    0.8
416      8    0.8
198      8    0.8
Current: [2, 14, 27, 85, 113, 119, 122, 198, 331, 408, 416, 421, 478]
Round 2
Subround 1
not enough
     Count     Value
27       9  0.818182
85       9  0.818182
331      9  0.818182
14       9  0.818182
478      9  0.818182
416      9  0.818182
421      9  0.818182
119      8  0.727273
113      8  0.727273
2        8  0.727273
408      8  0.727273
122      8  0.727273
198      8  0.727273
138      7  0.636364
148      7  0.636364
228      7  0.636364
214      7  0.636364
372      7  0.636364
246      7  0.636364
511      7  0.636364
     Count  Value
14       1    1.0
421      1    1.0
27       1    1.0
331      1    1.0
85       1    1.0
416      1    1.0
478      1    1.0
Current: [14, 27, 85, 331, 416, 421, 478]
Subround 2
not enough
     Count     Value
14      10  0.833333
421     10  0.833333
122      9  0.750000
85       9  0.750000
119      9  0.750000
2        9  0.750000
408      9  0.750000
27       9  0.750000
416      9  0.750000
198      9  0.750000
478      9  0.750000
331      9  0.750000
113      8  0.666667
214      7  0.583333
228      7  0.583333
148      7  0.583333
399      7  0.583333
138      7  0.583333
372      7  0.583333
246      7  0.583333
     Count  Value
14       2    1.0
421      2    1.0
27       1    0.5
331      1    0.5
85       1    0.5
416      1    0.5
478      1    0.5
198      1    0.5
119      1    0.5
2        1    0.5
Current: [14, 421]
Subround 3
not enough
     Count     Value
14      11  0.846154
27      10  0.769231
85      10  0.769231
119     10  0.769231
421     10  0.769231
198     10  0.769231
408     10  0.769231
2        9  0.692308
122      9  0.692308
416      9  0.692308
478      9  0.692308
331      9  0.692308
113      8  0.615385
228      7  0.538462
148      7  0.538462
214      7  0.538462
138      7  0.538462
399      7  0.538462
372      7  0.538462
246      7  0.538462
     Count     Value
14       3  1.000000
421      2  0.666667
27       2  0.666667
85       2  0.666667
198      2  0.666667
119      2  0.666667
408      2  0.666667
331      1  0.333333
416      1  0.333333
478      1  0.333333
Current: [14]
Subround 4
not enough
     Count     Value
14      12  0.857143
421     11  0.785714
408     11  0.785714
27      10  0.714286
2       10  0.714286
119     10  0.714286
416     10  0.714286
85      10  0.714286
198     10  0.714286
113      9  0.642857
331      9  0.642857
122      9  0.642857
478      9  0.642857
511      7  0.500000
462      7  0.500000
78       7  0.500000
414      7  0.500000
12       7  0.500000
336      7  0.500000
206      7  0.500000
     Count  Value
14       4   1.00
421      3   0.75
408      3   0.75
27       2   0.50
85       2   0.50
416      2   0.50
198      2   0.50
119      2   0.50
2        2   0.50
215      2   0.50
Current: [14]
Subround 5
not enough
     Count     Value
14      12  0.800000
27      11  0.733333
2       11  0.733333
421     11  0.733333
119     11  0.733333
416     11  0.733333
408     11  0.733333
478     10  0.666667
331     10  0.666667
85      10  0.666667
198     10  0.666667
122      9  0.600000
113      9  0.600000
511      7  0.466667
462      7  0.466667
78       7  0.466667
414      7  0.466667
12       7  0.466667
336      7  0.466667
206      7  0.466667
     Count  Value
14       4    0.8
421      3    0.6
27       3    0.6
416      3    0.6
119      3    0.6
2        3    0.6
408      3    0.6
215      3    0.6
331      2    0.4
85       2    0.4
no winner, not enough
Current: []
Subround 6
not enough
     Count   Value
14      13  0.8125
421     12  0.7500
119     12  0.7500
408     12  0.7500
478     11  0.6875
198     11  0.6875
27      11  0.6875
2       11  0.6875
416     11  0.6875
331     10  0.6250
113     10  0.6250
85      10  0.6250
122      9  0.5625
414      7  0.4375
78       7  0.4375
511      7  0.4375
462      7  0.4375
7        7  0.4375
12       7  0.4375
336      7  0.4375
     Count     Value
14       5  0.833333
421      4  0.666667
119      4  0.666667
408      4  0.666667
27       3  0.500000
416      3  0.500000
478      3  0.500000
198      3  0.500000
2        3  0.500000
215      3  0.500000
Current: [14]
Subround 7
not enough
     Count     Value
14      14  0.823529
421     13  0.764706
119     13  0.764706
408     12  0.705882
27      12  0.705882
2       11  0.647059
85      11  0.647059
478     11  0.647059
416     11  0.647059
198     11  0.647059
113     10  0.588235
331     10  0.588235
122     10  0.588235
215      8  0.470588
246      7  0.411765
206      7  0.411765
214      7  0.411765
224      7  0.411765
511      7  0.411765
459      7  0.411765
     Count     Value
14       6  0.857143
421      5  0.714286
119      5  0.714286
27       4  0.571429
408      4  0.571429
215      4  0.571429
85       3  0.428571
416      3  0.428571
478      3  0.428571
198      3  0.428571
Current: [14]
Subround 8
not enough
     Count     Value
14      15  0.833333
421     13  0.722222
408     13  0.722222
119     13  0.722222
2       12  0.666667
27      12  0.666667
416     12  0.666667
198     12  0.666667
113     11  0.611111
85      11  0.611111
331     11  0.611111
478     11  0.611111
122     10  0.555556
215      8  0.444444
246      7  0.388889
206      7  0.388889
214      7  0.388889
224      7  0.388889
511      7  0.388889
459      7  0.388889
     Count  Value
14       7  0.875
421      5  0.625
119      5  0.625
408      5  0.625
27       4  0.500
416      4  0.500
198      4  0.500
2        4  0.500
215      4  0.500
331      3  0.375
Current: [14]
Subround 9
not enough
     Count     Value
14      15  0.789474
408     14  0.736842
2       13  0.684211
421     13  0.684211
119     13  0.684211
27      13  0.684211
416     13  0.684211
198     13  0.684211
331     12  0.631579
113     11  0.578947
85      11  0.578947
478     11  0.578947
122     11  0.578947
215      8  0.421053
246      7  0.368421
206      7  0.368421
214      7  0.368421
224      7  0.368421
511      7  0.368421
459      7  0.368421
     Count     Value
14       7  0.777778
408      6  0.666667
421      5  0.555556
27       5  0.555556
416      5  0.555556
198      5  0.555556
119      5  0.555556
2        5  0.555556
331      4  0.444444
215      4  0.444444
no winner, not enough
Current: []
Subround 10
     Count  Value
14      16   0.80
408     14   0.70
119     14   0.70
416     14   0.70
198     14   0.70
2       13   0.65
421     13   0.65
331     13   0.65
27      13   0.65
85      12   0.60
478     12   0.60
113     11   0.55
122     11   0.55
215      8   0.40
246      7   0.35
206      7   0.35
214      7   0.35
224      7   0.35
511      7   0.35
459      7   0.35
     Count  Value
14       8    0.8
416      6    0.6
198      6    0.6
119      6    0.6
408      6    0.6
421      5    0.5
27       5    0.5
331      5    0.5
2        5    0.5
85       4    0.4
no winner, not enough
Current: []
Subround 11
     Count     Value
14      16  0.761905
408     15  0.714286
2       14  0.666667
421     14  0.666667
331     14  0.666667
119     14  0.666667
416     14  0.666667
198     14  0.666667
27      13  0.619048
113     12  0.571429
85      12  0.571429
478     12  0.571429
122     12  0.571429
215      9  0.428571
246      7  0.333333
206      7  0.333333
214      7  0.333333
224      7  0.333333
511      7  0.333333
459      7  0.333333
     Count     Value
14       8  0.727273
408      7  0.636364
421      6  0.545455
331      6  0.545455
416      6  0.545455
198      6  0.545455
119      6  0.545455
2        6  0.545455
27       5  0.454545
215      5  0.454545
no winner, not enough
Current: []
Subround 12
     Count     Value
14      17  0.772727
408     16  0.727273
421     15  0.681818
119     15  0.681818
416     15  0.681818
2       14  0.636364
331     14  0.636364
27      14  0.636364
198     14  0.636364
85      13  0.590909
113     12  0.545455
478     12  0.545455
122     12  0.545455
215      9  0.409091
246      7  0.318182
206      7  0.318182
214      7  0.318182
224      7  0.318182
511      7  0.318182
459      7  0.318182
     Count     Value
14       9  0.750000
408      8  0.666667
421      7  0.583333
416      7  0.583333
119      7  0.583333
27       6  0.500000
331      6  0.500000
198      6  0.500000
2        6  0.500000
85       5  0.416667
no winner, not enough
Current: []
Subround 13
     Count     Value
14      18  0.782609
421     16  0.695652
408     16  0.695652
119     16  0.695652
331     15  0.652174
416     15  0.652174
2       14  0.608696
85      14  0.608696
27      14  0.608696
198     14  0.608696
478     13  0.565217
113     12  0.521739
122     12  0.521739
215     10  0.434783
246      7  0.304348
206      7  0.304348
214      7  0.304348
224      7  0.304348
511      7  0.304348
459      7  0.304348
     Count     Value
14      10  0.769231
421      8  0.615385
119      8  0.615385
408      8  0.615385
331      7  0.538462
416      7  0.538462
27       6  0.461538
85       6  0.461538
198      6  0.461538
2        6  0.461538
no winner, not enough
Current: []
Subround 14
     Count     Value
14      19  0.791667
421     17  0.708333
119     17  0.708333
408     16  0.666667
85      15  0.625000
331     15  0.625000
416     15  0.625000
198     15  0.625000
2       14  0.583333
478     14  0.583333
27      14  0.583333
122     13  0.541667
113     12  0.500000
215     10  0.416667
246      7  0.291667
206      7  0.291667
214      7  0.291667
224      7  0.291667
511      7  0.291667
459      7  0.291667
     Count     Value
14      11  0.785714
421      9  0.642857
119      9  0.642857
408      8  0.571429
331      7  0.500000
85       7  0.500000
416      7  0.500000
198      7  0.500000
27       6  0.428571
478      6  0.428571
no winner, not enough
Current: []
Subround 15
     Count  Value
14      19   0.76
421     18   0.72
408     17   0.68
119     17   0.68
416     16   0.64
2       15   0.60
85      15   0.60
331     15   0.60
27      15   0.60
198     15   0.60
478     14   0.56
113     13   0.52
122     13   0.52
215     11   0.44
246      7   0.28
206      7   0.28
214      7   0.28
224      7   0.28
511      7   0.28
459      7   0.28
     Count     Value
14      11  0.733333
421     10  0.666667
119      9  0.600000
408      9  0.600000
416      8  0.533333
27       7  0.466667
331      7  0.466667
85       7  0.466667
198      7  0.466667
2        7  0.466667
no winner, not enough
Current: []
Subround 16
     Count     Value
14      20  0.769231
421     18  0.692308
119     18  0.692308
408     17  0.653846
416     17  0.653846
2       16  0.615385
85      16  0.615385
331     16  0.615385
27      15  0.576923
198     15  0.576923
478     14  0.538462
122     14  0.538462
113     13  0.500000
215     11  0.423077
246      7  0.269231
206      7  0.269231
214      7  0.269231
224      7  0.269231
511      7  0.269231
459      7  0.269231
     Count   Value
14      12  0.7500
421     10  0.6250
119     10  0.6250
416      9  0.5625
408      9  0.5625
331      8  0.5000
85       8  0.5000
2        8  0.5000
27       7  0.4375
198      7  0.4375
no winner, not enough
Current: []
Subround 17
     Count     Value
14      21  0.777778
421     18  0.666667
119     18  0.666667
2       17  0.629630
85      17  0.629630
331     17  0.629630
408     17  0.629630
416     17  0.629630
478     15  0.555556
27      15  0.555556
198     15  0.555556
113     14  0.518519
122     14  0.518519
215     12  0.444444
246      7  0.259259
206      7  0.259259
214      7  0.259259
224      7  0.259259
511      7  0.259259
459      7  0.259259
     Count     Value
14      13  0.764706
421     10  0.588235
119     10  0.588235
331      9  0.529412
85       9  0.529412
416      9  0.529412
2        9  0.529412
408      9  0.529412
215      8  0.470588
27       7  0.411765
no winner, not enough
Current: []
Subround 18
     Count     Value
14      22  0.785714
119     19  0.678571
2       18  0.642857
421     18  0.642857
416     18  0.642857
85      17  0.607143
331     17  0.607143
408     17  0.607143
27      16  0.571429
198     16  0.571429
478     15  0.535714
122     15  0.535714
113     14  0.500000
215     12  0.428571
246      7  0.250000
206      7  0.250000
214      7  0.250000
224      7  0.250000
511      7  0.250000
459      7  0.250000
     Count     Value
14      14  0.777778
119     11  0.611111
421     10  0.555556
416     10  0.555556
2       10  0.555556
331      9  0.500000
85       9  0.500000
408      9  0.500000
27       8  0.444444
198      8  0.444444
no winner, not enough
Current: []
Subround 19
     Count     Value
14      23  0.793103
421     19  0.655172
119     19  0.655172
2       18  0.620690
85      18  0.620690
331     18  0.620690
416     18  0.620690
408     17  0.586207
478     16  0.551724
27      16  0.551724
198     16  0.551724
113     15  0.517241
122     15  0.517241
215     13  0.448276
246      7  0.241379
206      7  0.241379
214      7  0.241379
224      7  0.241379
511      7  0.241379
459      7  0.241379
     Count     Value
14      15  0.789474
421     11  0.578947
119     11  0.578947
331     10  0.526316
85      10  0.526316
416     10  0.526316
2       10  0.526316
408      9  0.473684
215      9  0.473684
27       8  0.421053
no winner, not enough
Current: []
Subround 20
     Count     Value
14      24  0.800000
119     20  0.666667
421     19  0.633333
85      19  0.633333
2       18  0.600000
331     18  0.600000
408     18  0.600000
416     18  0.600000
27      17  0.566667
113     16  0.533333
478     16  0.533333
198     16  0.533333
122     15  0.500000
215     14  0.466667
246      7  0.233333
206      7  0.233333
214      7  0.233333
224      7  0.233333
511      7  0.233333
459      7  0.233333
     Count  Value
14      16   0.80
119     12   0.60
421     11   0.55
85      11   0.55
331     10   0.50
416     10   0.50
2       10   0.50
408     10   0.50
215     10   0.50
27       9   0.45
no winner, not enough
Current: []
Subround 21
     Count     Value
14      25  0.806452
85      20  0.645161
119     20  0.645161
421     19  0.612903
408     19  0.612903
2       18  0.580645
331     18  0.580645
27      18  0.580645
416     18  0.580645
113     17  0.548387
198     17  0.548387
478     16  0.516129
122     15  0.483871
215     15  0.483871
246      7  0.225806
206      7  0.225806
214      7  0.225806
224      7  0.225806
511      7  0.225806
459      7  0.225806
     Count     Value
14      17  0.809524
85      12  0.571429
119     12  0.571429
421     11  0.523810
408     11  0.523810
215     11  0.523810
27      10  0.476190
331     10  0.476190
416     10  0.476190
2       10  0.476190
Current: [14]
Winning offset:
[14]
2021-09-07 14:19:33.706996
2021-09-07 14:23:24.866130
0:03:51.159134
