Loading page file profiles/packet3/pages/0x6e4a.yaml
Loading page file profiles/packet3/pages/0x6e60.yaml
Loading page file profiles/packet3/pages/0x6ee3.yaml
Loading page file profiles/packet3/pages/0x7241.yaml
Loading page file profiles/packet3/pages/0x7242.yaml
Loading page file profiles/packet3/pages/0x7243.yaml
Loading page file profiles/packet3/pages/0x7244.yaml
Round 1
Subround 1
not enough
     Count  Value
31       1    1.0
485      1    1.0
237      1    1.0
8        1    1.0
380      1    1.0
123      1    1.0
172      1    1.0
25       1    1.0
155      1    1.0
166      1    1.0
121      1    1.0
169      1    1.0
193      1    1.0
83       1    1.0
441      1    1.0
139      1    1.0
413      1    1.0
270      1    1.0
383      1    1.0
324      1    1.0
     Count  Value
31       1    1.0
485      1    1.0
237      1    1.0
8        1    1.0
380      1    1.0
123      1    1.0
172      1    1.0
25       1    1.0
155      1    1.0
166      1    1.0
Current: [0, 3, 5, 6, 8, 11, 12, 14, 16, 17, 20, 21, 22, 23, 25, 26, 27, 30, 31, 32, 34, 35, 36, 38, 40, 43, 44, 47, 49, 50, 51, 52, 54, 57, 60, 61, 62, 63, 64, 66, 73, 77, 78, 81, 82, 83, 84, 85, 87, 88, 89, 91, 93, 94, 97, 99, 102, 105, 108, 109, 116, 118, 119, 121, 122, 123, 124, 125, 126, 128, 131, 132, 134, 137, 138, 139, 140, 141, 142, 145, 146, 147, 148, 149, 150, 151, 152, 155, 158, 159, 160, 162, 163, 164, 166, 167, 168, 169, 171, 172, 173, 176, 177, 178, 179, 180, 181, 183, 188, 189, 190, 191, 192, 193, 196, 197, 199, 200, 203, 205, 209, 210, 211, 212, 217, 221, 223, 226, 227, 228, 229, 230, 231, 233, 235, 236, 237, 239, 242, 243, 244, 246, 247, 248, 249, 251, 255, 256, 257, 258, 259, 262, 265, 266, 267, 268, 269, 270, 277, 278, 280, 281, 282, 284, 285, 290, 294, 297, 298, 299, 300, 303, 304, 306, 309, 314, 317, 318, 322, 323, 324, 326, 331, 332, 333, 337, 339, 343, 346, 347, 348, 353, 357, 361, 363, 364, 366, 368, 370, 371, 372, 373, 374, 375, 379, 380, 383, 385, 388, 389, 390, 393, 396, 397, 401, 404, 407, 408, 411, 413, 414, 415, 418, 420, 421, 422, 424, 425, 428, 429, 431, 432, 436, 437, 438, 441, 448, 449, 451, 453, 455, 457, 461, 462, 466, 474, 475, 479, 482, 485, 491, 493, 497, 501, 503, 506]
Subround 2
not enough
     Count  Value
31       2    1.0
6        2    1.0
99       2    1.0
299      2    1.0
168      2    1.0
205      2    1.0
141      2    1.0
361      2    1.0
54       2    1.0
105      2    1.0
197      2    1.0
123      2    1.0
126      2    1.0
347      2    1.0
209      2    1.0
437      2    1.0
236      2    1.0
3        2    1.0
125      2    1.0
82       2    1.0
     Count  Value
31       2    1.0
6        2    1.0
99       2    1.0
299      2    1.0
168      2    1.0
205      2    1.0
141      2    1.0
361      2    1.0
54       2    1.0
105      2    1.0
Current: [3, 5, 6, 12, 14, 20, 23, 25, 26, 27, 31, 32, 52, 54, 60, 64, 77, 82, 84, 87, 88, 91, 93, 99, 102, 105, 116, 118, 122, 123, 125, 126, 140, 141, 148, 151, 158, 159, 160, 163, 166, 167, 168, 169, 171, 172, 173, 179, 183, 188, 190, 192, 193, 197, 200, 205, 209, 212, 217, 221, 223, 228, 229, 230, 233, 236, 243, 244, 246, 247, 256, 258, 259, 278, 281, 282, 285, 290, 297, 299, 304, 306, 309, 314, 317, 326, 331, 333, 343, 346, 347, 348, 357, 361, 364, 370, 371, 372, 374, 379, 388, 389, 393, 397, 404, 408, 411, 414, 415, 418, 422, 424, 429, 436, 437, 449, 457, 466, 474, 475, 482, 493, 497, 501, 503, 506]
Subround 3
not enough
     Count  Value
20       3    1.0
148      3    1.0
475      3    1.0
256      3    1.0
14       3    1.0
233      3    1.0
159      3    1.0
415      3    1.0
52       3    1.0
414      3    1.0
503      3    1.0
246      3    1.0
408      3    1.0
173      3    1.0
422      3    1.0
190      3    1.0
482      3    1.0
348      3    1.0
32       3    1.0
370      3    1.0
     Count  Value
20       3    1.0
148      3    1.0
475      3    1.0
256      3    1.0
14       3    1.0
233      3    1.0
159      3    1.0
415      3    1.0
52       3    1.0
414      3    1.0
Current: [14, 20, 23, 27, 32, 52, 87, 123, 141, 148, 159, 173, 190, 197, 233, 236, 246, 256, 258, 278, 348, 370, 408, 414, 415, 422, 437, 449, 475, 482, 503]
Subround 4
not enough
     Count  Value
422      4   1.00
482      4   1.00
449      4   1.00
437      4   1.00
348      4   1.00
414      4   1.00
32       4   1.00
278      4   1.00
503      4   1.00
148      4   1.00
14       4   1.00
190      4   1.00
246      4   1.00
258      4   1.00
256      4   1.00
197      4   1.00
408      4   1.00
97       3   0.75
209      3   0.75
126      3   0.75
     Count  Value
422      4    1.0
482      4    1.0
449      4    1.0
437      4    1.0
348      4    1.0
414      4    1.0
32       4    1.0
278      4    1.0
503      4    1.0
148      4    1.0
Current: [1, 5, 6, 11, 14, 16, 17, 20, 21, 22, 23, 26, 27, 32, 34, 36, 38, 40, 43, 47, 50, 52, 54, 58, 60, 62, 63, 66, 77, 82, 84, 87, 89, 97, 109, 110, 122, 123, 124, 125, 126, 128, 131, 132, 134, 137, 139, 141, 145, 146, 147, 148, 151, 154, 159, 163, 164, 167, 169, 173, 176, 177, 179, 187, 188, 190, 191, 193, 197, 199, 205, 209, 210, 226, 227, 233, 236, 242, 246, 249, 254, 255, 256, 258, 259, 262, 267, 268, 278, 281, 282, 284, 290, 300, 303, 305, 314, 322, 324, 326, 331, 333, 339, 343, 348, 351, 352, 364, 368, 370, 372, 374, 379, 388, 390, 396, 397, 404, 408, 411, 413, 414, 415, 420, 422, 424, 437, 448, 449, 451, 453, 455, 461, 466, 474, 475, 482, 485, 493, 497, 501, 503]
Subround 5
not enough
     Count  Value
414      5    1.0
437      5    1.0
197      5    1.0
32       5    1.0
148      5    1.0
14       5    1.0
326      4    0.8
159      4    0.8
52       4    0.8
374      4    0.8
482      4    0.8
422      4    0.8
177      4    0.8
256      4    0.8
408      4    0.8
77       4    0.8
503      4    0.8
147      4    0.8
415      4    0.8
27       4    0.8
     Count  Value
414      5    1.0
437      5    1.0
197      5    1.0
32       5    1.0
148      5    1.0
14       5    1.0
326      4    0.8
159      4    0.8
52       4    0.8
374      4    0.8
Current: [5, 11, 14, 20, 23, 27, 32, 36, 43, 52, 60, 77, 87, 110, 123, 126, 141, 147, 148, 154, 159, 163, 173, 176, 177, 188, 190, 197, 226, 236, 246, 249, 256, 258, 278, 282, 326, 339, 343, 348, 352, 364, 370, 374, 408, 414, 415, 422, 437, 449, 475, 482, 501, 503]
Subround 6
not enough
     Count     Value
14       6  1.000000
437      6  1.000000
414      6  1.000000
148      6  1.000000
173      5  0.833333
141      5  0.833333
249      5  0.833333
326      5  0.833333
475      5  0.833333
27       5  0.833333
197      5  0.833333
32       5  0.833333
449      5  0.833333
126      5  0.833333
77       5  0.833333
503      5  0.833333
352      5  0.833333
422      5  0.833333
123      5  0.833333
23       5  0.833333
     Count     Value
14       6  1.000000
437      6  1.000000
414      6  1.000000
148      6  1.000000
173      5  0.833333
141      5  0.833333
249      5  0.833333
326      5  0.833333
475      5  0.833333
27       5  0.833333
Current: [14, 23, 27, 32, 43, 77, 123, 126, 141, 147, 148, 173, 197, 249, 326, 339, 352, 364, 370, 414, 422, 437, 449, 475, 503]
Subround 7
not enough
     Count     Value
14       7  1.000000
437      7  1.000000
414      7  1.000000
148      7  1.000000
370      6  0.857143
249      6  0.857143
503      6  0.857143
58       5  0.714286
173      5  0.714286
348      5  0.714286
190      5  0.714286
94       5  0.714286
364      5  0.714286
343      5  0.714286
163      5  0.714286
36       5  0.714286
449      5  0.714286
25       5  0.714286
255      5  0.714286
326      5  0.714286
     Count     Value
14       7  1.000000
437      7  1.000000
414      7  1.000000
148      7  1.000000
370      6  0.857143
249      6  0.857143
503      6  0.857143
58       5  0.714286
173      5  0.714286
348      5  0.714286
Current: [1, 5, 8, 11, 14, 20, 23, 24, 25, 27, 32, 36, 40, 43, 58, 60, 66, 77, 87, 94, 110, 123, 126, 131, 134, 141, 145, 147, 148, 154, 162, 163, 173, 176, 177, 179, 188, 190, 197, 209, 211, 217, 236, 244, 249, 255, 256, 258, 273, 278, 282, 297, 326, 339, 343, 348, 352, 363, 364, 370, 396, 402, 408, 413, 414, 415, 422, 428, 437, 447, 449, 474, 475, 482, 503]
Subround 8
not enough
     Count  Value
14       8  1.000
414      8  1.000
148      8  1.000
503      7  0.875
370      7  0.875
437      7  0.875
428      6  0.750
297      6  0.750
197      6  0.750
126      6  0.750
217      6  0.750
188      6  0.750
209      6  0.750
396      6  0.750
256      6  0.750
258      6  0.750
40       6  0.750
145      6  0.750
363      6  0.750
326      6  0.750
     Count  Value
14       8  1.000
414      8  1.000
148      8  1.000
503      7  0.875
370      7  0.875
437      7  0.875
428      6  0.750
297      6  0.750
197      6  0.750
126      6  0.750
Current: [1, 5, 8, 14, 23, 25, 40, 43, 58, 60, 94, 126, 131, 145, 148, 154, 173, 176, 177, 188, 190, 197, 209, 217, 244, 249, 255, 256, 258, 297, 326, 363, 370, 396, 408, 414, 428, 437, 475, 503]
Subround 9
not enough
     Count     Value
14       9  1.000000
148      8  0.888889
437      8  0.888889
414      8  0.888889
8        7  0.777778
40       7  0.777778
23       7  0.777778
249      7  0.777778
255      7  0.777778
126      7  0.777778
475      7  0.777778
363      7  0.777778
370      7  0.777778
326      7  0.777778
503      7  0.777778
339      6  0.666667
209      6  0.666667
197      6  0.666667
162      6  0.666667
236      6  0.666667
     Count     Value
14       9  1.000000
148      8  0.888889
437      8  0.888889
414      8  0.888889
8        7  0.777778
40       7  0.777778
23       7  0.777778
249      7  0.777778
255      7  0.777778
126      7  0.777778
Current: [8, 14, 23, 40, 126, 148, 249, 255, 326, 363, 370, 414, 437, 475, 503]
Subround 10
     Count  Value
14      10    1.0
414      9    0.9
437      9    0.9
363      8    0.8
148      8    0.8
475      8    0.8
326      8    0.8
40       8    0.8
126      8    0.8
255      7    0.7
8        7    0.7
503      7    0.7
300      7    0.7
256      7    0.7
177      7    0.7
280      7    0.7
197      7    0.7
244      7    0.7
476      7    0.7
348      7    0.7
     Count  Value
14      10    1.0
414      9    0.9
437      9    0.9
363      8    0.8
148      8    0.8
475      8    0.8
326      8    0.8
40       8    0.8
126      8    0.8
255      7    0.7
Current: [14, 40, 126, 148, 326, 363, 414, 437, 475]
Round 2
Subround 1
not enough
     Count     Value
14      11  1.000000
414      9  0.818182
363      9  0.818182
148      9  0.818182
126      9  0.818182
475      9  0.818182
437      9  0.818182
326      8  0.727273
40       8  0.727273
8        7  0.636364
236      7  0.636364
503      7  0.636364
300      7  0.636364
256      7  0.636364
177      7  0.636364
280      7  0.636364
197      7  0.636364
244      7  0.636364
162      7  0.636364
476      7  0.636364
     Count  Value
126      1    1.0
363      1    1.0
148      1    1.0
475      1    1.0
14       1    1.0
Current: [14, 126, 148, 363, 414, 437, 475]
Subround 2
not enough
     Count     Value
14      12  1.000000
148     10  0.833333
437     10  0.833333
414      9  0.750000
326      9  0.750000
363      9  0.750000
126      9  0.750000
475      9  0.750000
40       8  0.666667
162      7  0.583333
197      7  0.583333
176      7  0.583333
31       7  0.583333
8        7  0.583333
255      7  0.583333
190      7  0.583333
94       7  0.583333
370      7  0.583333
87       7  0.583333
449      7  0.583333
     Count  Value
148      2    1.0
14       2    1.0
126      1    0.5
363      1    0.5
475      1    0.5
326      1    0.5
437      1    0.5
31       1    0.5
Current: [14, 148, 437]
Subround 3
not enough
     Count     Value
14      13  1.000000
148     11  0.846154
414     10  0.769231
437     10  0.769231
326     10  0.769231
363      9  0.692308
126      9  0.692308
40       9  0.692308
475      9  0.692308
162      7  0.538462
197      7  0.538462
176      7  0.538462
31       7  0.538462
8        7  0.538462
255      7  0.538462
190      7  0.538462
94       7  0.538462
370      7  0.538462
87       7  0.538462
449      7  0.538462
     Count     Value
148      3  1.000000
14       3  1.000000
326      2  0.666667
126      1  0.333333
363      1  0.333333
475      1  0.333333
437      1  0.333333
31       1  0.333333
40       1  0.333333
414      1  0.333333
Current: [14, 148]
Subround 4
not enough
     Count     Value
14      14  1.000000
148     12  0.857143
414     11  0.785714
437     11  0.785714
326     10  0.714286
40      10  0.714286
363      9  0.642857
126      9  0.642857
475      9  0.642857
162      7  0.500000
197      7  0.500000
176      7  0.500000
31       7  0.500000
8        7  0.500000
255      7  0.500000
190      7  0.500000
94       7  0.500000
370      7  0.500000
87       7  0.500000
449      7  0.500000
     Count  Value
148      4   1.00
14       4   1.00
326      2   0.50
437      2   0.50
40       2   0.50
414      2   0.50
126      1   0.25
363      1   0.25
475      1   0.25
31       1   0.25
Current: [14, 148]
Subround 5
not enough
     Count     Value
14      15  1.000000
148     13  0.866667
414     12  0.800000
437     12  0.800000
326     10  0.666667
126     10  0.666667
40      10  0.666667
363      9  0.600000
475      9  0.600000
162      7  0.466667
197      7  0.466667
176      7  0.466667
31       7  0.466667
8        7  0.466667
255      7  0.466667
190      7  0.466667
94       7  0.466667
370      7  0.466667
87       7  0.466667
449      7  0.466667
     Count  Value
148      5    1.0
14       5    1.0
437      3    0.6
414      3    0.6
126      2    0.4
326      2    0.4
40       2    0.4
363      1    0.2
475      1    0.2
31       1    0.2
Current: [14, 148]
Subround 6
not enough
     Count   Value
14      16  1.0000
148     14  0.8750
414     13  0.8125
437     12  0.7500
326     10  0.6250
363     10  0.6250
126     10  0.6250
40      10  0.6250
475     10  0.6250
162      7  0.4375
197      7  0.4375
176      7  0.4375
31       7  0.4375
8        7  0.4375
255      7  0.4375
190      7  0.4375
94       7  0.4375
370      7  0.4375
87       7  0.4375
449      7  0.4375
     Count     Value
148      6  1.000000
14       6  1.000000
414      4  0.666667
437      3  0.500000
126      2  0.333333
363      2  0.333333
475      2  0.333333
326      2  0.333333
40       2  0.333333
31       1  0.166667
Current: [14, 148, 414]
Subround 7
not enough
     Count     Value
14      17  1.000000
148     15  0.882353
414     13  0.764706
437     12  0.705882
363     11  0.647059
126     11  0.647059
326     10  0.588235
40      10  0.588235
475     10  0.588235
31       8  0.470588
255      7  0.411765
8        7  0.411765
190      7  0.411765
176      7  0.411765
197      7  0.411765
94       7  0.411765
370      7  0.411765
87       7  0.411765
162      7  0.411765
449      7  0.411765
     Count     Value
148      7  1.000000
14       7  1.000000
414      4  0.571429
126      3  0.428571
363      3  0.428571
437      3  0.428571
475      2  0.285714
326      2  0.285714
31       2  0.285714
40       2  0.285714
Current: [14, 148]
Subround 8
not enough
     Count     Value
14      18  1.000000
148     15  0.833333
414     13  0.722222
437     12  0.666667
363     12  0.666667
126     12  0.666667
326     11  0.611111
40      10  0.555556
475     10  0.555556
31       9  0.500000
255      7  0.388889
8        7  0.388889
190      7  0.388889
176      7  0.388889
197      7  0.388889
94       7  0.388889
370      7  0.388889
87       7  0.388889
162      7  0.388889
449      7  0.388889
     Count  Value
14       8  1.000
148      7  0.875
126      4  0.500
363      4  0.500
414      4  0.500
326      3  0.375
437      3  0.375
31       3  0.375
475      2  0.250
40       2  0.250
Current: [14, 148]
Subround 9
not enough
     Count     Value
14      19  1.000000
148     16  0.842105
414     13  0.684211
363     13  0.684211
126     13  0.684211
437     12  0.631579
326     11  0.578947
40      10  0.526316
475     10  0.526316
31      10  0.526316
255      7  0.368421
8        7  0.368421
190      7  0.368421
176      7  0.368421
197      7  0.368421
94       7  0.368421
370      7  0.368421
87       7  0.368421
162      7  0.368421
449      7  0.368421
     Count     Value
14       9  1.000000
148      8  0.888889
126      5  0.555556
363      5  0.555556
31       4  0.444444
414      4  0.444444
326      3  0.333333
437      3  0.333333
475      2  0.222222
40       2  0.222222
Current: [14, 148]
Subround 10
     Count  Value
14      20   1.00
148     16   0.80
414     14   0.70
126     14   0.70
363     13   0.65
437     12   0.60
326     12   0.60
31      11   0.55
475     10   0.50
40      10   0.50
94       7   0.35
190      7   0.35
255      7   0.35
8        7   0.35
370      7   0.35
176      7   0.35
197      7   0.35
87       7   0.35
162      7   0.35
449      7   0.35
     Count  Value
14      10    1.0
148      8    0.8
126      6    0.6
363      5    0.5
31       5    0.5
414      5    0.5
326      4    0.4
437      3    0.3
475      2    0.2
40       2    0.2
Current: [14]
Winning offset:
[14]
2021-09-07 14:35:59.280886
2021-09-07 14:39:11.106134
0:03:11.825248
