Loading page file profiles/packet3/pages/0x6e4a.yaml
Loading page file profiles/packet3/pages/0x6e60.yaml
Loading page file profiles/packet3/pages/0x6ee3.yaml
Loading page file profiles/packet3/pages/0x7241.yaml
Loading page file profiles/packet3/pages/0x7242.yaml
Loading page file profiles/packet3/pages/0x7243.yaml
Loading page file profiles/packet3/pages/0x7244.yaml
Round 1
Subround 1
not enough
     Count  Value
398      1    1.0
78       1    1.0
121      1    1.0
299      1    1.0
166      1    1.0
421      1    1.0
23       1    1.0
343      1    1.0
250      1    1.0
357      1    1.0
29       1    1.0
368      1    1.0
450      1    1.0
441      1    1.0
179      1    1.0
94       1    1.0
390      1    1.0
0        1    1.0
358      1    1.0
419      1    1.0
     Count  Value
398      1    1.0
78       1    1.0
121      1    1.0
299      1    1.0
166      1    1.0
421      1    1.0
23       1    1.0
343      1    1.0
250      1    1.0
357      1    1.0
Current: [0, 1, 2, 4, 10, 12, 14, 15, 16, 19, 20, 23, 24, 25, 28, 29, 31, 32, 36, 38, 39, 41, 43, 45, 47, 48, 50, 55, 58, 59, 61, 65, 68, 69, 74, 75, 76, 78, 79, 81, 83, 84, 85, 86, 88, 92, 93, 94, 95, 100, 101, 104, 105, 108, 111, 114, 115, 116, 117, 121, 122, 124, 128, 132, 133, 135, 137, 140, 145, 146, 148, 149, 152, 153, 158, 159, 160, 162, 163, 164, 165, 166, 167, 168, 173, 176, 179, 182, 183, 184, 185, 186, 187, 191, 192, 193, 195, 196, 197, 198, 199, 200, 201, 206, 207, 208, 211, 213, 214, 216, 217, 219, 221, 222, 225, 229, 230, 231, 232, 233, 234, 236, 237, 238, 242, 245, 246, 250, 253, 255, 261, 263, 268, 269, 271, 273, 274, 275, 276, 277, 280, 281, 282, 283, 286, 290, 293, 295, 299, 301, 302, 303, 304, 307, 308, 309, 311, 313, 316, 317, 320, 322, 325, 327, 331, 334, 335, 337, 343, 344, 346, 348, 350, 353, 355, 357, 358, 360, 363, 365, 368, 370, 373, 375, 376, 384, 389, 390, 393, 396, 397, 398, 399, 400, 401, 406, 408, 410, 412, 414, 416, 419, 421, 424, 425, 426, 427, 428, 429, 430, 431, 435, 437, 440, 441, 442, 444, 445, 446, 447, 448, 449, 450, 452, 456, 459, 460, 463, 464, 465, 466, 468, 470, 471, 472, 474, 478, 479, 480, 485, 486, 488, 489, 490, 491, 497, 498, 499, 500, 501, 502, 503, 505, 506, 507, 511]
Subround 2
not enough
     Count  Value
301      2    1.0
274      2    1.0
185      2    1.0
221      2    1.0
187      2    1.0
360      2    1.0
302      2    1.0
474      2    1.0
2        2    1.0
116      2    1.0
85       2    1.0
346      2    1.0
168      2    1.0
307      2    1.0
478      2    1.0
225      2    1.0
281      2    1.0
121      2    1.0
299      2    1.0
255      2    1.0
     Count  Value
301      2    1.0
274      2    1.0
185      2    1.0
221      2    1.0
187      2    1.0
360      2    1.0
302      2    1.0
474      2    1.0
2        2    1.0
116      2    1.0
Current: [1, 2, 19, 20, 23, 28, 31, 41, 45, 50, 58, 65, 68, 76, 78, 81, 85, 93, 94, 101, 104, 105, 115, 116, 117, 121, 122, 132, 133, 137, 146, 148, 149, 152, 159, 160, 162, 167, 168, 176, 183, 184, 185, 187, 193, 197, 199, 211, 213, 221, 225, 229, 234, 236, 237, 238, 242, 245, 246, 253, 255, 274, 275, 277, 280, 281, 293, 295, 299, 301, 302, 304, 307, 313, 317, 320, 325, 331, 334, 335, 337, 344, 346, 353, 357, 360, 370, 390, 393, 396, 397, 399, 400, 406, 408, 410, 412, 416, 427, 429, 430, 431, 435, 441, 442, 446, 450, 452, 456, 459, 470, 471, 472, 474, 478, 479, 485, 488, 489, 499, 502, 503, 507, 511]
Subround 3
not enough
     Count  Value
320      3    1.0
253      3    1.0
193      3    1.0
115      3    1.0
344      3    1.0
430      3    1.0
238      3    1.0
280      3    1.0
117      3    1.0
132      3    1.0
78       3    1.0
478      3    1.0
137      3    1.0
133      3    1.0
20       3    1.0
50       3    1.0
122      3    1.0
334      3    1.0
275      3    1.0
400      3    1.0
     Count  Value
320      3    1.0
253      3    1.0
193      3    1.0
115      3    1.0
344      3    1.0
430      3    1.0
238      3    1.0
280      3    1.0
117      3    1.0
132      3    1.0
Current: [20, 50, 68, 78, 94, 104, 115, 116, 117, 121, 122, 132, 133, 137, 149, 152, 185, 187, 193, 199, 221, 225, 238, 245, 253, 255, 274, 275, 280, 302, 317, 320, 334, 344, 346, 357, 390, 400, 406, 430, 435, 441, 450, 459, 474, 478, 499]
Subround 4
not enough
     Count  Value
474      4    1.0
68       4    1.0
430      4    1.0
499      4    1.0
225      4    1.0
238      4    1.0
302      4    1.0
280      4    1.0
117      4    1.0
20       4    1.0
137      4    1.0
116      4    1.0
406      4    1.0
193      4    1.0
435      4    1.0
346      4    1.0
253      4    1.0
317      4    1.0
115      4    1.0
334      4    1.0
     Count  Value
474      4    1.0
68       4    1.0
430      4    1.0
499      4    1.0
225      4    1.0
238      4    1.0
302      4    1.0
280      4    1.0
117      4    1.0
20       4    1.0
Current: [0, 3, 12, 19, 20, 23, 24, 25, 29, 31, 39, 42, 45, 48, 50, 55, 58, 60, 68, 69, 74, 78, 81, 84, 93, 94, 95, 100, 104, 105, 108, 115, 116, 117, 120, 121, 122, 124, 128, 130, 132, 133, 137, 139, 146, 149, 152, 163, 165, 166, 168, 173, 179, 182, 184, 185, 187, 188, 192, 193, 194, 196, 198, 199, 214, 219, 221, 225, 234, 236, 238, 239, 245, 246, 253, 255, 262, 274, 275, 277, 280, 281, 285, 287, 295, 301, 302, 304, 307, 317, 320, 327, 331, 333, 334, 335, 336, 339, 344, 346, 350, 353, 357, 358, 360, 365, 373, 375, 376, 377, 389, 390, 393, 396, 398, 399, 400, 403, 406, 410, 412, 416, 419, 420, 424, 426, 430, 435, 436, 439, 440, 441, 442, 445, 446, 447, 449, 450, 451, 454, 457, 459, 463, 464, 466, 470, 471, 474, 478, 479, 485, 486, 488, 489, 497, 499, 507, 511]
Subround 5
not enough
     Count  Value
94       5    1.0
68       5    1.0
280      5    1.0
253      5    1.0
317      5    1.0
137      5    1.0
122      5    1.0
474      5    1.0
281      4    0.8
225      4    0.8
121      4    0.8
302      4    0.8
478      4    0.8
307      4    0.8
346      4    0.8
12       4    0.8
116      4    0.8
187      4    0.8
440      4    0.8
450      4    0.8
     Count  Value
94       5    1.0
68       5    1.0
280      5    1.0
253      5    1.0
317      5    1.0
137      5    1.0
122      5    1.0
474      5    1.0
281      4    0.8
225      4    0.8
Current: [3, 12, 20, 29, 31, 50, 68, 93, 94, 104, 108, 115, 116, 117, 121, 122, 132, 133, 137, 139, 165, 179, 185, 187, 188, 193, 194, 199, 221, 225, 238, 239, 245, 253, 255, 274, 275, 277, 280, 281, 295, 302, 307, 317, 320, 327, 334, 339, 346, 350, 353, 357, 373, 390, 393, 398, 399, 406, 420, 430, 435, 436, 440, 441, 442, 449, 450, 451, 454, 459, 470, 471, 474, 478, 499]
Subround 6
not enough
     Count     Value
317      6  1.000000
474      6  1.000000
280      6  1.000000
353      5  0.833333
193      5  0.833333
31       5  0.833333
68       5  0.833333
137      5  0.833333
435      5  0.833333
122      5  0.833333
20       5  0.833333
117      5  0.833333
93       5  0.833333
320      5  0.833333
253      5  0.833333
350      5  0.833333
132      5  0.833333
94       5  0.833333
406      5  0.833333
430      5  0.833333
     Count     Value
317      6  1.000000
474      6  1.000000
280      6  1.000000
353      5  0.833333
193      5  0.833333
31       5  0.833333
68       5  0.833333
137      5  0.833333
435      5  0.833333
122      5  0.833333
Current: [12, 20, 29, 31, 68, 93, 94, 104, 115, 117, 121, 122, 132, 137, 139, 179, 188, 193, 194, 245, 253, 255, 280, 281, 302, 317, 320, 350, 353, 357, 406, 420, 430, 435, 440, 441, 442, 449, 451, 471, 474, 478]
Subround 7
not enough
     Count     Value
137      6  0.857143
194      6  0.857143
350      6  0.857143
441      6  0.857143
179      6  0.857143
94       6  0.857143
31       6  0.857143
68       6  0.857143
317      6  0.857143
193      6  0.857143
280      6  0.857143
449      6  0.857143
474      6  0.857143
471      6  0.857143
29       6  0.857143
188      6  0.857143
442      5  0.714286
12       5  0.714286
121      5  0.714286
88       5  0.714286
     Count     Value
137      6  0.857143
194      6  0.857143
350      6  0.857143
441      6  0.857143
179      6  0.857143
94       6  0.857143
31       6  0.857143
68       6  0.857143
317      6  0.857143
193      6  0.857143
Current: [3, 10, 12, 13, 20, 29, 31, 39, 50, 63, 65, 68, 86, 88, 93, 94, 95, 103, 104, 108, 115, 116, 117, 121, 122, 124, 132, 133, 136, 137, 139, 146, 155, 179, 185, 188, 193, 194, 197, 199, 214, 225, 238, 245, 253, 255, 266, 274, 275, 276, 277, 280, 281, 295, 302, 307, 317, 320, 327, 339, 350, 351, 353, 357, 373, 390, 398, 406, 419, 420, 430, 435, 440, 441, 442, 449, 450, 451, 454, 459, 464, 466, 471, 474, 478, 499]
Subround 8
not enough
     Count  Value
68       7  0.875
194      7  0.875
179      7  0.875
317      7  0.875
188      7  0.875
350      7  0.875
295      6  0.750
441      6  0.750
94       6  0.750
419      6  0.750
3        6  0.750
214      6  0.750
277      6  0.750
31       6  0.750
197      6  0.750
266      6  0.750
435      6  0.750
193      6  0.750
450      6  0.750
29       6  0.750
     Count  Value
68       7  0.875
194      7  0.875
179      7  0.875
317      7  0.875
188      7  0.875
350      7  0.875
295      6  0.750
441      6  0.750
94       6  0.750
419      6  0.750
Current: [3, 13, 29, 31, 39, 65, 68, 88, 93, 94, 95, 103, 104, 108, 115, 116, 121, 137, 146, 179, 188, 193, 194, 197, 214, 266, 275, 276, 277, 280, 281, 295, 302, 317, 320, 339, 350, 357, 398, 419, 420, 435, 440, 441, 449, 450, 459, 471, 474, 478, 499]
Subround 9
not enough
     Count     Value
179      8  0.888889
68       8  0.888889
471      7  0.777778
188      7  0.777778
350      7  0.777778
435      7  0.777778
276      7  0.777778
193      7  0.777778
317      7  0.777778
197      7  0.777778
194      7  0.777778
280      7  0.777778
499      7  0.777778
474      7  0.777778
116      7  0.777778
39       7  0.777778
459      7  0.777778
419      7  0.777778
13       7  0.777778
137      7  0.777778
     Count     Value
179      8  0.888889
68       8  0.888889
471      7  0.777778
188      7  0.777778
350      7  0.777778
435      7  0.777778
276      7  0.777778
193      7  0.777778
317      7  0.777778
197      7  0.777778
Current: [13, 39, 68, 116, 137, 179, 188, 193, 194, 197, 276, 280, 317, 350, 419, 435, 459, 471, 474, 499]
Subround 10
     Count  Value
68       9    0.9
188      8    0.8
435      8    0.8
317      8    0.8
137      8    0.8
39       8    0.8
350      8    0.8
471      8    0.8
179      8    0.8
193      8    0.8
280      8    0.8
13       8    0.8
459      8    0.8
474      8    0.8
419      7    0.7
232      7    0.7
398      7    0.7
295      7    0.7
276      7    0.7
357      7    0.7
     Count  Value
68       9    0.9
188      8    0.8
435      8    0.8
317      8    0.8
137      8    0.8
39       8    0.8
350      8    0.8
471      8    0.8
179      8    0.8
193      8    0.8
Current: [13, 39, 68, 137, 179, 188, 193, 280, 317, 350, 435, 459, 471, 474]
Round 2
Subround 1
not enough
     Count     Value
68       9  0.818182
317      9  0.818182
137      9  0.818182
350      9  0.818182
471      9  0.818182
179      9  0.818182
193      9  0.818182
13       9  0.818182
188      8  0.727273
435      8  0.727273
39       8  0.727273
280      8  0.727273
459      8  0.727273
474      8  0.727273
419      7  0.636364
232      7  0.636364
398      7  0.636364
295      7  0.636364
276      7  0.636364
357      7  0.636364
     Count  Value
317      1    1.0
179      1    1.0
13       1    1.0
471      1    1.0
137      1    1.0
193      1    1.0
350      1    1.0
Current: [13, 68, 137, 179, 193, 317, 350, 471]
Subround 2
not enough
     Count     Value
317     10  0.833333
350     10  0.833333
471     10  0.833333
193     10  0.833333
13      10  0.833333
68       9  0.750000
137      9  0.750000
179      9  0.750000
459      9  0.750000
474      9  0.750000
188      8  0.666667
435      8  0.666667
39       8  0.666667
280      8  0.666667
419      7  0.583333
232      7  0.583333
398      7  0.583333
295      7  0.583333
276      7  0.583333
357      7  0.583333
     Count  Value
317      2    1.0
13       2    1.0
471      2    1.0
193      2    1.0
350      2    1.0
179      1    0.5
137      1    0.5
459      1    0.5
474      1    0.5
Current: [13, 193, 317, 350, 471]
Subround 3
not enough
     Count     Value
13      11  0.846154
68      10  0.769231
317     10  0.769231
137     10  0.769231
350     10  0.769231
471     10  0.769231
179     10  0.769231
193     10  0.769231
188      9  0.692308
39       9  0.692308
280      9  0.692308
459      9  0.692308
474      9  0.692308
435      8  0.615385
419      7  0.538462
232      7  0.538462
398      7  0.538462
295      7  0.538462
276      7  0.538462
357      7  0.538462
     Count     Value
13       3  1.000000
317      2  0.666667
179      2  0.666667
471      2  0.666667
137      2  0.666667
193      2  0.666667
350      2  0.666667
459      1  0.333333
474      1  0.333333
68       1  0.333333
Current: [13]
Subround 4
not enough
     Count     Value
13      12  0.857143
68      11  0.785714
317     11  0.785714
137     11  0.785714
193     11  0.785714
39      10  0.714286
350     10  0.714286
471     10  0.714286
179     10  0.714286
280     10  0.714286
188      9  0.642857
459      9  0.642857
474      9  0.642857
435      8  0.571429
419      7  0.500000
232      7  0.500000
398      7  0.500000
295      7  0.500000
276      7  0.500000
357      7  0.500000
     Count  Value
13       4   1.00
317      3   0.75
137      3   0.75
193      3   0.75
179      2   0.50
471      2   0.50
350      2   0.50
68       2   0.50
280      2   0.50
39       2   0.50
Current: [13]
Subround 5
not enough
     Count     Value
317     12  0.800000
13      12  0.800000
68      11  0.733333
137     11  0.733333
350     11  0.733333
471     11  0.733333
179     11  0.733333
193     11  0.733333
188     10  0.666667
39      10  0.666667
280     10  0.666667
459     10  0.666667
474     10  0.666667
435      8  0.533333
419      7  0.466667
232      7  0.466667
398      7  0.466667
295      7  0.466667
276      7  0.466667
357      7  0.466667
     Count  Value
317      4    0.8
13       4    0.8
179      3    0.6
471      3    0.6
137      3    0.6
193      3    0.6
350      3    0.6
459      2    0.4
474      2    0.4
68       2    0.4
no winner, not enough
Current: []
Subround 6
not enough
     Count   Value
317     13  0.8125
350     12  0.7500
179     12  0.7500
13      12  0.7500
68      11  0.6875
188     11  0.6875
137     11  0.6875
39      11  0.6875
471     11  0.6875
193     11  0.6875
459     11  0.6875
280     10  0.6250
474     10  0.6250
435      9  0.5625
419      7  0.4375
232      7  0.4375
398      7  0.4375
295      7  0.4375
276      7  0.4375
357      7  0.4375
     Count     Value
317      5  0.833333
179      4  0.666667
13       4  0.666667
350      4  0.666667
471      3  0.500000
137      3  0.500000
193      3  0.500000
459      3  0.500000
188      3  0.500000
39       3  0.500000
Current: [317]
Subround 7
not enough
     Count     Value
317     13  0.764706
179     13  0.764706
13      13  0.764706
68      12  0.705882
137     12  0.705882
39      12  0.705882
350     12  0.705882
188     11  0.647059
471     11  0.647059
193     11  0.647059
280     11  0.647059
459     11  0.647059
474     11  0.647059
435      9  0.529412
419      7  0.411765
232      7  0.411765
398      7  0.411765
295      7  0.411765
276      7  0.411765
357      7  0.411765
     Count     Value
317      5  0.714286
179      5  0.714286
13       5  0.714286
137      4  0.571429
350      4  0.571429
39       4  0.571429
471      3  0.428571
193      3  0.428571
459      3  0.428571
474      3  0.428571
no winner, not enough
Current: []
Subround 8
not enough
     Count     Value
179     14  0.777778
13      14  0.777778
317     13  0.722222
39      13  0.722222
350     13  0.722222
68      12  0.666667
137     12  0.666667
471     12  0.666667
193     12  0.666667
459     12  0.666667
188     11  0.611111
280     11  0.611111
474     11  0.611111
435      9  0.500000
419      7  0.388889
232      7  0.388889
398      7  0.388889
295      7  0.388889
276      7  0.388889
357      7  0.388889
     Count  Value
179      6  0.750
13       6  0.750
317      5  0.625
350      5  0.625
39       5  0.625
471      4  0.500
137      4  0.500
193      4  0.500
459      4  0.500
474      3  0.375
no winner, not enough
Current: []
Subround 9
not enough
     Count     Value
179     14  0.736842
13      14  0.736842
68      13  0.684211
317     13  0.684211
39      13  0.684211
350     13  0.684211
193     13  0.684211
459     13  0.684211
188     12  0.631579
137     12  0.631579
471     12  0.631579
280     12  0.631579
474     12  0.631579
435     10  0.526316
419      7  0.368421
232      7  0.368421
398      7  0.368421
295      7  0.368421
276      7  0.368421
357      7  0.368421
     Count     Value
179      6  0.666667
13       6  0.666667
317      5  0.555556
193      5  0.555556
350      5  0.555556
459      5  0.555556
39       5  0.555556
471      4  0.444444
137      4  0.444444
474      4  0.444444
no winner, not enough
Current: []
Subround 10
     Count  Value
317     14   0.70
39      14   0.70
179     14   0.70
193     14   0.70
13      14   0.70
459     14   0.70
68      13   0.65
137     13   0.65
350     13   0.65
474     13   0.65
188     12   0.60
471     12   0.60
280     12   0.60
435     11   0.55
419      7   0.35
232      7   0.35
398      7   0.35
295      7   0.35
276      7   0.35
357      7   0.35
     Count  Value
317      6    0.6
179      6    0.6
13       6    0.6
193      6    0.6
459      6    0.6
39       6    0.6
137      5    0.5
350      5    0.5
474      5    0.5
471      4    0.4
no winner, not enough
Current: []
Subround 11
     Count     Value
179     15  0.714286
13      15  0.714286
459     15  0.714286
68      14  0.666667
317     14  0.666667
39      14  0.666667
350     14  0.666667
193     14  0.666667
188     13  0.619048
137     13  0.619048
471     13  0.619048
474     13  0.619048
280     12  0.571429
435     11  0.523810
419      7  0.333333
232      7  0.333333
398      7  0.333333
295      7  0.333333
276      7  0.333333
357      7  0.333333
     Count     Value
179      7  0.636364
13       7  0.636364
459      7  0.636364
317      6  0.545455
193      6  0.545455
350      6  0.545455
39       6  0.545455
471      5  0.454545
137      5  0.454545
474      5  0.454545
no winner, not enough
Current: []
Subround 12
     Count     Value
13      16  0.727273
317     15  0.681818
350     15  0.681818
179     15  0.681818
459     15  0.681818
68      14  0.636364
188     14  0.636364
39      14  0.636364
471     14  0.636364
193     14  0.636364
474     14  0.636364
137     13  0.590909
435     12  0.545455
280     12  0.545455
419      7  0.318182
232      7  0.318182
398      7  0.318182
295      7  0.318182
276      7  0.318182
357      7  0.318182
     Count     Value
13       8  0.666667
317      7  0.583333
179      7  0.583333
350      7  0.583333
459      7  0.583333
471      6  0.500000
193      6  0.500000
474      6  0.500000
188      6  0.500000
39       6  0.500000
no winner, not enough
Current: []
Subround 13
     Count     Value
13      17  0.739130
317     16  0.695652
179     16  0.695652
188     15  0.652174
350     15  0.652174
471     15  0.652174
193     15  0.652174
459     15  0.652174
68      14  0.608696
39      14  0.608696
474     14  0.608696
435     13  0.565217
137     13  0.565217
280     12  0.521739
419      7  0.304348
232      7  0.304348
398      7  0.304348
295      7  0.304348
276      7  0.304348
357      7  0.304348
     Count     Value
13       9  0.692308
317      8  0.615385
179      8  0.615385
471      7  0.538462
193      7  0.538462
350      7  0.538462
459      7  0.538462
188      7  0.538462
474      6  0.461538
39       6  0.461538
no winner, not enough
Current: []
Subround 14
     Count     Value
317     17  0.708333
13      17  0.708333
188     16  0.666667
471     16  0.666667
179     16  0.666667
459     16  0.666667
350     15  0.625000
193     15  0.625000
474     15  0.625000
68      14  0.583333
435     14  0.583333
137     14  0.583333
39      14  0.583333
280     12  0.500000
419      7  0.291667
232      7  0.291667
398      7  0.291667
295      7  0.291667
276      7  0.291667
357      7  0.291667
     Count     Value
317      9  0.642857
13       9  0.642857
179      8  0.571429
471      8  0.571429
459      8  0.571429
188      8  0.571429
193      7  0.500000
350      7  0.500000
474      7  0.500000
137      6  0.428571
no winner, not enough
Current: []
Subround 15
     Count  Value
13      18   0.72
317     17   0.68
471     17   0.68
179     17   0.68
188     16   0.64
350     16   0.64
193     16   0.64
459     16   0.64
68      15   0.60
39      15   0.60
474     15   0.60
435     14   0.56
137     14   0.56
280     12   0.48
419      7   0.28
232      7   0.28
398      7   0.28
295      7   0.28
276      7   0.28
357      7   0.28
     Count     Value
13      10  0.666667
317      9  0.600000
179      9  0.600000
471      9  0.600000
193      8  0.533333
350      8  0.533333
459      8  0.533333
188      8  0.533333
474      7  0.466667
39       7  0.466667
no winner, not enough
Current: []
Subround 16
     Count     Value
13      19  0.730769
317     18  0.692308
188     17  0.653846
471     17  0.653846
179     17  0.653846
193     17  0.653846
39      16  0.615385
350     16  0.615385
459     16  0.615385
474     16  0.615385
68      15  0.576923
435     15  0.576923
137     14  0.538462
280     12  0.461538
419      7  0.269231
232      7  0.269231
398      7  0.269231
295      7  0.269231
276      7  0.269231
357      7  0.269231
     Count   Value
13      11  0.6875
317     10  0.6250
179      9  0.5625
471      9  0.5625
193      9  0.5625
188      9  0.5625
350      8  0.5000
459      8  0.5000
474      8  0.5000
39       8  0.5000
no winner, not enough
Current: []
Subround 17
     Count     Value
13      20  0.740741
317     18  0.666667
179     18  0.666667
188     17  0.629630
350     17  0.629630
471     17  0.629630
193     17  0.629630
459     17  0.629630
68      16  0.592593
39      16  0.592593
474     16  0.592593
435     15  0.555556
137     15  0.555556
280     13  0.481481
419      7  0.259259
232      7  0.259259
398      7  0.259259
295      7  0.259259
276      7  0.259259
357      7  0.259259
     Count     Value
13      12  0.705882
317     10  0.588235
179     10  0.588235
471      9  0.529412
193      9  0.529412
350      9  0.529412
459      9  0.529412
188      9  0.529412
474      8  0.470588
39       8  0.470588
no winner, not enough
Current: []
Subround 18
     Count     Value
13      20  0.714286
317     19  0.678571
179     19  0.678571
350     18  0.642857
471     18  0.642857
459     18  0.642857
68      17  0.607143
188     17  0.607143
39      17  0.607143
193     17  0.607143
474     16  0.571429
435     15  0.535714
137     15  0.535714
280     13  0.464286
419      7  0.250000
232      7  0.250000
398      7  0.250000
295      7  0.250000
276      7  0.250000
357      7  0.250000
     Count     Value
13      12  0.666667
317     11  0.611111
179     11  0.611111
471     10  0.555556
350     10  0.555556
459     10  0.555556
193      9  0.500000
188      9  0.500000
39       9  0.500000
474      8  0.444444
no winner, not enough
Current: []
Subround 19
     Count     Value
13      20  0.689655
317     19  0.655172
350     19  0.655172
179     19  0.655172
188     18  0.620690
471     18  0.620690
193     18  0.620690
459     18  0.620690
68      17  0.586207
39      17  0.586207
474     17  0.586207
435     16  0.551724
137     16  0.551724
280     14  0.482759
419      7  0.241379
232      7  0.241379
398      7  0.241379
295      7  0.241379
276      7  0.241379
357      7  0.241379
     Count     Value
13      12  0.631579
317     11  0.578947
179     11  0.578947
350     11  0.578947
471     10  0.526316
193     10  0.526316
459     10  0.526316
188     10  0.526316
474      9  0.473684
39       9  0.473684
no winner, not enough
Current: []
Subround 20
     Count     Value
13      21  0.700000
317     20  0.666667
350     20  0.666667
471     19  0.633333
179     19  0.633333
193     19  0.633333
188     18  0.600000
459     18  0.600000
68      17  0.566667
435     17  0.566667
137     17  0.566667
39      17  0.566667
474     17  0.566667
280     14  0.466667
419      7  0.233333
232      7  0.233333
398      7  0.233333
295      7  0.233333
276      7  0.233333
357      7  0.233333
     Count  Value
13      13   0.65
317     12   0.60
350     12   0.60
179     11   0.55
471     11   0.55
193     11   0.55
459     10   0.50
188     10   0.50
137      9   0.45
474      9   0.45
no winner, not enough
Current: []
Subround 21
     Count     Value
13      21  0.677419
317     20  0.645161
350     20  0.645161
471     20  0.645161
179     20  0.645161
188     19  0.612903
193     19  0.612903
459     19  0.612903
68      18  0.580645
39      18  0.580645
474     18  0.580645
435     17  0.548387
137     17  0.548387
280     14  0.451613
419      7  0.225806
232      7  0.225806
398      7  0.225806
295      7  0.225806
276      7  0.225806
357      7  0.225806
     Count     Value
13      13  0.619048
317     12  0.571429
179     12  0.571429
471     12  0.571429
350     12  0.571429
193     11  0.523810
459     11  0.523810
188     11  0.523810
474     10  0.476190
39      10  0.476190
no winner, not enough
Current: []
Subround 22
     Count    Value
13      22  0.68750
471     21  0.65625
179     21  0.65625
317     20  0.62500
350     20  0.62500
459     20  0.62500
68      19  0.59375
188     19  0.59375
193     19  0.59375
474     19  0.59375
137     18  0.56250
39      18  0.56250
435     17  0.53125
280     14  0.43750
419      7  0.21875
232      7  0.21875
398      7  0.21875
295      7  0.21875
276      7  0.21875
357      7  0.21875
     Count     Value
13      14  0.636364
179     13  0.590909
471     13  0.590909
317     12  0.545455
350     12  0.545455
459     12  0.545455
193     11  0.500000
474     11  0.500000
188     11  0.500000
137     10  0.454545
no winner, not enough
Current: []
Subround 23
     Count     Value
471     22  0.666667
179     22  0.666667
13      22  0.666667
350     21  0.636364
459     21  0.636364
317     20  0.606061
193     20  0.606061
474     20  0.606061
68      19  0.575758
188     19  0.575758
137     19  0.575758
39      18  0.545455
435     17  0.515152
280     14  0.424242
419      7  0.212121
232      7  0.212121
398      7  0.212121
295      7  0.212121
276      7  0.212121
357      7  0.212121
     Count     Value
179     14  0.608696
13      14  0.608696
471     14  0.608696
350     13  0.565217
459     13  0.565217
317     12  0.521739
193     12  0.521739
474     12  0.521739
137     11  0.478261
188     11  0.478261
no winner, not enough
Current: []
Subround 24
     Count     Value
471     23  0.676471
179     23  0.676471
13      23  0.676471
350     22  0.647059
459     21  0.617647
68      20  0.588235
188     20  0.588235
317     20  0.588235
193     20  0.588235
474     20  0.588235
137     19  0.558824
39      19  0.558824
435     17  0.500000
280     14  0.411765
419      7  0.205882
232      7  0.205882
398      7  0.205882
295      7  0.205882
276      7  0.205882
357      7  0.205882
     Count     Value
179     15  0.625000
13      15  0.625000
471     15  0.625000
350     14  0.583333
459     13  0.541667
317     12  0.500000
193     12  0.500000
474     12  0.500000
188     12  0.500000
137     11  0.458333
no winner, not enough
Current: []
Subround 25
     Count     Value
471     24  0.685714
179     24  0.685714
13      24  0.685714
350     22  0.628571
459     21  0.600000
474     21  0.600000
68      20  0.571429
188     20  0.571429
317     20  0.571429
137     20  0.571429
39      20  0.571429
193     20  0.571429
435     18  0.514286
280     14  0.400000
419      7  0.200000
232      7  0.200000
398      7  0.200000
295      7  0.200000
276      7  0.200000
357      7  0.200000
     Count  Value
179     16   0.64
13      16   0.64
471     16   0.64
350     14   0.56
459     13   0.52
474     13   0.52
317     12   0.48
137     12   0.48
193     12   0.48
188     12   0.48
no winner, not enough
Current: []
Subround 26
     Count     Value
471     24  0.666667
179     24  0.666667
13      24  0.666667
350     22  0.611111
68      21  0.583333
188     21  0.583333
137     21  0.583333
39      21  0.583333
193     21  0.583333
459     21  0.583333
474     21  0.583333
317     20  0.555556
435     19  0.527778
280     15  0.416667
419      7  0.194444
232      7  0.194444
398      7  0.194444
295      7  0.194444
276      7  0.194444
357      7  0.194444
     Count     Value
179     16  0.615385
13      16  0.615385
471     16  0.615385
350     14  0.538462
137     13  0.500000
193     13  0.500000
459     13  0.500000
474     13  0.500000
188     13  0.500000
39      13  0.500000
no winner, not enough
Current: []
Subround 27
     Count     Value
471     25  0.675676
13      25  0.675676
179     24  0.648649
350     23  0.621622
137     22  0.594595
459     22  0.594595
68      21  0.567568
188     21  0.567568
317     21  0.567568
39      21  0.567568
193     21  0.567568
474     21  0.567568
435     19  0.513514
280     16  0.432432
419      7  0.189189
232      7  0.189189
398      7  0.189189
295      7  0.189189
276      7  0.189189
357      7  0.189189
     Count     Value
13      17  0.629630
471     17  0.629630
179     16  0.592593
350     15  0.555556
137     14  0.518519
459     14  0.518519
317     13  0.481481
193     13  0.481481
474     13  0.481481
188     13  0.481481
no winner, not enough
Current: []
Subround 28
     Count     Value
471     26  0.684211
13      26  0.684211
179     24  0.631579
350     23  0.605263
68      22  0.578947
188     22  0.578947
317     22  0.578947
137     22  0.578947
193     22  0.578947
459     22  0.578947
39      21  0.552632
474     21  0.552632
435     20  0.526316
280     16  0.421053
419      7  0.184211
232      7  0.184211
398      7  0.184211
295      7  0.184211
276      7  0.184211
357      7  0.184211
     Count     Value
13      18  0.642857
471     18  0.642857
179     16  0.571429
350     15  0.535714
317     14  0.500000
137     14  0.500000
193     14  0.500000
459     14  0.500000
188     14  0.500000
474     13  0.464286
no winner, not enough
Current: []
Subround 29
     Count     Value
471     27  0.692308
13      26  0.666667
179     24  0.615385
317     23  0.589744
137     23  0.589744
350     23  0.589744
193     23  0.589744
459     23  0.589744
68      22  0.564103
188     22  0.564103
474     22  0.564103
39      21  0.538462
435     20  0.512821
280     17  0.435897
419      7  0.179487
232      7  0.179487
398      7  0.179487
295      7  0.179487
276      7  0.179487
357      7  0.179487
     Count     Value
471     19  0.655172
13      18  0.620690
179     16  0.551724
317     15  0.517241
137     15  0.517241
193     15  0.517241
350     15  0.517241
459     15  0.517241
474     14  0.482759
188     14  0.482759
no winner, not enough
Current: []
Subround 30
     Count  Value
471     27  0.675
13      27  0.675
179     25  0.625
350     24  0.600
459     24  0.600
68      23  0.575
317     23  0.575
137     23  0.575
193     23  0.575
188     22  0.550
39      22  0.550
474     22  0.550
435     20  0.500
280     18  0.450
419      7  0.175
232      7  0.175
398      7  0.175
295      7  0.175
276      7  0.175
357      7  0.175
     Count     Value
13      19  0.633333
471     19  0.633333
179     17  0.566667
350     16  0.533333
459     16  0.533333
317     15  0.500000
137     15  0.500000
193     15  0.500000
474     14  0.466667
68      14  0.466667
Rest half winner
Current: [1, 2, 3, 4, 12, 13, 14, 16, 18, 21, 22, 24, 26, 29, 31, 32, 35, 37, 38, 39, 40, 42, 44, 45, 48, 49, 50, 56, 57, 60, 62, 63, 64, 65, 66, 67, 68, 71, 77, 78, 80, 86, 88, 93, 94, 95, 97, 101, 102, 103, 104, 105, 106, 107, 108, 111, 113, 114, 115, 116, 117, 118, 120, 121, 123, 124, 125, 130, 132, 133, 135, 136, 137, 138, 139, 146, 147, 148, 150, 151, 152, 154, 155, 156, 157, 161, 163, 166, 167, 170, 171, 172, 176, 177, 178, 179, 181, 185, 188, 190, 191, 193, 194, 195, 197, 199, 202, 203, 204, 205, 210, 211, 213, 214, 216, 218, 219, 220, 221, 224, 227, 231, 232, 234, 236, 239, 243, 246, 247, 248, 249, 255, 260, 261, 262, 264, 266, 270, 274, 275, 276, 277, 278, 280, 281, 284, 285, 286, 287, 293, 294, 295, 297, 298, 301, 302, 304, 305, 306, 307, 311, 312, 315, 316, 317, 320, 323, 324, 327, 328, 331, 333, 336, 338, 339, 340, 342, 345, 350, 351, 353, 354, 355, 357, 359, 361, 366, 367, 369, 370, 372, 373, 376, 377, 383, 384, 386, 389, 392, 393, 395, 396, 397, 398, 399, 400, 403, 404, 405, 406, 410, 411, 415, 418, 419, 420, 422, 426, 427, 429, 432, 435, 436, 437, 439, 440, 441, 442, 443, 445, 446, 447, 449, 450, 451, 453, 454, 457, 459, 460, 464, 466, 469, 471, 474, 478, 480, 481, 483, 486, 489, 490, 496, 499, 506, 508]
Round 3
Subround 1
not enough
     Count  Value
443      1    1.0
199      1    1.0
48       1    1.0
311      1    1.0
260      1    1.0
231      1    1.0
38       1    1.0
396      1    1.0
499      1    1.0
190      1    1.0
115      1    1.0
307      1    1.0
24       1    1.0
39       1    1.0
102      1    1.0
508      1    1.0
403      1    1.0
294      1    1.0
161      1    1.0
489      1    1.0
     Count  Value
443      1    1.0
199      1    1.0
48       1    1.0
311      1    1.0
260      1    1.0
231      1    1.0
38       1    1.0
396      1    1.0
499      1    1.0
190      1    1.0
Current: [1, 4, 12, 14, 16, 18, 24, 38, 39, 40, 44, 48, 56, 60, 63, 64, 65, 80, 86, 102, 103, 106, 108, 113, 115, 116, 118, 120, 124, 139, 147, 148, 161, 163, 167, 170, 172, 179, 181, 188, 190, 193, 197, 199, 204, 210, 211, 216, 220, 224, 227, 231, 232, 243, 246, 247, 248, 255, 260, 261, 264, 266, 270, 274, 280, 281, 285, 287, 293, 294, 298, 302, 305, 306, 307, 311, 316, 327, 328, 338, 339, 340, 350, 354, 355, 359, 361, 367, 369, 370, 384, 389, 392, 393, 396, 398, 399, 400, 403, 404, 406, 410, 422, 426, 427, 429, 432, 437, 441, 443, 446, 447, 449, 450, 451, 460, 466, 469, 474, 478, 480, 483, 486, 489, 490, 499, 506, 508]
Subround 2
not enough
     Count  Value
443      2    1.0
490      2    1.0
392      2    1.0
393      2    1.0
270      2    1.0
483      2    1.0
4        2    1.0
446      2    1.0
451      2    1.0
210      2    1.0
118      2    1.0
306      2    1.0
64       2    1.0
86       2    1.0
447      2    1.0
396      2    1.0
422      2    1.0
16       2    1.0
116      2    1.0
367      2    1.0
     Count  Value
443      2    1.0
490      2    1.0
392      2    1.0
393      2    1.0
270      2    1.0
483      2    1.0
4        2    1.0
446      2    1.0
451      2    1.0
210      2    1.0
Current: [4, 14, 16, 18, 24, 39, 40, 56, 64, 65, 80, 86, 102, 113, 116, 118, 124, 161, 163, 170, 172, 190, 210, 216, 220, 231, 243, 247, 248, 255, 264, 266, 270, 274, 280, 285, 305, 306, 307, 316, 327, 338, 340, 350, 354, 355, 359, 361, 367, 369, 370, 389, 392, 393, 396, 398, 400, 410, 422, 437, 441, 443, 446, 447, 451, 483, 489, 490]
Subround 3
not enough
     Count  Value
18       3    1.0
410      3    1.0
398      3    1.0
231      3    1.0
65       3    1.0
116      3    1.0
367      3    1.0
340      3    1.0
255      3    1.0
389      3    1.0
14       3    1.0
56       3    1.0
441      3    1.0
16       3    1.0
490      3    1.0
266      3    1.0
354      3    1.0
113      3    1.0
220      3    1.0
86       3    1.0
     Count  Value
18       3    1.0
410      3    1.0
398      3    1.0
231      3    1.0
65       3    1.0
116      3    1.0
367      3    1.0
340      3    1.0
255      3    1.0
389      3    1.0
Current: [14, 16, 18, 24, 56, 65, 86, 113, 116, 124, 163, 172, 220, 231, 247, 255, 266, 280, 285, 338, 340, 354, 367, 369, 389, 398, 410, 437, 441, 490]
Subround 4
not enough
     Count  Value
410      4   1.00
369      4   1.00
172      4   1.00
490      4   1.00
86       4   1.00
16       4   1.00
441      4   1.00
56       4   1.00
255      4   1.00
220      4   1.00
14       4   1.00
398      4   1.00
163      4   1.00
280      4   1.00
247      3   0.75
294      3   0.75
301      3   0.75
464      3   0.75
190      3   0.75
35       3   0.75
     Count  Value
410      4    1.0
369      4    1.0
172      4    1.0
490      4    1.0
86       4    1.0
16       4    1.0
441      4    1.0
56       4    1.0
255      4    1.0
220      4    1.0
Current: [14, 16, 56, 86, 163, 172, 220, 255, 280, 369, 398, 410, 441, 490]
Subround 5
not enough
     Count  Value
172      5    1.0
220      5    1.0
14       5    1.0
255      5    1.0
39       4    0.8
167      4    0.8
441      4    0.8
340      4    0.8
35       4    0.8
410      4    0.8
389      4    0.8
429      4    0.8
86       4    0.8
306      4    0.8
210      4    0.8
490      4    0.8
113      4    0.8
404      4    0.8
392      4    0.8
65       4    0.8
     Count  Value
172      5    1.0
220      5    1.0
14       5    1.0
255      5    1.0
39       4    0.8
167      4    0.8
441      4    0.8
340      4    0.8
35       4    0.8
410      4    0.8
Current: [14, 172, 220, 255]
Subround 6
not enough
     Count     Value
220      6  1.000000
172      6  1.000000
14       6  1.000000
285      5  0.833333
328      5  0.833333
393      5  0.833333
367      5  0.833333
255      5  0.833333
39       5  0.833333
16       5  0.833333
63       5  0.833333
86       5  0.833333
398      5  0.833333
306      5  0.833333
210      5  0.833333
392      5  0.833333
167      5  0.833333
355      5  0.833333
404      5  0.833333
389      5  0.833333
     Count     Value
220      6  1.000000
172      6  1.000000
14       6  1.000000
285      5  0.833333
328      5  0.833333
393      5  0.833333
367      5  0.833333
255      5  0.833333
39       5  0.833333
16       5  0.833333
Current: [1, 14, 16, 39, 63, 65, 86, 167, 172, 177, 210, 220, 255, 285, 306, 328, 340, 355, 367, 369, 389, 392, 393, 398, 404, 429]
Subround 7
not enough
     Count     Value
220      7  1.000000
14       7  1.000000
398      6  0.857143
172      6  0.857143
177      6  0.857143
86       6  0.857143
255      6  0.857143
410      5  0.714286
1        5  0.714286
453      5  0.714286
406      5  0.714286
16       5  0.714286
422      5  0.714286
65       5  0.714286
426      5  0.714286
383      5  0.714286
306      5  0.714286
210      5  0.714286
490      5  0.714286
389      5  0.714286
     Count     Value
220      7  1.000000
14       7  1.000000
398      6  0.857143
172      6  0.857143
177      6  0.857143
86       6  0.857143
255      6  0.857143
410      5  0.714286
1        5  0.714286
453      5  0.714286
Current: [14, 86, 172, 177, 220, 255, 398]
Subround 8
not enough
     Count  Value
220      8  1.000
14       8  1.000
255      7  0.875
232      6  0.750
397      6  0.750
179      6  0.750
172      6  0.750
147      6  0.750
406      6  0.750
190      6  0.750
307      6  0.750
398      6  0.750
86       6  0.750
210      6  0.750
490      6  0.750
177      6  0.750
167      6  0.750
404      6  0.750
324      6  0.750
285      6  0.750
     Count  Value
220      8  1.000
14       8  1.000
255      7  0.875
232      6  0.750
397      6  0.750
179      6  0.750
172      6  0.750
147      6  0.750
406      6  0.750
190      6  0.750
Current: [14, 220, 255]
Subround 9
not enough
     Count     Value
220      9  1.000000
14       9  1.000000
255      8  0.888889
340      7  0.777778
247      7  0.777778
406      7  0.777778
324      7  0.777778
397      7  0.777778
210      7  0.777778
369      7  0.777778
307      7  0.777778
177      7  0.777778
285      7  0.777778
163      7  0.777778
389      7  0.777778
63       7  0.777778
190      7  0.777778
398      7  0.777778
147      7  0.777778
445      6  0.666667
     Count     Value
220      9  1.000000
14       9  1.000000
255      8  0.888889
340      7  0.777778
247      7  0.777778
406      7  0.777778
324      7  0.777778
397      7  0.777778
210      7  0.777778
369      7  0.777778
Current: [14, 220, 255]
Subround 10
     Count  Value
14      10    1.0
220      9    0.9
324      8    0.8
389      8    0.8
307      8    0.8
210      8    0.8
147      8    0.8
255      8    0.8
177      8    0.8
397      8    0.8
393      7    0.7
367      7    0.7
295      7    0.7
39       7    0.7
56       7    0.7
436      7    0.7
406      7    0.7
490      7    0.7
16       7    0.7
422      7    0.7
     Count  Value
14      10    1.0
220      9    0.9
324      8    0.8
389      8    0.8
307      8    0.8
210      8    0.8
147      8    0.8
255      8    0.8
177      8    0.8
397      8    0.8
Current: [14, 220]
Round 4
Subround 1
not enough
     Count     Value
14      11  1.000000
220      9  0.818182
324      8  0.727273
389      8  0.727273
307      8  0.727273
210      8  0.727273
147      8  0.727273
255      8  0.727273
177      8  0.727273
397      8  0.727273
393      7  0.636364
367      7  0.636364
295      7  0.636364
39       7  0.636364
56       7  0.636364
436      7  0.636364
406      7  0.636364
490      7  0.636364
16       7  0.636364
422      7  0.636364
    Count  Value
14      1    1.0
Current: [14, 220]
Subround 2
not enough
     Count     Value
14      12  1.000000
220      9  0.750000
324      8  0.666667
389      8  0.666667
307      8  0.666667
210      8  0.666667
147      8  0.666667
255      8  0.666667
177      8  0.666667
397      8  0.666667
393      7  0.583333
367      7  0.583333
295      7  0.583333
39       7  0.583333
56       7  0.583333
436      7  0.583333
406      7  0.583333
490      7  0.583333
16       7  0.583333
422      7  0.583333
    Count  Value
14      2    1.0
Current: [14]
Subround 3
not enough
     Count     Value
14      12  0.923077
220     10  0.769231
324      8  0.615385
389      8  0.615385
307      8  0.615385
210      8  0.615385
147      8  0.615385
255      8  0.615385
177      8  0.615385
397      8  0.615385
393      7  0.538462
367      7  0.538462
295      7  0.538462
39       7  0.538462
56       7  0.538462
436      7  0.538462
406      7  0.538462
490      7  0.538462
16       7  0.538462
422      7  0.538462
     Count     Value
14       2  0.666667
220      1  0.333333
Current: [14]
Subround 4
not enough
     Count     Value
14      13  0.928571
220     10  0.714286
324      8  0.571429
389      8  0.571429
307      8  0.571429
210      8  0.571429
147      8  0.571429
255      8  0.571429
177      8  0.571429
397      8  0.571429
393      7  0.500000
367      7  0.500000
295      7  0.500000
39       7  0.500000
56       7  0.500000
436      7  0.500000
406      7  0.500000
490      7  0.500000
16       7  0.500000
422      7  0.500000
     Count  Value
14       3   0.75
220      1   0.25
Current: [14]
Subround 5
not enough
     Count     Value
14      14  0.933333
220     10  0.666667
324      8  0.533333
389      8  0.533333
307      8  0.533333
210      8  0.533333
147      8  0.533333
255      8  0.533333
177      8  0.533333
397      8  0.533333
393      7  0.466667
367      7  0.466667
295      7  0.466667
39       7  0.466667
56       7  0.466667
436      7  0.466667
406      7  0.466667
490      7  0.466667
16       7  0.466667
422      7  0.466667
     Count  Value
14       4    0.8
220      1    0.2
Current: [14]
Subround 6
not enough
     Count   Value
14      15  0.9375
220     10  0.6250
324      8  0.5000
389      8  0.5000
307      8  0.5000
210      8  0.5000
147      8  0.5000
255      8  0.5000
177      8  0.5000
397      8  0.5000
393      7  0.4375
367      7  0.4375
295      7  0.4375
39       7  0.4375
56       7  0.4375
436      7  0.4375
406      7  0.4375
490      7  0.4375
16       7  0.4375
422      7  0.4375
     Count     Value
14       5  0.833333
220      1  0.166667
Current: [14]
Subround 7
not enough
     Count     Value
14      16  0.941176
220     10  0.588235
324      8  0.470588
389      8  0.470588
307      8  0.470588
210      8  0.470588
147      8  0.470588
255      8  0.470588
177      8  0.470588
397      8  0.470588
393      7  0.411765
367      7  0.411765
295      7  0.411765
39       7  0.411765
56       7  0.411765
436      7  0.411765
406      7  0.411765
490      7  0.411765
16       7  0.411765
422      7  0.411765
     Count     Value
14       6  0.857143
220      1  0.142857
Current: [14]
Subround 8
not enough
     Count     Value
14      17  0.944444
220     10  0.555556
324      8  0.444444
389      8  0.444444
307      8  0.444444
210      8  0.444444
147      8  0.444444
255      8  0.444444
177      8  0.444444
397      8  0.444444
393      7  0.388889
367      7  0.388889
295      7  0.388889
39       7  0.388889
56       7  0.388889
436      7  0.388889
406      7  0.388889
490      7  0.388889
16       7  0.388889
422      7  0.388889
     Count  Value
14       7  0.875
220      1  0.125
Current: [14]
Subround 9
not enough
     Count     Value
14      18  0.947368
220     10  0.526316
324      8  0.421053
389      8  0.421053
307      8  0.421053
210      8  0.421053
147      8  0.421053
255      8  0.421053
177      8  0.421053
397      8  0.421053
393      7  0.368421
367      7  0.368421
295      7  0.368421
39       7  0.368421
56       7  0.368421
436      7  0.368421
406      7  0.368421
490      7  0.368421
16       7  0.368421
422      7  0.368421
     Count     Value
14       8  0.888889
220      1  0.111111
Current: [14]
Subround 10
     Count  Value
14      19   0.95
220     10   0.50
324      8   0.40
389      8   0.40
307      8   0.40
210      8   0.40
147      8   0.40
255      8   0.40
177      8   0.40
397      8   0.40
393      7   0.35
367      7   0.35
295      7   0.35
39       7   0.35
56       7   0.35
436      7   0.35
406      7   0.35
490      7   0.35
16       7   0.35
422      7   0.35
     Count  Value
14       9    0.9
220      1    0.1
Current: [14]
Winning offset:
[14]
2021-09-07 14:51:41.473995
2021-09-07 14:58:06.306037
0:06:24.832042
