Loading page file profiles/packet3/pages/0x6e4a.yaml
Loading page file profiles/packet3/pages/0x6e60.yaml
Loading page file profiles/packet3/pages/0x6ee3.yaml
Loading page file profiles/packet3/pages/0x7241.yaml
Loading page file profiles/packet3/pages/0x7242.yaml
Loading page file profiles/packet3/pages/0x7243.yaml
Loading page file profiles/packet3/pages/0x7244.yaml
Round 1
Subround 1
not enough
     Count  Value
490      1    1.0
241      1    1.0
244      1    1.0
104      1    1.0
423      1    1.0
439      1    1.0
82       1    1.0
34       1    1.0
433      1    1.0
232      1    1.0
495      1    1.0
230      1    1.0
337      1    1.0
109      1    1.0
26       1    1.0
403      1    1.0
127      1    1.0
293      1    1.0
311      1    1.0
277      1    1.0
     Count  Value
490      1    1.0
241      1    1.0
244      1    1.0
104      1    1.0
423      1    1.0
439      1    1.0
82       1    1.0
34       1    1.0
433      1    1.0
232      1    1.0
Current: [1, 2, 3, 6, 9, 10, 12, 15, 17, 20, 22, 26, 28, 29, 32, 33, 34, 35, 37, 40, 41, 42, 43, 50, 51, 54, 55, 60, 61, 62, 66, 71, 72, 73, 76, 79, 80, 82, 84, 85, 87, 89, 90, 91, 92, 94, 95, 97, 99, 100, 101, 102, 104, 105, 106, 107, 108, 109, 110, 111, 112, 113, 117, 127, 128, 131, 132, 133, 136, 138, 142, 143, 144, 146, 148, 150, 155, 157, 160, 162, 165, 167, 168, 169, 172, 177, 179, 180, 183, 184, 185, 186, 190, 192, 193, 194, 200, 202, 204, 205, 209, 211, 214, 219, 220, 223, 224, 229, 230, 231, 232, 234, 235, 236, 237, 239, 241, 244, 245, 246, 248, 249, 252, 255, 256, 257, 260, 261, 262, 265, 267, 269, 270, 271, 275, 276, 277, 278, 279, 280, 282, 284, 285, 286, 287, 289, 292, 293, 294, 295, 296, 298, 301, 303, 305, 306, 309, 311, 317, 323, 324, 325, 329, 330, 331, 334, 335, 336, 337, 339, 340, 345, 346, 348, 351, 352, 354, 356, 358, 359, 361, 364, 366, 370, 371, 372, 374, 375, 378, 381, 384, 385, 386, 387, 390, 393, 395, 396, 397, 402, 403, 404, 406, 409, 411, 412, 414, 416, 420, 422, 423, 424, 425, 431, 432, 433, 434, 435, 436, 439, 440, 441, 442, 443, 444, 445, 448, 449, 450, 451, 453, 454, 455, 458, 460, 462, 463, 472, 473, 476, 477, 483, 484, 486, 488, 489, 490, 493, 494, 495, 499, 501, 505, 506, 510, 511]
Subround 2
not enough
     Count  Value
454      2    1.0
386      2    1.0
113      2    1.0
476      2    1.0
436      2    1.0
41       2    1.0
261      2    1.0
455      2    1.0
494      2    1.0
414      2    1.0
444      2    1.0
378      2    1.0
359      2    1.0
60       2    1.0
267      2    1.0
493      2    1.0
249      2    1.0
54       2    1.0
71       2    1.0
443      2    1.0
     Count  Value
454      2    1.0
386      2    1.0
113      2    1.0
476      2    1.0
436      2    1.0
41       2    1.0
261      2    1.0
455      2    1.0
494      2    1.0
414      2    1.0
Current: [1, 2, 10, 15, 17, 26, 29, 40, 41, 42, 50, 54, 60, 61, 66, 71, 72, 73, 76, 82, 85, 91, 95, 99, 100, 101, 104, 108, 109, 113, 117, 127, 131, 143, 144, 165, 167, 168, 177, 179, 184, 185, 202, 205, 219, 224, 231, 232, 234, 236, 239, 249, 255, 260, 261, 267, 269, 278, 279, 282, 285, 286, 287, 289, 294, 295, 301, 303, 305, 309, 311, 317, 325, 331, 334, 336, 337, 339, 340, 351, 352, 356, 359, 364, 372, 378, 386, 390, 393, 397, 406, 411, 414, 416, 420, 422, 423, 436, 439, 440, 442, 443, 444, 449, 450, 451, 453, 454, 455, 458, 476, 486, 488, 489, 493, 494, 495, 501, 510]
Subround 3
not enough
     Count  Value
451      3    1.0
339      3    1.0
493      3    1.0
286      3    1.0
444      3    1.0
127      3    1.0
331      3    1.0
113      3    1.0
2        3    1.0
336      3    1.0
131      3    1.0
486      3    1.0
95       3    1.0
144      3    1.0
386      3    1.0
397      3    1.0
66       3    1.0
99       3    1.0
10       3    1.0
168      3    1.0
     Count  Value
451      3    1.0
339      3    1.0
493      3    1.0
286      3    1.0
444      3    1.0
127      3    1.0
331      3    1.0
113      3    1.0
2        3    1.0
336      3    1.0
Current: [2, 10, 15, 66, 71, 72, 95, 99, 100, 104, 108, 113, 127, 131, 144, 168, 219, 231, 286, 287, 331, 336, 339, 386, 397, 422, 444, 449, 451, 486, 488, 493]
Subround 4
not enough
     Count  Value
99       4   1.00
486      4   1.00
72       4   1.00
131      4   1.00
339      4   1.00
386      4   1.00
286      4   1.00
488      4   1.00
66       4   1.00
15       4   1.00
87       3   0.75
493      3   0.75
246      3   0.75
359      3   0.75
90       3   0.75
60       3   0.75
267      3   0.75
311      3   0.75
351      3   0.75
499      3   0.75
     Count  Value
99       4    1.0
486      4    1.0
72       4    1.0
131      4    1.0
339      4    1.0
386      4    1.0
286      4    1.0
488      4    1.0
66       4    1.0
15       4    1.0
Current: [2, 9, 10, 15, 26, 28, 32, 37, 38, 39, 42, 44, 50, 51, 60, 61, 66, 71, 72, 73, 82, 85, 87, 90, 94, 95, 99, 100, 102, 104, 107, 108, 110, 112, 113, 127, 131, 144, 146, 148, 157, 160, 162, 165, 168, 172, 179, 184, 190, 194, 205, 218, 219, 223, 229, 231, 232, 234, 236, 238, 241, 246, 252, 256, 257, 258, 260, 261, 267, 275, 278, 279, 280, 283, 284, 286, 287, 288, 289, 292, 295, 296, 303, 306, 309, 311, 324, 325, 327, 331, 334, 335, 336, 339, 348, 349, 351, 352, 356, 358, 359, 361, 366, 371, 372, 374, 375, 382, 384, 385, 386, 388, 390, 393, 395, 396, 397, 403, 409, 411, 416, 420, 422, 430, 431, 433, 440, 442, 443, 444, 445, 449, 450, 451, 454, 460, 462, 464, 484, 486, 488, 489, 493, 494, 495, 497, 499, 506, 510, 511]
Subround 5
not enough
     Count  Value
339      5    1.0
131      5    1.0
148      4    0.8
386      4    0.8
256      4    0.8
388      4    0.8
50       4    0.8
184      4    0.8
374      4    0.8
95       4    0.8
384      4    0.8
44       4    0.8
288      4    0.8
190      4    0.8
382      4    0.8
71       4    0.8
499      4    0.8
422      4    0.8
493      4    0.8
411      4    0.8
     Count  Value
339      5    1.0
131      5    1.0
148      4    0.8
386      4    0.8
256      4    0.8
388      4    0.8
50       4    0.8
184      4    0.8
374      4    0.8
95       4    0.8
Current: [2, 10, 15, 26, 42, 44, 50, 66, 71, 72, 73, 95, 99, 107, 108, 113, 131, 148, 162, 168, 184, 190, 194, 223, 231, 232, 256, 258, 286, 287, 288, 295, 306, 325, 335, 339, 374, 375, 382, 384, 386, 388, 393, 397, 411, 422, 433, 442, 449, 462, 484, 486, 488, 489, 493, 495, 499]
Subround 6
not enough
     Count     Value
131      6  1.000000
148      5  0.833333
286      5  0.833333
162      5  0.833333
489      5  0.833333
50       5  0.833333
374      5  0.833333
386      5  0.833333
388      5  0.833333
339      5  0.833333
71       5  0.833333
382      5  0.833333
499      5  0.833333
462      5  0.833333
393      5  0.833333
411      5  0.833333
258      5  0.833333
335      5  0.833333
95       5  0.833333
168      5  0.833333
     Count     Value
131      6  1.000000
148      5  0.833333
286      5  0.833333
162      5  0.833333
489      5  0.833333
50       5  0.833333
374      5  0.833333
386      5  0.833333
388      5  0.833333
339      5  0.833333
Current: [42, 50, 66, 71, 73, 95, 107, 131, 148, 162, 168, 184, 223, 258, 286, 287, 295, 306, 335, 339, 374, 375, 382, 386, 388, 393, 397, 411, 433, 442, 462, 486, 489, 495, 499]
Subround 7
not enough
     Count     Value
131      7  1.000000
95       6  0.857143
442      6  0.857143
397      6  0.857143
339      6  0.857143
393      6  0.857143
107      6  0.857143
287      6  0.857143
382      6  0.857143
375      6  0.857143
489      6  0.857143
184      6  0.857143
258      6  0.857143
168      6  0.857143
433      6  0.857143
71       6  0.857143
286      6  0.857143
246      5  0.714286
359      5  0.714286
344      5  0.714286
     Count     Value
131      7  1.000000
95       6  0.857143
442      6  0.857143
397      6  0.857143
339      6  0.857143
393      6  0.857143
107      6  0.857143
287      6  0.857143
382      6  0.857143
375      6  0.857143
Current: [2, 9, 22, 26, 28, 37, 38, 40, 42, 44, 50, 51, 59, 66, 71, 73, 75, 82, 85, 95, 100, 107, 108, 109, 110, 127, 131, 143, 146, 148, 162, 167, 168, 183, 184, 214, 219, 223, 229, 231, 232, 235, 236, 246, 252, 256, 258, 278, 280, 286, 287, 295, 296, 301, 303, 306, 308, 334, 335, 339, 344, 348, 358, 359, 361, 364, 372, 374, 375, 382, 386, 388, 393, 395, 397, 411, 414, 432, 433, 436, 442, 449, 462, 466, 480, 484, 486, 489, 492, 495, 499, 510]
Subround 8
not enough
     Count  Value
375      7  0.875
287      7  0.875
393      7  0.875
442      7  0.875
131      7  0.875
433      7  0.875
184      7  0.875
286      7  0.875
258      7  0.875
489      6  0.750
108      6  0.750
229      6  0.750
236      6  0.750
280      6  0.750
386      6  0.750
44       6  0.750
162      6  0.750
339      6  0.750
359      6  0.750
358      6  0.750
     Count  Value
375      7  0.875
287      7  0.875
393      7  0.875
442      7  0.875
131      7  0.875
433      7  0.875
184      7  0.875
286      7  0.875
258      7  0.875
489      6  0.750
Current: [2, 9, 22, 26, 28, 37, 44, 59, 71, 75, 82, 85, 95, 107, 108, 109, 127, 131, 143, 162, 168, 184, 214, 219, 223, 229, 236, 246, 252, 258, 278, 280, 286, 287, 295, 296, 335, 339, 344, 358, 359, 375, 382, 386, 393, 397, 433, 442, 449, 466, 484, 486, 489, 492, 499]
Subround 9
not enough
     Count     Value
442      8  0.888889
375      8  0.888889
287      7  0.777778
229      7  0.777778
466      7  0.777778
131      7  0.777778
22       7  0.777778
278      7  0.777778
236      7  0.777778
286      7  0.777778
223      7  0.777778
184      7  0.777778
489      7  0.777778
127      7  0.777778
109      7  0.777778
433      7  0.777778
295      7  0.777778
258      7  0.777778
397      7  0.777778
499      7  0.777778
     Count     Value
442      8  0.888889
375      8  0.888889
287      7  0.777778
229      7  0.777778
466      7  0.777778
131      7  0.777778
22       7  0.777778
278      7  0.777778
236      7  0.777778
286      7  0.777778
Current: [9, 22, 37, 75, 85, 109, 127, 131, 184, 223, 229, 236, 258, 278, 286, 287, 295, 344, 359, 375, 382, 393, 397, 433, 442, 466, 484, 489, 499]
Subround 10
     Count  Value
442      9    0.9
397      8    0.8
9        8    0.8
109      8    0.8
278      8    0.8
393      8    0.8
344      8    0.8
286      8    0.8
295      8    0.8
382      8    0.8
229      8    0.8
236      8    0.8
131      8    0.8
258      8    0.8
499      8    0.8
75       8    0.8
375      8    0.8
85       8    0.8
235      7    0.7
311      7    0.7
     Count  Value
442      9    0.9
397      8    0.8
9        8    0.8
109      8    0.8
278      8    0.8
393      8    0.8
344      8    0.8
286      8    0.8
295      8    0.8
382      8    0.8
Current: [9, 75, 85, 109, 131, 229, 236, 258, 278, 286, 295, 344, 375, 382, 393, 397, 442, 499]
Round 2
Subround 1
not enough
     Count     Value
397      9  0.818182
295      9  0.818182
131      9  0.818182
499      9  0.818182
278      9  0.818182
375      9  0.818182
75       9  0.818182
236      9  0.818182
442      9  0.818182
286      9  0.818182
109      8  0.727273
393      8  0.727273
344      8  0.727273
229      8  0.727273
382      8  0.727273
9        8  0.727273
85       8  0.727273
258      8  0.727273
127      7  0.636364
168      7  0.636364
     Count  Value
236      1    1.0
278      1    1.0
131      1    1.0
397      1    1.0
286      1    1.0
75       1    1.0
499      1    1.0
295      1    1.0
375      1    1.0
Current: [75, 131, 236, 278, 286, 295, 375, 397, 442, 499]
Subround 2
not enough
     Count     Value
397     10  0.833333
295     10  0.833333
131     10  0.833333
278     10  0.833333
442     10  0.833333
286     10  0.833333
258      9  0.750000
499      9  0.750000
375      9  0.750000
75       9  0.750000
236      9  0.750000
9        9  0.750000
344      9  0.750000
109      8  0.666667
393      8  0.666667
229      8  0.666667
382      8  0.666667
85       8  0.666667
511      7  0.583333
168      7  0.583333
     Count  Value
278      2    1.0
131      2    1.0
397      2    1.0
286      2    1.0
295      2    1.0
236      1    0.5
75       1    0.5
499      1    0.5
375      1    0.5
9        1    0.5
Current: [131, 278, 286, 295, 397, 442]
Subround 3
not enough
     Count     Value
278     11  0.846154
397     10  0.769231
131     10  0.769231
442     10  0.769231
344     10  0.769231
75      10  0.769231
236     10  0.769231
286     10  0.769231
295     10  0.769231
382      9  0.692308
109      9  0.692308
393      9  0.692308
229      9  0.692308
9        9  0.692308
85       9  0.692308
375      9  0.692308
499      9  0.692308
258      9  0.692308
127      7  0.538462
168      7  0.538462
     Count     Value
278      3  1.000000
236      2  0.666667
131      2  0.666667
397      2  0.666667
286      2  0.666667
75       2  0.666667
295      2  0.666667
344      2  0.666667
85       1  0.333333
382      1  0.333333
Current: [278]
Subround 4
not enough
     Count     Value
278     12  0.857143
397     11  0.785714
236     11  0.785714
442     11  0.785714
295     10  0.714286
131     10  0.714286
258     10  0.714286
499     10  0.714286
109     10  0.714286
375     10  0.714286
75      10  0.714286
393     10  0.714286
344     10  0.714286
286     10  0.714286
229      9  0.642857
382      9  0.642857
9        9  0.642857
85       9  0.642857
168      7  0.500000
511      7  0.500000
     Count  Value
278      4   1.00
236      3   0.75
397      3   0.75
375      2   0.50
393      2   0.50
442      2   0.50
258      2   0.50
344      2   0.50
109      2   0.50
295      2   0.50
Current: [278]
Subround 5
not enough
     Count     Value
278     12  0.800000
442     12  0.800000
236     12  0.800000
397     11  0.733333
375     11  0.733333
75      11  0.733333
295     11  0.733333
382     10  0.666667
109     10  0.666667
393     10  0.666667
344     10  0.666667
286     10  0.666667
229     10  0.666667
9       10  0.666667
85      10  0.666667
499     10  0.666667
258     10  0.666667
131     10  0.666667
127      7  0.466667
168      7  0.466667
     Count  Value
236      4    0.8
278      4    0.8
442      3    0.6
397      3    0.6
75       3    0.6
295      3    0.6
375      3    0.6
382      2    0.4
393      2    0.4
229      2    0.4
no winner, not enough
Current: []
Subround 6
not enough
     Count   Value
397     12  0.7500
278     12  0.7500
442     12  0.7500
375     12  0.7500
75      12  0.7500
236     12  0.7500
9       11  0.6875
109     11  0.6875
295     11  0.6875
382     11  0.6875
229     11  0.6875
258     11  0.6875
499     11  0.6875
344     10  0.6250
131     10  0.6250
393     10  0.6250
286     10  0.6250
85      10  0.6250
235      7  0.4375
311      7  0.4375
     Count     Value
236      4  0.666667
278      4  0.666667
397      4  0.666667
75       4  0.666667
375      4  0.666667
382      3  0.500000
229      3  0.500000
442      3  0.500000
258      3  0.500000
9        3  0.500000
no winner, not enough
Current: []
Subround 7
not enough
     Count     Value
375     13  0.764706
75      13  0.764706
236     13  0.764706
397     12  0.705882
9       12  0.705882
109     12  0.705882
258     12  0.705882
499     12  0.705882
278     12  0.705882
442     12  0.705882
382     12  0.705882
295     11  0.647059
229     11  0.647059
85      11  0.647059
286     10  0.588235
344     10  0.588235
393     10  0.588235
131     10  0.588235
235      7  0.411765
127      7  0.411765
     Count     Value
236      5  0.714286
375      5  0.714286
75       5  0.714286
382      4  0.571429
258      4  0.571429
278      4  0.571429
9        4  0.571429
499      4  0.571429
397      4  0.571429
109      4  0.571429
no winner, not enough
Current: []
Subround 8
not enough
     Count     Value
375     14  0.777778
75      14  0.777778
236     14  0.777778
397     13  0.722222
9       13  0.722222
258     13  0.722222
109     12  0.666667
278     12  0.666667
442     12  0.666667
382     12  0.666667
229     12  0.666667
499     12  0.666667
131     11  0.611111
393     11  0.611111
295     11  0.611111
85      11  0.611111
344     10  0.555556
286     10  0.555556
235      7  0.388889
411      7  0.388889
     Count  Value
236      6  0.750
75       6  0.750
375      6  0.750
258      5  0.625
9        5  0.625
397      5  0.625
499      4  0.500
278      4  0.500
229      4  0.500
382      4  0.500
no winner, not enough
Current: []
Subround 9
not enough
     Count     Value
75      15  0.789474
397     14  0.736842
375     14  0.736842
236     14  0.736842
9       13  0.684211
258     13  0.684211
499     13  0.684211
278     13  0.684211
442     13  0.684211
382     13  0.684211
109     12  0.631579
393     12  0.631579
229     12  0.631579
85      12  0.631579
295     11  0.578947
344     11  0.578947
131     11  0.578947
286     10  0.526316
235      7  0.368421
127      7  0.368421
     Count     Value
75       7  0.777778
236      6  0.666667
375      6  0.666667
397      6  0.666667
382      5  0.555556
258      5  0.555556
278      5  0.555556
9        5  0.555556
499      5  0.555556
442      4  0.444444
no winner, not enough
Current: []
Subround 10
     Count  Value
75      16   0.80
397     15   0.75
375     15   0.75
236     15   0.75
109     13   0.65
258     13   0.65
499     13   0.65
278     13   0.65
393     13   0.65
442     13   0.65
9       13   0.65
382     13   0.65
295     12   0.60
344     12   0.60
229     12   0.60
85      12   0.60
131     12   0.60
286     10   0.50
168      7   0.35
511      7   0.35
     Count  Value
75       8    0.8
236      7    0.7
375      7    0.7
397      7    0.7
382      5    0.5
393      5    0.5
258      5    0.5
278      5    0.5
9        5    0.5
499      5    0.5
no winner, not enough
Current: []
Subround 11
     Count     Value
75      16  0.761905
397     15  0.714286
375     15  0.714286
236     15  0.714286
9       14  0.666667
258     14  0.666667
499     14  0.666667
278     14  0.666667
442     14  0.666667
382     14  0.666667
109     13  0.619048
393     13  0.619048
229     13  0.619048
85      13  0.619048
295     12  0.571429
344     12  0.571429
131     12  0.571429
286     11  0.523810
235      7  0.333333
127      7  0.333333
     Count     Value
75       8  0.727273
236      7  0.636364
375      7  0.636364
397      7  0.636364
382      6  0.545455
258      6  0.545455
278      6  0.545455
9        6  0.545455
499      6  0.545455
442      5  0.454545
no winner, not enough
Current: []
Subround 12
     Count     Value
397     16  0.727273
75      16  0.727273
236     16  0.727273
442     15  0.681818
382     15  0.681818
9       15  0.681818
375     15  0.681818
85      14  0.636364
109     14  0.636364
278     14  0.636364
229     14  0.636364
258     14  0.636364
499     14  0.636364
393     13  0.590909
295     13  0.590909
344     12  0.545455
131     12  0.545455
286     11  0.500000
235      7  0.318182
311      7  0.318182
     Count     Value
236      8  0.666667
75       8  0.666667
397      8  0.666667
382      7  0.583333
375      7  0.583333
9        7  0.583333
499      6  0.500000
278      6  0.500000
258      6  0.500000
442      6  0.500000
no winner, not enough
Current: []
Subround 13
     Count     Value
75      17  0.739130
397     16  0.695652
236     16  0.695652
375     16  0.695652
109     15  0.652174
278     15  0.652174
442     15  0.652174
382     15  0.652174
9       15  0.652174
229     15  0.652174
258     15  0.652174
85      14  0.608696
393     14  0.608696
499     14  0.608696
131     13  0.565217
295     13  0.565217
286     12  0.521739
344     12  0.521739
51       7  0.304348
311      7  0.304348
     Count     Value
75       9  0.692308
236      8  0.615385
375      8  0.615385
397      8  0.615385
382      7  0.538462
229      7  0.538462
258      7  0.538462
278      7  0.538462
9        7  0.538462
109      7  0.538462
no winner, not enough
Current: []
Subround 14
     Count     Value
75      18  0.750000
236     17  0.708333
375     17  0.708333
397     16  0.666667
278     16  0.666667
442     16  0.666667
382     16  0.666667
109     15  0.625000
9       15  0.625000
229     15  0.625000
258     15  0.625000
85      14  0.583333
131     14  0.583333
393     14  0.583333
499     14  0.583333
295     13  0.541667
286     13  0.541667
344     13  0.541667
51       7  0.291667
311      7  0.291667
     Count     Value
75      10  0.714286
236      9  0.642857
375      9  0.642857
278      8  0.571429
382      8  0.571429
397      8  0.571429
229      7  0.500000
442      7  0.500000
258      7  0.500000
9        7  0.500000
no winner, not enough
Current: []
Subround 15
     Count  Value
75      18   0.72
397     17   0.68
236     17   0.68
375     17   0.68
109     16   0.64
278     16   0.64
442     16   0.64
382     16   0.64
9       16   0.64
229     16   0.64
258     16   0.64
131     15   0.60
499     15   0.60
85      14   0.56
393     14   0.56
295     14   0.56
286     14   0.56
344     13   0.52
51       7   0.28
311      7   0.28
     Count     Value
75      10  0.666667
236      9  0.600000
375      9  0.600000
397      9  0.600000
382      8  0.533333
229      8  0.533333
258      8  0.533333
278      8  0.533333
9        8  0.533333
109      8  0.533333
no winner, not enough
Current: []
Subround 16
     Count     Value
397     18  0.692308
75      18  0.692308
109     17  0.653846
278     17  0.653846
442     17  0.653846
382     17  0.653846
236     17  0.653846
229     17  0.653846
375     17  0.653846
499     16  0.615385
131     16  0.615385
258     16  0.615385
9       16  0.615385
286     15  0.576923
295     14  0.538462
393     14  0.538462
85      14  0.538462
344     13  0.500000
127      7  0.269231
168      7  0.269231
     Count   Value
397     10  0.6250
75      10  0.6250
236      9  0.5625
375      9  0.5625
382      9  0.5625
229      9  0.5625
278      9  0.5625
109      9  0.5625
499      8  0.5000
258      8  0.5000
no winner, not enough
Current: []
Subround 17
     Count     Value
75      19  0.703704
397     18  0.666667
278     18  0.666667
109     17  0.629630
442     17  0.629630
382     17  0.629630
9       17  0.629630
236     17  0.629630
229     17  0.629630
375     17  0.629630
131     17  0.629630
258     17  0.629630
499     16  0.592593
295     15  0.555556
393     15  0.555556
85      15  0.555556
286     15  0.555556
344     14  0.518519
511      7  0.259259
168      7  0.259259
     Count     Value
75      11  0.647059
397     10  0.588235
278     10  0.588235
236      9  0.529412
375      9  0.529412
382      9  0.529412
229      9  0.529412
258      9  0.529412
9        9  0.529412
131      9  0.529412
no winner, not enough
Current: []
Subround 18
     Count     Value
397     19  0.678571
75      19  0.678571
9       18  0.642857
258     18  0.642857
278     18  0.642857
382     18  0.642857
375     18  0.642857
236     18  0.642857
109     17  0.607143
442     17  0.607143
229     17  0.607143
131     17  0.607143
499     17  0.607143
393     16  0.571429
344     15  0.535714
295     15  0.535714
286     15  0.535714
85      15  0.535714
235      7  0.250000
411      7  0.250000
     Count     Value
397     11  0.611111
75      11  0.611111
236     10  0.555556
375     10  0.555556
382     10  0.555556
258     10  0.555556
278     10  0.555556
9       10  0.555556
499      9  0.500000
229      9  0.500000
no winner, not enough
Current: []
Subround 19
     Count     Value
397     20  0.689655
75      20  0.689655
278     19  0.655172
258     19  0.655172
9       19  0.655172
375     19  0.655172
236     18  0.620690
442     18  0.620690
382     18  0.620690
229     18  0.620690
109     17  0.586207
131     17  0.586207
499     17  0.586207
85      16  0.551724
393     16  0.551724
295     15  0.517241
286     15  0.517241
344     15  0.517241
51       7  0.241379
311      7  0.241379
     Count     Value
397     12  0.631579
75      12  0.631579
9       11  0.578947
375     11  0.578947
258     11  0.578947
278     11  0.578947
382     10  0.526316
229     10  0.526316
236     10  0.526316
499      9  0.473684
no winner, not enough
Current: []
Subround 20
     Count     Value
397     21  0.700000
375     20  0.666667
9       20  0.666667
75      20  0.666667
278     19  0.633333
229     19  0.633333
258     19  0.633333
236     18  0.600000
109     18  0.600000
382     18  0.600000
131     18  0.600000
442     18  0.600000
499     17  0.566667
85      17  0.566667
393     17  0.566667
344     16  0.533333
295     15  0.500000
286     15  0.500000
51       7  0.233333
311      7  0.233333
     Count  Value
397     13   0.65
9       12   0.60
375     12   0.60
75      12   0.60
229     11   0.55
258     11   0.55
278     11   0.55
382     10   0.50
236     10   0.50
131     10   0.50
no winner, not enough
Current: []
Subround 21
     Count     Value
397     22  0.709677
9       21  0.677419
258     20  0.645161
278     20  0.645161
375     20  0.645161
75      20  0.645161
236     19  0.612903
109     19  0.612903
382     19  0.612903
229     19  0.612903
131     18  0.580645
442     18  0.580645
85      17  0.548387
499     17  0.548387
393     17  0.548387
295     16  0.516129
286     16  0.516129
344     16  0.516129
51       7  0.225806
311      7  0.225806
     Count     Value
397     14  0.666667
9       13  0.619048
375     12  0.571429
75      12  0.571429
258     12  0.571429
278     12  0.571429
382     11  0.523810
229     11  0.523810
236     11  0.523810
109     11  0.523810
no winner, not enough
Current: []
Subround 22
     Count    Value
397     22  0.68750
75      21  0.65625
258     21  0.65625
9       21  0.65625
375     21  0.65625
109     20  0.62500
278     20  0.62500
382     20  0.62500
229     20  0.62500
236     19  0.59375
131     19  0.59375
442     19  0.59375
85      18  0.56250
499     17  0.53125
393     17  0.53125
295     16  0.50000
344     16  0.50000
286     16  0.50000
511      7  0.21875
184      7  0.21875
     Count     Value
397     14  0.636364
9       13  0.590909
375     13  0.590909
75      13  0.590909
258     13  0.590909
382     12  0.545455
229     12  0.545455
278     12  0.545455
109     12  0.545455
131     11  0.500000
no winner, not enough
Current: []
Subround 23
     Count     Value
397     23  0.696970
109     21  0.636364
258     21  0.636364
278     21  0.636364
382     21  0.636364
9       21  0.636364
375     21  0.636364
75      21  0.636364
236     20  0.606061
229     20  0.606061
131     20  0.606061
442     19  0.575758
85      18  0.545455
499     18  0.545455
393     17  0.515152
295     17  0.515152
286     17  0.515152
344     16  0.484848
51       7  0.212121
311      7  0.212121
     Count     Value
397     15  0.652174
9       13  0.565217
375     13  0.565217
382     13  0.565217
258     13  0.565217
278     13  0.565217
109     13  0.565217
75      13  0.565217
229     12  0.521739
131     12  0.521739
no winner, not enough
Current: []
Subround 24
     Count     Value
397     23  0.676471
258     22  0.647059
278     22  0.647059
382     22  0.647059
75      21  0.617647
109     21  0.617647
9       21  0.617647
236     21  0.617647
229     21  0.617647
375     21  0.617647
131     20  0.588235
442     20  0.588235
85      19  0.558824
295     18  0.529412
499     18  0.529412
393     17  0.500000
344     17  0.500000
286     17  0.500000
511      7  0.205882
184      7  0.205882
     Count     Value
397     15  0.625000
382     14  0.583333
258     14  0.583333
278     14  0.583333
236     13  0.541667
375     13  0.541667
229     13  0.541667
9       13  0.541667
75      13  0.541667
109     13  0.541667
no winner, not enough
Current: []
Subround 25
     Count     Value
397     23  0.657143
258     23  0.657143
278     23  0.657143
236     22  0.628571
109     22  0.628571
382     22  0.628571
9       22  0.628571
229     22  0.628571
75      21  0.600000
442     21  0.600000
375     21  0.600000
85      20  0.571429
131     20  0.571429
499     19  0.542857
295     18  0.514286
393     17  0.485714
344     17  0.485714
286     17  0.485714
511      7  0.200000
184      7  0.200000
     Count  Value
278     15   0.60
397     15   0.60
258     15   0.60
236     14   0.56
382     14   0.56
229     14   0.56
9       14   0.56
109     14   0.56
375     13   0.52
75      13   0.52
no winner, not enough
Current: []
Subround 26
     Count     Value
278     24  0.666667
397     23  0.638889
109     23  0.638889
258     23  0.638889
236     22  0.611111
442     22  0.611111
382     22  0.611111
9       22  0.611111
229     22  0.611111
75      22  0.611111
375     22  0.611111
85      21  0.583333
131     20  0.555556
295     19  0.527778
499     19  0.527778
344     18  0.500000
286     18  0.500000
393     17  0.472222
511      7  0.194444
168      7  0.194444
     Count     Value
278     16  0.615385
109     15  0.576923
397     15  0.576923
258     15  0.576923
375     14  0.538462
382     14  0.538462
229     14  0.538462
236     14  0.538462
75      14  0.538462
9       14  0.538462
no winner, not enough
Current: []
Subround 27
     Count     Value
397     24  0.648649
109     24  0.648649
258     24  0.648649
278     24  0.648649
375     23  0.621622
382     23  0.621622
236     23  0.621622
229     23  0.621622
75      22  0.594595
9       22  0.594595
442     22  0.594595
85      21  0.567568
131     21  0.567568
295     19  0.513514
499     19  0.513514
344     19  0.513514
286     18  0.486486
393     17  0.459459
511      7  0.189189
324      7  0.189189
     Count     Value
109     16  0.592593
397     16  0.592593
258     16  0.592593
278     16  0.592593
375     15  0.555556
382     15  0.555556
229     15  0.555556
236     15  0.555556
75      14  0.518519
9       14  0.518519
no winner, not enough
Current: []
Subround 28
     Count     Value
397     25  0.657895
258     25  0.657895
278     25  0.657895
109     24  0.631579
236     24  0.631579
75      23  0.605263
382     23  0.605263
9       23  0.605263
229     23  0.605263
375     23  0.605263
131     22  0.578947
442     22  0.578947
85      21  0.552632
499     20  0.526316
295     19  0.500000
344     19  0.500000
393     18  0.473684
286     18  0.473684
511      7  0.184211
184      7  0.184211
     Count     Value
278     17  0.607143
258     17  0.607143
397     17  0.607143
236     16  0.571429
109     16  0.571429
75      15  0.535714
375     15  0.535714
229     15  0.535714
382     15  0.535714
9       15  0.535714
no winner, not enough
Current: []
Subround 29
     Count     Value
278     26  0.666667
397     25  0.641026
109     25  0.641026
258     25  0.641026
375     24  0.615385
236     24  0.615385
75      24  0.615385
229     24  0.615385
9       23  0.589744
382     23  0.589744
442     23  0.589744
85      22  0.564103
131     22  0.564103
499     20  0.512821
295     20  0.512821
286     19  0.487179
344     19  0.487179
393     18  0.461538
51       7  0.179487
311      7  0.179487
     Count     Value
278     18  0.620690
109     17  0.586207
397     17  0.586207
258     17  0.586207
375     16  0.551724
229     16  0.551724
236     16  0.551724
75      16  0.551724
382     15  0.517241
9       15  0.517241
no winner, not enough
Current: []
Subround 30
     Count  Value
109     26  0.650
258     26  0.650
278     26  0.650
397     25  0.625
375     25  0.625
229     25  0.625
75      24  0.600
236     24  0.600
9       24  0.600
442     24  0.600
131     23  0.575
382     23  0.575
85      22  0.550
295     21  0.525
499     20  0.500
344     20  0.500
286     19  0.475
393     18  0.450
51       7  0.175
311      7  0.175
     Count     Value
109     18  0.600000
258     18  0.600000
278     18  0.600000
375     17  0.566667
229     17  0.566667
397     17  0.566667
236     16  0.533333
75      16  0.533333
9       16  0.533333
442     15  0.500000
Rest half winner
Current: [2, 3, 4, 8, 9, 10, 11, 13, 14, 18, 21, 22, 24, 26, 28, 30, 31, 32, 36, 37, 38, 39, 40, 41, 42, 44, 45, 46, 49, 50, 51, 52, 53, 55, 59, 60, 62, 67, 71, 73, 75, 78, 82, 85, 95, 99, 102, 107, 108, 109, 110, 114, 119, 125, 127, 131, 132, 134, 135, 137, 138, 139, 141, 142, 143, 145, 146, 148, 150, 154, 157, 158, 159, 161, 162, 163, 164, 167, 168, 174, 176, 179, 181, 182, 184, 187, 188, 191, 193, 195, 198, 199, 201, 203, 214, 216, 218, 219, 222, 223, 224, 225, 226, 227, 228, 229, 231, 234, 235, 236, 238, 240, 242, 243, 246, 248, 250, 251, 252, 254, 255, 256, 258, 261, 263, 266, 274, 278, 280, 281, 283, 285, 286, 287, 288, 295, 296, 299, 301, 303, 305, 308, 309, 311, 312, 313, 315, 318, 319, 320, 322, 324, 325, 326, 331, 334, 335, 338, 339, 340, 343, 344, 347, 348, 349, 351, 357, 358, 359, 361, 363, 364, 365, 369, 370, 374, 375, 377, 378, 382, 383, 384, 385, 386, 388, 390, 392, 393, 395, 397, 399, 401, 404, 406, 407, 410, 411, 413, 414, 415, 416, 418, 420, 421, 422, 424, 426, 428, 429, 430, 432, 433, 434, 436, 437, 438, 439, 440, 442, 443, 447, 448, 449, 450, 454, 455, 457, 459, 461, 462, 464, 465, 466, 471, 473, 474, 479, 480, 482, 484, 486, 488, 489, 492, 493, 495, 496, 499, 502, 503, 505, 506, 508, 509, 510, 511]
Round 3
Subround 1
not enough
     Count  Value
11       1    1.0
46       1    1.0
375      1    1.0
399      1    1.0
324      1    1.0
511      1    1.0
132      1    1.0
231      1    1.0
82       1    1.0
426      1    1.0
474      1    1.0
492      1    1.0
461      1    1.0
38       1    1.0
131      1    1.0
159      1    1.0
102      1    1.0
430      1    1.0
184      1    1.0
377      1    1.0
     Count  Value
11       1    1.0
46       1    1.0
375      1    1.0
399      1    1.0
324      1    1.0
511      1    1.0
132      1    1.0
231      1    1.0
82       1    1.0
426      1    1.0
Current: [4, 9, 11, 13, 14, 18, 30, 32, 36, 37, 38, 44, 46, 49, 60, 62, 73, 75, 82, 99, 102, 107, 127, 131, 132, 138, 141, 142, 143, 145, 154, 159, 161, 167, 176, 182, 184, 187, 193, 195, 199, 201, 214, 218, 219, 223, 225, 226, 228, 231, 234, 235, 236, 240, 242, 246, 248, 251, 254, 255, 256, 258, 278, 280, 286, 287, 295, 296, 299, 301, 308, 312, 313, 319, 324, 325, 326, 334, 338, 348, 351, 357, 363, 364, 369, 370, 375, 377, 378, 383, 392, 397, 399, 406, 407, 410, 414, 420, 421, 422, 424, 426, 430, 432, 439, 440, 442, 448, 450, 454, 459, 461, 462, 464, 471, 473, 474, 480, 488, 489, 492, 493, 495, 496, 499, 502, 506, 511]
Subround 2
not enough
     Count  Value
11       2    1.0
492      2    1.0
38       2    1.0
430      2    1.0
184      2    1.0
141      2    1.0
450      2    1.0
219      2    1.0
370      2    1.0
248      2    1.0
280      2    1.0
488      2    1.0
326      2    1.0
319      2    1.0
296      2    1.0
473      2    1.0
454      2    1.0
325      2    1.0
201      2    1.0
461      2    1.0
     Count  Value
11       2    1.0
492      2    1.0
38       2    1.0
430      2    1.0
184      2    1.0
141      2    1.0
450      2    1.0
219      2    1.0
370      2    1.0
248      2    1.0
Current: [11, 18, 38, 46, 75, 82, 107, 127, 132, 141, 145, 154, 161, 167, 176, 184, 195, 199, 201, 214, 218, 219, 223, 228, 231, 242, 246, 248, 251, 254, 258, 278, 280, 287, 296, 299, 313, 319, 325, 326, 351, 363, 364, 369, 370, 375, 378, 407, 422, 424, 430, 442, 450, 454, 461, 473, 480, 488, 492, 493, 495, 496, 506, 511]
Subround 3
not enough
     Count     Value
11       3  1.000000
214      3  1.000000
407      3  1.000000
127      3  1.000000
450      3  1.000000
161      3  1.000000
219      3  1.000000
351      3  1.000000
313      3  1.000000
319      3  1.000000
369      3  1.000000
278      3  1.000000
223      3  1.000000
414      2  0.666667
246      2  0.666667
378      2  0.666667
37       2  0.666667
18       2  0.666667
240      2  0.666667
464      2  0.666667
     Count  Value
11       3    1.0
214      3    1.0
407      3    1.0
127      3    1.0
450      3    1.0
161      3    1.0
219      3    1.0
351      3    1.0
313      3    1.0
319      3    1.0
Current: [11, 127, 161, 214, 219, 223, 278, 313, 319, 351, 369, 407, 450]
Subround 4
not enough
     Count  Value
127      4   1.00
351      4   1.00
407      4   1.00
223      4   1.00
450      4   1.00
214      4   1.00
461      3   0.75
464      3   0.75
378      3   0.75
246      3   0.75
459      3   0.75
32       3   0.75
375      3   0.75
11       3   0.75
131      3   0.75
480      3   0.75
377      3   0.75
219      3   0.75
14       3   0.75
326      3   0.75
     Count  Value
127      4   1.00
351      4   1.00
407      4   1.00
223      4   1.00
450      4   1.00
214      4   1.00
461      3   0.75
464      3   0.75
378      3   0.75
246      3   0.75
Current: [127, 214, 223, 351, 407, 450]
Subround 5
not enough
     Count  Value
214      5    1.0
223      5    1.0
351      5    1.0
32       4    0.8
407      4    0.8
161      4    0.8
242      4    0.8
312      4    0.8
62       4    0.8
143      4    0.8
14       4    0.8
219      4    0.8
450      4    0.8
375      4    0.8
464      4    0.8
459      4    0.8
295      4    0.8
127      4    0.8
410      4    0.8
261      4    0.8
     Count  Value
214      5    1.0
223      5    1.0
351      5    1.0
32       4    0.8
407      4    0.8
161      4    0.8
242      4    0.8
312      4    0.8
62       4    0.8
143      4    0.8
Current: [214, 223, 351]
Subround 6
not enough
     Count     Value
351      6  1.000000
11       5  0.833333
313      5  0.833333
309      5  0.833333
429      5  0.833333
223      5  0.833333
410      5  0.833333
459      5  0.833333
450      5  0.833333
219      5  0.833333
14       5  0.833333
62       5  0.833333
161      5  0.833333
407      5  0.833333
214      5  0.833333
495      4  0.666667
99       4  0.666667
499      4  0.666667
432      4  0.666667
462      4  0.666667
     Count     Value
351      6  1.000000
11       5  0.833333
313      5  0.833333
309      5  0.833333
429      5  0.833333
223      5  0.833333
410      5  0.833333
459      5  0.833333
450      5  0.833333
219      5  0.833333
Current: [11, 14, 62, 161, 214, 219, 223, 309, 313, 351, 407, 410, 429, 450, 459]
Subround 7
not enough
     Count     Value
410      6  0.857143
309      6  0.857143
223      6  0.857143
351      6  0.857143
14       6  0.857143
62       5  0.714286
296      5  0.714286
334      5  0.714286
242      5  0.714286
161      5  0.714286
219      5  0.714286
450      5  0.714286
131      5  0.714286
492      5  0.714286
228      5  0.714286
324      5  0.714286
375      5  0.714286
459      5  0.714286
99       5  0.714286
11       5  0.714286
     Count     Value
410      6  0.857143
309      6  0.857143
223      6  0.857143
351      6  0.857143
14       6  0.857143
62       5  0.714286
296      5  0.714286
334      5  0.714286
242      5  0.714286
161      5  0.714286
Current: [14, 223, 309, 351, 410]
Subround 8
not enough
     Count  Value
26       6   0.75
363      6   0.75
176      6   0.75
145      6   0.75
99       6   0.75
459      6   0.75
313      6   0.75
154      6   0.75
407      6   0.75
228      6   0.75
242      6   0.75
157      6   0.75
510      6   0.75
219      6   0.75
283      6   0.75
334      6   0.75
309      6   0.75
351      6   0.75
14       6   0.75
214      6   0.75
     Count  Value
26       6   0.75
363      6   0.75
176      6   0.75
145      6   0.75
99       6   0.75
459      6   0.75
313      6   0.75
154      6   0.75
407      6   0.75
228      6   0.75
no winner, not enough
Current: []
Subround 9
not enough
     Count     Value
510      7  0.777778
459      7  0.777778
228      7  0.777778
154      7  0.777778
242      7  0.777778
462      7  0.777778
334      7  0.777778
14       7  0.777778
4        7  0.777778
407      7  0.777778
471      7  0.777778
26       7  0.777778
448      7  0.777778
73       7  0.777778
157      7  0.777778
375      6  0.666667
299      6  0.666667
324      6  0.666667
492      6  0.666667
214      6  0.666667
     Count     Value
510      7  0.777778
459      7  0.777778
228      7  0.777778
154      7  0.777778
242      7  0.777778
462      7  0.777778
334      7  0.777778
14       7  0.777778
4        7  0.777778
407      7  0.777778
no winner, not enough
Current: []
Subround 10
     Count  Value
510      8    0.8
462      8    0.8
471      8    0.8
228      8    0.8
340      7    0.7
154      7    0.7
242      7    0.7
492      7    0.7
407      7    0.7
450      7    0.7
157      7    0.7
459      7    0.7
318      7    0.7
78       7    0.7
26       7    0.7
176      7    0.7
351      7    0.7
14       7    0.7
309      7    0.7
363      7    0.7
     Count  Value
510      8    0.8
462      8    0.8
471      8    0.8
228      8    0.8
340      7    0.7
154      7    0.7
242      7    0.7
492      7    0.7
407      7    0.7
450      7    0.7
no winner, not enough
Current: []
Subround 11
     Count     Value
127      8  0.727273
4        8  0.727273
309      8  0.727273
436      8  0.727273
510      8  0.727273
462      8  0.727273
143      8  0.727273
14       8  0.727273
176      8  0.727273
228      8  0.727273
363      8  0.727273
242      8  0.727273
340      8  0.727273
157      8  0.727273
471      8  0.727273
459      8  0.727273
448      8  0.727273
146      7  0.636364
283      7  0.636364
375      7  0.636364
     Count     Value
127      8  0.727273
4        8  0.727273
309      8  0.727273
436      8  0.727273
510      8  0.727273
462      8  0.727273
143      8  0.727273
14       8  0.727273
176      8  0.727273
228      8  0.727273
no winner, not enough
Current: []
Subround 12
     Count     Value
127      9  0.750000
14       9  0.750000
157      9  0.750000
448      9  0.750000
340      9  0.750000
363      9  0.750000
309      9  0.750000
459      9  0.750000
505      8  0.666667
407      8  0.666667
462      8  0.666667
228      8  0.666667
242      8  0.666667
299      8  0.666667
99       8  0.666667
508      8  0.666667
313      8  0.666667
296      8  0.666667
334      8  0.666667
324      8  0.666667
     Count     Value
127      9  0.750000
14       9  0.750000
157      9  0.750000
448      9  0.750000
340      9  0.750000
363      9  0.750000
309      9  0.750000
459      9  0.750000
505      8  0.666667
407      8  0.666667
no winner, not enough
Current: []
Subround 13
     Count     Value
363     10  0.769231
459     10  0.769231
309      9  0.692308
299      9  0.692308
127      9  0.692308
510      9  0.692308
495      9  0.692308
508      9  0.692308
4        9  0.692308
492      9  0.692308
157      9  0.692308
14       9  0.692308
143      9  0.692308
228      9  0.692308
448      9  0.692308
340      9  0.692308
242      9  0.692308
26       8  0.615385
82       8  0.615385
11       8  0.615385
     Count     Value
363     10  0.769231
459     10  0.769231
309      9  0.692308
299      9  0.692308
127      9  0.692308
510      9  0.692308
495      9  0.692308
508      9  0.692308
4        9  0.692308
492      9  0.692308
no winner, not enough
Current: []
Subround 14
     Count     Value
459     11  0.785714
309     10  0.714286
4       10  0.714286
363     10  0.714286
127     10  0.714286
508     10  0.714286
448     10  0.714286
510     10  0.714286
495     10  0.714286
14      10  0.714286
157     10  0.714286
143      9  0.642857
11       9  0.642857
283      9  0.642857
296      9  0.642857
62       9  0.642857
26       9  0.642857
242      9  0.642857
228      9  0.642857
114      9  0.642857
     Count     Value
459     11  0.785714
309     10  0.714286
4       10  0.714286
363     10  0.714286
127     10  0.714286
508     10  0.714286
448     10  0.714286
510     10  0.714286
495     10  0.714286
14      10  0.714286
no winner, not enough
Current: []
Subround 15
     Count     Value
459     12  0.800000
495     11  0.733333
157     11  0.733333
14      11  0.733333
508     11  0.733333
4       11  0.733333
363     11  0.733333
11      10  0.666667
164     10  0.666667
369     10  0.666667
114     10  0.666667
510     10  0.666667
492     10  0.666667
299     10  0.666667
127     10  0.666667
75      10  0.666667
228     10  0.666667
448     10  0.666667
309     10  0.666667
242     10  0.666667
     Count     Value
459     12  0.800000
495     11  0.733333
157     11  0.733333
14      11  0.733333
508     11  0.733333
4       11  0.733333
363     11  0.733333
11      10  0.666667
164     10  0.666667
369     10  0.666667
no winner, not enough
Current: []
Subround 16
     Count   Value
459     13  0.8125
363     12  0.7500
14      12  0.7500
157     12  0.7500
495     12  0.7500
508     12  0.7500
11      11  0.6875
369     11  0.6875
510     11  0.6875
228     11  0.6875
4       11  0.6875
75      11  0.6875
309     11  0.6875
448     11  0.6875
325     10  0.6250
308     10  0.6250
318     10  0.6250
164     10  0.6250
374     10  0.6250
242     10  0.6250
     Count   Value
459     13  0.8125
363     12  0.7500
14      12  0.7500
157     12  0.7500
495     12  0.7500
508     12  0.7500
11      11  0.6875
369     11  0.6875
510     11  0.6875
228     11  0.6875
Current: [459]
Winning offset:
[459]
2021-09-07 15:01:23.867013
2021-09-07 15:08:19.709374
0:06:55.842361
