Loading page file profiles/packet3/pages/0x6e4a.yaml
Loading page file profiles/packet3/pages/0x6e60.yaml
Loading page file profiles/packet3/pages/0x6ee3.yaml
Loading page file profiles/packet3/pages/0x7241.yaml
Loading page file profiles/packet3/pages/0x7242.yaml
Loading page file profiles/packet3/pages/0x7243.yaml
Loading page file profiles/packet3/pages/0x7244.yaml
Round 1
Subround 1
not enough
     Count  Value
299      1    1.0
241      1    1.0
400      1    1.0
361      1    1.0
506      1    1.0
352      1    1.0
86       1    1.0
224      1    1.0
397      1    1.0
311      1    1.0
140      1    1.0
159      1    1.0
3        1    1.0
260      1    1.0
499      1    1.0
20       1    1.0
57       1    1.0
207      1    1.0
187      1    1.0
199      1    1.0
     Count  Value
299      1    1.0
241      1    1.0
400      1    1.0
361      1    1.0
506      1    1.0
352      1    1.0
86       1    1.0
224      1    1.0
397      1    1.0
311      1    1.0
Current: [0, 2, 3, 7, 8, 9, 10, 12, 13, 14, 15, 16, 18, 20, 24, 26, 30, 31, 32, 33, 34, 37, 38, 40, 41, 47, 49, 50, 52, 55, 57, 59, 64, 66, 69, 73, 75, 76, 77, 78, 81, 86, 87, 89, 93, 99, 100, 101, 102, 103, 105, 106, 108, 109, 110, 112, 113, 114, 115, 118, 121, 122, 123, 124, 126, 128, 131, 136, 137, 138, 139, 140, 142, 143, 144, 145, 146, 147, 149, 152, 155, 157, 159, 160, 163, 164, 172, 173, 175, 178, 181, 186, 187, 188, 189, 190, 191, 192, 193, 195, 196, 197, 198, 199, 202, 207, 209, 211, 212, 213, 214, 215, 217, 218, 219, 222, 224, 225, 226, 228, 229, 231, 233, 234, 235, 236, 241, 242, 248, 250, 254, 257, 259, 260, 262, 265, 266, 267, 270, 271, 272, 279, 281, 283, 284, 285, 287, 290, 291, 292, 293, 294, 296, 297, 298, 299, 300, 301, 302, 305, 306, 307, 308, 311, 312, 315, 318, 321, 322, 324, 326, 328, 329, 334, 339, 343, 344, 346, 348, 349, 352, 354, 359, 361, 362, 364, 365, 370, 372, 377, 378, 379, 381, 386, 388, 389, 390, 394, 396, 397, 398, 400, 401, 403, 405, 407, 409, 413, 416, 417, 420, 421, 423, 424, 426, 432, 434, 437, 440, 441, 444, 446, 447, 448, 449, 451, 455, 456, 457, 459, 462, 465, 467, 468, 469, 471, 472, 473, 475, 477, 481, 484, 485, 486, 487, 490, 491, 493, 494, 496, 498, 499, 504, 506, 508, 509]
Subround 2
not enough
     Count  Value
322      2    1.0
300      2    1.0
138      2    1.0
424      2    1.0
343      2    1.0
209      2    1.0
145      2    1.0
149      2    1.0
75       2    1.0
467      2    1.0
456      2    1.0
305      2    1.0
112      2    1.0
494      2    1.0
301      2    1.0
324      2    1.0
329      2    1.0
302      2    1.0
190      2    1.0
306      2    1.0
     Count  Value
322      2    1.0
300      2    1.0
138      2    1.0
424      2    1.0
343      2    1.0
209      2    1.0
145      2    1.0
149      2    1.0
75       2    1.0
467      2    1.0
Current: [9, 10, 13, 14, 18, 20, 26, 30, 31, 38, 40, 41, 47, 52, 59, 75, 76, 78, 81, 87, 89, 93, 100, 101, 102, 103, 108, 109, 110, 112, 115, 118, 122, 124, 128, 131, 136, 137, 138, 139, 143, 145, 147, 149, 152, 157, 159, 160, 172, 173, 178, 187, 190, 192, 197, 199, 207, 209, 212, 213, 217, 218, 219, 224, 233, 235, 241, 250, 259, 260, 265, 267, 272, 283, 285, 292, 294, 297, 298, 300, 301, 302, 305, 306, 307, 312, 321, 322, 324, 326, 329, 334, 339, 343, 346, 348, 354, 362, 364, 365, 386, 397, 401, 403, 405, 420, 424, 434, 440, 441, 444, 456, 462, 465, 467, 468, 477, 481, 486, 487, 491, 494, 498, 499, 504, 508, 509]
Subround 3
not enough
     Count  Value
178      3    1.0
321      3    1.0
362      3    1.0
494      3    1.0
241      3    1.0
75       3    1.0
343      3    1.0
38       3    1.0
138      3    1.0
300      3    1.0
250      3    1.0
139      3    1.0
81       3    1.0
444      3    1.0
339      3    1.0
259      3    1.0
31       3    1.0
481      3    1.0
172      3    1.0
52       3    1.0
     Count  Value
178      3    1.0
321      3    1.0
362      3    1.0
494      3    1.0
241      3    1.0
75       3    1.0
343      3    1.0
38       3    1.0
138      3    1.0
300      3    1.0
Current: [13, 14, 18, 26, 30, 31, 38, 40, 47, 52, 75, 81, 100, 101, 108, 137, 138, 139, 145, 157, 159, 172, 173, 178, 187, 197, 207, 218, 233, 241, 250, 259, 283, 292, 298, 300, 302, 312, 321, 322, 329, 334, 339, 343, 348, 362, 397, 420, 434, 440, 441, 444, 481, 494, 498, 499]
Subround 4
not enough
     Count  Value
362      4    1.0
348      4    1.0
47       4    1.0
334      4    1.0
339      4    1.0
312      4    1.0
322      4    1.0
283      4    1.0
30       4    1.0
329      4    1.0
40       4    1.0
173      4    1.0
178      4    1.0
440      4    1.0
108      4    1.0
101      4    1.0
13       4    1.0
157      4    1.0
441      4    1.0
14       4    1.0
     Count  Value
362      4    1.0
348      4    1.0
47       4    1.0
334      4    1.0
339      4    1.0
312      4    1.0
322      4    1.0
283      4    1.0
30       4    1.0
329      4    1.0
Current: [0, 4, 10, 13, 14, 18, 20, 26, 30, 31, 37, 38, 40, 41, 44, 45, 47, 52, 57, 62, 66, 75, 76, 78, 81, 84, 86, 87, 89, 93, 100, 101, 102, 103, 108, 110, 112, 113, 117, 122, 128, 131, 134, 135, 136, 137, 138, 139, 143, 144, 145, 146, 148, 152, 157, 159, 165, 171, 172, 173, 178, 181, 187, 189, 190, 193, 197, 199, 201, 205, 206, 207, 212, 214, 218, 219, 221, 228, 231, 233, 235, 237, 241, 248, 250, 255, 257, 259, 267, 270, 272, 278, 283, 284, 285, 292, 297, 298, 300, 301, 302, 312, 318, 321, 322, 324, 326, 329, 334, 338, 339, 341, 343, 348, 352, 353, 362, 364, 365, 379, 394, 397, 399, 405, 410, 418, 420, 434, 437, 440, 441, 444, 447, 454, 455, 457, 459, 460, 465, 467, 469, 477, 478, 481, 482, 485, 492, 494, 496, 498, 499, 509]
Subround 5
not enough
     Count  Value
440      5    1.0
101      5    1.0
13       5    1.0
14       5    1.0
348      5    1.0
241      4    0.8
334      4    0.8
312      4    0.8
84       4    0.8
181      4    0.8
122      4    0.8
52       4    0.8
353      4    0.8
197      4    0.8
45       4    0.8
441      4    0.8
157      4    0.8
272      4    0.8
93       4    0.8
343      4    0.8
     Count  Value
440      5    1.0
101      5    1.0
13       5    1.0
14       5    1.0
348      5    1.0
241      4    0.8
334      4    0.8
312      4    0.8
84       4    0.8
181      4    0.8
Current: [13, 14, 18, 30, 31, 38, 40, 45, 47, 52, 75, 84, 93, 100, 101, 102, 108, 112, 113, 122, 128, 138, 139, 143, 145, 157, 159, 165, 173, 178, 181, 187, 193, 197, 201, 207, 212, 214, 218, 219, 231, 233, 241, 250, 259, 272, 278, 283, 285, 298, 300, 302, 312, 321, 322, 329, 334, 339, 343, 348, 352, 353, 362, 364, 365, 397, 399, 434, 440, 441, 455, 465, 481, 498, 499]
Subround 6
not enough
     Count     Value
101      6  1.000000
348      6  1.000000
14       6  1.000000
13       5  0.833333
283      5  0.833333
218      5  0.833333
128      5  0.833333
440      5  0.833333
455      5  0.833333
302      5  0.833333
339      5  0.833333
145      5  0.833333
285      5  0.833333
322      5  0.833333
298      5  0.833333
40       5  0.833333
259      5  0.833333
173      5  0.833333
207      5  0.833333
212      5  0.833333
     Count     Value
101      6  1.000000
348      6  1.000000
14       6  1.000000
13       5  0.833333
283      5  0.833333
218      5  0.833333
128      5  0.833333
440      5  0.833333
455      5  0.833333
302      5  0.833333
Current: [13, 14, 18, 30, 38, 40, 45, 47, 52, 75, 101, 113, 128, 143, 145, 159, 165, 173, 178, 181, 207, 212, 214, 218, 233, 241, 259, 283, 285, 298, 300, 302, 321, 322, 334, 339, 348, 353, 397, 399, 440, 441, 455]
Subround 7
not enough
     Count     Value
14       7  1.000000
101      7  1.000000
285      6  0.857143
45       6  0.857143
40       6  0.857143
455      6  0.857143
348      6  0.857143
218      6  0.857143
339      6  0.857143
441      6  0.857143
214      6  0.857143
321      6  0.857143
47       6  0.857143
233      6  0.857143
178      6  0.857143
143      6  0.857143
38       6  0.857143
52       5  0.714286
272      5  0.714286
93       5  0.714286
     Count     Value
14       7  1.000000
101      7  1.000000
285      6  0.857143
45       6  0.857143
40       6  0.857143
455      6  0.857143
348      6  0.857143
218      6  0.857143
339      6  0.857143
441      6  0.857143
Current: [13, 14, 18, 23, 30, 31, 37, 38, 40, 45, 47, 52, 59, 75, 83, 84, 93, 100, 101, 102, 108, 113, 128, 137, 139, 140, 143, 145, 157, 159, 165, 173, 178, 181, 187, 189, 190, 193, 196, 197, 203, 207, 212, 214, 218, 219, 231, 233, 241, 248, 254, 259, 272, 278, 283, 285, 297, 298, 300, 302, 312, 318, 321, 322, 324, 334, 339, 348, 352, 353, 362, 371, 373, 397, 399, 427, 434, 440, 441, 443, 454, 455, 468, 481, 483, 492, 494, 498, 499]
Subround 8
not enough
     Count  Value
14       8  1.000
101      8  1.000
178      7  0.875
441      7  0.875
45       7  0.875
321      7  0.875
218      7  0.875
233      7  0.875
143      7  0.875
427      6  0.750
348      6  0.750
283      6  0.750
37       6  0.750
23       6  0.750
300      6  0.750
40       6  0.750
399      6  0.750
145      6  0.750
83       6  0.750
353      6  0.750
     Count  Value
14       8  1.000
101      8  1.000
178      7  0.875
441      7  0.875
45       7  0.875
321      7  0.875
218      7  0.875
233      7  0.875
143      7  0.875
427      6  0.750
Current: [13, 14, 18, 23, 30, 31, 37, 38, 40, 45, 47, 59, 75, 83, 93, 101, 108, 137, 139, 140, 143, 145, 157, 165, 173, 178, 189, 207, 214, 218, 219, 233, 241, 248, 254, 272, 283, 285, 300, 302, 318, 321, 339, 348, 353, 397, 399, 427, 440, 441, 455, 468, 481, 483, 492, 494, 499]
Subround 9
not enough
     Count     Value
14       9  1.000000
218      8  0.888889
143      8  0.888889
178      8  0.888889
441      8  0.888889
101      8  0.888889
283      7  0.777778
455      7  0.777778
285      7  0.777778
47       7  0.777778
38       7  0.777778
300      7  0.777778
321      7  0.777778
30       7  0.777778
468      7  0.777778
108      7  0.777778
353      7  0.777778
45       7  0.777778
254      7  0.777778
83       7  0.777778
     Count     Value
14       9  1.000000
218      8  0.888889
143      8  0.888889
178      8  0.888889
441      8  0.888889
101      8  0.888889
283      7  0.777778
455      7  0.777778
285      7  0.777778
47       7  0.777778
Current: [14, 18, 30, 38, 45, 47, 75, 83, 101, 108, 143, 173, 178, 207, 218, 233, 254, 283, 285, 300, 321, 348, 353, 441, 455, 468]
Subround 10
     Count  Value
14      10    1.0
101      9    0.9
83       8    0.8
47       8    0.8
218      8    0.8
30       8    0.8
468      8    0.8
441      8    0.8
75       8    0.8
254      8    0.8
283      8    0.8
348      8    0.8
38       8    0.8
178      8    0.8
321      8    0.8
233      8    0.8
300      8    0.8
143      8    0.8
353      7    0.7
173      7    0.7
     Count  Value
14      10    1.0
101      9    0.9
83       8    0.8
47       8    0.8
218      8    0.8
30       8    0.8
468      8    0.8
441      8    0.8
75       8    0.8
254      8    0.8
Current: [14, 30, 38, 47, 75, 83, 101, 143, 178, 218, 233, 254, 283, 300, 321, 348, 441, 468]
Round 2
Subround 1
not enough
     Count     Value
14      11  1.000000
254      9  0.818182
101      9  0.818182
143      9  0.818182
300      9  0.818182
47       9  0.818182
233      9  0.818182
321      9  0.818182
178      9  0.818182
83       9  0.818182
218      8  0.727273
30       8  0.727273
468      8  0.727273
441      8  0.727273
75       8  0.727273
348      8  0.727273
283      8  0.727273
38       8  0.727273
173      7  0.636364
353      7  0.636364
     Count  Value
321      1    1.0
83       1    1.0
300      1    1.0
14       1    1.0
254      1    1.0
47       1    1.0
178      1    1.0
143      1    1.0
233      1    1.0
Current: [14, 47, 83, 101, 143, 178, 233, 254, 300, 321]
Subround 2
not enough
     Count     Value
14      12  1.000000
300     10  0.833333
83      10  0.833333
233     10  0.833333
178      9  0.750000
441      9  0.750000
283      9  0.750000
38       9  0.750000
218      9  0.750000
75       9  0.750000
321      9  0.750000
47       9  0.750000
143      9  0.750000
101      9  0.750000
254      9  0.750000
30       8  0.666667
468      8  0.666667
348      8  0.666667
173      7  0.583333
353      7  0.583333
     Count  Value
83       2    1.0
300      2    1.0
14       2    1.0
233      2    1.0
321      1    0.5
254      1    0.5
47       1    0.5
178      1    0.5
143      1    0.5
283      1    0.5
Current: [14, 83, 233, 300]
Subround 3
not enough
     Count     Value
14      13  1.000000
83      11  0.846154
233     11  0.846154
47      10  0.769231
143     10  0.769231
300     10  0.769231
321     10  0.769231
254     10  0.769231
218      9  0.692308
30       9  0.692308
441      9  0.692308
75       9  0.692308
283      9  0.692308
348      9  0.692308
38       9  0.692308
178      9  0.692308
101      9  0.692308
468      8  0.615385
353      7  0.538462
173      7  0.538462
     Count     Value
83       3  1.000000
14       3  1.000000
233      3  1.000000
321      2  0.666667
300      2  0.666667
254      2  0.666667
47       2  0.666667
143      2  0.666667
178      1  0.333333
283      1  0.333333
Current: [14, 83, 233]
Subround 4
not enough
     Count     Value
14      14  1.000000
254     11  0.785714
233     11  0.785714
321     11  0.785714
83      11  0.785714
47      10  0.714286
143     10  0.714286
300     10  0.714286
218     10  0.714286
30      10  0.714286
178     10  0.714286
38      10  0.714286
75      10  0.714286
283     10  0.714286
441      9  0.642857
348      9  0.642857
101      9  0.642857
468      8  0.571429
173      7  0.500000
353      7  0.500000
     Count  Value
14       4   1.00
321      3   0.75
83       3   0.75
254      3   0.75
233      3   0.75
300      2   0.50
47       2   0.50
178      2   0.50
143      2   0.50
283      2   0.50
Current: [14]
Subround 5
not enough
     Count     Value
14      15  1.000000
321     12  0.800000
254     12  0.800000
143     11  0.733333
300     11  0.733333
233     11  0.733333
38      11  0.733333
83      11  0.733333
283     10  0.666667
47      10  0.666667
218     10  0.666667
30      10  0.666667
441     10  0.666667
75      10  0.666667
348     10  0.666667
178     10  0.666667
468      9  0.600000
101      9  0.600000
173      7  0.466667
353      7  0.466667
     Count  Value
14       5    1.0
321      4    0.8
254      4    0.8
143      3    0.6
38       3    0.6
83       3    0.6
233      3    0.6
300      3    0.6
178      2    0.4
47       2    0.4
Current: [14]
Subround 6
not enough
     Count   Value
14      16  1.0000
321     13  0.8125
254     12  0.7500
143     12  0.7500
233     12  0.7500
38      12  0.7500
300     11  0.6875
218     11  0.6875
178     11  0.6875
75      11  0.6875
83      11  0.6875
47      10  0.6250
30      10  0.6250
441     10  0.6250
348     10  0.6250
283     10  0.6250
101     10  0.6250
468      9  0.5625
173      7  0.4375
353      7  0.4375
     Count     Value
14       6  1.000000
321      5  0.833333
254      4  0.666667
143      4  0.666667
233      4  0.666667
38       4  0.666667
75       3  0.500000
300      3  0.500000
178      3  0.500000
83       3  0.500000
Current: [14, 321]
Subround 7
not enough
     Count     Value
14      17  1.000000
233     13  0.764706
321     13  0.764706
254     13  0.764706
83      12  0.705882
143     12  0.705882
38      12  0.705882
47      11  0.647059
218     11  0.647059
30      11  0.647059
75      11  0.647059
283     11  0.647059
348     11  0.647059
178     11  0.647059
300     11  0.647059
441     10  0.588235
468     10  0.588235
101     10  0.588235
353      7  0.411765
173      7  0.411765
     Count     Value
14       7  1.000000
321      5  0.714286
254      5  0.714286
233      5  0.714286
143      4  0.571429
83       4  0.571429
38       4  0.571429
218      3  0.428571
348      3  0.428571
30       3  0.428571
Current: [14]
Subround 8
not enough
     Count     Value
14      18  1.000000
233     14  0.777778
254     13  0.722222
143     13  0.722222
321     13  0.722222
38      13  0.722222
300     12  0.666667
178     12  0.666667
83      12  0.666667
283     12  0.666667
47      11  0.611111
218     11  0.611111
30      11  0.611111
441     11  0.611111
75      11  0.611111
348     11  0.611111
101     11  0.611111
468     10  0.555556
173      7  0.388889
353      7  0.388889
     Count  Value
14       8  1.000
233      6  0.750
321      5  0.625
143      5  0.625
38       5  0.625
254      5  0.625
83       4  0.500
283      4  0.500
178      4  0.500
300      4  0.500
Current: [14]
Subround 9
not enough
     Count     Value
14      19  1.000000
143     14  0.736842
233     14  0.736842
321     14  0.736842
254     14  0.736842
38      13  0.684211
83      13  0.684211
47      12  0.631579
218     12  0.631579
441     12  0.631579
283     12  0.631579
348     12  0.631579
178     12  0.631579
300     12  0.631579
75      11  0.578947
30      11  0.578947
101     11  0.578947
468     10  0.526316
353      7  0.368421
339      7  0.368421
     Count     Value
14       9  1.000000
321      6  0.666667
254      6  0.666667
143      6  0.666667
233      6  0.666667
38       5  0.555556
83       5  0.555556
441      4  0.444444
348      4  0.444444
218      4  0.444444
Current: [14]
Subround 10
     Count  Value
14      19   0.95
143     15   0.75
254     14   0.70
233     14   0.70
321     14   0.70
83      14   0.70
300     13   0.65
441     13   0.65
178     13   0.65
38      13   0.65
283     13   0.65
47      12   0.60
218     12   0.60
30      12   0.60
75      12   0.60
348     12   0.60
101     12   0.60
468     10   0.50
173      7   0.35
353      7   0.35
     Count  Value
14       9    0.9
143      7    0.7
321      6    0.6
233      6    0.6
254      6    0.6
83       6    0.6
38       5    0.5
441      5    0.5
283      5    0.5
178      5    0.5
Current: [14]
Winning offset:
[14]
2021-09-07 15:14:58.829757
2021-09-07 15:18:13.689260
0:03:14.859503
