Loading page file profiles/packet3/pages/0x6e4a.yaml
Loading page file profiles/packet3/pages/0x6e60.yaml
Loading page file profiles/packet3/pages/0x6ee3.yaml
Loading page file profiles/packet3/pages/0x7241.yaml
Loading page file profiles/packet3/pages/0x7242.yaml
Loading page file profiles/packet3/pages/0x7243.yaml
Loading page file profiles/packet3/pages/0x7244.yaml
Round 1
Subround 1
not enough
     Count  Value
438      1    1.0
18       1    1.0
459      1    1.0
300      1    1.0
276      1    1.0
8        1    1.0
82       1    1.0
376      1    1.0
258      1    1.0
240      1    1.0
511      1    1.0
147      1    1.0
493      1    1.0
210      1    1.0
69       1    1.0
174      1    1.0
164      1    1.0
366      1    1.0
194      1    1.0
205      1    1.0
     Count  Value
438      1    1.0
18       1    1.0
459      1    1.0
300      1    1.0
276      1    1.0
8        1    1.0
82       1    1.0
376      1    1.0
258      1    1.0
240      1    1.0
Current: [0, 2, 3, 6, 8, 9, 10, 11, 12, 13, 14, 16, 17, 18, 20, 22, 24, 26, 29, 30, 31, 33, 34, 35, 36, 43, 48, 50, 51, 55, 56, 57, 58, 59, 62, 65, 67, 69, 70, 71, 74, 76, 77, 78, 80, 82, 85, 88, 89, 90, 93, 94, 95, 97, 98, 100, 103, 104, 105, 106, 108, 109, 113, 114, 115, 116, 118, 121, 123, 124, 125, 126, 127, 130, 131, 133, 134, 135, 136, 137, 138, 139, 140, 141, 143, 145, 147, 148, 152, 154, 155, 156, 163, 164, 165, 167, 168, 173, 174, 176, 179, 180, 184, 185, 187, 188, 189, 190, 191, 194, 196, 200, 201, 205, 206, 208, 210, 211, 213, 214, 216, 218, 219, 220, 224, 226, 227, 228, 230, 231, 232, 233, 235, 237, 240, 241, 244, 247, 248, 251, 252, 255, 258, 260, 262, 263, 264, 266, 267, 268, 269, 270, 272, 274, 275, 276, 277, 278, 282, 283, 285, 287, 294, 295, 297, 300, 301, 302, 305, 309, 312, 314, 316, 317, 321, 323, 324, 326, 329, 330, 331, 335, 337, 338, 344, 351, 353, 355, 356, 357, 360, 361, 365, 366, 367, 373, 376, 380, 382, 390, 394, 395, 396, 397, 398, 399, 400, 401, 406, 407, 409, 410, 414, 418, 420, 422, 424, 425, 427, 429, 430, 431, 434, 435, 438, 440, 441, 442, 444, 445, 448, 450, 451, 453, 458, 459, 460, 461, 462, 469, 470, 472, 478, 479, 482, 488, 489, 492, 493, 498, 499, 500, 504, 506, 509, 511]
Subround 2
not enough
     Count  Value
438      2    1.0
489      2    1.0
414      2    1.0
77       2    1.0
479      2    1.0
43       2    1.0
95       2    1.0
461      2    1.0
270      2    1.0
266      2    1.0
283      2    1.0
26       2    1.0
335      2    1.0
213      2    1.0
329      2    1.0
67       2    1.0
138      2    1.0
469      2    1.0
276      2    1.0
321      2    1.0
     Count  Value
438      2    1.0
489      2    1.0
414      2    1.0
77       2    1.0
479      2    1.0
43       2    1.0
95       2    1.0
461      2    1.0
270      2    1.0
266      2    1.0
Current: [0, 10, 11, 12, 14, 17, 18, 24, 26, 29, 30, 33, 34, 35, 36, 43, 50, 51, 55, 56, 57, 59, 67, 69, 71, 74, 76, 77, 78, 89, 95, 97, 100, 106, 108, 109, 113, 114, 118, 124, 134, 136, 138, 139, 141, 147, 148, 152, 156, 163, 165, 167, 176, 179, 187, 191, 194, 196, 201, 205, 211, 213, 228, 230, 232, 240, 241, 247, 248, 251, 258, 260, 266, 270, 272, 274, 275, 276, 282, 283, 294, 297, 301, 302, 305, 312, 314, 316, 321, 323, 329, 330, 335, 355, 360, 365, 366, 367, 373, 390, 397, 400, 406, 407, 414, 420, 424, 429, 430, 431, 434, 438, 440, 441, 442, 444, 450, 453, 460, 461, 469, 479, 488, 489, 504]
Subround 3
not enough
     Count  Value
24       3    1.0
366      3    1.0
360      3    1.0
424      3    1.0
30       3    1.0
74       3    1.0
488      3    1.0
141      3    1.0
114      3    1.0
294      3    1.0
314      3    1.0
407      3    1.0
71       3    1.0
365      3    1.0
355      3    1.0
136      3    1.0
316      3    1.0
14       3    1.0
124      3    1.0
275      3    1.0
     Count  Value
24       3    1.0
366      3    1.0
360      3    1.0
424      3    1.0
30       3    1.0
74       3    1.0
488      3    1.0
141      3    1.0
114      3    1.0
294      3    1.0
Current: [12, 14, 24, 26, 30, 36, 71, 74, 76, 95, 100, 106, 108, 114, 124, 134, 136, 141, 156, 165, 179, 194, 196, 201, 211, 232, 258, 266, 275, 294, 297, 314, 316, 329, 355, 360, 365, 366, 367, 397, 406, 407, 424, 429, 434, 441, 469, 488]
Subround 4
not enough
     Count  Value
275      4    1.0
211      4    1.0
424      4    1.0
141      4    1.0
114      4    1.0
258      4    1.0
488      4    1.0
367      4    1.0
24       4    1.0
297      4    1.0
136      4    1.0
366      4    1.0
156      4    1.0
76       4    1.0
429      4    1.0
36       4    1.0
194      4    1.0
108      4    1.0
406      4    1.0
360      4    1.0
     Count  Value
275      4    1.0
211      4    1.0
424      4    1.0
141      4    1.0
114      4    1.0
258      4    1.0
488      4    1.0
367      4    1.0
24       4    1.0
297      4    1.0
Current: [6, 8, 12, 14, 18, 22, 24, 26, 30, 33, 34, 35, 36, 43, 48, 55, 57, 69, 71, 74, 76, 78, 88, 95, 97, 100, 103, 106, 108, 109, 112, 114, 116, 123, 124, 130, 133, 134, 135, 136, 137, 138, 139, 141, 145, 147, 151, 154, 155, 156, 157, 158, 161, 165, 168, 179, 185, 187, 188, 190, 191, 194, 196, 201, 210, 211, 216, 227, 228, 232, 233, 235, 237, 240, 248, 258, 261, 262, 263, 266, 267, 268, 270, 275, 276, 282, 283, 285, 286, 287, 290, 294, 297, 300, 301, 308, 313, 314, 316, 323, 324, 326, 329, 331, 335, 346, 349, 355, 357, 358, 359, 360, 365, 366, 367, 369, 379, 380, 392, 394, 397, 406, 407, 409, 410, 418, 423, 424, 427, 429, 430, 434, 438, 440, 441, 443, 450, 451, 453, 454, 459, 461, 464, 469, 488, 489, 504, 506]
Subround 5
not enough
     Count  Value
71       5    1.0
488      5    1.0
424      5    1.0
141      5    1.0
294      5    1.0
275      5    1.0
179      5    1.0
429      5    1.0
76       5    1.0
297      5    1.0
366      5    1.0
24       5    1.0
136      5    1.0
158      4    0.8
406      4    0.8
34       4    0.8
36       4    0.8
123      4    0.8
434      4    0.8
360      4    0.8
     Count  Value
71       5    1.0
488      5    1.0
424      5    1.0
141      5    1.0
294      5    1.0
275      5    1.0
179      5    1.0
429      5    1.0
76       5    1.0
297      5    1.0
Current: [6, 8, 12, 14, 24, 26, 33, 34, 36, 43, 71, 76, 95, 100, 106, 108, 114, 123, 124, 133, 134, 136, 138, 141, 147, 156, 157, 158, 161, 165, 168, 179, 190, 194, 210, 211, 216, 232, 233, 237, 248, 258, 266, 275, 276, 294, 297, 301, 308, 313, 314, 316, 326, 329, 331, 335, 355, 357, 360, 365, 366, 367, 369, 379, 380, 394, 397, 406, 424, 429, 434, 441, 443, 453, 469, 488, 506]
Subround 6
not enough
     Count     Value
24       6  1.000000
294      6  1.000000
275      6  1.000000
141      6  1.000000
179      6  1.000000
429      6  1.000000
297      6  1.000000
76       6  1.000000
71       6  1.000000
365      5  0.833333
136      5  0.833333
301      5  0.833333
266      5  0.833333
335      5  0.833333
114      5  0.833333
165      5  0.833333
258      5  0.833333
134      5  0.833333
108      5  0.833333
138      5  0.833333
     Count     Value
24       6  1.000000
294      6  1.000000
275      6  1.000000
141      6  1.000000
179      6  1.000000
429      6  1.000000
297      6  1.000000
76       6  1.000000
71       6  1.000000
365      5  0.833333
Current: [8, 12, 14, 24, 34, 36, 43, 71, 76, 95, 108, 114, 123, 124, 133, 134, 136, 138, 141, 165, 179, 210, 233, 248, 258, 266, 275, 276, 294, 297, 301, 335, 360, 365, 366, 380, 394, 397, 406, 424, 429, 441, 453, 488]
Subround 7
not enough
     Count     Value
275      7  1.000000
429      7  1.000000
71       6  0.857143
294      6  0.857143
366      6  0.857143
210      6  0.857143
258      6  0.857143
360      6  0.857143
276      6  0.857143
114      6  0.857143
141      6  0.857143
76       6  0.857143
297      6  0.857143
424      6  0.857143
24       6  0.857143
488      6  0.857143
248      6  0.857143
34       6  0.857143
441      6  0.857143
179      6  0.857143
     Count     Value
275      7  1.000000
429      7  1.000000
71       6  0.857143
294      6  0.857143
366      6  0.857143
210      6  0.857143
258      6  0.857143
360      6  0.857143
276      6  0.857143
114      6  0.857143
Current: [6, 8, 10, 12, 14, 24, 26, 31, 34, 36, 43, 66, 71, 76, 95, 97, 100, 105, 106, 108, 109, 114, 116, 121, 123, 124, 133, 134, 135, 136, 138, 141, 147, 148, 156, 157, 160, 161, 162, 165, 171, 176, 179, 190, 194, 210, 216, 232, 233, 237, 248, 252, 258, 261, 266, 267, 275, 276, 281, 283, 287, 288, 290, 294, 297, 301, 308, 313, 314, 316, 326, 331, 333, 335, 355, 357, 360, 365, 366, 367, 369, 373, 379, 380, 394, 397, 406, 407, 409, 418, 424, 426, 429, 434, 441, 443, 453, 461, 464, 488]
Subround 8
not enough
     Count  Value
275      8  1.000
429      8  1.000
294      7  0.875
71       7  0.875
441      7  0.875
76       7  0.875
14       7  0.875
210      7  0.875
114      7  0.875
297      7  0.875
360      7  0.875
461      6  0.750
355      6  0.750
109      6  0.750
248      6  0.750
287      6  0.750
43       6  0.750
281      6  0.750
157      6  0.750
171      6  0.750
     Count  Value
275      8  1.000
429      8  1.000
294      7  0.875
71       7  0.875
441      7  0.875
76       7  0.875
14       7  0.875
210      7  0.875
114      7  0.875
297      7  0.875
Current: [8, 12, 14, 24, 26, 34, 36, 43, 71, 76, 108, 109, 114, 121, 123, 133, 136, 141, 148, 156, 157, 160, 165, 171, 176, 179, 194, 210, 216, 233, 237, 248, 258, 261, 275, 276, 281, 287, 294, 297, 308, 314, 331, 333, 355, 357, 360, 365, 366, 367, 380, 394, 397, 407, 409, 424, 426, 429, 434, 441, 443, 461, 488]
Subround 9
not enough
     Count     Value
275      9  1.000000
71       8  0.888889
297      8  0.888889
441      8  0.888889
429      8  0.888889
76       8  0.888889
14       8  0.888889
210      8  0.888889
294      8  0.888889
171      7  0.777778
366      7  0.777778
461      7  0.777778
141      7  0.777778
360      7  0.777778
24       7  0.777778
424      7  0.777778
367      7  0.777778
114      7  0.777778
176      7  0.777778
355      7  0.777778
     Count     Value
275      9  1.000000
71       8  0.888889
297      8  0.888889
441      8  0.888889
429      8  0.888889
76       8  0.888889
14       8  0.888889
210      8  0.888889
294      8  0.888889
171      7  0.777778
Current: [14, 24, 34, 71, 76, 108, 114, 123, 141, 157, 171, 176, 179, 210, 233, 258, 261, 275, 281, 294, 297, 333, 355, 360, 366, 367, 397, 424, 429, 434, 441, 461]
Subround 10
     Count  Value
275     10    1.0
71       9    0.9
294      9    0.9
210      9    0.9
429      9    0.9
14       9    0.9
76       9    0.9
355      8    0.8
441      8    0.8
434      8    0.8
114      8    0.8
141      8    0.8
424      8    0.8
360      8    0.8
34       8    0.8
297      8    0.8
367      8    0.8
281      7    0.7
162      7    0.7
147      7    0.7
     Count  Value
275     10    1.0
71       9    0.9
294      9    0.9
210      9    0.9
429      9    0.9
14       9    0.9
76       9    0.9
355      8    0.8
441      8    0.8
434      8    0.8
Current: [14, 34, 71, 76, 114, 141, 210, 275, 294, 297, 355, 360, 367, 424, 429, 434, 441]
Round 2
Subround 1
not enough
     Count     Value
275     11  1.000000
14      10  0.909091
71      10  0.909091
429     10  0.909091
294     10  0.909091
441      9  0.818182
141      9  0.818182
360      9  0.818182
76       9  0.818182
210      9  0.818182
434      8  0.727273
114      8  0.727273
424      8  0.727273
367      8  0.727273
355      8  0.727273
34       8  0.727273
297      8  0.727273
26       7  0.636364
333      7  0.636364
105      7  0.636364
     Count  Value
71       1    1.0
441      1    1.0
275      1    1.0
360      1    1.0
438      1    1.0
141      1    1.0
294      1    1.0
429      1    1.0
14       1    1.0
Current: [14, 71, 76, 141, 210, 275, 294, 360, 429, 441]
Subround 2
not enough
     Count     Value
14      11  0.916667
275     11  0.916667
429     11  0.916667
294     11  0.916667
360     10  0.833333
210     10  0.833333
71      10  0.833333
355      9  0.750000
141      9  0.750000
76       9  0.750000
114      9  0.750000
424      9  0.750000
367      9  0.750000
441      9  0.750000
34       8  0.666667
297      8  0.666667
434      8  0.666667
333      7  0.583333
124      7  0.583333
26       7  0.583333
     Count  Value
360      2    1.0
294      2    1.0
429      2    1.0
14       2    1.0
71       1    0.5
441      1    0.5
275      1    0.5
438      1    0.5
141      1    0.5
114      1    0.5
Current: [14, 71, 210, 275, 294, 360, 429]
Subround 3
not enough
     Count     Value
14      12  0.923077
294     12  0.923077
275     11  0.846154
210     11  0.846154
429     11  0.846154
71      10  0.769231
76      10  0.769231
367     10  0.769231
441     10  0.769231
360     10  0.769231
434      9  0.692308
355      9  0.692308
34       9  0.692308
424      9  0.692308
141      9  0.692308
297      9  0.692308
114      9  0.692308
235      7  0.538462
283      7  0.538462
456      7  0.538462
     Count     Value
294      3  1.000000
14       3  1.000000
360      2  0.666667
429      2  0.666667
441      2  0.666667
210      2  0.666667
367      2  0.666667
71       1  0.333333
424      1  0.333333
76       1  0.333333
Current: [14, 210, 275, 294, 429]
Subround 4
not enough
     Count     Value
14      13  0.928571
294     12  0.857143
275     12  0.857143
429     12  0.857143
76      11  0.785714
210     11  0.785714
367     11  0.785714
441     10  0.714286
355     10  0.714286
71      10  0.714286
424     10  0.714286
141     10  0.714286
360     10  0.714286
114     10  0.714286
34       9  0.642857
434      9  0.642857
297      9  0.642857
283      7  0.500000
456      7  0.500000
105      7  0.500000
     Count  Value
14       4   1.00
294      3   0.75
429      3   0.75
367      3   0.75
114      2   0.50
275      2   0.50
360      2   0.50
76       2   0.50
141      2   0.50
441      2   0.50
Current: [14, 275, 294, 429]
Subround 5
not enough
     Count     Value
14      14  0.933333
294     13  0.866667
275     12  0.800000
210     12  0.800000
429     12  0.800000
71      11  0.733333
76      11  0.733333
114     11  0.733333
424     11  0.733333
367     11  0.733333
360     11  0.733333
441     11  0.733333
355     10  0.666667
434     10  0.666667
141     10  0.666667
34       9  0.600000
297      9  0.600000
111      7  0.466667
283      7  0.466667
456      7  0.466667
     Count  Value
14       5    1.0
294      4    0.8
114      3    0.6
367      3    0.6
360      3    0.6
424      3    0.6
429      3    0.6
441      3    0.6
210      3    0.6
76       2    0.4
Current: [14, 294]
Subround 6
not enough
     Count   Value
14      15  0.9375
294     13  0.8125
210     13  0.8125
275     13  0.8125
424     12  0.7500
429     12  0.7500
114     11  0.6875
71      11  0.6875
355     11  0.6875
367     11  0.6875
360     11  0.6875
441     11  0.6875
76      11  0.6875
434     11  0.6875
141     10  0.6250
34      10  0.6250
297     10  0.6250
66       7  0.4375
281      7  0.4375
333      7  0.4375
     Count     Value
14       6  1.000000
424      4  0.666667
210      4  0.666667
294      4  0.666667
114      3  0.500000
355      3  0.500000
367      3  0.500000
441      3  0.500000
434      3  0.500000
429      3  0.500000
Current: [14, 210, 275, 294]
Subround 7
not enough
     Count     Value
14      15  0.882353
294     14  0.823529
210     13  0.764706
429     13  0.764706
275     13  0.764706
114     12  0.705882
424     12  0.705882
355     12  0.705882
367     12  0.705882
360     12  0.705882
441     12  0.705882
76      12  0.705882
434     12  0.705882
71      11  0.647059
141     10  0.588235
34      10  0.588235
297     10  0.588235
66       7  0.411765
281      7  0.411765
333      7  0.411765
     Count     Value
14       6  0.857143
294      5  0.714286
114      4  0.571429
424      4  0.571429
355      4  0.571429
367      4  0.571429
210      4  0.571429
441      4  0.571429
434      4  0.571429
429      4  0.571429
Current: [14, 294]
Subround 8
not enough
     Count     Value
14      16  0.888889
294     14  0.777778
210     14  0.777778
275     14  0.777778
424     13  0.722222
360     13  0.722222
429     13  0.722222
434     13  0.722222
76      12  0.666667
114     12  0.666667
355     12  0.666667
367     12  0.666667
441     12  0.666667
297     11  0.611111
34      11  0.611111
71      11  0.611111
141     10  0.555556
105      7  0.388889
366      7  0.388889
216      7  0.388889
     Count  Value
14       7  0.875
434      5  0.625
424      5  0.625
360      5  0.625
294      5  0.625
210      5  0.625
441      4  0.500
355      4  0.500
367      4  0.500
114      4  0.500
Current: [14]
Subround 9
not enough
     Count     Value
14      17  0.894737
429     14  0.736842
294     14  0.736842
275     14  0.736842
210     14  0.736842
355     13  0.684211
434     13  0.684211
114     13  0.684211
360     13  0.684211
441     13  0.684211
76      13  0.684211
424     13  0.684211
367     12  0.631579
71      12  0.631579
34      11  0.578947
141     11  0.578947
297     11  0.578947
438      8  0.421053
138      7  0.368421
380      7  0.368421
     Count     Value
14       8  0.888889
114      5  0.555556
429      5  0.555556
424      5  0.555556
355      5  0.555556
210      5  0.555556
441      5  0.555556
434      5  0.555556
294      5  0.555556
360      5  0.555556
Current: [14]
Subround 10
     Count  Value
14      18   0.90
210     15   0.75
275     15   0.75
294     15   0.75
434     14   0.70
441     14   0.70
429     14   0.70
355     14   0.70
360     14   0.70
114     13   0.65
76      13   0.65
424     13   0.65
367     12   0.60
71      12   0.60
141     12   0.60
34      11   0.55
297     11   0.55
438      8   0.40
138      7   0.35
380      7   0.35
     Count  Value
14       9    0.9
434      6    0.6
360      6    0.6
355      6    0.6
210      6    0.6
294      6    0.6
441      6    0.6
424      5    0.5
114      5    0.5
429      5    0.5
Current: [14]
Winning offset:
[14]
2021-09-07 15:18:16.092167
2021-09-07 15:21:29.914127
0:03:13.821960
