Loading page file profiles/packet3/pages/0x6e4a.yaml
Loading page file profiles/packet3/pages/0x6e60.yaml
Loading page file profiles/packet3/pages/0x6ee3.yaml
Loading page file profiles/packet3/pages/0x7241.yaml
Loading page file profiles/packet3/pages/0x7242.yaml
Loading page file profiles/packet3/pages/0x7243.yaml
Loading page file profiles/packet3/pages/0x7244.yaml
Round 1
Subround 1
not enough
     Count  Value
125      1    1.0
331      1    1.0
185      1    1.0
70       1    1.0
1        1    1.0
140      1    1.0
180      1    1.0
472      1    1.0
10       1    1.0
14       1    1.0
179      1    1.0
18       1    1.0
212      1    1.0
245      1    1.0
413      1    1.0
350      1    1.0
44       1    1.0
347      1    1.0
247      1    1.0
107      1    1.0
     Count  Value
125      1    1.0
331      1    1.0
185      1    1.0
70       1    1.0
1        1    1.0
140      1    1.0
180      1    1.0
472      1    1.0
10       1    1.0
14       1    1.0
Current: [1, 7, 8, 9, 10, 12, 14, 15, 16, 18, 21, 23, 24, 25, 28, 30, 31, 33, 34, 35, 36, 37, 38, 40, 42, 43, 44, 47, 48, 50, 55, 57, 58, 61, 65, 66, 68, 70, 71, 74, 75, 76, 78, 79, 82, 83, 84, 85, 86, 87, 88, 89, 90, 99, 102, 107, 109, 111, 112, 113, 116, 118, 121, 122, 123, 125, 128, 132, 135, 136, 139, 140, 141, 143, 144, 146, 147, 151, 153, 155, 158, 161, 163, 165, 166, 167, 168, 177, 179, 180, 181, 183, 185, 186, 187, 190, 191, 192, 193, 198, 202, 203, 211, 212, 213, 214, 217, 221, 222, 223, 225, 226, 227, 228, 234, 237, 240, 242, 244, 245, 246, 247, 248, 249, 250, 252, 259, 260, 261, 262, 268, 269, 270, 273, 274, 275, 276, 278, 279, 280, 282, 285, 287, 290, 291, 293, 298, 303, 304, 305, 306, 307, 308, 309, 310, 312, 314, 316, 318, 319, 322, 325, 327, 328, 330, 331, 335, 336, 337, 338, 340, 341, 343, 344, 346, 347, 350, 352, 353, 354, 355, 356, 359, 365, 367, 368, 369, 371, 374, 375, 377, 378, 381, 382, 385, 386, 387, 388, 389, 392, 394, 397, 398, 404, 405, 409, 410, 411, 412, 413, 414, 415, 418, 420, 425, 427, 431, 436, 437, 438, 439, 440, 442, 443, 444, 445, 447, 448, 450, 451, 452, 457, 458, 459, 460, 462, 463, 468, 469, 470, 472, 476, 479, 483, 484, 488, 489, 490, 493, 495, 496, 498, 500, 507, 508, 510]
Subround 2
not enough
     Count  Value
125      2    1.0
276      2    1.0
168      2    1.0
223      2    1.0
425      2    1.0
483      2    1.0
298      2    1.0
507      2    1.0
476      2    1.0
309      2    1.0
397      2    1.0
37       2    1.0
270      2    1.0
15       2    1.0
66       2    1.0
369      2    1.0
203      2    1.0
135      2    1.0
185      2    1.0
70       2    1.0
     Count  Value
125      2    1.0
276      2    1.0
168      2    1.0
223      2    1.0
425      2    1.0
483      2    1.0
298      2    1.0
507      2    1.0
476      2    1.0
309      2    1.0
Current: [1, 7, 14, 15, 16, 30, 33, 34, 36, 37, 40, 42, 43, 44, 47, 55, 57, 61, 66, 70, 75, 76, 87, 90, 99, 107, 121, 123, 125, 132, 135, 139, 143, 144, 146, 147, 151, 158, 163, 165, 167, 168, 180, 183, 185, 186, 187, 190, 203, 221, 222, 223, 225, 228, 237, 242, 244, 246, 247, 249, 250, 261, 268, 269, 270, 274, 276, 280, 287, 290, 291, 293, 298, 303, 304, 305, 306, 307, 308, 309, 310, 316, 322, 325, 327, 330, 336, 338, 340, 341, 346, 350, 353, 356, 368, 369, 374, 375, 377, 381, 382, 387, 388, 394, 397, 398, 405, 410, 412, 413, 415, 425, 436, 439, 442, 444, 448, 450, 457, 459, 462, 468, 469, 472, 476, 483, 488, 490, 507]
Subround 3
not enough
     Count  Value
398      3    1.0
76       3    1.0
190      3    1.0
14       3    1.0
388      3    1.0
30       3    1.0
340      3    1.0
247      3    1.0
382      3    1.0
442      3    1.0
34       3    1.0
415      3    1.0
132      3    1.0
405      3    1.0
305      3    1.0
394      3    1.0
75       3    1.0
249      3    1.0
459      3    1.0
325      3    1.0
     Count  Value
398      3    1.0
76       3    1.0
190      3    1.0
14       3    1.0
388      3    1.0
30       3    1.0
340      3    1.0
247      3    1.0
382      3    1.0
442      3    1.0
Current: [14, 30, 34, 40, 47, 66, 75, 76, 132, 135, 139, 143, 167, 168, 190, 203, 237, 247, 249, 250, 298, 305, 325, 340, 346, 375, 377, 382, 388, 394, 398, 405, 412, 415, 442, 457, 459, 490]
Subround 4
not enough
     Count  Value
398      4   1.00
168      4   1.00
66       4   1.00
203      4   1.00
415      4   1.00
47       4   1.00
459      4   1.00
143      4   1.00
298      4   1.00
237      4   1.00
490      4   1.00
14       4   1.00
405      4   1.00
375      4   1.00
325      4   1.00
247      4   1.00
249      4   1.00
346      4   1.00
50       3   0.75
319      3   0.75
     Count  Value
398      4    1.0
168      4    1.0
66       4    1.0
203      4    1.0
415      4    1.0
47       4    1.0
459      4    1.0
143      4    1.0
298      4    1.0
237      4    1.0
Current: [7, 9, 14, 15, 21, 25, 30, 31, 32, 34, 36, 40, 43, 47, 50, 57, 58, 60, 66, 68, 70, 74, 75, 76, 78, 83, 87, 99, 107, 113, 116, 117, 118, 122, 123, 125, 126, 127, 132, 135, 139, 140, 143, 144, 147, 153, 158, 164, 165, 166, 167, 168, 173, 181, 183, 186, 190, 198, 203, 211, 213, 222, 223, 225, 234, 237, 240, 244, 245, 247, 248, 249, 250, 252, 257, 259, 261, 263, 270, 273, 274, 276, 279, 280, 282, 298, 304, 305, 306, 310, 317, 319, 322, 325, 327, 330, 340, 344, 346, 350, 353, 356, 367, 368, 369, 375, 377, 378, 382, 384, 385, 386, 387, 388, 394, 397, 398, 402, 404, 405, 412, 413, 414, 415, 431, 437, 438, 439, 442, 445, 447, 449, 451, 457, 459, 462, 468, 469, 472, 476, 478, 483, 490, 493, 495, 497, 500, 507]
Subround 5
not enough
     Count  Value
249      5    1.0
203      5    1.0
375      5    1.0
14       5    1.0
47       5    1.0
237      5    1.0
298      5    1.0
398      5    1.0
457      4    0.8
447      4    0.8
252      4    0.8
270      4    0.8
340      4    0.8
382      4    0.8
9        4    0.8
415      4    0.8
490      4    0.8
135      4    0.8
75       4    0.8
76       4    0.8
     Count  Value
249      5    1.0
203      5    1.0
375      5    1.0
14       5    1.0
47       5    1.0
237      5    1.0
298      5    1.0
398      5    1.0
457      4    0.8
447      4    0.8
Current: [9, 14, 30, 34, 40, 47, 57, 66, 70, 75, 76, 78, 87, 122, 125, 132, 135, 139, 143, 165, 166, 168, 183, 190, 203, 237, 240, 244, 247, 249, 252, 257, 270, 280, 298, 304, 305, 319, 325, 340, 346, 350, 375, 377, 378, 382, 384, 394, 398, 404, 405, 414, 415, 439, 442, 447, 451, 457, 459, 462, 483, 490]
Subround 6
not enough
     Count     Value
14       6  1.000000
375      6  1.000000
298      6  1.000000
203      6  1.000000
280      5  0.833333
166      5  0.833333
394      5  0.833333
319      5  0.833333
190      5  0.833333
483      5  0.833333
237      5  0.833333
270      5  0.833333
78       5  0.833333
168      5  0.833333
378      5  0.833333
9        5  0.833333
451      5  0.833333
462      5  0.833333
34       5  0.833333
249      5  0.833333
     Count     Value
14       6  1.000000
375      6  1.000000
298      6  1.000000
203      6  1.000000
280      5  0.833333
166      5  0.833333
394      5  0.833333
319      5  0.833333
190      5  0.833333
483      5  0.833333
Current: [9, 14, 34, 40, 47, 70, 76, 78, 87, 132, 143, 165, 166, 168, 190, 203, 237, 247, 249, 270, 280, 298, 305, 319, 350, 375, 378, 394, 398, 404, 405, 415, 451, 457, 459, 462, 483]
Subround 7
not enough
     Count     Value
14       7  1.000000
203      6  0.857143
483      6  0.857143
165      6  0.857143
398      6  0.857143
249      6  0.857143
457      6  0.857143
298      6  0.857143
459      6  0.857143
319      6  0.857143
375      6  0.857143
47       6  0.857143
237      6  0.857143
394      6  0.857143
78       6  0.857143
468      5  0.714286
306      5  0.714286
132      5  0.714286
87       5  0.714286
76       5  0.714286
     Count     Value
14       7  1.000000
203      6  0.857143
483      6  0.857143
165      6  0.857143
398      6  0.857143
249      6  0.857143
457      6  0.857143
298      6  0.857143
459      6  0.857143
319      6  0.857143
Current: [9, 14, 18, 30, 34, 40, 47, 65, 66, 70, 75, 76, 78, 87, 113, 122, 125, 129, 132, 135, 139, 143, 153, 165, 166, 168, 176, 185, 190, 203, 212, 237, 240, 245, 247, 249, 250, 268, 270, 280, 293, 298, 302, 305, 306, 312, 314, 315, 319, 325, 340, 350, 375, 378, 382, 384, 389, 390, 394, 398, 402, 404, 405, 413, 414, 415, 439, 442, 450, 451, 452, 457, 459, 462, 463, 468, 478, 483, 500]
Subround 8
not enough
     Count  Value
14       8  1.000
394      7  0.875
78       7  0.875
457      7  0.875
375      7  0.875
398      7  0.875
203      7  0.875
165      7  0.875
452      6  0.750
47       6  0.750
378      6  0.750
125      6  0.750
237      6  0.750
268      6  0.750
249      6  0.750
459      6  0.750
75       6  0.750
325      6  0.750
270      6  0.750
350      6  0.750
     Count  Value
14       8  1.000
394      7  0.875
78       7  0.875
457      7  0.875
375      7  0.875
398      7  0.875
203      7  0.875
165      7  0.875
452      6  0.750
47       6  0.750
Current: [14, 18, 40, 47, 66, 70, 75, 78, 125, 132, 135, 165, 203, 237, 249, 268, 270, 293, 298, 306, 312, 315, 319, 325, 350, 375, 378, 389, 390, 394, 398, 402, 414, 452, 457, 459, 463, 468, 478, 483, 500]
Subround 9
not enough
     Count     Value
14       9  1.000000
78       8  0.888889
203      8  0.888889
457      8  0.888889
375      8  0.888889
398      8  0.888889
165      8  0.888889
394      8  0.888889
18       7  0.777778
306      7  0.777778
66       7  0.777778
135      7  0.777778
125      7  0.777778
268      7  0.777778
325      7  0.777778
468      7  0.777778
459      7  0.777778
390      7  0.777778
315      7  0.777778
47       7  0.777778
     Count     Value
14       9  1.000000
78       8  0.888889
203      8  0.888889
457      8  0.888889
375      8  0.888889
398      8  0.888889
165      8  0.888889
394      8  0.888889
18       7  0.777778
306      7  0.777778
Current: [14, 18, 40, 47, 66, 78, 125, 135, 165, 203, 237, 268, 306, 315, 325, 375, 390, 394, 398, 457, 459, 463, 468]
Subround 10
     Count  Value
14      10    1.0
78       8    0.8
468      8    0.8
203      8    0.8
459      8    0.8
457      8    0.8
66       8    0.8
135      8    0.8
398      8    0.8
165      8    0.8
394      8    0.8
237      8    0.8
375      8    0.8
463      8    0.8
254      7    0.7
413      7    0.7
249      7    0.7
173      7    0.7
176      7    0.7
18       7    0.7
     Count  Value
14      10    1.0
78       8    0.8
468      8    0.8
203      8    0.8
459      8    0.8
457      8    0.8
66       8    0.8
135      8    0.8
398      8    0.8
165      8    0.8
Current: [14, 66, 78, 135, 165, 203, 237, 375, 394, 398, 457, 459, 463, 468]
Round 2
Subround 1
not enough
     Count     Value
14      11  1.000000
78       9  0.818182
165      9  0.818182
457      9  0.818182
237      9  0.818182
135      9  0.818182
398      9  0.818182
203      8  0.727273
459      8  0.727273
66       8  0.727273
394      8  0.727273
468      8  0.727273
375      8  0.727273
463      8  0.727273
413      7  0.636364
249      7  0.636364
173      7  0.636364
254      7  0.636364
176      7  0.636364
18       7  0.636364
     Count  Value
165      1    1.0
14       1    1.0
398      1    1.0
457      1    1.0
78       1    1.0
237      1    1.0
135      1    1.0
Current: [14, 78, 135, 165, 237, 398, 457]
Subround 2
not enough
     Count     Value
14      12  1.000000
78      10  0.833333
165     10  0.833333
457     10  0.833333
237     10  0.833333
203      9  0.750000
375      9  0.750000
135      9  0.750000
398      9  0.750000
459      8  0.666667
66       8  0.666667
394      8  0.666667
468      8  0.666667
463      8  0.666667
413      7  0.583333
249      7  0.583333
173      7  0.583333
254      7  0.583333
176      7  0.583333
18       7  0.583333
     Count  Value
165      2    1.0
14       2    1.0
457      2    1.0
78       2    1.0
237      2    1.0
398      1    0.5
135      1    0.5
203      1    0.5
375      1    0.5
Current: [14, 78, 165, 237, 457]
Subround 3
not enough
     Count     Value
14      13  1.000000
237     11  0.846154
78      10  0.769231
457     10  0.769231
165     10  0.769231
135     10  0.769231
398      9  0.692308
463      9  0.692308
203      9  0.692308
459      9  0.692308
375      9  0.692308
66       9  0.692308
468      9  0.692308
394      8  0.615385
173      7  0.538462
249      7  0.538462
413      7  0.538462
254      7  0.538462
176      7  0.538462
132      7  0.538462
     Count     Value
14       3  1.000000
237      3  1.000000
165      2  0.666667
457      2  0.666667
78       2  0.666667
135      2  0.666667
398      1  0.333333
203      1  0.333333
375      1  0.333333
468      1  0.333333
Current: [14, 237]
Subround 4
not enough
     Count     Value
14      13  0.928571
237     12  0.857143
78      11  0.785714
165     11  0.785714
135     11  0.785714
463     10  0.714286
203     10  0.714286
459     10  0.714286
457     10  0.714286
398      9  0.642857
375      9  0.642857
66       9  0.642857
468      9  0.642857
394      8  0.571429
173      7  0.500000
249      7  0.500000
413      7  0.500000
254      7  0.500000
176      7  0.500000
132      7  0.500000
     Count  Value
237      4   1.00
165      3   0.75
14       3   0.75
78       3   0.75
135      3   0.75
457      2   0.50
203      2   0.50
459      2   0.50
463      2   0.50
398      1   0.25
Current: [14, 237]
Subround 5
not enough
     Count     Value
14      14  0.933333
237     12  0.800000
78      11  0.733333
203     11  0.733333
457     11  0.733333
165     11  0.733333
135     11  0.733333
398     10  0.666667
463     10  0.666667
459     10  0.666667
375     10  0.666667
468     10  0.666667
66       9  0.600000
394      9  0.600000
173      7  0.466667
249      7  0.466667
413      7  0.466667
254      7  0.466667
176      7  0.466667
132      7  0.466667
     Count  Value
14       4    0.8
237      4    0.8
165      3    0.6
457      3    0.6
78       3    0.6
135      3    0.6
203      3    0.6
398      2    0.4
375      2    0.4
468      2    0.4
Current: [14]
Subround 6
not enough
     Count   Value
14      15  0.9375
203     12  0.7500
237     12  0.7500
457     12  0.7500
135     12  0.7500
78      11  0.6875
375     11  0.6875
468     11  0.6875
165     11  0.6875
398     10  0.6250
463     10  0.6250
459     10  0.6250
66      10  0.6250
394      9  0.5625
173      7  0.4375
249      7  0.4375
413      7  0.4375
254      7  0.4375
176      7  0.4375
132      7  0.4375
     Count     Value
14       5  0.833333
457      4  0.666667
237      4  0.666667
135      4  0.666667
203      4  0.666667
165      3  0.500000
78       3  0.500000
375      3  0.500000
468      3  0.500000
398      2  0.333333
Current: [14]
Subround 7
not enough
     Count     Value
14      16  0.941176
237     13  0.764706
78      12  0.705882
203     12  0.705882
457     12  0.705882
135     12  0.705882
165     12  0.705882
398     11  0.647059
459     11  0.647059
375     11  0.647059
468     11  0.647059
66      10  0.588235
394     10  0.588235
463     10  0.588235
249      7  0.411765
173      7  0.411765
413      7  0.411765
254      7  0.411765
176      7  0.411765
18       7  0.411765
     Count     Value
14       6  0.857143
237      5  0.714286
165      4  0.571429
457      4  0.571429
78       4  0.571429
135      4  0.571429
203      4  0.571429
398      3  0.428571
375      3  0.428571
468      3  0.428571
Current: [14]
Subround 8
not enough
     Count     Value
14      16  0.888889
78      13  0.722222
203     13  0.722222
457     13  0.722222
237     13  0.722222
135     13  0.722222
398     12  0.666667
459     12  0.666667
375     12  0.666667
165     12  0.666667
468     11  0.611111
66      10  0.555556
394     10  0.555556
463     10  0.555556
249      7  0.388889
173      7  0.388889
413      7  0.388889
254      7  0.388889
176      7  0.388889
18       7  0.388889
     Count  Value
14       6  0.750
457      5  0.625
78       5  0.625
237      5  0.625
135      5  0.625
203      5  0.625
165      4  0.500
398      4  0.500
375      4  0.500
459      4  0.500
Current: [14]
Subround 9
not enough
     Count     Value
14      17  0.894737
203     14  0.736842
237     14  0.736842
78      13  0.684211
457     13  0.684211
135     13  0.684211
165     13  0.684211
398     12  0.631579
459     12  0.631579
375     12  0.631579
468     12  0.631579
66      11  0.578947
394     11  0.578947
463     10  0.526316
249      7  0.368421
173      7  0.368421
413      7  0.368421
254      7  0.368421
176      7  0.368421
18       7  0.368421
     Count     Value
14       7  0.777778
237      6  0.666667
203      6  0.666667
165      5  0.555556
457      5  0.555556
78       5  0.555556
135      5  0.555556
398      4  0.444444
375      4  0.444444
468      4  0.444444
Current: [14]
Subround 10
     Count  Value
14      18   0.90
203     15   0.75
237     14   0.70
135     14   0.70
78      13   0.65
165     13   0.65
459     13   0.65
457     13   0.65
468     13   0.65
66      12   0.60
398     12   0.60
394     12   0.60
375     12   0.60
463     10   0.50
413      7   0.35
249      7   0.35
173      7   0.35
254      7   0.35
176      7   0.35
18       7   0.35
     Count  Value
14       8    0.8
203      7    0.7
237      6    0.6
135      6    0.6
165      5    0.5
457      5    0.5
78       5    0.5
468      5    0.5
459      5    0.5
398      4    0.4
Current: [14]
Winning offset:
[14]
2021-09-07 15:21:32.291165
2021-09-07 15:24:46.261349
0:03:13.970184
