Loading page file profiles/packet3/pages/0x6e4a.yaml
Loading page file profiles/packet3/pages/0x6e60.yaml
Loading page file profiles/packet3/pages/0x6ee3.yaml
Loading page file profiles/packet3/pages/0x7241.yaml
Loading page file profiles/packet3/pages/0x7242.yaml
Loading page file profiles/packet3/pages/0x7243.yaml
Loading page file profiles/packet3/pages/0x7244.yaml
Round 1
Subround 1
not enough
     Count  Value
105      1    1.0
486      1    1.0
16       1    1.0
33       1    1.0
313      1    1.0
121      1    1.0
388      1    1.0
345      1    1.0
333      1    1.0
394      1    1.0
243      1    1.0
212      1    1.0
359      1    1.0
67       1    1.0
77       1    1.0
423      1    1.0
272      1    1.0
410      1    1.0
227      1    1.0
39       1    1.0
     Count  Value
105      1    1.0
486      1    1.0
16       1    1.0
33       1    1.0
313      1    1.0
121      1    1.0
388      1    1.0
345      1    1.0
333      1    1.0
394      1    1.0
Current: [1, 3, 8, 11, 12, 16, 17, 18, 19, 21, 23, 28, 33, 37, 38, 39, 40, 41, 45, 47, 50, 51, 52, 55, 58, 61, 64, 66, 67, 70, 71, 72, 73, 74, 76, 77, 78, 79, 81, 82, 83, 84, 86, 88, 89, 92, 94, 95, 96, 98, 101, 104, 105, 109, 116, 119, 121, 122, 128, 130, 133, 141, 143, 151, 153, 154, 156, 159, 162, 163, 164, 165, 166, 168, 170, 173, 174, 177, 180, 181, 184, 187, 188, 189, 192, 193, 195, 197, 198, 199, 200, 202, 204, 206, 207, 210, 211, 212, 213, 214, 218, 219, 221, 225, 226, 227, 229, 231, 232, 234, 235, 238, 240, 243, 244, 247, 249, 253, 254, 256, 257, 258, 262, 264, 266, 267, 269, 270, 272, 273, 275, 277, 280, 281, 282, 287, 290, 291, 292, 295, 296, 299, 300, 303, 304, 309, 310, 311, 312, 313, 314, 317, 321, 324, 327, 330, 333, 334, 335, 336, 339, 342, 343, 344, 345, 346, 347, 350, 351, 352, 353, 354, 355, 358, 359, 361, 362, 363, 366, 368, 370, 371, 372, 373, 374, 377, 379, 380, 383, 384, 387, 388, 391, 393, 394, 396, 398, 399, 400, 403, 405, 407, 410, 411, 412, 413, 414, 415, 417, 419, 420, 423, 428, 431, 432, 433, 437, 439, 440, 441, 442, 444, 446, 447, 448, 450, 453, 455, 456, 457, 458, 459, 460, 461, 463, 466, 469, 471, 473, 474, 476, 478, 480, 483, 486, 487, 489, 492, 499, 501, 502, 505, 508, 509, 510, 511]
Subround 2
not enough
     Count  Value
371      2    1.0
235      2    1.0
420      2    1.0
204      2    1.0
281      2    1.0
262      2    1.0
19       2    1.0
314      2    1.0
86       2    1.0
373      2    1.0
419      2    1.0
463      2    1.0
79       2    1.0
73       2    1.0
368      2    1.0
254      2    1.0
240      2    1.0
159      2    1.0
351      2    1.0
455      2    1.0
     Count  Value
371      2    1.0
235      2    1.0
420      2    1.0
204      2    1.0
281      2    1.0
262      2    1.0
19       2    1.0
314      2    1.0
86       2    1.0
373      2    1.0
Current: [3, 8, 11, 12, 16, 18, 19, 23, 28, 33, 37, 40, 50, 51, 55, 58, 61, 66, 73, 76, 77, 78, 79, 83, 84, 86, 88, 96, 98, 104, 116, 121, 130, 133, 141, 154, 159, 162, 163, 164, 165, 166, 173, 174, 184, 188, 192, 193, 197, 198, 202, 204, 207, 211, 212, 213, 214, 221, 226, 231, 234, 235, 240, 247, 249, 254, 256, 258, 262, 264, 267, 269, 270, 273, 281, 292, 295, 299, 310, 312, 313, 314, 321, 324, 327, 335, 336, 342, 343, 345, 346, 347, 350, 351, 352, 353, 358, 359, 361, 363, 366, 368, 370, 371, 372, 373, 377, 379, 383, 388, 391, 396, 400, 411, 414, 415, 417, 419, 420, 432, 437, 440, 441, 444, 448, 450, 455, 458, 460, 463, 466, 469, 471, 474, 483, 492, 499, 508, 509]
Subround 3
not enough
     Count  Value
388      3    1.0
254      3    1.0
159      3    1.0
474      3    1.0
213      3    1.0
3        3    1.0
440      3    1.0
77       3    1.0
256      3    1.0
12       3    1.0
212      3    1.0
441      3    1.0
188      3    1.0
163      3    1.0
370      3    1.0
373      3    1.0
483      3    1.0
350      3    1.0
264      3    1.0
432      3    1.0
     Count  Value
388      3    1.0
254      3    1.0
159      3    1.0
474      3    1.0
213      3    1.0
3        3    1.0
440      3    1.0
77       3    1.0
256      3    1.0
12       3    1.0
Current: [3, 12, 16, 77, 86, 159, 163, 165, 166, 188, 212, 213, 254, 256, 264, 270, 350, 370, 373, 377, 388, 414, 432, 440, 441, 450, 474, 483, 492, 499, 508]
Subround 4
not enough
     Count  Value
483      4   1.00
474      4   1.00
270      4   1.00
188      4   1.00
213      4   1.00
440      4   1.00
3        4   1.00
492      4   1.00
256      4   1.00
414      4   1.00
12       4   1.00
77       4   1.00
377      4   1.00
86       4   1.00
387      3   0.75
173      3   0.75
327      3   0.75
231      3   0.75
416      3   0.75
226      3   0.75
     Count  Value
483      4    1.0
474      4    1.0
270      4    1.0
188      4    1.0
213      4    1.0
440      4    1.0
3        4    1.0
492      4    1.0
256      4    1.0
414      4    1.0
Current: [3, 12, 14, 16, 17, 19, 28, 33, 39, 41, 43, 48, 55, 59, 61, 62, 64, 66, 71, 72, 76, 77, 78, 79, 86, 94, 95, 103, 109, 112, 113, 116, 121, 128, 130, 133, 138, 143, 151, 153, 156, 159, 163, 165, 166, 168, 173, 177, 188, 193, 200, 201, 207, 211, 212, 213, 215, 219, 221, 226, 227, 229, 230, 231, 232, 234, 235, 249, 254, 256, 262, 264, 267, 270, 272, 273, 277, 279, 282, 287, 290, 293, 296, 304, 308, 309, 310, 311, 313, 314, 317, 327, 330, 333, 335, 336, 337, 342, 344, 345, 348, 350, 353, 354, 358, 359, 362, 366, 368, 370, 372, 373, 377, 380, 384, 387, 388, 389, 396, 399, 403, 405, 407, 411, 414, 416, 419, 420, 428, 432, 433, 439, 440, 441, 446, 450, 456, 457, 458, 463, 467, 469, 471, 474, 483, 492, 499, 508]
Subround 5
not enough
     Count  Value
492      5    1.0
474      5    1.0
270      5    1.0
62       4    0.8
456      4    0.8
373      4    0.8
113      4    0.8
416      4    0.8
109      4    0.8
12       4    0.8
463      4    0.8
79       4    0.8
86       4    0.8
450      4    0.8
483      4    0.8
446      4    0.8
3        4    0.8
17       4    0.8
441      4    0.8
342      4    0.8
     Count  Value
492      5    1.0
474      5    1.0
270      5    1.0
62       4    0.8
456      4    0.8
373      4    0.8
113      4    0.8
416      4    0.8
109      4    0.8
12       4    0.8
Current: [3, 12, 14, 16, 17, 33, 55, 59, 62, 77, 79, 86, 94, 109, 113, 128, 151, 159, 163, 165, 173, 177, 188, 200, 213, 221, 230, 256, 264, 270, 279, 282, 287, 308, 311, 333, 336, 337, 342, 344, 350, 368, 370, 373, 377, 384, 396, 411, 414, 416, 419, 420, 432, 440, 441, 446, 450, 456, 457, 463, 474, 483, 492, 508]
Subround 6
not enough
     Count     Value
492      6  1.000000
256      5  0.833333
16       5  0.833333
213      5  0.833333
333      5  0.833333
62       5  0.833333
411      5  0.833333
128      5  0.833333
177      5  0.833333
14       5  0.833333
230      5  0.833333
270      5  0.833333
474      5  0.833333
450      5  0.833333
368      5  0.833333
109      5  0.833333
446      5  0.833333
440      5  0.833333
188      5  0.833333
163      5  0.833333
     Count     Value
492      6  1.000000
256      5  0.833333
16       5  0.833333
213      5  0.833333
333      5  0.833333
62       5  0.833333
411      5  0.833333
128      5  0.833333
177      5  0.833333
14       5  0.833333
Current: [14, 16, 62, 79, 86, 109, 128, 159, 163, 177, 188, 213, 230, 256, 270, 287, 311, 333, 337, 342, 368, 370, 373, 411, 440, 446, 450, 457, 463, 474, 492, 508]
Subround 7
not enough
     Count     Value
188      6  0.857143
256      6  0.857143
14       6  0.857143
463      6  0.857143
109      6  0.857143
508      6  0.857143
474      6  0.857143
370      6  0.857143
492      6  0.857143
104      5  0.714286
261      5  0.714286
287      5  0.714286
420      5  0.714286
457      5  0.714286
282      5  0.714286
377      5  0.714286
165      5  0.714286
86       5  0.714286
373      5  0.714286
264      5  0.714286
     Count     Value
188      6  0.857143
256      6  0.857143
14       6  0.857143
463      6  0.857143
109      6  0.857143
508      6  0.857143
474      6  0.857143
370      6  0.857143
492      6  0.857143
104      5  0.714286
Current: [3, 8, 12, 14, 16, 17, 22, 33, 39, 59, 61, 62, 72, 75, 79, 86, 96, 104, 109, 112, 113, 128, 141, 151, 154, 159, 163, 165, 173, 177, 188, 205, 213, 215, 230, 242, 254, 256, 261, 264, 270, 282, 287, 293, 300, 308, 311, 317, 324, 330, 331, 333, 336, 337, 342, 344, 348, 353, 357, 368, 370, 373, 377, 384, 387, 388, 396, 400, 409, 411, 413, 414, 415, 416, 420, 432, 440, 441, 446, 450, 456, 457, 458, 460, 463, 473, 474, 479, 483, 492, 495, 508]
Subround 8
not enough
     Count  Value
188      7  0.875
109      7  0.875
14       7  0.875
370      7  0.875
474      7  0.875
441      6  0.750
33       6  0.750
495      6  0.750
173      6  0.750
264      6  0.750
159      6  0.750
396      6  0.750
75       6  0.750
205      6  0.750
163      6  0.750
413      6  0.750
384      6  0.750
256      6  0.750
141      6  0.750
440      6  0.750
     Count  Value
188      7  0.875
109      7  0.875
14       7  0.875
370      7  0.875
474      7  0.875
441      6  0.750
33       6  0.750
495      6  0.750
173      6  0.750
264      6  0.750
Current: [12, 14, 33, 39, 62, 75, 104, 109, 141, 159, 163, 173, 188, 205, 242, 256, 264, 287, 293, 308, 344, 353, 370, 373, 384, 396, 409, 413, 416, 420, 432, 440, 441, 463, 473, 474, 492, 495, 508]
Subround 9
not enough
     Count     Value
474      8  0.888889
109      8  0.888889
370      8  0.888889
384      7  0.777778
308      7  0.777778
75       7  0.777778
353      7  0.777778
256      7  0.777778
39       7  0.777778
440      7  0.777778
141      7  0.777778
396      7  0.777778
14       7  0.777778
413      7  0.777778
188      7  0.777778
441      7  0.777778
62       7  0.777778
416      7  0.777778
242      7  0.777778
12       7  0.777778
     Count     Value
474      8  0.888889
109      8  0.888889
370      8  0.888889
384      7  0.777778
308      7  0.777778
75       7  0.777778
353      7  0.777778
256      7  0.777778
39       7  0.777778
440      7  0.777778
Current: [12, 14, 33, 39, 62, 75, 109, 141, 188, 242, 256, 308, 353, 370, 384, 396, 409, 413, 416, 440, 441, 473, 474, 508]
Subround 10
     Count  Value
370      9    0.9
109      8    0.8
473      8    0.8
353      8    0.8
62       8    0.8
33       8    0.8
409      8    0.8
14       8    0.8
441      8    0.8
416      8    0.8
474      8    0.8
384      8    0.8
413      8    0.8
508      8    0.8
440      8    0.8
457      7    0.7
240      7    0.7
337      7    0.7
254      7    0.7
126      7    0.7
     Count  Value
370      9    0.9
109      8    0.8
473      8    0.8
353      8    0.8
62       8    0.8
33       8    0.8
409      8    0.8
14       8    0.8
441      8    0.8
416      8    0.8
Current: [14, 33, 62, 109, 353, 370, 384, 409, 413, 416, 440, 441, 473, 474, 508]
Round 2
Subround 1
not enough
     Count     Value
370     10  0.909091
109      9  0.818182
62       9  0.818182
409      9  0.818182
474      9  0.818182
384      9  0.818182
440      9  0.818182
413      9  0.818182
508      8  0.727273
353      8  0.727273
33       8  0.727273
473      8  0.727273
14       8  0.727273
416      8  0.727273
441      8  0.727273
373      7  0.636364
126      7  0.636364
434      7  0.636364
104      7  0.636364
254      7  0.636364
     Count  Value
62       1    1.0
409      1    1.0
413      1    1.0
109      1    1.0
440      1    1.0
370      1    1.0
384      1    1.0
474      1    1.0
Current: [62, 109, 370, 384, 409, 413, 440, 474]
Subround 2
not enough
     Count     Value
370     11  0.916667
413     10  0.833333
384      9  0.750000
62       9  0.750000
440      9  0.750000
409      9  0.750000
441      9  0.750000
353      9  0.750000
474      9  0.750000
473      9  0.750000
109      9  0.750000
14       9  0.750000
508      9  0.750000
33       8  0.666667
416      8  0.666667
11       7  0.583333
159      7  0.583333
240      7  0.583333
254      7  0.583333
373      7  0.583333
     Count  Value
413      2    1.0
370      2    1.0
62       1    0.5
409      1    0.5
109      1    0.5
440      1    0.5
384      1    0.5
474      1    0.5
353      1    0.5
473      1    0.5
Current: [370, 413]
Subround 3
not enough
     Count     Value
370     11  0.846154
384     10  0.769231
440     10  0.769231
409     10  0.769231
14      10  0.769231
413     10  0.769231
441     10  0.769231
353     10  0.769231
474     10  0.769231
62       9  0.692308
416      9  0.692308
473      9  0.692308
109      9  0.692308
508      9  0.692308
33       8  0.615385
342      7  0.538462
159      7  0.538462
240      7  0.538462
254      7  0.538462
373      7  0.538462
     Count     Value
409      2  0.666667
413      2  0.666667
440      2  0.666667
370      2  0.666667
384      2  0.666667
474      2  0.666667
353      2  0.666667
441      2  0.666667
14       2  0.666667
62       1  0.333333
Current: [370]
Subround 4
not enough
     Count     Value
409     11  0.785714
14      11  0.785714
441     11  0.785714
353     11  0.785714
370     11  0.785714
384     10  0.714286
473     10  0.714286
440     10  0.714286
416     10  0.714286
474     10  0.714286
109     10  0.714286
413     10  0.714286
33       9  0.642857
62       9  0.642857
508      9  0.642857
11       7  0.500000
159      7  0.500000
240      7  0.500000
254      7  0.500000
373      7  0.500000
     Count  Value
409      3   0.75
353      3   0.75
441      3   0.75
14       3   0.75
413      2   0.50
109      2   0.50
440      2   0.50
370      2   0.50
384      2   0.50
474      2   0.50
no winner, not enough
Current: []
Subround 5
not enough
     Count     Value
409     12  0.800000
14      12  0.800000
441     12  0.800000
109     11  0.733333
473     11  0.733333
353     11  0.733333
416     11  0.733333
370     11  0.733333
440     10  0.666667
474     10  0.666667
384     10  0.666667
33      10  0.666667
413     10  0.666667
62       9  0.600000
508      9  0.600000
11       7  0.466667
159      7  0.466667
240      7  0.466667
254      7  0.466667
373      7  0.466667
     Count  Value
409      4    0.8
441      4    0.8
14       4    0.8
109      3    0.6
353      3    0.6
473      3    0.6
416      3    0.6
413      2    0.4
440      2    0.4
370      2    0.4
no winner, not enough
Current: []
Subround 6
not enough
     Count   Value
409     13  0.8125
14      13  0.8125
441     12  0.7500
353     12  0.7500
416     12  0.7500
384     11  0.6875
473     11  0.6875
440     11  0.6875
474     11  0.6875
370     11  0.6875
109     11  0.6875
33      10  0.6250
413     10  0.6250
508     10  0.6250
62       9  0.5625
11       7  0.4375
159      7  0.4375
240      7  0.4375
254      7  0.4375
373      7  0.4375
     Count     Value
409      5  0.833333
14       5  0.833333
353      4  0.666667
441      4  0.666667
416      4  0.666667
109      3  0.500000
440      3  0.500000
384      3  0.500000
474      3  0.500000
473      3  0.500000
Current: [14, 409]
Subround 7
not enough
     Count     Value
409     14  0.823529
14      14  0.823529
353     13  0.764706
416     13  0.764706
384     12  0.705882
474     12  0.705882
441     12  0.705882
109     12  0.705882
508     11  0.647059
473     11  0.647059
370     11  0.647059
440     11  0.647059
33      10  0.588235
413     10  0.588235
62       9  0.529412
13       7  0.411765
233      7  0.411765
159      7  0.411765
240      7  0.411765
254      7  0.411765
     Count     Value
409      6  0.857143
14       6  0.857143
353      5  0.714286
416      5  0.714286
109      4  0.571429
384      4  0.571429
474      4  0.571429
441      4  0.571429
440      3  0.428571
473      3  0.428571
Current: [14, 409]
Subround 8
not enough
     Count     Value
409     15  0.833333
14      14  0.777778
353     14  0.777778
416     14  0.777778
384     13  0.722222
441     13  0.722222
474     12  0.666667
440     12  0.666667
109     12  0.666667
33      11  0.611111
473     11  0.611111
370     11  0.611111
508     11  0.611111
413     10  0.555556
62       9  0.500000
11       7  0.388889
159      7  0.388889
240      7  0.388889
254      7  0.388889
373      7  0.388889
     Count  Value
409      7  0.875
353      6  0.750
14       6  0.750
416      6  0.750
384      5  0.625
441      5  0.625
109      4  0.500
440      4  0.500
474      4  0.500
473      3  0.375
Current: [409]
Subround 9
not enough
     Count     Value
409     16  0.842105
14      15  0.789474
384     14  0.736842
441     14  0.736842
353     14  0.736842
416     14  0.736842
440     13  0.684211
370     12  0.631579
474     12  0.631579
109     12  0.631579
33      11  0.578947
473     11  0.578947
413     11  0.578947
508     11  0.578947
62      10  0.526316
11       7  0.368421
159      7  0.368421
240      7  0.368421
254      7  0.368421
373      7  0.368421
     Count     Value
409      8  0.888889
14       7  0.777778
384      6  0.666667
353      6  0.666667
441      6  0.666667
416      6  0.666667
440      5  0.555556
109      4  0.444444
474      4  0.444444
413      3  0.333333
Current: [409]
Subround 10
     Count  Value
409     17   0.85
14      16   0.80
353     15   0.75
416     15   0.75
384     14   0.70
440     14   0.70
441     14   0.70
474     13   0.65
370     12   0.60
109     12   0.60
413     12   0.60
508     12   0.60
33      11   0.55
473     11   0.55
62      10   0.50
11       7   0.35
159      7   0.35
240      7   0.35
254      7   0.35
373      7   0.35
     Count  Value
409      9    0.9
14       8    0.8
353      7    0.7
416      7    0.7
440      6    0.6
384      6    0.6
441      6    0.6
474      5    0.5
413      4    0.4
109      4    0.4
Current: [409]
Winning offset:
[409]
2021-09-07 15:31:21.237142
2021-09-07 15:34:34.378127
0:03:13.140985
