Loading page file profiles/packet3/pages/0x6e4a.yaml
Loading page file profiles/packet3/pages/0x6e60.yaml
Loading page file profiles/packet3/pages/0x6ee3.yaml
Loading page file profiles/packet3/pages/0x7241.yaml
Loading page file profiles/packet3/pages/0x7242.yaml
Loading page file profiles/packet3/pages/0x7243.yaml
Loading page file profiles/packet3/pages/0x7244.yaml
Round 1
Subround 1
not enough
     Count  Value
316      1    1.0
299      1    1.0
52       1    1.0
283      1    1.0
65       1    1.0
258      1    1.0
205      1    1.0
377      1    1.0
27       1    1.0
69       1    1.0
117      1    1.0
158      1    1.0
501      1    1.0
46       1    1.0
190      1    1.0
61       1    1.0
154      1    1.0
83       1    1.0
326      1    1.0
108      1    1.0
     Count  Value
316      1    1.0
299      1    1.0
52       1    1.0
283      1    1.0
65       1    1.0
258      1    1.0
205      1    1.0
377      1    1.0
27       1    1.0
69       1    1.0
Current: [0, 1, 2, 4, 8, 11, 17, 26, 27, 29, 31, 33, 35, 36, 38, 46, 49, 50, 51, 52, 53, 59, 60, 61, 62, 65, 67, 68, 69, 72, 74, 78, 79, 82, 83, 84, 85, 89, 91, 93, 94, 96, 97, 98, 104, 105, 107, 108, 110, 111, 114, 117, 118, 120, 123, 124, 125, 126, 127, 128, 131, 134, 135, 137, 138, 140, 142, 143, 144, 145, 147, 149, 152, 153, 154, 155, 156, 158, 160, 161, 164, 165, 167, 168, 169, 170, 171, 173, 176, 177, 180, 181, 183, 184, 185, 186, 190, 192, 195, 199, 201, 202, 205, 206, 207, 208, 213, 218, 219, 221, 224, 225, 226, 227, 228, 230, 231, 232, 233, 234, 236, 237, 240, 241, 244, 247, 248, 249, 251, 253, 258, 260, 262, 265, 268, 273, 276, 278, 281, 283, 288, 291, 292, 293, 294, 297, 299, 302, 305, 306, 307, 311, 314, 315, 316, 325, 326, 328, 329, 330, 332, 335, 337, 338, 339, 340, 342, 343, 347, 348, 350, 352, 354, 355, 357, 358, 361, 362, 363, 364, 365, 366, 368, 369, 370, 373, 374, 377, 378, 379, 381, 382, 384, 386, 387, 391, 393, 395, 396, 401, 402, 403, 408, 409, 410, 411, 417, 418, 421, 423, 424, 425, 426, 427, 430, 431, 432, 434, 435, 436, 437, 441, 442, 450, 454, 458, 459, 462, 463, 468, 471, 472, 473, 474, 475, 476, 477, 478, 479, 481, 482, 483, 484, 486, 489, 490, 492, 494, 495, 496, 498, 499, 500, 501, 505, 509]
Subround 2
not enough
     Count  Value
68       2    1.0
17       2    1.0
227      2    1.0
125      2    1.0
486      2    1.0
395      2    1.0
358      2    1.0
450      2    1.0
225      2    1.0
237      2    1.0
260      2    1.0
155      2    1.0
337      2    1.0
221      2    1.0
168      2    1.0
496      2    1.0
366      2    1.0
248      2    1.0
365      2    1.0
208      2    1.0
     Count  Value
68       2    1.0
17       2    1.0
227      2    1.0
125      2    1.0
486      2    1.0
395      2    1.0
358      2    1.0
450      2    1.0
225      2    1.0
237      2    1.0
Current: [1, 4, 17, 26, 29, 33, 46, 50, 52, 53, 59, 65, 68, 69, 79, 82, 84, 85, 94, 97, 98, 104, 105, 117, 124, 125, 126, 127, 131, 134, 142, 144, 154, 155, 158, 161, 167, 168, 169, 171, 173, 176, 181, 185, 186, 190, 192, 195, 201, 202, 205, 208, 213, 221, 225, 227, 232, 236, 237, 247, 248, 249, 253, 260, 262, 265, 268, 278, 288, 292, 299, 306, 314, 315, 326, 330, 335, 337, 338, 339, 342, 343, 347, 357, 358, 361, 363, 365, 366, 369, 370, 374, 377, 379, 381, 384, 386, 391, 393, 395, 401, 402, 408, 409, 411, 417, 418, 421, 424, 425, 427, 430, 431, 434, 436, 437, 442, 450, 458, 468, 475, 477, 482, 486, 494, 495, 496, 498, 499]
Subround 3
not enough
     Count  Value
68       3    1.0
248      3    1.0
50       3    1.0
161      3    1.0
168      3    1.0
59       3    1.0
450      3    1.0
358      3    1.0
395      3    1.0
486      3    1.0
126      3    1.0
202      3    1.0
339      3    1.0
401      3    1.0
342      3    1.0
186      3    1.0
381      3    1.0
185      3    1.0
379      3    1.0
417      3    1.0
     Count  Value
68       3    1.0
248      3    1.0
50       3    1.0
161      3    1.0
168      3    1.0
59       3    1.0
450      3    1.0
358      3    1.0
395      3    1.0
486      3    1.0
Current: [50, 52, 59, 68, 69, 124, 126, 158, 161, 168, 185, 186, 202, 248, 265, 288, 335, 339, 342, 343, 358, 379, 381, 395, 401, 411, 417, 430, 450, 475, 486]
Subround 4
not enough
     Count  Value
158      4   1.00
417      4   1.00
186      4   1.00
486      4   1.00
395      4   1.00
450      4   1.00
168      4   1.00
288      4   1.00
343      4   1.00
124      4   1.00
52       4   1.00
161      4   1.00
379      4   1.00
401      4   1.00
483      3   0.75
251      3   0.75
89       3   0.75
424      3   0.75
335      3   0.75
0        3   0.75
     Count  Value
158      4    1.0
417      4    1.0
186      4    1.0
486      4    1.0
395      4    1.0
450      4    1.0
168      4    1.0
288      4    1.0
343      4    1.0
124      4    1.0
Current: [0, 2, 4, 5, 8, 11, 14, 22, 32, 33, 35, 36, 38, 44, 46, 50, 51, 52, 58, 59, 65, 68, 69, 79, 83, 84, 89, 96, 97, 104, 114, 117, 122, 124, 125, 126, 127, 133, 144, 145, 147, 152, 153, 154, 157, 158, 161, 168, 170, 173, 176, 185, 186, 195, 196, 199, 202, 205, 208, 221, 224, 228, 231, 240, 243, 247, 248, 251, 260, 263, 265, 267, 278, 280, 285, 287, 288, 293, 294, 299, 302, 306, 314, 315, 330, 335, 339, 340, 342, 343, 347, 348, 355, 358, 363, 369, 370, 373, 374, 377, 379, 381, 384, 391, 394, 395, 396, 401, 408, 411, 415, 417, 418, 421, 423, 424, 426, 427, 430, 431, 434, 435, 441, 442, 450, 458, 462, 471, 475, 480, 482, 483, 486, 491, 492, 496, 498, 499, 500]
Subround 5
not enough
     Count  Value
379      5    1.0
395      5    1.0
417      5    1.0
288      5    1.0
124      5    1.0
343      5    1.0
498      4    0.8
401      4    0.8
355      4    0.8
408      4    0.8
186      4    0.8
381      4    0.8
38       4    0.8
483      4    0.8
158      4    0.8
185      4    0.8
208      4    0.8
170      4    0.8
373      4    0.8
278      4    0.8
     Count  Value
379      5    1.0
395      5    1.0
417      5    1.0
288      5    1.0
124      5    1.0
343      5    1.0
498      4    0.8
401      4    0.8
355      4    0.8
408      4    0.8
Current: [4, 14, 38, 52, 59, 65, 68, 69, 83, 104, 114, 124, 144, 145, 158, 161, 168, 170, 173, 185, 186, 196, 205, 208, 231, 240, 247, 251, 265, 278, 280, 288, 293, 294, 339, 340, 342, 343, 347, 355, 358, 363, 373, 379, 381, 384, 395, 401, 408, 411, 417, 424, 431, 450, 458, 471, 475, 483, 486, 496, 498, 499]
Subround 6
not enough
     Count     Value
395      6  1.000000
343      6  1.000000
247      5  0.833333
59       5  0.833333
68       5  0.833333
4        5  0.833333
471      5  0.833333
83       5  0.833333
158      5  0.833333
293      5  0.833333
205      5  0.833333
65       5  0.833333
265      5  0.833333
104      5  0.833333
231      5  0.833333
288      5  0.833333
114      5  0.833333
124      5  0.833333
251      5  0.833333
499      5  0.833333
     Count     Value
395      6  1.000000
343      6  1.000000
247      5  0.833333
59       5  0.833333
68       5  0.833333
4        5  0.833333
471      5  0.833333
83       5  0.833333
158      5  0.833333
293      5  0.833333
Current: [4, 38, 59, 65, 68, 83, 104, 114, 124, 144, 145, 158, 168, 170, 186, 205, 208, 231, 240, 247, 251, 265, 278, 288, 293, 294, 340, 343, 347, 355, 379, 381, 395, 401, 408, 417, 431, 450, 471, 483, 486, 498, 499]
Subround 7
not enough
     Count     Value
343      7  1.000000
145      6  0.857143
395      6  0.857143
401      6  0.857143
417      6  0.857143
168      6  0.857143
379      6  0.857143
186      6  0.857143
114      6  0.857143
83       6  0.857143
288      6  0.857143
126      5  0.714286
170      5  0.714286
399      5  0.714286
365      5  0.714286
208      5  0.714286
199      5  0.714286
299      5  0.714286
231      5  0.714286
247      5  0.714286
     Count     Value
343      7  1.000000
145      6  0.857143
395      6  0.857143
401      6  0.857143
417      6  0.857143
168      6  0.857143
379      6  0.857143
186      6  0.857143
114      6  0.857143
83       6  0.857143
Current: [0, 4, 14, 38, 52, 53, 59, 64, 65, 68, 69, 83, 104, 109, 114, 124, 126, 139, 142, 144, 145, 158, 161, 168, 170, 173, 185, 186, 196, 199, 200, 205, 208, 214, 231, 236, 240, 247, 251, 265, 271, 278, 280, 288, 293, 294, 299, 311, 329, 340, 343, 347, 355, 358, 363, 365, 370, 373, 379, 381, 384, 390, 391, 395, 399, 401, 408, 411, 417, 418, 424, 427, 431, 434, 450, 471, 476, 479, 483, 486, 498, 499, 502]
Subround 8
not enough
     Count  Value
343      8  1.000
288      7  0.875
145      7  0.875
214      6  0.750
205      6  0.750
64       6  0.750
247      6  0.750
231      6  0.750
158      6  0.750
104      6  0.750
280      6  0.750
83       6  0.750
65       6  0.750
293      6  0.750
471      6  0.750
240      6  0.750
479      6  0.750
68       6  0.750
161      6  0.750
373      6  0.750
     Count  Value
343      8  1.000
288      7  0.875
145      7  0.875
214      6  0.750
205      6  0.750
64       6  0.750
247      6  0.750
231      6  0.750
158      6  0.750
104      6  0.750
Current: [0, 14, 38, 52, 53, 59, 64, 65, 68, 83, 104, 114, 124, 139, 144, 145, 158, 161, 168, 173, 186, 196, 205, 214, 231, 240, 247, 265, 271, 280, 288, 293, 311, 329, 343, 370, 373, 379, 381, 395, 399, 401, 411, 417, 418, 434, 450, 471, 479, 483, 486, 498]
Subround 9
not enough
     Count     Value
343      8  0.888889
373      7  0.777778
231      7  0.777778
168      7  0.777778
271      7  0.777778
240      7  0.777778
59       7  0.777778
173      7  0.777778
418      7  0.777778
486      7  0.777778
417      7  0.777778
144      7  0.777778
196      7  0.777778
265      7  0.777778
14       7  0.777778
370      7  0.777778
83       7  0.777778
145      7  0.777778
280      7  0.777778
64       7  0.777778
     Count     Value
343      8  0.888889
373      7  0.777778
231      7  0.777778
168      7  0.777778
271      7  0.777778
240      7  0.777778
59       7  0.777778
173      7  0.777778
418      7  0.777778
486      7  0.777778
Current: [14, 59, 64, 65, 83, 144, 145, 158, 168, 173, 186, 196, 231, 240, 265, 271, 280, 288, 343, 370, 373, 381, 417, 418, 486]
Subround 10
     Count  Value
14       8    0.8
373      8    0.8
83       8    0.8
231      8    0.8
186      8    0.8
418      8    0.8
370      8    0.8
265      8    0.8
343      8    0.8
173      8    0.8
486      7    0.7
206      7    0.7
417      7    0.7
196      7    0.7
401      7    0.7
339      7    0.7
240      7    0.7
65       7    0.7
205      7    0.7
69       7    0.7
     Count  Value
14       8    0.8
373      8    0.8
83       8    0.8
231      8    0.8
186      8    0.8
418      8    0.8
370      8    0.8
265      8    0.8
343      8    0.8
173      8    0.8
Current: [14, 83, 173, 186, 231, 265, 343, 370, 373, 418]
Round 2
Subround 1
not enough
     Count     Value
14       9  0.818182
173      9  0.818182
343      9  0.818182
231      9  0.818182
373      9  0.818182
418      8  0.727273
83       8  0.727273
186      8  0.727273
370      8  0.727273
265      8  0.727273
417      7  0.636364
196      7  0.636364
401      7  0.636364
339      7  0.636364
240      7  0.636364
486      7  0.636364
206      7  0.636364
65       7  0.636364
205      7  0.636364
69       7  0.636364
     Count  Value
343      1    1.0
231      1    1.0
14       1    1.0
373      1    1.0
173      1    1.0
Current: [14, 173, 231, 343, 373]
Subround 2
not enough
     Count     Value
343     10  0.833333
373     10  0.833333
14       9  0.750000
418      9  0.750000
173      9  0.750000
83       9  0.750000
231      9  0.750000
186      9  0.750000
370      8  0.666667
265      8  0.666667
417      7  0.583333
196      7  0.583333
401      7  0.583333
339      7  0.583333
240      7  0.583333
486      7  0.583333
206      7  0.583333
65       7  0.583333
205      7  0.583333
69       7  0.583333
     Count  Value
343      2    1.0
373      2    1.0
231      1    0.5
14       1    0.5
173      1    0.5
83       1    0.5
418      1    0.5
186      1    0.5
Current: [343, 373]
Subround 3
not enough
     Count     Value
14      10  0.769231
173     10  0.769231
343     10  0.769231
231     10  0.769231
373     10  0.769231
418      9  0.692308
83       9  0.692308
186      9  0.692308
370      9  0.692308
265      9  0.692308
417      7  0.538462
196      7  0.538462
401      7  0.538462
339      7  0.538462
240      7  0.538462
486      7  0.538462
206      7  0.538462
65       7  0.538462
205      7  0.538462
69       7  0.538462
     Count     Value
343      2  0.666667
231      2  0.666667
14       2  0.666667
373      2  0.666667
173      2  0.666667
83       1  0.333333
418      1  0.333333
186      1  0.333333
265      1  0.333333
370      1  0.333333
no winner, not enough
Current: []
Subround 4
not enough
     Count     Value
14      11  0.785714
343     11  0.785714
231     11  0.785714
373     11  0.785714
173     10  0.714286
186     10  0.714286
418      9  0.642857
83       9  0.642857
370      9  0.642857
265      9  0.642857
417      7  0.500000
196      7  0.500000
401      7  0.500000
339      7  0.500000
240      7  0.500000
486      7  0.500000
206      7  0.500000
65       7  0.500000
205      7  0.500000
69       7  0.500000
     Count  Value
343      3   0.75
231      3   0.75
14       3   0.75
373      3   0.75
173      2   0.50
186      2   0.50
83       1   0.25
418      1   0.25
265      1   0.25
370      1   0.25
no winner, not enough
Current: []
Subround 5
not enough
     Count     Value
14      12  0.800000
343     12  0.800000
231     12  0.800000
173     11  0.733333
373     11  0.733333
186     10  0.666667
265     10  0.666667
83       9  0.600000
370      9  0.600000
418      9  0.600000
417      7  0.466667
196      7  0.466667
401      7  0.466667
339      7  0.466667
240      7  0.466667
486      7  0.466667
65       7  0.466667
205      7  0.466667
206      7  0.466667
69       7  0.466667
     Count  Value
343      4    0.8
231      4    0.8
14       4    0.8
373      3    0.6
173      3    0.6
186      2    0.4
265      2    0.4
83       1    0.2
418      1    0.2
370      1    0.2
no winner, not enough
Current: []
Subround 6
not enough
     Count   Value
14      13  0.8125
373     12  0.7500
173     12  0.7500
343     12  0.7500
231     12  0.7500
186     11  0.6875
370     10  0.6250
265     10  0.6250
418      9  0.5625
83       9  0.5625
486      7  0.4375
417      7  0.4375
196      7  0.4375
401      7  0.4375
339      7  0.4375
240      7  0.4375
206      7  0.4375
65       7  0.4375
205      7  0.4375
69       7  0.4375
     Count     Value
14       5  0.833333
343      4  0.666667
231      4  0.666667
373      4  0.666667
173      4  0.666667
186      3  0.500000
265      2  0.333333
370      2  0.333333
83       1  0.166667
418      1  0.166667
Current: [14]
Subround 7
not enough
     Count     Value
14      14  0.823529
373     13  0.764706
231     13  0.764706
173     12  0.705882
343     12  0.705882
186     12  0.705882
83      10  0.588235
370     10  0.588235
265     10  0.588235
418      9  0.529412
417      7  0.411765
196      7  0.411765
401      7  0.411765
339      7  0.411765
240      7  0.411765
486      7  0.411765
206      7  0.411765
65       7  0.411765
205      7  0.411765
69       7  0.411765
     Count     Value
14       6  0.857143
231      5  0.714286
373      5  0.714286
343      4  0.571429
173      4  0.571429
186      4  0.571429
83       2  0.285714
265      2  0.285714
370      2  0.285714
418      1  0.142857
Current: [14]
Subround 8
not enough
     Count     Value
14      15  0.833333
373     14  0.777778
343     13  0.722222
231     13  0.722222
186     12  0.666667
173     12  0.666667
265     11  0.611111
83      11  0.611111
370     10  0.555556
418      9  0.500000
417      7  0.388889
196      7  0.388889
401      7  0.388889
339      7  0.388889
240      7  0.388889
486      7  0.388889
65       7  0.388889
205      7  0.388889
206      7  0.388889
69       7  0.388889
     Count  Value
14       7  0.875
373      6  0.750
343      5  0.625
231      5  0.625
173      4  0.500
186      4  0.500
83       3  0.375
265      3  0.375
370      2  0.250
418      1  0.125
Current: [14]
Subround 9
not enough
     Count     Value
14      16  0.842105
373     14  0.736842
231     14  0.736842
173     13  0.684211
343     13  0.684211
186     12  0.631579
83      11  0.578947
370     11  0.578947
265     11  0.578947
418     10  0.526316
417      7  0.368421
196      7  0.368421
401      7  0.368421
339      7  0.368421
240      7  0.368421
486      7  0.368421
206      7  0.368421
65       7  0.368421
205      7  0.368421
69       7  0.368421
     Count     Value
14       8  0.888889
231      6  0.666667
373      6  0.666667
343      5  0.555556
173      5  0.555556
186      4  0.444444
83       3  0.333333
265      3  0.333333
370      3  0.333333
418      2  0.222222
Current: [14]
Subround 10
     Count  Value
14      17   0.85
373     14   0.70
343     14   0.70
231     14   0.70
173     13   0.65
83      12   0.60
186     12   0.60
370     12   0.60
418     11   0.55
265     11   0.55
417      7   0.35
196      7   0.35
401      7   0.35
339      7   0.35
240      7   0.35
486      7   0.35
206      7   0.35
65       7   0.35
205      7   0.35
69       7   0.35
     Count  Value
14       9    0.9
343      6    0.6
231      6    0.6
373      6    0.6
173      5    0.5
83       4    0.4
186      4    0.4
370      4    0.4
418      3    0.3
265      3    0.3
Current: [14]
Winning offset:
[14]
2021-09-07 15:34:36.720146
2021-09-07 15:37:49.894061
0:03:13.173915
