Loading page file profiles/packet3/pages/0x6e4a.yaml
Loading page file profiles/packet3/pages/0x6e60.yaml
Loading page file profiles/packet3/pages/0x6ee3.yaml
Loading page file profiles/packet3/pages/0x7241.yaml
Loading page file profiles/packet3/pages/0x7242.yaml
Loading page file profiles/packet3/pages/0x7243.yaml
Loading page file profiles/packet3/pages/0x7244.yaml
Round 1
Subround 1
not enough
     Count  Value
66       1    1.0
297      1    1.0
26       1    1.0
151      1    1.0
130      1    1.0
19       1    1.0
277      1    1.0
252      1    1.0
257      1    1.0
384      1    1.0
13       1    1.0
438      1    1.0
490      1    1.0
411      1    1.0
471      1    1.0
410      1    1.0
211      1    1.0
375      1    1.0
447      1    1.0
387      1    1.0
     Count  Value
66       1    1.0
297      1    1.0
26       1    1.0
151      1    1.0
130      1    1.0
19       1    1.0
277      1    1.0
252      1    1.0
257      1    1.0
384      1    1.0
Current: [0, 1, 4, 7, 8, 9, 13, 14, 15, 19, 20, 21, 22, 23, 24, 26, 27, 28, 29, 30, 31, 32, 34, 36, 38, 44, 45, 47, 51, 52, 56, 57, 59, 60, 61, 62, 63, 64, 66, 78, 79, 86, 88, 92, 93, 99, 101, 102, 104, 105, 107, 113, 119, 120, 121, 123, 127, 128, 129, 130, 131, 132, 134, 135, 137, 138, 144, 147, 149, 150, 151, 152, 155, 156, 158, 159, 161, 162, 164, 167, 168, 169, 171, 173, 178, 179, 180, 182, 184, 187, 188, 190, 192, 194, 195, 197, 198, 200, 201, 204, 205, 206, 209, 211, 213, 215, 216, 217, 218, 219, 222, 224, 225, 226, 228, 229, 232, 235, 236, 237, 238, 241, 242, 243, 245, 247, 248, 251, 252, 253, 254, 255, 257, 258, 259, 260, 262, 266, 268, 269, 270, 271, 272, 273, 277, 278, 280, 286, 288, 290, 295, 296, 297, 303, 304, 307, 314, 315, 318, 319, 321, 322, 326, 328, 330, 334, 338, 339, 340, 342, 344, 348, 353, 356, 363, 365, 366, 367, 368, 369, 371, 372, 375, 377, 380, 382, 383, 384, 387, 390, 394, 395, 397, 399, 400, 401, 402, 404, 405, 407, 408, 410, 411, 413, 415, 416, 419, 420, 421, 422, 423, 425, 427, 428, 431, 435, 437, 438, 440, 442, 443, 444, 447, 448, 452, 453, 454, 461, 464, 467, 468, 470, 471, 474, 475, 476, 477, 479, 480, 481, 484, 487, 489, 490, 491, 492, 494, 496, 498, 500, 502, 503, 505, 507, 508, 509]
Subround 2
not enough
     Count  Value
464      2    1.0
423      2    1.0
105      2    1.0
363      2    1.0
120      2    1.0
334      2    1.0
127      2    1.0
266      2    1.0
224      2    1.0
235      2    1.0
394      2    1.0
151      2    1.0
277      2    1.0
252      2    1.0
490      2    1.0
411      2    1.0
471      2    1.0
410      2    1.0
211      2    1.0
447      2    1.0
     Count  Value
464      2    1.0
423      2    1.0
105      2    1.0
363      2    1.0
120      2    1.0
334      2    1.0
127      2    1.0
266      2    1.0
224      2    1.0
235      2    1.0
Current: [4, 14, 15, 21, 24, 27, 29, 31, 32, 34, 38, 44, 47, 52, 57, 59, 62, 63, 64, 78, 88, 93, 105, 107, 119, 120, 127, 129, 131, 149, 150, 151, 152, 156, 158, 162, 164, 178, 180, 182, 188, 195, 197, 198, 200, 201, 204, 205, 206, 209, 211, 213, 215, 217, 218, 219, 224, 225, 226, 228, 235, 237, 243, 245, 248, 252, 253, 254, 259, 260, 262, 266, 268, 277, 280, 286, 288, 290, 295, 297, 315, 318, 321, 334, 338, 340, 344, 348, 353, 356, 363, 367, 368, 369, 371, 372, 380, 382, 383, 387, 394, 401, 402, 404, 407, 410, 411, 416, 419, 423, 428, 431, 442, 443, 447, 452, 461, 464, 470, 471, 474, 480, 481, 487, 489, 490, 491, 498, 505, 507, 508]
Subround 3
not enough
     Count  Value
209      3    1.0
470      3    1.0
62       3    1.0
38       3    1.0
64       3    1.0
471      3    1.0
93       3    1.0
419      3    1.0
380      3    1.0
217      3    1.0
201      3    1.0
150      3    1.0
321      3    1.0
353      3    1.0
480      3    1.0
131      3    1.0
107      3    1.0
235      3    1.0
416      3    1.0
21       3    1.0
     Count  Value
209      3    1.0
470      3    1.0
62       3    1.0
38       3    1.0
64       3    1.0
471      3    1.0
93       3    1.0
419      3    1.0
380      3    1.0
217      3    1.0
Current: [14, 21, 38, 62, 64, 93, 107, 131, 150, 158, 162, 201, 209, 217, 235, 248, 321, 353, 363, 380, 416, 419, 442, 470, 471, 480]
Subround 4
not enough
     Count  Value
158      4   1.00
217      4   1.00
162      4   1.00
93       4   1.00
419      4   1.00
470      4   1.00
209      4   1.00
107      4   1.00
150      4   1.00
248      4   1.00
235      3   0.75
494      3   0.75
405      3   0.75
448      3   0.75
271      3   0.75
394      3   0.75
155      3   0.75
121      3   0.75
171      3   0.75
151      3   0.75
     Count  Value
158      4    1.0
217      4    1.0
162      4    1.0
93       4    1.0
419      4    1.0
470      4    1.0
209      4    1.0
107      4    1.0
150      4    1.0
248      4    1.0
Current: [7, 8, 9, 13, 14, 20, 21, 22, 27, 28, 31, 34, 38, 44, 52, 56, 58, 59, 62, 63, 64, 66, 78, 92, 93, 107, 119, 120, 121, 125, 131, 149, 150, 151, 152, 155, 156, 158, 159, 161, 162, 164, 168, 171, 173, 175, 176, 178, 180, 184, 187, 194, 197, 200, 201, 204, 205, 208, 209, 212, 215, 216, 217, 219, 225, 228, 232, 235, 237, 242, 245, 248, 252, 253, 257, 258, 259, 262, 268, 271, 273, 278, 288, 295, 303, 304, 319, 321, 322, 328, 330, 338, 339, 340, 353, 356, 363, 366, 367, 369, 377, 380, 383, 384, 390, 394, 395, 401, 402, 405, 409, 415, 416, 419, 421, 422, 431, 435, 438, 440, 442, 443, 448, 452, 453, 454, 455, 459, 461, 464, 470, 471, 479, 480, 490, 491, 492, 494, 496, 498, 502, 505, 507, 508]
Subround 5
not enough
     Count  Value
107      5    1.0
217      5    1.0
470      5    1.0
442      4    0.8
464      4    0.8
383      4    0.8
278      4    0.8
454      4    0.8
38       4    0.8
419      4    0.8
150      4    0.8
58       4    0.8
34       4    0.8
201      4    0.8
455      4    0.8
209      4    0.8
176      4    0.8
253      4    0.8
173      4    0.8
156      4    0.8
     Count  Value
107      5    1.0
217      5    1.0
470      5    1.0
442      4    0.8
464      4    0.8
383      4    0.8
278      4    0.8
454      4    0.8
38       4    0.8
419      4    0.8
Current: [14, 21, 34, 38, 52, 58, 62, 64, 93, 107, 131, 150, 156, 158, 159, 162, 173, 176, 180, 187, 201, 204, 208, 209, 217, 225, 235, 237, 242, 245, 248, 253, 259, 278, 353, 356, 363, 377, 380, 383, 384, 395, 416, 419, 431, 438, 442, 448, 454, 455, 464, 470, 471, 491, 508]
Subround 6
not enough
     Count     Value
217      6  1.000000
107      6  1.000000
245      5  0.833333
173      5  0.833333
395      5  0.833333
209      5  0.833333
237      5  0.833333
58       5  0.833333
225      5  0.833333
38       5  0.833333
34       5  0.833333
158      5  0.833333
363      5  0.833333
470      5  0.833333
248      5  0.833333
464      5  0.833333
131      5  0.833333
180      5  0.833333
508      5  0.833333
52       5  0.833333
     Count     Value
217      6  1.000000
107      6  1.000000
245      5  0.833333
173      5  0.833333
395      5  0.833333
209      5  0.833333
237      5  0.833333
58       5  0.833333
225      5  0.833333
38       5  0.833333
Current: [34, 38, 52, 58, 62, 93, 107, 131, 158, 159, 173, 180, 204, 208, 209, 217, 225, 237, 242, 245, 248, 259, 353, 356, 363, 380, 395, 464, 470, 491, 508]
Subround 7
not enough
     Count     Value
217      7  1.000000
248      6  0.857143
209      6  0.857143
225      6  0.857143
180      6  0.857143
34       6  0.857143
242      6  0.857143
363      6  0.857143
204      6  0.857143
470      6  0.857143
62       6  0.857143
107      6  0.857143
461      5  0.714286
93       5  0.714286
201      5  0.714286
280      5  0.714286
402      5  0.714286
456      5  0.714286
380      5  0.714286
192      5  0.714286
     Count     Value
217      7  1.000000
248      6  0.857143
209      6  0.857143
225      6  0.857143
180      6  0.857143
34       6  0.857143
242      6  0.857143
363      6  0.857143
204      6  0.857143
470      6  0.857143
Current: [14, 21, 27, 34, 38, 40, 52, 58, 62, 91, 93, 107, 119, 121, 125, 131, 135, 150, 156, 158, 159, 162, 165, 173, 180, 190, 192, 201, 204, 206, 208, 209, 215, 217, 218, 225, 229, 237, 241, 242, 245, 248, 253, 258, 259, 276, 278, 280, 304, 315, 328, 330, 353, 356, 363, 374, 377, 379, 380, 383, 394, 395, 402, 416, 419, 420, 435, 440, 448, 454, 455, 456, 461, 464, 470, 490, 491, 494, 496, 508]
Subround 8
not enough
     Count  Value
217      8  1.000
204      7  0.875
248      7  0.875
470      7  0.875
62       7  0.875
180      7  0.875
107      7  0.875
356      6  0.750
380      6  0.750
454      6  0.750
276      6  0.750
374      6  0.750
121      6  0.750
383      6  0.750
379      6  0.750
253      6  0.750
229      6  0.750
242      6  0.750
209      6  0.750
448      6  0.750
     Count  Value
217      8  1.000
204      7  0.875
248      7  0.875
470      7  0.875
62       7  0.875
180      7  0.875
107      7  0.875
356      6  0.750
380      6  0.750
454      6  0.750
Current: [14, 34, 40, 52, 62, 91, 107, 119, 121, 125, 131, 156, 180, 192, 201, 204, 206, 209, 217, 225, 229, 242, 248, 253, 259, 276, 304, 353, 356, 363, 374, 379, 380, 383, 402, 419, 420, 448, 454, 456, 470, 490, 494]
Subround 9
not enough
     Count     Value
217      8  0.888889
180      8  0.888889
204      8  0.888889
192      7  0.777778
248      7  0.777778
34       7  0.777778
62       7  0.777778
304      7  0.777778
448      7  0.777778
470      7  0.777778
363      7  0.777778
119      7  0.777778
209      7  0.777778
276      7  0.777778
494      7  0.777778
353      7  0.777778
131      7  0.777778
107      7  0.777778
225      7  0.777778
156      7  0.777778
     Count     Value
217      8  0.888889
180      8  0.888889
204      8  0.888889
192      7  0.777778
248      7  0.777778
34       7  0.777778
62       7  0.777778
304      7  0.777778
448      7  0.777778
470      7  0.777778
Current: [14, 34, 62, 107, 119, 121, 131, 156, 180, 192, 204, 209, 217, 225, 229, 248, 259, 276, 304, 353, 363, 448, 470, 490, 494]
Subround 10
     Count  Value
180      9    0.9
225      8    0.8
204      8    0.8
62       8    0.8
494      8    0.8
229      8    0.8
131      8    0.8
248      8    0.8
121      8    0.8
490      8    0.8
192      8    0.8
34       8    0.8
470      8    0.8
217      8    0.8
353      8    0.8
107      8    0.8
14       8    0.8
36       7    0.7
40       7    0.7
454      7    0.7
     Count  Value
180      9    0.9
225      8    0.8
204      8    0.8
62       8    0.8
494      8    0.8
229      8    0.8
131      8    0.8
248      8    0.8
121      8    0.8
490      8    0.8
Current: [14, 34, 62, 107, 121, 131, 180, 192, 204, 217, 225, 229, 248, 353, 470, 490, 494]
Round 2
Subround 1
not enough
     Count     Value
180     10  0.909091
225      9  0.818182
34       9  0.818182
229      9  0.818182
248      9  0.818182
121      9  0.818182
490      9  0.818182
107      9  0.818182
470      8  0.727273
494      8  0.727273
62       8  0.727273
353      8  0.727273
217      8  0.727273
204      8  0.727273
131      8  0.727273
14       8  0.727273
192      8  0.727273
52       7  0.636364
253      7  0.636364
276      7  0.636364
     Count  Value
107      1    1.0
66       1    1.0
248      1    1.0
229      1    1.0
121      1    1.0
490      1    1.0
180      1    1.0
225      1    1.0
34       1    1.0
Current: [34, 107, 121, 180, 225, 229, 248, 490]
Subround 2
not enough
     Count     Value
225     10  0.833333
180     10  0.833333
121     10  0.833333
34      10  0.833333
204      9  0.750000
62       9  0.750000
494      9  0.750000
229      9  0.750000
248      9  0.750000
490      9  0.750000
192      9  0.750000
107      9  0.750000
14       9  0.750000
470      8  0.666667
217      8  0.666667
353      8  0.666667
131      8  0.666667
456      7  0.583333
211      7  0.583333
190      7  0.583333
     Count  Value
66       2    1.0
121      2    1.0
225      2    1.0
34       2    1.0
107      1    0.5
248      1    0.5
229      1    0.5
490      1    0.5
180      1    0.5
192      1    0.5
Current: [34, 121, 180, 225]
Subround 3
not enough
     Count     Value
225     11  0.846154
34      11  0.846154
14      10  0.769231
62      10  0.769231
180     10  0.769231
121     10  0.769231
490     10  0.769231
192     10  0.769231
107     10  0.769231
229      9  0.692308
204      9  0.692308
217      9  0.692308
248      9  0.692308
494      9  0.692308
131      8  0.615385
353      8  0.615385
66       8  0.615385
470      8  0.615385
219      7  0.538462
40       7  0.538462
     Count     Value
66       3  1.000000
225      3  1.000000
34       3  1.000000
107      2  0.666667
121      2  0.666667
490      2  0.666667
192      2  0.666667
14       2  0.666667
62       2  0.666667
248      1  0.333333
Current: [34, 225]
Subround 4
not enough
     Count     Value
34      12  0.857143
225     11  0.785714
14      11  0.785714
121     11  0.785714
192     11  0.785714
62      10  0.714286
180     10  0.714286
248     10  0.714286
490     10  0.714286
107     10  0.714286
66       9  0.642857
353      9  0.642857
217      9  0.642857
131      9  0.642857
229      9  0.642857
494      9  0.642857
470      9  0.642857
204      9  0.642857
222      7  0.500000
259      7  0.500000
     Count  Value
66       4   1.00
34       4   1.00
192      3   0.75
225      3   0.75
14       3   0.75
121      3   0.75
62       2   0.50
107      2   0.50
490      2   0.50
248      2   0.50
Current: [34]
Subround 5
not enough
     Count     Value
14      12  0.800000
34      12  0.800000
225     11  0.733333
62      11  0.733333
180     11  0.733333
121     11  0.733333
490     11  0.733333
192     11  0.733333
204     10  0.666667
494     10  0.666667
229     10  0.666667
131     10  0.666667
248     10  0.666667
217     10  0.666667
107     10  0.666667
66       9  0.600000
470      9  0.600000
353      9  0.600000
448      7  0.466667
456      7  0.466667
     Count  Value
14       4    0.8
34       4    0.8
66       4    0.8
192      3    0.6
62       3    0.6
121      3    0.6
490      3    0.6
225      3    0.6
494      2    0.4
217      2    0.4
no winner, not enough
Current: []
Subround 6
not enough
     Count   Value
14      13  0.8125
34      13  0.8125
62      12  0.7500
180     12  0.7500
121     12  0.7500
225     11  0.6875
204     11  0.6875
494     11  0.6875
229     11  0.6875
490     11  0.6875
192     11  0.6875
131     10  0.6250
248     10  0.6250
217     10  0.6250
66      10  0.6250
107     10  0.6250
470      9  0.5625
353      9  0.5625
448      7  0.4375
456      7  0.4375
     Count     Value
34       5  0.833333
66       5  0.833333
14       5  0.833333
62       4  0.666667
121      4  0.666667
192      3  0.500000
229      3  0.500000
490      3  0.500000
180      3  0.500000
225      3  0.500000
Current: [14, 34]
Subround 7
not enough
     Count     Value
14      14  0.823529
34      13  0.764706
225     12  0.705882
62      12  0.705882
180     12  0.705882
121     12  0.705882
490     12  0.705882
192     12  0.705882
204     11  0.647059
494     11  0.647059
229     11  0.647059
131     11  0.647059
248     11  0.647059
107     11  0.647059
66      10  0.588235
353     10  0.588235
217     10  0.588235
470     10  0.588235
259      7  0.411765
253      7  0.411765
     Count     Value
14       6  0.857143
34       5  0.714286
66       5  0.714286
192      4  0.571429
62       4  0.571429
121      4  0.571429
490      4  0.571429
225      4  0.571429
204      3  0.428571
494      3  0.428571
Current: [14]
Subround 8
not enough
     Count     Value
14      15  0.833333
34      14  0.777778
121     13  0.722222
490     13  0.722222
225     12  0.666667
62      12  0.666667
494     12  0.666667
180     12  0.666667
131     12  0.666667
192     12  0.666667
107     12  0.666667
66      11  0.611111
248     11  0.611111
217     11  0.611111
229     11  0.611111
204     11  0.611111
353     10  0.555556
470     10  0.555556
211      7  0.388889
208      7  0.388889
     Count  Value
14       7  0.875
34       6  0.750
66       6  0.750
121      5  0.625
490      5  0.625
107      4  0.500
62       4  0.500
494      4  0.500
192      4  0.500
225      4  0.500
Current: [14]
Subround 9
not enough
     Count     Value
14      15  0.789474
490     14  0.736842
34      14  0.736842
62      13  0.684211
180     13  0.684211
121     13  0.684211
192     13  0.684211
66      12  0.631579
204     12  0.631579
494     12  0.631579
131     12  0.631579
248     12  0.631579
225     12  0.631579
107     12  0.631579
470     11  0.578947
217     11  0.578947
353     11  0.578947
229     11  0.578947
21       7  0.368421
86       7  0.368421
     Count     Value
66       7  0.777778
14       7  0.777778
490      6  0.666667
34       6  0.666667
192      5  0.555556
62       5  0.555556
121      5  0.555556
494      4  0.444444
204      4  0.444444
107      4  0.444444
no winner, not enough
Current: []
Subround 10
     Count  Value
14      16   0.80
180     14   0.70
490     14   0.70
34      14   0.70
66      13   0.65
62      13   0.65
494     13   0.65
131     13   0.65
121     13   0.65
192     13   0.65
204     12   0.60
229     12   0.60
248     12   0.60
470     12   0.60
217     12   0.60
353     12   0.60
225     12   0.60
107     12   0.60
40       7   0.35
456      7   0.35
     Count  Value
14       8    0.8
66       8    0.8
34       6    0.6
490      6    0.6
192      5    0.5
62       5    0.5
494      5    0.5
131      5    0.5
180      5    0.5
121      5    0.5
no winner, not enough
Current: []
Subround 11
     Count     Value
14      17  0.809524
180     15  0.714286
34      15  0.714286
131     14  0.666667
121     14  0.666667
490     14  0.666667
192     14  0.666667
66      13  0.619048
204     13  0.619048
62      13  0.619048
494     13  0.619048
470     13  0.619048
353     13  0.619048
229     12  0.571429
248     12  0.571429
217     12  0.571429
225     12  0.571429
107     12  0.571429
40       7  0.333333
456      7  0.333333
     Count     Value
14       9  0.818182
66       8  0.727273
34       7  0.636364
192      6  0.545455
180      6  0.545455
131      6  0.545455
490      6  0.545455
121      6  0.545455
204      5  0.454545
494      5  0.454545
Current: [14]
Winning offset:
[14]
2021-09-07 15:47:12.730890
2021-09-07 15:50:29.870125
0:03:17.139235
