Loading page file profiles/packet3/pages/0x6e4a.yaml
Loading page file profiles/packet3/pages/0x6e60.yaml
Loading page file profiles/packet3/pages/0x6ee3.yaml
Loading page file profiles/packet3/pages/0x7241.yaml
Loading page file profiles/packet3/pages/0x7242.yaml
Loading page file profiles/packet3/pages/0x7243.yaml
Loading page file profiles/packet3/pages/0x7244.yaml
Round 1
Subround 1
not enough
     Count  Value
382      1    1.0
14       1    1.0
380      1    1.0
310      1    1.0
336      1    1.0
494      1    1.0
231      1    1.0
209      1    1.0
281      1    1.0
295      1    1.0
447      1    1.0
136      1    1.0
33       1    1.0
488      1    1.0
265      1    1.0
410      1    1.0
145      1    1.0
70       1    1.0
229      1    1.0
131      1    1.0
     Count  Value
382      1    1.0
14       1    1.0
380      1    1.0
310      1    1.0
336      1    1.0
494      1    1.0
231      1    1.0
209      1    1.0
281      1    1.0
295      1    1.0
Current: [0, 2, 3, 5, 7, 10, 14, 15, 16, 17, 19, 20, 22, 23, 25, 26, 27, 29, 32, 33, 34, 35, 37, 42, 45, 46, 48, 50, 52, 54, 55, 58, 61, 63, 69, 70, 72, 74, 76, 77, 78, 80, 81, 82, 84, 85, 86, 88, 89, 90, 91, 92, 95, 96, 98, 104, 105, 106, 112, 115, 117, 123, 124, 125, 127, 129, 130, 131, 132, 135, 136, 137, 142, 143, 145, 147, 150, 151, 152, 157, 165, 167, 168, 170, 171, 176, 177, 178, 179, 180, 181, 183, 185, 186, 187, 189, 192, 193, 194, 195, 203, 204, 207, 209, 210, 211, 212, 214, 218, 221, 222, 224, 229, 230, 231, 232, 233, 235, 236, 237, 238, 240, 243, 244, 246, 247, 248, 253, 255, 257, 258, 259, 260, 261, 262, 263, 265, 269, 270, 271, 273, 274, 275, 276, 280, 281, 285, 286, 287, 290, 291, 293, 294, 295, 299, 300, 301, 304, 305, 308, 310, 311, 312, 314, 316, 321, 322, 325, 326, 331, 336, 338, 339, 341, 342, 345, 347, 351, 353, 354, 359, 361, 364, 369, 373, 374, 378, 379, 380, 381, 382, 384, 385, 386, 387, 388, 393, 394, 395, 400, 407, 408, 409, 410, 412, 416, 418, 419, 421, 422, 424, 426, 429, 430, 433, 435, 439, 442, 445, 446, 447, 449, 451, 452, 455, 456, 459, 461, 463, 464, 467, 468, 469, 470, 471, 472, 473, 474, 475, 476, 477, 478, 479, 483, 485, 486, 488, 491, 494, 497, 498, 501, 503, 507, 508, 509]
Subround 2
not enough
     Count  Value
382      2    1.0
224      2    1.0
91       2    1.0
311      2    1.0
194      2    1.0
259      2    1.0
430      2    1.0
204      2    1.0
408      2    1.0
345      2    1.0
416      2    1.0
45       2    1.0
276      2    1.0
152      2    1.0
63       2    1.0
207      2    1.0
485      2    1.0
151      2    1.0
342      2    1.0
92       2    1.0
     Count  Value
382      2    1.0
224      2    1.0
91       2    1.0
311      2    1.0
194      2    1.0
259      2    1.0
430      2    1.0
204      2    1.0
408      2    1.0
345      2    1.0
Current: [2, 5, 14, 15, 20, 22, 23, 35, 37, 42, 45, 46, 48, 50, 52, 61, 63, 70, 72, 77, 78, 80, 82, 91, 92, 96, 98, 104, 112, 115, 124, 125, 127, 131, 135, 136, 137, 143, 145, 147, 150, 151, 152, 165, 168, 170, 176, 178, 179, 180, 181, 183, 186, 189, 194, 204, 207, 210, 211, 222, 224, 229, 233, 235, 236, 243, 244, 253, 255, 258, 259, 262, 265, 271, 273, 274, 276, 280, 281, 286, 287, 290, 293, 300, 310, 311, 314, 316, 321, 326, 338, 339, 341, 342, 345, 351, 353, 359, 361, 373, 378, 382, 384, 385, 386, 387, 400, 408, 410, 416, 418, 419, 424, 430, 433, 435, 442, 452, 461, 471, 474, 479, 485, 486, 491, 494, 497, 507, 508]
Subround 3
not enough
     Count  Value
211      3    1.0
78       3    1.0
72       3    1.0
42       3    1.0
92       3    1.0
507      3    1.0
179      3    1.0
351      3    1.0
314      3    1.0
235      3    1.0
112      3    1.0
180      3    1.0
15       3    1.0
23       3    1.0
165      3    1.0
37       3    1.0
22       3    1.0
5        3    1.0
378      3    1.0
262      3    1.0
     Count  Value
211      3    1.0
78       3    1.0
72       3    1.0
42       3    1.0
92       3    1.0
507      3    1.0
179      3    1.0
351      3    1.0
314      3    1.0
235      3    1.0
Current: [2, 5, 14, 15, 22, 23, 37, 42, 72, 77, 78, 82, 92, 98, 112, 124, 131, 150, 152, 165, 179, 180, 181, 183, 207, 211, 224, 229, 235, 243, 258, 262, 271, 287, 310, 314, 321, 326, 341, 351, 378, 408, 424, 442, 461, 494, 507]
Subround 4
not enough
     Count  Value
424      4    1.0
262      4    1.0
224      4    1.0
351      4    1.0
183      4    1.0
341      4    1.0
271      4    1.0
442      4    1.0
22       4    1.0
150      4    1.0
77       4    1.0
378      4    1.0
37       4    1.0
98       4    1.0
235      4    1.0
112      4    1.0
124      4    1.0
507      4    1.0
82       4    1.0
131      4    1.0
     Count  Value
424      4    1.0
262      4    1.0
224      4    1.0
351      4    1.0
183      4    1.0
341      4    1.0
271      4    1.0
442      4    1.0
22       4    1.0
150      4    1.0
Current: [0, 2, 3, 5, 7, 14, 15, 17, 22, 23, 25, 32, 35, 37, 42, 43, 44, 45, 48, 50, 61, 72, 77, 78, 82, 91, 92, 95, 96, 98, 106, 112, 116, 117, 121, 124, 131, 137, 150, 151, 152, 153, 165, 167, 170, 171, 176, 178, 179, 180, 181, 183, 186, 193, 202, 207, 209, 211, 214, 217, 222, 224, 227, 229, 230, 235, 236, 239, 243, 244, 255, 258, 262, 263, 265, 268, 271, 273, 276, 281, 286, 287, 290, 294, 295, 296, 301, 305, 310, 314, 315, 316, 321, 325, 326, 332, 336, 338, 339, 341, 343, 345, 347, 351, 352, 355, 361, 364, 366, 369, 373, 378, 382, 384, 385, 400, 402, 403, 408, 410, 411, 415, 416, 417, 418, 422, 424, 425, 427, 435, 438, 442, 449, 461, 465, 474, 475, 479, 480, 485, 486, 491, 494, 498, 507, 509, 510]
Subround 5
not enough
     Count  Value
229      5    1.0
77       5    1.0
326      5    1.0
287      5    1.0
112      5    1.0
507      5    1.0
14       5    1.0
181      5    1.0
98       5    1.0
82       5    1.0
183      5    1.0
7        4    0.8
262      4    0.8
378      4    0.8
78       4    0.8
23       4    0.8
382      4    0.8
43       4    0.8
137      4    0.8
180      4    0.8
     Count  Value
229      5    1.0
77       5    1.0
326      5    1.0
287      5    1.0
112      5    1.0
507      5    1.0
14       5    1.0
181      5    1.0
98       5    1.0
82       5    1.0
Current: [2, 3, 7, 14, 22, 23, 37, 42, 43, 45, 48, 72, 77, 78, 82, 98, 112, 121, 124, 131, 137, 150, 152, 165, 170, 179, 180, 181, 183, 207, 211, 224, 229, 235, 239, 243, 258, 262, 265, 268, 271, 281, 287, 310, 315, 321, 326, 332, 341, 345, 347, 351, 352, 355, 378, 382, 408, 417, 424, 442, 461, 465, 486, 507]
Subround 6
not enough
     Count     Value
287      6  1.000000
14       6  1.000000
77       6  1.000000
229      6  1.000000
98       6  1.000000
321      5  0.833333
3        5  0.833333
507      5  0.833333
326      5  0.833333
112      5  0.833333
382      5  0.833333
486      5  0.833333
461      5  0.833333
351      5  0.833333
179      5  0.833333
37       5  0.833333
417      5  0.833333
7        5  0.833333
137      5  0.833333
23       5  0.833333
     Count     Value
287      6  1.000000
14       6  1.000000
77       6  1.000000
229      6  1.000000
98       6  1.000000
321      5  0.833333
3        5  0.833333
507      5  0.833333
326      5  0.833333
112      5  0.833333
Current: [3, 7, 14, 22, 23, 37, 42, 43, 48, 77, 82, 98, 112, 124, 131, 137, 165, 179, 180, 181, 183, 229, 258, 262, 265, 268, 271, 287, 310, 321, 326, 347, 351, 382, 408, 417, 461, 486, 507]
Subround 7
not enough
     Count     Value
98       7  1.000000
14       7  1.000000
287      7  1.000000
229      7  1.000000
258      6  0.857143
23       6  0.857143
180      6  0.857143
37       6  0.857143
112      6  0.857143
77       6  0.857143
48       6  0.857143
165      6  0.857143
486      6  0.857143
22       6  0.857143
417      6  0.857143
131      6  0.857143
310      6  0.857143
265      6  0.857143
181      6  0.857143
207      5  0.714286
     Count     Value
98       7  1.000000
14       7  1.000000
287      7  1.000000
229      7  1.000000
258      6  0.857143
23       6  0.857143
180      6  0.857143
37       6  0.857143
112      6  0.857143
77       6  0.857143
Current: [0, 2, 3, 7, 14, 22, 23, 37, 42, 43, 45, 48, 66, 73, 77, 79, 82, 95, 98, 105, 112, 117, 121, 123, 124, 126, 131, 137, 145, 147, 154, 157, 165, 170, 179, 180, 181, 183, 185, 193, 194, 195, 207, 209, 211, 224, 229, 233, 258, 262, 263, 265, 268, 271, 277, 281, 287, 310, 315, 317, 321, 326, 332, 341, 345, 347, 351, 355, 358, 369, 378, 381, 382, 402, 403, 408, 416, 417, 433, 441, 452, 459, 461, 465, 475, 479, 486, 494, 507]
Subround 8
not enough
     Count  Value
14       8  1.000
98       8  1.000
287      8  1.000
229      8  1.000
417      7  0.875
165      7  0.875
180      7  0.875
258      7  0.875
181      7  0.875
486      7  0.875
48       7  0.875
73       6  0.750
79       6  0.750
332      6  0.750
341      6  0.750
77       6  0.750
195      6  0.750
123      6  0.750
124      6  0.750
23       6  0.750
     Count  Value
14       8  1.000
98       8  1.000
287      8  1.000
229      8  1.000
417      7  0.875
165      7  0.875
180      7  0.875
258      7  0.875
181      7  0.875
486      7  0.875
Current: [3, 7, 14, 22, 23, 37, 42, 48, 66, 73, 77, 79, 98, 112, 123, 124, 131, 137, 145, 147, 157, 165, 179, 180, 181, 193, 194, 195, 229, 233, 258, 265, 277, 287, 310, 321, 326, 332, 341, 345, 347, 351, 358, 369, 378, 381, 402, 417, 433, 441, 486, 494, 507]
Subround 9
not enough
     Count     Value
14       9  1.000000
98       9  1.000000
417      8  0.888889
229      8  0.888889
287      8  0.888889
180      8  0.888889
181      8  0.888889
258      8  0.888889
3        7  0.777778
66       7  0.777778
378      7  0.777778
486      7  0.777778
147      7  0.777778
265      7  0.777778
165      7  0.777778
441      7  0.777778
112      7  0.777778
48       7  0.777778
37       7  0.777778
345      7  0.777778
     Count     Value
14       9  1.000000
98       9  1.000000
417      8  0.888889
229      8  0.888889
287      8  0.888889
180      8  0.888889
181      8  0.888889
258      8  0.888889
3        7  0.777778
66       7  0.777778
Current: [3, 14, 37, 48, 66, 77, 98, 112, 131, 145, 147, 165, 180, 181, 229, 258, 265, 287, 345, 378, 417, 441, 486]
Subround 10
     Count  Value
14      10    1.0
98      10    1.0
417      9    0.9
181      9    0.9
180      9    0.9
131      8    0.8
48       8    0.8
145      8    0.8
77       8    0.8
258      8    0.8
3        8    0.8
265      8    0.8
486      8    0.8
287      8    0.8
112      8    0.8
147      8    0.8
229      8    0.8
400      7    0.7
374      7    0.7
82       7    0.7
     Count  Value
14      10    1.0
98      10    1.0
417      9    0.9
181      9    0.9
180      9    0.9
131      8    0.8
48       8    0.8
145      8    0.8
77       8    0.8
258      8    0.8
Current: [3, 14, 48, 77, 98, 112, 131, 145, 147, 180, 181, 229, 258, 265, 287, 417, 486]
Round 2
Subround 1
not enough
     Count     Value
180     10  0.909091
98      10  0.909091
14      10  0.909091
417      9  0.818182
77       9  0.818182
258      9  0.818182
265      9  0.818182
486      9  0.818182
131      9  0.818182
287      9  0.818182
181      9  0.818182
112      9  0.818182
229      9  0.818182
3        8  0.727273
147      8  0.727273
145      8  0.727273
48       8  0.727273
42       7  0.636364
400      7  0.636364
374      7  0.636364
     Count  Value
77       1    1.0
112      1    1.0
486      1    1.0
258      1    1.0
131      1    1.0
229      1    1.0
287      1    1.0
180      1    1.0
265      1    1.0
Current: [14, 77, 98, 112, 131, 180, 181, 229, 258, 265, 287, 417, 486]
Subround 2
not enough
     Count     Value
14      11  0.916667
180     11  0.916667
417     10  0.833333
98      10  0.833333
258     10  0.833333
112     10  0.833333
265     10  0.833333
181     10  0.833333
486     10  0.833333
131      9  0.750000
145      9  0.750000
77       9  0.750000
287      9  0.750000
229      9  0.750000
3        8  0.666667
147      8  0.666667
48       8  0.666667
433      7  0.583333
400      7  0.583333
374      7  0.583333
     Count  Value
112      2    1.0
486      2    1.0
258      2    1.0
180      2    1.0
265      2    1.0
77       1    0.5
131      1    0.5
229      1    0.5
287      1    0.5
417      1    0.5
Current: [14, 98, 112, 180, 181, 258, 265, 417, 486]
Subround 3
not enough
     Count     Value
14      12  0.923077
417     11  0.846154
181     11  0.846154
98      11  0.846154
258     11  0.846154
180     11  0.846154
77      10  0.769231
265     10  0.769231
486     10  0.769231
287     10  0.769231
112     10  0.769231
229      9  0.692308
48       9  0.692308
131      9  0.692308
145      9  0.692308
3        9  0.692308
147      8  0.615385
403      7  0.538462
123      7  0.538462
179      7  0.538462
     Count     Value
258      3  1.000000
77       2  0.666667
112      2  0.666667
486      2  0.666667
287      2  0.666667
180      2  0.666667
265      2  0.666667
417      2  0.666667
181      2  0.666667
14       2  0.666667
Current: [14, 98, 180, 181, 258, 417]
Subround 4
not enough
     Count     Value
14      13  0.928571
181     12  0.857143
417     11  0.785714
98      11  0.785714
258     11  0.785714
486     11  0.785714
180     11  0.785714
287     11  0.785714
229     10  0.714286
3       10  0.714286
48      10  0.714286
145     10  0.714286
131     10  0.714286
77      10  0.714286
112     10  0.714286
265     10  0.714286
147      8  0.571429
123      7  0.500000
179      7  0.500000
42       7  0.500000
     Count  Value
486      3   0.75
258      3   0.75
287      3   0.75
181      3   0.75
14       3   0.75
77       2   0.50
112      2   0.50
131      2   0.50
229      2   0.50
180      2   0.50
Current: [14, 181]
Subround 5
not enough
     Count     Value
14      14  0.933333
98      12  0.800000
258     12  0.800000
181     12  0.800000
417     11  0.733333
486     11  0.733333
180     11  0.733333
77      11  0.733333
48      11  0.733333
131     11  0.733333
265     11  0.733333
287     11  0.733333
112     10  0.666667
229     10  0.666667
3       10  0.666667
145     10  0.666667
147      9  0.600000
345      7  0.466667
227      7  0.466667
165      7  0.466667
     Count  Value
14       4    0.8
258      4    0.8
77       3    0.6
486      3    0.6
131      3    0.6
287      3    0.6
48       3    0.6
265      3    0.6
181      3    0.6
3        2    0.4
Current: [14]
Subround 6
not enough
     Count   Value
14      15  0.9375
98      13  0.8125
258     13  0.8125
417     12  0.7500
181     12  0.7500
180     12  0.7500
486     12  0.7500
265     12  0.7500
287     12  0.7500
131     11  0.6875
77      11  0.6875
48      11  0.6875
3       10  0.6250
147     10  0.6250
145     10  0.6250
229     10  0.6250
112     10  0.6250
2        7  0.4375
277      7  0.4375
165      7  0.4375
     Count     Value
258      5  0.833333
14       5  0.833333
486      4  0.666667
287      4  0.666667
265      4  0.666667
77       3  0.500000
181      3  0.500000
48       3  0.500000
98       3  0.500000
417      3  0.500000
Current: [14, 98, 258]
Subround 7
not enough
     Count     Value
14      16  0.941176
258     14  0.823529
486     13  0.764706
98      13  0.764706
417     12  0.705882
48      12  0.705882
287     12  0.705882
180     12  0.705882
181     12  0.705882
265     12  0.705882
112     11  0.647059
77      11  0.647059
145     11  0.647059
131     11  0.647059
3       11  0.647059
147     11  0.647059
229     10  0.588235
382      8  0.470588
165      7  0.411765
402      7  0.411765
     Count     Value
258      6  0.857143
14       6  0.857143
486      5  0.714286
287      4  0.571429
48       4  0.571429
265      4  0.571429
77       3  0.428571
145      3  0.428571
147      3  0.428571
3        3  0.428571
Current: [14, 258]
Subround 8
not enough
     Count     Value
14      17  0.944444
258     15  0.833333
98      14  0.777778
287     13  0.722222
486     13  0.722222
181     13  0.722222
265     13  0.722222
48      13  0.722222
417     12  0.666667
3       12  0.666667
180     12  0.666667
77      11  0.611111
112     11  0.611111
145     11  0.611111
229     11  0.611111
131     11  0.611111
147     11  0.611111
382      8  0.444444
165      7  0.388889
402      7  0.388889
     Count  Value
14       7  0.875
258      7  0.875
486      5  0.625
287      5  0.625
48       5  0.625
265      5  0.625
3        4  0.500
98       4  0.500
181      4  0.500
77       3  0.375
Current: [14, 258]
Subround 9
not enough
     Count     Value
14      18  0.947368
258     15  0.789474
48      14  0.736842
486     14  0.736842
98      14  0.736842
287     13  0.684211
3       13  0.684211
180     13  0.684211
181     13  0.684211
265     13  0.684211
417     12  0.631579
112     12  0.631579
145     12  0.631579
131     12  0.631579
77      11  0.578947
229     11  0.578947
147     11  0.578947
382      9  0.473684
165      7  0.368421
402      7  0.368421
     Count     Value
14       8  0.888889
258      7  0.777778
486      6  0.666667
48       6  0.666667
3        5  0.555556
287      5  0.555556
265      5  0.555556
131      4  0.444444
180      4  0.444444
112      4  0.444444
Current: [14]
Subround 10
     Count  Value
14      19   0.95
258     16   0.80
486     15   0.75
98      15   0.75
180     14   0.70
265     14   0.70
48      14   0.70
287     13   0.65
3       13   0.65
181     13   0.65
417     12   0.60
77      12   0.60
112     12   0.60
145     12   0.60
229     12   0.60
131     12   0.60
147     12   0.60
382      9   0.45
165      7   0.35
402      7   0.35
     Count  Value
14       9    0.9
258      8    0.8
486      7    0.7
265      6    0.6
48       6    0.6
287      5    0.5
180      5    0.5
98       5    0.5
3        5    0.5
77       4    0.4
Current: [14]
Winning offset:
[14]
2021-09-07 16:07:34.270293
2021-09-07 16:10:49.870143
0:03:15.599850
