Loading page file profiles/packet3/pages/0x6e4a.yaml
Loading page file profiles/packet3/pages/0x6e60.yaml
Loading page file profiles/packet3/pages/0x6ee3.yaml
Loading page file profiles/packet3/pages/0x7241.yaml
Loading page file profiles/packet3/pages/0x7242.yaml
Loading page file profiles/packet3/pages/0x7243.yaml
Loading page file profiles/packet3/pages/0x7244.yaml
Round 1
Subround 1
not enough
     Count  Value
203      1    1.0
489      1    1.0
167      1    1.0
206      1    1.0
417      1    1.0
38       1    1.0
386      1    1.0
409      1    1.0
122      1    1.0
358      1    1.0
491      1    1.0
427      1    1.0
155      1    1.0
435      1    1.0
376      1    1.0
4        1    1.0
259      1    1.0
264      1    1.0
59       1    1.0
99       1    1.0
     Count  Value
203      1    1.0
489      1    1.0
167      1    1.0
206      1    1.0
417      1    1.0
38       1    1.0
386      1    1.0
409      1    1.0
122      1    1.0
358      1    1.0
Current: [2, 3, 4, 6, 7, 8, 10, 11, 12, 13, 14, 16, 17, 22, 24, 26, 27, 28, 31, 33, 35, 36, 37, 38, 43, 44, 47, 54, 57, 59, 60, 61, 62, 69, 70, 71, 72, 73, 74, 75, 78, 80, 81, 82, 83, 86, 87, 88, 89, 90, 91, 92, 94, 95, 96, 98, 99, 101, 106, 107, 111, 114, 115, 116, 118, 122, 124, 126, 130, 132, 134, 135, 136, 140, 142, 143, 144, 146, 147, 149, 151, 154, 155, 158, 162, 163, 166, 167, 168, 170, 171, 172, 174, 175, 177, 178, 180, 185, 187, 189, 192, 193, 196, 198, 200, 203, 204, 206, 207, 208, 210, 214, 217, 218, 220, 222, 224, 225, 226, 227, 228, 229, 230, 233, 235, 236, 237, 238, 239, 240, 242, 243, 244, 245, 247, 248, 249, 251, 257, 258, 259, 260, 261, 262, 264, 265, 267, 270, 276, 277, 278, 289, 291, 292, 293, 296, 298, 299, 300, 302, 304, 305, 308, 309, 312, 313, 317, 318, 319, 321, 324, 326, 327, 331, 332, 336, 339, 340, 343, 344, 345, 346, 348, 352, 354, 355, 356, 358, 359, 362, 365, 367, 368, 370, 373, 374, 376, 377, 379, 382, 384, 386, 388, 395, 396, 397, 402, 403, 409, 410, 412, 414, 416, 417, 420, 421, 426, 427, 430, 433, 435, 437, 438, 440, 441, 444, 451, 452, 453, 457, 458, 459, 460, 461, 464, 467, 470, 478, 480, 481, 482, 485, 488, 489, 491, 493, 495, 496, 498, 499, 502, 504, 505, 508, 509, 510]
Subround 2
not enough
     Count  Value
203      2    1.0
193      2    1.0
175      2    1.0
317      2    1.0
222      2    1.0
345      2    1.0
374      2    1.0
6        2    1.0
388      2    1.0
367      2    1.0
101      2    1.0
146      2    1.0
86       2    1.0
71       2    1.0
149      2    1.0
91       2    1.0
144      2    1.0
485      2    1.0
493      2    1.0
249      2    1.0
     Count  Value
203      2    1.0
193      2    1.0
175      2    1.0
317      2    1.0
222      2    1.0
345      2    1.0
374      2    1.0
6        2    1.0
388      2    1.0
367      2    1.0
Current: [3, 4, 6, 7, 8, 10, 14, 26, 27, 28, 35, 36, 44, 54, 60, 61, 69, 71, 73, 75, 86, 91, 94, 95, 101, 106, 107, 111, 118, 126, 130, 132, 135, 144, 146, 149, 151, 162, 163, 167, 170, 174, 175, 180, 185, 189, 193, 198, 200, 203, 206, 210, 217, 220, 222, 228, 229, 230, 233, 235, 240, 244, 245, 247, 248, 249, 261, 262, 264, 277, 289, 291, 292, 305, 309, 312, 317, 331, 332, 336, 345, 348, 354, 355, 358, 359, 362, 365, 367, 370, 374, 376, 377, 384, 388, 395, 396, 403, 409, 412, 417, 420, 426, 427, 433, 438, 440, 441, 452, 459, 460, 467, 478, 481, 485, 493, 495, 496, 498, 499, 502, 505, 508]
Subround 3
not enough
     Count  Value
396      3    1.0
198      3    1.0
229      3    1.0
249      3    1.0
73       3    1.0
69       3    1.0
170      3    1.0
377      3    1.0
61       3    1.0
235      3    1.0
151      3    1.0
332      3    1.0
460      3    1.0
230      3    1.0
26       3    1.0
478      3    1.0
312      3    1.0
174      3    1.0
359      3    1.0
107      3    1.0
     Count  Value
396      3    1.0
198      3    1.0
229      3    1.0
249      3    1.0
73       3    1.0
69       3    1.0
170      3    1.0
377      3    1.0
61       3    1.0
235      3    1.0
Current: [6, 14, 26, 44, 61, 69, 71, 73, 91, 95, 107, 111, 118, 146, 151, 170, 174, 198, 210, 229, 230, 233, 235, 249, 261, 312, 332, 336, 359, 377, 396, 403, 412, 420, 427, 433, 438, 441, 460, 478, 481, 493, 499]
Subround 4
not enough
     Count  Value
427      4   1.00
151      4   1.00
6        4   1.00
91       4   1.00
478      4   1.00
433      4   1.00
493      4   1.00
249      4   1.00
235      4   1.00
377      4   1.00
332      4   1.00
210      4   1.00
460      4   1.00
336      4   1.00
44       4   1.00
118      4   1.00
312      4   1.00
233      4   1.00
26       4   1.00
149      3   0.75
     Count  Value
427      4    1.0
151      4    1.0
6        4    1.0
91       4    1.0
478      4    1.0
433      4    1.0
493      4    1.0
249      4    1.0
235      4    1.0
377      4    1.0
Current: [6, 8, 12, 14, 21, 22, 24, 26, 27, 33, 40, 44, 47, 59, 60, 61, 69, 71, 72, 73, 75, 82, 87, 88, 89, 90, 91, 94, 95, 98, 100, 106, 107, 111, 114, 115, 118, 126, 128, 132, 134, 135, 141, 143, 146, 149, 151, 153, 156, 158, 164, 167, 170, 174, 181, 185, 192, 198, 205, 206, 208, 210, 217, 218, 220, 222, 227, 228, 229, 230, 233, 235, 236, 238, 239, 240, 244, 245, 247, 249, 253, 261, 262, 264, 265, 267, 270, 276, 277, 291, 300, 301, 302, 309, 312, 317, 326, 329, 332, 336, 345, 348, 358, 359, 362, 363, 365, 367, 370, 374, 376, 377, 379, 384, 388, 395, 396, 399, 402, 403, 412, 413, 414, 417, 420, 421, 427, 430, 432, 433, 438, 440, 441, 453, 454, 459, 460, 467, 478, 481, 493, 496, 498, 499, 502, 503, 504, 510]
Subround 5
not enough
     Count  Value
478      5    1.0
336      5    1.0
249      5    1.0
433      5    1.0
493      5    1.0
235      5    1.0
312      5    1.0
236      4    0.8
261      4    0.8
460      4    0.8
498      4    0.8
459      4    0.8
26       4    0.8
326      4    0.8
132      4    0.8
87       4    0.8
262      4    0.8
107      4    0.8
208      4    0.8
359      4    0.8
     Count  Value
478      5    1.0
336      5    1.0
249      5    1.0
433      5    1.0
493      5    1.0
235      5    1.0
312      5    1.0
236      4    0.8
261      4    0.8
460      4    0.8
Current: [6, 8, 14, 26, 44, 59, 60, 61, 69, 87, 89, 91, 107, 111, 114, 118, 132, 134, 141, 146, 149, 151, 170, 192, 198, 205, 206, 208, 210, 218, 220, 229, 230, 233, 235, 236, 238, 249, 253, 261, 262, 265, 270, 276, 277, 300, 309, 312, 326, 329, 332, 336, 359, 365, 367, 370, 376, 377, 395, 399, 413, 417, 420, 427, 432, 433, 440, 459, 460, 478, 493, 496, 498, 499, 502]
Subround 6
not enough
     Count     Value
235      6  1.000000
249      6  1.000000
493      6  1.000000
210      5  0.833333
326      5  0.833333
253      5  0.833333
118      5  0.833333
44       5  0.833333
111      5  0.833333
370      5  0.833333
312      5  0.833333
359      5  0.833333
107      5  0.833333
336      5  0.833333
87       5  0.833333
498      5  0.833333
60       5  0.833333
277      5  0.833333
218      5  0.833333
151      5  0.833333
     Count     Value
235      6  1.000000
249      6  1.000000
493      6  1.000000
210      5  0.833333
326      5  0.833333
253      5  0.833333
118      5  0.833333
44       5  0.833333
111      5  0.833333
370      5  0.833333
Current: [8, 44, 60, 61, 87, 107, 111, 114, 118, 134, 146, 149, 151, 205, 206, 210, 218, 235, 249, 253, 262, 277, 300, 312, 326, 329, 332, 336, 359, 370, 399, 417, 420, 433, 460, 478, 493, 496, 498]
Subround 7
not enough
     Count     Value
493      7  1.000000
496      6  0.857143
218      6  0.857143
118      6  0.857143
235      6  0.857143
300      6  0.857143
111      6  0.857143
478      6  0.857143
498      6  0.857143
249      6  0.857143
399      6  0.857143
60       6  0.857143
312      6  0.857143
359      6  0.857143
107      6  0.857143
205      6  0.857143
329      6  0.857143
433      6  0.857143
210      6  0.857143
265      5  0.714286
     Count     Value
493      7  1.000000
496      6  0.857143
218      6  0.857143
118      6  0.857143
235      6  0.857143
300      6  0.857143
111      6  0.857143
478      6  0.857143
498      6  0.857143
249      6  0.857143
Current: [7, 8, 12, 14, 38, 44, 46, 54, 60, 61, 69, 87, 89, 91, 107, 111, 114, 118, 130, 132, 134, 141, 146, 149, 151, 153, 165, 170, 177, 181, 187, 205, 206, 210, 218, 220, 228, 229, 235, 236, 249, 253, 262, 264, 265, 267, 270, 276, 277, 300, 302, 307, 312, 313, 319, 326, 329, 332, 333, 334, 336, 338, 356, 359, 365, 367, 370, 376, 377, 380, 396, 399, 403, 406, 413, 417, 420, 421, 426, 427, 429, 431, 433, 434, 441, 459, 460, 478, 493, 496, 498, 504, 510]
Subround 8
not enough
     Count  Value
359      7  0.875
433      7  0.875
60       7  0.875
118      7  0.875
493      7  0.875
218      7  0.875
399      7  0.875
300      7  0.875
336      6  0.750
87       6  0.750
205      6  0.750
312      6  0.750
427      6  0.750
236      6  0.750
264      6  0.750
229      6  0.750
370      6  0.750
459      6  0.750
210      6  0.750
267      6  0.750
     Count  Value
359      7  0.875
433      7  0.875
60       7  0.875
118      7  0.875
493      7  0.875
218      7  0.875
399      7  0.875
300      7  0.875
336      6  0.750
87       6  0.750
Current: [7, 8, 12, 14, 54, 60, 61, 69, 87, 107, 111, 118, 141, 146, 149, 153, 170, 177, 181, 205, 206, 210, 218, 220, 229, 235, 236, 249, 262, 264, 265, 267, 276, 300, 302, 307, 312, 329, 334, 336, 356, 359, 367, 370, 399, 403, 420, 421, 427, 429, 431, 433, 459, 478, 493, 496, 498, 504, 510]
Subround 9
not enough
     Count     Value
399      8  0.888889
118      8  0.888889
493      8  0.888889
433      7  0.777778
334      7  0.777778
60       7  0.777778
153      7  0.777778
149      7  0.777778
300      7  0.777778
107      7  0.777778
235      7  0.777778
302      7  0.777778
205      7  0.777778
229      7  0.777778
206      7  0.777778
14       7  0.777778
359      7  0.777778
262      7  0.777778
210      7  0.777778
7        7  0.777778
     Count     Value
399      8  0.888889
118      8  0.888889
493      8  0.888889
433      7  0.777778
334      7  0.777778
60       7  0.777778
153      7  0.777778
149      7  0.777778
300      7  0.777778
107      7  0.777778
Current: [7, 14, 60, 87, 107, 111, 118, 149, 153, 170, 205, 206, 210, 218, 229, 235, 249, 262, 264, 300, 302, 307, 329, 334, 359, 399, 433, 493]
Subround 10
     Count  Value
7        8    0.8
87       8    0.8
118      8    0.8
210      8    0.8
329      8    0.8
235      8    0.8
229      8    0.8
14       8    0.8
111      8    0.8
153      8    0.8
399      8    0.8
433      8    0.8
493      8    0.8
334      8    0.8
149      8    0.8
107      8    0.8
336      7    0.7
277      7    0.7
270      7    0.7
100      7    0.7
     Count  Value
7        8    0.8
87       8    0.8
118      8    0.8
210      8    0.8
329      8    0.8
235      8    0.8
229      8    0.8
14       8    0.8
111      8    0.8
153      8    0.8
Current: [7, 14, 87, 107, 111, 118, 149, 153, 210, 229, 235, 329, 334, 399, 433, 493]
Round 2
Subround 1
not enough
     Count     Value
433      9  0.818182
399      9  0.818182
334      9  0.818182
210      9  0.818182
329      9  0.818182
14       9  0.818182
111      9  0.818182
107      9  0.818182
118      8  0.727273
235      8  0.727273
229      8  0.727273
153      8  0.727273
7        8  0.727273
87       8  0.727273
493      8  0.727273
149      8  0.727273
326      7  0.636364
412      7  0.636364
498      7  0.636364
336      7  0.636364
     Count  Value
107      1    1.0
111      1    1.0
329      1    1.0
334      1    1.0
210      1    1.0
433      1    1.0
14       1    1.0
399      1    1.0
Current: [14, 107, 111, 210, 329, 334, 399, 433]
Subround 2
not enough
     Count     Value
210     10  0.833333
107     10  0.833333
14      10  0.833333
111     10  0.833333
433      9  0.750000
399      9  0.750000
334      9  0.750000
149      9  0.750000
118      9  0.750000
493      9  0.750000
329      9  0.750000
235      9  0.750000
229      8  0.666667
153      8  0.666667
7        8  0.666667
87       8  0.666667
498      7  0.583333
412      7  0.583333
326      7  0.583333
220      7  0.583333
     Count  Value
107      2    1.0
111      2    1.0
210      2    1.0
14       2    1.0
329      1    0.5
334      1    0.5
433      1    0.5
399      1    0.5
235      1    0.5
118      1    0.5
Current: [14, 107, 111, 210]
Subround 3
not enough
     Count     Value
107     11  0.846154
14      11  0.846154
334     10  0.769231
210     10  0.769231
493     10  0.769231
329     10  0.769231
235     10  0.769231
111     10  0.769231
433      9  0.692308
399      9  0.692308
149      9  0.692308
118      9  0.692308
87       9  0.692308
153      9  0.692308
229      8  0.615385
7        8  0.615385
498      7  0.538462
412      7  0.538462
326      7  0.538462
220      7  0.538462
     Count     Value
107      3  1.000000
14       3  1.000000
111      2  0.666667
329      2  0.666667
334      2  0.666667
210      2  0.666667
235      2  0.666667
493      2  0.666667
433      1  0.333333
399      1  0.333333
Current: [14, 107]
Subround 4
not enough
     Count     Value
107     12  0.857143
14      12  0.857143
210     11  0.785714
329     11  0.785714
433     10  0.714286
334     10  0.714286
149     10  0.714286
493     10  0.714286
235     10  0.714286
111     10  0.714286
399      9  0.642857
118      9  0.642857
229      9  0.642857
153      9  0.642857
7        9  0.642857
87       9  0.642857
498      7  0.500000
412      7  0.500000
326      7  0.500000
220      7  0.500000
     Count  Value
107      4   1.00
14       4   1.00
329      3   0.75
210      3   0.75
111      2   0.50
334      2   0.50
433      2   0.50
235      2   0.50
149      2   0.50
493      2   0.50
Current: [14, 107]
Subround 5
not enough
     Count     Value
14      13  0.866667
107     12  0.800000
433     11  0.733333
334     11  0.733333
210     11  0.733333
329     11  0.733333
235     11  0.733333
111     11  0.733333
399     10  0.666667
149     10  0.666667
118     10  0.666667
493     10  0.666667
87      10  0.666667
229      9  0.600000
153      9  0.600000
7        9  0.600000
498      7  0.466667
412      7  0.466667
326      7  0.466667
220      7  0.466667
     Count  Value
14       5    1.0
107      4    0.8
111      3    0.6
329      3    0.6
334      3    0.6
210      3    0.6
433      3    0.6
235      3    0.6
399      2    0.4
118      2    0.4
Current: [14]
Subround 6
not enough
     Count   Value
14      14  0.8750
329     12  0.7500
235     12  0.7500
107     12  0.7500
433     11  0.6875
334     11  0.6875
118     11  0.6875
210     11  0.6875
493     11  0.6875
111     11  0.6875
399     10  0.6250
229     10  0.6250
153     10  0.6250
7       10  0.6250
87      10  0.6250
149     10  0.6250
412      7  0.4375
498      7  0.4375
326      7  0.4375
336      7  0.4375
     Count     Value
14       6  1.000000
107      4  0.666667
329      4  0.666667
235      4  0.666667
111      3  0.500000
334      3  0.500000
210      3  0.500000
433      3  0.500000
118      3  0.500000
493      3  0.500000
Current: [14]
Subround 7
not enough
     Count     Value
14      15  0.882353
329     13  0.764706
118     12  0.705882
210     12  0.705882
235     12  0.705882
107     12  0.705882
7       11  0.647059
87      11  0.647059
229     11  0.647059
111     11  0.647059
399     11  0.647059
433     11  0.647059
493     11  0.647059
334     11  0.647059
149     10  0.588235
153     10  0.588235
336      7  0.411765
277      7  0.411765
270      7  0.411765
100      7  0.411765
     Count     Value
14       7  1.000000
329      5  0.714286
107      4  0.571429
210      4  0.571429
235      4  0.571429
118      4  0.571429
111      3  0.428571
334      3  0.428571
433      3  0.428571
399      3  0.428571
Current: [14]
Subround 8
not enough
     Count     Value
14      16  0.888889
118     13  0.722222
210     13  0.722222
329     13  0.722222
107     13  0.722222
7       12  0.666667
235     12  0.666667
493     12  0.666667
111     12  0.666667
399     12  0.666667
87      11  0.611111
229     11  0.611111
433     11  0.611111
334     11  0.611111
153     10  0.555556
149     10  0.555556
326      7  0.388889
412      7  0.388889
498      7  0.388889
336      7  0.388889
     Count  Value
14       8  1.000
107      5  0.625
329      5  0.625
210      5  0.625
118      5  0.625
111      4  0.500
399      4  0.500
235      4  0.500
493      4  0.500
7        4  0.500
Current: [14]
Subround 9
not enough
     Count     Value
14      17  0.894737
118     14  0.736842
7       13  0.684211
399     13  0.684211
210     13  0.684211
329     13  0.684211
493     13  0.684211
107     13  0.684211
334     12  0.631579
235     12  0.631579
111     12  0.631579
87      12  0.631579
229     11  0.578947
153     11  0.578947
433     11  0.578947
149     10  0.526316
498      7  0.368421
412      7  0.368421
326      7  0.368421
336      7  0.368421
     Count     Value
14       9  1.000000
118      6  0.666667
107      5  0.555556
329      5  0.555556
210      5  0.555556
399      5  0.555556
493      5  0.555556
7        5  0.555556
111      4  0.444444
334      4  0.444444
Current: [14]
Subround 10
     Count  Value
14      18   0.90
118     14   0.70
210     14   0.70
329     14   0.70
107     14   0.70
7       13   0.65
399     13   0.65
334     13   0.65
493     13   0.65
235     13   0.65
111     13   0.65
87      12   0.60
229     11   0.55
153     11   0.55
433     11   0.55
149     11   0.55
498      7   0.35
412      7   0.35
326      7   0.35
336      7   0.35
     Count  Value
14      10    1.0
107      6    0.6
329      6    0.6
210      6    0.6
118      6    0.6
111      5    0.5
334      5    0.5
399      5    0.5
235      5    0.5
493      5    0.5
Current: [14]
Winning offset:
[14]
2021-09-07 16:35:01.057464
2021-09-07 16:38:14.382133
0:03:13.324669
