Loading page file profiles/packet3/pages/0x6e4a.yaml
Loading page file profiles/packet3/pages/0x6e60.yaml
Loading page file profiles/packet3/pages/0x6ee3.yaml
Loading page file profiles/packet3/pages/0x7241.yaml
Loading page file profiles/packet3/pages/0x7242.yaml
Loading page file profiles/packet3/pages/0x7243.yaml
Loading page file profiles/packet3/pages/0x7244.yaml
Round 1
Subround 1
not enough
     Count  Value
2        1    1.0
309      1    1.0
203      1    1.0
67       1    1.0
101      1    1.0
454      1    1.0
379      1    1.0
107      1    1.0
119      1    1.0
121      1    1.0
399      1    1.0
335      1    1.0
164      1    1.0
377      1    1.0
317      1    1.0
252      1    1.0
262      1    1.0
81       1    1.0
12       1    1.0
403      1    1.0
     Count  Value
2        1    1.0
309      1    1.0
203      1    1.0
67       1    1.0
101      1    1.0
454      1    1.0
379      1    1.0
107      1    1.0
119      1    1.0
121      1    1.0
Current: [1, 2, 6, 8, 9, 11, 12, 13, 14, 15, 18, 19, 20, 28, 29, 30, 31, 32, 33, 34, 35, 36, 38, 40, 42, 43, 46, 50, 52, 54, 57, 58, 63, 64, 65, 67, 70, 71, 72, 74, 75, 76, 77, 78, 79, 80, 81, 82, 83, 84, 86, 89, 92, 93, 96, 98, 99, 101, 102, 105, 107, 108, 109, 112, 118, 119, 120, 121, 122, 123, 125, 126, 128, 129, 131, 132, 134, 138, 141, 142, 144, 145, 147, 151, 153, 158, 160, 162, 163, 164, 165, 166, 168, 170, 171, 172, 174, 176, 177, 178, 181, 182, 184, 186, 187, 192, 194, 196, 198, 200, 201, 203, 205, 207, 214, 215, 219, 220, 221, 225, 226, 230, 231, 233, 234, 236, 238, 239, 240, 241, 243, 244, 246, 249, 251, 252, 253, 254, 256, 257, 259, 261, 262, 265, 266, 268, 269, 270, 271, 272, 273, 274, 275, 276, 278, 279, 280, 281, 283, 286, 289, 299, 300, 301, 306, 309, 310, 312, 314, 317, 319, 320, 322, 324, 328, 330, 331, 334, 335, 338, 344, 345, 348, 353, 360, 361, 362, 367, 373, 374, 377, 378, 379, 381, 384, 386, 388, 389, 390, 391, 393, 394, 395, 396, 398, 399, 403, 409, 411, 414, 415, 417, 419, 421, 425, 428, 434, 438, 440, 441, 447, 448, 449, 450, 454, 455, 457, 459, 461, 462, 463, 464, 465, 467, 469, 473, 478, 479, 480, 482, 483, 484, 485, 486, 490, 491, 492, 496, 497, 498, 500, 501, 505, 507, 508, 511]
Subround 2
not enough
     Count  Value
2        2    1.0
367      2    1.0
463      2    1.0
36       2    1.0
482      2    1.0
181      2    1.0
461      2    1.0
389      2    1.0
184      2    1.0
498      2    1.0
480      2    1.0
447      2    1.0
411      2    1.0
101      2    1.0
454      2    1.0
379      2    1.0
107      2    1.0
121      2    1.0
164      2    1.0
377      2    1.0
     Count  Value
2        2    1.0
367      2    1.0
463      2    1.0
36       2    1.0
482      2    1.0
181      2    1.0
461      2    1.0
389      2    1.0
184      2    1.0
498      2    1.0
Current: [1, 2, 6, 11, 13, 14, 19, 20, 35, 36, 38, 43, 54, 58, 65, 70, 72, 75, 82, 92, 93, 98, 101, 102, 107, 108, 109, 120, 121, 122, 123, 125, 126, 129, 131, 132, 138, 144, 145, 147, 153, 162, 163, 164, 168, 170, 172, 174, 176, 177, 181, 182, 184, 186, 187, 200, 201, 205, 207, 215, 220, 221, 226, 231, 234, 236, 240, 243, 253, 254, 261, 265, 272, 273, 274, 275, 276, 281, 283, 289, 299, 300, 301, 306, 309, 312, 314, 319, 322, 334, 348, 353, 362, 367, 373, 377, 378, 379, 381, 388, 389, 391, 394, 396, 398, 403, 411, 415, 417, 419, 440, 441, 447, 448, 450, 454, 455, 459, 461, 462, 463, 465, 467, 480, 482, 483, 485, 486, 498, 508]
Subround 3
not enough
     Count  Value
205      3    1.0
348      3    1.0
483      3    1.0
274      3    1.0
253      3    1.0
35       3    1.0
200      3    1.0
70       3    1.0
82       3    1.0
391      3    1.0
186      3    1.0
459      3    1.0
14       3    1.0
58       3    1.0
353      3    1.0
207      3    1.0
388      3    1.0
170      3    1.0
301      3    1.0
221      3    1.0
     Count  Value
205      3    1.0
348      3    1.0
483      3    1.0
274      3    1.0
253      3    1.0
35       3    1.0
200      3    1.0
70       3    1.0
82       3    1.0
391      3    1.0
Current: [1, 14, 35, 58, 70, 72, 82, 108, 122, 131, 138, 162, 170, 181, 186, 200, 205, 207, 215, 220, 221, 236, 253, 261, 274, 299, 301, 348, 353, 367, 379, 388, 391, 450, 459, 483]
Subround 4
not enough
     Count  Value
379      4    1.0
82       4    1.0
58       4    1.0
450      4    1.0
348      4    1.0
162      4    1.0
1        4    1.0
220      4    1.0
122      4    1.0
274      4    1.0
131      4    1.0
72       4    1.0
301      4    1.0
170      4    1.0
205      4    1.0
14       4    1.0
253      4    1.0
35       4    1.0
207      4    1.0
391      4    1.0
     Count  Value
379      4    1.0
82       4    1.0
58       4    1.0
450      4    1.0
348      4    1.0
162      4    1.0
1        4    1.0
220      4    1.0
122      4    1.0
274      4    1.0
Current: [1, 2, 14, 16, 20, 31, 32, 35, 40, 43, 50, 52, 54, 58, 70, 72, 82, 83, 86, 91, 92, 93, 96, 102, 105, 107, 108, 109, 112, 116, 118, 119, 120, 121, 122, 131, 132, 138, 142, 158, 162, 164, 170, 172, 173, 174, 176, 177, 181, 184, 185, 186, 187, 190, 192, 194, 195, 196, 198, 200, 205, 207, 215, 219, 220, 221, 223, 224, 226, 235, 236, 238, 240, 246, 249, 251, 253, 254, 261, 262, 265, 269, 271, 273, 274, 276, 280, 286, 299, 301, 314, 323, 328, 331, 334, 348, 350, 353, 360, 362, 365, 367, 373, 377, 378, 379, 388, 390, 391, 395, 396, 399, 403, 405, 411, 414, 417, 425, 441, 447, 448, 450, 457, 459, 461, 463, 470, 473, 483, 484, 485, 491, 492, 496, 501, 511]
Subround 5
not enough
     Count  Value
14       5    1.0
35       5    1.0
391      5    1.0
58       5    1.0
162      5    1.0
274      5    1.0
379      5    1.0
82       5    1.0
158      4    0.8
122      4    0.8
249      4    0.8
32       4    0.8
461      4    0.8
388      4    0.8
181      4    0.8
238      4    0.8
1        4    0.8
265      4    0.8
299      4    0.8
70       4    0.8
     Count  Value
14       5    1.0
35       5    1.0
391      5    1.0
58       5    1.0
162      5    1.0
274      5    1.0
379      5    1.0
82       5    1.0
158      4    0.8
122      4    0.8
Current: [1, 2, 14, 32, 35, 58, 70, 72, 82, 102, 109, 120, 122, 131, 158, 162, 170, 177, 181, 185, 186, 187, 194, 196, 205, 207, 215, 220, 224, 236, 238, 240, 249, 253, 254, 265, 274, 280, 299, 301, 323, 331, 348, 350, 353, 360, 365, 367, 373, 379, 388, 391, 411, 417, 450, 459, 461, 501]
Subround 6
not enough
     Count     Value
379      6  1.000000
14       6  1.000000
162      6  1.000000
2        5  0.833333
170      5  0.833333
331      5  0.833333
58       5  0.833333
274      5  0.833333
353      5  0.833333
373      5  0.833333
253      5  0.833333
35       5  0.833333
102      5  0.833333
82       5  0.833333
236      5  0.833333
391      5  0.833333
186      5  0.833333
240      5  0.833333
205      5  0.833333
249      5  0.833333
     Count     Value
379      6  1.000000
14       6  1.000000
162      6  1.000000
2        5  0.833333
170      5  0.833333
331      5  0.833333
58       5  0.833333
274      5  0.833333
353      5  0.833333
373      5  0.833333
Current: [2, 14, 35, 58, 70, 72, 82, 102, 162, 170, 181, 186, 187, 194, 196, 205, 215, 236, 240, 249, 253, 274, 299, 331, 350, 353, 365, 373, 379, 391, 417, 450]
Subround 7
not enough
     Count     Value
162      7  1.000000
14       7  1.000000
450      6  0.857143
253      6  0.857143
58       6  0.857143
353      6  0.857143
170      6  0.857143
240      6  0.857143
215      6  0.857143
236      6  0.857143
379      6  0.857143
35       6  0.857143
391      6  0.857143
331      6  0.857143
70       5  0.714286
163      5  0.714286
280      5  0.714286
212      5  0.714286
469      5  0.714286
251      5  0.714286
     Count     Value
162      7  1.000000
14       7  1.000000
450      6  0.857143
253      6  0.857143
58       6  0.857143
353      6  0.857143
170      6  0.857143
240      6  0.857143
215      6  0.857143
236      6  0.857143
Current: [1, 2, 5, 10, 14, 32, 35, 40, 58, 70, 72, 82, 98, 102, 109, 129, 131, 140, 156, 162, 163, 168, 170, 177, 181, 185, 186, 187, 194, 196, 205, 207, 212, 214, 215, 220, 223, 224, 236, 238, 240, 249, 251, 253, 254, 261, 274, 280, 283, 299, 300, 322, 323, 331, 332, 348, 350, 353, 360, 365, 367, 373, 379, 388, 391, 399, 411, 414, 417, 428, 450, 455, 457, 458, 469, 498, 501, 508]
Subround 8
not enough
     Count  Value
14       8  1.000
162      8  1.000
58       7  0.875
35       7  0.875
379      7  0.875
240      7  0.875
331      7  0.875
2        6  0.750
224      6  0.750
455      6  0.750
350      6  0.750
207      6  0.750
411      6  0.750
388      6  0.750
360      6  0.750
98       6  0.750
32       6  0.750
249      6  0.750
332      6  0.750
212      6  0.750
     Count  Value
14       8  1.000
162      8  1.000
58       7  0.875
35       7  0.875
379      7  0.875
240      7  0.875
331      7  0.875
2        6  0.750
224      6  0.750
455      6  0.750
Current: [2, 5, 14, 32, 35, 58, 82, 98, 102, 109, 131, 162, 168, 170, 177, 185, 187, 194, 207, 212, 215, 223, 224, 236, 240, 249, 253, 254, 274, 283, 300, 322, 331, 332, 348, 350, 353, 360, 367, 379, 388, 391, 399, 411, 428, 450, 455, 498]
Subround 9
not enough
     Count     Value
14       9  1.000000
162      9  1.000000
35       8  0.888889
450      7  0.777778
350      7  0.777778
353      7  0.777778
236      7  0.777778
187      7  0.777778
109      7  0.777778
240      7  0.777778
215      7  0.777778
331      7  0.777778
58       7  0.777778
391      7  0.777778
98       7  0.777778
379      7  0.777778
249      7  0.777778
388      7  0.777778
102      7  0.777778
224      7  0.777778
     Count     Value
14       9  1.000000
162      9  1.000000
35       8  0.888889
450      7  0.777778
350      7  0.777778
353      7  0.777778
236      7  0.777778
187      7  0.777778
109      7  0.777778
240      7  0.777778
Current: [5, 14, 35, 58, 98, 102, 109, 162, 185, 187, 194, 215, 224, 236, 240, 249, 253, 331, 350, 353, 379, 388, 391, 450]
Subround 10
     Count  Value
14      10    1.0
162      9    0.9
450      8    0.8
187      8    0.8
224      8    0.8
253      8    0.8
35       8    0.8
215      8    0.8
98       8    0.8
331      8    0.8
58       7    0.7
332      7    0.7
177      7    0.7
212      7    0.7
2        7    0.7
353      7    0.7
249      7    0.7
252      7    0.7
239      7    0.7
391      7    0.7
     Count  Value
14      10    1.0
162      9    0.9
450      8    0.8
187      8    0.8
224      8    0.8
253      8    0.8
35       8    0.8
215      8    0.8
98       8    0.8
331      8    0.8
Current: [14, 35, 98, 162, 187, 215, 224, 253, 331, 450]
Round 2
Subround 1
not enough
     Count     Value
14      11  1.000000
450      9  0.818182
224      9  0.818182
162      9  0.818182
215      9  0.818182
331      9  0.818182
187      8  0.727273
253      8  0.727273
35       8  0.727273
98       8  0.727273
58       7  0.636364
332      7  0.636364
177      7  0.636364
212      7  0.636364
2        7  0.636364
353      7  0.636364
249      7  0.636364
252      7  0.636364
239      7  0.636364
391      7  0.636364
     Count  Value
215      1    1.0
450      1    1.0
14       1    1.0
224      1    1.0
331      1    1.0
Current: [14, 162, 215, 224, 331, 450]
Subround 2
not enough
     Count     Value
14      12  1.000000
162     10  0.833333
215     10  0.833333
450      9  0.750000
187      9  0.750000
224      9  0.750000
35       9  0.750000
331      9  0.750000
253      8  0.666667
98       8  0.666667
58       7  0.583333
332      7  0.583333
177      7  0.583333
212      7  0.583333
2        7  0.583333
353      7  0.583333
249      7  0.583333
252      7  0.583333
239      7  0.583333
391      7  0.583333
     Count  Value
215      2    1.0
14       2    1.0
450      1    0.5
224      1    0.5
331      1    0.5
35       1    0.5
162      1    0.5
187      1    0.5
Current: [14, 162, 215]
Subround 3
not enough
     Count     Value
14      13  1.000000
215     11  0.846154
187     10  0.769231
224     10  0.769231
162     10  0.769231
450      9  0.692308
253      9  0.692308
35       9  0.692308
331      9  0.692308
98       8  0.615385
58       7  0.538462
332      7  0.538462
177      7  0.538462
212      7  0.538462
2        7  0.538462
353      7  0.538462
249      7  0.538462
252      7  0.538462
239      7  0.538462
391      7  0.538462
     Count     Value
215      3  1.000000
14       3  1.000000
224      2  0.666667
187      2  0.666667
450      1  0.333333
331      1  0.333333
35       1  0.333333
162      1  0.333333
253      1  0.333333
Current: [14, 215]
Subround 4
not enough
     Count     Value
14      14  1.000000
215     12  0.857143
187     11  0.785714
450     10  0.714286
224     10  0.714286
162     10  0.714286
253      9  0.642857
35       9  0.642857
98       9  0.642857
331      9  0.642857
58       7  0.500000
332      7  0.500000
177      7  0.500000
212      7  0.500000
2        7  0.500000
353      7  0.500000
249      7  0.500000
252      7  0.500000
239      7  0.500000
391      7  0.500000
     Count  Value
215      4   1.00
14       4   1.00
187      3   0.75
450      2   0.50
224      2   0.50
331      1   0.25
35       1   0.25
162      1   0.25
253      1   0.25
98       1   0.25
Current: [14, 215]
Subround 5
not enough
     Count     Value
14      15  1.000000
215     13  0.866667
187     11  0.733333
162     11  0.733333
450     10  0.666667
224     10  0.666667
35      10  0.666667
98      10  0.666667
253      9  0.600000
331      9  0.600000
58       7  0.466667
332      7  0.466667
177      7  0.466667
212      7  0.466667
2        7  0.466667
353      7  0.466667
249      7  0.466667
252      7  0.466667
239      7  0.466667
391      7  0.466667
     Count  Value
215      5    1.0
14       5    1.0
187      3    0.6
450      2    0.4
224      2    0.4
35       2    0.4
162      2    0.4
98       2    0.4
331      1    0.2
253      1    0.2
Current: [14, 215]
Subround 6
not enough
     Count   Value
14      16  1.0000
215     13  0.8125
187     12  0.7500
162     12  0.7500
224     11  0.6875
35      11  0.6875
450     10  0.6250
98      10  0.6250
253      9  0.5625
331      9  0.5625
58       7  0.4375
332      7  0.4375
177      7  0.4375
212      7  0.4375
2        7  0.4375
353      7  0.4375
249      7  0.4375
252      7  0.4375
239      7  0.4375
391      7  0.4375
     Count     Value
14       6  1.000000
215      5  0.833333
187      4  0.666667
224      3  0.500000
35       3  0.500000
162      3  0.500000
450      2  0.333333
98       2  0.333333
331      1  0.166667
253      1  0.166667
Current: [14, 215]
Subround 7
not enough
     Count     Value
14      17  1.000000
187     13  0.764706
215     13  0.764706
35      12  0.705882
162     12  0.705882
224     11  0.647059
98      11  0.647059
450     10  0.588235
253     10  0.588235
331      9  0.529412
58       7  0.411765
332      7  0.411765
177      7  0.411765
212      7  0.411765
2        7  0.411765
353      7  0.411765
249      7  0.411765
252      7  0.411765
239      7  0.411765
391      7  0.411765
     Count     Value
14       7  1.000000
215      5  0.714286
187      5  0.714286
35       4  0.571429
224      3  0.428571
162      3  0.428571
98       3  0.428571
450      2  0.285714
253      2  0.285714
331      1  0.142857
Current: [14]
Subround 8
not enough
     Count     Value
14      18  1.000000
187     14  0.777778
162     13  0.722222
215     13  0.722222
35      12  0.666667
98      12  0.666667
224     11  0.611111
450     10  0.555556
253     10  0.555556
331     10  0.555556
58       7  0.388889
332      7  0.388889
177      7  0.388889
212      7  0.388889
2        7  0.388889
353      7  0.388889
249      7  0.388889
252      7  0.388889
239      7  0.388889
391      7  0.388889
     Count  Value
14       8  1.000
187      6  0.750
215      5  0.625
35       4  0.500
162      4  0.500
98       4  0.500
224      3  0.375
450      2  0.250
331      2  0.250
253      2  0.250
Current: [14]
Subround 9
not enough
     Count     Value
14      19  1.000000
187     15  0.789474
162     14  0.736842
35      13  0.684211
215     13  0.684211
98      12  0.631579
224     11  0.578947
331     11  0.578947
450     10  0.526316
253     10  0.526316
58       7  0.368421
332      7  0.368421
177      7  0.368421
212      7  0.368421
2        7  0.368421
353      7  0.368421
249      7  0.368421
252      7  0.368421
239      7  0.368421
391      7  0.368421
     Count     Value
14       9  1.000000
187      7  0.777778
215      5  0.555556
35       5  0.555556
162      5  0.555556
98       4  0.444444
224      3  0.333333
331      3  0.333333
450      2  0.222222
253      2  0.222222
Current: [14]
Subround 10
     Count  Value
14      20   1.00
187     16   0.80
35      14   0.70
162     14   0.70
215     14   0.70
98      12   0.60
331     12   0.60
224     11   0.55
450     10   0.50
253     10   0.50
58       7   0.35
332      7   0.35
177      7   0.35
212      7   0.35
2        7   0.35
353      7   0.35
249      7   0.35
252      7   0.35
239      7   0.35
391      7   0.35
     Count  Value
14      10    1.0
187      8    0.8
215      6    0.6
35       6    0.6
162      5    0.5
331      4    0.4
98       4    0.4
224      3    0.3
450      2    0.2
253      2    0.2
Current: [14]
Winning offset:
[14]
2021-09-07 16:51:27.038873
2021-09-07 16:54:38.582125
0:03:11.543252
