Loading page file profiles/packet3/pages/0x6e4a.yaml
Loading page file profiles/packet3/pages/0x6e60.yaml
Loading page file profiles/packet3/pages/0x6ee3.yaml
Loading page file profiles/packet3/pages/0x7241.yaml
Loading page file profiles/packet3/pages/0x7242.yaml
Loading page file profiles/packet3/pages/0x7243.yaml
Loading page file profiles/packet3/pages/0x7244.yaml
Round 1
Subround 1
not enough
     Count  Value
229      1    1.0
5        1    1.0
340      1    1.0
233      1    1.0
182      1    1.0
24       1    1.0
93       1    1.0
490      1    1.0
142      1    1.0
261      1    1.0
244      1    1.0
224      1    1.0
339      1    1.0
103      1    1.0
446      1    1.0
493      1    1.0
205      1    1.0
150      1    1.0
392      1    1.0
365      1    1.0
     Count  Value
229      1    1.0
5        1    1.0
340      1    1.0
233      1    1.0
182      1    1.0
24       1    1.0
93       1    1.0
490      1    1.0
142      1    1.0
261      1    1.0
Current: [0, 2, 5, 6, 7, 9, 10, 11, 12, 19, 20, 21, 22, 23, 24, 26, 28, 31, 35, 37, 39, 40, 42, 43, 44, 47, 49, 51, 53, 54, 55, 56, 59, 60, 62, 66, 69, 71, 72, 73, 75, 76, 77, 80, 81, 82, 84, 90, 91, 93, 94, 96, 97, 102, 103, 106, 108, 111, 113, 114, 116, 119, 120, 122, 124, 125, 129, 131, 133, 135, 136, 137, 138, 139, 142, 144, 148, 149, 150, 151, 155, 157, 159, 160, 161, 162, 163, 167, 169, 170, 171, 173, 174, 177, 178, 179, 182, 183, 184, 186, 187, 189, 190, 191, 194, 201, 202, 204, 205, 206, 208, 213, 214, 217, 218, 224, 226, 228, 229, 230, 233, 235, 237, 242, 243, 244, 246, 247, 248, 250, 251, 253, 254, 255, 256, 259, 260, 261, 262, 263, 265, 268, 271, 278, 284, 285, 286, 290, 291, 292, 293, 294, 295, 300, 302, 303, 304, 307, 308, 309, 311, 315, 320, 321, 322, 324, 326, 328, 329, 330, 332, 335, 338, 339, 340, 341, 342, 343, 347, 350, 354, 356, 359, 361, 363, 365, 367, 368, 370, 371, 372, 375, 377, 379, 384, 385, 386, 390, 392, 393, 395, 396, 398, 401, 402, 403, 404, 405, 412, 413, 417, 419, 420, 421, 425, 426, 428, 429, 431, 432, 434, 435, 437, 439, 440, 443, 444, 446, 448, 450, 452, 453, 455, 456, 459, 460, 461, 462, 465, 467, 468, 471, 473, 474, 477, 486, 487, 489, 490, 493, 497, 500, 501, 502, 508, 510]
Subround 2
not enough
     Count  Value
229      2    1.0
487      2    1.0
396      2    1.0
248      2    1.0
468      2    1.0
204      2    1.0
179      2    1.0
91       2    1.0
116      2    1.0
56       2    1.0
122      2    1.0
11       2    1.0
51       2    1.0
155      2    1.0
285      2    1.0
377      2    1.0
295      2    1.0
300      2    1.0
131      2    1.0
402      2    1.0
     Count  Value
229      2    1.0
487      2    1.0
396      2    1.0
248      2    1.0
468      2    1.0
204      2    1.0
179      2    1.0
91       2    1.0
116      2    1.0
56       2    1.0
Current: [6, 10, 11, 21, 26, 28, 37, 43, 51, 53, 56, 62, 71, 72, 73, 77, 80, 81, 91, 93, 96, 97, 103, 114, 116, 119, 120, 122, 124, 129, 131, 136, 139, 142, 148, 149, 155, 159, 160, 162, 163, 167, 169, 170, 171, 177, 179, 182, 191, 202, 204, 206, 213, 229, 235, 237, 244, 246, 247, 248, 251, 255, 256, 260, 261, 262, 263, 265, 268, 285, 286, 291, 295, 300, 302, 307, 315, 322, 329, 330, 335, 339, 342, 343, 347, 354, 356, 361, 363, 367, 375, 377, 385, 386, 390, 395, 396, 398, 402, 403, 404, 413, 420, 425, 426, 428, 429, 434, 435, 439, 446, 452, 453, 459, 461, 462, 468, 471, 486, 487, 489, 510]
Subround 3
not enough
     Count  Value
229      3    1.0
124      3    1.0
251      3    1.0
235      3    1.0
262      3    1.0
428      3    1.0
413      3    1.0
202      3    1.0
404      3    1.0
159      3    1.0
120      3    1.0
80       3    1.0
335      3    1.0
26       3    1.0
425      3    1.0
356      3    1.0
247      3    1.0
148      3    1.0
255      3    1.0
307      3    1.0
     Count  Value
229      3    1.0
124      3    1.0
251      3    1.0
235      3    1.0
262      3    1.0
428      3    1.0
413      3    1.0
202      3    1.0
404      3    1.0
159      3    1.0
Current: [11, 26, 80, 91, 93, 97, 114, 116, 120, 124, 148, 155, 159, 202, 213, 229, 235, 247, 248, 251, 255, 262, 263, 285, 300, 307, 315, 329, 335, 356, 404, 413, 425, 428, 446]
Subround 4
not enough
     Count  Value
247      4   1.00
202      4   1.00
114      4   1.00
251      4   1.00
300      4   1.00
148      4   1.00
262      4   1.00
307      4   1.00
404      4   1.00
91       4   1.00
329      4   1.00
263      4   1.00
116      4   1.00
413      4   1.00
315      4   1.00
97       4   1.00
213      4   1.00
80       4   1.00
373      3   0.75
133      3   0.75
     Count  Value
247      4    1.0
202      4    1.0
114      4    1.0
251      4    1.0
300      4    1.0
148      4    1.0
262      4    1.0
307      4    1.0
404      4    1.0
91       4    1.0
Current: [5, 11, 14, 22, 24, 26, 37, 40, 42, 43, 46, 47, 51, 54, 69, 72, 73, 75, 76, 77, 80, 83, 84, 86, 90, 91, 93, 94, 97, 106, 111, 112, 113, 114, 116, 118, 119, 120, 124, 125, 129, 133, 142, 143, 148, 150, 155, 159, 160, 161, 167, 171, 174, 176, 179, 182, 186, 189, 190, 192, 202, 203, 204, 210, 213, 215, 217, 221, 223, 229, 235, 236, 237, 242, 244, 245, 246, 247, 248, 250, 251, 253, 255, 262, 263, 265, 268, 272, 284, 285, 292, 299, 300, 302, 307, 315, 322, 324, 328, 329, 335, 342, 346, 356, 359, 361, 367, 370, 371, 373, 376, 377, 385, 386, 387, 395, 396, 404, 413, 416, 417, 420, 422, 425, 428, 429, 431, 434, 435, 437, 440, 444, 446, 456, 458, 459, 460, 461, 462, 465, 468, 474, 478, 483, 486, 487, 489, 490, 495, 502, 508]
Subround 5
not enough
     Count  Value
114      5    1.0
116      5    1.0
300      5    1.0
315      5    1.0
97       5    1.0
307      5    1.0
251      5    1.0
160      4    0.8
376      4    0.8
356      4    0.8
84       4    0.8
483      4    0.8
26       4    0.8
262      4    0.8
346      4    0.8
428      4    0.8
124      4    0.8
190      4    0.8
495      4    0.8
456      4    0.8
     Count  Value
114      5    1.0
116      5    1.0
300      5    1.0
315      5    1.0
97       5    1.0
307      5    1.0
251      5    1.0
160      4    0.8
376      4    0.8
356      4    0.8
Current: [11, 14, 22, 26, 43, 47, 51, 72, 80, 84, 90, 91, 93, 97, 112, 114, 116, 124, 129, 143, 148, 155, 160, 179, 182, 190, 192, 202, 203, 213, 215, 217, 236, 242, 247, 251, 255, 262, 263, 268, 285, 300, 307, 315, 322, 329, 335, 346, 356, 361, 376, 404, 413, 416, 422, 428, 437, 444, 446, 456, 483, 487, 495]
Subround 6
not enough
     Count     Value
307      6  1.000000
116      6  1.000000
114      6  1.000000
300      6  1.000000
47       5  0.833333
72       5  0.833333
356      5  0.833333
251      5  0.833333
160      5  0.833333
215      5  0.833333
97       5  0.833333
190      5  0.833333
446      5  0.833333
456      5  0.833333
93       5  0.833333
413      5  0.833333
483      5  0.833333
192      5  0.833333
416      5  0.833333
80       5  0.833333
     Count     Value
307      6  1.000000
116      6  1.000000
114      6  1.000000
300      6  1.000000
47       5  0.833333
72       5  0.833333
356      5  0.833333
251      5  0.833333
160      5  0.833333
215      5  0.833333
Current: [14, 43, 47, 51, 72, 80, 90, 93, 97, 114, 116, 124, 160, 179, 190, 192, 203, 215, 217, 236, 251, 263, 268, 300, 307, 315, 335, 346, 356, 413, 416, 437, 446, 456, 483, 487]
Subround 7
not enough
     Count     Value
114      7  1.000000
116      7  1.000000
300      6  0.857143
251      6  0.857143
236      6  0.857143
43       6  0.857143
268      6  0.857143
160      6  0.857143
263      6  0.857143
335      6  0.857143
80       6  0.857143
14       6  0.857143
307      6  0.857143
215      6  0.857143
190      6  0.857143
456      6  0.857143
97       6  0.857143
483      6  0.857143
192      6  0.857143
437      6  0.857143
     Count     Value
114      7  1.000000
116      7  1.000000
300      6  0.857143
251      6  0.857143
236      6  0.857143
43       6  0.857143
268      6  0.857143
160      6  0.857143
263      6  0.857143
335      6  0.857143
Current: [0, 11, 14, 22, 43, 47, 51, 56, 72, 80, 90, 93, 94, 97, 103, 114, 116, 124, 127, 129, 136, 142, 143, 148, 155, 160, 161, 162, 167, 179, 182, 183, 190, 192, 199, 203, 212, 213, 215, 217, 236, 237, 241, 242, 244, 247, 248, 250, 251, 255, 263, 268, 272, 296, 300, 303, 307, 309, 314, 315, 320, 322, 329, 335, 341, 343, 346, 356, 376, 386, 392, 403, 413, 416, 422, 428, 437, 439, 440, 444, 446, 450, 456, 459, 475, 483, 487, 489, 495]
Subround 8
not enough
     Count  Value
160      7  0.875
456      7  0.875
263      7  0.875
14       7  0.875
43       7  0.875
192      7  0.875
215      7  0.875
114      7  0.875
116      7  0.875
413      7  0.875
437      7  0.875
300      7  0.875
251      7  0.875
124      6  0.750
320      6  0.750
237      6  0.750
346      6  0.750
303      6  0.750
22       6  0.750
241      6  0.750
     Count  Value
160      7  0.875
456      7  0.875
263      7  0.875
14       7  0.875
43       7  0.875
192      7  0.875
215      7  0.875
114      7  0.875
116      7  0.875
413      7  0.875
Current: [0, 11, 14, 22, 43, 51, 56, 80, 93, 94, 97, 114, 116, 124, 129, 142, 148, 160, 161, 167, 179, 182, 190, 192, 199, 203, 213, 215, 236, 237, 241, 242, 244, 247, 248, 250, 251, 263, 268, 296, 300, 303, 307, 309, 320, 335, 341, 343, 346, 356, 386, 392, 403, 413, 428, 437, 439, 440, 446, 456, 483, 487]
Subround 9
not enough
     Count     Value
14       8  0.888889
116      8  0.888889
160      8  0.888889
43       8  0.888889
114      8  0.888889
413      8  0.888889
251      8  0.888889
456      8  0.888889
300      8  0.888889
129      7  0.777778
215      7  0.777778
11       7  0.777778
343      7  0.777778
190      7  0.777778
392      7  0.777778
213      7  0.777778
263      7  0.777778
428      7  0.777778
248      7  0.777778
268      7  0.777778
     Count     Value
14       8  0.888889
116      8  0.888889
160      8  0.888889
43       8  0.888889
114      8  0.888889
413      8  0.888889
251      8  0.888889
456      8  0.888889
300      8  0.888889
129      7  0.777778
Current: [11, 14, 43, 51, 80, 114, 116, 124, 129, 142, 160, 161, 182, 190, 192, 203, 213, 215, 236, 241, 248, 251, 263, 268, 296, 300, 307, 335, 343, 386, 392, 413, 428, 437, 446, 456]
Subround 10
     Count  Value
114      9    0.9
160      9    0.9
14       9    0.9
456      9    0.9
43       9    0.9
251      9    0.9
213      8    0.8
263      8    0.8
124      8    0.8
182      8    0.8
142      8    0.8
236      8    0.8
343      8    0.8
215      8    0.8
413      8    0.8
129      8    0.8
161      8    0.8
446      8    0.8
190      8    0.8
428      8    0.8
     Count  Value
114      9    0.9
160      9    0.9
14       9    0.9
456      9    0.9
43       9    0.9
251      9    0.9
213      8    0.8
263      8    0.8
124      8    0.8
182      8    0.8
Current: [14, 43, 80, 114, 116, 124, 129, 142, 160, 161, 182, 190, 213, 215, 236, 251, 263, 296, 300, 343, 386, 413, 428, 437, 446, 456]
Round 2
Subround 1
not enough
     Count     Value
14      10  0.909091
80       9  0.818182
456      9  0.818182
182      9  0.818182
114      9  0.818182
413      9  0.818182
129      9  0.818182
386      9  0.818182
161      9  0.818182
251      9  0.818182
446      9  0.818182
116      9  0.818182
43       9  0.818182
437      9  0.818182
190      9  0.818182
428      9  0.818182
160      9  0.818182
296      9  0.818182
213      8  0.727273
343      8  0.727273
     Count  Value
428      1    1.0
182      1    1.0
129      1    1.0
116      1    1.0
446      1    1.0
437      1    1.0
161      1    1.0
413      1    1.0
386      1    1.0
296      1    1.0
Current: [14, 43, 80, 114, 116, 129, 160, 161, 182, 190, 251, 296, 386, 413, 428, 437, 446, 456]
Subround 2
not enough
     Count     Value
14      11  0.916667
80      10  0.833333
182     10  0.833333
114     10  0.833333
129     10  0.833333
386     10  0.833333
446     10  0.833333
160     10  0.833333
437     10  0.833333
43       9  0.750000
413      9  0.750000
124      9  0.750000
296      9  0.750000
142      9  0.750000
300      9  0.750000
213      9  0.750000
428      9  0.750000
190      9  0.750000
251      9  0.750000
456      9  0.750000
     Count  Value
129      2    1.0
446      2    1.0
437      2    1.0
386      2    1.0
182      2    1.0
14       2    1.0
80       2    1.0
428      1    0.5
124      1    0.5
114      1    0.5
Current: [14, 80, 114, 129, 160, 182, 386, 437, 446]
Subround 3
not enough
     Count     Value
14      11  0.846154
437     11  0.846154
129     11  0.846154
446     11  0.846154
80      10  0.769231
161     10  0.769231
182     10  0.769231
213     10  0.769231
413     10  0.769231
386     10  0.769231
114     10  0.769231
116     10  0.769231
456     10  0.769231
43      10  0.769231
190     10  0.769231
428     10  0.769231
160     10  0.769231
343      9  0.692308
142      9  0.692308
124      9  0.692308
     Count     Value
129      3  1.000000
446      3  1.000000
437      3  1.000000
428      2  0.666667
14       2  0.666667
213      2  0.666667
80       2  0.666667
182      2  0.666667
190      2  0.666667
386      2  0.666667
Current: [14, 129, 437, 446]
Subround 4
not enough
     Count     Value
129     12  0.857143
80      11  0.785714
446     11  0.785714
182     11  0.785714
213     11  0.785714
386     11  0.785714
116     11  0.785714
437     11  0.785714
14      11  0.785714
160     11  0.785714
456     10  0.714286
251     10  0.714286
114     10  0.714286
190     10  0.714286
413     10  0.714286
428     10  0.714286
343     10  0.714286
124     10  0.714286
161     10  0.714286
215     10  0.714286
     Count  Value
129      4   1.00
80       3   0.75
182      3   0.75
116      3   0.75
446      3   0.75
437      3   0.75
386      3   0.75
213      3   0.75
215      2   0.50
343      2   0.50
Current: [129]
Subround 5
not enough
     Count     Value
446     12  0.800000
213     12  0.800000
129     12  0.800000
14      12  0.800000
437     12  0.800000
182     12  0.800000
116     12  0.800000
80      11  0.733333
413     11  0.733333
386     11  0.733333
456     11  0.733333
114     11  0.733333
43      11  0.733333
190     11  0.733333
160     11  0.733333
343     11  0.733333
124     10  0.666667
251     10  0.666667
428     10  0.666667
161     10  0.666667
     Count  Value
129      4    0.8
116      4    0.8
446      4    0.8
437      4    0.8
182      4    0.8
213      4    0.8
80       3    0.6
413      3    0.6
386      3    0.6
14       3    0.6
no winner, not enough
Current: []
Subround 6
not enough
     Count   Value
182     13  0.8125
213     13  0.8125
129     13  0.8125
14      13  0.8125
437     13  0.8125
116     12  0.7500
413     12  0.7500
386     12  0.7500
446     12  0.7500
456     12  0.7500
43      12  0.7500
160     12  0.7500
114     11  0.6875
190     11  0.6875
428     11  0.6875
343     11  0.6875
215     11  0.6875
80      11  0.6875
124     10  0.6250
251     10  0.6250
     Count     Value
129      5  0.833333
437      5  0.833333
182      5  0.833333
213      5  0.833333
116      4  0.666667
446      4  0.666667
413      4  0.666667
386      4  0.666667
14       4  0.666667
428      3  0.500000
Current: [14, 129, 182, 213, 437]
Subround 7
not enough
     Count     Value
14      14  0.823529
213     14  0.823529
446     13  0.764706
437     13  0.764706
129     13  0.764706
413     13  0.764706
182     13  0.764706
215     12  0.705882
114     12  0.705882
160     12  0.705882
456     12  0.705882
386     12  0.705882
80      12  0.705882
116     12  0.705882
43      12  0.705882
343     11  0.647059
300     11  0.647059
124     11  0.647059
251     11  0.647059
161     11  0.647059
     Count     Value
213      6  0.857143
129      5  0.714286
446      5  0.714286
437      5  0.714286
413      5  0.714286
14       5  0.714286
182      5  0.714286
116      4  0.571429
215      4  0.571429
386      4  0.571429
Current: [14, 213]
Subround 8
not enough
     Count     Value
14      15  0.833333
446     14  0.777778
437     14  0.777778
413     14  0.777778
213     14  0.777778
215     13  0.722222
182     13  0.722222
386     13  0.722222
129     13  0.722222
80      13  0.722222
116     13  0.722222
43      12  0.666667
160     12  0.666667
428     12  0.666667
190     12  0.666667
343     12  0.666667
456     12  0.666667
300     12  0.666667
114     12  0.666667
251     11  0.611111
     Count  Value
446      6  0.750
437      6  0.750
413      6  0.750
213      6  0.750
14       6  0.750
386      5  0.625
182      5  0.625
129      5  0.625
116      5  0.625
215      5  0.625
Current: [14]
Subround 9
not enough
     Count     Value
14      16  0.842105
213     15  0.789474
446     14  0.736842
437     14  0.736842
129     14  0.736842
116     14  0.736842
413     14  0.736842
182     14  0.736842
215     13  0.684211
114     13  0.684211
160     13  0.684211
456     13  0.684211
386     13  0.684211
343     13  0.684211
80      13  0.684211
43      13  0.684211
251     12  0.631579
428     12  0.631579
300     12  0.631579
190     12  0.631579
     Count     Value
14       7  0.777778
213      7  0.777778
129      6  0.666667
116      6  0.666667
446      6  0.666667
437      6  0.666667
413      6  0.666667
182      6  0.666667
386      5  0.555556
215      5  0.555556
Current: [14]
Subround 10
     Count  Value
14      17   0.85
116     15   0.75
129     15   0.75
213     15   0.75
182     15   0.75
80      14   0.70
114     14   0.70
456     14   0.70
437     14   0.70
446     14   0.70
386     14   0.70
413     14   0.70
160     13   0.65
251     13   0.65
343     13   0.65
215     13   0.65
43      13   0.65
296     12   0.60
300     12   0.60
428     12   0.60
     Count  Value
14       8    0.8
213      7    0.7
129      7    0.7
116      7    0.7
182      7    0.7
413      6    0.6
80       6    0.6
386      6    0.6
437      6    0.6
446      6    0.6
Current: [14]
Winning offset:
[14]
2021-09-07 17:14:43.806450
2021-09-07 17:17:59.622118
0:03:15.815668
