Loading page file profiles/packet3/pages/0x6e4a.yaml
Loading page file profiles/packet3/pages/0x6e60.yaml
Loading page file profiles/packet3/pages/0x6ee3.yaml
Loading page file profiles/packet3/pages/0x7241.yaml
Loading page file profiles/packet3/pages/0x7242.yaml
Loading page file profiles/packet3/pages/0x7243.yaml
Loading page file profiles/packet3/pages/0x7244.yaml
Round 1
Subround 1
not enough
     Count  Value
55       1    1.0
218      1    1.0
142      1    1.0
386      1    1.0
56       1    1.0
38       1    1.0
205      1    1.0
104      1    1.0
71       1    1.0
424      1    1.0
507      1    1.0
263      1    1.0
503      1    1.0
259      1    1.0
33       1    1.0
31       1    1.0
313      1    1.0
34       1    1.0
473      1    1.0
24       1    1.0
     Count  Value
55       1    1.0
218      1    1.0
142      1    1.0
386      1    1.0
56       1    1.0
38       1    1.0
205      1    1.0
104      1    1.0
71       1    1.0
424      1    1.0
Current: [3, 7, 9, 10, 12, 13, 14, 15, 17, 18, 19, 23, 24, 25, 26, 31, 33, 34, 35, 36, 38, 42, 44, 45, 46, 47, 51, 52, 53, 54, 55, 56, 65, 69, 70, 71, 76, 78, 79, 80, 82, 84, 85, 90, 91, 93, 94, 95, 98, 103, 104, 106, 107, 108, 110, 111, 113, 114, 117, 123, 130, 135, 136, 140, 141, 142, 144, 146, 148, 150, 151, 152, 153, 157, 162, 163, 165, 166, 167, 168, 169, 170, 171, 174, 176, 178, 179, 181, 187, 188, 190, 192, 195, 196, 197, 199, 200, 203, 205, 206, 207, 208, 209, 210, 212, 214, 215, 218, 220, 221, 222, 223, 224, 225, 227, 228, 234, 235, 237, 239, 242, 243, 245, 251, 253, 254, 258, 259, 260, 262, 263, 264, 265, 269, 270, 276, 277, 278, 280, 281, 282, 284, 290, 292, 293, 300, 301, 302, 304, 305, 306, 307, 309, 312, 313, 315, 316, 317, 323, 325, 327, 329, 331, 333, 334, 336, 337, 338, 341, 342, 345, 346, 347, 350, 351, 352, 356, 357, 358, 360, 363, 365, 366, 368, 369, 372, 373, 374, 378, 379, 381, 382, 383, 384, 385, 386, 387, 388, 389, 390, 393, 394, 398, 401, 404, 405, 406, 408, 409, 411, 414, 419, 422, 424, 427, 429, 430, 431, 433, 435, 440, 443, 444, 446, 448, 450, 454, 456, 464, 465, 466, 467, 468, 473, 476, 477, 479, 480, 481, 483, 485, 486, 487, 489, 490, 491, 493, 498, 499, 501, 503, 506, 507, 508, 509, 511]
Subround 2
not enough
     Count  Value
55       2    1.0
409      2    1.0
446      2    1.0
264      2    1.0
479      2    1.0
368      2    1.0
307      2    1.0
422      2    1.0
337      2    1.0
200      2    1.0
117      2    1.0
467      2    1.0
13       2    1.0
203      2    1.0
114      2    1.0
489      2    1.0
393      2    1.0
315      2    1.0
107      2    1.0
140      2    1.0
     Count  Value
55       2    1.0
409      2    1.0
446      2    1.0
264      2    1.0
479      2    1.0
368      2    1.0
307      2    1.0
422      2    1.0
337      2    1.0
200      2    1.0
Current: [13, 15, 18, 33, 35, 44, 46, 51, 55, 65, 69, 71, 76, 78, 79, 82, 84, 90, 94, 103, 106, 107, 108, 110, 111, 114, 117, 123, 136, 140, 148, 157, 166, 168, 170, 178, 179, 187, 190, 195, 196, 197, 199, 200, 203, 206, 209, 210, 215, 218, 220, 221, 227, 234, 235, 242, 251, 259, 263, 264, 269, 270, 278, 280, 281, 290, 300, 301, 302, 304, 307, 313, 315, 316, 325, 329, 336, 337, 342, 346, 350, 351, 356, 368, 381, 382, 383, 384, 385, 387, 389, 390, 393, 394, 405, 409, 414, 422, 430, 433, 444, 446, 454, 456, 464, 466, 467, 479, 480, 481, 485, 487, 489, 490, 503, 508]
Subround 3
not enough
     Count  Value
69       3    1.0
381      3    1.0
508      3    1.0
170      3    1.0
242      3    1.0
464      3    1.0
195      3    1.0
13       3    1.0
384      3    1.0
200      3    1.0
422      3    1.0
123      3    1.0
108      3    1.0
140      3    1.0
342      3    1.0
389      3    1.0
44       3    1.0
485      3    1.0
300      3    1.0
278      3    1.0
     Count  Value
69       3    1.0
381      3    1.0
508      3    1.0
170      3    1.0
242      3    1.0
464      3    1.0
195      3    1.0
13       3    1.0
384      3    1.0
200      3    1.0
Current: [13, 44, 46, 69, 76, 79, 84, 107, 108, 111, 123, 140, 170, 178, 195, 197, 200, 209, 227, 235, 242, 259, 264, 278, 280, 300, 302, 304, 342, 381, 384, 389, 409, 422, 444, 464, 485, 489, 508]
Subround 4
not enough
     Count  Value
444      4   1.00
44       4   1.00
107      4   1.00
508      4   1.00
84       4   1.00
381      4   1.00
342      4   1.00
422      4   1.00
209      4   1.00
280      4   1.00
140      4   1.00
489      4   1.00
227      4   1.00
278      4   1.00
264      4   1.00
46       4   1.00
79       4   1.00
241      3   0.75
229      3   0.75
216      3   0.75
     Count  Value
444      4    1.0
44       4    1.0
107      4    1.0
508      4    1.0
84       4    1.0
381      4    1.0
342      4    1.0
422      4    1.0
209      4    1.0
280      4    1.0
Current: [10, 13, 14, 17, 19, 23, 25, 30, 32, 33, 34, 44, 46, 48, 53, 56, 57, 62, 69, 74, 76, 78, 79, 82, 84, 94, 103, 107, 108, 109, 110, 111, 112, 113, 120, 123, 124, 131, 135, 136, 140, 144, 146, 150, 151, 153, 166, 169, 170, 178, 179, 181, 186, 188, 191, 192, 195, 196, 197, 200, 203, 204, 205, 208, 209, 212, 216, 217, 218, 223, 225, 227, 228, 229, 234, 235, 237, 241, 242, 245, 251, 254, 258, 259, 260, 263, 264, 268, 269, 270, 278, 279, 280, 281, 292, 300, 302, 304, 306, 307, 308, 309, 319, 324, 325, 328, 329, 331, 342, 346, 350, 357, 368, 372, 377, 378, 381, 384, 385, 389, 396, 402, 405, 407, 409, 411, 422, 427, 431, 433, 435, 440, 444, 446, 448, 450, 456, 459, 463, 464, 479, 485, 486, 489, 490, 492, 498, 499, 503, 506, 508, 511]
Subround 5
not enough
     Count  Value
381      5    1.0
140      5    1.0
107      5    1.0
251      4    0.8
197      4    0.8
46       4    0.8
94       4    0.8
25       4    0.8
188      4    0.8
264      4    0.8
103      4    0.8
407      4    0.8
377      4    0.8
76       4    0.8
69       4    0.8
378      4    0.8
279      4    0.8
112      4    0.8
151      4    0.8
74       4    0.8
     Count  Value
381      5    1.0
140      5    1.0
107      5    1.0
251      4    0.8
197      4    0.8
46       4    0.8
94       4    0.8
25       4    0.8
188      4    0.8
264      4    0.8
Current: [10, 13, 14, 25, 32, 44, 46, 53, 69, 74, 76, 79, 82, 84, 94, 103, 107, 108, 109, 111, 112, 120, 135, 136, 140, 151, 170, 178, 188, 195, 196, 197, 203, 208, 209, 227, 251, 259, 264, 278, 279, 280, 302, 342, 372, 377, 378, 381, 384, 389, 402, 407, 409, 411, 422, 433, 444, 456, 464, 489, 508]
Subround 6
not enough
     Count     Value
140      6  1.000000
381      6  1.000000
10       5  0.833333
302      5  0.833333
279      5  0.833333
372      5  0.833333
112      5  0.833333
74       5  0.833333
14       5  0.833333
389      5  0.833333
195      5  0.833333
109      5  0.833333
444      5  0.833333
456      5  0.833333
32       5  0.833333
259      5  0.833333
151      5  0.833333
378      5  0.833333
402      5  0.833333
107      5  0.833333
     Count     Value
140      6  1.000000
381      6  1.000000
10       5  0.833333
302      5  0.833333
279      5  0.833333
372      5  0.833333
112      5  0.833333
74       5  0.833333
14       5  0.833333
389      5  0.833333
Current: [10, 14, 32, 53, 74, 76, 84, 94, 107, 109, 112, 120, 140, 151, 178, 195, 203, 208, 227, 259, 264, 279, 302, 372, 377, 378, 381, 389, 402, 411, 422, 433, 444, 456, 489]
Subround 7
not enough
     Count     Value
264      6  0.857143
203      6  0.857143
112      6  0.857143
107      6  0.857143
140      6  0.857143
208      6  0.857143
381      6  0.857143
389      6  0.857143
259      6  0.857143
14       6  0.857143
456      6  0.857143
378      6  0.857143
10       6  0.857143
120      6  0.857143
278      5  0.714286
94       5  0.714286
433      5  0.714286
46       5  0.714286
377      5  0.714286
438      5  0.714286
     Count     Value
264      6  0.857143
203      6  0.857143
112      6  0.857143
107      6  0.857143
140      6  0.857143
208      6  0.857143
381      6  0.857143
389      6  0.857143
259      6  0.857143
14       6  0.857143
Current: [10, 12, 13, 14, 19, 31, 32, 35, 46, 51, 53, 69, 74, 76, 78, 80, 82, 84, 94, 97, 107, 108, 109, 111, 112, 113, 120, 135, 136, 140, 148, 151, 168, 169, 170, 174, 176, 178, 188, 191, 195, 196, 199, 202, 203, 208, 209, 216, 227, 228, 237, 259, 264, 278, 279, 280, 302, 306, 308, 328, 329, 341, 346, 351, 370, 372, 377, 378, 381, 384, 389, 402, 407, 409, 411, 416, 419, 422, 429, 433, 438, 444, 450, 456, 459, 464, 466, 467, 489, 508, 511]
Subround 8
not enough
     Count  Value
264      7  0.875
140      7  0.875
378      7  0.875
10       7  0.875
381      7  0.875
456      7  0.875
14       7  0.875
112      7  0.875
407      6  0.750
191      6  0.750
306      6  0.750
148      6  0.750
151      6  0.750
188      6  0.750
416      6  0.750
346      6  0.750
199      6  0.750
108      6  0.750
69       6  0.750
76       6  0.750
     Count  Value
264      7  0.875
140      7  0.875
378      7  0.875
10       7  0.875
381      7  0.875
456      7  0.875
14       7  0.875
112      7  0.875
407      6  0.750
191      6  0.750
Current: [10, 12, 13, 14, 19, 31, 32, 53, 69, 76, 94, 107, 108, 111, 112, 120, 135, 140, 148, 151, 170, 174, 178, 188, 191, 195, 196, 199, 202, 203, 208, 259, 264, 306, 308, 328, 329, 346, 370, 378, 381, 384, 389, 407, 411, 416, 419, 444, 456, 459, 466, 467, 489]
Subround 9
not enough
     Count     Value
10       8  0.888889
456      8  0.888889
14       8  0.888889
378      8  0.888889
108      7  0.777778
199      7  0.777778
264      7  0.777778
381      7  0.777778
107      7  0.777778
112      7  0.777778
416      7  0.777778
174      7  0.777778
306      7  0.777778
32       7  0.777778
208      7  0.777778
140      7  0.777778
370      7  0.777778
178      7  0.777778
120      7  0.777778
259      7  0.777778
     Count     Value
10       8  0.888889
456      8  0.888889
14       8  0.888889
378      8  0.888889
108      7  0.777778
199      7  0.777778
264      7  0.777778
381      7  0.777778
107      7  0.777778
112      7  0.777778
Current: [10, 14, 31, 32, 69, 107, 108, 112, 120, 140, 174, 178, 188, 199, 208, 259, 264, 306, 370, 378, 381, 416, 456]
Subround 10
     Count  Value
14       9    0.9
188      8    0.8
31       8    0.8
456      8    0.8
416      8    0.8
208      8    0.8
120      8    0.8
264      8    0.8
378      8    0.8
259      8    0.8
370      8    0.8
10       8    0.8
216      7    0.7
329      7    0.7
168      7    0.7
32       7    0.7
328      7    0.7
79       7    0.7
12       7    0.7
108      7    0.7
     Count  Value
14       9    0.9
188      8    0.8
31       8    0.8
456      8    0.8
416      8    0.8
208      8    0.8
120      8    0.8
264      8    0.8
378      8    0.8
259      8    0.8
Current: [10, 14, 31, 120, 188, 208, 259, 264, 370, 378, 416, 456]
Round 2
Subround 1
not enough
     Count     Value
14      10  0.909091
10       9  0.818182
370      9  0.818182
120      9  0.818182
264      9  0.818182
378      9  0.818182
188      8  0.727273
31       8  0.727273
456      8  0.727273
416      8  0.727273
208      8  0.727273
259      8  0.727273
168      7  0.636364
216      7  0.636364
329      7  0.636364
32       7  0.636364
79       7  0.636364
328      7  0.636364
12       7  0.636364
108      7  0.636364
     Count  Value
14       1    1.0
10       1    1.0
120      1    1.0
264      1    1.0
378      1    1.0
370      1    1.0
Current: [10, 14, 120, 264, 370, 378]
Subround 2
not enough
     Count     Value
14      11  0.916667
264     10  0.833333
188      9  0.750000
31       9  0.750000
10       9  0.750000
456      9  0.750000
370      9  0.750000
208      9  0.750000
120      9  0.750000
378      9  0.750000
416      8  0.666667
259      8  0.666667
168      7  0.583333
216      7  0.583333
329      7  0.583333
32       7  0.583333
79       7  0.583333
328      7  0.583333
12       7  0.583333
108      7  0.583333
     Count  Value
14       2    1.0
264      2    1.0
10       1    0.5
120      1    0.5
378      1    0.5
370      1    0.5
188      1    0.5
456      1    0.5
208      1    0.5
31       1    0.5
Current: [14, 264]
Subround 3
not enough
     Count     Value
14      12  0.923077
264     11  0.846154
10      10  0.769231
370     10  0.769231
120     10  0.769231
188      9  0.692308
31       9  0.692308
456      9  0.692308
416      9  0.692308
208      9  0.692308
378      9  0.692308
259      8  0.615385
168      7  0.538462
216      7  0.538462
329      7  0.538462
32       7  0.538462
79       7  0.538462
328      7  0.538462
12       7  0.538462
108      7  0.538462
     Count     Value
14       3  1.000000
264      3  1.000000
10       2  0.666667
120      2  0.666667
370      2  0.666667
378      1  0.333333
188      1  0.333333
456      1  0.333333
208      1  0.333333
31       1  0.333333
Current: [14, 264]
Subround 4
not enough
     Count     Value
14      12  0.857143
264     12  0.857143
370     11  0.785714
10      10  0.714286
456     10  0.714286
208     10  0.714286
120     10  0.714286
378     10  0.714286
188      9  0.642857
31       9  0.642857
416      9  0.642857
259      9  0.642857
168      7  0.500000
216      7  0.500000
329      7  0.500000
32       7  0.500000
79       7  0.500000
328      7  0.500000
12       7  0.500000
108      7  0.500000
     Count  Value
264      4   1.00
14       3   0.75
370      3   0.75
10       2   0.50
120      2   0.50
378      2   0.50
456      2   0.50
208      2   0.50
188      1   0.25
31       1   0.25
Current: [14, 264]
Subround 5
not enough
     Count     Value
14      13  0.866667
264     12  0.800000
10      11  0.733333
370     11  0.733333
120     11  0.733333
188     10  0.666667
31      10  0.666667
456     10  0.666667
416     10  0.666667
208     10  0.666667
378     10  0.666667
259      9  0.600000
168      7  0.466667
216      7  0.466667
329      7  0.466667
32       7  0.466667
79       7  0.466667
328      7  0.466667
12       7  0.466667
108      7  0.466667
     Count  Value
14       4    0.8
264      4    0.8
10       3    0.6
120      3    0.6
370      3    0.6
378      2    0.4
188      2    0.4
456      2    0.4
208      2    0.4
31       2    0.4
Current: [14]
Subround 6
not enough
     Count   Value
14      14  0.8750
120     12  0.7500
264     12  0.7500
188     11  0.6875
31      11  0.6875
10      11  0.6875
416     11  0.6875
370     11  0.6875
378     11  0.6875
456     10  0.6250
208     10  0.6250
259      9  0.5625
168      7  0.4375
216      7  0.4375
329      7  0.4375
32       7  0.4375
79       7  0.4375
328      7  0.4375
12       7  0.4375
108      7  0.4375
     Count     Value
14       5  0.833333
120      4  0.666667
264      4  0.666667
10       3  0.500000
378      3  0.500000
370      3  0.500000
188      3  0.500000
31       3  0.500000
416      3  0.500000
456      2  0.333333
Current: [14]
Subround 7
not enough
     Count     Value
14      15  0.882353
188     12  0.705882
10      12  0.705882
370     12  0.705882
120     12  0.705882
264     12  0.705882
378     12  0.705882
31      11  0.647059
416     11  0.647059
208     11  0.647059
456     10  0.588235
259      9  0.529412
168      7  0.411765
216      7  0.411765
329      7  0.411765
32       7  0.411765
79       7  0.411765
328      7  0.411765
12       7  0.411765
108      7  0.411765
     Count     Value
14       6  0.857143
10       4  0.571429
120      4  0.571429
264      4  0.571429
378      4  0.571429
370      4  0.571429
188      4  0.571429
208      3  0.428571
31       3  0.428571
416      3  0.428571
Current: [14]
Subround 8
not enough
     Count     Value
14      16  0.888889
188     13  0.722222
264     13  0.722222
31      12  0.666667
10      12  0.666667
416     12  0.666667
370     12  0.666667
120     12  0.666667
378     12  0.666667
456     11  0.611111
208     11  0.611111
259      9  0.500000
168      7  0.388889
216      7  0.388889
329      7  0.388889
32       7  0.388889
79       7  0.388889
328      7  0.388889
12       7  0.388889
108      7  0.388889
     Count  Value
14       7  0.875
264      5  0.625
188      5  0.625
10       4  0.500
120      4  0.500
378      4  0.500
370      4  0.500
31       4  0.500
416      4  0.500
456      3  0.375
Current: [14]
Subround 9
not enough
     Count     Value
14      17  0.894737
264     14  0.736842
188     13  0.684211
10      13  0.684211
416     13  0.684211
378     13  0.684211
31      12  0.631579
370     12  0.631579
208     12  0.631579
120     12  0.631579
456     11  0.578947
259      9  0.473684
168      7  0.368421
216      7  0.368421
329      7  0.368421
32       7  0.368421
79       7  0.368421
328      7  0.368421
12       7  0.368421
108      7  0.368421
     Count     Value
14       8  0.888889
264      6  0.666667
10       5  0.555556
378      5  0.555556
188      5  0.555556
416      5  0.555556
120      4  0.444444
370      4  0.444444
208      4  0.444444
31       4  0.444444
Current: [14]
Subround 10
     Count  Value
14      18   0.90
264     15   0.75
10      14   0.70
416     14   0.70
378     14   0.70
188     13   0.65
370     13   0.65
31      12   0.60
208     12   0.60
120     12   0.60
456     11   0.55
259      9   0.45
168      7   0.35
216      7   0.35
329      7   0.35
32       7   0.35
79       7   0.35
328      7   0.35
12       7   0.35
108      7   0.35
     Count  Value
14       9    0.9
264      7    0.7
10       6    0.6
378      6    0.6
416      6    0.6
370      5    0.5
188      5    0.5
120      4    0.4
208      4    0.4
31       4    0.4
Current: [14]
Winning offset:
[14]
2021-09-07 17:24:31.536966
2021-09-07 17:27:44.942131
0:03:13.405165
