Loading page file profiles/lab06/pages/0x2a44b.yaml
Loading page file profiles/lab06/pages/0x2a460.yaml
Loading page file profiles/lab06/pages/0x2a4e3.yaml
Loading page file profiles/lab06/pages/0x2a4e5.yaml
Loading page file profiles/lab06/pages/0x2a800.yaml
Loading page file profiles/lab06/pages/0x2a804.yaml
Loading page file profiles/lab06/pages/0x2a805.yaml
RUN
Round 0
Round 1
Empty DataFrame
Columns: [Timestamp, TS First Frame, TS Prev Frame]
Index: []
         Server1  Server2
Offset                   
339     211611.5  53365.5
136      14519.5   3709.5
351       3617.0    974.0
55        3076.0    834.0
23        3054.5    813.0
243       2971.0    810.5
311       2935.5    808.0
315       2930.5    795.0
462       2908.5    787.0
159       2815.5    767.5
181       2780.5    754.0
335       2765.0    756.0
224       2764.5    747.0
382       2751.0    747.5
288       2735.0    746.0
222       2695.5    730.5
343       2694.0    731.0
377       2678.5    728.0
454       2673.5    723.5
247       2617.5    720.0
Round 2
        Timestamp  TS First Frame  TS Prev Frame
Offset                                          
335      189952.0       1245896.5       122349.5
45       186112.0       1090009.0       120843.0
110      208000.0      13774461.0       110930.0
503      201600.0      14524577.0       110648.5
159      168960.0      11691246.5       104034.5
136      170752.0       1210354.0       102568.0
201      183808.0      12064870.5        98847.0
91       160384.0       1250584.5        98156.0
339      170624.0        465201.0        85879.5
344      134272.0        995552.5        74464.0
211      147968.0        485841.5        73943.0
415      154496.0       1203235.0        73762.5
396      137472.0        475650.5        73596.5
174      157440.0       2983934.0        73246.5
405      155392.0       1312940.0        73052.5
369      132992.0       3647523.5        72917.0
486      150272.0        452643.0        68946.0
183      141312.0       1228590.0        66873.5
259      144768.0       1008421.5        62416.0
96       126208.0        547449.0        60596.5
              Server1       Server2
Offset                             
339     278520.333333  70038.333333
224      24715.333333   6258.000000
136      10221.000000   2627.000000
412       5741.333333   1499.000000
487       3226.000000    875.333333
351       2915.000000    796.000000
311       2871.333333    785.333333
151       2738.666667    743.666667
55        2718.666667    743.000000
23        2708.333333    728.666667
290       2603.666667    710.000000
243       2598.333333    716.333333
462       2593.666667    709.000000
343       2526.333333    691.000000
299       2490.333333    683.000000
315       2481.000000    682.333333
382       2457.666667    675.000000
222       2443.000000    671.000000
159       2434.333333    672.000000
288       2432.333333    667.666667
Round 3
        Timestamp  TS First Frame  TS Prev Frame
Offset                                          
387      220032.0        390006.0       151306.5
306      212608.0      12142257.5       124976.0
335      189952.0       1245896.5       122349.5
45       186112.0       1090009.0       120843.0
155      179584.0       3746273.5       111831.5
110      208000.0      13774461.0       110930.0
503      201600.0      14524577.0       110648.5
95       167680.0       1357310.5       109684.5
339      172800.0        484330.0       104002.0
208      189440.0       9146048.0       102619.5
136      170752.0       1210354.0       102568.0
233      193920.0       3071597.0       101099.0
201      183808.0      12064870.5        98847.0
91       160384.0       1250584.5        98156.0
11       166912.0      12440123.5        96052.0
334      152064.0        493436.0        93626.0
159      155648.0        625628.0        92958.0
125      193408.0       9151695.0        87633.5
23       172032.0      10958629.0        85067.5
438      144768.0       1249929.5        80537.0
          Server1   Server2
Offset                     
339     316607.75  79523.50
224      19039.00   4833.25
482       9475.50   2438.25
136       8078.75   2089.75
412       4772.25   1259.25
487       3015.25    821.25
290       2849.00    772.00
382       2847.75    768.75
159       2827.75    770.25
311       2646.50    730.00
351       2617.50    719.00
55        2547.00    698.50
151       2531.75    690.50
343       2490.25    682.25
23        2487.00    675.25
462       2477.00    678.50
185       2431.50    667.75
243       2401.50    664.50
434       2364.25    654.25
377       2335.25    642.50
Round 4
        Timestamp  TS First Frame  TS Prev Frame
Offset                                          
155      179584.0       3746273.5       111831.5
362      204544.0       2073718.0       109042.0
339      172800.0        484330.0       104002.0
3        162816.0       2932655.5        97290.5
503      155136.0        498133.0        96289.0
334      152064.0        493436.0        93626.0
159      155648.0        625628.0        92958.0
230      159488.0      11561123.5        79951.5
222      136448.0        431678.5        78776.5
380      192512.0      12440712.5        77546.5
162      140800.0       1202753.0        77192.0
459      133632.0        389160.0        76701.0
166      129920.0        371184.5        72441.5
443      128512.0        445210.0        71399.0
96       136448.0        496762.0        70110.0
487      128384.0        419367.0        68684.5
16       126720.0        456918.0        61995.0
396      120576.0        460798.0        61293.0
468      120320.0        360425.0        61146.0
438      114944.0        458016.0        61141.0
         Server1  Server2
Offset                   
339     328146.0  82401.0
224      15609.0   3973.6
482       7947.8   2053.2
136       6793.8   1767.0
412       4120.0   1095.2
146       3838.0   1019.6
213       3555.2    950.4
350       3382.8    906.2
487       2810.6    767.8
290       2707.2    736.6
382       2638.8    716.2
159       2559.2    702.6
311       2537.8    700.6
351       2449.4    676.4
247       2449.4    675.4
55        2439.6    672.0
151       2436.8    666.0
462       2374.0    653.6
182       2362.2    648.2
329       2358.6    651.0
Round 5
        Timestamp  TS First Frame  TS Prev Frame
Offset                                          
339      198400.0        474906.0       134072.5
155      179584.0       3746273.5       111831.5
230      149248.0        443432.0        88705.0
159      168960.0       9925102.5        86276.5
79       163840.0       9123226.5        81137.5
222      141056.0        389738.0        81017.0
334      136064.0        475520.5        75490.0
503      130304.0        470637.0        72651.5
497      123520.0        417263.0        64282.0
459      118784.0        416405.0        62664.0
96       126208.0        478703.0        61482.5
341      136192.0        490737.0        61040.0
443      118016.0        412240.5        60532.5
449      115968.0        364020.5        57864.0
205      117248.0        459621.5        56135.0
482      115328.0        377596.5        55865.0
16       140416.0        476776.5        55516.0
396      118272.0        409592.5        55480.0
468      115456.0        402908.5        55443.0
453      113024.0        451416.0        55309.5
              Server1       Server2
Offset                             
339     341570.500000  85739.333333
224      13339.833333   3403.500000
482       6902.833333   1791.166667
417       6472.666667   1686.500000
136       5972.666667   1560.833333
412       3726.333333    996.000000
146       3566.166667    951.166667
213       3241.333333    870.666667
350       3108.666667    838.000000
510       2929.666667    791.833333
308       2911.500000    789.500000
487       2685.500000    734.666667
290       2618.833333    714.666667
311       2530.000000    698.000000
23        2507.166667    682.000000
382       2489.333333    678.500000
159       2431.666667    670.666667
247       2422.500000    668.833333
151       2387.833333    654.166667
351       2376.500000    657.666667
Round 6
        Timestamp  TS First Frame  TS Prev Frame
Offset                                          
339      198400.0        474906.0       134072.5
155      156160.0        498370.0        97540.0
159      168960.0       9925102.5        86276.5
79       163840.0       9123226.5        81137.5
96       136448.0        496762.0        70110.0
230      128256.0        419505.5        68765.5
222      125568.0        417311.5        66236.5
497      123520.0        417263.0        64282.0
341      136192.0        490737.0        61040.0
449      114944.0        365741.0        57408.0
334      152064.0        493436.0        57354.0
128      117376.0        456400.0        56843.0
210      112640.0        447496.0        56061.0
396      118272.0        409592.5        55480.0
468      115456.0        402908.5        55443.0
453      113024.0        451416.0        55309.5
25       138240.0        487177.0        54582.0
438      112384.0        452567.5        54219.5
419      113792.0        452198.0        53730.0
247      128512.0        445655.0        53484.0
              Server1       Server2
Offset                             
339     322727.571429  81025.142857
224      11735.428571   3002.428571
482       6170.571429   1608.857143
417       5776.142857   1510.571429
136       5415.428571   1422.142857
412       3450.285714    927.428571
146       3324.857143    892.571429
213       3075.714286    829.571429
350       2942.000000    796.142857
510       2772.714286    751.000000
308       2740.000000    746.714286
487       2629.571429    719.857143
290       2629.000000    718.714286
311       2511.142857    694.142857
288       2432.142857    671.428571
162       2422.428571    661.428571
23        2421.571429    662.571429
382       2396.714286    655.857143
159       2385.000000    659.571429
144       2379.571429    657.571429
Round 7
        Timestamp  TS First Frame  TS Prev Frame
Offset                                          
339      219648.0        484330.0       113926.0
155      156160.0        498370.0        97540.0
159      168960.0       9925102.5        86276.5
128      126976.0        448667.0        64853.0
96       126208.0        478703.0        61482.5
232      126208.0        463206.0        59216.5
79       115456.0        355094.0        57472.0
341      131456.0        477343.5        56750.5
191      115456.0        454431.0        56708.5
230      132608.0        395579.0        56699.0
446      117248.0        359429.0        55407.0
453      113024.0        451416.0        55309.5
449      115456.0        364020.5        54923.5
278      122368.0        486299.0        54449.5
202      124032.0        482081.5        54338.0
438      112384.0        452567.5        54219.5
509      123264.0        459361.5        54183.0
25       142464.0        489983.0        54027.0
334      151552.0        489809.0        53996.0
247      128512.0        445655.0        53484.0
           Server1    Server2
Offset                       
339     330422.250  82937.125
224      10522.750   2699.875
482       5793.875   1514.000
417       5277.000   1385.375
136       4977.375   1311.750
412       3179.875    859.000
146       3169.500    853.375
213       2904.500    788.000
487       2774.875    755.875
350       2753.875    749.375
510       2688.875    731.375
308       2631.125    719.500
290       2599.125    710.250
210       2470.375    689.125
311       2445.000    676.625
183       2435.250    667.375
162       2392.500    657.250
288       2365.250    656.125
144       2336.625    646.750
23        2336.125    641.875
Round 8
        Timestamp  TS First Frame  TS Prev Frame
Offset                                          
339      215680.0        499022.5       114492.0
159      155648.0        625628.0        79595.0
155      155648.0        495884.0        74009.5
315      149504.0        389649.0        66354.5
128      125056.0        452493.5        62458.0
438      114944.0        458016.0        61141.0
316      137216.0        475961.0        58478.5
79       115200.0        357881.5        58140.5
247      136448.0        468839.5        57216.5
446      130176.0        425680.5        55848.5
183      116864.0        406590.5        54901.5
468      117760.0        379742.0        54814.0
453      112512.0        403008.0        54553.0
141      115200.0        450320.0        54036.0
25       142464.0        489983.0        54027.0
93       114944.0        457793.5        54014.0
459      113280.0        369263.0        53825.5
419      122496.0        452198.0        53730.0
131      119296.0        373881.0        53709.0
105      118784.0        361452.0        53702.0
              Server1       Server2
Offset                             
339     335792.000000  84276.555556
224       9519.111111   2448.555556
510       6393.888889   1661.333333
375       5536.888889   1447.666667
482       5338.333333   1398.777778
417       4882.666667   1286.333333
136       4632.888889   1225.444444
146       3082.444444    831.555556
412       2976.333333    807.333333
213       2861.444444    777.555556
487       2793.888889    759.555556
290       2685.000000    731.888889
350       2662.888889    727.444444
308       2547.777778    698.111111
311       2430.666667    675.000000
183       2413.666667    664.000000
210       2403.555556    671.222222
247       2376.111111    657.444444
162       2358.000000    650.111111
288       2330.000000    646.444444
Round 9
        Timestamp  TS First Frame  TS Prev Frame
Offset                                          
339      211712.0        484330.0       115058.0
159      135296.0        490189.5        69070.0
438      118272.0        452567.5        61775.5
315      144384.0        393856.0        60105.0
128      126976.0        456320.0        60063.0
468      120320.0        386656.0        59888.0
316      130560.0        469123.0        58673.0
79       115200.0        357881.5        58140.5
96       118784.0        455184.5        57597.0
93       117504.0        457102.0        57311.0
247      136448.0        468839.5        57216.5
230      113920.0        443432.0        56699.0
446      119552.0        359876.0        56290.0
453      114944.0        445147.0        55954.0
259      115456.0        391377.0        55821.0
42       120320.0        379818.0        55329.0
293      117376.0        450668.5        54469.0
131      121600.0        370877.5        54362.5
232      128000.0        463206.0        54202.0
272      132096.0        471604.0        54160.5
         Server1  Server2
Offset                   
339     326334.4  81922.8
224       8740.8   2253.5
510       5927.8   1544.0
375       5179.4   1356.7
482       5025.0   1319.0
417       4569.6   1207.5
136       4373.5   1159.4
146       2962.3    801.6
412       2878.5    783.8
213       2720.3    740.8
487       2713.7    738.8
290       2629.8    718.2
350       2563.4    702.0
308       2490.2    684.9
503       2435.0    667.0
183       2426.2    667.5
311       2389.0    663.3
288       2354.4    652.4
247       2324.4    642.9
210       2318.1    648.2
Winning offset:
[339]
2021-09-08 01:02:39.240083
2021-09-08 01:02:59.287178
0:00:20.047095
Exception ignored in: <function Capture.__del__ at 0x7f32430565e0>
Traceback (most recent call last):
  File "/home/mlipp/.virtualenvs/kaslr/lib/python3.8/site-packages/pyshark/capture/capture.py", line 445, in __del__
  File "/home/mlipp/.virtualenvs/kaslr/lib/python3.8/site-packages/pyshark/capture/capture.py", line 436, in close
  File "/usr/lib/python3.8/asyncio/base_events.py", line 592, in run_until_complete
  File "/usr/lib/python3.8/asyncio/base_events.py", line 553, in _check_running
AttributeError: 'NoneType' object has no attribute '_get_running_loop'
