Loading page file profiles/lab06/pages/0x2a44b.yaml
Loading page file profiles/lab06/pages/0x2a460.yaml
Loading page file profiles/lab06/pages/0x2a4e3.yaml
Loading page file profiles/lab06/pages/0x2a4e5.yaml
Loading page file profiles/lab06/pages/0x2a800.yaml
Loading page file profiles/lab06/pages/0x2a804.yaml
Loading page file profiles/lab06/pages/0x2a805.yaml
RUN
Round 0
Round 1
Empty DataFrame
Columns: [Timestamp, TS First Frame, TS Prev Frame]
Index: []
         Server1  Server2
Offset                   
339     284410.5  71383.5
326      27751.5   7057.5
12        5614.5   1469.5
178       3243.5    867.0
80        3121.5    837.5
150       3092.0    827.5
240       3025.0    810.5
414       2895.5    787.5
386       2878.5    779.5
205       2814.5    762.0
1         2782.0    759.5
343       2741.5    745.5
367       2731.5    738.5
61        2727.5    745.5
173       2708.5    736.0
139       2688.0    731.0
111       2687.0    728.0
154       2616.5    712.5
312       2597.5    709.0
7         2589.0    703.0
Round 2
        Timestamp  TS First Frame  TS Prev Frame
Offset                                          
454      203392.0       8793680.5       128019.0
18       193280.0        810940.0       113516.0
66       159616.0      13660451.5        98126.5
17       162176.0       1314843.0        97210.0
8        179200.0      11511333.5        94852.0
267      173312.0       8952797.5        93859.0
140      163712.0      13017525.5        93622.0
139      208640.0      13115880.0        85269.0
300      153984.0      10773469.0        84375.0
179      187008.0      10853902.5        81473.0
85       168064.0       1923873.0        81446.5
419      140928.0       9079872.0        79215.0
326      138496.0        646714.5        77501.0
272      135168.0        560659.0        77048.5
387      158592.0        503065.5        75081.0
262      132864.0        664156.0        71330.5
293      151680.0        659554.0        68789.0
280      132224.0       1286271.0        68433.0
386      152448.0        768419.0        66199.5
420      125696.0       1051533.0        65836.5
              Server1       Server2
Offset                             
339     302417.666667  75882.666667
238      54065.333333  13681.000000
326      19074.333333   4869.000000
12        4408.333333   1167.000000
466       2747.666667    744.000000
178       2705.333333    735.333333
80        2703.333333    732.000000
382       2701.333333    734.000000
412       2653.333333    722.666667
117       2644.666667    718.666667
240       2634.333333    713.333333
150       2545.333333    691.000000
396       2505.666667    684.000000
415       2497.333333    679.666667
386       2488.333333    683.666667
342       2477.666667    676.666667
367       2477.000000    675.000000
205       2467.333333    671.333333
140       2449.333333    673.333333
343       2444.000000    671.333333
Round 3
        Timestamp  TS First Frame  TS Prev Frame
Offset                                          
339      212864.0        556792.5       130276.5
18       193280.0        810940.0       113516.0
94       193280.0       1308984.5       109655.5
17       162176.0       1314843.0        97210.0
8        179200.0      11511333.5        94852.0
361      180096.0      12155644.0        93676.5
140      163712.0      13017525.5        93622.0
139      208640.0      13115880.0        85269.0
300      153984.0      10773469.0        84375.0
161      156416.0       8055723.0        84238.5
117      153344.0      10835081.0        83213.0
273      188928.0      13796688.5        82463.0
85       168064.0       1923873.0        81446.5
457      194944.0       8094555.5        80092.0
265      139392.0       2582342.0        78157.5
326      138496.0        646714.5        77501.0
396      143104.0       1265556.0        77275.5
272      135168.0        560659.0        77048.5
210      155776.0        523916.0        75317.0
387      158592.0        503065.5        75081.0
          Server1   Server2
Offset                     
339     330951.25  83013.50
238      40986.00  10384.50
326      14719.25   3770.75
113       4099.75   1084.00
12        4059.75   1079.00
379       3775.75   1008.75
171       3634.25    973.50
235       3303.50    883.50
265       2650.50    723.00
117       2572.00    701.25
118       2549.75    697.25
178       2526.00    690.50
505       2518.25    684.25
412       2498.00    685.25
466       2494.25    680.50
386       2471.25    677.50
382       2465.25    672.25
150       2457.25    671.00
415       2448.50    667.50
226       2446.75    667.75
Round 4
        Timestamp  TS First Frame  TS Prev Frame
Offset                                          
339      212864.0        556792.5       130276.5
322      194304.0      13800372.5       127329.0
361      180096.0      12155644.0        93676.5
87       171520.0      12642473.5        81530.5
317      181632.0      11486837.0        80375.5
457      194944.0       8094555.5        80092.0
238      156928.0       1448182.5        78861.0
265      139392.0       2582342.0        78157.5
396      143104.0       1265556.0        77275.5
509      182528.0       8051660.0        75797.0
281      135936.0       7616164.5        73544.5
116      178944.0      14093273.0        73094.5
434      131968.0       8282172.5        71800.5
297      130304.0        428259.0        71244.0
282      131968.0        426303.0        69980.5
320      132608.0        429355.5        67227.5
211      129024.0        660213.5        66827.5
448      125056.0        495932.5        66370.5
266      138240.0        432583.0        65814.5
305      151808.0        460058.5        64501.5
         Server1  Server2
Offset                   
339     366642.0  91940.2
238      33176.8   8418.4
326      12098.8   3108.0
12        3626.0    969.0
113       3615.8    961.8
379       3397.8    911.6
171       3166.6    856.2
235       2956.4    797.8
178       2712.0    740.6
240       2615.6    713.4
265       2458.8    674.0
231       2406.8    662.4
117       2406.4    660.4
386       2400.8    663.2
118       2382.0    657.2
89        2375.4    652.8
412       2374.6    657.6
466       2368.8    652.6
382       2366.2    649.0
153       2363.6    650.6
Round 5
        Timestamp  TS First Frame  TS Prev Frame
Offset                                          
339      230912.0        532997.0       171835.0
17       192000.0       1344918.5        96911.0
85       168064.0       1923873.0        85372.0
157      123648.0        470177.0        68550.0
387      154752.0        504783.5        63298.0
145      137088.0        430859.0        62280.5
457      141440.0        519457.5        61973.5
44       121088.0        391627.0        61316.5
420      132352.0        474702.0        59930.0
192      151296.0        498920.0        57683.5
16       122624.0        464267.5        57460.0
211      129024.0        478245.5        57307.5
253      116352.0        414155.5        57286.0
115      118272.0        367881.0        57046.0
1        143616.0        439071.0        57031.0
272      140416.0        471190.0        56349.0
161      126592.0        463879.5        56174.5
334      121856.0        452862.0        56147.0
317      131328.0        420269.0        56028.5
262      115968.0        455189.0        55970.0
              Server1       Server2
Offset                             
339     346476.833333  86903.333333
238      28080.500000   7133.166667
326      12074.666667   3117.666667
12        3307.333333    888.333333
113       3287.500000    880.666667
379       3156.000000    851.000000
171       2946.166667    800.666667
235       2770.166667    750.833333
367       2763.000000    744.833333
178       2643.166667    723.166667
139       2527.500000    691.500000
240       2515.333333    687.666667
225       2447.000000    673.833333
265       2393.333333    657.000000
117       2377.833333    651.166667
415       2354.833333    646.000000
466       2335.833333    644.500000
192       2331.166667    641.166667
386       2324.000000    644.000000
89        2322.000000    638.833333
Round 6
        Timestamp  TS First Frame  TS Prev Frame
Offset                                          
339      230912.0        532997.0       171835.0
152      144640.0       1296881.0        74620.5
272      154880.0        496814.0        63627.0
457      141440.0        519457.5        61973.5
431      155392.0        565312.0        60890.0
420      132352.0        474702.0        59930.0
170      123904.0        367818.0        59464.0
292      117888.0        454027.5        59235.0
238      125312.0        415992.0        59141.0
289      129280.0        377826.5        59126.0
258      135168.0        493487.0        58669.0
192      151296.0        498920.0        57683.5
16       122624.0        464267.5        57460.0
324      123904.0        421768.5        56655.0
161      126592.0        463879.5        56174.5
317      131328.0        420269.0        56028.5
386      142592.0        506750.0        55968.0
252      120832.0        459153.0        55910.0
85       157568.0       1143939.0        55779.0
281      120320.0        462575.0        55556.0
              Server1       Server2
Offset                             
339     335613.142857  84241.857143
238      24342.285714   6191.714286
326      10619.857143   2747.428571
12        3294.285714    884.142857
113       3103.285714    832.857143
379       2944.571429    798.428571
171       2805.857143    765.571429
367       2637.142857    713.428571
235       2611.571429    711.000000
178       2565.428571    702.714286
139       2472.571429    677.428571
225       2466.428571    678.142857
505       2440.428571    666.000000
240       2429.428571    665.571429
131       2408.428571    663.000000
265       2340.714286    643.285714
117       2335.142857    640.285714
263       2333.000000    645.142857
402       2332.714286    641.285714
386       2320.285714    641.857143
Round 7
        Timestamp  TS First Frame  TS Prev Frame
Offset                                          
339      230912.0        532997.0       171835.0
272      154880.0        496814.0        63627.0
247      150272.0        490604.0        61120.0
431      155392.0        565312.0        60890.0
388      128000.0        401395.0        60556.0
170      123904.0        367818.0        59464.0
238      125312.0        465493.0        59141.0
258      135168.0        493487.0        58669.0
192      151296.0        498920.0        57683.5
16       122624.0        464267.5        57460.0
491      137856.0        451591.0        57247.5
85       160000.0       1787350.0        57180.0
44       119296.0        376673.0        55413.0
396      113408.0        410512.5        55290.5
145      135680.0        461223.0        54864.0
1        128128.0        414352.5        54851.0
20       139776.0        485819.0        54836.0
87       114688.0        453278.0        54830.0
252      117760.0        464004.0        54828.0
116      154880.0        591285.0        54819.0
           Server1    Server2
Offset                       
339     320832.625  80542.250
238      21590.750   5498.500
326       9504.500   2463.750
12        3114.125    839.500
113       2944.500    793.000
379       2807.375    764.250
171       2738.625    749.625
367       2553.250    692.750
235       2524.000    690.375
226       2512.500    685.625
178       2502.875    687.125
80        2401.750    659.625
225       2400.125    661.750
139       2383.125    655.500
240       2354.375    646.500
505       2352.000    644.000
131       2326.125    642.625
263       2321.250    641.500
144       2303.750    634.875
254       2301.625    631.875
Round 8
        Timestamp  TS First Frame  TS Prev Frame
Offset                                          
339      218752.0        517677.5       153534.0
85       157568.0       1151037.0        66659.5
238      130304.0        475976.0        65921.0
145      143872.0        467385.5        62280.5
431      156160.0        577430.5        62097.5
491      137856.0        451591.0        57247.5
272      154624.0        499756.0        56349.0
388      125440.0        383875.5        55114.5
247      136064.0        428268.0        55102.0
16       116224.0        457640.0        54965.0
44       115712.0        391627.0        54909.0
472      113152.0        453651.0        54902.0
66       115712.0        449505.0        54694.0
258      132992.0        488911.0        54683.5
407      129024.0        471644.0        53847.0
386      124672.0        487902.0        53847.0
93       115840.0        408904.0        53663.5
108      115072.0        404857.5        53638.0
372      118016.0        363548.0        53635.0
285      117248.0        369742.0        53621.0
              Server1       Server2
Offset                             
339     311335.777778  78159.555556
238      19381.222222   4941.888889
326       8652.111111   2247.111111
103       5566.333333   1452.444444
113       3085.444444    829.222222
12        2987.666667    808.666667
379       2717.000000    741.666667
171       2646.000000    726.222222
178       2484.777778    683.000000
367       2484.333333    676.222222
235       2417.666667    663.555556
226       2410.555556    661.333333
87        2397.000000    658.222222
80        2357.333333    648.666667
240       2329.777778    640.222222
139       2320.444444    639.555556
225       2318.555556    641.555556
144       2289.222222    630.666667
131       2284.777778    630.888889
254       2282.555556    628.555556
Round 9
        Timestamp  TS First Frame  TS Prev Frame
Offset                                          
339      206592.0        532997.0       135233.0
145      143872.0        467385.5        62280.5
272      154368.0        496814.0        59877.0
85       155136.0        514724.0        57180.0
16       122624.0        464267.5        57069.5
396      116224.0        363118.0        55984.0
472      117248.0        461886.0        55192.0
431      154752.0        530501.0        55016.5
142      119168.0        369058.0        54924.0
386      133632.0        487786.0        54907.5
20       139776.0        398865.0        54836.0
334      119552.0        459460.0        54721.0
387      142080.0        499348.0        54454.0
169      123136.0        463132.0        54400.0
228      114176.0        457574.0        54342.0
224      120576.0        449080.0        54229.0
240      115200.0        364243.0        53929.5
424      121984.0        456567.0        53912.5
93       115712.0        459423.0        53645.0
359      122112.0        496280.0        53600.0
         Server1  Server2
Offset                   
339     316570.5  79479.5
238      17618.3   4498.5
326       7974.0   2075.3
103       5214.5   1365.0
113       2943.6    795.0
12        2860.1    777.5
379       2635.0    722.0
171       2551.4    701.0
367       2450.0    667.9
178       2441.9    672.1
235       2367.0    651.8
226       2342.8    645.6
87        2334.1    642.9
80        2316.5    639.0
240       2305.3    635.5
139       2282.8    629.9
263       2279.9    631.1
225       2273.9    632.0
144       2263.1    625.0
254       2244.8    621.0
Winning offset:
[339]
2021-09-08 01:03:01.393528
2021-09-08 01:03:23.614629
0:00:22.221101
Exception ignored in: <function Capture.__del__ at 0x7f03cb32d5e0>
Traceback (most recent call last):
  File "/home/mlipp/.virtualenvs/kaslr/lib/python3.8/site-packages/pyshark/capture/capture.py", line 445, in __del__
  File "/home/mlipp/.virtualenvs/kaslr/lib/python3.8/site-packages/pyshark/capture/capture.py", line 436, in close
  File "/usr/lib/python3.8/asyncio/base_events.py", line 592, in run_until_complete
  File "/usr/lib/python3.8/asyncio/base_events.py", line 553, in _check_running
AttributeError: 'NoneType' object has no attribute '_get_running_loop'
