Loading page file profiles/lab06/pages/0x2a44b.yaml
Loading page file profiles/lab06/pages/0x2a460.yaml
Loading page file profiles/lab06/pages/0x2a4e3.yaml
Loading page file profiles/lab06/pages/0x2a4e5.yaml
Loading page file profiles/lab06/pages/0x2a800.yaml
Loading page file profiles/lab06/pages/0x2a804.yaml
Loading page file profiles/lab06/pages/0x2a805.yaml
RUN
Round 0
Round 1
Empty DataFrame
Columns: [Timestamp, TS First Frame, TS Prev Frame]
Index: []
         Server1  Server2
Offset                   
339     209894.0  52831.5
110       9068.0   2332.5
91        3116.5    828.5
135       2877.0    779.0
261       2846.0    776.0
79        2823.0    761.0
231       2798.5    754.5
258       2795.5    754.5
338       2723.5    741.0
40        2713.0    736.5
142       2667.0    728.5
34        2653.5    722.0
222       2631.0    715.0
250       2623.0    714.0
480       2602.0    714.0
293       2518.5    691.0
61        2507.5    682.0
375       2502.0    688.0
77        2477.5    676.5
313       2476.0    678.5
Round 2
        Timestamp  TS First Frame  TS Prev Frame
Offset                                          
428      193280.0       1298066.0       123823.0
157      197120.0        366309.5       116926.5
339      166272.0        413591.0       107309.5
38       165888.0       6801193.5       103819.5
493      160640.0       1269744.0       102588.0
257      190592.0      12759677.5       100754.5
129      171520.0      12944989.5        86406.5
195      200576.0        375245.5        86334.0
93       149888.0        701482.5        86156.0
64       197888.0       9154287.0        85253.0
186      143104.0       9918823.0        81262.0
311      164224.0       9890666.0        80273.5
340      161664.0       7201554.5        79782.5
385      142848.0       1178626.0        79108.5
225      152192.0      12446513.5        78031.0
500      158464.0       9982420.5        76236.5
223      136448.0        641668.5        74876.0
278      155648.0       6738046.0        74110.5
175      147840.0       5443044.5        73543.0
197      154752.0       5500892.0        73384.5
              Server1       Server2
Offset                             
339     257643.333333  64740.666667
131       8321.000000   2145.666667
110       6775.000000   1755.000000
254       4064.333333   1085.333333
34        3157.333333    849.000000
91        2696.000000    727.666667
79        2662.000000    722.666667
261       2607.000000    713.000000
117       2578.333333    699.333333
135       2535.000000    694.000000
231       2502.666667    680.666667
258       2502.333333    680.666667
295       2495.000000    677.666667
311       2472.000000    676.666667
187       2467.666667    679.333333
308       2446.000000    670.666667
40        2442.333333    669.666667
450       2399.666667    656.000000
338       2389.666667    656.666667
175       2368.666667    646.333333
Round 3
        Timestamp  TS First Frame  TS Prev Frame
Offset                                          
52       276480.0        656459.0       187989.0
339      166272.0        413591.0       107309.5
159      191104.0       7233796.5       104956.5
500      215040.0      18841010.0       103959.0
240      178944.0       1383147.5       103100.0
40       202752.0       1310830.5        97810.0
257      203776.0      12175350.0        97799.0
449      173312.0        668946.0        97524.0
122      155904.0        525392.5        97486.5
333      155648.0        496413.0        93043.0
385      153344.0        576964.0        89761.0
39       154880.0      13297848.0        88293.5
186      148736.0       2120152.0        87384.0
251      157952.0       3096118.0        86639.0
93       149888.0        701482.5        86156.0
64       197888.0       9154287.0        85253.0
146      148224.0       1972373.0        84740.0
92       164480.0       6490099.5        81148.0
340      161664.0       7201554.5        79782.5
431      160128.0        519416.0        76115.0
          Server1   Server2
Offset                     
339     225630.50  56724.25
131       6677.50   1733.75
110       5582.25   1455.00
254       3622.75    972.75
35        3618.00    968.00
152       3500.25    940.50
126       3483.75    928.75
34        2867.50    777.50
308       2693.25    731.00
242       2513.50    687.00
450       2495.25    681.00
295       2495.00    680.25
79        2473.75    677.25
195       2445.00    668.00
261       2440.75    672.00
91        2408.75    656.75
117       2402.75    655.25
77        2381.00    652.00
135       2371.50    654.00
311       2364.00    646.00
Round 4
        Timestamp  TS First Frame  TS Prev Frame
Offset                                          
339      184192.0        479342.0       125404.5
159      191104.0       7233796.5       104956.5
224      181504.0       3617797.0       104220.5
240      178944.0       1383147.5       103100.0
122      155904.0        525392.5        97486.5
333      155648.0        496413.0        93043.0
374      150528.0       2118845.0        91336.0
385      153344.0        576964.0        89761.0
186      148736.0       2120152.0        87384.0
146      148224.0       1972373.0        84740.0
500      163328.0       9645527.0        76412.0
18       132864.0        379587.0        74135.5
110      140032.0       1852815.5        74108.5
497      132096.0        473944.0        74064.0
257      158336.0       6267105.5        73899.5
160      137600.0       1266984.0        73872.0
450      157824.0        485055.0        73365.5
449      150656.0        570171.0        73193.0
181      126464.0        459719.5        68834.0
213      125184.0        460710.0        67254.0
         Server1  Server2
Offset                   
339     249220.4  62621.2
131       5739.6   1497.8
110       4880.6   1278.4
156       4077.8   1108.6
254       3274.4    885.0
35        3215.2    867.0
152       3199.4    863.0
164       3179.4    856.4
126       3080.8    827.8
34        2747.0    746.2
242       2501.4    685.0
367       2499.6    687.6
308       2466.4    675.8
462       2390.6    656.8
295       2387.6    654.8
450       2378.2    652.8
92        2373.0    650.8
311       2333.0    639.4
79        2327.6    640.2
117       2320.2    633.2
Round 5
        Timestamp  TS First Frame  TS Prev Frame
Offset                                          
339      184192.0        479342.0       125404.5
122      155136.0        398288.0        97461.0
374      150528.0       2118845.0        91336.0
110      149248.0       1611273.0        85035.0
240      145536.0        538816.5        80681.5
500      163328.0       9645527.0        76412.0
449      150656.0        570171.0        73193.0
76       134272.0       1233233.5        72991.5
337      146304.0        503699.5        70131.5
385      129536.0        511713.5        69255.0
181      126464.0        459719.5        68834.0
146      148352.0       2475929.0        66907.5
113      156672.0       1241512.5        66128.5
224      147328.0       1086422.0        64046.0
259      151808.0        566946.5        61359.0
480      164096.0        644661.0        61309.0
40       182784.0        527226.0        60407.0
213      122624.0        456767.5        60378.0
233      120576.0        374843.0        59861.0
463      129408.0        443837.0        59682.5
              Server1       Server2
Offset                             
339     231279.000000  58141.333333
131       5119.000000   1342.166667
110       4393.000000   1158.000000
156       3725.500000   1015.666667
254       3285.666667    888.000000
334       3132.000000    841.333333
164       2984.500000    806.833333
152       2968.666667    804.833333
35        2926.166667    793.500000
126       2818.833333    763.333333
34        2595.666667    708.000000
308       2570.500000    702.833333
242       2434.333333    666.500000
367       2411.666667    664.833333
178       2388.000000    657.166667
160       2366.833333    650.166667
295       2332.666667    640.333333
240       2315.333333    643.666667
92        2301.833333    633.333333
183       2301.833333    633.500000
Round 6
        Timestamp  TS First Frame  TS Prev Frame
Offset                                          
339      184192.0        481344.0       125404.5
374      150528.0       2118845.0        91336.0
240      145536.0        538816.5        80681.5
110      140032.0       1256890.0        74108.5
224      147328.0       1086422.0        64046.0
337      143744.0        503699.5        62660.5
40       182784.0        527226.0        60407.0
38       121344.0        473775.0        59857.0
254      121728.0        448590.0        57467.5
76       123264.0        463788.5        57414.5
257      116736.0        463351.5        56747.0
338      128640.0        467167.0        56733.5
469      117504.0        453289.5        56642.0
342      115840.0        409460.5        56625.5
453      124800.0        461846.0        56202.0
233      122112.0        415304.5        55449.5
1        121472.0        425990.5        55438.5
264      152320.0        497705.0        55427.0
190      116864.0        453392.5        55237.0
419      122112.0        460272.0        55233.0
              Server1       Server2
Offset                             
339     249247.714286  62632.428571
131       4848.714286   1273.571429
110       4044.142857   1071.285714
156       3539.571429    965.142857
254       3114.714286    844.000000
334       2983.428571    806.571429
164       2858.000000    774.714286
152       2778.571429    756.428571
35        2755.428571    751.142857
126       2619.142857    714.285714
34        2546.857143    698.428571
130       2539.571429    696.000000
308       2495.571429    682.285714
242       2422.285714    665.428571
295       2368.142857    649.428571
160       2359.000000    648.571429
393       2352.142857    650.714286
367       2349.285714    649.714286
178       2346.000000    646.000000
40        2292.714286    638.142857
Round 7
        Timestamp  TS First Frame  TS Prev Frame
Offset                                          
339      184192.0        481344.0       125404.5
374      150528.0       2118845.0        91336.0
40       166912.0        527226.0        61733.5
110      126848.0       1249134.5        61278.0
500      120064.0        516698.0        59628.0
39       144000.0        503685.5        59380.0
38       119552.0        464963.5        59287.0
240      119168.0        497172.5        58647.5
254      121728.0        448590.0        57467.5
16       127488.0        471064.0        57440.0
76       123264.0        463788.5        57414.5
190      117504.0        454959.0        57362.0
95       133888.0        482959.0        57359.0
490      119296.0        401948.0        57353.0
469      118016.0        453763.0        57249.0
257      116736.0        463351.5        56747.0
338      128640.0        467167.0        56733.5
453      124800.0        461846.0        56202.0
429      135680.0        477964.0        56190.0
450      145920.0        442305.5        56164.5
           Server1    Server2
Offset                       
339     246669.375  61978.375
131       4484.875   1182.750
110       3924.125   1040.750
156       3364.500    917.125
254       2988.625    812.250
334       2823.250    766.000
164       2737.375    744.625
152       2697.625    736.500
35        2610.750    715.000
126       2501.500    683.750
34        2444.375    674.250
160       2416.625    663.000
130       2415.500    664.875
242       2401.250    659.625
308       2400.375    660.125
178       2381.000    655.000
240       2367.000    654.875
295       2311.500    635.000
393       2304.125    637.750
367       2301.375    636.875
Round 8
        Timestamp  TS First Frame  TS Prev Frame
Offset                                          
339      188416.0        482568.0       121743.0
374      152320.0       1310475.0        70699.5
39       144000.0        503685.5        59380.0
110      122880.0        902507.0        59374.0
38       117760.0        456152.0        58717.0
490      119296.0        423784.0        58533.0
240      119296.0        464958.0        58474.0
258      123648.0        451636.0        57591.0
16       127488.0        471064.0        57440.0
338      128640.0        467167.0        56733.5
469      117504.0        453289.5        56642.0
254      119040.0        447714.0        56347.0
500      119296.0        483371.0        56050.5
85       117760.0        451384.0        55905.0
76       118016.0        455388.0        55102.0
130      124160.0        465988.5        54710.5
450      135424.0        446227.0        54709.0
257      115968.0        456042.0        54707.0
318      112256.0        352843.5        54577.0
378      112384.0        360430.5        54263.5
              Server1       Server2
Offset                             
339     267183.555556  67107.111111
131       4271.555556   1129.555556
110       3691.111111    983.000000
156       3238.555556    883.222222
254       2907.444444    791.111111
334       2694.444444    733.222222
164       2587.111111    706.444444
152       2547.000000    698.111111
35        2506.222222    688.777778
240       2486.222222    683.666667
249       2436.555556    672.222222
178       2418.555556    666.222222
126       2391.222222    657.222222
160       2390.222222    657.000000
130       2362.444444    652.111111
34        2340.666667    647.333333
308       2305.555556    636.111111
242       2282.000000    629.444444
295       2269.000000    625.111111
450       2257.333333    622.888889
Round 9
        Timestamp  TS First Frame  TS Prev Frame
Offset                                          
339      188800.0        486809.0       125404.5
374      152320.0       1310475.0        70699.5
110      121984.0        679452.0        58903.5
38       117760.0        456152.0        58717.0
240      119168.0        459288.0        57965.0
95       133888.0        482959.0        57359.0
254      119040.0        447714.0        56347.0
469      116992.0        452816.0        56035.0
12       117760.0        406732.0        55988.5
85       117760.0        451384.0        55905.0
32       128256.0        494231.0        55860.0
141      111104.0        448290.0        55261.0
224      118272.0        447402.0        54730.0
463      128384.0        479200.5        54591.0
201      116736.0        377266.0        54581.0
318      112256.0        352843.5        54577.0
16       122368.0        470858.0        54548.0
130      126720.0        469467.0        54478.0
472      122368.0        500677.0        54123.0
225      126720.0        466719.0        53933.5
         Server1  Server2
Offset                   
339     279458.6  70171.6
131       4022.3   1065.7
110       3482.0    931.1
156       3244.5    882.8
254       2813.7    766.7
334       2611.5    712.3
164       2503.2    685.6
152       2479.6    681.2
240       2428.3    668.4
35        2423.8    666.9
130       2421.6    666.3
160       2410.6    662.4
178       2389.0    658.7
242       2380.9    653.9
249       2373.8    656.0
126       2319.5    639.6
311       2311.6    634.3
34        2296.1    636.2
313       2273.7    628.5
450       2270.0    626.4
Winning offset:
[339]
2021-09-08 01:04:12.404922
2021-09-08 01:04:34.830646
0:00:22.425724
Exception ignored in: <function Capture.__del__ at 0x7fadfd8d75e0>
Traceback (most recent call last):
  File "/home/mlipp/.virtualenvs/kaslr/lib/python3.8/site-packages/pyshark/capture/capture.py", line 445, in __del__
  File "/home/mlipp/.virtualenvs/kaslr/lib/python3.8/site-packages/pyshark/capture/capture.py", line 436, in close
  File "/usr/lib/python3.8/asyncio/base_events.py", line 592, in run_until_complete
  File "/usr/lib/python3.8/asyncio/base_events.py", line 553, in _check_running
AttributeError: 'NoneType' object has no attribute '_get_running_loop'
