Loading page file profiles/lab06/pages/0x2a44b.yaml
Loading page file profiles/lab06/pages/0x2a460.yaml
Loading page file profiles/lab06/pages/0x2a4e3.yaml
Loading page file profiles/lab06/pages/0x2a4e5.yaml
Loading page file profiles/lab06/pages/0x2a800.yaml
Loading page file profiles/lab06/pages/0x2a804.yaml
Loading page file profiles/lab06/pages/0x2a805.yaml
RUN
Round 0
Round 1
Empty DataFrame
Columns: [Timestamp, TS First Frame, TS Prev Frame]
Index: []
         Server1  Server2
Offset                   
339     253604.0  64616.5
116      24447.5   6194.0
432       6713.5   1743.0
493       5759.5   1576.0
111       5482.5   1438.0
190       5254.0   1373.5
62        5159.0   1360.0
458       4904.5   1285.0
395       3479.0    928.0
192       3191.0    857.5
283       2825.0    763.5
367       2820.0    763.0
291       2782.5    755.0
311       2762.5    753.5
117       2760.0    744.5
385       2740.5    741.5
295       2705.0    727.5
426       2704.5    742.0
466       2699.0    726.0
284       2686.0    733.5
Round 2
        Timestamp  TS First Frame  TS Prev Frame
Offset                                          
157      394624.0       8653060.5       311628.5
368      227712.0        865144.0       145910.5
237      240256.0       8010892.0       136828.0
339      218368.0        511788.0       134882.0
181      196480.0       1092322.5       128886.5
358      209664.0       7674768.5       127918.5
334      193792.0        832528.5       120087.0
487      167296.0       1058358.5       112038.0
27       182656.0       8382412.5       103487.0
182      160768.0        404442.0       102708.0
178      166656.0       4398370.5        98811.0
235      157312.0        484038.0        93634.5
240      153600.0        444867.5        91450.5
305      149248.0        441041.0        91314.5
158      180736.0      11409205.0        90862.5
412      165760.0       8794051.0        90053.5
406      146304.0        390387.5        88236.5
83       152320.0       3509086.5        88084.5
447      172032.0        730853.0        86368.0
367      142848.0       1243624.0        85580.0
              Server1       Server2
Offset                             
339     221442.333333  56279.666667
116      16827.333333   4277.666667
432       5109.333333   1342.333333
148       4816.333333   1315.000000
493       4558.333333   1250.000000
341       4448.000000   1184.333333
111       4249.666667   1126.333333
190       4048.333333   1073.666667
62        3973.333333   1061.000000
458       3931.000000   1042.000000
395       2896.000000    781.333333
445       2794.333333    757.666667
192       2781.333333    757.666667
215       2688.333333    730.666667
367       2619.000000    712.333333
283       2610.333333    712.333333
326       2594.333333    707.333333
178       2558.333333    702.333333
243       2500.666667    684.000000
117       2476.333333    676.000000
Round 3
        Timestamp  TS First Frame  TS Prev Frame
Offset                                          
157      394624.0       8653060.5       311628.5
368      227712.0        865144.0       145910.5
339      214784.0        461558.0       137786.0
237      240256.0       8010892.0       136828.0
97       234752.0       1388341.0       136242.5
151      230144.0      20464743.0       121411.0
334      193792.0        832528.5       120087.0
482      190720.0       2979240.5       115343.5
358      201728.0        501221.0       110855.0
198      164352.0       1237073.0       103152.0
182      160768.0        404442.0       102708.0
414      176384.0       4992391.0        98325.0
108      203264.0       1903439.0        97876.0
45       155904.0       4938553.0        96399.5
498      156928.0       2065210.0        92660.0
152      168192.0       1287849.5        92013.0
305      149248.0        441041.0        91314.5
457      149632.0       5236380.5        91271.5
283      177792.0      13032101.0        90550.5
412      165760.0       8794051.0        90053.5
          Server1   Server2
Offset                     
339     269419.00  68139.50
243      19570.00   4966.75
116      13027.50   3325.25
432       4273.75   1132.50
148       4050.50   1109.50
493       3787.50   1045.75
341       3730.50   1002.75
111       3704.00    992.50
190       3412.00    914.75
62        3391.50    912.50
458       3360.25    900.75
395       2593.75    705.25
192       2583.50    708.50
144       2578.50    707.25
466       2560.75    693.25
445       2536.75    692.25
278       2501.25    687.50
367       2446.00    668.75
215       2446.00    669.50
269       2427.00    665.25
Round 4
        Timestamp  TS First Frame  TS Prev Frame
Offset                                          
339      218368.0        511788.0       149686.0
237      239360.0        580846.0       135401.0
192      209152.0       2469209.5       124185.5
358      201728.0        501221.0       110855.0
108      203264.0       1903439.0        97876.0
209      204032.0       1029615.0        97691.0
256      154880.0       1647673.0        97430.0
151      178944.0      11247281.5        94928.5
457      158720.0       2067349.0        93184.0
498      156928.0       2065210.0        92660.0
235      155392.0        567968.0        89715.0
155      148224.0        457171.0        87305.0
375      152064.0       9089976.5        86635.0
404      152576.0       2064664.0        86388.0
391      168192.0       7561476.5        85647.0
215      139520.0       2212250.0        83786.0
30       141056.0        482898.0        83310.0
191      166400.0       6257791.5        82896.5
27       134912.0        371621.0        82370.0
296      142720.0       1225391.0        78684.5
         Server1  Server2
Offset                   
339     287913.4  72664.6
243      16095.8   4094.0
116      10761.2   2756.2
432       3867.0   1028.8
148       3612.6    993.4
111       3353.6    904.2
493       3316.0    920.8
341       3281.0    889.2
190       3127.6    841.8
62        3092.4    835.6
458       3080.6    830.0
144       2549.4    699.8
466       2496.0    679.4
192       2476.0    681.2
278       2452.0    672.6
395       2413.0    660.4
269       2392.6    660.0
133       2384.8    655.8
445       2381.2    654.4
215       2367.0    650.4
Round 5
        Timestamp  TS First Frame  TS Prev Frame
Offset                                          
339      218368.0        511788.0       149686.0
209      204032.0       1029615.0        97691.0
256      154880.0       1647673.0        97430.0
151      178944.0      11247281.5        94928.5
457      158720.0       2067349.0        93184.0
237      196864.0        541665.5        92664.0
493      148480.0        397718.0        87541.0
358      177920.0        482342.5        81650.0
296      142720.0       1225391.0        78684.5
157      142976.0        703077.0        76643.0
337      136192.0        391480.0        75986.0
108      157952.0       1178230.5        74453.0
364      155264.0        446058.5        73226.0
204      131456.0       1027399.5        72723.5
322      130304.0        422984.0        72516.0
46       131328.0        451371.0        71150.0
2        126464.0        422762.0        67872.0
482      148224.0        468566.5        67421.5
27       137856.0        422813.0        67266.5
392      128512.0        470559.5        66469.0
              Server1       Server2
Offset                             
339     267072.000000  72632.833333
243      13680.500000   3489.000000
116       9292.333333   2388.666667
432       3521.833333    941.000000
148       3314.000000    912.833333
111       3104.500000    840.166667
341       3035.333333    825.333333
493       2961.833333    826.333333
190       2891.666667    782.166667
62        2867.666667    780.000000
458       2801.000000    760.000000
434       2626.166667    717.500000
278       2617.166667    715.000000
144       2513.500000    688.000000
466       2394.833333    655.000000
445       2383.166667    653.166667
269       2377.500000    655.500000
431       2362.000000    647.500000
192       2353.333333    649.333333
367       2305.500000    634.333333
Round 6
        Timestamp  TS First Frame  TS Prev Frame
Offset                                          
339      214784.0        545045.0       146518.0
482      154112.0        488427.0        83719.0
256      135936.0       1054583.5        75734.5
322      130304.0        422984.0        72516.0
457      135552.0       1258697.5        72195.5
296      152448.0       1244006.0        69412.0
493      132864.0        421341.5        68784.5
151      154112.0       2029820.0        68446.0
215      136320.0       1345463.0        66248.5
53       154496.0        528299.5        62478.0
337      123776.0        371763.5        62418.0
503      126464.0        466075.0        62320.0
204      122880.0        450716.0        62181.0
235      155136.0        567968.0        61503.0
106      122624.0        413392.5        61080.5
276      154624.0       1623251.0        59276.0
475      136960.0        494226.0        57375.5
351      151808.0        492824.0        56392.0
278      115456.0        447008.0        56284.0
185      124928.0        510392.0        56040.0
              Server1       Server2
Offset                             
339     267281.428571  71931.142857
243      11926.571429   3048.714286
116       8208.000000   2116.000000
322       3638.285714    997.428571
432       3268.000000    878.142857
148       3076.714286    850.285714
111       2901.571429    788.428571
493       2827.571429    788.142857
341       2814.714286    769.428571
190       2704.571429    736.285714
62        2691.428571    736.142857
458       2634.857143    717.571429
192       2573.285714    705.428571
434       2564.000000    700.857143
278       2471.857143    678.857143
431       2463.571429    676.714286
144       2459.000000    672.857143
269       2339.142857    645.857143
466       2333.857143    641.142857
445       2331.571429    640.857143
Round 7
        Timestamp  TS First Frame  TS Prev Frame
Offset                                          
339      212864.0        503301.5       142152.0
391      165504.0       7563178.0        83056.5
322      130304.0        422984.0        72516.0
457      131328.0       1258697.5        70096.5
482      148224.0        475479.5        67941.5
354      154752.0        509229.5        62802.0
53       154496.0        528299.5        62478.0
475      125184.0        447913.0        62236.0
106      122624.0        413392.5        61080.5
503      124032.0        468626.5        60536.5
151      140928.0       1265050.0        59882.0
235      139648.0        517368.0        57526.0
204      131456.0        424054.0        56682.0
215      133120.0        478676.0        56091.0
358      139776.0        461016.0        55463.0
243      120576.0        500294.0        55013.0
118      116224.0        455386.0        54823.0
276      138752.0       1043555.0        54654.5
185      112896.0        463388.0        54403.0
256      154880.0        498595.0        54039.0
           Server1    Server2
Offset                       
339     344601.375  90634.250
243      10859.250   2780.500
116       7398.375   1913.375
322       3403.375    934.625
432       3089.375    834.625
148       2917.000    807.125
111       2777.250    756.375
341       2736.250    750.625
332       2664.875    727.250
493       2652.250    739.875
62        2624.625    719.250
190       2551.375    698.625
458       2515.500    688.000
434       2505.500    686.375
192       2473.625    679.875
144       2465.000    674.625
278       2416.375    664.750
431       2400.875    661.875
466       2390.750    655.875
269       2315.625    640.875
Round 8
        Timestamp  TS First Frame  TS Prev Frame
Offset                                          
339      214784.0        545045.0       140871.0
322      145408.0        450831.0        89673.0
457      131328.0       1258697.5        70096.5
493      131456.0        421341.5        66924.0
106      124160.0        458964.0        63127.0
475      132480.0        462180.0        57375.5
351      151808.0        490392.0        56392.0
185      124928.0        510392.0        56040.0
391      110080.0        452768.0        54965.0
503      121472.0        461634.0        54963.5
276      138752.0       1043555.0        54654.5
354      154368.0        497592.0        54381.0
267      133504.0        384089.5        54153.0
124      121344.0        406823.0        53804.5
118      114688.0        454951.5        53653.0
235      124160.0        466768.0        53616.0
278      115968.0        440259.0        53518.0
296      149248.0        395786.0        53389.0
122      115456.0        451979.0        53384.0
243      118272.0        475564.5        53149.0
              Server1       Server2
Offset                             
339     333341.000000  87348.777778
243       9854.666667   2528.333333
116       6741.666667   1748.555556
322       3215.666667    885.333333
432       2954.333333    800.777778
148       2870.111111    793.000000
111       2659.111111    727.111111
341       2622.666667    721.222222
332       2547.444444    697.222222
434       2542.111111    695.666667
493       2527.888889    705.444444
62        2522.111111    692.666667
190       2519.222222    692.333333
144       2473.666667    676.333333
466       2401.444444    658.111111
458       2396.555556    657.000000
192       2390.333333    658.333333
431       2315.444444    638.888889
278       2310.222222    637.555556
263       2309.333333    636.777778
Round 9
        Timestamp  TS First Frame  TS Prev Frame
Offset                                          
339      214784.0        545045.0       140871.0
322      141056.0        461920.5        72516.0
106      128000.0        481880.0        63127.0
475      132480.0        462180.0        57375.5
185      140032.0        486890.0        55221.5
503      121472.0        461634.0        54963.5
278      128000.0        419198.5        54901.0
354      154368.0        497592.0        54381.0
124      121344.0        406823.0        53804.5
169      113152.0        358490.0        53769.0
118      114688.0        454951.5        53653.0
235      121216.0        459781.5        53582.5
257      133248.0        462587.5        53474.5
487      114688.0        444667.0        53065.5
282      115584.0        407263.0        53041.5
267      113536.0        384089.5        52986.5
162      111360.0        410495.5        52894.0
231      116992.0        455971.5        52843.5
382      116736.0        491691.0        52836.0
122      114304.0        450012.5        52831.0
         Server1  Server2
Offset                   
339     326497.0  85262.9
243       9052.3   2327.4
116       6265.9   1629.9
322       3072.7    847.3
432       2862.1    777.9
148       2786.5    770.4
341       2651.7    727.3
111       2579.9    707.2
434       2494.9    685.5
332       2483.4    682.5
493       2473.3    690.5
144       2455.3    672.1
62        2434.3    670.6
190       2418.8    666.4
160       2368.9    651.6
458       2344.7    644.0
466       2329.7    640.7
418       2329.4    641.8
269       2308.6    639.7
210       2303.8    632.3
Winning offset:
[339]
2021-09-08 01:09:19.330013
2021-09-08 01:09:40.311958
0:00:20.981945
Exception ignored in: <function Capture.__del__ at 0x7fc24adb55e0>
Traceback (most recent call last):
  File "/home/mlipp/.virtualenvs/kaslr/lib/python3.8/site-packages/pyshark/capture/capture.py", line 445, in __del__
  File "/home/mlipp/.virtualenvs/kaslr/lib/python3.8/site-packages/pyshark/capture/capture.py", line 436, in close
  File "/usr/lib/python3.8/asyncio/base_events.py", line 592, in run_until_complete
  File "/usr/lib/python3.8/asyncio/base_events.py", line 553, in _check_running
AttributeError: 'NoneType' object has no attribute '_get_running_loop'
