Loading page file profiles/lab06/pages/0x2a44b.yaml
Loading page file profiles/lab06/pages/0x2a460.yaml
Loading page file profiles/lab06/pages/0x2a4e3.yaml
Loading page file profiles/lab06/pages/0x2a4e5.yaml
Loading page file profiles/lab06/pages/0x2a800.yaml
Loading page file profiles/lab06/pages/0x2a804.yaml
Loading page file profiles/lab06/pages/0x2a805.yaml
RUN
Round 0
Round 1
Empty DataFrame
Columns: [Timestamp, TS First Frame, TS Prev Frame]
Index: []
         Server1  Server2
Offset                   
339     164530.5  41454.5
431       8620.5   2223.0
366       6718.5   1914.0
103       6514.0   1698.0
71        6442.5   1676.5
167       5610.0   1481.5
77        5590.5   1467.0
164       5378.5   1407.0
320       5252.5   1380.0
52        4999.5   1316.5
370       3008.5    811.5
92        2909.0    786.5
130       2867.0    779.5
476       2839.0    769.5
329       2790.5    751.5
341       2686.5    730.0
151       2642.0    716.0
192       2614.5    711.5
154       2613.0    707.5
475       2590.5    706.5
Round 2
        Timestamp  TS First Frame  TS Prev Frame
Offset                                          
73       195200.0       1307003.5       131970.5
121      182912.0       1863014.0       122016.0
165      172288.0       2118858.0       111314.0
258      168576.0      12356935.5       106711.0
237      167424.0       1359114.0       100900.5
350      199168.0      12332316.5        99809.5
461      162304.0        533273.0        98079.5
338      184704.0        555161.0        97301.5
282      173824.0       1360017.5        97150.0
339      171520.0        461628.0        89533.5
433      149504.0       4943801.5        89244.0
116      149632.0       1839365.5        84923.5
459      175360.0      11553036.5        84683.5
366      153600.0       1266305.0        82632.5
509      174592.0      10971330.5        81139.5
431      145024.0        547758.0        79892.5
375      169984.0       1193875.0        78131.5
324      170880.0       5733952.0        77823.0
484      160000.0       1940206.5        77604.0
190      185216.0      11753323.5        75669.0
              Server1       Server2
Offset                             
339     159652.666667  40264.000000
431       6378.000000   1659.333333
366       5171.666667   1475.666667
103       4988.333333   1312.333333
71        4899.000000   1292.000000
167       4455.000000   1186.000000
77        4322.000000   1150.666667
164       4243.666667   1125.666667
320       4117.333333   1097.666667
52        3924.000000   1050.333333
370       2794.666667    767.000000
130       2705.666667    740.666667
114       2688.666667    728.333333
329       2635.000000    718.000000
338       2613.333333    722.000000
243       2590.000000    704.666667
215       2579.333333    715.666667
160       2579.000000    707.666667
92        2578.666667    707.000000
154       2500.333333    681.333333
Round 3
        Timestamp  TS First Frame  TS Prev Frame
Offset                                          
165      172288.0       2118858.0       111314.0
338      184704.0        555161.0        97301.5
237      154624.0       2314037.0        96761.0
243      160768.0       1335657.0        96617.0
184      165760.0      12803506.5        95896.5
160      155264.0       1238756.5        91136.5
339      184576.0        491795.0        85561.0
296      146816.0       1261593.5        81055.5
152      147456.0       3553995.0        80164.0
130      137856.0        580704.5        79457.0
283      140800.0      13589963.0        78276.0
375      169984.0       1193875.0        78131.5
390      141568.0      15566415.0        77840.0
455      162688.0      15418421.0        77788.5
370      138368.0      15677284.5        77273.0
0        131840.0        497222.0        74355.0
487      134144.0        426943.0        74248.5
505      132096.0        485536.0        73029.0
320      128256.0       1897012.0        70367.0
509      128000.0       2260948.0        69491.0
          Server1   Server2
Offset                     
339     187897.00  47310.25
431       5285.50   1388.00
366       4324.00   1234.00
103       4306.25   1143.50
71        4065.25   1081.00
167       3869.50   1039.50
77        3783.25   1014.25
320       3668.50    984.00
164       3616.50    967.75
52        3401.75    920.75
160       2773.75    756.75
370       2577.50    709.50
290       2564.75    708.50
92        2544.75    694.75
130       2537.75    696.50
215       2484.25    686.75
114       2475.25    676.00
151       2463.75    675.00
505       2455.75    678.00
338       2448.50    678.50
Round 4
        Timestamp  TS First Frame  TS Prev Frame
Offset                                          
339      188032.0        463190.5       105949.0
431      153984.0       1235818.5        89776.5
73       144768.0       1226880.0        82217.5
320      140800.0       1172823.0        79498.5
215      141056.0       1260769.0        79467.0
237      136576.0       1384274.0        78913.0
298      143616.0       1230136.0        77816.5
370      138368.0      15677284.5        77273.0
338      155648.0        555161.0        76861.5
446      177536.0       1306190.5        76638.5
243      133376.0        610010.0        75320.0
0        131840.0        497222.0        74355.0
162      133120.0        426814.0        73676.0
395      149888.0       1166391.0        73560.0
226      141696.0       1054804.5        71737.0
69       130816.0        526415.0        70455.0
424      129280.0        454384.0        70332.0
509      128000.0       2260948.0        69491.0
78       132352.0        552028.0        69285.5
6        150272.0       2095061.5        68066.0
         Server1  Server2
Offset                   
339     193848.0  48792.8
431       4560.4   1204.8
103       3862.8   1030.4
366       3823.4   1089.2
203       3685.0    986.2
71        3653.0    974.6
167       3540.4    953.6
320       3474.8    932.8
77        3383.2    911.4
164       3220.4    868.8
52        3057.4    831.8
160       2709.6    739.0
151       2700.8    733.0
370       2577.4    709.0
503       2575.0    706.2
321       2539.2    698.8
192       2503.8    686.2
290       2497.2    688.0
297       2457.4    676.4
215       2441.2    674.0
Round 5
        Timestamp  TS First Frame  TS Prev Frame
Offset                                          
339      184576.0        434586.0       109284.0
162      154880.0        497907.0        92609.0
320      140800.0       1172823.0        79498.5
237      136576.0       1384274.0        78913.0
486      154368.0        569772.0        77423.0
395      149888.0       1166391.0        73560.0
226      141696.0       1054804.5        71737.0
446      155392.0        544055.0        69911.0
78       132352.0        552028.0        69285.5
431      126976.0        640071.0        68424.0
455      162688.0       1109713.0        66281.5
243      122368.0        532331.5        65559.0
27       126592.0        510154.0        64195.0
402      154880.0        563604.0        63113.0
509      122112.0       1361683.5        62129.5
424      122624.0        456169.0        62064.5
459      122752.0        369432.0        61355.5
245      122752.0       1100278.0        61300.0
187      116096.0        493468.5        61059.5
306      144128.0        500278.0        60950.0
              Server1       Server2
Offset                             
339     233431.833333  58675.833333
401       4814.333333   1268.500000
431       4090.333333   1084.000000
103       3530.166667    945.500000
366       3511.833333    998.333333
71        3396.833333    910.666667
203       3338.000000    897.500000
167       3279.333333    886.166667
320       3225.833333    869.333333
77        3142.333333    848.166667
164       2936.833333    795.333333
52        2797.666667    768.333333
151       2672.500000    726.000000
160       2640.500000    722.000000
503       2626.833333    718.000000
279       2610.833333    708.166667
297       2576.333333    704.666667
370       2479.833333    682.666667
192       2452.166667    671.500000
290       2434.666667    671.166667
Round 6
        Timestamp  TS First Frame  TS Prev Frame
Offset                                          
339      188032.0        455552.5       117810.5
162      133120.0        426814.0        71254.0
320      129152.0        435451.0        69790.0
338      151168.0        589000.5        69782.0
431      126976.0        640071.0        68424.0
446      145024.0        522521.5        64805.5
486      145792.0        533611.5        64333.0
340      127744.0       1804206.0        64317.0
455      154880.0        621825.0        64028.0
237      118528.0        454511.0        61065.0
292      123648.0       1624795.0        60854.0
144      133888.0       1069282.5        60712.5
496      117504.0        463736.0        59976.0
57       123392.0        470100.0        59951.0
459      118784.0        369432.0        59666.5
316      118272.0        495319.5        59217.5
254      142848.0       1138204.5        59108.5
426      139776.0        491546.0        58826.0
270      115712.0        364734.0        58782.5
222      117504.0        359255.0        58776.0
              Server1       Server2
Offset                             
339     258103.571429  64839.571429
401       4332.428571   1148.142857
431       3787.714286   1009.428571
103       3366.428571    904.142857
366       3266.857143    929.142857
203       3258.857143    876.714286
71        3216.571429    865.714286
167       3055.142857    829.714286
320       3002.714286    812.428571
77        2944.142857    798.571429
164       2794.714286    759.142857
52        2623.000000    723.857143
151       2605.714286    710.000000
279       2596.285714    705.142857
160       2592.428571    710.000000
297       2529.857143    693.142857
503       2500.428571    686.571429
85        2494.142857    688.571429
55        2448.428571    673.571429
130       2426.285714    666.142857
Round 7
        Timestamp  TS First Frame  TS Prev Frame
Offset                                          
339      191488.0        476519.0       126337.0
162      133120.0        426814.0        71254.0
298      133248.0        428410.0        71054.0
320      129152.0        435451.0        69790.0
338      151168.0        589000.5        69782.0
431      126976.0        569426.0        68424.0
446      145024.0        522521.5        64805.5
486      145792.0        533611.5        64333.0
455      154880.0        621825.0        64028.0
459      120320.0        371942.0        60947.0
237      116480.0        429351.0        60231.0
350      120704.0       1040137.5        60183.0
57       123392.0        470100.0        59951.0
496      118528.0        521727.0        59698.0
222      117504.0        359255.0        58776.0
316      116736.0        498497.0        58718.0
270      117760.0        365393.0        58516.0
340      128512.0       1152609.5        58415.5
367      114944.0        368571.0        58037.0
229      120832.0        530813.0        57685.0
           Server1    Server2
Offset                       
339     253679.500  63732.875
175       6807.875   1769.000
401       4001.375   1065.250
431       3530.250    943.125
103       3187.000    858.500
71        3120.875    841.000
203       3070.500    829.625
366       3031.125    864.125
167       2936.500    799.500
320       2801.750    761.625
77        2795.625    761.875
164       2692.625    733.625
151       2561.625    698.500
279       2534.250    689.500
160       2525.875    692.625
52        2495.625    690.500
297       2476.125    678.875
85        2463.250    678.875
503       2458.000    676.375
370       2447.375    673.875
Round 8
        Timestamp  TS First Frame  TS Prev Frame
Offset                                          
339      191488.0        476519.0       126337.0
162      154880.0        497907.0        92609.0
320      128256.0        442975.0        69213.0
431      126976.0        569426.0        68424.0
424      122624.0        456169.0        62064.5
298      118272.0        459597.0        61055.0
459      120320.0        371942.0        60947.0
144      127872.0        558219.0        60712.5
446      138240.0        500988.0        59700.0
496      118528.0        521727.0        59698.0
420      119552.0        449700.0        59606.0
237      118528.0        454511.0        59397.0
270      118528.0        432918.0        58782.5
222      117504.0        359255.0        58776.0
316      116736.0        498497.0        58718.0
239      115328.0        413396.0        58529.0
340      128512.0       1152609.5        58415.5
103      114432.0        403522.0        57638.5
405      115712.0        546543.0        57615.0
455      139136.0        556529.0        57609.0
              Server1       Server2
Offset                             
339     250893.444444  63029.777778
175       6256.222222   1629.666667
401       3726.000000    996.222222
232       3450.666667    925.333333
431       3321.333333    892.000000
71        3073.888889    828.555556
103       3043.555556    822.555556
203       2947.111111    798.777778
366       2931.555556    834.444444
167       2859.666667    780.111111
164       2689.444444    732.444444
320       2680.444444    730.555556
77        2676.000000    731.555556
151       2631.333333    715.555556
279       2494.333333    679.444444
160       2493.000000    683.777778
297       2442.666667    670.777778
503       2435.666667    670.000000
370       2397.555556    661.555556
85        2395.222222    662.333333
Round 9
        Timestamp  TS First Frame  TS Prev Frame
Offset                                          
339      184576.0        478526.0       111403.0
431      137344.0        604748.5        74409.0
222      145792.0       1233948.0        74321.5
459      118784.0        369432.0        59666.5
496      117504.0        463736.0        59420.0
320      120192.0        432621.5        59202.5
254      142848.0       1138204.5        59116.5
270      118528.0        475029.0        58782.5
420      119552.0        449265.5        57642.5
494      133120.0        477278.0        57431.0
341      115968.0        397002.0        57397.0
218      112384.0        365986.0        57277.0
103      113664.0        361549.0        57163.0
321      122624.0        467942.0        56400.0
239      118272.0        470370.0        56370.0
446      136448.0        490193.0        56116.5
42       112384.0        454620.0        56029.0
436      114688.0        457091.0        55977.0
62       119552.0        483534.0        55925.0
298      118272.0        398514.0        55888.0
         Server1  Server2
Offset                   
339     252904.9  63531.9
320      32917.3   8282.3
175       5820.1   1518.9
401       3512.1    942.6
232       3275.0    880.8
431       3133.1    845.0
71        2959.9    799.6
167       2942.5    800.7
103       2924.7    792.4
203       2851.8    774.5
366       2827.3    804.3
151       2584.7    704.4
77        2578.2    707.2
164       2568.2    702.2
279       2458.2    670.9
160       2413.1    663.3
503       2370.6    653.3
370       2361.2    651.5
297       2354.9    648.3
290       2354.6    647.8
Winning offset:
[339]
2021-09-08 01:10:05.566540
2021-09-08 01:10:27.460358
0:00:21.893818
Exception ignored in: <function Capture.__del__ at 0x7f2a0dbd95e0>
Traceback (most recent call last):
  File "/home/mlipp/.virtualenvs/kaslr/lib/python3.8/site-packages/pyshark/capture/capture.py", line 445, in __del__
  File "/home/mlipp/.virtualenvs/kaslr/lib/python3.8/site-packages/pyshark/capture/capture.py", line 436, in close
  File "/usr/lib/python3.8/asyncio/base_events.py", line 592, in run_until_complete
  File "/usr/lib/python3.8/asyncio/base_events.py", line 553, in _check_running
AttributeError: 'NoneType' object has no attribute '_get_running_loop'
