Loading page file profiles/lab06/pages/0x2a44b.yaml
Loading page file profiles/lab06/pages/0x2a460.yaml
Loading page file profiles/lab06/pages/0x2a4e3.yaml
Loading page file profiles/lab06/pages/0x2a4e5.yaml
Loading page file profiles/lab06/pages/0x2a800.yaml
Loading page file profiles/lab06/pages/0x2a804.yaml
Loading page file profiles/lab06/pages/0x2a805.yaml
RUN
Round 0
Round 1
Empty DataFrame
Columns: [Timestamp, TS First Frame, TS Prev Frame]
Index: []
         Server1  Server2
Offset                   
339     160930.5  40395.0
384       3648.5    967.0
474       3125.0    847.0
185       2918.5    792.5
134       2905.0    784.0
507       2865.0    779.0
175       2819.5    759.5
14        2812.0    754.5
276       2799.5    758.5
320       2714.5    742.5
117       2712.5    729.0
343       2590.5    706.0
263       2578.0    702.5
327       2573.0    704.5
500       2526.5    689.5
119       2525.0    691.0
453       2524.0    686.0
210       2516.0    683.0
154       2500.0    684.5
338       2474.0    681.0
Round 2
        Timestamp  TS First Frame  TS Prev Frame
Offset                                          
201      169216.0       2795540.5       107284.0
236      177792.0      11247000.0       103590.0
262      163200.0       1195055.5       100117.5
30       174976.0       8306638.5        92343.5
390      194688.0      13787424.0        91213.5
73       155392.0        666595.5        89866.0
354      172160.0      11158655.0        84958.0
95       169728.0      12722858.0        84520.5
396      151040.0       1370698.0        83854.0
246      143104.0        531442.5        83552.5
193      166528.0       8350750.5        83388.5
225      136320.0        641063.0        77142.5
241      155136.0       8086392.5        75005.0
155      162432.0       3040813.0        73212.0
467      155520.0       7090255.5        73100.0
13       131968.0        471956.5        73076.0
2        143232.0       1365095.5        72955.5
98       132096.0       1257362.0        72924.5
332      128000.0       8011001.0        69441.5
410      126848.0        371072.5        69164.5
              Server1       Server2
Offset                             
339     249142.666667  62485.000000
300       7654.000000   1975.333333
384       3728.000000    984.000000
187       2635.666667    718.333333
185       2568.333333    703.666667
474       2554.333333    701.333333
134       2533.333333    690.000000
201       2528.666667    687.666667
507       2513.666667    688.000000
500       2505.333333    684.333333
14        2473.666667    673.000000
175       2447.666667    669.000000
276       2412.333333    661.000000
383       2407.666667    661.333333
320       2397.333333    662.666667
343       2387.666667    658.333333
354       2382.333333    654.000000
270       2380.333333    659.666667
210       2379.666667    649.000000
178       2377.000000    657.000000
Round 3
        Timestamp  TS First Frame  TS Prev Frame
Offset                                          
185      205312.0      15435231.5       137366.5
367      191232.0      12354081.5       122473.0
339      227328.0        653325.0       122042.0
123      184320.0       1391259.0       121953.0
213      194816.0       1271199.5       110139.5
236      177792.0      11247000.0       103590.0
262      163200.0       1195055.5       100117.5
129      164352.0      12759216.5        97973.0
276      156800.0       1282129.5        96802.5
347      157184.0        500466.0        92360.0
30       174976.0       8306638.5        92343.5
334      180864.0      13775109.0        91376.0
390      194688.0      13787424.0        91213.5
119      154112.0        493258.0        90025.0
201      154368.0        492214.0        85863.0
96       171776.0      12375826.0        85073.0
354      172160.0      11158655.0        84958.0
95       169728.0      12722858.0        84520.5
263      170368.0      11634184.5        84260.5
396      151040.0       1370698.0        83854.0
          Server1   Server2
Offset                     
339     246244.75  61767.50
97       15142.50   3860.00
300       6104.75   1587.50
309       5075.75   1329.25
324       3480.00    934.50
384       3287.50    874.75
192       2599.50    711.75
160       2566.25    700.00
503       2508.25    685.00
414       2476.75    681.75
185       2407.25    663.75
263       2404.75    658.00
187       2396.75    658.00
386       2396.50    659.25
134       2394.00    654.75
201       2392.50    655.75
210       2383.50    652.00
276       2332.50    640.50
500       2329.50    640.00
178       2327.50    644.25
Round 4
        Timestamp  TS First Frame  TS Prev Frame
Offset                                          
339      227328.0        653325.0       122042.0
129      164352.0      12759216.5        97973.0
87       153856.0       1105526.0        94308.0
347      157184.0        500466.0        92360.0
119      154112.0        493258.0        90025.0
201      154368.0        492214.0        85863.0
260      140544.0        485812.0        77295.0
192      171264.0        517331.0        75356.0
29       131840.0        422263.5        73536.0
216      127232.0        452344.0        65951.0
367      129792.0        384653.0        64987.0
95       127232.0       2020657.0        64984.0
222      147840.0       1077302.5        64942.5
199      150784.0        491730.0        62452.0
343      117504.0        462307.0        60038.0
185      113664.0        452115.0        58714.0
440      118016.0        374271.0        57368.0
73       117760.0        452637.0        57166.0
352      113408.0        355065.0        56929.0
499      116736.0        458195.0        56269.0
         Server1  Server2
Offset                   
339     277433.0  69574.6
97       12583.2   3215.8
300       5305.6   1387.6
309       4335.0   1143.2
324       3102.0    839.8
384       3073.0    824.6
187       2975.2    809.0
343       2652.8    725.0
185       2637.0    720.8
201       2559.0    696.4
178       2550.2    698.4
160       2495.6    683.8
73        2484.4    686.6
182       2449.0    664.6
254       2446.8    668.0
503       2443.2    667.8
192       2421.0    667.0
338       2396.8    660.4
134       2331.8    640.4
386       2323.4    639.8
Round 5
        Timestamp  TS First Frame  TS Prev Frame
Offset                                          
339      225792.0        608804.0       140946.5
213      194816.0       1271199.5       106919.0
129      160768.0        497000.0        97017.0
347      157184.0        451464.5        92047.5
277      179072.0       5248759.0        84133.5
260      140544.0        485812.0        77295.0
26       168960.0       4439132.0        69864.0
119      152064.0        445143.0        69447.5
201      154624.0        496750.0        67431.5
357      148608.0        479670.0        66385.0
192      144384.0        439159.0        65820.5
291      121088.0        628295.5        63282.5
143      126464.0        471858.5        63280.0
199      134400.0        472873.0        60502.5
216      118784.0        410653.0        57502.0
367      129024.0        426224.5        57397.5
95       121728.0       1193441.0        56864.0
363      116224.0        412060.5        56092.5
155      139904.0        700715.5        56039.5
343      115712.0        457987.0        55581.0
              Server1       Server2
Offset                             
339     297034.666667  74494.833333
97       10733.000000   2751.166667
300       4780.166667   1255.333333
309       3917.166667   1039.333333
187       3126.500000    850.166667
384       2892.500000    779.833333
324       2846.166667    775.500000
178       2475.666667    679.833333
185       2434.666667    670.000000
182       2428.166667    660.000000
160       2426.000000    667.333333
343       2418.666667    665.500000
201       2410.833333    663.500000
338       2380.333333    656.166667
73        2372.833333    656.833333
254       2319.666667    637.000000
386       2295.666667    633.666667
503       2279.666667    626.333333
134       2268.166667    625.500000
192       2252.000000    626.500000
Round 6
        Timestamp  TS First Frame  TS Prev Frame
Offset                                          
339      224256.0        564283.0       156179.0
347      157184.0        486466.0        91735.0
260      127616.0        472318.5        64225.0
291      124928.0        370191.0        58675.0
95       129664.0        478394.0        57482.5
192      125184.0        467180.0        56285.0
363      115712.0        371482.0        56051.0
397      130048.0        476413.0        55977.0
57       114176.0        450135.0        54067.0
199      113664.0        404066.5        53663.0
458      112384.0        446531.0        53593.0
154      113664.0        450182.0        53523.0
352      112384.0        356693.0        53009.0
128      128768.0        468077.0        52684.0
506      120576.0        449652.0        52502.0
380      110592.0        353085.0        52421.0
240      112128.0        448208.0        52370.0
273      119296.0        495184.5        52298.5
155      123904.0        464814.0        52233.0
185      113664.0        452115.0        52149.0
              Server1       Server2
Offset                             
339     314218.714286  78796.285714
97        9418.285714   2421.428571
322       7834.571429   2023.142857
300       4371.428571   1153.142857
309       3638.428571    970.571429
187       2974.857143    812.571429
384       2792.285714    754.428571
324       2769.428571    757.285714
343       2541.714286    698.714286
160       2435.000000    669.714286
178       2405.428571    662.857143
185       2402.428571    663.428571
73        2392.285714    662.142857
182       2358.142857    646.571429
201       2319.000000    639.714286
338       2302.142857    635.714286
503       2261.285714    622.142857
254       2260.428571    622.857143
416       2254.714286    622.571429
290       2253.571429    623.000000
Round 7
        Timestamp  TS First Frame  TS Prev Frame
Offset                                          
339      224256.0        564283.0       156179.0
347      151168.0        485385.0        83269.5
95       129664.0        478394.0        57482.5
363      115328.0        409974.0        56092.5
397      130048.0        476413.0        55977.0
154      114944.0        451541.0        54199.0
232      119680.0        457630.0        53928.5
291      116864.0        360468.5        53668.5
199      113664.0        404066.5        53663.0
458      112384.0        446531.0        53593.0
352      112384.0        356693.0        53009.0
192      121344.0        457214.5        52561.5
506      120576.0        449652.0        52502.0
314      114432.0        455723.5        52409.0
273      119296.0        495184.5        52298.5
155      123904.0        464814.0        52233.0
420      116608.0        410516.5        52211.5
196      112512.0        372660.0        52046.0
446      112128.0        445077.0        51660.0
57       112384.0        449783.5        51481.5
           Server1    Server2
Offset                       
339     300192.125  75300.125
97        8487.000   2188.125
322       7067.250   1829.250
300       4037.750   1069.875
309       3371.750    903.125
187       2829.875    774.625
384       2726.500    737.750
324       2603.375    715.625
343       2457.375    676.750
160       2391.000    658.875
178       2357.000    650.000
185       2349.875    650.125
73        2313.750    641.875
182       2284.750    628.500
503       2281.375    627.750
201       2274.625    628.125
14        2265.625    624.250
290       2252.125    623.000
83        2250.125    618.750
421       2247.875    624.250
Round 8
        Timestamp  TS First Frame  TS Prev Frame
Offset                                          
339      225792.0        533812.5       158015.0
347      155392.0        486466.0        74804.0
213      148480.0       1045564.0        59347.0
363      115712.0        448466.0        56051.0
420      120064.0        453529.0        55674.0
154      116224.0        452900.0        54875.0
499      116736.0        458195.0        54816.0
458      118656.0        455105.0        54250.5
232      119680.0        457630.0        53928.5
199      113664.0        450773.0        53677.0
352      112384.0        356693.0        53009.0
506      120576.0        449652.0        52502.0
273      119296.0        495184.5        52298.5
343      113920.0        453667.0        51725.0
143      118784.0        453213.0        51472.0
314      114432.0        453682.0        51262.0
155      118272.0        410730.5        51203.5
204      112640.0        455500.0        51168.0
260      140544.0        485812.0        51155.0
62       110592.0        449925.0        51142.5
              Server1       Server2
Offset                             
339     308955.444444  77493.555556
97        7684.888889   1987.111111
322       6496.777778   1685.888889
300       3772.444444   1003.111111
309       3180.777778    855.000000
187       2750.888889    753.444444
384       2672.444444    724.888889
54        2530.444444    705.111111
160       2509.222222    687.444444
324       2484.222222    684.555556
343       2437.111111    673.777778
503       2326.333333    639.333333
178       2318.000000    640.444444
185       2301.333333    637.222222
73        2281.777778    634.000000
182       2262.222222    622.666667
290       2251.555556    623.111111
201       2244.777778    620.111111
210       2240.000000    619.666667
295       2226.000000    618.555556
Round 9
        Timestamp  TS First Frame  TS Prev Frame
Offset                                          
339      225792.0        533812.5       158015.0
347      150272.0        485385.0        62026.5
232      120320.0        458436.0        57397.0
363      115712.0        448466.0        56051.0
499      116736.0        458195.0        54816.0
458      118656.0        455105.0        54250.5
154      114944.0        451541.0        54199.0
199      113664.0        450773.0        53677.0
506      120576.0        449652.0        52502.0
420      122240.0        461330.0        52394.5
464      131584.0        466934.0        52235.0
343      113920.0        453667.0        51725.0
201      120832.0        387407.0        51602.5
455      112128.0        356217.0        51175.0
204      112640.0        455500.0        51168.0
263      144640.0        453849.0        51166.0
260      140544.0        485812.0        51155.0
319      113920.0        451545.5        51135.5
241      108544.0        444484.0        50975.0
140      111616.0        446171.0        50802.0
         Server1  Server2
Offset                   
339     298644.1  74923.5
53        8401.3   2163.7
97        7071.7   1833.4
322       6033.0   1568.7
300       3554.1    947.9
309       3018.4    814.0
187       2642.0    726.0
384       2598.2    706.8
160       2491.1    682.2
54        2490.3    694.1
343       2419.0    669.3
324       2418.3    667.3
351       2414.6    668.1
151       2319.7    640.8
185       2302.6    636.8
178       2286.6    632.4
290       2264.5    626.3
295       2259.5    626.8
210       2254.4    622.8
131       2247.7    618.2
Winning offset:
[339]
2021-09-08 01:12:50.825538
2021-09-08 01:13:12.670748
0:00:21.845210
Exception ignored in: <function Capture.__del__ at 0x7f39c5a135e0>
Traceback (most recent call last):
  File "/home/mlipp/.virtualenvs/kaslr/lib/python3.8/site-packages/pyshark/capture/capture.py", line 445, in __del__
  File "/home/mlipp/.virtualenvs/kaslr/lib/python3.8/site-packages/pyshark/capture/capture.py", line 436, in close
  File "/usr/lib/python3.8/asyncio/base_events.py", line 592, in run_until_complete
  File "/usr/lib/python3.8/asyncio/base_events.py", line 553, in _check_running
AttributeError: 'NoneType' object has no attribute '_get_running_loop'
