Loading page file profiles/lab06/pages/0x2a44b.yaml
Loading page file profiles/lab06/pages/0x2a460.yaml
Loading page file profiles/lab06/pages/0x2a4e3.yaml
Loading page file profiles/lab06/pages/0x2a4e5.yaml
Loading page file profiles/lab06/pages/0x2a800.yaml
Loading page file profiles/lab06/pages/0x2a804.yaml
Loading page file profiles/lab06/pages/0x2a805.yaml
RUN
Round 0
Round 1
Empty DataFrame
Columns: [Timestamp, TS First Frame, TS Prev Frame]
Index: []
         Server1  Server2
Offset                   
339     292646.5  73501.5
477      31019.5   7854.0
491      27145.0   6864.5
229      16109.0   4115.0
14        3508.0    944.5
511       3333.5    891.0
341       3308.5    891.5
408       3132.0    842.5
160       2924.5    796.5
185       2859.0    774.5
125       2832.5    770.0
84        2821.0    767.5
112       2809.0    762.0
468       2765.0    760.5
395       2729.5    742.5
271       2725.5    741.0
287       2709.0    743.0
462       2696.5    742.5
217       2684.0    725.0
212       2682.5    734.0
Round 2
        Timestamp  TS First Frame  TS Prev Frame
Offset                                          
275      222592.0       8460648.0       156986.5
405      227072.0       8248362.0       142586.5
276      179200.0       9834361.5       104440.5
201      190080.0      11004237.0       101205.0
409      215040.0      22398363.5        98840.5
152      164736.0       1118212.5        97647.0
277      148352.0       1119980.5        87725.0
287      145280.0       2351547.0        86244.5
466      173312.0       1529509.5        84714.5
331      145536.0        436179.5        84392.0
363      215040.0      16505428.5        84200.0
202      139392.0        427631.5        78589.0
467      170368.0       5428076.5        78458.0
318      165248.0       5519730.0        78283.0
55       162304.0       3061695.5        78279.5
324      158208.0        500265.0        78220.0
316      140416.0        975425.5        77369.0
293      178432.0       1145859.0        72666.5
234      154368.0       2798783.0        70843.0
54       160000.0        532642.0        70599.5
              Server1       Server2
Offset                             
339     325017.666667  81569.666667
477      21231.666667   5392.333333
491      18699.666667   4749.666667
229      11267.000000   2900.666667
14        2992.333333    817.000000
408       2885.333333    779.000000
160       2742.333333    749.333333
511       2735.333333    740.333333
341       2697.000000    735.333333
185       2560.666667    698.000000
318       2550.000000    708.000000
457       2544.333333    702.333333
54        2532.666667    701.000000
97        2508.333333    689.000000
468       2505.000000    691.666667
112       2501.000000    686.666667
162       2496.333333    687.666667
217       2476.000000    677.000000
353       2469.666667    684.000000
462       2459.000000    679.000000
Round 3
        Timestamp  TS First Frame  TS Prev Frame
Offset                                          
275      256256.0        686038.0       192824.0
342      259712.0        597732.0       191695.0
339      234880.0        524934.0       165993.0
266      210944.0       2183945.0       117063.5
43       193408.0       6847863.0       110051.5
86       188288.0      10846703.5       107468.5
42       187008.0       1005843.0       102002.0
265      187392.0      10750743.0       101510.0
276      178176.0        497485.0       101486.0
201      190080.0      11004237.0       101205.0
147      193280.0      10787216.0        99137.5
409      215040.0      22398363.5        98840.5
378      186112.0      11892491.0        98443.0
152      164736.0       1118212.5        97647.0
408      160512.0       2069041.0        96735.0
28       156032.0      11970534.0        91537.0
442      169600.0       3293896.5        86222.5
500      178048.0      11888259.0        85176.0
363      215040.0      16505428.5        84200.0
368      152064.0       1244714.5        84196.5
          Server1   Server2
Offset                     
339     271184.50  68121.75
477      16400.25   4181.25
491      14563.00   3713.75
229       8928.25   2309.00
290       2851.25    778.75
14        2681.25    737.25
408       2614.75    712.75
287       2604.50    716.00
160       2587.50    713.50
87        2537.00    697.25
511       2500.75    690.25
151       2445.25    672.75
439       2435.75    676.25
178       2433.75    677.50
457       2431.50    681.00
185       2409.00    661.25
341       2396.00    662.50
353       2393.50    665.00
492       2393.25    662.50
38        2387.00    662.50
Round 4
        Timestamp  TS First Frame  TS Prev Frame
Offset                                          
275      256256.0        686038.0       192824.0
342      259712.0        597732.0       191695.0
339      218752.0        507167.0       158116.5
408      180480.0        713650.0       120738.0
75       187520.0       6364896.5       113228.5
368      190720.0       2041742.0       112573.0
43       193408.0       6847863.0       110051.5
69       165888.0       5771474.5       104606.5
276      178176.0        497485.0       101486.0
453      198912.0      12782422.5        97078.5
442      169600.0       3293896.5        86222.5
438      149888.0       6802845.0        83414.5
467      162816.0       4975039.5        80518.0
41       162176.0       3723648.0        79724.0
310      163840.0       6359229.0        77817.0
249      137600.0        391454.5        75393.0
192      144640.0       3706383.0        74842.0
119      144000.0        429801.5        73759.0
421      146048.0       1411354.0        71233.0
53       174080.0       5851980.5        69718.5
         Server1  Server2
Offset                   
339     304677.4  76483.2
477      13492.4   3449.6
491      12004.2   3070.6
229       7463.2   1939.8
412       3062.2    834.0
290       2688.2    736.2
185       2673.2    727.2
160       2535.2    700.2
14        2499.6    689.6
151       2475.8    679.4
408       2430.8    666.4
28        2395.8    667.0
287       2391.0    661.0
384       2375.6    658.2
353       2350.6    650.8
87        2344.4    647.4
178       2343.4    652.0
492       2329.4    645.2
55        2324.2    651.6
162       2323.0    640.4
Round 5
        Timestamp  TS First Frame  TS Prev Frame
Offset                                          
275      256256.0        686038.0       192824.0
339      230656.0        495688.0       150761.0
408      180480.0        713650.0       120738.0
368      190720.0       2041742.0       112573.0
290      187392.0       6332273.5       101206.5
453      198912.0      12782422.5        97078.5
438      149888.0       6802845.0        83414.5
354      146432.0       1180114.0        82636.5
467      162816.0       4975039.5        80518.0
137      155008.0       9321777.5        80047.0
276      151424.0        478495.5        78880.0
143      136704.0        451383.0        78554.5
310      163840.0       6359229.0        77817.0
43       135936.0        475216.0        77753.5
179      157056.0        574396.0        76018.0
192      144640.0       3706383.0        74842.0
119      144000.0        429801.5        73759.0
369      148864.0        515900.5        70759.5
421      127872.0       1281523.5        69940.5
385      138752.0        453067.0        69890.0
              Server1       Server2
Offset                             
339     315461.500000  79171.666667
477      11530.333333   2956.333333
491      10379.000000   2663.500000
229       6491.166667   1693.833333
156       3550.000000    953.000000
361       3378.500000    911.833333
492       3352.333333    901.833333
318       3265.666667    888.166667
104       3209.833333    868.666667
69        2881.500000    784.333333
31        2845.333333    774.666667
412       2827.166667    772.833333
319       2759.666667    758.666667
151       2631.833333    717.333333
290       2625.166667    720.000000
185       2586.833333    706.000000
457       2529.500000    702.000000
160       2481.666667    685.833333
245       2416.500000    665.000000
14        2398.166667    662.333333
Round 6
        Timestamp  TS First Frame  TS Prev Frame
Offset                                          
339      230656.0        495688.0       150761.0
354      146432.0       1180114.0        82636.5
143      136704.0        451383.0        78554.5
43       135936.0        475216.0        77753.5
411      152832.0       1989239.5        74245.5
385      138752.0        453067.0        69890.0
275      147968.0        486288.0        66231.0
391      123904.0        397209.0        66018.0
75       130176.0        458674.5        64536.0
467      142848.0       1901870.0        64418.0
290      128256.0        452126.0        64143.0
276      169472.0        459506.0        63738.0
28       129664.0       8132848.5        62973.0
154      125184.0        459458.0        62254.0
474      123648.0        460209.0        61995.0
192      128128.0        418329.0        61757.0
377      120832.0        406775.5        61336.0
414      124800.0        413498.5        61149.5
53       163072.0        551035.0        60942.0
382      125056.0        363034.5        60494.5
              Server1       Server2
Offset                             
339     342977.285714  86060.714286
477      10126.571429   2602.714286
491       9148.714286   2353.714286
229       5805.000000   1519.857143
156       3235.142857    874.000000
361       3150.571429    852.857143
492       3132.142857    846.571429
318       3026.428571    826.000000
104       2987.857143    811.571429
412       2734.857143    750.142857
69        2690.428571    736.428571
31        2676.571429    731.142857
290       2647.142857    725.428571
319       2562.285714    708.571429
185       2536.142857    694.571429
151       2533.142857    693.571429
457       2447.857143    680.857143
144       2442.000000    674.000000
160       2420.571429    668.857143
302       2400.428571    665.000000
Round 7
        Timestamp  TS First Frame  TS Prev Frame
Offset                                          
339      219008.0        518452.5       149878.0
137      155136.0       2040260.0        92449.0
28       140032.0        685234.0        66899.0
275      147968.0        486288.0        66231.0
192      128128.0        418329.0        61757.0
414      124800.0        413498.5        61149.5
280      136192.0        501069.0        61092.0
467      142336.0       1189408.5        60786.0
368      142720.0        525055.0        60745.5
491      153344.0        486940.0        60481.0
290      124416.0        492002.5        60209.0
212      115072.0        457559.5        60159.5
474      122880.0        459648.5        60158.5
408      124928.0        458410.0        60008.0
276      147072.0        453335.5        60006.0
101      137216.0        554773.0        59907.0
224      117760.0        456421.0        59849.0
334      119808.0        445802.0        59838.0
284      120064.0        456194.5        59820.0
270      123648.0        447018.0        59805.0
           Server1    Server2
Offset                       
339     333992.250  83812.375
450       9194.375   2369.375
477       9103.625   2345.625
491       8223.625   2122.125
229       5487.875   1441.250
156       3089.500    838.500
104       3034.625    822.125
361       3011.500    818.625
492       2989.625    810.000
318       2946.875    805.125
412       2694.375    738.500
290       2584.375    711.750
69        2579.375    707.375
31        2566.625    704.000
151       2528.875    693.500
185       2471.375    677.875
319       2425.625    674.500
160       2405.250    665.625
144       2398.250    662.750
457       2390.375    665.500
Round 8
        Timestamp  TS First Frame  TS Prev Frame
Offset                                          
339      219008.0        518452.5       149878.0
137      155136.0       2040260.0        92449.0
28       129664.0        571485.0        62973.0
491      153344.0        486940.0        60481.0
79       121088.0        455805.0        59935.0
414      123648.0        448501.0        59896.0
284      120064.0        456194.5        59820.0
208      120320.0        459211.0        59679.0
372      117248.0        454193.0        59621.0
500      125952.0       1032169.5        59501.0
334      118016.0        449309.5        59302.5
142      120832.0        443819.0        59203.0
143      117632.0        451605.0        59181.0
479      122624.0        445823.0        58814.0
101      128256.0        455259.5        58803.0
336      124160.0        368917.0        58761.0
355      140416.0        422767.0        58735.0
55       147968.0        449390.0        58712.0
23       117248.0        362708.5        58659.0
435      115968.0        448388.0        58643.0
              Server1       Server2
Offset                             
339     342821.444444  86013.666667
450       8388.222222   2166.111111
477       8243.666667   2129.888889
491       7519.555556   1944.111111
229       5060.555556   1332.777778
156       2998.333333    813.888889
361       2888.666667    787.000000
104       2870.777778    781.111111
492       2856.000000    775.777778
318       2851.000000    781.333333
290       2596.555556    715.444444
412       2569.666667    707.777778
69        2505.555556    689.333333
151       2495.777778    683.666667
31        2483.111111    684.000000
462       2406.555556    667.333333
160       2405.333333    666.666667
185       2383.222222    655.888889
144       2365.000000    653.777778
210       2351.333333    647.555556
Round 9
        Timestamp  TS First Frame  TS Prev Frame
Offset                                          
339      207360.0        495688.0       148995.0
422      135424.0        472422.0        62934.0
414      117248.0        448501.0        59896.0
284      119040.0        454398.0        59754.0
137      154368.0        451087.0        59723.0
208      120320.0        459211.0        59679.0
500      123392.0        456504.0        59224.0
474      120064.0        457521.5        58988.0
355      132352.0        401842.0        58821.0
101      128256.0        455259.5        58803.0
28       129664.0        477705.5        58798.5
470      120576.0        453234.0        58771.0
334      118016.0        445802.0        58767.0
336      124160.0        368917.0        58761.0
479      120832.0        447284.0        58754.0
435      115968.0        448388.0        58643.0
154      125312.0        459584.5        58640.0
143      114688.0        452374.0        58606.0
366      118528.0        455716.0        58592.0
377      116224.0        360641.0        58512.0
         Server1  Server2
Offset                   
339     345130.0  86596.9
450       7768.1   2009.8
477       7575.8   1960.8
491       6940.3   1799.1
229       4716.1   1245.6
156       2880.0    784.0
492       2786.2    757.8
361       2784.3    759.9
104       2755.9    751.4
318       2733.3    751.4
290       2520.8    696.0
412       2467.9    682.3
151       2465.9    675.8
457       2440.6    676.1
69        2423.0    668.0
462       2392.1    663.9
31        2391.7    660.9
160       2390.7    663.4
185       2381.7    655.1
210       2375.5    652.9
Winning offset:
[339]
2021-09-08 01:14:02.016054
2021-09-08 01:14:22.989773
0:00:20.973719
Exception ignored in: <function Capture.__del__ at 0x7f885eb565e0>
Traceback (most recent call last):
  File "/home/mlipp/.virtualenvs/kaslr/lib/python3.8/site-packages/pyshark/capture/capture.py", line 445, in __del__
  File "/home/mlipp/.virtualenvs/kaslr/lib/python3.8/site-packages/pyshark/capture/capture.py", line 436, in close
  File "/usr/lib/python3.8/asyncio/base_events.py", line 592, in run_until_complete
  File "/usr/lib/python3.8/asyncio/base_events.py", line 553, in _check_running
AttributeError: 'NoneType' object has no attribute '_get_running_loop'
