Loading page file profiles/lab06/pages/0x2a44b.yaml
Loading page file profiles/lab06/pages/0x2a460.yaml
Loading page file profiles/lab06/pages/0x2a4e3.yaml
Loading page file profiles/lab06/pages/0x2a4e5.yaml
Loading page file profiles/lab06/pages/0x2a800.yaml
Loading page file profiles/lab06/pages/0x2a804.yaml
Loading page file profiles/lab06/pages/0x2a805.yaml
RUN
Round 0
Round 1
Empty DataFrame
Columns: [Timestamp, TS First Frame, TS Prev Frame]
Index: []
         Server1  Server2
Offset                   
339     262221.0  65814.0
2         8910.5   2303.5
491       3229.0    867.5
378       3034.5    820.0
353       2991.5    801.5
215       2963.0    799.0
7         2882.0    776.0
437       2804.0    753.5
73        2798.0    752.5
182       2784.0    755.5
122       2690.0    732.0
501       2683.0    729.5
186       2654.5    723.0
137       2625.0    713.5
268       2618.0    704.0
382       2616.0    704.5
243       2613.0    711.0
429       2556.5    691.5
380       2521.5    690.5
407       2497.5    685.5
Round 2
        Timestamp  TS First Frame  TS Prev Frame
Offset                                          
18       231168.0        625707.5       162600.5
339      200320.0        500606.0       139169.0
36       200320.0       9323619.0       136338.0
385      198528.0       1237180.0       122914.0
414      210944.0      13766335.5       118098.5
215      162176.0       1228875.5        98805.0
213      163200.0       1243987.0        98521.5
100      201728.0       9049022.0        96315.0
96       202240.0      11095825.0        92801.0
294      198272.0      19842346.5        87714.5
16       150528.0       1058560.0        87232.0
380      154880.0       2861667.5        86289.0
305      199552.0      11582949.5        85752.5
394      142336.0        907600.5        80800.5
106      183808.0       9543012.0        79396.5
207      138496.0        435721.0        78794.5
98       158208.0       1348843.5        76352.0
225      154240.0        582808.5        75928.0
11       159232.0       1332852.5        75491.0
71       134912.0        437274.0        74987.0
              Server1       Server2
Offset                             
339     269130.000000  67674.000000
2         6438.666667   1682.000000
382       2977.000000    799.666667
73        2849.000000    766.000000
491       2681.333333    731.333333
46        2617.000000    713.666667
215       2612.000000    711.333333
182       2558.333333    697.666667
378       2549.666667    696.666667
501       2482.666667    681.000000
353       2478.000000    673.666667
366       2449.666667    671.666667
101       2425.666667    665.000000
7         2418.333333    662.666667
122       2408.333333    660.333333
437       2360.333333    643.333333
467       2356.666667    648.666667
137       2332.333333    639.333333
82        2330.333333    641.000000
402       2311.000000    636.666667
Round 3
        Timestamp  TS First Frame  TS Prev Frame
Offset                                          
18       231168.0        625707.5       162600.5
36       200320.0       9323619.0       136338.0
339      192512.0        464250.0       135622.0
385      198528.0       1237180.0       122914.0
360      198528.0      11794081.0       115225.5
414      185600.0       4324901.0       113974.0
323      191488.0       4529190.5       109043.5
484      178944.0       1256725.5       108664.5
400      169088.0       3283748.5       107919.0
167      162304.0        540200.0       103058.0
170      159360.0       2914984.0       101218.5
213      163200.0       1243987.0        98521.5
100      201728.0       9049022.0        96315.0
24       182272.0      11813747.5        94625.5
294      198272.0      19842346.5        87714.5
16       150528.0       1058560.0        87232.0
380      154880.0       2861667.5        86289.0
108      164736.0       8960457.0        79127.0
11       159232.0       1332852.5        75491.0
71       134912.0        437274.0        74987.0
          Server1   Server2
Offset                     
339     295453.00  74238.00
2         5308.25   1393.25
378       2838.75    767.75
382       2685.00    724.75
491       2610.00    710.50
73        2572.25    697.50
279       2474.75    676.25
366       2469.00    675.75
195       2456.50    671.75
215       2398.75    659.25
46        2396.00    659.25
182       2344.25    643.50
501       2326.25    640.75
106       2320.00    636.75
353       2312.75    633.00
263       2291.75    634.25
101       2280.00    629.75
137       2273.00    624.25
222       2255.00    622.00
202       2254.50    625.25
Round 4
        Timestamp  TS First Frame  TS Prev Frame
Offset                                          
339      192512.0        464250.0       135622.0
414      185600.0       4324901.0       113974.0
400      169088.0       3283748.5       107919.0
170      159360.0       2914984.0       101218.5
154      151552.0        496911.0        80053.0
16       124416.0        465690.0        68614.0
195      125312.0        375541.0        67763.5
294      165888.0      18541738.0        65958.0
479      141696.0       1208980.0        59584.5
163      140672.0        530010.0        58824.5
24       115456.0        451461.0        58254.0
297      123392.0        516594.0        57948.0
381      117376.0       1246607.0        57730.0
280      139648.0        436641.0        57009.5
104      131072.0       1222221.0        56670.0
207      139136.0        468447.5        55520.5
159      115968.0        408720.0        55415.5
157      115712.0        364499.0        54699.0
96       153856.0        497382.5        54622.5
98       115456.0        613353.0        54569.0
         Server1  Server2
Offset                   
339     280951.4  70599.8
2         4665.6   1232.2
382       2633.6    712.2
378       2632.0    713.6
202       2511.4    689.6
491       2508.2    685.8
73        2407.2    658.0
448       2396.2    657.8
366       2387.0    655.0
215       2369.4    653.2
268       2368.4    644.4
407       2360.8    645.0
279       2339.6    643.4
195       2339.4    643.8
263       2293.0    635.6
450       2290.0    630.2
126       2281.2    635.2
353       2264.0    622.4
46        2257.8    623.8
501       2232.8    615.8
Round 5
        Timestamp  TS First Frame  TS Prev Frame
Offset                                          
339      200448.0        500606.0       142443.0
414      145664.0       2388117.5        81914.5
507      134400.0      11833536.5        69436.5
154      148224.0        495265.5        66089.0
280      154368.0        499017.0        64941.0
16       117248.0        460138.0        59615.0
479      141696.0       1208980.0        59584.5
163      140672.0        530010.0        58824.5
294      137088.0       9497450.5        57998.5
297      123392.0        516594.0        57948.0
381      117376.0       1246607.0        57730.0
334      143488.0        403229.5        56765.0
175      144128.0        470738.0        55772.0
159      115968.0        408720.0        55415.5
96       153856.0        497382.5        54622.5
211      118016.0        761097.0        54263.0
0        112384.0        362440.0        54101.0
402      126464.0        430197.0        53807.5
115      112384.0        359999.0        53692.0
24       111232.0        408979.0        53544.0
              Server1       Server2
Offset                             
339     271272.000000  68161.833333
2         4276.000000   1132.833333
382       2510.833333    683.500000
202       2473.500000    682.166667
378       2449.500000    668.000000
409       2397.166667    657.500000
491       2391.666667    656.166667
279       2329.666667    641.666667
268       2328.333333    636.000000
448       2328.000000    640.333333
366       2312.833333    636.333333
407       2307.333333    630.666667
73        2302.500000    634.166667
263       2297.833333    634.333333
397       2296.166667    634.833333
466       2285.500000    631.166667
215       2269.500000    627.166667
143       2261.500000    625.000000
462       2260.500000    626.500000
195       2249.666667    621.833333
Round 6
        Timestamp  TS First Frame  TS Prev Frame
Offset                                          
339      213120.0        548229.5       144899.0
195      127744.0        403702.0        68988.0
24       115456.0        366541.0        58254.0
297      123392.0        516594.0        57275.0
479      140032.0        488641.0        55588.0
211      118016.0        761097.0        54263.0
175      127232.0        466380.0        53781.5
115      112384.0        359999.0        53692.0
170      115840.0        460151.5        53645.5
18       119296.0        523282.0        53290.0
328      111872.0        368100.0        52879.0
379      110080.0        419844.5        52384.5
74       135680.0        427498.0        52273.5
103      114688.0        457452.0        52147.0
395      118016.0        447367.0        52036.0
166      154880.0        500418.0        51796.0
500      120832.0        482781.0        51765.0
95       110336.0        454191.0        51409.0
402      125696.0        466914.0        51340.0
8        109568.0        453732.0        51259.0
              Server1       Server2
Offset                             
339     270046.714286  67864.714286
160       4697.000000   1236.285714
2         3880.714286   1032.857143
114       3255.714286    873.571429
242       3002.000000    809.285714
279       2513.285714    687.857143
382       2391.857143    653.857143
378       2362.857143    648.285714
202       2359.857143    653.428571
238       2352.428571    647.571429
491       2311.571429    637.142857
409       2310.000000    635.142857
263       2292.714286    634.857143
366       2278.571429    628.571429
397       2260.142857    627.000000
448       2236.857143    618.142857
258       2226.428571    619.285714
407       2225.714286    609.571429
73        2224.428571    613.142857
195       2222.571429    614.571429
Round 7
        Timestamp  TS First Frame  TS Prev Frame
Offset                                          
339      213120.0        548229.5       144899.0
297      123392.0        516594.0        57275.0
334      143488.0        403229.5        56765.0
211      117248.0        610299.0        53871.0
175      127232.0        466380.0        53781.5
24       111360.0        366519.0        53544.0
479      124928.0        470478.0        53492.0
202      119424.0        464903.0        53251.0
328      111360.0        364269.5        52134.0
103      112896.0        457236.0        51907.5
52       112640.0        453194.5        51694.0
74       113664.0        449077.0        51618.0
343      121600.0        417677.0        51447.5
115      109696.0        403551.0        51408.0
314      109056.0        454144.0        51182.0
205      113024.0        453486.0        51165.0
18       113152.0        467064.0        51165.0
344      108672.0        452230.5        51050.5
114      107264.0        355235.0        51050.0
366      109568.0        454952.0        51001.0
           Server1    Server2
Offset                       
339     264574.000  66481.875
47        6143.750   1602.500
160       4378.000   1157.000
2         3608.625    964.750
114       3107.000    836.000
242       2835.500    768.000
202       2404.625    664.625
279       2358.875    649.500
382       2319.875    636.750
195       2310.375    636.250
151       2282.875    627.000
491       2281.750    629.875
378       2275.000    626.875
409       2244.375    619.375
157       2235.125    620.000
397       2226.875    616.750
238       2221.125    615.125
462       2220.000    615.500
466       2218.125    617.125
263       2207.250    612.875
Round 8
        Timestamp  TS First Frame  TS Prev Frame
Offset                                          
339      217856.0        559497.0       140534.0
334      139520.0        403452.0        62403.0
211      117248.0        610299.0        53871.0
24       111360.0        366519.0        53544.0
202      119424.0        464903.0        53251.0
328      114048.0        369584.0        52950.5
144      110848.0        405821.5        52469.5
103      114688.0        457452.0        52147.0
392      113280.0        360914.0        52143.5
154      151552.0        496911.0        52125.0
500      116480.0        464625.0        51765.0
52       112640.0        453194.5        51694.0
366      111872.0        408241.0        51619.5
343      121600.0        417677.0        51447.5
224      117888.0        411558.0        51411.0
479      109824.0        452315.0        51396.0
346      109824.0        456214.0        51358.0
511      110080.0        448264.0        51308.5
8        109568.0        453732.0        51259.0
214      109568.0        451028.0        51207.0
              Server1       Server2
Offset                             
339     286166.222222  71875.666667
47        5783.666667   1511.666667
160       4315.222222   1140.555556
2         3369.111111    904.777778
114       2998.333333    808.111111
242       2729.888889    741.000000
202       2341.555556    648.666667
279       2331.666667    642.222222
386       2309.111111    636.000000
382       2271.777778    625.333333
195       2243.000000    619.222222
151       2239.888889    616.222222
30        2228.444444    617.666667
491       2228.333333    616.222222
378       2224.555556    614.000000
466       2219.333333    618.111111
462       2213.333333    614.111111
263       2209.555556    612.777778
409       2204.555556    609.555556
157       2199.666667    610.555556
Round 9
        Timestamp  TS First Frame  TS Prev Frame
Offset                                          
339      213120.0        548229.5       138078.0
334      138880.0        403229.5        56765.0
258      147200.0        427943.5        55175.5
328      116224.0        371068.0        52879.0
280      137216.0        480040.5        52613.5
214      110336.0        451064.0        52308.0
103      112896.0        457236.0        51907.5
500      116480.0        464625.0        51765.0
211      117248.0        478305.5        51273.0
511      111872.0        451003.0        51129.0
343      110592.0        381857.0        51052.0
344      109312.0        452230.5        51050.5
52       112384.0        452045.0        51049.0
366      109568.0        361530.0        51001.0
64       113664.0        460521.0        50906.0
14       110080.0        404139.0        50821.5
320      109568.0        449894.0        50771.0
275      109696.0        361671.5        50691.0
154      153088.0        497577.0        50606.5
429      105088.0        399860.0        50570.5
         Server1  Server2
Offset                   
339     280397.2  70430.6
47        5399.7   1414.6
160       4089.9   1084.1
2         3185.3    858.0
114       2901.3    783.7
242       2706.8    734.7
279       2340.6    645.2
409       2329.8    644.1
386       2280.4    629.8
178       2277.5    629.2
183       2261.3    627.3
202       2254.1    627.4
290       2251.8    624.2
462       2216.3    614.7
382       2215.8    612.5
194       2209.6    610.0
195       2204.1    609.8
491       2203.5    609.7
466       2200.6    613.4
146       2189.7    606.4
Winning offset:
[339]
2021-09-08 01:14:25.140305
2021-09-08 01:14:46.196158
0:00:21.055853
Exception ignored in: <function Capture.__del__ at 0x7f07bc8535e0>
Traceback (most recent call last):
  File "/home/mlipp/.virtualenvs/kaslr/lib/python3.8/site-packages/pyshark/capture/capture.py", line 445, in __del__
  File "/home/mlipp/.virtualenvs/kaslr/lib/python3.8/site-packages/pyshark/capture/capture.py", line 436, in close
  File "/usr/lib/python3.8/asyncio/base_events.py", line 592, in run_until_complete
  File "/usr/lib/python3.8/asyncio/base_events.py", line 553, in _check_running
AttributeError: 'NoneType' object has no attribute '_get_running_loop'
