Loading page file profiles/lab06/pages/0x2a44b.yaml
Loading page file profiles/lab06/pages/0x2a460.yaml
Loading page file profiles/lab06/pages/0x2a4e3.yaml
Loading page file profiles/lab06/pages/0x2a4e5.yaml
Loading page file profiles/lab06/pages/0x2a800.yaml
Loading page file profiles/lab06/pages/0x2a804.yaml
Loading page file profiles/lab06/pages/0x2a805.yaml
RUN
Round 0
Round 1
Empty DataFrame
Columns: [Timestamp, TS First Frame, TS Prev Frame]
Index: []
         Server1  Server2
Offset                   
339     158658.0  39989.5
459       3470.5    928.0
138       3114.0    837.5
80        2980.0    805.0
75        2970.5    798.5
263       2920.5    792.0
225       2894.5    778.0
133       2884.0    782.5
462       2813.0    764.0
415       2796.5    757.5
139       2778.5    754.5
159       2745.5    745.5
69        2696.0    732.0
289       2682.5    729.5
369       2651.5    723.5
322       2639.0    715.0
212       2637.0    722.0
110       2625.5    712.0
279       2611.5    718.5
111       2582.5    703.0
Round 2
        Timestamp  TS First Frame  TS Prev Frame
Offset                                          
192      191488.0        839820.0       131692.0
506      195328.0      10395442.5       108601.0
207      178304.0       2510434.5       107162.5
32       163712.0       7365011.5       102699.5
341      160512.0      11256791.0        97544.0
2        191232.0      12240071.0        95732.0
145      179712.0      10570188.5        93908.0
62       148992.0       8050918.5        86938.0
278      151552.0       1766381.5        85954.5
209      149888.0       9142543.0        85388.0
179      143360.0       3646785.5        82975.5
271      156288.0       3600630.0        80902.5
266      168704.0       1195341.5        79531.5
124      162048.0       8986286.0        78568.5
328      130432.0        431127.0        73254.0
42       130176.0        422766.0        72924.0
77       147456.0       1309171.5        65514.0
230      126080.0       1431870.5        64867.0
210      124288.0       1286033.5        63673.5
24       142336.0       1399606.5        60605.5
              Server1       Server2
Offset                             
339     181815.666667  45774.666667
435      13835.333333   3526.000000
459       2856.000000    772.666667
279       2747.000000    756.000000
80        2690.333333    731.333333
125       2618.000000    710.333333
477       2595.000000    714.000000
139       2590.000000    710.333333
263       2584.000000    705.333333
138       2563.666667    698.666667
289       2540.333333    694.666667
133       2537.000000    695.000000
462       2521.000000    689.666667
114       2509.666667    681.000000
160       2506.000000    683.333333
369       2482.000000    680.000000
110       2479.333333    678.000000
75        2474.000000    674.666667
225       2471.000000    674.000000
415       2415.000000    662.000000
Round 3
        Timestamp  TS First Frame  TS Prev Frame
Offset                                          
339      167808.0        411394.5       110670.0
333      193408.0       9442297.5       110567.0
506      195328.0      10395442.5       108601.0
23       180992.0      10049420.5       107292.5
207      178304.0       2510434.5       107162.5
32       163712.0       7365011.5       102699.5
439      184576.0       2625828.0        98135.5
2        191232.0      12240071.0        95732.0
145      179712.0      10570188.5        93908.0
480      176128.0      11986377.5        87525.5
278      151552.0       1766381.5        85954.5
13       144000.0       2137660.0        85588.5
179      143360.0       3646785.5        82975.5
271      156288.0       3600630.0        80902.5
182      161792.0      11881137.0        78985.0
124      162048.0       8986286.0        78568.5
204      161664.0       8061246.5        78325.0
108      137600.0        516515.5        77520.5
6        139776.0      11141839.5        75513.0
80       170880.0       3147186.0        73417.0
          Server1   Server2
Offset                     
339     200999.75  50580.00
435      11141.00   2850.00
225       8244.50   2124.75
263       2836.50    769.25
138       2605.25    710.00
279       2588.50    711.00
459       2566.00    701.25
289       2530.00    691.50
80        2527.75    690.00
177       2494.50    679.00
418       2435.25    663.00
197       2430.00    664.75
462       2416.75    662.50
453       2416.50    661.00
477       2416.50    667.25
160       2412.50    657.75
223       2406.75    660.50
125       2394.00    652.25
110       2386.25    656.25
134       2365.00    643.75
Round 4
        Timestamp  TS First Frame  TS Prev Frame
Offset                                          
339      169728.0        415591.0       105141.0
207      170240.0       1955014.0        97714.0
13       144000.0       2137660.0        85588.5
279      157824.0      13465789.0        85501.0
252      164736.0      10182640.5        79080.0
108      137600.0        516515.5        77520.5
428      135936.0        523409.5        77399.0
333      142720.0       2539710.0        76939.0
6        139776.0      11141839.5        75513.0
101      154752.0       4040580.5        73143.0
164      153856.0       1308162.5        73112.0
439      135680.0       2231093.0        68648.0
269      145920.0        802541.0        68374.0
398      129792.0       1214242.5        67413.0
236      125568.0       1202407.5        67252.5
2        173056.0       6870176.0        66548.0
483      127104.0        425039.5        66508.0
330      160896.0      13354355.0        65004.5
4        169728.0       5652496.0        64082.0
287      129280.0        373225.0        63788.0
         Server1  Server2
Offset                   
339     237061.2  59580.6
19       11486.8   2932.6
435       9304.2   2388.8
204       7021.6   1821.6
225       6955.8   1801.0
263       2750.6    748.4
418       2568.0    697.6
289       2563.2    700.2
279       2463.6    677.8
162       2444.2    670.2
103       2394.8    654.6
153       2394.4    654.8
138       2386.0    654.4
459       2383.2    654.8
177       2383.0    652.8
160       2346.2    642.8
370       2337.8    643.6
80        2334.8    643.0
252       2333.0    640.0
453       2332.4    642.6
Round 5
        Timestamp  TS First Frame  TS Prev Frame
Offset                                          
339      171904.0        464025.0       110670.0
279      142848.0        569969.0        77361.0
333      142720.0       2539710.0        76939.0
145      177024.0       1249954.5        73991.5
478      154496.0        533316.0        73361.5
207      138752.0       1228697.5        73173.5
269      145920.0        802541.0        68374.0
2        173056.0       6870176.0        66548.0
10       123776.0       1132846.0        64211.0
439      127232.0       1347683.0        64153.0
276      126976.0       2051760.0        62942.5
4        148096.0       3061551.0        62517.5
283      114944.0        395734.0        58462.0
506      120576.0       1574851.0        57574.0
241      116480.0        466033.0        57361.0
428      115200.0        461014.0        56776.0
430      114432.0        447656.0        54925.0
435      113792.0        459472.0        54475.0
356      118912.0        540002.5        54348.0
131      144512.0       1213609.0        53741.5
              Server1       Server2
Offset                             
339     242741.833333  61085.166667
19        9860.333333   2524.833333
435       8064.666667   2079.000000
225       6125.166667   1591.666667
204       6066.333333   1581.166667
263       2635.000000    717.000000
187       2559.833333    702.000000
210       2492.666667    680.833333
289       2458.333333    674.666667
434       2430.666667    666.166667
453       2421.833333    667.500000
162       2390.333333    656.333333
418       2382.333333    651.000000
159       2376.333333    650.000000
279       2340.000000    647.333333
153       2330.666667    639.000000
462       2322.500000    639.333333
160       2320.333333    636.166667
183       2315.500000    637.833333
370       2315.166667    638.500000
Round 6
        Timestamp  TS First Frame  TS Prev Frame
Offset                                          
339      180864.0        442780.5       110806.0
23       135808.0      10049420.5        72963.0
279      126592.0        511798.5        63093.0
113      119168.0        416112.5        62817.0
4        155136.0        495780.0        60953.0
439      118784.0        464273.0        59658.0
269      125824.0        623640.5        58373.5
241      116480.0        466033.0        57361.0
283      114944.0        446842.0        54723.0
276      134144.0       2024733.0        54619.0
33       115456.0        358443.5        54362.0
10       111360.0        459688.0        54091.0
91       116736.0        462104.0        53750.0
330      116736.0      11758641.5        53418.5
162      115968.0        359239.0        53269.0
13       136192.0        478249.0        53242.5
483      110720.0        404945.5        52939.0
428      111488.0        456115.0        52448.0
415      111360.0        361130.0        52139.0
34       109440.0        354162.5        51809.5
              Server1       Server2
Offset                             
339     244359.000000  61465.000000
97       10996.285714   2810.571429
19        8692.571429   2233.142857
435       7154.285714   1851.285714
35        5540.142857   1447.857143
225       5514.285714   1438.857143
204       5430.857143   1422.428571
444       3879.857143   1034.285714
263       2544.857143    696.857143
210       2494.428571    681.000000
160       2492.857143    680.000000
151       2478.857143    687.571429
187       2467.000000    677.714286
462       2434.285714    667.714286
279       2428.285714    670.428571
434       2399.142857    659.285714
159       2382.571429    652.857143
162       2381.714286    654.857143
289       2374.285714    653.285714
41        2370.428571    651.857143
Round 7
        Timestamp  TS First Frame  TS Prev Frame
Offset                                          
339      180864.0        442780.5       110806.0
439      124672.0        389550.5        59118.5
269      125824.0        623640.5        58373.5
2        163840.0       1280662.5        57773.5
241      116480.0        466033.0        57361.0
289      134656.0        452279.5        56488.0
413      131584.0        474603.0        55392.0
330      123136.0      23071430.0        54853.0
33       115456.0        406440.5        54362.0
91       116736.0        462104.0        53750.0
395      155136.0        594589.0        53632.0
276      126976.0       1263364.5        53552.5
483      110336.0        450381.0        52553.0
41       111104.0        444264.0        52381.0
346      110848.0        449390.0        52354.0
322      112896.0        447685.0        52340.0
283      114176.0        421288.0        52281.0
415      111360.0        361130.0        52139.0
434      109696.0        367967.0        51988.0
34       109440.0        354162.5        51809.5
           Server1    Server2
Offset                       
339     233685.125  58783.125
97        9865.750   2528.625
19        7790.625   2007.250
435       6572.125   1706.375
35        5033.500   1320.750
225       5027.500   1317.625
204       4976.125   1307.625
444       3578.500    959.000
160       2702.125    732.625
263       2630.625    718.500
151       2591.750    714.000
210       2468.125    674.875
162       2436.750    668.750
187       2427.500    667.750
462       2377.000    653.875
289       2361.375    649.625
279       2351.125    651.250
434       2339.250    644.875
477       2326.750    641.625
290       2325.625    640.625
Round 8
        Timestamp  TS First Frame  TS Prev Frame
Offset                                          
339      188032.0        482804.5       110806.0
145      156544.0        450806.0        73767.0
279      129280.0        511798.5        64169.0
439      124672.0        389550.5        59118.5
2        163840.0       1280662.5        57773.5
413      131584.0        474603.0        55392.0
33       115456.0        406440.5        54362.0
10       111360.0        459688.0        54091.0
24       118784.0        366064.0        53648.0
395      155136.0        594589.0        53632.0
162      115968.0        365445.0        53269.0
241      119424.0        474940.5        53216.0
483      110720.0        452513.5        52939.0
41       111104.0        444264.0        52381.0
346      110848.0        449390.0        52354.0
289      120832.0        453774.0        52328.0
448      115968.0        460742.0        52285.0
283      114176.0        421288.0        52281.0
217      116992.0        362094.0        52255.0
434      109696.0        367967.0        51988.0
              Server1       Server2
Offset                             
339     252554.888889  63495.444444
67       35730.111111   8983.666667
390      34075.111111   8569.333333
97        8995.333333   2310.222222
19        7103.666667   1836.666667
435       6025.666667   1568.000000
219       5726.000000   1490.888889
225       4689.222222   1233.222222
35        4679.222222   1232.000000
204       4582.555556   1208.555556
444       3369.333333    905.888889
160       2617.666667    711.333333
263       2582.777778    705.000000
151       2524.777778    695.777778
477       2434.888889    667.888889
210       2415.666667    661.555556
162       2363.888889    649.333333
187       2361.666667    650.666667
470       2343.000000    642.888889
462       2338.333333    644.333333
Round 9
        Timestamp  TS First Frame  TS Prev Frame
Offset                                          
339      188032.0        482804.5       110806.0
145      156544.0        450806.0        73767.0
439      118784.0        376018.0        58579.0
289      134656.0        457083.0        58148.5
413      114944.0        464234.0        57393.0
453      125568.0        475387.5        54360.0
162      115968.0        365445.0        53269.0
483      110336.0        450381.0        52553.0
478      112640.0        454458.0        52377.0
488      113408.0        506561.0        52255.0
455      110848.0        453669.0        52048.0
322      111616.0        402670.0        51452.5
415      112384.0        361439.5        51180.0
436      130304.0        469002.0        51173.0
326      106496.0        447622.0        51106.0
165      112000.0        451878.0        51052.0
217      113408.0        378953.0        50977.0
279      115712.0        453815.0        50977.0
41       108928.0        447505.5        50809.5
134      108160.0        452102.0        50799.5
         Server1  Server2
Offset                   
339     249086.2  62630.0
67       32461.7   8167.6
390      30812.9   7754.4
97        8261.2   2126.9
19        6551.9   1698.3
435       5841.4   1521.4
219       5318.0   1388.9
225       4407.9   1162.2
35        4365.7   1152.8
204       4267.8   1129.6
444       3203.5    863.6
160       2548.7    694.0
263       2471.4    676.7
151       2465.1    680.3
462       2452.4    672.3
434       2446.3    669.9
477       2417.1    662.1
210       2384.2    654.0
162       2384.0    654.0
503       2378.2    650.1
Winning offset:
[339]
2021-09-08 01:16:46.964815
2021-09-08 01:17:08.262533
0:00:21.297718
Exception ignored in: <function Capture.__del__ at 0x7f69525fb5e0>
Traceback (most recent call last):
  File "/home/mlipp/.virtualenvs/kaslr/lib/python3.8/site-packages/pyshark/capture/capture.py", line 445, in __del__
  File "/home/mlipp/.virtualenvs/kaslr/lib/python3.8/site-packages/pyshark/capture/capture.py", line 436, in close
  File "/usr/lib/python3.8/asyncio/base_events.py", line 592, in run_until_complete
  File "/usr/lib/python3.8/asyncio/base_events.py", line 553, in _check_running
AttributeError: 'NoneType' object has no attribute '_get_running_loop'
