Loading page file profiles/lab06/pages/0x2a44b.yaml
Loading page file profiles/lab06/pages/0x2a460.yaml
Loading page file profiles/lab06/pages/0x2a4e3.yaml
Loading page file profiles/lab06/pages/0x2a4e5.yaml
Loading page file profiles/lab06/pages/0x2a800.yaml
Loading page file profiles/lab06/pages/0x2a804.yaml
Loading page file profiles/lab06/pages/0x2a805.yaml
RUN
Round 0
Round 1
Empty DataFrame
Columns: [Timestamp, TS First Frame, TS Prev Frame]
Index: []
         Server1  Server2
Offset                   
339     215359.0  54006.5
38       26657.0   6777.0
388       8753.0   2258.5
475       6527.0   1700.0
55        6059.5   1580.5
183       5977.0   1557.5
222       5842.0   1524.5
136       5831.5   1526.0
269       5813.0   1516.5
121       5716.0   1495.5
502       5699.0   1493.0
405       5431.5   1424.5
84        5426.5   1420.0
280       5401.5   1420.0
190       5397.5   1413.5
394       5317.0   1392.0
389       3415.5    917.0
226       2929.5    794.5
358       2883.5    780.0
211       2853.0    771.5
Round 2
        Timestamp  TS First Frame  TS Prev Frame
Offset                                          
174      262144.0      12620089.5       153064.0
5        205824.0      11742943.0       138683.0
339      177408.0        472039.0       120142.0
370      181120.0       8160404.0       118403.5
104      210432.0      10315922.5       115763.0
1        203904.0       1860260.5       114144.5
291      197504.0      12729828.5       111808.0
235      165504.0       1253097.5       100859.0
229      179968.0      18525684.0        91412.0
420      171648.0       2380944.5        85807.0
288      154880.0       2372938.5        85758.5
377      172288.0      12831570.5        85573.0
356      190848.0       8177037.5        84625.0
107      151936.0      11595961.0        84158.0
80       159872.0        972659.5        83976.5
273      173952.0       1335684.5        83420.5
465      150400.0       1266886.0        82155.0
171      147840.0      11469791.0        80969.0
379      141568.0       1271555.0        80298.0
295      189056.0      12799863.5        79348.0
              Server1       Server2
Offset                             
339     188297.000000  47301.000000
38       18345.000000   4681.666667
388       6308.666667   1642.333333
308       6306.666667   1643.333333
475       4889.666667   1289.000000
502       4768.333333   1258.000000
55        4711.000000   1248.666667
183       4668.000000   1224.666667
222       4448.000000   1175.666667
269       4445.666667   1172.333333
121       4429.000000   1172.666667
136       4401.333333   1165.666667
84        4248.666667   1128.666667
190       4204.000000   1119.000000
280       4204.000000   1115.666667
394       4151.000000   1101.000000
405       4076.333333   1082.333333
389       2843.333333    771.666667
144       2776.000000    753.333333
474       2769.666667    752.666667
Round 3
        Timestamp  TS First Frame  TS Prev Frame
Offset                                          
174      246016.0       2271092.0       133592.0
339      183296.0        423919.0       121580.0
104      210432.0      10315922.5       115763.0
1        203904.0       1860260.5       114144.5
229      181760.0      13841796.0       102773.0
235      165504.0       1253097.5       100859.0
303      182016.0      11949207.5        96531.5
61       154880.0       1205674.5        89309.5
477      153728.0       2337808.0        86245.0
420      171648.0       2380944.5        85807.0
377      172288.0      12831570.5        85573.0
168      154112.0        501424.0        85276.0
356      190848.0       8177037.5        84625.0
284      183936.0       1312330.0        82920.5
171      147840.0      11469791.0        80969.0
220      167296.0       8031376.0        80048.5
295      189056.0      12799863.5        79348.0
219      141824.0       7123114.0        76767.0
3        132736.0       1278978.5        75553.0
505      129792.0        372231.0        73575.0
          Server1   Server2
Offset                     
339     230188.00  57784.25
38       14187.25   3633.75
308       5244.00   1373.25
388       5122.00   1344.50
502       4194.00   1110.00
475       4064.75   1081.25
55        3995.00   1066.00
183       3956.25   1046.00
269       3891.75   1034.50
121       3853.75   1026.25
280       3829.00   1021.75
222       3821.25   1017.25
136       3710.50    992.25
190       3643.50    975.75
84        3621.00    970.00
394       3482.00    933.50
405       3425.00    919.75
144       2680.50    731.00
389       2562.00    698.25
99        2502.50    684.25
Round 4
        Timestamp  TS First Frame  TS Prev Frame
Offset                                          
7        283520.0        640001.5       218322.5
447      266752.0        669868.0       199046.5
339      190080.0        437377.5       130861.0
377      191744.0       5931920.0       112341.0
174      200576.0       1384586.0        92330.0
83       148992.0        445885.0        91018.0
168      154112.0        501424.0        85276.0
229      156288.0       8669433.0        82127.5
171      147840.0       3377599.0        80969.0
220      167296.0       8031376.0        80048.5
245      142976.0        511439.0        78584.5
219      141824.0       7123114.0        76767.0
490      135424.0        383157.5        71687.5
273      174080.0       2143784.5        68831.5
493      153472.0       3126967.5        68164.0
65       149248.0      13531719.0        67515.5
453      129280.0        422988.5        67374.0
281      134272.0       2137083.0        67056.0
507      131328.0        466657.0        65166.0
235      124416.0        456474.0        64579.0
         Server1  Server2
Offset                   
339     235900.8  59233.0
38       11693.8   3004.0
28        5959.2   1560.8
388       4665.8   1228.6
308       4618.6   1232.0
502       3744.4    998.0
475       3652.6    976.2
55        3579.6    960.0
183       3532.4    939.6
121       3524.4    943.0
269       3495.0    935.4
222       3468.4    929.0
394       3418.6    916.8
280       3322.8    893.2
136       3317.2    890.6
190       3293.8    886.6
84        3254.2    876.6
405       3110.4    837.8
144       2913.0    789.2
211       2545.4    696.6
Round 5
        Timestamp  TS First Frame  TS Prev Frame
Offset                                          
339      190080.0        437377.5       130861.0
174      200576.0       1384586.0        92330.0
83       148992.0        445885.0        91018.0
377      172288.0       3211406.0        85573.0
229      156288.0       8669433.0        82127.5
235      139520.0        476805.5        81026.0
171      147840.0       3377599.0        80969.0
493      152064.0        402023.0        77097.0
335      165504.0       4508864.0        73590.5
281      134272.0       2137083.0        67056.0
168      154112.0        450951.0        66946.0
447      126720.0        421867.5        63518.5
133      135552.0        608648.0        62998.5
429      121984.0        574482.5        62640.5
369      131200.0        428868.0        61418.0
156      124928.0        371657.0        61277.0
334      121856.0        459903.0        61052.0
467      119552.0        459631.0        60989.0
407      124928.0        372167.0        60827.0
273      165888.0       2110272.0        60777.0
              Server1       Server2
Offset                             
339     270800.166667  67960.333333
38       10036.833333   2586.500000
28        5231.500000   1376.333333
388       4162.166667   1103.000000
308       4142.666667   1110.666667
475       3423.166667    918.833333
502       3376.333333    905.000000
183       3331.000000    892.000000
55        3312.000000    891.500000
121       3242.500000    872.666667
222       3226.666667    867.500000
269       3220.333333    868.000000
394       3128.500000    843.000000
280       3070.333333    828.833333
136       3043.666667    821.166667
190       3032.166667    821.166667
84        2993.666667    810.500000
405       2838.833333    770.666667
144       2803.666667    762.166667
290       2508.500000    688.500000
Round 6
        Timestamp  TS First Frame  TS Prev Frame
Offset                                          
339      184576.0        426399.0       127502.0
174      170880.0        555976.0        85557.0
83       133504.0        452426.5        70463.0
171      131584.0        457076.0        68760.0
471      138880.0       1268985.5        68142.0
235      154624.0        497137.0        64579.0
447      126720.0        421867.5        63518.5
493      149504.0        398397.0        63123.5
59       168192.0       3206256.5        62467.0
273      165888.0       2110272.0        60777.0
267      121856.0        377058.5        60650.5
229      142720.0       1998317.0        60100.5
184      121600.0        376499.0        59996.0
507      126848.0        468045.5        59877.0
281      138496.0        498680.0        59789.0
490      139008.0        402431.0        59625.0
377      155648.0        496104.0        58805.0
7        117504.0        361502.0        58602.0
369      137472.0        485824.0        58406.0
199      119040.0        401015.0        58405.0
              Server1       Server2
Offset                             
339     282299.000000  70842.428571
38        8830.714286   2283.285714
28        4722.714286   1247.714286
388       3883.142857   1033.285714
308       3838.571429   1032.714286
183       3313.000000    887.857143
475       3216.571429    868.000000
55        3139.285714    849.857143
502       3131.142857    842.857143
269       3061.000000    829.428571
121       3038.857143    820.000000
25        3005.857143    813.000000
222       3004.857143    811.142857
394       2988.571429    809.285714
280       2877.000000    780.714286
190       2874.285714    781.714286
84        2868.714286    779.428571
136       2823.000000    766.857143
144       2745.142857    747.714286
405       2681.428571    730.285714
Round 7
        Timestamp  TS First Frame  TS Prev Frame
Offset                                          
339      190720.0        438617.5       133822.0
80       140416.0        562829.0        76861.5
493      145024.0        458028.5        67316.0
267      124416.0        385135.0        66180.0
447      126720.0        421867.5        63518.5
59       153728.0       1135602.0        63323.0
171      123392.0        418394.5        63036.5
184      122368.0        373874.5        60511.0
235      152320.0        492478.5        60250.0
507      126848.0        468045.5        60108.5
229      142720.0       1998317.0        60100.5
490      131968.0        440290.5        59516.0
377      155648.0        496104.0        58805.0
7        117504.0        361502.0        58602.0
281      134272.0        483738.0        58340.5
369      131200.0        488146.5        58072.0
475      118528.0        431262.5        57933.5
467      117376.0        459631.0        57157.0
74       131200.0        496544.5        57132.0
295      116864.0        356508.0        57087.5
           Server1    Server2
Offset                       
339     316287.125  79343.375
38        7972.375   2066.125
28        4365.250   1157.750
388       3628.375    969.500
308       3579.375    968.125
183       3161.625    849.125
475       3105.000    839.000
502       3006.125    811.500
55        3000.500    814.875
121       2968.625    806.750
281       2945.375    802.750
269       2942.500    799.875
222       2895.375    784.375
394       2875.125    780.125
25        2848.875    773.875
84        2836.000    774.125
280       2755.125    751.250
136       2731.000    744.000
190       2703.375    737.875
144       2692.000    736.875
Round 8
        Timestamp  TS First Frame  TS Prev Frame
Offset                                          
339      196864.0        450836.0       140142.0
493      145024.0        458028.5        67316.0
171      141696.0        430102.5        63036.5
377      154240.0       1248419.0        61262.5
59       152832.0        622200.0        61130.0
267      129920.0        423431.5        60650.5
507      126848.0        468045.5        60108.5
229      142720.0       1998317.0        60100.5
184      121600.0        371250.0        59996.0
490      131968.0        440290.5        59516.0
404      126464.0        450983.0        58629.0
281      134272.0        483738.0        58340.5
475      118528.0        431262.5        57933.5
369      137472.0        489205.0        57738.0
235      137216.0        472147.0        57273.0
463      122624.0        468717.5        57262.0
467      117376.0        459631.0        57157.0
492      123136.0        382632.0        57096.0
36       114432.0        456404.0        57094.0
471      138496.0        479724.0        56410.0
              Server1       Server2
Offset                             
339     322980.777778  81022.333333
38        7262.222222   1886.444444
28        4066.000000   1081.777778
335       3699.666667    992.444444
36        3678.444444    984.444444
388       3418.222222    917.111111
308       3386.000000    917.777778
183       3057.333333    822.555556
175       3034.555556    821.666667
475       2941.333333    798.000000
55        2900.777778    788.111111
121       2860.111111    778.333333
502       2843.222222    771.333333
269       2821.000000    769.111111
394       2804.666667    762.666667
222       2787.333333    757.555556
281       2784.888889    762.222222
25        2731.000000    743.888889
84        2675.666667    734.000000
144       2659.777778    728.666667
Round 9
        Timestamp  TS First Frame  TS Prev Frame
Offset                                          
339      204288.0        473552.0       133822.0
59       138496.0        559613.5        61125.0
267      129920.0        423431.5        60650.5
184      121600.0        371250.0        59996.0
475      121088.0        405474.0        59755.0
507      122112.0        427362.0        59160.0
377      152832.0        496104.0        58805.0
229      130816.0        499564.0        58719.0
404      126464.0        450983.0        58629.0
308      115456.0        459321.0        58528.0
490      122496.0        440290.5        57971.5
467      118528.0        459631.0        57803.5
493      143104.0        402023.0        57535.0
171      131584.0        403129.0        57313.0
235      137216.0        472147.0        57273.0
322      139520.0        484434.0        57269.0
420      135680.0        445181.0        57230.0
492      123136.0        382632.0        57096.0
36       119040.0        456404.0        57094.0
471      129792.0        470896.0        56902.0
         Server1  Server2
Offset                   
339     318082.0  79800.2
449      28036.6   7062.4
38        6711.6   1748.0
28        3836.2   1023.7
335       3478.2    935.7
36        3472.8    932.4
308       3276.0    889.4
388       3249.8    874.8
507       3239.8    876.1
183       2954.6    796.5
175       2934.1    796.4
475       2818.7    766.6
55        2790.7    759.8
121       2759.6    752.2
394       2740.3    747.2
269       2734.9    746.7
502       2713.0    738.0
281       2692.5    738.1
222       2669.6    727.7
84        2629.4    721.6
Winning offset:
[339]
2021-09-08 01:17:34.513539
2021-09-08 01:17:55.806275
0:00:21.292736
Exception ignored in: <function Capture.__del__ at 0x7fbc8d2025e0>
Traceback (most recent call last):
  File "/home/mlipp/.virtualenvs/kaslr/lib/python3.8/site-packages/pyshark/capture/capture.py", line 445, in __del__
  File "/home/mlipp/.virtualenvs/kaslr/lib/python3.8/site-packages/pyshark/capture/capture.py", line 436, in close
  File "/usr/lib/python3.8/asyncio/base_events.py", line 592, in run_until_complete
  File "/usr/lib/python3.8/asyncio/base_events.py", line 553, in _check_running
AttributeError: 'NoneType' object has no attribute '_get_running_loop'
