Loading page file profiles/lab06/pages/0x2a44b.yaml
Loading page file profiles/lab06/pages/0x2a460.yaml
Loading page file profiles/lab06/pages/0x2a4e3.yaml
Loading page file profiles/lab06/pages/0x2a4e5.yaml
Loading page file profiles/lab06/pages/0x2a800.yaml
Loading page file profiles/lab06/pages/0x2a804.yaml
Loading page file profiles/lab06/pages/0x2a805.yaml
RUN
Round 0
Round 1
Empty DataFrame
Columns: [Timestamp, TS First Frame, TS Prev Frame]
Index: []
         Server1  Server2
Offset                   
339     244783.5  61570.0
173       6392.5   1666.5
481       5718.0   1503.0
383       5638.5   1473.5
7         5627.0   1473.0
443       5464.5   1430.5
289       3092.5    829.0
74        3089.5    831.0
207       2941.5    795.0
71        2818.5    759.0
364       2793.5    756.5
177       2790.0    753.5
21        2770.5    751.5
454       2767.5    754.0
193       2712.0    733.5
9         2705.0    729.5
160       2689.0    734.5
256       2655.0    719.0
34        2654.0    717.0
363       2647.5    719.0
Round 2
        Timestamp  TS First Frame  TS Prev Frame
Offset                                          
339      211328.0       9634557.5       147873.0
216      209280.0        676920.5       123517.5
302      204544.0       9626980.0       119538.5
487      163584.0       1381222.0       105064.5
171      151936.0       3680603.0        88597.5
366      175232.0      11967607.0        86779.5
33       138112.0        477348.5        80501.0
161      152576.0       1064067.0        80046.0
17       145024.0       2157385.5        79858.5
301      164736.0       6976612.0        77563.5
1        152960.0       1083664.5        76352.0
381      158848.0       4592630.5        74180.5
500      154496.0        398254.0        73385.5
402      160640.0       2241302.5        73236.0
259      136832.0       6035357.0        70414.5
405      175616.0       6023447.5        69332.0
399      129152.0        424973.5        68633.0
479      125312.0        371375.0        68311.0
78       164480.0        588466.0        66858.0
207      140160.0        496552.0        65520.5
              Server1       Server2
Offset                             
339     249748.666667  62764.666667
81       10108.000000   2588.000000
311       6306.000000   1642.000000
173       4896.666667   1288.000000
7         4426.000000   1168.666667
481       4403.333333   1167.333333
383       4319.000000   1140.000000
443       4152.666667   1107.000000
364       3188.333333    858.333333
21        2825.000000    764.000000
289       2766.666667    749.333333
202       2717.666667    738.333333
71        2636.666667    715.666667
74        2632.333333    717.000000
128       2624.000000    714.333333
144       2603.000000    709.333333
177       2581.666667    703.000000
182       2539.333333    698.000000
207       2535.666667    691.333333
98        2511.333333    692.333333
Round 3
        Timestamp  TS First Frame  TS Prev Frame
Offset                                          
339      211328.0       9634557.5       147873.0
216      209280.0        676920.5       123517.5
400      190208.0      10537709.0        90388.5
465      172160.0       8701256.0        85124.0
454      172416.0      10170864.0        84701.0
33       138112.0        477348.5        80501.0
161      152576.0       1064067.0        80046.0
301      164736.0       6976612.0        77563.5
1        152960.0       1083664.5        76352.0
47       141312.0       3567630.0        75559.0
235      166912.0       2159890.5        75552.5
455      162816.0       3672019.5        74751.5
64       138624.0       1268296.0        74260.5
403      179328.0       1022728.5        73402.5
500      154496.0        398254.0        73385.5
473      138368.0       1089222.5        73278.5
129      154624.0        835625.5        73162.5
143      150272.0       1222020.0        73107.0
140      150528.0       1498203.0        72425.0
261      144000.0        437958.5        70985.0
          Server1   Server2
Offset                     
339     283051.00  71076.75
81        8024.75   2068.25
311       5202.50   1364.75
173       4099.00   1089.75
7         3834.25   1020.50
383       3707.50    986.50
481       3666.75    982.00
443       3551.25    954.50
243       3110.25    838.75
160       3021.00    816.50
348       2872.00    782.25
364       2817.25    764.50
177       2763.25    749.25
434       2706.00    736.25
202       2573.25    703.75
21        2559.25    697.25
430       2528.50    689.25
386       2498.00    682.75
289       2493.00    681.75
71        2474.50    676.75
Round 4
        Timestamp  TS First Frame  TS Prev Frame
Offset                                          
339      232192.0       2089796.0       171121.0
216      209280.0        676920.5       123517.5
508      183296.0       2239649.0       116344.0
129      154624.0       1172327.0        95255.0
370      173184.0      12581765.5        87534.5
137      173568.0      11759922.5        85600.0
454      172416.0      10170864.0        84701.0
28       142976.0      13854747.5        78419.5
281      177536.0       4661370.0        76928.5
241      151552.0        443070.0        76792.0
161      165760.0       1079322.5        76281.0
47       141312.0       3567630.0        75559.0
64       138624.0       1268296.0        74260.5
483      152448.0       2307680.5        74154.5
143      150272.0       1222020.0        73107.0
140      150528.0       1498203.0        72425.0
171      132352.0        702875.0        69509.0
321      127232.0        371467.0        69088.5
1        140928.0        997201.5        61644.5
202      128512.0        472911.0        61581.0
         Server1  Server2
Offset                   
339     308524.0  77447.0
81        6755.4   1750.4
311       4538.2   1198.2
173       3816.8   1018.6
7         3449.0    921.0
383       3291.6    882.0
481       3268.2    882.0
443       3200.8    864.2
204       2922.6    794.4
243       2863.0    777.4
160       2838.6    769.4
348       2697.6    739.0
364       2594.0    709.4
34        2575.8    698.2
256       2554.2    696.6
202       2548.6    697.2
177       2541.0    694.8
434       2498.8    685.0
386       2455.6    671.2
144       2447.4    672.2
Round 5
        Timestamp  TS First Frame  TS Prev Frame
Offset                                          
339      219648.0       1269127.0       160093.5
508      151040.0       2245826.0        86919.0
281      177536.0       4661370.0        76928.5
161      165760.0       1079322.5        76281.0
64       138624.0       1268296.0        74260.5
129      154624.0        835625.5        72503.5
241      142720.0        400025.0        71109.0
28       126464.0       2737474.0        64826.0
78       164480.0        583831.0        62661.0
140      144256.0        985742.0        62578.5
33       140800.0        510452.0        61227.0
164      124928.0        466853.0        61120.0
171      143360.0        544370.0        59287.5
10       138752.0        427962.0        58707.0
113      121600.0        412838.5        58101.5
381      121728.0       1096211.5        57620.5
465      122240.0        465259.0        57347.0
358      123648.0        997074.0        57079.0
202      126976.0        421928.5        56968.0
274      122752.0        413361.5        56919.5
              Server1       Server2
Offset                             
339     314672.500000  78977.333333
81        5894.333333   1534.000000
311       4102.000000   1088.666667
173       3438.833333    923.833333
7         3323.833333    890.333333
443       3196.166667    863.666667
383       3101.666667    834.333333
481       3016.166667    818.500000
204       2832.166667    770.500000
467       2734.000000    744.500000
243       2697.333333    736.000000
160       2688.666667    733.500000
430       2641.000000    717.333333
202       2579.500000    704.833333
348       2550.833333    700.500000
34        2472.833333    673.000000
177       2436.500000    668.000000
364       2434.666667    670.166667
386       2403.500000    658.500000
434       2388.833333    657.666667
Round 6
        Timestamp  TS First Frame  TS Prev Frame
Offset                                          
339      232192.0        479020.0       149066.0
33       140800.0        510452.0        61227.0
301      133120.0        473184.0        58762.0
28       119424.0       1594912.5        58665.0
310      121344.0        461479.0        58573.0
366      128768.0        476107.0        58527.0
235      154880.0       2159890.5        58196.5
508      153600.0       2239649.0        57494.0
341      121088.0        395239.0        57412.0
338      117504.0        366263.0        56183.0
266      125824.0        414774.5        56072.0
164      123648.0        417766.0        56062.5
273      117504.0        462966.0        55841.0
66       117248.0        355395.0        55673.0
195      115584.0        444366.5        55504.0
274      121344.0        368709.0        55284.0
326      117248.0        462464.0        55001.0
315      130688.0        417774.0        54960.0
454      154624.0        496611.0        54946.0
137      135680.0        428841.0        54923.0
              Server1       Server2
Offset                             
339     325470.428571  81668.000000
81        5331.714286   1393.142857
311       3799.142857   1012.857143
173       3329.285714    895.000000
7         3154.000000    850.285714
481       3044.857143    826.285714
443       2948.285714    800.142857
383       2898.000000    782.571429
204       2635.857143    720.571429
243       2614.142857    716.714286
160       2600.142857    711.285714
467       2586.857143    708.142857
434       2559.714286    701.714286
430       2494.428571    681.428571
348       2449.428571    674.571429
202       2431.428571    667.428571
34        2401.142857    656.571429
473       2392.857143    658.285714
144       2385.428571    659.142857
177       2379.285714    654.857143
Round 7
        Timestamp  TS First Frame  TS Prev Frame
Offset                                          
339      212480.0        479020.0       149066.0
28       119424.0       1594912.5        58665.0
315      153344.0        489623.0        57864.5
508      153600.0       2239649.0        57494.0
33       125696.0        506229.0        56955.5
43       129536.0        468459.5        56563.0
338      117504.0        366263.0        56183.0
341      126848.0        426131.5        55530.5
274      121344.0        368709.0        55284.0
326      117248.0        462464.0        55001.0
381      122880.0        462850.5        54906.0
10       143616.0        482060.5        54898.0
195      116224.0        450478.0        54755.0
142      121600.0        456785.0        54721.0
273      117376.0        458692.0        54697.5
366      117248.0        449592.0        54629.0
69       129920.0        464951.0        54348.5
102      127744.0        422954.5        54267.0
461      129152.0        467645.0        53867.5
175      118272.0        475428.0        53851.0
           Server1    Server2
Offset                       
339     339404.125  85154.375
357       7871.125   2038.625
81        4904.875   1288.250
311       3583.875    958.375
173       3127.875    845.625
7         3022.750    818.375
481       2909.500    792.500
383       2818.250    763.625
443       2806.875    765.875
434       2664.000    729.000
435       2595.750    713.625
160       2589.250    709.375
243       2581.625    710.500
204       2506.375    688.750
202       2497.500    684.125
467       2482.000    682.125
266       2451.625    677.250
430       2445.250    670.625
348       2433.250    671.250
34        2418.625    660.000
Round 8
        Timestamp  TS First Frame  TS Prev Frame
Offset                                          
339      222336.0        515714.5       151912.0
43       127232.0        467816.0        60975.0
33       118016.0        457571.0        59929.0
315      145408.0        477346.0        59488.0
508      153600.0       2239649.0        57494.0
274      121216.0        413361.5        57408.5
366      123008.0        462849.5        56578.0
338      117504.0        366263.0        56183.0
461      124160.0        461867.0        56101.0
164      123648.0        417766.0        56062.5
326      122624.0        461775.0        55654.5
266      121856.0        408754.0        55617.0
341      124160.0        463160.0        55530.5
294      125056.0        424021.0        55506.0
497      116480.0        449430.0        55472.0
127      117248.0        409268.5        55256.5
449      127360.0        465054.5        55056.0
381      122880.0        462850.5        54906.0
10       143616.0        482060.5        54898.0
475      118656.0        459455.0        54889.5
              Server1       Server2
Offset                             
339     326255.000000  81868.333333
357       7158.444444   1859.333333
81        4574.888889   1205.666667
311       3440.666667    923.111111
267       3208.777778    868.222222
173       2963.222222    803.555556
481       2845.111111    776.666667
7         2826.000000    768.000000
383       2701.444444    733.888889
443       2677.444444    733.444444
243       2560.111111    704.000000
434       2557.333333    702.111111
160       2554.777778    700.000000
405       2458.111111    679.000000
435       2438.111111    673.444444
256       2431.222222    666.777778
202       2426.555556    666.777778
467       2407.222222    662.000000
204       2407.111111    662.555556
348       2389.888889    660.555556
Round 9
        Timestamp  TS First Frame  TS Prev Frame
Offset                                          
339      212480.0        504486.0       149066.0
90       154752.0        444602.0        75374.5
43       127232.0        467816.0        60975.0
33       118016.0        457571.0        59929.0
475      136192.0        482710.0        59795.0
164      122368.0        455150.0        58618.0
366      128768.0        476107.0        58527.0
136      122624.0        456044.0        58477.0
315      149888.0        439103.0        57864.5
10       131840.0        469445.0        57615.0
508      120320.0        497799.0        57494.0
274      121216.0        413361.5        57408.5
278      112384.0        353115.0        57229.0
166      126976.0        458928.0        56221.0
461      124160.0        461867.0        56101.0
273      117248.0        454418.0        55841.0
326      122624.0        461775.0        55654.5
410      123904.0        468026.5        55613.0
341      124160.0        463160.0        55530.5
195      121088.0        457648.0        55504.0
         Server1  Server2
Offset                   
339     319381.9  80155.3
357       6653.1   1732.6
81        4333.9   1144.7
311       3295.6    886.1
267       3029.4    823.3
173       2974.7    805.4
481       2770.9    757.1
7         2695.9    735.7
383       2605.3    709.6
443       2562.0    704.2
243       2540.7    699.0
160       2533.1    693.8
434       2489.1    683.4
405       2385.7    660.1
202       2380.9    655.6
256       2364.6    650.5
266       2363.3    653.4
435       2350.8    651.3
144       2338.5    648.4
204       2330.0    642.7
Winning offset:
[339]
2021-09-08 01:18:45.103400
2021-09-08 01:19:06.864007
0:00:21.760607
Exception ignored in: <function Capture.__del__ at 0x7f3aa76035e0>
Traceback (most recent call last):
  File "/home/mlipp/.virtualenvs/kaslr/lib/python3.8/site-packages/pyshark/capture/capture.py", line 445, in __del__
  File "/home/mlipp/.virtualenvs/kaslr/lib/python3.8/site-packages/pyshark/capture/capture.py", line 436, in close
  File "/usr/lib/python3.8/asyncio/base_events.py", line 592, in run_until_complete
  File "/usr/lib/python3.8/asyncio/base_events.py", line 553, in _check_running
AttributeError: 'NoneType' object has no attribute '_get_running_loop'
