Loading page file profiles/lab06/pages/0x2a44b.yaml
Loading page file profiles/lab06/pages/0x2a460.yaml
Loading page file profiles/lab06/pages/0x2a4e3.yaml
Loading page file profiles/lab06/pages/0x2a4e5.yaml
Loading page file profiles/lab06/pages/0x2a800.yaml
Loading page file profiles/lab06/pages/0x2a804.yaml
Loading page file profiles/lab06/pages/0x2a805.yaml
RUN
Round 0
Round 1
Empty DataFrame
Columns: [Timestamp, TS First Frame, TS Prev Frame]
Index: []
         Server1  Server2
Offset                   
339     112825.0  28369.5
384      62782.0  15887.5
123      28644.5   7242.5
404       3296.5    883.0
254       3144.0    848.5
346       2963.0    790.5
422       2883.0    780.0
389       2843.0    771.5
477       2827.0    773.5
391       2779.0    745.0
418       2754.0    743.5
354       2737.5    742.5
313       2711.5    740.5
176       2710.0    738.0
489       2701.0    733.5
147       2644.0    719.0
55        2641.0    720.0
146       2639.0    713.0
232       2633.5    715.0
39        2626.0    728.5
Round 2
        Timestamp  TS First Frame  TS Prev Frame
Offset                                          
474      219136.0       1739809.0       113833.5
126      179072.0      13314003.0        93345.5
422      147584.0      13336066.5        82486.5
57       148480.0      11325388.0        82081.0
216      157440.0        501218.0        82030.5
466      167680.0       1224573.5        81473.0
393      158720.0      11679772.0        79325.5
113      138368.0       1091740.0        75542.0
162      134144.0        478177.5        74811.5
494      133632.0        427429.5        74704.0
101      161280.0       1079862.5        73552.5
411      172672.0        738451.0        73444.0
298      154624.0        494411.5        73293.0
174      132352.0        438145.5        73134.5
459      133760.0        427203.0        72677.5
172      136576.0        381954.0        71198.5
184      130560.0       1193354.0        66633.0
63       154752.0       1136858.5        66546.0
91       125056.0        420047.5        63494.0
339      167936.0      12573874.5        61861.5
              Server1       Server2
Offset                             
339     215425.666667  54076.666667
384      42630.666667  10806.333333
123      19681.333333   4993.000000
193       8072.000000   2087.000000
446       3199.000000    858.333333
444       2910.666667    797.666667
214       2747.333333    757.000000
404       2734.333333    743.666667
254       2674.000000    734.000000
146       2631.333333    714.333333
346       2618.333333    708.666667
342       2611.666667    714.000000
418       2557.000000    694.000000
391       2539.000000    686.333333
313       2517.333333    689.000000
354       2510.333333    690.000000
389       2510.333333    689.333333
422       2503.333333    686.333333
477       2476.333333    684.000000
232       2473.333333    679.333333
Round 3
        Timestamp  TS First Frame  TS Prev Frame
Offset                                          
194      248320.0        639889.0       186547.0
264      201088.0       2703708.0       128659.5
117      186240.0       1117374.5       124374.0
342      192768.0       2310402.0       114054.0
221      217216.0       6205801.5       111131.0
427      212864.0       1481103.0       106917.0
64       186752.0      12787308.5        95166.0
460      156032.0       3884315.0        93631.0
126      179072.0      13314003.0        93345.5
384      198656.0       3077758.0        92934.0
72       174976.0       9547384.0        91146.5
503      155392.0       1736192.0        86494.0
130      175232.0      12443218.5        85956.0
93       147072.0       1015422.0        83019.0
394      170112.0      11978862.0        82329.0
505      166016.0      10371641.5        82089.0
57       148480.0      11325388.0        82081.0
112      142976.0       2578484.0        81817.5
188      184320.0      14024354.5        81591.0
295      166016.0      13330687.5        79626.0
          Server1   Server2
Offset                     
339     271695.75  68166.00
384      32484.50   8248.75
123      15187.75   3867.50
193       6573.75   1712.50
446       2935.50    797.00
354       2769.75    757.25
301       2730.75    751.75
444       2714.75    749.75
404       2584.25    708.00
39        2552.75    710.00
432       2534.75    697.75
313       2529.75    691.50
146       2528.75    692.00
254       2515.75    693.00
214       2498.00    692.50
471       2483.75    686.50
172       2467.50    679.75
391       2455.50    669.75
23        2447.00    671.75
389       2432.50    673.00
Round 4
        Timestamp  TS First Frame  TS Prev Frame
Offset                                          
194      248320.0        639889.0       186547.0
264      201088.0       2703708.0       128659.5
339      211072.0        614506.0       124957.0
427      212864.0       1481103.0       106917.0
221      203776.0        601289.0        98023.0
317      154112.0        399789.0        97469.0
147      192640.0       5778518.5        97153.0
64       186752.0      12787308.5        95166.0
129      158592.0        491255.0        95080.5
312      155776.0        485755.5        93784.5
460      156032.0       3884315.0        93631.0
384      198656.0       3077758.0        92934.0
446      163328.0       1723343.0        90591.5
342      160768.0       1340038.0        88627.5
503      155392.0       1736192.0        86494.0
130      175232.0      12443218.5        85956.0
393      152064.0        532551.5        83752.0
394      170112.0      11978862.0        82329.0
257      199552.0      10412503.5        81960.0
17       156928.0       6290838.5        80752.0
         Server1  Server2
Offset                   
339     320570.4  80405.6
384      26441.0   6727.0
123      12500.8   3193.6
193       5849.6   1530.8
446       2785.0    760.0
39        2747.2    755.4
144       2655.6    726.8
354       2544.6    701.4
444       2529.2    703.2
301       2512.4    695.8
146       2465.8    678.4
471       2464.4    682.0
404       2442.2    673.2
391       2427.2    663.2
313       2424.2    667.6
254       2410.6    665.8
418       2395.0    661.4
432       2386.4    662.8
172       2372.4    657.6
450       2361.4    651.2
Round 5
        Timestamp  TS First Frame  TS Prev Frame
Offset                                          
339      211072.0        614506.0       124957.0
130      204288.0        629459.0       120968.0
427      212864.0       1481103.0       106917.0
317      154112.0        399789.0        97469.0
129      154112.0        395484.0        97251.0
147      192640.0       1498884.0        97189.5
446      163328.0       1723343.0        90591.5
503      155392.0       1736192.0        86494.0
266      148480.0        460161.5        82316.5
221      162432.0        525650.0        80840.5
238      182528.0       7538859.5        80077.0
177      150016.0        782292.0        78902.5
145      143360.0       1199646.0        78091.0
471      163072.0       1273666.5        77832.0
343      141312.0        386296.5        77076.0
402      137472.0        498892.0        75003.0
384      155776.0       1763071.5        74568.0
455      161024.0       1342364.0        74279.0
453      157056.0        522661.0        73202.5
214      146432.0        437054.0        71799.0
              Server1       Server2
Offset                             
339     290094.333333  72807.833333
384      22593.166667   5755.833333
123      10748.333333   2753.333333
111       6821.333333   1775.833333
311       6038.333333   1574.666667
193       5174.500000   1359.833333
290       3491.500000    935.833333
124       3142.166667    853.333333
39        2761.166667    758.333333
144       2755.000000    751.500000
446       2738.333333    745.333333
146       2549.833333    697.833333
354       2483.333333    684.000000
471       2454.333333    678.166667
215       2422.500000    664.166667
444       2403.666667    671.666667
295       2385.500000    652.333333
207       2377.333333    656.333333
301       2376.666667    660.166667
391       2363.000000    647.000000
Round 6
        Timestamp  TS First Frame  TS Prev Frame
Offset                                          
339      240896.0        583873.0       159103.0
147      192640.0       1498884.0        97189.5
317      152960.0        446830.0        95538.5
266      148480.0        460161.5        82316.5
221      162432.0        525650.0        80840.5
129      138112.0        429067.0        79722.0
309      149504.0        477350.0        79706.5
503      152704.0       1116477.0        72507.0
402      131840.0        454877.0        70939.0
46       158976.0        553413.0        69198.5
457      136576.0        430614.5        69016.0
174      129792.0        398643.0        68589.0
130      127744.0        370108.0        67412.0
472      125440.0        381753.0        67342.0
70       128256.0        485759.5        66837.0
361      125696.0       1680213.0        66513.0
101      128000.0        498987.0        66489.0
48       140544.0       1125118.5        66166.5
164      164736.0       1225977.0        65983.0
471      154368.0        393332.0        65962.0
              Server1       Server2
Offset                             
339     289188.428571  72609.000000
384      19654.142857   5014.857143
63       12791.142857   3265.142857
123       9454.000000   2429.142857
111       6122.714286   1599.142857
311       5444.571429   1426.000000
193       4731.714286   1248.571429
290       3317.714286    892.285714
124       3009.428571    818.000000
41        2913.714286    796.285714
144       2697.142857    737.000000
146       2691.714286    731.857143
39        2623.142857    722.714286
446       2590.857143    709.000000
169       2480.142857    685.857143
471       2388.571429    661.142857
265       2370.714286    652.000000
254       2369.142857    654.857143
191       2358.571429    649.142857
354       2335.571429    647.000000
Round 7
        Timestamp  TS First Frame  TS Prev Frame
Offset                                          
339      211072.0        544514.5       124093.0
317      151808.0        399789.0        93608.0
471      163072.0       1273666.5        85797.0
238      182528.0       7538859.5        80077.0
402      131840.0        454877.0        70939.0
298      154624.0        498295.0        70899.0
457      136576.0        430614.5        69016.0
130      127744.0        370108.0        67412.0
26       153216.0        407503.5        67362.5
472      125440.0        381753.0        67342.0
204      154112.0        677761.0        64969.0
495      127744.0        369880.5        64742.5
48       126208.0        452447.0        64712.0
174      124160.0        392997.0        64692.5
39       124928.0        371807.0        64626.0
295      126976.0        414704.0        63809.0
45       130688.0        497018.0        63732.5
154      125440.0        557668.0        63704.0
221      121088.0        450011.0        63658.0
177      148992.0        490682.5        63559.5
           Server1    Server2
Offset                       
339     300750.375  75497.500
384      17449.625   4459.500
63       11381.125   2912.125
123       8479.750   2185.625
111       5621.750   1471.000
311       5009.625   1316.250
193       4388.500   1161.250
290       3180.625    858.375
124       2825.375    770.875
41        2761.250    757.125
144       2622.625    717.500
146       2556.500    699.375
39        2530.625    699.250
287       2490.625    687.125
446       2464.750    677.750
391       2449.500    669.500
169       2404.750    667.000
471       2354.625    653.000
354       2333.625    647.125
254       2311.375    640.625
Round 8
        Timestamp  TS First Frame  TS Prev Frame
Offset                                          
339      200704.0        583873.0       109679.0
317      148480.0        397221.5        85510.5
402      134144.0        466328.0        68544.0
26       153216.0        407503.5        67362.5
164      158080.0       1252068.5        65983.0
471      154368.0        393332.0        65962.0
204      154112.0        677761.0        64969.0
312      127488.0        543933.0        64891.5
39       124928.0        371807.0        64626.0
495      130304.0        372765.0        64542.0
472      125952.0        426300.5        64114.0
221      121088.0        450011.0        63658.0
321      129792.0        447410.0        63408.0
257      144384.0        498852.0        62662.5
149      135680.0        475466.0        62396.0
309      144896.0        466570.0        62373.0
298      154624.0        496749.0        62358.0
45       127232.0        478013.0        62309.0
277      126720.0        458023.0        62298.0
238      161024.0       4295655.0        62267.0
              Server1       Server2
Offset                             
339     313667.111111  78721.111111
384      15733.888889   4026.444444
63       10361.555556   2656.777778
123       7725.333333   1997.000000
111       5261.333333   1380.555556
311       4714.777778   1243.888889
193       4087.333333   1085.333333
290       3051.444444    826.000000
124       2694.777778    737.555556
41        2646.888889    728.000000
144       2540.444444    697.111111
171       2507.888889    692.000000
146       2477.000000    679.888889
39        2457.444444    679.555556
117       2396.444444    664.111111
446       2393.666667    660.111111
391       2381.444444    653.444444
287       2379.666667    657.555556
215       2332.444444    642.555556
169       2323.333333    645.222222
Round 9
        Timestamp  TS First Frame  TS Prev Frame
Offset                                          
339      200704.0        583873.0       109679.0
317      148480.0        397221.5        85510.5
471      154368.0        393332.0        65962.0
26       151552.0        402574.0        64776.0
495      130304.0        372765.0        64542.0
472      125952.0        426300.5        64114.0
402      134144.0        466328.0        62927.5
45       127232.0        478013.0        62309.0
63       126720.0        463822.5        61509.0
312      128256.0        467925.0        61499.0
95       126464.0        411587.5        61266.5
245      134016.0        415858.5        61141.0
342      128768.0        394775.0        60939.0
264      122240.0        467591.0        60903.0
459      154624.0        400454.0        60897.0
174      124928.0        398643.0        60796.0
39       119680.0        362771.5        60537.0
71       131840.0        441637.5        60516.0
344      123136.0        460313.0        60451.0
213      124672.0        466422.0        60383.0
         Server1  Server2
Offset                   
339     296251.3  74370.3
384      14383.9   3687.2
63        9472.4   2434.0
123       7125.7   1846.7
111       4927.9   1297.0
311       4435.7   1174.5
193       3871.2   1031.8
290       2953.3    801.5
124       2615.4    717.4
41        2597.1    714.4
171       2537.2    698.2
144       2505.1    688.2
147       2404.5    663.2
146       2402.6    661.0
39        2395.6    662.8
80        2375.3    653.8
117       2351.9    652.6
391       2343.9    644.4
446       2330.6    643.7
287       2319.5    642.5
Winning offset:
[339]
2021-09-08 01:21:30.397992
2021-09-08 01:21:51.439573
0:00:21.041581
Exception ignored in: <function Capture.__del__ at 0x7f9c2f45d5e0>
Traceback (most recent call last):
  File "/home/mlipp/.virtualenvs/kaslr/lib/python3.8/site-packages/pyshark/capture/capture.py", line 445, in __del__
  File "/home/mlipp/.virtualenvs/kaslr/lib/python3.8/site-packages/pyshark/capture/capture.py", line 436, in close
  File "/usr/lib/python3.8/asyncio/base_events.py", line 592, in run_until_complete
  File "/usr/lib/python3.8/asyncio/base_events.py", line 553, in _check_running
AttributeError: 'NoneType' object has no attribute '_get_running_loop'
