Loading page file profiles/lab06/pages/0x2a44b.yaml
Loading page file profiles/lab06/pages/0x2a460.yaml
Loading page file profiles/lab06/pages/0x2a4e3.yaml
Loading page file profiles/lab06/pages/0x2a4e5.yaml
Loading page file profiles/lab06/pages/0x2a800.yaml
Loading page file profiles/lab06/pages/0x2a804.yaml
Loading page file profiles/lab06/pages/0x2a805.yaml
RUN
Round 0
Round 1
Empty DataFrame
Columns: [Timestamp, TS First Frame, TS Prev Frame]
Index: []
         Server1  Server2
Offset                   
339     393578.0  98672.0
239       6412.5   1767.0
437       5556.5   1456.0
233       5497.0   1444.0
200       5287.0  17823.5
498       3467.0    928.0
254       3004.5    814.0
172       2956.5    806.5
375       2951.0    798.5
347       2939.5    796.5
314       2843.0    771.5
182       2842.0    774.0
228       2786.5    756.0
81        2782.5    758.0
359       2764.0    748.0
249       2748.5    755.5
409       2728.5    738.5
414       2682.5    719.5
355       2675.0    731.5
46        2674.0    731.0
Round 2
        Timestamp  TS First Frame  TS Prev Frame
Offset                                          
378      250624.0        499001.5       166373.5
209      225536.0      20784896.5       155849.5
177      205696.0       9355871.5       138092.5
371      201088.0      13489770.0       137036.0
478      242304.0       9977822.5       132294.5
222      198144.0      11319331.5       131733.0
463      215936.0      11013783.5       128127.5
386      211200.0       1368286.0       120391.5
71       205696.0       5492299.5       120206.5
299      206080.0      12762800.0       117909.5
347      222336.0       2675874.0       115842.5
62       182656.0      12793833.0       112096.0
276      171648.0       1231706.5       111488.5
424      167296.0       6144658.0       105360.5
445      170240.0       2013051.5       104405.5
397      160896.0       1267306.0       103123.5
404      187136.0      11367765.5       103068.0
165      164864.0        463298.0       100015.0
263      156544.0        449960.5        98733.5
90       157696.0        407678.5        96276.0
              Server1       Server2
Offset                             
339     345189.000000  86628.000000
239       4852.000000   1344.666667
233       4267.000000   1134.333333
437       4210.000000   1121.000000
200       4123.666667  12054.333333
362       3046.333333    827.000000
409       2944.333333    796.000000
498       2934.333333    797.666667
76        2717.666667    734.666667
254       2709.333333    743.000000
269       2645.666667    731.333333
172       2629.333333    724.333333
386       2627.333333    718.666667
359       2585.333333    704.333333
375       2548.666667    699.666667
495       2535.333333    694.666667
347       2524.333333    696.000000
182       2510.333333    692.000000
249       2505.666667    692.333333
314       2503.000000    689.000000
Round 3
        Timestamp  TS First Frame  TS Prev Frame
Offset                                          
339      227712.0        469818.0       168349.5
209      225536.0      20784896.5       155849.5
177      205696.0       9355871.5       138092.5
371      201088.0      13489770.0       137036.0
59       216704.0       5245261.0       133472.0
478      242304.0       9977822.5       132294.5
463      215936.0      11013783.5       128127.5
197      199936.0      14033406.0       125849.5
415      234752.0      10662944.5       123513.0
445      226304.0       3567831.0       122477.0
386      211200.0       1368286.0       120391.5
71       205696.0       5492299.5       120206.5
149      182528.0      11718988.0       117562.5
347      222336.0       2675874.0       115842.5
62       182656.0      12793833.0       112096.0
276      171648.0       1231706.5       111488.5
424      167296.0       6144658.0       105360.5
404      187136.0      11367765.5       103068.0
184      176256.0        526596.5        99328.0
263      156544.0        449960.5        98733.5
          Server1   Server2
Offset                     
339     353418.25  88693.25
239       4502.75   1238.75
233       3714.25    996.00
200       3622.50   9189.50
437       3582.50    962.75
409       2905.50    787.00
265       2821.00    780.00
222       2768.00    766.75
498       2607.25    715.75
114       2553.25    695.00
362       2537.75    699.25
269       2494.75    692.25
254       2488.25    685.75
76        2478.00    679.00
172       2469.00    683.25
247       2416.75    669.25
160       2403.50    662.75
347       2402.75    663.25
83        2400.75    668.00
495       2400.50    662.00
Round 4
        Timestamp  TS First Frame  TS Prev Frame
Offset                                          
339      203520.0        446680.0       144914.0
445      226304.0       3567831.0       122477.0
71       184832.0       2108510.0       122373.0
209      192256.0      19845430.0       121100.0
473      171520.0       1132820.0       104312.0
415      213248.0        699655.0       100654.0
263      154624.0        403713.0        97518.0
75       162816.0       2055010.0        97056.0
475      160768.0      13307083.0        95161.5
90       154368.0        398401.0        93916.0
27       153856.0        403221.0        93633.0
371      159488.0       1919605.0        93625.0
274      153856.0        395905.0        92215.0
177      160512.0        498101.0        90939.0
383      156928.0        506327.0        90765.0
398      162560.0        505254.0        89982.0
301      148736.0       7992262.0        88715.0
137      149760.0        468099.0        88712.0
386      164096.0        508925.0        88508.0
62       166272.0        506883.5        87989.5
         Server1  Server2
Offset                   
339     328908.8  82559.8
361       5236.0   1381.8
349       4860.8   1283.8
239       3933.4   1085.0
200       3260.6   7454.6
233       3256.4    880.2
437       3166.6    858.0
409       2726.4    742.2
265       2595.8    721.0
222       2565.2    712.2
98        2463.4    678.4
114       2435.0    666.4
498       2400.0    663.2
160       2396.2    661.2
83        2393.0    663.2
172       2385.6    662.8
362       2383.4    660.4
76        2380.4    655.4
254       2379.8    659.4
280       2367.8    652.6
Round 5
        Timestamp  TS First Frame  TS Prev Frame
Offset                                          
339      221056.0        461491.5       164414.0
445      183936.0       3974141.5       101684.5
415      213248.0        699655.0       100654.0
209      154752.0      10149319.0        90463.0
62       166272.0        506883.5        87989.5
71       169600.0       1276603.0        85670.5
207      193280.0       9315157.5        85640.0
16       149888.0        569124.5        83719.5
222      161920.0       1892782.0        82883.0
167      153216.0       3117353.5        82040.5
398      158848.0       1314055.5        81657.5
473      139904.0        799534.0        78970.5
263      134400.0        377167.0        78630.5
70       149504.0        442708.5        78120.5
96       139904.0        464158.0        77541.0
186      139008.0        399961.5        77514.5
371      140928.0       1187906.0        77343.5
447      156032.0        396108.5        76166.0
195      136448.0        422126.0        76092.5
87       135552.0        383245.5        75686.0
              Server1       Server2
Offset                             
339     338694.166667  84997.333333
361       4641.666667   1230.166667
349       4358.833333   1157.333333
239       3521.000000    975.833333
200       3113.500000   6322.666667
233       3010.166667    818.333333
437       2922.166667    796.166667
98        2608.166667    714.333333
409       2576.833333    703.833333
247       2471.000000    681.833333
83        2431.833333    672.333333
265       2428.500000    676.333333
222       2422.000000    674.500000
423       2389.666667    662.166667
160       2369.000000    653.500000
314       2358.500000    657.666667
150       2353.833333    650.500000
144       2349.500000    649.666667
114       2343.666667    642.333333
254       2338.333333    648.333333
Round 6
        Timestamp  TS First Frame  TS Prev Frame
Offset                                          
339      216704.0        461491.5       154343.5
415      213248.0        699655.0       100654.0
181      140160.0       1357576.0        81494.0
90       147200.0        398401.0        76352.0
386      137472.0        483242.0        74872.0
187      136960.0       5335262.5        74766.5
398      155136.0        505254.0        73333.0
234      150528.0        406457.0        71131.0
62       162816.0        496688.0        71117.0
245      134656.0        454762.0        69029.0
75       154368.0       2055010.0        68329.0
222      126080.0        456649.0        66639.5
445      127872.0       2013051.5        65881.0
509      127232.0        372222.0        63877.0
70       155136.0        498912.0        63834.0
345      125952.0        369229.0        63720.0
225      127744.0        389694.0        63606.0
87       123136.0        375950.0        63540.0
1        140800.0        535593.0        62395.0
226      154112.0        388371.0        62345.0
              Server1       Server2
Offset                             
339     344582.000000  86477.285714
361       4417.571429   1171.857143
349       4044.571429   1077.142857
239       3317.285714    919.142857
200       2898.285714   5485.000000
233       2883.428571    785.000000
437       2751.714286    752.142857
98        2550.571429    700.142857
409       2501.571429    685.571429
224       2445.142857    676.285714
247       2429.285714    671.142857
83        2377.571429    659.857143
391       2367.714286    650.714286
254       2365.714286    655.142857
222       2360.000000    657.142857
144       2317.857143    641.714286
150       2310.142857    639.714286
355       2299.285714    634.571429
503       2289.285714    633.285714
160       2285.000000    632.714286
Round 7
        Timestamp  TS First Frame  TS Prev Frame
Offset                                          
339      216704.0        461491.5       154343.5
187      153856.0        399781.0        90769.0
415      179072.0        603337.0        79307.5
27       153984.0        397325.0        74990.5
207      154368.0        478351.5        74348.5
234      150528.0        408548.0        71131.0
62       162816.0        496688.0        71117.0
386      136960.0        481212.0        69988.0
445      127872.0       2013051.5        65881.0
225      127744.0        389694.0        63606.0
222      123776.0        456649.0        62931.5
398      147968.0        498044.0        62808.5
1        138752.0        534342.0        62395.0
226      154112.0        388371.0        62345.0
58       126464.0        418888.0        61935.5
10       147200.0        440274.5        61833.5
52       121856.0        615711.0        61380.0
47       128512.0        393024.0        61118.0
259      124160.0        417979.5        60619.0
23       125824.0        457449.0        60541.0
           Server1    Server2
Offset                       
339     329674.125  82744.875
361       4073.125   1084.000
349       3758.750   1005.875
239       3090.750    859.125
200       2784.000   4867.375
233       2745.375    749.125
98        2663.875    727.375
274       2642.000    724.375
437       2607.500    715.250
409       2438.250    670.000
143       2424.000    670.375
247       2379.625    656.500
224       2375.625    658.250
391       2333.250    642.875
172       2333.125    646.125
144       2318.375    641.500
503       2306.000    637.375
254       2298.875    638.250
83        2283.875    636.125
510       2282.125    633.000
Round 8
        Timestamp  TS First Frame  TS Prev Frame
Offset                                          
339      215296.0        461491.5       148100.0
415      179072.0        603337.0        79307.5
27       153984.0        397325.0        74990.5
187      155392.0        399769.0        74766.5
234      150528.0        408548.0        71131.0
62       133120.0        477844.0        69746.0
225      127744.0        389694.0        63606.0
398      147968.0        498044.0        62808.5
47       128512.0        393024.0        61118.0
222      123648.0        453913.0        61062.0
259      124160.0        417979.5        60619.0
23       125824.0        457449.0        60541.0
58       125696.0        460589.0        60281.0
509      121472.0        411296.0        59876.0
181      116480.0        455251.0        59782.0
271      137856.0        480022.0        59671.5
116      117120.0        384117.5        59309.5
370      120448.0        478108.5        59100.0
458      120960.0        412401.5        59051.0
141      121600.0        461219.0        58747.0
              Server1       Server2
Offset                             
339     319905.000000  80302.666667
361       3825.777778   1022.444444
349       3561.777778    955.444444
239       2966.666667    825.777778
200       2658.888889   4378.888889
233       2633.888889    720.555556
98        2589.222222    708.888889
274       2564.000000    704.111111
437       2478.111111    682.000000
247       2407.444444    663.555556
409       2380.000000    654.777778
182       2370.444444    654.111111
510       2349.000000    649.777778
144       2341.777778    646.666667
83        2330.333333    646.555556
178       2318.555556    642.333333
143       2315.222222    642.222222
224       2309.555556    640.777778
503       2278.333333    630.333333
146       2276.888889    630.555556
Round 9
        Timestamp  TS First Frame  TS Prev Frame
Offset                                          
339      215296.0        461491.5       148100.0
187      155392.0        399769.0        74766.5
509      127232.0        450370.0        63877.0
398      147968.0        498044.0        62808.5
447      156032.0        396108.5        61509.0
62       124160.0        468597.0        61233.0
116      118784.0        392898.0        60004.0
234      131328.0        408548.0        59940.0
181      116480.0        455251.0        59782.0
259      124160.0        417979.5        59228.0
141      121600.0        461219.0        58747.0
225      126208.0        420865.0        58647.0
283      114432.0        364215.0        57464.0
247      125184.0        466491.0        57453.0
370      120448.0        434053.0        57365.5
415      134272.0        495773.0        57357.0
361      123648.0        372133.0        57337.0
401      142592.0        506192.0        57325.0
342      119552.0        475513.0        57319.0
222      118144.0        413927.5        57312.0
         Server1  Server2
Offset                   
339     329083.0  82599.1
247       3726.4    997.3
361       3612.6    968.2
349       3393.9    913.1
239       2838.4    790.8
233       2564.0    703.1
200       2528.0   3979.6
274       2508.4    690.2
98        2508.2    688.6
178       2487.3    683.8
437       2406.1    664.5
182       2336.8    645.2
409       2324.3    640.3
510       2319.1    641.6
144       2316.7    639.1
224       2296.7    636.2
355       2279.7    630.2
83        2273.3    631.6
503       2269.8    626.9
160       2266.9    626.0
Winning offset:
[339]
2021-09-08 01:23:28.061208
2021-09-08 01:23:49.831017
0:00:21.769809
Exception ignored in: <function Capture.__del__ at 0x7f9aac6b75e0>
Traceback (most recent call last):
  File "/home/mlipp/.virtualenvs/kaslr/lib/python3.8/site-packages/pyshark/capture/capture.py", line 445, in __del__
  File "/home/mlipp/.virtualenvs/kaslr/lib/python3.8/site-packages/pyshark/capture/capture.py", line 436, in close
  File "/usr/lib/python3.8/asyncio/base_events.py", line 592, in run_until_complete
  File "/usr/lib/python3.8/asyncio/base_events.py", line 553, in _check_running
AttributeError: 'NoneType' object has no attribute '_get_running_loop'
