Loading page file profiles/lab06/pages/0x2a44b.yaml
Loading page file profiles/lab06/pages/0x2a460.yaml
Loading page file profiles/lab06/pages/0x2a4e3.yaml
Loading page file profiles/lab06/pages/0x2a4e5.yaml
Loading page file profiles/lab06/pages/0x2a800.yaml
Loading page file profiles/lab06/pages/0x2a804.yaml
Loading page file profiles/lab06/pages/0x2a805.yaml
RUN
Round 0
Round 1
Empty DataFrame
Columns: [Timestamp, TS First Frame, TS Prev Frame]
Index: []
         Server1  Server2
Offset                   
339     366220.0  91892.5
177       9756.5   2517.0
14        6146.0   1607.0
328       3016.0    819.5
105       2987.0    802.0
462       2977.5    801.5
227       2967.0    797.0
152       2941.0    797.5
240       2938.5    800.0
104       2932.0    787.0
128       2900.5    784.5
260       2892.5    781.5
185       2847.0    761.5
13        2833.0    763.0
254       2829.0    777.5
422       2766.5    747.0
18        2714.0    738.5
434       2698.0    743.0
297       2656.0    726.5
175       2643.5    719.5
Round 2
        Timestamp  TS First Frame  TS Prev Frame
Offset                                          
117      290816.0        631954.0       208640.5
505      242688.0        492392.5       183214.5
328      231680.0       1280561.0       172826.0
339      219136.0        556163.0       161514.5
109      229888.0        479287.5       149013.0
116      199296.0       2669550.5       137031.0
321      240000.0      10671384.5       136050.5
286      209280.0      10001559.0       132285.5
285      188416.0       1279852.5       121258.5
239      181120.0        520088.5       119272.0
283      196736.0       1183011.0       113826.0
265      218752.0       1118178.5       113167.0
146      216448.0       2056292.0       110883.0
122      168576.0       1216913.0       108580.5
469      201216.0       1167648.5       107267.0
311      164224.0        419135.0       106619.5
160      166784.0        462814.5       106516.0
360      161792.0        457680.5       101863.0
251      156672.0        445713.5        99363.5
134      155648.0        399363.5        98758.0
              Server1       Server2
Offset                             
339     318673.000000  79998.000000
177       7153.000000   1858.666667
14        4693.666667   1239.666667
462       2770.333333    752.000000
222       2746.666667    746.333333
191       2708.666667    735.333333
227       2669.333333    723.000000
270       2632.333333    725.333333
328       2632.000000    717.000000
107       2629.333333    714.000000
240       2611.000000    715.000000
206       2594.000000    715.000000
105       2580.000000    700.000000
382       2549.000000    700.333333
55        2535.333333    692.666667
260       2528.000000    689.333333
226       2524.000000    687.666667
160       2523.000000    689.666667
185       2521.000000    681.333333
254       2508.333333    694.333333
Round 3
        Timestamp  TS First Frame  TS Prev Frame
Offset                                          
505      242688.0        492392.5       183214.5
328      231680.0       1280561.0       172826.0
339      206848.0        543700.0       150167.0
116      199296.0       2669550.5       137031.0
285      188416.0       1279852.5       121258.5
12       186624.0       1455292.5       119346.5
239      181120.0        520088.5       119272.0
146      216448.0       2056292.0       110883.0
311      164224.0        419135.0       106619.5
122      161280.0        498160.0       104844.0
31       191872.0       1240681.0       103527.5
283      161024.0        404339.0       102344.0
462      188032.0      14185932.5       102024.0
360      161792.0        457680.5       101863.0
420      158464.0        497129.0       100037.0
205      184064.0        472161.0        99954.0
251      156672.0        445713.5        99363.5
39       171264.0        518965.0        98852.0
134      155648.0        399363.5        98758.0
469      180736.0        519816.0        98607.0
          Server1   Server2
Offset                     
339     299519.00  75219.25
177       5819.25   1522.75
14        3985.00   1059.75
260       2926.25    788.00
240       2630.25    720.00
462       2584.75    707.25
191       2549.00    695.50
328       2533.25    691.25
222       2518.75    687.75
160       2500.50    684.75
270       2431.75    673.75
121       2408.75    663.50
107       2404.00    659.00
227       2400.75    657.75
152       2396.25    659.00
82        2379.75    650.00
382       2373.00    654.25
185       2366.25    643.75
434       2364.50    652.75
128       2356.00    646.75
Round 4
        Timestamp  TS First Frame  TS Prev Frame
Offset                                          
339      206848.0        543700.0       150167.0
505      224512.0        493540.5       142387.0
12       186624.0       1455292.5       119346.5
31       191872.0       1240681.0       103527.5
360      161792.0        545034.5       101863.0
205      184064.0        472161.0        99954.0
39       171264.0        518965.0        98852.0
116      160768.0        403146.0        98693.0
285      155392.0        396481.0        98665.0
469      180736.0        519816.0        98607.0
509      156160.0       1673412.0        97477.0
134      153344.0        398640.0        97380.0
346      153344.0        491990.0        97149.0
446      154112.0        497687.0        96057.0
243      190336.0       8021426.5        96053.0
462      154368.0        396763.0        95747.0
14       158464.0        398710.0        95618.0
386      178176.0      12104040.0        94400.5
64       156288.0       3511185.0        94377.0
329      153344.0        394448.0        92566.0
         Server1  Server2
Offset                   
339     293195.8  73621.8
110      12028.4   3079.0
177       4993.4   1312.8
14        3800.6   1013.2
260       2615.4    711.8
160       2506.6    686.8
240       2493.4    685.6
407       2455.6    671.8
422       2455.4    671.2
462       2439.2    670.6
128       2413.6    662.2
191       2401.2    656.6
227       2379.4    651.8
328       2377.0    652.8
82        2371.4    649.0
144       2345.4    647.2
222       2333.2    641.6
103       2326.8    640.0
55        2302.2    634.6
434       2295.2    634.2
Round 5
        Timestamp  TS First Frame  TS Prev Frame
Offset                                          
339      206848.0        543700.0       150167.0
505      224512.0        493540.5       142387.0
360      161792.0        545034.5       101863.0
283      137728.0        378473.0        79817.5
506      157952.0        397761.0        78654.5
117      138880.0        631954.0        78070.0
122      158080.0        495965.5        76940.0
150      137984.0       1303184.5        75748.0
262      163712.0      17091028.5        75669.0
469      167936.0        487354.0        75503.0
285      131968.0        372323.0        73993.5
110      132864.0        373694.0        73939.0
459      136320.0        471492.5        73877.5
176      148736.0       1602323.5        73851.0
116      157824.0       1132008.0        73850.0
509      134784.0       1085134.0        73593.5
134      131840.0        399363.5        73581.5
346      131456.0        468377.0        73515.0
429      139520.0        514597.0        73207.5
251      139392.0        430376.0        73145.0
              Server1       Server2
Offset                             
339     320604.166667  80470.666667
110      10296.666667   2644.666667
177       4501.833333   1188.333333
14        3485.000000    935.333333
354       3025.833333    823.166667
407       2667.666667    726.500000
82        2641.833333    718.833333
185       2514.833333    687.166667
260       2500.000000    684.500000
160       2454.833333    676.666667
240       2453.500000    676.666667
355       2419.166667    667.000000
121       2408.333333    665.166667
91        2390.500000    657.666667
128       2372.500000    651.666667
462       2358.500000    650.166667
191       2344.666667    643.500000
422       2339.000000    641.833333
328       2336.166667    645.166667
434       2331.166667    645.500000
Round 6
        Timestamp  TS First Frame  TS Prev Frame
Offset                                          
339      206848.0        543700.0       150167.0
360      156160.0        500987.0        98834.0
318      164224.0        551997.0        86096.0
131      150784.0        453690.0        83733.0
286      160768.0        578983.0        82238.0
150      137984.0       1303184.5        75748.0
205      156928.0        431559.0        74437.5
473      179072.0       1391576.5        74306.0
462      131584.0        374321.5        72060.5
313      133248.0        469482.0        65206.0
12       129664.0        469233.0        63049.0
398      135168.0        475730.0        62569.0
393      154368.0        467694.0        62240.0
31       145024.0       1292923.0        61303.0
281      120576.0        361846.0        59991.0
14       119296.0        360323.0        59631.0
63       136192.0        431877.5        59412.5
270      121344.0        500265.0        59259.0
328      121600.0        434771.0        59069.5
287      123392.0        461404.0        58791.0
              Server1       Server2
Offset                             
339     312526.857143  78467.285714
110       9074.285714   2338.000000
177       4166.857143   1104.428571
413       3529.714286    970.000000
14        3240.714286    874.142857
213       2893.571429    789.714286
354       2841.000000    776.000000
355       2624.285714    717.285714
407       2570.000000    703.000000
82        2547.285714    695.714286
382       2467.857143    678.142857
160       2450.285714    674.571429
185       2417.714286    663.714286
121       2384.857143    659.714286
260       2372.285714    651.857143
128       2368.714286    651.428571
240       2367.714286    653.857143
91        2344.857143    645.714286
107       2344.571429    645.428571
28        2320.857143    640.142857
Round 7
        Timestamp  TS First Frame  TS Prev Frame
Offset                                          
339      219136.0        535000.5       161514.5
262      163712.0      17091028.5        75669.0
360      141312.0        483152.0        74992.5
286      157696.0        542536.0        73957.5
131      138496.0        426629.5        72394.0
313      133248.0        469482.0        65206.0
12       129664.0        469233.0        63587.0
205      154624.0        406803.0        63530.0
398      130944.0        468440.5        61593.0
14       124416.0        364924.0        60968.0
270      121728.0        471954.0        59996.0
281      120576.0        361846.0        59991.0
31       120576.0        451262.0        59493.0
63       136192.0        431877.5        59412.5
328      121600.0        434771.0        59069.5
282      121088.0        457678.0        58973.0
173      117760.0        358690.0        58940.0
160      119040.0        480784.0        58884.0
211      120832.0       1035139.0        58723.0
150      115968.0        506049.0        58711.0
           Server1    Server2
Offset                       
339     304275.000  76399.875
110       8169.125   2110.125
469       5438.750   1428.625
303       5364.875   1406.750
63        4662.625   1232.375
177       3909.125   1039.375
413       3320.875    913.625
14        3115.375    842.250
213       2725.250    746.250
354       2718.000    745.000
355       2552.000    699.125
407       2502.625    685.250
82        2474.375    677.750
191       2434.375    667.000
160       2421.125    667.375
382       2382.000    657.125
185       2362.750    649.625
434       2334.750    645.500
121       2326.250    645.375
489       2322.875    644.125
Round 8
        Timestamp  TS First Frame  TS Prev Frame
Offset                                          
339      216832.0        526301.0       159644.0
286      151808.0        506089.0        65677.0
31       149760.0       1292923.0        65477.0
12       129664.0        469233.0        63587.0
116      160768.0       1860870.0        63211.0
131      146432.0        453690.0        61055.0
205      143232.0        389194.5        60764.5
398      126720.0        461151.0        60617.0
281      120576.0        361846.0        59991.0
469      123648.0        454892.0        59877.0
313      129536.0        440174.0        59789.0
14       129536.0        369525.0        59631.0
393      154368.0        467694.0        59543.0
149      121600.0        480724.0        59498.0
282      121088.0        457678.0        58973.0
63       151552.0        453670.0        58566.0
160      121344.0        493914.0        58437.0
117      122880.0        477169.0        58425.5
416      117888.0        403257.5        57927.5
180      119296.0        442943.0        57743.0
              Server1       Server2
Offset                             
339     311439.555556  78185.000000
427      36484.111111   9174.444444
110       7444.111111   1927.555556
352       6130.000000   1599.333333
469       5023.111111   1323.555556
303       4950.111111   1302.111111
63        4337.333333   1150.555556
177       3670.444444    980.111111
413       3152.888889    869.444444
14        2964.777778    803.777778
354       2642.222222    725.666667
213       2642.000000    725.222222
355       2444.888889    672.444444
148       2432.555556    668.222222
407       2413.444444    662.444444
82        2404.666667    660.111111
144       2396.888889    659.111111
288       2382.333333    656.444444
160       2379.222222    656.333333
191       2364.666667    649.333333
Round 9
        Timestamp  TS First Frame  TS Prev Frame
Offset                                          
339      211840.0        517616.5       154905.5
286      151808.0        506089.0        65677.0
393      141440.0        468152.5        60891.5
469      139392.0        463887.0        60542.0
313      129536.0        440174.0        59789.0
398      119552.0        405959.5        59607.0
31       137216.0        473806.0        59493.0
33       122112.0        429005.0        59115.0
509      140416.0        481424.5        58705.0
507      121600.0        448692.0        58607.0
276      125952.0        453962.5        58415.0
117      120576.0        459922.0        58096.0
63       135808.0        431877.5        58050.0
364      120320.0        475939.0        57999.0
283      136320.0        432786.5        57944.0
416      117888.0        403257.5        57927.5
205      130048.0        389194.5        57717.0
130      121344.0        449589.5        57218.0
180      118400.0        405163.0        56986.5
468      120064.0        357872.0        56900.0
         Server1  Server2
Offset                   
339     318067.8  79835.8
427      33012.3   8307.2
110       6899.1   1791.5
352       5734.1   1498.4
469       4698.1   1241.8
303       4621.3   1219.1
63        4083.2   1086.1
177       3460.9    927.9
413       3172.0    872.1
14        2824.6    768.9
466       2728.3    746.8
213       2640.6    724.4
354       2552.3    702.5
148       2407.0    662.2
288       2406.8    663.1
228       2406.5    666.5
160       2392.8    659.3
191       2381.1    653.5
407       2369.1    650.9
144       2350.9    647.4
Winning offset:
[339]
2021-09-08 01:24:39.171296
2021-09-08 01:24:59.938533
0:00:20.767237
Exception ignored in: <function Capture.__del__ at 0x7f9f115405e0>
Traceback (most recent call last):
  File "/home/mlipp/.virtualenvs/kaslr/lib/python3.8/site-packages/pyshark/capture/capture.py", line 445, in __del__
  File "/home/mlipp/.virtualenvs/kaslr/lib/python3.8/site-packages/pyshark/capture/capture.py", line 436, in close
  File "/usr/lib/python3.8/asyncio/base_events.py", line 592, in run_until_complete
  File "/usr/lib/python3.8/asyncio/base_events.py", line 553, in _check_running
AttributeError: 'NoneType' object has no attribute '_get_running_loop'
