Loading page file profiles/lab06/pages/0x2a44b.yaml
Loading page file profiles/lab06/pages/0x2a460.yaml
Loading page file profiles/lab06/pages/0x2a4e3.yaml
Loading page file profiles/lab06/pages/0x2a4e5.yaml
Loading page file profiles/lab06/pages/0x2a800.yaml
Loading page file profiles/lab06/pages/0x2a804.yaml
Loading page file profiles/lab06/pages/0x2a805.yaml
RUN
Round 0
Round 1
Empty DataFrame
Columns: [Timestamp, TS First Frame, TS Prev Frame]
Index: []
         Server1  Server2
Offset                   
339     291726.0  73281.5
238       2933.5    802.5
430       2896.0    784.0
471       2888.0    784.0
117       2819.5    765.5
288       2765.0    753.5
462       2706.0    735.5
376       2698.0    742.0
329       2694.0    741.5
290       2691.5    731.0
202       2646.5    731.0
121       2594.5    706.5
156       2584.5    706.5
232       2566.0    733.0
352       2565.0    705.0
418       2561.5    700.5
231       2530.5    690.5
322       2513.0    686.5
307       2506.0    689.0
395       2503.0    685.0
Round 2
        Timestamp  TS First Frame  TS Prev Frame
Offset                                          
339      217472.0        459764.5       155011.0
296      198272.0        763942.0       136857.5
288      196096.0       1306138.5       123146.0
407      206976.0       9928717.5       118054.5
189      195328.0       7018640.5       115326.5
70       163584.0        459755.5       103774.5
494      161408.0        402175.0       101758.0
232      161920.0      11259550.5        99925.0
19       163712.0        491079.0        99337.5
160      179712.0       1052990.5        98964.0
74       164352.0        508796.0        98797.0
224      180480.0       1752045.5        98298.0
12       158592.0        601751.5        97229.0
389      152960.0        444528.0        94885.0
413      185344.0      10782962.0        92169.0
475      157696.0        496051.5        90530.5
120      151168.0        444143.0        89973.0
477      199680.0      22597966.0        89350.0
365      152192.0        442786.5        88681.5
250      170496.0       7811039.5        85816.0
              Server1       Server2
Offset                             
339     339961.000000  85316.666667
10        4421.666667   1227.333333
302       4063.333333   1096.666667
367       2712.333333    737.333333
117       2629.666667    715.333333
245       2629.000000    718.666667
288       2618.666667    720.000000
471       2592.000000    710.333333
477       2546.333333    695.666667
202       2500.000000    694.666667
290       2497.666667    685.000000
430       2488.000000    681.333333
441       2484.333333    684.666667
210       2450.333333    672.666667
238       2439.333333    675.000000
418       2412.666667    664.333333
462       2405.666667    661.000000
242       2398.000000    665.000000
231       2384.000000    655.666667
329       2369.333333    660.666667
Round 3
        Timestamp  TS First Frame  TS Prev Frame
Offset                                          
339      217472.0        459764.5       155011.0
214      207232.0       1276042.5       146226.5
296      198272.0        763942.0       136857.5
53       190720.0        434406.0       131442.0
424      191360.0       1259061.0       126927.5
288      196096.0       1306138.5       123146.0
200      206336.0       1299289.0       119919.5
407      206976.0       9928717.5       118054.5
189      195328.0       7018640.5       115326.5
9        164864.0        412506.5       106787.5
494      161408.0        402175.0       101758.0
19       163712.0        491079.0        99337.5
74       164352.0        508796.0        98797.0
141      153600.0        495862.0        93614.0
389      151040.0        393706.0        92279.0
444      150144.0       1211640.0        91946.5
475      157696.0        496051.5        90530.5
245      152320.0        444632.0        90098.0
120      151168.0        444143.0        89973.0
468      150016.0        413641.0        89904.0
          Server1   Server2
Offset                     
339     354016.50  88817.25
5        14800.75   3768.25
228       6905.75   1796.00
10        3745.75   1043.00
302       3416.75    928.75
121       2582.75    704.75
367       2501.75    683.75
492       2460.25    675.00
151       2442.25    672.50
288       2430.25    668.50
290       2429.25    671.50
117       2423.50    665.00
202       2423.50    679.00
471       2389.25    657.50
263       2388.50    657.75
343       2374.75    655.25
210       2368.75    653.25
477       2357.25    648.75
245       2341.50    647.25
242       2332.75    646.25
Round 4
        Timestamp  TS First Frame  TS Prev Frame
Offset                                          
339      237696.0        492165.5       176498.0
148      223744.0       1306555.0       156888.0
296      198272.0        624466.5       136857.5
53       154880.0        450130.0        97587.0
141      153600.0        495862.0        93614.0
367      154624.0        498617.0        92626.0
338      152320.0        395782.0        92375.0
389      151040.0        393706.0        92279.0
19       152320.0        394337.0        91146.0
245      152320.0        444632.0        90098.0
468      150016.0        413641.0        89904.0
364      151808.0        403390.0        89845.0
426      155136.0        499160.0        89744.0
384      153344.0        497363.0        89710.0
210      160512.0        504024.0        88696.0
444      154624.0        402101.0        86193.0
250      150272.0       2162971.0        84536.0
428      153856.0        475218.5        77730.5
120      137600.0        382516.5        74629.0
381      149248.0        500138.0        74614.0
         Server1  Server2
Offset                   
339     358509.2  89940.0
5        12092.6   3089.0
228       5825.2   1524.8
10        3315.8    927.0
302       3094.0    844.8
471       2657.6    722.0
162       2527.6    691.6
242       2521.4    691.2
121       2478.6    679.8
370       2475.8    676.6
367       2378.4    652.4
290       2362.4    656.8
210       2352.2    649.8
117       2336.0    643.8
492       2332.4    642.0
288       2321.4    642.0
202       2320.8    651.2
343       2300.6    635.4
151       2300.0    637.2
160       2282.0    630.4
Round 5
        Timestamp  TS First Frame  TS Prev Frame
Offset                                          
339      237696.0        492165.5       176498.0
296      198272.0        624466.5       136857.5
141      163072.0        534422.5       101147.5
53       137216.0        422661.0        78723.0
19       137600.0        378763.5        76117.5
120      137600.0        382516.5        74629.0
389      152960.0        444528.0        73530.0
25       157952.0        518502.0        73521.0
42       158080.0        402834.5        72602.0
101      135168.0        377952.0        72474.5
364      132224.0        424747.5        72348.0
168      135040.0        379876.0        71196.5
384      142848.0        493792.5        71052.0
367      154496.0        448144.0        70849.0
191      151808.0        395876.5        70568.0
338      130176.0        372512.5        70459.5
324      145280.0        435912.5        70275.0
426      154496.0        450987.0        69923.0
444      150144.0       1214933.0        69517.0
223      130560.0        395896.5        69473.5
              Server1       Server2
Offset                             
339     356436.333333  89416.000000
5        10333.166667   2647.333333
228       5093.166667   1340.833333
10        3039.166667    850.833333
302       2883.166667    789.000000
471       2537.333333    692.833333
242       2485.333333    681.500000
162       2472.166667    678.333333
121       2380.666667    654.333333
370       2368.333333    649.500000
352       2354.833333    649.666667
130       2347.333333    647.833333
290       2338.500000    647.833333
210       2320.333333    640.833333
367       2309.000000    634.500000
117       2297.166667    633.500000
202       2281.500000    640.166667
151       2280.833333    631.833333
178       2280.000000    630.500000
73        2279.500000    629.000000
Round 6
        Timestamp  TS First Frame  TS Prev Frame
Offset                                          
339      221952.0        465897.5       161367.5
296      156928.0        487956.0        95832.0
389      154880.0        496302.5        94885.0
141      154240.0        499683.5        73564.5
428      153856.0        475218.5        72772.5
365      127616.0        449061.5        67452.5
223      125312.0        395896.5        66312.5
462      122112.0        448342.0        64845.0
192      127488.0        389469.0        64377.0
423      123904.0        379756.5        64235.5
73       152576.0        482514.0        63359.0
19       122880.0        394337.0        61089.0
464      125696.0        368120.0        61084.0
120      124416.0        396618.0        60557.0
11       123136.0        448388.0        59859.0
506      120832.0        464102.0        59787.0
60       120576.0        467935.0        59744.0
109      121600.0        370905.0        59641.0
494      121088.0        366928.0        59615.0
403      133760.0        379269.5        59407.0
              Server1       Server2
Offset                             
339     343219.857143  86161.714286
5         9116.571429   2341.857143
76        8265.428571   2130.000000
228       4568.571429   1207.857143
10        2831.714286    795.000000
302       2725.857143    748.142857
242       2494.714286    684.000000
471       2448.142857    670.000000
279       2441.142857    671.428571
162       2415.142857    663.428571
117       2320.000000    639.571429
290       2318.285714    642.000000
352       2309.285714    638.571429
178       2307.857143    638.285714
210       2304.571429    636.857143
130       2304.285714    636.142857
121       2299.857143    633.571429
367       2290.714286    629.714286
202       2266.857143    634.571429
48        2254.857143    623.000000
Round 7
        Timestamp  TS First Frame  TS Prev Frame
Offset                                          
339      230912.0        480977.0       163223.0
389      154880.0        496302.5        94885.0
141      154240.0        499683.5        73564.5
296      133888.0        472542.5        72342.0
223      125312.0        395896.5        66312.5
423      123904.0        379756.5        64235.5
124      128128.0        458796.0        60981.0
393      138112.0        426031.0        60102.5
479      138880.0        483095.0        59035.5
347      115456.0        451905.0        58903.0
315      119296.0        409542.0        58768.0
468      120320.0        450877.0        58691.0
403      119808.0        397288.0        58663.0
330      124032.0        412707.0        58597.5
287      122880.0        368149.0        58587.0
506      120320.0        463305.0        58488.5
342      118784.0        362207.0        57960.0
16       132992.0        466014.5        57695.5
427      118272.0        360297.5        57690.0
6        136576.0        393351.0        57609.0
           Server1    Server2
Offset                       
339     374297.875  93976.375
5         8163.375   2103.250
76        7434.375   1921.250
228       4224.125   1120.375
10        2701.125    760.000
302       2630.375    723.750
242       2434.125    668.375
160       2429.375    666.375
352       2423.500    667.375
367       2411.750    660.500
471       2406.500    660.250
279       2378.500    655.875
162       2350.375    647.750
130       2323.375    642.125
117       2311.125    636.875
254       2308.125    640.750
178       2305.875    636.875
100       2305.500    636.000
290       2288.625    633.875
121       2261.875    623.750
Round 8
        Timestamp  TS First Frame  TS Prev Frame
Offset                                          
339      232960.0        492165.5       168060.5
389      154880.0        495350.0        92279.0
223      125312.0        395896.5        66312.5
132      142848.0        447267.0        62535.0
393      137600.0        426031.0        60102.5
423      120064.0        361912.0        59977.0
92       131328.0        450569.0        59918.0
347      115456.0        451905.0        58903.0
403      119808.0        397288.0        58663.0
330      124032.0        412707.0        58597.5
479      119552.0        455845.0        58492.0
196      118784.0        449780.5        57878.5
427      118272.0        366256.0        57690.0
6        136576.0        393351.0        57609.0
365      115200.0        450080.0        57500.0
507      142336.0        454594.0        57392.0
342      118784.0        363330.0        57277.0
506      119808.0        462508.0        57190.0
381      147584.0        486516.0        57184.0
462      116096.0        422768.0        56796.0
              Server1       Server2
Offset                             
339     376225.777778  94442.888889
134      29409.222222   7448.333333
5         7432.888889   1919.666667
76        6799.000000   1762.333333
228       3944.000000   1050.222222
10        2658.777778    747.000000
242       2633.222222    718.444444
352       2517.555556    692.222222
302       2504.444444    691.444444
160       2410.333333    661.666667
121       2398.222222    660.444444
202       2374.000000    659.000000
367       2357.666667    647.444444
471       2340.777778    643.777778
178       2339.888889    646.333333
183       2329.000000    640.777778
130       2317.888889    641.444444
162       2316.888889    640.888889
279       2302.222222    637.222222
290       2294.111111    635.333333
Round 9
        Timestamp  TS First Frame  TS Prev Frame
Offset                                          
339      232960.0        492165.5       168060.5
389      152960.0        444528.0        73530.0
132      142848.0        447267.0        62535.0
92       131328.0        450569.0        59918.0
330      120064.0        375167.0        58567.0
393      133376.0        399423.0        57917.0
427      118272.0        366256.0        57690.0
403      119040.0        361251.0        57614.0
506      117504.0        446886.0        57190.0
423      119552.0        379756.5        56871.0
16       123648.0        465214.0        56162.0
354      119296.0        461928.5        56122.0
196      118272.0        449780.5        56036.0
124      115968.0        454484.0        54959.0
192      120832.0        389469.0        54908.0
333      125952.0        449406.0        54810.0
105      117504.0        455774.0        54542.0
347      114048.0        448116.0        54382.0
501      116480.0        454616.0        54331.0
479      117504.0        452182.0        54134.0
         Server1  Server2
Offset                   
339     360084.2  90400.8
134      26637.5   6752.5
5         6839.7   1772.8
76        6300.2   1638.0
228       3679.5    984.4
242       2574.2    704.4
10        2560.7    721.1
302       2465.3    680.1
352       2421.7    669.0
279       2415.5    664.6
160       2379.0    654.6
367       2368.4    650.9
370       2350.0    646.0
121       2345.9    648.3
183       2325.7    641.0
471       2311.9    637.2
178       2302.9    637.9
197       2301.8    637.3
202       2298.2    640.7
130       2294.9    635.2
Winning offset:
[339]
2021-09-08 01:25:02.195420
2021-09-08 01:25:24.061221
0:00:21.865801
Exception ignored in: <function Capture.__del__ at 0x7fcc8df0c5e0>
Traceback (most recent call last):
  File "/home/mlipp/.virtualenvs/kaslr/lib/python3.8/site-packages/pyshark/capture/capture.py", line 445, in __del__
  File "/home/mlipp/.virtualenvs/kaslr/lib/python3.8/site-packages/pyshark/capture/capture.py", line 436, in close
  File "/usr/lib/python3.8/asyncio/base_events.py", line 592, in run_until_complete
  File "/usr/lib/python3.8/asyncio/base_events.py", line 553, in _check_running
AttributeError: 'NoneType' object has no attribute '_get_running_loop'
