Loading page file profiles/lab06/pages/0x2a44b.yaml
Loading page file profiles/lab06/pages/0x2a460.yaml
Loading page file profiles/lab06/pages/0x2a4e3.yaml
Loading page file profiles/lab06/pages/0x2a4e5.yaml
Loading page file profiles/lab06/pages/0x2a800.yaml
Loading page file profiles/lab06/pages/0x2a804.yaml
Loading page file profiles/lab06/pages/0x2a805.yaml
RUN
Round 0
Round 1
Empty DataFrame
Columns: [Timestamp, TS First Frame, TS Prev Frame]
Index: []
         Server1  Server2
Offset                   
339     241264.5  60642.0
273     110548.5  27835.0
387       3387.0    905.0
144       3314.5    895.5
391       3039.5    818.5
201       3027.0    813.5
406       2982.5    809.5
151       2963.0    796.0
7         2882.0    769.0
135       2780.5    757.0
313       2727.0    735.5
302       2713.0    746.5
168       2709.5    733.5
396       2652.0    728.5
91        2650.0    717.5
141       2609.0    711.0
192       2569.0    705.5
87        2558.0    696.0
190       2538.5    700.0
243       2522.5    690.0
Round 2
        Timestamp  TS First Frame  TS Prev Frame
Offset                                          
144      197504.0       1286106.5       132680.0
34       231424.0      20073416.0       125275.0
329      206592.0      15692640.5       119704.0
388      189312.0       3331241.5       118019.5
122      154112.0        521930.5        97568.0
317      174208.0      10338089.5        91905.0
392      150144.0       1224055.5        90475.5
332      147328.0        541193.5        85682.5
139      148096.0       8419142.0        84830.0
273      147200.0      11781597.5        84722.0
112      143872.0      11832871.5        82438.5
221      147712.0        460569.5        82271.5
232      190976.0      12046704.5        81238.0
226      135168.0        379126.0        78106.0
402      133504.0        429050.0        77530.0
163      133760.0        475184.5        76966.0
399      133120.0      10830641.0        76395.0
215      136960.0        630839.0        76288.5
247      133760.0        374186.0        76246.0
406      135168.0        685062.0        75554.5
              Server1       Server2
Offset                             
339     244243.000000  61357.333333
273      74285.000000  18724.666667
144       3039.000000    820.000000
387       2876.000000    778.000000
201       2800.666667    755.666667
391       2778.333333    754.666667
386       2688.666667    730.000000
103       2590.000000    709.000000
151       2569.000000    700.333333
406       2551.000000    698.000000
7         2534.333333    686.333333
135       2512.666667    687.666667
396       2440.666667    672.000000
313       2429.666667    664.666667
192       2398.666667    661.000000
454       2394.333333    659.666667
302       2381.333333    659.666667
91        2361.000000    647.666667
168       2359.000000    643.333333
481       2351.666667    645.000000
Round 3
        Timestamp  TS First Frame  TS Prev Frame
Offset                                          
339      206336.0        545124.0       144515.5
256      205312.0       4531119.5       130362.5
34       219648.0      16444026.0       113460.0
386      166144.0        475770.5       104400.5
329      164864.0        576667.0        97893.0
201      156928.0      10423698.5        93178.5
392      150144.0       1224055.5        90475.5
332      147328.0        541193.5        85682.5
27       168192.0      12964607.5        85270.5
103      168832.0      11751891.5        83465.5
226      135168.0        379126.0        78106.0
402      133504.0        429050.0        77530.0
215      136960.0        630839.0        76288.5
404      156288.0      11703969.0        75682.5
305      134144.0        377859.0        73675.0
161      136192.0      15145121.0        73602.5
182      155136.0       1562552.5        73298.0
463      163712.0       1234407.0        73253.5
3        134528.0        436854.0        73243.0
187      173184.0        587971.0        73161.0
          Server1   Server2
Offset                     
339     282384.25  70882.00
273      56152.25  14167.00
162       4728.00   1253.50
495       3641.25    973.50
144       2787.25    755.50
391       2624.00    714.75
387       2603.00    710.00
201       2578.25    702.50
386       2546.25    694.00
440       2464.75    685.50
103       2454.75    673.50
151       2423.75    663.75
7         2420.00    658.25
406       2393.50    657.00
135       2357.75    649.75
313       2351.75    646.25
190       2343.75    647.00
289       2342.00    644.50
290       2339.25    643.00
436       2330.00    644.75
Round 4
        Timestamp  TS First Frame  TS Prev Frame
Offset                                          
339      217344.0        567981.0       153400.0
256      193280.0       2156392.0       124404.0
34       219648.0      16444026.0       113460.0
386      166144.0        475770.5       104400.5
201      156928.0      10423698.5        93178.5
27       168192.0      12964607.5        85270.5
103      168832.0      11751891.5        83465.5
379      141312.0        481571.0        82384.0
472      142464.0        392503.5        81720.0
319      142976.0        515040.0        80743.0
404      156288.0      11703969.0        75682.5
329      160256.0        543194.0        73984.0
463      163712.0       1234407.0        73253.5
206      127232.0        427054.5        66704.5
305      127360.0        415200.5        64996.5
76       123904.0        409907.5        64972.5
143      146560.0      12641852.5        64062.5
164      131584.0        991045.5        63402.5
28       123904.0       1055273.0        62261.0
497      120576.0        455262.0        61148.0
         Server1  Server2
Offset                   
339     282606.2  70952.0
273      45362.8  11456.2
162       4175.0   1113.4
495       3279.6    884.2
144       2624.6    719.8
391       2489.6    680.4
177       2444.8    672.6
386       2433.0    666.6
361       2429.0    668.6
201       2419.6    664.0
151       2369.6    651.0
387       2360.8    648.6
103       2339.6    647.8
81        2327.0    637.2
135       2326.8    643.8
440       2320.8    648.6
263       2295.2    632.2
247       2294.6    634.2
290       2285.8    630.4
377       2284.6    630.0
Round 5
        Timestamp  TS First Frame  TS Prev Frame
Offset                                          
339      217344.0        567981.0       153400.0
256      173440.0       1326956.5        86687.0
379      141312.0        481571.0        82384.0
34       179200.0       8474174.5        82291.5
319      142976.0        515040.0        80743.0
386      134912.0        443735.0        77283.0
206      141824.0        448822.0        76023.0
201      150784.0        466552.5        69003.0
305      127360.0        415200.5        64996.5
28       123904.0       1055273.0        62261.0
472      151168.0        448825.0        61973.0
226      129408.0        433815.0        60519.5
127      122880.0        365297.0        60412.5
329      155648.0        509721.0        60001.0
332      127744.0        455872.0        59980.0
27       126464.0      12795680.5        59869.5
234      123648.0        394273.0        59571.0
164      131584.0        477910.5        59517.5
132      116992.0        450082.0        59430.0
362      115712.0        452546.0        58908.0
              Server1       Server2
Offset                             
339     275232.333333  69099.000000
273      38145.666667   9643.166667
162       3850.500000   1030.000000
276       3111.000000    840.666667
495       3091.500000    837.000000
386       2613.666667    714.833333
144       2543.500000    699.666667
91        2422.333333    664.666667
391       2419.333333    663.666667
361       2396.666667    660.666667
247       2372.833333    654.333333
151       2343.833333    645.166667
243       2339.166667    643.500000
135       2320.666667    642.166667
406       2308.666667    634.833333
290       2307.000000    634.833333
201       2304.333333    638.333333
387       2301.333333    634.333333
263       2276.166667    627.333333
160       2270.500000    624.666667
Round 6
        Timestamp  TS First Frame  TS Prev Frame
Offset                                          
339      221696.0        563046.5       161196.5
206      146560.0       1322011.5        82410.5
187      173184.0        587971.0        73161.0
201      150784.0        466552.5        69003.0
379      148480.0       6338919.0        65673.0
386      144640.0        419004.0        63541.0
472      151168.0        448825.0        61973.0
127      122880.0        365297.0        60412.5
23       118912.0        455135.5        60304.5
329      155648.0        509721.0        60001.0
143      120064.0        460417.0        59959.0
319      146688.0        483486.0        59946.5
27       126464.0      12795680.5        59869.5
164      131584.0        477910.5        59517.5
305      124416.0        377859.0        59489.0
132      116992.0        450082.0        59430.0
362      115712.0        452546.0        58908.0
76       118016.0        455694.0        58870.0
473      141568.0        483045.0        58723.0
135      118784.0        418494.0        58667.0
              Server1       Server2
Offset                             
339     276048.571429  69308.857143
273      32903.428571   8324.285714
162       3599.428571    966.142857
495       2949.714286    800.714286
276       2915.142857    791.571429
386       2523.714286    691.857143
144       2500.285714    687.714286
361       2475.571429    679.428571
103       2474.000000    683.285714
151       2380.142857    654.142857
391       2334.142857    645.142857
91        2327.571429    640.857143
247       2323.285714    642.285714
263       2316.857143    639.142857
290       2307.714286    636.571429
201       2296.571429    635.714286
34        2291.428571    631.571429
370       2281.571429    632.142857
504       2263.571429    625.571429
503       2263.285714    624.285714
Round 7
        Timestamp  TS First Frame  TS Prev Frame
Offset                                          
339      217344.0        558112.0       153400.0
206      146560.0       1322011.5        82410.5
379      155648.0      12196267.0        82384.0
143      120064.0        460417.0        59959.0
27       144000.0        500769.0        59869.5
294      137472.0        441727.0        59837.0
127      126720.0        370000.0        59776.0
507      154240.0        473095.5        59168.0
132      113920.0        358335.0        59060.0
135      118784.0        418494.0        58667.0
234      116992.0        450246.0        58641.0
484      120320.0        374837.0        58529.0
319      138496.0        472281.0        58487.0
453      119040.0        452766.0        58428.0
281      118784.0        362943.0        58395.0
76       117888.0        452653.5        58067.5
260      114432.0        450618.5        57998.5
164      140288.0        499183.0        57897.0
473      141568.0        476670.0        57574.0
175      123904.0        466618.5        57469.0
           Server1    Server2
Offset                       
339     261667.000  65720.750
273      29034.250   7351.625
162       3420.375    920.750
495       2828.750    770.375
276       2767.375    754.625
144       2510.875    689.500
103       2457.750    677.750
386       2410.250    663.500
361       2395.750    657.750
504       2356.125    648.000
391       2354.750    649.375
151       2326.625    641.250
91        2323.875    642.625
243       2323.125    640.125
263       2321.250    639.750
290       2311.000    637.750
450       2306.500    636.500
34        2288.750    630.875
246       2280.000    628.500
247       2256.000    625.500
Round 8
        Timestamp  TS First Frame  TS Prev Frame
Offset                                          
339      221696.0        563046.5       153177.5
109      153856.0       6809767.0        85110.5
206      141824.0        448822.0        76023.0
379      148480.0       6338919.0        65683.0
127      124032.0        365297.0        60412.5
27       144000.0        500769.0        59869.5
201      140160.0        420645.5        59379.5
234      116992.0        450246.0        58641.0
135      119552.0        445958.0        58578.0
319      138496.0        472281.0        58487.0
453      119040.0        452766.0        58428.0
337      117248.0        451589.0        58330.0
329      152320.0        501256.0        58225.0
140      113408.0        352593.0        58037.0
302      115712.0        426244.0        57925.5
218      123904.0        465726.0        57664.0
80       121600.0       1163748.0        57575.5
473      141568.0        476670.0        57574.0
175      125184.0        451236.0        57531.0
472      142464.0        420271.0        57433.0
              Server1       Server2
Offset                             
339     260572.222222  65446.111111
273      25981.000000   6584.111111
162       3261.888889    879.888889
495       2726.777778    743.111111
276       2633.777778    720.444444
144       2484.111111    683.000000
103       2392.000000    661.333333
361       2388.888889    657.444444
242       2378.555556    653.777778
386       2361.000000    649.666667
450       2317.111111    638.666667
290       2302.222222    635.222222
263       2296.555556    633.111111
391       2295.888889    634.222222
243       2290.777778    632.111111
353       2290.111111    632.000000
151       2282.777778    629.888889
91        2276.888889    630.222222
185       2272.555556    628.111111
504       2271.888889    626.333333
Round 9
        Timestamp  TS First Frame  TS Prev Frame
Offset                                          
339      221696.0        563046.5       153177.5
206      127232.0        427054.5        66704.5
466      132608.0        468391.0        59835.0
127      121344.0        360594.0        59776.0
201      140160.0        420645.5        59379.5
27       132864.0        492786.0        58894.0
135      119552.0        445958.0        58578.0
319      136960.0        472572.0        58561.0
337      117248.0        451589.0        58330.0
274      119040.0        450391.0        58214.0
140      113408.0        352593.0        58037.0
175      123904.0        444799.5        57469.0
457      117888.0        365930.0        57401.5
484      126208.0        431923.5        57375.0
451      150400.0        486958.5        57269.5
260      113408.0        447576.0        57202.0
225      115200.0        447830.0        57048.0
23       113408.0        442477.0        57027.0
66       114816.0        358807.0        56874.5
250      114176.0        358051.0        56822.0
         Server1  Server2
Offset                   
339     271776.7  68249.0
273      23618.1   5991.2
379       3939.9   1047.3
162       3132.0    847.1
495       2630.5    718.5
276       2557.5    700.7
144       2470.7    680.2
242       2372.7    651.7
386       2353.7    648.0
361       2350.8    648.2
103       2347.5    649.4
232       2309.8    635.0
246       2305.9    634.6
391       2298.7    634.3
290       2287.3    631.1
353       2283.5    629.7
148       2277.5    627.4
450       2273.3    628.3
263       2260.6    623.8
243       2259.3    624.6
Winning offset:
[339]
2021-09-08 01:25:26.159291
2021-09-08 01:25:47.105755
0:00:20.946464
Exception ignored in: <function Capture.__del__ at 0x7fe1da1475e0>
Traceback (most recent call last):
  File "/home/mlipp/.virtualenvs/kaslr/lib/python3.8/site-packages/pyshark/capture/capture.py", line 445, in __del__
  File "/home/mlipp/.virtualenvs/kaslr/lib/python3.8/site-packages/pyshark/capture/capture.py", line 436, in close
  File "/usr/lib/python3.8/asyncio/base_events.py", line 592, in run_until_complete
  File "/usr/lib/python3.8/asyncio/base_events.py", line 553, in _check_running
AttributeError: 'NoneType' object has no attribute '_get_running_loop'
