Loading page file profiles/lab06/pages/0x2a44b.yaml
Loading page file profiles/lab06/pages/0x2a460.yaml
Loading page file profiles/lab06/pages/0x2a4e3.yaml
Loading page file profiles/lab06/pages/0x2a4e5.yaml
Loading page file profiles/lab06/pages/0x2a800.yaml
Loading page file profiles/lab06/pages/0x2a804.yaml
Loading page file profiles/lab06/pages/0x2a805.yaml
RUN
Round 0
Round 1
Empty DataFrame
Columns: [Timestamp, TS First Frame, TS Prev Frame]
Index: []
         Server1  Server2
Offset                   
339     135199.0  33942.0
243       4462.5   1176.0
310       4048.0   1071.5
377       3421.5    916.5
462       3100.5    838.0
207       3051.5    822.5
261       2964.0    796.5
348       2792.5    755.5
357       2780.0    757.0
248       2776.0    758.5
223       2765.5    756.0
129       2749.5    742.5
431       2737.5    742.5
59        2674.5    729.5
317       2670.5    729.5
34        2629.5    710.5
328       2624.5    712.0
167       2617.5    713.0
30        2607.5    704.0
361       2580.5    704.5
Round 2
        Timestamp  TS First Frame  TS Prev Frame
Offset                                          
0        248192.0       8846646.5       182202.0
207      266112.0      10789567.5       175968.0
458      175744.0       1230768.0       100792.5
423      158848.0        573977.0        94278.0
266      181632.0      12491140.5        93035.5
450      200448.0       9133559.0        91491.0
9        155264.0      10676952.5        89201.0
284      159232.0       3829762.0        87309.0
442      170496.0      11459907.5        87249.0
430      151680.0       9085713.5        86616.0
392      169856.0       9770319.0        86145.5
462      174592.0      13321327.5        85345.0
193      168448.0       8715559.5        85072.0
431      156672.0      12471101.5        79797.0
194      139008.0       1223173.0        79533.5
110      165888.0        547850.5        78903.5
72       139904.0        431361.0        77196.0
52       157696.0       3825825.5        74992.5
280      131712.0        418296.0        73911.0
226      131968.0        421701.0        73028.0
              Server1       Server2
Offset                             
339     163906.333333  41174.000000
243       3635.000000    969.666667
310       3271.333333    876.000000
377       3036.333333    818.333333
361       2924.333333    791.666667
192       2754.666667    742.666667
462       2705.000000    737.333333
261       2693.666667    728.666667
207       2599.333333    710.333333
118       2514.000000    683.000000
357       2497.000000    683.666667
307       2472.000000    672.666667
424       2465.000000    669.666667
348       2459.333333    674.000000
496       2433.666667    666.333333
248       2430.666667    668.666667
123       2423.666667    666.000000
129       2422.000000    661.000000
505       2419.333333    659.000000
452       2404.000000    658.666667
Round 3
        Timestamp  TS First Frame  TS Prev Frame
Offset                                          
0        248192.0       8846646.5       182202.0
207      266112.0      10789567.5       175968.0
339      225920.0       2124635.5       157051.0
410      199552.0       1352854.5       116120.5
33       197120.0       1291591.5       114507.0
458      175744.0       1230768.0       100792.5
125      159616.0       1167100.5        97626.5
266      181632.0      12491140.5        93035.5
423      152576.0        493664.0        91032.0
9        155264.0      10676952.5        89201.0
284      159232.0       3829762.0        87309.0
442      170496.0      11459907.5        87249.0
430      151680.0       9085713.5        86616.0
214      145024.0       1438614.5        85636.5
193      168448.0       8715559.5        85072.0
23       163968.0       8357381.5        82413.0
194      139008.0       1223173.0        79533.5
110      165888.0        547850.5        78903.5
72       139904.0        431361.0        77196.0
450      151040.0        562768.0        75000.0
          Server1   Server2
Offset                     
339     178098.00  44737.50
482       6395.25   1668.25
243       3061.75    827.25
310       2829.75    764.75
377       2756.50    747.50
361       2686.75    732.75
192       2620.25    709.75
462       2555.50    698.25
160       2508.00    685.75
384       2501.00    691.25
385       2487.50    678.00
261       2456.00    670.75
207       2409.25    663.50
263       2365.00    653.75
452       2335.75    641.50
129       2300.50    631.50
348       2286.00    631.50
307       2285.25    628.00
357       2275.25    628.75
328       2270.50    625.00
Round 4
        Timestamp  TS First Frame  TS Prev Frame
Offset                                          
214      181760.0       2528973.0       122754.0
339      173056.0        662399.0       116407.0
442      237312.0      22477016.0        98749.0
423      152576.0        493664.0        91032.0
23       163968.0       8357381.5        82413.0
35       163840.0      10418950.5        80049.5
450      151040.0        562768.0        75000.0
235      159104.0       6635890.5        74622.5
362      148480.0       1392772.5        72995.0
379      150272.0       1340578.0        68541.5
449      150272.0       1257074.5        67069.5
377      129024.0        470476.0        66272.0
345      137472.0        475321.0        62530.0
490      126464.0        474444.0        58768.0
104      140416.0       1057688.5        58696.0
229      120320.0        451048.0        58606.0
144      135680.0        476667.0        58559.0
374      115712.0        357089.0        58454.0
473      118656.0        487801.0        57968.0
413      115200.0        357271.0        57564.0
         Server1  Server2
Offset                   
339     196409.4  49318.2
482       5454.6   1431.4
243       2792.6    759.8
310       2606.2    709.6
377       2567.8    701.0
361       2515.6    690.4
394       2486.8    678.2
379       2458.2    674.6
192       2452.4    670.0
462       2443.6    671.0
496       2425.2    666.0
160       2420.6    665.0
384       2413.4    667.2
385       2372.2    649.0
263       2345.6    647.2
471       2339.6    642.4
94        2329.6    640.6
452       2317.2    637.6
261       2283.8    628.4
50        2271.4    627.4
Round 5
        Timestamp  TS First Frame  TS Prev Frame
Offset                                          
339      173312.0        586764.0       114611.5
35       222208.0       2305308.0       113574.0
214      146176.0       1438614.5        86895.5
442      188032.0      11473094.5        75054.5
259      138752.0       5959174.0        71719.5
423      153856.0        447281.5        70540.5
379      150272.0       1340578.0        68541.5
450      147456.0        521240.0        63508.0
413      115200.0        357271.0        57564.0
240      150144.0        581762.0        57370.0
429      115200.0        356521.0        55986.0
284      113664.0        359030.5        55025.5
374      112384.0        355274.5        54906.5
401      114176.0        405511.5        54878.0
229      115456.0        453594.5        54862.5
335      122112.0        461648.5        54845.0
266      113536.0        409330.0        54635.5
458      126848.0       1202187.5        53991.0
156      110592.0        350792.0        53973.0
483      135296.0        472184.0        53642.5
              Server1       Server2
Offset                             
339     202737.333333  50907.000000
482       4945.000000   1303.000000
325       2662.500000    725.833333
243       2570.333333    704.500000
310       2428.000000    665.833333
462       2415.333333    663.833333
377       2412.833333    663.000000
361       2404.833333    663.000000
160       2391.333333    658.166667
394       2365.666667    649.500000
274       2365.666667    644.666667
379       2362.666667    653.333333
192       2355.166667    646.000000
384       2352.500000    651.166667
385       2345.000000    642.833333
496       2326.166667    642.333333
466       2310.333333    633.000000
118       2293.666667    631.833333
263       2285.000000    630.666667
249       2284.166667    632.833333
Round 6
        Timestamp  TS First Frame  TS Prev Frame
Offset                                          
339      173568.0        553807.0       115954.0
35       174976.0       1384222.0        85988.0
259      138752.0       5959174.0        71719.5
496      126720.0        371009.5        66059.0
442      138752.0        469173.0        63290.0
379      114944.0        449320.0        57507.0
266      116224.0        468823.0        56832.0
429      115200.0        358036.5        56056.0
134      147072.0        491265.5        55805.0
214      112384.0        352189.0        54378.0
458      126848.0       1202187.5        53991.0
413      115456.0        375515.0        53632.0
52       116480.0        361046.0        53390.0
377      117760.0        456789.0        53064.0
284      110848.0        356820.0        52733.0
423      152576.0        400899.0        52527.0
37       113408.0        353988.5        52427.5
401      113920.0        359323.0        52348.0
235      112768.0        401405.5        52337.5
470      113920.0        482988.0        52245.0
              Server1       Server2
Offset                             
339     212342.000000  53331.285714
419       8167.285714   2110.285714
482       4484.857143   1186.142857
325       2597.285714    708.857143
243       2586.571429    709.000000
462       2549.714286    697.428571
118       2506.285714    684.142857
377       2418.857143    665.714286
50        2399.285714    659.571429
160       2343.285714    645.285714
310       2340.428571    647.428571
361       2315.000000    640.142857
394       2314.857143    637.428571
249       2299.000000    636.857143
274       2298.142857    628.000000
384       2286.857143    634.285714
263       2281.571429    630.285714
203       2275.857143    631.285714
192       2270.571429    624.571429
496       2270.428571    626.428571
Round 7
        Timestamp  TS First Frame  TS Prev Frame
Offset                                          
339      173056.0        511129.0       112816.0
379      130176.0        565784.5        68541.5
35       127744.0        463136.0        58402.0
442      132992.0        462401.0        57325.0
429      115200.0        356521.0        55986.0
401      114176.0        364714.0        54878.0
266      113536.0        456101.0        54635.5
95       126464.0        465811.0        53785.0
413      115456.0        375515.0        53632.0
214      128384.0        417136.5        52707.5
377      114176.0        454798.0        52680.0
127      112256.0        400140.0        52533.5
375      114176.0        450917.0        52523.0
482      110848.0        443337.0        52452.0
496      109312.0        351637.0        52328.0
284      110336.0        349716.0        52301.0
448      116608.0        445839.5        52250.5
465      110592.0        354541.0        52228.0
37       112640.0        353263.0        52214.0
111      112000.0        400577.0        51833.5
           Server1    Server2
Offset                       
339     220793.250  55464.250
419       7371.625   1910.875
482       4134.250   1097.125
325       2489.750    681.500
462       2482.750    681.875
243       2479.000    681.875
377       2360.625    651.000
118       2344.125    644.000
160       2324.500    640.625
50        2323.500    640.250
310       2304.125    638.125
263       2294.375    631.875
274       2284.500    626.375
192       2278.000    629.125
394       2274.500    627.250
384       2257.625    626.625
248       2257.125    624.875
361       2245.625    623.375
203       2222.500    618.125
407       2214.250    617.875
Round 8
        Timestamp  TS First Frame  TS Prev Frame
Offset                                          
339      173568.0        553807.0       115954.0
442      132992.0        462401.0        57325.0
429      113920.0        353859.5        56056.0
503      117504.0        447554.0        55953.0
401      116352.0        410902.5        54878.0
266      113536.0        456101.0        54635.5
143      112640.0        363406.0        54419.0
379      130176.0        565784.5        54287.5
35       117504.0        456028.5        54045.5
361      114432.0        453651.0        53467.0
52       110592.0        444185.0        53390.0
214      128384.0        417136.5        52707.5
377      114176.0        454798.0        52680.0
448      119808.0        451094.0        52442.0
465      110592.0        354541.0        52228.0
375      109824.0        441809.0        52217.0
111      112000.0        400577.0        51833.5
37       111232.0        353988.5        51661.0
127      111104.0        357523.0        51549.0
80       110976.0        399659.0        51430.0
              Server1       Server2
Offset                             
339     246617.222222  61920.222222
419       6716.444444   1745.666667
482       3889.111111   1035.777778
435       3344.888889    897.333333
462       2417.555556    665.111111
243       2408.111111    664.222222
325       2388.000000    656.666667
50        2336.111111    643.777778
160       2332.888889    643.666667
377       2332.111111    643.444444
263       2316.000000    638.666667
466       2304.222222    632.333333
361       2292.555556    634.222222
235       2280.000000    633.666667
418       2271.888889    627.555556
167       2263.222222    624.222222
274       2262.777778    621.777778
310       2257.333333    625.888889
100       2242.333333    622.222222
118       2241.777778    619.000000
Round 9
        Timestamp  TS First Frame  TS Prev Frame
Offset                                          
339      173568.0        553807.0       112816.0
429      115200.0        356521.0        55986.0
503      117504.0        447554.0        55953.0
449      134912.0        479414.0        54420.5
143      112640.0        363406.0        54419.0
35       117504.0        456028.5        54045.5
52       110592.0        444185.0        53390.0
214      128384.0        417136.5        52707.5
377      117760.0        456789.0        52357.0
401      114432.0        370105.0        52348.0
448      113408.0        451094.0        52059.0
111      112000.0        400577.0        51833.5
37       111232.0        353988.5        51661.0
127      111104.0        357523.0        51549.0
442      127232.0        455629.0        51360.0
316      110848.0        447441.0        51198.0
131      154112.0        453528.0        51139.0
465      110336.0        378836.0        51126.5
419      110592.0        351348.0        51126.0
379      125952.0        464691.0        51068.0
         Server1  Server2
Offset                   
339     245002.6  61514.6
419       6226.7   1622.4
181       3801.4   1015.3
482       3679.5    983.5
435       3164.1    850.8
462       2386.1    656.0
243       2357.0    651.6
50        2322.8    640.2
325       2322.7    640.1
160       2292.3    632.3
377       2276.8    629.9
466       2264.5    622.5
361       2263.9    627.6
167       2258.3    622.8
263       2245.0    621.4
310       2230.4    619.6
290       2223.3    620.4
384       2215.8    614.8
192       2213.8    613.9
235       2213.2    617.1
Winning offset:
[339]
2021-09-08 01:01:28.716034
2021-09-08 01:01:48.904899
0:00:20.188865
Exception ignored in: <function Capture.__del__ at 0x7f96258395e0>
Traceback (most recent call last):
  File "/home/mlipp/.virtualenvs/kaslr/lib/python3.8/site-packages/pyshark/capture/capture.py", line 445, in __del__
  File "/home/mlipp/.virtualenvs/kaslr/lib/python3.8/site-packages/pyshark/capture/capture.py", line 436, in close
  File "/usr/lib/python3.8/asyncio/base_events.py", line 592, in run_until_complete
  File "/usr/lib/python3.8/asyncio/base_events.py", line 553, in _check_running
AttributeError: 'NoneType' object has no attribute '_get_running_loop'
