Loading page file profiles/lab06/pages/0x2a44b.yaml
Loading page file profiles/lab06/pages/0x2a460.yaml
Loading page file profiles/lab06/pages/0x2a4e3.yaml
Loading page file profiles/lab06/pages/0x2a4e5.yaml
Loading page file profiles/lab06/pages/0x2a800.yaml
Loading page file profiles/lab06/pages/0x2a804.yaml
Loading page file profiles/lab06/pages/0x2a805.yaml
RUN
Round 0
Round 1
Empty DataFrame
Columns: [Timestamp, TS First Frame, TS Prev Frame]
Index: []
         Server1  Server2
Offset                   
339     330035.0  82838.0
269       4934.0   1307.0
242       3130.5    843.5
73        2919.5    791.5
113       2885.5    779.5
105       2815.0    764.0
114       2782.0    759.0
199       2781.0    753.0
457       2759.5    750.0
189       2739.0    741.0
183       2738.0    741.0
193       2728.0    740.0
270       2727.5    738.0
431       2719.0    747.5
499       2718.5    738.0
107       2708.5    740.0
352       2708.5    726.0
263       2707.5    740.0
462       2683.5    731.5
473       2679.0    724.0
Round 2
        Timestamp  TS First Frame  TS Prev Frame
Offset                                          
339      208128.0        547944.0       145404.5
449      183040.0      11989893.5       116083.5
361      195968.0      17383403.5       105321.0
475      161280.0        714555.5        98690.0
73       176000.0       1233428.5        98549.0
446      165120.0       1338031.0        96869.0
398      176640.0       1261948.5        94725.0
147      174976.0      11929385.0        91329.0
368      180864.0      10351992.0        89608.0
13       160000.0       1452072.0        89288.0
418      176256.0      11758510.0        85592.5
500      164352.0       1283953.5        82606.0
439      154496.0        752230.0        82336.0
435      186624.0       6118213.0        81375.0
235      140928.0      11329917.0        80950.0
484      164352.0       8099157.0        80933.5
433      176896.0       9954008.0        80481.5
453      142848.0        450193.0        80345.5
84       146944.0       1844732.5        79672.5
171      135040.0        473439.5        77211.0
              Server1       Server2
Offset                             
339     392146.000000  98329.000000
269       4015.000000   1073.666667
242       3252.666667    876.666667
39        2885.000000    782.000000
151       2836.333333    782.333333
279       2767.000000    758.000000
452       2639.000000    725.666667
113       2630.666667    717.000000
193       2627.000000    715.666667
352       2612.666667    706.333333
431       2587.333333    715.000000
402       2585.333333    706.000000
238       2583.000000    703.666667
41        2579.333333    710.000000
240       2577.333333    711.333333
71        2575.000000    709.666667
73        2573.666667    702.000000
495       2570.000000    699.666667
334       2561.666667    698.000000
84        2530.000000    697.333333
Round 3
        Timestamp  TS First Frame  TS Prev Frame
Offset                                          
449      224256.0        644211.0       148899.0
339      234496.0        525687.0       146548.0
229      192384.0       5483968.5       114211.0
238      163712.0       1276361.5       103099.0
287      170496.0        816594.0       102979.0
361      175104.0      12416341.0        99928.0
337      185600.0      11018283.5        98762.5
98       160384.0       1336450.0        97211.5
479      180224.0      12993394.5        94467.5
369      159616.0      13084387.0        94092.0
446      160768.0        407477.0        92598.0
471      159616.0       1244309.0        91440.5
451      159232.0      14199981.5        90518.5
251      151040.0       4506519.5        87399.5
276      146688.0        538122.5        86534.5
272      148736.0       2075116.0        86048.0
417      172800.0       7775981.0        85651.5
34       153728.0       1113728.5        83699.5
405      169600.0       2685664.0        82774.0
500      164352.0       1283953.5        82606.0
          Server1    Server2
Offset                      
339     399457.75  100164.50
269       3653.00     982.25
242       3030.50     818.25
39        2638.75     722.50
279       2636.25     727.25
114       2598.75     711.00
151       2582.50     713.25
254       2547.00     705.00
402       2519.50     689.00
290       2491.25     687.00
457       2490.75     683.00
240       2468.25     683.50
193       2456.75     673.75
194       2451.75     681.00
113       2442.50     669.75
495       2441.00     670.75
236       2428.25     664.00
458       2424.50     668.25
71        2417.25     673.25
116       2416.25     667.75
Round 4
        Timestamp  TS First Frame  TS Prev Frame
Offset                                          
339      239744.0        510482.5       156790.5
361      195968.0       8015877.5       105321.0
449      170240.0       1132689.5        99848.0
98       160384.0       1336450.0        97211.5
479      180224.0      12993394.5        94467.5
369      159616.0      13084387.0        94092.0
446      160768.0        407477.0        92598.0
340      150528.0       2013796.0        90986.0
272      148736.0       2075116.0        86048.0
417      148736.0        568523.0        80938.0
287      143744.0        669040.5        76389.5
234      164736.0       3553895.0        75513.0
276      154624.0        490907.0        75435.0
373      154240.0       6863198.0        71383.0
492      154624.0        492459.0        70828.0
365      124928.0        464994.0        67573.0
314      134144.0        379007.0        66834.0
337      155648.0        491021.0        65951.0
418      127360.0        416114.5        65584.0
383      124928.0        456168.0        65552.0
         Server1  Server2
Offset                   
339     362751.2  90982.8
269       3279.0    888.4
242       2885.2    780.8
177       2622.6    722.2
458       2579.0    706.4
114       2524.8    690.2
39        2509.4    689.0
290       2505.6    690.6
279       2501.6    696.8
402       2466.8    677.0
258       2460.6    676.8
151       2451.2    679.2
236       2434.4    667.0
254       2397.4    666.2
270       2394.2    656.6
263       2377.8    661.6
194       2375.0    660.2
457       2370.0    653.0
462       2353.4    649.4
116       2352.4    651.4
Round 5
        Timestamp  TS First Frame  TS Prev Frame
Offset                                          
339      244992.0        525687.0       167033.0
361      195968.0       8015877.5       105321.0
234      174592.0       4834190.0       102088.0
446      165120.0       1338031.0        96869.0
340      150528.0       2013796.0        90986.0
417      148736.0        568523.0        80938.0
337      176768.0       3843238.0        79085.0
164      154880.0       3801541.0        78951.5
287      143744.0        669040.5        76389.5
40       158848.0       1403875.0        72559.5
272      147840.0       1278785.0        72325.0
115      152064.0       1220590.0        71678.5
492      154624.0        492459.0        70828.0
286      137344.0       1155661.5        69255.0
103      154752.0        447147.5        67643.0
418      127360.0        416114.5        65584.0
383      124928.0        456168.0        65552.0
454      123392.0        367470.0        63818.0
500      137472.0        474326.5        63741.5
136      155136.0        499120.0        63606.0
              Server1       Server2
Offset                             
339     363477.666667  91162.500000
269       3160.500000    855.166667
242       2764.833333    748.666667
114       2696.166667    732.000000
177       2511.000000    695.666667
338       2500.666667    680.333333
279       2498.166667    694.333333
417       2475.166667    680.833333
337       2475.166667    684.666667
94        2467.666667    673.333333
98        2445.166667    670.166667
458       2427.833333    668.833333
290       2419.666667    668.666667
503       2401.000000    662.333333
183       2385.500000    655.166667
402       2376.666667    654.833333
236       2375.500000    651.666667
276       2370.166667    652.500000
39        2366.166667    650.833333
473       2363.500000    641.833333
Round 6
        Timestamp  TS First Frame  TS Prev Frame
Offset                                          
339      244992.0        525687.0       167033.0
368      172032.0      10406087.5        86402.0
361      141568.0       2032945.0        75514.0
276      154624.0        490907.0        75435.0
40       158848.0       1403875.0        72559.5
115      152064.0       1220590.0        71678.5
446      157824.0       1220664.5        70805.5
134      129920.0        420977.0        68263.5
337      155648.0        491021.0        65951.0
454      128896.0        420868.0        65673.0
236      130304.0        558585.0        63125.5
365      121344.0        412105.5        63078.5
23       121600.0        410271.5        61616.0
383      120320.0        411981.0        61337.5
203      121344.0        456703.0        61190.0
116      123904.0        405143.0        61061.0
107      122624.0        454870.0        60899.0
32       127232.0        478720.0        60421.0
181      119168.0        414591.0        60393.0
401      123904.0        495814.0        60146.0
              Server1       Server2
Offset                             
339     367831.857143  92258.571429
421       8519.285714   2196.285714
269       2924.285714    795.857143
242       2705.857143    733.285714
114       2645.571429    719.142857
503       2536.000000    695.285714
279       2488.428571    690.571429
338       2407.571429    656.142857
177       2396.285714    666.000000
417       2372.142857    654.000000
402       2370.285714    652.285714
290       2367.285714    655.571429
353       2366.714286    648.428571
94        2365.000000    648.571429
183       2356.857143    647.428571
337       2356.428571    654.571429
98        2350.428571    646.857143
458       2329.000000    642.142857
110       2322.714286    642.571429
39        2320.714286    637.857143
Round 7
        Timestamp  TS First Frame  TS Prev Frame
Offset                                          
339      234496.0        550127.0       154575.0
368      172032.0      10406087.5        86402.0
361      141568.0       2032945.0        75514.0
276      154624.0        490907.0        75435.0
446      157824.0       1220664.5        70805.5
337      155648.0        491021.0        65951.0
454      123392.0        367470.0        63818.0
115      147968.0        397794.0        62234.0
40       155648.0        499086.0        61463.0
203      120576.0        452432.0        60898.0
399      122752.0        457288.5        60060.5
116      123648.0        388884.0        60029.5
34       120576.0        453731.0        59868.0
142      121344.0        455718.0        59825.0
279      121856.0        429500.0        59701.5
409      118272.0        457870.0        59028.0
252      119424.0        404635.5        58935.5
30       122880.0        363822.0        58858.0
111      123136.0        454922.0        58829.0
354      119552.0        367776.0        58814.0
           Server1    Server2
Offset                       
339     354664.500  89018.500
421       7674.125   1983.875
269       2789.125    760.750
242       2673.000    725.875
114       2527.125    690.000
503       2508.750    688.875
279       2428.875    674.875
183       2423.250    664.750
94        2398.375    655.750
272       2391.250    657.125
177       2361.625    655.625
353       2355.250    645.750
338       2353.250    642.500
290       2342.750    648.500
6         2332.125    639.500
98        2321.250    638.875
178       2306.625    638.250
473       2299.750    627.375
417       2286.875    630.875
185       2281.250    633.375
Round 8
        Timestamp  TS First Frame  TS Prev Frame
Offset                                          
339      234496.0        550127.0       154575.0
134      129920.0        420977.0        68263.5
437      154880.0        462490.0        67311.0
136      155136.0        499120.0        63606.0
276      146688.0        469822.0        62603.0
454      122752.0        365115.0        62440.0
399      122752.0        457288.5        60060.5
40       140160.0        434454.5        60051.0
116      123648.0        388884.0        60029.5
203      118272.0        447560.0        58852.5
428      122112.0        490479.0        58748.0
225      122624.0        459538.0        58735.0
395      117248.0        460246.0        58733.0
488      119808.0        371526.0        58628.0
151      116224.0        451132.0        58615.0
251      115712.0        357757.0        58606.0
373      118272.0        405707.5        58570.5
137      134656.0        471768.5        58567.5
32       131072.0        481907.0        58520.0
98       121344.0        461661.0        58483.0
              Server1       Server2
Offset                             
339     340380.000000  85441.222222
421       6991.333333   1812.888889
337       4361.444444   1160.555556
269       2674.111111    730.888889
242       2599.111111    707.222222
503       2489.111111    683.000000
194       2457.666667    678.666667
114       2453.777778    671.111111
353       2430.666667    665.111111
279       2400.222222    666.222222
290       2387.333333    659.000000
485       2368.555556    653.111111
183       2366.000000    649.111111
272       2313.777778    638.111111
94        2311.333333    634.666667
177       2300.000000    639.000000
178       2288.222222    632.777778
151       2286.222222    632.222222
288       2282.222222    633.000000
338       2278.777778    624.777778
Round 9
        Timestamp  TS First Frame  TS Prev Frame
Offset                                          
339      230272.0        560164.0       160804.0
136      155136.0        499120.0        63606.0
454      122112.0        367470.0        61062.0
399      122752.0        457288.5        60060.5
251      119552.0        365689.0        58751.0
40       154880.0        494223.0        58639.0
32       131072.0        481907.0        58520.0
421      119296.0        365683.5        58460.0
511      116224.0        452551.0        58242.0
134      120064.0        446541.0        57939.0
462      117760.0        372970.0        57837.0
83       123904.0        464088.5        57542.5
337      139008.0        475166.5        57493.5
350      127488.0        545664.0        57452.0
130      113408.0        374376.0        57380.0
368      116352.0        454806.0        57377.5
354      119552.0        367776.0        57324.0
286      141312.0        676707.0        57232.0
121      117504.0        361722.0        57230.0
297      116224.0        444399.0        57211.0
         Server1  Server2
Offset                   
339     328408.1  82444.7
421       6446.1   1676.3
337       4119.6   1098.0
269       2613.5    715.7
242       2539.2    692.8
290       2481.7    681.9
503       2455.1    674.4
114       2431.2    665.5
194       2417.7    668.1
353       2397.0    655.6
417       2346.3    644.0
279       2339.9    650.1
183       2334.6    641.5
263       2317.0    641.7
485       2307.9    637.4
272       2291.7    632.7
94        2272.8    625.5
151       2251.0    623.6
178       2250.2    622.6
288       2246.2    624.0
Winning offset:
[339]
2021-09-08 01:26:13.168864
2021-09-08 01:26:34.155698
0:00:20.986834
Exception ignored in: <function Capture.__del__ at 0x7f57483465e0>
Traceback (most recent call last):
  File "/home/mlipp/.virtualenvs/kaslr/lib/python3.8/site-packages/pyshark/capture/capture.py", line 445, in __del__
  File "/home/mlipp/.virtualenvs/kaslr/lib/python3.8/site-packages/pyshark/capture/capture.py", line 436, in close
  File "/usr/lib/python3.8/asyncio/base_events.py", line 592, in run_until_complete
  File "/usr/lib/python3.8/asyncio/base_events.py", line 553, in _check_running
AttributeError: 'NoneType' object has no attribute '_get_running_loop'
