Loading page file profiles/lab06/pages/0x2a44b.yaml
Loading page file profiles/lab06/pages/0x2a460.yaml
Loading page file profiles/lab06/pages/0x2a4e3.yaml
Loading page file profiles/lab06/pages/0x2a4e5.yaml
Loading page file profiles/lab06/pages/0x2a800.yaml
Loading page file profiles/lab06/pages/0x2a804.yaml
Loading page file profiles/lab06/pages/0x2a805.yaml
RUN
Round 0
Round 1
Empty DataFrame
Columns: [Timestamp, TS First Frame, TS Prev Frame]
Index: []
         Server1  Server2
Offset                   
339     186219.0  46829.0
310      10286.5   2713.5
486       5732.5   1500.0
97        5589.5   1463.0
73        5464.5   1435.5
288       3463.5    922.0
284       3100.5    833.0
242       3066.5    827.0
146       3001.0    810.5
135       2974.5    812.0
386       2932.5    789.5
121       2805.0    755.0
431       2727.5    742.5
297       2687.0    733.5
467       2640.0    718.0
471       2599.0    712.0
137       2564.5    696.0
159       2515.0    692.5
26        2511.5    689.5
30        2504.0    685.0
Round 2
        Timestamp  TS First Frame  TS Prev Frame
Offset                                          
402      246528.0      14177877.5       150790.0
490      190336.0        592081.5       131551.5
135      211328.0      15809953.5       124994.0
14       200192.0      12659541.0       110681.0
468      193920.0        317380.5       100946.5
165      182400.0       5858980.5        98801.5
249      170368.0        960013.5        98286.5
263      182016.0       2103079.5        98252.5
194      204800.0       1335052.0        97916.0
240      156416.0        446728.5        94397.0
389      175232.0       1329992.0        94045.0
362      153600.0        447328.0        93664.5
449      174976.0        463878.5        90412.0
323      145920.0       8033223.0        88751.0
133      163840.0       1479800.0        87668.5
233      151168.0        397076.0        86836.0
310      151296.0       1431245.0        86712.0
100      150272.0       1423507.0        86423.5
148      173824.0        293404.0        86002.5
456      165760.0       6211633.5        83406.0
              Server1       Server2
Offset                             
339     254019.666667  63768.333333
310       7431.333333   1973.000000
97        4287.666667   1136.666667
486       4270.333333   1132.000000
73        4197.000000   1116.333333
288       2921.333333    786.000000
386       2713.000000    734.333333
135       2701.333333    740.000000
471       2698.333333    737.000000
242       2672.000000    729.333333
137       2589.666667    704.666667
284       2570.000000    702.333333
114       2556.000000    697.333333
146       2548.000000    697.666667
391       2519.000000    685.666667
431       2507.333333    686.333333
121       2471.666667    674.333333
195       2464.000000    675.000000
359       2459.666667    673.666667
255       2410.000000    667.333333
Round 3
        Timestamp  TS First Frame  TS Prev Frame
Offset                                          
339      200320.0        496042.5       144694.0
300      194048.0       6739477.0       135888.0
135      211328.0      15809953.5       124994.0
470      169088.0        909570.0       112417.0
481      161792.0        453200.0       101791.5
249      170368.0        960013.5        98286.5
263      182016.0       2103079.5        98252.5
1        153344.0        632458.0        98234.0
330      160768.0        403685.0        97663.0
291      166656.0       1281574.0        96704.0
405      156928.0        501142.0        96167.0
240      156416.0        446728.5        94397.0
449      174976.0        463878.5        90412.0
362      154368.0        494892.0        89868.0
440      160768.0        504167.0        88362.0
133      163840.0       1479800.0        87668.5
323      141056.0        487656.0        86930.0
233      151168.0        397076.0        86836.0
310      151296.0       1431245.0        86712.0
100      150272.0       1423507.0        86423.5
          Server1   Server2
Offset                     
339     279421.25  70126.25
310       6126.50   1634.50
73        3738.25   1002.25
486       3660.50    982.50
97        3587.50    961.25
288       2665.00    723.50
386       2602.25    710.25
135       2529.00    694.75
146       2506.75    687.50
137       2458.75    671.50
121       2442.75    666.25
471       2434.25    669.25
391       2427.00    665.25
242       2399.75    660.50
263       2364.25    653.75
297       2352.25    654.00
475       2322.50    642.75
341       2320.50    645.50
284       2309.75    639.00
431       2307.00    637.00
Round 4
        Timestamp  TS First Frame  TS Prev Frame
Offset                                          
339      202880.0        496042.5       138878.5
1        153344.0        632458.0        98234.0
330      160768.0        403685.0        97663.0
505      168448.0       2122850.0        97542.0
405      156928.0        501142.0        96167.0
116      167168.0        520148.0        92540.0
240      151296.0        477320.0        91124.0
119      172672.0      11300777.5        89212.5
440      160768.0        504167.0        88362.0
323      141056.0        487656.0        86930.0
233      149248.0        401338.0        86209.0
306      173824.0       2022019.0        85958.0
14       153088.0        491129.0        83896.0
451      140032.0        445884.0        82349.0
55       139904.0        476321.5        78642.5
133      163584.0        502000.0        78428.0
137      136704.0       1076252.5        77850.5
362      154752.0        447328.0        77062.0
389      163072.0        501716.0        76901.0
155      156672.0       2076169.5        74356.0
         Server1  Server2
Offset                   
339     270794.4  67982.4
129       5885.8   1537.4
310       5268.6   1412.0
67        4471.2   1184.8
73        3401.2    920.4
486       3288.8    887.4
97        3244.6    874.6
471       2660.2    724.6
114       2511.0    687.6
146       2478.4    680.2
135       2461.6    678.0
288       2458.8    672.8
412       2382.2    659.0
386       2382.0    654.4
391       2378.6    654.2
121       2360.2    644.8
272       2353.4    651.4
263       2329.2    648.2
242       2298.6    635.6
137       2282.6    627.8
Round 5
        Timestamp  TS First Frame  TS Prev Frame
Offset                                          
339      202880.0        496042.5       138878.5
226      165376.0        460084.0       103178.0
386      145664.0        485274.0        86643.0
306      172032.0       1265186.0        83619.0
62       138880.0        459017.5        79066.5
55       154368.0        489542.5        78642.5
137      136704.0       1076252.5        77850.5
362      154752.0        447328.0        77062.0
505      142976.0       1285996.5        76677.0
405      137600.0        472047.0        76451.0
133      141568.0        502000.0        75517.0
262      135936.0        423321.5        74909.5
330      135680.0        377587.5        73602.5
1        132480.0        538526.5        73527.5
366      131712.0        419634.5        73186.0
217      154624.0        545149.5        73164.0
233      142976.0        397076.0        72952.0
116      138112.0        481432.5        71935.5
93       144768.0       1170999.5        71583.0
156      138368.0        429150.5        70803.5
              Server1       Server2
Offset                             
339     265408.000000  66713.333333
129       5326.666667   1396.666667
310       4687.166667   1260.666667
67        3989.166667   1062.333333
73        3127.000000    851.333333
486       3043.833333    827.000000
97        3037.500000    823.500000
272       2624.500000    718.666667
471       2577.333333    703.333333
114       2450.000000    672.500000
146       2394.333333    659.666667
135       2368.166667    653.333333
288       2366.833333    650.333333
386       2340.833333    644.500000
121       2323.333333    637.166667
391       2311.166667    636.666667
263       2309.333333    642.333333
242       2273.333333    630.500000
412       2271.833333    631.000000
144       2257.333333    624.833333
Round 6
        Timestamp  TS First Frame  TS Prev Frame
Offset                                          
339      202880.0        496042.5       136529.0
55       154368.0        489542.5        78642.5
63       144384.0        410515.0        77299.0
93       142976.0        453197.0        76288.5
137      139776.0        497478.0        72049.0
306      167040.0        503144.5        71785.5
240      153088.0        483662.0        71144.5
395      136448.0        501145.0        65996.0
14       122880.0        459117.0        64832.0
362      154624.0        492716.0        64256.0
180      124416.0        556641.0        62987.5
165      135296.0        432417.0        62931.0
133      126208.0        429761.5        62578.5
406      120320.0        363574.0        62424.0
310      163328.0        409385.0        61476.0
11       119296.0        360193.0        61253.0
330      123904.0        363326.0        61115.0
421      131456.0        422232.5        60997.0
156      130048.0        457371.0        60739.0
116      126720.0        442717.0        60032.0
              Server1       Server2
Offset                             
339     262350.428571  65929.285714
129       4848.000000   1276.714286
310       4298.714286   1158.857143
67        3702.142857    989.000000
73        2957.142857    806.571429
97        2862.571429    779.714286
486       2853.000000    777.714286
471       2532.285714    691.571429
272       2518.142857    692.000000
114       2449.000000    671.571429
146       2388.857143    657.571429
263       2362.857143    654.428571
121       2325.428571    636.571429
386       2319.428571    638.428571
135       2317.000000    638.571429
391       2309.000000    636.714286
288       2306.000000    634.857143
144       2297.000000    633.857143
412       2285.000000    633.285714
242       2254.857143    623.857143
Round 7
        Timestamp  TS First Frame  TS Prev Frame
Offset                                          
339      202880.0        496042.5       136529.0
63       142336.0        465761.0        77299.0
405      147456.0        487357.5        76451.0
306      167040.0        503144.5        71785.5
449      161536.0        497349.0        68106.0
406      125568.0        365983.5        62953.5
165      135296.0        432417.0        62931.0
133      126208.0        429761.5        62578.5
137      137216.0        485639.5        61480.0
11       124160.0        365106.0        61253.0
93       123136.0        457241.0        60606.0
421      126976.0        369263.0        59893.0
355      164864.0        504974.0        59849.0
155      126464.0        471832.0        59745.0
310      148352.0        391409.5        59734.0
301      120192.0        407107.5        59688.0
315      123648.0        383770.0        59499.5
156      127360.0        424152.5        58821.5
272      143232.0        435995.0        58772.0
100      139008.0        476050.0        58770.0
           Server1    Server2
Offset                       
339     257641.125  64741.750
129       4493.250   1188.125
310       4025.875   1088.375
67        3458.750    927.125
73        2812.000    768.750
97        2732.375    747.375
486       2708.875    740.500
471       2499.750    683.750
272       2460.750    678.500
151       2405.625    663.750
114       2402.125    659.500
146       2346.875    647.375
263       2337.625    647.625
290       2336.250    643.625
386       2307.375    635.000
144       2306.875    635.875
391       2286.250    630.250
121       2271.125    623.625
242       2269.000    627.625
135       2256.500    622.875
Round 8
        Timestamp  TS First Frame  TS Prev Frame
Offset                                          
339      203264.0        544984.0       136258.0
63       142336.0        465761.0        77299.0
405      147456.0        487357.5        76451.0
510      130432.0        450444.5        70561.0
137      134656.0        473801.0        64946.0
406      125568.0        365983.5        62953.5
133      126208.0        429761.5        62578.5
306      163840.0        497936.0        62291.0
112      124160.0        368723.0        61069.0
93       123136.0        457241.0        60606.0
11       121728.0        416921.5        59910.5
421      126976.0        369263.0        59893.0
226      121088.0        458043.0        59289.0
449      158080.0        494848.5        58943.5
272      143232.0        435995.0        58772.0
100      139008.0        476050.0        58770.0
39       120320.0        427263.5        58512.0
315      123392.0        362883.0        58487.0
8        135936.0        473283.0        58486.0
335      154624.0        489002.0        57884.0
              Server1       Server2
Offset                             
339     253362.000000  63661.444444
20        6714.555556   1742.111111
129       4231.222222   1122.222222
310       3797.444444   1028.333333
67        3301.333333    888.222222
73        2735.444444    748.333333
97        2633.777778    722.555556
486       2612.888889    716.222222
471       2562.666667    698.444444
151       2425.555556    668.555556
405       2407.888889    667.333333
272       2388.111111    660.000000
114       2383.333333    654.222222
263       2355.555556    652.000000
144       2324.555556    640.888889
290       2323.555556    640.666667
297       2308.333333    641.222222
386       2300.444444    634.444444
146       2278.666667    630.000000
391       2255.555556    622.777778
Round 9
        Timestamp  TS First Frame  TS Prev Frame
Offset                                          
339      204672.0        548857.0       136529.0
406      120320.0        368393.0        62424.0
306      163840.0        497936.0        62291.0
449      158080.0        494848.5        58943.5
233      136704.0        392814.0        58666.0
11       119296.0        444414.0        58568.0
43       141568.0        481259.0        58517.0
63       119040.0        446983.0        58389.0
112      121728.0        363462.5        58073.0
81       123776.0        457089.0        57697.0
156      124672.0        390934.0        56904.0
133      115840.0        403992.0        56348.0
315      123392.0        404657.0        56003.0
232      117504.0        453007.0        55808.0
283      118656.0        358733.5        55545.0
272      143232.0        435995.0        55452.0
39       120320.0        450231.0        55352.0
226      116352.0        410987.0        55157.5
347      115712.0        357545.0        55120.0
6        115456.0        450559.0        55007.0
         Server1  Server2
Offset                   
339     268881.6  67535.4
20        6234.1   1621.5
129       4027.2   1070.3
310       3591.7    975.3
67        3155.3    850.9
73        2660.3    728.7
97        2537.0    697.3
486       2536.1    696.0
405       2522.7    695.3
471       2493.4    680.8
148       2367.2    649.2
263       2366.1    653.6
114       2358.9    648.5
144       2334.1    642.8
151       2329.2    644.7
272       2318.7    641.6
137       2289.7    630.8
386       2278.3    629.1
290       2276.3    629.0
14        2269.3    624.5
Winning offset:
[339]
2021-09-08 01:26:36.526121
2021-09-08 01:26:58.309704
0:00:21.783583
Exception ignored in: <function Capture.__del__ at 0x7f01b82c15e0>
Traceback (most recent call last):
  File "/home/mlipp/.virtualenvs/kaslr/lib/python3.8/site-packages/pyshark/capture/capture.py", line 445, in __del__
  File "/home/mlipp/.virtualenvs/kaslr/lib/python3.8/site-packages/pyshark/capture/capture.py", line 436, in close
  File "/usr/lib/python3.8/asyncio/base_events.py", line 592, in run_until_complete
  File "/usr/lib/python3.8/asyncio/base_events.py", line 553, in _check_running
AttributeError: 'NoneType' object has no attribute '_get_running_loop'
