Loading page file profiles/lab06/pages/0x2a44b.yaml
Loading page file profiles/lab06/pages/0x2a460.yaml
Loading page file profiles/lab06/pages/0x2a4e3.yaml
Loading page file profiles/lab06/pages/0x2a4e5.yaml
Loading page file profiles/lab06/pages/0x2a800.yaml
Loading page file profiles/lab06/pages/0x2a804.yaml
Loading page file profiles/lab06/pages/0x2a805.yaml
RUN
Round 0
Round 1
Empty DataFrame
Columns: [Timestamp, TS First Frame, TS Prev Frame]
Index: []
         Server1  Server2
Offset                   
339     275807.5  69264.0
85        3241.0    869.0
477       3104.5    834.5
410       3065.0    821.5
510       3061.0    816.0
5         3051.0    822.0
469       2985.5    797.5
400       2983.0    798.0
466       2905.5    784.0
454       2869.5    769.0
27        2863.0    767.0
332       2765.0    742.5
14        2703.0    727.5
418       2699.5    734.0
372       2688.5    728.5
425       2667.5    729.5
194       2664.5    726.0
153       2649.0    719.5
238       2638.0    714.5
215       2614.0    718.0
Round 2
        Timestamp  TS First Frame  TS Prev Frame
Offset                                          
83       168576.0        659597.0       107181.0
149      184576.0      16499014.5        94403.0
345      150144.0       1288105.0        88971.5
333      147712.0       2312813.5        88303.0
269      181888.0      11168652.5        82444.5
45       169344.0        710069.5        81424.5
46       187648.0       3411345.0        80915.0
60       184192.0      13191744.5        80187.0
11       140928.0       1401751.5        78929.0
0        153472.0      13113389.0        77816.0
108      157568.0      13479361.0        74895.0
243      154240.0        576940.5        73323.5
162      130688.0        374549.5        73226.0
37       132352.0        543761.0        72889.0
212      131456.0        427712.0        72318.0
447      126464.0        631082.5        68799.5
312      149888.0        396149.5        68561.0
327      125568.0        371308.5        68252.0
361      123904.0        417083.0        67735.0
387      126208.0      10491990.0        67383.5
              Server1       Server2
Offset                             
339     269341.000000  67721.666667
477       2845.666667    769.000000
400       2801.000000    754.000000
334       2783.000000    756.333333
298       2778.666667    759.000000
469       2693.666667    723.666667
312       2690.666667    726.666667
510       2653.666667    721.666667
85        2652.333333    720.666667
5         2645.000000    720.333333
454       2643.666667    719.333333
148       2633.666667    714.000000
144       2630.333333    714.333333
27        2629.000000    711.666667
466       2605.666667    708.000000
418       2586.666667    708.666667
194       2572.666667    701.000000
187       2553.000000    698.666667
378       2544.666667    695.666667
372       2532.666667    687.333333
Round 3
        Timestamp  TS First Frame  TS Prev Frame
Offset                                          
333      188928.0       1011072.0       126482.0
339      190720.0        457372.0       126293.0
83       168576.0        659597.0       107181.0
162      154880.0        402015.0        97641.0
243      154112.0        590281.0        97593.0
348      206720.0      11170707.0        96995.0
80       176768.0       8079678.0        95511.5
89       151808.0       1126367.5        88438.5
261      149760.0      11090530.5        88421.0
307      158080.0       3395607.5        88158.5
381      151552.0        392186.0        85868.0
69       164736.0       1261211.5        85473.5
360      155648.0      10898575.5        79448.5
38       148480.0       1801145.5        73558.0
257      135040.0        425132.5        72992.5
37       132352.0        543761.0        72889.0
212      131456.0        427712.0        72318.0
303      134784.0       3890344.0        69937.0
259      130304.0        686647.5        69713.0
428      129920.0        528824.0        69616.5
          Server1   Server2
Offset                     
339     271628.25  68303.25
92       12543.75   3205.00
477       2709.25    734.25
400       2685.25    730.25
378       2615.75    714.25
410       2604.25    709.00
384       2589.00    707.75
510       2565.75    702.75
312       2547.25    695.50
298       2540.25    699.50
334       2536.25    693.50
144       2517.50    687.50
418       2514.00    693.75
22        2510.50    687.75
228       2497.25    686.75
129       2462.25    675.75
194       2462.00    674.50
85        2457.50    672.00
217       2448.25    669.75
469       2444.25    662.50
Round 4
        Timestamp  TS First Frame  TS Prev Frame
Offset                                          
333      188928.0       1011072.0       126482.0
339      186368.0        439240.5       125188.5
43       186880.0       8140559.0       114752.0
162      154880.0        402015.0        97641.0
154      159744.0       2045720.0        97636.0
243      154112.0        590281.0        97593.0
348      206720.0      11170707.0        96995.0
16       183296.0       2176421.0        93803.5
381      151552.0        392186.0        85868.0
69       164736.0       1261211.5        85473.5
425      134784.0        492232.0        76384.5
303      134784.0       3890344.0        69937.0
478      132096.0        469838.0        69838.0
312      149888.0        396149.5        68561.0
209      133504.0        513673.0        67554.5
186      124928.0        366504.5        67202.0
427      124800.0       1796300.5        66054.0
244      156672.0       1225754.5        64384.5
296      146688.0        411513.0        62471.0
257      148992.0        455507.0        62463.0
         Server1  Server2
Offset                   
339     330496.4  82977.8
92       10385.6   2662.6
144       2657.0    723.0
160       2633.2    720.2
470       2582.4    702.2
187       2556.0    698.8
400       2532.6    691.4
222       2511.6    687.8
215       2505.8    686.2
477       2503.0    684.2
384       2485.2    680.4
74        2476.2    679.6
410       2475.0    676.4
194       2451.6    672.6
228       2450.6    675.0
70        2446.2    665.8
298       2428.2    671.0
378       2406.4    662.0
510       2406.2    662.0
312       2401.6    657.8
Round 5
        Timestamp  TS First Frame  TS Prev Frame
Offset                                          
339      190720.0        457372.0       126293.0
154      159744.0       2045720.0        97636.0
398      146688.0        492169.5        79262.0
243      154112.0        544780.5        73323.5
16       179456.0       3862882.0        73170.0
381      153216.0        442926.0        72580.5
480      121600.0        363705.0        64807.0
258      129280.0        620016.0        64465.0
296      146688.0        411513.0        62471.0
430      154112.0        516009.0        61709.0
246      121344.0        416000.5        59735.5
277      119296.0        361714.0        59394.0
310      118528.0        407498.5        59380.0
478      136448.0        477111.0        59158.5
138      128512.0        520983.0        59058.0
425      113408.0        447120.0        58831.0
105      121344.0        457926.0        58698.0
261      137088.0        477548.0        58604.0
369      154880.0       1983920.0        58406.0
331      142208.0        489280.0        58317.5
              Server1       Server2
Offset                             
339     317286.666667  79685.166667
158       9473.666667   2442.500000
92        8936.166667   2298.000000
443       4115.500000   1094.666667
275       4103.000000   1089.833333
144       2695.333333    730.666667
295       2671.500000    722.666667
160       2567.666667    702.833333
215       2491.000000    681.500000
470       2472.666667    674.166667
103       2445.000000    667.666667
510       2443.500000    670.666667
151       2420.500000    664.666667
187       2419.666667    664.166667
400       2417.000000    661.000000
384       2403.333333    661.500000
70        2400.000000    654.500000
242       2392.833333    656.166667
222       2388.166667    656.166667
154       2385.333333    657.833333
Round 6
        Timestamp  TS First Frame  TS Prev Frame
Offset                                          
339      203776.0        489355.0       143357.5
154      159744.0       2045720.0        97636.0
480      121600.0        363705.0        64807.0
427      122496.0        422153.5        63402.5
16       166912.0       2176421.0        61119.5
428      123392.0        544387.5        60957.0
310      120832.0        454766.0        59380.0
381      151552.0        451854.0        59293.0
478      136448.0        477111.0        59158.5
138      128512.0        520983.0        59058.0
331      142208.0        489280.0        58317.5
246      116480.0        382023.0        58316.0
160      132864.0        557087.0        57405.0
80       139904.0       1096312.0        57331.5
72       112896.0        446636.0        57190.0
359      126720.0        462248.0        57151.0
282      113920.0        445813.0        57037.0
258      137088.0        549259.5        56981.0
495      116992.0        364302.0        56197.0
296      133888.0        388112.5        55715.0
              Server1       Server2
Offset                             
339     303244.714286  76170.000000
158       8397.285714   2174.000000
92        7905.285714   2040.142857
18        6727.000000   1745.285714
466       4397.571429   1159.714286
275       3889.571429   1037.000000
443       3788.571429   1012.571429
97        3144.000000    842.142857
427       3014.285714    815.142857
90        2941.714286    798.142857
144       2718.428571    736.000000
283       2680.428571    727.142857
151       2645.857143    720.714286
295       2578.428571    699.000000
360       2530.142857    695.142857
160       2505.857143    686.571429
148       2436.428571    664.714286
187       2415.285714    662.714286
162       2413.428571    664.714286
215       2378.000000    652.571429
Round 7
        Timestamp  TS First Frame  TS Prev Frame
Offset                                          
339      203776.0        489355.0       143357.5
154      159744.0       2045720.0        97636.0
310      120832.0        454766.0        59380.0
246      116480.0        382023.0        58316.0
480      137984.0        379197.5        57994.5
160      132864.0        557087.0        57405.0
80       125440.0        506822.0        57208.0
72       116992.0        446636.0        57190.0
138      118784.0        509712.0        57124.0
495      116992.0        364302.0        56197.0
398      123648.0        470240.5        55306.0
198      114688.0        356746.0        54665.0
98       121472.0        411685.0        54473.5
38       123392.0        462440.0        54255.0
381      134016.0        422020.0        54165.0
257      115200.0        394758.0        53747.0
208      127872.0        405448.0        53735.0
105      118016.0        451431.0        53722.0
162      130176.0        441114.5        53714.5
367      112384.0        446917.0        53591.0
           Server1    Server2
Offset                       
339     310376.250  77941.000
11       11067.875   2831.000
158       7578.750   1966.875
92        7109.750   1841.375
18        6083.875   1584.000
466       4094.625   1083.125
275       3647.375    976.000
443       3481.000    936.500
334       3200.000    862.000
222       3148.000    849.125
97        2966.000    799.000
90        2909.250    789.000
427       2851.500    775.250
401       2827.375    763.750
445       2825.125    770.125
362       2767.125    753.375
151       2699.375    734.625
160       2672.000    729.375
144       2653.250    719.125
6         2571.375    705.250
Round 8
        Timestamp  TS First Frame  TS Prev Frame
Offset                                          
339      190720.0        497967.0       126293.0
154      138496.0       1247575.5        78622.5
495      119296.0        368264.0        61130.0
398      120064.0        453249.0        60870.0
310      120832.0        408290.0        59380.0
138      128512.0        520983.0        59058.0
38       123008.0        451272.0        57889.5
160      132864.0        557087.0        57405.0
80       125440.0        506822.0        57208.0
359      154112.0        495973.0        57151.0
82       127488.0        474375.5        56803.0
162      148736.0        480214.0        56292.0
344      116992.0        370674.0        55398.5
72       114944.0        402177.0        55375.5
412      112128.0        446342.0        55265.0
294      114816.0        410807.5        54990.0
33       131840.0        477521.0        54876.0
198      114688.0        356746.0        54665.0
255      113664.0        363496.0        54553.0
98       121472.0        411685.0        54473.5
              Server1       Server2
Offset                             
339     307254.777778  77153.666667
11       10034.333333   2571.888889
158       6900.777778   1798.222222
92        6809.555556   1766.333333
18        5591.000000   1459.888889
133       4558.333333   1201.777778
334       3878.111111   1033.222222
466       3825.444444   1015.222222
275       3423.333333    918.777778
443       3293.777778    889.222222
222       2991.666667    810.111111
485       2896.333333    784.444444
97        2833.555556    765.222222
427       2748.000000    751.111111
90        2740.666667    746.111111
445       2706.111111    739.555556
362       2657.666667    728.000000
401       2639.777778    718.000000
151       2608.111111    711.222222
160       2597.888889    710.222222
Round 9
        Timestamp  TS First Frame  TS Prev Frame
Offset                                          
339      190720.0        497967.0       126293.0
154      159744.0       2045720.0        97636.0
495      119296.0        368264.0        61130.0
398      120064.0        453249.0        60870.0
310      122112.0        452707.0        59156.0
294      118272.0        368714.0        58756.0
246      124928.0        382023.0        58316.0
380      114176.0        445774.0        57687.0
344      117248.0        363052.0        57314.0
329      116736.0        451228.0        57293.0
138      118784.0        509712.0        57124.0
82       114688.0        402996.0        56803.0
359      140416.0        479110.5        56713.0
258      127104.0        422612.5        56206.0
72       114944.0        402177.0        55375.5
357      121472.0        423028.5        55169.5
98       118784.0        365781.0        54909.0
33       131840.0        477521.0        54876.0
328      112640.0        363106.0        54836.0
425      113408.0        362957.0        54639.0
         Server1  Server2
Offset                   
339     312632.9  78495.0
11        9318.2   2392.2
158       6573.3   1714.4
92        6299.4   1638.7
18        5194.1   1360.7
133       4289.6   1133.9
334       3677.8    982.5
466       3608.5    962.1
275       3252.2    875.4
443       3104.6    840.1
222       2895.5    787.5
485       2764.1    751.5
97        2721.0    737.5
427       2654.3    726.1
90        2648.0    722.4
445       2610.5    715.5
144       2570.5    699.3
362       2546.1    700.3
160       2544.1    696.2
151       2542.1    694.4
Winning offset:
[339]
2021-09-08 01:27:00.468499
2021-09-08 01:27:21.271701
0:00:20.803202
Exception ignored in: <function Capture.__del__ at 0x7f7138f065e0>
Traceback (most recent call last):
  File "/home/mlipp/.virtualenvs/kaslr/lib/python3.8/site-packages/pyshark/capture/capture.py", line 445, in __del__
  File "/home/mlipp/.virtualenvs/kaslr/lib/python3.8/site-packages/pyshark/capture/capture.py", line 436, in close
  File "/usr/lib/python3.8/asyncio/base_events.py", line 592, in run_until_complete
  File "/usr/lib/python3.8/asyncio/base_events.py", line 553, in _check_running
AttributeError: 'NoneType' object has no attribute '_get_running_loop'
