Loading page file profiles/lab06/pages/0x2a44b.yaml
Loading page file profiles/lab06/pages/0x2a460.yaml
Loading page file profiles/lab06/pages/0x2a4e3.yaml
Loading page file profiles/lab06/pages/0x2a4e5.yaml
Loading page file profiles/lab06/pages/0x2a800.yaml
Loading page file profiles/lab06/pages/0x2a804.yaml
Loading page file profiles/lab06/pages/0x2a805.yaml
RUN
Round 0
Round 1
Empty DataFrame
Columns: [Timestamp, TS First Frame, TS Prev Frame]
Index: []
         Server1  Server2
Offset                   
339     238429.0  59901.0
446       7875.0   2043.5
321       6360.5   1660.5
87        6039.0   1576.5
393       5353.0   1407.5
341       5291.5   1386.5
44        5247.5   1376.0
72        5175.0   1355.5
242       3023.0    814.5
162       2994.5    811.0
143       2961.5    798.0
136       2881.0    780.0
135       2867.0    774.0
78        2863.0    778.5
62        2859.0    772.5
374       2811.0    765.5
273       2772.5    747.5
418       2770.5    744.5
500       2677.0    731.5
257       2675.0    719.0
Round 2
        Timestamp  TS First Frame  TS Prev Frame
Offset                                          
363      419584.0        759254.5       354311.5
127      224128.0        596529.5       142460.5
253      199552.0      13917543.0       121259.5
152      195712.0        487303.0       112129.5
217      188672.0       3679363.0       109505.5
11       168576.0       1693151.5       109358.0
167      188416.0       2017983.0       104919.0
63       179328.0       1315449.5        99246.0
410      169472.0        507014.0        93253.5
222      159616.0       1685264.0        91558.5
438      186496.0      16757719.5        91065.0
121      199808.0      13965001.5        89535.0
370      192640.0       8614004.0        86218.0
61       169856.0       8994244.5        84806.0
248      190592.0        533721.5        83094.5
313      147200.0      12274006.0        81870.0
5        134528.0        479947.0        76260.5
465      135552.0        424307.5        75055.5
238      141568.0        431811.0        74935.0
447      134144.0        474731.5        74789.0
              Server1       Server2
Offset                             
339     279174.666667  70085.666667
443      10538.333333   2702.666667
446       5818.000000   1528.666667
321       4842.666667   1279.000000
87        4664.000000   1231.000000
341       4221.000000   1116.666667
393       4218.666667   1122.000000
44        4078.333333   1083.333333
72        3945.000000   1048.333333
503       2915.666667    786.000000
313       2809.000000    764.666667
89        2786.666667    751.333333
162       2665.666667    726.000000
418       2623.666667    711.333333
335       2535.000000    691.000000
273       2531.666667    690.666667
78        2526.333333    691.000000
340       2525.333333    689.333333
143       2525.000000    688.000000
136       2513.666667    686.666667
Round 3
        Timestamp  TS First Frame  TS Prev Frame
Offset                                          
339      226176.0        568039.0       160435.5
127      224128.0        596529.5       142460.5
426      205440.0      19751218.5       140947.5
340      187136.0        700299.0       114442.0
217      188672.0       3679363.0       109505.5
46       176384.0        512418.0       103132.0
52       154624.0        475503.0        97582.0
226      155136.0        441136.0        91773.0
222      159616.0       1685264.0        91558.5
447      154880.0        497775.0        91314.0
431      192768.0      11477292.5        86312.5
370      192640.0       8614004.0        86218.0
466      151552.0       3531592.0        84340.5
50       162176.0        580666.0        78442.0
125      150016.0        487698.5        76812.0
314      135424.0        373629.0        76375.5
202      159616.0       4534547.0        74456.0
104      156928.0        524319.5        73305.0
205      155136.0       1401203.5        73241.5
128      147968.0       1799120.0        73231.5
          Server1   Server2
Offset                     
339     307368.75  77129.50
120      10200.50   2614.75
443       8378.00   2157.75
446       4829.25   1277.00
321       4052.50   1078.50
87        3986.50   1060.75
393       3671.50    983.75
341       3573.25    958.00
44        3506.75    938.50
72        3471.50    929.25
142       2921.50    790.00
503       2708.25    735.50
162       2626.00    716.75
313       2583.00    708.50
352       2563.00    696.75
89        2495.50    678.25
385       2459.25    673.00
178       2434.50    665.75
418       2425.00    663.25
58        2417.00    665.00
Round 4
        Timestamp  TS First Frame  TS Prev Frame
Offset                                          
339      226176.0        568039.0       160435.5
340      187136.0        700299.0       114442.0
272      176256.0      16751784.5       109739.5
243      178944.0      12303449.5        92926.0
226      150272.0        531344.5        89172.0
163      152832.0      10355632.0        87539.0
193      166656.0      10159089.5        80939.0
426      139008.0      16784305.0        75799.0
52       151168.0        480507.5        74992.0
36       145920.0       4212669.5        73770.0
4        135040.0        451891.5        73245.0
128      147968.0       1799120.0        73231.5
431      154368.0       1279115.5        73191.5
447      143616.0        484120.0        71690.0
385      147200.0       6638174.0        67353.0
0        128512.0        366695.0        63092.0
50       158976.0        519565.0        62511.0
399      129536.0        448178.0        62161.0
57       142336.0        428756.5        61229.0
248      154624.0        570831.0        61042.0
         Server1  Server2
Offset                   
339     295458.6  74151.4
120       8474.4   2182.8
443       6991.0   1809.4
446       4240.4   1125.4
87        3880.6   1032.4
321       3637.6    970.6
393       3411.0    916.0
341       3154.4    854.0
44        3145.4    846.6
72        3076.6    829.4
89        3039.8    814.2
142       2634.6    717.4
268       2594.8    710.6
94        2593.6    708.0
503       2589.2    705.0
162       2506.8    686.0
352       2441.2    668.4
313       2437.0    670.2
144       2416.0    663.0
178       2373.4    650.2
Round 5
        Timestamp  TS First Frame  TS Prev Frame
Offset                                          
339      223232.0        558136.0       158548.0
226      150272.0        531344.5        89172.0
193      166656.0      10159089.5        80939.0
52       151168.0        480507.5        74992.0
36       145920.0       4212669.5        73770.0
76       159616.0        543762.5        73348.0
431      154368.0       1279115.5        73191.5
447      143616.0        484120.0        71690.0
163      128000.0        473855.0        66099.0
50       158976.0        519565.0        62511.0
426      124160.0       8566190.5        62251.5
385      143616.0        548213.0        61271.0
359      123264.0        420890.0        60337.0
313      131968.0       1231513.0        58876.0
57       116736.0        354698.0        58782.0
77       142336.0        476639.0        57367.0
280      117760.0        374744.5        57342.5
399      121856.0        450057.0        56562.5
188      157184.0       1281868.0        56523.5
378      120832.0        362657.0        56449.0
              Server1       Server2
Offset                             
339     291285.333333  73170.333333
120       7528.166667   1945.666667
443       6083.000000   1581.166667
171       4783.166667   1256.833333
446       3914.666667   1042.333333
87        3563.666667    952.166667
321       3344.166667    896.333333
393       3141.333333    847.666667
72        3053.500000    821.666667
341       2924.833333    795.000000
44        2898.166667    785.166667
89        2886.333333    777.166667
242       2553.333333    695.500000
503       2512.833333    688.500000
90        2504.000000    681.833333
142       2490.333333    681.833333
162       2469.833333    677.166667
144       2460.666667    674.166667
174       2444.166667    666.500000
94        2433.666667    667.166667
Round 6
        Timestamp  TS First Frame  TS Prev Frame
Offset                                          
339      221056.0        556209.5       153166.0
226      145408.0        465144.0        86571.0
52       151168.0        480507.5        74992.0
163      128000.0        473855.0        66099.0
324      143104.0        486272.0        61161.0
411      130816.0        463804.0        58378.0
50       136192.0        517855.5        58055.0
188      157184.0       1281868.0        56523.5
378      120832.0        362657.0        56449.0
46       131584.0        466525.5        56265.5
4        117760.0        446537.0        55960.0
313      119168.0        460895.5        55672.0
511      115968.0        452017.5        55559.5
385      132096.0        518769.0        55526.0
119      116992.0        364450.0        55483.0
62       117248.0        450039.0        54978.0
77       128000.0        415277.0        54796.5
280      116736.0        392114.0        54717.0
342      117504.0        363032.0        54517.0
57       110848.0        399719.0        53777.5
              Server1       Server2
Offset                             
339     304450.571429  76449.714286
120       6676.571429   1730.571429
443       5479.571429   1431.000000
138       5245.285714   1373.428571
171       4314.857143   1139.428571
446       3632.857143    975.142857
87        3358.142857    900.000000
321       3125.428571    841.714286
393       2969.285714    804.714286
341       2904.571429    789.571429
72        2852.285714    771.142857
89        2786.428571    752.142857
44        2707.142857    736.571429
242       2530.857143    689.571429
503       2496.285714    683.571429
144       2461.285714    674.142857
90        2391.571429    653.857143
94        2372.857143    651.571429
162       2364.571429    649.428571
157       2364.571429    650.142857
Round 7
        Timestamp  TS First Frame  TS Prev Frame
Offset                                          
339      223232.0        558136.0       158548.0
52       151168.0        480507.5        74992.0
226      135424.0        457337.5        71343.5
163      123904.0        469369.0        59267.5
313      119168.0        460895.5        55672.0
385      132096.0        518769.0        55526.0
324      139776.0        479632.5        55096.0
46       122880.0        462805.0        54958.0
411      125568.0        462377.5        54830.5
76       137472.0        455106.5        54805.0
280      114432.0        417069.0        53976.0
188      154880.0        492226.0        53793.0
119      119296.0        409162.0        53673.5
447      132352.0        470465.0        53660.0
50       113408.0        516146.0        53599.0
359      113408.0        420890.0        53375.0
451      114176.0        477684.0        53354.0
62       129280.0        471232.0        53041.0
42       120704.0        381475.0        53021.5
342      116864.0        403411.0        52826.5
           Server1    Server2
Offset                       
339     295728.875  74257.125
120       6050.750   1573.375
443       4952.125   1298.625
138       4785.500   1258.875
171       3979.250   1055.750
446       3402.125    915.000
87        3188.625    857.125
321       2929.000    791.875
393       2809.375    764.750
341       2732.625    747.375
89        2705.000    732.000
72        2702.250    733.250
44        2566.625    701.000
242       2467.125    674.375
503       2438.000    668.750
144       2435.000    667.375
174       2422.875    660.375
290       2392.125    655.250
90        2342.375    641.250
183       2335.250    641.625
Round 8
        Timestamp  TS First Frame  TS Prev Frame
Offset                                          
339      223232.0        558136.0       158548.0
226      135424.0        457337.5        71343.5
50       136192.0        517855.5        58055.0
313      119168.0        460895.5        55672.0
385      132096.0        518769.0        55526.0
62       141312.0        492425.0        54978.0
411      125568.0        462377.5        54830.5
119      119296.0        409162.0        53673.5
447      132352.0        470465.0        53660.0
162      134912.0        472228.5        53507.5
116      111616.0        447329.0        53423.0
451      114176.0        412111.5        52940.0
470      114688.0        357740.0        52744.5
221      115712.0        356691.0        52608.0
163      119808.0        464883.0        52436.0
52       147712.0        485512.0        52402.0
359      107776.0        445232.0        52385.0
4        111488.0        422519.5        52327.5
89       116608.0        415863.0        52256.5
42       118016.0        405821.0        52063.0
              Server1       Server2
Offset                             
339     290843.777778  73026.111111
120       5530.444444   1442.555556
443       4571.333333   1202.888889
138       4448.000000   1174.666667
171       3778.555556   1004.888889
420       3503.333333    938.666667
446       3221.777778    869.111111
87        3051.000000    822.111111
321       2782.888889    754.666667
393       2731.000000    744.333333
89        2616.666667    709.666667
44        2608.555556    711.777778
341       2599.111111    712.222222
72        2574.333333    701.222222
290       2414.111111    660.555556
144       2414.000000    661.777778
503       2406.333333    660.777778
242       2365.555556    648.888889
174       2359.777778    644.777778
183       2303.777778    633.666667
Round 9
        Timestamp  TS First Frame  TS Prev Frame
Offset                                          
339      223232.0        558136.0       158548.0
411      120320.0        460951.0        58378.0
226      131072.0        465144.0        56116.0
447      143360.0        481880.0        53676.0
50       139776.0        516146.0        53599.0
162      125440.0        476985.0        53421.0
62       140672.0        483091.5        53041.0
451      112128.0        354436.0        52416.0
52       137856.0        480507.5        52279.0
30       111616.0        452595.0        52261.0
463      114944.0        449062.0        52228.0
83       118272.0        455656.0        52062.0
66       135168.0        492310.0        52014.0
470      113152.0        357530.0        51999.0
119      116992.0        364450.0        51864.0
364      122368.0        450827.0        51656.0
81       122368.0        468544.0        51650.0
206      127360.0        472702.0        51550.0
32       117248.0        452404.0        51493.0
487      112768.0        371747.0        51475.5
         Server1  Server2
Offset                   
339     284137.6  71343.2
120       5132.1   1342.4
443       4246.2   1120.9
138       4173.0   1105.2
171       3621.4    965.3
420       3274.3    881.6
446       3084.7    833.5
87        3009.0    811.8
321       2670.0    726.1
393       2624.9    717.1
89        2541.6    690.7
144       2532.6    691.8
44        2507.2    686.8
341       2496.1    686.3
72        2472.4    675.7
503       2386.5    655.6
157       2372.5    652.4
290       2370.7    649.6
242       2352.3    645.4
210       2296.8    632.2
Winning offset:
[339]
2021-09-08 01:28:34.621719
2021-09-08 01:28:55.478345
0:00:20.856626
Exception ignored in: <function Capture.__del__ at 0x7f5708c225e0>
Traceback (most recent call last):
  File "/home/mlipp/.virtualenvs/kaslr/lib/python3.8/site-packages/pyshark/capture/capture.py", line 445, in __del__
  File "/home/mlipp/.virtualenvs/kaslr/lib/python3.8/site-packages/pyshark/capture/capture.py", line 436, in close
  File "/usr/lib/python3.8/asyncio/base_events.py", line 592, in run_until_complete
  File "/usr/lib/python3.8/asyncio/base_events.py", line 553, in _check_running
AttributeError: 'NoneType' object has no attribute '_get_running_loop'
