Loading page file profiles/lab06/pages/0x2a44b.yaml
Loading page file profiles/lab06/pages/0x2a460.yaml
Loading page file profiles/lab06/pages/0x2a4e3.yaml
Loading page file profiles/lab06/pages/0x2a4e5.yaml
Loading page file profiles/lab06/pages/0x2a800.yaml
Loading page file profiles/lab06/pages/0x2a804.yaml
Loading page file profiles/lab06/pages/0x2a805.yaml
RUN
Round 0
Round 1
Empty DataFrame
Columns: [Timestamp, TS First Frame, TS Prev Frame]
Index: []
         Server1  Server2
Offset                   
339     211124.0  53112.5
118       3307.0    885.0
375       2910.5    789.0
103       2893.0    775.0
111       2817.0    765.5
290       2790.0    756.5
157       2711.0    733.5
359       2668.0    732.0
165       2595.5    707.5
458       2586.0    706.0
464       2515.0    692.0
88        2498.0    679.5
199       2494.5    681.0
247       2491.5    677.5
475       2450.0    667.5
298       2424.5    669.5
394       2422.0    660.5
468       2400.0    662.0
433       2400.0    659.0
42        2395.5    651.0
Round 2
        Timestamp  TS First Frame  TS Prev Frame
Offset                                          
339      208768.0       7056993.0       131787.5
6        205568.0       1197791.0       126949.0
108      194560.0       1348296.0       123356.0
405      179712.0       3701046.5       120585.0
65       193536.0       3765154.0       118594.0
38       168192.0       1812099.0       102193.0
58       162432.0       7409110.0       100870.5
394      157312.0        980079.0        97594.5
182      184192.0      11493566.0        94407.5
151      156032.0       5664991.0        93857.5
397      153216.0       1253571.5        87522.5
309      171520.0       8671618.0        86862.5
290      178560.0      12970682.5        82406.0
460      188416.0      10574491.5        79948.0
314      136704.0        385658.5        79135.0
286      148224.0        570740.5        78298.0
359      158720.0       7401772.5        76536.0
39       157568.0       6810960.5        76291.5
203      158464.0       1103782.0        75848.5
412      131840.0        554972.5        73726.5
              Server1       Server2
Offset                             
339     210435.333333  52933.666667
225      11026.333333   2838.000000
311       3200.333333    866.333333
118       2877.333333    788.000000
290       2750.000000    750.000000
326       2676.000000    728.333333
375       2647.333333    725.000000
385       2573.333333    705.000000
103       2554.333333    698.333333
359       2489.000000    684.000000
199       2468.666667    676.333333
165       2467.666667    677.333333
111       2461.666667    675.333333
157       2460.333333    668.333333
392       2447.333333    673.666667
153       2422.666667    668.000000
503       2419.666667    663.666667
432       2413.333333    659.666667
174       2399.000000    666.666667
247       2391.333333    653.000000
Round 3
        Timestamp  TS First Frame  TS Prev Frame
Offset                                          
339      208768.0       7056993.0       131787.5
6        205568.0       1197791.0       126949.0
405      179712.0       3701046.5       120585.0
65       193536.0       3765154.0       118594.0
282      177280.0        589547.0       102281.5
38       168192.0       1812099.0       102193.0
314      152832.0        404182.0        97674.0
394      157312.0        980079.0        97594.5
464      161792.0       4635067.0        97506.0
78       154368.0        403866.0        97469.0
52       154880.0        507305.0        97443.0
173      180224.0       8508060.5        97397.0
325      183808.0      12754070.0        94093.5
39       151296.0        456559.0        93521.0
29       180096.0       9385675.0        93142.0
44       153984.0      10188503.0        92324.5
397      153216.0       1253571.5        87522.5
423      172032.0       8550941.0        87203.5
435      150656.0      12717622.0        86865.0
436      168320.0      23575614.5        80850.5
          Server1   Server2
Offset                     
339     245360.50  61654.00
225       8782.75   2272.25
123       6165.50   1606.50
199       3055.25    820.25
311       2974.75    808.75
375       2932.75    794.25
383       2738.25    740.50
290       2654.75    724.50
118       2555.50    706.00
103       2455.50    674.25
326       2438.50    668.25
295       2428.00    662.25
291       2399.75    659.25
385       2359.75    652.00
350       2348.75    648.25
133       2337.50    642.50
359       2321.50    640.75
92        2315.00    631.25
432       2310.00    634.00
73        2305.25    637.50
Round 4
        Timestamp  TS First Frame  TS Prev Frame
Offset                                          
339      196608.0        526479.0       135784.5
40       155136.0        401957.0        97771.0
464      161792.0       4635067.0        97506.0
52       154880.0        507305.0        97443.0
425      182784.0       6834721.0        96891.5
39       151296.0        456559.0        93521.0
435      150656.0      12717622.0        86865.0
65       148480.0       1964702.0        81370.0
436      168320.0      23575614.5        80850.5
474      159232.0        564114.0        79878.0
314      135296.0        426312.0        78711.0
203      158464.0       1103990.0        75848.5
38       155008.0        478957.0        74940.0
472      130688.0        430367.0        73641.5
342      131200.0        373453.5        73610.0
78       130048.0        376861.5        73170.5
268      158592.0        581010.0        73077.5
343      130688.0        373199.0        72925.5
340      143616.0        485225.0        71304.0
488      138752.0        567226.0        67373.0
         Server1  Server2
Offset                   
339     305052.4  76566.6
268      67942.4  17027.4
225       7444.0   1933.2
123       5432.2   1423.0
199       2842.6    767.8
311       2736.0    748.6
375       2706.4    736.8
503       2686.2    726.8
383       2595.8    704.8
350       2594.2    708.6
290       2577.0    704.0
154       2510.8    686.8
172       2421.4    662.2
210       2402.8    660.8
219       2391.2    656.4
178       2373.0    652.0
94        2351.8    649.4
295       2351.2    642.8
103       2339.4    642.8
158       2330.8    646.2
Round 5
        Timestamp  TS First Frame  TS Prev Frame
Offset                                          
339      196608.0        526479.0       135784.5
52       154880.0        507305.0        97443.0
474      159232.0        564114.0        79878.0
314      135296.0        426312.0        78711.0
203      158464.0       1103990.0        75848.5
39       131456.0        450107.0        74296.5
40       131456.0        378174.0        73373.0
400      145664.0        459386.0        73076.0
340      143616.0        485225.0        71304.0
65       130688.0       1209446.5        67583.0
286      131968.0        463006.0        64520.0
425      159232.0       5104452.0        64199.5
330      115456.0        453696.0        60772.0
404      140544.0      13031008.0        59305.0
464      116736.0       1595236.0        58677.0
216      115712.0        453005.0        58602.0
357      160256.0        494937.0        58527.0
468      118016.0        424934.5        58412.0
488      123136.0        510214.5        58158.5
368      121600.0        460703.0        57582.0
              Server1       Server2
Offset                             
339     313050.666667  78561.833333
268      56899.000000  14268.500000
225       6503.166667   1838.833333
123       4865.500000   1279.666667
383       2751.666667    742.500000
199       2695.833333    732.166667
503       2606.000000    707.000000
290       2594.166667    707.333333
375       2578.666667    705.166667
295       2576.000000    699.833333
311       2575.000000    706.666667
350       2485.500000    680.500000
154       2393.000000    657.500000
178       2380.000000    654.333333
90        2326.333333    645.666667
172       2320.000000    637.833333
55        2297.000000    631.000000
210       2282.333333    631.166667
219       2278.166667    628.833333
103       2273.500000    625.333333
Round 6
        Timestamp  TS First Frame  TS Prev Frame
Offset                                          
339      197888.0        509770.0       136582.0
52       140160.0        440614.0        83691.5
40       155008.0        448787.0        73450.5
268      158592.0        581010.0        73077.5
400      145664.0        459386.0        73076.0
425      159232.0       5104452.0        64199.5
286      124672.0        449851.0        61303.0
340      125568.0        467560.5        60155.5
314      117760.0        404182.0        59748.0
355      115712.0      18242606.0        58683.0
464      116736.0       1595236.0        58677.0
488      140416.0        530022.0        58212.0
474      154880.0        484287.0        57540.0
324      127744.0        467186.0        56957.0
505      111360.0        448521.0        56925.0
123      133248.0        477474.0        56811.0
160      114176.0        355858.0        56152.0
216      114688.0        447855.0        56097.0
430      111360.0        362368.0        55948.0
404      132608.0       6757622.0        55841.5
              Server1       Server2
Offset                             
339     332377.571429  83386.285714
268      49017.428571  12300.714286
225       5829.428571   1649.285714
123       4426.571429   1170.000000
503       2635.428571    714.000000
290       2623.428571    715.142857
199       2573.142857    701.000000
383       2554.142857    693.000000
311       2542.857143    698.714286
375       2459.571429    674.857143
295       2458.857143    670.857143
350       2392.857143    656.857143
178       2382.285714    654.714286
226       2359.142857    648.571429
75        2349.142857    646.285714
133       2324.571429    639.714286
165       2323.285714    638.428571
154       2293.142857    632.714286
400       2285.857143    634.000000
434       2279.714286    629.428571
Round 7
        Timestamp  TS First Frame  TS Prev Frame
Offset                                          
339      198784.0        497976.5       135784.5
314      135296.0        426312.0        78711.0
40       155008.0        448787.0        73450.5
52       125440.0        451900.0        69940.0
400      138880.0        462959.0        61329.5
225      130432.0        479050.0        58909.5
355      115712.0      18242606.0        58683.0
488      140416.0        530022.0        58212.0
430      111360.0        362368.0        55948.0
283      115072.0        473886.0        55807.0
47       111104.0        454841.0        55619.0
112      111616.0        459295.0        55184.0
286      118016.0        447602.0        55037.0
330      115456.0        453696.0        54977.0
439      113408.0        455857.0        54801.0
65       124288.0        464938.0        54642.0
290      128768.0        459846.5        54531.5
103      118016.0        449752.0        54530.0
444      114176.0        361289.0        54398.0
236      125184.0        471517.0        54318.0
           Server1    Server2
Offset                       
339     318145.500  79830.625
268      43045.500  10808.625
225       5330.875   1508.250
123       4082.750   1083.625
290       2563.875    701.000
503       2545.375    691.625
199       2509.250    686.500
383       2452.375    667.375
311       2434.500    671.250
226       2422.625    664.250
295       2407.000    657.000
375       2402.125    659.875
350       2401.375    660.375
178       2343.250    647.000
133       2335.375    644.750
165       2289.125    629.500
185       2288.000    632.500
90        2274.125    630.250
75        2269.500    626.875
400       2265.250    627.750
Round 8
        Timestamp  TS First Frame  TS Prev Frame
Offset                                          
339      199680.0        490361.0       136582.0
314      135296.0        426312.0        78711.0
52       119296.0        449650.5        59986.0
283      115072.0        473886.0        55807.0
488      131456.0        504761.0        55464.5
355      114432.0       9349008.5        55234.5
391      143872.0        476075.0        54887.0
40       154880.0        401957.0        54661.0
233      115200.0        364837.5        54313.0
439      110720.0        456148.0        53905.0
357      148608.0        485325.0        53816.0
330      115200.0        448647.0        53755.0
216      110976.0        404166.0        53471.5
88       114176.0        358967.5        53163.5
65       112896.0        447431.5        53039.5
324      118528.0        465918.5        52974.0
430      109568.0        408075.5        52938.5
208      120960.0        415814.5        52869.0
444      113024.0        360590.0        52701.0
47       113536.0        455501.0        52662.5
              Server1       Server2
Offset                             
339     311092.555556  78082.555556
268      38448.222222   9663.111111
225       4982.888889   1409.111111
123       3915.333333   1041.888889
290       2653.666667    730.777778
503       2566.777778    698.222222
199       2459.888889    675.333333
311       2413.444444    667.222222
295       2412.777778    659.333333
383       2395.444444    654.666667
144       2379.555556    656.666667
226       2377.000000    654.333333
375       2368.666667    651.777778
350       2331.333333    643.777778
178       2320.777778    641.777778
183       2312.000000    639.555556
90        2288.111111    635.000000
460       2287.666667    631.000000
356       2283.333333    634.222222
133       2279.777778    631.000000
Round 9
        Timestamp  TS First Frame  TS Prev Frame
Offset                                          
339      198784.0        500065.5       135784.5
488      124160.0        492818.0        61878.0
355      115712.0      13792169.0        58683.0
283      115072.0        473886.0        55807.0
40       136448.0        381023.0        55371.0
391      143872.0        476075.0        54887.0
439      111360.0        455857.0        54749.0
314      115200.0        404182.0        54116.0
330      115200.0        448647.0        53755.0
216      110976.0        404166.0        53471.5
31       116352.0        358491.0        53378.5
5        116096.0        405876.5        53102.5
65       112896.0        447431.5        53039.5
117      120576.0        467955.5        53000.5
393      110592.0        447119.0        52951.5
430      109568.0        408075.5        52938.5
88       113664.0        358675.0        52555.0
342      119296.0        409944.0        52457.0
369      112640.0        444972.0        52387.0
172      153600.0        452538.0        52316.0
         Server1  Server2
Offset                   
339     309742.7  77747.3
268      34748.1   8740.2
225       4693.9   1326.7
195       3774.5   1005.8
123       3755.0   1002.3
290       2650.1    729.7
503       2528.8    688.7
199       2423.0    666.8
295       2409.5    658.5
311       2392.8    664.2
383       2365.0    647.8
375       2355.7    649.6
144       2350.5    650.7
178       2322.5    643.6
185       2316.7    640.4
226       2279.4    630.2
432       2279.2    628.3
350       2268.2    629.2
210       2265.4    627.5
183       2264.1    627.1
Winning offset:
[339]
2021-09-08 01:29:21.779487
2021-09-08 01:29:42.631962
0:00:20.852475
Exception ignored in: <function Capture.__del__ at 0x7f975ad035e0>
Traceback (most recent call last):
  File "/home/mlipp/.virtualenvs/kaslr/lib/python3.8/site-packages/pyshark/capture/capture.py", line 445, in __del__
  File "/home/mlipp/.virtualenvs/kaslr/lib/python3.8/site-packages/pyshark/capture/capture.py", line 436, in close
  File "/usr/lib/python3.8/asyncio/base_events.py", line 592, in run_until_complete
  File "/usr/lib/python3.8/asyncio/base_events.py", line 553, in _check_running
AttributeError: 'NoneType' object has no attribute '_get_running_loop'
