Loading page file profiles/lab06/pages/0x2a44b.yaml
Loading page file profiles/lab06/pages/0x2a460.yaml
Loading page file profiles/lab06/pages/0x2a4e3.yaml
Loading page file profiles/lab06/pages/0x2a4e5.yaml
Loading page file profiles/lab06/pages/0x2a800.yaml
Loading page file profiles/lab06/pages/0x2a804.yaml
Loading page file profiles/lab06/pages/0x2a805.yaml
RUN
Round 0
Round 1
Empty DataFrame
Columns: [Timestamp, TS First Frame, TS Prev Frame]
Index: []
         Server1  Server2
Offset                   
339     128142.5  32365.0
31        5037.5   1321.5
425       3740.5   1020.5
455       2997.0    802.5
503       2896.5    783.0
178       2882.5    785.0
84        2827.0    768.5
389       2743.5    736.5
196       2734.0    743.0
105       2666.0    725.5
263       2662.0    724.0
234       2652.5    719.5
481       2638.0    713.0
301       2619.5    817.0
9         2576.0    704.0
23        2573.5    706.0
63        2557.0    696.5
373       2553.0    698.0
322       2552.0    701.5
157       2545.0    703.5
Round 2
        Timestamp  TS First Frame  TS Prev Frame
Offset                                          
417      190848.0       1256616.5       129376.5
28       212352.0        635685.5       119002.0
132      162944.0        501313.5        98948.0
236      161536.0       1200622.0        95670.0
382      162432.0      13005579.0        90146.0
313      157056.0       1220752.0        84854.0
496      146304.0       1136124.0        83160.0
428      165504.0       6569565.0        81807.5
494      172032.0      11913364.5        79738.0
352      130944.0        469282.5        74638.0
395      133888.0        255288.0        73302.5
475      135040.0       6480658.5        73141.0
438      147200.0      13007891.5        73138.0
399      130432.0        474870.5        73021.5
338      130048.0        430751.0        72311.0
104      150400.0       1309008.5        71219.0
202      126336.0       1987362.0        67293.5
383      124288.0        413004.0        65859.5
72       131456.0       4795071.5        65174.5
46       124800.0        421662.5        64697.5
              Server1       Server2
Offset                             
339     242662.666667  60984.000000
31        4128.000000   1094.000000
425       3055.333333    841.333333
178       2801.666667    768.000000
263       2752.666667    751.666667
147       2606.000000    706.333333
503       2599.666667    709.333333
455       2564.000000    697.333333
84        2536.333333    696.333333
98        2501.000000    689.333333
167       2454.000000    677.000000
97        2435.333333    665.333333
146       2417.000000    663.666667
374       2408.666667    661.333333
389       2401.333333    655.333333
343       2393.666667    660.666667
441       2393.000000    664.333333
105       2379.333333    654.333333
500       2369.333333    656.000000
145       2364.333333    650.000000
Round 3
        Timestamp  TS First Frame  TS Prev Frame
Offset                                          
28       212352.0        635685.5       119002.0
478      173568.0       1327677.5       109324.5
503      187264.0      11076615.0       102262.5
151      208640.0      11456013.5       100303.5
339      183808.0        474615.5        99504.5
132      154880.0        498046.0        97631.0
450      185856.0      13380455.0        97391.0
303      161408.0      11416121.5        97021.5
236      161536.0       1200622.0        95670.0
63       151680.0        495913.5        89830.0
58       156416.0       2360756.0        88923.5
349      175488.0       1300832.5        86030.0
313      157056.0       1220752.0        84854.0
496      146304.0       1136124.0        83160.0
510      139520.0        426416.0        82575.5
428      165504.0       6569565.0        81807.5
311      162304.0       7657661.0        80494.5
160      157568.0      13432847.5        77940.5
81       157824.0       1246742.5        77566.0
446      158720.0       1090426.5        76341.0
          Server1   Server2
Offset                     
339     273251.00  68637.00
31        3504.50    936.75
263       2997.00    812.50
425       2822.75    777.75
178       2688.75    740.50
196       2566.25    701.50
44        2490.75    684.75
503       2484.00    680.50
167       2439.25    672.50
507       2416.75    671.00
147       2407.25    658.75
455       2398.25    657.00
361       2383.25    667.75
125       2381.25    652.00
84        2377.25    654.25
309       2355.50    655.50
243       2313.50    643.25
98        2309.75    641.50
439       2301.25    639.75
105       2301.00    633.25
Round 4
        Timestamp  TS First Frame  TS Prev Frame
Offset                                          
339      209920.0        474615.5       147915.5
465      198144.0       8824136.5       122943.5
478      173568.0       1327677.5       109324.5
151      208640.0      11456013.5       100303.5
427      173312.0       1990163.0        99709.0
132      154880.0        498046.0        97631.0
31       181248.0      10848366.5        95806.5
166      149120.0       1957854.0        80590.0
311      162304.0       7657661.0        80494.5
160      157568.0      13432847.5        77940.5
81       157824.0       1246742.5        77566.0
425      149376.0       1056524.5        76652.5
52       133632.0        424613.0        76235.5
292      176768.0      11154398.0        75921.0
48       131712.0        420085.0        73800.5
145      163456.0       1949378.0        73184.0
49       155520.0       4864348.0        72879.5
92       143360.0        487026.5        72161.5
389      167552.0       2319404.0        70267.5
304      129536.0       1701479.0        68682.0
         Server1  Server2
Offset                   
339     295896.0  74289.2
93        6930.6   1809.8
31        3141.6    845.0
240       3043.4    822.8
39        3038.8    822.4
382       3031.0    823.2
474       2974.8    805.4
178       2889.2    788.8
263       2844.2    773.0
425       2816.0    774.6
44        2555.6    700.8
55        2447.6    675.4
389       2408.4    661.4
196       2380.2    655.4
503       2369.4    651.4
471       2366.0    658.2
179       2355.8    652.4
167       2340.4    646.0
354       2336.4    643.0
455       2333.6    640.4
Round 5
        Timestamp  TS First Frame  TS Prev Frame
Offset                                          
339      209920.0        474615.5       147915.5
427      173312.0       1990163.0        99709.0
132      142080.0        480816.0        80545.0
14       134784.0        447323.5        77428.0
478      139008.0       2182665.0        76207.0
167      157824.0       2453458.5        75192.5
417      161664.0       1287662.5        74980.0
92       143360.0        487026.5        72161.5
100      128768.0        372876.0        71957.0
303      132480.0        392973.0        71325.5
326      128896.0       1257243.0        67414.5
292      155904.0       2107320.0        64726.0
263      121344.0        457570.0        63526.0
383      128128.0        421737.5        61697.0
304      125696.0       1083992.5        61682.5
183      126592.0        419005.0        61285.0
81       155136.0        492846.0        61132.0
503      119680.0        496572.0        61066.0
400      115968.0        448192.0        61041.0
110      116480.0        449413.0        60841.0
              Server1       Server2
Offset                             
339     316944.333333  79546.333333
93        6063.333333   1590.333333
176       3017.833333    824.166667
382       2980.166667    810.166667
31        2907.500000    785.500000
240       2863.833333    777.833333
39        2855.833333    775.666667
263       2782.333333    756.000000
178       2745.666667    751.666667
474       2734.333333    745.833333
425       2616.166667    723.166667
167       2524.833333    691.166667
44        2496.833333    685.833333
288       2404.666667    660.666667
290       2364.000000    651.833333
55        2342.166667    648.333333
455       2338.333333    641.500000
503       2332.333333    642.666667
177       2315.333333    640.333333
353       2311.666667    642.000000
Round 6
        Timestamp  TS First Frame  TS Prev Frame
Offset                                          
339      209920.0        474615.5       147915.5
29       164736.0       1215383.5        79967.0
478      139008.0       2182665.0        76207.0
417      161664.0       1287662.5        74980.0
427      142336.0       1171049.5        74364.0
145      163456.0       1949378.0        73184.0
92       137600.0        480107.0        72161.5
389      137984.0       2372511.5        65054.5
292      155904.0       2107320.0        64726.0
503      121344.0        461592.0        63545.0
263      121344.0        457570.0        63526.0
485      120320.0        455673.0        63508.0
132      129280.0        463586.0        63459.0
406      126592.0        381693.5        63017.0
303      143360.0        395637.0        62656.0
326      124672.0        505515.5        62506.5
183      130560.0        474430.0        61171.0
387      123008.0        481559.5        61042.5
400      115968.0        448192.0        61041.0
100      141440.0        436370.0        60501.5
              Server1       Server2
Offset                             
339     330266.285714  82870.142857
93        5374.142857   1416.285714
176       2862.285714    783.000000
240       2826.142857    767.714286
382       2767.571429    755.857143
178       2742.428571    750.285714
31        2739.142857    742.571429
39        2713.285714    740.285714
263       2707.000000    736.285714
474       2514.571429    688.714286
167       2464.714286    675.714286
425       2446.142857    678.571429
44        2383.285714    657.857143
288       2338.857143    645.285714
503       2323.428571    638.714286
290       2317.285714    640.571429
55        2310.285714    639.428571
471       2306.000000    641.571429
455       2283.142857    627.571429
289       2282.000000    630.857143
Round 7
        Timestamp  TS First Frame  TS Prev Frame
Offset                                          
339      212736.0        465190.0       149958.0
478      139008.0       2182665.0        76207.0
145      163456.0       1949378.0        73184.0
292      152832.0       1301851.5        66612.0
92       120576.0        457114.0        63718.0
503      121344.0        461592.0        63545.0
353      123520.0        431103.5        62835.0
326      124672.0        505515.5        62506.5
183      130560.0        474430.0        61171.0
132      125184.0        456759.0        60938.5
400      119424.0        448106.5        60526.5
299      119808.0        452210.0        59902.0
419      143232.0        478694.5        59325.0
434      124928.0        497378.0        58838.0
417      158464.0        493539.0        58821.0
488      120064.0        403823.0        58606.0
405      117504.0        443027.0        58541.0
25       126080.0        463228.0        58105.0
406      122368.0        413470.0        58074.0
268      156928.0        506958.0        57948.0
           Server1    Server2
Offset                       
339     320880.750  80512.875
93        4919.125   1301.000
176       2810.500    769.875
240       2712.000    738.250
263       2690.500    732.000
178       2688.375    736.625
39        2619.250    717.125
31        2611.125    710.250
382       2589.125    711.625
167       2422.500    664.625
474       2412.000    663.375
425       2353.625    653.875
63        2327.750    643.375
503       2327.500    639.250
471       2310.000    641.500
288       2306.125    636.250
44        2297.125    635.250
290       2286.875    632.250
55        2251.375    624.125
154       2223.500    614.500
Round 8
        Timestamp  TS First Frame  TS Prev Frame
Offset                                          
339      212736.0        465190.0       149958.0
427      130304.0       1159222.0        67781.0
389      135296.0       1244881.0        65054.5
92       120576.0        457114.0        63718.0
478      135552.0       1350509.0        63504.5
326      124672.0        505515.5        62506.5
503      129792.0        491378.5        61066.0
400      119424.0        448106.5        60526.5
145      139264.0        479709.0        60334.0
299      119808.0        452210.0        59902.0
419      143232.0        478694.5        59325.0
184      118400.0        557085.5        59233.0
55       117248.0        452601.0        58702.0
132      129280.0        463586.0        58418.0
268      147200.0        478825.0        58263.0
406      122368.0        413470.0        58074.0
275      121984.0        417721.5        57750.5
292      138752.0        474217.0        57534.5
440      114944.0        364998.0        57500.0
263      115968.0        452389.5        57393.5
              Server1       Server2
Offset                             
339     306280.555556  76864.888889
93        4559.666667   1209.222222
176       2701.444444    741.111111
178       2658.444444    728.222222
263       2637.222222    718.222222
240       2626.444444    716.444444
39        2541.000000    697.333333
31        2511.444444    685.111111
382       2500.555556    688.333333
167       2409.555556    660.777778
55        2288.777778    633.444444
254       2287.888889    633.444444
474       2287.555556    632.444444
425       2284.333333    634.777778
290       2277.666667    629.333333
288       2266.333333    625.555556
503       2260.111111    622.000000
63        2260.000000    626.666667
471       2229.888889    621.333333
44        2229.444444    617.555556
Round 9
        Timestamp  TS First Frame  TS Prev Frame
Offset                                          
339      207104.0        497031.0       145873.0
92       120576.0        457114.0        63718.0
263      121344.0        447209.0        63526.0
145      139264.0        479709.0        60334.0
400      122880.0        448192.0        60012.0
55       117888.0        497220.5        58655.0
503      121344.0        461592.0        58587.0
132      121088.0        449932.0        58291.0
268      147200.0        478825.0        58263.0
220      116992.0        454733.0        57260.0
230      116864.0        403994.0        56275.5
73       116480.0        427588.5        55936.5
13       112896.0        357047.0        55232.0
141      117376.0        405911.5        55013.0
329      117632.0        361860.5        54950.5
258      118528.0        451575.0        54834.0
326      122880.0        465644.0        54406.0
72       115200.0        494570.5        54172.0
406      117504.0        381693.5        53973.0
184      122368.0        478800.0        53721.0
         Server1  Server2
Offset                   
339     298960.4  75055.8
93        4278.9   1138.3
178       2624.4    719.6
176       2606.3    717.1
240       2595.0    707.2
39        2578.6    706.6
263       2571.5    702.4
31        2427.1    664.4
382       2409.8    665.5
63        2365.6    652.9
167       2362.2    648.6
84        2343.1    645.9
290       2281.5    629.8
254       2273.8    630.1
471       2258.8    627.7
503       2243.2    618.0
288       2242.9    619.6
55        2241.8    621.2
194       2224.9    618.6
425       2215.5    616.1
Winning offset:
[339]
2021-09-08 01:01:51.026635
2021-09-08 01:02:12.787674
0:00:21.761039
Exception ignored in: <function Capture.__del__ at 0x7fc99d6275e0>
Traceback (most recent call last):
  File "/home/mlipp/.virtualenvs/kaslr/lib/python3.8/site-packages/pyshark/capture/capture.py", line 445, in __del__
  File "/home/mlipp/.virtualenvs/kaslr/lib/python3.8/site-packages/pyshark/capture/capture.py", line 436, in close
  File "/usr/lib/python3.8/asyncio/base_events.py", line 592, in run_until_complete
  File "/usr/lib/python3.8/asyncio/base_events.py", line 553, in _check_running
AttributeError: 'NoneType' object has no attribute '_get_running_loop'
