Loading page file profiles/lab06/pages/0x2a44b.yaml
Loading page file profiles/lab06/pages/0x2a460.yaml
Loading page file profiles/lab06/pages/0x2a4e3.yaml
Loading page file profiles/lab06/pages/0x2a4e5.yaml
Loading page file profiles/lab06/pages/0x2a800.yaml
Loading page file profiles/lab06/pages/0x2a804.yaml
Loading page file profiles/lab06/pages/0x2a805.yaml
RUN
Round 0
Round 1
Empty DataFrame
Columns: [Timestamp, TS First Frame, TS Prev Frame]
Index: []
         Server1  Server2
Offset                   
339     360531.0  90465.5
314      30489.5   7729.5
400       3815.5   1014.0
137       2959.5    803.0
445       2909.5    794.0
253       2741.0    737.5
207       2664.0    728.5
92        2659.0    729.5
368       2652.0    722.5
307       2646.5    728.0
294       2615.5    713.0
244       2584.5    705.0
325       2542.5    689.5
150       2542.0    695.5
42        2530.0    693.0
373       2518.5    691.5
212       2516.5    693.0
202       2514.0    689.0
147       2513.5    690.0
389       2508.5    682.0
Round 2
        Timestamp  TS First Frame  TS Prev Frame
Offset                                          
339      236416.0        530715.5       177800.0
473      181504.0       6563571.5       120731.0
52       181760.0       1298424.0       109949.0
317      182784.0      11422810.0        98087.0
483      168448.0       1330847.5        97974.0
350      202496.0      10055192.0        95880.0
430      150656.0        511277.5        85404.0
292      150528.0        823948.5        85358.0
93       171008.0      10507530.0        83617.0
132      151040.0      12874817.0        82653.0
107      181248.0       5131849.5        80143.5
348      145920.0       1796614.5        79922.5
151      163456.0       9596116.0        79454.0
146      161664.0        726428.5        78077.0
74       148736.0        492436.5        77429.5
66       141056.0        654915.0        76646.0
98       141056.0      15886545.0        76616.5
319      175872.0      10646609.0        75554.0
41       166400.0       6595804.5        74371.5
353      140928.0        709920.5        74204.0
              Server1       Server2
Offset                             
339     359680.000000  90234.333333
323      21120.333333   5372.333333
314      20954.000000   5330.333333
331      11354.333333   2902.666667
23        6755.000000   1757.666667
400       3021.333333    813.666667
91        2798.000000    758.666667
280       2789.000000    757.000000
203       2718.000000    741.333333
445       2690.333333    735.333333
457       2647.333333    718.000000
92        2619.666667    714.000000
394       2596.000000    709.333333
137       2565.333333    701.333333
297       2539.333333    694.666667
215       2511.666667    687.000000
207       2477.000000    679.000000
511       2463.000000    673.666667
150       2449.666667    670.333333
253       2431.666667    661.666667
Round 3
        Timestamp  TS First Frame  TS Prev Frame
Offset                                          
339      200448.0        514433.0       141046.0
473      181504.0       6563571.5       120731.0
1        200064.0       1850296.5       116892.0
174      198528.0      12221009.0       112806.5
317      182784.0      11422810.0        98087.0
350      202496.0      10055192.0        95880.0
30       171008.0       8097943.0        87895.5
292      150528.0        823948.5        85358.0
132      151040.0      12874817.0        82653.0
240      165248.0       1141544.5        80020.5
363      140288.0        714251.0        79138.5
74       148736.0        492436.5        77429.5
42       131712.0        478355.0        75345.5
41       166400.0       6595804.5        74371.5
353      140928.0        709920.5        74204.0
364      137984.0        425446.0        73851.5
243      134912.0        377043.5        73684.0
15       136320.0      10963009.5        73552.5
137      172416.0        878406.0        73427.5
394      142720.0       1227267.0        72535.5
          Server1   Server2
Offset                     
339     328415.25  82419.00
323      16499.00   4209.25
314      16101.25   4110.25
331       8956.50   2300.75
23        5609.50   1466.00
400       2770.00    753.00
280       2575.50    703.75
445       2572.75    706.00
91        2546.25    694.75
203       2521.75    690.25
215       2472.25    675.75
457       2446.25    669.00
92        2445.50    671.50
367       2442.25    670.75
290       2414.75    663.75
82        2402.75    663.75
297       2392.75    661.25
337       2364.75    651.00
210       2342.25    650.75
352       2341.75    643.25
Round 4
        Timestamp  TS First Frame  TS Prev Frame
Offset                                          
339      200448.0        514433.0       141046.0
65       144384.0       1259841.5        80926.5
363      140288.0        714251.0        79138.5
42       131712.0        478355.0        75345.5
461      154880.0        526082.0        73590.0
131      166144.0       1419064.0        73431.5
124      137472.0        507444.0        69920.0
115      126848.0        372166.0        66772.0
38       172544.0       1343580.0        65951.0
151      123520.0        508202.5        62565.0
174      118784.0        365640.0        62117.0
444      134400.0        395321.0        61216.0
1        142464.0       2621074.0        61039.5
250      141568.0       1798698.0        60657.5
107      154880.0        499906.0        60152.0
58       125952.0        468474.0        60028.0
98       121856.0        363351.0        58789.0
395      116992.0        369709.0        58766.0
493      114688.0        444033.0        58728.0
85       132608.0        495766.0        58627.0
         Server1  Server2
Offset                   
339     313561.2  78689.2
323      13571.4   3473.2
314      13216.2   3383.0
331       7508.8   1938.8
434       6192.0   1615.8
23        4885.0   1283.6
400       2727.4    742.8
348       2663.4    725.2
244       2568.8    700.6
290       2567.6    699.2
445       2482.4    682.0
269       2459.8    672.4
91        2428.6    665.0
112       2397.0    658.0
98        2379.6    656.2
280       2364.6    651.8
151       2359.6    653.0
457       2335.2    642.0
203       2326.6    640.2
215       2311.0    635.2
Round 5
        Timestamp  TS First Frame  TS Prev Frame
Offset                                          
339      199680.0        476069.5       140328.5
461      154880.0        526082.0        73590.0
434      155136.0        495496.0        66887.0
174      118784.0        365640.0        62117.0
124      125952.0        480394.5        61844.0
444      119296.0        447990.0        61216.0
469      146176.0        489732.0        60966.5
1        133120.0       1903168.0        60761.0
296      121984.0       1038609.0        60713.0
284      123392.0        475674.0        60575.5
42       142336.0        482078.0        59739.0
98       121856.0        363351.0        58789.0
395      116992.0        369709.0        58766.0
493      114688.0        444033.0        58728.0
85       132608.0        495766.0        58627.0
180      119040.0        453812.0        58564.0
13       121344.0        362694.0        58347.0
28       118656.0        454497.0        58147.5
34       114816.0        432096.5        58044.5
475      130048.0        416857.0        57844.0
              Server1       Server2
Offset                             
339     304649.833333  76448.333333
323      11609.000000   2979.833333
314      11263.333333   2892.000000
145       6778.500000   1761.500000
331       6577.666667   1706.166667
434       5505.166667   1441.666667
23        4380.000000   1157.166667
457       2609.500000    711.333333
400       2591.666667    708.000000
92        2545.333333    694.500000
290       2504.500000    684.666667
348       2483.500000    680.833333
244       2467.333333    675.833333
202       2416.833333    661.500000
183       2409.833333    660.500000
269       2393.500000    655.333333
98        2368.000000    652.166667
253       2354.500000    644.000000
445       2352.333333    646.833333
374       2335.500000    642.500000
Round 6
        Timestamp  TS First Frame  TS Prev Frame
Offset                                          
339      198912.0        514433.0       139611.0
42       144768.0        440074.5        75345.5
444      119296.0        447990.0        61216.0
300      122112.0        414738.0        61084.0
434      140544.0        476816.5        60904.0
1        133120.0       1903168.0        60761.0
98       121856.0        363351.0        58789.0
254      116992.0        455927.0        58730.0
383      116480.0        460303.0        58681.0
180      119040.0        453812.0        58564.0
264      113664.0        447636.0        58475.0
28       118656.0        454497.0        58147.5
505      119296.0        458397.0        56154.0
194      143104.0        495256.0        56058.0
377      111104.0        352210.0        55959.0
174      113792.0        407853.0        55428.0
316      117504.0        359587.0        55045.0
440      117504.0       1341071.0        54940.5
475      118016.0        381242.0        54853.0
107      149632.0        555916.5        54613.0
              Server1       Server2
Offset                             
339     300495.142857  75409.714286
323      10213.857143   2628.000000
314       9890.285714   2545.000000
145       6042.428571   1576.857143
331       5872.571429   1528.857143
299       5450.714286   1431.000000
434       5204.142857   1365.142857
23        4059.428571   1077.000000
348       2611.428571    711.285714
457       2492.000000    682.428571
290       2489.142857    681.142857
400       2478.142857    679.857143
144       2436.428571    668.428571
92        2431.428571    666.714286
244       2394.857143    657.142857
445       2376.428571    653.428571
151       2372.142857    653.714286
183       2369.000000    649.714286
98        2355.428571    651.000000
202       2340.571429    642.285714
Round 7
        Timestamp  TS First Frame  TS Prev Frame
Offset                                          
339      189184.0        515859.5       131731.5
42       142336.0        457652.0        59739.0
28       119296.0        455584.0        57658.0
264      110080.0        356487.0        57329.0
444      114176.0        421655.5        55552.5
246      137344.0        480564.5        55531.5
383      113280.0        410278.0        55005.0
434      125952.0        458137.0        54921.0
300      116608.0        430652.5        54907.0
316      115072.0        358756.0        54901.5
180      116608.0        406340.5        54826.5
238      115712.0        454354.0        54729.0
107      149632.0        555916.5        54613.0
67       121344.0        472941.0        54450.0
208      118400.0        464386.5        54149.0
71       116096.0        403691.5        54078.5
30       110336.0        453906.0        53825.0
98       116096.0        410479.5        53712.5
254      115200.0        411382.0        53703.5
412      132736.0        501019.5        53210.5
           Server1    Server2
Offset                       
339     332716.125  83454.125
399      41016.875  10301.875
323       9134.625   2356.500
314       8915.000   2299.875
145       5518.250   1444.375
331       5339.000   1395.375
299       4981.750   1313.125
434       4774.625   1255.750
23        3813.625   1014.500
348       2537.250    692.375
290       2501.125    684.625
347       2489.875    677.625
238       2435.500    665.500
457       2406.125    660.625
144       2405.500    659.250
400       2395.500    657.500
151       2363.625    651.750
92        2350.250    646.750
244       2338.625    643.625
89        2321.000    639.750
Round 8
        Timestamp  TS First Frame  TS Prev Frame
Offset                                          
339      180992.0        517323.0       123426.0
98       121856.0        457608.0        58789.0
42       129280.0        451319.0        57940.0
444      114176.0        421655.5        55552.5
28       118656.0        454497.0        55515.0
316      112640.0        357925.0        54758.0
238      115712.0        454354.0        54729.0
67       121344.0        472941.0        54450.0
208      118400.0        464386.5        54149.0
71       116096.0        403691.5        54078.5
30       110336.0        453906.0        53825.0
254      115200.0        411382.0        53703.5
382      115200.0        487542.0        52952.0
194      130560.0        477396.0        52890.5
412      121984.0        429168.0        52812.0
246      136192.0        477073.0        52380.0
434      121856.0        452799.0        51991.5
440      112128.0        498921.0        51979.0
484      111744.0        453218.5        51787.5
389      111360.0        451009.0        51749.5
              Server1       Server2
Offset                             
339     338642.222222  84946.555556
399      36635.111111   9207.111111
323       8304.333333   2147.111111
314       8216.444444   2123.555556
145       5096.333333   1337.888889
331       4926.000000   1290.555556
299       4599.222222   1216.888889
434       4483.222222   1183.000000
23        3615.777778    965.222222
418       3129.444444    841.333333
190       2480.333333    679.111111
290       2465.888889    676.111111
347       2428.000000    662.222222
348       2425.888889    664.555556
144       2364.888889    650.000000
400       2347.333333    645.777778
457       2336.555556    643.666667
238       2336.444444    639.555556
89        2328.000000    641.666667
196       2326.555556    638.000000
Round 9
        Timestamp  TS First Frame  TS Prev Frame
Offset                                          
339      182528.0        517360.0       123852.0
42       116224.0        444986.0        56141.0
383      118656.0        464044.5        55005.0
300      116608.0        430652.5        54907.0
71       113536.0        356914.0        54078.5
98       116096.0        453559.5        53829.5
28       118016.0        453410.0        53372.0
412      121984.0        429168.0        52812.0
266      112896.0        419865.0        52351.5
30       108544.0        449365.0        52253.0
440      112128.0        450393.5        51979.0
316      109440.0        358756.0        51769.5
7        109312.0        349505.5        51754.5
389      111360.0        451009.0        51749.5
238      110720.0        450012.5        51706.5
416      110336.0        401018.5        51611.5
67       118272.0        465507.0        51484.0
484      109568.0        452688.0        51156.0
277      111360.0        364887.0        51122.0
469      137984.0        494969.0        51068.0
         Server1  Server2
Offset                   
339     328627.8  82445.4
399      33126.7   8330.0
323       7679.9   1989.9
314       7615.3   1972.6
145       4750.7   1251.5
331       4609.2   1210.1
299       4301.4   1141.3
434       4242.3   1121.9
23        3421.6    915.4
235       3153.8    854.2
418       3015.3    813.8
327       2664.4    728.9
131       2631.1    717.3
16        2603.2    709.8
57        2564.0    700.0
151       2433.5    668.0
190       2432.5    668.6
290       2428.7    667.2
347       2420.4    659.5
4         2392.4    660.6
Winning offset:
[339]
2021-09-08 01:30:56.001122
2021-09-08 01:31:16.808027
0:00:20.806905
Exception ignored in: <function Capture.__del__ at 0x7fbed99335e0>
Traceback (most recent call last):
  File "/home/mlipp/.virtualenvs/kaslr/lib/python3.8/site-packages/pyshark/capture/capture.py", line 445, in __del__
  File "/home/mlipp/.virtualenvs/kaslr/lib/python3.8/site-packages/pyshark/capture/capture.py", line 436, in close
  File "/usr/lib/python3.8/asyncio/base_events.py", line 592, in run_until_complete
  File "/usr/lib/python3.8/asyncio/base_events.py", line 553, in _check_running
AttributeError: 'NoneType' object has no attribute '_get_running_loop'
