Loading page file profiles/lab06/pages/0x2a44b.yaml
Loading page file profiles/lab06/pages/0x2a460.yaml
Loading page file profiles/lab06/pages/0x2a4e3.yaml
Loading page file profiles/lab06/pages/0x2a4e5.yaml
Loading page file profiles/lab06/pages/0x2a800.yaml
Loading page file profiles/lab06/pages/0x2a804.yaml
Loading page file profiles/lab06/pages/0x2a805.yaml
RUN
Round 0
Round 1
Empty DataFrame
Columns: [Timestamp, TS First Frame, TS Prev Frame]
Index: []
         Server1  Server2
Offset                   
339     290360.5  72949.0
183       5898.0   1540.5
150       5660.0   1483.5
227       5575.0   1463.0
370       5568.0   1455.5
209       5470.5   1438.5
395       5406.5   1421.5
300       5352.5   1406.5
184       3418.5    915.5
287       3118.5    832.0
144       3093.0    829.5
446       3090.0    824.0
299       3033.0    813.5
437       2872.0    780.0
175       2871.5    778.0
309       2835.0    768.0
80        2833.5    772.0
379       2723.0    744.0
392       2722.0    731.0
176       2675.0    736.5
Round 2
        Timestamp  TS First Frame  TS Prev Frame
Offset                                          
195      178304.0        301394.5       119267.0
143      181248.0       6112729.5       103222.5
504      208000.0      12365640.5        99469.0
276      180992.0      11050212.5        98541.0
343      160384.0       7109684.5        97461.5
54       160000.0      15005756.5        95987.5
91       151296.0       1961729.0        92459.5
342      174848.0      11974171.5        88285.5
16       168704.0      10774167.0        85894.0
277      166528.0      11168591.0        83552.0
401      143616.0       1171298.5        81820.5
217      185344.0       4485914.0        79711.0
27       133888.0        433631.0        76069.5
291      140928.0        486647.0        75010.0
402      138240.0       5651445.0        74290.5
443      171264.0       1252110.0        73541.5
173      130304.0        375585.5        73289.5
335      129408.0        374717.5        73159.0
385      157440.0       3622724.5        73061.0
319      136704.0        306886.5        72986.0
              Server1       Server2
Offset                             
339     335684.000000  84248.666667
183       4604.666667   1215.666667
227       4376.666667   1163.333333
370       4354.666667   1151.333333
150       4305.000000   1144.666667
300       4137.333333   1100.666667
395       4131.000000   1100.333333
209       4129.666667   1097.000000
438       4100.000000   1089.666667
295       3774.666667   1004.000000
443       3033.000000    821.666667
184       2980.333333    806.666667
239       2794.000000    757.000000
299       2780.000000    752.333333
144       2764.333333    748.666667
446       2752.666667    740.666667
462       2690.333333    731.666667
30        2669.666667    723.000000
287       2626.000000    711.666667
427       2623.666667    715.333333
Round 3
        Timestamp  TS First Frame  TS Prev Frame
Offset                                          
339      220032.0        586323.0       159311.0
255      215168.0      10198537.0       127451.5
445      208768.0      27177930.5       110608.0
504      208000.0      12365640.5        99469.0
276      180992.0      11050212.5        98541.0
143      155904.0        449172.0        97868.0
343      160384.0       7109684.5        97461.5
100      185856.0      15079925.0        97314.5
54       160000.0      15005756.5        95987.5
230      149760.0       1216497.5        91829.0
233      176256.0      11428470.0        88994.5
16       168704.0      10774167.0        85894.0
377      165632.0       9179300.5        83712.5
376      144640.0      11612639.5        83296.5
217      185344.0       4485914.0        79711.0
485      144640.0       1236568.5        79410.0
38       142080.0      11648769.5        78696.5
227      140800.0        464311.0        78418.0
35       137472.0       1296667.5        77693.0
301      139520.0        481243.5        76512.5
          Server1   Server2
Offset                     
339     345890.25  86796.25
201       9355.50   2412.00
139       4642.50   1259.00
183       3888.50   1036.75
150       3712.25    992.75
227       3679.25    985.75
370       3678.00    982.75
300       3550.25    953.75
209       3529.00    945.75
438       3504.50    940.00
395       3475.00    934.50
295       3280.25    879.50
184       2699.00    735.00
443       2617.75    715.50
220       2604.50    721.50
144       2591.25    706.00
462       2545.75    696.75
299       2462.75    674.25
446       2451.25    666.50
239       2446.50    671.75
Round 4
        Timestamp  TS First Frame  TS Prev Frame
Offset                                          
339      220032.0        586323.0       159311.0
445      208768.0      27177930.5       110608.0
143      155904.0        449172.0        97868.0
485      153600.0        399479.0        97562.0
343      157440.0        511645.0        93763.0
257      183680.0       3243995.0        93090.0
219      188416.0       3795074.5        90903.5
223      154752.0       1380166.0        87237.0
54       152064.0        689991.0        85110.0
377      165632.0       9179300.5        83712.5
38       142080.0      11648769.5        78696.5
227      140800.0        464311.0        78418.0
301      139520.0        481243.5        76512.5
429      133888.0        379760.0        74953.5
193      134528.0        429318.5        73345.0
472      130304.0        373773.5        73168.0
385      157440.0       3622724.5        73061.0
360      156672.0        507249.5        72757.5
330      151040.0       2398808.5        66990.0
164      147200.0        563084.5        65394.5
         Server1  Server2
Offset                   
339     330248.4  82890.2
201       7821.2   2027.0
139       4005.2   1091.2
183       3614.2    966.2
370       3357.2    902.4
227       3335.0    899.0
209       3308.6    890.6
150       3288.4    884.8
395       3252.8    877.2
300       3161.4    854.2
438       3130.8    846.4
295       3007.2    810.2
462       2676.0    728.8
184       2581.4    705.6
178       2580.8    705.0
343       2545.6   2065.2
34        2535.4    688.2
144       2531.4    688.6
120       2440.6    665.2
443       2413.4    663.2
Round 5
        Timestamp  TS First Frame  TS Prev Frame
Offset                                          
339      223744.0        572376.0       162852.0
219      219136.0       7086829.0       123232.0
38       177920.0       2251289.0       108912.0
445      183808.0      22922410.0        92892.0
240      159872.0        543743.5        78766.0
343      139776.0        487397.0        78673.5
143      155264.0        425339.0        73461.5
485      131072.0        385177.0        73138.0
198      135680.0       1229226.5        73125.0
385      157440.0       3622724.5        73061.0
360      156672.0        507249.5        72757.5
257      177664.0       2146706.0        71610.0
54       129920.0        522227.0        67196.5
330      151040.0       2398808.5        66990.0
227      134144.0        424838.5        64639.0
201      136960.0        484329.0        64348.0
444      120576.0        365290.0        62724.0
441      116224.0        411672.0        60095.0
233      116736.0        456843.0        60045.0
319      120192.0        402796.5        59561.0
              Server1       Server2
Offset                             
339     315185.666667  79128.500000
201       6803.333333   1771.000000
139       3643.166667    994.833333
343       3373.833333   2051.166667
183       3365.000000    902.833333
114       3209.000000    867.166667
370       3187.000000    859.500000
441       3173.333333    855.166667
150       3051.166667    824.166667
209       3033.833333    821.500000
227       3019.000000    817.000000
395       2953.833333    800.000000
438       2915.166667    791.000000
300       2909.500000    789.500000
295       2824.833333    765.333333
462       2549.333333    696.500000
34        2524.666667    686.500000
184       2480.833333    680.000000
178       2480.333333    678.166667
144       2460.666667    672.000000
Round 6
        Timestamp  TS First Frame  TS Prev Frame
Offset                                          
339      210048.0        549268.5       148672.5
343      176128.0        614120.0        90920.0
219      188416.0       3795074.5        90903.5
485      152576.0        399479.0        90184.0
445      157184.0      22969308.0        74941.0
444      120576.0        397877.0        62724.0
82       135936.0        451149.0        61058.0
201      128512.0        482565.5        60995.5
166      133504.0        546371.5        59255.5
441      113664.0        451242.0        58955.0
25       128768.0        457808.0        58725.0
432      126720.0        468973.0        58672.0
38       120832.0        455739.0        58568.0
176      116480.0        457160.0        58518.0
158      122368.0        468901.5        57447.5
402      115200.0        366799.0        57324.0
368      154624.0        398725.0        57256.0
360      155136.0        448770.0        57071.0
429      138880.0        434104.5        56594.0
319      121344.0        445906.0        56360.0
              Server1       Server2
Offset                             
339     308558.428571  77465.000000
201       6123.285714   1599.000000
336       3767.571429   1007.285714
139       3377.714286    924.571429
183       3200.714286    859.857143
343       3169.285714   1835.571429
370       3100.000000    837.714286
441       3045.285714    823.142857
114       3039.714286    823.285714
227       2936.000000    795.857143
209       2895.285714    786.714286
150       2865.000000    776.857143
438       2769.714286    753.571429
395       2745.142857    747.571429
300       2736.000000    746.285714
295       2701.285714    732.571429
462       2501.857143    685.428571
120       2460.285714    668.714286
144       2452.428571    669.857143
178       2449.714286    671.142857
Round 7
        Timestamp  TS First Frame  TS Prev Frame
Offset                                          
339      196352.0        526161.0       134493.0
343      176128.0        614120.0        90920.0
485      152576.0        399479.0        90184.0
444      120576.0        397877.0        62724.0
166      141824.0        575809.0        60001.0
429      154880.0        466270.0        59540.0
38       120832.0        455739.0        58568.0
201      136960.0        484329.0        57643.0
402      115200.0        366799.0        57324.0
182      115840.0        360650.5        57269.5
445      130560.0      22922410.0        56990.0
87       120832.0        419383.0        56156.0
104      115968.0        364402.0        55780.0
299      113280.0        405778.0        55698.0
455      115200.0        456751.5        55151.0
82       122368.0        421285.5        55017.0
441      113280.0        409424.5        54999.5
219      134144.0       1065125.5        54797.0
482      113152.0        404404.0        54731.5
90       120448.0        460594.5        54670.5
           Server1    Server2
Offset                       
339     291348.750  73154.250
201       5649.625   1478.250
336       3517.750    944.375
139       3177.250    870.625
183       3074.000    830.500
343       3020.875   1674.875
370       3009.375    815.375
441       2898.750    785.625
114       2873.500    781.125
227       2784.000    756.875
209       2749.625    751.000
150       2748.000    748.000
438       2660.125    725.375
395       2639.000    720.375
295       2619.625    712.625
300       2601.750    711.750
462       2471.875    678.500
144       2413.000    660.500
178       2412.375    661.375
162       2406.875    660.250
Round 8
        Timestamp  TS First Frame  TS Prev Frame
Offset                                          
339      196352.0        525683.0       134493.0
343      176128.0        614120.0        90920.0
485      153088.0       1259681.0        69449.0
330      154368.0        654547.5        68731.5
82       132864.0        451149.0        61058.0
257      166528.0       1319960.5        60456.0
166      125184.0        484373.0        58510.0
240      155392.0        512039.0        57332.0
182      115840.0        360650.5        57269.5
445      115968.0       1748914.0        56990.0
335      117888.0        379612.0        56915.0
402      115456.0        365732.5        56653.0
303      120320.0        453845.0        56329.0
87       120832.0        419383.0        56156.0
104      116224.0        405072.0        55835.0
299      114048.0       1035885.5        55748.5
201      145280.0        488098.5        55610.5
334      136320.0       1064680.5        55520.5
7        115712.0        468299.0        55109.0
139      116224.0        407637.0        54949.0
              Server1       Server2
Offset                             
339     285238.888889  71623.222222
477      36390.777778   9146.333333
201       5246.777778   1376.666667
336       3348.777778    901.111111
139       3031.444444    832.666667
183       2982.444444    807.777778
370       2898.777778    788.000000
343       2853.555556   1537.888889
114       2779.555556    757.888889
441       2778.555556    756.000000
227       2660.000000    725.444444
150       2652.111111    724.333333
209       2635.000000    722.333333
295       2592.444444    704.555556
438       2550.111111    698.111111
300       2533.555556    694.666667
395       2517.444444    689.555556
462       2434.222222    669.222222
144       2377.777778    652.555556
178       2364.777778    649.111111
Round 9
        Timestamp  TS First Frame  TS Prev Frame
Offset                                          
339      196352.0        525683.0       134493.0
343      157440.0        511645.0        88077.0
82       132864.0        451149.0        61058.0
257      166528.0       1319960.5        60456.0
445      115968.0       1748914.0        56990.0
335      117888.0        379612.0        56915.0
402      115456.0        365732.5        56653.0
303      120320.0        453845.0        56329.0
182      115200.0        361005.0        55859.0
104      116224.0        405072.0        55835.0
299      114048.0       1035885.5        55748.5
334      136320.0       1064680.5        55520.5
7        115712.0        468299.0        55109.0
174      123392.0        403824.0        55012.0
139      116224.0        407637.0        54949.0
484      128256.0        470166.0        54656.0
94       136960.0        480843.0        54619.0
240      134912.0        502901.0        54396.0
166      120576.0        470867.0        54218.0
393      113792.0        406115.0        54102.0
         Server1  Server2
Offset                   
339     282068.6  70841.9
477      32932.8   8282.6
201       4901.5   1289.3
336       3190.2    859.7
139       2941.0    808.0
183       2921.6    791.9
370       2799.3    762.5
343       2747.2   1435.4
114       2736.2    746.6
441       2692.2    733.6
150       2589.9    708.0
295       2563.8    697.5
227       2563.2    700.6
209       2550.1    700.1
438       2470.6    678.1
300       2443.0    672.0
395       2420.2    664.6
462       2392.8    658.9
144       2364.3    649.4
162       2357.1    648.3
Winning offset:
[339]
2021-09-08 01:31:19.188270
2021-09-08 01:31:40.957827
0:00:21.769557
Exception ignored in: <function Capture.__del__ at 0x7fabbf1c35e0>
Traceback (most recent call last):
  File "/home/mlipp/.virtualenvs/kaslr/lib/python3.8/site-packages/pyshark/capture/capture.py", line 445, in __del__
  File "/home/mlipp/.virtualenvs/kaslr/lib/python3.8/site-packages/pyshark/capture/capture.py", line 436, in close
  File "/usr/lib/python3.8/asyncio/base_events.py", line 592, in run_until_complete
  File "/usr/lib/python3.8/asyncio/base_events.py", line 553, in _check_running
AttributeError: 'NoneType' object has no attribute '_get_running_loop'
