Loading page file profiles/lab06/pages/0x2a44b.yaml
Loading page file profiles/lab06/pages/0x2a460.yaml
Loading page file profiles/lab06/pages/0x2a4e3.yaml
Loading page file profiles/lab06/pages/0x2a4e5.yaml
Loading page file profiles/lab06/pages/0x2a800.yaml
Loading page file profiles/lab06/pages/0x2a804.yaml
Loading page file profiles/lab06/pages/0x2a805.yaml
RUN
Round 0
Round 1
Empty DataFrame
Columns: [Timestamp, TS First Frame, TS Prev Frame]
Index: []
         Server1  Server2
Offset                   
339     246625.5  62052.5
429      32657.0   8244.5
326       7811.5   2329.5
432       4281.0   1127.0
187       3340.0    895.0
148       3249.5    871.5
384       3125.5    844.5
296       3000.5    812.0
183       2971.5    804.5
289       2925.0    793.0
144       2907.5    786.5
324       2906.5    782.0
316       2848.0    767.0
503       2814.0    760.5
446       2799.0    758.0
120       2789.0    758.5
39        2767.5    751.0
470       2764.5    754.0
502       2663.5    731.5
74        2595.0    706.5
Round 2
        Timestamp  TS First Frame  TS Prev Frame
Offset                                          
339      212096.0        767444.5       110940.5
391      221568.0       5849610.0       102198.0
99       180096.0      14559346.0        95214.5
443      179328.0      12265068.5        90012.0
484      191360.0      12647792.5        87949.0
345      186624.0       6099663.0        85543.5
209      152704.0      12202854.5        84404.0
266      145920.0       1318674.5        84107.0
510      162560.0      11108468.0        82513.5
204      170880.0      12579046.0        81979.5
502      162048.0       7903509.0        79368.5
122      160000.0       7941628.0        79099.5
429      157824.0       3259720.5        75287.5
59       134656.0       1213700.5        74873.0
241      134528.0       1641778.0        74520.5
83       132096.0        687212.5        73694.5
362      147712.0       3251665.0        73546.0
229      143616.0        438907.5        73408.5
75       154624.0       5612757.5        73132.0
210      130816.0        428599.5        73043.0
              Server1       Server2
Offset                             
339     247068.666667  62197.666667
429      22362.000000   5665.000000
31       12426.333333   3183.333333
444      10545.333333   2719.000000
326       5844.333333   1735.000000
432       3577.666667    954.666667
148       2890.000000    782.333333
187       2858.666667    774.666667
384       2815.333333    768.666667
296       2787.000000    757.333333
183       2707.333333    737.666667
144       2588.000000    710.000000
503       2580.666667    706.666667
289       2569.666667    707.666667
377       2535.000000    695.666667
324       2510.333333    687.666667
446       2487.666667    683.333333
470       2484.333333    684.000000
39        2482.666667    682.666667
316       2438.333333    663.333333
Round 3
        Timestamp  TS First Frame  TS Prev Frame
Offset                                          
218      216960.0       2189232.0       133447.0
339      210688.0        561846.0       116088.0
242      197376.0      12154876.5       114910.5
126      200960.0      12162719.5       114453.5
391      221568.0       5849610.0       102198.0
98       157952.0        654106.0        98019.0
234      159488.0        647439.5        97881.5
159      152960.0        448605.0        92634.0
197      169216.0       2127759.0        91067.0
330      154624.0       9581022.0        90877.0
153      151040.0        397484.0        90215.0
165      153344.0        496587.0        89712.0
484      191360.0      12647792.5        87949.0
64       173824.0      11822287.5        86730.5
345      186624.0       6099663.0        85543.5
34       148224.0       1191186.0        84179.0
266      145920.0       1318674.5        84107.0
296      144768.0       1279317.0        83681.0
381      146432.0        718479.0        82680.5
510      162560.0      11108468.0        82513.5
          Server1   Server2
Offset                     
339     264554.75  66549.75
429      17199.50   4371.50
31        9786.00   2520.25
444       8324.50   2157.25
9         8257.00   2139.50
11        6130.50   1599.50
508       6050.50   1586.25
326       4813.25   1422.75
432       3150.50    846.75
296       2943.00    797.50
384       2674.00    736.00
187       2641.50    722.75
148       2632.25    717.00
503       2586.25    710.50
144       2565.25    706.25
183       2542.25    695.00
510       2490.75    692.50
212       2432.50    668.75
289       2418.00    669.00
323       2409.75    662.25
Round 4
        Timestamp  TS First Frame  TS Prev Frame
Offset                                          
20       233856.0        588842.0       152019.5
339      210688.0        561846.0       116088.0
9        168576.0       1388069.5        95595.5
126      154368.0        403759.0        94133.0
330      154624.0       9581022.0        90877.0
153      151040.0        397484.0        90215.0
165      153344.0        496587.0        89712.0
140      151552.0        493185.0        88338.0
223      154368.0       8676148.0        86249.0
204      170880.0       1224754.5        85037.5
266      140672.0        425009.5        79703.0
142      156288.0        454549.5        79474.5
315      134144.0       1219661.5        76863.0
197      162176.0       1314891.5        73992.0
457      145664.0        439668.5        73856.0
98       161024.0        580381.5        73543.5
402      155136.0       1319599.0        73148.0
267      133504.0        426761.5        73141.0
427      131200.0        482236.0        72863.5
371      155136.0        400428.0        69245.0
         Server1  Server2
Offset                   
339     256760.4  64568.8
429      14099.4   3594.6
31        8120.2   2100.2
444       7073.6   1842.8
9         6955.6   1810.4
11        5252.4   1377.4
508       5200.6   1369.4
326       4312.8   1265.8
87        3418.8    958.2
432       2953.4    798.4
296       2765.6    753.2
384       2557.4    707.2
183       2524.8    692.4
148       2474.4    675.6
187       2472.6    678.8
503       2470.6    681.2
164       2465.6    678.2
144       2436.6    672.0
176       2411.6    668.2
212       2352.4    649.6
Round 5
        Timestamp  TS First Frame  TS Prev Frame
Offset                                          
339      202496.0        545379.0       123090.0
126      198400.0       1274119.0       114453.5
402      163328.0        599679.0        97943.0
9        168576.0       1388069.5        95595.5
223      154368.0       8676148.0        86249.0
204      170880.0       1224754.5        85037.5
371      164864.0        500987.5        83716.5
266      140672.0        425009.5        79703.0
510      148352.0        492050.0        76890.0
181      137728.0        511391.5        76371.5
98       161024.0        580381.5        73543.5
153      132096.0        427886.0        73502.5
165      135168.0        476877.5        73043.5
174      129536.0        375189.0        71537.5
330      154624.0       4990175.0        70064.5
320      132480.0        564291.0        69867.5
270      135552.0        483091.5        69169.0
20       123904.0        365325.0        64701.0
170      136192.0        481749.0        64631.0
499      124800.0        390816.5        63498.5
              Server1       Server2
Offset                             
339     248265.666667  62425.000000
429      12009.000000   3069.166667
31        7045.500000   1829.000000
444       6152.166667   1610.166667
9         6111.666667   1597.666667
11        4660.000000   1227.666667
508       4645.333333   1229.166667
326       3929.666667   1149.500000
87        3181.666667    892.166667
432       2767.666667    751.000000
296       2595.833333    711.166667
183       2520.500000    692.333333
501       2489.000000    681.000000
384       2474.000000    685.333333
187       2440.333333    670.333333
144       2422.833333    668.666667
148       2421.166667    662.500000
503       2393.833333    662.000000
164       2373.000000    656.833333
176       2354.000000    656.333333
Round 6
        Timestamp  TS First Frame  TS Prev Frame
Offset                                          
339      194304.0        528912.0       116088.0
98       164096.0        654106.0        98019.0
266      140672.0        451604.5        76557.0
9        134016.0        565260.0        75586.5
126      134784.0        383417.0        75146.5
402      158976.0        623685.5        73523.5
153      147456.0        472395.5        73502.5
371      155136.0        458869.0        69245.0
270      135552.0        483091.5        69169.0
320      135168.0        476314.0        68903.0
476      129024.0        503704.0        63217.0
62       120448.0        373218.0        61667.0
374      121088.0        369175.0        61275.0
315      137856.0        537998.5        60257.0
2        123392.0        470715.0        60224.0
329      120832.0        372081.0        59976.0
210      122880.0        456252.0        59090.0
411      123136.0        471987.0        58941.0
181      137600.0        487264.5        58804.0
269      137344.0        430799.0        58702.0
              Server1       Server2
Offset                             
339     267617.142857  68250.714286
429      10552.428571   2702.714286
31        6296.857143   1641.857143
9         5497.571429   1441.428571
444       5496.857143   1445.428571
11        4267.000000   1130.571429
508       4235.857143   1127.000000
173       3801.142857   1016.428571
326       3585.000000   1049.000000
87        3078.428571    862.285714
432       2659.714286    723.857143
384       2541.142857    700.857143
183       2518.857143    692.714286
296       2484.142857    683.857143
144       2468.000000    680.857143
466       2436.857143    671.000000
501       2428.428571    665.714286
187       2421.714286    667.000000
503       2402.142857    665.000000
290       2387.142857    661.714286
Round 7
        Timestamp  TS First Frame  TS Prev Frame
Offset                                          
339      189568.0        522215.5       113187.0
98       164096.0        654106.0        98019.0
266      147968.0        452920.0        79806.0
9        134016.0        565260.0        75586.5
126      134784.0        383417.0        75146.5
153      147456.0        472395.5        73502.5
270      135552.0        483091.5        69169.0
371      135936.0        494626.0        65144.0
62       123904.0        376098.0        63348.0
476      129024.0        503704.0        63217.0
374      121088.0        369175.0        61275.0
218      155392.0       2046605.0        61111.0
320      132480.0        467514.0        60511.0
2        123392.0        470715.0        60224.0
141      123264.0        544446.0        59907.0
411      121344.0        495027.0        59367.0
210      120320.0        460798.5        59021.0
499      121088.0        377225.0        58878.0
181      137600.0        487264.5        58804.0
417      114432.0        450093.0        58722.0
           Server1    Server2
Offset                       
339     292477.000  74346.875
429       9447.375   2426.750
31        5713.250   1493.875
444       5029.375   1328.750
9         5007.500   1317.875
11        4045.250   1082.125
508       3924.625   1048.375
173       3551.250    953.875
326       3426.000    998.625
87        2934.625    822.875
432       2561.500    699.750
290       2560.250    705.125
183       2513.625    692.125
384       2513.000    693.750
144       2446.750    676.750
296       2421.125    668.750
503       2417.750    669.125
501       2413.625    662.750
148       2406.625    666.500
187       2365.750    653.875
Round 8
        Timestamp  TS First Frame  TS Prev Frame
Offset                                          
339      194304.0        515519.0       116088.0
266      147968.0        452920.0        79806.0
98       161024.0        580381.5        73543.5
371      154368.0        495651.0        69245.0
270      135552.0        483091.5        69169.0
153      143872.0        459853.0        64826.0
62       123904.0        376098.0        63348.0
374      120064.0        366811.5        61177.5
499      119680.0        375696.0        59940.0
9        120064.0        456869.0        59915.0
508      117248.0        465072.0        59660.0
353      118272.0        462918.0        59509.0
126      116224.0        403759.0        59470.0
500      120448.0        455967.5        59305.0
417      117376.0        423475.5        59160.5
210      120320.0        460798.5        59021.0
237      118784.0        485100.0        58951.0
411      123136.0        471987.0        58941.0
2        122880.0        469848.0        58741.0
494      127744.0        400442.0        58696.0
              Server1       Server2
Offset                             
339     287173.555556  72928.888889
423      39627.444444   9984.666667
429       8622.444444   2220.888889
416       6094.777778   1591.222222
31        5266.000000   1380.666667
444       4667.222222   1237.555556
9         4617.444444   1219.111111
110       4055.888889   1080.666667
11        3892.666667   1044.555556
508       3694.222222    990.222222
173       3368.777778    908.333333
326       3255.666667    946.666667
90        2913.000000    817.333333
87        2843.777778    798.222222
290       2546.777778    702.444444
296       2520.111111    694.000000
183       2489.666667    687.333333
432       2480.555556    680.444444
384       2433.666667    673.333333
144       2432.222222    673.111111
Round 9
        Timestamp  TS First Frame  TS Prev Frame
Offset                                          
339      191360.0        522215.5       122957.5
371      154368.0        495651.0        69245.0
153      143872.0        459853.0        64826.0
151      120576.0        454132.0        61955.0
374      120064.0        366811.5        61177.5
266      126976.0        453534.0        61098.0
24       119040.0        447325.0        60557.0
62       120448.0        415885.5        60384.5
9        120064.0        456869.0        59915.0
508      117248.0        465072.0        59660.0
255      128256.0        550468.0        59617.0
509      115200.0        455005.0        59593.0
500      120448.0        455967.5        59305.0
210      117760.0        456252.0        58825.0
417      114432.0        396858.0        58722.0
269      137344.0        456788.0        58702.0
496      116992.0        455419.0        58692.0
403      119808.0        413305.0        58637.0
165      118272.0        467650.0        58629.0
288      119296.0        364619.0        58610.0
         Server1  Server2
Offset                   
339     283487.7  71934.6
423      35870.7   9043.8
122      33420.7   8423.1
429       7936.8   2049.2
416       5677.4   1487.2
31        4907.3   1291.4
9         4392.9   1163.7
444       4389.0   1166.6
110       3864.0   1031.9
11        3694.1    993.9
508       3491.0    940.6
173       3187.2    862.2
326       3096.7    900.7
90        2794.1    785.5
87        2738.9    769.6
290       2547.4    702.6
197       2496.7    688.4
296       2450.2    676.9
183       2447.8    677.8
432       2447.2    673.3
Winning offset:
[339]
2021-09-08 01:36:01.799021
2021-09-08 01:36:23.608127
0:00:21.809106
Exception ignored in: <function Capture.__del__ at 0x7f1f3bbd65e0>
Traceback (most recent call last):
  File "/home/mlipp/.virtualenvs/kaslr/lib/python3.8/site-packages/pyshark/capture/capture.py", line 445, in __del__
  File "/home/mlipp/.virtualenvs/kaslr/lib/python3.8/site-packages/pyshark/capture/capture.py", line 436, in close
  File "/usr/lib/python3.8/asyncio/base_events.py", line 592, in run_until_complete
  File "/usr/lib/python3.8/asyncio/base_events.py", line 553, in _check_running
AttributeError: 'NoneType' object has no attribute '_get_running_loop'
