Loading page file profiles/lab06/pages/0x2a44b.yaml
Loading page file profiles/lab06/pages/0x2a460.yaml
Loading page file profiles/lab06/pages/0x2a4e3.yaml
Loading page file profiles/lab06/pages/0x2a4e5.yaml
Loading page file profiles/lab06/pages/0x2a800.yaml
Loading page file profiles/lab06/pages/0x2a804.yaml
Loading page file profiles/lab06/pages/0x2a805.yaml
RUN
Round 0
Round 1
Empty DataFrame
Columns: [Timestamp, TS First Frame, TS Prev Frame]
Index: []
         Server1  Server2
Offset                   
339     167511.0  42283.5
418       3368.5    900.0
207       3346.5    895.5
159       3087.0    831.5
274       2952.5    799.0
482       2902.5    789.0
212       2886.0    788.5
189       2860.5    808.0
469       2756.5    748.0
100       2712.5    740.0
28        2697.0    729.5
462       2688.0    728.5
365       2670.5    730.0
313       2664.0    730.5
489       2637.0    719.0
201       2627.0    721.0
240       2612.5    710.0
87        2608.0    710.5
244       2581.0    709.0
295       2570.5    698.0
Round 2
        Timestamp  TS First Frame  TS Prev Frame
Offset                                          
152      208000.0       6259878.5       129339.5
339      202368.0        497850.5       119715.5
415      196608.0       2006477.5       117568.5
66       186880.0       6135043.5       104214.0
258      183040.0       1218584.0        98510.0
155      187520.0      12045002.5        93566.5
12       168960.0      12337604.5        91700.5
421      174464.0      13558047.0        89369.0
390      152320.0        651267.5        89342.5
70       153344.0       1154436.5        88670.5
324      164608.0       2630553.0        88340.0
193      171008.0        670023.5        83356.5
51       169216.0        466129.5        82459.5
160      139136.0       1161114.0        79258.0
14       161920.0       7558468.5        79169.0
199      140928.0        910269.0        79033.0
209      175360.0       7196764.5        78097.0
300      157824.0        502579.0        77951.5
432      154112.0       2649563.5        75474.5
26       132352.0        380417.5        75417.0
              Server1       Server2
Offset                             
339     242006.333333  60867.333333
125       9064.333333   2347.000000
185       6940.666667   1807.000000
207       3088.333333    831.000000
418       2860.666667    775.666667
489       2828.666667    767.000000
104       2689.000000    725.666667
42        2660.666667    723.666667
274       2615.000000    710.666667
194       2597.333333    714.000000
212       2585.333333    711.666667
159       2582.666667    704.000000
482       2574.333333    703.666667
432       2564.666667    696.333333
208       2541.333333    706.333333
201       2505.666667    690.000000
283       2496.000000    683.333333
462       2492.666667    680.333333
121       2477.666667    682.000000
469       2468.333333    677.333333
Round 3
        Timestamp  TS First Frame  TS Prev Frame
Offset                                          
339      210688.0        455962.0       137849.0
138      220032.0       1358748.0       134088.0
331      215680.0      20197169.5       120784.5
415      196608.0       2006477.5       117568.5
66       186880.0       6135043.5       104214.0
32       215936.0       9754671.0       103945.5
370      198144.0       1307273.5       100014.5
192      174848.0      11695951.5        99627.0
258      183040.0       1218584.0        98510.0
155      187520.0      12045002.5        93566.5
363      179072.0      12092494.0        90712.0
70       153344.0       1154436.5        88670.5
465      173696.0      10993851.0        85482.0
204      179584.0      13998551.0        84742.5
263      147200.0       3210871.5        83802.5
193      171008.0        670023.5        83356.5
51       169216.0        466129.5        82459.5
278      147968.0        938243.5        81291.5
328      145408.0       1118293.0        81043.5
14       161920.0       7558468.5        79169.0
          Server1   Server2
Offset                     
339     241767.25  60796.00
125       7321.00   1910.50
185       5700.50   1492.50
364       3630.75   1005.50
104       2837.25    762.75
489       2712.75    740.50
207       2696.00    735.25
365       2602.25    713.00
418       2553.75    699.25
279       2501.00    685.50
274       2473.25    673.50
462       2446.75    668.25
42        2439.00    673.25
225       2433.50    669.00
194       2427.25    671.25
432       2408.25    660.00
402       2408.00    660.00
159       2385.25    656.00
468       2380.25    650.75
212       2377.25    661.00
Round 4
        Timestamp  TS First Frame  TS Prev Frame
Offset                                          
339      210688.0        455962.0       137849.0
138      220032.0       1358748.0       134088.0
331      215680.0      20197169.5       120784.5
32       215936.0       9754671.0       103945.5
485      169088.0       1319920.5       102032.0
370      198144.0       1307273.5       100014.5
473      154624.0        396210.0        97350.0
215      156928.0        669764.0        97191.0
204      179584.0      13998551.0        84742.5
263      147200.0       3210871.5        83802.5
51       169216.0        466129.5        82459.5
173      171136.0       2514181.0        80934.0
258      154624.0        500572.0        76952.0
323      157824.0        705930.0        76099.0
254      161664.0       7031526.5        75150.0
269      145024.0        491747.5        74839.0
344      153728.0        572612.0        73600.0
80       155904.0        577721.5        73489.0
160      126208.0        367464.0        69210.0
486      131968.0        479402.0        68241.5
         Server1  Server2
Offset                   
339     273573.8  68724.6
125       6243.0   1637.6
185       5007.0   1316.6
364       3291.0    913.4
104       2613.8    707.2
207       2570.0    702.6
473       2545.4    694.4
159       2530.6    691.2
489       2512.6    690.6
279       2470.8    678.6
334       2454.0    672.8
365       2423.4    668.2
418       2420.4    664.8
71        2417.4    663.0
274       2414.8    660.4
240       2358.2    647.4
462       2339.4    642.6
42        2321.8    644.2
313       2320.6    643.6
194       2315.2    643.0
Round 5
        Timestamp  TS First Frame  TS Prev Frame
Offset                                          
339      192512.0        439009.0       126393.0
269      155136.0        502434.0        97339.0
215      156928.0        669764.0        97191.0
51       169216.0        466129.5        82459.5
331      146944.0       9635843.0        78289.0
45       173568.0       8104957.0        76925.5
473      131328.0        422707.0        73218.0
250      128896.0        380142.0        69931.0
486      131968.0        479402.0        68241.5
258      147200.0        443387.0        62989.5
294      147456.0        567614.5        62689.0
109      120064.0        468017.0        62196.0
425      141568.0        495527.0        59904.0
22       122752.0        417229.5        59426.0
291      120576.0        369562.0        58711.0
264      118784.0        589653.0        58431.0
138      154112.0        498542.0        58036.0
390      120064.0        459494.5        57439.5
298      114688.0        414296.0        57392.5
139      120576.0        467119.0        57323.0
              Server1       Server2
Offset                             
339     303115.666667  76104.833333
285      51263.500000  12866.833333
125       5506.666667   1450.000000
185       4445.666667   1175.500000
364       3087.666667    859.166667
104       2505.166667    679.500000
117       2490.333333    684.833333
489       2473.500000    678.500000
159       2441.833333    669.333333
473       2435.333333    667.666667
365       2433.500000    670.833333
402       2416.333333    661.333333
334       2415.333333    663.333333
207       2397.833333    658.333333
418       2379.833333    654.000000
87        2353.500000    647.166667
71        2349.333333    646.333333
279       2346.500000    647.666667
240       2343.166667    644.166667
45        2334.000000    645.666667
Round 6
        Timestamp  TS First Frame  TS Prev Frame
Offset                                          
339      208640.0        453879.0       143930.0
331      146944.0       9635843.0        78289.0
364      143616.0        454614.0        75867.0
215      135040.0        563637.5        74005.0
250      133376.0        431660.5        69931.0
425      144896.0       1195330.5        67374.0
109      120064.0        468017.0        62196.0
258      147200.0        443387.0        60724.5
291      138240.0        434239.5        59874.0
22       119808.0        457316.0        58527.0
264      136960.0       1142018.5        58504.5
436      117760.0        459589.5        56750.0
223      115584.0        360669.0        56070.0
51       115840.0        456305.0        55878.5
357      141568.0        565048.5        55812.5
220      119680.0        362996.5        55500.5
14       116224.0        361009.0        55357.0
256      113920.0        452183.0        55246.0
52       113920.0        454306.0        54880.5
474      154880.0        397223.0        54849.0
              Server1       Server2
Offset                             
339     297872.857143  74784.857143
285      44187.142857  11099.857143
125       4988.714286   1318.714286
453       4258.857143   1130.285714
185       4108.428571   1090.142857
364       2929.142857    815.000000
291       2704.142857    748.714286
104       2635.000000    713.142857
422       2615.142857    708.714286
117       2425.428571    667.714286
207       2412.857143    662.571429
365       2411.000000    664.857143
473       2409.285714    661.857143
159       2382.428571    655.000000
402       2372.571429    652.571429
489       2371.857143    653.571429
87        2365.714286    650.714286
274       2344.428571    643.142857
194       2324.428571    641.714286
334       2317.571429    639.428571
Round 7
        Timestamp  TS First Frame  TS Prev Frame
Offset                                          
339      210688.0        455962.0       140045.0
364      148224.0        471520.0        78585.0
258      139776.0        500572.0        72422.0
250      133376.0        431660.5        69931.0
425      144896.0       1195330.5        67374.0
436      121600.0        459727.0        61300.0
109      120064.0        468017.0        61126.0
291      137984.0        434239.5        59874.0
98       138624.0        396358.0        59004.5
264      118784.0        589653.0        58431.0
483      119424.0        369731.0        58004.5
203      122368.0        453024.0        57418.5
223      115584.0        360669.0        56070.0
51       115840.0        456305.0        55878.5
357      141568.0        565048.5        55812.5
473      133120.0        452796.5        55270.5
45       137472.0       1963211.0        54771.0
22       119424.0        455050.0        54735.0
274      114176.0        361417.0        54612.0
485      122368.0        452361.0        54382.0
           Server1    Server2
Offset                       
339     293925.250  73795.500
285      38900.125   9779.250
125       4573.875   1213.125
453       3928.000   1046.250
185       3831.125   1020.000
452       3649.375    976.625
364       2817.000    784.375
291       2588.750    718.750
104       2541.875    689.750
422       2510.500    683.625
159       2415.375    662.875
207       2392.500    656.750
489       2381.875    654.500
386       2380.250    651.375
402       2373.000    652.375
365       2350.750    650.375
473       2337.250    644.375
117       2334.000    645.125
71        2318.875    640.875
194       2310.750    638.625
Round 8
        Timestamp  TS First Frame  TS Prev Frame
Offset                                          
339      208640.0        453879.0       138947.0
331      130944.0        428880.0        72859.5
250      133376.0        454037.5        69962.0
364      131968.0        421845.5        65412.0
258      139136.0        443387.0        60724.5
98       138624.0        396358.0        59004.5
264      118784.0        589653.0        58431.0
483      119424.0        369731.0        58004.5
223      115584.0        360669.0        56070.0
51       115840.0        456305.0        55878.5
425      128384.0        475869.0        55475.0
201      159232.0        599351.5        55107.0
109      120448.0        469495.5        55099.5
203      111104.0        452330.0        55084.0
474      120832.0        397223.0        54849.0
45       137472.0       1963211.0        54771.0
274      114176.0        361417.0        54612.0
472      115712.0        408944.0        54308.0
357      134400.0        502425.0        54038.0
291      119552.0        365022.0        53809.0
              Server1       Server2
Offset                             
339     327026.333333  82055.000000
198      44154.555556  11155.888889
285      34765.222222   8745.444444
344       6041.444444   1569.111111
125       4250.777778   1129.888889
185       3677.555556    982.111111
453       3677.111111    982.444444
452       3415.111111    916.333333
364       2688.666667    749.444444
291       2515.000000    699.444444
104       2473.333333    672.555556
422       2435.444444    664.666667
386       2367.333333    648.111111
159       2332.555556    642.444444
402       2324.777778    640.666667
207       2323.666667    639.888889
178       2313.111111    640.888889
489       2311.444444    637.333333
473       2298.000000    634.777778
290       2292.777778    636.777778
Round 9
        Timestamp  TS First Frame  TS Prev Frame
Offset                                          
339      210688.0        455962.0       140045.0
331      130944.0        428880.0        72859.5
250      133376.0        454037.5        69962.0
364      131968.0        421845.5        65412.0
258      139136.0        443387.0        60724.5
201      163328.0        638645.0        59236.0
264      118656.0        482876.5        56801.5
425      128384.0        475869.0        55475.0
109      120448.0        469495.5        55099.5
203      111104.0        452330.0        55084.0
45       138624.0        481443.0        54771.0
98       128768.0        396358.0        54647.5
274      114176.0        361417.0        54612.0
291      119552.0        365022.0        53809.0
147      154624.0        488992.0        53461.0
197      125184.0        453981.5        53117.5
474      118400.0        382169.5        53015.0
361      113920.0        408376.0        52847.5
51       113792.0        456305.0        52338.0
410      112384.0        364161.0        52321.0
         Server1  Server2
Offset                   
339     331020.9  83054.8
198      39891.6  10084.1
285      31457.9   7919.5
27        8440.6   2174.7
344       5632.5   1467.1
125       3989.9   1064.1
185       3505.4    938.3
453       3501.7    938.3
452       3284.8    883.6
364       2581.7    721.2
291       2423.2    675.4
104       2418.4    659.7
147       2407.2    661.0
365       2377.1    656.8
402       2376.4    653.2
422       2363.2    647.3
160       2328.2    645.2
386       2321.3    637.0
290       2311.2    640.6
89        2302.6    637.5
Winning offset:
[339]
2021-09-08 01:37:35.992823
2021-09-08 01:37:57.841269
0:00:21.848446
Exception ignored in: <function Capture.__del__ at 0x7fd1b90ff5e0>
Traceback (most recent call last):
  File "/home/mlipp/.virtualenvs/kaslr/lib/python3.8/site-packages/pyshark/capture/capture.py", line 445, in __del__
  File "/home/mlipp/.virtualenvs/kaslr/lib/python3.8/site-packages/pyshark/capture/capture.py", line 436, in close
  File "/usr/lib/python3.8/asyncio/base_events.py", line 592, in run_until_complete
  File "/usr/lib/python3.8/asyncio/base_events.py", line 553, in _check_running
AttributeError: 'NoneType' object has no attribute '_get_running_loop'
